ModuleCmd_Load.c(208):ERROR:105: Unable to locate a modulefile for 'ASHS_FASTB'
ASHS started at 11:26:22
ashs_main execution log
  timestamp:   Fri Sep 27 11:26:22 BST 2019
  invocation:  /home/ccn30/privatemodules/ASHS/ashs-fastashs_beta/bin/ashs_main.sh -I 28428/20190903_U-ID46074 -a /home/ccn30/privatemodules/ASHS/atlases/magdeburgatlas -g /lustre/scratch/wbic-beta/ccn30/ENCRYPT/gridcellpilot/raw_data/images/28428/20190903_U-ID46074/mp2rage/n4mag0000_PSIR_skulled_std_struc_brain.nii -f /lustre/scratch/wbic-beta/ccn30/ENCRYPT/gridcellpilot/raw_data/images/28428/20190903_U-ID46074/Series_033_Highresolution_TSE_PAT2_100/Series_033_Highresolution_TSE_PAT2_100_c32.nii -w /lustre/scratch/wbic-beta/ccn30/ENCRYPT/gridcellpilot/preprocessed_data/segmentation/28428
  directory:   /lustre/scratch/wbic-beta/ccn30/ENCRYPT/gridcellpilot/preprocessed_data/segmentation/28428
  environment:
    ASHS_MPRAGE=/lustre/scratch/wbic-beta/ccn30/ENCRYPT/gridcellpilot/raw_data/images/28428/20190903_U-ID46074/mp2rage/n4mag0000_PSIR_skulled_std_struc_brain.nii
    ASHS_ROOT=/home/ccn30/privatemodules/ASHS/ashs-fastashs_beta
    ASHS_SUBJID=28428/20190903_U-ID46074
    ASHS_TSE=/lustre/scratch/wbic-beta/ccn30/ENCRYPT/gridcellpilot/raw_data/images/28428/20190903_U-ID46074/Series_033_Highresolution_TSE_PAT2_100/Series_033_Highresolution_TSE_PAT2_100_c32.nii
    ASHS_WORK=/lustre/scratch/wbic-beta/ccn30/ENCRYPT/gridcellpilot/preprocessed_data/segmentation/28428
Atlas    : /home/ccn30/privatemodules/ASHS/atlases/magdeburgatlas
T1 Image : /lustre/scratch/wbic-beta/ccn30/ENCRYPT/gridcellpilot/raw_data/images/28428/20190903_U-ID46074/mp2rage/n4mag0000_PSIR_skulled_std_struc_brain.nii
T2 Image : /lustre/scratch/wbic-beta/ccn30/ENCRYPT/gridcellpilot/raw_data/images/28428/20190903_U-ID46074/Series_033_Highresolution_TSE_PAT2_100/Series_033_Highresolution_TSE_PAT2_100_c32.nii
WorkDir  : /lustre/scratch/wbic-beta/ccn30/ENCRYPT/gridcellpilot/preprocessed_data/segmentation/28428
Not using SGE or GNU parallel
****************************************
Starting stage 1: Normalization to T1 population template
****************************************
[0;36m
-------------------  INFO  ---------------------
Started stage 1: Normalization to T1 population 
template
------------------------------------------------
[0m
+ source /home/ccn30/privatemodules/ASHS/ashs-fastashs_beta/bin/ashs_lib.sh
++ source /home/ccn30/privatemodules/ASHS/ashs-fastashs_beta/bin/ashs_version.sh
+++ ASHS_VERSION_MAJOR=1
+++ ASHS_VERSION_MINOR=0
+++ ASHS_VERSION_PATCH=0
+++ ASHS_VERSION_NOTE=
+++ ASHS_VERSION_FULL=1.0.0
+++ ASHS_VERSION_DATE=20170915
+++ ASHS_OLDEST_COMPAT_DATE=20170810
++ source /home/ccn30/privatemodules/ASHS/ashs-fastashs_beta/bin/ashs_common_master.sh
+++ [[ ! -n /home/ccn30/privatemodules/ASHS/ashs-fastashs_beta ]]
++++ uname
+++ ARCH=Linux
+++ ASHS_BIN=/home/ccn30/privatemodules/ASHS/ashs-fastashs_beta/ext/Linux/bin
+++ ASHS_ANTS=/home/ccn30/privatemodules/ASHS/ashs-fastashs_beta/ext/Linux/bin/ants_1042
+++ ASHS_FSL=/home/ccn30/privatemodules/ASHS/ashs-fastashs_beta/ext/Linux/bin/fsl
++++ /home/ccn30/privatemodules/ASHS/ashs-fastashs_beta/ext/Linux/bin/c3d -version
++++ grep Version
+++ [[ ! -n Version 1.1.0 ]]
+++ PATH=/home/ccn30/privatemodules/ASHS/ashs-fastashs_beta/ext/Linux/bin:/home/ccn30/privatemodules/ASHS/ashs-fastashs_beta/ext/Linux/bin/ants_1042:/home/ccn30/privatemodules/ASHS/ashs-fastashs_beta/ext/Linux/bin/fsl:/home/ccn30/privatemodules/ASHS/ashs-fastashs_beta/ext/Linux/bin:/home/ccn30/privatemodules/ASHS/ashs-fastashs_beta/ext/Linux/bin/ants_1042:/home/ccn30/privatemodules/ASHS/ashs-fastashs_beta/ext/Linux/bin/fsl:/applications/itksnap/3.6.0/bin-cs:/applications/turbovnc/2.1/bin:/applications/virtualgl/2.5.1/bin:/applications/slurm/current/sbin:/applications/slurm/current/bin:/applications/texlive/2016/bin/x86_64-linux:/applications/openmpi/openmpi-3.0.0/bin:/applications/ImageJ/1.50:/applications/spm/spm12_6906:/applications/fsl/fsl-5.0.10/bin:/applications/matlab/matlab2016a/bin:/applications/hphi/bin:/usr/local/bin:/usr/bin:/bin:/usr/local/games:/usr/games:.
++ [[ ! /home/ccn30/privatemodules/ASHS/atlases/magdeburgatlas/ashs_user_config.sh == /home/ccn30/privatemodules/ASHS/ashs-fastashs_beta/bin/ashs_config.sh ]]
++ source /home/ccn30/privatemodules/ASHS/ashs-fastashs_beta/bin/ashs_config.sh
+++ ASHS_SIDES='left right'
+++ ASHS_MPRAGE_DENOISE=0
+++ ASHS_MPRAGE_SRUPSAMPLE=0
+++ ASHS_MPRAGE_SRUPSAMPLE_FACTOR='1 1 1'
+++ ASHS_TSE_DENOISE=0
+++ ASHS_TSE_SRUPSAMPLE=0
+++ ASHS_TSE_SRUPSAMPLE_FACTOR='1 1 1'
+++ ASHS_TSE_ISO_FACTOR=100x100x500%
+++ ASHS_TSE_ISO_REGION_CROP='20x20x0% 60x60x100%'
+++ ASHS_FLIRT_MULTIMODAL_OPTS='-searchrx -5 5 -searchry -5 5 -searchrz -5 5 -coarsesearch 3 -finesearch 1 -searchcost normmi'
+++ ASHS_TEMPLATE_ANTS_ITER=60x20x0
+++ ASHS_TEMPLATE_STAGES_TOTAL=4
+++ ASHS_TEMPLATE_STAGES_RIGID=1
+++ ASHS_TEMPLATE_ROI_DILATION=10x10x10vox
+++ ASHS_TEMPLATE_ROI_MARGIN=4x4x4vox
+++ ASHS_TEMPLATE_TARGET_RESOLUTION=0.4688x0.4688x0.4688mm
+++ ASHS_TEMPLATE_MASK_THRESHOLD=0.5
+++ ASHS_TARGET_ATLAS_FOR_HISTMATCH=0
+++ ASHS_HISTMATCH_CONTROLS=5
+++ ASHS_PAIRWISE_AFFINE_ITER=60x60x0
+++ ASHS_PAIRWISE_DEFORM_ITER=60x60x20
+++ ASHS_PAIRWISE_CROSSCORR_RADIUS=2x2x2
+++ ASHS_PAIRWISE_ANTS_STEPSIZE=0.25
+++ ASHS_PAIRWISE_ANTS_T1_WEIGHT=0
+++ ASHS_LABEL_SMOOTHING=0.24mm
+++ ASHS_MALF_STRATEGY='Joint[0.1,2]'
+++ ASHS_MALF_PATCHRAD=3x3x1
+++ ASHS_MALF_SEARCHRAD=3x3x1
+++ ASHS_MALF_PADDING=0x0x2
+++ ASHS_EC_DILATION=1
+++ ASHS_EC_TARGET_SAMPLES=100000
+++ ASHS_EC_DRYRUN_SAMPLE_RATE=0.01
+++ ASHS_EC_ITERATIONS=500
+++ ASHS_EC_PATCH_RADIUS=6x6x0
+++ ASHS_EC_MINIMUM_SAMPLES=100
+++ ASHS_EC_QSUB_EXTRA_OPTIONS=
++ source /home/ccn30/privatemodules/ASHS/atlases/magdeburgatlas/ashs_user_config.sh
+++ ASHS_TSE_ISO_FACTOR=100x100x252%
+++ ASHS_TEMPLATE_ANTS_ITER=60x60x20x0
+++ ASHS_TSE_ISO_REGION_CROP='10x10x0% 80x80x100%'
++ [[ -n '' ]]
+ cat
Script: ashs_template_qsub.sh
Root: /home/ccn30/privatemodules/ASHS/ashs-fastashs_beta
Working directory: /lustre/scratch/wbic-beta/ccn30/ENCRYPT/gridcellpilot/preprocessed_data/segmentation/28428
PATH: /home/ccn30/privatemodules/ASHS/ashs-fastashs_beta/ext/Linux/bin:/home/ccn30/privatemodules/ASHS/ashs-fastashs_beta/ext/Linux/bin/ants_1042:/home/ccn30/privatemodules/ASHS/ashs-fastashs_beta/ext/Linux/bin/fsl:/home/ccn30/privatemodules/ASHS/ashs-fastashs_beta/ext/Linux/bin:/home/ccn30/privatemodules/ASHS/ashs-fastashs_beta/ext/Linux/bin/ants_1042:/home/ccn30/privatemodules/ASHS/ashs-fastashs_beta/ext/Linux/bin/fsl:/applications/itksnap/3.6.0/bin-cs:/applications/turbovnc/2.1/bin:/applications/virtualgl/2.5.1/bin:/applications/slurm/current/sbin:/applications/slurm/current/bin:/applications/texlive/2016/bin/x86_64-linux:/applications/openmpi/openmpi-3.0.0/bin:/applications/ImageJ/1.50:/applications/spm/spm12_6906:/applications/fsl/fsl-5.0.10/bin:/applications/matlab/matlab2016a/bin:/applications/hphi/bin:/usr/local/bin:/usr/bin:/bin:/usr/local/games:/usr/games:.
  Skip Rigid: 
  Skip Ants: 
+ WFSL=/lustre/scratch/wbic-beta/ccn30/ENCRYPT/gridcellpilot/preprocessed_data/segmentation/28428/flirt_t2_to_t1
+ WANT=/lustre/scratch/wbic-beta/ccn30/ENCRYPT/gridcellpilot/preprocessed_data/segmentation/28428/ants_t1_to_temp
+ WAFF=/lustre/scratch/wbic-beta/ccn30/ENCRYPT/gridcellpilot/preprocessed_data/segmentation/28428/affine_t1_to_template
+ mkdir -p /lustre/scratch/wbic-beta/ccn30/ENCRYPT/gridcellpilot/preprocessed_data/segmentation/28428/ants_t1_to_temp /lustre/scratch/wbic-beta/ccn30/ENCRYPT/gridcellpilot/preprocessed_data/segmentation/28428/flirt_t2_to_t1 /lustre/scratch/wbic-beta/ccn30/ENCRYPT/gridcellpilot/preprocessed_data/segmentation/28428/affine_t1_to_template
+ TEMP_T1_FULL=/home/ccn30/privatemodules/ASHS/atlases/magdeburgatlas/template/template.nii.gz
+ TEMP_T1_MASK=/home/ccn30/privatemodules/ASHS/atlases/magdeburgatlas/template/template_bet_mask.nii.gz
+ ashs_subj_vars /lustre/scratch/wbic-beta/ccn30/ENCRYPT/gridcellpilot/preprocessed_data/segmentation/28428
+ local WORK=/lustre/scratch/wbic-beta/ccn30/ENCRYPT/gridcellpilot/preprocessed_data/segmentation/28428
+ local WANT=/lustre/scratch/wbic-beta/ccn30/ENCRYPT/gridcellpilot/preprocessed_data/segmentation/28428/ants_t1_to_temp
+ local WAFF=/lustre/scratch/wbic-beta/ccn30/ENCRYPT/gridcellpilot/preprocessed_data/segmentation/28428/affine_t1_to_template
+ local WFSL=/lustre/scratch/wbic-beta/ccn30/ENCRYPT/gridcellpilot/preprocessed_data/segmentation/28428/flirt_t2_to_t1
+ SUBJ_RAWMPRAGE=/lustre/scratch/wbic-beta/ccn30/ENCRYPT/gridcellpilot/preprocessed_data/segmentation/28428/mprage_raw.nii.gz
+ SUBJ_RAWTSE=/lustre/scratch/wbic-beta/ccn30/ENCRYPT/gridcellpilot/preprocessed_data/segmentation/28428/tse_raw.nii.gz
+ SUBJ_MPRAGE=/lustre/scratch/wbic-beta/ccn30/ENCRYPT/gridcellpilot/preprocessed_data/segmentation/28428/mprage.nii.gz
+ SUBJ_TSE=/lustre/scratch/wbic-beta/ccn30/ENCRYPT/gridcellpilot/preprocessed_data/segmentation/28428/tse.nii.gz
+ SUBJ_AFF_T2T1_MAT=/lustre/scratch/wbic-beta/ccn30/ENCRYPT/gridcellpilot/preprocessed_data/segmentation/28428/flirt_t2_to_t1/flirt_t2_to_t1.mat
+ SUBJ_AFF_T2T1_INVMAT=/lustre/scratch/wbic-beta/ccn30/ENCRYPT/gridcellpilot/preprocessed_data/segmentation/28428/flirt_t2_to_t1/flirt_t2_to_t1_inv.mat
+ SUBJ_AFF_T1TEMP_MAT=/lustre/scratch/wbic-beta/ccn30/ENCRYPT/gridcellpilot/preprocessed_data/segmentation/28428/affine_t1_to_template/t1_to_template_affine.mat
+ SUBJ_AFF_T1TEMP_INVMAT=/lustre/scratch/wbic-beta/ccn30/ENCRYPT/gridcellpilot/preprocessed_data/segmentation/28428/affine_t1_to_template/t1_to_template_affine_inv.mat
+ SUBJ_T1TEMP_WARP=/lustre/scratch/wbic-beta/ccn30/ENCRYPT/gridcellpilot/preprocessed_data/segmentation/28428/ants_t1_to_temp/greedy_t1_to_template_warp.nii.gz
+ SUBJ_T1TEMP_INVWARP=/lustre/scratch/wbic-beta/ccn30/ENCRYPT/gridcellpilot/preprocessed_data/segmentation/28428/ants_t1_to_temp/greedy_t1_to_template_invwarp.nii.gz
+ SUBJ_T1TEMP_TRAN='/lustre/scratch/wbic-beta/ccn30/ENCRYPT/gridcellpilot/preprocessed_data/segmentation/28428/ants_t1_to_temp/greedy_t1_to_template_warp.nii.gz /lustre/scratch/wbic-beta/ccn30/ENCRYPT/gridcellpilot/preprocessed_data/segmentation/28428/affine_t1_to_template/t1_to_template_affine.mat'
+ SUBJ_T1TEMP_INVTRAN='/lustre/scratch/wbic-beta/ccn30/ENCRYPT/gridcellpilot/preprocessed_data/segmentation/28428/affine_t1_to_template/t1_to_template_affine_inv.mat /lustre/scratch/wbic-beta/ccn30/ENCRYPT/gridcellpilot/preprocessed_data/segmentation/28428/ants_t1_to_temp/greedy_t1_to_template_invwarp.nii.gz'
+ SUBJ_T2TEMP_TRAN='/lustre/scratch/wbic-beta/ccn30/ENCRYPT/gridcellpilot/preprocessed_data/segmentation/28428/ants_t1_to_temp/greedy_t1_to_template_warp.nii.gz /lustre/scratch/wbic-beta/ccn30/ENCRYPT/gridcellpilot/preprocessed_data/segmentation/28428/affine_t1_to_template/t1_to_template_affine.mat /lustre/scratch/wbic-beta/ccn30/ENCRYPT/gridcellpilot/preprocessed_data/segmentation/28428/flirt_t2_to_t1/flirt_t2_to_t1_inv.mat'
+ SUBJ_T2TEMP_INVTRAN='/lustre/scratch/wbic-beta/ccn30/ENCRYPT/gridcellpilot/preprocessed_data/segmentation/28428/flirt_t2_to_t1/flirt_t2_to_t1.mat /lustre/scratch/wbic-beta/ccn30/ENCRYPT/gridcellpilot/preprocessed_data/segmentation/28428/affine_t1_to_template/t1_to_template_affine_inv.mat /lustre/scratch/wbic-beta/ccn30/ENCRYPT/gridcellpilot/preprocessed_data/segmentation/28428/ants_t1_to_temp/greedy_t1_to_template_invwarp.nii.gz'
+ SUBJ_AFF_T1TEMP_RESLICE=/lustre/scratch/wbic-beta/ccn30/ENCRYPT/gridcellpilot/preprocessed_data/segmentation/28428/affine_t1_to_template/t1_to_template_affine.nii.gz
+ [[ /lustre/scratch/wbic-beta/ccn30/ENCRYPT/gridcellpilot/raw_data/images/28428/20190903_U-ID46074/mp2rage/n4mag0000_PSIR_skulled_std_struc_brain.nii -nt /lustre/scratch/wbic-beta/ccn30/ENCRYPT/gridcellpilot/preprocessed_data/segmentation/28428/mprage_raw.nii.gz ]]
+ c3d /lustre/scratch/wbic-beta/ccn30/ENCRYPT/gridcellpilot/raw_data/images/28428/20190903_U-ID46074/mp2rage/n4mag0000_PSIR_skulled_std_struc_brain.nii -type short -o /lustre/scratch/wbic-beta/ccn30/ENCRYPT/gridcellpilot/preprocessed_data/segmentation/28428/mprage_raw.nii.gz
+ SUBJ_MPRAGE_DENOISE=/lustre/scratch/wbic-beta/ccn30/ENCRYPT/gridcellpilot/preprocessed_data/segmentation/28428/mprage_d.nii.gz
+ echo 'ASHS_MPRAGE_DENOISE = 0'
ASHS_MPRAGE_DENOISE = 0
+ [[ 0 == 1 ]]
+ cp /lustre/scratch/wbic-beta/ccn30/ENCRYPT/gridcellpilot/preprocessed_data/segmentation/28428/mprage_raw.nii.gz /lustre/scratch/wbic-beta/ccn30/ENCRYPT/gridcellpilot/preprocessed_data/segmentation/28428/mprage_d.nii.gz
+ [[ 0 == 1 ]]
+ cp /lustre/scratch/wbic-beta/ccn30/ENCRYPT/gridcellpilot/preprocessed_data/segmentation/28428/mprage_d.nii.gz /lustre/scratch/wbic-beta/ccn30/ENCRYPT/gridcellpilot/preprocessed_data/segmentation/28428/mprage.nii.gz
+ rm -f /lustre/scratch/wbic-beta/ccn30/ENCRYPT/gridcellpilot/preprocessed_data/segmentation/28428/mprage_d.nii.gz
+ [[ /lustre/scratch/wbic-beta/ccn30/ENCRYPT/gridcellpilot/raw_data/images/28428/20190903_U-ID46074/Series_033_Highresolution_TSE_PAT2_100/Series_033_Highresolution_TSE_PAT2_100_c32.nii -nt /lustre/scratch/wbic-beta/ccn30/ENCRYPT/gridcellpilot/preprocessed_data/segmentation/28428/tse_raw.nii.gz ]]
+ c3d /lustre/scratch/wbic-beta/ccn30/ENCRYPT/gridcellpilot/raw_data/images/28428/20190903_U-ID46074/Series_033_Highresolution_TSE_PAT2_100/Series_033_Highresolution_TSE_PAT2_100_c32.nii -type short -o /lustre/scratch/wbic-beta/ccn30/ENCRYPT/gridcellpilot/preprocessed_data/segmentation/28428/tse_raw.nii.gz
+ SUBJ_TSE_DENOISE=/lustre/scratch/wbic-beta/ccn30/ENCRYPT/gridcellpilot/preprocessed_data/segmentation/28428/tse_d.nii.gz
+ [[ 0 == 1 ]]
+ cp /lustre/scratch/wbic-beta/ccn30/ENCRYPT/gridcellpilot/preprocessed_data/segmentation/28428/tse_raw.nii.gz /lustre/scratch/wbic-beta/ccn30/ENCRYPT/gridcellpilot/preprocessed_data/segmentation/28428/tse_d.nii.gz
+ [[ 0 == 1 ]]
+ cp /lustre/scratch/wbic-beta/ccn30/ENCRYPT/gridcellpilot/preprocessed_data/segmentation/28428/tse_d.nii.gz /lustre/scratch/wbic-beta/ccn30/ENCRYPT/gridcellpilot/preprocessed_data/segmentation/28428/tse.nii.gz
+ rm -f /lustre/scratch/wbic-beta/ccn30/ENCRYPT/gridcellpilot/preprocessed_data/segmentation/28428/tse_d.nii.gz
+ ashs_align_t1t2 /lustre/scratch/wbic-beta/ccn30/ENCRYPT/gridcellpilot/preprocessed_data/segmentation/28428
+ local ASHS_WORK=/lustre/scratch/wbic-beta/ccn30/ENCRYPT/gridcellpilot/preprocessed_data/segmentation/28428
+ local OVERRIDE_MAT=
+ local OVERRIDE_MODE=
+ ashs_subj_vars /lustre/scratch/wbic-beta/ccn30/ENCRYPT/gridcellpilot/preprocessed_data/segmentation/28428
+ local WORK=/lustre/scratch/wbic-beta/ccn30/ENCRYPT/gridcellpilot/preprocessed_data/segmentation/28428
+ local WANT=/lustre/scratch/wbic-beta/ccn30/ENCRYPT/gridcellpilot/preprocessed_data/segmentation/28428/ants_t1_to_temp
+ local WAFF=/lustre/scratch/wbic-beta/ccn30/ENCRYPT/gridcellpilot/preprocessed_data/segmentation/28428/affine_t1_to_template
+ local WFSL=/lustre/scratch/wbic-beta/ccn30/ENCRYPT/gridcellpilot/preprocessed_data/segmentation/28428/flirt_t2_to_t1
+ SUBJ_RAWMPRAGE=/lustre/scratch/wbic-beta/ccn30/ENCRYPT/gridcellpilot/preprocessed_data/segmentation/28428/mprage_raw.nii.gz
+ SUBJ_RAWTSE=/lustre/scratch/wbic-beta/ccn30/ENCRYPT/gridcellpilot/preprocessed_data/segmentation/28428/tse_raw.nii.gz
+ SUBJ_MPRAGE=/lustre/scratch/wbic-beta/ccn30/ENCRYPT/gridcellpilot/preprocessed_data/segmentation/28428/mprage.nii.gz
+ SUBJ_TSE=/lustre/scratch/wbic-beta/ccn30/ENCRYPT/gridcellpilot/preprocessed_data/segmentation/28428/tse.nii.gz
+ SUBJ_AFF_T2T1_MAT=/lustre/scratch/wbic-beta/ccn30/ENCRYPT/gridcellpilot/preprocessed_data/segmentation/28428/flirt_t2_to_t1/flirt_t2_to_t1.mat
+ SUBJ_AFF_T2T1_INVMAT=/lustre/scratch/wbic-beta/ccn30/ENCRYPT/gridcellpilot/preprocessed_data/segmentation/28428/flirt_t2_to_t1/flirt_t2_to_t1_inv.mat
+ SUBJ_AFF_T1TEMP_MAT=/lustre/scratch/wbic-beta/ccn30/ENCRYPT/gridcellpilot/preprocessed_data/segmentation/28428/affine_t1_to_template/t1_to_template_affine.mat
+ SUBJ_AFF_T1TEMP_INVMAT=/lustre/scratch/wbic-beta/ccn30/ENCRYPT/gridcellpilot/preprocessed_data/segmentation/28428/affine_t1_to_template/t1_to_template_affine_inv.mat
+ SUBJ_T1TEMP_WARP=/lustre/scratch/wbic-beta/ccn30/ENCRYPT/gridcellpilot/preprocessed_data/segmentation/28428/ants_t1_to_temp/greedy_t1_to_template_warp.nii.gz
+ SUBJ_T1TEMP_INVWARP=/lustre/scratch/wbic-beta/ccn30/ENCRYPT/gridcellpilot/preprocessed_data/segmentation/28428/ants_t1_to_temp/greedy_t1_to_template_invwarp.nii.gz
+ SUBJ_T1TEMP_TRAN='/lustre/scratch/wbic-beta/ccn30/ENCRYPT/gridcellpilot/preprocessed_data/segmentation/28428/ants_t1_to_temp/greedy_t1_to_template_warp.nii.gz /lustre/scratch/wbic-beta/ccn30/ENCRYPT/gridcellpilot/preprocessed_data/segmentation/28428/affine_t1_to_template/t1_to_template_affine.mat'
+ SUBJ_T1TEMP_INVTRAN='/lustre/scratch/wbic-beta/ccn30/ENCRYPT/gridcellpilot/preprocessed_data/segmentation/28428/affine_t1_to_template/t1_to_template_affine_inv.mat /lustre/scratch/wbic-beta/ccn30/ENCRYPT/gridcellpilot/preprocessed_data/segmentation/28428/ants_t1_to_temp/greedy_t1_to_template_invwarp.nii.gz'
+ SUBJ_T2TEMP_TRAN='/lustre/scratch/wbic-beta/ccn30/ENCRYPT/gridcellpilot/preprocessed_data/segmentation/28428/ants_t1_to_temp/greedy_t1_to_template_warp.nii.gz /lustre/scratch/wbic-beta/ccn30/ENCRYPT/gridcellpilot/preprocessed_data/segmentation/28428/affine_t1_to_template/t1_to_template_affine.mat /lustre/scratch/wbic-beta/ccn30/ENCRYPT/gridcellpilot/preprocessed_data/segmentation/28428/flirt_t2_to_t1/flirt_t2_to_t1_inv.mat'
+ SUBJ_T2TEMP_INVTRAN='/lustre/scratch/wbic-beta/ccn30/ENCRYPT/gridcellpilot/preprocessed_data/segmentation/28428/flirt_t2_to_t1/flirt_t2_to_t1.mat /lustre/scratch/wbic-beta/ccn30/ENCRYPT/gridcellpilot/preprocessed_data/segmentation/28428/affine_t1_to_template/t1_to_template_affine_inv.mat /lustre/scratch/wbic-beta/ccn30/ENCRYPT/gridcellpilot/preprocessed_data/segmentation/28428/ants_t1_to_temp/greedy_t1_to_template_invwarp.nii.gz'
+ [[ -f /lustre/scratch/wbic-beta/ccn30/ENCRYPT/gridcellpilot/preprocessed_data/segmentation/28428/flirt_t2_to_t1/flirt_t2_to_t1.mat ]]
+ export FSLOUTPUTTYPE=NIFTI_GZ
+ FSLOUTPUTTYPE=NIFTI_GZ
+ c3d /lustre/scratch/wbic-beta/ccn30/ENCRYPT/gridcellpilot/preprocessed_data/segmentation/28428/tse.nii.gz -resample 100x100x252% -region 10x10x0% 80x80x100% -type short -o /tmp/ashs.ERtKutz4/tse_iso.nii.gz
+ [[ -n '' ]]
+ local INIT_RIGID
+ [[ -n '' ]]
+ INIT_RIGID=-ia-identity
+ greedy -d 3 -a -dof 6 -m MI -n 100x100x10 -i /tmp/ashs.ERtKutz4/tse_iso.nii.gz /lustre/scratch/wbic-beta/ccn30/ENCRYPT/gridcellpilot/preprocessed_data/segmentation/28428/mprage.nii.gz -ia-identity -o /lustre/scratch/wbic-beta/ccn30/ENCRYPT/gridcellpilot/preprocessed_data/segmentation/28428/flirt_t2_to_t1/flirt_t2_to_t1.mat
Executing with the default number of threads: 24
*************************************************
  N=6   NUMBER OF CORRECTIONS=5       INITIAL VALUES F= -3480.02   GNORM= 82.9456
*************************************************
   I   NFN    FUNC        GNORM       STEPLENGTH
   1    2     -3548.155      53.803       0.012
   2    3     -3607.531      11.861       1.000
   3    4     -3611.672       4.585       1.000
   4    5     -3612.429       3.085       1.000
   5    6     -3612.959       3.656       1.000
   6    7     -3613.981       3.349       1.000
   7    8     -3614.474       1.629       1.000
   8    9     -3614.560       0.979       1.000
   9   10     -3614.746       1.123       1.000
  10   12     -3614.934       1.289       0.295
  11   14     -3615.017       2.224       0.471
  12   15     -3615.120       1.016       1.000
  13   17     -3615.132       0.803       0.257
  14   18     -3615.153       0.627       1.000
  15   19     -3615.163       0.637       1.000
  16   21     -3615.167       0.560       0.054
  17   22     -3615.171       0.224       1.000
  18   23     -3615.172       0.250       1.000
  19   24     -3615.175       0.273       1.000
  20   25     -3615.177       0.393       1.000
  21   27     -3615.179       0.664       0.243
  22   28     -3615.180       0.351       1.000
  23   29     -3615.183       0.255       1.000
  24   30     -3615.183       0.198       1.000
  25   31     -3615.183       0.082       1.000
  26   33     -3615.183       0.103       0.391
  27   35     -3615.183       0.123       0.201
  28   39     -3615.184       0.083       3.839
  29   42     -3615.184       0.085       0.036
 IFLAG= -1  LINE SEARCH FAILED. SEE DOCUMENTATION OF ROUTINE MCSRCH ERROR RETURN OF LINE SEARCH: INFO= 3 POSSIBLE CAUSES: FUNCTION OR GRADIENT ARE INCORRECT OR INCORRECT TOLERANCESvnl_lbfgs: Error. Netlib routine lbfgs failed.
Final RAS Transform: 
0.999872 -0.0130009 0.00927471 0.903804 
0.0131869 0.999707 -0.020277 -0.883257 
-0.00900837 0.0203967 0.999751 -3.75141 
0 0 0 1 

*************************************************
  N=6   NUMBER OF CORRECTIONS=5       INITIAL VALUES F= -3437.45   GNORM= 36.9502
*************************************************
   I   NFN    FUNC        GNORM       STEPLENGTH
   1    2     -3459.598       7.399       0.027
   2    3     -3460.939       4.987       1.000
   3    4     -3461.945       5.581       1.000
   4    5     -3463.688       6.251       1.000
   5    6     -3466.063      10.048       1.000
   6    7     -3468.066       4.477       1.000
   7    8     -3468.682       2.106       1.000
   8    9     -3468.934       2.002       1.000
   9   10     -3469.092       1.552       1.000
  10   12     -3469.246       2.265       0.442
  11   14     -3469.337       0.400       0.475
  12   15     -3469.344       0.360       1.000
  13   16     -3469.346       0.207       1.000
  14   17     -3469.347       0.303       1.000
  15   18     -3469.348       0.148       1.000
  16   19     -3469.348       0.416       1.000
  17   20     -3469.351       0.205       1.000
  18   21     -3469.351       0.190       1.000
  19   22     -3469.352       0.115       1.000
  20   23     -3469.352       0.057       1.000
  21   25     -3469.352       0.051       0.201
  22   26     -3469.352       0.055       1.000
  23   28     -3469.352       0.135       0.327
  24   29     -3469.352       0.078       1.000
  25   30     -3469.352       0.051       1.000
  26   31     -3469.352       0.010       1.000
  27   32     -3469.352       0.010       1.000
  28   34     -3469.352       0.005       0.166
  29   36     -3469.352       0.007       0.231
  30   37     -3469.352       0.009       1.000
  31   39     -3469.352       0.007       0.245
  32   42     -3469.352       0.007       0.591
  33   44     -3469.352       0.011       0.351
  34   46     -3469.352       0.010       0.360
  35   47     -3469.352       0.004       1.000
  36   49     -3469.352       0.003       0.424
  37   50     -3469.352       0.001       1.000
  38   53     -3469.352       0.003       1.277
  39   56     -3469.352       0.004       0.010
  40   58     -3469.352       0.004       0.082
  41   59     -3469.352       0.007       1.000
  42   60     -3469.352       0.001       1.000
 IFLAG= -1  LINE SEARCH FAILED. SEE DOCUMENTATION OF ROUTINE MCSRCH ERROR RETURN OF LINE SEARCH: INFO= 3 POSSIBLE CAUSES: FUNCTION OR GRADIENT ARE INCORRECT OR INCORRECT TOLERANCESvnl_lbfgs: Error. Netlib routine lbfgs failed.
Final RAS Transform: 
0.999964 -0.00427874 -0.00727239 0.673201 
0.00426466 0.999989 -0.00195116 -0.32387 
0.00728066 0.00192007 0.999972 -2.4603 
0 0 0 1 

*************************************************
  N=6   NUMBER OF CORRECTIONS=5       INITIAL VALUES F= -3240.68   GNORM= 127.261
*************************************************
   I   NFN    FUNC        GNORM       STEPLENGTH
   1    4     -3437.193      97.129       0.013
   2    6     -3460.340      35.038       0.086
   3    7     -3463.008      23.390       1.000
   4    8     -3465.300      22.768       1.000
   5    9     -3480.681      52.200       1.000
   6   10     -3507.138      93.309       1.000
   7   11     -3528.654      88.452       1.000
Final RAS Transform: 
0.999919 0.00780021 -0.0100978 -0.156192 
-0.00763476 0.999838 0.0163209 -0.132514 
0.0102235 -0.0162424 0.999816 -0.247119 
0 0 0 1 

+ c3d_affine_tool /lustre/scratch/wbic-beta/ccn30/ENCRYPT/gridcellpilot/preprocessed_data/segmentation/28428/flirt_t2_to_t1/flirt_t2_to_t1.mat -inv -o /lustre/scratch/wbic-beta/ccn30/ENCRYPT/gridcellpilot/preprocessed_data/segmentation/28428/flirt_t2_to_t1/flirt_t2_to_t1_inv.mat
+ [[ 0 == 1 ]]
+ [[ 0 == 1 ]]
+ [[ 0 == 1 ]]
+ job_progress 0.25
+ local PROGRESS=0.25
+ local CHUNK_PSTART CHUNK_PEND
+ read CHUNK_PSTART CHUNK_PEND
++ echo 1
++ awk -v bs=0.0 -v be=0.2 -v j=0 -v n=1 '{print bs + ((be - bs) * j) / n, bs + ((be - bs) * (j+1)) / n}'
+ echo 'CHUNK 0.0 0.2'
CHUNK 0.0 0.2
+ echo 1
+ awk -v bs=0.0 -v be=0.2 -v j=0 -v n=1 '{print bs + ((be - bs) * j) / n, bs + ((be - bs) * (j+1)) / n}'
0 0.2
+ echo 'CHUNK 0 0.2 0.25'
CHUNK 0 0.2 0.25
+ bash /home/ccn30/privatemodules/ASHS/ashs-fastashs_beta/bin/ashs_default_hook.sh progress 0 0.2 0.25
====================================
         PROGRESS: 0               
====================================
+ [[ -f /lustre/scratch/wbic-beta/ccn30/ENCRYPT/gridcellpilot/preprocessed_data/segmentation/28428/affine_t1_to_template/t1_to_template_affine.mat ]]
+ greedy -d 3 -a -dof 6 -m NCC 2x2x2 -i /home/ccn30/privatemodules/ASHS/atlases/magdeburgatlas/template/template.nii.gz /lustre/scratch/wbic-beta/ccn30/ENCRYPT/gridcellpilot/preprocessed_data/segmentation/28428/mprage.nii.gz -o /lustre/scratch/wbic-beta/ccn30/ENCRYPT/gridcellpilot/preprocessed_data/segmentation/28428/affine_t1_to_template/greedy_t1_to_template_init_rigid.mat -n 400x0x0x0 -ia-image-centers -search 400 5 5
Executing with the default number of threads: 24
Noise on image 0 component 0: fixed = 1.06327, moving = 55.115
Rigid search -> Initial best: 474.507 0 0 0 -5.40979 8.57142 7.7082
New best: 436.542 0.0466339 0.00759078 0.0670481 -6.77164 13.9297 14.3532
New best: 335.387 -0.0529471 -0.0035953 0.000703522 1.88921 13.4602 11.9927
New best: 287.485 0.0810471 0.015444 0.120831 1.99458 6.46457 9.23903
New best: 171.982 0.0215754 -0.0110612 -0.00451291 -3.47095 3.67791 13.5364
New best: 147.166 0.00395457 0.154734 -0.0127856 5.71267 1.27861 12.8301
New best: 113.167 -0.00384622 0.00132025 0.00363836 0.980411 16.8279 21.7024
New best: 100.244 -0.00497113 -0.00225297 0.00636025 5.74309 11.49 18.8521
New best: 14.1119 -0.0477572 -0.051028 -0.0597601 -0.473216 1.70599 16.2033
New best: 3.50783 -0.0695452 0.0781099 -0.00469067 3.15424 3.00428 18.0201
*************************************************
  N=6   NUMBER OF CORRECTIONS=5       INITIAL VALUES F= 3.50783   GNORM= 27.0077
*************************************************
   I   NFN    FUNC        GNORM       STEPLENGTH
   1    2       -21.526      22.890       0.037
   2    3      -124.506      21.168       1.000
   3    5      -140.237      12.734       0.348
   4    6      -157.826      13.399       1.000
   5    8      -183.375      20.470       0.306
   6   11      -187.260      15.749       0.049
   7   12      -195.855      11.673       1.000
   8   14      -202.268       6.059       0.361
   9   15      -203.955       4.486       1.000
  10   16      -204.062       5.847       1.000
  11   17      -206.297       7.335       1.000
  12   19      -209.865      10.997       0.052
  13   20      -213.075      12.747       1.000
  14   22      -214.669      11.328       0.326
  15   23      -216.729       8.033       1.000
  16   24      -218.592       6.536       1.000
  17   25      -221.509       7.469       1.000
  18   26      -222.105       3.740       1.000
  19   27      -222.672       2.561       1.000
  20   29      -222.722       2.418       0.268
  21   30      -222.819       1.981       1.000
  22   32      -222.848       2.243       0.320
  23   33      -222.858       1.620       1.000
  24   34      -222.876       1.387       1.000
  25   35      -222.885       1.080       1.000
  26   36      -222.898       1.299       1.000
  27   37      -222.908       0.923       1.000
  28   39      -222.908       0.546       0.215
  29   40      -222.911       0.460       1.000
  30   42      -222.912       0.592       0.247
  31   44      -222.912       0.465       0.302
  32   46      -222.912       0.390       0.456
  33   48      -222.912       0.381       0.372
  34   49      -222.912       0.299       1.000
  35   50      -222.913       0.398       1.000
  36   51      -222.913       0.456       1.000
  37   52      -222.913       0.907       1.000
  38   53      -222.914       0.646       1.000
  39   54      -222.914       0.227       1.000
  40   55      -222.915       0.326       1.000
  41   56      -222.917       1.075       1.000
  42   57      -222.918       0.833       1.000
  43   58      -222.920       0.490       1.000
  44   60      -222.920       0.452       0.123
  45   61      -222.921       0.249       1.000
  46   63      -222.921       0.347       0.214
  47   64      -222.921       0.120       1.000
  48   65      -222.921       0.307       1.000
  49   66      -222.921       0.104       1.000
  50   67      -222.921       0.098       1.000
  51   68      -222.921       0.127       1.000
  52   69      -222.921       0.197       1.000
  53   72      -222.922       0.301       0.806
  54   76      -222.922       0.330       0.002
  55   77      -222.922       0.157       1.000
  56   78      -222.922       0.154       1.000
  57   80      -222.922       0.182       0.171
  58   81      -222.922       0.106       1.000
  59   83      -222.922       0.096       0.137
  60   85      -222.922       0.171       0.077
  61   86      -222.922       0.160       1.000
  62   88      -222.922       0.056       0.442
 IFLAG= -1  LINE SEARCH FAILED. SEE DOCUMENTATION OF ROUTINE MCSRCH ERROR RETURN OF LINE SEARCH: INFO= 3 POSSIBLE CAUSES: FUNCTION OR GRADIENT ARE INCORRECT OR INCORRECT TOLERANCESvnl_lbfgs: Error. Netlib routine lbfgs failed.
Final RAS Transform: 
0.995567 0.0390454 -0.0855689 1.11044 
-0.0233866 0.983953 0.176886 3.47968 
0.0911024 -0.174101 0.980505 26.7667 
0 0 0 1 

Final RAS Transform: 
0.995567 0.0390454 -0.0855689 1.11044 
-0.0233866 0.983953 0.176886 3.47968 
0.0911024 -0.174101 0.980505 26.7667 
0 0 0 1 

Final RAS Transform: 
0.995567 0.0390454 -0.0855689 1.11044 
-0.0233866 0.983953 0.176886 3.47968 
0.0911024 -0.174101 0.980505 26.7667 
0 0 0 1 

Final RAS Transform: 
0.995567 0.0390454 -0.0855689 1.11044 
-0.0233866 0.983953 0.176886 3.47968 
0.0911024 -0.174101 0.980505 26.7667 
0 0 0 1 


real	0m47.063s
user	1m12.512s
sys	0m3.724s
+ greedy -d 3 -a -m NCC 2x2x2 -i /home/ccn30/privatemodules/ASHS/atlases/magdeburgatlas/template/template.nii.gz /lustre/scratch/wbic-beta/ccn30/ENCRYPT/gridcellpilot/preprocessed_data/segmentation/28428/mprage.nii.gz -o /lustre/scratch/wbic-beta/ccn30/ENCRYPT/gridcellpilot/preprocessed_data/segmentation/28428/affine_t1_to_template/greedy_t1_to_template.mat -n 400x80x40x0 -ia /lustre/scratch/wbic-beta/ccn30/ENCRYPT/gridcellpilot/preprocessed_data/segmentation/28428/affine_t1_to_template/greedy_t1_to_template_init_rigid.mat
Executing with the default number of threads: 24
Noise on image 0 component 0: fixed = 1.06327, moving = 55.115
*************************************************
  N=12   NUMBER OF CORRECTIONS=5       INITIAL VALUES F= -222.922   GNORM= 44.3968
*************************************************
   I   NFN    FUNC        GNORM       STEPLENGTH
   1    2      -257.890      27.633       0.023
   2    3      -289.889      25.570       1.000
   3    4      -319.818      33.364       1.000
   4    5      -328.370      22.575       1.000
   5    6      -337.198      16.807       1.000
   6    7      -344.068       8.309       1.000
   7    8      -345.597      17.775       1.000
   8    9      -347.796       5.470       1.000
   9   10      -348.120       4.910       1.000
  10   11      -348.399       3.067       1.000
  11   12      -348.476       2.822       1.000
  12   13      -348.510       1.024       1.000
  13   15      -348.514       1.018       0.472
  14   18      -348.516       0.930       0.042
  15   19      -348.516       1.164       1.000
  16   20      -348.522       0.734       1.000
  17   22      -348.523       0.619       0.367
  18   23      -348.525       0.634       1.000
  19   27      -348.527       1.017       0.190
  20   28      -348.527       0.689       1.000
  21   29      -348.528       0.556       1.000
  22   32      -348.528       0.559       0.029
  23   33      -348.529       0.504       1.000
  24   34      -348.529       0.396       1.000
  25   36      -348.529       0.584       0.208
  26   37      -348.530       0.507       1.000
  27   38      -348.530       0.426       1.000
  28   40      -348.530       0.561       0.169
  29   42      -348.530       0.730       5.000
  30   44      -348.530       0.352       0.288
  31   45      -348.530       0.304       1.000
  32   47      -348.530       0.429       0.266
  33   49      -348.530       0.466       0.285
  34   50      -348.531       0.495       1.000
  35   52      -348.531       0.554       0.198
  36   53      -348.531       0.640       1.000
  37   55      -348.531       0.762       0.210
  38   56      -348.531       0.511       1.000
  39   59      -348.531       0.732       1.763
  40   60      -348.531       0.769       1.000
  41   61      -348.531       0.565       1.000
  42   64      -348.531       0.704      21.000
  43   68      -348.532       0.842       1.311
  44   73      -348.532       0.810       0.000
  45   75      -348.533       0.708       5.000
  46   76      -348.533       0.685       1.000
  47   78      -348.534       0.632       5.000
  48   79      -348.535       0.620       1.000
  49   80      -348.535       0.913       1.000
  50   81      -348.536       1.158       1.000
  51   82      -348.537       0.645       1.000
  52   83      -348.538       0.921       1.000
  53   84      -348.539       0.911       1.000
  54   86      -348.543       1.477       5.000
  55   88      -348.548       1.642       0.446
  56   89      -348.552       1.138       1.000
  57   91      -348.555       1.026       0.224
  58   92      -348.563       0.490       1.000
  59   94      -348.564       0.485       0.361
  60   95      -348.564       0.569       1.000
  61   97      -348.565       0.500       0.439
  62  100      -348.566       0.738       0.061
  63  101      -348.567       0.660       1.000
  64  103      -348.568       1.045       0.305
  65  104      -348.568       0.958       1.000
  66  105      -348.569       0.529       1.000
  67  106      -348.570       0.487       1.000
  68  108      -348.570       0.543       0.156
  69  109      -348.570       0.444       1.000
  70  111      -348.570       0.407       0.513
  71  114      -348.570       0.386       0.025
  72  117      -348.570       0.768       0.016
  73  118      -348.570       0.471       1.000
  74  119      -348.571       0.501       1.000
  75  121      -348.571       0.521       0.386
  76  122      -348.571       0.373       1.000
  77  123      -348.571       0.397       1.000
  78  125      -348.571       0.400       0.171
  79  128      -348.571       0.379       0.035
  80  130      -348.571       0.463       0.181
  81  133      -348.571       0.652       0.041
  82  135      -348.571       0.739       0.336
  83  136      -348.571       0.515       1.000
  84  139      -348.571       0.514       0.085
  85  141      -348.571       0.374       0.290
  86  144      -348.571       0.375       2.014
  87  145      -348.571       0.580       1.000
  88  146      -348.571       0.506       1.000
  89  147      -348.571       0.617       1.000
  90  148      -348.571       0.506       1.000
  91  151      -348.571       0.498       0.712
  92  156      -348.571       0.453       0.015
  93  157      -348.571       0.498       1.000
  94  159      -348.571       0.509       0.260
  95  160      -348.571       0.359       1.000
  96  162      -348.571       0.490       5.000
  97  163      -348.571       0.336       1.000
  98  164      -348.571       0.512       1.000
  99  165      -348.571       0.562       1.000
 100  167      -348.571       0.408       0.261
 101  169      -348.571       0.410       5.000
 102  170      -348.571       0.521       1.000
 103  173      -348.571       0.509       0.045
 104  174      -348.571       0.410       1.000
 105  178      -348.571       0.476       0.575
 106  180      -348.571       0.350       0.218
 107  182      -348.571       0.463       0.197
 108  184      -348.571       0.364       0.266
 109  186      -348.571       0.510       0.388
 110  187      -348.571       0.410       1.000
 111  189      -348.571       0.476       0.414
 112  191      -348.571       0.452       0.252
 113  192      -348.571       0.364       1.000
 114  200      -348.571       0.410       0.392
 115  203      -348.571       0.510       0.061
 116  207      -348.571       0.500       0.013
 IFLAG= -1  LINE SEARCH FAILED. SEE DOCUMENTATION OF ROUTINE MCSRCH ERROR RETURN OF LINE SEARCH: INFO= 3 POSSIBLE CAUSES: FUNCTION OR GRADIENT ARE INCORRECT OR INCORRECT TOLERANCESvnl_lbfgs: Error. Netlib routine lbfgs failed.
Final RAS Transform: 
0.982863 0.0441056 -0.0828689 0.824095 
-0.0512046 0.912586 0.122226 3.3551 
0.0902272 -0.12684 0.897171 29.7456 
0 0 0 1 

*************************************************
  N=12   NUMBER OF CORRECTIONS=5       INITIAL VALUES F= -198.135   GNORM= 35.9739
*************************************************
   I   NFN    FUNC        GNORM       STEPLENGTH
   1    3      -279.486      34.294       0.139
   2    4      -318.918      16.813       1.000
   3    5      -338.221      14.890       1.000
   4    6      -347.648      10.109       1.000
   5    7      -358.113       8.464       1.000
   6    8      -360.565       6.091       1.000
   7    9      -362.415       5.551       1.000
   8   10      -364.907       8.059       1.000
   9   11      -367.338       4.526       1.000
  10   12      -368.675       3.355       1.000
  11   13      -369.554       3.776       1.000
  12   15      -370.064       3.567       0.136
  13   16      -370.676       3.091       1.000
  14   18      -370.905       4.050       0.337
  15   19      -371.196       4.581       1.000
  16   21      -372.513       4.010       0.391
  17   23      -372.799       4.066       0.214
  18   24      -373.507       2.931       1.000
  19   25      -373.712       1.895       1.000
  20   27      -373.746       1.323       0.497
  21   29      -373.770       1.348       0.446
  22   30      -373.826       1.611       1.000
  23   32      -373.910       1.528       0.332
  24   34      -373.925       1.481       0.224
  25   35      -373.992       1.468       1.000
  26   37      -374.074       1.642       0.224
  27   38      -374.163       1.661       1.000
  28   39      -374.314       2.086       1.000
  29   43      -374.508       3.197       0.186
  30   46      -374.811       3.100       1.559
  31   47      -374.974       1.838       1.000
  32   48      -375.096       2.088       1.000
  33   50      -375.106       0.987       0.352
  34   51      -375.114       1.090       1.000
  35   52      -375.157       1.348       1.000
  36   53      -375.179       0.689       1.000
  37   54      -375.198       0.577       1.000
  38   56      -375.202       0.892       0.195
  39   58      -375.206       0.492       0.447
  40   60      -375.207       0.391       0.417
  41   62      -375.207       0.510       0.334
  42   63      -375.210       0.577       1.000
  43   64      -375.213       0.404       1.000
  44   65      -375.213       0.425       1.000
  45   66      -375.214       0.323       1.000
  46   67      -375.215       0.375       1.000
  47   68      -375.215       0.226       1.000
  48   69      -375.215       0.149       1.000
  49   71      -375.215       0.146       0.350
  50   72      -375.215       0.105       1.000
  51   73      -375.215       0.095       1.000
  52   76      -375.216       0.179       2.239
  53   81      -375.216       0.137       0.310
Final RAS Transform: 
0.914476 0.0512267 -0.0831433 0.299709 
-0.0743336 0.886679 0.0182092 4.59531 
0.0915975 -0.0612744 0.867817 26.4158 
0 0 0 1 

*************************************************
  N=12   NUMBER OF CORRECTIONS=5       INITIAL VALUES F= -136.378   GNORM= 10.9114
*************************************************
   I   NFN    FUNC        GNORM       STEPLENGTH
   1    2      -145.329       7.446       0.092
   2    4      -149.095       3.607       0.340
   3    5      -150.554       4.015       1.000
   4    6      -154.089       5.999       1.000
   5    8      -155.016       4.246       0.360
   6    9      -155.605       2.219       1.000
   7   10      -155.953       1.691       1.000
   8   11      -156.053       1.216       1.000
   9   12      -156.437       2.633       1.000
  10   13      -156.814       1.748       1.000
  11   15      -157.123       1.611       0.484
  12   16      -157.298       2.069       1.000
  13   17      -157.565       2.193       1.000
  14   18      -157.965       1.969       1.000
  15   20      -158.455       1.794       0.255
  16   21      -158.658       1.184       1.000
  17   22      -158.883       2.484       1.000
  18   23      -159.121       2.694       1.000
  19   25      -159.400       2.010       0.080
  20   26      -159.572       1.716       1.000
  21   27      -159.734       1.550       1.000
  22   28      -159.758       1.562       1.000
  23   29      -159.843       0.904       1.000
  24   31      -159.878       0.497       0.377
  25   32      -159.902       0.454       1.000
  26   34      -159.925       0.631       0.197
  27   36      -159.935       0.419       0.246
  28   38      -159.937       0.585       0.281
  29   39      -159.940       0.338       1.000
  30   40      -159.944       0.322       1.000
Final RAS Transform: 
0.899985 0.0388837 -0.0853515 0.863778 
-0.0526722 0.873458 0.00492401 5.18163 
0.0892965 -0.0468712 0.845847 25.3843 
0 0 0 1 

Final RAS Transform: 
0.899985 0.0388837 -0.0853515 0.863778 
-0.0526722 0.873458 0.00492401 5.18163 
0.0892965 -0.0468712 0.845847 25.3843 
0 0 0 1 


real	2m23.280s
user	4m22.796s
sys	0m4.952s
+ greedy -d 3 -r /lustre/scratch/wbic-beta/ccn30/ENCRYPT/gridcellpilot/preprocessed_data/segmentation/28428/affine_t1_to_template/greedy_t1_to_template.mat -rf /home/ccn30/privatemodules/ASHS/atlases/magdeburgatlas/template/template.nii.gz -rm /lustre/scratch/wbic-beta/ccn30/ENCRYPT/gridcellpilot/preprocessed_data/segmentation/28428/mprage.nii.gz /lustre/scratch/wbic-beta/ccn30/ENCRYPT/gridcellpilot/preprocessed_data/segmentation/28428/affine_t1_to_template/test_greedy_affine.nii.gz
Executing with the default number of threads: 24
+ cp -a /lustre/scratch/wbic-beta/ccn30/ENCRYPT/gridcellpilot/preprocessed_data/segmentation/28428/affine_t1_to_template/greedy_t1_to_template.mat /lustre/scratch/wbic-beta/ccn30/ENCRYPT/gridcellpilot/preprocessed_data/segmentation/28428/affine_t1_to_template/t1_to_template_affine.mat
+ ln -sf /lustre/scratch/wbic-beta/ccn30/ENCRYPT/gridcellpilot/preprocessed_data/segmentation/28428/affine_t1_to_template/test_greedy_affine.nii.gz /lustre/scratch/wbic-beta/ccn30/ENCRYPT/gridcellpilot/preprocessed_data/segmentation/28428/affine_t1_to_template/t1_to_template_affine.nii.gz
+ c3d_affine_tool /lustre/scratch/wbic-beta/ccn30/ENCRYPT/gridcellpilot/preprocessed_data/segmentation/28428/affine_t1_to_template/t1_to_template_affine.mat -inv -o /lustre/scratch/wbic-beta/ccn30/ENCRYPT/gridcellpilot/preprocessed_data/segmentation/28428/affine_t1_to_template/t1_to_template_affine_inv.mat
+ [[ 0 == 1 ]]
+ [[ 0 == 1 ]]
+ [[ 0 == 1 ]]
+ job_progress 0.5
+ local PROGRESS=0.5
+ local CHUNK_PSTART CHUNK_PEND
+ read CHUNK_PSTART CHUNK_PEND
++ echo 1
++ awk -v bs=0.0 -v be=0.2 -v j=0 -v n=1 '{print bs + ((be - bs) * j) / n, bs + ((be - bs) * (j+1)) / n}'
+ echo 'CHUNK 0.0 0.2'
CHUNK 0.0 0.2
+ echo 1
+ awk -v bs=0.0 -v be=0.2 -v j=0 -v n=1 '{print bs + ((be - bs) * j) / n, bs + ((be - bs) * (j+1)) / n}'
0 0.2
+ echo 'CHUNK 0 0.2 0.5'
CHUNK 0 0.2 0.5
+ bash /home/ccn30/privatemodules/ASHS/ashs-fastashs_beta/bin/ashs_default_hook.sh progress 0 0.2 0.5
====================================
         PROGRESS: 0               
====================================
+ [[ -n '' ]]
+ greedy -d 3 -m NCC 2x2x2 -e 0.5 -n 60x60x20x0 -i /home/ccn30/privatemodules/ASHS/atlases/magdeburgatlas/template/template.nii.gz /lustre/scratch/wbic-beta/ccn30/ENCRYPT/gridcellpilot/preprocessed_data/segmentation/28428/affine_t1_to_template/t1_to_template_affine.nii.gz -o /lustre/scratch/wbic-beta/ccn30/ENCRYPT/gridcellpilot/preprocessed_data/segmentation/28428/ants_t1_to_temp/greedy_t1_to_template_warp.nii.gz -oinv /lustre/scratch/wbic-beta/ccn30/ENCRYPT/gridcellpilot/preprocessed_data/segmentation/28428/ants_t1_to_temp/greedy_t1_to_template_invwarp.nii.gz -gm /home/ccn30/privatemodules/ASHS/atlases/magdeburgatlas/template/template_bet_mask.nii.gz
Executing with the default number of threads: 24
Noise on image 0 component 0: fixed = 1.06327, moving = 43.987
LEVEL 1 of 4
  Smoothing sigmas: [8.29941, 8.21751, 8.31298], [3.38822, 3.35478, 3.39376]
Level     0,  Iter     0:    Energy =   0.0403
Level     0,  Iter     1:    Energy =   0.0476
Level     0,  Iter     2:    Energy =   0.0547
Level     0,  Iter     3:    Energy =   0.0606
Level     0,  Iter     4:    Energy =   0.0646
Level     0,  Iter     5:    Energy =   0.0678
Level     0,  Iter     6:    Energy =   0.0706
Level     0,  Iter     7:    Energy =   0.0730
Level     0,  Iter     8:    Energy =   0.0739
Level     0,  Iter     9:    Energy =   0.0745
Level     0,  Iter    10:    Energy =   0.0751
Level     0,  Iter    11:    Energy =   0.0754
Level     0,  Iter    12:    Energy =   0.0758
Level     0,  Iter    13:    Energy =   0.0761
Level     0,  Iter    14:    Energy =   0.0764
Level     0,  Iter    15:    Energy =   0.0767
Level     0,  Iter    16:    Energy =   0.0769
Level     0,  Iter    17:    Energy =   0.0771
Level     0,  Iter    18:    Energy =   0.0773
Level     0,  Iter    19:    Energy =   0.0775
Level     0,  Iter    20:    Energy =   0.0776
Level     0,  Iter    21:    Energy =   0.0777
Level     0,  Iter    22:    Energy =   0.0778
Level     0,  Iter    23:    Energy =   0.0781
Level     0,  Iter    24:    Energy =   0.0781
Level     0,  Iter    25:    Energy =   0.0782
Level     0,  Iter    26:    Energy =   0.0783
Level     0,  Iter    27:    Energy =   0.0784
Level     0,  Iter    28:    Energy =   0.0784
Level     0,  Iter    29:    Energy =   0.0785
Level     0,  Iter    30:    Energy =   0.0786
Level     0,  Iter    31:    Energy =   0.0787
Level     0,  Iter    32:    Energy =   0.0787
Level     0,  Iter    33:    Energy =   0.0788
Level     0,  Iter    34:    Energy =   0.0788
Level     0,  Iter    35:    Energy =   0.0789
Level     0,  Iter    36:    Energy =   0.0789
Level     0,  Iter    37:    Energy =   0.0789
Level     0,  Iter    38:    Energy =   0.0789
Level     0,  Iter    39:    Energy =   0.0790
Level     0,  Iter    40:    Energy =   0.0790
Level     0,  Iter    41:    Energy =   0.0791
Level     0,  Iter    42:    Energy =   0.0791
Level     0,  Iter    43:    Energy =   0.0792
Level     0,  Iter    44:    Energy =   0.0791
Level     0,  Iter    45:    Energy =   0.0792
Level     0,  Iter    46:    Energy =   0.0792
Level     0,  Iter    47:    Energy =   0.0792
Level     0,  Iter    48:    Energy =   0.0792
Level     0,  Iter    49:    Energy =   0.0792
Level     0,  Iter    50:    Energy =   0.0793
Level     0,  Iter    51:    Energy =   0.0793
Level     0,  Iter    52:    Energy =   0.0793
Level     0,  Iter    53:    Energy =   0.0793
Level     0,  Iter    54:    Energy =   0.0793
Level     0,  Iter    55:    Energy =   0.0793
Level     0,  Iter    56:    Energy =   0.0793
Level     0,  Iter    57:    Energy =   0.0794
Level     0,  Iter    58:    Energy =   0.0793
Level     0,  Iter    59:    Energy =   0.0793
END OF LEVEL     0    DetJac Range:   0.2309  to   3.0878 
  Avg. Gradient Time  : 0.0105s  36.68% 
  Avg. Gaussian Time  : 0.0139s  48.67% 
  Avg. Iteration Time : 0.0286s 
LEVEL 2 of 4
  Smoothing sigmas: [4.1497, 4.10875, 4.15649], [1.69411, 1.67739, 1.69688]
Level     1,  Iter     0:    Energy =   0.0385
Level     1,  Iter     1:    Energy =   0.0423
slurmstepd: error: *** JOB 3828241 ON wbic-cs-37 CANCELLED AT 2019-09-27T11:31:59 ***
