ModuleCmd_Load.c(208):ERROR:105: Unable to locate a modulefile for 'ASHS_FASTB'
Changed directory to /lustre/scratch/wbic-beta/ccn30/ENCRYPT/gridcellpilot/scripts/ASHS/slurmoutputs.

JobID: 4089909
======
Time: Sun Oct 20 16:35:25 BST 2019
Running on master node: wbic-cs-8
Current directory: /lustre/scratch/wbic-beta/ccn30/ENCRYPT/gridcellpilot/scripts/ASHS/slurmoutputs

Nodes allocated:
================
wbic-cs-8

numtasks=1, numnodes=1, mpi_tasks_per_node=1 (OMP_NUM_THREADS=1)

Executing command:
==================
/lustre/scratch/wbic-beta/ccn30/ENCRYPT/gridcellpilot/scripts/ASHS/denoise.sh /lustre/scratch/wbic-beta/ccn30/ENCRYPT/gridcellpilot 29332/20190903_U-ID46058

Running DenoiseImage in:  /lustre/scratch/wbic-beta/ccn30/ENCRYPT/gridcellpilot/raw_data/images/29332/20190903_U-ID46058/mp2rage

Running for 3-dimensional images.

*********10*********20*********30*********40*********50*********60*********70*********80*********90*********

   AdaptiveNonLocalMeansDenoisingImageFilter (0x3071320)
     RTTI typeinfo:   itk::AdaptiveNonLocalMeansDenoisingImageFilter<itk::Image<float, 3u>, itk::Image<float, 3u>, itk::Image<unsigned char, 3u> >
     Reference Count: 1
     Modified Time: 328
     Debug: Off
     Object Name: 
     Observers: 
       ProgressEvent(Command)
     Inputs: 
       Primary: (0x306dfc0) *
       _1: (0)
     Indexed Inputs: 
       0: Primary (0x306dfc0)
       1: _1 (0)
     Required Input Names: Primary
     NumberOfRequiredInputs: 1
     Outputs: 
       Primary: (0x3071630)
     Indexed Outputs: 
       0: Primary (0x3071630)
     NumberOfRequiredOutputs: 1
     Number Of Threads: 24
     ReleaseDataFlag: Off
     ReleaseDataBeforeUpdateFlag: Off
     AbortGenerateData: Off
     Progress: 1
     Multithreader: 
       RTTI typeinfo:   itk::MultiThreader
       Reference Count: 1
       Modified Time: 291
       Debug: Off
       Object Name: 
       Observers: 
         none
       Thread Count: 23
       Global Maximum Number Of Threads: 128
       Global Default Number Of Threads: 24
     CoordinateTolerance: 1e-06
     DirectionTolerance: 1e-06
Using mean squares to measure the patch similarity.
     Neighborhood search radius = [3, 3, 3]
     Neighborhood patch radius = [1, 1, 1]
     Using Gaussian noise model.
     Epsilon = 1e-05
     Mean threshold = 0.95
     Variance threshold = 0.5
     Smoothing variance = 2
     Neighborhood radius for local mean and variance = [1, 1, 1]
Elapsed time: 24704.3
/lustre/scratch/wbic-beta/ccn30/ENCRYPT/gridcellpilot/scripts/ASHS/denoise.sh: line 37: [: missing `]'
>> DenoiseImage FAIL
