Changed directory to /lustre/scratch/wbic-beta/ccn30/ENCRYPT/gridcellpilot/scripts/coregistration/slurmoutputs.

JobID: 4089896
======
Time: Sun Oct 20 16:29:14 BST 2019
Running on master node: wbic-csm-5
Current directory: /lustre/scratch/wbic-beta/ccn30/ENCRYPT/gridcellpilot/scripts/coregistration/slurmoutputs

Nodes allocated:
================
wbic-csm-5

numtasks=, numnodes=1, mpi_tasks_per_node=2 (OMP_NUM_THREADS=1)

Executing command:
==================
/lustre/scratch/wbic-beta/ccn30/ENCRYPT/gridcellpilot/scripts/coregistration/coreg_all.sh /lustre/scratch/wbic-beta/ccn30/ENCRYPT/gridcellpilot 27734/20190902_U-ID46027

27734
/lustre/scratch/wbic-beta/ccn30/ENCRYPT/gridcellpilot/preprocessed_data/segmentation/27734
mkdir: cannot create directory ‘/lustre/scratch/wbic-beta/ccn30/ENCRYPT/gridcellpilot/preprocessed_data/segmentation/27734/coregistration’: File exists
Making coregistration directory...
/lustre/scratch/wbic-beta/ccn30/ENCRYPT/gridcellpilot/preprocessed_data/segmentation/27734/coregistration
EXECUTING t2 to t1 coreg:  27734

--------------------------------------------------------------------------------------
 Mapping parameters
--------------------------------------------------------------------------------------
 ANTSPATH is /applications/ANTS/2.2.0/bin/

 Dimensionality:           3
 Output name prefix:       /lustre/scratch/wbic-beta/ccn30/ENCRYPT/gridcellpilot/preprocessed_data/segmentation/27734/coregistration/T1toT2_ANTS_
 Fixed images:             /lustre/scratch/wbic-beta/ccn30/ENCRYPT/gridcellpilot/raw_data/images/27734/20190902_U-ID46027/Series_033_Highresolution_TSE_PAT2_100/N4Series_033_Highresolution_TSE_PAT2_100_c32.nii
 Moving images:            /lustre/scratch/wbic-beta/ccn30/ENCRYPT/gridcellpilot/raw_data/images/27734/20190902_U-ID46027/mp2rage/reorientn4mag0000_PSIR_skulled_std.nii
 Number of threads:        1
 Spline distance:          26
 Transform type:           s
 MI histogram bins:        32
 Precision:                d
 Use histogram matching    0
======================================================================================
 antsRegistration call:
--------------------------------------------------------------------------------------
/applications/ANTS/2.2.0/bin//antsRegistration --verbose 1 --dimensionality 3 --float 0 --output [/lustre/scratch/wbic-beta/ccn30/ENCRYPT/gridcellpilot/preprocessed_data/segmentation/27734/coregistration/T1toT2_ANTS_,/lustre/scratch/wbic-beta/ccn30/ENCRYPT/gridcellpilot/preprocessed_data/segmentation/27734/coregistration/T1toT2_ANTS_Warped.nii.gz,/lustre/scratch/wbic-beta/ccn30/ENCRYPT/gridcellpilot/preprocessed_data/segmentation/27734/coregistration/T1toT2_ANTS_InverseWarped.nii.gz] --interpolation Linear --use-histogram-matching 0 --winsorize-image-intensities [0.005,0.995] --initial-moving-transform [/lustre/scratch/wbic-beta/ccn30/ENCRYPT/gridcellpilot/raw_data/images/27734/20190902_U-ID46027/Series_033_Highresolution_TSE_PAT2_100/N4Series_033_Highresolution_TSE_PAT2_100_c32.nii,/lustre/scratch/wbic-beta/ccn30/ENCRYPT/gridcellpilot/raw_data/images/27734/20190902_U-ID46027/mp2rage/reorientn4mag0000_PSIR_skulled_std.nii,1] --transform Rigid[0.1] --metric MI[/lustre/scratch/wbic-beta/ccn30/ENCRYPT/gridcellpilot/raw_data/images/27734/20190902_U-ID46027/Series_033_Highresolution_TSE_PAT2_100/N4Series_033_Highresolution_TSE_PAT2_100_c32.nii,/lustre/scratch/wbic-beta/ccn30/ENCRYPT/gridcellpilot/raw_data/images/27734/20190902_U-ID46027/mp2rage/reorientn4mag0000_PSIR_skulled_std.nii,1,32,Regular,0.25] --convergence [1000x500x250x0,1e-6,10] --shrink-factors 12x8x4x2 --smoothing-sigmas 4x3x2x1vox --transform Affine[0.1] --metric MI[/lustre/scratch/wbic-beta/ccn30/ENCRYPT/gridcellpilot/raw_data/images/27734/20190902_U-ID46027/Series_033_Highresolution_TSE_PAT2_100/N4Series_033_Highresolution_TSE_PAT2_100_c32.nii,/lustre/scratch/wbic-beta/ccn30/ENCRYPT/gridcellpilot/raw_data/images/27734/20190902_U-ID46027/mp2rage/reorientn4mag0000_PSIR_skulled_std.nii,1,32,Regular,0.25] --convergence [1000x500x250x0,1e-6,10] --shrink-factors 12x8x4x2 --smoothing-sigmas 4x3x2x1vox --transform SyN[0.1,3,0] --metric MI[/lustre/scratch/wbic-beta/ccn30/ENCRYPT/gridcellpilot/raw_data/images/27734/20190902_U-ID46027/Series_033_Highresolution_TSE_PAT2_100/N4Series_033_Highresolution_TSE_PAT2_100_c32.nii,/lustre/scratch/wbic-beta/ccn30/ENCRYPT/gridcellpilot/raw_data/images/27734/20190902_U-ID46027/mp2rage/reorientn4mag0000_PSIR_skulled_std.nii,1,32] --convergence [100x100x70x50x0,1e-6,10] --shrink-factors 10x6x4x2x1 --smoothing-sigmas 5x3x2x1x0vox
--------------------------------------------------------------------------------------
All_Command_lines_OK
Using double precision for computations.
=============================================================================
The composite transform comprises the following transforms (in order): 
  1. Center of mass alignment using fixed image: /lustre/scratch/wbic-beta/ccn30/ENCRYPT/gridcellpilot/raw_data/images/27734/20190902_U-ID46027/Series_033_Highresolution_TSE_PAT2_100/N4Series_033_Highresolution_TSE_PAT2_100_c32.nii and moving image: /lustre/scratch/wbic-beta/ccn30/ENCRYPT/gridcellpilot/raw_data/images/27734/20190902_U-ID46027/mp2rage/reorientn4mag0000_PSIR_skulled_std.nii (type = Euler3DTransform)
=============================================================================
  number of levels = 4
  number of levels = 4
  number of levels = 5
  fixed image: /lustre/scratch/wbic-beta/ccn30/ENCRYPT/gridcellpilot/raw_data/images/27734/20190902_U-ID46027/Series_033_Highresolution_TSE_PAT2_100/N4Series_033_Highresolution_TSE_PAT2_100_c32.nii
  moving image: /lustre/scratch/wbic-beta/ccn30/ENCRYPT/gridcellpilot/raw_data/images/27734/20190902_U-ID46027/mp2rage/reorientn4mag0000_PSIR_skulled_std.nii
  fixed image: /lustre/scratch/wbic-beta/ccn30/ENCRYPT/gridcellpilot/raw_data/images/27734/20190902_U-ID46027/Series_033_Highresolution_TSE_PAT2_100/N4Series_033_Highresolution_TSE_PAT2_100_c32.nii
  moving image: /lustre/scratch/wbic-beta/ccn30/ENCRYPT/gridcellpilot/raw_data/images/27734/20190902_U-ID46027/mp2rage/reorientn4mag0000_PSIR_skulled_std.nii
  fixed image: /lustre/scratch/wbic-beta/ccn30/ENCRYPT/gridcellpilot/raw_data/images/27734/20190902_U-ID46027/Series_033_Highresolution_TSE_PAT2_100/N4Series_033_Highresolution_TSE_PAT2_100_c32.nii
  moving image: /lustre/scratch/wbic-beta/ccn30/ENCRYPT/gridcellpilot/raw_data/images/27734/20190902_U-ID46027/mp2rage/reorientn4mag0000_PSIR_skulled_std.nii
Dimension = 3
Number of stages = 3
Use Histogram Matching false
Winsorize image intensities true
Lower quantile = 0.005
Upper quantile = 0.995
Stage 1 State
   Image metric = Mattes
     Fixed image = Image (0x39e4610)
  RTTI typeinfo:   itk::Image<double, 3u>
  Reference Count: 2
  Modified Time: 1713
  Debug: Off
  Object Name: 
  Observers: 
    none
  Source: (none)
  Source output name: (none)
  Release Data: Off
  Data Released: False
  Global Release Data: Off
  PipelineMTime: 0
  UpdateMTime: 1535
  RealTimeStamp: 0 seconds 
  LargestPossibleRegion: 
    Dimension: 3
    Index: [0, 0, 0]
    Size: [512, 512, 54]
  BufferedRegion: 
    Dimension: 3
    Index: [0, 0, 0]
    Size: [512, 512, 54]
  RequestedRegion: 
    Dimension: 3
    Index: [0, 0, 0]
    Size: [512, 512, 54]
  Spacing: [0.4375, 0.4375, 1.1]
  Origin: [-111.921, 10.5144, -80.933]
  Direction: 
1 0.000451098 -0.000253147
0.000451098 -0.521001 0.853556
-0.000253147 0.853556 0.521001

  IndexToPointMatrix: 
0.4375 0.000197355 -0.000278462
0.000197355 -0.227938 0.938913
-0.000110752 0.373431 0.573103

  PointToIndexMatrix: 
2.28571 0.00103108 -0.000578622
0.00103108 -1.19086 1.95098
-0.000230133 0.775958 0.473637

  Inverse Direction: 
1 0.000451098 -0.000253147
0.000451098 -0.521001 0.853556
-0.000253147 0.853556 0.521001

  PixelContainer: 
    ImportImageContainer (0x39de5e0)
      RTTI typeinfo:   itk::ImportImageContainer<unsigned long, double>
      Reference Count: 1
      Modified Time: 1532
      Debug: Off
      Object Name: 
      Observers: 
        none
      Pointer: 0x2ad674784010
      Container manages memory: true
      Size: 14155776
      Capacity: 14155776

     Moving image = Image (0x39e52f0)
  RTTI typeinfo:   itk::Image<double, 3u>
  Reference Count: 2
  Modified Time: 1714
  Debug: Off
  Object Name: 
  Observers: 
    none
  Source: (none)
  Source output name: (none)
  Release Data: Off
  Data Released: False
  Global Release Data: Off
  PipelineMTime: 0
  UpdateMTime: 1711
  RealTimeStamp: 0 seconds 
  LargestPossibleRegion: 
    Dimension: 3
    Index: [0, 0, 0]
    Size: [224, 320, 320]
  BufferedRegion: 
    Dimension: 3
    Index: [0, 0, 0]
    Size: [224, 320, 320]
  RequestedRegion: 
    Dimension: 3
    Index: [0, 0, 0]
    Size: [224, 320, 320]
  Spacing: [0.699997, 0.7, 0.7]
  Origin: [-75.5706, 75.9683, -76.5881]
  Direction: 
1 0 0
0 -1 0
0 0 1

  IndexToPointMatrix: 
0.699997 0 0
0 -0.7 0
0 0 0.7

  PointToIndexMatrix: 
1.42858 0 0
0 -1.42857 0
0 0 1.42857

  Inverse Direction: 
1 0 0
0 -1 0
0 0 1

  PixelContainer: 
    ImportImageContainer (0x39e2c90)
      RTTI typeinfo:   itk::ImportImageContainer<unsigned long, double>
      Reference Count: 1
      Modified Time: 1708
      Debug: Off
      Object Name: 
      Observers: 
        none
      Pointer: 0x2ad67b385010
      Container manages memory: true
      Size: 22937600
      Capacity: 22937600

     Weighting = 1
     Sampling strategy = regular
     Number of bins = 32
     Radius = 4
     Sampling percentage  = 0.25
   Transform = Rigid
     Gradient step = 0.1
     Update field sigma (voxel space) = 0
     Total field sigma (voxel space) = 0
     Update field time sigma = 0
     Total field time sigma  = 0
     Number of time indices = 0
     Number of time point samples = 0
Stage 2 State
   Image metric = Mattes
     Fixed image = Image (0x39e6010)
  RTTI typeinfo:   itk::Image<double, 3u>
  Reference Count: 2
  Modified Time: 2067
  Debug: Off
  Object Name: 
  Observers: 
    none
  Source: (none)
  Source output name: (none)
  Release Data: Off
  Data Released: False
  Global Release Data: Off
  PipelineMTime: 0
  UpdateMTime: 1889
  RealTimeStamp: 0 seconds 
  LargestPossibleRegion: 
    Dimension: 3
    Index: [0, 0, 0]
    Size: [512, 512, 54]
  BufferedRegion: 
    Dimension: 3
    Index: [0, 0, 0]
    Size: [512, 512, 54]
  RequestedRegion: 
    Dimension: 3
    Index: [0, 0, 0]
    Size: [512, 512, 54]
  Spacing: [0.4375, 0.4375, 1.1]
  Origin: [-111.921, 10.5144, -80.933]
  Direction: 
1 0.000451098 -0.000253147
0.000451098 -0.521001 0.853556
-0.000253147 0.853556 0.521001

  IndexToPointMatrix: 
0.4375 0.000197355 -0.000278462
0.000197355 -0.227938 0.938913
-0.000110752 0.373431 0.573103

  PointToIndexMatrix: 
2.28571 0.00103108 -0.000578622
0.00103108 -1.19086 1.95098
-0.000230133 0.775958 0.473637

  Inverse Direction: 
1 0.000451098 -0.000253147
0.000451098 -0.521001 0.853556
-0.000253147 0.853556 0.521001

  PixelContainer: 
    ImportImageContainer (0x39df210)
      RTTI typeinfo:   itk::ImportImageContainer<unsigned long, double>
      Reference Count: 1
      Modified Time: 1886
      Debug: Off
      Object Name: 
      Observers: 
        none
      Pointer: 0x2ad686286010
      Container manages memory: true
      Size: 14155776
      Capacity: 14155776

     Moving image = Image (0x39f1cd0)
  RTTI typeinfo:   itk::Image<double, 3u>
  Reference Count: 2
  Modified Time: 2068
  Debug: Off
  Object Name: 
  Observers: 
    none
  Source: (none)
  Source output name: (none)
  Release Data: Off
  Data Released: False
  Global Release Data: Off
  PipelineMTime: 0
  UpdateMTime: 2065
  RealTimeStamp: 0 seconds 
  LargestPossibleRegion: 
    Dimension: 3
    Index: [0, 0, 0]
    Size: [224, 320, 320]
  BufferedRegion: 
    Dimension: 3
    Index: [0, 0, 0]
    Size: [224, 320, 320]
  RequestedRegion: 
    Dimension: 3
    Index: [0, 0, 0]
    Size: [224, 320, 320]
  Spacing: [0.699997, 0.7, 0.7]
  Origin: [-75.5706, 75.9683, -76.5881]
  Direction: 
1 0 0
0 -1 0
0 0 1

  IndexToPointMatrix: 
0.699997 0 0
0 -0.7 0
0 0 0.7

  PointToIndexMatrix: 
1.42858 0 0
0 -1.42857 0
0 0 1.42857

  Inverse Direction: 
1 0 0
0 -1 0
0 0 1

  PixelContainer: 
    ImportImageContainer (0x39f1f60)
      RTTI typeinfo:   itk::ImportImageContainer<unsigned long, double>
      Reference Count: 1
      Modified Time: 2062
      Debug: Off
      Object Name: 
      Observers: 
        none
      Pointer: 0x2ad68ce87010
      Container manages memory: true
      Size: 22937600
      Capacity: 22937600

     Weighting = 1
     Sampling strategy = regular
     Number of bins = 32
     Radius = 4
     Sampling percentage  = 0.25
   Transform = Affine
     Gradient step = 0.1
     Update field sigma (voxel space) = 0
     Total field sigma (voxel space) = 0
     Update field time sigma = 0
     Total field time sigma  = 0
     Number of time indices = 0
     Number of time point samples = 0
Stage 3 State
   Image metric = Mattes
     Fixed image = Image (0x39f1fc0)
  RTTI typeinfo:   itk::Image<double, 3u>
  Reference Count: 2
  Modified Time: 2421
  Debug: Off
  Object Name: 
  Observers: 
    none
  Source: (none)
  Source output name: (none)
  Release Data: Off
  Data Released: False
  Global Release Data: Off
  PipelineMTime: 0
  UpdateMTime: 2243
  RealTimeStamp: 0 seconds 
  LargestPossibleRegion: 
    Dimension: 3
    Index: [0, 0, 0]
    Size: [512, 512, 54]
  BufferedRegion: 
    Dimension: 3
    Index: [0, 0, 0]
    Size: [512, 512, 54]
  RequestedRegion: 
    Dimension: 3
    Index: [0, 0, 0]
    Size: [512, 512, 54]
  Spacing: [0.4375, 0.4375, 1.1]
  Origin: [-111.921, 10.5144, -80.933]
  Direction: 
1 0.000451098 -0.000253147
0.000451098 -0.521001 0.853556
-0.000253147 0.853556 0.521001

  IndexToPointMatrix: 
0.4375 0.000197355 -0.000278462
0.000197355 -0.227938 0.938913
-0.000110752 0.373431 0.573103

  PointToIndexMatrix: 
2.28571 0.00103108 -0.000578622
0.00103108 -1.19086 1.95098
-0.000230133 0.775958 0.473637

  Inverse Direction: 
1 0.000451098 -0.000253147
0.000451098 -0.521001 0.853556
-0.000253147 0.853556 0.521001

  PixelContainer: 
    ImportImageContainer (0x39f3dd0)
      RTTI typeinfo:   itk::ImportImageContainer<unsigned long, double>
      Reference Count: 1
      Modified Time: 2240
      Debug: Off
      Object Name: 
      Observers: 
        none
      Pointer: 0x2ad697d88010
      Container manages memory: true
      Size: 14155776
      Capacity: 14155776

     Moving image = Image (0x39fa6f0)
  RTTI typeinfo:   itk::Image<double, 3u>
  Reference Count: 2
  Modified Time: 2422
  Debug: Off
  Object Name: 
  Observers: 
    none
  Source: (none)
  Source output name: (none)
  Release Data: Off
  Data Released: False
  Global Release Data: Off
  PipelineMTime: 0
  UpdateMTime: 2419
  RealTimeStamp: 0 seconds 
  LargestPossibleRegion: 
    Dimension: 3
    Index: [0, 0, 0]
    Size: [224, 320, 320]
  BufferedRegion: 
    Dimension: 3
    Index: [0, 0, 0]
    Size: [224, 320, 320]
  RequestedRegion: 
    Dimension: 3
    Index: [0, 0, 0]
    Size: [224, 320, 320]
  Spacing: [0.699997, 0.7, 0.7]
  Origin: [-75.5706, 75.9683, -76.5881]
  Direction: 
1 0 0
0 -1 0
0 0 1

  IndexToPointMatrix: 
0.699997 0 0
0 -0.7 0
0 0 0.7

  PointToIndexMatrix: 
1.42858 0 0
0 -1.42857 0
0 0 1.42857

  Inverse Direction: 
1 0 0
0 -1 0
0 0 1

  PixelContainer: 
    ImportImageContainer (0x39fa980)
      RTTI typeinfo:   itk::ImportImageContainer<unsigned long, double>
      Reference Count: 1
      Modified Time: 2416
      Debug: Off
      Object Name: 
      Observers: 
        none
      Pointer: 0x2ad69e989010
      Container manages memory: true
      Size: 22937600
      Capacity: 22937600

     Weighting = 1
     Sampling strategy = none
     Number of bins = 32
     Radius = 4
     Sampling percentage  = 1
   Transform = SyN
     Gradient step = 0.1
     Update field sigma (voxel space) = 3
     Total field sigma (voxel space) = 0
     Update field time sigma = 0
     Total field time sigma  = 0
     Number of time indices = 0
     Number of time point samples = 0
Registration using 3 total stages.

Stage 0
  iterations = 1000x500x250x0
  convergence threshold = 1e-06
  convergence window size = 10
  number of levels = 4
  using the Mattes MI metric (number of bins = 32, weight = 1)
  preprocessing:  winsorizing the image intensities
  Shrink factors (level 1 out of 4): [12, 12, 5]
  Shrink factors (level 2 out of 4): [8, 8, 3]
  Shrink factors (level 3 out of 4): [4, 4, 2]
  Shrink factors (level 4 out of 4): [2, 2, 1]
  smoothing sigmas per level: [4, 3, 2, 1]
  regular sampling (percentage = 0.25)

*** Running Euler3DTransform registration ***

DIAGNOSTIC,Iteration,metricValue,convergenceValue,ITERATION_TIME_INDEX,SINCE_LAST
 2DIAGNOSTIC,     1, -1.759974183816e-01, 1.797693134862e+308, 1.8299e+01, 1.8299e+01, 
 2DIAGNOSTIC,     2, -1.777967326251e-01, 1.797693134862e+308, 1.8326e+01, 2.7619e-02, 
 2DIAGNOSTIC,     3, -1.802447645761e-01, 1.797693134862e+308, 1.8354e+01, 2.7666e-02, 
 2DIAGNOSTIC,     4, -1.847753392657e-01, 1.797693134862e+308, 1.8382e+01, 2.7836e-02, 
 2DIAGNOSTIC,     5, -1.898664747889e-01, 1.797693134862e+308, 1.8405e+01, 2.2722e-02, 
 2DIAGNOSTIC,     6, -1.916822748681e-01, 1.797693134862e+308, 1.8430e+01, 2.5486e-02, 
 2DIAGNOSTIC,     7, -1.909156328699e-01, 1.797693134862e+308, 1.8452e+01, 2.1882e-02, 
 2DIAGNOSTIC,     8, -1.920476315781e-01, 1.797693134862e+308, 1.8479e+01, 2.7084e-02, 
 2DIAGNOSTIC,     9, -1.928441267314e-01, 1.797693134862e+308, 1.8502e+01, 2.3149e-02, 
 2DIAGNOSTIC,    10, -1.962258826197e-01, 6.807548995679e-03, 1.8543e+01, 4.0464e-02, 
 2DIAGNOSTIC,    11, -1.959573495635e-01, 5.317677629765e-03, 1.8581e+01, 3.8402e-02, 
 2DIAGNOSTIC,    12, -1.962746529748e-01, 3.892339271803e-03, 1.8604e+01, 2.3371e-02, 
 2DIAGNOSTIC,    13, -1.961285023970e-01, 2.608476438274e-03, 1.8632e+01, 2.7321e-02, 
 2DIAGNOSTIC,    14, -1.959969732257e-01, 1.731251290754e-03, 1.8655e+01, 2.3335e-02, 
 2DIAGNOSTIC,    15, -1.957975589070e-01, 1.295074224443e-03, 1.8674e+01, 1.9195e-02, 
 2DIAGNOSTIC,    16, -1.954430360489e-01, 9.367599585004e-04, 1.8702e+01, 2.7538e-02, 
 2DIAGNOSTIC,    17, -1.954560345507e-01, 4.726551746430e-04, 1.8721e+01, 1.8733e-02, 
 2DIAGNOSTIC,    18, -1.950098262373e-01, 7.518149830109e-05, 1.8739e+01, 1.8723e-02, 
DIAGNOSTIC,Iteration,metricValue,convergenceValue,ITERATION_TIME_INDEX,SINCE_LAST
 2DIAGNOSTIC,     1, -1.423737709362e-01, 1.797693134862e+308, 3.2785e+01, 1.4046e+01, 
 2DIAGNOSTIC,     2, -1.432827690156e-01, 1.797693134862e+308, 3.2872e+01, 8.6677e-02, 
 2DIAGNOSTIC,     3, -1.446551759683e-01, 1.797693134862e+308, 3.2963e+01, 9.0494e-02, 
 2DIAGNOSTIC,     4, -1.468100908606e-01, 1.797693134862e+308, 3.3051e+01, 8.7990e-02, 
 2DIAGNOSTIC,     5, -1.491943572423e-01, 1.797693134862e+308, 3.3136e+01, 8.5484e-02, 
 2DIAGNOSTIC,     6, -1.522157276720e-01, 1.797693134862e+308, 3.3225e+01, 8.8912e-02, 
 2DIAGNOSTIC,     7, -1.571328212924e-01, 1.797693134862e+308, 3.3313e+01, 8.7833e-02, 
 2DIAGNOSTIC,     8, -1.641932765217e-01, 1.797693134862e+308, 3.3401e+01, 8.8478e-02, 
 2DIAGNOSTIC,     9, -2.241786068596e-01, 1.797693134862e+308, 3.3571e+01, 1.6958e-01, 
 2DIAGNOSTIC,    10, -3.070737801285e-01, 4.176952892829e-02, 3.3786e+01, 2.1550e-01, 
 2DIAGNOSTIC,    11, -3.107880180619e-01, 5.171561338894e-02, 3.3881e+01, 9.5037e-02, 
 2DIAGNOSTIC,    12, -3.207263948905e-01, 5.593240069673e-02, 3.3975e+01, 9.3135e-02, 
 2DIAGNOSTIC,    13, -3.358006346779e-01, 5.583358730809e-02, 3.4069e+01, 9.4637e-02, 
 2DIAGNOSTIC,    14, -3.538554407608e-01, 5.233605456342e-02, 3.4165e+01, 9.6052e-02, 
 2DIAGNOSTIC,    15, -3.635888061683e-01, 4.571480492476e-02, 3.4261e+01, 9.5802e-02, 
 2DIAGNOSTIC,    16, -3.699234798505e-01, 3.702015178358e-02, 3.4381e+01, 1.1957e-01, 
 2DIAGNOSTIC,    17, -3.759885293059e-01, 2.741347554215e-02, 3.4475e+01, 9.4572e-02, 
 2DIAGNOSTIC,    18, -3.794890530990e-01, 1.752764755365e-02, 3.4611e+01, 1.3569e-01, 
 2DIAGNOSTIC,    19, -3.867608091336e-01, 1.130851833907e-02, 3.4837e+01, 2.2576e-01, 
 2DIAGNOSTIC,    20, -3.872534495080e-01, 9.424017338118e-03, 3.4934e+01, 9.7050e-02, 
 2DIAGNOSTIC,    21, -3.889203483336e-01, 7.210291541317e-03, 3.5028e+01, 9.3916e-02, 
 2DIAGNOSTIC,    22, -3.908486329562e-01, 5.165459434997e-03, 3.5123e+01, 9.5161e-02, 
 2DIAGNOSTIC,    23, -3.926970994775e-01, 3.613972261573e-03, 3.5218e+01, 9.5208e-02, 
 2DIAGNOSTIC,    24, -3.942172462511e-01, 2.704340917361e-03, 3.5315e+01, 9.7069e-02, 
 2DIAGNOSTIC,    25, -3.953410223950e-01, 2.063764242740e-03, 3.5432e+01, 1.1741e-01, 
 2DIAGNOSTIC,    26, -3.956575805238e-01, 1.542943183054e-03, 3.5594e+01, 1.6113e-01, 
 2DIAGNOSTIC,    27, -3.959565566432e-01, 1.153208884102e-03, 3.5690e+01, 9.6019e-02, 
 2DIAGNOSTIC,    28, -3.961283296539e-01, 8.089207899810e-04, 3.5802e+01, 1.1273e-01, 
 2DIAGNOSTIC,    29, -3.964466365020e-01, 6.635256283123e-04, 3.5920e+01, 1.1817e-01, 
 2DIAGNOSTIC,    30, -3.965804161995e-01, 4.871271210057e-04, 3.6060e+01, 1.3908e-01, 
 2DIAGNOSTIC,    31, -3.969130099653e-01, 3.380310851878e-04, 3.6175e+01, 1.1590e-01, 
 2DIAGNOSTIC,    32, -3.969280035270e-01, 2.232842042928e-04, 3.6292e+01, 1.1608e-01, 
 2DIAGNOSTIC,    33, -3.969308154076e-01, 1.460552980956e-04, 3.6410e+01, 1.1819e-01, 
 2DIAGNOSTIC,    34, -3.969339557251e-01, 1.001038295233e-04, 3.6527e+01, 1.1720e-01, 
 2DIAGNOSTIC,    35, -3.969394851110e-01, 7.642744241595e-05, 3.6663e+01, 1.3644e-01, 
 2DIAGNOSTIC,    36, -3.969417394138e-01, 5.485127780235e-05, 3.6779e+01, 1.1600e-01, 
 2DIAGNOSTIC,    37, -3.969474047344e-01, 3.679699520218e-05, 3.7026e+01, 2.4643e-01, 
 2DIAGNOSTIC,    38, -3.969474062671e-01, 2.038544791347e-05, 3.7461e+01, 4.3537e-01, 
 2DIAGNOSTIC,    39, -3.969474062671e-01, 1.021390122612e-05, 3.7658e+01, 1.9704e-01, 
 2DIAGNOSTIC,    40, -3.969474062671e-01, 2.451019526513e-06, 3.7770e+01, 1.1218e-01, 
 2DIAGNOSTIC,    41, -3.969474062671e-01, 1.927546479208e-06, 3.7899e+01, 1.2895e-01, 
 2DIAGNOSTIC,    42, -3.969474062671e-01, 1.641363667586e-06, 3.8011e+01, 1.1127e-01, 
 2DIAGNOSTIC,    43, -3.969474062671e-01, 1.355740673805e-06, 3.8127e+01, 1.1663e-01, 
 2DIAGNOSTIC,    44, -3.969474062671e-01, 1.099225561463e-06, 3.8247e+01, 1.1942e-01, 
DIAGNOSTIC,Iteration,metricValue,convergenceValue,ITERATION_TIME_INDEX,SINCE_LAST
 2DIAGNOSTIC,     1, -3.631016018906e-01, 1.797693134862e+308, 4.6276e+01, 8.0296e+00, 
 2DIAGNOSTIC,     2, -3.641717801133e-01, 1.797693134862e+308, 4.6713e+01, 4.3682e-01, 
 2DIAGNOSTIC,     3, -3.644921982552e-01, 1.797693134862e+308, 4.7149e+01, 4.3558e-01, 
 2DIAGNOSTIC,     4, -3.646055656211e-01, 1.797693134862e+308, 4.7591e+01, 4.4202e-01, 
 2DIAGNOSTIC,     5, -3.648037924963e-01, 1.797693134862e+308, 4.8220e+01, 6.2909e-01, 
 2DIAGNOSTIC,     6, -3.649225749807e-01, 1.797693134862e+308, 4.8850e+01, 6.3065e-01, 
 2DIAGNOSTIC,     7, -3.649127320430e-01, 1.797693134862e+308, 4.9573e+01, 7.2304e-01, 
 2DIAGNOSTIC,     8, -3.649149081363e-01, 1.797693134862e+308, 5.0108e+01, 5.3462e-01, 
 2DIAGNOSTIC,     9, -3.648948352127e-01, 1.797693134862e+308, 5.0835e+01, 7.2662e-01, 
 2DIAGNOSTIC,    10, -3.648965309608e-01, 2.281978579245e-04, 5.1355e+01, 5.2073e-01, 
 2DIAGNOSTIC,    11, -3.648823286272e-01, 9.623158287342e-05, 5.1884e+01, 5.2821e-01, 
 2DIAGNOSTIC,    12, -3.648771432447e-01, 4.677337583057e-05, 5.2318e+01, 4.3391e-01, 
 2DIAGNOSTIC,    13, -3.648688788238e-01, 1.973031964637e-05, 5.2848e+01, 5.2999e-01, 
 2DIAGNOSTIC,    14, -3.648900894239e-01, 2.244285080749e-06, 5.3372e+01, 5.2425e-01, 
DIAGNOSTIC,Iteration,metricValue,convergenceValue,ITERATION_TIME_INDEX,SINCE_LAST
 2DIAGNOSTIC,     1, -3.104999882228e-01, 1.797693134862e+308, 6.1479e+01, 8.1075e+00, 
  Elapsed time (stage 0): 6.3669e+01


Stage 1
  iterations = 1000x500x250x0
  convergence threshold = 1.0000e-06
  convergence window size = 10
  number of levels = 4
  using the Mattes MI metric (number of bins = 32, weight = 1.0000e+00)
  preprocessing:  winsorizing the image intensities
  Shrink factors (level 1 out of 4): [12, 12, 5]
  Shrink factors (level 2 out of 4): [8, 8, 3]
  Shrink factors (level 3 out of 4): [4, 4, 2]
  Shrink factors (level 4 out of 4): [2, 2, 1]
  smoothing sigmas per level: [4, 3, 2, 1]
  regular sampling (percentage = 2.5000e-01)

*** Running AffineTransform registration ***

DIAGNOSTIC,Iteration,metricValue,convergenceValue,ITERATION_TIME_INDEX,SINCE_LAST
 2DIAGNOSTIC,     1, -4.134569118883e-01, 1.797693134862e+308, 1.8161e+01, 1.8161e+01, 
 2DIAGNOSTIC,     2, -4.139897921179e-01, 1.797693134862e+308, 1.8187e+01, 2.5515e-02, 
 2DIAGNOSTIC,     3, -4.165556699830e-01, 1.797693134862e+308, 1.8212e+01, 2.5098e-02, 
 2DIAGNOSTIC,     4, -4.182609352220e-01, 1.797693134862e+308, 1.8235e+01, 2.2844e-02, 
 2DIAGNOSTIC,     5, -4.220136987964e-01, 1.797693134862e+308, 1.8262e+01, 2.7281e-02, 
 2DIAGNOSTIC,     6, -4.243929887269e-01, 1.797693134862e+308, 1.8289e+01, 2.6430e-02, 
 2DIAGNOSTIC,     7, -4.242518253588e-01, 1.797693134862e+308, 1.8318e+01, 2.9160e-02, 
 2DIAGNOSTIC,     8, -4.244511721482e-01, 1.797693134862e+308, 1.8343e+01, 2.5455e-02, 
 2DIAGNOSTIC,     9, -4.237892678401e-01, 1.797693134862e+308, 1.8368e+01, 2.5180e-02, 
 2DIAGNOSTIC,    10, -4.229363021490e-01, 1.813177553372e-03, 1.8390e+01, 2.1999e-02, 
 2DIAGNOSTIC,    11, -4.232520524739e-01, 1.221020049455e-03, 1.8414e+01, 2.3604e-02, 
 2DIAGNOSTIC,    12, -4.238668905740e-01, 6.818021967015e-04, 1.8444e+01, 3.0045e-02, 
 2DIAGNOSTIC,    13, -4.241355906680e-01, 3.122839076391e-04, 1.8474e+01, 3.0374e-02, 
 2DIAGNOSTIC,    14, -4.240523443630e-01, 4.289035604894e-05, 1.8500e+01, 2.5867e-02, 
DIAGNOSTIC,Iteration,metricValue,convergenceValue,ITERATION_TIME_INDEX,SINCE_LAST
 2DIAGNOSTIC,     1, -3.943960295991e-01, 1.797693134862e+308, 3.2576e+01, 1.4075e+01, 
 2DIAGNOSTIC,     2, -3.956481159801e-01, 1.797693134862e+308, 3.2681e+01, 1.0501e-01, 
 2DIAGNOSTIC,     3, -3.969964514608e-01, 1.797693134862e+308, 3.2791e+01, 1.1020e-01, 
 2DIAGNOSTIC,     4, -3.981133496114e-01, 1.797693134862e+308, 3.2902e+01, 1.1099e-01, 
 2DIAGNOSTIC,     5, -3.988062920793e-01, 1.797693134862e+308, 3.3087e+01, 1.8489e-01, 
 2DIAGNOSTIC,     6, -3.990830595294e-01, 1.797693134862e+308, 3.3341e+01, 2.5403e-01, 
 2DIAGNOSTIC,     7, -3.990873317221e-01, 1.797693134862e+308, 3.3450e+01, 1.0977e-01, 
 2DIAGNOSTIC,     8, -3.991014837992e-01, 1.797693134862e+308, 3.3557e+01, 1.0618e-01, 
 2DIAGNOSTIC,     9, -3.991226892173e-01, 1.797693134862e+308, 3.3660e+01, 1.0376e-01, 
 2DIAGNOSTIC,    10, -3.991527422253e-01, 7.009784832287e-04, 3.3762e+01, 1.0207e-01, 
 2DIAGNOSTIC,    11, -3.991909760720e-01, 4.101106633913e-04, 3.3869e+01, 1.0643e-01, 
 2DIAGNOSTIC,    12, -3.992368832561e-01, 2.076323571593e-04, 3.3977e+01, 1.0829e-01, 
 2DIAGNOSTIC,    13, -3.992934477539e-01, 9.391187470162e-05, 3.4080e+01, 1.0289e-01, 
 2DIAGNOSTIC,    14, -3.993760159632e-01, 4.841335238200e-05, 3.4207e+01, 1.2720e-01, 
 2DIAGNOSTIC,    15, -3.994840241877e-01, 4.243312716169e-05, 3.4310e+01, 1.0280e-01, 
 2DIAGNOSTIC,    16, -4.003390604700e-01, 8.387121296308e-05, 3.4433e+01, 1.2344e-01, 
 2DIAGNOSTIC,    17, -4.004147256046e-01, 1.152811287133e-04, 3.4567e+01, 1.3315e-01, 
 2DIAGNOSTIC,    18, -4.004603518375e-01, 1.354286920615e-04, 3.4664e+01, 9.7253e-02, 
 2DIAGNOSTIC,    19, -4.005134830653e-01, 1.442966868872e-04, 3.4762e+01, 9.8140e-02, 
 2DIAGNOSTIC,    20, -4.006734076637e-01, 1.456211781945e-04, 3.4916e+01, 1.5380e-01, 
 2DIAGNOSTIC,    21, -4.007276647793e-01, 1.359445434668e-04, 3.5013e+01, 9.7109e-02, 
 2DIAGNOSTIC,    22, -4.007532749098e-01, 1.168432657349e-04, 3.5116e+01, 1.0280e-01, 
 2DIAGNOSTIC,    23, -4.007932691140e-01, 9.204215719351e-05, 3.5223e+01, 1.0754e-01, 
 2DIAGNOSTIC,    24, -4.008312254264e-01, 6.459668734828e-05, 3.5392e+01, 1.6834e-01, 
 2DIAGNOSTIC,    25, -4.008716370906e-01, 3.689623659380e-05, 3.5499e+01, 1.0749e-01, 
 2DIAGNOSTIC,    26, -4.009095648131e-01, 3.236090508826e-05, 3.5600e+01, 1.0096e-01, 
 2DIAGNOSTIC,    27, -4.011807005273e-01, 3.440014377082e-05, 3.5700e+01, 1.0033e-01, 
 2DIAGNOSTIC,    28, -4.014983557593e-01, 4.223017685546e-05, 3.5902e+01, 2.0109e-01, 
 2DIAGNOSTIC,    29, -4.015396759688e-01, 4.771725104669e-05, 3.6010e+01, 1.0894e-01, 
 2DIAGNOSTIC,    30, -4.015538270115e-01, 5.268670658524e-05, 3.6112e+01, 1.0174e-01, 
 2DIAGNOSTIC,    31, -4.015320933105e-01, 5.328216220295e-05, 3.6216e+01, 1.0417e-01, 
 2DIAGNOSTIC,    32, -4.016129054457e-01, 5.115425350511e-05, 3.6324e+01, 1.0744e-01, 
 2DIAGNOSTIC,    33, -4.017566236765e-01, 4.816514440943e-05, 3.6543e+01, 2.1971e-01, 
 2DIAGNOSTIC,    34, -4.017627976537e-01, 4.175918738540e-05, 3.6649e+01, 1.0564e-01, 
 2DIAGNOSTIC,    35, -4.017683230082e-01, 3.297697372283e-05, 3.6751e+01, 1.0225e-01, 
 2DIAGNOSTIC,    36, -4.017771148035e-01, 2.253829191927e-05, 3.6857e+01, 1.0558e-01, 
 2DIAGNOSTIC,    37, -4.017925921707e-01, 1.591198223719e-05, 3.6959e+01, 1.0238e-01, 
 2DIAGNOSTIC,    38, -4.018551920560e-01, 1.522976662872e-05, 3.7065e+01, 1.0590e-01, 
 2DIAGNOSTIC,    39, -4.019240183209e-01, 1.519056027451e-05, 3.7305e+01, 2.4007e-01, 
 2DIAGNOSTIC,    40, -4.019260442416e-01, 1.412036356830e-05, 3.7405e+01, 1.0001e-01, 
 2DIAGNOSTIC,    41, -4.019290890767e-01, 1.152644480895e-05, 3.7502e+01, 9.7059e-02, 
 2DIAGNOSTIC,    42, -4.019355990396e-01, 9.448792144949e-06, 3.7604e+01, 1.0161e-01, 
 2DIAGNOSTIC,    43, -4.019543730541e-01, 9.297121628466e-06, 3.7707e+01, 1.0295e-01, 
 2DIAGNOSTIC,    44, -4.019651833652e-01, 8.582733436468e-06, 3.7813e+01, 1.0651e-01, 
 2DIAGNOSTIC,    45, -4.020261304519e-01, 8.208011072281e-06, 3.7989e+01, 1.7598e-01, 
 2DIAGNOSTIC,    46, -4.020309819973e-01, 7.343399015824e-06, 3.8118e+01, 1.2905e-01, 
 2DIAGNOSTIC,    47, -4.020397324194e-01, 6.239757008038e-06, 3.8253e+01, 1.3444e-01, 
 2DIAGNOSTIC,    48, -4.020463973525e-01, 5.651971764199e-06, 3.8363e+01, 1.0981e-01, 
 2DIAGNOSTIC,    49, -4.020509209592e-01, 5.666902596492e-06, 3.8494e+01, 1.3130e-01, 
 2DIAGNOSTIC,    50, -4.020302587635e-01, 4.926184155180e-06, 3.8601e+01, 1.0726e-01, 
 2DIAGNOSTIC,    51, -4.020384418416e-01, 3.968387466306e-06, 3.8730e+01, 1.2877e-01, 
 2DIAGNOSTIC,    52, -4.020466387648e-01, 2.927395367277e-06, 3.8949e+01, 2.1907e-01, 
 2DIAGNOSTIC,    53, -4.020469405376e-01, 1.957401523055e-06, 3.9057e+01, 1.0745e-01, 
 2DIAGNOSTIC,    54, -4.020500651486e-01, 1.058736981339e-06, 3.9187e+01, 1.3004e-01, 
DIAGNOSTIC,Iteration,metricValue,convergenceValue,ITERATION_TIME_INDEX,SINCE_LAST
 2DIAGNOSTIC,     1, -3.652978480048e-01, 1.797693134862e+308, 4.7293e+01, 8.1064e+00, 
 2DIAGNOSTIC,     2, -3.670212346191e-01, 1.797693134862e+308, 4.7813e+01, 5.1963e-01, 
 2DIAGNOSTIC,     3, -3.682139858664e-01, 1.797693134862e+308, 4.8339e+01, 5.2690e-01, 
 2DIAGNOSTIC,     4, -3.688154731242e-01, 1.797693134862e+308, 4.8862e+01, 5.2279e-01, 
 2DIAGNOSTIC,     5, -3.692791018851e-01, 1.797693134862e+308, 4.9478e+01, 6.1566e-01, 
 2DIAGNOSTIC,     6, -3.693267046659e-01, 1.797693134862e+308, 5.0098e+01, 6.1964e-01, 
 2DIAGNOSTIC,     7, -3.693544144910e-01, 1.797693134862e+308, 5.0620e+01, 5.2261e-01, 
 2DIAGNOSTIC,     8, -3.692586861497e-01, 1.797693134862e+308, 5.1346e+01, 7.2571e-01, 
 2DIAGNOSTIC,     9, -3.691874812418e-01, 1.797693134862e+308, 5.1967e+01, 6.2073e-01, 
 2DIAGNOSTIC,    10, -3.692020685628e-01, 5.268445641914e-04, 5.2596e+01, 6.2899e-01, 
 2DIAGNOSTIC,    11, -3.691623301092e-01, 2.314723804721e-04, 5.3229e+01, 6.3296e-01, 
 2DIAGNOSTIC,    12, -3.691901149644e-01, 7.617420619388e-05, 5.3861e+01, 6.3275e-01, 
 2DIAGNOSTIC,    13, -3.691417185309e-01, 5.428182777364e-06, 5.4490e+01, 6.2903e-01, 
DIAGNOSTIC,Iteration,metricValue,convergenceValue,ITERATION_TIME_INDEX,SINCE_LAST
 2DIAGNOSTIC,     1, -3.130678700190e-01, 1.797693134862e+308, 6.3218e+01, 8.7277e+00, 
  Elapsed time (stage 1): 6.5436e+01


Stage 2
  iterations = 100x100x70x50x0
  convergence threshold = 1.0000e-06
  convergence window size = 10
  number of levels = 5
  using the Mattes MI metric (number of bins = 32, weight = 1.0000e+00)
  preprocessing:  winsorizing the image intensities
  Shrink factors (level 1 out of 5): [10, 10, 4]
  Shrink factors (level 2 out of 5): [6, 6, 2]
  Shrink factors (level 3 out of 5): [4, 4, 2]
  Shrink factors (level 4 out of 5): [2, 2, 1]
  Shrink factors (level 5 out of 5): [1, 1, 1]
  smoothing sigmas per level: [5, 3, 2, 1, 0]
  Using default NONE metricSamplingStrategy 

*** Running SyN registration (varianceForUpdateField = 3.0000e+00, varianceForTotalField = 0.0000e+00) ***

XXDIAGNOSTIC,Iteration,metricValue,convergenceValue,ITERATION_TIME_INDEX,SINCE_LAST
 1DIAGNOSTIC,     1, -4.498987699901e-01, 1.797693134862e+308, 2.5610e+01, 2.5610e+01, 
 1DIAGNOSTIC,     2, -4.562866404273e-01, 1.797693134862e+308, 2.5875e+01, 2.6568e-01, 
 1DIAGNOSTIC,     3, -4.612653603331e-01, 1.797693134862e+308, 2.6145e+01, 2.7021e-01, 
 1DIAGNOSTIC,     4, -4.655095003821e-01, 1.797693134862e+308, 2.6412e+01, 2.6620e-01, 
 1DIAGNOSTIC,     5, -4.692769815002e-01, 1.797693134862e+308, 2.6671e+01, 2.5907e-01, 
 1DIAGNOSTIC,     6, -4.718717417889e-01, 1.797693134862e+308, 2.6929e+01, 2.5865e-01, 
 1DIAGNOSTIC,     7, -4.745587463898e-01, 1.797693134862e+308, 2.7188e+01, 2.5831e-01, 
 1DIAGNOSTIC,     8, -4.767757757081e-01, 1.797693134862e+308, 2.7445e+01, 2.5713e-01, 
 1DIAGNOSTIC,     9, -4.787687320560e-01, 1.797693134862e+308, 2.7702e+01, 2.5708e-01, 
 1DIAGNOSTIC,    10, -4.811333837669e-01, 4.032081576426e-03, 2.7963e+01, 2.6087e-01, 
 1DIAGNOSTIC,    11, -4.830933409452e-01, 3.160277536058e-03, 2.8229e+01, 2.6661e-01, 
 1DIAGNOSTIC,    12, -4.851971738282e-01, 2.576699522547e-03, 2.8498e+01, 2.6819e-01, 
 1DIAGNOSTIC,    13, -4.869802058811e-01, 2.161886326564e-03, 2.8768e+01, 2.7086e-01, 
 1DIAGNOSTIC,    14, -4.894327802966e-01, 1.895477420971e-03, 2.9036e+01, 2.6780e-01, 
 1DIAGNOSTIC,    15, -4.914381956934e-01, 1.720222809018e-03, 2.9308e+01, 2.7218e-01, 
 1DIAGNOSTIC,    16, -4.930194265837e-01, 1.563485392666e-03, 2.9581e+01, 2.7257e-01, 
 1DIAGNOSTIC,    17, -4.949354570935e-01, 1.442273061044e-03, 2.9854e+01, 2.7348e-01, 
 1DIAGNOSTIC,    18, -4.966437660208e-01, 1.330062049590e-03, 3.0127e+01, 2.7300e-01, 
 1DIAGNOSTIC,    19, -4.983055838150e-01, 1.219104158025e-03, 3.0399e+01, 2.7168e-01, 
 1DIAGNOSTIC,    20, -5.005269268701e-01, 1.140852879559e-03, 3.0670e+01, 2.7060e-01, 
 1DIAGNOSTIC,    21, -5.017864257897e-01, 1.053280969399e-03, 3.0944e+01, 2.7403e-01, 
 1DIAGNOSTIC,    22, -5.045344573639e-01, 1.005287012926e-03, 3.1218e+01, 2.7421e-01, 
 1DIAGNOSTIC,    23, -5.065973829117e-01, 9.637769759188e-04, 3.1494e+01, 2.7559e-01, 
 1DIAGNOSTIC,    24, -5.083090927836e-01, 9.361767946949e-04, 3.1767e+01, 2.7327e-01, 
 1DIAGNOSTIC,    25, -5.108890734310e-01, 9.299612774151e-04, 3.2038e+01, 2.7081e-01, 
 1DIAGNOSTIC,    26, -5.119622144652e-01, 8.951524752972e-04, 3.2313e+01, 2.7491e-01, 
 1DIAGNOSTIC,    27, -5.133414018673e-01, 8.495857248977e-04, 3.2588e+01, 2.7589e-01, 
 1DIAGNOSTIC,    28, -5.141350142383e-01, 7.787668623232e-04, 3.2865e+01, 2.7661e-01, 
 1DIAGNOSTIC,    29, -5.154476489063e-01, 6.985096665336e-04, 3.3140e+01, 2.7468e-01, 
 1DIAGNOSTIC,    30, -5.157001745637e-01, 6.052947362083e-04, 3.3412e+01, 2.7276e-01, 
 1DIAGNOSTIC,    31, -5.167550688804e-01, 5.037717296539e-04, 3.3692e+01, 2.7907e-01, 
 1DIAGNOSTIC,    32, -5.157429915380e-01, 3.921405534358e-04, 3.3968e+01, 2.7632e-01, 
 1DIAGNOSTIC,    33, -5.181514161560e-01, 3.290562675422e-04, 3.4247e+01, 2.7931e-01, 
 1DIAGNOSTIC,    34, -5.180799267993e-01, 2.643834084924e-04, 3.4523e+01, 2.7585e-01, 
 1DIAGNOSTIC,    35, -5.186628164887e-01, 2.305646372563e-04, 3.4797e+01, 2.7380e-01, 
 1DIAGNOSTIC,    36, -5.182116325518e-01, 1.868093899264e-04, 3.5069e+01, 2.7184e-01, 
 1DIAGNOSTIC,    37, -5.201756467024e-01, 1.799816438336e-04, 3.5341e+01, 2.7194e-01, 
 1DIAGNOSTIC,    38, -5.175867449509e-01, 1.278546427950e-04, 3.5616e+01, 2.7554e-01, 
 1DIAGNOSTIC,    39, -5.205322274447e-01, 1.299023374324e-04, 3.5894e+01, 2.7779e-01, 
 1DIAGNOSTIC,    40, -5.201793523981e-01, 1.167694689407e-04, 3.6168e+01, 2.7361e-01, 
 1DIAGNOSTIC,    41, -5.205621713916e-01, 1.140820357565e-04, 3.6440e+01, 2.7221e-01, 
 1DIAGNOSTIC,    42, -5.196779356590e-01, 7.431185091084e-05, 3.6714e+01, 2.7430e-01, 
 1DIAGNOSTIC,    43, -5.210849774728e-01, 8.067212540798e-05, 3.6988e+01, 2.7375e-01, 
 1DIAGNOSTIC,    44, -5.197430747084e-01, 5.987535017372e-05, 3.7261e+01, 2.7277e-01, 
 1DIAGNOSTIC,    45, -5.213699105784e-01, 6.266953308419e-05, 3.7534e+01, 2.7365e-01, 
 1DIAGNOSTIC,    46, -5.211469664470e-01, 5.009152261079e-05, 3.7809e+01, 2.7456e-01, 
 1DIAGNOSTIC,    47, -5.208739343152e-01, 5.517224407661e-05, 3.8082e+01, 2.7316e-01, 
 1DIAGNOSTIC,    48, -5.214597527231e-01, 3.037291238207e-05, 3.8357e+01, 2.7512e-01, 
 1DIAGNOSTIC,    49, -5.215201455182e-01, 3.840053091705e-05, 3.8631e+01, 2.7395e-01, 
 1DIAGNOSTIC,    50, -5.208700547689e-01, 3.090656085367e-05, 3.8912e+01, 2.8073e-01, 
 1DIAGNOSTIC,    51, -5.226593167474e-01, 4.544180411375e-05, 3.9186e+01, 2.7461e-01, 
 1DIAGNOSTIC,    52, -5.221763494545e-01, 3.931929663352e-05, 3.9460e+01, 2.7377e-01, 
 1DIAGNOSTIC,    53, -5.226267620021e-01, 5.026964304794e-05, 3.9734e+01, 2.7354e-01, 
 1DIAGNOSTIC,    54, -5.229234145190e-01, 4.464881523383e-05, 4.0008e+01, 2.7456e-01, 
 1DIAGNOSTIC,    55, -5.238470757559e-01, 6.122637619814e-05, 4.0282e+01, 2.7379e-01, 
 1DIAGNOSTIC,    56, -5.230301094550e-01, 6.064743563531e-05, 4.0556e+01, 2.7388e-01, 
 1DIAGNOSTIC,    57, -5.247598394919e-01, 6.883423229592e-05, 4.0831e+01, 2.7462e-01, 
 1DIAGNOSTIC,    58, -5.238270463385e-01, 6.650023872316e-05, 4.1105e+01, 2.7401e-01, 
 1DIAGNOSTIC,    59, -5.246102729566e-01, 6.649097455200e-05, 4.1377e+01, 2.7265e-01, 
 1DIAGNOSTIC,    60, -5.257990240154e-01, 6.454314150733e-05, 4.1654e+01, 2.7701e-01, 
 1DIAGNOSTIC,    61, -5.248692473181e-01, 6.431701698323e-05, 4.1934e+01, 2.7932e-01, 
 1DIAGNOSTIC,    62, -5.254776090567e-01, 5.943197486217e-05, 4.2212e+01, 2.7800e-01, 
 1DIAGNOSTIC,    63, -5.256737840753e-01, 5.467802684071e-05, 4.2487e+01, 2.7579e-01, 
 1DIAGNOSTIC,    64, -5.255303994385e-01, 4.589683593068e-05, 4.2764e+01, 2.7662e-01, 
 1DIAGNOSTIC,    65, -5.252110794141e-01, 3.846239897313e-05, 4.3038e+01, 2.7376e-01, 
 1DIAGNOSTIC,    66, -5.258757716250e-01, 2.607125654840e-05, 4.3316e+01, 2.7805e-01, 
 1DIAGNOSTIC,    67, -5.254657573204e-01, 2.281919941943e-05, 4.3594e+01, 2.7875e-01, 
 1DIAGNOSTIC,    68, -5.254708291627e-01, 9.767824404913e-06, 4.3874e+01, 2.7909e-01, 
 1DIAGNOSTIC,    69, -5.256444645473e-01, 3.751773613312e-06, 4.4151e+01, 2.7749e-01, 
 1DIAGNOSTIC,    70, -5.260743385953e-01, 1.075480608228e-05, 4.4425e+01, 2.7382e-01, 
 1DIAGNOSTIC,    71, -5.255242556709e-01, 4.634360505422e-06, 4.4702e+01, 2.7672e-01, 
 1DIAGNOSTIC,    72, -5.255482309115e-01, 3.312636320743e-06, 4.4981e+01, 2.7896e-01, 
 1DIAGNOSTIC,    73, -5.260540983828e-01, 7.209541307658e-06, 4.5258e+01, 2.7736e-01, 
 1DIAGNOSTIC,    74, -5.256561905291e-01, 6.134813056568e-06, 4.5536e+01, 2.7766e-01, 
 1DIAGNOSTIC,    75, -5.256764346119e-01, 2.228199637116e-06, 4.5810e+01, 2.7409e-01, 
 1DIAGNOSTIC,    76, -5.261508421050e-01, 6.794283105674e-06, 4.6086e+01, 2.7583e-01, 
 1DIAGNOSTIC,    77, -5.258842642322e-01, 5.647428446767e-06, 4.6366e+01, 2.8083e-01, 
 1DIAGNOSTIC,    78, -5.252106427607e-01, -7.631306314058e-07, 4.6647e+01, 2.8072e-01, 
XXDIAGNOSTIC,Iteration,metricValue,convergenceValue,ITERATION_TIME_INDEX,SINCE_LAST
 1DIAGNOSTIC,     1, -4.460968323239e-01, 1.797693134862e+308, 6.1905e+01, 1.5258e+01, 
 1DIAGNOSTIC,     2, -4.477711978047e-01, 1.797693134862e+308, 6.3209e+01, 1.3045e+00, 
 1DIAGNOSTIC,     3, -4.497540153614e-01, 1.797693134862e+308, 6.4511e+01, 1.3013e+00, 
 1DIAGNOSTIC,     4, -4.515820860512e-01, 1.797693134862e+308, 6.5718e+01, 1.2069e+00, 
 1DIAGNOSTIC,     5, -4.532168639244e-01, 1.797693134862e+308, 6.6930e+01, 1.2129e+00, 
 1DIAGNOSTIC,     6, -4.547250652993e-01, 1.797693134862e+308, 6.8150e+01, 1.2198e+00, 
 1DIAGNOSTIC,     7, -4.562055283623e-01, 1.797693134862e+308, 6.9340e+01, 1.1898e+00, 
 1DIAGNOSTIC,     8, -4.575097966178e-01, 1.797693134862e+308, 7.0528e+01, 1.1881e+00, 
 1DIAGNOSTIC,     9, -4.587920556608e-01, 1.797693134862e+308, 7.1707e+01, 1.1789e+00, 
 1DIAGNOSTIC,    10, -4.599231489326e-01, 1.964966957252e-03, 7.2917e+01, 1.2101e+00, 
 1DIAGNOSTIC,    11, -4.610813706966e-01, 1.681138522866e-03, 7.4137e+01, 1.2198e+00, 
 1DIAGNOSTIC,    12, -4.618893828100e-01, 1.421833956451e-03, 7.5352e+01, 1.2151e+00, 
 1DIAGNOSTIC,    13, -4.630584790190e-01, 1.224568670743e-03, 7.6558e+01, 1.2058e+00, 
 1DIAGNOSTIC,    14, -4.638835492120e-01, 1.061225053181e-03, 7.7800e+01, 1.2422e+00, 
 1DIAGNOSTIC,    15, -4.647806556452e-01, 9.271869130403e-04, 7.9058e+01, 1.2585e+00, 
 1DIAGNOSTIC,    16, -4.655003560615e-01, 8.107888926368e-04, 8.0296e+01, 1.2378e+00, 
 1DIAGNOSTIC,    17, -4.660992546576e-01, 7.090219424579e-04, 8.1532e+01, 1.2355e+00, 
 1DIAGNOSTIC,    18, -4.670534991436e-01, 6.304233790800e-04, 8.2777e+01, 1.2450e+00, 
 1DIAGNOSTIC,    19, -4.676988434256e-01, 5.637147182411e-04, 8.4029e+01, 1.2526e+00, 
 1DIAGNOSTIC,    20, -4.685397739005e-01, 5.119051876667e-04, 8.5285e+01, 1.2558e+00, 
 1DIAGNOSTIC,    21, -4.688618846253e-01, 4.607843066815e-04, 8.6545e+01, 1.2596e+00, 
 1DIAGNOSTIC,    22, -4.695247385727e-01, 4.124363308837e-04, 8.7803e+01, 1.2583e+00, 
 1DIAGNOSTIC,    23, -4.699564741531e-01, 3.722681124194e-04, 8.9057e+01, 1.2543e+00, 
 1DIAGNOSTIC,    24, -4.707615822480e-01, 3.420123428534e-04, 9.0315e+01, 1.2578e+00, 
 1DIAGNOSTIC,    25, -4.710570419217e-01, 3.110802408915e-04, 9.1577e+01, 1.2619e+00, 
 1DIAGNOSTIC,    26, -4.718678674815e-01, 2.897208028032e-04, 9.2835e+01, 1.2582e+00, 
 1DIAGNOSTIC,    27, -4.718821136485e-01, 2.561896064797e-04, 9.4096e+01, 1.2607e+00, 
 1DIAGNOSTIC,    28, -4.724859961631e-01, 2.352124024053e-04, 9.5342e+01, 1.2460e+00, 
 1DIAGNOSTIC,    29, -4.727194078301e-01, 2.115975379894e-04, 9.6591e+01, 1.2487e+00, 
 1DIAGNOSTIC,    30, -4.731284374635e-01, 1.951678953134e-04, 9.7832e+01, 1.2415e+00, 
 1DIAGNOSTIC,    31, -4.734536188263e-01, 1.739702133523e-04, 9.9084e+01, 1.2516e+00, 
 1DIAGNOSTIC,    32, -4.735826428396e-01, 1.528332473958e-04, 1.0034e+02, 1.2563e+00, 
 1DIAGNOSTIC,    33, -4.740638340052e-01, 1.353506570741e-04, 1.0160e+02, 1.2616e+00, 
 1DIAGNOSTIC,    34, -4.740803192316e-01, 1.207185850912e-04, 1.0288e+02, 1.2748e+00, 
 1DIAGNOSTIC,    35, -4.742257324109e-01, 1.030092282341e-04, 1.0414e+02, 1.2617e+00, 
 1DIAGNOSTIC,    36, -4.747036990395e-01, 9.859711435795e-05, 1.0540e+02, 1.2625e+00, 
 1DIAGNOSTIC,    37, -4.746409587464e-01, 8.392780945978e-05, 1.0666e+02, 1.2584e+00, 
 1DIAGNOSTIC,    38, -4.749730708360e-01, 7.725255787848e-05, 1.0792e+02, 1.2642e+00, 
 1DIAGNOSTIC,    39, -4.751835544021e-01, 7.042357868328e-05, 1.0918e+02, 1.2566e+00, 
 1DIAGNOSTIC,    40, -4.749916393547e-01, 6.050904316179e-05, 1.1042e+02, 1.2431e+00, 
 1DIAGNOSTIC,    41, -4.754112563832e-01, 5.657517527754e-05, 1.1166e+02, 1.2357e+00, 
 1DIAGNOSTIC,    42, -4.751432917800e-01, 4.514369407078e-05, 1.1291e+02, 1.2489e+00, 
 1DIAGNOSTIC,    43, -4.754523635507e-01, 4.138492349894e-05, 1.1415e+02, 1.2427e+00, 
 1DIAGNOSTIC,    44, -4.755243587428e-01, 3.502090735703e-05, 1.1539e+02, 1.2433e+00, 
 1DIAGNOSTIC,    45, -4.751854431323e-01, 2.290394723251e-05, 1.1665e+02, 1.2565e+00, 
 1DIAGNOSTIC,    46, -4.755804091020e-01, 2.100087335489e-05, 1.1791e+02, 1.2617e+00, 
 1DIAGNOSTIC,    47, -4.756682684749e-01, 1.727098548744e-05, 1.1919e+02, 1.2746e+00, 
 1DIAGNOSTIC,    48, -4.755844042052e-01, 1.513782759332e-05, 1.2046e+02, 1.2688e+00, 
 1DIAGNOSTIC,    49, -4.758171605086e-01, 1.738942882344e-05, 1.2172e+02, 1.2672e+00, 
 1DIAGNOSTIC,    50, -4.758015826111e-01, 1.527395727687e-05, 1.2299e+02, 1.2697e+00, 
 1DIAGNOSTIC,    51, -4.759566410877e-01, 1.878633811907e-05, 1.2426e+02, 1.2637e+00, 
 1DIAGNOSTIC,    52, -4.759169912797e-01, 1.663143302141e-05, 1.2552e+02, 1.2598e+00, 
 1DIAGNOSTIC,    53, -4.760395010361e-01, 1.800131514734e-05, 1.2678e+02, 1.2675e+00, 
 1DIAGNOSTIC,    54, -4.758097741667e-01, 1.600147030035e-05, 1.2804e+02, 1.2562e+00, 
 1DIAGNOSTIC,    55, -4.759820275243e-01, 1.069888654141e-05, 1.2929e+02, 1.2539e+00, 
 1DIAGNOSTIC,    56, -4.762490321367e-01, 1.169897590015e-05, 1.3054e+02, 1.2453e+00, 
 1DIAGNOSTIC,    57, -4.757241219485e-01, 6.897813504842e-06, 1.3178e+02, 1.2395e+00, 
 1DIAGNOSTIC,    58, -4.761462802697e-01, 5.353606469229e-06, 1.3302e+02, 1.2453e+00, 
 1DIAGNOSTIC,    59, -4.760332968740e-01, 4.532569240254e-06, 1.3426e+02, 1.2406e+00, 
 1DIAGNOSTIC,    60, -4.760114692086e-01, 2.915753109591e-06, 1.3550e+02, 1.2349e+00, 
 1DIAGNOSTIC,    61, -4.763343169624e-01, 5.885805629404e-06, 1.3675e+02, 1.2471e+00, 
 1DIAGNOSTIC,    62, -4.760327992922e-01, 4.828868112629e-06, 1.3799e+02, 1.2425e+00, 
 1DIAGNOSTIC,    63, -4.762184981678e-01, 6.548534706455e-06, 1.3922e+02, 1.2319e+00, 
 1DIAGNOSTIC,    64, -4.763929356809e-01, 6.981540178998e-06, 1.4045e+02, 1.2286e+00, 
 1DIAGNOSTIC,    65, -4.758449018499e-01, 3.138867494340e-06, 1.4168e+02, 1.2357e+00, 
 1DIAGNOSTIC,    66, -4.762694882017e-01, 5.816823820542e-06, 1.4292e+02, 1.2385e+00, 
 1DIAGNOSTIC,    67, -4.763704585723e-01, 3.834468036746e-06, 1.4417e+02, 1.2461e+00, 
 1DIAGNOSTIC,    68, -4.760147313322e-01, 2.168930379048e-06, 1.4542e+02, 1.2554e+00, 
 1DIAGNOSTIC,    69, -4.765465123326e-01, 4.200654688331e-06, 1.4667e+02, 1.2485e+00, 
 1DIAGNOSTIC,    70, -4.763885958351e-01, 4.082925641974e-06, 1.4791e+02, 1.2414e+00, 
 1DIAGNOSTIC,    71, -4.762020731647e-01, 4.893387079676e-06, 1.4916e+02, 1.2411e+00, 
 1DIAGNOSTIC,    72, -4.766738430466e-01, 6.664246914423e-06, 1.5040e+02, 1.2477e+00, 
 1DIAGNOSTIC,    73, -4.766046774640e-01, 8.590207495052e-06, 1.5164e+02, 1.2392e+00, 
 1DIAGNOSTIC,    74, -4.764559735000e-01, 1.005117290745e-05, 1.5290e+02, 1.2541e+00, 
 1DIAGNOSTIC,    75, -4.767775504403e-01, 8.686893197801e-06, 1.5414e+02, 1.2482e+00, 
 1DIAGNOSTIC,    76, -4.764957447075e-01, 7.627571183701e-06, 1.5539e+02, 1.2406e+00, 
 1DIAGNOSTIC,    77, -4.764767440265e-01, 6.673073019990e-06, 1.5662e+02, 1.2378e+00, 
 1DIAGNOSTIC,    78, -4.765051387112e-01, 2.468497328373e-06, 1.5786e+02, 1.2411e+00, 
 1DIAGNOSTIC,    79, -4.765847226456e-01, 2.888047114579e-06, 1.5910e+02, 1.2363e+00, 
 1DIAGNOSTIC,    80, -4.766222288677e-01, 2.178419209064e-06, 1.6034e+02, 1.2367e+00, 
 1DIAGNOSTIC,    81, -4.766444358630e-01, -4.360091232503e-09, 1.6159e+02, 1.2524e+00, 
XXDIAGNOSTIC,Iteration,metricValue,convergenceValue,ITERATION_TIME_INDEX,SINCE_LAST
 1DIAGNOSTIC,     1, -4.227374250620e-01, 1.797693134862e+308, 1.7184e+02, 1.0255e+01, 
 1DIAGNOSTIC,     2, -4.232665705406e-01, 1.797693134862e+308, 1.7453e+02, 2.6867e+00, 
 1DIAGNOSTIC,     3, -4.238912124486e-01, 1.797693134862e+308, 1.7714e+02, 2.6108e+00, 
 1DIAGNOSTIC,     4, -4.244565596971e-01, 1.797693134862e+308, 1.7976e+02, 2.6153e+00, 
 1DIAGNOSTIC,     5, -4.250130124927e-01, 1.797693134862e+308, 1.8244e+02, 2.6854e+00, 
 1DIAGNOSTIC,     6, -4.255131987213e-01, 1.797693134862e+308, 1.8515e+02, 2.7114e+00, 
 1DIAGNOSTIC,     7, -4.259100439179e-01, 1.797693134862e+308, 1.8784e+02, 2.6870e+00, 
 1DIAGNOSTIC,     8, -4.262444356842e-01, 1.797693134862e+308, 1.9050e+02, 2.6622e+00, 
 1DIAGNOSTIC,     9, -4.265500836683e-01, 1.797693134862e+308, 1.9317e+02, 2.6711e+00, 
 1DIAGNOSTIC,    10, -4.268113718648e-01, 6.287775030496e-04, 1.9584e+02, 2.6689e+00, 
 1DIAGNOSTIC,    11, -4.270498812959e-01, 5.160108247278e-04, 1.9851e+02, 2.6680e+00, 
 1DIAGNOSTIC,    12, -4.272609725962e-01, 4.167320295737e-04, 2.0119e+02, 2.6753e+00, 
 1DIAGNOSTIC,    13, -4.274087896004e-01, 3.346526938199e-04, 2.0390e+02, 2.7121e+00, 
 1DIAGNOSTIC,    14, -4.275849794552e-01, 2.691263851215e-04, 2.0657e+02, 2.6707e+00, 
 1DIAGNOSTIC,    15, -4.277768610462e-01, 2.208482687258e-04, 2.0926e+02, 2.6864e+00, 
 1DIAGNOSTIC,    16, -4.279768872818e-01, 1.873937167734e-04, 2.1194e+02, 2.6856e+00, 
 1DIAGNOSTIC,    17, -4.280949318003e-01, 1.607469259325e-04, 2.1461e+02, 2.6655e+00, 
 1DIAGNOSTIC,    18, -4.282369168395e-01, 1.399167551641e-04, 2.1727e+02, 2.6672e+00, 
 1DIAGNOSTIC,    19, -4.283756852601e-01, 1.239137638739e-04, 2.1995e+02, 2.6781e+00, 
 1DIAGNOSTIC,    20, -4.284773742290e-01, 1.100284342250e-04, 2.2279e+02, 2.8382e+00, 
 1DIAGNOSTIC,    21, -4.285844164568e-01, 9.818160869934e-05, 2.2557e+02, 2.7835e+00, 
 1DIAGNOSTIC,    22, -4.287045178207e-01, 8.836549540863e-05, 2.2826e+02, 2.6855e+00, 
 1DIAGNOSTIC,    23, -4.288052959939e-01, 7.837838467857e-05, 2.3095e+02, 2.6878e+00, 
 1DIAGNOSTIC,    24, -4.289164689172e-01, 6.986990863631e-05, 2.3365e+02, 2.7017e+00, 
 1DIAGNOSTIC,    25, -4.290385743363e-01, 6.384755203868e-05, 2.3634e+02, 2.6884e+00, 
 1DIAGNOSTIC,    26, -4.291108443284e-01, 5.931190446916e-05, 2.3902e+02, 2.6828e+00, 
 1DIAGNOSTIC,    27, -4.292273180051e-01, 5.536606733235e-05, 2.4171e+02, 2.6890e+00, 
 1DIAGNOSTIC,    28, -4.292950939200e-01, 5.148176902060e-05, 2.4442e+02, 2.7073e+00, 
 1DIAGNOSTIC,    29, -4.293455852886e-01, 4.741461471124e-05, 2.4712e+02, 2.7034e+00, 
 1DIAGNOSTIC,    30, -4.293605131219e-01, 4.179471221538e-05, 2.4980e+02, 2.6786e+00, 
 1DIAGNOSTIC,    31, -4.294525066664e-01, 3.692695097274e-05, 2.5247e+02, 2.6675e+00, 
 1DIAGNOSTIC,    32, -4.294481994616e-01, 3.129358791686e-05, 2.5514e+02, 2.6698e+00, 
 1DIAGNOSTIC,    33, -4.295523979371e-01, 2.724251318142e-05, 2.5782e+02, 2.6816e+00, 
 1DIAGNOSTIC,    34, -4.296130446995e-01, 2.422886589019e-05, 2.6048e+02, 2.6660e+00, 
 1DIAGNOSTIC,    35, -4.296020340205e-01, 2.126816280580e-05, 2.6313e+02, 2.6424e+00, 
 1DIAGNOSTIC,    36, -4.297216441080e-01, 2.006888299333e-05, 2.6578e+02, 2.6526e+00, 
 1DIAGNOSTIC,    37, -4.297473091934e-01, 1.958436162092e-05, 2.6844e+02, 2.6628e+00, 
 1DIAGNOSTIC,    38, -4.297417536949e-01, 1.840938584971e-05, 2.7114e+02, 2.7014e+00, 
 1DIAGNOSTIC,    39, -4.298349145489e-01, 1.809561268076e-05, 2.7381e+02, 2.6624e+00, 
 1DIAGNOSTIC,    40, -4.298150143828e-01, 1.600457659319e-05, 2.7647e+02, 2.6624e+00, 
 1DIAGNOSTIC,    41, -4.298670362827e-01, 1.492857209253e-05, 2.7913e+02, 2.6659e+00, 
 1DIAGNOSTIC,    42, -4.297661481223e-01, 1.083452444009e-05, 2.8180e+02, 2.6625e+00, 
 1DIAGNOSTIC,    43, -4.298793414456e-01, 9.371115258623e-06, 2.8446e+02, 2.6597e+00, 
 1DIAGNOSTIC,    44, -4.299448224068e-01, 9.009134720940e-06, 2.8713e+02, 2.6783e+00, 
 1DIAGNOSTIC,    45, -4.299396621777e-01, 7.550356396602e-06, 2.8981e+02, 2.6788e+00, 
 1DIAGNOSTIC,    46, -4.299478095079e-01, 7.388765948284e-06, 2.9249e+02, 2.6727e+00, 
 1DIAGNOSTIC,    47, -4.299741416822e-01, 7.367232002724e-06, 2.9519e+02, 2.7056e+00, 
 1DIAGNOSTIC,    48, -4.299856331000e-01, 6.724888255004e-06, 2.9786e+02, 2.6675e+00, 
 1DIAGNOSTIC,    49, -4.300301107661e-01, 7.367507855415e-06, 3.0053e+02, 2.6710e+00, 
 1DIAGNOSTIC,    50, -4.300087025962e-01, 6.769091057110e-06, 3.0321e+02, 2.6781e+00, 
 1DIAGNOSTIC,    51, -4.300597644724e-01, 7.031353422501e-06, 3.0588e+02, 2.6751e+00, 
 1DIAGNOSTIC,    52, -4.300448690237e-01, 5.140071428270e-06, 3.0857e+02, 2.6874e+00, 
 1DIAGNOSTIC,    53, -4.300091222317e-01, 3.835848614294e-06, 3.1125e+02, 2.6811e+00, 
 1DIAGNOSTIC,    54, -4.301353951506e-01, 4.645416931549e-06, 3.1395e+02, 2.6975e+00, 
 1DIAGNOSTIC,    55, -4.301415079009e-01, 4.999219504830e-06, 3.1665e+02, 2.7007e+00, 
 1DIAGNOSTIC,    56, -4.301498813046e-01, 5.113296057502e-06, 3.1938e+02, 2.7308e+00, 
 1DIAGNOSTIC,    57, -4.301785688612e-01, 5.449589303715e-06, 3.2207e+02, 2.6891e+00, 
 1DIAGNOSTIC,    58, -4.301712390044e-01, 5.338842130612e-06, 3.2476e+02, 2.6869e+00, 
 1DIAGNOSTIC,    59, -4.302227153930e-01, 5.846114694476e-06, 3.2745e+02, 2.6927e+00, 
 1DIAGNOSTIC,    60, -4.302921955679e-01, 6.313996634463e-06, 3.3013e+02, 2.6822e+00, 
 1DIAGNOSTIC,    61, -4.303133742347e-01, 6.998696819350e-06, 3.3282e+02, 2.6856e+00, 
 1DIAGNOSTIC,    62, -4.303612428056e-01, 7.425221089086e-06, 3.3550e+02, 2.6805e+00, 
 1DIAGNOSTIC,    63, -4.303551030223e-01, 6.694636539874e-06, 3.3818e+02, 2.6870e+00, 
 1DIAGNOSTIC,    64, -4.304239084155e-01, 7.415878879848e-06, 3.4087e+02, 2.6815e+00, 
 1DIAGNOSTIC,    65, -4.304037818537e-01, 7.278065695764e-06, 3.4358e+02, 2.7147e+00, 
 1DIAGNOSTIC,    66, -4.304457950271e-01, 7.001063782229e-06, 3.4626e+02, 2.6794e+00, 
 1DIAGNOSTIC,    67, -4.304506440851e-01, 6.443893821564e-06, 3.4895e+02, 2.6856e+00, 
 1DIAGNOSTIC,    68, -4.304465201790e-01, 5.210716010774e-06, 3.5165e+02, 2.7012e+00, 
 1DIAGNOSTIC,    69, -4.305002675381e-01, 4.555934659905e-06, 3.5434e+02, 2.6908e+00, 
 1DIAGNOSTIC,    70, -4.305150575425e-01, 4.306852960394e-06, 3.5709e+02, 2.7528e+00, 
XXDIAGNOSTIC,Iteration,metricValue,convergenceValue,ITERATION_TIME_INDEX,SINCE_LAST
 1DIAGNOSTIC,     1, -3.515040846086e-01, 1.797693134862e+308, 3.8434e+02, 2.7248e+01, 
 1DIAGNOSTIC,     2, -3.520260232068e-01, 1.797693134862e+308, 4.0364e+02, 1.9300e+01, 
 1DIAGNOSTIC,     3, -3.526663231321e-01, 1.797693134862e+308, 4.2379e+02, 2.0152e+01, 
 1DIAGNOSTIC,     4, -3.534111843835e-01, 1.797693134862e+308, 4.4343e+02, 1.9640e+01, 
 1DIAGNOSTIC,     5, -3.539730940155e-01, 1.797693134862e+308, 4.6300e+02, 1.9565e+01, 
 1DIAGNOSTIC,     6, -3.544490150169e-01, 1.797693134862e+308, 4.8298e+02, 1.9985e+01, 
slurmstepd: error: *** JOB 4089896 ON wbic-csm-5 CANCELLED AT 2019-10-20T16:39:37 DUE TO TIME LIMIT ***
