Changed directory to /lustre/scratch/wbic-beta/ccn30/ENCRYPT/fMRI/gridcellpilot/scripts/coregistration/slurmoutputs.

JobID: 6244928
======
Time: Fri Feb  5 16:04:04 GMT 2021
Running on master node: wbic-cs-19
Current directory: /lustre/scratch/wbic-beta/ccn30/ENCRYPT/fMRI/gridcellpilot/scripts/coregistration/slurmoutputs

Nodes allocated:
================
wbic-cs-19

numtasks=1, numnodes=1, mpi_tasks_per_node=1 (OMP_NUM_THREADS=1)

Executing command:
==================
/lustre/scratch/wbic-beta/ccn30/ENCRYPT/fMRI/gridcellpilot/scripts/coregistration/coreg_MasksxEPI.sh 28061/20190911_U-ID46160

******** starting 28061 ********

--------------------------------------------------------------------------------------
 Mapping parameters
--------------------------------------------------------------------------------------
 ANTSPATH is /applications/ANTS/ANTs-2.3.4/install/bin/

 Dimensionality:           3
 Output name prefix:       /lustre/scratch/wbic-beta/ccn30/ENCRYPT/fMRI/gridcellpilot/preprocessed_data/segmentation/28061/coregistration/T1xStudyTemplate_
 Fixed images:             /home/ccn30/ENCRYPT/atlases/templates/ECtemplatemasks2015/Study_template_wholeBrain.nii
 Moving images:            /lustre/scratch/wbic-beta/ccn30/ENCRYPT/fMRI/gridcellpilot/raw_data/images/28061/20190911_U-ID46160/mp2rage/denoiseRn4mag0000_PSIR_skulled_std.nii
 Mask images:              
 Initial transforms:       
 Number of threads:        1
 Spline distance:          26
 Transform type:           s
 CC radius:                4
 Precision:                d
 Use histogram matching    0
======================================================================================
 antsRegistration call:
--------------------------------------------------------------------------------------
/applications/ANTS/ANTs-2.3.4/install/bin//antsRegistration --verbose 1 --dimensionality 3 --float 0 --collapse-output-transforms 1 --output [ /lustre/scratch/wbic-beta/ccn30/ENCRYPT/fMRI/gridcellpilot/preprocessed_data/segmentation/28061/coregistration/T1xStudyTemplate_,/lustre/scratch/wbic-beta/ccn30/ENCRYPT/fMRI/gridcellpilot/preprocessed_data/segmentation/28061/coregistration/T1xStudyTemplate_Warped.nii.gz,/lustre/scratch/wbic-beta/ccn30/ENCRYPT/fMRI/gridcellpilot/preprocessed_data/segmentation/28061/coregistration/T1xStudyTemplate_InverseWarped.nii.gz ] --interpolation Linear --use-histogram-matching 0 --winsorize-image-intensities [ 0.005,0.995 ] --initial-moving-transform [ /home/ccn30/ENCRYPT/atlases/templates/ECtemplatemasks2015/Study_template_wholeBrain.nii,/lustre/scratch/wbic-beta/ccn30/ENCRYPT/fMRI/gridcellpilot/raw_data/images/28061/20190911_U-ID46160/mp2rage/denoiseRn4mag0000_PSIR_skulled_std.nii,1 ] --transform Rigid[ 0.1 ] --metric MI[ /home/ccn30/ENCRYPT/atlases/templates/ECtemplatemasks2015/Study_template_wholeBrain.nii,/lustre/scratch/wbic-beta/ccn30/ENCRYPT/fMRI/gridcellpilot/raw_data/images/28061/20190911_U-ID46160/mp2rage/denoiseRn4mag0000_PSIR_skulled_std.nii,1,32,Regular,0.25 ] --convergence [ 1000x500x250x100,1e-6,10 ] --shrink-factors 12x8x4x2 --smoothing-sigmas 4x3x2x1vox --transform Affine[ 0.1 ] --metric MI[ /home/ccn30/ENCRYPT/atlases/templates/ECtemplatemasks2015/Study_template_wholeBrain.nii,/lustre/scratch/wbic-beta/ccn30/ENCRYPT/fMRI/gridcellpilot/raw_data/images/28061/20190911_U-ID46160/mp2rage/denoiseRn4mag0000_PSIR_skulled_std.nii,1,32,Regular,0.25 ] --convergence [ 1000x500x250x100,1e-6,10 ] --shrink-factors 12x8x4x2 --smoothing-sigmas 4x3x2x1vox --transform SyN[ 0.1,3,0 ] --metric CC[ /home/ccn30/ENCRYPT/atlases/templates/ECtemplatemasks2015/Study_template_wholeBrain.nii,/lustre/scratch/wbic-beta/ccn30/ENCRYPT/fMRI/gridcellpilot/raw_data/images/28061/20190911_U-ID46160/mp2rage/denoiseRn4mag0000_PSIR_skulled_std.nii,1,4 ] --convergence [ 100x100x70x50x20,1e-6,10 ] --shrink-factors 10x6x4x2x1 --smoothing-sigmas 5x3x2x1x0vox
--------------------------------------------------------------------------------------
All_Command_lines_OK
Using double precision for computations.
=============================================================================
The composite transform comprises the following transforms (in order): 
  1. Center of mass alignment using fixed image: /home/ccn30/ENCRYPT/atlases/templates/ECtemplatemasks2015/Study_template_wholeBrain.nii and moving image: /lustre/scratch/wbic-beta/ccn30/ENCRYPT/fMRI/gridcellpilot/raw_data/images/28061/20190911_U-ID46160/mp2rage/denoiseRn4mag0000_PSIR_skulled_std.nii (type = Euler3DTransform)
=============================================================================
  number of levels = 4
  number of levels = 4
  number of levels = 5
  fixed image: /home/ccn30/ENCRYPT/atlases/templates/ECtemplatemasks2015/Study_template_wholeBrain.nii
  moving image: /lustre/scratch/wbic-beta/ccn30/ENCRYPT/fMRI/gridcellpilot/raw_data/images/28061/20190911_U-ID46160/mp2rage/denoiseRn4mag0000_PSIR_skulled_std.nii
  fixed image: /home/ccn30/ENCRYPT/atlases/templates/ECtemplatemasks2015/Study_template_wholeBrain.nii
  moving image: /lustre/scratch/wbic-beta/ccn30/ENCRYPT/fMRI/gridcellpilot/raw_data/images/28061/20190911_U-ID46160/mp2rage/denoiseRn4mag0000_PSIR_skulled_std.nii
  fixed image: /home/ccn30/ENCRYPT/atlases/templates/ECtemplatemasks2015/Study_template_wholeBrain.nii
  moving image: /lustre/scratch/wbic-beta/ccn30/ENCRYPT/fMRI/gridcellpilot/raw_data/images/28061/20190911_U-ID46160/mp2rage/denoiseRn4mag0000_PSIR_skulled_std.nii
Dimension = 3
Number of stages = 3
Use Histogram Matching false
Winsorize image intensities true
Lower quantile = 0.005
Upper quantile = 0.995
Stage 1 State
   Image metric = Mattes
     Fixed image = Image (0x42fd550)
  RTTI typeinfo:   itk::Image<double, 3u>
  Reference Count: 2
  Modified Time: 1735
  Debug: Off
  Object Name: 
  Observers: 
    none
  Source: (none)
  Source output name: (none)
  Release Data: Off
  Data Released: False
  Global Release Data: Off
  PipelineMTime: 0
  UpdateMTime: 1518
  RealTimeStamp: 0 seconds 
  LargestPossibleRegion: 
    Dimension: 3
    Index: [0, 0, 0]
    Size: [384, 384, 288]
  BufferedRegion: 
    Dimension: 3
    Index: [0, 0, 0]
    Size: [384, 384, 288]
  RequestedRegion: 
    Dimension: 3
    Index: [0, 0, 0]
    Size: [384, 384, 288]
  Spacing: [0.598958, 0.598958, 0.599937]
  Origin: [85.9044, -155.274, 91.0901]
  Direction: 
-0 0 -1
1 -0 0
0 -1 0

  IndexToPointMatrix: 
0 0 -0.599937
0.598958 0 0
0 -0.598958 0

  PointToIndexMatrix: 
0 1.66957 0
0 0 -1.66957
-1.66684 0 0

  Inverse Direction: 
0 1 0
0 0 -1
-1 0 0

  PixelContainer: 
    ImportImageContainer (0x4302880)
      RTTI typeinfo:   itk::ImportImageContainer<unsigned long, double>
      Reference Count: 1
      Modified Time: 1515
      Debug: Off
      Object Name: 
      Observers: 
        none
      Pointer: 0x2b86d4c1d010
      Container manages memory: true
      Size: 42467328
      Capacity: 42467328

     Moving image = Image (0x42fb2f0)
  RTTI typeinfo:   itk::Image<double, 3u>
  Reference Count: 2
  Modified Time: 1736
  Debug: Off
  Object Name: 
  Observers: 
    none
  Source: (none)
  Source output name: (none)
  Release Data: Off
  Data Released: False
  Global Release Data: Off
  PipelineMTime: 0
  UpdateMTime: 1733
  RealTimeStamp: 0 seconds 
  LargestPossibleRegion: 
    Dimension: 3
    Index: [0, 0, 0]
    Size: [224, 320, 320]
  BufferedRegion: 
    Dimension: 3
    Index: [0, 0, 0]
    Size: [224, 320, 320]
  RequestedRegion: 
    Dimension: 3
    Index: [0, 0, 0]
    Size: [224, 320, 320]
  Spacing: [0.699997, 0.7, 0.7]
  Origin: [-77.4301, 74.7286, -97.6632]
  Direction: 
1 0 0
0 -1 0
0 0 1

  IndexToPointMatrix: 
0.699997 0 0
0 -0.7 0
0 0 0.7

  PointToIndexMatrix: 
1.42858 0 0
0 -1.42857 0
0 0 1.42857

  Inverse Direction: 
1 0 0
0 -1 0
0 0 1

  PixelContainer: 
    ImportImageContainer (0x43093f0)
      RTTI typeinfo:   itk::ImportImageContainer<unsigned long, double>
      Reference Count: 1
      Modified Time: 1730
      Debug: Off
      Object Name: 
      Observers: 
        none
      Pointer: 0x2b86e901e010
      Container manages memory: true
      Size: 22937600
      Capacity: 22937600

     Weighting = 1
     Sampling strategy = regular
     Number of bins = 32
     Radius = 4
     Sampling percentage  = 0.25
   Transform = Rigid
     Gradient step = 0.1
     Update field sigma (voxel space) = 0
     Total field sigma (voxel space) = 0
     Update field time sigma = 0
     Total field time sigma  = 0
     Number of time indices = 0
     Number of time point samples = 0
Stage 2 State
   Image metric = Mattes
     Fixed image = Image (0x42fd860)
  RTTI typeinfo:   itk::Image<double, 3u>
  Reference Count: 2
  Modified Time: 2167
  Debug: Off
  Object Name: 
  Observers: 
    none
  Source: (none)
  Source output name: (none)
  Release Data: Off
  Data Released: False
  Global Release Data: Off
  PipelineMTime: 0
  UpdateMTime: 1950
  RealTimeStamp: 0 seconds 
  LargestPossibleRegion: 
    Dimension: 3
    Index: [0, 0, 0]
    Size: [384, 384, 288]
  BufferedRegion: 
    Dimension: 3
    Index: [0, 0, 0]
    Size: [384, 384, 288]
  RequestedRegion: 
    Dimension: 3
    Index: [0, 0, 0]
    Size: [384, 384, 288]
  Spacing: [0.598958, 0.598958, 0.599937]
  Origin: [85.9044, -155.274, 91.0901]
  Direction: 
-0 0 -1
1 -0 0
0 -1 0

  IndexToPointMatrix: 
0 0 -0.599937
0.598958 0 0
0 -0.598958 0

  PointToIndexMatrix: 
0 1.66957 0
0 0 -1.66957
-1.66684 0 0

  Inverse Direction: 
0 1 0
0 0 -1
-1 0 0

  PixelContainer: 
    ImportImageContainer (0x4305be0)
      RTTI typeinfo:   itk::ImportImageContainer<unsigned long, double>
      Reference Count: 1
      Modified Time: 1947
      Debug: Off
      Object Name: 
      Observers: 
        none
      Pointer: 0x2b86f3f1f010
      Container manages memory: true
      Size: 42467328
      Capacity: 42467328

     Moving image = Image (0x42fdaf0)
  RTTI typeinfo:   itk::Image<double, 3u>
  Reference Count: 2
  Modified Time: 2168
  Debug: Off
  Object Name: 
  Observers: 
    none
  Source: (none)
  Source output name: (none)
  Release Data: Off
  Data Released: False
  Global Release Data: Off
  PipelineMTime: 0
  UpdateMTime: 2165
  RealTimeStamp: 0 seconds 
  LargestPossibleRegion: 
    Dimension: 3
    Index: [0, 0, 0]
    Size: [224, 320, 320]
  BufferedRegion: 
    Dimension: 3
    Index: [0, 0, 0]
    Size: [224, 320, 320]
  RequestedRegion: 
    Dimension: 3
    Index: [0, 0, 0]
    Size: [224, 320, 320]
  Spacing: [0.699997, 0.7, 0.7]
  Origin: [-77.4301, 74.7286, -97.6632]
  Direction: 
1 0 0
0 -1 0
0 0 1

  IndexToPointMatrix: 
0.699997 0 0
0 -0.7 0
0 0 0.7

  PointToIndexMatrix: 
1.42858 0 0
0 -1.42857 0
0 0 1.42857

  Inverse Direction: 
1 0 0
0 -1 0
0 0 1

  PixelContainer: 
    ImportImageContainer (0x4312f10)
      RTTI typeinfo:   itk::ImportImageContainer<unsigned long, double>
      Reference Count: 1
      Modified Time: 2162
      Debug: Off
      Object Name: 
      Observers: 
        none
      Pointer: 0x2b8708320010
      Container manages memory: true
      Size: 22937600
      Capacity: 22937600

     Weighting = 1
     Sampling strategy = regular
     Number of bins = 32
     Radius = 4
     Sampling percentage  = 0.25
   Transform = Affine
     Gradient step = 0.1
     Update field sigma (voxel space) = 0
     Total field sigma (voxel space) = 0
     Update field time sigma = 0
     Total field time sigma  = 0
     Number of time indices = 0
     Number of time point samples = 0
Stage 3 State
   Image metric = CC
     Fixed image = Image (0x4310df0)
  RTTI typeinfo:   itk::Image<double, 3u>
  Reference Count: 2
  Modified Time: 2599
  Debug: Off
  Object Name: 
  Observers: 
    none
  Source: (none)
  Source output name: (none)
  Release Data: Off
  Data Released: False
  Global Release Data: Off
  PipelineMTime: 0
  UpdateMTime: 2382
  RealTimeStamp: 0 seconds 
  LargestPossibleRegion: 
    Dimension: 3
    Index: [0, 0, 0]
    Size: [384, 384, 288]
  BufferedRegion: 
    Dimension: 3
    Index: [0, 0, 0]
    Size: [384, 384, 288]
  RequestedRegion: 
    Dimension: 3
    Index: [0, 0, 0]
    Size: [384, 384, 288]
  Spacing: [0.598958, 0.598958, 0.599937]
  Origin: [85.9044, -155.274, 91.0901]
  Direction: 
-0 0 -1
1 -0 0
0 -1 0

  IndexToPointMatrix: 
0 0 -0.599937
0.598958 0 0
0 -0.598958 0

  PointToIndexMatrix: 
0 1.66957 0
0 0 -1.66957
-1.66684 0 0

  Inverse Direction: 
0 1 0
0 0 -1
-1 0 0

  PixelContainer: 
    ImportImageContainer (0x4313ae0)
      RTTI typeinfo:   itk::ImportImageContainer<unsigned long, double>
      Reference Count: 1
      Modified Time: 2379
      Debug: Off
      Object Name: 
      Observers: 
        none
      Pointer: 0x2b8713221010
      Container manages memory: true
      Size: 42467328
      Capacity: 42467328

     Moving image = Image (0x430b700)
  RTTI typeinfo:   itk::Image<double, 3u>
  Reference Count: 2
  Modified Time: 2600
  Debug: Off
  Object Name: 
  Observers: 
    none
  Source: (none)
  Source output name: (none)
  Release Data: Off
  Data Released: False
  Global Release Data: Off
  PipelineMTime: 0
  UpdateMTime: 2597
  RealTimeStamp: 0 seconds 
  LargestPossibleRegion: 
    Dimension: 3
    Index: [0, 0, 0]
    Size: [224, 320, 320]
  BufferedRegion: 
    Dimension: 3
    Index: [0, 0, 0]
    Size: [224, 320, 320]
  RequestedRegion: 
    Dimension: 3
    Index: [0, 0, 0]
    Size: [224, 320, 320]
  Spacing: [0.699997, 0.7, 0.7]
  Origin: [-77.4301, 74.7286, -97.6632]
  Direction: 
1 0 0
0 -1 0
0 0 1

  IndexToPointMatrix: 
0.699997 0 0
0 -0.7 0
0 0 0.7

  PointToIndexMatrix: 
1.42858 0 0
0 -1.42857 0
0 0 1.42857

  Inverse Direction: 
1 0 0
0 -1 0
0 0 1

  PixelContainer: 
    ImportImageContainer (0x4312350)
      RTTI typeinfo:   itk::ImportImageContainer<unsigned long, double>
      Reference Count: 1
      Modified Time: 2594
      Debug: Off
      Object Name: 
      Observers: 
        none
      Pointer: 0x2b8727622010
      Container manages memory: true
      Size: 22937600
      Capacity: 22937600

     Weighting = 1
     Sampling strategy = none
     Number of bins = 32
     Radius = 4
     Sampling percentage  = 1
   Transform = SyN
     Gradient step = 0.1
     Update field sigma (voxel space) = 3
     Total field sigma (voxel space) = 0
     Update field time sigma = 0
     Total field time sigma  = 0
     Number of time indices = 0
     Number of time point samples = 0
Registration using 3 total stages.

Stage 0
  iterations = 1000x500x250x100
  convergence threshold = 1e-06
  convergence window size = 10
  number of levels = 4
  using the Mattes MI metric (number of bins = 32, weight = 1)
  preprocessing:  winsorizing the image intensities
  Shrink factors (level 1 out of 4): [12, 12, 12]
  Shrink factors (level 2 out of 4): [8, 8, 8]
  Shrink factors (level 3 out of 4): [4, 4, 4]
  Shrink factors (level 4 out of 4): [2, 2, 2]
  smoothing sigmas per level: [4, 3, 2, 1]
  regular sampling (percentage = 0.25)

*** Running Euler3DTransform registration ***

DIAGNOSTIC,Iteration,metricValue,convergenceValue,ITERATION_TIME_INDEX,SINCE_LAST
 2DIAGNOSTIC,     1, -5.182114248687e-01, 1.797693134862e+308, 9.8051e+00, 9.8051e+00, 
 2DIAGNOSTIC,     2, -5.209186994211e-01, 1.797693134862e+308, 9.8229e+00, 1.7799e-02, 
 2DIAGNOSTIC,     3, -5.264974447921e-01, 1.797693134862e+308, 9.8400e+00, 1.7128e-02, 
 2DIAGNOSTIC,     4, -5.349075236519e-01, 1.797693134862e+308, 9.8576e+00, 1.7612e-02, 
 2DIAGNOSTIC,     5, -5.501471879398e-01, 1.797693134862e+308, 9.8757e+00, 1.8099e-02, 
 2DIAGNOSTIC,     6, -5.695233510600e-01, 1.797693134862e+308, 9.8946e+00, 1.8926e-02, 
 2DIAGNOSTIC,     7, -5.861014103022e-01, 1.797693134862e+308, 9.9140e+00, 1.9404e-02, 
 2DIAGNOSTIC,     8, -6.019631038440e-01, 1.797693134862e+308, 9.9365e+00, 2.2431e-02, 
 2DIAGNOSTIC,     9, -6.056383178237e-01, 1.797693134862e+308, 9.9581e+00, 2.1648e-02, 
 2DIAGNOSTIC,    10, -6.081091442811e-01, 1.233797357697e-02, 9.9800e+00, 2.1902e-02, 
 2DIAGNOSTIC,    11, -6.087870900986e-01, 1.075660318975e-02, 1.0002e+01, 2.2435e-02, 
 2DIAGNOSTIC,    12, -6.136208867749e-01, 8.799332127440e-03, 1.0024e+01, 2.1349e-02, 
 2DIAGNOSTIC,    13, -6.180102576881e-01, 6.743720902071e-03, 1.0045e+01, 2.1074e-02, 
 2DIAGNOSTIC,    14, -6.208559874907e-01, 4.783571857861e-03, 1.0069e+01, 2.3769e-02, 
 2DIAGNOSTIC,    15, -6.213988804230e-01, 3.180455876845e-03, 1.0090e+01, 2.1266e-02, 
 2DIAGNOSTIC,    16, -6.212336436075e-01, 2.081026195101e-03, 1.0111e+01, 2.1425e-02, 
 2DIAGNOSTIC,    17, -6.210663012059e-01, 1.385376778978e-03, 1.0133e+01, 2.1191e-02, 
 2DIAGNOSTIC,    18, -6.215664794206e-01, 1.079910250881e-03, 1.0164e+01, 3.1516e-02, 
 2DIAGNOSTIC,    19, -6.215668394561e-01, 8.003778933327e-04, 1.0185e+01, 2.1002e-02, 
 2DIAGNOSTIC,    20, -6.215554244302e-01, 5.377115581567e-04, 1.0203e+01, 1.8299e-02, 
 2DIAGNOSTIC,    21, -6.214172049701e-01, 2.631637143590e-04, 1.0224e+01, 2.0862e-02, 
 2DIAGNOSTIC,    22, -6.213638578599e-01, 9.277788219089e-05, 1.0245e+01, 2.0901e-02, 
 2DIAGNOSTIC,    23, -6.213303673942e-01, 1.809241585578e-05, 1.0263e+01, 1.8189e-02, 
 2DIAGNOSTIC,    24, -6.213197905823e-01, 4.221869790426e-06, 1.0281e+01, 1.8036e-02, 
 2DIAGNOSTIC,    25, -6.213518776460e-01, 2.396746666293e-06, 1.0300e+01, 1.8444e-02, 
DIAGNOSTIC,Iteration,metricValue,convergenceValue,ITERATION_TIME_INDEX,SINCE_LAST
 2DIAGNOSTIC,     1, -5.684555428625e-01, 1.797693134862e+308, 1.9924e+01, 9.6245e+00, 
 2DIAGNOSTIC,     2, -5.698646817011e-01, 1.797693134862e+308, 2.0020e+01, 9.5385e-02, 
 2DIAGNOSTIC,     3, -5.720710727232e-01, 1.797693134862e+308, 2.0116e+01, 9.6121e-02, 
 2DIAGNOSTIC,     4, -5.755595724312e-01, 1.797693134862e+308, 2.0211e+01, 9.5664e-02, 
 2DIAGNOSTIC,     5, -5.790628505066e-01, 1.797693134862e+308, 2.0309e+01, 9.7429e-02, 
 2DIAGNOSTIC,     6, -5.821634553505e-01, 1.797693134862e+308, 2.0427e+01, 1.1764e-01, 
 2DIAGNOSTIC,     7, -5.832927963932e-01, 1.797693134862e+308, 2.0548e+01, 1.2112e-01, 
 2DIAGNOSTIC,     8, -5.835425804811e-01, 1.797693134862e+308, 2.0645e+01, 9.7460e-02, 
 2DIAGNOSTIC,     9, -5.838868775925e-01, 1.797693134862e+308, 2.0757e+01, 1.1156e-01, 
 2DIAGNOSTIC,    10, -5.844078123982e-01, 1.987883765082e-03, 2.0871e+01, 1.1388e-01, 
 2DIAGNOSTIC,    11, -5.843169705081e-01, 1.491861986203e-03, 2.0987e+01, 1.1608e-01, 
 2DIAGNOSTIC,    12, -5.845572767980e-01, 1.014010385967e-03, 2.1085e+01, 9.8509e-02, 
 2DIAGNOSTIC,    13, -5.845969083367e-01, 6.031280235898e-04, 2.1200e+01, 1.1479e-01, 
 2DIAGNOSTIC,    14, -5.847981440089e-01, 3.241544955826e-04, 2.1300e+01, 9.9882e-02, 
 2DIAGNOSTIC,    15, -5.848975860347e-01, 1.682242071050e-04, 2.1419e+01, 1.1940e-01, 
 2DIAGNOSTIC,    16, -5.849715864034e-01, 1.130603071243e-04, 2.1539e+01, 1.1991e-01, 
 2DIAGNOSTIC,    17, -5.848714240966e-01, 8.394706304070e-05, 2.1643e+01, 1.0340e-01, 
 2DIAGNOSTIC,    18, -5.849545164005e-01, 5.950008689735e-05, 2.1765e+01, 1.2246e-01, 
 2DIAGNOSTIC,    19, -5.849715075869e-01, 4.111821597225e-05, 2.1891e+01, 1.2635e-01, 
 2DIAGNOSTIC,    20, -5.849128880283e-01, 3.227688942528e-05, 2.1982e+01, 9.0422e-02, 
 2DIAGNOSTIC,    21, -5.848873075720e-01, 1.868998623145e-05, 2.2083e+01, 1.0127e-01, 
 2DIAGNOSTIC,    22, -5.849206620800e-01, 1.091440286544e-05, 2.2165e+01, 8.1958e-02, 
 2DIAGNOSTIC,    23, -5.850720570308e-01, 6.847762128032e-06, 2.2264e+01, 9.8996e-02, 
 2DIAGNOSTIC,    24, -5.853314924472e-01, 1.181261871617e-05, 2.2367e+01, 1.0253e-01, 
 2DIAGNOSTIC,    25, -5.853165849184e-01, 1.692762007674e-05, 2.2471e+01, 1.0398e-01, 
 2DIAGNOSTIC,    26, -5.853752612950e-01, 2.286675366713e-05, 2.2600e+01, 1.2930e-01, 
 2DIAGNOSTIC,    27, -5.853940951190e-01, 2.482373370627e-05, 2.2709e+01, 1.0942e-01, 
 2DIAGNOSTIC,    28, -5.854203093192e-01, 2.622227138681e-05, 2.2822e+01, 1.1273e-01, 
 2DIAGNOSTIC,    29, -5.853364114876e-01, 2.398775547727e-05, 2.2927e+01, 1.0552e-01, 
 2DIAGNOSTIC,    30, -5.853135088974e-01, 1.850635851131e-05, 2.3021e+01, 9.3788e-02, 
 2DIAGNOSTIC,    31, -5.853599030681e-01, 1.212225072487e-05, 2.3116e+01, 9.4707e-02, 
 2DIAGNOSTIC,    32, -5.853150720458e-01, 4.835956181122e-06, 2.3225e+01, 1.0864e-01, 
DIAGNOSTIC,Iteration,metricValue,convergenceValue,ITERATION_TIME_INDEX,SINCE_LAST
 2DIAGNOSTIC,     1, -5.128156049489e-01, 1.797693134862e+308, 3.3434e+01, 1.0210e+01, 
 2DIAGNOSTIC,     2, -5.131159012464e-01, 1.797693134862e+308, 3.4072e+01, 6.3770e-01, 
 2DIAGNOSTIC,     3, -5.131528330848e-01, 1.797693134862e+308, 3.4815e+01, 7.4236e-01, 
 2DIAGNOSTIC,     4, -5.131630992662e-01, 1.797693134862e+308, 3.5454e+01, 6.3953e-01, 
 2DIAGNOSTIC,     5, -5.131811234278e-01, 1.797693134862e+308, 3.6301e+01, 8.4683e-01, 
 2DIAGNOSTIC,     6, -5.131931100297e-01, 1.797693134862e+308, 3.7046e+01, 7.4519e-01, 
 2DIAGNOSTIC,     7, -5.131856293607e-01, 1.797693134862e+308, 3.7795e+01, 7.4923e-01, 
 2DIAGNOSTIC,     8, -5.131621660591e-01, 1.797693134862e+308, 3.8539e+01, 7.4380e-01, 
 2DIAGNOSTIC,     9, -5.131674167023e-01, 1.797693134862e+308, 3.9288e+01, 7.4910e-01, 
 2DIAGNOSTIC,    10, -5.131489494694e-01, 2.519208193888e-05, 3.9925e+01, 6.3713e-01, 
 2DIAGNOSTIC,    11, -5.131547771589e-01, 4.323654417174e-06, 4.1081e+01, 1.1558e+00, 
DIAGNOSTIC,Iteration,metricValue,convergenceValue,ITERATION_TIME_INDEX,SINCE_LAST
 2DIAGNOSTIC,     1, -4.528810561596e-01, 1.797693134862e+308, 5.6260e+01, 1.5179e+01, 
 2DIAGNOSTIC,     2, -4.531867983940e-01, 1.797693134862e+308, 6.0779e+01, 4.5185e+00, 
 2DIAGNOSTIC,     3, -4.533745786413e-01, 1.797693134862e+308, 6.6024e+01, 5.2451e+00, 
 2DIAGNOSTIC,     4, -4.534177749555e-01, 1.797693134862e+308, 7.1172e+01, 5.1481e+00, 
 2DIAGNOSTIC,     5, -4.534096167707e-01, 1.797693134862e+308, 7.7133e+01, 5.9610e+00, 
 2DIAGNOSTIC,     6, -4.534109686960e-01, 1.797693134862e+308, 8.2510e+01, 5.3774e+00, 
 2DIAGNOSTIC,     7, -4.534119661097e-01, 1.797693134862e+308, 8.7773e+01, 5.2629e+00, 
 2DIAGNOSTIC,     8, -4.534062378813e-01, 1.797693134862e+308, 9.2955e+01, 5.1819e+00, 
 2DIAGNOSTIC,     9, -4.534029959395e-01, 1.797693134862e+308, 9.8865e+01, 5.9096e+00, 
 2DIAGNOSTIC,    10, -4.534018676799e-01, 4.891099310055e-05, 1.0343e+02, 4.5646e+00, 
 2DIAGNOSTIC,    11, -4.534036385096e-01, 1.593728508172e-05, 1.0860e+02, 5.1658e+00, 
 2DIAGNOSTIC,    12, -4.533986143528e-01, 2.733624614087e-06, 1.1701e+02, 8.4157e+00, 
  Elapsed time (stage 0): 1.2244e+02


Stage 1
  iterations = 1000x500x250x100
  convergence threshold = 1.0000e-06
  convergence window size = 10
  number of levels = 4
  using the Mattes MI metric (number of bins = 32, weight = 1.0000e+00)
  preprocessing:  winsorizing the image intensities
  Shrink factors (level 1 out of 4): [12, 12, 12]
  Shrink factors (level 2 out of 4): [8, 8, 8]
  Shrink factors (level 3 out of 4): [4, 4, 4]
  Shrink factors (level 4 out of 4): [2, 2, 2]
  smoothing sigmas per level: [4, 3, 2, 1]
  regular sampling (percentage = 2.5000e-01)

*** Running AffineTransform registration ***

DIAGNOSTIC,Iteration,metricValue,convergenceValue,ITERATION_TIME_INDEX,SINCE_LAST
 2DIAGNOSTIC,     1, -6.276389310815e-01, 1.797693134862e+308, 9.4454e+00, 9.4454e+00, 
 2DIAGNOSTIC,     2, -6.299681290532e-01, 1.797693134862e+308, 9.4650e+00, 1.9559e-02, 
 2DIAGNOSTIC,     3, -6.341772931416e-01, 1.797693134862e+308, 9.4888e+00, 2.3868e-02, 
 2DIAGNOSTIC,     4, -6.395126182911e-01, 1.797693134862e+308, 9.5117e+00, 2.2883e-02, 
 2DIAGNOSTIC,     5, -6.474006967362e-01, 1.797693134862e+308, 9.5347e+00, 2.2997e-02, 
 2DIAGNOSTIC,     6, -6.597618795374e-01, 1.797693134862e+308, 9.5578e+00, 2.3091e-02, 
 2DIAGNOSTIC,     7, -6.815763448467e-01, 1.797693134862e+308, 9.5822e+00, 2.4442e-02, 
 2DIAGNOSTIC,     8, -7.007817718843e-01, 1.797693134862e+308, 9.6209e+00, 3.8651e-02, 
 2DIAGNOSTIC,     9, -7.011371581980e-01, 1.797693134862e+308, 9.6438e+00, 2.2920e-02, 
 2DIAGNOSTIC,    10, -7.030986393953e-01, 8.843797871196e-03, 9.6677e+00, 2.3913e-02, 
 2DIAGNOSTIC,    11, -7.052334654534e-01, 8.039097866561e-03, 9.6899e+00, 2.2139e-02, 
 2DIAGNOSTIC,    12, -7.068171672409e-01, 6.779865060921e-03, 9.7146e+00, 2.4750e-02, 
 2DIAGNOSTIC,    13, -7.090275824338e-01, 5.314048804239e-03, 9.7395e+00, 2.4890e-02, 
 2DIAGNOSTIC,    14, -7.092622265200e-01, 3.760341441494e-03, 9.7674e+00, 2.7902e-02, 
 2DIAGNOSTIC,    15, -7.089992116848e-01, 2.301078573615e-03, 9.7895e+00, 2.2100e-02, 
 2DIAGNOSTIC,    16, -7.091524499079e-01, 1.138778157799e-03, 9.8141e+00, 2.4640e-02, 
 2DIAGNOSTIC,    17, -7.084563265302e-01, 5.188718948268e-04, 9.8388e+00, 2.4649e-02, 
 2DIAGNOSTIC,    18, -7.077177745745e-01, 3.503423094120e-04, 9.8641e+00, 2.5269e-02, 
 2DIAGNOSTIC,    19, -7.085917479885e-01, 1.947846647467e-04, 9.8923e+00, 2.8225e-02, 
 2DIAGNOSTIC,    20, -7.086397345507e-01, 7.806676163683e-05, 9.9173e+00, 2.5066e-02, 
DIAGNOSTIC,Iteration,metricValue,convergenceValue,ITERATION_TIME_INDEX,SINCE_LAST
 2DIAGNOSTIC,     1, -6.268441918827e-01, 1.797693134862e+308, 1.9739e+01, 9.8214e+00, 
 2DIAGNOSTIC,     2, -6.278744831633e-01, 1.797693134862e+308, 1.9856e+01, 1.1714e-01, 
 2DIAGNOSTIC,     3, -6.293021776682e-01, 1.797693134862e+308, 1.9968e+01, 1.1198e-01, 
 2DIAGNOSTIC,     4, -6.304090633959e-01, 1.797693134862e+308, 2.0076e+01, 1.0818e-01, 
 2DIAGNOSTIC,     5, -6.322659665809e-01, 1.797693134862e+308, 2.0184e+01, 1.0840e-01, 
 2DIAGNOSTIC,     6, -6.331378407912e-01, 1.797693134862e+308, 2.0310e+01, 1.2539e-01, 
 2DIAGNOSTIC,     7, -6.341346624223e-01, 1.797693134862e+308, 2.0475e+01, 1.6479e-01, 
 2DIAGNOSTIC,     8, -6.342143389756e-01, 1.797693134862e+308, 2.0732e+01, 2.5710e-01, 
 2DIAGNOSTIC,     9, -6.342098221252e-01, 1.797693134862e+308, 2.0845e+01, 1.1304e-01, 
 2DIAGNOSTIC,    10, -6.342159773864e-01, 8.238088527060e-04, 2.0957e+01, 1.1236e-01, 
 2DIAGNOSTIC,    11, -6.342466077915e-01, 5.920105307273e-04, 2.1097e+01, 1.4000e-01, 
 2DIAGNOSTIC,    12, -6.342725957656e-01, 3.850524761292e-04, 2.1215e+01, 1.1759e-01, 
 2DIAGNOSTIC,    13, -6.343294071624e-01, 2.268308379754e-04, 2.1331e+01, 1.1666e-01, 
 2DIAGNOSTIC,    14, -6.344055748920e-01, 1.079971414095e-04, 2.1449e+01, 1.1799e-01, 
 2DIAGNOSTIC,    15, -6.344161734167e-01, 5.095565404098e-05, 2.1588e+01, 1.3857e-01, 
 2DIAGNOSTIC,    16, -6.345063385069e-01, 2.284518273628e-05, 2.1692e+01, 1.0416e-01, 
 2DIAGNOSTIC,    17, -6.346230774842e-01, 2.544031628882e-05, 2.1809e+01, 1.1710e-01, 
 2DIAGNOSTIC,    18, -6.346776360168e-01, 2.885068245487e-05, 2.1914e+01, 1.0437e-01, 
 2DIAGNOSTIC,    19, -6.346827302873e-01, 2.941510968463e-05, 2.2023e+01, 1.0963e-01, 
 2DIAGNOSTIC,    20, -6.344976730224e-01, 2.337485152071e-05, 2.2130e+01, 1.0727e-01, 
 2DIAGNOSTIC,    21, -6.345730764767e-01, 1.826466005865e-05, 2.2257e+01, 1.2687e-01, 
 2DIAGNOSTIC,    22, -6.348004246862e-01, 1.707470329625e-05, 2.2375e+01, 1.1798e-01, 
 2DIAGNOSTIC,    23, -6.348189099331e-01, 1.578955333842e-05, 2.2476e+01, 1.0103e-01, 
 2DIAGNOSTIC,    24, -6.348808765223e-01, 1.596653819289e-05, 2.2600e+01, 1.2336e-01, 
 2DIAGNOSTIC,    25, -6.354768749412e-01, 2.572477094012e-05, 2.2730e+01, 1.3038e-01, 
 2DIAGNOSTIC,    26, -6.355579317351e-01, 3.503929607311e-05, 2.2865e+01, 1.3482e-01, 
 2DIAGNOSTIC,    27, -6.355830318586e-01, 4.278645766417e-05, 2.3004e+01, 1.3879e-01, 
 2DIAGNOSTIC,    28, -6.355754177756e-01, 4.692570846067e-05, 2.3120e+01, 1.1625e-01, 
 2DIAGNOSTIC,    29, -6.353786536468e-01, 4.362143870309e-05, 2.3250e+01, 1.2974e-01, 
 2DIAGNOSTIC,    30, -6.354036771839e-01, 3.406923402908e-05, 2.3366e+01, 1.1674e-01, 
 2DIAGNOSTIC,    31, -6.353597758557e-01, 2.229002187155e-05, 2.3466e+01, 9.9872e-02, 
 2DIAGNOSTIC,    32, -6.353782537171e-01, 1.278490072821e-05, 2.3657e+01, 1.9039e-01, 
 2DIAGNOSTIC,    33, -6.353785108120e-01, 3.086903069639e-06, 2.3755e+01, 9.7872e-02, 
DIAGNOSTIC,Iteration,metricValue,convergenceValue,ITERATION_TIME_INDEX,SINCE_LAST
 2DIAGNOSTIC,     1, -5.647295349563e-01, 1.797693134862e+308, 3.3962e+01, 1.0208e+01, 
 2DIAGNOSTIC,     2, -5.653111172203e-01, 1.797693134862e+308, 3.4608e+01, 6.4549e-01, 
 2DIAGNOSTIC,     3, -5.661115703761e-01, 1.797693134862e+308, 3.5256e+01, 6.4793e-01, 
 2DIAGNOSTIC,     4, -5.667613054465e-01, 1.797693134862e+308, 3.5897e+01, 6.4158e-01, 
 2DIAGNOSTIC,     5, -5.672348677080e-01, 1.797693134862e+308, 3.6539e+01, 6.4175e-01, 
 2DIAGNOSTIC,     6, -5.675421038801e-01, 1.797693134862e+308, 3.7286e+01, 7.4636e-01, 
 2DIAGNOSTIC,     7, -5.678787334158e-01, 1.797693134862e+308, 3.8838e+01, 1.5521e+00, 
 2DIAGNOSTIC,     8, -5.679178694156e-01, 1.797693134862e+308, 3.9505e+01, 6.6701e-01, 
 2DIAGNOSTIC,     9, -5.678974374975e-01, 1.797693134862e+308, 4.0354e+01, 8.4915e-01, 
 2DIAGNOSTIC,    10, -5.678483946704e-01, 3.650818020136e-04, 4.1004e+01, 6.5012e-01, 
 2DIAGNOSTIC,    11, -5.678219181725e-01, 2.398600441603e-04, 4.1746e+01, 7.4219e-01, 
 2DIAGNOSTIC,    12, -5.678311674818e-01, 1.383603913616e-04, 4.2390e+01, 6.4359e-01, 
 2DIAGNOSTIC,    13, -5.678242510299e-01, 7.040401754144e-05, 4.3129e+01, 7.3877e-01, 
 2DIAGNOSTIC,    14, -5.678334961975e-01, 2.943379150687e-05, 4.3775e+01, 6.4670e-01, 
 2DIAGNOSTIC,    15, -5.678433808580e-01, 7.491215188268e-06, 4.4414e+01, 6.3896e-01, 
DIAGNOSTIC,Iteration,metricValue,convergenceValue,ITERATION_TIME_INDEX,SINCE_LAST
 2DIAGNOSTIC,     1, -4.929467477570e-01, 1.797693134862e+308, 5.9232e+01, 1.4817e+01, 
 2DIAGNOSTIC,     2, -4.936455234273e-01, 1.797693134862e+308, 6.3412e+01, 4.1801e+00, 
 2DIAGNOSTIC,     3, -4.943386557873e-01, 1.797693134862e+308, 6.7636e+01, 4.2244e+00, 
 2DIAGNOSTIC,     4, -4.949311909673e-01, 1.797693134862e+308, 7.2405e+01, 4.7692e+00, 
 2DIAGNOSTIC,     5, -4.952625291230e-01, 1.797693134862e+308, 7.9527e+01, 7.1219e+00, 
 2DIAGNOSTIC,     6, -4.952796204522e-01, 1.797693134862e+308, 8.3666e+01, 4.1389e+00, 
 2DIAGNOSTIC,     7, -4.953454924343e-01, 1.797693134862e+308, 8.7756e+01, 4.0896e+00, 
 2DIAGNOSTIC,     8, -4.954136115600e-01, 1.797693134862e+308, 9.1872e+01, 4.1164e+00, 
 2DIAGNOSTIC,     9, -4.954726774640e-01, 1.797693134862e+308, 9.5929e+01, 4.0569e+00, 
 2DIAGNOSTIC,    10, -4.955202397155e-01, 2.973014010915e-04, 1.0124e+02, 5.3151e+00, 
 2DIAGNOSTIC,    11, -4.955144861780e-01, 1.784627104938e-04, 1.0833e+02, 7.0813e+00, 
 2DIAGNOSTIC,    12, -4.955146199639e-01, 9.682069321698e-05, 1.1328e+02, 4.9549e+00, 
 2DIAGNOSTIC,    13, -4.955152508301e-01, 4.929107984634e-05, 1.1739e+02, 4.1055e+00, 
 2DIAGNOSTIC,    14, -4.955157888512e-01, 2.822575894358e-05, 1.2217e+02, 4.7866e+00, 
 2DIAGNOSTIC,    15, -4.955159707403e-01, 2.030684110922e-05, 1.2706e+02, 4.8838e+00, 
 2DIAGNOSTIC,    16, -4.955167820455e-01, 1.234728891028e-05, 1.3188e+02, 4.8256e+00, 
 2DIAGNOSTIC,    17, -4.955178343195e-01, 6.615745575179e-06, 1.3676e+02, 4.8742e+00, 
 2DIAGNOSTIC,    18, -4.955198896469e-01, 3.281541694905e-06, 1.4081e+02, 4.0585e+00, 
 2DIAGNOSTIC,    19, -4.955252056501e-01, 2.058752095260e-06, 1.4569e+02, 4.8755e+00, 
 2DIAGNOSTIC,    20, -4.955281752004e-01, 2.374578722916e-06, 1.5044e+02, 4.7542e+00, 
 2DIAGNOSTIC,    21, -4.955281465756e-01, 2.429526791650e-06, 1.5460e+02, 4.1587e+00, 
 2DIAGNOSTIC,    22, -4.955294842437e-01, 2.434795473613e-06, 1.5936e+02, 4.7618e+00, 
 2DIAGNOSTIC,    23, -4.955315193177e-01, 2.412476185702e-06, 1.6355e+02, 4.1895e+00, 
 2DIAGNOSTIC,    24, -4.955349482020e-01, 2.387364409710e-06, 1.6891e+02, 5.3555e+00, 
 2DIAGNOSTIC,    25, -4.955364173053e-01, 2.300252134997e-06, 1.7403e+02, 5.1187e+00, 
 2DIAGNOSTIC,    26, -4.955327566950e-01, 2.062523226716e-06, 1.7827e+02, 4.2379e+00, 
 2DIAGNOSTIC,    27, -4.955301753049e-01, 1.735237748449e-06, 1.8236e+02, 4.0988e+00, 
 2DIAGNOSTIC,    28, -4.955354252078e-01, 1.526198634298e-06, 1.8642e+02, 4.0574e+00, 
 2DIAGNOSTIC,    29, -4.955436282248e-01, 1.554863920353e-06, 1.9061e+02, 4.1844e+00, 
 2DIAGNOSTIC,    30, -4.955556758721e-01, 1.822019793429e-06, 1.9462e+02, 4.0140e+00, 
 2DIAGNOSTIC,    31, -4.955650446592e-01, 2.171797251892e-06, 1.9930e+02, 4.6787e+00, 
 2DIAGNOSTIC,    32, -4.955752766708e-01, 2.599636093115e-06, 2.0386e+02, 4.5589e+00, 
 2DIAGNOSTIC,    33, -4.955734365584e-01, 2.848624407477e-06, 2.0852e+02, 4.6588e+00, 
 2DIAGNOSTIC,    34, -4.955714669673e-01, 2.928652720099e-06, 2.1390e+02, 5.3845e+00, 
 2DIAGNOSTIC,    35, -4.955666972694e-01, 2.762159428522e-06, 2.1912e+02, 5.2148e+00, 
 2DIAGNOSTIC,    36, -4.955668554341e-01, 2.374680412861e-06, 2.2438e+02, 5.2662e+00, 
 2DIAGNOSTIC,    37, -4.955665690902e-01, 1.819491931745e-06, 2.3212e+02, 7.7424e+00, 
 2DIAGNOSTIC,    38, -4.955666585857e-01, 1.282711653519e-06, 2.3690e+02, 4.7763e+00, 
  Elapsed time (stage 1): 2.4172e+02


Stage 2
  iterations = 100x100x70x50x20
  convergence threshold = 1.0000e-06
  convergence window size = 10
  number of levels = 5
  using the CC metric (radius = 4, weight = 1.0000e+00)
  preprocessing:  winsorizing the image intensities
  Shrink factors (level 1 out of 5): [10, 10, 10]
  Shrink factors (level 2 out of 5): [6, 6, 6]
  Shrink factors (level 3 out of 5): [4, 4, 4]
  Shrink factors (level 4 out of 5): [2, 2, 2]
  Shrink factors (level 5 out of 5): [1, 1, 1]
  smoothing sigmas per level: [5, 3, 2, 1, 0]
  Using default NONE metricSamplingStrategy 

*** Running SyN registration (varianceForUpdateField = 3.0000e+00, varianceForTotalField = 0.0000e+00) ***

XXDIAGNOSTIC,Iteration,metricValue,convergenceValue,ITERATION_TIME_INDEX,SINCE_LAST
 1DIAGNOSTIC,     1, -5.113480808363e-01, 1.797693134862e+308, 1.1203e+01, 1.1203e+01, 
 1DIAGNOSTIC,     2, -5.204840594280e-01, 1.797693134862e+308, 1.2768e+01, 1.5647e+00, 
 1DIAGNOSTIC,     3, -5.275795082441e-01, 1.797693134862e+308, 1.4332e+01, 1.5642e+00, 
 1DIAGNOSTIC,     4, -5.340014577746e-01, 1.797693134862e+308, 1.5898e+01, 1.5667e+00, 
 1DIAGNOSTIC,     5, -5.396009243242e-01, 1.797693134862e+308, 1.7585e+01, 1.6867e+00, 
 1DIAGNOSTIC,     6, -5.444081293761e-01, 1.797693134862e+308, 1.9269e+01, 1.6834e+00, 
 1DIAGNOSTIC,     7, -5.486056507361e-01, 1.797693134862e+308, 2.0873e+01, 1.6046e+00, 
 1DIAGNOSTIC,     8, -5.525120006629e-01, 1.797693134862e+308, 2.2456e+01, 1.5833e+00, 
 1DIAGNOSTIC,     9, -5.556106116421e-01, 1.797693134862e+308, 2.4050e+01, 1.5941e+00, 
 1DIAGNOSTIC,    10, -5.586328960232e-01, 5.436183953542e-03, 2.5635e+01, 1.5843e+00, 
 1DIAGNOSTIC,    11, -5.613895964282e-01, 4.295386460671e-03, 2.7233e+01, 1.5985e+00, 
 1DIAGNOSTIC,    12, -5.636520817630e-01, 3.457805301444e-03, 2.8899e+01, 1.6660e+00, 
 1DIAGNOSTIC,    13, -5.652707964851e-01, 2.787029636033e-03, 3.0478e+01, 1.5789e+00, 
 1DIAGNOSTIC,    14, -5.678448914835e-01, 2.293463256110e-03, 3.2096e+01, 1.6176e+00, 
 1DIAGNOSTIC,    15, -5.696633829027e-01, 1.911633795895e-03, 3.3698e+01, 1.6025e+00, 
 1DIAGNOSTIC,    16, -5.710504093775e-01, 1.601938183427e-03, 3.5326e+01, 1.6278e+00, 
 1DIAGNOSTIC,    17, -5.726710474399e-01, 1.357755364978e-03, 3.6972e+01, 1.6461e+00, 
 1DIAGNOSTIC,    18, -5.737849001944e-01, 1.158678427730e-03, 3.8584e+01, 1.6119e+00, 
 1DIAGNOSTIC,    19, -5.752580701390e-01, 9.961271012115e-04, 4.0165e+01, 1.5811e+00, 
 1DIAGNOSTIC,    20, -5.766156221251e-01, 8.684943866792e-04, 4.1750e+01, 1.5847e+00, 
 1DIAGNOSTIC,    21, -5.772816543719e-01, 7.551767803194e-04, 4.3339e+01, 1.5894e+00, 
 1DIAGNOSTIC,    22, -5.787105213161e-01, 6.678798400655e-04, 4.4955e+01, 1.6152e+00, 
 1DIAGNOSTIC,    23, -5.792665779715e-01, 5.728302661197e-04, 4.6539e+01, 1.5846e+00, 
 1DIAGNOSTIC,    24, -5.803586640165e-01, 5.095529772410e-04, 4.8212e+01, 1.6726e+00, 
 1DIAGNOSTIC,    25, -5.809837806661e-01, 4.528221744603e-04, 5.0033e+01, 1.8215e+00, 
 1DIAGNOSTIC,    26, -5.821186658241e-01, 4.068681906767e-04, 5.1643e+01, 1.6093e+00, 
 1DIAGNOSTIC,    27, -5.824658950364e-01, 3.626794951362e-04, 5.3266e+01, 1.6232e+00, 
 1DIAGNOSTIC,    28, -5.832576038399e-01, 3.217598878563e-04, 5.4851e+01, 1.5855e+00, 
 1DIAGNOSTIC,    29, -5.838459972887e-01, 2.888947515468e-04, 5.6443e+01, 1.5916e+00, 
 1DIAGNOSTIC,    30, -5.844308347104e-01, 2.635525340430e-04, 5.8028e+01, 1.5847e+00, 
 1DIAGNOSTIC,    31, -5.846890716309e-01, 2.295233631479e-04, 5.9615e+01, 1.5872e+00, 
 1DIAGNOSTIC,    32, -5.861010926281e-01, 2.207871298253e-04, 6.1245e+01, 1.6298e+00, 
 1DIAGNOSTIC,    33, -5.854273568577e-01, 1.892343473619e-04, 6.2834e+01, 1.5892e+00, 
 1DIAGNOSTIC,    34, -5.870727606637e-01, 1.825567658773e-04, 6.4419e+01, 1.5854e+00, 
 1DIAGNOSTIC,    35, -5.863875924976e-01, 1.573143968407e-04, 6.6006e+01, 1.5870e+00, 
 1DIAGNOSTIC,    36, -5.875512477278e-01, 1.510078804560e-04, 6.7790e+01, 1.7837e+00, 
 1DIAGNOSTIC,    37, -5.875680831199e-01, 1.351265182980e-04, 6.9381e+01, 1.5912e+00, 
 1DIAGNOSTIC,    38, -5.879460681151e-01, 1.226833551670e-04, 7.1026e+01, 1.6448e+00, 
 1DIAGNOSTIC,    39, -5.882609904326e-01, 1.108085732775e-04, 7.2610e+01, 1.5837e+00, 
 1DIAGNOSTIC,    40, -5.892278417889e-01, 1.083729366068e-04, 7.4198e+01, 1.5878e+00, 
 1DIAGNOSTIC,    41, -5.880305850185e-01, 8.369829950767e-05, 7.5789e+01, 1.5916e+00, 
 1DIAGNOSTIC,    42, -5.897746812691e-01, 9.063836154647e-05, 7.7387e+01, 1.5974e+00, 
 1DIAGNOSTIC,    43, -5.893289404286e-01, 7.463058868328e-05, 7.8975e+01, 1.5883e+00, 
 1DIAGNOSTIC,    44, -5.899003014782e-01, 7.781480812234e-05, 8.0562e+01, 1.5872e+00, 
 1DIAGNOSTIC,    45, -5.897904098677e-01, 6.433453940416e-05, 8.2147e+01, 1.5850e+00, 
 1DIAGNOSTIC,    46, -5.904331913318e-01, 6.512595271516e-05, 8.3747e+01, 1.5994e+00, 
 1DIAGNOSTIC,    47, -5.904394323178e-01, 5.970115122705e-05, 8.5332e+01, 1.5858e+00, 
 1DIAGNOSTIC,    48, -5.907990181654e-01, 5.635880776681e-05, 8.6917e+01, 1.5847e+00, 
 1DIAGNOSTIC,    49, -5.909219999263e-01, 5.204486587858e-05, 8.8501e+01, 1.5839e+00, 
 1DIAGNOSTIC,    50, -5.912166381366e-01, 5.594908628027e-05, 9.0108e+01, 1.6072e+00, 
 1DIAGNOSTIC,    51, -5.906593205438e-01, 3.679783363006e-05, 9.1697e+01, 1.5888e+00, 
 1DIAGNOSTIC,    52, -5.919110765754e-01, 4.379302286653e-05, 9.3292e+01, 1.5948e+00, 
 1DIAGNOSTIC,    53, -5.914966624765e-01, 3.786750713807e-05, 9.4876e+01, 1.5845e+00, 
 1DIAGNOSTIC,    54, -5.918083071747e-01, 3.690104925338e-05, 9.6466e+01, 1.5897e+00, 
 1DIAGNOSTIC,    55, -5.918488901292e-01, 3.178039249137e-05, 9.8051e+01, 1.5853e+00, 
 1DIAGNOSTIC,    56, -5.923071458962e-01, 3.361321419846e-05, 9.9651e+01, 1.6002e+00, 
 1DIAGNOSTIC,    57, -5.917699319220e-01, 2.735821889619e-05, 1.0124e+02, 1.5905e+00, 
 1DIAGNOSTIC,    58, -5.928248552219e-01, 3.089942045422e-05, 1.0283e+02, 1.5925e+00, 
 1DIAGNOSTIC,    59, -5.919406488072e-01, 2.480744592771e-05, 1.0443e+02, 1.5968e+00, 
 1DIAGNOSTIC,    60, -5.929603784636e-01, 2.780049995525e-05, 1.0608e+02, 1.6471e+00, 
 1DIAGNOSTIC,    61, -5.922341814503e-01, 1.718551531347e-05, 1.0769e+02, 1.6071e+00, 
 1DIAGNOSTIC,    62, -5.931865901521e-01, 2.313310838079e-05, 1.0934e+02, 1.6578e+00, 
 1DIAGNOSTIC,    63, -5.924962381256e-01, 1.782332319890e-05, 1.1118e+02, 1.8343e+00, 
 1DIAGNOSTIC,    64, -5.933197135100e-01, 1.991510678193e-05, 1.1283e+02, 1.6532e+00, 
 1DIAGNOSTIC,    65, -5.930220039322e-01, 1.790100492363e-05, 1.1447e+02, 1.6405e+00, 
 1DIAGNOSTIC,    66, -5.929176409150e-01, 1.710211292433e-05, 1.1610e+02, 1.6264e+00, 
 1DIAGNOSTIC,    67, -5.929724786701e-01, 1.102662065128e-05, 1.1768e+02, 1.5837e+00, 
 1DIAGNOSTIC,    68, -5.935469014827e-01, 1.605759674677e-05, 1.1927e+02, 1.5851e+00, 
 1DIAGNOSTIC,    69, -5.933634952120e-01, 1.148248480078e-05, 1.2087e+02, 1.6030e+00, 
 1DIAGNOSTIC,    70, -5.934625043389e-01, 1.408183713985e-05, 1.2246e+02, 1.5936e+00, 
 1DIAGNOSTIC,    71, -5.932430895114e-01, 8.652192399799e-06, 1.2406e+02, 1.6011e+00, 
 1DIAGNOSTIC,    72, -5.940009016345e-01, 1.442147476038e-05, 1.2566e+02, 1.5930e+00, 
 1DIAGNOSTIC,    73, -5.931950124766e-01, 8.221446447363e-06, 1.2728e+02, 1.6259e+00, 
 1DIAGNOSTIC,    74, -5.943166704109e-01, 1.457673959225e-05, 1.2889e+02, 1.6089e+00, 
 1DIAGNOSTIC,    75, -5.931982157136e-01, 1.003268050726e-05, 1.3048e+02, 1.5867e+00, 
 1DIAGNOSTIC,    76, -5.945179820755e-01, 1.274638423501e-05, 1.3206e+02, 1.5846e+00, 
 1DIAGNOSTIC,    77, -5.932164082594e-01, 5.894381665969e-06, 1.3366e+02, 1.5930e+00, 
 1DIAGNOSTIC,    78, -5.944357248659e-01, 1.023176352612e-05, 1.3525e+02, 1.5980e+00, 
 1DIAGNOSTIC,    79, -5.938068860093e-01, 8.266973084720e-06, 1.3685e+02, 1.5997e+00, 
 1DIAGNOSTIC,    80, -5.944821720515e-01, 1.047321394197e-05, 1.3848e+02, 1.6244e+00, 
 1DIAGNOSTIC,    81, -5.935069542763e-01, 4.235335350770e-06, 1.4007e+02, 1.5893e+00, 
 1DIAGNOSTIC,    82, -5.948445684319e-01, 1.061773299187e-05, 1.4165e+02, 1.5796e+00, 
 1DIAGNOSTIC,    83, -5.935985871436e-01, 3.318058762365e-06, 1.4325e+02, 1.6039e+00, 
 1DIAGNOSTIC,    84, -5.947822478155e-01, 9.712907428787e-06, 1.4485e+02, 1.5998e+00, 
 1DIAGNOSTIC,    85, -5.938873931762e-01, 3.097913341779e-06, 1.4646e+02, 1.6064e+00, 
 1DIAGNOSTIC,    86, -5.946030511778e-01, 8.339552010890e-06, 1.4807e+02, 1.6105e+00, 
 1DIAGNOSTIC,    87, -5.944998708473e-01, 4.477782560334e-06, 1.4967e+02, 1.6003e+00, 
 1DIAGNOSTIC,    88, -5.939535295910e-01, 4.147730377378e-06, 1.5133e+02, 1.6607e+00, 
 1DIAGNOSTIC,    89, -5.946823266461e-01, 4.034492829595e-06, 1.5293e+02, 1.5965e+00, 
 1DIAGNOSTIC,    90, -5.946837467403e-01, 7.253154490378e-06, 1.5453e+02, 1.6011e+00, 
 1DIAGNOSTIC,    91, -5.942499978890e-01, 1.949284303134e-06, 1.5613e+02, 1.6035e+00, 
 1DIAGNOSTIC,    92, -5.951364692081e-01, 8.725651782827e-06, 1.5772e+02, 1.5873e+00, 
 1DIAGNOSTIC,    93, -5.935066652424e-01, -8.369109812129e-07, 1.5930e+02, 1.5867e+00, 
XXDIAGNOSTIC,Iteration,metricValue,convergenceValue,ITERATION_TIME_INDEX,SINCE_LAST
 1DIAGNOSTIC,     1, -4.906353665059e-01, 1.797693134862e+308, 1.7715e+02, 1.7850e+01, 
 1DIAGNOSTIC,     2, -4.951581176170e-01, 1.797693134862e+308, 1.8520e+02, 8.0423e+00, 
 1DIAGNOSTIC,     3, -4.988277406418e-01, 1.797693134862e+308, 1.9320e+02, 8.0049e+00, 
 1DIAGNOSTIC,     4, -5.022957734382e-01, 1.797693134862e+308, 2.0128e+02, 8.0775e+00, 
 1DIAGNOSTIC,     5, -5.052479091556e-01, 1.797693134862e+308, 2.0937e+02, 8.0918e+00, 
 1DIAGNOSTIC,     6, -5.077668905241e-01, 1.797693134862e+308, 2.1785e+02, 8.4825e+00, 
 1DIAGNOSTIC,     7, -5.100055089385e-01, 1.797693134862e+308, 2.2639e+02, 8.5411e+00, 
 1DIAGNOSTIC,     8, -5.117191348976e-01, 1.797693134862e+308, 2.3510e+02, 8.7035e+00, 
 1DIAGNOSTIC,     9, -5.130243034763e-01, 1.797693134862e+308, 2.4358e+02, 8.4850e+00, 
 1DIAGNOSTIC,    10, -5.141410779755e-01, 2.940542438006e-03, 2.5214e+02, 8.5558e+00, 
 1DIAGNOSTIC,    11, -5.151861592180e-01, 2.267254368918e-03, 2.6078e+02, 8.6390e+00, 
 1DIAGNOSTIC,    12, -5.161836841289e-01, 1.760160012705e-03, 2.6917e+02, 8.3922e+00, 
 1DIAGNOSTIC,    13, -5.168132239249e-01, 1.356372622124e-03, 2.7756e+02, 8.3943e+00, 
 1DIAGNOSTIC,    14, -5.178941955266e-01, 1.068448394685e-03, 2.8604e+02, 8.4764e+00, 
 1DIAGNOSTIC,    15, -5.184648842955e-01, 8.515587127054e-04, 2.9461e+02, 8.5700e+00, 
 1DIAGNOSTIC,    16, -5.192648278058e-01, 6.986759082291e-04, 3.0290e+02, 8.2907e+00, 
 1DIAGNOSTIC,    17, -5.196977308117e-01, 5.863621623406e-04, 3.1129e+02, 8.3925e+00, 
 1DIAGNOSTIC,    18, -5.203215871159e-01, 5.044683590300e-04, 3.1975e+02, 8.4604e+00, 
 1DIAGNOSTIC,    19, -5.206070016684e-01, 4.305967764278e-04, 3.2815e+02, 8.3946e+00, 
 1DIAGNOSTIC,    20, -5.212602236081e-01, 3.730547581493e-04, 3.3640e+02, 8.2467e+00, 
 1DIAGNOSTIC,    21, -5.215554091605e-01, 3.212449184825e-04, 3.4476e+02, 8.3643e+00, 
 1DIAGNOSTIC,    22, -5.219370268742e-01, 2.790395652373e-04, 3.5307e+02, 8.3155e+00, 
 1DIAGNOSTIC,    23, -5.222754579938e-01, 2.374194967169e-04, 3.6135e+02, 8.2721e+00, 
 1DIAGNOSTIC,    24, -5.227891265291e-01, 2.137697078402e-04, 3.6961e+02, 8.2666e+00, 
 1DIAGNOSTIC,    25, -5.227430340537e-01, 1.831633971391e-04, 3.7809e+02, 8.4732e+00, 
 1DIAGNOSTIC,    26, -5.233230827917e-01, 1.672701143171e-04, 3.8644e+02, 8.3563e+00, 
 1DIAGNOSTIC,    27, -5.234274113769e-01, 1.474979884869e-04, 3.9500e+02, 8.5607e+00, 
 1DIAGNOSTIC,    28, -5.238514291863e-01, 1.359992537964e-04, 4.0331e+02, 8.3017e+00, 
 1DIAGNOSTIC,    29, -5.238456175714e-01, 1.175156335692e-04, 4.1165e+02, 8.3448e+00, 
 1DIAGNOSTIC,    30, -5.243879678742e-01, 1.113501615551e-04, 4.2018e+02, 8.5281e+00, 
 1DIAGNOSTIC,    31, -5.241764558643e-01, 9.634036512388e-05, 4.2902e+02, 8.8406e+00, 
 1DIAGNOSTIC,    32, -5.248207183155e-01, 9.095671584563e-05, 4.3760e+02, 8.5827e+00, 
 1DIAGNOSTIC,    33, -5.247137026620e-01, 8.081329395949e-05, 4.4600e+02, 8.3972e+00, 
 1DIAGNOSTIC,    34, -5.251299020043e-01, 7.896962298618e-05, 4.5448e+02, 8.4858e+00, 
 1DIAGNOSTIC,    35, -5.249619387496e-01, 6.615449660484e-05, 4.6279e+02, 8.3048e+00, 
 1DIAGNOSTIC,    36, -5.255342238982e-01, 6.559472254155e-05, 4.7107e+02, 8.2805e+00, 
 1DIAGNOSTIC,    37, -5.253223663302e-01, 5.694898893030e-05, 4.7946e+02, 8.3910e+00, 
 1DIAGNOSTIC,    38, -5.257961835155e-01, 5.656433683400e-05, 4.8768e+02, 8.2238e+00, 
 1DIAGNOSTIC,    39, -5.256087195103e-01, 4.788540942799e-05, 4.9599e+02, 8.3025e+00, 
 1DIAGNOSTIC,    40, -5.261298047953e-01, 5.000672749259e-05, 5.0429e+02, 8.3020e+00, 
 1DIAGNOSTIC,    41, -5.258772097501e-01, 4.071114877640e-05, 5.1268e+02, 8.3913e+00, 
 1DIAGNOSTIC,    42, -5.263502245217e-01, 4.284125187895e-05, 5.2099e+02, 8.3136e+00, 
 1DIAGNOSTIC,    43, -5.261366910976e-01, 3.652224681474e-05, 5.2928e+02, 8.2820e+00, 
 1DIAGNOSTIC,    44, -5.264787641995e-01, 3.671018423715e-05, 5.3773e+02, 8.4529e+00, 
 1DIAGNOSTIC,    45, -5.264117573753e-01, 3.030968731763e-05, 5.4607e+02, 8.3381e+00, 
 1DIAGNOSTIC,    46, -5.268442090499e-01, 3.346110076649e-05, 5.5434e+02, 8.2737e+00, 
 1DIAGNOSTIC,    47, -5.264858234528e-01, 2.645353779925e-05, 5.6260e+02, 8.2571e+00, 
 1DIAGNOSTIC,    48, -5.270565362882e-01, 2.943865156538e-05, 5.7090e+02, 8.3065e+00, 
 1DIAGNOSTIC,    49, -5.270015318480e-01, 2.651848495374e-05, 5.7922e+02, 8.3124e+00, 
 1DIAGNOSTIC,    50, -5.270125622209e-01, 2.717162213584e-05, 5.8758e+02, 8.3648e+00, 
 1DIAGNOSTIC,    51, -5.270034181897e-01, 2.236457188611e-05, 5.9613e+02, 8.5454e+00, 
 1DIAGNOSTIC,    52, -5.273858182334e-01, 2.476710002148e-05, 6.0447e+02, 8.3418e+00, 
 1DIAGNOSTIC,    53, -5.273550605463e-01, 2.201015336410e-05, 6.1278e+02, 8.3112e+00, 
 1DIAGNOSTIC,    54, -5.273883678897e-01, 2.115468756354e-05, 6.2086e+02, 8.0757e+00, 
 1DIAGNOSTIC,    55, -5.274456269385e-01, 1.823576266752e-05, 6.2901e+02, 8.1558e+00, 
 1DIAGNOSTIC,    56, -5.277884092072e-01, 2.141499975021e-05, 6.3716e+02, 8.1460e+00, 
 1DIAGNOSTIC,    57, -5.274485471447e-01, 1.548802206339e-05, 6.4530e+02, 8.1434e+00, 
 1DIAGNOSTIC,    58, -5.279360211529e-01, 1.843531452240e-05, 6.5339e+02, 8.0862e+00, 
 1DIAGNOSTIC,    59, -5.276769850317e-01, 1.659082152523e-05, 6.6212e+02, 8.7380e+00, 
 1DIAGNOSTIC,    60, -5.281106695692e-01, 1.739731759230e-05, 6.7045e+02, 8.3296e+00, 
 1DIAGNOSTIC,    61, -5.277326543870e-01, 1.288739460048e-05, 6.7850e+02, 8.0490e+00, 
 1DIAGNOSTIC,    62, -5.282583283114e-01, 1.546834381173e-05, 6.8663e+02, 8.1268e+00, 
 1DIAGNOSTIC,    63, -5.278901119318e-01, 1.296137574394e-05, 6.9485e+02, 8.2197e+00, 
 1DIAGNOSTIC,    64, -5.282591985560e-01, 1.283490274794e-05, 7.0295e+02, 8.1043e+00, 
 1DIAGNOSTIC,    65, -5.281400365908e-01, 1.086087056238e-05, 7.1113e+02, 8.1738e+00, 
 1DIAGNOSTIC,    66, -5.282641604922e-01, 1.193578193383e-05, 7.1930e+02, 8.1739e+00, 
 1DIAGNOSTIC,    67, -5.283229846734e-01, 9.467854950602e-06, 7.2743e+02, 8.1277e+00, 
 1DIAGNOSTIC,    68, -5.283423256558e-01, 1.032457314235e-05, 7.3557e+02, 8.1443e+00, 
 1DIAGNOSTIC,    69, -5.284305416251e-01, 8.774590474070e-06, 7.4375e+02, 8.1715e+00, 
 1DIAGNOSTIC,    70, -5.285610374748e-01, 1.093444839287e-05, 7.5185e+02, 8.1015e+00, 
 1DIAGNOSTIC,    71, -5.284292999888e-01, 7.978666694660e-06, 7.5998e+02, 8.1325e+00, 
 1DIAGNOSTIC,    72, -5.285534806651e-01, 9.431093801953e-06, 7.6817e+02, 8.1856e+00, 
 1DIAGNOSTIC,    73, -5.285891937437e-01, 7.394452105406e-06, 7.7626e+02, 8.0922e+00, 
 1DIAGNOSTIC,    74, -5.286360839938e-01, 7.816946113366e-06, 7.8447e+02, 8.2091e+00, 
 1DIAGNOSTIC,    75, -5.287383119485e-01, 7.367751835196e-06, 7.9262e+02, 8.1569e+00, 
 1DIAGNOSTIC,    76, -5.288034760300e-01, 7.611737824074e-06, 8.0073e+02, 8.1080e+00, 
 1DIAGNOSTIC,    77, -5.285393727674e-01, 5.713035945461e-06, 8.0880e+02, 8.0668e+00, 
 1DIAGNOSTIC,    78, -5.290278922678e-01, 6.931918266367e-06, 8.1700e+02, 8.2021e+00, 
 1DIAGNOSTIC,    79, -5.287734264263e-01, 6.203575854079e-06, 8.2505e+02, 8.0464e+00, 
 1DIAGNOSTIC,    80, -5.290790126083e-01, 7.982232601572e-06, 8.3311e+02, 8.0586e+00, 
 1DIAGNOSTIC,    81, -5.286445320808e-01, 5.140228812551e-06, 8.4122e+02, 8.1189e+00, 
 1DIAGNOSTIC,    82, -5.292558609655e-01, 6.887195668355e-06, 8.4935e+02, 8.1236e+00, 
 1DIAGNOSTIC,    83, -5.289137509930e-01, 5.807337777998e-06, 8.5750e+02, 8.1534e+00, 
 1DIAGNOSTIC,    84, -5.289635945499e-01, 4.887118756479e-06, 8.6571e+02, 8.2077e+00, 
 1DIAGNOSTIC,    85, -5.291258113545e-01, 5.273897612951e-06, 8.7396e+02, 8.2549e+00, 
 1DIAGNOSTIC,    86, -5.291279929373e-01, 5.626258207716e-06, 8.8222e+02, 8.2513e+00, 
 1DIAGNOSTIC,    87, -5.290564291317e-01, 3.262645625250e-06, 8.9045e+02, 8.2395e+00, 
 1DIAGNOSTIC,    88, -5.292037131185e-01, 4.670173551331e-06, 8.9864e+02, 8.1885e+00, 
 1DIAGNOSTIC,    89, -5.291719686419e-01, 3.827115169778e-06, 9.0693e+02, 8.2862e+00, 
 1DIAGNOSTIC,    90, -5.292661228839e-01, 5.156371538383e-06, 9.1515e+02, 8.2187e+00, 
 1DIAGNOSTIC,    91, -5.291677472167e-01, 2.682887522306e-06, 9.2339e+02, 8.2440e+00, 
 1DIAGNOSTIC,    92, -5.294492618386e-01, 5.406548088192e-06, 9.3161e+02, 8.2222e+00, 
 1DIAGNOSTIC,    93, -5.291900282447e-01, 4.018961417307e-06, 9.3982e+02, 8.2019e+00, 
 1DIAGNOSTIC,    94, -5.293646555522e-01, 3.618974937575e-06, 9.4802e+02, 8.2053e+00, 
 1DIAGNOSTIC,    95, -5.293895028327e-01, 3.960718854532e-06, 9.5619e+02, 8.1711e+00, 
 1DIAGNOSTIC,    96, -5.294319177152e-01, 4.200756470684e-06, 9.6448e+02, 8.2897e+00, 
 1DIAGNOSTIC,    97, -5.293297834697e-01, 3.064895178021e-06, 9.7268e+02, 8.1998e+00, 
 1DIAGNOSTIC,    98, -5.295164417245e-01, 3.574325274612e-06, 9.8093e+02, 8.2504e+00, 
 1DIAGNOSTIC,    99, -5.295359239695e-01, 3.652242041010e-06, 9.8913e+02, 8.1979e+00, 
 1DIAGNOSTIC,   100, -5.294498824577e-01, 3.454620562069e-06, 9.9734e+02, 8.2066e+00, 
XXDIAGNOSTIC,Iteration,metricValue,convergenceValue,ITERATION_TIME_INDEX,SINCE_LAST
 1DIAGNOSTIC,     1, -4.704937423100e-01, 1.797693134862e+308, 1.0350e+03, 3.7693e+01, 
 1DIAGNOSTIC,     2, -4.746482535690e-01, 1.797693134862e+308, 1.0626e+03, 2.7555e+01, 
 1DIAGNOSTIC,     3, -4.784642671686e-01, 1.797693134862e+308, 1.0903e+03, 2.7731e+01, 
 1DIAGNOSTIC,     4, -4.818145194540e-01, 1.797693134862e+308, 1.1180e+03, 2.7716e+01, 
 1DIAGNOSTIC,     5, -4.849074578545e-01, 1.797693134862e+308, 1.1461e+03, 2.8098e+01, 
 1DIAGNOSTIC,     6, -4.875893817940e-01, 1.797693134862e+308, 1.1746e+03, 2.8491e+01, 
 1DIAGNOSTIC,     7, -4.900844036884e-01, 1.797693134862e+308, 1.2031e+03, 2.8520e+01, 
 1DIAGNOSTIC,     8, -4.920431915361e-01, 1.797693134862e+308, 1.2313e+03, 2.8196e+01, 
 1DIAGNOSTIC,     9, -4.940402708297e-01, 1.797693134862e+308, 1.2597e+03, 2.8388e+01, 
 1DIAGNOSTIC,    10, -4.955066860924e-01, 3.272851065172e-03, 1.2880e+03, 2.8310e+01, 
 1DIAGNOSTIC,    11, -4.969353037014e-01, 2.634368276119e-03, 1.3160e+03, 2.7957e+01, 
 1DIAGNOSTIC,    12, -4.981784016733e-01, 2.127700822181e-03, 1.3441e+03, 2.8111e+01, 
 1DIAGNOSTIC,    13, -4.993789422730e-01, 1.730878029984e-03, 1.3720e+03, 2.7916e+01, 
 1DIAGNOSTIC,    14, -5.004222633830e-01, 1.415070138555e-03, 1.4001e+03, 2.8040e+01, 
 1DIAGNOSTIC,    15, -5.011696394914e-01, 1.160159944959e-03, 1.4282e+03, 2.8178e+01, 
 1DIAGNOSTIC,    16, -5.022043456707e-01, 9.648540281717e-04, 1.4564e+03, 2.8184e+01, 
 1DIAGNOSTIC,    17, -5.030155683549e-01, 8.155294230563e-04, 1.4844e+03, 2.7965e+01, 
 1DIAGNOSTIC,    18, -5.038534452872e-01, 6.964122602240e-04, 1.5124e+03, 2.8037e+01, 
 1DIAGNOSTIC,    19, -5.046390853389e-01, 6.094780953431e-04, 1.5404e+03, 2.7971e+01, 
 1DIAGNOSTIC,    20, -5.053861237501e-01, 5.380171223428e-04, 1.5683e+03, 2.7862e+01, 
 1DIAGNOSTIC,    21, -5.060587034212e-01, 4.804609947765e-04, 1.5961e+03, 2.7869e+01, 
 1DIAGNOSTIC,    22, -5.067139618347e-01, 4.324451056683e-04, 1.6241e+03, 2.7990e+01, 
 1DIAGNOSTIC,    23, -5.073511079560e-01, 3.937153113369e-04, 1.6519e+03, 2.7785e+01, 
 1DIAGNOSTIC,    24, -5.078914168499e-01, 3.590423616730e-04, 1.6796e+03, 2.7653e+01, 
 1DIAGNOSTIC,    25, -5.083599000600e-01, 3.210183316074e-04, 1.7073e+03, 2.7714e+01, 
 1DIAGNOSTIC,    26, -5.087566380854e-01, 2.871556411484e-04, 1.7350e+03, 2.7705e+01, 
 1DIAGNOSTIC,    27, -5.093787112444e-01, 2.589772839612e-04, 1.7628e+03, 2.7862e+01, 
 1DIAGNOSTIC,    28, -5.096975500694e-01, 2.316920724207e-04, 1.7905e+03, 2.7694e+01, 
 1DIAGNOSTIC,    29, -5.101998819481e-01, 2.097069619726e-04, 1.8183e+03, 2.7759e+01, 
 1DIAGNOSTIC,    30, -5.105886918592e-01, 1.908614961242e-04, 1.8459e+03, 2.7630e+01, 
 1DIAGNOSTIC,    31, -5.110669832287e-01, 1.762233441347e-04, 1.8738e+03, 2.7870e+01, 
 1DIAGNOSTIC,    32, -5.112300274633e-01, 1.601728851686e-04, 1.9013e+03, 2.7515e+01, 
 1DIAGNOSTIC,    33, -5.117299770268e-01, 1.495386274222e-04, 1.9290e+03, 2.7688e+01, 
 1DIAGNOSTIC,    34, -5.120199832623e-01, 1.390970210290e-04, 1.9570e+03, 2.8010e+01, 
 1DIAGNOSTIC,    35, -5.121916412008e-01, 1.264008079999e-04, 1.9847e+03, 2.7739e+01, 
 1DIAGNOSTIC,    36, -5.126503231314e-01, 1.158451377600e-04, 2.0129e+03, 2.8137e+01, 
 1DIAGNOSTIC,    37, -5.128804382894e-01, 1.078626826367e-04, 2.0408e+03, 2.7891e+01, 
 1DIAGNOSTIC,    38, -5.130782485764e-01, 9.768175799851e-05, 2.0686e+03, 2.7864e+01, 
 1DIAGNOSTIC,    39, -5.134265673903e-01, 9.109020326693e-05, 2.0963e+03, 2.7653e+01, 
 1DIAGNOSTIC,    40, -5.136322781459e-01, 8.446377157652e-05, 2.1240e+03, 2.7685e+01, 
 1DIAGNOSTIC,    41, -5.137539657794e-01, 7.844962216759e-05, 2.1518e+03, 2.7868e+01, 
 1DIAGNOSTIC,    42, -5.140569301140e-01, 7.146186080083e-05, 2.1796e+03, 2.7772e+01, 
 1DIAGNOSTIC,    43, -5.142807933717e-01, 6.746594391715e-05, 2.2073e+03, 2.7644e+01, 
 1DIAGNOSTIC,    44, -5.145306896543e-01, 6.416632695408e-05, 2.2351e+03, 2.7886e+01, 
 1DIAGNOSTIC,    45, -5.146344136369e-01, 5.826002377669e-05, 2.2629e+03, 2.7763e+01, 
 1DIAGNOSTIC,    46, -5.149084035829e-01, 5.611828876665e-05, 2.2905e+03, 2.7631e+01, 
 1DIAGNOSTIC,    47, -5.150045277723e-01, 5.259916663673e-05, 2.3185e+03, 2.7936e+01, 
 1DIAGNOSTIC,    48, -5.152907671204e-01, 4.983971386272e-05, 2.3464e+03, 2.7960e+01, 
 1DIAGNOSTIC,    49, -5.153610843434e-01, 4.721636529244e-05, 2.3742e+03, 2.7783e+01, 
 1DIAGNOSTIC,    50, -5.155870345683e-01, 4.513838977025e-05, 2.4020e+03, 2.7756e+01, 
 1DIAGNOSTIC,    51, -5.156740158340e-01, 4.109241603495e-05, 2.4299e+03, 2.7955e+01, 
 1DIAGNOSTIC,    52, -5.158049166090e-01, 3.797877053687e-05, 2.4578e+03, 2.7833e+01, 
 1DIAGNOSTIC,    53, -5.160066209249e-01, 3.585700879766e-05, 2.4857e+03, 2.7899e+01, 
 1DIAGNOSTIC,    54, -5.162234820295e-01, 3.525333782895e-05, 2.5134e+03, 2.7768e+01, 
 1DIAGNOSTIC,    55, -5.162194754075e-01, 3.228245795673e-05, 2.5411e+03, 2.7647e+01, 
 1DIAGNOSTIC,    56, -5.164689248000e-01, 3.168029312639e-05, 2.5686e+03, 2.7493e+01, 
 1DIAGNOSTIC,    57, -5.165679708455e-01, 2.993105417107e-05, 2.5962e+03, 2.7626e+01, 
 1DIAGNOSTIC,    58, -5.166981031963e-01, 2.942961812669e-05, 2.6238e+03, 2.7576e+01, 
 1DIAGNOSTIC,    59, -5.168394777859e-01, 2.812607614563e-05, 2.6514e+03, 2.7664e+01, 
 1DIAGNOSTIC,    60, -5.168915652866e-01, 2.681443747449e-05, 2.6788e+03, 2.7386e+01, 
 1DIAGNOSTIC,    61, -5.169966432371e-01, 2.478589297706e-05, 2.7062e+03, 2.7380e+01, 
 1DIAGNOSTIC,    62, -5.172537818682e-01, 2.394268935515e-05, 2.7335e+03, 2.7306e+01, 
 1DIAGNOSTIC,    63, -5.172223294838e-01, 2.229453954432e-05, 2.7610e+03, 2.7490e+01, 
 1DIAGNOSTIC,    64, -5.174301778397e-01, 2.238632026869e-05, 2.7886e+03, 2.7613e+01, 
 1DIAGNOSTIC,    65, -5.174269346579e-01, 2.023916679376e-05, 2.8160e+03, 2.7371e+01, 
 1DIAGNOSTIC,    66, -5.176931401484e-01, 2.063489600562e-05, 2.8433e+03, 2.7333e+01, 
 1DIAGNOSTIC,    67, -5.176005937087e-01, 1.904861998614e-05, 2.8707e+03, 2.7389e+01, 
 1DIAGNOSTIC,    68, -5.178123181401e-01, 1.855893597063e-05, 2.8981e+03, 2.7373e+01, 
 1DIAGNOSTIC,    69, -5.177530998047e-01, 1.698941028294e-05, 2.9254e+03, 2.7308e+01, 
 1DIAGNOSTIC,    70, -5.180308644762e-01, 1.651402590516e-05, 2.9526e+03, 2.7233e+01, 
XXDIAGNOSTIC,Iteration,metricValue,convergenceValue,ITERATION_TIME_INDEX,SINCE_LAST
 1DIAGNOSTIC,     1, -4.278268080384e-01, 1.797693134862e+308, 3.1934e+03, 2.4080e+02, 
 1DIAGNOSTIC,     2, -4.313649839264e-01, 1.797693134862e+308, 3.4182e+03, 2.2484e+02, 
 1DIAGNOSTIC,     3, -4.347454622444e-01, 1.797693134862e+308, 3.6422e+03, 2.2400e+02, 
 1DIAGNOSTIC,     4, -4.380934815080e-01, 1.797693134862e+308, 3.8667e+03, 2.2444e+02, 
 1DIAGNOSTIC,     5, -4.412238791089e-01, 1.797693134862e+308, 4.0919e+03, 2.2518e+02, 
 1DIAGNOSTIC,     6, -4.441738757751e-01, 1.797693134862e+308, 4.3141e+03, 2.2222e+02, 
 1DIAGNOSTIC,     7, -4.468322340075e-01, 1.797693134862e+308, 4.5371e+03, 2.2306e+02, 
 1DIAGNOSTIC,     8, -4.494945953559e-01, 1.797693134862e+308, 4.7599e+03, 2.2279e+02, 
 1DIAGNOSTIC,     9, -4.519346879720e-01, 1.797693134862e+308, 4.9871e+03, 2.2722e+02, 
slurmstepd: error: *** JOB 6244928 ON wbic-cs-19 CANCELLED AT 2021-02-05T17:34:10 DUE TO TIME LIMIT ***
