Changed directory to /lustre/scratch/wbic-beta/ccn30/ENCRYPT/gridcellpilot/scripts/coregistration/slurmoutputs.

JobID: 4089898
======
Time: Sun Oct 20 16:29:14 BST 2019
Running on master node: wbic-csm-1
Current directory: /lustre/scratch/wbic-beta/ccn30/ENCRYPT/gridcellpilot/scripts/coregistration/slurmoutputs

Nodes allocated:
================
wbic-csm-1

numtasks=, numnodes=1, mpi_tasks_per_node=2 (OMP_NUM_THREADS=1)

Executing command:
==================
/lustre/scratch/wbic-beta/ccn30/ENCRYPT/gridcellpilot/scripts/coregistration/coreg_all.sh /lustre/scratch/wbic-beta/ccn30/ENCRYPT/gridcellpilot 28428/20190903_U-ID46074

28428
/lustre/scratch/wbic-beta/ccn30/ENCRYPT/gridcellpilot/preprocessed_data/segmentation/28428
mkdir: cannot create directory ‘/lustre/scratch/wbic-beta/ccn30/ENCRYPT/gridcellpilot/preprocessed_data/segmentation/28428/coregistration’: File exists
Making coregistration directory...
/lustre/scratch/wbic-beta/ccn30/ENCRYPT/gridcellpilot/preprocessed_data/segmentation/28428/coregistration
EXECUTING t2 to t1 coreg:  28428

--------------------------------------------------------------------------------------
 Mapping parameters
--------------------------------------------------------------------------------------
 ANTSPATH is /applications/ANTS/2.2.0/bin/

 Dimensionality:           3
 Output name prefix:       /lustre/scratch/wbic-beta/ccn30/ENCRYPT/gridcellpilot/preprocessed_data/segmentation/28428/coregistration/T1toT2_ANTS_
 Fixed images:             /lustre/scratch/wbic-beta/ccn30/ENCRYPT/gridcellpilot/raw_data/images/28428/20190903_U-ID46074/Series_033_Highresolution_TSE_PAT2_100/N4Series_033_Highresolution_TSE_PAT2_100_c32.nii
 Moving images:            /lustre/scratch/wbic-beta/ccn30/ENCRYPT/gridcellpilot/raw_data/images/28428/20190903_U-ID46074/mp2rage/reorientn4mag0000_PSIR_skulled_std.nii
 Number of threads:        1
 Spline distance:          26
 Transform type:           s
 MI histogram bins:        32
 Precision:                d
 Use histogram matching    0
======================================================================================
 antsRegistration call:
--------------------------------------------------------------------------------------
/applications/ANTS/2.2.0/bin//antsRegistration --verbose 1 --dimensionality 3 --float 0 --output [/lustre/scratch/wbic-beta/ccn30/ENCRYPT/gridcellpilot/preprocessed_data/segmentation/28428/coregistration/T1toT2_ANTS_,/lustre/scratch/wbic-beta/ccn30/ENCRYPT/gridcellpilot/preprocessed_data/segmentation/28428/coregistration/T1toT2_ANTS_Warped.nii.gz,/lustre/scratch/wbic-beta/ccn30/ENCRYPT/gridcellpilot/preprocessed_data/segmentation/28428/coregistration/T1toT2_ANTS_InverseWarped.nii.gz] --interpolation Linear --use-histogram-matching 0 --winsorize-image-intensities [0.005,0.995] --initial-moving-transform [/lustre/scratch/wbic-beta/ccn30/ENCRYPT/gridcellpilot/raw_data/images/28428/20190903_U-ID46074/Series_033_Highresolution_TSE_PAT2_100/N4Series_033_Highresolution_TSE_PAT2_100_c32.nii,/lustre/scratch/wbic-beta/ccn30/ENCRYPT/gridcellpilot/raw_data/images/28428/20190903_U-ID46074/mp2rage/reorientn4mag0000_PSIR_skulled_std.nii,1] --transform Rigid[0.1] --metric MI[/lustre/scratch/wbic-beta/ccn30/ENCRYPT/gridcellpilot/raw_data/images/28428/20190903_U-ID46074/Series_033_Highresolution_TSE_PAT2_100/N4Series_033_Highresolution_TSE_PAT2_100_c32.nii,/lustre/scratch/wbic-beta/ccn30/ENCRYPT/gridcellpilot/raw_data/images/28428/20190903_U-ID46074/mp2rage/reorientn4mag0000_PSIR_skulled_std.nii,1,32,Regular,0.25] --convergence [1000x500x250x0,1e-6,10] --shrink-factors 12x8x4x2 --smoothing-sigmas 4x3x2x1vox --transform Affine[0.1] --metric MI[/lustre/scratch/wbic-beta/ccn30/ENCRYPT/gridcellpilot/raw_data/images/28428/20190903_U-ID46074/Series_033_Highresolution_TSE_PAT2_100/N4Series_033_Highresolution_TSE_PAT2_100_c32.nii,/lustre/scratch/wbic-beta/ccn30/ENCRYPT/gridcellpilot/raw_data/images/28428/20190903_U-ID46074/mp2rage/reorientn4mag0000_PSIR_skulled_std.nii,1,32,Regular,0.25] --convergence [1000x500x250x0,1e-6,10] --shrink-factors 12x8x4x2 --smoothing-sigmas 4x3x2x1vox --transform SyN[0.1,3,0] --metric MI[/lustre/scratch/wbic-beta/ccn30/ENCRYPT/gridcellpilot/raw_data/images/28428/20190903_U-ID46074/Series_033_Highresolution_TSE_PAT2_100/N4Series_033_Highresolution_TSE_PAT2_100_c32.nii,/lustre/scratch/wbic-beta/ccn30/ENCRYPT/gridcellpilot/raw_data/images/28428/20190903_U-ID46074/mp2rage/reorientn4mag0000_PSIR_skulled_std.nii,1,32] --convergence [100x100x70x50x0,1e-6,10] --shrink-factors 10x6x4x2x1 --smoothing-sigmas 5x3x2x1x0vox
--------------------------------------------------------------------------------------
All_Command_lines_OK
Using double precision for computations.
=============================================================================
The composite transform comprises the following transforms (in order): 
  1. Center of mass alignment using fixed image: /lustre/scratch/wbic-beta/ccn30/ENCRYPT/gridcellpilot/raw_data/images/28428/20190903_U-ID46074/Series_033_Highresolution_TSE_PAT2_100/N4Series_033_Highresolution_TSE_PAT2_100_c32.nii and moving image: /lustre/scratch/wbic-beta/ccn30/ENCRYPT/gridcellpilot/raw_data/images/28428/20190903_U-ID46074/mp2rage/reorientn4mag0000_PSIR_skulled_std.nii (type = Euler3DTransform)
=============================================================================
  number of levels = 4
  number of levels = 4
  number of levels = 5
  fixed image: /lustre/scratch/wbic-beta/ccn30/ENCRYPT/gridcellpilot/raw_data/images/28428/20190903_U-ID46074/Series_033_Highresolution_TSE_PAT2_100/N4Series_033_Highresolution_TSE_PAT2_100_c32.nii
  moving image: /lustre/scratch/wbic-beta/ccn30/ENCRYPT/gridcellpilot/raw_data/images/28428/20190903_U-ID46074/mp2rage/reorientn4mag0000_PSIR_skulled_std.nii
  fixed image: /lustre/scratch/wbic-beta/ccn30/ENCRYPT/gridcellpilot/raw_data/images/28428/20190903_U-ID46074/Series_033_Highresolution_TSE_PAT2_100/N4Series_033_Highresolution_TSE_PAT2_100_c32.nii
  moving image: /lustre/scratch/wbic-beta/ccn30/ENCRYPT/gridcellpilot/raw_data/images/28428/20190903_U-ID46074/mp2rage/reorientn4mag0000_PSIR_skulled_std.nii
  fixed image: /lustre/scratch/wbic-beta/ccn30/ENCRYPT/gridcellpilot/raw_data/images/28428/20190903_U-ID46074/Series_033_Highresolution_TSE_PAT2_100/N4Series_033_Highresolution_TSE_PAT2_100_c32.nii
  moving image: /lustre/scratch/wbic-beta/ccn30/ENCRYPT/gridcellpilot/raw_data/images/28428/20190903_U-ID46074/mp2rage/reorientn4mag0000_PSIR_skulled_std.nii
Dimension = 3
Number of stages = 3
Use Histogram Matching false
Winsorize image intensities true
Lower quantile = 0.005
Upper quantile = 0.995
Stage 1 State
   Image metric = Mattes
     Fixed image = Image (0x5606610)
  RTTI typeinfo:   itk::Image<double, 3u>
  Reference Count: 2
  Modified Time: 1713
  Debug: Off
  Object Name: 
  Observers: 
    none
  Source: (none)
  Source output name: (none)
  Release Data: Off
  Data Released: False
  Global Release Data: Off
  PipelineMTime: 0
  UpdateMTime: 1535
  RealTimeStamp: 0 seconds 
  LargestPossibleRegion: 
    Dimension: 3
    Index: [0, 0, 0]
    Size: [512, 512, 54]
  BufferedRegion: 
    Dimension: 3
    Index: [0, 0, 0]
    Size: [512, 512, 54]
  RequestedRegion: 
    Dimension: 3
    Index: [0, 0, 0]
    Size: [512, 512, 54]
  Spacing: [0.4375, 0.4375, 1.1]
  Origin: [-112, 24.3399, -110.771]
  Direction: 
1 1.36635e-11 -7.38782e-12
1.36635e-11 -0.547563 0.836764
-7.38782e-12 0.836764 0.547563

  IndexToPointMatrix: 
0.4375 5.97777e-12 -8.12659e-12
5.97777e-12 -0.239559 0.92044
-3.23217e-12 0.366084 0.602319

  PointToIndexMatrix: 
2.28571 3.12308e-11 -1.68864e-11
3.12308e-11 -1.25157 1.9126
-6.71621e-12 0.760696 0.497785

  Inverse Direction: 
1 1.36635e-11 -7.38782e-12
1.36635e-11 -0.547563 0.836764
-7.38782e-12 0.836764 0.547563

  PixelContainer: 
    ImportImageContainer (0x56005e0)
      RTTI typeinfo:   itk::ImportImageContainer<unsigned long, double>
      Reference Count: 1
      Modified Time: 1532
      Debug: Off
      Object Name: 
      Observers: 
        none
      Pointer: 0x2ae48ff91010
      Container manages memory: true
      Size: 14155776
      Capacity: 14155776

     Moving image = Image (0x56072f0)
  RTTI typeinfo:   itk::Image<double, 3u>
  Reference Count: 2
  Modified Time: 1714
  Debug: Off
  Object Name: 
  Observers: 
    none
  Source: (none)
  Source output name: (none)
  Release Data: Off
  Data Released: False
  Global Release Data: Off
  PipelineMTime: 0
  UpdateMTime: 1711
  RealTimeStamp: 0 seconds 
  LargestPossibleRegion: 
    Dimension: 3
    Index: [0, 0, 0]
    Size: [224, 320, 320]
  BufferedRegion: 
    Dimension: 3
    Index: [0, 0, 0]
    Size: [224, 320, 320]
  RequestedRegion: 
    Dimension: 3
    Index: [0, 0, 0]
    Size: [224, 320, 320]
  Spacing: [0.699997, 0.7, 0.7]
  Origin: [-80.5294, 75.3484, -113.779]
  Direction: 
1 0 0
0 -1 0
0 0 1

  IndexToPointMatrix: 
0.699997 0 0
0 -0.7 0
0 0 0.7

  PointToIndexMatrix: 
1.42858 0 0
0 -1.42857 0
0 0 1.42857

  Inverse Direction: 
1 0 0
0 -1 0
0 0 1

  PixelContainer: 
    ImportImageContainer (0x5604c90)
      RTTI typeinfo:   itk::ImportImageContainer<unsigned long, double>
      Reference Count: 1
      Modified Time: 1708
      Debug: Off
      Object Name: 
      Observers: 
        none
      Pointer: 0x2ae496b92010
      Container manages memory: true
      Size: 22937600
      Capacity: 22937600

     Weighting = 1
     Sampling strategy = regular
     Number of bins = 32
     Radius = 4
     Sampling percentage  = 0.25
   Transform = Rigid
     Gradient step = 0.1
     Update field sigma (voxel space) = 0
     Total field sigma (voxel space) = 0
     Update field time sigma = 0
     Total field time sigma  = 0
     Number of time indices = 0
     Number of time point samples = 0
Stage 2 State
   Image metric = Mattes
     Fixed image = Image (0x5608010)
  RTTI typeinfo:   itk::Image<double, 3u>
  Reference Count: 2
  Modified Time: 2067
  Debug: Off
  Object Name: 
  Observers: 
    none
  Source: (none)
  Source output name: (none)
  Release Data: Off
  Data Released: False
  Global Release Data: Off
  PipelineMTime: 0
  UpdateMTime: 1889
  RealTimeStamp: 0 seconds 
  LargestPossibleRegion: 
    Dimension: 3
    Index: [0, 0, 0]
    Size: [512, 512, 54]
  BufferedRegion: 
    Dimension: 3
    Index: [0, 0, 0]
    Size: [512, 512, 54]
  RequestedRegion: 
    Dimension: 3
    Index: [0, 0, 0]
    Size: [512, 512, 54]
  Spacing: [0.4375, 0.4375, 1.1]
  Origin: [-112, 24.3399, -110.771]
  Direction: 
1 1.36635e-11 -7.38782e-12
1.36635e-11 -0.547563 0.836764
-7.38782e-12 0.836764 0.547563

  IndexToPointMatrix: 
0.4375 5.97777e-12 -8.12659e-12
5.97777e-12 -0.239559 0.92044
-3.23217e-12 0.366084 0.602319

  PointToIndexMatrix: 
2.28571 3.12308e-11 -1.68864e-11
3.12308e-11 -1.25157 1.9126
-6.71621e-12 0.760696 0.497785

  Inverse Direction: 
1 1.36635e-11 -7.38782e-12
1.36635e-11 -0.547563 0.836764
-7.38782e-12 0.836764 0.547563

  PixelContainer: 
    ImportImageContainer (0x5601210)
      RTTI typeinfo:   itk::ImportImageContainer<unsigned long, double>
      Reference Count: 1
      Modified Time: 1886
      Debug: Off
      Object Name: 
      Observers: 
        none
      Pointer: 0x2ae4a1a93010
      Container manages memory: true
      Size: 14155776
      Capacity: 14155776

     Moving image = Image (0x5613cd0)
  RTTI typeinfo:   itk::Image<double, 3u>
  Reference Count: 2
  Modified Time: 2068
  Debug: Off
  Object Name: 
  Observers: 
    none
  Source: (none)
  Source output name: (none)
  Release Data: Off
  Data Released: False
  Global Release Data: Off
  PipelineMTime: 0
  UpdateMTime: 2065
  RealTimeStamp: 0 seconds 
  LargestPossibleRegion: 
    Dimension: 3
    Index: [0, 0, 0]
    Size: [224, 320, 320]
  BufferedRegion: 
    Dimension: 3
    Index: [0, 0, 0]
    Size: [224, 320, 320]
  RequestedRegion: 
    Dimension: 3
    Index: [0, 0, 0]
    Size: [224, 320, 320]
  Spacing: [0.699997, 0.7, 0.7]
  Origin: [-80.5294, 75.3484, -113.779]
  Direction: 
1 0 0
0 -1 0
0 0 1

  IndexToPointMatrix: 
0.699997 0 0
0 -0.7 0
0 0 0.7

  PointToIndexMatrix: 
1.42858 0 0
0 -1.42857 0
0 0 1.42857

  Inverse Direction: 
1 0 0
0 -1 0
0 0 1

  PixelContainer: 
    ImportImageContainer (0x5613f60)
      RTTI typeinfo:   itk::ImportImageContainer<unsigned long, double>
      Reference Count: 1
      Modified Time: 2062
      Debug: Off
      Object Name: 
      Observers: 
        none
      Pointer: 0x2ae4a8694010
      Container manages memory: true
      Size: 22937600
      Capacity: 22937600

     Weighting = 1
     Sampling strategy = regular
     Number of bins = 32
     Radius = 4
     Sampling percentage  = 0.25
   Transform = Affine
     Gradient step = 0.1
     Update field sigma (voxel space) = 0
     Total field sigma (voxel space) = 0
     Update field time sigma = 0
     Total field time sigma  = 0
     Number of time indices = 0
     Number of time point samples = 0
Stage 3 State
   Image metric = Mattes
     Fixed image = Image (0x5613fc0)
  RTTI typeinfo:   itk::Image<double, 3u>
  Reference Count: 2
  Modified Time: 2421
  Debug: Off
  Object Name: 
  Observers: 
    none
  Source: (none)
  Source output name: (none)
  Release Data: Off
  Data Released: False
  Global Release Data: Off
  PipelineMTime: 0
  UpdateMTime: 2243
  RealTimeStamp: 0 seconds 
  LargestPossibleRegion: 
    Dimension: 3
    Index: [0, 0, 0]
    Size: [512, 512, 54]
  BufferedRegion: 
    Dimension: 3
    Index: [0, 0, 0]
    Size: [512, 512, 54]
  RequestedRegion: 
    Dimension: 3
    Index: [0, 0, 0]
    Size: [512, 512, 54]
  Spacing: [0.4375, 0.4375, 1.1]
  Origin: [-112, 24.3399, -110.771]
  Direction: 
1 1.36635e-11 -7.38782e-12
1.36635e-11 -0.547563 0.836764
-7.38782e-12 0.836764 0.547563

  IndexToPointMatrix: 
0.4375 5.97777e-12 -8.12659e-12
5.97777e-12 -0.239559 0.92044
-3.23217e-12 0.366084 0.602319

  PointToIndexMatrix: 
2.28571 3.12308e-11 -1.68864e-11
3.12308e-11 -1.25157 1.9126
-6.71621e-12 0.760696 0.497785

  Inverse Direction: 
1 1.36635e-11 -7.38782e-12
1.36635e-11 -0.547563 0.836764
-7.38782e-12 0.836764 0.547563

  PixelContainer: 
    ImportImageContainer (0x5615dd0)
      RTTI typeinfo:   itk::ImportImageContainer<unsigned long, double>
      Reference Count: 1
      Modified Time: 2240
      Debug: Off
      Object Name: 
      Observers: 
        none
      Pointer: 0x2ae4b3595010
      Container manages memory: true
      Size: 14155776
      Capacity: 14155776

     Moving image = Image (0x561c6f0)
  RTTI typeinfo:   itk::Image<double, 3u>
  Reference Count: 2
  Modified Time: 2422
  Debug: Off
  Object Name: 
  Observers: 
    none
  Source: (none)
  Source output name: (none)
  Release Data: Off
  Data Released: False
  Global Release Data: Off
  PipelineMTime: 0
  UpdateMTime: 2419
  RealTimeStamp: 0 seconds 
  LargestPossibleRegion: 
    Dimension: 3
    Index: [0, 0, 0]
    Size: [224, 320, 320]
  BufferedRegion: 
    Dimension: 3
    Index: [0, 0, 0]
    Size: [224, 320, 320]
  RequestedRegion: 
    Dimension: 3
    Index: [0, 0, 0]
    Size: [224, 320, 320]
  Spacing: [0.699997, 0.7, 0.7]
  Origin: [-80.5294, 75.3484, -113.779]
  Direction: 
1 0 0
0 -1 0
0 0 1

  IndexToPointMatrix: 
0.699997 0 0
0 -0.7 0
0 0 0.7

  PointToIndexMatrix: 
1.42858 0 0
0 -1.42857 0
0 0 1.42857

  Inverse Direction: 
1 0 0
0 -1 0
0 0 1

  PixelContainer: 
    ImportImageContainer (0x561c980)
      RTTI typeinfo:   itk::ImportImageContainer<unsigned long, double>
      Reference Count: 1
      Modified Time: 2416
      Debug: Off
      Object Name: 
      Observers: 
        none
      Pointer: 0x2ae4ba196010
      Container manages memory: true
      Size: 22937600
      Capacity: 22937600

     Weighting = 1
     Sampling strategy = none
     Number of bins = 32
     Radius = 4
     Sampling percentage  = 1
   Transform = SyN
     Gradient step = 0.1
     Update field sigma (voxel space) = 3
     Total field sigma (voxel space) = 0
     Update field time sigma = 0
     Total field time sigma  = 0
     Number of time indices = 0
     Number of time point samples = 0
Registration using 3 total stages.

Stage 0
  iterations = 1000x500x250x0
  convergence threshold = 1e-06
  convergence window size = 10
  number of levels = 4
  using the Mattes MI metric (number of bins = 32, weight = 1)
  preprocessing:  winsorizing the image intensities
  Shrink factors (level 1 out of 4): [12, 12, 5]
  Shrink factors (level 2 out of 4): [8, 8, 3]
  Shrink factors (level 3 out of 4): [4, 4, 2]
  Shrink factors (level 4 out of 4): [2, 2, 1]
  smoothing sigmas per level: [4, 3, 2, 1]
  regular sampling (percentage = 0.25)

*** Running Euler3DTransform registration ***

DIAGNOSTIC,Iteration,metricValue,convergenceValue,ITERATION_TIME_INDEX,SINCE_LAST
 2DIAGNOSTIC,     1, -2.763975953350e-01, 1.797693134862e+308, 1.8499e+01, 1.8499e+01, 
 2DIAGNOSTIC,     2, -2.778117556604e-01, 1.797693134862e+308, 1.8520e+01, 2.0769e-02, 
 2DIAGNOSTIC,     3, -2.789622426798e-01, 1.797693134862e+308, 1.8538e+01, 1.8548e-02, 
 2DIAGNOSTIC,     4, -2.813703245257e-01, 1.797693134862e+308, 1.8557e+01, 1.8876e-02, 
 2DIAGNOSTIC,     5, -2.857893705733e-01, 1.797693134862e+308, 1.8576e+01, 1.8336e-02, 
 2DIAGNOSTIC,     6, -2.883034081140e-01, 1.797693134862e+308, 1.8595e+01, 1.9102e-02, 
 2DIAGNOSTIC,     7, -2.947731021677e-01, 1.797693134862e+308, 1.8620e+01, 2.5780e-02, 
 2DIAGNOSTIC,     8, -3.118899590873e-01, 1.797693134862e+308, 1.8652e+01, 3.1685e-02, 
 2DIAGNOSTIC,     9, -3.263106540203e-01, 1.797693134862e+308, 1.8677e+01, 2.5380e-02, 
 2DIAGNOSTIC,    10, -3.467056531871e-01, 1.364414332002e-02, 1.8702e+01, 2.4176e-02, 
 2DIAGNOSTIC,    11, -3.741766103436e-01, 1.703860876297e-02, 1.8721e+01, 1.9754e-02, 
 2DIAGNOSTIC,    12, -3.928864096282e-01, 1.965877537573e-02, 1.8755e+01, 3.3250e-02, 
 2DIAGNOSTIC,    13, -4.071103095568e-01, 2.101186376455e-02, 1.8780e+01, 2.5138e-02, 
 2DIAGNOSTIC,    14, -4.111995091782e-01, 2.063221038162e-02, 1.8808e+01, 2.7871e-02, 
 2DIAGNOSTIC,    15, -4.140121169701e-01, 1.887613603006e-02, 1.8827e+01, 1.9051e-02, 
 2DIAGNOSTIC,    16, -4.154066640499e-01, 1.588032817338e-02, 1.8847e+01, 1.9892e-02, 
 2DIAGNOSTIC,    17, -4.165615852391e-01, 1.222378715058e-02, 1.8874e+01, 2.7656e-02, 
 2DIAGNOSTIC,    18, -4.211433899637e-01, 8.926745343960e-03, 1.8894e+01, 1.9381e-02, 
 2DIAGNOSTIC,    19, -4.219045109091e-01, 5.871630259849e-03, 1.8917e+01, 2.3063e-02, 
 2DIAGNOSTIC,    20, -4.220658650553e-01, 3.454554556133e-03, 1.8948e+01, 3.1007e-02, 
 2DIAGNOSTIC,    21, -4.222043723260e-01, 2.029591572176e-03, 1.8968e+01, 2.0765e-02, 
 2DIAGNOSTIC,    22, -4.223051805803e-01, 1.232554540921e-03, 1.8999e+01, 3.0691e-02, 
 2DIAGNOSTIC,    23, -4.223788158104e-01, 8.848363268111e-04, 1.9029e+01, 2.9718e-02, 
 2DIAGNOSTIC,    24, -4.224506661462e-01, 6.211234977659e-04, 1.9054e+01, 2.5068e-02, 
 2DIAGNOSTIC,    25, -4.223714151072e-01, 4.098680350497e-04, 1.9075e+01, 2.0673e-02, 
 2DIAGNOSTIC,    26, -4.225490528798e-01, 2.266122795317e-04, 1.9096e+01, 2.1138e-02, 
 2DIAGNOSTIC,    27, -4.226690108412e-01, 7.026348893502e-05, 1.9124e+01, 2.7898e-02, 
 2DIAGNOSTIC,    28, -4.227236154406e-01, 4.566377253448e-05, 1.9143e+01, 1.9706e-02, 
 2DIAGNOSTIC,    29, -4.227565285569e-01, 3.957956221756e-05, 1.9163e+01, 1.9814e-02, 
 2DIAGNOSTIC,    30, -4.227029713053e-01, 3.306775676178e-05, 1.9187e+01, 2.3776e-02, 
 2DIAGNOSTIC,    31, -4.227369967143e-01, 2.817869570445e-05, 1.9211e+01, 2.3621e-02, 
 2DIAGNOSTIC,    32, -4.228618580305e-01, 2.621052753834e-05, 1.9301e+01, 9.0296e-02, 
 2DIAGNOSTIC,    33, -4.228618560654e-01, 2.354076550865e-05, 1.9322e+01, 2.1275e-02, 
 2DIAGNOSTIC,    34, -4.228618629735e-01, 2.066422551980e-05, 1.9342e+01, 1.9706e-02, 
 2DIAGNOSTIC,    35, -4.228618746532e-01, 1.442817092440e-05, 1.9361e+01, 1.9434e-02, 
 2DIAGNOSTIC,    36, -4.228618943963e-01, 1.088880734935e-05, 1.9381e+01, 1.9293e-02, 
 2DIAGNOSTIC,    37, -4.228619277615e-01, 8.926267738102e-06, 1.9400e+01, 1.9533e-02, 
 2DIAGNOSTIC,    38, -4.228619841244e-01, 7.348195420677e-06, 1.9420e+01, 1.9575e-02, 
 2DIAGNOSTIC,    39, -4.228620792697e-01, 5.943494798002e-06, 1.9439e+01, 1.9483e-02, 
 2DIAGNOSTIC,    40, -4.228622389769e-01, 3.166332899630e-06, 1.9459e+01, 1.9411e-02, 
DIAGNOSTIC,Iteration,metricValue,convergenceValue,ITERATION_TIME_INDEX,SINCE_LAST
 2DIAGNOSTIC,     1, -3.958022281305e-01, 1.797693134862e+308, 3.3565e+01, 1.4107e+01, 
 2DIAGNOSTIC,     2, -3.968568269481e-01, 1.797693134862e+308, 3.3658e+01, 9.2869e-02, 
 2DIAGNOSTIC,     3, -3.981988232315e-01, 1.797693134862e+308, 3.3748e+01, 9.0104e-02, 
 2DIAGNOSTIC,     4, -3.996595545616e-01, 1.797693134862e+308, 3.3839e+01, 9.0645e-02, 
 2DIAGNOSTIC,     5, -4.010183616587e-01, 1.797693134862e+308, 3.3952e+01, 1.1340e-01, 
 2DIAGNOSTIC,     6, -4.013463462872e-01, 1.797693134862e+308, 3.4148e+01, 1.9538e-01, 
 2DIAGNOSTIC,     7, -4.014692868019e-01, 1.797693134862e+308, 3.4240e+01, 9.2280e-02, 
 2DIAGNOSTIC,     8, -4.018040045547e-01, 1.797693134862e+308, 3.4329e+01, 8.9136e-02, 
 2DIAGNOSTIC,     9, -4.019258960305e-01, 1.797693134862e+308, 3.4419e+01, 8.9900e-02, 
 2DIAGNOSTIC,    10, -4.020727649215e-01, 1.007062622965e-03, 3.4504e+01, 8.4571e-02, 
 2DIAGNOSTIC,    11, -4.023044197643e-01, 7.007733710866e-04, 3.4606e+01, 1.0230e-01, 
 2DIAGNOSTIC,    12, -4.031467927499e-01, 4.949857128094e-04, 3.4782e+01, 1.7642e-01, 
 2DIAGNOSTIC,    13, -4.030963937498e-01, 3.446122419446e-04, 3.4891e+01, 1.0829e-01, 
 2DIAGNOSTIC,    14, -4.031297792724e-01, 2.593562388166e-04, 3.4973e+01, 8.2783e-02, 
 2DIAGNOSTIC,    15, -4.031352710966e-01, 2.268101570486e-04, 3.5064e+01, 9.0950e-02, 
 2DIAGNOSTIC,    16, -4.032003046854e-01, 1.949049828734e-04, 3.5174e+01, 1.1003e-01, 
 2DIAGNOSTIC,    17, -4.032198277482e-01, 1.540416340166e-04, 3.5265e+01, 9.1026e-02, 
 2DIAGNOSTIC,    18, -4.032452122470e-01, 1.178493041488e-04, 3.5377e+01, 1.1169e-01, 
 2DIAGNOSTIC,    19, -4.032671889890e-01, 8.055575693379e-05, 3.5466e+01, 8.8709e-02, 
 2DIAGNOSTIC,    20, -4.033300632004e-01, 4.718044962348e-05, 3.5557e+01, 9.0950e-02, 
 2DIAGNOSTIC,    21, -4.035920307771e-01, 2.848930247687e-05, 3.5683e+01, 1.2588e-01, 
 2DIAGNOSTIC,    22, -4.036163603547e-01, 3.669329211699e-05, 3.5849e+01, 1.6692e-01, 
 2DIAGNOSTIC,    23, -4.036180935278e-01, 3.948195490063e-05, 3.5934e+01, 8.4477e-02, 
 2DIAGNOSTIC,    24, -4.036066091172e-01, 3.925257961028e-05, 3.6005e+01, 7.1229e-02, 
 2DIAGNOSTIC,    25, -4.036640475614e-01, 3.718725722075e-05, 3.6086e+01, 8.0541e-02, 
 2DIAGNOSTIC,    26, -4.036688433049e-01, 3.362933625775e-05, 3.6163e+01, 7.7667e-02, 
 2DIAGNOSTIC,    27, -4.036743304344e-01, 2.792687441026e-05, 3.6249e+01, 8.5537e-02, 
 2DIAGNOSTIC,    28, -4.036790677582e-01, 2.100157227314e-05, 3.6354e+01, 1.0469e-01, 
 2DIAGNOSTIC,    29, -4.036880386085e-01, 1.347639295376e-05, 3.6462e+01, 1.0880e-01, 
 2DIAGNOSTIC,    30, -4.036717274760e-01, 6.187117750925e-06, 3.6626e+01, 1.6373e-01, 
 2DIAGNOSTIC,    31, -4.036724444801e-01, 4.859070243154e-06, 3.6703e+01, 7.6992e-02, 
 2DIAGNOSTIC,    32, -4.036748122506e-01, 3.852924571134e-06, 3.6778e+01, 7.4423e-02, 
 2DIAGNOSTIC,    33, -4.036979757953e-01, 3.183692093990e-06, 3.6860e+01, 8.2046e-02, 
 2DIAGNOSTIC,    34, -4.036999180358e-01, 2.098996767830e-06, 3.6955e+01, 9.5451e-02, 
 2DIAGNOSTIC,    35, -4.036793465604e-01, 1.720306798601e-06, 3.7030e+01, 7.5201e-02, 
 2DIAGNOSTIC,    36, -4.036796340124e-01, 1.406620792229e-06, 3.7109e+01, 7.9178e-02, 
 2DIAGNOSTIC,    37, -4.036798001978e-01, 1.155932136364e-06, 3.7195e+01, 8.5209e-02, 
DIAGNOSTIC,Iteration,metricValue,convergenceValue,ITERATION_TIME_INDEX,SINCE_LAST
 2DIAGNOSTIC,     1, -3.758564363139e-01, 1.797693134862e+308, 4.5359e+01, 8.1642e+00, 
 2DIAGNOSTIC,     2, -3.782226393916e-01, 1.797693134862e+308, 4.5795e+01, 4.3630e-01, 
 2DIAGNOSTIC,     3, -3.796363738070e-01, 1.797693134862e+308, 4.6221e+01, 4.2546e-01, 
 2DIAGNOSTIC,     4, -3.799441615546e-01, 1.797693134862e+308, 4.6647e+01, 4.2592e-01, 
 2DIAGNOSTIC,     5, -3.799708380061e-01, 1.797693134862e+308, 4.7162e+01, 5.1547e-01, 
 2DIAGNOSTIC,     6, -3.799787442527e-01, 1.797693134862e+308, 4.7586e+01, 4.2437e-01, 
 2DIAGNOSTIC,     7, -3.799831522699e-01, 1.797693134862e+308, 4.8185e+01, 5.9822e-01, 
 2DIAGNOSTIC,     8, -3.799817137203e-01, 1.797693134862e+308, 4.8691e+01, 5.0595e-01, 
 2DIAGNOSTIC,     9, -3.799851037726e-01, 1.797693134862e+308, 4.9115e+01, 4.2394e-01, 
 2DIAGNOSTIC,    10, -3.799860061725e-01, 4.475433045682e-04, 4.9628e+01, 5.1375e-01, 
 2DIAGNOSTIC,    11, -3.799885563596e-01, 1.463030094869e-04, 5.0051e+01, 4.2286e-01, 
 2DIAGNOSTIC,    12, -3.799884536812e-01, 2.788544589041e-05, 5.0740e+01, 6.8872e-01, 
 2DIAGNOSTIC,    13, -3.799872049100e-01, 6.322131908307e-06, 5.1166e+01, 4.2614e-01, 
 2DIAGNOSTIC,    14, -3.799863347083e-01, 3.876970538538e-06, 5.1683e+01, 5.1705e-01, 
 2DIAGNOSTIC,    15, -3.799846309452e-01, 2.847239132145e-06, 5.2114e+01, 4.3072e-01, 
 2DIAGNOSTIC,    16, -3.799829405352e-01, 2.165369637902e-06, 5.2539e+01, 4.2528e-01, 
 2DIAGNOSTIC,    17, -3.799836025224e-01, 1.775680070225e-06, 5.3061e+01, 5.2188e-01, 
 2DIAGNOSTIC,    18, -3.799859789071e-01, 1.473697445728e-06, 5.3772e+01, 7.1121e-01, 
 2DIAGNOSTIC,    19, -3.799819709025e-01, 1.204232597092e-06, 5.4212e+01, 4.3991e-01, 
 2DIAGNOSTIC,    20, -3.799840445831e-01, 1.120583758167e-06, 5.4641e+01, 4.2903e-01, 
 2DIAGNOSTIC,    21, -3.799842070239e-01, 1.183259550334e-06, 5.5155e+01, 5.1342e-01, 
 2DIAGNOSTIC,    22, -3.799866407987e-01, 1.348520179911e-06, 5.5683e+01, 5.2896e-01, 
 2DIAGNOSTIC,    23, -3.799838408396e-01, 1.374110717996e-06, 5.6470e+01, 7.8643e-01, 
 2DIAGNOSTIC,    24, -3.799838587493e-01, 1.378221996098e-06, 5.6985e+01, 5.1518e-01, 
 2DIAGNOSTIC,    25, -3.799838630013e-01, 1.328650976559e-06, 5.7408e+01, 4.2337e-01, 
 2DIAGNOSTIC,    26, -3.799838729521e-01, 1.225828873186e-06, 5.7832e+01, 4.2352e-01, 
 2DIAGNOSTIC,    27, -3.799838857606e-01, 1.146030723112e-06, 5.8259e+01, 4.2677e-01, 
 2DIAGNOSTIC,    28, -3.799839128394e-01, 1.144096110316e-06, 5.8687e+01, 4.2832e-01, 
 2DIAGNOSTIC,    29, -3.799839498661e-01, 1.038916118891e-06, 5.9469e+01, 7.8177e-01, 
DIAGNOSTIC,Iteration,metricValue,convergenceValue,ITERATION_TIME_INDEX,SINCE_LAST
 2DIAGNOSTIC,     1, -3.427321454021e-01, 1.797693134862e+308, 6.7547e+01, 8.0779e+00, 
  Elapsed time (stage 0): 6.9891e+01


Stage 1
  iterations = 1000x500x250x0
  convergence threshold = 1.0000e-06
  convergence window size = 10
  number of levels = 4
  using the Mattes MI metric (number of bins = 32, weight = 1.0000e+00)
  preprocessing:  winsorizing the image intensities
  Shrink factors (level 1 out of 4): [12, 12, 5]
  Shrink factors (level 2 out of 4): [8, 8, 3]
  Shrink factors (level 3 out of 4): [4, 4, 2]
  Shrink factors (level 4 out of 4): [2, 2, 1]
  smoothing sigmas per level: [4, 3, 2, 1]
  regular sampling (percentage = 2.5000e-01)

*** Running AffineTransform registration ***

DIAGNOSTIC,Iteration,metricValue,convergenceValue,ITERATION_TIME_INDEX,SINCE_LAST
 2DIAGNOSTIC,     1, -4.160948140065e-01, 1.797693134862e+308, 1.8073e+01, 1.8073e+01, 
 2DIAGNOSTIC,     2, -4.174296645798e-01, 1.797693134862e+308, 1.8097e+01, 2.3500e-02, 
 2DIAGNOSTIC,     3, -4.194733923501e-01, 1.797693134862e+308, 1.8119e+01, 2.1919e-02, 
 2DIAGNOSTIC,     4, -4.222453751724e-01, 1.797693134862e+308, 1.8142e+01, 2.2988e-02, 
 2DIAGNOSTIC,     5, -4.254898854062e-01, 1.797693134862e+308, 1.8165e+01, 2.2819e-02, 
 2DIAGNOSTIC,     6, -4.298178649980e-01, 1.797693134862e+308, 1.8193e+01, 2.8397e-02, 
 2DIAGNOSTIC,     7, -4.337754097648e-01, 1.797693134862e+308, 1.8226e+01, 3.2449e-02, 
 2DIAGNOSTIC,     8, -4.347587032951e-01, 1.797693134862e+308, 1.8246e+01, 2.0689e-02, 
 2DIAGNOSTIC,     9, -4.353395839620e-01, 1.797693134862e+308, 1.8268e+01, 2.1314e-02, 
 2DIAGNOSTIC,    10, -4.359920474546e-01, 3.488799402322e-03, 1.8289e+01, 2.1734e-02, 
 2DIAGNOSTIC,    11, -4.368045449247e-01, 2.899834912655e-03, 1.8312e+01, 2.2269e-02, 
 2DIAGNOSTIC,    12, -4.374008831235e-01, 2.254446699529e-03, 1.8349e+01, 3.7532e-02, 
 2DIAGNOSTIC,    13, -4.376094815493e-01, 1.621819180407e-03, 1.8372e+01, 2.3242e-02, 
 2DIAGNOSTIC,    14, -4.378189991679e-01, 1.076061602802e-03, 1.8398e+01, 2.5828e-02, 
 2DIAGNOSTIC,    15, -4.379496244476e-01, 6.518248620100e-04, 1.8428e+01, 2.9471e-02, 
 2DIAGNOSTIC,    16, -4.380449476839e-01, 3.997912127545e-04, 1.8450e+01, 2.2120e-02, 
 2DIAGNOSTIC,    17, -4.381698408906e-01, 2.986172333376e-04, 1.8476e+01, 2.5855e-02, 
 2DIAGNOSTIC,    18, -4.382935387094e-01, 2.218515097788e-04, 1.8508e+01, 3.2008e-02, 
 2DIAGNOSTIC,    19, -4.383660531246e-01, 1.553655375260e-04, 1.8530e+01, 2.2002e-02, 
 2DIAGNOSTIC,    20, -4.384842249483e-01, 1.061908383910e-04, 1.8553e+01, 2.3766e-02, 
 2DIAGNOSTIC,    21, -4.386986494057e-01, 8.369400318500e-05, 1.8588e+01, 3.4661e-02, 
 2DIAGNOSTIC,    22, -4.387703182166e-01, 7.529846285182e-05, 1.8609e+01, 2.1344e-02, 
 2DIAGNOSTIC,    23, -4.387973600512e-01, 6.736549557639e-05, 1.8634e+01, 2.4437e-02, 
 2DIAGNOSTIC,    24, -4.388514968909e-01, 6.114743104223e-05, 1.8655e+01, 2.0766e-02, 
 2DIAGNOSTIC,    25, -4.389059139823e-01, 5.460797016672e-05, 1.8676e+01, 2.1024e-02, 
 2DIAGNOSTIC,    26, -4.389506146668e-01, 4.694810345012e-05, 1.8705e+01, 2.8926e-02, 
 2DIAGNOSTIC,    27, -4.389845073760e-01, 3.934506143967e-05, 1.8726e+01, 2.0958e-02, 
 2DIAGNOSTIC,    28, -4.390346110833e-01, 3.281092960165e-05, 1.8750e+01, 2.4902e-02, 
 2DIAGNOSTIC,    29, -4.390075702750e-01, 2.474290603301e-05, 1.8775e+01, 2.4940e-02, 
 2DIAGNOSTIC,    30, -4.390682949840e-01, 1.879199184600e-05, 1.8812e+01, 3.6304e-02, 
 2DIAGNOSTIC,    31, -4.391084680022e-01, 1.685370148807e-05, 1.8833e+01, 2.0864e-02, 
 2DIAGNOSTIC,    32, -4.392071822025e-01, 1.699790692108e-05, 1.8853e+01, 2.0706e-02, 
 2DIAGNOSTIC,    33, -4.392287300601e-01, 1.653132450231e-05, 1.8874e+01, 2.0369e-02, 
 2DIAGNOSTIC,    34, -4.392498939325e-01, 1.607757050904e-05, 1.8894e+01, 2.0519e-02, 
 2DIAGNOSTIC,    35, -4.393017404111e-01, 1.619721760774e-05, 1.8915e+01, 2.0847e-02, 
 2DIAGNOSTIC,    36, -4.394081296711e-01, 1.754317780098e-05, 1.8944e+01, 2.8641e-02, 
 2DIAGNOSTIC,    37, -4.394522213918e-01, 1.852314022500e-05, 1.8964e+01, 2.0838e-02, 
 2DIAGNOSTIC,    38, -4.395053844645e-01, 1.958091304251e-05, 1.9000e+01, 3.6058e-02, 
 2DIAGNOSTIC,    39, -4.395185363429e-01, 1.857410237774e-05, 1.9021e+01, 2.0678e-02, 
 2DIAGNOSTIC,    40, -4.395411139853e-01, 1.728389740679e-05, 1.9043e+01, 2.1365e-02, 
 2DIAGNOSTIC,    41, -4.395516885054e-01, 1.522800554294e-05, 1.9064e+01, 2.1248e-02, 
 2DIAGNOSTIC,    42, -4.395640153844e-01, 1.360469610657e-05, 1.9096e+01, 3.2480e-02, 
 2DIAGNOSTIC,    43, -4.395679586219e-01, 1.122914818764e-05, 1.9117e+01, 2.1051e-02, 
 2DIAGNOSTIC,    44, -4.395789879958e-01, 8.440455573747e-06, 1.9138e+01, 2.0795e-02, 
 2DIAGNOSTIC,    45, -4.395905544743e-01, 5.925632859890e-06, 1.9158e+01, 2.0216e-02, 
 2DIAGNOSTIC,    46, -4.395976665971e-01, 4.617467707191e-06, 1.9195e+01, 3.6785e-02, 
 2DIAGNOSTIC,    47, -4.395991618248e-01, 3.605968274208e-06, 1.9217e+01, 2.2262e-02, 
 2DIAGNOSTIC,    48, -4.396006427075e-01, 3.100213219608e-06, 1.9239e+01, 2.1571e-02, 
 2DIAGNOSTIC,    49, -4.396044561231e-01, 2.601350385750e-06, 1.9260e+01, 2.1274e-02, 
 2DIAGNOSTIC,    50, -4.395783445681e-01, 1.884446431798e-06, 1.9285e+01, 2.4992e-02, 
 2DIAGNOSTIC,    51, -4.396025721648e-01, 1.527424983983e-06, 1.9318e+01, 3.2782e-02, 
 2DIAGNOSTIC,    52, -4.396057740632e-01, 1.282374749060e-06, 1.9339e+01, 2.1055e-02, 
 2DIAGNOSTIC,    53, -4.396076531115e-01, 1.050095221972e-06, 1.9430e+01, 9.0928e-02, 
DIAGNOSTIC,Iteration,metricValue,convergenceValue,ITERATION_TIME_INDEX,SINCE_LAST
 2DIAGNOSTIC,     1, -4.141681354507e-01, 1.797693134862e+308, 3.3426e+01, 1.3996e+01, 
 2DIAGNOSTIC,     2, -4.156819955848e-01, 1.797693134862e+308, 3.3525e+01, 9.8954e-02, 
 2DIAGNOSTIC,     3, -4.177354363460e-01, 1.797693134862e+308, 3.3624e+01, 9.8406e-02, 
 2DIAGNOSTIC,     4, -4.192865269910e-01, 1.797693134862e+308, 3.3718e+01, 9.4256e-02, 
 2DIAGNOSTIC,     5, -4.203008323600e-01, 1.797693134862e+308, 3.3804e+01, 8.6099e-02, 
 2DIAGNOSTIC,     6, -4.208550432940e-01, 1.797693134862e+308, 3.3909e+01, 1.0534e-01, 
 2DIAGNOSTIC,     7, -4.210342411383e-01, 1.797693134862e+308, 3.4048e+01, 1.3893e-01, 
 2DIAGNOSTIC,     8, -4.209757117049e-01, 1.797693134862e+308, 3.4162e+01, 1.1382e-01, 
 2DIAGNOSTIC,     9, -4.209889758404e-01, 1.797693134862e+308, 3.4293e+01, 1.3107e-01, 
 2DIAGNOSTIC,    10, -4.209620404821e-01, 9.938959987955e-04, 3.4395e+01, 1.0219e-01, 
 2DIAGNOSTIC,    11, -4.209697459324e-01, 5.972308752419e-04, 3.4497e+01, 1.0175e-01, 
 2DIAGNOSTIC,    12, -4.209561668107e-01, 2.967121816191e-04, 3.4612e+01, 1.1488e-01, 
 2DIAGNOSTIC,    13, -4.209443574581e-01, 1.212128292074e-04, 3.4706e+01, 9.4094e-02, 
 2DIAGNOSTIC,    14, -4.209356702429e-01, 3.375730489125e-05, 3.4799e+01, 9.2661e-02, 
 2DIAGNOSTIC,    15, -4.209524463699e-01, 1.009141912978e-06, 3.4905e+01, 1.0660e-01, 
DIAGNOSTIC,Iteration,metricValue,convergenceValue,ITERATION_TIME_INDEX,SINCE_LAST
 2DIAGNOSTIC,     1, -3.757313846622e-01, 1.797693134862e+308, 4.2891e+01, 7.9860e+00, 
 2DIAGNOSTIC,     2, -3.767196139693e-01, 1.797693134862e+308, 4.3403e+01, 5.1124e-01, 
 2DIAGNOSTIC,     3, -3.780530746264e-01, 1.797693134862e+308, 4.3917e+01, 5.1434e-01, 
 2DIAGNOSTIC,     4, -3.794050206343e-01, 1.797693134862e+308, 4.4426e+01, 5.0933e-01, 
 2DIAGNOSTIC,     5, -3.810120661006e-01, 1.797693134862e+308, 4.4928e+01, 5.0204e-01, 
 2DIAGNOSTIC,     6, -3.824686681609e-01, 1.797693134862e+308, 4.5614e+01, 6.8518e-01, 
 2DIAGNOSTIC,     7, -3.833970829577e-01, 1.797693134862e+308, 4.6310e+01, 6.9666e-01, 
 2DIAGNOSTIC,     8, -3.836261907137e-01, 1.797693134862e+308, 4.6810e+01, 4.9995e-01, 
 2DIAGNOSTIC,     9, -3.839167194177e-01, 1.797693134862e+308, 4.7312e+01, 5.0190e-01, 
 2DIAGNOSTIC,    10, -3.842048479665e-01, 1.553745034583e-03, 4.7805e+01, 4.9277e-01, 
 2DIAGNOSTIC,    11, -3.848724130873e-01, 1.227502845762e-03, 4.8301e+01, 4.9575e-01, 
 2DIAGNOSTIC,    12, -3.851929600371e-01, 9.258023001079e-04, 4.8995e+01, 6.9476e-01, 
 2DIAGNOSTIC,    13, -3.853679365975e-01, 6.739512209151e-04, 4.9694e+01, 6.9823e-01, 
 2DIAGNOSTIC,    14, -3.854490742931e-01, 4.730123454653e-04, 5.0289e+01, 5.9590e-01, 
 2DIAGNOSTIC,    15, -3.856745727332e-01, 3.454374286206e-04, 5.0791e+01, 5.0116e-01, 
 2DIAGNOSTIC,    16, -3.857119444180e-01, 2.702060254406e-04, 5.1291e+01, 5.0044e-01, 
 2DIAGNOSTIC,    17, -3.858084069011e-01, 2.238056170407e-04, 5.1792e+01, 5.0091e-01, 
 2DIAGNOSTIC,    18, -3.861461352503e-01, 1.855926873394e-04, 5.2500e+01, 7.0773e-01, 
 2DIAGNOSTIC,    19, -3.864272103425e-01, 1.564961241087e-04, 5.4750e+01, 2.2499e+00, 
 2DIAGNOSTIC,    20, -3.864271933967e-01, 1.259286642298e-04, 5.5259e+01, 5.0990e-01, 
 2DIAGNOSTIC,    21, -3.864272020956e-01, 1.103264470843e-04, 5.5765e+01, 5.0584e-01, 
 2DIAGNOSTIC,    22, -3.864272168010e-01, 9.683456883812e-05, 5.6270e+01, 5.0426e-01, 
 2DIAGNOSTIC,    23, -3.864272416535e-01, 8.104240678375e-05, 5.6773e+01, 5.0388e-01, 
 2DIAGNOSTIC,    24, -3.864272836427e-01, 6.129336461173e-05, 5.7277e+01, 5.0314e-01, 
 2DIAGNOSTIC,    25, -3.864273545526e-01, 4.431996658816e-05, 5.7779e+01, 5.0271e-01, 
 2DIAGNOSTIC,    26, -3.864274740264e-01, 2.584836037076e-05, 5.8288e+01, 5.0869e-01, 
 2DIAGNOSTIC,    27, -3.864276754287e-01, 8.911584801270e-06, 5.8795e+01, 5.0650e-01, 
 2DIAGNOSTIC,    28, -3.864280133176e-01, 1.181982661427e-06, 5.9305e+01, 5.1066e-01, 
 2DIAGNOSTIC,    29, -3.864285802543e-01, 1.167812343744e-06, 5.9806e+01, 5.0075e-01, 
 2DIAGNOSTIC,    30, -3.864295202358e-01, 1.170970267840e-06, 6.0396e+01, 5.9017e-01, 
 2DIAGNOSTIC,    31, -3.864308225751e-01, 1.194861676164e-06, 6.0899e+01, 5.0256e-01, 
 2DIAGNOSTIC,    32, -3.864276827491e-01, 1.129106902288e-06, 6.1400e+01, 5.0173e-01, 
 2DIAGNOSTIC,    33, -3.864310983318e-01, 1.134635958848e-06, 6.1985e+01, 5.8419e-01, 
 2DIAGNOSTIC,    34, -3.864336017224e-01, 1.176675188154e-06, 6.2469e+01, 4.8414e-01, 
 2DIAGNOSTIC,    35, -3.864346502818e-01, 1.215346150836e-06, 6.3061e+01, 5.9261e-01, 
 2DIAGNOSTIC,    36, -3.864391629670e-01, 1.319202087884e-06, 6.3649e+01, 5.8782e-01, 
 2DIAGNOSTIC,    37, -3.864398012499e-01, 1.392558074978e-06, 6.4237e+01, 5.8824e-01, 
 2DIAGNOSTIC,    38, -3.864383353864e-01, 1.390012252595e-06, 6.4725e+01, 4.8773e-01, 
 2DIAGNOSTIC,    39, -3.864409299221e-01, 1.395152300465e-06, 6.5309e+01, 5.8417e-01, 
 2DIAGNOSTIC,    40, -3.864417081400e-01, 1.374143298167e-06, 6.5809e+01, 4.9942e-01, 
 2DIAGNOSTIC,    41, -3.864438015384e-01, 1.361738770970e-06, 6.6309e+01, 5.0035e-01, 
 2DIAGNOSTIC,    42, -3.864487507921e-01, 1.324665449564e-06, 6.6802e+01, 4.9343e-01, 
 2DIAGNOSTIC,    43, -3.864549530911e-01, 1.399223244505e-06, 6.7292e+01, 4.8908e-01, 
 2DIAGNOSTIC,    44, -3.864667910869e-01, 1.646709004773e-06, 6.7778e+01, 4.8664e-01, 
 2DIAGNOSTIC,    45, -3.864821495895e-01, 2.058291417837e-06, 6.8266e+01, 4.8773e-01, 
 2DIAGNOSTIC,    46, -3.865004574914e-01, 2.685060246477e-06, 6.8755e+01, 4.8903e-01, 
 2DIAGNOSTIC,    47, -3.865189425756e-01, 3.392003903282e-06, 6.9519e+01, 7.6394e-01, 
 2DIAGNOSTIC,    48, -3.865289325310e-01, 3.936686410886e-06, 7.1678e+01, 2.1590e+00, 
 2DIAGNOSTIC,    49, -3.865289319777e-01, 4.185238731573e-06, 7.2168e+01, 4.9038e-01, 
 2DIAGNOSTIC,    50, -3.865289327716e-01, 4.098804821908e-06, 7.2666e+01, 4.9734e-01, 
 2DIAGNOSTIC,    51, -3.865289341137e-01, 3.712124471835e-06, 7.3164e+01, 4.9853e-01, 
 2DIAGNOSTIC,    52, -3.865289363814e-01, 3.111679728936e-06, 7.3658e+01, 4.9375e-01, 
 2DIAGNOSTIC,    53, -3.865289402112e-01, 2.379340171717e-06, 7.4157e+01, 4.9867e-01, 
 2DIAGNOSTIC,    54, -3.865289466737e-01, 1.666011362294e-06, 7.4646e+01, 4.8915e-01, 
 2DIAGNOSTIC,    55, -3.865289575622e-01, 1.079722788365e-06, 7.5141e+01, 4.9574e-01, 
DIAGNOSTIC,Iteration,metricValue,convergenceValue,ITERATION_TIME_INDEX,SINCE_LAST
 2DIAGNOSTIC,     1, -3.467186652513e-01, 1.797693134862e+308, 8.3646e+01, 8.5043e+00, 
  Elapsed time (stage 1): 8.5966e+01


Stage 2
  iterations = 100x100x70x50x0
  convergence threshold = 1.0000e-06
  convergence window size = 10
  number of levels = 5
  using the Mattes MI metric (number of bins = 32, weight = 1.0000e+00)
  preprocessing:  winsorizing the image intensities
  Shrink factors (level 1 out of 5): [10, 10, 4]
  Shrink factors (level 2 out of 5): [6, 6, 2]
  Shrink factors (level 3 out of 5): [4, 4, 2]
  Shrink factors (level 4 out of 5): [2, 2, 1]
  Shrink factors (level 5 out of 5): [1, 1, 1]
  smoothing sigmas per level: [5, 3, 2, 1, 0]
  Using default NONE metricSamplingStrategy 

*** Running SyN registration (varianceForUpdateField = 3.0000e+00, varianceForTotalField = 0.0000e+00) ***

XXDIAGNOSTIC,Iteration,metricValue,convergenceValue,ITERATION_TIME_INDEX,SINCE_LAST
 1DIAGNOSTIC,     1, -4.945969849520e-01, 1.797693134862e+308, 2.5368e+01, 2.5368e+01, 
 1DIAGNOSTIC,     2, -5.013265616649e-01, 1.797693134862e+308, 2.5633e+01, 2.6495e-01, 
 1DIAGNOSTIC,     3, -5.081002042059e-01, 1.797693134862e+308, 2.5895e+01, 2.6234e-01, 
 1DIAGNOSTIC,     4, -5.142365546922e-01, 1.797693134862e+308, 2.6157e+01, 2.6154e-01, 
 1DIAGNOSTIC,     5, -5.196299376039e-01, 1.797693134862e+308, 2.6416e+01, 2.5907e-01, 
 1DIAGNOSTIC,     6, -5.240771171831e-01, 1.797693134862e+308, 2.6671e+01, 2.5580e-01, 
 1DIAGNOSTIC,     7, -5.280372176573e-01, 1.797693134862e+308, 2.6933e+01, 2.6150e-01, 
 1DIAGNOSTIC,     8, -5.312799520247e-01, 1.797693134862e+308, 2.7194e+01, 2.6124e-01, 
 1DIAGNOSTIC,     9, -5.343139736805e-01, 1.797693134862e+308, 2.7455e+01, 2.6054e-01, 
 1DIAGNOSTIC,    10, -5.384077003935e-01, 5.260623607965e-03, 2.7716e+01, 2.6150e-01, 
 1DIAGNOSTIC,    11, -5.423924585856e-01, 4.349600755464e-03, 2.7982e+01, 2.6582e-01, 
 1DIAGNOSTIC,    12, -5.452351227675e-01, 3.632693163421e-03, 2.8251e+01, 2.6934e-01, 
 1DIAGNOSTIC,    13, -5.476706981580e-01, 3.082297700632e-03, 2.8517e+01, 2.6558e-01, 
 1DIAGNOSTIC,    14, -5.489760635112e-01, 2.617679697762e-03, 2.8784e+01, 2.6681e-01, 
 1DIAGNOSTIC,    15, -5.506517397720e-01, 2.229266105302e-03, 2.9051e+01, 2.6748e-01, 
 1DIAGNOSTIC,    16, -5.514112652555e-01, 1.858236262228e-03, 2.9317e+01, 2.6562e-01, 
 1DIAGNOSTIC,    17, -5.522190065805e-01, 1.510609759581e-03, 2.9585e+01, 2.6771e-01, 
 1DIAGNOSTIC,    18, -5.533449103621e-01, 1.192895653780e-03, 2.9852e+01, 2.6734e-01, 
 1DIAGNOSTIC,    19, -5.542732114972e-01, 9.087180550586e-04, 3.0120e+01, 2.6844e-01, 
 1DIAGNOSTIC,    20, -5.551243709034e-01, 6.992115274927e-04, 3.0388e+01, 2.6755e-01, 
 1DIAGNOSTIC,    21, -5.557872175002e-01, 5.616811164041e-04, 3.0659e+01, 2.7094e-01, 
 1DIAGNOSTIC,    22, -5.560716948681e-01, 4.591654026998e-04, 3.0927e+01, 2.6839e-01, 
 1DIAGNOSTIC,    23, -5.566022775422e-01, 3.909052504764e-04, 3.1197e+01, 2.6960e-01, 
 1DIAGNOSTIC,    24, -5.569175459103e-01, 3.266172204582e-04, 3.1465e+01, 2.6770e-01, 
 1DIAGNOSTIC,    25, -5.571532338540e-01, 2.771904452703e-04, 3.1733e+01, 2.6888e-01, 
 1DIAGNOSTIC,    26, -5.576350068234e-01, 2.308174175905e-04, 3.2001e+01, 2.6807e-01, 
 1DIAGNOSTIC,    27, -5.582216520668e-01, 1.931064719624e-04, 3.2270e+01, 2.6866e-01, 
 1DIAGNOSTIC,    28, -5.578589780285e-01, 1.539679834979e-04, 3.2542e+01, 2.7171e-01, 
 1DIAGNOSTIC,    29, -5.582672843412e-01, 1.274680579337e-04, 3.2811e+01, 2.6919e-01, 
 1DIAGNOSTIC,    30, -5.584724375733e-01, 1.089497892248e-04, 3.3081e+01, 2.7030e-01, 
 1DIAGNOSTIC,    31, -5.573740078460e-01, 7.386088092011e-05, 3.3352e+01, 2.7108e-01, 
 1DIAGNOSTIC,    32, -5.588599084325e-01, 6.343790493801e-05, 3.3622e+01, 2.6981e-01, 
 1DIAGNOSTIC,    33, -5.586232911384e-01, 5.164033579372e-05, 3.3893e+01, 2.7041e-01, 
 1DIAGNOSTIC,    34, -5.582045012411e-01, 3.430073787446e-05, 3.4165e+01, 2.7246e-01, 
 1DIAGNOSTIC,    35, -5.591172094926e-01, 3.222918904783e-05, 3.4436e+01, 2.7139e-01, 
 1DIAGNOSTIC,    36, -5.579694448125e-01, 1.711418953408e-05, 3.4709e+01, 2.7233e-01, 
 1DIAGNOSTIC,    37, -5.594110244229e-01, 3.036248015227e-05, 3.4980e+01, 2.7100e-01, 
 1DIAGNOSTIC,    38, -5.583488539131e-01, 1.964078363389e-05, 3.5249e+01, 2.6872e-01, 
 1DIAGNOSTIC,    39, -5.595104720247e-01, 2.915894725592e-05, 3.5517e+01, 2.6810e-01, 
 1DIAGNOSTIC,    40, -5.592398264611e-01, 3.481536871241e-05, 3.5784e+01, 2.6770e-01, 
 1DIAGNOSTIC,    41, -5.589080880272e-01, 1.833851725467e-05, 3.6053e+01, 2.6839e-01, 
 1DIAGNOSTIC,    42, -5.584744441499e-01, 1.432670086418e-05, 3.6323e+01, 2.7025e-01, 
 1DIAGNOSTIC,    43, -5.595271473564e-01, 1.926468380737e-05, 3.6593e+01, 2.7038e-01, 
 1DIAGNOSTIC,    44, -5.594233659424e-01, 1.519297098671e-05, 3.6863e+01, 2.6924e-01, 
 1DIAGNOSTIC,    45, -5.579028781693e-01, 3.413613395203e-06, 3.7133e+01, 2.7072e-01, 
 1DIAGNOSTIC,    46, -5.600751328352e-01, 3.813518806555e-06, 3.7404e+01, 2.7039e-01, 
 1DIAGNOSTIC,    47, -5.593784632291e-01, 1.170164984696e-05, 3.7673e+01, 2.6949e-01, 
 1DIAGNOSTIC,    48, -5.584645738785e-01, -3.523965872592e-06, 3.7943e+01, 2.7030e-01, 
XXDIAGNOSTIC,Iteration,metricValue,convergenceValue,ITERATION_TIME_INDEX,SINCE_LAST
 1DIAGNOSTIC,     1, -4.863412545139e-01, 1.797693134862e+308, 5.3103e+01, 1.5160e+01, 
 1DIAGNOSTIC,     2, -4.881950716075e-01, 1.797693134862e+308, 5.4304e+01, 1.2004e+00, 
 1DIAGNOSTIC,     3, -4.906576723446e-01, 1.797693134862e+308, 5.5499e+01, 1.1950e+00, 
 1DIAGNOSTIC,     4, -4.930214562771e-01, 1.797693134862e+308, 5.6703e+01, 1.2040e+00, 
 1DIAGNOSTIC,     5, -4.946430119953e-01, 1.797693134862e+308, 5.7867e+01, 1.1642e+00, 
 1DIAGNOSTIC,     6, -4.966437837361e-01, 1.797693134862e+308, 5.9033e+01, 1.1661e+00, 
 1DIAGNOSTIC,     7, -4.984444783404e-01, 1.797693134862e+308, 6.0233e+01, 1.2000e+00, 
 1DIAGNOSTIC,     8, -4.999250870651e-01, 1.797693134862e+308, 6.1432e+01, 1.1990e+00, 
 1DIAGNOSTIC,     9, -5.015595399153e-01, 1.797693134862e+308, 6.2653e+01, 1.2211e+00, 
 1DIAGNOSTIC,    10, -5.028860451901e-01, 2.160394058755e-03, 6.3880e+01, 1.2265e+00, 
 1DIAGNOSTIC,    11, -5.042774350852e-01, 1.853145642432e-03, 6.5112e+01, 1.2323e+00, 
 1DIAGNOSTIC,    12, -5.049932220887e-01, 1.551857583854e-03, 6.6314e+01, 1.2023e+00, 
 1DIAGNOSTIC,    13, -5.060582326946e-01, 1.311185942678e-03, 6.7539e+01, 1.2247e+00, 
 1DIAGNOSTIC,    14, -5.071700064856e-01, 1.126950657172e-03, 6.8768e+01, 1.2291e+00, 
 1DIAGNOSTIC,    15, -5.079729829400e-01, 9.551391197765e-04, 6.9998e+01, 1.2303e+00, 
 1DIAGNOSTIC,    16, -5.089210488379e-01, 8.215799777440e-04, 7.1230e+01, 1.2312e+00, 
 1DIAGNOSTIC,    17, -5.096576272952e-01, 7.126880276097e-04, 7.2456e+01, 1.2266e+00, 
 1DIAGNOSTIC,    18, -5.100190867681e-01, 6.076619456761e-04, 7.3691e+01, 1.2343e+00, 
 1DIAGNOSTIC,    19, -5.105779918260e-01, 5.226003612286e-04, 7.4921e+01, 1.2305e+00, 
 1DIAGNOSTIC,    20, -5.109904533436e-01, 4.460957573344e-04, 7.6146e+01, 1.2249e+00, 
 1DIAGNOSTIC,    21, -5.117023490621e-01, 3.920199905101e-04, 7.7386e+01, 1.2403e+00, 
 1DIAGNOSTIC,    22, -5.118737521098e-01, 3.286117594346e-04, 7.8618e+01, 1.2315e+00, 
 1DIAGNOSTIC,    23, -5.123747075817e-01, 2.785114615426e-04, 7.9847e+01, 1.2293e+00, 
 1DIAGNOSTIC,    24, -5.125644484050e-01, 2.370233766209e-04, 8.1072e+01, 1.2253e+00, 
 1DIAGNOSTIC,    25, -5.130173394389e-01, 2.046631080321e-04, 8.2305e+01, 1.2328e+00, 
 1DIAGNOSTIC,    26, -5.128726122562e-01, 1.726147995630e-04, 8.3536e+01, 1.2312e+00, 
 1DIAGNOSTIC,    27, -5.131450766903e-01, 1.480747312028e-04, 8.4771e+01, 1.2348e+00, 
 1DIAGNOSTIC,    28, -5.134126829248e-01, 1.238892515769e-04, 8.6006e+01, 1.2351e+00, 
 1DIAGNOSTIC,    29, -5.136320683342e-01, 1.046435675620e-04, 8.7245e+01, 1.2391e+00, 
 1DIAGNOSTIC,    30, -5.136201002506e-01, 8.411489854561e-05, 8.8482e+01, 1.2370e+00, 
 1DIAGNOSTIC,    31, -5.138251651212e-01, 7.390476191617e-05, 8.9724e+01, 1.2416e+00, 
 1DIAGNOSTIC,    32, -5.140450978578e-01, 6.409725529841e-05, 9.0960e+01, 1.2361e+00, 
 1DIAGNOSTIC,    33, -5.139262143437e-01, 5.519755946379e-05, 9.2210e+01, 1.2497e+00, 
 1DIAGNOSTIC,    34, -5.141979326781e-01, 4.920890225191e-05, 9.3452e+01, 1.2419e+00, 
 1DIAGNOSTIC,    35, -5.143147597475e-01, 4.819216854633e-05, 9.4703e+01, 1.2517e+00, 
 1DIAGNOSTIC,    36, -5.145456294309e-01, 4.396745245132e-05, 9.5953e+01, 1.2492e+00, 
 1DIAGNOSTIC,    37, -5.142381665077e-01, 3.519577773421e-05, 9.7193e+01, 1.2409e+00, 
 1DIAGNOSTIC,    38, -5.145096727737e-01, 3.172856848690e-05, 9.8437e+01, 1.2435e+00, 
 1DIAGNOSTIC,    39, -5.145512402138e-01, 2.916296849380e-05, 9.9686e+01, 1.2491e+00, 
 1DIAGNOSTIC,    40, -5.147570270355e-01, 2.657118591035e-05, 1.0094e+02, 1.2494e+00, 
 1DIAGNOSTIC,    41, -5.146611306667e-01, 2.303856407749e-05, 1.0218e+02, 1.2398e+00, 
 1DIAGNOSTIC,    42, -5.149065556305e-01, 2.398843731950e-05, 1.0341e+02, 1.2394e+00, 
 1DIAGNOSTIC,    43, -5.149150348225e-01, 2.109622938291e-05, 1.0465e+02, 1.2383e+00, 
 1DIAGNOSTIC,    44, -5.149207484928e-01, 1.983054765949e-05, 1.0590e+02, 1.2459e+00, 
 1DIAGNOSTIC,    45, -5.152533638996e-01, 2.231362582699e-05, 1.0714e+02, 1.2434e+00, 
 1DIAGNOSTIC,    46, -5.153355063568e-01, 2.646500561851e-05, 1.0839e+02, 1.2479e+00, 
 1DIAGNOSTIC,    47, -5.154813162038e-01, 2.597859620043e-05, 1.0964e+02, 1.2522e+00, 
 1DIAGNOSTIC,    48, -5.151296759547e-01, 2.216916683365e-05, 1.1089e+02, 1.2470e+00, 
 1DIAGNOSTIC,    49, -5.152615108454e-01, 1.853289952971e-05, 1.1214e+02, 1.2500e+00, 
 1DIAGNOSTIC,    50, -5.152012454784e-01, 1.489167953823e-05, 1.1339e+02, 1.2474e+00, 
 1DIAGNOSTIC,    51, -5.152754842750e-01, 9.655607224473e-06, 1.1463e+02, 1.2442e+00, 
 1DIAGNOSTIC,    52, -5.156296180326e-01, 1.022445618015e-05, 1.1588e+02, 1.2492e+00, 
 1DIAGNOSTIC,    53, -5.156888173020e-01, 1.056076088158e-05, 1.1712e+02, 1.2426e+00, 
 1DIAGNOSTIC,    54, -5.157917885076e-01, 1.101993172258e-05, 1.1837e+02, 1.2462e+00, 
 1DIAGNOSTIC,    55, -5.156128541380e-01, 1.199370143410e-05, 1.1961e+02, 1.2367e+00, 
 1DIAGNOSTIC,    56, -5.156124707104e-01, 1.263741541666e-05, 1.2085e+02, 1.2486e+00, 
 1DIAGNOSTIC,    57, -5.156010088803e-01, 1.344973357381e-05, 1.2210e+02, 1.2470e+00, 
 1DIAGNOSTIC,    58, -5.154486794484e-01, 8.070461350974e-06, 1.2334e+02, 1.2410e+00, 
 1DIAGNOSTIC,    59, -5.157706202019e-01, 6.544947768149e-06, 1.2459e+02, 1.2475e+00, 
 1DIAGNOSTIC,    60, -5.157934624279e-01, 4.095410647182e-06, 1.2584e+02, 1.2470e+00, 
 1DIAGNOSTIC,    61, -5.156305623858e-01, 5.176639581682e-07, 1.2708e+02, 1.2399e+00, 
XXDIAGNOSTIC,Iteration,metricValue,convergenceValue,ITERATION_TIME_INDEX,SINCE_LAST
 1DIAGNOSTIC,     1, -4.218092712937e-01, 1.797693134862e+308, 1.3737e+02, 1.0292e+01, 
 1DIAGNOSTIC,     2, -4.235497463652e-01, 1.797693134862e+308, 1.4007e+02, 2.7016e+00, 
 1DIAGNOSTIC,     3, -4.250547534998e-01, 1.797693134862e+308, 1.4276e+02, 2.6900e+00, 
 1DIAGNOSTIC,     4, -4.262548929514e-01, 1.797693134862e+308, 1.4547e+02, 2.7126e+00, 
 1DIAGNOSTIC,     5, -4.273154232918e-01, 1.797693134862e+308, 1.4810e+02, 2.6232e+00, 
 1DIAGNOSTIC,     6, -4.282414445963e-01, 1.797693134862e+308, 1.5071e+02, 2.6178e+00, 
 1DIAGNOSTIC,     7, -4.291170753743e-01, 1.797693134862e+308, 1.5340e+02, 2.6861e+00, 
 1DIAGNOSTIC,     8, -4.298878194063e-01, 1.797693134862e+308, 1.5609e+02, 2.6903e+00, 
 1DIAGNOSTIC,     9, -4.305674153647e-01, 1.797693134862e+308, 1.5879e+02, 2.6946e+00, 
 1DIAGNOSTIC,    10, -4.312001995221e-01, 1.360323043714e-03, 1.6148e+02, 2.6946e+00, 
 1DIAGNOSTIC,    11, -4.317583188514e-01, 1.087283455110e-03, 1.6421e+02, 2.7303e+00, 
 1DIAGNOSTIC,    12, -4.322481863599e-01, 8.846663576131e-04, 1.6693e+02, 2.7198e+00, 
 1DIAGNOSTIC,    13, -4.326777550448e-01, 7.314516701199e-04, 1.6963e+02, 2.7013e+00, 
 1DIAGNOSTIC,    14, -4.331194318470e-01, 6.109543673887e-04, 1.7232e+02, 2.6908e+00, 
 1DIAGNOSTIC,    15, -4.335782528919e-01, 5.173973237605e-04, 1.7501e+02, 2.6874e+00, 
 1DIAGNOSTIC,    16, -4.338045161267e-01, 4.352925086359e-04, 1.7776e+02, 2.7550e+00, 
 1DIAGNOSTIC,    17, -4.339796216124e-01, 3.635903136448e-04, 1.8044e+02, 2.6776e+00, 
 1DIAGNOSTIC,    18, -4.342584513730e-01, 3.047675587499e-04, 1.8313e+02, 2.6837e+00, 
 1DIAGNOSTIC,    19, -4.345243178127e-01, 2.564343746920e-04, 1.8584e+02, 2.7147e+00, 
 1DIAGNOSTIC,    20, -4.348680308807e-01, 2.210683115310e-04, 1.8864e+02, 2.7997e+00, 
 1DIAGNOSTIC,    21, -4.350796375315e-01, 1.925442849657e-04, 1.9125e+02, 2.6147e+00, 
 1DIAGNOSTIC,    22, -4.350889286755e-01, 1.637220614938e-04, 1.9395e+02, 2.6959e+00, 
 1DIAGNOSTIC,    23, -4.353684068439e-01, 1.425238731186e-04, 1.9674e+02, 2.7865e+00, 
 1DIAGNOSTIC,    24, -4.354103786545e-01, 1.226504546412e-04, 1.9944e+02, 2.7063e+00, 
 1DIAGNOSTIC,    25, -4.356016205515e-01, 1.099899852191e-04, 2.0226e+02, 2.8210e+00, 
 1DIAGNOSTIC,    26, -4.356753884137e-01, 9.562507474041e-05, 2.0501e+02, 2.7436e+00, 
 1DIAGNOSTIC,    27, -4.358997293145e-01, 8.317691141557e-05, 2.0769e+02, 2.6827e+00, 
 1DIAGNOSTIC,    28, -4.359294390204e-01, 7.097484753835e-05, 2.1039e+02, 2.7007e+00, 
 1DIAGNOSTIC,    29, -4.360183547204e-01, 6.092830940219e-05, 2.1308e+02, 2.6922e+00, 
 1DIAGNOSTIC,    30, -4.359254582668e-01, 5.132343144926e-05, 2.1579e+02, 2.7066e+00, 
 1DIAGNOSTIC,    31, -4.361590214982e-01, 4.713901792092e-05, 2.1842e+02, 2.6270e+00, 
 1DIAGNOSTIC,    32, -4.360277610959e-01, 3.603967800658e-05, 2.2111e+02, 2.6892e+00, 
 1DIAGNOSTIC,    33, -4.362104345581e-01, 3.161178181162e-05, 2.2379e+02, 2.6883e+00, 
 1DIAGNOSTIC,    34, -4.361281593754e-01, 2.365940530440e-05, 2.2648e+02, 2.6848e+00, 
 1DIAGNOSTIC,    35, -4.363610384511e-01, 2.203789774904e-05, 2.2916e+02, 2.6851e+00, 
 1DIAGNOSTIC,    36, -4.364136393763e-01, 2.057794348151e-05, 2.3184e+02, 2.6798e+00, 
 1DIAGNOSTIC,    37, -4.363956784647e-01, 2.097406994864e-05, 2.3454e+02, 2.6998e+00, 
 1DIAGNOSTIC,    38, -4.365477985430e-01, 2.262343319737e-05, 2.3716e+02, 2.6134e+00, 
 1DIAGNOSTIC,    39, -4.364104807232e-01, 2.128885418311e-05, 2.3986e+02, 2.7015e+00, 
 1DIAGNOSTIC,    40, -4.365032132452e-01, 1.800720060803e-05, 2.4254e+02, 2.6844e+00, 
 1DIAGNOSTIC,    41, -4.363656480940e-01, 1.479900015960e-05, 2.4522e+02, 2.6791e+00, 
 1DIAGNOSTIC,    42, -4.365554507835e-01, 1.131897929459e-05, 2.4792e+02, 2.6972e+00, 
 1DIAGNOSTIC,    43, -4.365774323457e-01, 1.009135642695e-05, 2.5060e+02, 2.6794e+00, 
 1DIAGNOSTIC,    44, -4.367432838423e-01, 9.189467928043e-06, 2.5328e+02, 2.6791e+00, 
 1DIAGNOSTIC,    45, -4.365448614511e-01, 8.004134533654e-06, 2.5596e+02, 2.6794e+00, 
 1DIAGNOSTIC,    46, -4.366105279082e-01, 7.991972993612e-06, 2.5858e+02, 2.6207e+00, 
 1DIAGNOSTIC,    47, -4.365268568271e-01, 5.741740636254e-06, 2.6126e+02, 2.6867e+00, 
 1DIAGNOSTIC,    48, -4.366925413034e-01, 7.453898970330e-06, 2.6388e+02, 2.6142e+00, 
 1DIAGNOSTIC,    49, -4.365731464630e-01, 4.905809204238e-06, 2.6657e+02, 2.6906e+00, 
 1DIAGNOSTIC,    50, -4.366443086383e-01, 4.371745022245e-06, 2.6935e+02, 2.7801e+00, 
 1DIAGNOSTIC,    51, -4.365060530411e-01, -8.362924293001e-08, 2.7204e+02, 2.6873e+00, 
XXDIAGNOSTIC,Iteration,metricValue,convergenceValue,ITERATION_TIME_INDEX,SINCE_LAST
 1DIAGNOSTIC,     1, -3.802071049455e-01, 1.797693134862e+308, 2.9877e+02, 2.6732e+01, 
slurmstepd: error: Job 4089898 exceeded memory limit (4121580 > 4120576), being killed
slurmstepd: error: Exceeded job memory limit
slurmstepd: error: *** JOB 4089898 ON wbic-csm-1 CANCELLED AT 2019-10-20T16:37:14 ***
