Changed directory to /lustre/scratch/wbic-beta/ccn30/ENCRYPT/fMRI/gridcellpilot/scripts/coregistration/slurmoutputs.

JobID: 6248633
======
Time: Tue Feb  9 23:22:28 GMT 2021
Running on master node: wbic-cs-6
Current directory: /lustre/scratch/wbic-beta/ccn30/ENCRYPT/fMRI/gridcellpilot/scripts/coregistration/slurmoutputs

Nodes allocated:
================
wbic-cs-6

numtasks=1, numnodes=1, mpi_tasks_per_node=1 (OMP_NUM_THREADS=1)

Executing command:
==================
/lustre/scratch/wbic-beta/ccn30/ENCRYPT/fMRI/gridcellpilot/scripts/coregistration/coreg_MasksxEPI.sh 29382/20190911_U-ID46164

******** starting 29382 ********

--------------------------------------------------------------------------------------
 Mapping parameters
--------------------------------------------------------------------------------------
 ANTSPATH is /applications/ANTS/ANTs-2.3.4/install/bin/

 Dimensionality:           3
 Output name prefix:       /lustre/scratch/wbic-beta/ccn30/ENCRYPT/fMRI/gridcellpilot/preprocessed_data/segmentation/29382/coregistration/T1xStudyTemplate_
 Fixed images:             /home/ccn30/ENCRYPT/atlases/templates/ECtemplatemasks2015/Study_template_wholeBrain.nii
 Moving images:            /lustre/scratch/wbic-beta/ccn30/ENCRYPT/fMRI/gridcellpilot/raw_data/images/29382/20190911_U-ID46164/mp2rage/denoiseRn4mag0000_PSIR_skulled_std.nii
 Mask images:              
 Initial transforms:       
 Number of threads:        1
 Spline distance:          26
 Transform type:           s
 CC radius:                4
 Precision:                d
 Use histogram matching    0
======================================================================================
 antsRegistration call:
--------------------------------------------------------------------------------------
/applications/ANTS/ANTs-2.3.4/install/bin//antsRegistration --verbose 1 --dimensionality 3 --float 0 --collapse-output-transforms 1 --output [ /lustre/scratch/wbic-beta/ccn30/ENCRYPT/fMRI/gridcellpilot/preprocessed_data/segmentation/29382/coregistration/T1xStudyTemplate_,/lustre/scratch/wbic-beta/ccn30/ENCRYPT/fMRI/gridcellpilot/preprocessed_data/segmentation/29382/coregistration/T1xStudyTemplate_Warped.nii.gz,/lustre/scratch/wbic-beta/ccn30/ENCRYPT/fMRI/gridcellpilot/preprocessed_data/segmentation/29382/coregistration/T1xStudyTemplate_InverseWarped.nii.gz ] --interpolation Linear --use-histogram-matching 0 --winsorize-image-intensities [ 0.005,0.995 ] --initial-moving-transform [ /home/ccn30/ENCRYPT/atlases/templates/ECtemplatemasks2015/Study_template_wholeBrain.nii,/lustre/scratch/wbic-beta/ccn30/ENCRYPT/fMRI/gridcellpilot/raw_data/images/29382/20190911_U-ID46164/mp2rage/denoiseRn4mag0000_PSIR_skulled_std.nii,1 ] --transform Rigid[ 0.1 ] --metric MI[ /home/ccn30/ENCRYPT/atlases/templates/ECtemplatemasks2015/Study_template_wholeBrain.nii,/lustre/scratch/wbic-beta/ccn30/ENCRYPT/fMRI/gridcellpilot/raw_data/images/29382/20190911_U-ID46164/mp2rage/denoiseRn4mag0000_PSIR_skulled_std.nii,1,32,Regular,0.25 ] --convergence [ 1000x500x250x100,1e-6,10 ] --shrink-factors 12x8x4x2 --smoothing-sigmas 4x3x2x1vox --transform Affine[ 0.1 ] --metric MI[ /home/ccn30/ENCRYPT/atlases/templates/ECtemplatemasks2015/Study_template_wholeBrain.nii,/lustre/scratch/wbic-beta/ccn30/ENCRYPT/fMRI/gridcellpilot/raw_data/images/29382/20190911_U-ID46164/mp2rage/denoiseRn4mag0000_PSIR_skulled_std.nii,1,32,Regular,0.25 ] --convergence [ 1000x500x250x100,1e-6,10 ] --shrink-factors 12x8x4x2 --smoothing-sigmas 4x3x2x1vox --transform SyN[ 0.1,3,0 ] --metric CC[ /home/ccn30/ENCRYPT/atlases/templates/ECtemplatemasks2015/Study_template_wholeBrain.nii,/lustre/scratch/wbic-beta/ccn30/ENCRYPT/fMRI/gridcellpilot/raw_data/images/29382/20190911_U-ID46164/mp2rage/denoiseRn4mag0000_PSIR_skulled_std.nii,1,4 ] --convergence [ 100x100x70x50x20,1e-6,10 ] --shrink-factors 10x6x4x2x1 --smoothing-sigmas 5x3x2x1x0vox
--------------------------------------------------------------------------------------
All_Command_lines_OK
Using double precision for computations.
=============================================================================
The composite transform comprises the following transforms (in order): 
  1. Center of mass alignment using fixed image: /home/ccn30/ENCRYPT/atlases/templates/ECtemplatemasks2015/Study_template_wholeBrain.nii and moving image: /lustre/scratch/wbic-beta/ccn30/ENCRYPT/fMRI/gridcellpilot/raw_data/images/29382/20190911_U-ID46164/mp2rage/denoiseRn4mag0000_PSIR_skulled_std.nii (type = Euler3DTransform)
=============================================================================
  number of levels = 4
  number of levels = 4
  number of levels = 5
  fixed image: /home/ccn30/ENCRYPT/atlases/templates/ECtemplatemasks2015/Study_template_wholeBrain.nii
  moving image: /lustre/scratch/wbic-beta/ccn30/ENCRYPT/fMRI/gridcellpilot/raw_data/images/29382/20190911_U-ID46164/mp2rage/denoiseRn4mag0000_PSIR_skulled_std.nii
  fixed image: /home/ccn30/ENCRYPT/atlases/templates/ECtemplatemasks2015/Study_template_wholeBrain.nii
  moving image: /lustre/scratch/wbic-beta/ccn30/ENCRYPT/fMRI/gridcellpilot/raw_data/images/29382/20190911_U-ID46164/mp2rage/denoiseRn4mag0000_PSIR_skulled_std.nii
  fixed image: /home/ccn30/ENCRYPT/atlases/templates/ECtemplatemasks2015/Study_template_wholeBrain.nii
  moving image: /lustre/scratch/wbic-beta/ccn30/ENCRYPT/fMRI/gridcellpilot/raw_data/images/29382/20190911_U-ID46164/mp2rage/denoiseRn4mag0000_PSIR_skulled_std.nii
Dimension = 3
Number of stages = 3
Use Histogram Matching false
Winsorize image intensities true
Lower quantile = 0.005
Upper quantile = 0.995
Stage 1 State
   Image metric = Mattes
     Fixed image = Image (0x4eb3550)
  RTTI typeinfo:   itk::Image<double, 3u>
  Reference Count: 2
  Modified Time: 1735
  Debug: Off
  Object Name: 
  Observers: 
    none
  Source: (none)
  Source output name: (none)
  Release Data: Off
  Data Released: False
  Global Release Data: Off
  PipelineMTime: 0
  UpdateMTime: 1518
  RealTimeStamp: 0 seconds 
  LargestPossibleRegion: 
    Dimension: 3
    Index: [0, 0, 0]
    Size: [384, 384, 288]
  BufferedRegion: 
    Dimension: 3
    Index: [0, 0, 0]
    Size: [384, 384, 288]
  RequestedRegion: 
    Dimension: 3
    Index: [0, 0, 0]
    Size: [384, 384, 288]
  Spacing: [0.598958, 0.598958, 0.599937]
  Origin: [85.9044, -155.274, 91.0901]
  Direction: 
-0 0 -1
1 -0 0
0 -1 0

  IndexToPointMatrix: 
0 0 -0.599937
0.598958 0 0
0 -0.598958 0

  PointToIndexMatrix: 
0 1.66957 0
0 0 -1.66957
-1.66684 0 0

  Inverse Direction: 
0 1 0
0 0 -1
-1 0 0

  PixelContainer: 
    ImportImageContainer (0x4eb8880)
      RTTI typeinfo:   itk::ImportImageContainer<unsigned long, double>
      Reference Count: 1
      Modified Time: 1515
      Debug: Off
      Object Name: 
      Observers: 
        none
      Pointer: 0x2b6bb2221010
      Container manages memory: true
      Size: 42467328
      Capacity: 42467328

     Moving image = Image (0x4eb12f0)
  RTTI typeinfo:   itk::Image<double, 3u>
  Reference Count: 2
  Modified Time: 1736
  Debug: Off
  Object Name: 
  Observers: 
    none
  Source: (none)
  Source output name: (none)
  Release Data: Off
  Data Released: False
  Global Release Data: Off
  PipelineMTime: 0
  UpdateMTime: 1733
  RealTimeStamp: 0 seconds 
  LargestPossibleRegion: 
    Dimension: 3
    Index: [0, 0, 0]
    Size: [224, 320, 320]
  BufferedRegion: 
    Dimension: 3
    Index: [0, 0, 0]
    Size: [224, 320, 320]
  RequestedRegion: 
    Dimension: 3
    Index: [0, 0, 0]
    Size: [224, 320, 320]
  Spacing: [0.699997, 0.7, 0.7]
  Origin: [-78.6699, 73.4889, -122.457]
  Direction: 
1 0 0
0 -1 0
0 0 1

  IndexToPointMatrix: 
0.699997 0 0
0 -0.7 0
0 0 0.7

  PointToIndexMatrix: 
1.42858 0 0
0 -1.42857 0
0 0 1.42857

  Inverse Direction: 
1 0 0
0 -1 0
0 0 1

  PixelContainer: 
    ImportImageContainer (0x4ebf3f0)
      RTTI typeinfo:   itk::ImportImageContainer<unsigned long, double>
      Reference Count: 1
      Modified Time: 1730
      Debug: Off
      Object Name: 
      Observers: 
        none
      Pointer: 0x2b6bc6622010
      Container manages memory: true
      Size: 22937600
      Capacity: 22937600

     Weighting = 1
     Sampling strategy = regular
     Number of bins = 32
     Radius = 4
     Sampling percentage  = 0.25
   Transform = Rigid
     Gradient step = 0.1
     Update field sigma (voxel space) = 0
     Total field sigma (voxel space) = 0
     Update field time sigma = 0
     Total field time sigma  = 0
     Number of time indices = 0
     Number of time point samples = 0
Stage 2 State
   Image metric = Mattes
     Fixed image = Image (0x4eb3860)
  RTTI typeinfo:   itk::Image<double, 3u>
  Reference Count: 2
  Modified Time: 2167
  Debug: Off
  Object Name: 
  Observers: 
    none
  Source: (none)
  Source output name: (none)
  Release Data: Off
  Data Released: False
  Global Release Data: Off
  PipelineMTime: 0
  UpdateMTime: 1950
  RealTimeStamp: 0 seconds 
  LargestPossibleRegion: 
    Dimension: 3
    Index: [0, 0, 0]
    Size: [384, 384, 288]
  BufferedRegion: 
    Dimension: 3
    Index: [0, 0, 0]
    Size: [384, 384, 288]
  RequestedRegion: 
    Dimension: 3
    Index: [0, 0, 0]
    Size: [384, 384, 288]
  Spacing: [0.598958, 0.598958, 0.599937]
  Origin: [85.9044, -155.274, 91.0901]
  Direction: 
-0 0 -1
1 -0 0
0 -1 0

  IndexToPointMatrix: 
0 0 -0.599937
0.598958 0 0
0 -0.598958 0

  PointToIndexMatrix: 
0 1.66957 0
0 0 -1.66957
-1.66684 0 0

  Inverse Direction: 
0 1 0
0 0 -1
-1 0 0

  PixelContainer: 
    ImportImageContainer (0x4ebbbe0)
      RTTI typeinfo:   itk::ImportImageContainer<unsigned long, double>
      Reference Count: 1
      Modified Time: 1947
      Debug: Off
      Object Name: 
      Observers: 
        none
      Pointer: 0x2b6bd1523010
      Container manages memory: true
      Size: 42467328
      Capacity: 42467328

     Moving image = Image (0x4eb3af0)
  RTTI typeinfo:   itk::Image<double, 3u>
  Reference Count: 2
  Modified Time: 2168
  Debug: Off
  Object Name: 
  Observers: 
    none
  Source: (none)
  Source output name: (none)
  Release Data: Off
  Data Released: False
  Global Release Data: Off
  PipelineMTime: 0
  UpdateMTime: 2165
  RealTimeStamp: 0 seconds 
  LargestPossibleRegion: 
    Dimension: 3
    Index: [0, 0, 0]
    Size: [224, 320, 320]
  BufferedRegion: 
    Dimension: 3
    Index: [0, 0, 0]
    Size: [224, 320, 320]
  RequestedRegion: 
    Dimension: 3
    Index: [0, 0, 0]
    Size: [224, 320, 320]
  Spacing: [0.699997, 0.7, 0.7]
  Origin: [-78.6699, 73.4889, -122.457]
  Direction: 
1 0 0
0 -1 0
0 0 1

  IndexToPointMatrix: 
0.699997 0 0
0 -0.7 0
0 0 0.7

  PointToIndexMatrix: 
1.42858 0 0
0 -1.42857 0
0 0 1.42857

  Inverse Direction: 
1 0 0
0 -1 0
0 0 1

  PixelContainer: 
    ImportImageContainer (0x4ec8f10)
      RTTI typeinfo:   itk::ImportImageContainer<unsigned long, double>
      Reference Count: 1
      Modified Time: 2162
      Debug: Off
      Object Name: 
      Observers: 
        none
      Pointer: 0x2b6be5924010
      Container manages memory: true
      Size: 22937600
      Capacity: 22937600

     Weighting = 1
     Sampling strategy = regular
     Number of bins = 32
     Radius = 4
     Sampling percentage  = 0.25
   Transform = Affine
     Gradient step = 0.1
     Update field sigma (voxel space) = 0
     Total field sigma (voxel space) = 0
     Update field time sigma = 0
     Total field time sigma  = 0
     Number of time indices = 0
     Number of time point samples = 0
Stage 3 State
   Image metric = CC
     Fixed image = Image (0x4ec6df0)
  RTTI typeinfo:   itk::Image<double, 3u>
  Reference Count: 2
  Modified Time: 2599
  Debug: Off
  Object Name: 
  Observers: 
    none
  Source: (none)
  Source output name: (none)
  Release Data: Off
  Data Released: False
  Global Release Data: Off
  PipelineMTime: 0
  UpdateMTime: 2382
  RealTimeStamp: 0 seconds 
  LargestPossibleRegion: 
    Dimension: 3
    Index: [0, 0, 0]
    Size: [384, 384, 288]
  BufferedRegion: 
    Dimension: 3
    Index: [0, 0, 0]
    Size: [384, 384, 288]
  RequestedRegion: 
    Dimension: 3
    Index: [0, 0, 0]
    Size: [384, 384, 288]
  Spacing: [0.598958, 0.598958, 0.599937]
  Origin: [85.9044, -155.274, 91.0901]
  Direction: 
-0 0 -1
1 -0 0
0 -1 0

  IndexToPointMatrix: 
0 0 -0.599937
0.598958 0 0
0 -0.598958 0

  PointToIndexMatrix: 
0 1.66957 0
0 0 -1.66957
-1.66684 0 0

  Inverse Direction: 
0 1 0
0 0 -1
-1 0 0

  PixelContainer: 
    ImportImageContainer (0x4ec9ae0)
      RTTI typeinfo:   itk::ImportImageContainer<unsigned long, double>
      Reference Count: 1
      Modified Time: 2379
      Debug: Off
      Object Name: 
      Observers: 
        none
      Pointer: 0x2b6bf0825010
      Container manages memory: true
      Size: 42467328
      Capacity: 42467328

     Moving image = Image (0x4ec1700)
  RTTI typeinfo:   itk::Image<double, 3u>
  Reference Count: 2
  Modified Time: 2600
  Debug: Off
  Object Name: 
  Observers: 
    none
  Source: (none)
  Source output name: (none)
  Release Data: Off
  Data Released: False
  Global Release Data: Off
  PipelineMTime: 0
  UpdateMTime: 2597
  RealTimeStamp: 0 seconds 
  LargestPossibleRegion: 
    Dimension: 3
    Index: [0, 0, 0]
    Size: [224, 320, 320]
  BufferedRegion: 
    Dimension: 3
    Index: [0, 0, 0]
    Size: [224, 320, 320]
  RequestedRegion: 
    Dimension: 3
    Index: [0, 0, 0]
    Size: [224, 320, 320]
  Spacing: [0.699997, 0.7, 0.7]
  Origin: [-78.6699, 73.4889, -122.457]
  Direction: 
1 0 0
0 -1 0
0 0 1

  IndexToPointMatrix: 
0.699997 0 0
0 -0.7 0
0 0 0.7

  PointToIndexMatrix: 
1.42858 0 0
0 -1.42857 0
0 0 1.42857

  Inverse Direction: 
1 0 0
0 -1 0
0 0 1

  PixelContainer: 
    ImportImageContainer (0x4ec8350)
      RTTI typeinfo:   itk::ImportImageContainer<unsigned long, double>
      Reference Count: 1
      Modified Time: 2594
      Debug: Off
      Object Name: 
      Observers: 
        none
      Pointer: 0x2b6c04c26010
      Container manages memory: true
      Size: 22937600
      Capacity: 22937600

     Weighting = 1
     Sampling strategy = none
     Number of bins = 32
     Radius = 4
     Sampling percentage  = 1
   Transform = SyN
     Gradient step = 0.1
     Update field sigma (voxel space) = 3
     Total field sigma (voxel space) = 0
     Update field time sigma = 0
     Total field time sigma  = 0
     Number of time indices = 0
     Number of time point samples = 0
Registration using 3 total stages.

Stage 0
  iterations = 1000x500x250x100
  convergence threshold = 1e-06
  convergence window size = 10
  number of levels = 4
  using the Mattes MI metric (number of bins = 32, weight = 1)
  preprocessing:  winsorizing the image intensities
  Shrink factors (level 1 out of 4): [12, 12, 12]
  Shrink factors (level 2 out of 4): [8, 8, 8]
  Shrink factors (level 3 out of 4): [4, 4, 4]
  Shrink factors (level 4 out of 4): [2, 2, 2]
  smoothing sigmas per level: [4, 3, 2, 1]
  regular sampling (percentage = 0.25)

*** Running Euler3DTransform registration ***

DIAGNOSTIC,Iteration,metricValue,convergenceValue,ITERATION_TIME_INDEX,SINCE_LAST
 2DIAGNOSTIC,     1, -7.367516853902e-01, 1.797693134862e+308, 8.9300e+00, 8.9300e+00, 
 2DIAGNOSTIC,     2, -7.411041412914e-01, 1.797693134862e+308, 8.9472e+00, 1.7204e-02, 
 2DIAGNOSTIC,     3, -7.472331081163e-01, 1.797693134862e+308, 8.9654e+00, 1.8189e-02, 
 2DIAGNOSTIC,     4, -7.567215356693e-01, 1.797693134862e+308, 8.9828e+00, 1.7434e-02, 
 2DIAGNOSTIC,     5, -7.676761753265e-01, 1.797693134862e+308, 9.0007e+00, 1.7899e-02, 
 2DIAGNOSTIC,     6, -7.745177792281e-01, 1.797693134862e+308, 9.0183e+00, 1.7567e-02, 
 2DIAGNOSTIC,     7, -7.779089402508e-01, 1.797693134862e+308, 9.0358e+00, 1.7530e-02, 
 2DIAGNOSTIC,     8, -7.791636041722e-01, 1.797693134862e+308, 9.0539e+00, 1.8039e-02, 
 2DIAGNOSTIC,     9, -7.826394597705e-01, 1.797693134862e+308, 9.0776e+00, 2.3723e-02, 
 2DIAGNOSTIC,    10, -7.843752357901e-01, 4.364001085552e-03, 9.1036e+00, 2.6048e-02, 
 2DIAGNOSTIC,    11, -7.845511833468e-01, 3.373792426615e-03, 9.1214e+00, 1.7727e-02, 
 2DIAGNOSTIC,    12, -7.845545252823e-01, 2.387959701650e-03, 9.1390e+00, 1.7654e-02, 
 2DIAGNOSTIC,    13, -7.848664173210e-01, 1.523468488106e-03, 9.1568e+00, 1.7748e-02, 
 2DIAGNOSTIC,    14, -7.855981245095e-01, 9.093979254037e-04, 9.1772e+00, 2.0439e-02, 
 2DIAGNOSTIC,    15, -7.856091629685e-01, 5.604913405384e-04, 9.2041e+00, 2.6882e-02, 
 2DIAGNOSTIC,    16, -7.863059734084e-01, 3.776439071129e-04, 9.2298e+00, 2.5742e-02, 
 2DIAGNOSTIC,    17, -7.864174663900e-01, 2.583796446396e-04, 9.2475e+00, 1.7660e-02, 
 2DIAGNOSTIC,    18, -7.865793956288e-01, 1.562012253666e-04, 9.2679e+00, 2.0430e-02, 
 2DIAGNOSTIC,    19, -7.867174258748e-01, 1.194010815666e-04, 9.2910e+00, 2.3093e-02, 
 2DIAGNOSTIC,    20, -7.867465765798e-01, 1.076517258263e-04, 9.3114e+00, 2.0421e-02, 
 2DIAGNOSTIC,    21, -7.865931042332e-01, 8.767838469739e-05, 9.3319e+00, 2.0460e-02, 
 2DIAGNOSTIC,    22, -7.866548887388e-01, 6.262253040862e-05, 9.3524e+00, 2.0483e-02, 
 2DIAGNOSTIC,    23, -7.863240030374e-01, 3.349385966444e-05, 9.3702e+00, 1.7874e-02, 
 2DIAGNOSTIC,    24, -7.865068922936e-01, 1.797215107541e-05, 9.3880e+00, 1.7730e-02, 
 2DIAGNOSTIC,    25, -7.869729510228e-01, 8.760404595493e-06, 9.4059e+00, 1.7913e-02, 
 2DIAGNOSTIC,    26, -7.872410385827e-01, 1.293466744651e-05, 9.4238e+00, 1.7910e-02, 
 2DIAGNOSTIC,    27, -7.877926518785e-01, 2.465173464405e-05, 9.4445e+00, 2.0661e-02, 
 2DIAGNOSTIC,    28, -7.884556417648e-01, 4.397872324359e-05, 9.4691e+00, 2.4658e-02, 
 2DIAGNOSTIC,    29, -7.882159345463e-01, 5.646872972593e-05, 9.4927e+00, 2.3545e-02, 
 2DIAGNOSTIC,    30, -7.883954585772e-01, 6.559079682293e-05, 9.5298e+00, 3.7172e-02, 
 2DIAGNOSTIC,    31, -7.883825253444e-01, 6.595767100559e-05, 9.5476e+00, 1.7774e-02, 
 2DIAGNOSTIC,    32, -7.884162258079e-01, 6.129736786815e-05, 9.5682e+00, 2.0594e-02, 
 2DIAGNOSTIC,    33, -7.883834801451e-01, 4.712728276626e-05, 9.5861e+00, 1.7869e-02, 
 2DIAGNOSTIC,    34, -7.881243845590e-01, 2.861233600340e-05, 9.6039e+00, 1.7875e-02, 
 2DIAGNOSTIC,    35, -7.881706246383e-01, 1.402546032727e-05, 9.6217e+00, 1.7734e-02, 
 2DIAGNOSTIC,    36, -7.882251635090e-01, 2.097619204333e-06, 9.6393e+00, 1.7579e-02, 
DIAGNOSTIC,Iteration,metricValue,convergenceValue,ITERATION_TIME_INDEX,SINCE_LAST
 2DIAGNOSTIC,     1, -7.162783022092e-01, 1.797693134862e+308, 1.8842e+01, 9.2027e+00, 
 2DIAGNOSTIC,     2, -7.166074251674e-01, 1.797693134862e+308, 1.8929e+01, 8.7127e-02, 
 2DIAGNOSTIC,     3, -7.165677504283e-01, 1.797693134862e+308, 1.8999e+01, 7.0019e-02, 
 2DIAGNOSTIC,     4, -7.165763987364e-01, 1.797693134862e+308, 1.9067e+01, 6.8184e-02, 
 2DIAGNOSTIC,     5, -7.165426523948e-01, 1.797693134862e+308, 1.9127e+01, 5.9602e-02, 
 2DIAGNOSTIC,     6, -7.165116164772e-01, 1.797693134862e+308, 1.9186e+01, 5.9265e-02, 
 2DIAGNOSTIC,     7, -7.165399027175e-01, 1.797693134862e+308, 1.9256e+01, 6.9492e-02, 
 2DIAGNOSTIC,     8, -7.165549727241e-01, 1.797693134862e+308, 1.9317e+01, 6.1158e-02, 
 2DIAGNOSTIC,     9, -7.165602553483e-01, 1.797693134862e+308, 1.9386e+01, 6.8959e-02, 
 2DIAGNOSTIC,    10, -7.166230855955e-01, 1.398728914137e-05, 1.9447e+01, 6.1105e-02, 
 2DIAGNOSTIC,    11, -7.166200125411e-01, 5.055743172735e-06, 1.9518e+01, 7.1030e-02, 
 2DIAGNOSTIC,    12, -7.166413983266e-01, 9.044119047799e-06, 1.9587e+01, 6.8803e-02, 
 2DIAGNOSTIC,    13, -7.165862908674e-01, 8.914323552420e-06, 1.9656e+01, 6.9281e-02, 
 2DIAGNOSTIC,    14, -7.165871762072e-01, 8.555336940941e-06, 1.9725e+01, 6.9400e-02, 
 2DIAGNOSTIC,    15, -7.165170170461e-01, 4.925055443014e-06, 1.9796e+01, 7.0952e-02, 
DIAGNOSTIC,Iteration,metricValue,convergenceValue,ITERATION_TIME_INDEX,SINCE_LAST
 2DIAGNOSTIC,     1, -6.481659383440e-01, 1.797693134862e+308, 3.0070e+01, 1.0274e+01, 
 2DIAGNOSTIC,     2, -6.482288865520e-01, 1.797693134862e+308, 3.0687e+01, 6.1692e-01, 
 2DIAGNOSTIC,     3, -6.483022012243e-01, 1.797693134862e+308, 3.1295e+01, 6.0737e-01, 
 2DIAGNOSTIC,     4, -6.484335366254e-01, 1.797693134862e+308, 3.1907e+01, 6.1189e-01, 
 2DIAGNOSTIC,     5, -6.485812372266e-01, 1.797693134862e+308, 3.2522e+01, 6.1577e-01, 
 2DIAGNOSTIC,     6, -6.492860814790e-01, 1.797693134862e+308, 3.3232e+01, 7.0928e-01, 
 2DIAGNOSTIC,     7, -6.492970630922e-01, 1.797693134862e+308, 3.3936e+01, 7.0441e-01, 
 2DIAGNOSTIC,     8, -6.493785176078e-01, 1.797693134862e+308, 3.4762e+01, 8.2641e-01, 
 2DIAGNOSTIC,     9, -6.492647754906e-01, 1.797693134862e+308, 3.5886e+01, 1.1237e+00, 
 2DIAGNOSTIC,    10, -6.492694681418e-01, 1.470264032360e-04, 3.6563e+01, 6.7724e-01, 
 2DIAGNOSTIC,    11, -6.493129164888e-01, 1.178359359450e-04, 3.7134e+01, 5.7061e-01, 
 2DIAGNOSTIC,    12, -6.493124955231e-01, 8.533354441034e-05, 3.7793e+01, 6.5872e-01, 
 2DIAGNOSTIC,    13, -6.493069281458e-01, 5.295966687066e-05, 3.8449e+01, 6.5633e-01, 
 2DIAGNOSTIC,    14, -6.493071745249e-01, 2.495735409323e-05, 3.9012e+01, 5.6327e-01, 
 2DIAGNOSTIC,    15, -6.493090063991e-01, 2.440858505939e-06, 3.9575e+01, 5.6271e-01, 
 2DIAGNOSTIC,    16, -6.493134002598e-01, 2.065887896155e-06, 4.0137e+01, 5.6226e-01, 
 2DIAGNOSTIC,    17, -6.493247739421e-01, 2.204230733611e-06, 4.0789e+01, 6.5187e-01, 
 2DIAGNOSTIC,    18, -6.493209611403e-01, 4.279713705695e-06, 4.1441e+01, 6.5140e-01, 
 2DIAGNOSTIC,    19, -6.493172398819e-01, 3.213129939089e-06, 4.2093e+01, 6.5288e-01, 
 2DIAGNOSTIC,    20, -6.493195876493e-01, 2.239389121056e-06, 4.2836e+01, 7.4231e-01, 
 2DIAGNOSTIC,    21, -6.493204002462e-01, 2.213628269278e-06, 4.3398e+01, 5.6249e-01, 
 2DIAGNOSTIC,    22, -6.493124619034e-01, 1.957510380318e-06, 4.3962e+01, 5.6418e-01, 
 2DIAGNOSTIC,    23, -6.493141266647e-01, 1.609119193370e-06, 4.4527e+01, 5.6463e-01, 
 2DIAGNOSTIC,    24, -6.493278754170e-01, 1.526197003124e-06, 4.5088e+01, 5.6091e-01, 
 2DIAGNOSTIC,    25, -6.493326024535e-01, 1.535766894101e-06, 4.5650e+01, 5.6174e-01, 
 2DIAGNOSTIC,    26, -6.493491714231e-01, 1.866668218539e-06, 4.6299e+01, 6.4940e-01, 
 2DIAGNOSTIC,    27, -6.493702977018e-01, 2.640060533174e-06, 4.6952e+01, 6.5243e-01, 
 2DIAGNOSTIC,    28, -6.493507947302e-01, 2.852192478350e-06, 4.7604e+01, 6.5249e-01, 
 2DIAGNOSTIC,    29, -6.493350611162e-01, 2.603601050456e-06, 4.8433e+01, 8.2859e-01, 
 2DIAGNOSTIC,    30, -6.493364020700e-01, 2.286978392392e-06, 4.9175e+01, 7.4218e-01, 
 2DIAGNOSTIC,    31, -6.493372571306e-01, 1.891893086303e-06, 5.0188e+01, 1.0132e+00, 
 2DIAGNOSTIC,    32, -6.493370434082e-01, 1.322289822206e-06, 5.0848e+01, 6.5987e-01, 
DIAGNOSTIC,Iteration,metricValue,convergenceValue,ITERATION_TIME_INDEX,SINCE_LAST
 2DIAGNOSTIC,     1, -5.703600828209e-01, 1.797693134862e+308, 6.4308e+01, 1.3460e+01, 
 2DIAGNOSTIC,     2, -5.705192962101e-01, 1.797693134862e+308, 6.8755e+01, 4.4466e+00, 
 2DIAGNOSTIC,     3, -5.705139523593e-01, 1.797693134862e+308, 7.4761e+01, 6.0066e+00, 
 2DIAGNOSTIC,     4, -5.705140158996e-01, 1.797693134862e+308, 7.8909e+01, 4.1475e+00, 
 2DIAGNOSTIC,     5, -5.705137057827e-01, 1.797693134862e+308, 8.2888e+01, 3.9787e+00, 
 2DIAGNOSTIC,     6, -5.705133144408e-01, 1.797693134862e+308, 8.6333e+01, 3.4458e+00, 
 2DIAGNOSTIC,     7, -5.705132810737e-01, 1.797693134862e+308, 8.9743e+01, 3.4097e+00, 
 2DIAGNOSTIC,     8, -5.705121154137e-01, 1.797693134862e+308, 9.3660e+01, 3.9173e+00, 
 2DIAGNOSTIC,     9, -5.705125005216e-01, 1.797693134862e+308, 9.8125e+01, 4.4646e+00, 
 2DIAGNOSTIC,    10, -5.705130526019e-01, 1.042140952746e-05, 1.0260e+02, 4.4713e+00, 
 2DIAGNOSTIC,    11, -5.705121218814e-01, 2.449305253560e-06, 1.0706e+02, 4.4650e+00, 
 2DIAGNOSTIC,    12, -5.705119876212e-01, 2.457821056290e-06, 1.1101e+02, 3.9464e+00, 
 2DIAGNOSTIC,    13, -5.705116888204e-01, 2.266532342823e-06, 1.1495e+02, 3.9376e+00, 
 2DIAGNOSTIC,    14, -5.705112172068e-01, 2.104125901362e-06, 1.1836e+02, 3.4140e+00, 
 2DIAGNOSTIC,    15, -5.705107240420e-01, 1.951781132936e-06, 1.2230e+02, 3.9399e+00, 
 2DIAGNOSTIC,    16, -5.705114013600e-01, 1.843210405791e-06, 1.2624e+02, 3.9413e+00, 
 2DIAGNOSTIC,    17, -5.705110713424e-01, 1.750722371900e-06, 1.3016e+02, 3.9229e+00, 
 2DIAGNOSTIC,    18, -5.705106854856e-01, 1.636626081963e-06, 1.3412e+02, 3.9538e+00, 
 2DIAGNOSTIC,    19, -5.705106244989e-01, 1.555136398872e-06, 1.3752e+02, 3.4028e+00, 
 2DIAGNOSTIC,    20, -5.705109848875e-01, 1.516074594393e-06, 1.4145e+02, 3.9283e+00, 
 2DIAGNOSTIC,    21, -5.705113876861e-01, 1.474358183096e-06, 1.4489e+02, 3.4421e+00, 
 2DIAGNOSTIC,    22, -5.705121045752e-01, 1.453199526047e-06, 1.4833e+02, 3.4393e+00, 
 2DIAGNOSTIC,    23, -5.705133316889e-01, 1.453669969481e-06, 1.5228e+02, 3.9551e+00, 
 2DIAGNOSTIC,    24, -5.705134977495e-01, 1.441101046808e-06, 1.5727e+02, 4.9871e+00, 
 2DIAGNOSTIC,    25, -5.705134727178e-01, 1.408043839780e-06, 1.6122e+02, 3.9500e+00, 
 2DIAGNOSTIC,    26, -5.705132672215e-01, 1.374113964760e-06, 1.6521e+02, 3.9894e+00, 
 2DIAGNOSTIC,    27, -5.705128300268e-01, 1.314468427729e-06, 1.6867e+02, 3.4571e+00, 
 2DIAGNOSTIC,    28, -5.705117747629e-01, 1.220556179779e-06, 1.7255e+02, 3.8854e+00, 
 2DIAGNOSTIC,    29, -5.705106535557e-01, 1.105186693155e-06, 1.7645e+02, 3.9006e+00, 
 2DIAGNOSTIC,    30, -5.705109330907e-01, 1.007848039469e-06, 1.7983e+02, 3.3722e+00, 
  Elapsed time (stage 0): 1.8421e+02


Stage 1
  iterations = 1000x500x250x100
  convergence threshold = 1.0000e-06
  convergence window size = 10
  number of levels = 4
  using the Mattes MI metric (number of bins = 32, weight = 1.0000e+00)
  preprocessing:  winsorizing the image intensities
  Shrink factors (level 1 out of 4): [12, 12, 12]
  Shrink factors (level 2 out of 4): [8, 8, 8]
  Shrink factors (level 3 out of 4): [4, 4, 4]
  Shrink factors (level 4 out of 4): [2, 2, 2]
  smoothing sigmas per level: [4, 3, 2, 1]
  regular sampling (percentage = 2.5000e-01)

*** Running AffineTransform registration ***

DIAGNOSTIC,Iteration,metricValue,convergenceValue,ITERATION_TIME_INDEX,SINCE_LAST
 2DIAGNOSTIC,     1, -7.768878823183e-01, 1.797693134862e+308, 8.8609e+00, 8.8609e+00, 
 2DIAGNOSTIC,     2, -7.785531359247e-01, 1.797693134862e+308, 8.8797e+00, 1.8754e-02, 
 2DIAGNOSTIC,     3, -7.812117569943e-01, 1.797693134862e+308, 8.8985e+00, 1.8779e-02, 
 2DIAGNOSTIC,     4, -7.857596091560e-01, 1.797693134862e+308, 8.9172e+00, 1.8766e-02, 
 2DIAGNOSTIC,     5, -7.922866502911e-01, 1.797693134862e+308, 8.9362e+00, 1.8983e-02, 
 2DIAGNOSTIC,     6, -8.024767732807e-01, 1.797693134862e+308, 8.9553e+00, 1.9128e-02, 
 2DIAGNOSTIC,     7, -8.170713852390e-01, 1.797693134862e+308, 8.9785e+00, 2.3144e-02, 
 2DIAGNOSTIC,     8, -8.389896725236e-01, 1.797693134862e+308, 9.0010e+00, 2.2493e-02, 
 2DIAGNOSTIC,     9, -8.447233478357e-01, 1.797693134862e+308, 9.0203e+00, 1.9359e-02, 
 2DIAGNOSTIC,    10, -8.458961169231e-01, 6.477129791499e-03, 9.0427e+00, 2.2378e-02, 
 2DIAGNOSTIC,    11, -8.463351206790e-01, 6.060322662332e-03, 9.0649e+00, 2.2186e-02, 
 2DIAGNOSTIC,    12, -8.468324354508e-01, 5.232009805037e-03, 9.0963e+00, 3.1413e-02, 
 2DIAGNOSTIC,    13, -8.471433177952e-01, 4.136197607919e-03, 9.1185e+00, 2.2175e-02, 
 2DIAGNOSTIC,    14, -8.471350208672e-01, 2.940625792023e-03, 9.1464e+00, 2.7883e-02, 
 2DIAGNOSTIC,    15, -8.471358767876e-01, 1.797865565116e-03, 9.1655e+00, 1.9128e-02, 
 2DIAGNOSTIC,    16, -8.469855484554e-01, 8.536349620270e-04, 9.1846e+00, 1.9095e-02, 
 2DIAGNOSTIC,    17, -8.470537182805e-01, 2.321676527914e-04, 9.2047e+00, 2.0155e-02, 
 2DIAGNOSTIC,    18, -8.471357421393e-01, 7.881877345790e-05, 9.2269e+00, 2.2193e-02, 
 2DIAGNOSTIC,    19, -8.471901090634e-01, 3.931685521810e-05, 9.2462e+00, 1.9218e-02, 
 2DIAGNOSTIC,    20, -8.472264977422e-01, 2.115162441715e-05, 9.2654e+00, 1.9206e-02, 
 2DIAGNOSTIC,    21, -8.473309757632e-01, 1.170606315638e-05, 9.2877e+00, 2.2306e-02, 
 2DIAGNOSTIC,    22, -8.472834655233e-01, 9.024346240352e-06, 9.3097e+00, 2.2011e-02, 
 2DIAGNOSTIC,    23, -8.475099191943e-01, 1.386846388757e-05, 9.3290e+00, 1.9344e-02, 
 2DIAGNOSTIC,    24, -8.474959931467e-01, 1.671093883667e-05, 9.3543e+00, 2.5244e-02, 
 2DIAGNOSTIC,    25, -8.474816650073e-01, 1.780033124901e-05, 9.3761e+00, 2.1790e-02, 
 2DIAGNOSTIC,    26, -8.475181781010e-01, 1.578512336045e-05, 9.3949e+00, 1.8877e-02, 
 2DIAGNOSTIC,    27, -8.469841775404e-01, 6.623114462909e-06, 9.4198e+00, 2.4823e-02, 
DIAGNOSTIC,Iteration,metricValue,convergenceValue,ITERATION_TIME_INDEX,SINCE_LAST
 2DIAGNOSTIC,     1, -7.786893821932e-01, 1.797693134862e+308, 1.8818e+01, 9.3981e+00, 
 2DIAGNOSTIC,     2, -7.792720171071e-01, 1.797693134862e+308, 1.8889e+01, 7.1537e-02, 
 2DIAGNOSTIC,     3, -7.797357684858e-01, 1.797693134862e+308, 1.8961e+01, 7.1508e-02, 
 2DIAGNOSTIC,     4, -7.802113541733e-01, 1.797693134862e+308, 1.9033e+01, 7.1711e-02, 
 2DIAGNOSTIC,     5, -7.808803348852e-01, 1.797693134862e+308, 1.9104e+01, 7.1707e-02, 
 2DIAGNOSTIC,     6, -7.816331650489e-01, 1.797693134862e+308, 1.9177e+01, 7.2347e-02, 
 2DIAGNOSTIC,     7, -7.819723781182e-01, 1.797693134862e+308, 1.9294e+01, 1.1711e-01, 
 2DIAGNOSTIC,     8, -7.820087866552e-01, 1.797693134862e+308, 1.9375e+01, 8.1062e-02, 
 2DIAGNOSTIC,     9, -7.821019119976e-01, 1.797693134862e+308, 1.9445e+01, 7.0110e-02, 
 2DIAGNOSTIC,    10, -7.820906631879e-01, 3.094965549204e-04, 1.9528e+01, 8.3027e-02, 
 2DIAGNOSTIC,    11, -7.824257730554e-01, 2.384804632701e-04, 1.9612e+01, 8.4065e-02, 
 2DIAGNOSTIC,    12, -7.825808570448e-01, 1.801543640203e-04, 1.9689e+01, 7.6796e-02, 
 2DIAGNOSTIC,    13, -7.829243654150e-01, 1.374865024075e-04, 1.9777e+01, 8.8485e-02, 
 2DIAGNOSTIC,    14, -7.832988504315e-01, 1.105168173904e-04, 1.9861e+01, 8.3833e-02, 
 2DIAGNOSTIC,    15, -7.833439814427e-01, 9.404082023290e-05, 1.9954e+01, 9.3234e-02, 
 2DIAGNOSTIC,    16, -7.833845925394e-01, 8.911481971384e-05, 2.0047e+01, 9.2937e-02, 
 2DIAGNOSTIC,    17, -7.833731106916e-01, 8.376322363909e-05, 2.0127e+01, 7.9175e-02, 
 2DIAGNOSTIC,    18, -7.833097247283e-01, 7.082672270989e-05, 2.0218e+01, 9.1562e-02, 
 2DIAGNOSTIC,    19, -7.832467029258e-01, 5.345972433467e-05, 2.0301e+01, 8.3227e-02, 
 2DIAGNOSTIC,    20, -7.832496042761e-01, 3.280348167757e-05, 2.0374e+01, 7.2672e-02, 
 2DIAGNOSTIC,    21, -7.832410657325e-01, 1.691574649647e-05, 2.0447e+01, 7.2683e-02, 
 2DIAGNOSTIC,    22, -7.832491049642e-01, 3.647522938785e-06, 2.0521e+01, 7.4156e-02, 
DIAGNOSTIC,Iteration,metricValue,convergenceValue,ITERATION_TIME_INDEX,SINCE_LAST
 2DIAGNOSTIC,     1, -7.035453893872e-01, 1.797693134862e+308, 3.0137e+01, 9.6158e+00, 
 2DIAGNOSTIC,     2, -7.040922913929e-01, 1.797693134862e+308, 3.0741e+01, 6.0395e-01, 
 2DIAGNOSTIC,     3, -7.045784215371e-01, 1.797693134862e+308, 3.1344e+01, 6.0366e-01, 
 2DIAGNOSTIC,     4, -7.049600433412e-01, 1.797693134862e+308, 3.1943e+01, 5.9858e-01, 
 2DIAGNOSTIC,     5, -7.054489207164e-01, 1.797693134862e+308, 3.2539e+01, 5.9635e-01, 
 2DIAGNOSTIC,     6, -7.056113388946e-01, 1.797693134862e+308, 3.3326e+01, 7.8650e-01, 
 2DIAGNOSTIC,     7, -7.056626627776e-01, 1.797693134862e+308, 3.4211e+01, 8.8500e-01, 
 2DIAGNOSTIC,     8, -7.056808270832e-01, 1.797693134862e+308, 3.4814e+01, 6.0366e-01, 
 2DIAGNOSTIC,     9, -7.056922520678e-01, 1.797693134862e+308, 3.5420e+01, 6.0576e-01, 
 2DIAGNOSTIC,    10, -7.057107181974e-01, 1.923026812741e-04, 3.6110e+01, 6.8996e-01, 
 2DIAGNOSTIC,    11, -7.057150390607e-01, 1.217105992662e-04, 3.6713e+01, 6.0249e-01, 
 2DIAGNOSTIC,    12, -7.057254436910e-01, 7.086844044810e-05, 3.7783e+01, 1.0707e+00, 
 2DIAGNOSTIC,    13, -7.057302498514e-01, 3.682396812398e-05, 3.8569e+01, 7.8606e-01, 
 2DIAGNOSTIC,    14, -7.057218489928e-01, 1.493588884749e-05, 3.9263e+01, 6.9409e-01, 
 2DIAGNOSTIC,    15, -7.057175455902e-01, 7.731657854892e-06, 3.9956e+01, 6.9273e-01, 
 2DIAGNOSTIC,    16, -7.057176926182e-01, 4.979194014765e-06, 4.0550e+01, 5.9336e-01, 
 2DIAGNOSTIC,    17, -7.057168247061e-01, 3.459878272882e-06, 4.1145e+01, 5.9597e-01, 
 2DIAGNOSTIC,    18, -7.057275641927e-01, 2.606039895749e-06, 4.1747e+01, 6.0146e-01, 
 2DIAGNOSTIC,    19, -7.057273833897e-01, 1.992669406793e-06, 4.2440e+01, 6.9352e-01, 
 2DIAGNOSTIC,    20, -7.057268103501e-01, 1.777723964681e-06, 4.3128e+01, 6.8790e-01, 
 2DIAGNOSTIC,    21, -7.057263453454e-01, 1.636573979787e-06, 4.3826e+01, 6.9724e-01, 
 2DIAGNOSTIC,    22, -7.057202138306e-01, 1.569121598648e-06, 4.4425e+01, 5.9949e-01, 
 2DIAGNOSTIC,    23, -7.057180592844e-01, 1.545571852904e-06, 4.5300e+01, 8.7470e-01, 
 2DIAGNOSTIC,    24, -7.057181260127e-01, 1.369841073670e-06, 4.5902e+01, 6.0214e-01, 
 2DIAGNOSTIC,    25, -7.057180134408e-01, 1.133607409505e-06, 4.6593e+01, 6.9106e-01, 
DIAGNOSTIC,Iteration,metricValue,convergenceValue,ITERATION_TIME_INDEX,SINCE_LAST
 2DIAGNOSTIC,     1, -6.163432270371e-01, 1.797693134862e+308, 6.0259e+01, 1.3666e+01, 
 2DIAGNOSTIC,     2, -6.169415775121e-01, 1.797693134862e+308, 6.3940e+01, 3.6808e+00, 
 2DIAGNOSTIC,     3, -6.173708214314e-01, 1.797693134862e+308, 6.7626e+01, 3.6858e+00, 
 2DIAGNOSTIC,     4, -6.177123336322e-01, 1.797693134862e+308, 7.1831e+01, 4.2056e+00, 
 2DIAGNOSTIC,     5, -6.182661341989e-01, 1.797693134862e+308, 7.6030e+01, 4.1992e+00, 
 2DIAGNOSTIC,     6, -6.183778393392e-01, 1.797693134862e+308, 7.9698e+01, 3.6672e+00, 
 2DIAGNOSTIC,     7, -6.185486612890e-01, 1.797693134862e+308, 8.4456e+01, 4.7582e+00, 
 2DIAGNOSTIC,     8, -6.185552682394e-01, 1.797693134862e+308, 8.9210e+01, 4.7545e+00, 
 2DIAGNOSTIC,     9, -6.185557620074e-01, 1.797693134862e+308, 9.3415e+01, 4.2049e+00, 
 2DIAGNOSTIC,    10, -6.185534246571e-01, 2.267535458989e-04, 9.8708e+01, 5.2931e+00, 
 2DIAGNOSTIC,    11, -6.185517662743e-01, 1.449921830520e-04, 1.0291e+02, 4.1978e+00, 
 2DIAGNOSTIC,    12, -6.185491112651e-01, 8.686344741063e-05, 1.0819e+02, 5.2844e+00, 
 2DIAGNOSTIC,    13, -6.185494230356e-01, 4.520401182817e-05, 1.1293e+02, 4.7416e+00, 
 2DIAGNOSTIC,    14, -6.185463520073e-01, 1.634378953583e-05, 1.1714e+02, 4.2063e+00, 
 2DIAGNOSTIC,    15, -6.185455279459e-01, 6.970999374023e-06, 1.2134e+02, 4.1998e+00, 
 2DIAGNOSTIC,    16, -6.185447579307e-01, 1.376546527987e-06, 1.2500e+02, 3.6647e+00, 
 2DIAGNOSTIC,    17, -6.185439658481e-01, 1.089742048946e-06, 1.2868e+02, 3.6748e+00, 
 2DIAGNOSTIC,    18, -6.185454336417e-01, 1.111989655030e-06, 1.3234e+02, 3.6586e+00, 
 2DIAGNOSTIC,    19, -6.185474517696e-01, 1.253317615003e-06, 1.3654e+02, 4.2036e+00, 
 2DIAGNOSTIC,    20, -6.185486095296e-01, 1.392491906067e-06, 1.4183e+02, 5.2889e+00, 
 2DIAGNOSTIC,    21, -6.185435414332e-01, 1.391085075270e-06, 1.4605e+02, 4.2219e+00, 
 2DIAGNOSTIC,    22, -6.185428596606e-01, 1.334688806733e-06, 1.5026e+02, 4.2094e+00, 
 2DIAGNOSTIC,    23, -6.185429705902e-01, 1.302384373701e-06, 1.5446e+02, 4.2044e+00, 
 2DIAGNOSTIC,    24, -6.185427063164e-01, 1.213894888843e-06, 1.5867e+02, 4.2101e+00, 
 2DIAGNOSTIC,    25, -6.185418541768e-01, 1.112674237448e-06, 1.6397e+02, 5.2916e+00, 
 2DIAGNOSTIC,    26, -6.185412890430e-01, 1.013891039264e-06, 1.6763e+02, 3.6615e+00, 
  Elapsed time (stage 1): 1.7218e+02


Stage 2
  iterations = 100x100x70x50x20
  convergence threshold = 1.0000e-06
  convergence window size = 10
  number of levels = 5
  using the CC metric (radius = 4, weight = 1.0000e+00)
  preprocessing:  winsorizing the image intensities
  Shrink factors (level 1 out of 5): [10, 10, 10]
  Shrink factors (level 2 out of 5): [6, 6, 6]
  Shrink factors (level 3 out of 5): [4, 4, 4]
  Shrink factors (level 4 out of 5): [2, 2, 2]
  Shrink factors (level 5 out of 5): [1, 1, 1]
  smoothing sigmas per level: [5, 3, 2, 1, 0]
  Using default NONE metricSamplingStrategy 

*** Running SyN registration (varianceForUpdateField = 3.0000e+00, varianceForTotalField = 0.0000e+00) ***

XXDIAGNOSTIC,Iteration,metricValue,convergenceValue,ITERATION_TIME_INDEX,SINCE_LAST
 1DIAGNOSTIC,     1, -5.496655835663e-01, 1.797693134862e+308, 1.1081e+01, 1.1081e+01, 
 1DIAGNOSTIC,     2, -5.586030264621e-01, 1.797693134862e+308, 1.2629e+01, 1.5480e+00, 
 1DIAGNOSTIC,     3, -5.663757418808e-01, 1.797693134862e+308, 1.4169e+01, 1.5400e+00, 
 1DIAGNOSTIC,     4, -5.729575253072e-01, 1.797693134862e+308, 1.5716e+01, 1.5475e+00, 
 1DIAGNOSTIC,     5, -5.786754621245e-01, 1.797693134862e+308, 1.7272e+01, 1.5558e+00, 
 1DIAGNOSTIC,     6, -5.836336939834e-01, 1.797693134862e+308, 1.8824e+01, 1.5516e+00, 
 1DIAGNOSTIC,     7, -5.879911284192e-01, 1.797693134862e+308, 2.0387e+01, 1.5639e+00, 
 1DIAGNOSTIC,     8, -5.917904867781e-01, 1.797693134862e+308, 2.1941e+01, 1.5531e+00, 
 1DIAGNOSTIC,     9, -5.948109503225e-01, 1.797693134862e+308, 2.3505e+01, 1.5649e+00, 
 1DIAGNOSTIC,    10, -5.979178336363e-01, 5.191792727039e-03, 2.5068e+01, 1.5625e+00, 
 1DIAGNOSTIC,    11, -6.000085746738e-01, 4.061695097389e-03, 2.6631e+01, 1.5635e+00, 
 1DIAGNOSTIC,    12, -6.031006017120e-01, 3.245842539153e-03, 2.8196e+01, 1.5642e+00, 
 1DIAGNOSTIC,    13, -6.043160464115e-01, 2.598491624450e-03, 2.9768e+01, 1.5719e+00, 
 1DIAGNOSTIC,    14, -6.074330927390e-01, 2.144455323332e-03, 3.1335e+01, 1.5678e+00, 
 1DIAGNOSTIC,    15, -6.081194775440e-01, 1.760596283171e-03, 3.2889e+01, 1.5538e+00, 
 1DIAGNOSTIC,    16, -6.117647920312e-01, 1.523073546644e-03, 3.4445e+01, 1.5560e+00, 
 1DIAGNOSTIC,    17, -6.122876345380e-01, 1.309328881737e-03, 3.6003e+01, 1.5575e+00, 
 1DIAGNOSTIC,    18, -6.152630878330e-01, 1.179756089913e-03, 3.7572e+01, 1.5689e+00, 
 1DIAGNOSTIC,    19, -6.151842578075e-01, 1.027340246518e-03, 3.9143e+01, 1.5714e+00, 
 1DIAGNOSTIC,    20, -6.175148138725e-01, 9.257062338435e-04, 4.0710e+01, 1.5672e+00, 
 1DIAGNOSTIC,    21, -6.172173527899e-01, 7.865436804633e-04, 4.2280e+01, 1.5696e+00, 
 1DIAGNOSTIC,    22, -6.194494638104e-01, 7.029336526862e-04, 4.3842e+01, 1.5626e+00, 
 1DIAGNOSTIC,    23, -6.187630566053e-01, 5.701968519678e-04, 4.5411e+01, 1.5691e+00, 
 1DIAGNOSTIC,    24, -6.209538424957e-01, 5.018106389781e-04, 4.6974e+01, 1.5630e+00, 
 1DIAGNOSTIC,    25, -6.204557466996e-01, 3.934444446749e-04, 4.8547e+01, 1.5724e+00, 
 1DIAGNOSTIC,    26, -6.225110073622e-01, 3.613859865597e-04, 5.0110e+01, 1.5635e+00, 
 1DIAGNOSTIC,    27, -6.213760721278e-01, 2.852604662596e-04, 5.1663e+01, 1.5530e+00, 
 1DIAGNOSTIC,    28, -6.234495439665e-01, 2.743464434787e-04, 5.3223e+01, 1.5596e+00, 
 1DIAGNOSTIC,    29, -6.226023115774e-01, 2.216621166337e-04, 5.4782e+01, 1.5588e+00, 
 1DIAGNOSTIC,    30, -6.244880518644e-01, 2.187502898779e-04, 5.6344e+01, 1.5624e+00, 
 1DIAGNOSTIC,    31, -6.234330773103e-01, 1.734744770780e-04, 5.7902e+01, 1.5574e+00, 
 1DIAGNOSTIC,    32, -6.253927172463e-01, 1.775774349797e-04, 5.9478e+01, 1.5761e+00, 
 1DIAGNOSTIC,    33, -6.242165623091e-01, 1.367510972558e-04, 6.1054e+01, 1.5768e+00, 
 1DIAGNOSTIC,    34, -6.262267089082e-01, 1.443353867143e-04, 6.2625e+01, 1.5701e+00, 
 1DIAGNOSTIC,    35, -6.251573355839e-01, 1.154868834259e-04, 6.4189e+01, 1.5644e+00, 
 1DIAGNOSTIC,    36, -6.268994365753e-01, 1.278909673939e-04, 6.5751e+01, 1.5620e+00, 
 1DIAGNOSTIC,    37, -6.255797893029e-01, 9.530140315677e-05, 6.7314e+01, 1.5632e+00, 
 1DIAGNOSTIC,    38, -6.273986564764e-01, 1.043266108329e-04, 6.8875e+01, 1.5611e+00, 
 1DIAGNOSTIC,    39, -6.261640264635e-01, 7.688638215984e-05, 7.0435e+01, 1.5596e+00, 
 1DIAGNOSTIC,    40, -6.279480017329e-01, 8.731154661628e-05, 7.1984e+01, 1.5488e+00, 
 1DIAGNOSTIC,    41, -6.267656156640e-01, 6.243557328739e-05, 7.3556e+01, 1.5723e+00, 
 1DIAGNOSTIC,    42, -6.284661148331e-01, 7.446290037395e-05, 7.5121e+01, 1.5653e+00, 
 1DIAGNOSTIC,    43, -6.271339311990e-01, 5.065382913456e-05, 7.6690e+01, 1.5688e+00, 
 1DIAGNOSTIC,    44, -6.287273186950e-01, 6.213226848654e-05, 7.8259e+01, 1.5691e+00, 
 1DIAGNOSTIC,    45, -6.274145173633e-01, 4.164763531016e-05, 7.9832e+01, 1.5725e+00, 
 1DIAGNOSTIC,    46, -6.291680252227e-01, 5.432267221842e-05, 8.1390e+01, 1.5580e+00, 
 1DIAGNOSTIC,    47, -6.278330175139e-01, 3.410679823703e-05, 8.2955e+01, 1.5650e+00, 
 1DIAGNOSTIC,    48, -6.294813263599e-01, 4.593297630673e-05, 8.4514e+01, 1.5592e+00, 
 1DIAGNOSTIC,    49, -6.279773697889e-01, 2.614287558671e-05, 8.6068e+01, 1.5537e+00, 
 1DIAGNOSTIC,    50, -6.298015196809e-01, 3.897488666967e-05, 8.7628e+01, 1.5598e+00, 
 1DIAGNOSTIC,    51, -6.283838453418e-01, 2.305286621070e-05, 8.9194e+01, 1.5665e+00, 
 1DIAGNOSTIC,    52, -6.299594954599e-01, 3.555386860221e-05, 9.0767e+01, 1.5728e+00, 
 1DIAGNOSTIC,    53, -6.286113277663e-01, 2.007482044931e-05, 9.2338e+01, 1.5707e+00, 
 1DIAGNOSTIC,    54, -6.302995601359e-01, 3.217003104541e-05, 9.3903e+01, 1.5656e+00, 
 1DIAGNOSTIC,    55, -6.289065408181e-01, 1.719224969055e-05, 9.5468e+01, 1.5651e+00, 
 1DIAGNOSTIC,    56, -6.304653438567e-01, 2.921344454002e-05, 9.7034e+01, 1.5655e+00, 
 1DIAGNOSTIC,    57, -6.289563526074e-01, 1.428843303313e-05, 9.8605e+01, 1.5713e+00, 
 1DIAGNOSTIC,    58, -6.305301887202e-01, 2.497804779969e-05, 1.0017e+02, 1.5646e+00, 
 1DIAGNOSTIC,    59, -6.291121154144e-01, 9.289945601190e-06, 1.0173e+02, 1.5651e+00, 
 1DIAGNOSTIC,    60, -6.308410956609e-01, 2.128901280616e-05, 1.0330e+02, 1.5667e+00, 
 1DIAGNOSTIC,    61, -6.293583545715e-01, 8.259571107023e-06, 1.0487e+02, 1.5646e+00, 
 1DIAGNOSTIC,    62, -6.307305872478e-01, 1.752692072311e-05, 1.0643e+02, 1.5599e+00, 
 1DIAGNOSTIC,    63, -6.289930392225e-01, 1.647814157235e-06, 1.0799e+02, 1.5667e+00, 
 1DIAGNOSTIC,    64, -6.310303194792e-01, 1.364038511059e-05, 1.0956e+02, 1.5687e+00, 
 1DIAGNOSTIC,    65, -6.295383496130e-01, 2.736073242696e-06, 1.1113e+02, 1.5645e+00, 
 1DIAGNOSTIC,    66, -6.311288012205e-01, 1.457907216193e-05, 1.1269e+02, 1.5633e+00, 
 1DIAGNOSTIC,    67, -6.295323139397e-01, 2.835366696277e-06, 1.1426e+02, 1.5664e+00, 
 1DIAGNOSTIC,    68, -6.313023448080e-01, 1.450109858313e-05, 1.1582e+02, 1.5615e+00, 
 1DIAGNOSTIC,    69, -6.295227006199e-01, 2.393893811941e-06, 1.1738e+02, 1.5660e+00, 
 1DIAGNOSTIC,    70, -6.312063378870e-01, 1.347194141917e-05, 1.1895e+02, 1.5640e+00, 
 1DIAGNOSTIC,    71, -6.295574947407e-01, 2.147012782287e-06, 1.2052e+02, 1.5729e+00, 
 1DIAGNOSTIC,    72, -6.312674488830e-01, 1.132595994158e-05, 1.2208e+02, 1.5633e+00, 
 1DIAGNOSTIC,    73, -6.297345326902e-01, -2.087076051663e-06, 1.2364e+02, 1.5572e+00, 
XXDIAGNOSTIC,Iteration,metricValue,convergenceValue,ITERATION_TIME_INDEX,SINCE_LAST
 1DIAGNOSTIC,     1, -5.044867553800e-01, 1.797693134862e+308, 1.4036e+02, 1.6717e+01, 
 1DIAGNOSTIC,     2, -5.132215307820e-01, 1.797693134862e+308, 1.4821e+02, 7.8496e+00, 
 1DIAGNOSTIC,     3, -5.194744417851e-01, 1.797693134862e+308, 1.5613e+02, 7.9206e+00, 
 1DIAGNOSTIC,     4, -5.252976954931e-01, 1.797693134862e+308, 1.6396e+02, 7.8293e+00, 
 1DIAGNOSTIC,     5, -5.299628348993e-01, 1.797693134862e+308, 1.7184e+02, 7.8839e+00, 
 1DIAGNOSTIC,     6, -5.338773128443e-01, 1.797693134862e+308, 1.7972e+02, 7.8807e+00, 
 1DIAGNOSTIC,     7, -5.377494238792e-01, 1.797693134862e+308, 1.8757e+02, 7.8518e+00, 
 1DIAGNOSTIC,     8, -5.408371907601e-01, 1.797693134862e+308, 1.9542e+02, 7.8500e+00, 
 1DIAGNOSTIC,     9, -5.433409098629e-01, 1.797693134862e+308, 2.0331e+02, 7.8899e+00, 
 1DIAGNOSTIC,    10, -5.461596814872e-01, 4.804658688458e-03, 2.1118e+02, 7.8665e+00, 
 1DIAGNOSTIC,    11, -5.474865490892e-01, 3.698490479691e-03, 2.1908e+02, 7.9025e+00, 
 1DIAGNOSTIC,    12, -5.497817324702e-01, 2.937049638344e-03, 2.2701e+02, 7.9306e+00, 
 1DIAGNOSTIC,    13, -5.508642376501e-01, 2.326724976456e-03, 2.3487e+02, 7.8547e+00, 
 1DIAGNOSTIC,    14, -5.524902093940e-01, 1.874990111224e-03, 2.4275e+02, 7.8875e+00, 
 1DIAGNOSTIC,    15, -5.533984062823e-01, 1.508756694822e-03, 2.5067e+02, 7.9156e+00, 
 1DIAGNOSTIC,    16, -5.543987834569e-01, 1.211916049935e-03, 2.5857e+02, 7.9006e+00, 
 1DIAGNOSTIC,    17, -5.551586252126e-01, 9.819242411998e-04, 2.6647e+02, 7.8969e+00, 
 1DIAGNOSTIC,    18, -5.567739744418e-01, 8.240295081364e-04, 2.7445e+02, 7.9833e+00, 
 1DIAGNOSTIC,    19, -5.569748773915e-01, 6.797114495994e-04, 2.8236e+02, 7.9131e+00, 
 1DIAGNOSTIC,    20, -5.586054956693e-01, 6.042331814284e-04, 2.9026e+02, 7.8923e+00, 
 1DIAGNOSTIC,    21, -5.584390094154e-01, 5.073927730600e-04, 2.9817e+02, 7.9099e+00, 
 1DIAGNOSTIC,    22, -5.600398267426e-01, 4.652566466446e-04, 3.0607e+02, 7.9040e+00, 
 1DIAGNOSTIC,    23, -5.605687706647e-01, 4.185331019548e-04, 3.1398e+02, 7.9049e+00, 
 1DIAGNOSTIC,    24, -5.614413221292e-01, 3.907293187650e-04, 3.2189e+02, 7.9117e+00, 
 1DIAGNOSTIC,    25, -5.618396565523e-01, 3.556494828945e-04, 3.2983e+02, 7.9394e+00, 
 1DIAGNOSTIC,    26, -5.630043610751e-01, 3.333677093841e-04, 3.3773e+02, 7.9025e+00, 
 1DIAGNOSTIC,    27, -5.628721431266e-01, 2.924742320862e-04, 3.4564e+02, 7.9147e+00, 
 1DIAGNOSTIC,    28, -5.641736513305e-01, 2.815447354602e-04, 3.5358e+02, 7.9393e+00, 
 1DIAGNOSTIC,    29, -5.640007601966e-01, 2.443585079663e-04, 3.6143e+02, 7.8477e+00, 
 1DIAGNOSTIC,    30, -5.652588537818e-01, 2.372693123783e-04, 3.6934e+02, 7.9108e+00, 
 1DIAGNOSTIC,    31, -5.649863172449e-01, 1.999391065544e-04, 3.7718e+02, 7.8339e+00, 
 1DIAGNOSTIC,    32, -5.661896118159e-01, 1.917348003335e-04, 3.8510e+02, 7.9272e+00, 
 1DIAGNOSTIC,    33, -5.658714668381e-01, 1.686599614134e-04, 3.9300e+02, 7.8991e+00, 
 1DIAGNOSTIC,    34, -5.669932521733e-01, 1.615478749089e-04, 4.0097e+02, 7.9662e+00, 
 1DIAGNOSTIC,    35, -5.666492645187e-01, 1.396807661551e-04, 4.0892e+02, 7.9529e+00, 
 1DIAGNOSTIC,    36, -5.677573131782e-01, 1.388436685343e-04, 4.1687e+02, 7.9453e+00, 
 1DIAGNOSTIC,    37, -5.674147188780e-01, 1.175705043629e-04, 4.2478e+02, 7.9119e+00, 
 1DIAGNOSTIC,    38, -5.685273815360e-01, 1.194355907409e-04, 4.3274e+02, 7.9589e+00, 
 1DIAGNOSTIC,    39, -5.677898665433e-01, 9.719673970805e-05, 4.4063e+02, 7.8880e+00, 
 1DIAGNOSTIC,    40, -5.693186432434e-01, 1.032704427595e-04, 4.4854e+02, 7.9105e+00, 
 1DIAGNOSTIC,    41, -5.684962545338e-01, 8.467531570290e-05, 4.5649e+02, 7.9550e+00, 
 1DIAGNOSTIC,    42, -5.695886747001e-01, 8.757292514914e-05, 4.6443e+02, 7.9361e+00, 
 1DIAGNOSTIC,    43, -5.693881872724e-01, 7.527420043183e-05, 4.7234e+02, 7.9107e+00, 
 1DIAGNOSTIC,    44, -5.701945434585e-01, 7.918488402486e-05, 4.8028e+02, 7.9413e+00, 
 1DIAGNOSTIC,    45, -5.696915704166e-01, 6.526521514149e-05, 4.8821e+02, 7.9341e+00, 
 1DIAGNOSTIC,    46, -5.706762897439e-01, 6.948026102533e-05, 4.9617e+02, 7.9532e+00, 
 1DIAGNOSTIC,    47, -5.701652355460e-01, 5.708065240486e-05, 5.0409e+02, 7.9209e+00, 
 1DIAGNOSTIC,    48, -5.712330808636e-01, 6.347014571558e-05, 5.1204e+02, 7.9482e+00, 
 1DIAGNOSTIC,    49, -5.705261419099e-01, 4.781302394502e-05, 5.1996e+02, 7.9252e+00, 
 1DIAGNOSTIC,    50, -5.714265090969e-01, 5.370406957756e-05, 5.2789e+02, 7.9253e+00, 
 1DIAGNOSTIC,    51, -5.705312813097e-01, 3.658076239557e-05, 5.3583e+02, 7.9452e+00, 
 1DIAGNOSTIC,    52, -5.719992287299e-01, 4.212952646077e-05, 5.4375e+02, 7.9144e+00, 
 1DIAGNOSTIC,    53, -5.715138684890e-01, 3.626254891901e-05, 5.5170e+02, 7.9551e+00, 
 1DIAGNOSTIC,    54, -5.716335858309e-01, 3.631090495163e-05, 5.5962e+02, 7.9153e+00, 
 1DIAGNOSTIC,    55, -5.716852526855e-01, 2.864293577643e-05, 5.6754e+02, 7.9207e+00, 
 1DIAGNOSTIC,    56, -5.727162502632e-01, 3.701987338176e-05, 5.7550e+02, 7.9641e+00, 
 1DIAGNOSTIC,    57, -5.715954686066e-01, 2.639150779858e-05, 5.8348e+02, 7.9767e+00, 
 1DIAGNOSTIC,    58, -5.727539218110e-01, 3.374746240649e-05, 5.9143e+02, 7.9530e+00, 
 1DIAGNOSTIC,    59, -5.720760127785e-01, 2.535227924634e-05, 5.9936e+02, 7.9293e+00, 
 1DIAGNOSTIC,    60, -5.732551679919e-01, 3.286102246362e-05, 6.0728e+02, 7.9198e+00, 
 1DIAGNOSTIC,    61, -5.724765957284e-01, 2.238088775532e-05, 6.1527e+02, 7.9894e+00, 
 1DIAGNOSTIC,    62, -5.733858616070e-01, 3.004860725503e-05, 6.2318e+02, 7.9141e+00, 
 1DIAGNOSTIC,    63, -5.729420509054e-01, 2.701766802049e-05, 6.3112e+02, 7.9346e+00, 
 1DIAGNOSTIC,    64, -5.735792932423e-01, 2.758507489560e-05, 6.3905e+02, 7.9283e+00, 
 1DIAGNOSTIC,    65, -5.725473780419e-01, 1.750765697239e-05, 6.4698e+02, 7.9353e+00, 
 1DIAGNOSTIC,    66, -5.735693985042e-01, 2.242120008761e-05, 6.5488e+02, 7.9020e+00, 
 1DIAGNOSTIC,    67, -5.727731069963e-01, 1.007993736713e-05, 6.6282e+02, 7.9375e+00, 
 1DIAGNOSTIC,    68, -5.738018662602e-01, 1.379257205138e-05, 6.7080e+02, 7.9812e+00, 
 1DIAGNOSTIC,    69, -5.734582403891e-01, 8.200256276809e-06, 6.7874e+02, 7.9386e+00, 
 1DIAGNOSTIC,    70, -5.741046579862e-01, 1.557197964376e-05, 6.8667e+02, 7.9304e+00, 
 1DIAGNOSTIC,    71, -5.731842560853e-01, 8.893048053271e-06, 6.9459e+02, 7.9212e+00, 
 1DIAGNOSTIC,    72, -5.746174417215e-01, 1.832407679645e-05, 7.0260e+02, 8.0047e+00, 
 1DIAGNOSTIC,    73, -5.737317787199e-01, 1.607591086842e-05, 7.1056e+02, 7.9613e+00, 
 1DIAGNOSTIC,    74, -5.744530769818e-01, 2.205194228322e-05, 7.1848e+02, 7.9261e+00, 
 1DIAGNOSTIC,    75, -5.738774503088e-01, 1.469606918585e-05, 7.2640e+02, 7.9206e+00, 
 1DIAGNOSTIC,    76, -5.744521910419e-01, 1.710343818272e-05, 7.3434e+02, 7.9347e+00, 
 1DIAGNOSTIC,    77, -5.732740758678e-01, 4.535246077736e-06, 7.4225e+02, 7.9073e+00, 
 1DIAGNOSTIC,    78, -5.741672448342e-01, 4.613416545502e-06, 7.5019e+02, 7.9396e+00, 
 1DIAGNOSTIC,    79, -5.731545910748e-01, -4.665626554793e-06, 7.5812e+02, 7.9298e+00, 
XXDIAGNOSTIC,Iteration,metricValue,convergenceValue,ITERATION_TIME_INDEX,SINCE_LAST
 1DIAGNOSTIC,     1, -4.973639174781e-01, 1.797693134862e+308, 7.9403e+02, 3.5918e+01, 
 1DIAGNOSTIC,     2, -5.010675691643e-01, 1.797693134862e+308, 8.2065e+02, 2.6613e+01, 
 1DIAGNOSTIC,     3, -5.044873737237e-01, 1.797693134862e+308, 8.4729e+02, 2.6639e+01, 
 1DIAGNOSTIC,     4, -5.081492873569e-01, 1.797693134862e+308, 8.7382e+02, 2.6537e+01, 
 1DIAGNOSTIC,     5, -5.111316162328e-01, 1.797693134862e+308, 9.0036e+02, 2.6536e+01, 
 1DIAGNOSTIC,     6, -5.138721760270e-01, 1.797693134862e+308, 9.2699e+02, 2.6631e+01, 
 1DIAGNOSTIC,     7, -5.159626128389e-01, 1.797693134862e+308, 9.5370e+02, 2.6707e+01, 
 1DIAGNOSTIC,     8, -5.180036401441e-01, 1.797693134862e+308, 9.8017e+02, 2.6477e+01, 
 1DIAGNOSTIC,     9, -5.195019284679e-01, 1.797693134862e+308, 1.0066e+03, 2.6473e+01, 
 1DIAGNOSTIC,    10, -5.210621469394e-01, 2.972469621062e-03, 1.0331e+03, 2.6421e+01, 
 1DIAGNOSTIC,    11, -5.224543942197e-01, 2.393963474172e-03, 1.0596e+03, 2.6566e+01, 
 1DIAGNOSTIC,    12, -5.235822282094e-01, 1.919810367965e-03, 1.0861e+03, 2.6490e+01, 
 1DIAGNOSTIC,    13, -5.250841934269e-01, 1.553551019923e-03, 1.1126e+03, 2.6500e+01, 
 1DIAGNOSTIC,    14, -5.261183539330e-01, 1.282490394525e-03, 1.1391e+03, 2.6483e+01, 
 1DIAGNOSTIC,    15, -5.273413551402e-01, 1.084120214981e-03, 1.1657e+03, 2.6590e+01, 
 1DIAGNOSTIC,    16, -5.287737467744e-01, 9.539024929618e-04, 1.1922e+03, 2.6488e+01, 
 1DIAGNOSTIC,    17, -5.299594990629e-01, 8.558630914392e-04, 1.2186e+03, 2.6454e+01, 
 1DIAGNOSTIC,    18, -5.308124825375e-01, 7.773654963585e-04, 1.2452e+03, 2.6570e+01, 
 1DIAGNOSTIC,    19, -5.325115004092e-01, 7.269304212681e-04, 1.2719e+03, 2.6650e+01, 
 1DIAGNOSTIC,    20, -5.329698812595e-01, 6.681646648570e-04, 1.2984e+03, 2.6577e+01, 
 1DIAGNOSTIC,    21, -5.342327378397e-01, 6.218843880060e-04, 1.3251e+03, 2.6632e+01, 
 1DIAGNOSTIC,    22, -5.346532223179e-01, 5.594070254741e-04, 1.3516e+03, 2.6568e+01, 
 1DIAGNOSTIC,    23, -5.355064247225e-01, 5.059860469434e-04, 1.3784e+03, 2.6732e+01, 
 1DIAGNOSTIC,    24, -5.360168766834e-01, 4.442040522776e-04, 1.4051e+03, 2.6692e+01, 
 1DIAGNOSTIC,    25, -5.371223480294e-01, 3.959270578753e-04, 1.4317e+03, 2.6638e+01, 
 1DIAGNOSTIC,    26, -5.370813912986e-01, 3.427824681867e-04, 1.4583e+03, 2.6621e+01, 
 1DIAGNOSTIC,    27, -5.381606595516e-01, 3.072585471510e-04, 1.4849e+03, 2.6606e+01, 
 1DIAGNOSTIC,    28, -5.382172766123e-01, 2.620656274244e-04, 1.5115e+03, 2.6565e+01, 
 1DIAGNOSTIC,    29, -5.390791050480e-01, 2.433273602862e-04, 1.5381e+03, 2.6589e+01, 
 1DIAGNOSTIC,    30, -5.390422047835e-01, 2.097983153292e-04, 1.5646e+03, 2.6562e+01, 
 1DIAGNOSTIC,    31, -5.398219105367e-01, 1.945538748787e-04, 1.5914e+03, 2.6761e+01, 
 1DIAGNOSTIC,    32, -5.397730509238e-01, 1.677793601266e-04, 1.6180e+03, 2.6608e+01, 
 1DIAGNOSTIC,    33, -5.405424927890e-01, 1.533914650969e-04, 1.6447e+03, 2.6726e+01, 
 1DIAGNOSTIC,    34, -5.403576820210e-01, 1.299601064048e-04, 1.6713e+03, 2.6558e+01, 
 1DIAGNOSTIC,    35, -5.410601176532e-01, 1.238395809550e-04, 1.6978e+03, 2.6539e+01, 
 1DIAGNOSTIC,    36, -5.410059698481e-01, 1.043850022607e-04, 1.7243e+03, 2.6419e+01, 
 1DIAGNOSTIC,    37, -5.416518090004e-01, 1.013978701418e-04, 1.7508e+03, 2.6544e+01, 
 1DIAGNOSTIC,    38, -5.416829000736e-01, 8.979002839878e-05, 1.7774e+03, 2.6649e+01, 
 1DIAGNOSTIC,    39, -5.419256473961e-01, 8.572224057551e-05, 1.8040e+03, 2.6552e+01, 
 1DIAGNOSTIC,    40, -5.419273743959e-01, 7.306636299998e-05, 1.8306e+03, 2.6599e+01, 
 1DIAGNOSTIC,    41, -5.423554514783e-01, 7.005045331896e-05, 1.8572e+03, 2.6650e+01, 
 1DIAGNOSTIC,    42, -5.424254194675e-01, 6.043417518471e-05, 1.8838e+03, 2.6526e+01, 
 1DIAGNOSTIC,    43, -5.428397455435e-01, 6.048814124467e-05, 1.9104e+03, 2.6582e+01, 
 1DIAGNOSTIC,    44, -5.429669836752e-01, 5.390603162855e-05, 1.9369e+03, 2.6591e+01, 
 1DIAGNOSTIC,    45, -5.433090776803e-01, 5.508665654310e-05, 1.9637e+03, 2.6736e+01, 
 1DIAGNOSTIC,    46, -5.431652015436e-01, 4.844207695186e-05, 1.9903e+03, 2.6579e+01, 
 1DIAGNOSTIC,    47, -5.436276748769e-01, 5.022435255990e-05, 2.0169e+03, 2.6595e+01, 
 1DIAGNOSTIC,    48, -5.434821702672e-01, 4.572455195180e-05, 2.0434e+03, 2.6564e+01, 
 1DIAGNOSTIC,    49, -5.438981138153e-01, 4.437607654847e-05, 2.0700e+03, 2.6626e+01, 
 1DIAGNOSTIC,    50, -5.440730163159e-01, 4.060503977334e-05, 2.0969e+03, 2.6887e+01, 
 1DIAGNOSTIC,    51, -5.440046234005e-01, 3.694329575211e-05, 2.1236e+03, 2.6661e+01, 
 1DIAGNOSTIC,    52, -5.440238164206e-01, 3.085254414694e-05, 2.1503e+03, 2.6699e+01, 
 1DIAGNOSTIC,    53, -5.444573112567e-01, 3.061817138214e-05, 2.1770e+03, 2.6756e+01, 
 1DIAGNOSTIC,    54, -5.444102366605e-01, 2.806393516499e-05, 2.2037e+03, 2.6644e+01, 
 1DIAGNOSTIC,    55, -5.446277313380e-01, 2.848821103989e-05, 2.2304e+03, 2.6707e+01, 
 1DIAGNOSTIC,    56, -5.446256207777e-01, 2.475712232758e-05, 2.2570e+03, 2.6637e+01, 
 1DIAGNOSTIC,    57, -5.447093318385e-01, 2.405582460528e-05, 2.2837e+03, 2.6688e+01, 
 1DIAGNOSTIC,    58, -5.448005887234e-01, 2.046796974093e-05, 2.3106e+03, 2.6864e+01, 
 1DIAGNOSTIC,    59, -5.449712029628e-01, 2.030278214745e-05, 2.3373e+03, 2.6755e+01, 
 1DIAGNOSTIC,    60, -5.449645373122e-01, 1.976584096391e-05, 2.3641e+03, 2.6779e+01, 
 1DIAGNOSTIC,    61, -5.452427657548e-01, 1.928443174311e-05, 2.3909e+03, 2.6739e+01, 
 1DIAGNOSTIC,    62, -5.449884095030e-01, 1.485689780156e-05, 2.4175e+03, 2.6622e+01, 
 1DIAGNOSTIC,    63, -5.454245532661e-01, 1.663185014013e-05, 2.4443e+03, 2.6800e+01, 
 1DIAGNOSTIC,    64, -5.454162287916e-01, 1.618032932330e-05, 2.4709e+03, 2.6667e+01, 
 1DIAGNOSTIC,    65, -5.453578199083e-01, 1.555321030610e-05, 2.4976e+03, 2.6654e+01, 
 1DIAGNOSTIC,    66, -5.455315575445e-01, 1.492853455432e-05, 2.5243e+03, 2.6684e+01, 
 1DIAGNOSTIC,    67, -5.456885073183e-01, 1.480053572696e-05, 2.5510e+03, 2.6750e+01, 
 1DIAGNOSTIC,    68, -5.460007250990e-01, 1.636694167471e-05, 2.5777e+03, 2.6677e+01, 
 1DIAGNOSTIC,    69, -5.455580785454e-01, 1.421717801309e-05, 2.6044e+03, 2.6725e+01, 
 1DIAGNOSTIC,    70, -5.461370471021e-01, 1.525840706335e-05, 2.6313e+03, 2.6895e+01, 
XXDIAGNOSTIC,Iteration,metricValue,convergenceValue,ITERATION_TIME_INDEX,SINCE_LAST
 1DIAGNOSTIC,     1, -4.380400824182e-01, 1.797693134862e+308, 2.8663e+03, 2.3493e+02, 
 1DIAGNOSTIC,     2, -4.407375773516e-01, 1.797693134862e+308, 3.0840e+03, 2.1770e+02, 
 1DIAGNOSTIC,     3, -4.435347084769e-01, 1.797693134862e+308, 3.3035e+03, 2.1956e+02, 
 1DIAGNOSTIC,     4, -4.465937433464e-01, 1.797693134862e+308, 3.5214e+03, 2.1789e+02, 
 1DIAGNOSTIC,     5, -4.496684133867e-01, 1.797693134862e+308, 3.7394e+03, 2.1796e+02, 
 1DIAGNOSTIC,     6, -4.527950005392e-01, 1.797693134862e+308, 3.9571e+03, 2.1771e+02, 
 1DIAGNOSTIC,     7, -4.561443577750e-01, 1.797693134862e+308, 4.1746e+03, 2.1752e+02, 
 1DIAGNOSTIC,     8, -4.591026079103e-01, 1.797693134862e+308, 4.3933e+03, 2.1868e+02, 
 1DIAGNOSTIC,     9, -4.619312200266e-01, 1.797693134862e+308, 4.6115e+03, 2.1819e+02, 
 1DIAGNOSTIC,    10, -4.643178835954e-01, 3.825822957119e-03, 4.8310e+03, 2.1950e+02, 
 1DIAGNOSTIC,    11, -4.667644631664e-01, 3.422209189354e-03, 5.0501e+03, 2.1915e+02, 
 1DIAGNOSTIC,    12, -4.686260700910e-01, 3.015326620800e-03, 5.2690e+03, 2.1888e+02, 
 1DIAGNOSTIC,    13, -4.706376284572e-01, 2.628867456996e-03, 5.4888e+03, 2.1977e+02, 
 1DIAGNOSTIC,    14, -4.722693960876e-01, 2.266813117629e-03, 5.7087e+03, 2.1995e+02, 
 1DIAGNOSTIC,    15, -4.739773901319e-01, 1.943681848684e-03, 5.9284e+03, 2.1968e+02, 
 1DIAGNOSTIC,    16, -4.754732273678e-01, 1.660679400413e-03, 6.1471e+03, 2.1873e+02, 
 1DIAGNOSTIC,    17, -4.771092514880e-01, 1.438693559817e-03, 6.3655e+03, 2.1835e+02, 
 1DIAGNOSTIC,    18, -4.784009661001e-01, 1.253141879333e-03, 6.5844e+03, 2.1889e+02, 
 1DIAGNOSTIC,    19, -4.800091768816e-01, 1.114211768845e-03, 6.8034e+03, 2.1901e+02, 
 1DIAGNOSTIC,    20, -4.811525309038e-01, 9.929627254245e-04, 7.0224e+03, 2.1902e+02, 
 1DIAGNOSTIC,    21, -4.826404995699e-01, 9.052557290924e-04, 7.2429e+03, 2.2047e+02, 
 1DIAGNOSTIC,    22, -4.836192538789e-01, 8.190861577110e-04, 7.4617e+03, 2.1882e+02, 
 1DIAGNOSTIC,    23, -4.849344225315e-01, 7.518283527921e-04, 7.6804e+03, 2.1870e+02, 
 1DIAGNOSTIC,    24, -4.856455680293e-01, 6.785536026325e-04, 7.8991e+03, 2.1875e+02, 
 1DIAGNOSTIC,    25, -4.868922683835e-01, 6.191940036366e-04, 8.1175e+03, 2.1840e+02, 
 1DIAGNOSTIC,    26, -4.873641914957e-01, 5.514817536241e-04, 8.3367e+03, 2.1918e+02, 
 1DIAGNOSTIC,    27, -4.885003501574e-01, 4.991564398902e-04, 8.5606e+03, 2.2385e+02, 
 1DIAGNOSTIC,    28, -4.888870346755e-01, 4.391677220040e-04, 8.7798e+03, 2.1922e+02, 
 1DIAGNOSTIC,    29, -4.898770260321e-01, 3.960917589203e-04, 8.9983e+03, 2.1854e+02, 
 1DIAGNOSTIC,    30, -4.902545769851e-01, 3.484971252780e-04, 9.2162e+03, 2.1789e+02, 
 1DIAGNOSTIC,    31, -4.912231723687e-01, 3.188038238352e-04, 9.4348e+03, 2.1854e+02, 
 1DIAGNOSTIC,    32, -4.914117029629e-01, 2.822081666934e-04, 9.6545e+03, 2.1975e+02, 
 1DIAGNOSTIC,    33, -4.922552102081e-01, 2.605991236156e-04, 9.8736e+03, 2.1907e+02, 
 1DIAGNOSTIC,    34, -4.923819704924e-01, 2.298356833853e-04, 1.0092e+04, 2.1889e+02, 
 1DIAGNOSTIC,    35, -4.932424604043e-01, 2.153142393405e-04, 1.0313e+04, 2.2021e+02, 
 1DIAGNOSTIC,    36, -4.933186361974e-01, 1.897296050110e-04, 1.0532e+04, 2.1955e+02, 
 1DIAGNOSTIC,    37, -4.940701810927e-01, 1.782704307472e-04, 1.0752e+04, 2.1968e+02, 
 1DIAGNOSTIC,    38, -4.941560230466e-01, 1.575223805447e-04, 1.0970e+04, 2.1801e+02, 
 1DIAGNOSTIC,    39, -4.948735636344e-01, 1.491514163013e-04, 1.1188e+04, 2.1812e+02, 
 1DIAGNOSTIC,    40, -4.949138723083e-01, 1.328058483291e-04, 1.1407e+04, 2.1892e+02, 
 1DIAGNOSTIC,    41, -4.957432888803e-01, 1.309556465860e-04, 1.1626e+04, 2.1877e+02, 
 1DIAGNOSTIC,    42, -4.957911418065e-01, 1.196574540515e-04, 1.1845e+04, 2.1899e+02, 
 1DIAGNOSTIC,    43, -4.966664084333e-01, 1.214709442024e-04, 1.2063e+04, 2.1815e+02, 
 1DIAGNOSTIC,    44, -4.967777732686e-01, 1.144135656461e-04, 1.2282e+04, 2.1873e+02, 
 1DIAGNOSTIC,    45, -4.976723487973e-01, 1.201032497363e-04, 1.2501e+04, 2.1911e+02, 
 1DIAGNOSTIC,    46, -4.978864008564e-01, 1.174381254713e-04, 1.2719e+04, 2.1823e+02, 
 1DIAGNOSTIC,    47, -4.988552213801e-01, 1.254929327748e-04, 1.2937e+04, 2.1853e+02, 
 1DIAGNOSTIC,    48, -4.990901904391e-01, 1.248129047978e-04, 1.3157e+04, 2.1922e+02, 
 1DIAGNOSTIC,    49, -5.000439105521e-01, 1.325690507998e-04, 1.3375e+04, 2.1811e+02, 
 1DIAGNOSTIC,    50, -5.002971665819e-01, 1.304384531815e-04, 1.3595e+04, 2.2041e+02, 
XXDIAGNOSTIC,Iteration,metricValue,convergenceValue,ITERATION_TIME_INDEX,SINCE_LAST
 1DIAGNOSTIC,     1, -4.146558360077e-01, 1.797693134862e+308, 1.5455e+04, 1.8595e+03, 
 1DIAGNOSTIC,     2, -4.157669363927e-01, 1.797693134862e+308, 1.7240e+04, 1.7851e+03, 
 1DIAGNOSTIC,     3, -4.172903435770e-01, 1.797693134862e+308, 1.9024e+04, 1.7844e+03, 
 1DIAGNOSTIC,     4, -4.188990530144e-01, 1.797693134862e+308, 2.0811e+04, 1.7870e+03, 
 1DIAGNOSTIC,     5, -4.204630451473e-01, 1.797693134862e+308, 2.2595e+04, 1.7838e+03, 
 1DIAGNOSTIC,     6, -4.219956537874e-01, 1.797693134862e+308, 2.4388e+04, 1.7932e+03, 
 1DIAGNOSTIC,     7, -4.235259160383e-01, 1.797693134862e+308, 2.6183e+04, 1.7944e+03, 
 1DIAGNOSTIC,     8, -4.249731377933e-01, 1.797693134862e+308, 2.7975e+04, 1.7921e+03, 
slurmstepd: error: *** JOB 6248633 ON wbic-cs-6 CANCELLED AT 2021-02-10T07:22:34 DUE TO TIME LIMIT ***
