Changed directory to /lustre/scratch/wbic-beta/ccn30/ENCRYPT/gridcellpilot/scripts/coregistration/slurmoutputs.

JobID: 4032450
======
Time: Tue Oct  8 18:12:01 BST 2019
Running on master node: wbic-csm-2
Current directory: /lustre/scratch/wbic-beta/ccn30/ENCRYPT/gridcellpilot/scripts/coregistration/slurmoutputs

Nodes allocated:
================
wbic-csm-2

numtasks=1, numnodes=1, mpi_tasks_per_node=1 (OMP_NUM_THREADS=1)

Executing command:
==================
/lustre/scratch/wbic-beta/ccn30/ENCRYPT/gridcellpilot/scripts/coregistration/coreg_all.sh /lustre/scratch/wbic-beta/ccn30/ENCRYPT/gridcellpilot 29321/20190902_U-ID46038

29321
/lustre/scratch/wbic-beta/ccn30/ENCRYPT/gridcellpilot/preprocessed_data/segmentation/29321
EXECUTING t2 to t1 coreg in /lustre/scratch/wbic-beta/ccn30/ENCRYPT/gridcellpilot/preprocessed_data/segmentation/29321/coregistration
>> CORR_RATIO COREG OK: subject 29321/run 1
0.977749 0.999973 -0.002946 -0.006715 0.000000 0.002460 0.997461 -0.071171 0.000000 0.006908 0.071153 0.997442 0.000000 2.805636 -3.332041 28.530222 1.000000 
>> BBR COREG OK: subject 29321/run 1
EXECUTING matrix calcs for subject 29321 run 1}
FLIRT pre-alignment
Running BBR
Applying POWELL correction
finit, fend, fextrap = 0.83009 , 0.825934 , 0.821865
fval = 0.794366
Applying POWELL correction
finit, fend, fextrap = 0.778562 , 0.769984 , 0.771244
fval = 0.769314
Applying POWELL correction
finit, fend, fextrap = 0.769314 , 0.768641 , 0.768524
fval = 0.768491
0.768434 0.999683 -0.015186 -0.020106 0.000000 0.016860 0.996162 0.085895 0.000000 0.018724 -0.086207 0.996101 0.000000 -4.757983 18.712998 1.556301 1.000000 
>> EPI_REG OK: subject 29321/run 1
>> MATRIX INVERSION OK: subject 29321/run 1
>> MATRIX CONCATENATION OK: subject 29321/run 1
EXECUTING mask to epi coreg for subject 29321 run 1
>> EC MASKS SUCCESSFULLY TRANSFORMED TO EPI SPACE: subject 29321/run 1
