Changed directory to /lustre/scratch/wbic-beta/ccn30/ENCRYPT/gridcellpilot/scripts/coregistration/slurmoutputs.

JobID: 4188763
======
Time: Wed Nov 27 12:14:09 GMT 2019
Running on master node: wbic-cs-31
Current directory: /lustre/scratch/wbic-beta/ccn30/ENCRYPT/gridcellpilot/scripts/coregistration/slurmoutputs

Nodes allocated:
================
wbic-cs-31

numtasks=1, numnodes=1, mpi_tasks_per_node=1 (OMP_NUM_THREADS=1)

Executing command:
==================
/lustre/scratch/wbic-beta/ccn30/ENCRYPT/gridcellpilot/scripts/coregistration/coreg_all.sh /lustre/scratch/wbic-beta/ccn30/ENCRYPT/gridcellpilot 29780/20191125_U-ID47173

29780
/lustre/scratch/wbic-beta/ccn30/ENCRYPT/gridcellpilot/preprocessed_data/segmentation/29780
mkdir: cannot create directory ‘/lustre/scratch/wbic-beta/ccn30/ENCRYPT/gridcellpilot/preprocessed_data/segmentation/29780/coregistration’: File exists
Making coregistration directory...
/lustre/scratch/wbic-beta/ccn30/ENCRYPT/gridcellpilot/preprocessed_data/segmentation/29780/coregistration
EXECUTING t2 to t1 coreg:  29780

--------------------------------------------------------------------------------------
 Mapping parameters
--------------------------------------------------------------------------------------
 ANTSPATH is /applications/ANTS/2.2.0/bin/

 Dimensionality:           3
 Output name prefix:       /lustre/scratch/wbic-beta/ccn30/ENCRYPT/gridcellpilot/preprocessed_data/segmentation/29780/coregistration/T1toT2_ANTS_
 Fixed images:             /lustre/scratch/wbic-beta/ccn30/ENCRYPT/gridcellpilot/raw_data/images/29780/20191125_U-ID47173/Series_039_Highresolution_TSE_PAT2_100_PatSpec/N4Series_039_Highresolution_TSE_PAT2_100_PatSpec.nii
 Moving images:            /lustre/scratch/wbic-beta/ccn30/ENCRYPT/gridcellpilot/preprocessed_data/images/29780/denoise_structural.nii
 Number of threads:        1
 Spline distance:          26
 Transform type:           s
 MI histogram bins:        32
 Precision:                d
 Use histogram matching    0
======================================================================================
 antsRegistration call:
--------------------------------------------------------------------------------------
/applications/ANTS/2.2.0/bin//antsRegistration --verbose 1 --dimensionality 3 --float 0 --output [/lustre/scratch/wbic-beta/ccn30/ENCRYPT/gridcellpilot/preprocessed_data/segmentation/29780/coregistration/T1toT2_ANTS_,/lustre/scratch/wbic-beta/ccn30/ENCRYPT/gridcellpilot/preprocessed_data/segmentation/29780/coregistration/T1toT2_ANTS_Warped.nii.gz,/lustre/scratch/wbic-beta/ccn30/ENCRYPT/gridcellpilot/preprocessed_data/segmentation/29780/coregistration/T1toT2_ANTS_InverseWarped.nii.gz] --interpolation Linear --use-histogram-matching 0 --winsorize-image-intensities [0.005,0.995] --initial-moving-transform [/lustre/scratch/wbic-beta/ccn30/ENCRYPT/gridcellpilot/raw_data/images/29780/20191125_U-ID47173/Series_039_Highresolution_TSE_PAT2_100_PatSpec/N4Series_039_Highresolution_TSE_PAT2_100_PatSpec.nii,/lustre/scratch/wbic-beta/ccn30/ENCRYPT/gridcellpilot/preprocessed_data/images/29780/denoise_structural.nii,1] --transform Rigid[0.1] --metric MI[/lustre/scratch/wbic-beta/ccn30/ENCRYPT/gridcellpilot/raw_data/images/29780/20191125_U-ID47173/Series_039_Highresolution_TSE_PAT2_100_PatSpec/N4Series_039_Highresolution_TSE_PAT2_100_PatSpec.nii,/lustre/scratch/wbic-beta/ccn30/ENCRYPT/gridcellpilot/preprocessed_data/images/29780/denoise_structural.nii,1,32,Regular,0.25] --convergence [1000x500x250x0,1e-6,10] --shrink-factors 12x8x4x2 --smoothing-sigmas 4x3x2x1vox --transform Affine[0.1] --metric MI[/lustre/scratch/wbic-beta/ccn30/ENCRYPT/gridcellpilot/raw_data/images/29780/20191125_U-ID47173/Series_039_Highresolution_TSE_PAT2_100_PatSpec/N4Series_039_Highresolution_TSE_PAT2_100_PatSpec.nii,/lustre/scratch/wbic-beta/ccn30/ENCRYPT/gridcellpilot/preprocessed_data/images/29780/denoise_structural.nii,1,32,Regular,0.25] --convergence [1000x500x250x0,1e-6,10] --shrink-factors 12x8x4x2 --smoothing-sigmas 4x3x2x1vox --transform SyN[0.1,3,0] --metric MI[/lustre/scratch/wbic-beta/ccn30/ENCRYPT/gridcellpilot/raw_data/images/29780/20191125_U-ID47173/Series_039_Highresolution_TSE_PAT2_100_PatSpec/N4Series_039_Highresolution_TSE_PAT2_100_PatSpec.nii,/lustre/scratch/wbic-beta/ccn30/ENCRYPT/gridcellpilot/preprocessed_data/images/29780/denoise_structural.nii,1,32] --convergence [100x100x70x50x0,1e-6,10] --shrink-factors 10x6x4x2x1 --smoothing-sigmas 5x3x2x1x0vox
--------------------------------------------------------------------------------------
All_Command_lines_OK
Using double precision for computations.
=============================================================================
The composite transform comprises the following transforms (in order): 
  1. Center of mass alignment using fixed image: /lustre/scratch/wbic-beta/ccn30/ENCRYPT/gridcellpilot/raw_data/images/29780/20191125_U-ID47173/Series_039_Highresolution_TSE_PAT2_100_PatSpec/N4Series_039_Highresolution_TSE_PAT2_100_PatSpec.nii and moving image: /lustre/scratch/wbic-beta/ccn30/ENCRYPT/gridcellpilot/preprocessed_data/images/29780/denoise_structural.nii (type = Euler3DTransform)
=============================================================================
  number of levels = 4
  number of levels = 4
  number of levels = 5
  fixed image: /lustre/scratch/wbic-beta/ccn30/ENCRYPT/gridcellpilot/raw_data/images/29780/20191125_U-ID47173/Series_039_Highresolution_TSE_PAT2_100_PatSpec/N4Series_039_Highresolution_TSE_PAT2_100_PatSpec.nii
  moving image: /lustre/scratch/wbic-beta/ccn30/ENCRYPT/gridcellpilot/preprocessed_data/images/29780/denoise_structural.nii
  fixed image: /lustre/scratch/wbic-beta/ccn30/ENCRYPT/gridcellpilot/raw_data/images/29780/20191125_U-ID47173/Series_039_Highresolution_TSE_PAT2_100_PatSpec/N4Series_039_Highresolution_TSE_PAT2_100_PatSpec.nii
  moving image: /lustre/scratch/wbic-beta/ccn30/ENCRYPT/gridcellpilot/preprocessed_data/images/29780/denoise_structural.nii
  fixed image: /lustre/scratch/wbic-beta/ccn30/ENCRYPT/gridcellpilot/raw_data/images/29780/20191125_U-ID47173/Series_039_Highresolution_TSE_PAT2_100_PatSpec/N4Series_039_Highresolution_TSE_PAT2_100_PatSpec.nii
  moving image: /lustre/scratch/wbic-beta/ccn30/ENCRYPT/gridcellpilot/preprocessed_data/images/29780/denoise_structural.nii
Dimension = 3
Number of stages = 3
Use Histogram Matching false
Winsorize image intensities true
Lower quantile = 0.005
Upper quantile = 0.995
Stage 1 State
   Image metric = Mattes
     Fixed image = Image (0x454af90)
  RTTI typeinfo:   itk::Image<double, 3u>
  Reference Count: 2
  Modified Time: 1713
  Debug: Off
  Object Name: 
  Observers: 
    none
  Source: (none)
  Source output name: (none)
  Release Data: Off
  Data Released: False
  Global Release Data: Off
  PipelineMTime: 0
  UpdateMTime: 1535
  RealTimeStamp: 0 seconds 
  LargestPossibleRegion: 
    Dimension: 3
    Index: [0, 0, 0]
    Size: [512, 512, 54]
  BufferedRegion: 
    Dimension: 3
    Index: [0, 0, 0]
    Size: [512, 512, 54]
  RequestedRegion: 
    Dimension: 3
    Index: [0, 0, 0]
    Size: [512, 512, 54]
  Spacing: [0.4375, 0.4375, 1.1]
  Origin: [-112, 19.451, -143.932]
  Direction: 
1 1.07095e-11 -7.38797e-12
1.07095e-11 -0.355107 0.934826
-7.38797e-12 0.934826 0.355107

  IndexToPointMatrix: 
0.4375 4.68539e-12 -8.12677e-12
4.68539e-12 -0.155359 1.02831
-3.23224e-12 0.408986 0.390618

  PointToIndexMatrix: 
2.28571 2.44788e-11 -1.68868e-11
2.44788e-11 -0.811673 2.13674
-6.71633e-12 0.849841 0.322824

  Inverse Direction: 
1 1.07095e-11 -7.38797e-12
1.07095e-11 -0.355107 0.934826
-7.38797e-12 0.934826 0.355107

  PixelContainer: 
    ImportImageContainer (0x4545540)
      RTTI typeinfo:   itk::ImportImageContainer<unsigned long, double>
      Reference Count: 1
      Modified Time: 1532
      Debug: Off
      Object Name: 
      Observers: 
        none
      Pointer: 0x2b1d22670010
      Container manages memory: true
      Size: 14155776
      Capacity: 14155776

     Moving image = Image (0x454bc70)
  RTTI typeinfo:   itk::Image<double, 3u>
  Reference Count: 2
  Modified Time: 1714
  Debug: Off
  Object Name: 
  Observers: 
    none
  Source: (none)
  Source output name: (none)
  Release Data: Off
  Data Released: False
  Global Release Data: Off
  PipelineMTime: 0
  UpdateMTime: 1711
  RealTimeStamp: 0 seconds 
  LargestPossibleRegion: 
    Dimension: 3
    Index: [0, 0, 0]
    Size: [224, 300, 320]
  BufferedRegion: 
    Dimension: 3
    Index: [0, 0, 0]
    Size: [224, 300, 320]
  RequestedRegion: 
    Dimension: 3
    Index: [0, 0, 0]
    Size: [224, 300, 320]
  Spacing: [0.75, 0.75, 0.75]
  Origin: [84.2274, 109.34, -136.72]
  Direction: 
-1 0 0
0 -1 0
0 0 1

  IndexToPointMatrix: 
-0.75 0 0
0 -0.75 0
0 0 0.75

  PointToIndexMatrix: 
-1.33333 0 0
0 -1.33333 0
0 0 1.33333

  Inverse Direction: 
-1 0 0
0 -1 0
0 0 1

  PixelContainer: 
    ImportImageContainer (0x45461d0)
      RTTI typeinfo:   itk::ImportImageContainer<unsigned long, double>
      Reference Count: 1
      Modified Time: 1708
      Debug: Off
      Object Name: 
      Observers: 
        none
      Pointer: 0x2b1d29271010
      Container manages memory: true
      Size: 21504000
      Capacity: 21504000

     Weighting = 1
     Sampling strategy = regular
     Number of bins = 32
     Radius = 4
     Sampling percentage  = 0.25
   Transform = Rigid
     Gradient step = 0.1
     Update field sigma (voxel space) = 0
     Total field sigma (voxel space) = 0
     Update field time sigma = 0
     Total field time sigma  = 0
     Number of time indices = 0
     Number of time point samples = 0
Stage 2 State
   Image metric = Mattes
     Fixed image = Image (0x4547ed0)
  RTTI typeinfo:   itk::Image<double, 3u>
  Reference Count: 2
  Modified Time: 2067
  Debug: Off
  Object Name: 
  Observers: 
    none
  Source: (none)
  Source output name: (none)
  Release Data: Off
  Data Released: False
  Global Release Data: Off
  PipelineMTime: 0
  UpdateMTime: 1889
  RealTimeStamp: 0 seconds 
  LargestPossibleRegion: 
    Dimension: 3
    Index: [0, 0, 0]
    Size: [512, 512, 54]
  BufferedRegion: 
    Dimension: 3
    Index: [0, 0, 0]
    Size: [512, 512, 54]
  RequestedRegion: 
    Dimension: 3
    Index: [0, 0, 0]
    Size: [512, 512, 54]
  Spacing: [0.4375, 0.4375, 1.1]
  Origin: [-112, 19.451, -143.932]
  Direction: 
1 1.07095e-11 -7.38797e-12
1.07095e-11 -0.355107 0.934826
-7.38797e-12 0.934826 0.355107

  IndexToPointMatrix: 
0.4375 4.68539e-12 -8.12677e-12
4.68539e-12 -0.155359 1.02831
-3.23224e-12 0.408986 0.390618

  PointToIndexMatrix: 
2.28571 2.44788e-11 -1.68868e-11
2.44788e-11 -0.811673 2.13674
-6.71633e-12 0.849841 0.322824

  Inverse Direction: 
1 1.07095e-11 -7.38797e-12
1.07095e-11 -0.355107 0.934826
-7.38797e-12 0.934826 0.355107

  PixelContainer: 
    ImportImageContainer (0x4549160)
      RTTI typeinfo:   itk::ImportImageContainer<unsigned long, double>
      Reference Count: 1
      Modified Time: 1886
      Debug: Off
      Object Name: 
      Observers: 
        none
      Pointer: 0x2b1d33682010
      Container manages memory: true
      Size: 14155776
      Capacity: 14155776

     Moving image = Image (0x455b290)
  RTTI typeinfo:   itk::Image<double, 3u>
  Reference Count: 2
  Modified Time: 2068
  Debug: Off
  Object Name: 
  Observers: 
    none
  Source: (none)
  Source output name: (none)
  Release Data: Off
  Data Released: False
  Global Release Data: Off
  PipelineMTime: 0
  UpdateMTime: 2065
  RealTimeStamp: 0 seconds 
  LargestPossibleRegion: 
    Dimension: 3
    Index: [0, 0, 0]
    Size: [224, 300, 320]
  BufferedRegion: 
    Dimension: 3
    Index: [0, 0, 0]
    Size: [224, 300, 320]
  RequestedRegion: 
    Dimension: 3
    Index: [0, 0, 0]
    Size: [224, 300, 320]
  Spacing: [0.75, 0.75, 0.75]
  Origin: [84.2274, 109.34, -136.72]
  Direction: 
-1 0 0
0 -1 0
0 0 1

  IndexToPointMatrix: 
-0.75 0 0
0 -0.75 0
0 0 0.75

  PointToIndexMatrix: 
-1.33333 0 0
0 -1.33333 0
0 0 1.33333

  Inverse Direction: 
-1 0 0
0 -1 0
0 0 1

  PixelContainer: 
    ImportImageContainer (0x455b520)
      RTTI typeinfo:   itk::ImportImageContainer<unsigned long, double>
      Reference Count: 1
      Modified Time: 2062
      Debug: Off
      Object Name: 
      Observers: 
        none
      Pointer: 0x2b1d3a283010
      Container manages memory: true
      Size: 21504000
      Capacity: 21504000

     Weighting = 1
     Sampling strategy = regular
     Number of bins = 32
     Radius = 4
     Sampling percentage  = 0.25
   Transform = Affine
     Gradient step = 0.1
     Update field sigma (voxel space) = 0
     Total field sigma (voxel space) = 0
     Update field time sigma = 0
     Total field time sigma  = 0
     Number of time indices = 0
     Number of time point samples = 0
Stage 3 State
   Image metric = Mattes
     Fixed image = Image (0x455ee90)
  RTTI typeinfo:   itk::Image<double, 3u>
  Reference Count: 2
  Modified Time: 2421
  Debug: Off
  Object Name: 
  Observers: 
    none
  Source: (none)
  Source output name: (none)
  Release Data: Off
  Data Released: False
  Global Release Data: Off
  PipelineMTime: 0
  UpdateMTime: 2243
  RealTimeStamp: 0 seconds 
  LargestPossibleRegion: 
    Dimension: 3
    Index: [0, 0, 0]
    Size: [512, 512, 54]
  BufferedRegion: 
    Dimension: 3
    Index: [0, 0, 0]
    Size: [512, 512, 54]
  RequestedRegion: 
    Dimension: 3
    Index: [0, 0, 0]
    Size: [512, 512, 54]
  Spacing: [0.4375, 0.4375, 1.1]
  Origin: [-112, 19.451, -143.932]
  Direction: 
1 1.07095e-11 -7.38797e-12
1.07095e-11 -0.355107 0.934826
-7.38797e-12 0.934826 0.355107

  IndexToPointMatrix: 
0.4375 4.68539e-12 -8.12677e-12
4.68539e-12 -0.155359 1.02831
-3.23224e-12 0.408986 0.390618

  PointToIndexMatrix: 
2.28571 2.44788e-11 -1.68868e-11
2.44788e-11 -0.811673 2.13674
-6.71633e-12 0.849841 0.322824

  Inverse Direction: 
1 1.07095e-11 -7.38797e-12
1.07095e-11 -0.355107 0.934826
-7.38797e-12 0.934826 0.355107

  PixelContainer: 
    ImportImageContainer (0x455b010)
      RTTI typeinfo:   itk::ImportImageContainer<unsigned long, double>
      Reference Count: 1
      Modified Time: 2240
      Debug: Off
      Object Name: 
      Observers: 
        none
      Pointer: 0x2b1d44694010
      Container manages memory: true
      Size: 14155776
      Capacity: 14155776

     Moving image = Image (0x4561770)
  RTTI typeinfo:   itk::Image<double, 3u>
  Reference Count: 2
  Modified Time: 2422
  Debug: Off
  Object Name: 
  Observers: 
    none
  Source: (none)
  Source output name: (none)
  Release Data: Off
  Data Released: False
  Global Release Data: Off
  PipelineMTime: 0
  UpdateMTime: 2419
  RealTimeStamp: 0 seconds 
  LargestPossibleRegion: 
    Dimension: 3
    Index: [0, 0, 0]
    Size: [224, 300, 320]
  BufferedRegion: 
    Dimension: 3
    Index: [0, 0, 0]
    Size: [224, 300, 320]
  RequestedRegion: 
    Dimension: 3
    Index: [0, 0, 0]
    Size: [224, 300, 320]
  Spacing: [0.75, 0.75, 0.75]
  Origin: [84.2274, 109.34, -136.72]
  Direction: 
-1 0 0
0 -1 0
0 0 1

  IndexToPointMatrix: 
-0.75 0 0
0 -0.75 0
0 0 0.75

  PointToIndexMatrix: 
-1.33333 0 0
0 -1.33333 0
0 0 1.33333

  Inverse Direction: 
-1 0 0
0 -1 0
0 0 1

  PixelContainer: 
    ImportImageContainer (0x4561a00)
      RTTI typeinfo:   itk::ImportImageContainer<unsigned long, double>
      Reference Count: 1
      Modified Time: 2416
      Debug: Off
      Object Name: 
      Observers: 
        none
      Pointer: 0x2b1d4b295010
      Container manages memory: true
      Size: 21504000
      Capacity: 21504000

     Weighting = 1
     Sampling strategy = none
     Number of bins = 32
     Radius = 4
     Sampling percentage  = 1
   Transform = SyN
     Gradient step = 0.1
     Update field sigma (voxel space) = 3
     Total field sigma (voxel space) = 0
     Update field time sigma = 0
     Total field time sigma  = 0
     Number of time indices = 0
     Number of time point samples = 0
Registration using 3 total stages.

Stage 0
  iterations = 1000x500x250x0
  convergence threshold = 1e-06
  convergence window size = 10
  number of levels = 4
  using the Mattes MI metric (number of bins = 32, weight = 1)
  preprocessing:  winsorizing the image intensities
  Shrink factors (level 1 out of 4): [12, 12, 5]
  Shrink factors (level 2 out of 4): [8, 8, 3]
  Shrink factors (level 3 out of 4): [4, 4, 2]
  Shrink factors (level 4 out of 4): [2, 2, 1]
  smoothing sigmas per level: [4, 3, 2, 1]
  regular sampling (percentage = 0.25)

*** Running Euler3DTransform registration ***

DIAGNOSTIC,Iteration,metricValue,convergenceValue,ITERATION_TIME_INDEX,SINCE_LAST
 2DIAGNOSTIC,     1, -9.571313118783e-02, 1.797693134862e+308, 1.7425e+01, 1.7425e+01, 
 2DIAGNOSTIC,     2, -9.589882285748e-02, 1.797693134862e+308, 1.7441e+01, 1.5724e-02, 
 2DIAGNOSTIC,     3, -9.617549809019e-02, 1.797693134862e+308, 1.7457e+01, 1.5780e-02, 
 2DIAGNOSTIC,     4, -9.675853968829e-02, 1.797693134862e+308, 1.7473e+01, 1.6034e-02, 
 2DIAGNOSTIC,     5, -9.837735304680e-02, 1.797693134862e+308, 1.7492e+01, 1.9198e-02, 
 2DIAGNOSTIC,     6, -9.865127642035e-02, 1.797693134862e+308, 1.7508e+01, 1.6086e-02, 
 2DIAGNOSTIC,     7, -9.854949982860e-02, 1.797693134862e+308, 1.7529e+01, 2.0343e-02, 
 2DIAGNOSTIC,     8, -1.009253896062e-01, 1.797693134862e+308, 1.7549e+01, 2.0109e-02, 
 2DIAGNOSTIC,     9, -1.314980981213e-01, 1.797693134862e+308, 1.7572e+01, 2.2903e-02, 
 2DIAGNOSTIC,    10, -1.353636303018e-01, 2.033436307026e-02, 1.7591e+01, 1.9805e-02, 
 2DIAGNOSTIC,    11, -1.366147089527e-01, 2.412067701892e-02, 1.7611e+01, 1.9841e-02, 
 2DIAGNOSTIC,    12, -1.374827747576e-01, 2.533210142599e-02, 1.7644e+01, 3.2655e-02, 
 2DIAGNOSTIC,    13, -1.377232751507e-01, 2.414948120540e-02, 1.7661e+01, 1.6897e-02, 
 2DIAGNOSTIC,    14, -1.381918782563e-01, 2.109381125634e-02, 1.7677e+01, 1.5990e-02, 
 2DIAGNOSTIC,    15, -1.385074890492e-01, 1.691456473009e-02, 1.7693e+01, 1.5900e-02, 
 2DIAGNOSTIC,    16, -1.392055741462e-01, 1.203814969265e-02, 1.7718e+01, 2.5741e-02, 
 2DIAGNOSTIC,    17, -1.394096407287e-01, 6.800575972583e-03, 1.7738e+01, 1.9221e-02, 
 2DIAGNOSTIC,    18, -1.395416115613e-01, 1.842574202689e-03, 1.7757e+01, 1.9097e-02, 
 2DIAGNOSTIC,    19, -1.398169245944e-01, 1.130035074031e-03, 1.7776e+01, 1.9324e-02, 
 2DIAGNOSTIC,    20, -1.407562672572e-01, 9.519802403964e-04, 1.7798e+01, 2.2322e-02, 
 2DIAGNOSTIC,    21, -1.407249193319e-01, 8.346524671676e-04, 1.7814e+01, 1.5996e-02, 
 2DIAGNOSTIC,    22, -1.407142261976e-01, 7.433975448407e-04, 1.7833e+01, 1.9139e-02, 
 2DIAGNOSTIC,    23, -1.408842977036e-01, 6.342384914603e-04, 1.7853e+01, 1.9216e-02, 
 2DIAGNOSTIC,    24, -1.409500281007e-01, 5.259083190077e-04, 1.7869e+01, 1.5919e-02, 
 2DIAGNOSTIC,    25, -1.410851732537e-01, 4.161892192940e-04, 1.7891e+01, 2.2019e-02, 
 2DIAGNOSTIC,    26, -1.411323315949e-01, 3.413770748877e-04, 1.7910e+01, 1.9107e-02, 
 2DIAGNOSTIC,    27, -1.410813469208e-01, 2.548863445522e-04, 1.7929e+01, 1.9177e-02, 
 2DIAGNOSTIC,    28, -1.410553676676e-01, 1.602052911076e-04, 1.7948e+01, 1.9224e-02, 
 2DIAGNOSTIC,    29, -1.410313220326e-01, 7.484787820781e-05, 1.7964e+01, 1.6059e-02, 
 2DIAGNOSTIC,    30, -1.410731914394e-01, 6.137236552634e-05, 1.7983e+01, 1.9117e-02, 
 2DIAGNOSTIC,    31, -1.411465267777e-01, 4.619197047418e-05, 1.7999e+01, 1.5954e-02, 
 2DIAGNOSTIC,    32, -1.411663474974e-01, 2.820840398287e-05, 1.8015e+01, 1.5890e-02, 
 2DIAGNOSTIC,    33, -1.415750381990e-01, 4.752924566781e-05, 1.8031e+01, 1.6232e-02, 
 2DIAGNOSTIC,    34, -1.424239569347e-01, 1.192204959229e-04, 1.8060e+01, 2.9042e-02, 
 2DIAGNOSTIC,    35, -1.426917624331e-01, 1.989718772976e-04, 1.8077e+01, 1.6135e-02, 
 2DIAGNOSTIC,    36, -1.427039583464e-01, 2.592066217765e-04, 1.8092e+01, 1.5944e-02, 
 2DIAGNOSTIC,    37, -1.427613444270e-01, 2.926682492143e-04, 1.8112e+01, 1.9109e-02, 
 2DIAGNOSTIC,    38, -1.428877878080e-01, 3.019375430250e-04, 1.8131e+01, 1.9222e-02, 
 2DIAGNOSTIC,    39, -1.429564959482e-01, 2.834528803147e-04, 1.8155e+01, 2.3878e-02, 
 2DIAGNOSTIC,    40, -1.429050219808e-01, 2.384337622932e-04, 1.8171e+01, 1.6117e-02, 
 2DIAGNOSTIC,    41, -1.429158252994e-01, 1.786974055831e-04, 1.8187e+01, 1.6038e-02, 
 2DIAGNOSTIC,    42, -1.430331028682e-01, 1.121800062808e-04, 1.8209e+01, 2.2183e-02, 
 2DIAGNOSTIC,    43, -1.431415282878e-01, 6.280286302414e-05, 1.8228e+01, 1.9401e-02, 
 2DIAGNOSTIC,    44, -1.430324862402e-01, 4.547098855943e-05, 1.8248e+01, 1.9544e-02, 
 2DIAGNOSTIC,    45, -1.430868697727e-01, 4.044669789139e-05, 1.8264e+01, 1.6074e-02, 
 2DIAGNOSTIC,    46, -1.431849258138e-01, 3.695508630663e-05, 1.8283e+01, 1.9111e-02, 
 2DIAGNOSTIC,    47, -1.431533829146e-01, 3.088058308296e-05, 1.8305e+01, 2.2260e-02, 
 2DIAGNOSTIC,    48, -1.431564367981e-01, 2.787495426653e-05, 1.8324e+01, 1.8952e-02, 
 2DIAGNOSTIC,    49, -1.431184675650e-01, 2.398901276181e-05, 1.8343e+01, 1.8931e-02, 
 2DIAGNOSTIC,    50, -1.431270907427e-01, 1.633173931304e-05, 1.8362e+01, 1.8775e-02, 
 2DIAGNOSTIC,    51, -1.430947669634e-01, 6.343305235842e-06, 1.8381e+01, 1.8843e-02, 
DIAGNOSTIC,Iteration,metricValue,convergenceValue,ITERATION_TIME_INDEX,SINCE_LAST
 2DIAGNOSTIC,     1, -1.245016315769e-01, 1.797693134862e+308, 3.1729e+01, 1.3348e+01, 
 2DIAGNOSTIC,     2, -1.251163878289e-01, 1.797693134862e+308, 3.1790e+01, 6.1813e-02, 
 2DIAGNOSTIC,     3, -1.262029955903e-01, 1.797693134862e+308, 3.1852e+01, 6.1883e-02, 
 2DIAGNOSTIC,     4, -1.275212577308e-01, 1.797693134862e+308, 3.1916e+01, 6.3462e-02, 
 2DIAGNOSTIC,     5, -1.278560332431e-01, 1.797693134862e+308, 3.1977e+01, 6.1592e-02, 
 2DIAGNOSTIC,     6, -1.279850632255e-01, 1.797693134862e+308, 3.2051e+01, 7.3853e-02, 
 2DIAGNOSTIC,     7, -1.281674811017e-01, 1.797693134862e+308, 3.2125e+01, 7.3845e-02, 
 2DIAGNOSTIC,     8, -1.280648554363e-01, 1.797693134862e+308, 3.2188e+01, 6.3210e-02, 
 2DIAGNOSTIC,     9, -1.282056465443e-01, 1.797693134862e+308, 3.2277e+01, 8.9223e-02, 
 2DIAGNOSTIC,    10, -1.287789641884e-01, 1.925549342413e-03, 3.2365e+01, 8.7808e-02, 
 2DIAGNOSTIC,    11, -1.288610762884e-01, 1.342173666354e-03, 3.2439e+01, 7.4048e-02, 
 2DIAGNOSTIC,    12, -1.288959005226e-01, 8.565869568118e-04, 3.2512e+01, 7.3032e-02, 
 2DIAGNOSTIC,    13, -1.289817550867e-01, 5.665029970083e-04, 3.2574e+01, 6.1764e-02, 
 2DIAGNOSTIC,    14, -1.291454760462e-01, 5.010054721151e-04, 3.2637e+01, 6.2443e-02, 
 2DIAGNOSTIC,    15, -1.292575937613e-01, 4.625632900600e-04, 3.2734e+01, 9.7592e-02, 
 2DIAGNOSTIC,    16, -1.292388730146e-01, 4.010387798080e-04, 3.2808e+01, 7.3530e-02, 
 2DIAGNOSTIC,    17, -1.292514933565e-01, 3.378443171513e-04, 3.2871e+01, 6.3269e-02, 
 2DIAGNOSTIC,    18, -1.292405558383e-01, 2.371193543551e-04, 3.2934e+01, 6.2673e-02, 
 2DIAGNOSTIC,    19, -1.292660538753e-01, 1.425742533438e-04, 3.2996e+01, 6.2739e-02, 
 2DIAGNOSTIC,    20, -1.292817467313e-01, 1.093691424877e-04, 3.3070e+01, 7.3687e-02, 
 2DIAGNOSTIC,    21, -1.293376763138e-01, 8.411859334803e-05, 3.3156e+01, 8.6145e-02, 
 2DIAGNOSTIC,    22, -1.293233209294e-01, 5.555977586448e-05, 3.3230e+01, 7.3570e-02, 
 2DIAGNOSTIC,    23, -1.293242176523e-01, 3.257750590992e-05, 3.3292e+01, 6.1847e-02, 
 2DIAGNOSTIC,    24, -1.293233739348e-01, 2.335245347799e-05, 3.3354e+01, 6.2123e-02, 
 2DIAGNOSTIC,    25, -1.293158912199e-01, 2.204380990008e-05, 3.3418e+01, 6.4259e-02, 
 2DIAGNOSTIC,    26, -1.293209922254e-01, 1.765645846698e-05, 3.3480e+01, 6.2345e-02, 
 2DIAGNOSTIC,    27, -1.293358112092e-01, 1.435113311727e-05, 3.3554e+01, 7.3851e-02, 
 2DIAGNOSTIC,    28, -1.293436478634e-01, 9.791279673814e-06, 3.3628e+01, 7.3432e-02, 
 2DIAGNOSTIC,    29, -1.293435094952e-01, 6.669837487816e-06, 3.3690e+01, 6.2873e-02, 
 2DIAGNOSTIC,    30, -1.293343980720e-01, 3.619814476642e-06, 3.3764e+01, 7.3458e-02, 
 2DIAGNOSTIC,    31, -1.294157697323e-01, 1.036295365394e-05, 3.3826e+01, 6.2293e-02, 
 2DIAGNOSTIC,    32, -1.295497395819e-01, 2.385644579263e-05, 3.3938e+01, 1.1172e-01, 
 2DIAGNOSTIC,    33, -1.295791759772e-01, 3.617704357284e-05, 3.4001e+01, 6.3309e-02, 
 2DIAGNOSTIC,    34, -1.296029868497e-01, 4.608807910158e-05, 3.4086e+01, 8.5244e-02, 
 2DIAGNOSTIC,    35, -1.296604055999e-01, 5.440715675955e-05, 3.4162e+01, 7.5261e-02, 
 2DIAGNOSTIC,    36, -1.296796987821e-01, 5.848335769473e-05, 3.4224e+01, 6.2646e-02, 
 2DIAGNOSTIC,    37, -1.297299827991e-01, 6.058985159921e-05, 3.4322e+01, 9.7958e-02, 
 2DIAGNOSTIC,    38, -1.297498040682e-01, 5.849545065311e-05, 3.4385e+01, 6.3103e-02, 
 2DIAGNOSTIC,    39, -1.297591559519e-01, 5.170938899895e-05, 3.4458e+01, 7.2902e-02, 
 2DIAGNOSTIC,    40, -1.297675866002e-01, 4.034326672149e-05, 3.4531e+01, 7.2423e-02, 
 2DIAGNOSTIC,    41, -1.298018855300e-01, 3.178909850709e-05, 3.4593e+01, 6.2401e-02, 
 2DIAGNOSTIC,    42, -1.297860303233e-01, 2.681585995691e-05, 3.4669e+01, 7.5728e-02, 
 2DIAGNOSTIC,    43, -1.298210210261e-01, 2.292943590283e-05, 3.4743e+01, 7.4098e-02, 
 2DIAGNOSTIC,    44, -1.297998602569e-01, 1.715876796768e-05, 3.4840e+01, 9.7285e-02, 
 2DIAGNOSTIC,    45, -1.298415091039e-01, 1.496816316006e-05, 3.4904e+01, 6.3445e-02, 
 2DIAGNOSTIC,    46, -1.298412781008e-01, 1.230403954726e-05, 3.4978e+01, 7.3927e-02, 
 2DIAGNOSTIC,    47, -1.298490166678e-01, 1.135610842206e-05, 3.5052e+01, 7.4267e-02, 
 2DIAGNOSTIC,    48, -1.298279254844e-01, 9.385673924674e-06, 3.5139e+01, 8.6771e-02, 
 2DIAGNOSTIC,    49, -1.298346873991e-01, 7.415549341520e-06, 3.5237e+01, 9.8218e-02, 
 2DIAGNOSTIC,    50, -1.298413216476e-01, 5.472019523823e-06, 3.5322e+01, 8.5526e-02, 
 2DIAGNOSTIC,    51, -1.298375285252e-01, 4.454750941241e-06, 3.5397e+01, 7.4838e-02, 
 2DIAGNOSTIC,    52, -1.298341098173e-01, 2.279530131679e-06, 3.5472e+01, 7.4330e-02, 
 2DIAGNOSTIC,    53, -1.298519355384e-01, 2.286374792299e-06, 3.5535e+01, 6.3078e-02, 
 2DIAGNOSTIC,    54, -1.298492770989e-01, 1.089278301152e-06, 3.5597e+01, 6.2329e-02, 
 2DIAGNOSTIC,    55, -1.298546505512e-01, 1.764957437471e-06, 3.5672e+01, 7.4673e-02, 
 2DIAGNOSTIC,    56, -1.298557786333e-01, 2.329737902058e-06, 3.5734e+01, 6.2538e-02, 
 2DIAGNOSTIC,    57, -1.298538242363e-01, 2.959402663899e-06, 3.5808e+01, 7.3556e-02, 
 2DIAGNOSTIC,    58, -1.298561738037e-01, 2.614370413524e-06, 3.5884e+01, 7.6609e-02, 
 2DIAGNOSTIC,    59, -1.298511276686e-01, 2.131587043777e-06, 3.5948e+01, 6.3769e-02, 
 2DIAGNOSTIC,    60, -1.298378907889e-01, 1.285193439820e-06, 3.6011e+01, 6.3246e-02, 
DIAGNOSTIC,Iteration,metricValue,convergenceValue,ITERATION_TIME_INDEX,SINCE_LAST
 2DIAGNOSTIC,     1, -1.365961654040e-01, 1.797693134862e+308, 4.3569e+01, 7.5574e+00, 
 2DIAGNOSTIC,     2, -1.371853422096e-01, 1.797693134862e+308, 4.4000e+01, 4.3136e-01, 
 2DIAGNOSTIC,     3, -1.375434802907e-01, 1.797693134862e+308, 4.4430e+01, 4.2986e-01, 
 2DIAGNOSTIC,     4, -1.376944877840e-01, 1.797693134862e+308, 4.4860e+01, 4.2998e-01, 
 2DIAGNOSTIC,     5, -1.378380661980e-01, 1.797693134862e+308, 4.5290e+01, 4.2969e-01, 
 2DIAGNOSTIC,     6, -1.380331503844e-01, 1.797693134862e+308, 4.5808e+01, 5.1811e-01, 
 2DIAGNOSTIC,     7, -1.385924707132e-01, 1.797693134862e+308, 4.6589e+01, 7.8107e-01, 
 2DIAGNOSTIC,     8, -1.386236281793e-01, 1.797693134862e+308, 4.7194e+01, 6.0468e-01, 
 2DIAGNOSTIC,     9, -1.386253008145e-01, 1.797693134862e+308, 4.7708e+01, 5.1452e-01, 
 2DIAGNOSTIC,    10, -1.386256744588e-01, 9.298243149831e-04, 4.8137e+01, 4.2902e-01, 
 2DIAGNOSTIC,    11, -1.386274807331e-01, 6.582436232461e-04, 4.8655e+01, 5.1787e-01, 
 2DIAGNOSTIC,    12, -1.386329662654e-01, 4.725811539661e-04, 4.9082e+01, 4.2677e-01, 
 2DIAGNOSTIC,    13, -1.386379868630e-01, 3.303235711780e-04, 4.9594e+01, 5.1248e-01, 
 2DIAGNOSTIC,    14, -1.386315955316e-01, 2.009976799856e-04, 5.0024e+01, 4.2962e-01, 
 2DIAGNOSTIC,    15, -1.386371412636e-01, 9.155550648403e-05, 5.0454e+01, 4.3049e-01, 
 2DIAGNOSTIC,    16, -1.386465371779e-01, 1.188419304675e-05, 5.0884e+01, 4.2970e-01, 
 2DIAGNOSTIC,    17, -1.386711319082e-01, 1.117236850017e-05, 5.1315e+01, 4.3121e-01, 
 2DIAGNOSTIC,    18, -1.386913895438e-01, 1.548519539070e-05, 5.1742e+01, 4.2644e-01, 
 2DIAGNOSTIC,    19, -1.387148822653e-01, 2.079841843487e-05, 5.2430e+01, 6.8826e-01, 
 2DIAGNOSTIC,    20, -1.387202229318e-01, 2.438578866674e-05, 5.3297e+01, 8.6735e-01, 
 2DIAGNOSTIC,    21, -1.387178897515e-01, 2.545494580476e-05, 5.3814e+01, 5.1656e-01, 
 2DIAGNOSTIC,    22, -1.387205540245e-01, 2.493974247707e-05, 5.4326e+01, 5.1256e-01, 
 2DIAGNOSTIC,    23, -1.387160117715e-01, 2.230254231760e-05, 5.4843e+01, 5.1633e-01, 
 2DIAGNOSTIC,    24, -1.387147760555e-01, 1.727136620047e-05, 5.5272e+01, 4.2886e-01, 
 2DIAGNOSTIC,    25, -1.387177100850e-01, 1.186077224637e-05, 5.5788e+01, 5.1675e-01, 
 2DIAGNOSTIC,    26, -1.387229930274e-01, 7.012168209544e-06, 5.6309e+01, 5.2036e-01, 
 2DIAGNOSTIC,    27, -1.387253587642e-01, 4.001220779072e-06, 5.6739e+01, 4.3075e-01, 
 2DIAGNOSTIC,    28, -1.387247561514e-01, 2.342093178245e-06, 5.7168e+01, 4.2858e-01, 
 2DIAGNOSTIC,    29, -1.387290340622e-01, 2.651509235285e-06, 5.7699e+01, 5.3107e-01, 
 2DIAGNOSTIC,    30, -1.387316846067e-01, 3.331382899166e-06, 5.8215e+01, 5.1578e-01, 
 2DIAGNOSTIC,    31, -1.387323202775e-01, 3.620639445950e-06, 5.8733e+01, 5.1850e-01, 
 2DIAGNOSTIC,    32, -1.387373800367e-01, 4.153729856071e-06, 5.9602e+01, 8.6819e-01, 
 2DIAGNOSTIC,    33, -1.387334920520e-01, 3.833624399090e-06, 6.0026e+01, 4.2487e-01, 
 2DIAGNOSTIC,    34, -1.387321777399e-01, 3.113491933406e-06, 6.0542e+01, 5.1534e-01, 
 2DIAGNOSTIC,    35, -1.387388023695e-01, 2.781097805774e-06, 6.0970e+01, 4.2781e-01, 
 2DIAGNOSTIC,    36, -1.387370546914e-01, 2.472976701366e-06, 6.1484e+01, 5.1397e-01, 
 2DIAGNOSTIC,    37, -1.387371659709e-01, 2.175990632368e-06, 6.1912e+01, 4.2843e-01, 
 2DIAGNOSTIC,    38, -1.387372974746e-01, 1.746970208549e-06, 6.2342e+01, 4.3006e-01, 
 2DIAGNOSTIC,    39, -1.387375536749e-01, 1.491708141288e-06, 6.2859e+01, 5.1700e-01, 
 2DIAGNOSTIC,    40, -1.387382777953e-01, 1.351591865519e-06, 6.3291e+01, 4.3177e-01, 
 2DIAGNOSTIC,    41, -1.387362111802e-01, 1.082501640635e-06, 6.3725e+01, 4.3409e-01, 
 2DIAGNOSTIC,    42, -1.387374702241e-01, 1.119425939711e-06, 6.4242e+01, 5.1761e-01, 
DIAGNOSTIC,Iteration,metricValue,convergenceValue,ITERATION_TIME_INDEX,SINCE_LAST
 2DIAGNOSTIC,     1, -1.597259066128e-01, 1.797693134862e+308, 7.2070e+01, 7.8275e+00, 
  Elapsed time (stage 0): 7.4596e+01


Stage 1
  iterations = 1000x500x250x0
  convergence threshold = 1.0000e-06
  convergence window size = 10
  number of levels = 4
  using the Mattes MI metric (number of bins = 32, weight = 1.0000e+00)
  preprocessing:  winsorizing the image intensities
  Shrink factors (level 1 out of 4): [12, 12, 5]
  Shrink factors (level 2 out of 4): [8, 8, 3]
  Shrink factors (level 3 out of 4): [4, 4, 2]
  Shrink factors (level 4 out of 4): [2, 2, 1]
  smoothing sigmas per level: [4, 3, 2, 1]
  regular sampling (percentage = 2.5000e-01)

*** Running AffineTransform registration ***

DIAGNOSTIC,Iteration,metricValue,convergenceValue,ITERATION_TIME_INDEX,SINCE_LAST
 2DIAGNOSTIC,     1, -1.347671539761e-01, 1.797693134862e+308, 1.7441e+01, 1.7441e+01, 
 2DIAGNOSTIC,     2, -1.353486074974e-01, 1.797693134862e+308, 1.7459e+01, 1.8855e-02, 
 2DIAGNOSTIC,     3, -1.364364788562e-01, 1.797693134862e+308, 1.7478e+01, 1.8873e-02, 
 2DIAGNOSTIC,     4, -1.380896033037e-01, 1.797693134862e+308, 1.7497e+01, 1.9168e-02, 
 2DIAGNOSTIC,     5, -1.399308659579e-01, 1.797693134862e+308, 1.7517e+01, 1.9342e-02, 
 2DIAGNOSTIC,     6, -1.422806420711e-01, 1.797693134862e+308, 1.7540e+01, 2.2750e-02, 
 2DIAGNOSTIC,     7, -1.447423766876e-01, 1.797693134862e+308, 1.7573e+01, 3.3679e-02, 
 2DIAGNOSTIC,     8, -1.449420556556e-01, 1.797693134862e+308, 1.7593e+01, 1.9511e-02, 
 2DIAGNOSTIC,     9, -1.451845076495e-01, 1.797693134862e+308, 1.7613e+01, 1.9874e-02, 
 2DIAGNOSTIC,    10, -1.460637469325e-01, 5.929542752028e-03, 1.7632e+01, 1.9688e-02, 
 2DIAGNOSTIC,    11, -1.466429778229e-01, 5.018623251460e-03, 1.7656e+01, 2.3492e-02, 
 2DIAGNOSTIC,    12, -1.474012245536e-01, 4.032734826584e-03, 1.7680e+01, 2.3747e-02, 
 2DIAGNOSTIC,    13, -1.480708127778e-01, 3.110094585529e-03, 1.7714e+01, 3.4758e-02, 
 2DIAGNOSTIC,    14, -1.484287669292e-01, 2.329413630056e-03, 1.7734e+01, 1.9927e-02, 
 2DIAGNOSTIC,    15, -1.497305243322e-01, 1.854191863323e-03, 1.7754e+01, 2.0055e-02, 
 2DIAGNOSTIC,    16, -1.512702981625e-01, 1.738837048878e-03, 1.7775e+01, 2.1048e-02, 
 2DIAGNOSTIC,    17, -1.527059098322e-01, 1.925888695051e-03, 1.7796e+01, 2.0717e-02, 
 2DIAGNOSTIC,    18, -1.540615848008e-01, 2.082067980030e-03, 1.7827e+01, 3.1174e-02, 
 2DIAGNOSTIC,    19, -1.544339359785e-01, 2.090098735526e-03, 1.7851e+01, 2.3746e-02, 
 2DIAGNOSTIC,    20, -1.545196373427e-01, 1.998187646985e-03, 1.7878e+01, 2.7414e-02, 
 2DIAGNOSTIC,    21, -1.545662869061e-01, 1.786145068573e-03, 1.7906e+01, 2.7510e-02, 
 2DIAGNOSTIC,    22, -1.545399682682e-01, 1.490749691076e-03, 1.7930e+01, 2.4126e-02, 
 2DIAGNOSTIC,    23, -1.545102212154e-01, 1.137505468078e-03, 1.7950e+01, 2.0450e-02, 
 2DIAGNOSTIC,    24, -1.545185266921e-01, 7.378904591777e-04, 1.7971e+01, 2.0271e-02, 
 2DIAGNOSTIC,    25, -1.546043713117e-01, 4.089970536426e-04, 1.7991e+01, 2.0421e-02, 
 2DIAGNOSTIC,    26, -1.546398528050e-01, 1.831426240495e-04, 1.8015e+01, 2.3934e-02, 
 2DIAGNOSTIC,    27, -1.548409207156e-01, 7.172673519060e-05, 1.8039e+01, 2.4062e-02, 
 2DIAGNOSTIC,    28, -1.549325062966e-01, 6.020738942233e-05, 1.8060e+01, 2.0485e-02, 
 2DIAGNOSTIC,    29, -1.550413832287e-01, 7.555184521556e-05, 1.8083e+01, 2.3839e-02, 
 2DIAGNOSTIC,    30, -1.551987882722e-01, 9.812628570978e-05, 1.8107e+01, 2.3936e-02, 
 2DIAGNOSTIC,    31, -1.552462652750e-01, 1.156290921732e-04, 1.8128e+01, 2.0323e-02, 
 2DIAGNOSTIC,    32, -1.555237680525e-01, 1.361479240411e-04, 1.8155e+01, 2.7498e-02, 
 2DIAGNOSTIC,    33, -1.556812360081e-01, 1.495788051741e-04, 1.8179e+01, 2.3964e-02, 
 2DIAGNOSTIC,    34, -1.557943536308e-01, 1.547756264586e-04, 1.8203e+01, 2.4198e-02, 
 2DIAGNOSTIC,    35, -1.559061731997e-01, 1.559371521954e-04, 1.8224e+01, 2.0749e-02, 
 2DIAGNOSTIC,    36, -1.560096020057e-01, 1.493797968771e-04, 1.8245e+01, 2.0548e-02, 
 2DIAGNOSTIC,    37, -1.566283182950e-01, 1.708144636671e-04, 1.8270e+01, 2.5393e-02, 
 2DIAGNOSTIC,    38, -1.575137186584e-01, 2.225460870422e-04, 1.8298e+01, 2.8381e-02, 
 2DIAGNOSTIC,    39, -1.576491361000e-01, 2.613280261891e-04, 1.8334e+01, 3.5445e-02, 
 2DIAGNOSTIC,    40, -1.577846771629e-01, 2.879617411740e-04, 1.8355e+01, 2.1085e-02, 
 2DIAGNOSTIC,    41, -1.581203079694e-01, 3.036171168427e-04, 1.8376e+01, 2.1241e-02, 
 2DIAGNOSTIC,    42, -1.583508557717e-01, 3.114137968883e-04, 1.8401e+01, 2.4650e-02, 
 2DIAGNOSTIC,    43, -1.584523837829e-01, 2.997043147313e-04, 1.8426e+01, 2.4717e-02, 
 2DIAGNOSTIC,    44, -1.584051004149e-01, 2.631331635853e-04, 1.8447e+01, 2.1172e-02, 
 2DIAGNOSTIC,    45, -1.585970359128e-01, 2.167331512373e-04, 1.8472e+01, 2.4835e-02, 
 2DIAGNOSTIC,    46, -1.592750182624e-01, 1.829448466923e-04, 1.8500e+01, 2.8828e-02, 
 2DIAGNOSTIC,    47, -1.596646476934e-01, 1.715956124246e-04, 1.8547e+01, 4.7067e-02, 
 2DIAGNOSTIC,    48, -1.596450582218e-01, 1.781558302256e-04, 1.8569e+01, 2.1335e-02, 
 2DIAGNOSTIC,    49, -1.596545636206e-01, 1.737312574501e-04, 1.8590e+01, 2.1268e-02, 
 2DIAGNOSTIC,    50, -1.596667512346e-01, 1.582475189817e-04, 1.8611e+01, 2.1396e-02, 
 2DIAGNOSTIC,    51, -1.596806829581e-01, 1.403357410875e-04, 1.8633e+01, 2.1413e-02, 
 2DIAGNOSTIC,    52, -1.596941070653e-01, 1.181544188565e-04, 1.8654e+01, 2.1346e-02, 
 2DIAGNOSTIC,    53, -1.597250339269e-01, 9.070569482595e-05, 1.8675e+01, 2.1055e-02, 
 2DIAGNOSTIC,    54, -1.596029258273e-01, 5.013663730750e-05, 1.8696e+01, 2.1056e-02, 
 2DIAGNOSTIC,    55, -1.596122404120e-01, 1.277124344156e-05, 1.8721e+01, 2.4399e-02, 
DIAGNOSTIC,Iteration,metricValue,convergenceValue,ITERATION_TIME_INDEX,SINCE_LAST
 2DIAGNOSTIC,     1, -1.200940521478e-01, 1.797693134862e+308, 3.2059e+01, 1.3338e+01, 
 2DIAGNOSTIC,     2, -1.207354515578e-01, 1.797693134862e+308, 3.2147e+01, 8.7622e-02, 
 2DIAGNOSTIC,     3, -1.215518090354e-01, 1.797693134862e+308, 3.2233e+01, 8.6467e-02, 
 2DIAGNOSTIC,     4, -1.223176014057e-01, 1.797693134862e+308, 3.2323e+01, 8.9441e-02, 
 2DIAGNOSTIC,     5, -1.228916761041e-01, 1.797693134862e+308, 3.2412e+01, 8.9386e-02, 
 2DIAGNOSTIC,     6, -1.236227332668e-01, 1.797693134862e+308, 3.2502e+01, 8.9617e-02, 
 2DIAGNOSTIC,     7, -1.246859039648e-01, 1.797693134862e+308, 3.2603e+01, 1.0127e-01, 
 2DIAGNOSTIC,     8, -1.269715930925e-01, 1.797693134862e+308, 3.2772e+01, 1.6912e-01, 
 2DIAGNOSTIC,     9, -1.292610841089e-01, 1.797693134862e+308, 3.2875e+01, 1.0304e-01, 
 2DIAGNOSTIC,    10, -1.305238951319e-01, 5.242861305294e-03, 3.2969e+01, 9.3821e-02, 
 2DIAGNOSTIC,    11, -1.336656806851e-01, 5.727826817335e-03, 3.3078e+01, 1.0952e-01, 
 2DIAGNOSTIC,    12, -1.361614343447e-01, 6.183322146858e-03, 3.3218e+01, 1.3997e-01, 
 2DIAGNOSTIC,    13, -1.366071042644e-01, 6.213247362546e-03, 3.3313e+01, 9.5140e-02, 
 2DIAGNOSTIC,    14, -1.376578236906e-01, 5.967346529613e-03, 3.3406e+01, 9.3017e-02, 
 2DIAGNOSTIC,    15, -1.394454954913e-01, 5.559027328641e-03, 3.3518e+01, 1.1165e-01, 
 2DIAGNOSTIC,    16, -1.399808985274e-01, 4.863187404230e-03, 3.3643e+01, 1.2451e-01, 
 2DIAGNOSTIC,    17, -1.409917040031e-01, 4.069258914411e-03, 3.3744e+01, 1.0162e-01, 
 2DIAGNOSTIC,    18, -1.418875396019e-01, 3.378885621650e-03, 3.3899e+01, 1.5526e-01, 
 2DIAGNOSTIC,    19, -1.422273686138e-01, 2.756593751359e-03, 3.4016e+01, 1.1615e-01, 
 2DIAGNOSTIC,    20, -1.423413949781e-01, 2.087412800486e-03, 3.4187e+01, 1.7182e-01, 
 2DIAGNOSTIC,    21, -1.423634728633e-01, 1.611771801845e-03, 3.4283e+01, 9.5495e-02, 
 2DIAGNOSTIC,    22, -1.424246558628e-01, 1.282964876902e-03, 3.4378e+01, 9.4761e-02, 
 2DIAGNOSTIC,    23, -1.425381459909e-01, 9.153084252259e-04, 3.4473e+01, 9.4896e-02, 
 2DIAGNOSTIC,    24, -1.426877521576e-01, 5.978744044677e-04, 3.4574e+01, 1.0106e-01, 
 2DIAGNOSTIC,    25, -1.428893405282e-01, 4.211128155125e-04, 3.4672e+01, 9.8616e-02, 
 2DIAGNOSTIC,    26, -1.431735902525e-01, 2.849003995173e-04, 3.4775e+01, 1.0296e-01, 
 2DIAGNOSTIC,    27, -1.436185078094e-01, 2.447117379112e-04, 3.4876e+01, 1.0027e-01, 
 2DIAGNOSTIC,    28, -1.441577691593e-01, 2.913581384611e-04, 3.4972e+01, 9.6046e-02, 
 2DIAGNOSTIC,    29, -1.449537485564e-01, 3.886632331516e-04, 3.5113e+01, 1.4115e-01, 
 2DIAGNOSTIC,    30, -1.451530038949e-01, 4.635031851328e-04, 3.5208e+01, 9.4997e-02, 
 2DIAGNOSTIC,    31, -1.455440176279e-01, 5.178432122457e-04, 3.5337e+01, 1.2886e-01, 
 2DIAGNOSTIC,    32, -1.459158888267e-01, 5.475877850638e-04, 3.5497e+01, 1.6073e-01, 
 2DIAGNOSTIC,    33, -1.459943054839e-01, 5.349137610359e-04, 3.5602e+01, 1.0456e-01, 
 2DIAGNOSTIC,    34, -1.463824411838e-01, 5.051048419143e-04, 3.5700e+01, 9.8618e-02, 
 2DIAGNOSTIC,    35, -1.467468101822e-01, 4.624497700042e-04, 3.5814e+01, 1.1380e-01, 
 2DIAGNOSTIC,    36, -1.470203465840e-01, 4.101890342859e-04, 3.5913e+01, 9.8401e-02, 
 2DIAGNOSTIC,    37, -1.473220398794e-01, 3.632862569220e-04, 3.6009e+01, 9.6504e-02, 
 2DIAGNOSTIC,    38, -1.476204839039e-01, 3.290343238303e-04, 3.6122e+01, 1.1232e-01, 
 2DIAGNOSTIC,    39, -1.484942535240e-01, 3.532743625053e-04, 3.6329e+01, 2.0716e-01, 
 2DIAGNOSTIC,    40, -1.485437548848e-01, 3.538647397671e-04, 3.6424e+01, 9.5357e-02, 
 2DIAGNOSTIC,    41, -1.486433369424e-01, 3.454864502928e-04, 3.6535e+01, 1.1053e-01, 
 2DIAGNOSTIC,    42, -1.487168624477e-01, 3.270127019161e-04, 3.6654e+01, 1.1899e-01, 
 2DIAGNOSTIC,    43, -1.487233331154e-01, 2.818126387398e-04, 3.6754e+01, 1.0009e-01, 
 2DIAGNOSTIC,    44, -1.488019786985e-01, 2.328759077714e-04, 3.6869e+01, 1.1525e-01, 
 2DIAGNOSTIC,    45, -1.488985774441e-01, 1.847307961358e-04, 3.6964e+01, 9.4876e-02, 
 2DIAGNOSTIC,    46, -1.489995712012e-01, 1.380252982527e-04, 3.7057e+01, 9.3554e-02, 
 2DIAGNOSTIC,    47, -1.490802897830e-01, 9.685977000896e-05, 3.7168e+01, 1.1031e-01, 
 2DIAGNOSTIC,    48, -1.491204602714e-01, 6.165318578587e-05, 3.7264e+01, 9.6169e-02, 
 2DIAGNOSTIC,    49, -1.492448137596e-01, 6.341846395204e-05, 3.7359e+01, 9.5692e-02, 
 2DIAGNOSTIC,    50, -1.493667611937e-01, 6.579690378999e-05, 3.7485e+01, 1.2568e-01, 
 2DIAGNOSTIC,    51, -1.494040302203e-01, 6.708226119193e-05, 3.7639e+01, 1.5417e-01, 
 2DIAGNOSTIC,    52, -1.494247930159e-01, 6.572022577157e-05, 3.7740e+01, 1.0070e-01, 
 2DIAGNOSTIC,    53, -1.494472740942e-01, 5.931156443224e-05, 3.7843e+01, 1.0345e-01, 
 2DIAGNOSTIC,    54, -1.495016620683e-01, 5.238402209949e-05, 3.7967e+01, 1.2332e-01, 
 2DIAGNOSTIC,    55, -1.495641596828e-01, 4.639488441107e-05, 3.8090e+01, 1.2296e-01, 
 2DIAGNOSTIC,    56, -1.496032077598e-01, 4.119874383304e-05, 3.8182e+01, 9.2447e-02, 
 2DIAGNOSTIC,    57, -1.496104630953e-01, 3.547499671029e-05, 3.8290e+01, 1.0825e-01, 
 2DIAGNOSTIC,    58, -1.496242736734e-01, 2.844492625079e-05, 3.8397e+01, 1.0629e-01, 
 2DIAGNOSTIC,    59, -1.496365828153e-01, 2.350530816831e-05, 3.8489e+01, 9.2494e-02, 
 2DIAGNOSTIC,    60, -1.497135073898e-01, 2.310271755019e-05, 3.8611e+01, 1.2183e-01, 
 2DIAGNOSTIC,    61, -1.497848369213e-01, 2.403418348621e-05, 3.8966e+01, 3.5483e-01, 
 2DIAGNOSTIC,    62, -1.497848363124e-01, 2.333816215453e-05, 3.9056e+01, 9.0249e-02, 
 2DIAGNOSTIC,    63, -1.497848394049e-01, 2.123672797134e-05, 3.9148e+01, 9.2301e-02, 
 2DIAGNOSTIC,    64, -1.497848446335e-01, 1.888865948553e-05, 3.9240e+01, 9.1670e-02, 
 2DIAGNOSTIC,    65, -1.497848534730e-01, 1.669095145831e-05, 3.9333e+01, 9.2953e-02, 
 2DIAGNOSTIC,    66, -1.497848684045e-01, 1.414415106380e-05, 3.9426e+01, 9.2992e-02, 
 2DIAGNOSTIC,    67, -1.497848935514e-01, 1.060203128662e-05, 3.9531e+01, 1.0476e-01, 
 2DIAGNOSTIC,    68, -1.497849360254e-01, 6.651796022800e-06, 3.9625e+01, 9.3738e-02, 
 2DIAGNOSTIC,    69, -1.497850075726e-01, 2.545606109784e-06, 3.9715e+01, 9.0028e-02, 
DIAGNOSTIC,Iteration,metricValue,convergenceValue,ITERATION_TIME_INDEX,SINCE_LAST
 2DIAGNOSTIC,     1, -1.250179303823e-01, 1.797693134862e+308, 4.7368e+01, 7.6534e+00, 
 2DIAGNOSTIC,     2, -1.256704278322e-01, 1.797693134862e+308, 4.7932e+01, 5.6404e-01, 
 2DIAGNOSTIC,     3, -1.267412491332e-01, 1.797693134862e+308, 4.8504e+01, 5.7243e-01, 
 2DIAGNOSTIC,     4, -1.281243603893e-01, 1.797693134862e+308, 4.9076e+01, 5.7192e-01, 
 2DIAGNOSTIC,     5, -1.293931648058e-01, 1.797693134862e+308, 4.9640e+01, 5.6365e-01, 
 2DIAGNOSTIC,     6, -1.299774673422e-01, 1.797693134862e+308, 5.0203e+01, 5.6264e-01, 
 2DIAGNOSTIC,     7, -1.304279227877e-01, 1.797693134862e+308, 5.0767e+01, 5.6461e-01, 
 2DIAGNOSTIC,     8, -1.310239807425e-01, 1.797693134862e+308, 5.1645e+01, 8.7721e-01, 
 2DIAGNOSTIC,     9, -1.311636676305e-01, 1.797693134862e+308, 5.2218e+01, 5.7335e-01, 
 2DIAGNOSTIC,    10, -1.312608866840e-01, 3.359735455303e-03, 5.2884e+01, 6.6591e-01, 
 2DIAGNOSTIC,    11, -1.312984262286e-01, 2.513805614273e-03, 5.3458e+01, 5.7379e-01, 
 2DIAGNOSTIC,    12, -1.313791757837e-01, 1.719934267417e-03, 5.4022e+01, 5.6433e-01, 
 2DIAGNOSTIC,    13, -1.316841340169e-01, 1.122676704708e-03, 5.4993e+01, 9.7138e-01, 
 2DIAGNOSTIC,    14, -1.317754351720e-01, 7.359911338991e-04, 5.5660e+01, 6.6662e-01, 
 2DIAGNOSTIC,    15, -1.317942384431e-01, 5.225038265849e-04, 5.6328e+01, 6.6771e-01, 
 2DIAGNOSTIC,    16, -1.318614696185e-01, 3.776008771534e-04, 5.6893e+01, 5.6536e-01, 
 2DIAGNOSTIC,    17, -1.318939474994e-01, 2.753834521064e-04, 5.7459e+01, 5.6555e-01, 
 2DIAGNOSTIC,    18, -1.319564634019e-01, 2.383837473870e-04, 5.8330e+01, 8.7143e-01, 
 2DIAGNOSTIC,    19, -1.320055321546e-01, 2.046301047798e-04, 5.8896e+01, 5.6572e-01, 
 2DIAGNOSTIC,    20, -1.320270850484e-01, 1.688185529279e-04, 5.9563e+01, 6.6734e-01, 
 2DIAGNOSTIC,    21, -1.320731499330e-01, 1.298286904056e-04, 6.0337e+01, 7.7421e-01, 
 2DIAGNOSTIC,    22, -1.321013068258e-01, 9.238143777137e-05, 6.1006e+01, 6.6868e-01, 
 2DIAGNOSTIC,    23, -1.321424048489e-01, 8.223816069205e-05, 6.1574e+01, 5.6778e-01, 
 2DIAGNOSTIC,    24, -1.321661039133e-01, 7.576238528972e-05, 6.2142e+01, 5.6872e-01, 
 2DIAGNOSTIC,    25, -1.321832035504e-01, 6.586456265317e-05, 6.2709e+01, 5.6615e-01, 
 2DIAGNOSTIC,    26, -1.322069631880e-01, 5.828293507500e-05, 6.3377e+01, 6.6876e-01, 
 2DIAGNOSTIC,    27, -1.322230191197e-01, 4.966344712985e-05, 6.5777e+01, 2.3996e+00, 
 2DIAGNOSTIC,    28, -1.322230173608e-01, 4.185380673875e-05, 6.6343e+01, 5.6589e-01, 
 2DIAGNOSTIC,    29, -1.322230190607e-01, 3.444603657618e-05, 6.6910e+01, 5.6728e-01, 
 2DIAGNOSTIC,    30, -1.322230219347e-01, 2.590793269050e-05, 6.7477e+01, 5.6727e-01, 
 2DIAGNOSTIC,    31, -1.322230267958e-01, 1.876860662545e-05, 6.8046e+01, 5.6898e-01, 
 2DIAGNOSTIC,    32, -1.322230350275e-01, 1.224294195499e-05, 6.8612e+01, 5.6541e-01, 
 2DIAGNOSTIC,    33, -1.322230489577e-01, 7.742517587825e-06, 6.9177e+01, 5.6520e-01, 
 2DIAGNOSTIC,    34, -1.322230725285e-01, 4.382903041888e-06, 6.9743e+01, 5.6558e-01, 
 2DIAGNOSTIC,    35, -1.322241236671e-01, 1.983957635933e-06, 7.0309e+01, 5.6643e-01, 
 2DIAGNOSTIC,    36, -1.322241902027e-01, 1.022566909099e-06, 7.0874e+01, 5.6546e-01, 
 2DIAGNOSTIC,    37, -1.322243022880e-01, 1.048369638615e-06, 7.1440e+01, 5.6523e-01, 
 2DIAGNOSTIC,    38, -1.322244917648e-01, 1.067012879472e-06, 7.2008e+01, 5.6794e-01, 
 2DIAGNOSTIC,    39, -1.322263924729e-01, 1.168629865881e-06, 7.2574e+01, 5.6625e-01, 
 2DIAGNOSTIC,    40, -1.322273147148e-01, 1.278442683668e-06, 7.3346e+01, 7.7207e-01, 
 2DIAGNOSTIC,    41, -1.322275109099e-01, 1.347635908696e-06, 7.4013e+01, 6.6717e-01, 
 2DIAGNOSTIC,    42, -1.322244881660e-01, 1.206719736805e-06, 7.4579e+01, 5.6599e-01, 
DIAGNOSTIC,Iteration,metricValue,convergenceValue,ITERATION_TIME_INDEX,SINCE_LAST
 2DIAGNOSTIC,     1, -1.257321211387e-01, 1.797693134862e+308, 8.3278e+01, 8.6992e+00, 
  Elapsed time (stage 1): 8.5561e+01


Stage 2
  iterations = 100x100x70x50x0
  convergence threshold = 1.0000e-06
  convergence window size = 10
  number of levels = 5
  using the Mattes MI metric (number of bins = 32, weight = 1.0000e+00)
  preprocessing:  winsorizing the image intensities
  Shrink factors (level 1 out of 5): [10, 10, 4]
  Shrink factors (level 2 out of 5): [6, 6, 2]
  Shrink factors (level 3 out of 5): [4, 4, 2]
  Shrink factors (level 4 out of 5): [2, 2, 1]
  Shrink factors (level 5 out of 5): [1, 1, 1]
  smoothing sigmas per level: [5, 3, 2, 1, 0]
  Using default NONE metricSamplingStrategy 

*** Running SyN registration (varianceForUpdateField = 3.0000e+00, varianceForTotalField = 0.0000e+00) ***

XXDIAGNOSTIC,Iteration,metricValue,convergenceValue,ITERATION_TIME_INDEX,SINCE_LAST
 1DIAGNOSTIC,     1, -1.784321157795e-01, 1.797693134862e+308, 2.4281e+01, 2.4281e+01, 
 1DIAGNOSTIC,     2, -1.799044023786e-01, 1.797693134862e+308, 2.4537e+01, 2.5614e-01, 
 1DIAGNOSTIC,     3, -1.811376083761e-01, 1.797693134862e+308, 2.4791e+01, 2.5440e-01, 
 1DIAGNOSTIC,     4, -1.824069686845e-01, 1.797693134862e+308, 2.5048e+01, 2.5647e-01, 
 1DIAGNOSTIC,     5, -1.831637975626e-01, 1.797693134862e+308, 2.5303e+01, 2.5506e-01, 
 1DIAGNOSTIC,     6, -1.838756504049e-01, 1.797693134862e+308, 2.5554e+01, 2.5119e-01, 
 1DIAGNOSTIC,     7, -1.845377704778e-01, 1.797693134862e+308, 2.5811e+01, 2.5700e-01, 
 1DIAGNOSTIC,     8, -1.855995825304e-01, 1.797693134862e+308, 2.6067e+01, 2.5548e-01, 
 1DIAGNOSTIC,     9, -1.865280377452e-01, 1.797693134862e+308, 2.6323e+01, 2.5633e-01, 
 1DIAGNOSTIC,    10, -1.869605738795e-01, 2.881675775560e-03, 2.6578e+01, 2.5536e-01, 
 1DIAGNOSTIC,    11, -1.876852126324e-01, 2.395583654307e-03, 2.6835e+01, 2.5650e-01, 
 1DIAGNOSTIC,    12, -1.883571292897e-01, 2.050032458959e-03, 2.7090e+01, 2.5563e-01, 
 1DIAGNOSTIC,    13, -1.888724498310e-01, 1.776109324268e-03, 2.7347e+01, 2.5668e-01, 
 1DIAGNOSTIC,    14, -1.894343048304e-01, 1.580235888711e-03, 2.7604e+01, 2.5659e-01, 
 1DIAGNOSTIC,    15, -1.901132033111e-01, 1.413133112226e-03, 2.7860e+01, 2.5631e-01, 
 1DIAGNOSTIC,    16, -1.905924315326e-01, 1.251041068963e-03, 2.8116e+01, 2.5602e-01, 
 1DIAGNOSTIC,    17, -1.909990753592e-01, 1.087541125057e-03, 2.8373e+01, 2.5683e-01, 
 1DIAGNOSTIC,    18, -1.915670679942e-01, 9.791677579055e-04, 2.8630e+01, 2.5663e-01, 
 1DIAGNOSTIC,    19, -1.921433246274e-01, 9.118660115427e-04, 2.8886e+01, 2.5672e-01, 
 1DIAGNOSTIC,    20, -1.924790432756e-01, 8.237130193202e-04, 2.9143e+01, 2.5646e-01, 
 1DIAGNOSTIC,    21, -1.929768556997e-01, 7.554151341979e-04, 2.9400e+01, 2.5726e-01, 
 1DIAGNOSTIC,    22, -1.934676223838e-01, 7.027461949614e-04, 2.9657e+01, 2.5688e-01, 
 1DIAGNOSTIC,    23, -1.940706878712e-01, 6.618056266747e-04, 2.9914e+01, 2.5731e-01, 
 1DIAGNOSTIC,    24, -1.945330055000e-01, 6.255836966113e-04, 3.0176e+01, 2.6175e-01, 
 1DIAGNOSTIC,    25, -1.947186667257e-01, 5.855951302449e-04, 3.0438e+01, 2.6238e-01, 
 1DIAGNOSTIC,    26, -1.950027948362e-01, 5.383396968547e-04, 3.0699e+01, 2.6117e-01, 
 1DIAGNOSTIC,    27, -1.952091511667e-01, 4.775393445344e-04, 3.0961e+01, 2.6176e-01, 
 1DIAGNOSTIC,    28, -1.952388451105e-01, 4.075191167778e-04, 3.1223e+01, 2.6183e-01, 
 1DIAGNOSTIC,    29, -1.955195706375e-01, 3.485301026751e-04, 3.1485e+01, 2.6215e-01, 
 1DIAGNOSTIC,    30, -1.956583242276e-01, 2.840809795093e-04, 3.1747e+01, 2.6161e-01, 
 1DIAGNOSTIC,    31, -1.958885329473e-01, 2.320903591123e-04, 3.2009e+01, 2.6246e-01, 
 1DIAGNOSTIC,    32, -1.960547580875e-01, 1.916847923248e-04, 3.2271e+01, 2.6148e-01, 
 1DIAGNOSTIC,    33, -1.962225390892e-01, 1.702987198290e-04, 3.2533e+01, 2.6201e-01, 
 1DIAGNOSTIC,    34, -1.965570106621e-01, 1.690388256170e-04, 3.2794e+01, 2.6131e-01, 
 1DIAGNOSTIC,    35, -1.967089793986e-01, 1.656879688447e-04, 3.3056e+01, 2.6186e-01, 
 1DIAGNOSTIC,    36, -1.969977376664e-01, 1.704568304593e-04, 3.3317e+01, 2.6148e-01, 
 1DIAGNOSTIC,    37, -1.971249392497e-01, 1.722499949262e-04, 3.3579e+01, 2.6138e-01, 
 1DIAGNOSTIC,    38, -1.973532769868e-01, 1.675467944492e-04, 3.3841e+01, 2.6262e-01, 
 1DIAGNOSTIC,    39, -1.973380296635e-01, 1.571319457074e-04, 3.4103e+01, 2.6191e-01, 
 1DIAGNOSTIC,    40, -1.974255541433e-01, 1.407114584263e-04, 3.4366e+01, 2.6253e-01, 
 1DIAGNOSTIC,    41, -1.975704689208e-01, 1.252847106160e-04, 3.4628e+01, 2.6225e-01, 
 1DIAGNOSTIC,    42, -1.975755131784e-01, 1.045871386364e-04, 3.4890e+01, 2.6202e-01, 
 1DIAGNOSTIC,    43, -1.976844887135e-01, 8.436610514505e-05, 3.5152e+01, 2.6155e-01, 
 1DIAGNOSTIC,    44, -1.977176400279e-01, 6.947189609642e-05, 3.5414e+01, 2.6261e-01, 
 1DIAGNOSTIC,    45, -1.979240155838e-01, 6.033133482447e-05, 3.5676e+01, 2.6162e-01, 
 1DIAGNOSTIC,    46, -1.979652002804e-01, 5.626758308343e-05, 3.5939e+01, 2.6301e-01, 
 1DIAGNOSTIC,    47, -1.979054786742e-01, 4.904888679984e-05, 3.6202e+01, 2.6300e-01, 
 1DIAGNOSTIC,    48, -1.979314767518e-01, 4.557110105357e-05, 3.6464e+01, 2.6253e-01, 
 1DIAGNOSTIC,    49, -1.981037080516e-01, 4.257445003092e-05, 3.6728e+01, 2.6332e-01, 
 1DIAGNOSTIC,    50, -1.982289918667e-01, 4.162371295919e-05, 3.6991e+01, 2.6283e-01, 
 1DIAGNOSTIC,    51, -1.982674007788e-01, 4.206930696168e-05, 3.7253e+01, 2.6265e-01, 
 1DIAGNOSTIC,    52, -1.981543402786e-01, 3.559389139676e-05, 3.7517e+01, 2.6329e-01, 
 1DIAGNOSTIC,    53, -1.982673318184e-01, 3.238370201787e-05, 3.7780e+01, 2.6334e-01, 
 1DIAGNOSTIC,    54, -1.984353346634e-01, 3.135575305328e-05, 3.8044e+01, 2.6423e-01, 
 1DIAGNOSTIC,    55, -1.983464095770e-01, 3.029963254312e-05, 3.8308e+01, 2.6389e-01, 
 1DIAGNOSTIC,    56, -1.984382459689e-01, 3.020167671298e-05, 3.8571e+01, 2.6266e-01, 
 1DIAGNOSTIC,    57, -1.984479805524e-01, 2.606941270174e-05, 3.8834e+01, 2.6346e-01, 
 1DIAGNOSTIC,    58, -1.986589858044e-01, 2.549906728820e-05, 3.9097e+01, 2.6256e-01, 
 1DIAGNOSTIC,    59, -1.986058842289e-01, 2.521194395332e-05, 3.9360e+01, 2.6354e-01, 
 1DIAGNOSTIC,    60, -1.987750831387e-01, 2.987193218132e-05, 3.9623e+01, 2.6304e-01, 
 1DIAGNOSTIC,    61, -1.988291923658e-01, 3.387838117264e-05, 3.9889e+01, 2.6622e-01, 
 1DIAGNOSTIC,    62, -1.989291067123e-01, 3.413037918684e-05, 4.0153e+01, 2.6326e-01, 
 1DIAGNOSTIC,    63, -1.988845169956e-01, 3.256486245464e-05, 4.0417e+01, 2.6398e-01, 
 1DIAGNOSTIC,    64, -1.991234307567e-01, 3.743735486488e-05, 4.0680e+01, 2.6283e-01, 
 1DIAGNOSTIC,    65, -1.991925844311e-01, 3.798194317576e-05, 4.0944e+01, 2.6455e-01, 
 1DIAGNOSTIC,    66, -1.992435524696e-01, 3.806182985576e-05, 4.1207e+01, 2.6325e-01, 
 1DIAGNOSTIC,    67, -1.992471059832e-01, 3.475922199199e-05, 4.1472e+01, 2.6505e-01, 
 1DIAGNOSTIC,    68, -1.991971064845e-01, 3.183984036694e-05, 4.1736e+01, 2.6372e-01, 
 1DIAGNOSTIC,    69, -1.991958079805e-01, 2.473878346687e-05, 4.2000e+01, 2.6386e-01, 
 1DIAGNOSTIC,    70, -1.993385488989e-01, 2.194379323104e-05, 4.2265e+01, 2.6466e-01, 
 1DIAGNOSTIC,    71, -1.994597507741e-01, 2.065431342155e-05, 4.2531e+01, 2.6644e-01, 
 1DIAGNOSTIC,    72, -1.995369718317e-01, 2.111979683500e-05, 4.2796e+01, 2.6493e-01, 
 1DIAGNOSTIC,    73, -1.994746033098e-01, 1.738317818658e-05, 4.3062e+01, 2.6559e-01, 
 1DIAGNOSTIC,    74, -1.995480305988e-01, 1.834062762961e-05, 4.3326e+01, 2.6411e-01, 
 1DIAGNOSTIC,    75, -1.995124966736e-01, 1.806931080975e-05, 4.3590e+01, 2.6456e-01, 
 1DIAGNOSTIC,    76, -1.994620843653e-01, 1.606228091604e-05, 4.3855e+01, 2.6501e-01, 
 1DIAGNOSTIC,    77, -1.995822523713e-01, 1.502784263197e-05, 4.4119e+01, 2.6320e-01, 
 1DIAGNOSTIC,    78, -1.996456633217e-01, 1.285391541143e-05, 4.4383e+01, 2.6464e-01, 
 1DIAGNOSTIC,    79, -1.996191306343e-01, 8.958732692204e-06, 4.4647e+01, 2.6380e-01, 
 1DIAGNOSTIC,    80, -1.996044380054e-01, 6.678947481950e-06, 4.4911e+01, 2.6452e-01, 
 1DIAGNOSTIC,    81, -1.996693412893e-01, 7.197149614811e-06, 4.5175e+01, 2.6383e-01, 
 1DIAGNOSTIC,    82, -1.996290540536e-01, 7.658774896875e-06, 4.5441e+01, 2.6597e-01, 
 1DIAGNOSTIC,    83, -1.996702925415e-01, 6.982539610767e-06, 4.5704e+01, 2.6293e-01, 
 1DIAGNOSTIC,    84, -1.996017626116e-01, 5.806107100098e-06, 4.5969e+01, 2.6467e-01, 
 1DIAGNOSTIC,    85, -1.998145305584e-01, 7.268975403244e-06, 4.6232e+01, 2.6321e-01, 
 1DIAGNOSTIC,    86, -1.997879280856e-01, 6.555105202460e-06, 4.6496e+01, 2.6360e-01, 
 1DIAGNOSTIC,    87, -1.999088700263e-01, 9.294365573963e-06, 4.6759e+01, 2.6341e-01, 
 1DIAGNOSTIC,    88, -1.998561125286e-01, 1.130095883556e-05, 4.7023e+01, 2.6412e-01, 
 1DIAGNOSTIC,    89, -1.999008954596e-01, 1.255612563826e-05, 4.7287e+01, 2.6365e-01, 
 1DIAGNOSTIC,    90, -1.998994631379e-01, 1.226511671333e-05, 4.7551e+01, 2.6430e-01, 
 1DIAGNOSTIC,    91, -1.998372031810e-01, 1.086283605321e-05, 4.7815e+01, 2.6387e-01, 
 1DIAGNOSTIC,    92, -1.998535386444e-01, 8.132175979489e-06, 4.8079e+01, 2.6443e-01, 
 1DIAGNOSTIC,    93, -1.999635401898e-01, 7.119933431469e-06, 4.8344e+01, 2.6495e-01, 
 1DIAGNOSTIC,    94, -1.999869116404e-01, 4.638420173375e-06, 4.8607e+01, 2.6309e-01, 
 1DIAGNOSTIC,    95, -2.000891011808e-01, 6.644749977148e-06, 4.8871e+01, 2.6329e-01, 
 1DIAGNOSTIC,    96, -2.000616514436e-01, 7.132333998256e-06, 4.9136e+01, 2.6546e-01, 
 1DIAGNOSTIC,    97, -2.000801513475e-01, 9.097758178776e-06, 4.9401e+01, 2.6434e-01, 
 1DIAGNOSTIC,    98, -1.999953558634e-01, 8.085500539825e-06, 4.9664e+01, 2.6316e-01, 
 1DIAGNOSTIC,    99, -2.000747361673e-01, 8.171021738352e-06, 4.9928e+01, 2.6412e-01, 
 1DIAGNOSTIC,   100, -1.999709330159e-01, 5.955952604419e-06, 5.0193e+01, 2.6562e-01, 
XXDIAGNOSTIC,Iteration,metricValue,convergenceValue,ITERATION_TIME_INDEX,SINCE_LAST
 1DIAGNOSTIC,     1, -1.766992042522e-01, 1.797693134862e+308, 6.4734e+01, 1.4541e+01, 
 1DIAGNOSTIC,     2, -1.771479931123e-01, 1.797693134862e+308, 6.5938e+01, 1.2033e+00, 
 1DIAGNOSTIC,     3, -1.776029538120e-01, 1.797693134862e+308, 6.7164e+01, 1.2267e+00, 
 1DIAGNOSTIC,     4, -1.779826632287e-01, 1.797693134862e+308, 6.8393e+01, 1.2288e+00, 
 1DIAGNOSTIC,     5, -1.784310514803e-01, 1.797693134862e+308, 6.9609e+01, 1.2163e+00, 
 1DIAGNOSTIC,     6, -1.788356861098e-01, 1.797693134862e+308, 7.0793e+01, 1.1831e+00, 
 1DIAGNOSTIC,     7, -1.791449078000e-01, 1.797693134862e+308, 7.1937e+01, 1.1445e+00, 
 1DIAGNOSTIC,     8, -1.794184403274e-01, 1.797693134862e+308, 7.3080e+01, 1.1434e+00, 
 1DIAGNOSTIC,     9, -1.797563255678e-01, 1.797693134862e+308, 7.4247e+01, 1.1666e+00, 
 1DIAGNOSTIC,    10, -1.801427954455e-01, 1.214162919848e-03, 7.5415e+01, 1.1677e+00, 
 1DIAGNOSTIC,    11, -1.804079412305e-01, 1.049197083745e-03, 7.6585e+01, 1.1698e+00, 
 1DIAGNOSTIC,    12, -1.806928074994e-01, 9.144303568950e-04, 7.7752e+01, 1.1676e+00, 
 1DIAGNOSTIC,    13, -1.808944178108e-01, 7.978971590796e-04, 7.8923e+01, 1.1710e+00, 
 1DIAGNOSTIC,    14, -1.810383351697e-01, 6.842427860868e-04, 8.0094e+01, 1.1708e+00, 
 1DIAGNOSTIC,    15, -1.811895843439e-01, 5.860378504310e-04, 8.1264e+01, 1.1695e+00, 
 1DIAGNOSTIC,    16, -1.813228134279e-01, 4.993204215169e-04, 8.2434e+01, 1.1702e+00, 
 1DIAGNOSTIC,    17, -1.815107879559e-01, 4.230832670090e-04, 8.3599e+01, 1.1650e+00, 
 1DIAGNOSTIC,    18, -1.817515916641e-01, 3.610774348434e-04, 8.4766e+01, 1.1672e+00, 
 1DIAGNOSTIC,    19, -1.818490166374e-01, 3.078216490941e-04, 8.5936e+01, 1.1699e+00, 
 1DIAGNOSTIC,    20, -1.820133796246e-01, 2.749184503468e-04, 8.7135e+01, 1.1987e+00, 
 1DIAGNOSTIC,    21, -1.821235775427e-01, 2.474623035426e-04, 8.8338e+01, 1.2032e+00, 
 1DIAGNOSTIC,    22, -1.822375127693e-01, 2.277685627097e-04, 8.9535e+01, 1.1974e+00, 
 1DIAGNOSTIC,    23, -1.823383642189e-01, 2.090704663018e-04, 9.0732e+01, 1.1963e+00, 
 1DIAGNOSTIC,    24, -1.824706852485e-01, 1.904619244203e-04, 9.1931e+01, 1.1993e+00, 
 1DIAGNOSTIC,    25, -1.825520724981e-01, 1.701483076116e-04, 9.3125e+01, 1.1946e+00, 
 1DIAGNOSTIC,    26, -1.826166623023e-01, 1.473455348150e-04, 9.4327e+01, 1.2012e+00, 
 1DIAGNOSTIC,    27, -1.827123478972e-01, 1.287692169965e-04, 9.5522e+01, 1.1950e+00, 
 1DIAGNOSTIC,    28, -1.828230742071e-01, 1.191303373895e-04, 9.6691e+01, 1.1696e+00, 
 1DIAGNOSTIC,    29, -1.829134277193e-01, 1.089148103876e-04, 9.7890e+01, 1.1987e+00, 
 1DIAGNOSTIC,    30, -1.830160011065e-01, 1.030831555664e-04, 9.9089e+01, 1.1988e+00, 
 1DIAGNOSTIC,    31, -1.831279396222e-01, 9.915235844769e-05, 1.0029e+02, 1.1995e+00, 
 1DIAGNOSTIC,    32, -1.831333789521e-01, 9.190208116534e-05, 1.0149e+02, 1.1971e+00, 
 1DIAGNOSTIC,    33, -1.832409905135e-01, 8.632569691924e-05, 1.0269e+02, 1.2007e+00, 
 1DIAGNOSTIC,    34, -1.832505438671e-01, 7.936873942740e-05, 1.0388e+02, 1.1967e+00, 
 1DIAGNOSTIC,    35, -1.833172300904e-01, 7.198995784434e-05, 1.0508e+02, 1.1965e+00, 
 1DIAGNOSTIC,    36, -1.833661865096e-01, 6.311740029190e-05, 1.0628e+02, 1.2013e+00, 
 1DIAGNOSTIC,    37, -1.834274176576e-01, 5.538423869287e-05, 1.0751e+02, 1.2322e+00, 
 1DIAGNOSTIC,    38, -1.835560930121e-01, 5.268576452942e-05, 1.0871e+02, 1.1992e+00, 
 1DIAGNOSTIC,    39, -1.836097647757e-01, 5.079521421571e-05, 1.0991e+02, 1.1984e+00, 
 1DIAGNOSTIC,    40, -1.836991315097e-01, 5.168474396404e-05, 1.1111e+02, 1.2003e+00, 
 1DIAGNOSTIC,    41, -1.837599100597e-01, 5.427955961910e-05, 1.1231e+02, 1.1986e+00, 
 1DIAGNOSTIC,    42, -1.837922663671e-01, 5.292568088195e-05, 1.1353e+02, 1.2236e+00, 
 1DIAGNOSTIC,    43, -1.838437234765e-01, 5.244240835575e-05, 1.1473e+02, 1.1954e+00, 
 1DIAGNOSTIC,    44, -1.838608115675e-01, 4.791234686501e-05, 1.1593e+02, 1.2034e+00, 
 1DIAGNOSTIC,    45, -1.839439573969e-01, 4.428764859015e-05, 1.1713e+02, 1.1969e+00, 
 1DIAGNOSTIC,    46, -1.839851331322e-01, 3.964499294646e-05, 1.1836e+02, 1.2282e+00, 
 1DIAGNOSTIC,    47, -1.840474044608e-01, 3.550095233295e-05, 1.1956e+02, 1.1993e+00, 
 1DIAGNOSTIC,    48, -1.841014694648e-01, 3.413302316624e-05, 1.2075e+02, 1.1967e+00, 
 1DIAGNOSTIC,    49, -1.841373149487e-01, 3.239955820756e-05, 1.2195e+02, 1.1991e+00, 
 1DIAGNOSTIC,    50, -1.841747620956e-01, 3.160930820250e-05, 1.2315e+02, 1.1989e+00, 
 1DIAGNOSTIC,    51, -1.842456786114e-01, 3.188259757416e-05, 1.2438e+02, 1.2270e+00, 
 1DIAGNOSTIC,    52, -1.843536293339e-01, 3.329071174142e-05, 1.2558e+02, 1.1978e+00, 
 1DIAGNOSTIC,    53, -1.844097009160e-01, 3.462632592516e-05, 1.2677e+02, 1.1987e+00, 
 1DIAGNOSTIC,    54, -1.844350014187e-01, 3.384359162708e-05, 1.2798e+02, 1.2081e+00, 
 1DIAGNOSTIC,    55, -1.844833562758e-01, 3.365962087282e-05, 1.2918e+02, 1.1977e+00, 
 1DIAGNOSTIC,    56, -1.845242147261e-01, 3.252204608103e-05, 1.3041e+02, 1.2283e+00, 
 1DIAGNOSTIC,    57, -1.845760149199e-01, 3.139470098047e-05, 1.3161e+02, 1.1966e+00, 
 1DIAGNOSTIC,    58, -1.845673753383e-01, 2.853619909740e-05, 1.3280e+02, 1.1969e+00, 
 1DIAGNOSTIC,    59, -1.846124068999e-01, 2.528212784637e-05, 1.3400e+02, 1.1972e+00, 
 1DIAGNOSTIC,    60, -1.846296002744e-01, 2.114117965494e-05, 1.3523e+02, 1.2276e+00, 
 1DIAGNOSTIC,    61, -1.846392177254e-01, 1.713196436939e-05, 1.3643e+02, 1.2010e+00, 
 1DIAGNOSTIC,    62, -1.846384095295e-01, 1.432696391271e-05, 1.3762e+02, 1.1957e+00, 
 1DIAGNOSTIC,    63, -1.846641555529e-01, 1.232378674997e-05, 1.3885e+02, 1.2279e+00, 
 1DIAGNOSTIC,    64, -1.846987427701e-01, 1.066906937866e-05, 1.4005e+02, 1.2019e+00, 
 1DIAGNOSTIC,    65, -1.847387644202e-01, 1.015884449632e-05, 1.4125e+02, 1.2017e+00, 
 1DIAGNOSTIC,    66, -1.848073414945e-01, 1.128178999223e-05, 1.4245e+02, 1.1992e+00, 
 1DIAGNOSTIC,    67, -1.848293684268e-01, 1.304670690842e-05, 1.4368e+02, 1.2264e+00, 
 1DIAGNOSTIC,    68, -1.848496802514e-01, 1.380061924204e-05, 1.4488e+02, 1.1986e+00, 
 1DIAGNOSTIC,    69, -1.848761568461e-01, 1.485080389273e-05, 1.4608e+02, 1.1973e+00, 
 1DIAGNOSTIC,    70, -1.849005979663e-01, 1.538506355142e-05, 1.4731e+02, 1.2368e+00, 
 1DIAGNOSTIC,    71, -1.849304198464e-01, 1.531700430939e-05, 1.4851e+02, 1.2005e+00, 
 1DIAGNOSTIC,    72, -1.850014071041e-01, 1.532211863692e-05, 1.4971e+02, 1.1995e+00, 
 1DIAGNOSTIC,    73, -1.850057885033e-01, 1.450859181751e-05, 1.5091e+02, 1.2009e+00, 
 1DIAGNOSTIC,    74, -1.850548859548e-01, 1.413137786408e-05, 1.5214e+02, 1.2305e+00, 
 1DIAGNOSTIC,    75, -1.851141740511e-01, 1.445526816984e-05, 1.5334e+02, 1.2003e+00, 
 1DIAGNOSTIC,    76, -1.851537995699e-01, 1.559137902876e-05, 1.5455e+02, 1.2009e+00, 
 1DIAGNOSTIC,    77, -1.851651199715e-01, 1.589002755948e-05, 1.5577e+02, 1.2261e+00, 
 1DIAGNOSTIC,    78, -1.851687810636e-01, 1.517688814447e-05, 1.5697e+02, 1.1999e+00, 
 1DIAGNOSTIC,    79, -1.851494768687e-01, 1.320579081769e-05, 1.5817e+02, 1.1992e+00, 
 1DIAGNOSTIC,    80, -1.851773100849e-01, 1.105391561962e-05, 1.5941e+02, 1.2358e+00, 
 1DIAGNOSTIC,    81, -1.852054567726e-01, 8.979015361843e-06, 1.6062e+02, 1.2169e+00, 
 1DIAGNOSTIC,    82, -1.852091942988e-01, 7.546657844507e-06, 1.6184e+02, 1.2178e+00, 
 1DIAGNOSTIC,    83, -1.851880726850e-01, 5.156245153350e-06, 1.6307e+02, 1.2335e+00, 
 1DIAGNOSTIC,    84, -1.852203059525e-01, 3.870459839990e-06, 1.6429e+02, 1.2130e+00, 
 1DIAGNOSTIC,    85, -1.852510532230e-01, 3.875321485106e-06, 1.6553e+02, 1.2411e+00, 
 1DIAGNOSTIC,    86, -1.852619369033e-01, 4.416860156703e-06, 1.6677e+02, 1.2434e+00, 
 1DIAGNOSTIC,    87, -1.852935850643e-01, 5.332102208558e-06, 1.6798e+02, 1.2054e+00, 
 1DIAGNOSTIC,    88, -1.853236915866e-01, 6.364578882683e-06, 1.6919e+02, 1.2097e+00, 
 1DIAGNOSTIC,    89, -1.853568691257e-01, 7.012897207203e-06, 1.7042e+02, 1.2368e+00, 
 1DIAGNOSTIC,    90, -1.853736972737e-01, 7.740921629969e-06, 1.7163e+02, 1.2022e+00, 
 1DIAGNOSTIC,    91, -1.854085997207e-01, 8.815557590499e-06, 1.7286e+02, 1.2324e+00, 
 1DIAGNOSTIC,    92, -1.854392086024e-01, 9.636081362820e-06, 1.7407e+02, 1.2067e+00, 
 1DIAGNOSTIC,    93, -1.853963634607e-01, 8.452210761600e-06, 1.7526e+02, 1.1981e+00, 
 1DIAGNOSTIC,    94, -1.854338834365e-01, 7.679307995166e-06, 1.7650e+02, 1.2339e+00, 
 1DIAGNOSTIC,    95, -1.854504785101e-01, 6.967742240134e-06, 1.7770e+02, 1.2029e+00, 
 1DIAGNOSTIC,    96, -1.854336118135e-01, 5.508918527701e-06, 1.7894e+02, 1.2388e+00, 
 1DIAGNOSTIC,    97, -1.854392530957e-01, 4.185270456347e-06, 1.8015e+02, 1.2059e+00, 
 1DIAGNOSTIC,    98, -1.854516133476e-01, 3.190306806664e-06, 1.8138e+02, 1.2366e+00, 
 1DIAGNOSTIC,    99, -1.854708771857e-01, 2.748896004028e-06, 1.8262e+02, 1.2411e+00, 
 1DIAGNOSTIC,   100, -1.854707291879e-01, 2.309123628488e-06, 1.8383e+02, 1.2087e+00, 
XXDIAGNOSTIC,Iteration,metricValue,convergenceValue,ITERATION_TIME_INDEX,SINCE_LAST
 1DIAGNOSTIC,     1, -1.570584398295e-01, 1.797693134862e+308, 1.9398e+02, 1.0148e+01, 
 1DIAGNOSTIC,     2, -1.575160458737e-01, 1.797693134862e+308, 1.9691e+02, 2.9293e+00, 
 1DIAGNOSTIC,     3, -1.578112993560e-01, 1.797693134862e+308, 1.9963e+02, 2.7180e+00, 
 1DIAGNOSTIC,     4, -1.580714125278e-01, 1.797693134862e+308, 2.0229e+02, 2.6636e+00, 
 1DIAGNOSTIC,     5, -1.582633354416e-01, 1.797693134862e+308, 2.0507e+02, 2.7797e+00, 
 1DIAGNOSTIC,     6, -1.584553577165e-01, 1.797693134862e+308, 2.0774e+02, 2.6677e+00, 
 1DIAGNOSTIC,     7, -1.586612102875e-01, 1.797693134862e+308, 2.1039e+02, 2.6467e+00, 
 1DIAGNOSTIC,     8, -1.587923959051e-01, 1.797693134862e+308, 2.1304e+02, 2.6502e+00, 
 1DIAGNOSTIC,     9, -1.589449807565e-01, 1.797693134862e+308, 2.1561e+02, 2.5747e+00, 
 1DIAGNOSTIC,    10, -1.590703742343e-01, 7.675004907927e-04, 2.1840e+02, 2.7851e+00, 
 1DIAGNOSTIC,    11, -1.592367412654e-01, 6.090390785546e-04, 2.2104e+02, 2.6438e+00, 
 1DIAGNOSTIC,    12, -1.593642110524e-01, 5.090881194357e-04, 2.2369e+02, 2.6468e+00, 
 1DIAGNOSTIC,    13, -1.595015476115e-01, 4.378139422847e-04, 2.2634e+02, 2.6502e+00, 
 1DIAGNOSTIC,    14, -1.596443727196e-01, 3.884184943281e-04, 2.2899e+02, 2.6523e+00, 
 1DIAGNOSTIC,    15, -1.597775501674e-01, 3.486710297255e-04, 2.3163e+02, 2.6466e+00, 
 1DIAGNOSTIC,    16, -1.598931409053e-01, 3.159569179401e-04, 2.3428e+02, 2.6479e+00, 
 1DIAGNOSTIC,    17, -1.600084159389e-01, 2.917491673795e-04, 2.3694e+02, 2.6530e+00, 
 1DIAGNOSTIC,    18, -1.600894302194e-01, 2.642420435126e-04, 2.3965e+02, 2.7133e+00, 
 1DIAGNOSTIC,    19, -1.602130821690e-01, 2.411363325447e-04, 2.4229e+02, 2.6455e+00, 
 1DIAGNOSTIC,    20, -1.603272694025e-01, 2.190790920261e-04, 2.4495e+02, 2.6591e+00, 
 1DIAGNOSTIC,    21, -1.604350367322e-01, 2.019437812944e-04, 2.4760e+02, 2.6436e+00, 
 1DIAGNOSTIC,    22, -1.605093534279e-01, 1.838507822609e-04, 2.5025e+02, 2.6528e+00, 
 1DIAGNOSTIC,    23, -1.606131064259e-01, 1.688475314257e-04, 2.5290e+02, 2.6451e+00, 
 1DIAGNOSTIC,    24, -1.607224265339e-01, 1.578807773979e-04, 2.5554e+02, 2.6418e+00, 
 1DIAGNOSTIC,    25, -1.608256244612e-01, 1.496738177183e-04, 2.5819e+02, 2.6499e+00, 
 1DIAGNOSTIC,    26, -1.609398034285e-01, 1.437130646303e-04, 2.6091e+02, 2.7260e+00, 
 1DIAGNOSTIC,    27, -1.610442190946e-01, 1.391967927919e-04, 2.6356e+02, 2.6466e+00, 
 1DIAGNOSTIC,    28, -1.610899312476e-01, 1.298783536504e-04, 2.6620e+02, 2.6432e+00, 
 1DIAGNOSTIC,    29, -1.611616998995e-01, 1.209573016786e-04, 2.6886e+02, 2.6598e+00, 
 1DIAGNOSTIC,    30, -1.612214799559e-01, 1.114592077406e-04, 2.7151e+02, 2.6511e+00, 
 1DIAGNOSTIC,    31, -1.612916351392e-01, 1.022373864223e-04, 2.7416e+02, 2.6456e+00, 
 1DIAGNOSTIC,    32, -1.613469917433e-01, 9.108291882517e-05, 2.7690e+02, 2.7364e+00, 
 1DIAGNOSTIC,    33, -1.614145598587e-01, 8.123585283411e-05, 2.7954e+02, 2.6456e+00, 
 1DIAGNOSTIC,    34, -1.614796760165e-01, 7.339298185923e-05, 2.8220e+02, 2.6559e+00, 
 1DIAGNOSTIC,    35, -1.615075604690e-01, 6.562712550346e-05, 2.8487e+02, 2.6705e+00, 
 1DIAGNOSTIC,    36, -1.615723003004e-01, 6.088677008546e-05, 2.8759e+02, 2.7235e+00, 
 1DIAGNOSTIC,    37, -1.616203726062e-01, 5.795173213516e-05, 2.9025e+02, 2.6571e+00, 
 1DIAGNOSTIC,    38, -1.616674722247e-01, 5.398460706638e-05, 2.9290e+02, 2.6493e+00, 
 1DIAGNOSTIC,    39, -1.617090107830e-01, 5.026602545550e-05, 2.9555e+02, 2.6493e+00, 
 1DIAGNOSTIC,    40, -1.617649325978e-01, 4.710891406035e-05, 2.9827e+02, 2.7239e+00, 
 1DIAGNOSTIC,    41, -1.618116192746e-01, 4.468488482469e-05, 3.0092e+02, 2.6499e+00, 
 1DIAGNOSTIC,    42, -1.618484305914e-01, 4.199865328880e-05, 3.0357e+02, 2.6464e+00, 
 1DIAGNOSTIC,    43, -1.618897358295e-01, 3.994174786785e-05, 3.0622e+02, 2.6543e+00, 
 1DIAGNOSTIC,    44, -1.619145266244e-01, 3.784459003993e-05, 3.0894e+02, 2.7195e+00, 
 1DIAGNOSTIC,    45, -1.619365245584e-01, 3.420279239985e-05, 3.1159e+02, 2.6445e+00, 
 1DIAGNOSTIC,    46, -1.619485388437e-01, 3.043879917164e-05, 3.1424e+02, 2.6506e+00, 
 1DIAGNOSTIC,    47, -1.619632519220e-01, 2.633587697582e-05, 3.1695e+02, 2.7107e+00, 
 1DIAGNOSTIC,    48, -1.619867856633e-01, 2.253397006917e-05, 3.1959e+02, 2.6458e+00, 
 1DIAGNOSTIC,    49, -1.620315135539e-01, 1.986195998180e-05, 3.2224e+02, 2.6487e+00, 
 1DIAGNOSTIC,    50, -1.620551509209e-01, 1.822235282251e-05, 3.2489e+02, 2.6490e+00, 
 1DIAGNOSTIC,    51, -1.620863656783e-01, 1.765803225886e-05, 3.2760e+02, 2.7106e+00, 
 1DIAGNOSTIC,    52, -1.621256793056e-01, 1.804700984739e-05, 3.3025e+02, 2.6491e+00, 
 1DIAGNOSTIC,    53, -1.621480884289e-01, 1.883530043532e-05, 3.3289e+02, 2.6408e+00, 
 1DIAGNOSTIC,    54, -1.621520460978e-01, 1.875904339955e-05, 3.3553e+02, 2.6372e+00, 
 1DIAGNOSTIC,    55, -1.621791102346e-01, 1.853027789709e-05, 3.3824e+02, 2.7135e+00, 
 1DIAGNOSTIC,    56, -1.622243941454e-01, 1.837901622542e-05, 3.4089e+02, 2.6537e+00, 
 1DIAGNOSTIC,    57, -1.622367553870e-01, 1.731523801011e-05, 3.4355e+02, 2.6547e+00, 
 1DIAGNOSTIC,    58, -1.622349546331e-01, 1.532898166839e-05, 3.4627e+02, 2.7183e+00, 
 1DIAGNOSTIC,    59, -1.622784677888e-01, 1.466519785140e-05, 3.4891e+02, 2.6429e+00, 
 1DIAGNOSTIC,    60, -1.622942899109e-01, 1.377641677837e-05, 3.5155e+02, 2.6429e+00, 
 1DIAGNOSTIC,    61, -1.622982506644e-01, 1.261436156388e-05, 3.5427e+02, 2.7118e+00, 
 1DIAGNOSTIC,    62, -1.623528185287e-01, 1.301037410024e-05, 3.5691e+02, 2.6491e+00, 
 1DIAGNOSTIC,    63, -1.623614912849e-01, 1.304951898233e-05, 3.5955e+02, 2.6360e+00, 
 1DIAGNOSTIC,    64, -1.624004378596e-01, 1.305505921632e-05, 3.6226e+02, 2.7132e+00, 
 1DIAGNOSTIC,    65, -1.624229119169e-01, 1.315041655702e-05, 3.6491e+02, 2.6420e+00, 
 1DIAGNOSTIC,    66, -1.624716857089e-01, 1.453994956285e-05, 3.6762e+02, 2.7170e+00, 
 1DIAGNOSTIC,    67, -1.624905865386e-01, 1.534122088272e-05, 3.7027e+02, 2.6463e+00, 
 1DIAGNOSTIC,    68, -1.625203362768e-01, 1.538423769824e-05, 3.7292e+02, 2.6514e+00, 
 1DIAGNOSTIC,    69, -1.625532855408e-01, 1.594201500068e-05, 3.7564e+02, 2.7243e+00, 
 1DIAGNOSTIC,    70, -1.625801673632e-01, 1.606095771678e-05, 3.7830e+02, 2.6531e+00, 
XXDIAGNOSTIC,Iteration,metricValue,convergenceValue,ITERATION_TIME_INDEX,SINCE_LAST
 1DIAGNOSTIC,     1, -1.497137503898e-01, 1.797693134862e+308, 4.0746e+02, 2.9159e+01, 
 1DIAGNOSTIC,     2, -1.495680566339e-01, 1.797693134862e+308, 4.2885e+02, 2.1392e+01, 
 1DIAGNOSTIC,     3, -1.498733735910e-01, 1.797693134862e+308, 4.4874e+02, 1.9895e+01, 
 1DIAGNOSTIC,     4, -1.501209273119e-01, 1.797693134862e+308, 4.6931e+02, 2.0563e+01, 
 1DIAGNOSTIC,     5, -1.504071274337e-01, 1.797693134862e+308, 4.8933e+02, 2.0021e+01, 
 1DIAGNOSTIC,     6, -1.506354989762e-01, 1.797693134862e+308, 5.0939e+02, 2.0063e+01, 
 1DIAGNOSTIC,     7, -1.508637313113e-01, 1.797693134862e+308, 5.3000e+02, 2.0612e+01, 
 1DIAGNOSTIC,     8, -1.511384759043e-01, 1.797693134862e+308, 5.4991e+02, 1.9908e+01, 
 1DIAGNOSTIC,     9, -1.513626953799e-01, 1.797693134862e+308, 5.6925e+02, 1.9340e+01, 
 1DIAGNOSTIC,    10, -1.515529066514e-01, 8.867755789574e-04, 5.8917e+02, 1.9918e+01, 
 1DIAGNOSTIC,    11, -1.517539457749e-01, 8.440604296865e-04, 6.0906e+02, 1.9887e+01, 
 1DIAGNOSTIC,    12, -1.519337227321e-01, 7.373746554705e-04, 6.3014e+02, 2.1082e+01, 
 1DIAGNOSTIC,    13, -1.521255283303e-01, 6.520611612618e-04, 6.5005e+02, 1.9917e+01, 
 1DIAGNOSTIC,    14, -1.522855211811e-01, 5.738504551728e-04, 6.7011e+02, 2.0054e+01, 
 1DIAGNOSTIC,    15, -1.524383897242e-01, 5.086139566997e-04, 6.9008e+02, 1.9971e+01, 
 1DIAGNOSTIC,    16, -1.525864156700e-01, 4.489613184811e-04, 7.1109e+02, 2.1008e+01, 
 1DIAGNOSTIC,    17, -1.527472143104e-01, 3.975416608227e-04, 7.3104e+02, 1.9949e+01, 
 1DIAGNOSTIC,    18, -1.528747817350e-01, 3.567244641099e-04, 7.5100e+02, 1.9960e+01, 
 1DIAGNOSTIC,    19, -1.530005978136e-01, 3.216024860267e-04, 7.7093e+02, 1.9935e+01, 
 1DIAGNOSTIC,    20, -1.531268508159e-01, 2.896447455395e-04, 7.9212e+02, 2.1188e+01, 
 1DIAGNOSTIC,    21, -1.532707795001e-01, 2.643791906848e-04, 8.1200e+02, 1.9880e+01, 
 1DIAGNOSTIC,    22, -1.533767077554e-01, 2.407754752245e-04, 8.3185e+02, 1.9854e+01, 
 1DIAGNOSTIC,    23, -1.534878586277e-01, 2.213015815766e-04, 8.5295e+02, 2.1101e+01, 
 1DIAGNOSTIC,    24, -1.536136822776e-01, 2.049469488438e-04, 8.7285e+02, 1.9899e+01, 
 1DIAGNOSTIC,    25, -1.537124354979e-01, 1.893397173665e-04, 8.9279e+02, 1.9932e+01, 
 1DIAGNOSTIC,    26, -1.537909844455e-01, 1.732867109289e-04, 9.1387e+02, 2.1085e+01, 
 1DIAGNOSTIC,    27, -1.539091057384e-01, 1.614162284834e-04, 9.3377e+02, 1.9904e+01, 
 1DIAGNOSTIC,    28, -1.539852242592e-01, 1.486657321666e-04, 9.5374e+02, 1.9966e+01, 
 1DIAGNOSTIC,    29, -1.540734645832e-01, 1.364974629029e-04, 9.7491e+02, 2.1168e+01, 
 1DIAGNOSTIC,    30, -1.541730479778e-01, 1.262075065735e-04, 9.9482e+02, 1.9914e+01, 
 1DIAGNOSTIC,    31, -1.542579836617e-01, 1.183824452527e-04, 1.0148e+03, 2.0005e+01, 
 1DIAGNOSTIC,    32, -1.543315268373e-01, 1.102552986578e-04, 1.0358e+03, 2.0982e+01, 
 1DIAGNOSTIC,    33, -1.544177912412e-01, 1.032701511028e-04, 1.0557e+03, 1.9914e+01, 
 1DIAGNOSTIC,    34, -1.544972854094e-01, 9.811954022074e-05, 1.0768e+03, 2.1070e+01, 
 1DIAGNOSTIC,    35, -1.545825930293e-01, 9.372856639089e-05, 1.0966e+03, 1.9819e+01, 
 1DIAGNOSTIC,    36, -1.546385221609e-01, 8.755244814171e-05, 1.1177e+03, 2.1050e+01, 
 1DIAGNOSTIC,    37, -1.547182556835e-01, 8.339037807242e-05, 1.1376e+03, 1.9913e+01, 
 1DIAGNOSTIC,    38, -1.547776319837e-01, 7.812077782409e-05, 1.1582e+03, 2.0597e+01, 
 1DIAGNOSTIC,    39, -1.548461966905e-01, 7.312455494302e-05, 1.1793e+03, 2.1101e+01, 
 1DIAGNOSTIC,    40, -1.549191040023e-01, 6.941205781343e-05, 1.2004e+03, 2.1134e+01, 
 1DIAGNOSTIC,    41, -1.549959458390e-01, 6.659838983230e-05, 1.2204e+03, 1.9959e+01, 
 1DIAGNOSTIC,    42, -1.550542488474e-01, 6.337820032588e-05, 1.2410e+03, 2.0587e+01, 
 1DIAGNOSTIC,    43, -1.551243345063e-01, 6.102104407291e-05, 1.2620e+03, 2.1039e+01, 
 1DIAGNOSTIC,    44, -1.551923426513e-01, 5.914587701890e-05, 1.2831e+03, 2.1113e+01, 
 1DIAGNOSTIC,    45, -1.552527741630e-01, 5.771606050041e-05, 1.3030e+03, 1.9924e+01, 
 1DIAGNOSTIC,    46, -1.553066997784e-01, 5.524733525853e-05, 1.3235e+03, 2.0465e+01, 
 1DIAGNOSTIC,    47, -1.553653335338e-01, 5.308961637818e-05, 1.3446e+03, 2.1068e+01, 
 1DIAGNOSTIC,    48, -1.554302013109e-01, 5.074657260722e-05, 1.3657e+03, 2.1102e+01, 
 1DIAGNOSTIC,    49, -1.554894552294e-01, 4.845983535295e-05, 1.3867e+03, 2.1022e+01, 
 1DIAGNOSTIC,    50, -1.555483326855e-01, 4.650372663544e-05, 1.4066e+03, 1.9942e+01, 
  Elapsed time (stage 2): 1423


Total elapsed time: 1583
Making EPI Mask directory
EXECUTING T2 mask to EPI space transformation for subject 29780
Using double precision for computations.
Input scalar image: /lustre/scratch/wbic-beta/ccn30/ENCRYPT/gridcellpilot/preprocessed_data/segmentation/29780/ASHS/final/29780_right_lfseg_corr_nogray.nii.gz
Reference image: /lustre/scratch/wbic-beta/ccn30/ENCRYPT/gridcellpilot/preprocessed_data/images/29780/topup_Run_1_split0000.nii
=============================================================================
The composite transform comprises the following transforms (in order): 
  1. inverse of T1toT2_ANTS_0GenericAffine.mat (type = AffineTransform)
  2. inverse of EPItoT1_ITKaffine_Run_1.txt (type = MatrixOffsetTransformBase)
=============================================================================
Default pixel value: 0
Interpolation type: LabelImageGaussianInterpolateImageFunction
Output warped image: /lustre/scratch/wbic-beta/ccn30/ENCRYPT/gridcellpilot/preprocessed_data/segmentation/29780/epimasks/RightMTLmaskWarped_ITKaffine.nii.gz
Using double precision for computations.
Input scalar image: /lustre/scratch/wbic-beta/ccn30/ENCRYPT/gridcellpilot/preprocessed_data/segmentation/29780/ASHS/final/29780_left_lfseg_corr_nogray.nii.gz
Reference image: /lustre/scratch/wbic-beta/ccn30/ENCRYPT/gridcellpilot/preprocessed_data/images/29780/topup_Run_1_split0000.nii
=============================================================================
The composite transform comprises the following transforms (in order): 
  1. inverse of T1toT2_ANTS_0GenericAffine.mat (type = AffineTransform)
  2. inverse of EPItoT1_ITKaffine_Run_1.txt (type = MatrixOffsetTransformBase)
=============================================================================
Default pixel value: 0
Interpolation type: LabelImageGaussianInterpolateImageFunction
Output warped image: /lustre/scratch/wbic-beta/ccn30/ENCRYPT/gridcellpilot/preprocessed_data/segmentation/29780/epimasks/LeftMTLmaskWarped_ITKaffine.nii.gz
>> EC MASKS FAILED TRANSFORMATION: subject 29780
