Changed directory to /lustre/scratch/wbic-beta/ccn30/ENCRYPT/gridcellpilot/scripts/coregistration/slurmoutputs.

JobID: 4188846
======
Time: Wed Nov 27 14:00:54 GMT 2019
Running on master node: wbic-cs-31
Current directory: /lustre/scratch/wbic-beta/ccn30/ENCRYPT/gridcellpilot/scripts/coregistration/slurmoutputs

Nodes allocated:
================
wbic-cs-31

numtasks=1, numnodes=1, mpi_tasks_per_node=1 (OMP_NUM_THREADS=1)

Executing command:
==================
/lustre/scratch/wbic-beta/ccn30/ENCRYPT/gridcellpilot/scripts/coregistration/coreg_all.sh /lustre/scratch/wbic-beta/ccn30/ENCRYPT/gridcellpilot 29780/20191125_U-ID47173

29780
/lustre/scratch/wbic-beta/ccn30/ENCRYPT/gridcellpilot/preprocessed_data/segmentation/29780
mkdir: cannot create directory ‘/lustre/scratch/wbic-beta/ccn30/ENCRYPT/gridcellpilot/preprocessed_data/segmentation/29780/coregistration’: File exists
Making coregistration directory...
/lustre/scratch/wbic-beta/ccn30/ENCRYPT/gridcellpilot/preprocessed_data/segmentation/29780/coregistration
EXECUTING t2 to t1 coreg:  29780
mkdir: cannot create directory ‘/lustre/scratch/wbic-beta/ccn30/ENCRYPT/gridcellpilot/preprocessed_data/segmentation/29780/epimasks’: File exists
Making EPI Mask directory
EXECUTING T2 mask to EPI space transformation for subject 29780
Using double precision for computations.
Input scalar image: /lustre/scratch/wbic-beta/ccn30/ENCRYPT/gridcellpilot/preprocessed_data/segmentation/29780/ASHS/final/29780_right_lfseg_corr_nogray.nii.gz
Reference image: /lustre/scratch/wbic-beta/ccn30/ENCRYPT/gridcellpilot/preprocessed_data/images/29780/topup_Run_1_split0000.nii
=============================================================================
The composite transform comprises the following transforms (in order): 
  1. inverse of T1toT2_ANTS_0GenericAffine.mat (type = AffineTransform)
  2. inverse of EPItoT1_ITKaffine_Run_1.txt (type = MatrixOffsetTransformBase)
=============================================================================
Default pixel value: 0
Interpolation type: LabelImageGaussianInterpolateImageFunction
Output warped image: /lustre/scratch/wbic-beta/ccn30/ENCRYPT/gridcellpilot/preprocessed_data/segmentation/29780/epimasks/RightMTLmaskWarped_ITKaffine.nii.gz
Using double precision for computations.
Input scalar image: /lustre/scratch/wbic-beta/ccn30/ENCRYPT/gridcellpilot/preprocessed_data/segmentation/29780/ASHS/final/29780_left_lfseg_corr_nogray.nii.gz
Reference image: /lustre/scratch/wbic-beta/ccn30/ENCRYPT/gridcellpilot/preprocessed_data/images/29780/topup_Run_1_split0000.nii
=============================================================================
The composite transform comprises the following transforms (in order): 
  1. inverse of T1toT2_ANTS_0GenericAffine.mat (type = AffineTransform)
  2. inverse of EPItoT1_ITKaffine_Run_1.txt (type = MatrixOffsetTransformBase)
=============================================================================
Default pixel value: 0
Interpolation type: LabelImageGaussianInterpolateImageFunction
Output warped image: /lustre/scratch/wbic-beta/ccn30/ENCRYPT/gridcellpilot/preprocessed_data/segmentation/29780/epimasks/LeftMTLmaskWarped_ITKaffine.nii.gz
>> EC MASKS SUCCESSFULLY TRANSFORMED TO EPI SPACE: subject 29780
