Changed directory to /lustre/scratch/wbic-beta/ccn30/ENCRYPT/gridcellpilot/scripts/coregistration/slurmoutputs.

JobID: 4171062
======
Time: Tue Nov 19 14:51:53 GMT 2019
Running on master node: wbic-cs-31
Current directory: /lustre/scratch/wbic-beta/ccn30/ENCRYPT/gridcellpilot/scripts/coregistration/slurmoutputs

Nodes allocated:
================
wbic-cs-31

numtasks=1, numnodes=1, mpi_tasks_per_node=1 (OMP_NUM_THREADS=1)

Executing command:
==================
/lustre/scratch/wbic-beta/ccn30/ENCRYPT/gridcellpilot/scripts/coregistration/coreg_all.sh /lustre/scratch/wbic-beta/ccn30/ENCRYPT/gridcellpilot 29358/20190905_U-ID46106

29358
/lustre/scratch/wbic-beta/ccn30/ENCRYPT/gridcellpilot/preprocessed_data/segmentation/29358
mkdir: cannot create directory ‘/lustre/scratch/wbic-beta/ccn30/ENCRYPT/gridcellpilot/preprocessed_data/segmentation/29358/coregistration’: File exists
Making coregistration directory...
/lustre/scratch/wbic-beta/ccn30/ENCRYPT/gridcellpilot/preprocessed_data/segmentation/29358/coregistration
EPI:  /lustre/scratch/wbic-beta/ccn30/ENCRYPT/gridcellpilot/preprocessed_data/images/old_data/29358/rtopup_Run_1_split0000.nii
T1:  /lustre/scratch/wbic-beta/ccn30/ENCRYPT/gridcellpilot/raw_data/images/29358/20190905_U-ID46106/mp2rage/denoiseRn4mag0000_PSIR_skulled_std_struc_brain.nii
mkdir: cannot create directory ‘/lustre/scratch/wbic-beta/ccn30/ENCRYPT/gridcellpilot/preprocessed_data/segmentation/29358/epimasks’: File exists
Making EPI Mask directory
EXECUTING T2 mask to EPI space transformation for subject 29358
Using double precision for computations.
Input scalar image: /lustre/scratch/wbic-beta/ccn30/ENCRYPT/gridcellpilot/preprocessed_data/segmentation/pm-alEC_masks/leftMTL_29358.nii.gz
 file /lustre/scratch/wbic-beta/ccn30/ENCRYPT/gridcellpilot/preprocessed_data/segmentation/pm-alEC_masks/leftMTL_29358.nii.gz does not exist . 
Reference image: /lustre/scratch/wbic-beta/ccn30/ENCRYPT/gridcellpilot/preprocessed_data/images/old_data/29358/rtopup_Run_1_split0000.nii
=============================================================================
The composite transform comprises the following transforms (in order): 
  1. inverse of T1toT2_ANTS_0GenericAffine.mat (type = AffineTransform)
  2. inverse of EPItoT1_ITK_affine_crosscorr.txt (type = MatrixOffsetTransformBase)
=============================================================================
/lustre/scratch/wbic-beta/ccn30/ENCRYPT/gridcellpilot/scripts/coregistration/coreg_all.sh: line 127: 28230 Segmentation fault      (core dumped) antsApplyTransforms -d 3 -i ${pm_al_maskdir}/leftMTL_${subject}.nii.gz -r ${epi} -o ${pm_al_maskdir}/leftMTLWarped_${subject}.nii.gz -n MultiLabel -t [EPItoT1_ITK_affine_crosscorr.txt,1] -t [T1toT2_ANTS_0GenericAffine.mat,1] -v
Using double precision for computations.
Input scalar image: /lustre/scratch/wbic-beta/ccn30/ENCRYPT/gridcellpilot/preprocessed_data/segmentation/pm-alEC_masks/rightMTL_29358.nii.gz
 file /lustre/scratch/wbic-beta/ccn30/ENCRYPT/gridcellpilot/preprocessed_data/segmentation/pm-alEC_masks/rightMTL_29358.nii.gz does not exist . 
Reference image: /lustre/scratch/wbic-beta/ccn30/ENCRYPT/gridcellpilot/preprocessed_data/images/old_data/29358/rtopup_Run_1_split0000.nii
=============================================================================
The composite transform comprises the following transforms (in order): 
  1. inverse of T1toT2_ANTS_0GenericAffine.mat (type = AffineTransform)
  2. inverse of EPItoT1_ITK_affine_crosscorr.txt (type = MatrixOffsetTransformBase)
=============================================================================
/lustre/scratch/wbic-beta/ccn30/ENCRYPT/gridcellpilot/scripts/coregistration/coreg_all.sh: line 136: 28231 Segmentation fault      (core dumped) antsApplyTransforms -d 3 -i ${pm_al_maskdir}/rightMTL_${subject}.nii.gz -r ${epi} -o ${pm_al_maskdir}/rightMTLWarped_${subject}.nii.gz -n MultiLabel -t [EPItoT1_ITK_affine_crosscorr.txt,1] -t [T1toT2_ANTS_0GenericAffine.mat,1] -v
Cannot open volume /lustre/scratch/wbic-beta/ccn30/ENCRYPT/gridcellpilot/preprocessed_data/segmentation/pm-alEC_masks/leftMTLWarped_29358 for reading!
Cannot open volume /lustre/scratch/wbic-beta/ccn30/ENCRYPT/gridcellpilot/preprocessed_data/segmentation/pm-alEC_masks/rightMTLWarped_29358 for reading!
>> EC MASKS SUCCESSFULLY TRANSFORMED TO EPI SPACE: subject 29358
