Changed directory to /lustre/scratch/wbic-beta/ccn30/ENCRYPT/fMRI/gridcellpilot/scripts/coregistration/slurmoutputs.

JobID: 6245148
======
Time: Fri Feb  5 17:45:57 GMT 2021
Running on master node: wbic-csm-4
Current directory: /lustre/scratch/wbic-beta/ccn30/ENCRYPT/fMRI/gridcellpilot/scripts/coregistration/slurmoutputs

Nodes allocated:
================
wbic-csm-4

numtasks=1, numnodes=1, mpi_tasks_per_node=1 (OMP_NUM_THREADS=1)

Executing command:
==================
/lustre/scratch/wbic-beta/ccn30/ENCRYPT/fMRI/gridcellpilot/scripts/coregistration/coreg_MasksxEPI.sh 29358/20190905_U-ID46106

******** starting 29358 ********

--------------------------------------------------------------------------------------
 Mapping parameters
--------------------------------------------------------------------------------------
 ANTSPATH is /applications/ANTS/ANTs-2.3.4/install/bin/

 Dimensionality:           3
 Output name prefix:       /lustre/scratch/wbic-beta/ccn30/ENCRYPT/fMRI/gridcellpilot/preprocessed_data/segmentation/29358/coregistration/T1xStudyTemplate_
 Fixed images:             /home/ccn30/ENCRYPT/atlases/templates/ECtemplatemasks2015/Study_template_wholeBrain.nii
 Moving images:            /lustre/scratch/wbic-beta/ccn30/ENCRYPT/fMRI/gridcellpilot/raw_data/images/29358/20190905_U-ID46106/mp2rage/denoiseRn4mag0000_PSIR_skulled_std.nii
 Mask images:              
 Initial transforms:       
 Number of threads:        1
 Spline distance:          26
 Transform type:           s
 CC radius:                4
 Precision:                d
 Use histogram matching    0
======================================================================================
 antsRegistration call:
--------------------------------------------------------------------------------------
/applications/ANTS/ANTs-2.3.4/install/bin//antsRegistration --verbose 1 --dimensionality 3 --float 0 --collapse-output-transforms 1 --output [ /lustre/scratch/wbic-beta/ccn30/ENCRYPT/fMRI/gridcellpilot/preprocessed_data/segmentation/29358/coregistration/T1xStudyTemplate_,/lustre/scratch/wbic-beta/ccn30/ENCRYPT/fMRI/gridcellpilot/preprocessed_data/segmentation/29358/coregistration/T1xStudyTemplate_Warped.nii.gz,/lustre/scratch/wbic-beta/ccn30/ENCRYPT/fMRI/gridcellpilot/preprocessed_data/segmentation/29358/coregistration/T1xStudyTemplate_InverseWarped.nii.gz ] --interpolation Linear --use-histogram-matching 0 --winsorize-image-intensities [ 0.005,0.995 ] --initial-moving-transform [ /home/ccn30/ENCRYPT/atlases/templates/ECtemplatemasks2015/Study_template_wholeBrain.nii,/lustre/scratch/wbic-beta/ccn30/ENCRYPT/fMRI/gridcellpilot/raw_data/images/29358/20190905_U-ID46106/mp2rage/denoiseRn4mag0000_PSIR_skulled_std.nii,1 ] --transform Rigid[ 0.1 ] --metric MI[ /home/ccn30/ENCRYPT/atlases/templates/ECtemplatemasks2015/Study_template_wholeBrain.nii,/lustre/scratch/wbic-beta/ccn30/ENCRYPT/fMRI/gridcellpilot/raw_data/images/29358/20190905_U-ID46106/mp2rage/denoiseRn4mag0000_PSIR_skulled_std.nii,1,32,Regular,0.25 ] --convergence [ 1000x500x250x100,1e-6,10 ] --shrink-factors 12x8x4x2 --smoothing-sigmas 4x3x2x1vox --transform Affine[ 0.1 ] --metric MI[ /home/ccn30/ENCRYPT/atlases/templates/ECtemplatemasks2015/Study_template_wholeBrain.nii,/lustre/scratch/wbic-beta/ccn30/ENCRYPT/fMRI/gridcellpilot/raw_data/images/29358/20190905_U-ID46106/mp2rage/denoiseRn4mag0000_PSIR_skulled_std.nii,1,32,Regular,0.25 ] --convergence [ 1000x500x250x100,1e-6,10 ] --shrink-factors 12x8x4x2 --smoothing-sigmas 4x3x2x1vox --transform SyN[ 0.1,3,0 ] --metric CC[ /home/ccn30/ENCRYPT/atlases/templates/ECtemplatemasks2015/Study_template_wholeBrain.nii,/lustre/scratch/wbic-beta/ccn30/ENCRYPT/fMRI/gridcellpilot/raw_data/images/29358/20190905_U-ID46106/mp2rage/denoiseRn4mag0000_PSIR_skulled_std.nii,1,4 ] --convergence [ 100x100x70x50x20,1e-6,10 ] --shrink-factors 10x6x4x2x1 --smoothing-sigmas 5x3x2x1x0vox
--------------------------------------------------------------------------------------
All_Command_lines_OK
Using double precision for computations.
=============================================================================
The composite transform comprises the following transforms (in order): 
  1. Center of mass alignment using fixed image: /home/ccn30/ENCRYPT/atlases/templates/ECtemplatemasks2015/Study_template_wholeBrain.nii and moving image: /lustre/scratch/wbic-beta/ccn30/ENCRYPT/fMRI/gridcellpilot/raw_data/images/29358/20190905_U-ID46106/mp2rage/denoiseRn4mag0000_PSIR_skulled_std.nii (type = Euler3DTransform)
=============================================================================
  number of levels = 4
  number of levels = 4
  number of levels = 5
  fixed image: /home/ccn30/ENCRYPT/atlases/templates/ECtemplatemasks2015/Study_template_wholeBrain.nii
  moving image: /lustre/scratch/wbic-beta/ccn30/ENCRYPT/fMRI/gridcellpilot/raw_data/images/29358/20190905_U-ID46106/mp2rage/denoiseRn4mag0000_PSIR_skulled_std.nii
  fixed image: /home/ccn30/ENCRYPT/atlases/templates/ECtemplatemasks2015/Study_template_wholeBrain.nii
  moving image: /lustre/scratch/wbic-beta/ccn30/ENCRYPT/fMRI/gridcellpilot/raw_data/images/29358/20190905_U-ID46106/mp2rage/denoiseRn4mag0000_PSIR_skulled_std.nii
  fixed image: /home/ccn30/ENCRYPT/atlases/templates/ECtemplatemasks2015/Study_template_wholeBrain.nii
  moving image: /lustre/scratch/wbic-beta/ccn30/ENCRYPT/fMRI/gridcellpilot/raw_data/images/29358/20190905_U-ID46106/mp2rage/denoiseRn4mag0000_PSIR_skulled_std.nii
Dimension = 3
Number of stages = 3
Use Histogram Matching false
Winsorize image intensities true
Lower quantile = 0.005
Upper quantile = 0.995
Stage 1 State
   Image metric = Mattes
     Fixed image = Image (0x4a05550)
  RTTI typeinfo:   itk::Image<double, 3u>
  Reference Count: 2
  Modified Time: 1735
  Debug: Off
  Object Name: 
  Observers: 
    none
  Source: (none)
  Source output name: (none)
  Release Data: Off
  Data Released: False
  Global Release Data: Off
  PipelineMTime: 0
  UpdateMTime: 1518
  RealTimeStamp: 0 seconds 
  LargestPossibleRegion: 
    Dimension: 3
    Index: [0, 0, 0]
    Size: [384, 384, 288]
  BufferedRegion: 
    Dimension: 3
    Index: [0, 0, 0]
    Size: [384, 384, 288]
  RequestedRegion: 
    Dimension: 3
    Index: [0, 0, 0]
    Size: [384, 384, 288]
  Spacing: [0.598958, 0.598958, 0.599937]
  Origin: [85.9044, -155.274, 91.0901]
  Direction: 
-0 0 -1
1 -0 0
0 -1 0

  IndexToPointMatrix: 
0 0 -0.599937
0.598958 0 0
0 -0.598958 0

  PointToIndexMatrix: 
0 1.66957 0
0 0 -1.66957
-1.66684 0 0

  Inverse Direction: 
0 1 0
0 0 -1
-1 0 0

  PixelContainer: 
    ImportImageContainer (0x4a0a880)
      RTTI typeinfo:   itk::ImportImageContainer<unsigned long, double>
      Reference Count: 1
      Modified Time: 1515
      Debug: Off
      Object Name: 
      Observers: 
        none
      Pointer: 0x2b0ab7eb8010
      Container manages memory: true
      Size: 42467328
      Capacity: 42467328

     Moving image = Image (0x4a032f0)
  RTTI typeinfo:   itk::Image<double, 3u>
  Reference Count: 2
  Modified Time: 1736
  Debug: Off
  Object Name: 
  Observers: 
    none
  Source: (none)
  Source output name: (none)
  Release Data: Off
  Data Released: False
  Global Release Data: Off
  PipelineMTime: 0
  UpdateMTime: 1733
  RealTimeStamp: 0 seconds 
  LargestPossibleRegion: 
    Dimension: 3
    Index: [0, 0, 0]
    Size: [224, 320, 320]
  BufferedRegion: 
    Dimension: 3
    Index: [0, 0, 0]
    Size: [224, 320, 320]
  RequestedRegion: 
    Dimension: 3
    Index: [0, 0, 0]
    Size: [224, 320, 320]
  Spacing: [0.700005, 0.7, 0.7]
  Origin: [-81.1493, 72.2492, -103.242]
  Direction: 
1 0 0
0 -1 0
0 0 1

  IndexToPointMatrix: 
0.700005 0 0
0 -0.7 0
0 0 0.7

  PointToIndexMatrix: 
1.42856 0 0
0 -1.42857 0
0 0 1.42857

  Inverse Direction: 
1 0 0
0 -1 0
0 0 1

  PixelContainer: 
    ImportImageContainer (0x4a113f0)
      RTTI typeinfo:   itk::ImportImageContainer<unsigned long, double>
      Reference Count: 1
      Modified Time: 1730
      Debug: Off
      Object Name: 
      Observers: 
        none
      Pointer: 0x2b0acc2b9010
      Container manages memory: true
      Size: 22937600
      Capacity: 22937600

     Weighting = 1
     Sampling strategy = regular
     Number of bins = 32
     Radius = 4
     Sampling percentage  = 0.25
   Transform = Rigid
     Gradient step = 0.1
     Update field sigma (voxel space) = 0
     Total field sigma (voxel space) = 0
     Update field time sigma = 0
     Total field time sigma  = 0
     Number of time indices = 0
     Number of time point samples = 0
Stage 2 State
   Image metric = Mattes
     Fixed image = Image (0x4a05860)
  RTTI typeinfo:   itk::Image<double, 3u>
  Reference Count: 2
  Modified Time: 2167
  Debug: Off
  Object Name: 
  Observers: 
    none
  Source: (none)
  Source output name: (none)
  Release Data: Off
  Data Released: False
  Global Release Data: Off
  PipelineMTime: 0
  UpdateMTime: 1950
  RealTimeStamp: 0 seconds 
  LargestPossibleRegion: 
    Dimension: 3
    Index: [0, 0, 0]
    Size: [384, 384, 288]
  BufferedRegion: 
    Dimension: 3
    Index: [0, 0, 0]
    Size: [384, 384, 288]
  RequestedRegion: 
    Dimension: 3
    Index: [0, 0, 0]
    Size: [384, 384, 288]
  Spacing: [0.598958, 0.598958, 0.599937]
  Origin: [85.9044, -155.274, 91.0901]
  Direction: 
-0 0 -1
1 -0 0
0 -1 0

  IndexToPointMatrix: 
0 0 -0.599937
0.598958 0 0
0 -0.598958 0

  PointToIndexMatrix: 
0 1.66957 0
0 0 -1.66957
-1.66684 0 0

  Inverse Direction: 
0 1 0
0 0 -1
-1 0 0

  PixelContainer: 
    ImportImageContainer (0x4a0dbe0)
      RTTI typeinfo:   itk::ImportImageContainer<unsigned long, double>
      Reference Count: 1
      Modified Time: 1947
      Debug: Off
      Object Name: 
      Observers: 
        none
      Pointer: 0x2b0ad71ba010
      Container manages memory: true
      Size: 42467328
      Capacity: 42467328

     Moving image = Image (0x4a05af0)
  RTTI typeinfo:   itk::Image<double, 3u>
  Reference Count: 2
  Modified Time: 2168
  Debug: Off
  Object Name: 
  Observers: 
    none
  Source: (none)
  Source output name: (none)
  Release Data: Off
  Data Released: False
  Global Release Data: Off
  PipelineMTime: 0
  UpdateMTime: 2165
  RealTimeStamp: 0 seconds 
  LargestPossibleRegion: 
    Dimension: 3
    Index: [0, 0, 0]
    Size: [224, 320, 320]
  BufferedRegion: 
    Dimension: 3
    Index: [0, 0, 0]
    Size: [224, 320, 320]
  RequestedRegion: 
    Dimension: 3
    Index: [0, 0, 0]
    Size: [224, 320, 320]
  Spacing: [0.700005, 0.7, 0.7]
  Origin: [-81.1493, 72.2492, -103.242]
  Direction: 
1 0 0
0 -1 0
0 0 1

  IndexToPointMatrix: 
0.700005 0 0
0 -0.7 0
0 0 0.7

  PointToIndexMatrix: 
1.42856 0 0
0 -1.42857 0
0 0 1.42857

  Inverse Direction: 
1 0 0
0 -1 0
0 0 1

  PixelContainer: 
    ImportImageContainer (0x4a1af10)
      RTTI typeinfo:   itk::ImportImageContainer<unsigned long, double>
      Reference Count: 1
      Modified Time: 2162
      Debug: Off
      Object Name: 
      Observers: 
        none
      Pointer: 0x2b0aeb5bb010
      Container manages memory: true
      Size: 22937600
      Capacity: 22937600

     Weighting = 1
     Sampling strategy = regular
     Number of bins = 32
     Radius = 4
     Sampling percentage  = 0.25
   Transform = Affine
     Gradient step = 0.1
     Update field sigma (voxel space) = 0
     Total field sigma (voxel space) = 0
     Update field time sigma = 0
     Total field time sigma  = 0
     Number of time indices = 0
     Number of time point samples = 0
Stage 3 State
   Image metric = CC
     Fixed image = Image (0x4a18df0)
  RTTI typeinfo:   itk::Image<double, 3u>
  Reference Count: 2
  Modified Time: 2599
  Debug: Off
  Object Name: 
  Observers: 
    none
  Source: (none)
  Source output name: (none)
  Release Data: Off
  Data Released: False
  Global Release Data: Off
  PipelineMTime: 0
  UpdateMTime: 2382
  RealTimeStamp: 0 seconds 
  LargestPossibleRegion: 
    Dimension: 3
    Index: [0, 0, 0]
    Size: [384, 384, 288]
  BufferedRegion: 
    Dimension: 3
    Index: [0, 0, 0]
    Size: [384, 384, 288]
  RequestedRegion: 
    Dimension: 3
    Index: [0, 0, 0]
    Size: [384, 384, 288]
  Spacing: [0.598958, 0.598958, 0.599937]
  Origin: [85.9044, -155.274, 91.0901]
  Direction: 
-0 0 -1
1 -0 0
0 -1 0

  IndexToPointMatrix: 
0 0 -0.599937
0.598958 0 0
0 -0.598958 0

  PointToIndexMatrix: 
0 1.66957 0
0 0 -1.66957
-1.66684 0 0

  Inverse Direction: 
0 1 0
0 0 -1
-1 0 0

  PixelContainer: 
    ImportImageContainer (0x4a1bae0)
      RTTI typeinfo:   itk::ImportImageContainer<unsigned long, double>
      Reference Count: 1
      Modified Time: 2379
      Debug: Off
      Object Name: 
      Observers: 
        none
      Pointer: 0x2b0af64bc010
      Container manages memory: true
      Size: 42467328
      Capacity: 42467328

     Moving image = Image (0x4a13700)
  RTTI typeinfo:   itk::Image<double, 3u>
  Reference Count: 2
  Modified Time: 2600
  Debug: Off
  Object Name: 
  Observers: 
    none
  Source: (none)
  Source output name: (none)
  Release Data: Off
  Data Released: False
  Global Release Data: Off
  PipelineMTime: 0
  UpdateMTime: 2597
  RealTimeStamp: 0 seconds 
  LargestPossibleRegion: 
    Dimension: 3
    Index: [0, 0, 0]
    Size: [224, 320, 320]
  BufferedRegion: 
    Dimension: 3
    Index: [0, 0, 0]
    Size: [224, 320, 320]
  RequestedRegion: 
    Dimension: 3
    Index: [0, 0, 0]
    Size: [224, 320, 320]
  Spacing: [0.700005, 0.7, 0.7]
  Origin: [-81.1493, 72.2492, -103.242]
  Direction: 
1 0 0
0 -1 0
0 0 1

  IndexToPointMatrix: 
0.700005 0 0
0 -0.7 0
0 0 0.7

  PointToIndexMatrix: 
1.42856 0 0
0 -1.42857 0
0 0 1.42857

  Inverse Direction: 
1 0 0
0 -1 0
0 0 1

  PixelContainer: 
    ImportImageContainer (0x4a1a350)
      RTTI typeinfo:   itk::ImportImageContainer<unsigned long, double>
      Reference Count: 1
      Modified Time: 2594
      Debug: Off
      Object Name: 
      Observers: 
        none
      Pointer: 0x2b0b0a8bd010
      Container manages memory: true
      Size: 22937600
      Capacity: 22937600

     Weighting = 1
     Sampling strategy = none
     Number of bins = 32
     Radius = 4
     Sampling percentage  = 1
   Transform = SyN
     Gradient step = 0.1
     Update field sigma (voxel space) = 3
     Total field sigma (voxel space) = 0
     Update field time sigma = 0
     Total field time sigma  = 0
     Number of time indices = 0
     Number of time point samples = 0
Registration using 3 total stages.

Stage 0
  iterations = 1000x500x250x100
  convergence threshold = 1e-06
  convergence window size = 10
  number of levels = 4
  using the Mattes MI metric (number of bins = 32, weight = 1)
  preprocessing:  winsorizing the image intensities
  Shrink factors (level 1 out of 4): [12, 12, 12]
  Shrink factors (level 2 out of 4): [8, 8, 8]
  Shrink factors (level 3 out of 4): [4, 4, 4]
  Shrink factors (level 4 out of 4): [2, 2, 2]
  smoothing sigmas per level: [4, 3, 2, 1]
  regular sampling (percentage = 0.25)

*** Running Euler3DTransform registration ***

DIAGNOSTIC,Iteration,metricValue,convergenceValue,ITERATION_TIME_INDEX,SINCE_LAST
 2DIAGNOSTIC,     1, -5.292998082112e-01, 1.797693134862e+308, 8.7873e+00, 8.7873e+00, 
 2DIAGNOSTIC,     2, -5.314348493144e-01, 1.797693134862e+308, 8.8167e+00, 2.9433e-02, 
 2DIAGNOSTIC,     3, -5.349757890741e-01, 1.797693134862e+308, 8.8418e+00, 2.5110e-02, 
 2DIAGNOSTIC,     4, -5.395420897466e-01, 1.797693134862e+308, 8.8657e+00, 2.3876e-02, 
 2DIAGNOSTIC,     5, -5.447151887387e-01, 1.797693134862e+308, 8.8890e+00, 2.3310e-02, 
 2DIAGNOSTIC,     6, -5.556696061807e-01, 1.797693134862e+308, 8.9114e+00, 2.2355e-02, 
 2DIAGNOSTIC,     7, -5.759971768115e-01, 1.797693134862e+308, 8.9344e+00, 2.3023e-02, 
 2DIAGNOSTIC,     8, -5.835219690691e-01, 1.797693134862e+308, 8.9612e+00, 2.6811e-02, 
 2DIAGNOSTIC,     9, -5.870708468035e-01, 1.797693134862e+308, 8.9848e+00, 2.3547e-02, 
 2DIAGNOSTIC,    10, -5.945791281353e-01, 8.503616841408e-03, 9.0160e+00, 3.1198e-02, 
 2DIAGNOSTIC,    11, -6.003618660454e-01, 8.093379689399e-03, 9.0605e+00, 4.4534e-02, 
 2DIAGNOSTIC,    12, -6.004386165611e-01, 7.110812932520e-03, 9.0909e+00, 3.0369e-02, 
 2DIAGNOSTIC,    13, -6.011765143713e-01, 5.816930677111e-03, 9.1269e+00, 3.6026e-02, 
 2DIAGNOSTIC,    14, -6.017462585623e-01, 4.384443200959e-03, 9.1650e+00, 3.8105e-02, 
 2DIAGNOSTIC,    15, -6.014237776908e-01, 2.911215639963e-03, 9.2041e+00, 3.9129e-02, 
 2DIAGNOSTIC,    16, -6.014192341837e-01, 1.687451640053e-03, 9.2426e+00, 3.8501e-02, 
 2DIAGNOSTIC,    17, -6.012768132484e-01, 1.043660706198e-03, 9.2790e+00, 3.6392e-02, 
 2DIAGNOSTIC,    18, -6.014414149485e-01, 5.906593967089e-04, 9.3107e+00, 3.1647e-02, 
 2DIAGNOSTIC,    19, -6.017891419602e-01, 2.294021045780e-04, 9.3421e+00, 3.1431e-02, 
 2DIAGNOSTIC,    20, -6.021210112253e-01, 7.288808778974e-05, 9.3734e+00, 3.1295e-02, 
 2DIAGNOSTIC,    21, -6.010134113604e-01, 3.455003549013e-05, 9.4050e+00, 3.1617e-02, 
 2DIAGNOSTIC,    22, -6.017497789634e-01, 1.532811647966e-05, 9.4345e+00, 2.9481e-02, 
 2DIAGNOSTIC,    23, -6.013773470326e-01, 3.174904198468e-06, 9.4647e+00, 3.0242e-02, 
 2DIAGNOSTIC,    24, -6.013943441894e-01, 3.829982100322e-06, 9.4930e+00, 2.8269e-02, 
DIAGNOSTIC,Iteration,metricValue,convergenceValue,ITERATION_TIME_INDEX,SINCE_LAST
 2DIAGNOSTIC,     1, -5.573484100588e-01, 1.797693134862e+308, 1.8437e+01, 8.9444e+00, 
 2DIAGNOSTIC,     2, -5.579445167791e-01, 1.797693134862e+308, 1.8534e+01, 9.6556e-02, 
 2DIAGNOSTIC,     3, -5.585643916326e-01, 1.797693134862e+308, 1.8621e+01, 8.6831e-02, 
 2DIAGNOSTIC,     4, -5.588396896758e-01, 1.797693134862e+308, 1.8706e+01, 8.5644e-02, 
 2DIAGNOSTIC,     5, -5.593676764342e-01, 1.797693134862e+308, 1.8809e+01, 1.0296e-01, 
 2DIAGNOSTIC,     6, -5.599259504492e-01, 1.797693134862e+308, 1.8909e+01, 9.9165e-02, 
 2DIAGNOSTIC,     7, -5.601391474487e-01, 1.797693134862e+308, 1.9041e+01, 1.3254e-01, 
 2DIAGNOSTIC,     8, -5.600465680006e-01, 1.797693134862e+308, 1.9149e+01, 1.0752e-01, 
 2DIAGNOSTIC,     9, -5.600448082461e-01, 1.797693134862e+308, 1.9251e+01, 1.0275e-01, 
 2DIAGNOSTIC,    10, -5.600234360424e-01, 3.207878415833e-04, 1.9336e+01, 8.4931e-02, 
 2DIAGNOSTIC,    11, -5.599700228953e-01, 2.107062613923e-04, 1.9425e+01, 8.8725e-02, 
 2DIAGNOSTIC,    12, -5.601697610313e-01, 1.336330729316e-04, 1.9511e+01, 8.5585e-02, 
 2DIAGNOSTIC,    13, -5.603639804023e-01, 8.848421764256e-05, 1.9594e+01, 8.3550e-02, 
 2DIAGNOSTIC,    14, -5.609039023562e-01, 7.124650012134e-05, 1.9681e+01, 8.7061e-02, 
 2DIAGNOSTIC,    15, -5.616569205092e-01, 9.255746526346e-05, 1.9782e+01, 1.0032e-01, 
 2DIAGNOSTIC,    16, -5.625241986511e-01, 1.475234861930e-04, 1.9869e+01, 8.7392e-02, 
 2DIAGNOSTIC,    17, -5.627152505803e-01, 1.944089092912e-04, 1.9953e+01, 8.3901e-02, 
 2DIAGNOSTIC,    18, -5.638972805240e-01, 2.492419452146e-04, 2.0057e+01, 1.0459e-01, 
 2DIAGNOSTIC,    19, -5.636139258968e-01, 2.670253205599e-04, 2.0237e+01, 1.7924e-01, 
 2DIAGNOSTIC,    20, -5.638565506174e-01, 2.643427935748e-04, 2.0324e+01, 8.7524e-02, 
 2DIAGNOSTIC,    21, -5.638225007177e-01, 2.352444657815e-04, 2.0409e+01, 8.4571e-02, 
 2DIAGNOSTIC,    22, -5.642042106102e-01, 2.004099257504e-04, 2.0494e+01, 8.4791e-02, 
 2DIAGNOSTIC,    23, -5.642915700110e-01, 1.557888246638e-04, 2.0578e+01, 8.4564e-02, 
 2DIAGNOSTIC,    24, -5.647531354515e-01, 1.214166111811e-04, 2.0688e+01, 1.1031e-01, 
 2DIAGNOSTIC,    25, -5.646963141830e-01, 9.239196871581e-05, 2.0791e+01, 1.0253e-01, 
 2DIAGNOSTIC,    26, -5.647469570406e-01, 7.512955318895e-05, 2.0880e+01, 8.9229e-02, 
 2DIAGNOSTIC,    27, -5.647532163333e-01, 5.524334838718e-05, 2.0982e+01, 1.0134e-01, 
 2DIAGNOSTIC,    28, -5.650316432597e-01, 5.817396449727e-05, 2.1097e+01, 1.1590e-01, 
 2DIAGNOSTIC,    29, -5.649862998325e-01, 4.950188351530e-05, 2.1213e+01, 1.1575e-01, 
 2DIAGNOSTIC,    30, -5.656091516906e-01, 5.160607301340e-05, 2.1321e+01, 1.0750e-01, 
 2DIAGNOSTIC,    31, -5.656421188734e-01, 4.849798489810e-05, 2.1414e+01, 9.3484e-02, 
 2DIAGNOSTIC,    32, -5.656646210038e-01, 4.757857386373e-05, 2.1530e+01, 1.1627e-01, 
 2DIAGNOSTIC,    33, -5.657593002368e-01, 4.496737971705e-05, 2.1627e+01, 9.6955e-02, 
 2DIAGNOSTIC,    34, -5.664013974384e-01, 5.470371304861e-05, 2.1737e+01, 1.0929e-01, 
 2DIAGNOSTIC,    35, -5.670936375233e-01, 6.759341348182e-05, 2.1875e+01, 1.3796e-01, 
 2DIAGNOSTIC,    36, -5.670842719630e-01, 7.384579476633e-05, 2.1970e+01, 9.5462e-02, 
 2DIAGNOSTIC,    37, -5.671420776886e-01, 7.396068941138e-05, 2.2067e+01, 9.7104e-02, 
 2DIAGNOSTIC,    38, -5.670167016938e-01, 6.933947339896e-05, 2.2164e+01, 9.6539e-02, 
 2DIAGNOSTIC,    39, -5.667305174327e-01, 5.379325980439e-05, 2.2272e+01, 1.0860e-01, 
 2DIAGNOSTIC,    40, -5.667320915085e-01, 4.178707959559e-05, 2.2369e+01, 9.6895e-02, 
 2DIAGNOSTIC,    41, -5.666299466433e-01, 2.564234864771e-05, 2.2456e+01, 8.6664e-02, 
 2DIAGNOSTIC,    42, -5.667765300624e-01, 1.009830676107e-05, 2.2541e+01, 8.4979e-02, 
DIAGNOSTIC,Iteration,metricValue,convergenceValue,ITERATION_TIME_INDEX,SINCE_LAST
 2DIAGNOSTIC,     1, -4.969685578597e-01, 1.797693134862e+308, 3.2150e+01, 9.6096e+00, 
 2DIAGNOSTIC,     2, -4.973092520197e-01, 1.797693134862e+308, 3.2836e+01, 6.8503e-01, 
 2DIAGNOSTIC,     3, -4.975624035767e-01, 1.797693134862e+308, 3.3414e+01, 5.7828e-01, 
 2DIAGNOSTIC,     4, -4.980714514485e-01, 1.797693134862e+308, 3.4016e+01, 6.0215e-01, 
 2DIAGNOSTIC,     5, -4.983102824864e-01, 1.797693134862e+308, 3.4684e+01, 6.6839e-01, 
 2DIAGNOSTIC,     6, -4.983177529502e-01, 1.797693134862e+308, 3.5809e+01, 1.1246e+00, 
 2DIAGNOSTIC,     7, -4.983318855328e-01, 1.797693134862e+308, 3.6478e+01, 6.6896e-01, 
 2DIAGNOSTIC,     8, -4.983325287036e-01, 1.797693134862e+308, 3.7152e+01, 6.7372e-01, 
 2DIAGNOSTIC,     9, -4.983263870452e-01, 1.797693134862e+308, 3.7811e+01, 6.5895e-01, 
 2DIAGNOSTIC,    10, -4.983097989806e-01, 1.683128754425e-04, 3.8399e+01, 5.8888e-01, 
 2DIAGNOSTIC,    11, -4.983013245467e-01, 9.818244496999e-05, 3.9159e+01, 7.5970e-01, 
 2DIAGNOSTIC,    12, -4.983031269830e-01, 4.760687172226e-05, 3.9738e+01, 5.7915e-01, 
 2DIAGNOSTIC,    13, -4.982771685720e-01, 1.020044637742e-05, 4.0412e+01, 6.7383e-01, 
DIAGNOSTIC,Iteration,metricValue,convergenceValue,ITERATION_TIME_INDEX,SINCE_LAST
 2DIAGNOSTIC,     1, -4.399543637147e-01, 1.797693134862e+308, 5.4946e+01, 1.4534e+01, 
 2DIAGNOSTIC,     2, -4.399950928905e-01, 1.797693134862e+308, 6.0226e+01, 5.2805e+00, 
 2DIAGNOSTIC,     3, -4.399905663138e-01, 1.797693134862e+308, 6.5482e+01, 5.2551e+00, 
 2DIAGNOSTIC,     4, -4.399853298068e-01, 1.797693134862e+308, 7.2568e+01, 7.0867e+00, 
 2DIAGNOSTIC,     5, -4.399832113912e-01, 1.797693134862e+308, 7.7221e+01, 4.6532e+00, 
 2DIAGNOSTIC,     6, -4.399816745768e-01, 1.797693134862e+308, 8.1880e+01, 4.6586e+00, 
 2DIAGNOSTIC,     7, -4.399826154079e-01, 1.797693134862e+308, 8.7872e+01, 5.9916e+00, 
 2DIAGNOSTIC,     8, -4.399795760171e-01, 1.797693134862e+308, 9.2522e+01, 4.6508e+00, 
 2DIAGNOSTIC,     9, -4.399794915353e-01, 1.797693134862e+308, 9.7122e+01, 4.5993e+00, 
 2DIAGNOSTIC,    10, -4.399788968280e-01, 3.288609124380e-06, 1.0177e+02, 4.6492e+00, 
 2DIAGNOSTIC,    11, -4.399789119739e-01, 1.011738537865e-06, 1.0646e+02, 4.6854e+00, 
 2DIAGNOSTIC,    12, -4.399786867177e-01, 1.464569826484e-06, 1.1110e+02, 4.6460e+00, 
 2DIAGNOSTIC,    13, -4.399786440764e-01, 1.734983211196e-06, 1.1511e+02, 4.0067e+00, 
 2DIAGNOSTIC,    14, -4.399786807825e-01, 1.794805065292e-06, 1.1986e+02, 4.7481e+00, 
 2DIAGNOSTIC,    15, -4.399761207653e-01, 1.689229807797e-06, 1.2442e+02, 4.5649e+00, 
 2DIAGNOSTIC,    16, -4.399762820875e-01, 1.581315646815e-06, 1.2907e+02, 4.6529e+00, 
 2DIAGNOSTIC,    17, -4.399758455890e-01, 1.544440552344e-06, 1.3362e+02, 4.5442e+00, 
 2DIAGNOSTIC,    18, -4.399758319408e-01, 1.431191278933e-06, 1.3901e+02, 5.3894e+00, 
 2DIAGNOSTIC,    19, -4.399759718018e-01, 1.363580318305e-06, 1.4364e+02, 4.6361e+00, 
 2DIAGNOSTIC,    20, -4.399756688749e-01, 1.303484299477e-06, 1.4833e+02, 4.6843e+00, 
 2DIAGNOSTIC,    21, -4.399780321906e-01, 1.349782120512e-06, 1.5243e+02, 4.1009e+00, 
 2DIAGNOSTIC,    22, -4.399775290831e-01, 1.382886636488e-06, 1.5653e+02, 4.1003e+00, 
 2DIAGNOSTIC,    23, -4.399776421163e-01, 1.421264877489e-06, 1.6129e+02, 4.7571e+00, 
 2DIAGNOSTIC,    24, -4.399777769400e-01, 1.460070114249e-06, 1.6589e+02, 4.5999e+00, 
 2DIAGNOSTIC,    25, -4.399772808350e-01, 1.403511451739e-06, 1.7128e+02, 5.3948e+00, 
 2DIAGNOSTIC,    26, -4.399773449994e-01, 1.344460897258e-06, 1.7541e+02, 4.1274e+00, 
 2DIAGNOSTIC,    27, -4.399770860806e-01, 1.261526695467e-06, 1.7949e+02, 4.0818e+00, 
 2DIAGNOSTIC,    28, -4.399774283845e-01, 1.184935619472e-06, 1.8414e+02, 4.6445e+00, 
 2DIAGNOSTIC,    29, -4.399776318769e-01, 1.117021939764e-06, 1.8890e+02, 4.7635e+00, 
 2DIAGNOSTIC,    30, -4.399795920838e-01, 1.085901387178e-06, 1.9369e+02, 4.7867e+00, 
 2DIAGNOSTIC,    31, -4.399793366548e-01, 1.097702344487e-06, 1.9853e+02, 4.8455e+00, 
 2DIAGNOSTIC,    32, -4.399765984775e-01, 1.037108337661e-06, 2.0344e+02, 4.9093e+00, 
  Elapsed time (stage 0): 2.0830e+02


Stage 1
  iterations = 1000x500x250x100
  convergence threshold = 1.0000e-06
  convergence window size = 10
  number of levels = 4
  using the Mattes MI metric (number of bins = 32, weight = 1.0000e+00)
  preprocessing:  winsorizing the image intensities
  Shrink factors (level 1 out of 4): [12, 12, 12]
  Shrink factors (level 2 out of 4): [8, 8, 8]
  Shrink factors (level 3 out of 4): [4, 4, 4]
  Shrink factors (level 4 out of 4): [2, 2, 2]
  smoothing sigmas per level: [4, 3, 2, 1]
  regular sampling (percentage = 2.5000e-01)

*** Running AffineTransform registration ***

DIAGNOSTIC,Iteration,metricValue,convergenceValue,ITERATION_TIME_INDEX,SINCE_LAST
 2DIAGNOSTIC,     1, -5.912245503888e-01, 1.797693134862e+308, 8.8388e+00, 8.8388e+00, 
 2DIAGNOSTIC,     2, -5.931060224913e-01, 1.797693134862e+308, 8.8731e+00, 3.4339e-02, 
 2DIAGNOSTIC,     3, -5.967464711963e-01, 1.797693134862e+308, 8.9060e+00, 3.2943e-02, 
 2DIAGNOSTIC,     4, -6.033409293435e-01, 1.797693134862e+308, 8.9385e+00, 3.2463e-02, 
 2DIAGNOSTIC,     5, -6.183817632516e-01, 1.797693134862e+308, 8.9706e+00, 3.2118e-02, 
 2DIAGNOSTIC,     6, -6.341295507264e-01, 1.797693134862e+308, 9.0026e+00, 3.2007e-02, 
 2DIAGNOSTIC,     7, -6.899273455377e-01, 1.797693134862e+308, 9.0332e+00, 3.0596e-02, 
 2DIAGNOSTIC,     8, -7.287971300185e-01, 1.797693134862e+308, 9.0682e+00, 3.4972e-02, 
 2DIAGNOSTIC,     9, -7.455337804398e-01, 1.797693134862e+308, 9.1035e+00, 3.5304e-02, 
 2DIAGNOSTIC,    10, -7.515243358656e-01, 1.861884484408e-02, 9.1394e+00, 3.5859e-02, 
 2DIAGNOSTIC,    11, -7.534140959318e-01, 1.774637353831e-02, 9.1764e+00, 3.7056e-02, 
 2DIAGNOSTIC,    12, -7.586159506798e-01, 1.568096693828e-02, 9.2095e+00, 3.3069e-02, 
 2DIAGNOSTIC,    13, -7.626393501516e-01, 1.278725505278e-02, 9.2492e+00, 3.9752e-02, 
 2DIAGNOSTIC,    14, -7.635872927290e-01, 9.431112519730e-03, 9.2792e+00, 2.9954e-02, 
 2DIAGNOSTIC,    15, -7.657215599305e-01, 6.207540672398e-03, 9.3107e+00, 3.1539e-02, 
 2DIAGNOSTIC,    16, -7.667793808882e-01, 3.268343193267e-03, 9.3444e+00, 3.3697e-02, 
 2DIAGNOSTIC,    17, -7.671278305590e-01, 1.729501879009e-03, 9.3708e+00, 2.6392e-02, 
 2DIAGNOSTIC,    18, -7.676237151108e-01, 1.092645670719e-03, 9.4273e+00, 5.6470e-02, 
 2DIAGNOSTIC,    19, -7.676274588948e-01, 7.803669504003e-04, 9.4529e+00, 2.5583e-02, 
 2DIAGNOSTIC,    20, -7.677191561155e-01, 5.524625633128e-04, 9.4772e+00, 2.4305e-02, 
 2DIAGNOSTIC,    21, -7.678120629499e-01, 3.324716427114e-04, 9.5141e+00, 3.6898e-02, 
 2DIAGNOSTIC,    22, -7.678669652988e-01, 1.966720355184e-04, 9.5515e+00, 3.7408e-02, 
 2DIAGNOSTIC,    23, -7.678761133971e-01, 1.249124251630e-04, 9.5754e+00, 2.3887e-02, 
 2DIAGNOSTIC,    24, -7.678924644265e-01, 6.316318757674e-05, 9.5982e+00, 2.2849e-02, 
 2DIAGNOSTIC,    25, -7.679367584962e-01, 3.491947174811e-05, 9.6209e+00, 2.2642e-02, 
 2DIAGNOSTIC,    26, -7.680161957783e-01, 2.291990430191e-05, 9.6439e+00, 2.3032e-02, 
 2DIAGNOSTIC,    27, -7.681089328076e-01, 1.601327369483e-05, 9.6673e+00, 2.3409e-02, 
 2DIAGNOSTIC,    28, -7.682926211746e-01, 1.775100278489e-05, 9.6921e+00, 2.4847e-02, 
 2DIAGNOSTIC,    29, -7.684555616202e-01, 1.999372816309e-05, 9.7188e+00, 2.6660e-02, 
 2DIAGNOSTIC,    30, -7.691255117602e-01, 3.014525774283e-05, 9.7610e+00, 4.2184e-02, 
 2DIAGNOSTIC,    31, -7.692650942229e-01, 3.956541403313e-05, 9.8011e+00, 4.0117e-02, 
 2DIAGNOSTIC,    32, -7.693174350978e-01, 4.608616226691e-05, 9.8623e+00, 6.1243e-02, 
 2DIAGNOSTIC,    33, -7.693061474715e-01, 4.800012160324e-05, 9.8958e+00, 3.3464e-02, 
 2DIAGNOSTIC,    34, -7.693154451185e-01, 4.561623955223e-05, 9.9357e+00, 3.9935e-02, 
 2DIAGNOSTIC,    35, -7.693285426946e-01, 3.966149234898e-05, 9.9717e+00, 3.5929e-02, 
 2DIAGNOSTIC,    36, -7.693123450653e-01, 3.101919316889e-05, 1.0006e+01, 3.3924e-02, 
 2DIAGNOSTIC,    37, -7.693267767303e-01, 2.119459256918e-05, 1.0037e+01, 3.1070e-02, 
 2DIAGNOSTIC,    38, -7.693757200278e-01, 1.239042323117e-05, 1.0075e+01, 3.7955e-02, 
 2DIAGNOSTIC,    39, -7.693950026254e-01, 4.577602771689e-06, 1.0106e+01, 3.1125e-02, 
 2DIAGNOSTIC,    40, -7.693988340792e-01, 3.259190351511e-06, 1.0137e+01, 3.1096e-02, 
 2DIAGNOSTIC,    41, -7.694102752929e-01, 3.186958656528e-06, 1.0168e+01, 3.0914e-02, 
 2DIAGNOSTIC,    42, -7.694125853393e-01, 3.393440046441e-06, 1.0205e+01, 3.6772e-02, 
 2DIAGNOSTIC,    43, -7.694129904163e-01, 3.233489636986e-06, 1.0235e+01, 3.0743e-02, 
 2DIAGNOSTIC,    44, -7.694146364412e-01, 2.935138792244e-06, 1.0265e+01, 2.9385e-02, 
 2DIAGNOSTIC,    45, -7.694160370837e-01, 2.575643303970e-06, 1.0292e+01, 2.7822e-02, 
 2DIAGNOSTIC,    46, -7.694160863087e-01, 1.924009631529e-06, 1.0317e+01, 2.4334e-02, 
 2DIAGNOSTIC,    47, -7.694169534270e-01, 1.300542529545e-06, 1.0341e+01, 2.4253e-02, 
 2DIAGNOSTIC,    48, -7.694188462337e-01, 1.048185224933e-06, 1.0375e+01, 3.3742e-02, 
DIAGNOSTIC,Iteration,metricValue,convergenceValue,ITERATION_TIME_INDEX,SINCE_LAST
 2DIAGNOSTIC,     1, -7.069780186800e-01, 1.797693134862e+308, 1.9377e+01, 9.0022e+00, 
 2DIAGNOSTIC,     2, -7.075566142841e-01, 1.797693134862e+308, 1.9473e+01, 9.6100e-02, 
 2DIAGNOSTIC,     3, -7.082462047375e-01, 1.797693134862e+308, 1.9568e+01, 9.5344e-02, 
 2DIAGNOSTIC,     4, -7.089710490064e-01, 1.797693134862e+308, 1.9668e+01, 9.9939e-02, 
 2DIAGNOSTIC,     5, -7.096153292703e-01, 1.797693134862e+308, 1.9773e+01, 1.0474e-01, 
 2DIAGNOSTIC,     6, -7.100593178705e-01, 1.797693134862e+308, 1.9872e+01, 9.8990e-02, 
 2DIAGNOSTIC,     7, -7.102976022118e-01, 1.797693134862e+308, 2.0002e+01, 1.2963e-01, 
 2DIAGNOSTIC,     8, -7.104002627281e-01, 1.797693134862e+308, 2.0112e+01, 1.1063e-01, 
 2DIAGNOSTIC,     9, -7.104076291389e-01, 1.797693134862e+308, 2.0209e+01, 9.6725e-02, 
 2DIAGNOSTIC,    10, -7.103943246310e-01, 3.282270440495e-04, 2.0329e+01, 1.1971e-01, 
 2DIAGNOSTIC,    11, -7.103887480178e-01, 2.259110942139e-04, 2.0430e+01, 1.0077e-01, 
 2DIAGNOSTIC,    12, -7.103957103841e-01, 1.400065951588e-04, 2.0545e+01, 1.1551e-01, 
 2DIAGNOSTIC,    13, -7.103924308778e-01, 7.580526476639e-05, 2.0676e+01, 1.3124e-01, 
 2DIAGNOSTIC,    14, -7.104006913909e-01, 3.482150209075e-05, 2.0793e+01, 1.1680e-01, 
 2DIAGNOSTIC,    15, -7.104013204013e-01, 1.333830991915e-05, 2.0900e+01, 1.0676e-01, 
 2DIAGNOSTIC,    16, -7.104019392367e-01, 4.509350102863e-06, 2.1012e+01, 1.1192e-01, 
 2DIAGNOSTIC,    17, -7.104024966705e-01, 2.042683130095e-06, 2.1113e+01, 1.0073e-01, 
 2DIAGNOSTIC,    18, -7.104029887829e-01, 2.119024663599e-06, 2.1225e+01, 1.1199e-01, 
 2DIAGNOSTIC,    19, -7.103914405751e-01, 2.073102525604e-06, 2.1335e+01, 1.1074e-01, 
 2DIAGNOSTIC,    20, -7.103919605844e-01, 1.748744350293e-06, 2.1505e+01, 1.6985e-01, 
 2DIAGNOSTIC,    21, -7.103890184709e-01, 1.273206460879e-06, 2.1606e+01, 1.0122e-01, 
DIAGNOSTIC,Iteration,metricValue,convergenceValue,ITERATION_TIME_INDEX,SINCE_LAST
 2DIAGNOSTIC,     1, -6.337884805629e-01, 1.797693134862e+308, 3.1455e+01, 9.8487e+00, 
 2DIAGNOSTIC,     2, -6.344458327600e-01, 1.797693134862e+308, 3.2091e+01, 6.3624e-01, 
 2DIAGNOSTIC,     3, -6.350735790524e-01, 1.797693134862e+308, 3.2746e+01, 6.5425e-01, 
 2DIAGNOSTIC,     4, -6.354537699357e-01, 1.797693134862e+308, 3.3408e+01, 6.6280e-01, 
 2DIAGNOSTIC,     5, -6.356845021122e-01, 1.797693134862e+308, 3.4067e+01, 6.5856e-01, 
 2DIAGNOSTIC,     6, -6.358297687243e-01, 1.797693134862e+308, 3.4806e+01, 7.3948e-01, 
 2DIAGNOSTIC,     7, -6.360254867782e-01, 1.797693134862e+308, 3.6219e+01, 1.4130e+00, 
 2DIAGNOSTIC,     8, -6.360288329813e-01, 1.797693134862e+308, 3.6861e+01, 6.4111e-01, 
 2DIAGNOSTIC,     9, -6.360357872409e-01, 1.797693134862e+308, 3.7515e+01, 6.5402e-01, 
 2DIAGNOSTIC,    10, -6.360444558713e-01, 2.092162180917e-04, 3.8173e+01, 6.5860e-01, 
 2DIAGNOSTIC,    11, -6.360575821454e-01, 1.273695724564e-04, 3.8831e+01, 6.5779e-01, 
 2DIAGNOSTIC,    12, -6.360717634599e-01, 7.253063473721e-05, 3.9482e+01, 6.5096e-01, 
 2DIAGNOSTIC,    13, -6.360891655883e-01, 4.178748249020e-05, 4.0154e+01, 6.7251e-01, 
 2DIAGNOSTIC,    14, -6.361096070239e-01, 2.459977292443e-05, 4.0826e+01, 6.7105e-01, 
 2DIAGNOSTIC,    15, -6.361330209029e-01, 1.517955518718e-05, 4.1585e+01, 7.5990e-01, 
 2DIAGNOSTIC,    16, -6.361556608213e-01, 1.026710615618e-05, 4.2258e+01, 6.7245e-01, 
 2DIAGNOSTIC,    17, -6.362014360365e-01, 1.151497744376e-05, 4.3395e+01, 1.1376e+00, 
 2DIAGNOSTIC,    18, -6.362027582350e-01, 1.182546556041e-05, 4.4062e+01, 6.6601e-01, 
 2DIAGNOSTIC,    19, -6.362045493804e-01, 1.138944066099e-05, 4.4703e+01, 6.4111e-01, 
 2DIAGNOSTIC,    20, -6.362100357813e-01, 1.041595462263e-05, 4.5370e+01, 6.6696e-01, 
 2DIAGNOSTIC,    21, -6.362116167403e-01, 9.013070627603e-06, 4.6051e+01, 6.8139e-01, 
 2DIAGNOSTIC,    22, -6.362158288485e-01, 7.397631795351e-06, 4.7380e+01, 1.3293e+00, 
 2DIAGNOSTIC,    23, -6.362161193556e-01, 5.706948222592e-06, 4.8138e+01, 7.5751e-01, 
 2DIAGNOSTIC,    24, -6.362156547425e-01, 4.130751771442e-06, 4.9007e+01, 8.6873e-01, 
 2DIAGNOSTIC,    25, -6.362156555392e-01, 2.834271339187e-06, 4.9852e+01, 8.4568e-01, 
 2DIAGNOSTIC,    26, -6.362156557073e-01, 1.857036791258e-06, 5.0728e+01, 8.7534e-01, 
 2DIAGNOSTIC,    27, -6.362156557606e-01, 1.650135766612e-06, 5.1658e+01, 9.3008e-01, 
 2DIAGNOSTIC,    28, -6.362156557782e-01, 1.435006815931e-06, 5.2509e+01, 8.5139e-01, 
 2DIAGNOSTIC,    29, -6.362156557815e-01, 1.233175562672e-06, 5.3381e+01, 8.7248e-01, 
 2DIAGNOSTIC,    30, -6.362156557831e-01, 1.113877585238e-06, 5.4398e+01, 1.0168e+00, 
 2DIAGNOSTIC,    31, -6.362156557832e-01, 1.018246966612e-06, 5.5584e+01, 1.1855e+00, 
DIAGNOSTIC,Iteration,metricValue,convergenceValue,ITERATION_TIME_INDEX,SINCE_LAST
 2DIAGNOSTIC,     1, -5.534161151482e-01, 1.797693134862e+308, 7.0366e+01, 1.4782e+01, 
 2DIAGNOSTIC,     2, -5.538714202554e-01, 1.797693134862e+308, 7.5119e+01, 4.7536e+00, 
 2DIAGNOSTIC,     3, -5.543002902575e-01, 1.797693134862e+308, 7.9878e+01, 4.7591e+00, 
 2DIAGNOSTIC,     4, -5.545846350624e-01, 1.797693134862e+308, 8.4585e+01, 4.7065e+00, 
 2DIAGNOSTIC,     5, -5.547273140040e-01, 1.797693134862e+308, 9.0721e+01, 6.1365e+00, 
 2DIAGNOSTIC,     6, -5.547965493690e-01, 1.797693134862e+308, 9.7350e+01, 6.6294e+00, 
 2DIAGNOSTIC,     7, -5.547993718609e-01, 1.797693134862e+308, 1.0205e+02, 4.6963e+00, 
 2DIAGNOSTIC,     8, -5.548107838403e-01, 1.797693134862e+308, 1.0674e+02, 4.6931e+00, 
 2DIAGNOSTIC,     9, -5.548232861283e-01, 1.797693134862e+308, 1.1155e+02, 4.8087e+00, 
 2DIAGNOSTIC,    10, -5.548343205303e-01, 1.425898467146e-04, 1.1628e+02, 4.7323e+00, 
 2DIAGNOSTIC,    11, -5.548392500415e-01, 7.936852901320e-05, 1.2090e+02, 4.6149e+00, 
 2DIAGNOSTIC,    12, -5.548378792090e-01, 3.893356546264e-05, 1.2554e+02, 4.6417e+00, 
 2DIAGNOSTIC,    13, -5.548521945985e-01, 1.870961911246e-05, 1.3314e+02, 7.6009e+00, 
 2DIAGNOSTIC,    14, -5.548531476855e-01, 1.020138560542e-05, 1.3785e+02, 4.7154e+00, 
 2DIAGNOSTIC,    15, -5.548570642079e-01, 7.047738910776e-06, 1.4260e+02, 4.7483e+00, 
 2DIAGNOSTIC,    16, -5.548580444743e-01, 6.094309507668e-06, 1.5087e+02, 8.2693e+00, 
 2DIAGNOSTIC,    17, -5.548582637083e-01, 4.966499533056e-06, 1.5708e+02, 6.2098e+00, 
 2DIAGNOSTIC,    18, -5.548580761670e-01, 3.988716461019e-06, 1.6185e+02, 4.7648e+00, 
 2DIAGNOSTIC,    19, -5.548580756791e-01, 3.236080649262e-06, 1.6657e+02, 4.7255e+00, 
 2DIAGNOSTIC,    20, -5.548581005397e-01, 2.697079092465e-06, 1.7197e+02, 5.3974e+00, 
 2DIAGNOSTIC,    21, -5.548581108402e-01, 2.231594311043e-06, 1.7663e+02, 4.6619e+00, 
 2DIAGNOSTIC,    22, -5.548581754338e-01, 1.703169773756e-06, 1.8191e+02, 5.2764e+00, 
 2DIAGNOSTIC,    23, -5.548582335013e-01, 1.517697569987e-06, 1.8648e+02, 4.5708e+00, 
 2DIAGNOSTIC,    24, -5.548583583631e-01, 1.356041398309e-06, 1.9110e+02, 4.6213e+00, 
 2DIAGNOSTIC,    25, -5.548585292517e-01, 1.287616586382e-06, 1.9565e+02, 4.5484e+00, 
 2DIAGNOSTIC,    26, -5.548590379610e-01, 1.252171184157e-06, 2.0075e+02, 5.1068e+00, 
 2DIAGNOSTIC,    27, -5.548593608750e-01, 1.226850073206e-06, 2.0525e+02, 4.4968e+00, 
 2DIAGNOSTIC,    28, -5.548597280260e-01, 1.202029645098e-06, 2.1203e+02, 6.7786e+00, 
 2DIAGNOSTIC,    29, -5.548600868119e-01, 1.179032624296e-06, 2.1730e+02, 5.2730e+00, 
 2DIAGNOSTIC,    30, -5.548601015836e-01, 1.150427896154e-06, 2.2255e+02, 5.2497e+00, 
 2DIAGNOSTIC,    31, -5.548600813836e-01, 1.115004747608e-06, 2.2783e+02, 5.2814e+00, 
 2DIAGNOSTIC,    32, -5.548597545703e-01, 1.069204985570e-06, 2.3243e+02, 4.5976e+00, 
 2DIAGNOSTIC,    33, -5.548595893904e-01, 1.017525225570e-06, 2.3700e+02, 4.5699e+00, 
  Elapsed time (stage 1): 2.4201e+02


Stage 2
  iterations = 100x100x70x50x20
  convergence threshold = 1.0000e-06
  convergence window size = 10
  number of levels = 5
  using the CC metric (radius = 4, weight = 1.0000e+00)
  preprocessing:  winsorizing the image intensities
  Shrink factors (level 1 out of 5): [10, 10, 10]
  Shrink factors (level 2 out of 5): [6, 6, 6]
  Shrink factors (level 3 out of 5): [4, 4, 4]
  Shrink factors (level 4 out of 5): [2, 2, 2]
  Shrink factors (level 5 out of 5): [1, 1, 1]
  smoothing sigmas per level: [5, 3, 2, 1, 0]
  Using default NONE metricSamplingStrategy 

*** Running SyN registration (varianceForUpdateField = 3.0000e+00, varianceForTotalField = 0.0000e+00) ***

XXDIAGNOSTIC,Iteration,metricValue,convergenceValue,ITERATION_TIME_INDEX,SINCE_LAST
 1DIAGNOSTIC,     1, -5.724257880275e-01, 1.797693134862e+308, 1.0461e+01, 1.0461e+01, 
 1DIAGNOSTIC,     2, -5.803064860700e-01, 1.797693134862e+308, 1.2044e+01, 1.5830e+00, 
 1DIAGNOSTIC,     3, -5.873604943701e-01, 1.797693134862e+308, 1.3619e+01, 1.5752e+00, 
 1DIAGNOSTIC,     4, -5.931313041031e-01, 1.797693134862e+308, 1.5205e+01, 1.5863e+00, 
 1DIAGNOSTIC,     5, -5.984045321549e-01, 1.797693134862e+308, 1.6833e+01, 1.6278e+00, 
 1DIAGNOSTIC,     6, -6.031444344926e-01, 1.797693134862e+308, 1.8446e+01, 1.6130e+00, 
 1DIAGNOSTIC,     7, -6.073318812628e-01, 1.797693134862e+308, 2.0043e+01, 1.5970e+00, 
 1DIAGNOSTIC,     8, -6.111432854384e-01, 1.797693134862e+308, 2.1634e+01, 1.5907e+00, 
 1DIAGNOSTIC,     9, -6.143367610409e-01, 1.797693134862e+308, 2.3221e+01, 1.5872e+00, 
 1DIAGNOSTIC,    10, -6.171572814316e-01, 4.684247337330e-03, 2.4826e+01, 1.6051e+00, 
 1DIAGNOSTIC,    11, -6.197004040773e-01, 3.744730070107e-03, 2.6425e+01, 1.5987e+00, 
 1DIAGNOSTIC,    12, -6.219816654295e-01, 3.025265887114e-03, 2.8014e+01, 1.5894e+00, 
 1DIAGNOSTIC,    13, -6.240390151272e-01, 2.473095982012e-03, 2.9603e+01, 1.5893e+00, 
 1DIAGNOSTIC,    14, -6.259021627764e-01, 2.030784087514e-03, 3.1198e+01, 1.5949e+00, 
 1DIAGNOSTIC,    15, -6.275960170978e-01, 1.679143828708e-03, 3.2795e+01, 1.5968e+00, 
 1DIAGNOSTIC,    16, -6.291391961734e-01, 1.400441515358e-03, 3.4388e+01, 1.5926e+00, 
 1DIAGNOSTIC,    17, -6.305496264296e-01, 1.178448163260e-03, 3.5980e+01, 1.5927e+00, 
 1DIAGNOSTIC,    18, -6.318530599234e-01, 1.003975711304e-03, 3.7583e+01, 1.6024e+00, 
 1DIAGNOSTIC,    19, -6.330421931394e-01, 8.614902161025e-04, 3.9177e+01, 1.5944e+00, 
 1DIAGNOSTIC,    20, -6.341373477669e-01, 7.435288603815e-04, 4.0782e+01, 1.6049e+00, 
 1DIAGNOSTIC,    21, -6.351476909143e-01, 6.454624217995e-04, 4.2380e+01, 1.5976e+00, 
 1DIAGNOSTIC,    22, -6.360811357474e-01, 5.632130092867e-04, 4.3974e+01, 1.5947e+00, 
 1DIAGNOSTIC,    23, -6.369510605963e-01, 4.938236255376e-04, 4.5570e+01, 1.5958e+00, 
 1DIAGNOSTIC,    24, -6.377544433481e-01, 4.348293268684e-04, 4.7172e+01, 1.6022e+00, 
 1DIAGNOSTIC,    25, -6.384976378867e-01, 3.843278246063e-04, 4.8776e+01, 1.6037e+00, 
 1DIAGNOSTIC,    26, -6.391882611477e-01, 3.408266556979e-04, 5.0375e+01, 1.5991e+00, 
 1DIAGNOSTIC,    27, -6.398313094932e-01, 3.031503215855e-04, 5.1970e+01, 1.5953e+00, 
 1DIAGNOSTIC,    28, -6.404308747609e-01, 2.705532051976e-04, 5.3571e+01, 1.6006e+00, 
 1DIAGNOSTIC,    29, -6.409913186264e-01, 2.421250127267e-04, 5.5173e+01, 1.6018e+00, 
 1DIAGNOSTIC,    30, -6.415155372580e-01, 2.172568351979e-04, 5.6768e+01, 1.5955e+00, 
 1DIAGNOSTIC,    31, -6.420064613162e-01, 1.954420485243e-04, 5.8371e+01, 1.6029e+00, 
 1DIAGNOSTIC,    32, -6.424661028669e-01, 1.762411874901e-04, 5.9989e+01, 1.6182e+00, 
 1DIAGNOSTIC,    33, -6.428969653819e-01, 1.593764762244e-04, 6.1585e+01, 1.5956e+00, 
 1DIAGNOSTIC,    34, -6.433011062515e-01, 1.444808481749e-04, 6.3184e+01, 1.5992e+00, 
 1DIAGNOSTIC,    35, -6.436820245556e-01, 1.312658772914e-04, 6.4780e+01, 1.5955e+00, 
 1DIAGNOSTIC,    36, -6.440387100735e-01, 1.194811236071e-04, 6.6379e+01, 1.5995e+00, 
 1DIAGNOSTIC,    37, -6.443741968643e-01, 1.089384794580e-04, 6.7978e+01, 1.5984e+00, 
 1DIAGNOSTIC,    38, -6.446898601932e-01, 9.947769544875e-05, 6.9579e+01, 1.6011e+00, 
 1DIAGNOSTIC,    39, -6.449875138963e-01, 9.097726558590e-05, 7.1148e+01, 1.5692e+00, 
 1DIAGNOSTIC,    40, -6.452681838528e-01, 8.332767928042e-05, 7.2729e+01, 1.5809e+00, 
 1DIAGNOSTIC,    41, -6.455331148295e-01, 7.643704599256e-05, 7.4306e+01, 1.5776e+00, 
 1DIAGNOSTIC,    42, -6.457826729752e-01, 7.021175021420e-05, 7.5900e+01, 1.5937e+00, 
 1DIAGNOSTIC,    43, -6.460189806959e-01, 6.458376401684e-05, 7.7481e+01, 1.5808e+00, 
 1DIAGNOSTIC,    44, -6.462424222561e-01, 5.948632924485e-05, 7.9062e+01, 1.5815e+00, 
 1DIAGNOSTIC,    45, -6.464551388146e-01, 5.489051102503e-05, 8.0655e+01, 1.5924e+00, 
 1DIAGNOSTIC,    46, -6.466550158308e-01, 5.071263548892e-05, 8.2234e+01, 1.5791e+00, 
 1DIAGNOSTIC,    47, -6.468441587020e-01, 4.690594378638e-05, 8.3818e+01, 1.5843e+00, 
 1DIAGNOSTIC,    48, -6.470234405668e-01, 4.342965876114e-05, 8.5398e+01, 1.5798e+00, 
 1DIAGNOSTIC,    49, -6.471933522983e-01, 4.025091690298e-05, 8.6981e+01, 1.5828e+00, 
 1DIAGNOSTIC,    50, -6.473544588678e-01, 3.733932384966e-05, 8.8568e+01, 1.5874e+00, 
 1DIAGNOSTIC,    51, -6.475072938881e-01, 3.466988569394e-05, 9.0156e+01, 1.5873e+00, 
 1DIAGNOSTIC,    52, -6.476523915242e-01, 3.221489334789e-05, 9.1771e+01, 1.6150e+00, 
 1DIAGNOSTIC,    53, -6.477909751992e-01, 2.996629995609e-05, 9.3449e+01, 1.6786e+00, 
 1DIAGNOSTIC,    54, -6.479219148684e-01, 2.789903088043e-05, 9.5135e+01, 1.6862e+00, 
 1DIAGNOSTIC,    55, -6.480462760083e-01, 2.600800658823e-05, 9.6832e+01, 1.6969e+00, 
 1DIAGNOSTIC,    56, -6.481644873480e-01, 2.426481947082e-05, 9.8521e+01, 1.6885e+00, 
 1DIAGNOSTIC,    57, -6.482769195120e-01, 2.265469086292e-05, 1.0021e+02, 1.6888e+00, 
 1DIAGNOSTIC,    58, -6.483839529027e-01, 2.116676504827e-05, 1.0190e+02, 1.6864e+00, 
 1DIAGNOSTIC,    59, -6.484858125254e-01, 1.979016421072e-05, 1.0358e+02, 1.6866e+00, 
 1DIAGNOSTIC,    60, -6.485827708006e-01, 1.851526006580e-05, 1.0527e+02, 1.6871e+00, 
 1DIAGNOSTIC,    61, -6.486751392888e-01, 1.733378253648e-05, 1.0696e+02, 1.6872e+00, 
 1DIAGNOSTIC,    62, -6.487632079193e-01, 1.623877315151e-05, 1.0865e+02, 1.6965e+00, 
 1DIAGNOSTIC,    63, -6.488470689419e-01, 1.522881147139e-05, 1.1034e+02, 1.6909e+00, 
 1DIAGNOSTIC,    64, -6.489269988926e-01, 1.429168911337e-05, 1.1203e+02, 1.6899e+00, 
 1DIAGNOSTIC,    65, -6.490032115977e-01, 1.342079167747e-05, 1.1372e+02, 1.6846e+00, 
 1DIAGNOSTIC,    66, -6.490759390197e-01, 1.261077449207e-05, 1.1541e+02, 1.6870e+00, 
 1DIAGNOSTIC,    67, -6.491452774524e-01, 1.185640046146e-05, 1.1710e+02, 1.6952e+00, 
 1DIAGNOSTIC,    68, -6.492114763052e-01, 1.115391529102e-05, 1.1879e+02, 1.6895e+00, 
 1DIAGNOSTIC,    69, -6.492746325972e-01, 1.049900595268e-05, 1.2047e+02, 1.6821e+00, 
 1DIAGNOSTIC,    70, -6.493349634318e-01, 9.888102731042e-06, 1.2218e+02, 1.7031e+00, 
 1DIAGNOSTIC,    71, -6.493926603455e-01, 9.318548279839e-06, 1.2388e+02, 1.7056e+00, 
 1DIAGNOSTIC,    72, -6.494477597538e-01, 8.787561256352e-06, 1.2558e+02, 1.6976e+00, 
 1DIAGNOSTIC,    73, -6.495003785148e-01, 8.291619887423e-06, 1.2729e+02, 1.7072e+00, 
 1DIAGNOSTIC,    74, -6.495506559575e-01, 7.827924553354e-06, 1.2899e+02, 1.7002e+00, 
 1DIAGNOSTIC,    75, -6.495987355106e-01, 7.394111418332e-06, 1.3070e+02, 1.7106e+00, 
 1DIAGNOSTIC,    76, -6.496446860278e-01, 6.988024349600e-06, 1.3241e+02, 1.7163e+00, 
 1DIAGNOSTIC,    77, -6.496886258724e-01, 6.607298324846e-06, 1.3412e+02, 1.7105e+00, 
 1DIAGNOSTIC,    78, -6.497306480628e-01, 6.250238770909e-06, 1.3584e+02, 1.7153e+00, 
 1DIAGNOSTIC,    79, -6.497708524494e-01, 5.914985999174e-06, 1.3755e+02, 1.7139e+00, 
 1DIAGNOSTIC,    80, -6.498092658617e-01, 5.599882596442e-06, 1.3926e+02, 1.7092e+00, 
 1DIAGNOSTIC,    81, -6.498459838828e-01, 5.303825259069e-06, 1.4097e+02, 1.7073e+00, 
 1DIAGNOSTIC,    82, -6.498811073456e-01, 5.025421444177e-06, 1.4266e+02, 1.6884e+00, 
 1DIAGNOSTIC,    83, -6.499147028482e-01, 4.763309816662e-06, 1.4432e+02, 1.6608e+00, 
 1DIAGNOSTIC,    84, -6.499468466101e-01, 4.516409011735e-06, 1.4597e+02, 1.6466e+00, 
 1DIAGNOSTIC,    85, -6.499775780537e-01, 4.283790941655e-06, 1.4763e+02, 1.6612e+00, 
 1DIAGNOSTIC,    86, -6.500069963517e-01, 4.064622057893e-06, 1.4932e+02, 1.6981e+00, 
 1DIAGNOSTIC,    87, -6.500351415240e-01, 3.858126866546e-06, 1.5103e+02, 1.7030e+00, 
 1DIAGNOSTIC,    88, -6.500620297354e-01, 3.663377269108e-06, 1.5267e+02, 1.6447e+00, 
 1DIAGNOSTIC,    89, -6.500877575457e-01, 3.479804754989e-06, 1.5433e+02, 1.6582e+00, 
 1DIAGNOSTIC,    90, -6.501124121444e-01, 3.306761087719e-06, 1.5599e+02, 1.6575e+00, 
 1DIAGNOSTIC,    91, -6.501360195300e-01, 3.143584805609e-06, 1.5764e+02, 1.6540e+00, 
 1DIAGNOSTIC,    92, -6.501586061231e-01, 2.989680046235e-06, 1.5930e+02, 1.6614e+00, 
 1DIAGNOSTIC,    93, -6.501802286037e-01, 2.844518423190e-06, 1.6096e+02, 1.6527e+00, 
 1DIAGNOSTIC,    94, -6.502009097268e-01, 2.707531457398e-06, 1.6262e+02, 1.6660e+00, 
 1DIAGNOSTIC,    95, -6.502207044340e-01, 2.578112245003e-06, 1.6428e+02, 1.6568e+00, 
 1DIAGNOSTIC,    96, -6.502396351561e-01, 2.455790558666e-06, 1.6594e+02, 1.6571e+00, 
 1DIAGNOSTIC,    97, -6.502577621096e-01, 2.340160985900e-06, 1.6759e+02, 1.6559e+00, 
 1DIAGNOSTIC,    98, -6.502751302036e-01, 2.230698266374e-06, 1.6924e+02, 1.6478e+00, 
 1DIAGNOSTIC,    99, -6.502917514008e-01, 2.127008033117e-06, 1.7092e+02, 1.6784e+00, 
 1DIAGNOSTIC,   100, -6.503076382295e-01, 2.028815698525e-06, 1.7276e+02, 1.8447e+00, 
XXDIAGNOSTIC,Iteration,metricValue,convergenceValue,ITERATION_TIME_INDEX,SINCE_LAST
 1DIAGNOSTIC,     1, -4.994597873805e-01, 1.797693134862e+308, 1.9071e+02, 1.7951e+01, 
 1DIAGNOSTIC,     2, -5.043531657643e-01, 1.797693134862e+308, 1.9905e+02, 8.3376e+00, 
 1DIAGNOSTIC,     3, -5.081934266910e-01, 1.797693134862e+308, 2.0745e+02, 8.4001e+00, 
 1DIAGNOSTIC,     4, -5.116367183230e-01, 1.797693134862e+308, 2.1592e+02, 8.4729e+00, 
 1DIAGNOSTIC,     5, -5.146019130181e-01, 1.797693134862e+308, 2.2432e+02, 8.3959e+00, 
 1DIAGNOSTIC,     6, -5.171417894354e-01, 1.797693134862e+308, 2.3262e+02, 8.2997e+00, 
 1DIAGNOSTIC,     7, -5.192794360653e-01, 1.797693134862e+308, 2.4101e+02, 8.3940e+00, 
 1DIAGNOSTIC,     8, -5.212712490465e-01, 1.797693134862e+308, 2.4945e+02, 8.4347e+00, 
 1DIAGNOSTIC,     9, -5.227951842806e-01, 1.797693134862e+308, 2.5780e+02, 8.3504e+00, 
 1DIAGNOSTIC,    10, -5.241176902466e-01, 2.984006247693e-03, 2.6627e+02, 8.4661e+00, 
 1DIAGNOSTIC,    11, -5.253267679970e-01, 2.318748759160e-03, 2.7470e+02, 8.4369e+00, 
 1DIAGNOSTIC,    12, -5.263943139808e-01, 1.829174181159e-03, 2.8309e+02, 8.3921e+00, 
 1DIAGNOSTIC,    13, -5.273275567989e-01, 1.450598770327e-03, 2.9150e+02, 8.4099e+00, 
 1DIAGNOSTIC,    14, -5.281754275758e-01, 1.161824888385e-03, 2.9999e+02, 8.4840e+00, 
 1DIAGNOSTIC,    15, -5.289714405515e-01, 9.423230721259e-04, 3.0843e+02, 8.4402e+00, 
 1DIAGNOSTIC,    16, -5.296780832635e-01, 7.743197245609e-04, 3.1692e+02, 8.4881e+00, 
 1DIAGNOSTIC,    17, -5.303358753739e-01, 6.439923752937e-04, 3.2538e+02, 8.4646e+00, 
 1DIAGNOSTIC,    18, -5.309234782834e-01, 5.465179398301e-04, 3.3389e+02, 8.5121e+00, 
 1DIAGNOSTIC,    19, -5.314764317119e-01, 4.679720888521e-04, 3.4233e+02, 8.4370e+00, 
 1DIAGNOSTIC,    20, -5.319712734269e-01, 4.029817831440e-04, 3.5082e+02, 8.4880e+00, 
 1DIAGNOSTIC,    21, -5.325283761996e-01, 3.521613767390e-04, 3.5934e+02, 8.5197e+00, 
 1DIAGNOSTIC,    22, -5.329610944614e-01, 3.099047405381e-04, 3.6768e+02, 8.3421e+00, 
 1DIAGNOSTIC,    23, -5.333731124709e-01, 2.739654986802e-04, 3.7604e+02, 8.3571e+00, 
 1DIAGNOSTIC,    24, -5.337291846679e-01, 2.424450253916e-04, 3.8441e+02, 8.3716e+00, 
 1DIAGNOSTIC,    25, -5.340730815590e-01, 2.153048664044e-04, 3.9303e+02, 8.6192e+00, 
 1DIAGNOSTIC,    26, -5.344248702979e-01, 1.919340342866e-04, 4.0147e+02, 8.4389e+00, 
 1DIAGNOSTIC,    27, -5.347304484091e-01, 1.714332750078e-04, 4.0989e+02, 8.4194e+00, 
 1DIAGNOSTIC,    28, -5.350482689751e-01, 1.536889547829e-04, 4.1822e+02, 8.3329e+00, 
 1DIAGNOSTIC,    29, -5.353172018805e-01, 1.379530857674e-04, 4.2662e+02, 8.3985e+00, 
 1DIAGNOSTIC,    30, -5.355875018997e-01, 1.239324942835e-04, 4.3508e+02, 8.4624e+00, 
 1DIAGNOSTIC,    31, -5.358465199335e-01, 1.132665797403e-04, 4.4362e+02, 8.5411e+00, 
 1DIAGNOSTIC,    32, -5.360766140531e-01, 1.036736273398e-04, 4.5206e+02, 8.4380e+00, 
 1DIAGNOSTIC,    33, -5.363152239822e-01, 9.546334073967e-05, 4.6049e+02, 8.4315e+00, 
 1DIAGNOSTIC,    34, -5.365121702458e-01, 8.743469637255e-05, 4.6889e+02, 8.3979e+00, 
 1DIAGNOSTIC,    35, -5.367162546883e-01, 7.999240310770e-05, 4.7699e+02, 8.1033e+00, 
 1DIAGNOSTIC,    36, -5.369478056456e-01, 7.408773074904e-05, 4.8497e+02, 7.9809e+00, 
 1DIAGNOSTIC,    37, -5.371140302731e-01, 6.829169135623e-05, 4.9299e+02, 8.0147e+00, 
 1DIAGNOSTIC,    38, -5.373017339800e-01, 6.348303753100e-05, 5.0100e+02, 8.0127e+00, 
 1DIAGNOSTIC,    39, -5.374803571330e-01, 5.905588055785e-05, 5.0904e+02, 8.0389e+00, 
 1DIAGNOSTIC,    40, -5.376611257833e-01, 5.528593373067e-05, 5.1706e+02, 8.0181e+00, 
 1DIAGNOSTIC,    41, -5.378026029875e-01, 5.168041203796e-05, 5.2510e+02, 8.0415e+00, 
 1DIAGNOSTIC,    42, -5.379542469130e-01, 4.821723515901e-05, 5.3310e+02, 8.0034e+00, 
 1DIAGNOSTIC,    43, -5.381268152741e-01, 4.547672716729e-05, 5.4111e+02, 8.0070e+00, 
 1DIAGNOSTIC,    44, -5.382758516135e-01, 4.274216524777e-05, 5.4917e+02, 8.0570e+00, 
 1DIAGNOSTIC,    45, -5.384024898514e-01, 3.999241057031e-05, 5.5719e+02, 8.0225e+00, 
 1DIAGNOSTIC,    46, -5.385399162697e-01, 3.788374111105e-05, 5.6522e+02, 8.0280e+00, 
 1DIAGNOSTIC,    47, -5.386653756373e-01, 3.559001901197e-05, 5.7328e+02, 8.0673e+00, 
 1DIAGNOSTIC,    48, -5.387757891324e-01, 3.332995234966e-05, 5.8131e+02, 8.0286e+00, 
 1DIAGNOSTIC,    49, -5.388918108275e-01, 3.121323649964e-05, 5.8936e+02, 8.0475e+00, 
 1DIAGNOSTIC,    50, -5.389971133682e-01, 2.929180272494e-05, 5.9738e+02, 8.0229e+00, 
 1DIAGNOSTIC,    51, -5.391339631110e-01, 2.759241706153e-05, 6.0543e+02, 8.0431e+00, 
 1DIAGNOSTIC,    52, -5.392129358395e-01, 2.569772945756e-05, 6.1343e+02, 8.0050e+00, 
 1DIAGNOSTIC,    53, -5.393090789751e-01, 2.416117585757e-05, 6.2148e+02, 8.0517e+00, 
 1DIAGNOSTIC,    54, -5.394078345995e-01, 2.285458582346e-05, 6.2951e+02, 8.0297e+00, 
 1DIAGNOSTIC,    55, -5.395003234491e-01, 2.155401719440e-05, 6.3764e+02, 8.1301e+00, 
 1DIAGNOSTIC,    56, -5.395911362888e-01, 2.043505517731e-05, 6.4569e+02, 8.0515e+00, 
 1DIAGNOSTIC,    57, -5.396797760006e-01, 1.943598037175e-05, 6.5373e+02, 8.0389e+00, 
 1DIAGNOSTIC,    58, -5.397363454382e-01, 1.817818856492e-05, 6.6176e+02, 8.0319e+00, 
 1DIAGNOSTIC,    59, -5.398613740691e-01, 1.743869666125e-05, 6.6981e+02, 8.0499e+00, 
 1DIAGNOSTIC,    60, -5.399513085834e-01, 1.679237487355e-05, 6.7785e+02, 8.0375e+00, 
 1DIAGNOSTIC,    61, -5.400195239467e-01, 1.638311989405e-05, 6.8589e+02, 8.0334e+00, 
 1DIAGNOSTIC,    62, -5.401200710714e-01, 1.599966918041e-05, 6.9405e+02, 8.1621e+00, 
 1DIAGNOSTIC,    63, -5.401801581665e-01, 1.544065187936e-05, 7.0211e+02, 8.0597e+00, 
 1DIAGNOSTIC,    64, -5.402410599077e-01, 1.477547223727e-05, 7.1015e+02, 8.0415e+00, 
 1DIAGNOSTIC,    65, -5.403616177160e-01, 1.448723032954e-05, 7.1817e+02, 8.0169e+00, 
 1DIAGNOSTIC,    66, -5.403742637637e-01, 1.366887336764e-05, 7.2638e+02, 8.2104e+00, 
 1DIAGNOSTIC,    67, -5.404461684468e-01, 1.289347525123e-05, 7.3460e+02, 8.2266e+00, 
 1DIAGNOSTIC,    68, -5.405391912731e-01, 1.209503582580e-05, 7.4291e+02, 8.3113e+00, 
 1DIAGNOSTIC,    69, -5.405643053110e-01, 1.133371835797e-05, 7.5151e+02, 8.5992e+00, 
 1DIAGNOSTIC,    70, -5.406536075291e-01, 1.090783696860e-05, 7.5996e+02, 8.4461e+00, 
 1DIAGNOSTIC,    71, -5.407084285678e-01, 1.038892419831e-05, 7.6852e+02, 8.5633e+00, 
 1DIAGNOSTIC,    72, -5.407452958165e-01, 9.938048908883e-06, 7.7717e+02, 8.6448e+00, 
 1DIAGNOSTIC,    73, -5.408304509746e-01, 9.637085148449e-06, 7.8566e+02, 8.4914e+00, 
 1DIAGNOSTIC,    74, -5.408503836928e-01, 9.007757865316e-06, 7.9401e+02, 8.3562e+00, 
 1DIAGNOSTIC,    75, -5.409160495560e-01, 8.899431129750e-06, 8.0238e+02, 8.3659e+00, 
 1DIAGNOSTIC,    76, -5.409570701776e-01, 8.337230783119e-06, 8.1064e+02, 8.2595e+00, 
 1DIAGNOSTIC,    77, -5.410332783232e-01, 8.035233146242e-06, 8.1906e+02, 8.4249e+00, 
 1DIAGNOSTIC,    78, -5.410410235482e-01, 7.686368848880e-06, 8.2726e+02, 8.1928e+00, 
 1DIAGNOSTIC,    79, -5.410947571462e-01, 7.169568883600e-06, 8.3550e+02, 8.2467e+00, 
 1DIAGNOSTIC,    80, -5.411584327475e-01, 7.021679782514e-06, 8.4373e+02, 8.2297e+00, 
 1DIAGNOSTIC,    81, -5.411795397979e-01, 6.723787595649e-06, 8.5197e+02, 8.2337e+00, 
 1DIAGNOSTIC,    82, -5.412392498838e-01, 6.438380393084e-06, 8.6035e+02, 8.3816e+00, 
 1DIAGNOSTIC,    83, -5.412959941057e-01, 6.483998519321e-06, 8.6864e+02, 8.2896e+00, 
 1DIAGNOSTIC,    84, -5.413099375461e-01, 6.141953859451e-06, 8.7679e+02, 8.1528e+00, 
 1DIAGNOSTIC,    85, -5.413856529931e-01, 6.134284457320e-06, 8.8497e+02, 8.1734e+00, 
 1DIAGNOSTIC,    86, -5.413979429976e-01, 5.880740454435e-06, 8.9307e+02, 8.1038e+00, 
 1DIAGNOSTIC,    87, -5.414094156522e-01, 5.642202475113e-06, 9.0120e+02, 8.1340e+00, 
 1DIAGNOSTIC,    88, -5.414927222669e-01, 5.445504881650e-06, 9.0935e+02, 8.1493e+00, 
 1DIAGNOSTIC,    89, -5.414836953456e-01, 5.008815668608e-06, 9.1759e+02, 8.2422e+00, 
 1DIAGNOSTIC,    90, -5.415344162132e-01, 4.814305843209e-06, 9.2573e+02, 8.1329e+00, 
 1DIAGNOSTIC,    91, -5.415806765612e-01, 4.577284960890e-06, 9.3427e+02, 8.5449e+00, 
 1DIAGNOSTIC,    92, -5.415935373009e-01, 4.346382364673e-06, 9.4242e+02, 8.1506e+00, 
 1DIAGNOSTIC,    93, -5.416225896694e-01, 4.225532128055e-06, 9.5056e+02, 8.1410e+00, 
 1DIAGNOSTIC,    94, -5.416657279856e-01, 4.042395811142e-06, 9.5871e+02, 8.1496e+00, 
 1DIAGNOSTIC,    95, -5.416814412404e-01, 4.013096834201e-06, 9.6691e+02, 8.1966e+00, 
 1DIAGNOSTIC,    96, -5.417340011908e-01, 3.987658900849e-06, 9.7507e+02, 8.1561e+00, 
 1DIAGNOSTIC,    97, -5.417239559981e-01, 3.601807767366e-06, 9.8321e+02, 8.1462e+00, 
 1DIAGNOSTIC,    98, -5.417824395125e-01, 3.686556094968e-06, 9.9134e+02, 8.1312e+00, 
 1DIAGNOSTIC,    99, -5.417785052398e-01, 3.361468918476e-06, 9.9946e+02, 8.1157e+00, 
 1DIAGNOSTIC,   100, -5.418381923955e-01, 3.331174882285e-06, 1.0076e+03, 8.1123e+00, 
XXDIAGNOSTIC,Iteration,metricValue,convergenceValue,ITERATION_TIME_INDEX,SINCE_LAST
 1DIAGNOSTIC,     1, -4.628501727730e-01, 1.797693134862e+308, 1.0456e+03, 3.8055e+01, 
 1DIAGNOSTIC,     2, -4.654125487654e-01, 1.797693134862e+308, 1.0735e+03, 2.7835e+01, 
 1DIAGNOSTIC,     3, -4.675864109098e-01, 1.797693134862e+308, 1.1009e+03, 2.7415e+01, 
 1DIAGNOSTIC,     4, -4.697821119124e-01, 1.797693134862e+308, 1.1281e+03, 2.7263e+01, 
 1DIAGNOSTIC,     5, -4.717954838293e-01, 1.797693134862e+308, 1.1553e+03, 2.7134e+01, 
 1DIAGNOSTIC,     6, -4.735349012330e-01, 1.797693134862e+308, 1.1824e+03, 2.7100e+01, 
 1DIAGNOSTIC,     7, -4.751332957527e-01, 1.797693134862e+308, 1.2097e+03, 2.7335e+01, 
 1DIAGNOSTIC,     8, -4.765439037180e-01, 1.797693134862e+308, 1.2371e+03, 2.7404e+01, 
 1DIAGNOSTIC,     9, -4.776487845949e-01, 1.797693134862e+308, 1.2644e+03, 2.7334e+01, 
 1DIAGNOSTIC,    10, -4.787605943994e-01, 2.151739379879e-03, 1.2916e+03, 2.7203e+01, 
 1DIAGNOSTIC,    11, -4.798024704687e-01, 1.760792646665e-03, 1.3189e+03, 2.7261e+01, 
 1DIAGNOSTIC,    12, -4.807060404184e-01, 1.449712462990e-03, 1.3468e+03, 2.7889e+01, 
 1DIAGNOSTIC,    13, -4.814994428939e-01, 1.191607861390e-03, 1.3751e+03, 2.8309e+01, 
 1DIAGNOSTIC,    14, -4.822717088329e-01, 9.884706048652e-04, 1.4027e+03, 2.7620e+01, 
 1DIAGNOSTIC,    15, -4.829479765060e-01, 8.288102233076e-04, 1.4304e+03, 2.7668e+01, 
 1DIAGNOSTIC,    16, -4.836542109869e-01, 7.037342811503e-04, 1.4578e+03, 2.7433e+01, 
 1DIAGNOSTIC,    17, -4.841705149291e-01, 6.022147422660e-04, 1.4854e+03, 2.7590e+01, 
 1DIAGNOSTIC,    18, -4.847804165245e-01, 5.231165594282e-04, 1.5128e+03, 2.7417e+01, 
 1DIAGNOSTIC,    19, -4.851831828105e-01, 4.507522522250e-04, 1.5404e+03, 2.7599e+01, 
 1DIAGNOSTIC,    20, -4.856702318950e-01, 3.910559772489e-04, 1.5680e+03, 2.7544e+01, 
 1DIAGNOSTIC,    21, -4.860776158655e-01, 3.413717849386e-04, 1.5957e+03, 2.7723e+01, 
 1DIAGNOSTIC,    22, -4.865032867974e-01, 3.000517916663e-04, 1.6233e+03, 2.7609e+01, 
 1DIAGNOSTIC,    23, -4.868460933824e-01, 2.633917044780e-04, 1.6513e+03, 2.7975e+01, 
 1DIAGNOSTIC,    24, -4.872388463758e-01, 2.338072575819e-04, 1.6789e+03, 2.7621e+01, 
 1DIAGNOSTIC,    25, -4.875274264421e-01, 2.073246246668e-04, 1.7061e+03, 2.7238e+01, 
 1DIAGNOSTIC,    26, -4.878922113019e-01, 1.877408163133e-04, 1.7333e+03, 2.7141e+01, 
 1DIAGNOSTIC,    27, -4.881396406543e-01, 1.684870822862e-04, 1.7605e+03, 2.7254e+01, 
 1DIAGNOSTIC,    28, -4.884425806766e-01, 1.540255622640e-04, 1.7877e+03, 2.7168e+01, 
 1DIAGNOSTIC,    29, -4.887127326832e-01, 1.396470794467e-04, 1.8149e+03, 2.7216e+01, 
 1DIAGNOSTIC,    30, -4.889537234395e-01, 1.273206153987e-04, 1.8422e+03, 2.7237e+01, 
 1DIAGNOSTIC,    31, -4.892209386859e-01, 1.165483560316e-04, 1.8694e+03, 2.7275e+01, 
 1DIAGNOSTIC,    32, -4.894466534467e-01, 1.074003886662e-04, 1.8967e+03, 2.7241e+01, 
 1DIAGNOSTIC,    33, -4.896509447110e-01, 9.836452999995e-05, 1.9242e+03, 2.7554e+01, 
 1DIAGNOSTIC,    34, -4.898476862879e-01, 9.076186630212e-05, 1.9522e+03, 2.8001e+01, 
 1DIAGNOSTIC,    35, -4.900710428441e-01, 8.355539359181e-05, 1.9807e+03, 2.8443e+01, 
 1DIAGNOSTIC,    36, -4.902829882618e-01, 7.824162847998e-05, 2.0086e+03, 2.7918e+01, 
 1DIAGNOSTIC,    37, -4.904604588041e-01, 7.250931875787e-05, 2.0365e+03, 2.7860e+01, 
 1DIAGNOSTIC,    38, -4.906530235607e-01, 6.787114908281e-05, 2.0643e+03, 2.7887e+01, 
 1DIAGNOSTIC,    39, -4.908138224316e-01, 6.351824922622e-05, 2.0924e+03, 2.8091e+01, 
 1DIAGNOSTIC,    40, -4.909910539090e-01, 5.946682254408e-05, 2.1201e+03, 2.7644e+01, 
 1DIAGNOSTIC,    41, -4.911660153326e-01, 5.627676207686e-05, 2.1477e+03, 2.7611e+01, 
 1DIAGNOSTIC,    42, -4.913268751308e-01, 5.328924595436e-05, 2.1753e+03, 2.7567e+01, 
 1DIAGNOSTIC,    43, -4.914443575810e-01, 4.977359707715e-05, 2.2029e+03, 2.7626e+01, 
 1DIAGNOSTIC,    44, -4.915734873903e-01, 4.603659684786e-05, 2.2305e+03, 2.7615e+01, 
 1DIAGNOSTIC,    45, -4.917146311489e-01, 4.283062919084e-05, 2.2584e+03, 2.7901e+01, 
 1DIAGNOSTIC,    46, -4.918821217813e-01, 4.051546329687e-05, 2.2856e+03, 2.7185e+01, 
 1DIAGNOSTIC,    47, -4.919508676288e-01, 3.749483884003e-05, 2.3129e+03, 2.7333e+01, 
 1DIAGNOSTIC,    48, -4.921212014599e-01, 3.550735536894e-05, 2.3401e+03, 2.7145e+01, 
 1DIAGNOSTIC,    49, -4.922141250864e-01, 3.324356871984e-05, 2.3673e+03, 2.7231e+01, 
 1DIAGNOSTIC,    50, -4.923397409115e-01, 3.145042183984e-05, 2.3945e+03, 2.7196e+01, 
 1DIAGNOSTIC,    51, -4.924582975316e-01, 3.009691590471e-05, 2.4218e+03, 2.7345e+01, 
 1DIAGNOSTIC,    52, -4.925901143751e-01, 2.924123441272e-05, 2.4490e+03, 2.7171e+01, 
 1DIAGNOSTIC,    53, -4.927006336666e-01, 2.815778762603e-05, 2.4764e+03, 2.7372e+01, 
 1DIAGNOSTIC,    54, -4.928503684496e-01, 2.745903882037e-05, 2.5037e+03, 2.7311e+01, 
 1DIAGNOSTIC,    55, -4.929154586323e-01, 2.634930975047e-05, 2.5314e+03, 2.7699e+01, 
 1DIAGNOSTIC,    56, -4.930249771682e-01, 2.570351955803e-05, 2.5596e+03, 2.8230e+01, 
 1DIAGNOSTIC,    57, -4.931428127890e-01, 2.453292858410e-05, 2.5873e+03, 2.7712e+01, 
 1DIAGNOSTIC,    58, -4.932456918646e-01, 2.382302473796e-05, 2.6151e+03, 2.7763e+01, 
 1DIAGNOSTIC,    59, -4.933667017983e-01, 2.299141970425e-05, 2.6428e+03, 2.7681e+01, 
 1DIAGNOSTIC,    60, -4.934319111176e-01, 2.186532330383e-05, 2.6712e+03, 2.8460e+01, 
 1DIAGNOSTIC,    61, -4.935484451232e-01, 2.096498522749e-05, 2.6989e+03, 2.7687e+01, 
 1DIAGNOSTIC,    62, -4.936511382435e-01, 2.030297564343e-05, 2.7268e+03, 2.7916e+01, 
 1DIAGNOSTIC,    63, -4.937347159842e-01, 1.951305149523e-05, 2.7545e+03, 2.7709e+01, 
 1DIAGNOSTIC,    64, -4.938428027840e-01, 1.926629066862e-05, 2.7822e+03, 2.7640e+01, 
 1DIAGNOSTIC,    65, -4.939254603827e-01, 1.852561387867e-05, 2.8103e+03, 2.8080e+01, 
 1DIAGNOSTIC,    66, -4.940131638857e-01, 1.779356318677e-05, 2.8383e+03, 2.7989e+01, 
 1DIAGNOSTIC,    67, -4.941048908624e-01, 1.721857488374e-05, 2.8660e+03, 2.7699e+01, 
 1DIAGNOSTIC,    68, -4.941952196096e-01, 1.667810538590e-05, 2.8933e+03, 2.7375e+01, 
 1DIAGNOSTIC,    69, -4.942669137861e-01, 1.620995358778e-05, 2.9208e+03, 2.7444e+01, 
 1DIAGNOSTIC,    70, -4.943255699215e-01, 1.525023160624e-05, 2.9481e+03, 2.7295e+01, 
XXDIAGNOSTIC,Iteration,metricValue,convergenceValue,ITERATION_TIME_INDEX,SINCE_LAST
 1DIAGNOSTIC,     1, -3.894371829141e-01, 1.797693134862e+308, 3.1939e+03, 2.4581e+02, 
 1DIAGNOSTIC,     2, -3.925135347057e-01, 1.797693134862e+308, 3.4242e+03, 2.3029e+02, 
 1DIAGNOSTIC,     3, -3.951321687736e-01, 1.797693134862e+308, 3.6518e+03, 2.2766e+02, 
 1DIAGNOSTIC,     4, -3.977595120768e-01, 1.797693134862e+308, 3.8841e+03, 2.3222e+02, 
 1DIAGNOSTIC,     5, -4.002254720545e-01, 1.797693134862e+308, 4.1128e+03, 2.2870e+02, 
 1DIAGNOSTIC,     6, -4.025913349899e-01, 1.797693134862e+308, 4.3387e+03, 2.2590e+02, 
 1DIAGNOSTIC,     7, -4.048511068428e-01, 1.797693134862e+308, 4.5699e+03, 2.3125e+02, 
 1DIAGNOSTIC,     8, -4.070272428626e-01, 1.797693134862e+308, 4.8008e+03, 2.3088e+02, 
 1DIAGNOSTIC,     9, -4.091462717554e-01, 1.797693134862e+308, 5.0314e+03, 2.3057e+02, 
 1DIAGNOSTIC,    10, -4.111245712738e-01, 3.424572529767e-03, 5.2617e+03, 2.3036e+02, 
 1DIAGNOSTIC,    11, -4.130365032726e-01, 2.961251381445e-03, 5.4917e+03, 2.2994e+02, 
 1DIAGNOSTIC,    12, -4.148517092088e-01, 2.595712020045e-03, 5.7249e+03, 2.3323e+02, 
 1DIAGNOSTIC,    13, -4.167331738454e-01, 2.293905759945e-03, 5.9613e+03, 2.3640e+02, 
 1DIAGNOSTIC,    14, -4.184570358654e-01, 2.043346067611e-03, 6.1919e+03, 2.3063e+02, 
 1DIAGNOSTIC,    15, -4.201593702920e-01, 1.832888255129e-03, 6.4295e+03, 2.3755e+02, 
 1DIAGNOSTIC,    16, -4.217039263766e-01, 1.650219949498e-03, 6.6596e+03, 2.3013e+02, 
 1DIAGNOSTIC,    17, -4.231790095174e-01, 1.489212102839e-03, 6.8922e+03, 2.3260e+02, 
 1DIAGNOSTIC,    18, -4.245565876937e-01, 1.344755271961e-03, 7.1285e+03, 2.3634e+02, 
 1DIAGNOSTIC,    19, -4.258475706964e-01, 1.214535333002e-03, 7.3570e+03, 2.2843e+02, 
 1DIAGNOSTIC,    20, -4.270684360194e-01, 1.094494997579e-03, 7.5893e+03, 2.3231e+02, 
 1DIAGNOSTIC,    21, -4.282069771640e-01, 9.836985279530e-04, 7.8232e+03, 2.3397e+02, 
 1DIAGNOSTIC,    22, -4.292958681762e-01, 8.815107176733e-04, 8.0574e+03, 2.3413e+02, 
 1DIAGNOSTIC,    23, -4.303292787509e-01, 7.924195280751e-04, 8.2877e+03, 2.3030e+02, 
 1DIAGNOSTIC,    24, -4.313063943819e-01, 7.132177916573e-04, 8.5188e+03, 2.3109e+02, 
 1DIAGNOSTIC,    25, -4.322366869351e-01, 6.451332567361e-04, 8.7461e+03, 2.2733e+02, 
 1DIAGNOSTIC,    26, -4.331328010903e-01, 5.854262004361e-04, 8.9827e+03, 2.3663e+02, 
 1DIAGNOSTIC,    27, -4.339752063502e-01, 5.332469207547e-04, 9.2240e+03, 2.4129e+02, 
 1DIAGNOSTIC,    28, -4.348015883358e-01, 4.878350868435e-04, 9.4570e+03, 2.3295e+02, 
 1DIAGNOSTIC,    29, -4.355810920749e-01, 4.477659339307e-04, 9.6930e+03, 2.3604e+02, 
 1DIAGNOSTIC,    30, -4.363461242735e-01, 4.127506579816e-04, 9.9299e+03, 2.3693e+02, 
 1DIAGNOSTIC,    31, -4.370598235351e-01, 3.812057138729e-04, 1.0157e+04, 2.2733e+02, 
 1DIAGNOSTIC,    32, -4.377731438105e-01, 3.534443917956e-04, 1.0388e+04, 2.3119e+02, 
 1DIAGNOSTIC,    33, -4.384346701126e-01, 3.283704142775e-04, 1.0617e+04, 2.2875e+02, 
 1DIAGNOSTIC,    34, -4.391055510095e-01, 3.061551006075e-04, 1.0842e+04, 2.2509e+02, 
 1DIAGNOSTIC,    35, -4.397258392396e-01, 2.858145146263e-04, 1.1071e+04, 2.2880e+02, 
 1DIAGNOSTIC,    36, -4.403657645542e-01, 2.680211261845e-04, 1.1296e+04, 2.2457e+02, 
 1DIAGNOSTIC,    37, -4.409469741588e-01, 2.514016094445e-04, 1.1525e+04, 2.2938e+02, 
 1DIAGNOSTIC,    38, -4.415687425373e-01, 2.371958550508e-04, 1.1758e+04, 2.3290e+02, 
 1DIAGNOSTIC,    39, -4.421123125186e-01, 2.237259340419e-04, 1.1986e+04, 2.2768e+02, 
 1DIAGNOSTIC,    40, -4.427128343680e-01, 2.123777917609e-04, 1.2219e+04, 2.3367e+02, 
 1DIAGNOSTIC,    41, -4.432062067003e-01, 2.008878086690e-04, 1.2449e+04, 2.2942e+02, 
 1DIAGNOSTIC,    42, -4.437518825959e-01, 1.907382459686e-04, 1.2675e+04, 2.2635e+02, 
 1DIAGNOSTIC,    43, -4.442040146973e-01, 1.800239598032e-04, 1.2904e+04, 2.2863e+02, 
 1DIAGNOSTIC,    44, -4.447253711817e-01, 1.706081075177e-04, 1.3129e+04, 2.2533e+02, 
 1DIAGNOSTIC,    45, -4.451413827455e-01, 1.605337196804e-04, 1.3359e+04, 2.2962e+02, 
 1DIAGNOSTIC,    46, -4.456077006375e-01, 1.515108543475e-04, 1.3589e+04, 2.3056e+02, 
 1DIAGNOSTIC,    47, -4.460003916241e-01, 1.420681545798e-04, 1.3820e+04, 2.3050e+02, 
 1DIAGNOSTIC,    48, -4.464436224532e-01, 1.341230776043e-04, 1.4047e+04, 2.2706e+02, 
 1DIAGNOSTIC,    49, -4.467992299402e-01, 1.257411335447e-04, 1.4272e+04, 2.2551e+02, 
 1DIAGNOSTIC,    50, -4.472148030487e-01, 1.191037838535e-04, 1.4500e+04, 2.2741e+02, 
slurmstepd: error: Job 6245148 exceeded memory limit (10249940 > 10240000), being killed
slurmstepd: error: Exceeded job memory limit
slurmstepd: error: *** JOB 6245148 ON wbic-csm-4 CANCELLED AT 2021-02-05T21:56:56 ***
