Changed directory to /lustre/scratch/wbic-beta/ccn30/ENCRYPT/gridcellpilot/scripts/coregistration/slurmoutputs.

JobID: 4099958
======
Time: Wed Oct 23 09:36:42 BST 2019
Running on master node: wbic-csm-6
Current directory: /lustre/scratch/wbic-beta/ccn30/ENCRYPT/gridcellpilot/scripts/coregistration/slurmoutputs

Nodes allocated:
================
wbic-csm-6

numtasks=1, numnodes=1, mpi_tasks_per_node=1 (OMP_NUM_THREADS=1)

Executing command:
==================
/lustre/scratch/wbic-beta/ccn30/ENCRYPT/gridcellpilot/scripts/coregistration/coreg_all.sh /lustre/scratch/wbic-beta/ccn30/ENCRYPT/gridcellpilot 29336/20190903_U-ID46066

29336
/lustre/scratch/wbic-beta/ccn30/ENCRYPT/gridcellpilot/preprocessed_data/segmentation/29336
mkdir: cannot create directory ‘/lustre/scratch/wbic-beta/ccn30/ENCRYPT/gridcellpilot/preprocessed_data/segmentation/29336/coregistration’: File exists
Making coregistration directory...
/lustre/scratch/wbic-beta/ccn30/ENCRYPT/gridcellpilot/preprocessed_data/segmentation/29336/coregistration
EXECUTING t2 to t1 coreg:  29336

--------------------------------------------------------------------------------------
 Mapping parameters
--------------------------------------------------------------------------------------
 ANTSPATH is /applications/ANTS/2.2.0/bin/

 Dimensionality:           3
 Output name prefix:       /lustre/scratch/wbic-beta/ccn30/ENCRYPT/gridcellpilot/preprocessed_data/segmentation/29336/coregistration/T1toT2_ANTS_
 Fixed images:             /lustre/scratch/wbic-beta/ccn30/ENCRYPT/gridcellpilot/raw_data/images/29336/20190903_U-ID46066/Series_033_Highresolution_TSE_PAT2_100/N4Series_033_Highresolution_TSE_PAT2_100_c32.nii
 Moving images:            /lustre/scratch/wbic-beta/ccn30/ENCRYPT/gridcellpilot/raw_data/images/29336/20190903_U-ID46066/mp2rage/reorientn4mag0000_PSIR_skulled_std.nii
 Number of threads:        1
 Spline distance:          26
 Transform type:           s
 MI histogram bins:        32
 Precision:                d
 Use histogram matching    0
======================================================================================
 antsRegistration call:
--------------------------------------------------------------------------------------
/applications/ANTS/2.2.0/bin//antsRegistration --verbose 1 --dimensionality 3 --float 0 --output [/lustre/scratch/wbic-beta/ccn30/ENCRYPT/gridcellpilot/preprocessed_data/segmentation/29336/coregistration/T1toT2_ANTS_,/lustre/scratch/wbic-beta/ccn30/ENCRYPT/gridcellpilot/preprocessed_data/segmentation/29336/coregistration/T1toT2_ANTS_Warped.nii.gz,/lustre/scratch/wbic-beta/ccn30/ENCRYPT/gridcellpilot/preprocessed_data/segmentation/29336/coregistration/T1toT2_ANTS_InverseWarped.nii.gz] --interpolation Linear --use-histogram-matching 0 --winsorize-image-intensities [0.005,0.995] --initial-moving-transform [/lustre/scratch/wbic-beta/ccn30/ENCRYPT/gridcellpilot/raw_data/images/29336/20190903_U-ID46066/Series_033_Highresolution_TSE_PAT2_100/N4Series_033_Highresolution_TSE_PAT2_100_c32.nii,/lustre/scratch/wbic-beta/ccn30/ENCRYPT/gridcellpilot/raw_data/images/29336/20190903_U-ID46066/mp2rage/reorientn4mag0000_PSIR_skulled_std.nii,1] --transform Rigid[0.1] --metric MI[/lustre/scratch/wbic-beta/ccn30/ENCRYPT/gridcellpilot/raw_data/images/29336/20190903_U-ID46066/Series_033_Highresolution_TSE_PAT2_100/N4Series_033_Highresolution_TSE_PAT2_100_c32.nii,/lustre/scratch/wbic-beta/ccn30/ENCRYPT/gridcellpilot/raw_data/images/29336/20190903_U-ID46066/mp2rage/reorientn4mag0000_PSIR_skulled_std.nii,1,32,Regular,0.25] --convergence [1000x500x250x0,1e-6,10] --shrink-factors 12x8x4x2 --smoothing-sigmas 4x3x2x1vox --transform Affine[0.1] --metric MI[/lustre/scratch/wbic-beta/ccn30/ENCRYPT/gridcellpilot/raw_data/images/29336/20190903_U-ID46066/Series_033_Highresolution_TSE_PAT2_100/N4Series_033_Highresolution_TSE_PAT2_100_c32.nii,/lustre/scratch/wbic-beta/ccn30/ENCRYPT/gridcellpilot/raw_data/images/29336/20190903_U-ID46066/mp2rage/reorientn4mag0000_PSIR_skulled_std.nii,1,32,Regular,0.25] --convergence [1000x500x250x0,1e-6,10] --shrink-factors 12x8x4x2 --smoothing-sigmas 4x3x2x1vox --transform SyN[0.1,3,0] --metric MI[/lustre/scratch/wbic-beta/ccn30/ENCRYPT/gridcellpilot/raw_data/images/29336/20190903_U-ID46066/Series_033_Highresolution_TSE_PAT2_100/N4Series_033_Highresolution_TSE_PAT2_100_c32.nii,/lustre/scratch/wbic-beta/ccn30/ENCRYPT/gridcellpilot/raw_data/images/29336/20190903_U-ID46066/mp2rage/reorientn4mag0000_PSIR_skulled_std.nii,1,32] --convergence [100x100x70x50x0,1e-6,10] --shrink-factors 10x6x4x2x1 --smoothing-sigmas 5x3x2x1x0vox
--------------------------------------------------------------------------------------
All_Command_lines_OK
Using double precision for computations.
=============================================================================
The composite transform comprises the following transforms (in order): 
  1. Center of mass alignment using fixed image: /lustre/scratch/wbic-beta/ccn30/ENCRYPT/gridcellpilot/raw_data/images/29336/20190903_U-ID46066/Series_033_Highresolution_TSE_PAT2_100/N4Series_033_Highresolution_TSE_PAT2_100_c32.nii and moving image: /lustre/scratch/wbic-beta/ccn30/ENCRYPT/gridcellpilot/raw_data/images/29336/20190903_U-ID46066/mp2rage/reorientn4mag0000_PSIR_skulled_std.nii (type = Euler3DTransform)
=============================================================================
  number of levels = 4
  number of levels = 4
  number of levels = 5
  fixed image: /lustre/scratch/wbic-beta/ccn30/ENCRYPT/gridcellpilot/raw_data/images/29336/20190903_U-ID46066/Series_033_Highresolution_TSE_PAT2_100/N4Series_033_Highresolution_TSE_PAT2_100_c32.nii
  moving image: /lustre/scratch/wbic-beta/ccn30/ENCRYPT/gridcellpilot/raw_data/images/29336/20190903_U-ID46066/mp2rage/reorientn4mag0000_PSIR_skulled_std.nii
  fixed image: /lustre/scratch/wbic-beta/ccn30/ENCRYPT/gridcellpilot/raw_data/images/29336/20190903_U-ID46066/Series_033_Highresolution_TSE_PAT2_100/N4Series_033_Highresolution_TSE_PAT2_100_c32.nii
  moving image: /lustre/scratch/wbic-beta/ccn30/ENCRYPT/gridcellpilot/raw_data/images/29336/20190903_U-ID46066/mp2rage/reorientn4mag0000_PSIR_skulled_std.nii
  fixed image: /lustre/scratch/wbic-beta/ccn30/ENCRYPT/gridcellpilot/raw_data/images/29336/20190903_U-ID46066/Series_033_Highresolution_TSE_PAT2_100/N4Series_033_Highresolution_TSE_PAT2_100_c32.nii
  moving image: /lustre/scratch/wbic-beta/ccn30/ENCRYPT/gridcellpilot/raw_data/images/29336/20190903_U-ID46066/mp2rage/reorientn4mag0000_PSIR_skulled_std.nii
Dimension = 3
Number of stages = 3
Use Histogram Matching false
Winsorize image intensities true
Lower quantile = 0.005
Upper quantile = 0.995
Stage 1 State
   Image metric = Mattes
     Fixed image = Image (0x4611610)
  RTTI typeinfo:   itk::Image<double, 3u>
  Reference Count: 2
  Modified Time: 1713
  Debug: Off
  Object Name: 
  Observers: 
    none
  Source: (none)
  Source output name: (none)
  Release Data: Off
  Data Released: False
  Global Release Data: Off
  PipelineMTime: 0
  UpdateMTime: 1535
  RealTimeStamp: 0 seconds 
  LargestPossibleRegion: 
    Dimension: 3
    Index: [0, 0, 0]
    Size: [512, 512, 54]
  BufferedRegion: 
    Dimension: 3
    Index: [0, 0, 0]
    Size: [512, 512, 54]
  RequestedRegion: 
    Dimension: 3
    Index: [0, 0, 0]
    Size: [512, 512, 54]
  Spacing: [0.4375, 0.4375, 1.1]
  Origin: [-112, -8.60976, -121.459]
  Direction: 
1 1.07699e-11 -7.38815e-12
1.07699e-11 -0.359997 0.932954
-7.38815e-12 0.932954 0.359997

  IndexToPointMatrix: 
0.4375 4.71185e-12 -8.12693e-12
4.71185e-12 -0.157499 1.02625
-3.23231e-12 0.408167 0.395995

  PointToIndexMatrix: 
2.28571 2.4617e-11 -1.68872e-11
2.4617e-11 -0.82285 2.13247
-6.71652e-12 0.848142 0.327271

  Inverse Direction: 
1 1.07699e-11 -7.38815e-12
1.07699e-11 -0.359997 0.932954
-7.38815e-12 0.932954 0.359997

  PixelContainer: 
    ImportImageContainer (0x460b5e0)
      RTTI typeinfo:   itk::ImportImageContainer<unsigned long, double>
      Reference Count: 1
      Modified Time: 1532
      Debug: Off
      Object Name: 
      Observers: 
        none
      Pointer: 0x2acd2f5a2010
      Container manages memory: true
      Size: 14155776
      Capacity: 14155776

     Moving image = Image (0x46122f0)
  RTTI typeinfo:   itk::Image<double, 3u>
  Reference Count: 2
  Modified Time: 1714
  Debug: Off
  Object Name: 
  Observers: 
    none
  Source: (none)
  Source output name: (none)
  Release Data: Off
  Data Released: False
  Global Release Data: Off
  PipelineMTime: 0
  UpdateMTime: 1711
  RealTimeStamp: 0 seconds 
  LargestPossibleRegion: 
    Dimension: 3
    Index: [0, 0, 0]
    Size: [224, 320, 320]
  BufferedRegion: 
    Dimension: 3
    Index: [0, 0, 0]
    Size: [224, 320, 320]
  RequestedRegion: 
    Dimension: 3
    Index: [0, 0, 0]
    Size: [224, 320, 320]
  Spacing: [0.699997, 0.7, 0.7]
  Origin: [-80.5294, 72.2492, -124.937]
  Direction: 
1 0 0
0 -1 0
0 0 1

  IndexToPointMatrix: 
0.699997 0 0
0 -0.7 0
0 0 0.7

  PointToIndexMatrix: 
1.42858 0 0
0 -1.42857 0
0 0 1.42857

  Inverse Direction: 
1 0 0
0 -1 0
0 0 1

  PixelContainer: 
    ImportImageContainer (0x460fc90)
      RTTI typeinfo:   itk::ImportImageContainer<unsigned long, double>
      Reference Count: 1
      Modified Time: 1708
      Debug: Off
      Object Name: 
      Observers: 
        none
      Pointer: 0x2acd361a3010
      Container manages memory: true
      Size: 22937600
      Capacity: 22937600

     Weighting = 1
     Sampling strategy = regular
     Number of bins = 32
     Radius = 4
     Sampling percentage  = 0.25
   Transform = Rigid
     Gradient step = 0.1
     Update field sigma (voxel space) = 0
     Total field sigma (voxel space) = 0
     Update field time sigma = 0
     Total field time sigma  = 0
     Number of time indices = 0
     Number of time point samples = 0
Stage 2 State
   Image metric = Mattes
     Fixed image = Image (0x4613010)
  RTTI typeinfo:   itk::Image<double, 3u>
  Reference Count: 2
  Modified Time: 2067
  Debug: Off
  Object Name: 
  Observers: 
    none
  Source: (none)
  Source output name: (none)
  Release Data: Off
  Data Released: False
  Global Release Data: Off
  PipelineMTime: 0
  UpdateMTime: 1889
  RealTimeStamp: 0 seconds 
  LargestPossibleRegion: 
    Dimension: 3
    Index: [0, 0, 0]
    Size: [512, 512, 54]
  BufferedRegion: 
    Dimension: 3
    Index: [0, 0, 0]
    Size: [512, 512, 54]
  RequestedRegion: 
    Dimension: 3
    Index: [0, 0, 0]
    Size: [512, 512, 54]
  Spacing: [0.4375, 0.4375, 1.1]
  Origin: [-112, -8.60976, -121.459]
  Direction: 
1 1.07699e-11 -7.38815e-12
1.07699e-11 -0.359997 0.932954
-7.38815e-12 0.932954 0.359997

  IndexToPointMatrix: 
0.4375 4.71185e-12 -8.12693e-12
4.71185e-12 -0.157499 1.02625
-3.23231e-12 0.408167 0.395995

  PointToIndexMatrix: 
2.28571 2.4617e-11 -1.68872e-11
2.4617e-11 -0.82285 2.13247
-6.71652e-12 0.848142 0.327271

  Inverse Direction: 
1 1.07699e-11 -7.38815e-12
1.07699e-11 -0.359997 0.932954
-7.38815e-12 0.932954 0.359997

  PixelContainer: 
    ImportImageContainer (0x460c210)
      RTTI typeinfo:   itk::ImportImageContainer<unsigned long, double>
      Reference Count: 1
      Modified Time: 1886
      Debug: Off
      Object Name: 
      Observers: 
        none
      Pointer: 0x2acd410a4010
      Container manages memory: true
      Size: 14155776
      Capacity: 14155776

     Moving image = Image (0x461ecd0)
  RTTI typeinfo:   itk::Image<double, 3u>
  Reference Count: 2
  Modified Time: 2068
  Debug: Off
  Object Name: 
  Observers: 
    none
  Source: (none)
  Source output name: (none)
  Release Data: Off
  Data Released: False
  Global Release Data: Off
  PipelineMTime: 0
  UpdateMTime: 2065
  RealTimeStamp: 0 seconds 
  LargestPossibleRegion: 
    Dimension: 3
    Index: [0, 0, 0]
    Size: [224, 320, 320]
  BufferedRegion: 
    Dimension: 3
    Index: [0, 0, 0]
    Size: [224, 320, 320]
  RequestedRegion: 
    Dimension: 3
    Index: [0, 0, 0]
    Size: [224, 320, 320]
  Spacing: [0.699997, 0.7, 0.7]
  Origin: [-80.5294, 72.2492, -124.937]
  Direction: 
1 0 0
0 -1 0
0 0 1

  IndexToPointMatrix: 
0.699997 0 0
0 -0.7 0
0 0 0.7

  PointToIndexMatrix: 
1.42858 0 0
0 -1.42857 0
0 0 1.42857

  Inverse Direction: 
1 0 0
0 -1 0
0 0 1

  PixelContainer: 
    ImportImageContainer (0x461ef60)
      RTTI typeinfo:   itk::ImportImageContainer<unsigned long, double>
      Reference Count: 1
      Modified Time: 2062
      Debug: Off
      Object Name: 
      Observers: 
        none
      Pointer: 0x2acd47ca5010
      Container manages memory: true
      Size: 22937600
      Capacity: 22937600

     Weighting = 1
     Sampling strategy = regular
     Number of bins = 32
     Radius = 4
     Sampling percentage  = 0.25
   Transform = Affine
     Gradient step = 0.1
     Update field sigma (voxel space) = 0
     Total field sigma (voxel space) = 0
     Update field time sigma = 0
     Total field time sigma  = 0
     Number of time indices = 0
     Number of time point samples = 0
Stage 3 State
   Image metric = Mattes
     Fixed image = Image (0x461efc0)
  RTTI typeinfo:   itk::Image<double, 3u>
  Reference Count: 2
  Modified Time: 2421
  Debug: Off
  Object Name: 
  Observers: 
    none
  Source: (none)
  Source output name: (none)
  Release Data: Off
  Data Released: False
  Global Release Data: Off
  PipelineMTime: 0
  UpdateMTime: 2243
  RealTimeStamp: 0 seconds 
  LargestPossibleRegion: 
    Dimension: 3
    Index: [0, 0, 0]
    Size: [512, 512, 54]
  BufferedRegion: 
    Dimension: 3
    Index: [0, 0, 0]
    Size: [512, 512, 54]
  RequestedRegion: 
    Dimension: 3
    Index: [0, 0, 0]
    Size: [512, 512, 54]
  Spacing: [0.4375, 0.4375, 1.1]
  Origin: [-112, -8.60976, -121.459]
  Direction: 
1 1.07699e-11 -7.38815e-12
1.07699e-11 -0.359997 0.932954
-7.38815e-12 0.932954 0.359997

  IndexToPointMatrix: 
0.4375 4.71185e-12 -8.12693e-12
4.71185e-12 -0.157499 1.02625
-3.23231e-12 0.408167 0.395995

  PointToIndexMatrix: 
2.28571 2.4617e-11 -1.68872e-11
2.4617e-11 -0.82285 2.13247
-6.71652e-12 0.848142 0.327271

  Inverse Direction: 
1 1.07699e-11 -7.38815e-12
1.07699e-11 -0.359997 0.932954
-7.38815e-12 0.932954 0.359997

  PixelContainer: 
    ImportImageContainer (0x4620dd0)
      RTTI typeinfo:   itk::ImportImageContainer<unsigned long, double>
      Reference Count: 1
      Modified Time: 2240
      Debug: Off
      Object Name: 
      Observers: 
        none
      Pointer: 0x2acd52ba6010
      Container manages memory: true
      Size: 14155776
      Capacity: 14155776

     Moving image = Image (0x46276f0)
  RTTI typeinfo:   itk::Image<double, 3u>
  Reference Count: 2
  Modified Time: 2422
  Debug: Off
  Object Name: 
  Observers: 
    none
  Source: (none)
  Source output name: (none)
  Release Data: Off
  Data Released: False
  Global Release Data: Off
  PipelineMTime: 0
  UpdateMTime: 2419
  RealTimeStamp: 0 seconds 
  LargestPossibleRegion: 
    Dimension: 3
    Index: [0, 0, 0]
    Size: [224, 320, 320]
  BufferedRegion: 
    Dimension: 3
    Index: [0, 0, 0]
    Size: [224, 320, 320]
  RequestedRegion: 
    Dimension: 3
    Index: [0, 0, 0]
    Size: [224, 320, 320]
  Spacing: [0.699997, 0.7, 0.7]
  Origin: [-80.5294, 72.2492, -124.937]
  Direction: 
1 0 0
0 -1 0
0 0 1

  IndexToPointMatrix: 
0.699997 0 0
0 -0.7 0
0 0 0.7

  PointToIndexMatrix: 
1.42858 0 0
0 -1.42857 0
0 0 1.42857

  Inverse Direction: 
1 0 0
0 -1 0
0 0 1

  PixelContainer: 
    ImportImageContainer (0x4627980)
      RTTI typeinfo:   itk::ImportImageContainer<unsigned long, double>
      Reference Count: 1
      Modified Time: 2416
      Debug: Off
      Object Name: 
      Observers: 
        none
      Pointer: 0x2acd597a7010
      Container manages memory: true
      Size: 22937600
      Capacity: 22937600

     Weighting = 1
     Sampling strategy = none
     Number of bins = 32
     Radius = 4
     Sampling percentage  = 1
   Transform = SyN
     Gradient step = 0.1
     Update field sigma (voxel space) = 3
     Total field sigma (voxel space) = 0
     Update field time sigma = 0
     Total field time sigma  = 0
     Number of time indices = 0
     Number of time point samples = 0
Registration using 3 total stages.

Stage 0
  iterations = 1000x500x250x0
  convergence threshold = 1e-06
  convergence window size = 10
  number of levels = 4
  using the Mattes MI metric (number of bins = 32, weight = 1)
  preprocessing:  winsorizing the image intensities
  Shrink factors (level 1 out of 4): [12, 12, 5]
  Shrink factors (level 2 out of 4): [8, 8, 3]
  Shrink factors (level 3 out of 4): [4, 4, 2]
  Shrink factors (level 4 out of 4): [2, 2, 1]
  smoothing sigmas per level: [4, 3, 2, 1]
  regular sampling (percentage = 0.25)

*** Running Euler3DTransform registration ***

DIAGNOSTIC,Iteration,metricValue,convergenceValue,ITERATION_TIME_INDEX,SINCE_LAST
 2DIAGNOSTIC,     1, -3.848841151569e-01, 1.797693134862e+308, 1.9053e+01, 1.9053e+01, 
 2DIAGNOSTIC,     2, -3.869044456399e-01, 1.797693134862e+308, 1.9081e+01, 2.8178e-02, 
 2DIAGNOSTIC,     3, -3.915990583886e-01, 1.797693134862e+308, 1.9108e+01, 2.6307e-02, 
 2DIAGNOSTIC,     4, -3.977222752658e-01, 1.797693134862e+308, 1.9133e+01, 2.4941e-02, 
 2DIAGNOSTIC,     5, -4.073648314774e-01, 1.797693134862e+308, 1.9157e+01, 2.4043e-02, 
 2DIAGNOSTIC,     6, -4.314457556432e-01, 1.797693134862e+308, 1.9179e+01, 2.2302e-02, 
 2DIAGNOSTIC,     7, -4.679503644955e-01, 1.797693134862e+308, 1.9204e+01, 2.5463e-02, 
 2DIAGNOSTIC,     8, -4.824601396551e-01, 1.797693134862e+308, 1.9243e+01, 3.8351e-02, 
 2DIAGNOSTIC,     9, -4.896865368062e-01, 1.797693134862e+308, 1.9272e+01, 2.9634e-02, 
 2DIAGNOSTIC,    10, -4.991666111980e-01, 1.995614312819e-02, 1.9302e+01, 2.9965e-02, 
 2DIAGNOSTIC,    11, -5.003341191475e-01, 1.838800641202e-02, 1.9324e+01, 2.1180e-02, 
 2DIAGNOSTIC,    12, -5.006784285650e-01, 1.558398065773e-02, 1.9345e+01, 2.1637e-02, 
 2DIAGNOSTIC,    13, -5.008406926564e-01, 1.210728791125e-02, 1.9382e+01, 3.6904e-02, 
 2DIAGNOSTIC,    14, -5.009818158223e-01, 8.388398437582e-03, 1.9404e+01, 2.1768e-02, 
 2DIAGNOSTIC,    15, -5.010610513548e-01, 4.849161083264e-03, 1.9425e+01, 2.1588e-02, 
 2DIAGNOSTIC,    16, -5.011601034119e-01, 2.255524031924e-03, 1.9455e+01, 3.0033e-02, 
 2DIAGNOSTIC,    17, -5.012192823589e-01, 1.104786939302e-03, 1.9489e+01, 3.3750e-02, 
 2DIAGNOSTIC,    18, -5.012720531993e-01, 4.840822887340e-04, 1.9510e+01, 2.0687e-02, 
 2DIAGNOSTIC,    19, -5.013323863835e-01, 1.150952230263e-04, 1.9535e+01, 2.4864e-02, 
 2DIAGNOSTIC,    20, -5.015723749228e-01, 6.978527340479e-05, 1.9577e+01, 4.1892e-02, 
 2DIAGNOSTIC,    21, -5.016106838436e-01, 5.717952731993e-05, 1.9609e+01, 3.2821e-02, 
 2DIAGNOSTIC,    22, -5.016031413207e-01, 4.985671622749e-05, 1.9633e+01, 2.3136e-02, 
 2DIAGNOSTIC,    23, -5.016323803267e-01, 4.376362496133e-05, 1.9656e+01, 2.3790e-02, 
 2DIAGNOSTIC,    24, -5.017051765393e-01, 3.954459865173e-05, 1.9689e+01, 3.2179e-02, 
 2DIAGNOSTIC,    25, -5.017094378061e-01, 3.393039288663e-05, 1.9716e+01, 2.7166e-02, 
 2DIAGNOSTIC,    26, -5.017131553942e-01, 2.806886917620e-05, 1.9742e+01, 2.5865e-02, 
 2DIAGNOSTIC,    27, -5.017202919528e-01, 2.170432448288e-05, 1.9762e+01, 1.9952e-02, 
 2DIAGNOSTIC,    28, -5.016663200311e-01, 1.388617955027e-05, 1.9781e+01, 1.9768e-02, 
 2DIAGNOSTIC,    29, -5.016697081197e-01, 6.616219926474e-06, 1.9803e+01, 2.1758e-02, 
 2DIAGNOSTIC,    30, -5.016709592196e-01, 4.076853269461e-06, 1.9825e+01, 2.1680e-02, 
 2DIAGNOSTIC,    31, -5.016725670850e-01, 2.206381262353e-06, 1.9878e+01, 5.3647e-02, 
DIAGNOSTIC,Iteration,metricValue,convergenceValue,ITERATION_TIME_INDEX,SINCE_LAST
 2DIAGNOSTIC,     1, -4.652336306597e-01, 1.797693134862e+308, 3.5219e+01, 1.5340e+01, 
 2DIAGNOSTIC,     2, -4.678252204078e-01, 1.797693134862e+308, 3.5308e+01, 8.9748e-02, 
 2DIAGNOSTIC,     3, -4.704037500013e-01, 1.797693134862e+308, 3.5399e+01, 9.0367e-02, 
 2DIAGNOSTIC,     4, -4.716423920547e-01, 1.797693134862e+308, 3.5493e+01, 9.3872e-02, 
 2DIAGNOSTIC,     5, -4.719665330439e-01, 1.797693134862e+308, 3.5586e+01, 9.3227e-02, 
 2DIAGNOSTIC,     6, -4.724087000468e-01, 1.797693134862e+308, 3.5678e+01, 9.2258e-02, 
 2DIAGNOSTIC,     7, -4.730010065561e-01, 1.797693134862e+308, 3.5791e+01, 1.1271e-01, 
 2DIAGNOSTIC,     8, -4.741008647707e-01, 1.797693134862e+308, 3.5944e+01, 1.5317e-01, 
 2DIAGNOSTIC,     9, -4.742348944840e-01, 1.797693134862e+308, 3.6053e+01, 1.0915e-01, 
 2DIAGNOSTIC,    10, -4.742954003329e-01, 1.086015796086e-03, 3.6164e+01, 1.1101e-01, 
 2DIAGNOSTIC,    11, -4.742786467339e-01, 7.021474780012e-04, 3.6254e+01, 8.9978e-02, 
 2DIAGNOSTIC,    12, -4.743314332612e-01, 4.492763083205e-04, 3.6368e+01, 1.1397e-01, 
 2DIAGNOSTIC,    13, -4.744377803487e-01, 3.173411896320e-04, 3.6501e+01, 1.3273e-01, 
 2DIAGNOSTIC,    14, -4.742026404492e-01, 2.187315025016e-04, 3.6591e+01, 9.0349e-02, 
 2DIAGNOSTIC,    15, -4.742013920959e-01, 1.273076203181e-04, 3.6702e+01, 1.1085e-01, 
 2DIAGNOSTIC,    16, -4.742157167679e-01, 5.293153166847e-05, 3.6820e+01, 1.1807e-01, 
 2DIAGNOSTIC,    17, -4.742309946084e-01, 2.919791512637e-06, 3.6936e+01, 1.1614e-01, 
DIAGNOSTIC,Iteration,metricValue,convergenceValue,ITERATION_TIME_INDEX,SINCE_LAST
 2DIAGNOSTIC,     1, -4.303744916810e-01, 1.797693134862e+308, 4.5013e+01, 8.0771e+00, 
 2DIAGNOSTIC,     2, -4.323488979581e-01, 1.797693134862e+308, 4.5466e+01, 4.5245e-01, 
 2DIAGNOSTIC,     3, -4.334378898135e-01, 1.797693134862e+308, 4.5906e+01, 4.3985e-01, 
 2DIAGNOSTIC,     4, -4.336619818009e-01, 1.797693134862e+308, 4.6344e+01, 4.3855e-01, 
 2DIAGNOSTIC,     5, -4.337891725358e-01, 1.797693134862e+308, 4.6784e+01, 4.3935e-01, 
 2DIAGNOSTIC,     6, -4.339031793623e-01, 1.797693134862e+308, 4.7320e+01, 5.3696e-01, 
 2DIAGNOSTIC,     7, -4.339545685336e-01, 1.797693134862e+308, 4.7851e+01, 5.3069e-01, 
 2DIAGNOSTIC,     8, -4.340056078846e-01, 1.797693134862e+308, 4.8553e+01, 7.0164e-01, 
 2DIAGNOSTIC,     9, -4.340792659147e-01, 1.797693134862e+308, 4.8975e+01, 4.2219e-01, 
 2DIAGNOSTIC,    10, -4.342975843598e-01, 3.959169261825e-04, 4.9397e+01, 4.2176e-01, 
 2DIAGNOSTIC,    11, -4.343334386648e-01, 1.899405295627e-04, 4.9909e+01, 5.1182e-01, 
 2DIAGNOSTIC,    12, -4.343467284159e-01, 1.088007928638e-04, 5.0331e+01, 4.2209e-01, 
 2DIAGNOSTIC,    13, -4.343505466050e-01, 8.564396043192e-05, 5.0843e+01, 5.1216e-01, 
 2DIAGNOSTIC,    14, -4.343726606230e-01, 6.962733129398e-05, 5.1701e+01, 8.5783e-01, 
 2DIAGNOSTIC,    15, -4.343734794563e-01, 5.491931064455e-05, 5.2208e+01, 5.0756e-01, 
 2DIAGNOSTIC,    16, -4.343710164089e-01, 4.174558642767e-05, 5.2626e+01, 4.1750e-01, 
 2DIAGNOSTIC,    17, -4.343690137390e-01, 2.848527627242e-05, 5.3040e+01, 4.1462e-01, 
 2DIAGNOSTIC,    18, -4.343699366342e-01, 1.616772444676e-05, 5.3454e+01, 4.1404e-01, 
 2DIAGNOSTIC,    19, -4.343707846040e-01, 6.172927461877e-06, 5.4132e+01, 6.7758e-01, 
 2DIAGNOSTIC,    20, -4.343709727794e-01, 3.886833793341e-06, 5.4637e+01, 5.0523e-01, 
 2DIAGNOSTIC,    21, -4.343709927098e-01, 2.726778077777e-06, 5.5230e+01, 5.9294e-01, 
 2DIAGNOSTIC,    22, -4.343710149994e-01, 1.962328907555e-06, 5.6089e+01, 8.5920e-01, 
 2DIAGNOSTIC,    23, -4.343710153350e-01, 1.305815034873e-06, 5.8129e+01, 2.0400e+00, 
 2DIAGNOSTIC,    24, -4.343710153350e-01, 1.312061711785e-06, 5.9028e+01, 8.9836e-01, 
 2DIAGNOSTIC,    25, -4.343710153350e-01, 1.342084194236e-06, 5.9745e+01, 7.1749e-01, 
 2DIAGNOSTIC,    26, -4.343710153350e-01, 1.303359430882e-06, 6.0178e+01, 4.3250e-01, 
 2DIAGNOSTIC,    27, -4.343710153350e-01, 1.211177986245e-06, 6.0700e+01, 5.2238e-01, 
 2DIAGNOSTIC,    28, -4.343710153350e-01, 1.143638596102e-06, 6.1299e+01, 5.9908e-01, 
 2DIAGNOSTIC,    29, -4.343710153350e-01, 1.099172532312e-06, 6.1820e+01, 5.2104e-01, 
 2DIAGNOSTIC,    30, -4.343710153350e-01, 1.061640351262e-06, 6.2333e+01, 5.1298e-01, 
 2DIAGNOSTIC,    31, -4.343710153350e-01, 1.026891594938e-06, 6.2853e+01, 5.1964e-01, 
DIAGNOSTIC,Iteration,metricValue,convergenceValue,ITERATION_TIME_INDEX,SINCE_LAST
 2DIAGNOSTIC,     1, -3.654484671273e-01, 1.797693134862e+308, 7.1150e+01, 8.2975e+00, 
  Elapsed time (stage 0): 7.4446e+01


Stage 1
  iterations = 1000x500x250x0
  convergence threshold = 1.0000e-06
  convergence window size = 10
  number of levels = 4
  using the Mattes MI metric (number of bins = 32, weight = 1.0000e+00)
  preprocessing:  winsorizing the image intensities
  Shrink factors (level 1 out of 4): [12, 12, 5]
  Shrink factors (level 2 out of 4): [8, 8, 3]
  Shrink factors (level 3 out of 4): [4, 4, 2]
  Shrink factors (level 4 out of 4): [2, 2, 1]
  smoothing sigmas per level: [4, 3, 2, 1]
  regular sampling (percentage = 2.5000e-01)

*** Running AffineTransform registration ***

DIAGNOSTIC,Iteration,metricValue,convergenceValue,ITERATION_TIME_INDEX,SINCE_LAST
 2DIAGNOSTIC,     1, -4.921277215743e-01, 1.797693134862e+308, 1.8408e+01, 1.8408e+01, 
 2DIAGNOSTIC,     2, -4.942627387539e-01, 1.797693134862e+308, 1.8432e+01, 2.3226e-02, 
 2DIAGNOSTIC,     3, -4.973333727864e-01, 1.797693134862e+308, 1.8455e+01, 2.3148e-02, 
 2DIAGNOSTIC,     4, -5.016624145561e-01, 1.797693134862e+308, 1.8478e+01, 2.2904e-02, 
 2DIAGNOSTIC,     5, -5.062437742358e-01, 1.797693134862e+308, 1.8500e+01, 2.1852e-02, 
 2DIAGNOSTIC,     6, -5.094543991937e-01, 1.797693134862e+308, 1.8524e+01, 2.4821e-02, 
 2DIAGNOSTIC,     7, -5.128167221436e-01, 1.797693134862e+308, 1.8549e+01, 2.4716e-02, 
 2DIAGNOSTIC,     8, -5.140233427916e-01, 1.797693134862e+308, 1.8569e+01, 1.9961e-02, 
 2DIAGNOSTIC,     9, -5.144039972839e-01, 1.797693134862e+308, 1.8589e+01, 1.9715e-02, 
 2DIAGNOSTIC,    10, -5.147483254278e-01, 3.244396164496e-03, 1.8625e+01, 3.6419e-02, 
 2DIAGNOSTIC,    11, -5.148440531074e-01, 2.498638530518e-03, 1.8646e+01, 2.0869e-02, 
 2DIAGNOSTIC,    12, -5.150909838186e-01, 1.765465391732e-03, 1.8667e+01, 2.0885e-02, 
 2DIAGNOSTIC,    13, -5.152755555185e-01, 1.125614495379e-03, 1.8689e+01, 2.2055e-02, 
 2DIAGNOSTIC,    14, -5.153519334327e-01, 6.503764815058e-04, 1.8720e+01, 3.0793e-02, 
 2DIAGNOSTIC,    15, -5.153935701628e-01, 3.510147121423e-04, 1.8745e+01, 2.5279e-02, 
 2DIAGNOSTIC,    16, -5.154221582898e-01, 1.678590704830e-04, 1.8771e+01, 2.6460e-02, 
 2DIAGNOSTIC,    17, -5.155118775145e-01, 1.035370223921e-04, 1.8805e+01, 3.3382e-02, 
 2DIAGNOSTIC,    18, -5.154981765357e-01, 7.364729068768e-05, 1.8846e+01, 4.1414e-02, 
 2DIAGNOSTIC,    19, -5.155029633514e-01, 5.143659501303e-05, 1.8871e+01, 2.4727e-02, 
 2DIAGNOSTIC,    20, -5.155119035525e-01, 3.677372849938e-05, 1.8897e+01, 2.5747e-02, 
 2DIAGNOSTIC,    21, -5.155793869839e-01, 2.443741842669e-05, 1.8922e+01, 2.5158e-02, 
 2DIAGNOSTIC,    22, -5.155880522778e-01, 1.737945234566e-05, 1.8944e+01, 2.1739e-02, 
 2DIAGNOSTIC,    23, -5.155943779441e-01, 1.405074551170e-05, 1.8966e+01, 2.1971e-02, 
 2DIAGNOSTIC,    24, -5.155988732297e-01, 1.172508646755e-05, 1.8987e+01, 2.1767e-02, 
 2DIAGNOSTIC,    25, -5.156079540886e-01, 9.732311498020e-06, 1.9021e+01, 3.3604e-02, 
 2DIAGNOSTIC,    26, -5.156105997495e-01, 7.681998165643e-06, 1.9054e+01, 3.2813e-02, 
 2DIAGNOSTIC,    27, -5.156114146343e-01, 7.045030533316e-06, 1.9075e+01, 2.0913e-02, 
 2DIAGNOSTIC,    28, -5.156168771622e-01, 5.759375593370e-06, 1.9096e+01, 2.1209e-02, 
 2DIAGNOSTIC,    29, -5.156236190966e-01, 4.356687375841e-06, 1.9125e+01, 2.8975e-02, 
 2DIAGNOSTIC,    30, -5.156243340674e-01, 2.881874094425e-06, 1.9145e+01, 2.0556e-02, 
 2DIAGNOSTIC,    31, -5.156278998129e-01, 2.601962939573e-06, 1.9170e+01, 2.4746e-02, 
 2DIAGNOSTIC,    32, -5.156280060868e-01, 2.342899208370e-06, 1.9191e+01, 2.0683e-02, 
 2DIAGNOSTIC,    33, -5.156285603352e-01, 2.087151659620e-06, 1.9212e+01, 2.0693e-02, 
 2DIAGNOSTIC,    34, -5.156301555814e-01, 1.834755123428e-06, 1.9234e+01, 2.2147e-02, 
 2DIAGNOSTIC,    35, -5.156323390389e-01, 1.689334758241e-06, 1.9260e+01, 2.6149e-02, 
 2DIAGNOSTIC,    36, -5.156387189813e-01, 1.618119525652e-06, 1.9283e+01, 2.2872e-02, 
 2DIAGNOSTIC,    37, -5.156419391163e-01, 1.538616774394e-06, 1.9329e+01, 4.6427e-02, 
 2DIAGNOSTIC,    38, -5.156422797960e-01, 1.481952740318e-06, 1.9359e+01, 2.9634e-02, 
 2DIAGNOSTIC,    39, -5.156425434394e-01, 1.468401246586e-06, 1.9389e+01, 3.0072e-02, 
 2DIAGNOSTIC,    40, -5.156432688928e-01, 1.412111580779e-06, 1.9416e+01, 2.6693e-02, 
 2DIAGNOSTIC,    41, -5.156444190336e-01, 1.362317895451e-06, 1.9446e+01, 3.0049e-02, 
 2DIAGNOSTIC,    42, -5.156495748323e-01, 1.327860028343e-06, 1.9473e+01, 2.6952e-02, 
 2DIAGNOSTIC,    43, -5.156504161676e-01, 1.258110695485e-06, 1.9525e+01, 5.2706e-02, 
 2DIAGNOSTIC,    44, -5.156512184347e-01, 1.173950212641e-06, 1.9553e+01, 2.8059e-02, 
 2DIAGNOSTIC,    45, -5.156514871221e-01, 1.079856189915e-06, 1.9585e+01, 3.1542e-02, 
 2DIAGNOSTIC,    46, -5.156518031541e-01, 1.033747010618e-06, 1.9617e+01, 3.1983e-02, 
DIAGNOSTIC,Iteration,metricValue,convergenceValue,ITERATION_TIME_INDEX,SINCE_LAST
 2DIAGNOSTIC,     1, -4.650476909153e-01, 1.797693134862e+308, 3.3935e+01, 1.4318e+01, 
 2DIAGNOSTIC,     2, -4.669608632772e-01, 1.797693134862e+308, 3.4052e+01, 1.1696e-01, 
 2DIAGNOSTIC,     3, -4.689447065895e-01, 1.797693134862e+308, 3.4165e+01, 1.1366e-01, 
 2DIAGNOSTIC,     4, -4.715362242182e-01, 1.797693134862e+308, 3.4277e+01, 1.1125e-01, 
 2DIAGNOSTIC,     5, -4.737843736496e-01, 1.797693134862e+308, 3.4388e+01, 1.1159e-01, 
 2DIAGNOSTIC,     6, -4.773596552157e-01, 1.797693134862e+308, 3.4523e+01, 1.3520e-01, 
 2DIAGNOSTIC,     7, -4.778939358386e-01, 1.797693134862e+308, 3.4686e+01, 1.6285e-01, 
 2DIAGNOSTIC,     8, -4.779966475623e-01, 1.797693134862e+308, 3.4824e+01, 1.3770e-01, 
 2DIAGNOSTIC,     9, -4.783510497691e-01, 1.797693134862e+308, 3.4965e+01, 1.4077e-01, 
 2DIAGNOSTIC,    10, -4.785975665938e-01, 2.008227846940e-03, 3.5075e+01, 1.0985e-01, 
 2DIAGNOSTIC,    11, -4.787516262135e-01, 1.477733173876e-03, 3.5187e+01, 1.1246e-01, 
 2DIAGNOSTIC,    12, -4.793572621792e-01, 1.029557083683e-03, 3.5368e+01, 1.8119e-01, 
 2DIAGNOSTIC,    13, -4.795041377567e-01, 6.561493888018e-04, 3.5502e+01, 1.3388e-01, 
 2DIAGNOSTIC,    14, -4.796015489881e-01, 3.914706531039e-04, 3.5642e+01, 1.3972e-01, 
 2DIAGNOSTIC,    15, -4.797365423477e-01, 2.181703811281e-04, 3.5779e+01, 1.3715e-01, 
 2DIAGNOSTIC,    16, -4.798550365152e-01, 1.842644911628e-04, 3.6309e+01, 5.3035e-01, 
 2DIAGNOSTIC,    17, -4.798550010570e-01, 1.561530804874e-04, 3.6420e+01, 1.1032e-01, 
 2DIAGNOSTIC,    18, -4.798550398962e-01, 1.201452972888e-04, 3.6529e+01, 1.0966e-01, 
 2DIAGNOSTIC,    19, -4.798551055692e-01, 8.824114666695e-05, 3.6647e+01, 1.1783e-01, 
 2DIAGNOSTIC,    20, -4.798552166857e-01, 5.892703226028e-05, 3.6765e+01, 1.1786e-01, 
 2DIAGNOSTIC,    21, -4.798554044749e-01, 3.099361153549e-05, 3.6882e+01, 1.1658e-01, 
 2DIAGNOSTIC,    22, -4.798557216526e-01, 1.924330108204e-05, 3.6995e+01, 1.1377e-01, 
 2DIAGNOSTIC,    23, -4.798562564344e-01, 1.069488846250e-05, 3.7107e+01, 1.1212e-01, 
 2DIAGNOSTIC,    24, -4.798571581590e-01, 4.369905912474e-06, 3.7224e+01, 1.1642e-01, 
 2DIAGNOSTIC,    25, -4.798586758939e-01, 1.438770910411e-06, 3.7338e+01, 1.1425e-01, 
 2DIAGNOSTIC,    26, -4.798612227453e-01, 1.490319660361e-06, 3.7455e+01, 1.1712e-01, 
 2DIAGNOSTIC,    27, -4.798654850932e-01, 1.605655816160e-06, 3.7594e+01, 1.3899e-01, 
 2DIAGNOSTIC,    28, -4.798714704803e-01, 1.799342831448e-06, 3.7711e+01, 1.1652e-01, 
 2DIAGNOSTIC,    29, -4.798784154643e-01, 2.059348189254e-06, 3.7825e+01, 1.1402e-01, 
 2DIAGNOSTIC,    30, -4.798942889565e-01, 2.526662555596e-06, 3.7940e+01, 1.1530e-01, 
 2DIAGNOSTIC,    31, -4.799192241427e-01, 3.301178345426e-06, 3.8053e+01, 1.1295e-01, 
 2DIAGNOSTIC,    32, -4.799515440753e-01, 4.409381204058e-06, 3.8166e+01, 1.1272e-01, 
 2DIAGNOSTIC,    33, -4.799952458564e-01, 5.915221848118e-06, 3.8278e+01, 1.1207e-01, 
 2DIAGNOSTIC,    34, -4.800391290974e-01, 7.635227831163e-06, 3.8392e+01, 1.1468e-01, 
 2DIAGNOSTIC,    35, -4.799954462596e-01, 7.895465875336e-06, 3.8506e+01, 1.1383e-01, 
 2DIAGNOSTIC,    36, -4.799027261617e-01, 6.020487028999e-06, 3.8644e+01, 1.3733e-01, 
 2DIAGNOSTIC,    37, -4.799495893675e-01, 4.615499425615e-06, 3.8759e+01, 1.1562e-01, 
 2DIAGNOSTIC,    38, -4.799581960735e-01, 3.096262750434e-06, 3.8870e+01, 1.1037e-01, 
 2DIAGNOSTIC,    39, -4.799946996262e-01, 2.078499582749e-06, 3.9009e+01, 1.3948e-01, 
 2DIAGNOSTIC,    40, -4.800037451065e-01, 1.378668196765e-06, 3.9149e+01, 1.3991e-01, 
 2DIAGNOSTIC,    41, -4.800058287342e-01, 1.080974149126e-06, 3.9357e+01, 2.0821e-01, 
 2DIAGNOSTIC,    42, -4.800077531907e-01, 1.235140294667e-06, 3.9472e+01, 1.1461e-01, 
 2DIAGNOSTIC,    43, -4.800084030340e-01, 1.899202742663e-06, 3.9583e+01, 1.1156e-01, 
 2DIAGNOSTIC,    44, -4.800108798073e-01, 3.051750869124e-06, 3.9695e+01, 1.1159e-01, 
 2DIAGNOSTIC,    45, -4.800180457184e-01, 3.488462720427e-06, 3.9831e+01, 1.3576e-01, 
 2DIAGNOSTIC,    46, -4.800189787993e-01, 2.443594692418e-06, 3.9988e+01, 1.5726e-01, 
 2DIAGNOSTIC,    47, -4.800197937894e-01, 1.883332508858e-06, 4.0122e+01, 1.3404e-01, 
 2DIAGNOSTIC,    48, -4.800040533248e-01, 1.132654572460e-06, 4.0279e+01, 1.5658e-01, 
DIAGNOSTIC,Iteration,metricValue,convergenceValue,ITERATION_TIME_INDEX,SINCE_LAST
 2DIAGNOSTIC,     1, -4.290484156263e-01, 1.797693134862e+308, 4.8502e+01, 8.2235e+00, 
 2DIAGNOSTIC,     2, -4.310719411039e-01, 1.797693134862e+308, 4.9019e+01, 5.1693e-01, 
 2DIAGNOSTIC,     3, -4.324807573216e-01, 1.797693134862e+308, 4.9529e+01, 5.0961e-01, 
 2DIAGNOSTIC,     4, -4.332028095598e-01, 1.797693134862e+308, 5.0043e+01, 5.1383e-01, 
 2DIAGNOSTIC,     5, -4.340306270238e-01, 1.797693134862e+308, 5.0665e+01, 6.2269e-01, 
 2DIAGNOSTIC,     6, -4.353082149062e-01, 1.797693134862e+308, 5.1275e+01, 6.0998e-01, 
 2DIAGNOSTIC,     7, -4.357086661772e-01, 1.797693134862e+308, 5.1788e+01, 5.1271e-01, 
 2DIAGNOSTIC,     8, -4.360541809309e-01, 1.797693134862e+308, 5.2303e+01, 5.1531e-01, 
 2DIAGNOSTIC,     9, -4.362629213887e-01, 1.797693134862e+308, 5.2905e+01, 6.0226e-01, 
 2DIAGNOSTIC,    10, -4.363544023907e-01, 1.033442198132e-03, 5.3508e+01, 6.0261e-01, 
 2DIAGNOSTIC,    11, -4.364376383237e-01, 7.115908161131e-04, 5.4126e+01, 6.1806e-01, 
 2DIAGNOSTIC,    12, -4.367894927076e-01, 5.080281125506e-04, 5.4732e+01, 6.0600e-01, 
 2DIAGNOSTIC,    13, -4.370159149373e-01, 3.722992584074e-04, 5.5246e+01, 5.1341e-01, 
 2DIAGNOSTIC,    14, -4.370373110681e-01, 2.568281423619e-04, 5.5846e+01, 6.0068e-01, 
 2DIAGNOSTIC,    15, -4.370495721511e-01, 1.692817144074e-04, 5.6767e+01, 9.2037e-01, 
 2DIAGNOSTIC,    16, -4.370513143560e-01, 1.295013813615e-04, 5.7386e+01, 6.1970e-01, 
 2DIAGNOSTIC,    17, -4.370558785232e-01, 9.776353815832e-05, 5.7916e+01, 5.2952e-01, 
 2DIAGNOSTIC,    18, -4.370597504305e-01, 7.307044470972e-05, 5.8440e+01, 5.2454e-01, 
 2DIAGNOSTIC,    19, -4.370615204294e-01, 5.171133150798e-05, 5.8962e+01, 5.2199e-01, 
 2DIAGNOSTIC,    20, -4.370637924508e-01, 3.108109794327e-05, 5.9487e+01, 5.2416e-01, 
 2DIAGNOSTIC,    21, -4.370646466429e-01, 1.206916603391e-05, 6.0111e+01, 6.2468e-01, 
 2DIAGNOSTIC,    22, -4.370698820176e-01, 4.215791959784e-06, 6.0663e+01, 5.5186e-01, 
 2DIAGNOSTIC,    23, -4.370705203858e-01, 3.211210048037e-06, 6.1352e+01, 6.8877e-01, 
 2DIAGNOSTIC,    24, -4.370741780035e-01, 2.793765251828e-06, 6.2261e+01, 9.0961e-01, 
 2DIAGNOSTIC,    25, -4.370744401554e-01, 2.599254838247e-06, 6.2775e+01, 5.1407e-01, 
 2DIAGNOSTIC,    26, -4.370751790165e-01, 2.356270292915e-06, 6.3296e+01, 5.2011e-01, 
 2DIAGNOSTIC,    27, -4.370759676448e-01, 2.151706541519e-06, 6.3826e+01, 5.3016e-01, 
 2DIAGNOSTIC,    28, -4.370770520424e-01, 1.984218091264e-06, 6.4350e+01, 5.2426e-01, 
 2DIAGNOSTIC,    29, -4.370786366281e-01, 1.822921239347e-06, 6.4881e+01, 5.3106e-01, 
 2DIAGNOSTIC,    30, -4.370826025187e-01, 1.739753746698e-06, 6.5551e+01, 6.7010e-01, 
 2DIAGNOSTIC,    31, -4.370832677283e-01, 1.626154026026e-06, 6.7998e+01, 2.4472e+00, 
 2DIAGNOSTIC,    32, -4.370832677113e-01, 1.570996427801e-06, 7.0413e+01, 2.4142e+00, 
 2DIAGNOSTIC,    33, -4.370832677113e-01, 1.476423225566e-06, 7.1050e+01, 6.3768e-01, 
 2DIAGNOSTIC,    34, -4.370832677113e-01, 1.408690647360e-06, 7.1800e+01, 7.4943e-01, 
 2DIAGNOSTIC,    35, -4.370832677113e-01, 1.303670225987e-06, 7.2450e+01, 6.5036e-01, 
 2DIAGNOSTIC,    36, -4.370832677113e-01, 1.180332396544e-06, 7.3095e+01, 6.4516e-01, 
 2DIAGNOSTIC,    37, -4.370832677113e-01, 1.050382868455e-06, 7.3762e+01, 6.6713e-01, 
DIAGNOSTIC,Iteration,metricValue,convergenceValue,ITERATION_TIME_INDEX,SINCE_LAST
 2DIAGNOSTIC,     1, -3.650359220004e-01, 1.797693134862e+308, 8.2722e+01, 8.9594e+00, 
  Elapsed time (stage 1): 8.5055e+01


Stage 2
  iterations = 100x100x70x50x0
  convergence threshold = 1.0000e-06
  convergence window size = 10
  number of levels = 5
  using the Mattes MI metric (number of bins = 32, weight = 1.0000e+00)
  preprocessing:  winsorizing the image intensities
  Shrink factors (level 1 out of 5): [10, 10, 4]
  Shrink factors (level 2 out of 5): [6, 6, 2]
  Shrink factors (level 3 out of 5): [4, 4, 2]
  Shrink factors (level 4 out of 5): [2, 2, 1]
  Shrink factors (level 5 out of 5): [1, 1, 1]
  smoothing sigmas per level: [5, 3, 2, 1, 0]
  Using default NONE metricSamplingStrategy 

*** Running SyN registration (varianceForUpdateField = 3.0000e+00, varianceForTotalField = 0.0000e+00) ***

XXDIAGNOSTIC,Iteration,metricValue,convergenceValue,ITERATION_TIME_INDEX,SINCE_LAST
 1DIAGNOSTIC,     1, -4.955226452528e-01, 1.797693134862e+308, 2.7189e+01, 2.7189e+01, 
 1DIAGNOSTIC,     2, -5.024664394231e-01, 1.797693134862e+308, 2.7471e+01, 2.8169e-01, 
 1DIAGNOSTIC,     3, -5.080024822437e-01, 1.797693134862e+308, 2.7752e+01, 2.8119e-01, 
 1DIAGNOSTIC,     4, -5.142450959750e-01, 1.797693134862e+308, 2.8028e+01, 2.7600e-01, 
 1DIAGNOSTIC,     5, -5.191386382012e-01, 1.797693134862e+308, 2.8298e+01, 2.7019e-01, 
 1DIAGNOSTIC,     6, -5.228891423687e-01, 1.797693134862e+308, 2.8568e+01, 2.7029e-01, 
 1DIAGNOSTIC,     7, -5.264373010658e-01, 1.797693134862e+308, 2.8842e+01, 2.7316e-01, 
 1DIAGNOSTIC,     8, -5.300129810343e-01, 1.797693134862e+308, 2.9112e+01, 2.7001e-01, 
 1DIAGNOSTIC,     9, -5.329509801438e-01, 1.797693134862e+308, 2.9383e+01, 2.7174e-01, 
 1DIAGNOSTIC,    10, -5.358483740314e-01, 4.864065260050e-03, 2.9654e+01, 2.7042e-01, 
 1DIAGNOSTIC,    11, -5.381741731871e-01, 3.915872090061e-03, 2.9925e+01, 2.7147e-01, 
 1DIAGNOSTIC,    12, -5.401522849066e-01, 3.181164843630e-03, 3.0198e+01, 2.7270e-01, 
 1DIAGNOSTIC,    13, -5.419474584447e-01, 2.577095793696e-03, 3.0470e+01, 2.7194e-01, 
 1DIAGNOSTIC,    14, -5.434720385173e-01, 2.124861616249e-03, 3.0746e+01, 2.7591e-01, 
 1DIAGNOSTIC,    15, -5.450215129224e-01, 1.770831914634e-03, 3.1022e+01, 2.7618e-01, 
 1DIAGNOSTIC,    16, -5.467589966679e-01, 1.482967957491e-03, 3.1302e+01, 2.7970e-01, 
 1DIAGNOSTIC,    17, -5.480239733403e-01, 1.243695003482e-03, 3.1579e+01, 2.7774e-01, 
 1DIAGNOSTIC,    18, -5.494530872070e-01, 1.065046517511e-03, 3.1857e+01, 2.7759e-01, 
 1DIAGNOSTIC,    19, -5.502056781424e-01, 9.097603115999e-04, 3.2139e+01, 2.8198e-01, 
 1DIAGNOSTIC,    20, -5.512112917481e-01, 7.895236744228e-04, 3.2422e+01, 2.8304e-01, 
 1DIAGNOSTIC,    21, -5.521946082451e-01, 6.906383588324e-04, 3.2701e+01, 2.7927e-01, 
 1DIAGNOSTIC,    22, -5.532352525895e-01, 6.087184103281e-04, 3.2979e+01, 2.7789e-01, 
 1DIAGNOSTIC,    23, -5.541817730384e-01, 5.400572313931e-04, 3.3257e+01, 2.7818e-01, 
 1DIAGNOSTIC,    24, -5.551757307888e-01, 4.820285078153e-04, 3.3534e+01, 2.7626e-01, 
 1DIAGNOSTIC,    25, -5.565360961145e-01, 4.446123173625e-04, 3.3819e+01, 2.8513e-01, 
 1DIAGNOSTIC,    26, -5.574245888191e-01, 4.210748274551e-04, 3.4098e+01, 2.7889e-01, 
 1DIAGNOSTIC,    27, -5.588441648863e-01, 4.116829502638e-04, 3.4376e+01, 2.7828e-01, 
 1DIAGNOSTIC,    28, -5.607992208778e-01, 4.275465025933e-04, 3.4662e+01, 2.8587e-01, 
 1DIAGNOSTIC,    29, -5.615037020940e-01, 4.275975242913e-04, 3.4942e+01, 2.8005e-01, 
 1DIAGNOSTIC,    30, -5.624195651749e-01, 4.209684676213e-04, 3.5222e+01, 2.8040e-01, 
 1DIAGNOSTIC,    31, -5.631626575943e-01, 4.040907381953e-04, 3.5502e+01, 2.7963e-01, 
 1DIAGNOSTIC,    32, -5.645308202856e-01, 3.891840688976e-04, 3.5782e+01, 2.8064e-01, 
 1DIAGNOSTIC,    33, -5.650625619854e-01, 3.610447785988e-04, 3.6062e+01, 2.7947e-01, 
 1DIAGNOSTIC,    34, -5.658066891699e-01, 3.269928532552e-04, 3.6343e+01, 2.8080e-01, 
 1DIAGNOSTIC,    35, -5.670901047035e-01, 3.036183359038e-04, 3.6622e+01, 2.7953e-01, 
 1DIAGNOSTIC,    36, -5.672341223803e-01, 2.671461296107e-04, 3.6903e+01, 2.8065e-01, 
 1DIAGNOSTIC,    37, -5.689955854580e-01, 2.516846525485e-04, 3.7182e+01, 2.7911e-01, 
 1DIAGNOSTIC,    38, -5.698746900687e-01, 2.514592894972e-04, 3.7462e+01, 2.7995e-01, 
 1DIAGNOSTIC,    39, -5.703551021530e-01, 2.429700703367e-04, 3.7741e+01, 2.7953e-01, 
 1DIAGNOSTIC,    40, -5.701674950688e-01, 2.213737844665e-04, 3.8022e+01, 2.8021e-01, 
 1DIAGNOSTIC,    41, -5.719736928144e-01, 2.119795540474e-04, 3.8298e+01, 2.7658e-01, 
 1DIAGNOSTIC,    42, -5.718940057197e-01, 1.980085946449e-04, 3.8580e+01, 2.8168e-01, 
 1DIAGNOSTIC,    43, -5.720007056807e-01, 1.735082218361e-04, 3.8860e+01, 2.8013e-01, 
 1DIAGNOSTIC,    44, -5.728328908151e-01, 1.522958054716e-04, 3.9140e+01, 2.8032e-01, 
 1DIAGNOSTIC,    45, -5.723030890864e-01, 1.262679982543e-04, 3.9420e+01, 2.7964e-01, 
 1DIAGNOSTIC,    46, -5.734180047605e-01, 1.031529255349e-04, 3.9697e+01, 2.7688e-01, 
 1DIAGNOSTIC,    47, -5.727799557516e-01, 8.301455829116e-05, 3.9980e+01, 2.8310e-01, 
 1DIAGNOSTIC,    48, -5.739851444624e-01, 7.859060238318e-05, 4.0262e+01, 2.8191e-01, 
 1DIAGNOSTIC,    49, -5.736773406922e-01, 6.860035487662e-05, 4.0545e+01, 2.8257e-01, 
 1DIAGNOSTIC,    50, -5.739083225811e-01, 5.258922638019e-05, 4.0827e+01, 2.8241e-01, 
 1DIAGNOSTIC,    51, -5.745099734464e-01, 5.665083237993e-05, 4.1109e+01, 2.8163e-01, 
 1DIAGNOSTIC,    52, -5.740707682573e-01, 4.986706484404e-05, 4.1392e+01, 2.8299e-01, 
 1DIAGNOSTIC,    53, -5.752636666688e-01, 5.116359349485e-05, 4.1673e+01, 2.8180e-01, 
 1DIAGNOSTIC,    54, -5.748323057156e-01, 5.126076366127e-05, 4.1955e+01, 2.8191e-01, 
 1DIAGNOSTIC,    55, -5.751453005284e-01, 4.442073765434e-05, 4.2237e+01, 2.8171e-01, 
 1DIAGNOSTIC,    56, -5.746460465705e-01, 3.947787764104e-05, 4.2518e+01, 2.8063e-01, 
 1DIAGNOSTIC,    57, -5.757871109046e-01, 3.529139776408e-05, 4.2804e+01, 2.8609e-01, 
 1DIAGNOSTIC,    58, -5.756674428618e-01, 3.724122564608e-05, 4.3089e+01, 2.8557e-01, 
 1DIAGNOSTIC,    59, -5.754478144643e-01, 3.106278623236e-05, 4.3371e+01, 2.8173e-01, 
 1DIAGNOSTIC,    60, -5.761937013451e-01, 3.064322270581e-05, 4.3652e+01, 2.8063e-01, 
 1DIAGNOSTIC,    61, -5.756220124568e-01, 2.757030417791e-05, 4.3934e+01, 2.8193e-01, 
 1DIAGNOSTIC,    62, -5.768774816610e-01, 2.847665018151e-05, 4.4217e+01, 2.8381e-01, 
 1DIAGNOSTIC,    63, -5.764068975075e-01, 3.231960034438e-05, 4.4500e+01, 2.8268e-01, 
 1DIAGNOSTIC,    64, -5.773207934125e-01, 3.701453987965e-05, 4.4781e+01, 2.8059e-01, 
 1DIAGNOSTIC,    65, -5.766158580421e-01, 3.501523050017e-05, 4.5065e+01, 2.8449e-01, 
 1DIAGNOSTIC,    66, -5.780214765578e-01, 3.665516566833e-05, 4.5346e+01, 2.8068e-01, 
 1DIAGNOSTIC,    67, -5.781927651659e-01, 4.444406731258e-05, 4.5630e+01, 2.8467e-01, 
 1DIAGNOSTIC,    68, -5.774372050327e-01, 4.126131999388e-05, 4.5925e+01, 2.9417e-01, 
 1DIAGNOSTIC,    69, -5.784324981510e-01, 4.016539473259e-05, 4.6208e+01, 2.8328e-01, 
 1DIAGNOSTIC,    70, -5.776258827646e-01, 3.478076552843e-05, 4.6503e+01, 2.9537e-01, 
 1DIAGNOSTIC,    71, -5.786328803049e-01, 2.917522808724e-05, 4.6785e+01, 2.8157e-01, 
 1DIAGNOSTIC,    72, -5.783910449047e-01, 2.800890787526e-05, 4.7079e+01, 2.9454e-01, 
 1DIAGNOSTIC,    73, -5.779287062702e-01, 1.774933155229e-05, 4.7362e+01, 2.8300e-01, 
 1DIAGNOSTIC,    74, -5.790892310597e-01, 2.071170768770e-05, 4.7656e+01, 2.9409e-01, 
 1DIAGNOSTIC,    75, -5.793262983514e-01, 1.788388671566e-05, 4.7939e+01, 2.8260e-01, 
 1DIAGNOSTIC,    76, -5.783255365454e-01, 1.607617390548e-05, 4.8234e+01, 2.9452e-01, 
 1DIAGNOSTIC,    77, -5.801243516784e-01, 2.624986223806e-05, 4.8517e+01, 2.8320e-01, 
 1DIAGNOSTIC,    78, -5.798649360368e-01, 2.657048223290e-05, 4.8809e+01, 2.9242e-01, 
 1DIAGNOSTIC,    79, -5.792889853560e-01, 2.720873907701e-05, 4.9096e+01, 2.8713e-01, 
 1DIAGNOSTIC,    80, -5.802329514446e-01, 2.610357915692e-05, 4.9387e+01, 2.9034e-01, 
 1DIAGNOSTIC,    81, -5.798489647349e-01, 2.638233766285e-05, 4.9671e+01, 2.8431e-01, 
 1DIAGNOSTIC,    82, -5.802712751594e-01, 2.537164477787e-05, 4.9954e+01, 2.8269e-01, 
 1DIAGNOSTIC,    83, -5.804296309400e-01, 1.982857900842e-05, 5.0238e+01, 2.8393e-01, 
 1DIAGNOSTIC,    84, -5.817970816965e-01, 2.781998037544e-05, 5.0519e+01, 2.8103e-01, 
 1DIAGNOSTIC,    85, -5.812551266805e-01, 3.117669993041e-05, 5.0818e+01, 2.9948e-01, 
 1DIAGNOSTIC,    86, -5.829428632465e-01, 3.534254177065e-05, 5.1123e+01, 3.0472e-01, 
 1DIAGNOSTIC,    87, -5.823689788216e-01, 4.300306219794e-05, 5.1447e+01, 3.2405e-01, 
 1DIAGNOSTIC,    88, -5.843301507860e-01, 5.634524194861e-05, 5.1750e+01, 3.0344e-01, 
 1DIAGNOSTIC,    89, -5.838444721231e-01, 5.748787849939e-05, 5.2040e+01, 2.8934e-01, 
 1DIAGNOSTIC,    90, -5.861085024621e-01, 7.129175088478e-05, 5.2328e+01, 2.8837e-01, 
 1DIAGNOSTIC,    91, -5.861238534148e-01, 7.560018520335e-05, 5.2616e+01, 2.8768e-01, 
 1DIAGNOSTIC,    92, -5.860576581924e-01, 7.458261332183e-05, 5.2904e+01, 2.8831e-01, 
 1DIAGNOSTIC,    93, -5.878327223715e-01, 7.682469567903e-05, 5.3190e+01, 2.8550e-01, 
 1DIAGNOSTIC,    94, -5.881795916054e-01, 8.062095554650e-05, 5.3476e+01, 2.8638e-01, 
 1DIAGNOSTIC,    95, -5.877267559658e-01, 7.104193417096e-05, 5.3765e+01, 2.8894e-01, 
 1DIAGNOSTIC,    96, -5.887806864915e-01, 6.954985238673e-05, 5.4051e+01, 2.8656e-01, 
 1DIAGNOSTIC,    97, -5.887481137261e-01, 5.793707913692e-05, 5.4338e+01, 2.8703e-01, 
 1DIAGNOSTIC,    98, -5.899692179725e-01, 5.739022537620e-05, 5.4623e+01, 2.8454e-01, 
 1DIAGNOSTIC,    99, -5.893680720794e-01, 4.534184357010e-05, 5.4919e+01, 2.9599e-01, 
 1DIAGNOSTIC,   100, -5.901209474351e-01, 4.463461928359e-05, 5.5206e+01, 2.8663e-01, 
XXDIAGNOSTIC,Iteration,metricValue,convergenceValue,ITERATION_TIME_INDEX,SINCE_LAST
 1DIAGNOSTIC,     1, -5.261468048548e-01, 1.797693134862e+308, 7.1267e+01, 1.6061e+01, 
 1DIAGNOSTIC,     2, -5.294097703868e-01, 1.797693134862e+308, 7.2606e+01, 1.3388e+00, 
 1DIAGNOSTIC,     3, -5.322474477858e-01, 1.797693134862e+308, 7.3928e+01, 1.3221e+00, 
 1DIAGNOSTIC,     4, -5.352101304679e-01, 1.797693134862e+308, 7.5220e+01, 1.2917e+00, 
 1DIAGNOSTIC,     5, -5.379414045583e-01, 1.797693134862e+308, 7.6511e+01, 1.2913e+00, 
 1DIAGNOSTIC,     6, -5.402032761983e-01, 1.797693134862e+308, 7.7767e+01, 1.2560e+00, 
 1DIAGNOSTIC,     7, -5.420316922681e-01, 1.797693134862e+308, 7.9039e+01, 1.2724e+00, 
 1DIAGNOSTIC,     8, -5.437336903935e-01, 1.797693134862e+308, 8.0357e+01, 1.3173e+00, 
 1DIAGNOSTIC,     9, -5.450483190968e-01, 1.797693134862e+308, 8.1626e+01, 1.2689e+00, 
 1DIAGNOSTIC,    10, -5.462252847420e-01, 2.400406263675e-03, 8.2897e+01, 1.2710e+00, 
 1DIAGNOSTIC,    11, -5.475893846965e-01, 1.935963806825e-03, 8.4207e+01, 1.3106e+00, 
 1DIAGNOSTIC,    12, -5.486165674396e-01, 1.562910936445e-03, 8.5468e+01, 1.2608e+00, 
 1DIAGNOSTIC,    13, -5.493936421547e-01, 1.251592558821e-03, 8.6742e+01, 1.2742e+00, 
 1DIAGNOSTIC,    14, -5.503569466130e-01, 1.017759269805e-03, 8.8034e+01, 1.2919e+00, 
 1DIAGNOSTIC,    15, -5.510949301835e-01, 8.426664040050e-04, 8.9315e+01, 1.2812e+00, 
 1DIAGNOSTIC,    16, -5.517194985060e-01, 7.060578416946e-04, 9.0586e+01, 1.2711e+00, 
 1DIAGNOSTIC,    17, -5.523421773042e-01, 5.954800045880e-04, 9.1893e+01, 1.3065e+00, 
 1DIAGNOSTIC,    18, -5.528838052327e-01, 5.071840696444e-04, 9.3169e+01, 1.2761e+00, 
 1DIAGNOSTIC,    19, -5.535158930021e-01, 4.344930045488e-04, 9.4477e+01, 1.3082e+00, 
 1DIAGNOSTIC,    20, -5.541656363049e-01, 3.757799905192e-04, 9.5734e+01, 1.2566e+00, 
 1DIAGNOSTIC,    21, -5.545989163809e-01, 3.320005156272e-04, 9.7034e+01, 1.2997e+00, 
 1DIAGNOSTIC,    22, -5.550252134085e-01, 2.956697572196e-04, 9.8324e+01, 1.2904e+00, 
 1DIAGNOSTIC,    23, -5.553724516145e-01, 2.600658866724e-04, 9.9642e+01, 1.3177e+00, 
 1DIAGNOSTIC,    24, -5.556662878168e-01, 2.301423267174e-04, 1.0093e+02, 1.2867e+00, 
 1DIAGNOSTIC,    25, -5.561495835717e-01, 2.062859896191e-04, 1.0223e+02, 1.3047e+00, 
 1DIAGNOSTIC,    26, -5.563510099841e-01, 1.811912256814e-04, 1.0353e+02, 1.3011e+00, 
 1DIAGNOSTIC,    27, -5.567093081739e-01, 1.598571135475e-04, 1.0484e+02, 1.3101e+00, 
 1DIAGNOSTIC,    28, -5.567305348893e-01, 1.353288187034e-04, 1.0616e+02, 1.3157e+00, 
 1DIAGNOSTIC,    29, -5.570542529500e-01, 1.168089815562e-04, 1.0749e+02, 1.3262e+00, 
 1DIAGNOSTIC,    30, -5.572293803929e-01, 1.026039948008e-04, 1.0878e+02, 1.2959e+00, 
 1DIAGNOSTIC,    31, -5.575317739766e-01, 9.183913333734e-05, 1.1008e+02, 1.2976e+00, 
 1DIAGNOSTIC,    32, -5.576185156898e-01, 8.135056169652e-05, 1.1137e+02, 1.2895e+00, 
 1DIAGNOSTIC,    33, -5.577803334258e-01, 7.190065492116e-05, 1.1266e+02, 1.2922e+00, 
 1DIAGNOSTIC,    34, -5.579369871009e-01, 6.297897645546e-05, 1.1395e+02, 1.2919e+00, 
 1DIAGNOSTIC,    35, -5.579285979024e-01, 5.558738325308e-05, 1.1524e+02, 1.2898e+00, 
 1DIAGNOSTIC,    36, -5.579717199581e-01, 4.683959238250e-05, 1.1653e+02, 1.2899e+00, 
 1DIAGNOSTIC,    37, -5.583190881242e-01, 4.411050837438e-05, 1.1783e+02, 1.2979e+00, 
 1DIAGNOSTIC,    38, -5.580927075057e-01, 3.441348652939e-05, 1.1912e+02, 1.2892e+00, 
 1DIAGNOSTIC,    39, -5.584498161933e-01, 3.114193249624e-05, 1.2044e+02, 1.3219e+00, 
 1DIAGNOSTIC,    40, -5.580962239487e-01, 2.267831793967e-05, 1.2177e+02, 1.3263e+00, 
 1DIAGNOSTIC,    41, -5.583943462328e-01, 2.023671179104e-05, 1.2305e+02, 1.2846e+00, 
 1DIAGNOSTIC,    42, -5.582077462189e-01, 1.464595608159e-05, 1.2435e+02, 1.3009e+00, 
 1DIAGNOSTIC,    43, -5.586161655878e-01, 1.483445753163e-05, 1.2566e+02, 1.3069e+00, 
 1DIAGNOSTIC,    44, -5.582461850880e-01, 1.109399887534e-05, 1.2696e+02, 1.3031e+00, 
 1DIAGNOSTIC,    45, -5.587023004847e-01, 1.183116400728e-05, 1.2826e+02, 1.2989e+00, 
 1DIAGNOSTIC,    46, -5.583714581680e-01, 8.019192686604e-06, 1.2956e+02, 1.3017e+00, 
 1DIAGNOSTIC,    47, -5.587358959166e-01, 1.162775997553e-05, 1.3086e+02, 1.2952e+00, 
 1DIAGNOSTIC,    48, -5.585393400231e-01, 9.270692289107e-06, 1.3215e+02, 1.2921e+00, 
 1DIAGNOSTIC,    49, -5.586391364215e-01, 1.117858386617e-05, 1.3352e+02, 1.3677e+00, 
 1DIAGNOSTIC,    50, -5.586292464488e-01, 8.172868776322e-06, 1.3490e+02, 1.3840e+00, 
 1DIAGNOSTIC,    51, -5.585195011279e-01, 6.515381047678e-06, 1.3621e+02, 1.3084e+00, 
 1DIAGNOSTIC,    52, -5.587657620705e-01, 4.866289099657e-06, 1.3752e+02, 1.3081e+00, 
 1DIAGNOSTIC,    53, -5.589233080060e-01, 8.400333168193e-06, 1.3888e+02, 1.3590e+00, 
 1DIAGNOSTIC,    54, -5.586953405345e-01, 5.214757669951e-06, 1.4020e+02, 1.3206e+00, 
 1DIAGNOSTIC,    55, -5.591088410468e-01, 1.004789068274e-05, 1.4151e+02, 1.3072e+00, 
 1DIAGNOSTIC,    56, -5.585909048051e-01, 5.804258189902e-06, 1.4281e+02, 1.3009e+00, 
 1DIAGNOSTIC,    57, -5.588977613324e-01, 7.425986820696e-06, 1.4411e+02, 1.3069e+00, 
 1DIAGNOSTIC,    58, -5.587265273763e-01, 4.934303418878e-06, 1.4542e+02, 1.3066e+00, 
 1DIAGNOSTIC,    59, -5.588340955096e-01, 3.954067541442e-06, 1.4672e+02, 1.2969e+00, 
 1DIAGNOSTIC,    60, -5.585989671921e-01, 6.192923043893e-07, 1.4801e+02, 1.2947e+00, 
XXDIAGNOSTIC,Iteration,metricValue,convergenceValue,ITERATION_TIME_INDEX,SINCE_LAST
 1DIAGNOSTIC,     1, -5.011178836055e-01, 1.797693134862e+308, 1.5901e+02, 1.1001e+01, 
 1DIAGNOSTIC,     2, -5.024686933398e-01, 1.797693134862e+308, 1.6186e+02, 2.8510e+00, 
 1DIAGNOSTIC,     3, -5.035940488007e-01, 1.797693134862e+308, 1.6473e+02, 2.8622e+00, 
 1DIAGNOSTIC,     4, -5.045324310595e-01, 1.797693134862e+308, 1.6758e+02, 2.8526e+00, 
 1DIAGNOSTIC,     5, -5.052800682528e-01, 1.797693134862e+308, 1.7046e+02, 2.8764e+00, 
 1DIAGNOSTIC,     6, -5.060122765935e-01, 1.797693134862e+308, 1.7337e+02, 2.9109e+00, 
 1DIAGNOSTIC,     7, -5.066376182352e-01, 1.797693134862e+308, 1.7626e+02, 2.8927e+00, 
 1DIAGNOSTIC,     8, -5.071256647489e-01, 1.797693134862e+308, 1.7914e+02, 2.8848e+00, 
 1DIAGNOSTIC,     9, -5.075385584815e-01, 1.797693134862e+308, 1.8201e+02, 2.8680e+00, 
 1DIAGNOSTIC,    10, -5.079455792899e-01, 8.379999432817e-04, 1.8488e+02, 2.8705e+00, 
 1DIAGNOSTIC,    11, -5.081922710894e-01, 6.469501839267e-04, 1.8774e+02, 2.8617e+00, 
 1DIAGNOSTIC,    12, -5.084697650480e-01, 5.055047712371e-04, 1.9064e+02, 2.8999e+00, 
 1DIAGNOSTIC,    13, -5.086400106166e-01, 3.958082773837e-04, 1.9361e+02, 2.9607e+00, 
 1DIAGNOSTIC,    14, -5.088536613605e-01, 3.119301398090e-04, 1.9647e+02, 2.8692e+00, 
 1DIAGNOSTIC,    15, -5.090329766075e-01, 2.451738452258e-04, 1.9937e+02, 2.8923e+00, 
 1DIAGNOSTIC,    16, -5.092556888340e-01, 1.975900008081e-04, 2.0226e+02, 2.8897e+00, 
 1DIAGNOSTIC,    17, -5.093533390873e-01, 1.611755397976e-04, 2.0514e+02, 2.8820e+00, 
 1DIAGNOSTIC,    18, -5.094996074252e-01, 1.337231128881e-04, 2.0826e+02, 3.1175e+00, 
 1DIAGNOSTIC,    19, -5.096405908534e-01, 1.130405666214e-04, 2.1123e+02, 2.9737e+00, 
 1DIAGNOSTIC,    20, -5.097074684027e-01, 9.719309451191e-05, 2.1412e+02, 2.8928e+00, 
 1DIAGNOSTIC,    21, -5.097661391994e-01, 8.197074364275e-05, 2.1707e+02, 2.9435e+00, 
 1DIAGNOSTIC,    22, -5.098004193119e-01, 6.854168446208e-05, 2.1999e+02, 2.9232e+00, 
 1DIAGNOSTIC,    23, -5.098307110282e-01, 5.482256171177e-05, 2.2310e+02, 3.1152e+00, 
 1DIAGNOSTIC,    24, -5.098575515520e-01, 4.277185077085e-05, 2.2609e+02, 2.9856e+00, 
 1DIAGNOSTIC,    25, -5.098508945628e-01, 3.156315371929e-05, 2.2898e+02, 2.8949e+00, 
 1DIAGNOSTIC,    26, -5.099349040772e-01, 2.499451082414e-05, 2.3184e+02, 2.8509e+00, 
 1DIAGNOSTIC,    27, -5.099606930072e-01, 1.914430451645e-05, 2.3480e+02, 2.9634e+00, 
 1DIAGNOSTIC,    28, -5.099177526585e-01, 1.402768388999e-05, 2.3769e+02, 2.8912e+00, 
 1DIAGNOSTIC,    29, -5.099085732249e-01, 1.062425890778e-05, 2.4059e+02, 2.8954e+00, 
 1DIAGNOSTIC,    30, -5.099696850074e-01, 8.917678026160e-06, 2.4350e+02, 2.9165e+00, 
 1DIAGNOSTIC,    31, -5.099166097264e-01, 6.603043947687e-06, 2.4659e+02, 3.0919e+00, 
 1DIAGNOSTIC,    32, -5.099078731493e-01, 4.367016974184e-06, 2.4972e+02, 3.1223e+00, 
 1DIAGNOSTIC,    33, -5.098939847437e-01, 2.255678672874e-06, 2.5270e+02, 2.9864e+00, 
 1DIAGNOSTIC,    34, -5.098798890486e-01, 3.749322180918e-07, 2.5570e+02, 2.9931e+00, 
XXDIAGNOSTIC,Iteration,metricValue,convergenceValue,ITERATION_TIME_INDEX,SINCE_LAST
 1DIAGNOSTIC,     1, -3.700874501067e-01, 1.797693134862e+308, 2.8755e+02, 3.1853e+01, 
 1DIAGNOSTIC,     2, -3.710139860429e-01, 1.797693134862e+308, 3.0935e+02, 2.1803e+01, 
 1DIAGNOSTIC,     3, -3.720127129490e-01, 1.797693134862e+308, 3.3181e+02, 2.2454e+01, 
 1DIAGNOSTIC,     4, -3.730804345942e-01, 1.797693134862e+308, 3.5468e+02, 2.2878e+01, 
 1DIAGNOSTIC,     5, -3.740338533106e-01, 1.797693134862e+308, 3.7772e+02, 2.3032e+01, 
 1DIAGNOSTIC,     6, -3.748979726623e-01, 1.797693134862e+308, 4.0025e+02, 2.2539e+01, 
 1DIAGNOSTIC,     7, -3.757064165585e-01, 1.797693134862e+308, 4.2199e+02, 2.1734e+01, 
 1DIAGNOSTIC,     8, -3.764222895602e-01, 1.797693134862e+308, 4.4449e+02, 2.2506e+01, 
 1DIAGNOSTIC,     9, -3.770916335270e-01, 1.797693134862e+308, 4.6652e+02, 2.2026e+01, 
 1DIAGNOSTIC,    10, -3.776722869429e-01, 1.321616726619e-03, 4.8873e+02, 2.2210e+01, 
 1DIAGNOSTIC,    11, -3.782284302159e-01, 1.121980977706e-03, 5.1033e+02, 2.1595e+01, 
 1DIAGNOSTIC,    12, -3.787707369759e-01, 9.472176353884e-04, 5.3184e+02, 2.1517e+01, 
 1DIAGNOSTIC,    13, -3.792756978281e-01, 8.006268612802e-04, 5.5308e+02, 2.1241e+01, 
 1DIAGNOSTIC,    14, -3.797446305014e-01, 6.847377369121e-04, 5.7423e+02, 2.1148e+01, 
 1DIAGNOSTIC,    15, -3.802100840459e-01, 5.928620010988e-04, 5.9574e+02, 2.1507e+01, 
 1DIAGNOSTIC,    16, -3.806582758303e-01, 5.196078545857e-04, 6.1690e+02, 2.1166e+01, 
 1DIAGNOSTIC,    17, -3.810749083086e-01, 4.611295879845e-04, 6.3792e+02, 2.1011e+01, 
 1DIAGNOSTIC,    18, -3.814822298240e-01, 4.132755535239e-04, 6.5901e+02, 2.1099e+01, 
 1DIAGNOSTIC,    19, -3.818791310731e-01, 3.742217837597e-04, 6.8018e+02, 2.1161e+01, 
 1DIAGNOSTIC,    20, -3.822532214245e-01, 3.400150695089e-04, 7.0166e+02, 2.1486e+01, 
 1DIAGNOSTIC,    21, -3.826177528330e-01, 3.101636226979e-04, 7.2381e+02, 2.2153e+01, 
 1DIAGNOSTIC,    22, -3.829701990073e-01, 2.844738802830e-04, 7.4581e+02, 2.1992e+01, 
 1DIAGNOSTIC,    23, -3.832921405702e-01, 2.612767874208e-04, 7.6800e+02, 2.2198e+01, 
 1DIAGNOSTIC,    24, -3.836179376834e-01, 2.402578010960e-04, 7.9031e+02, 2.2309e+01, 
 1DIAGNOSTIC,    25, -3.839184985084e-01, 2.212212151492e-04, 8.1265e+02, 2.2333e+01, 
 1DIAGNOSTIC,    26, -3.841911088357e-01, 2.035398669920e-04, 8.3456e+02, 2.1918e+01, 
 1DIAGNOSTIC,    27, -3.844560885628e-01, 1.868448881489e-04, 8.5688e+02, 2.2317e+01, 
 1DIAGNOSTIC,    28, -3.847054086322e-01, 1.712118296153e-04, 8.7892e+02, 2.2043e+01, 
 1DIAGNOSTIC,    29, -3.849752718201e-01, 1.576381148447e-04, 9.0133e+02, 2.2410e+01, 
 1DIAGNOSTIC,    30, -3.852022411561e-01, 1.449740651707e-04, 9.2348e+02, 2.2150e+01, 
 1DIAGNOSTIC,    31, -3.854169452134e-01, 1.333427575842e-04, 9.4607e+02, 2.2586e+01, 
 1DIAGNOSTIC,    32, -3.856364595556e-01, 1.231512581595e-04, 9.6870e+02, 2.2627e+01, 
 1DIAGNOSTIC,    33, -3.858478570934e-01, 1.139203084389e-04, 9.9106e+02, 2.2368e+01, 
 1DIAGNOSTIC,    34, -3.860418619154e-01, 1.057884126457e-04, 1.0135e+03, 2.2408e+01, 
 1DIAGNOSTIC,    35, -3.862335049279e-01, 9.855524605893e-05, 1.0362e+03, 2.2767e+01, 
 1DIAGNOSTIC,    36, -3.864278302794e-01, 9.202598460341e-05, 1.0594e+03, 2.3177e+01, 
 1DIAGNOSTIC,    37, -3.865900821012e-01, 8.569095575084e-05, 1.0817e+03, 2.2303e+01, 
 1DIAGNOSTIC,    38, -3.867522075611e-01, 7.958342930503e-05, 1.1040e+03, 2.2266e+01, 
 1DIAGNOSTIC,    39, -3.869658017198e-01, 7.544854114506e-05, 1.1262e+03, 2.2194e+01, 
 1DIAGNOSTIC,    40, -3.871469096962e-01, 7.189791563624e-05, 1.1476e+03, 2.1457e+01, 
 1DIAGNOSTIC,    41, -3.873087984858e-01, 6.849230804834e-05, 1.1696e+03, 2.1938e+01, 
 1DIAGNOSTIC,    42, -3.874319338484e-01, 6.480137979122e-05, 1.1915e+03, 2.1945e+01, 
 1DIAGNOSTIC,    43, -3.875749258427e-01, 6.125669909992e-05, 1.2136e+03, 2.2077e+01, 
 1DIAGNOSTIC,    44, -3.876930811621e-01, 5.728381218260e-05, 1.2357e+03, 2.2101e+01, 
 1DIAGNOSTIC,    45, -3.878314519186e-01, 5.345625459408e-05, 1.2579e+03, 2.2175e+01, 
 1DIAGNOSTIC,    46, -3.879302529916e-01, 4.943965287681e-05, 1.2796e+03, 2.1731e+01, 
 1DIAGNOSTIC,    47, -3.880708059525e-01, 4.569795921132e-05, 1.3016e+03, 2.2037e+01, 
 1DIAGNOSTIC,    48, -3.881846204057e-01, 4.199779303805e-05, 1.3233e+03, 2.1643e+01, 
 1DIAGNOSTIC,    49, -3.883095064278e-01, 3.956154080600e-05, 1.3450e+03, 2.1679e+01, 
 1DIAGNOSTIC,    50, -3.883941289908e-01, 3.738670727734e-05, 1.3683e+03, 2.3377e+01, 
slurmstepd: error: Job 4099958 exceeded memory limit (5142328 > 5120000), being killed
slurmstepd: error: Exceeded job memory limit
slurmstepd: error: *** JOB 4099958 ON wbic-csm-6 CANCELLED AT 2019-10-23T10:02:42 ***
