Changed directory to /lustre/scratch/wbic-beta/ccn30/ENCRYPT/gridcellpilot/scripts/coregistration/slurmoutputs.

JobID: 4102734
======
Time: Thu Oct 24 15:10:44 BST 2019
Running on master node: wbic-cs-2
Current directory: /lustre/scratch/wbic-beta/ccn30/ENCRYPT/gridcellpilot/scripts/coregistration/slurmoutputs

Nodes allocated:
================
wbic-cs-2

numtasks=1, numnodes=1, mpi_tasks_per_node=1 (OMP_NUM_THREADS=1)

Executing command:
==================
/lustre/scratch/wbic-beta/ccn30/ENCRYPT/gridcellpilot/scripts/coregistration/coreg_all_affine.sh /lustre/scratch/wbic-beta/ccn30/ENCRYPT/gridcellpilot 29336/20190903_U-ID46066

29336
/lustre/scratch/wbic-beta/ccn30/ENCRYPT/gridcellpilot/preprocessed_data/segmentation/29336/coregistration
Using double precision for computations.
Input scalar image: /lustre/scratch/wbic-beta/ccn30/ENCRYPT/gridcellpilot/raw_data/images/29336/20190903_U-ID46066/Series_033_Highresolution_TSE_PAT2_100/N4Series_033_Highresolution_TSE_PAT2_100_c32.nii
Reference image: /lustre/scratch/wbic-beta/ccn30/ENCRYPT/gridcellpilot/raw_data/images/29336/20190903_U-ID46066/mp2rage/denoiseRn4mag0000_PSIR_skulled_std.nii
Transform file does not exist: T1toT2_ANTS_0GenericAffine.mat
Can't read initial transform T1toT2_ANTS_0GenericAffine.mat
