Changed directory to /lustre/scratch/wbic-beta/ccn30/ENCRYPT/gridcellpilot/scripts/coregistration/slurmoutputs.

JobID: 4089904
======
Time: Sun Oct 20 16:29:14 BST 2019
Running on master node: wbic-csm-2
Current directory: /lustre/scratch/wbic-beta/ccn30/ENCRYPT/gridcellpilot/scripts/coregistration/slurmoutputs

Nodes allocated:
================
wbic-csm-2

numtasks=, numnodes=1, mpi_tasks_per_node=2 (OMP_NUM_THREADS=1)

Executing command:
==================
/lustre/scratch/wbic-beta/ccn30/ENCRYPT/gridcellpilot/scripts/coregistration/coreg_all.sh /lustre/scratch/wbic-beta/ccn30/ENCRYPT/gridcellpilot 29382/20190911_U-ID46164

29382
/lustre/scratch/wbic-beta/ccn30/ENCRYPT/gridcellpilot/preprocessed_data/segmentation/29382
mkdir: cannot create directory ‘/lustre/scratch/wbic-beta/ccn30/ENCRYPT/gridcellpilot/preprocessed_data/segmentation/29382/coregistration’: File exists
Making coregistration directory...
/lustre/scratch/wbic-beta/ccn30/ENCRYPT/gridcellpilot/preprocessed_data/segmentation/29382/coregistration
EXECUTING t2 to t1 coreg:  29382

--------------------------------------------------------------------------------------
 Mapping parameters
--------------------------------------------------------------------------------------
 ANTSPATH is /applications/ANTS/2.2.0/bin/

 Dimensionality:           3
 Output name prefix:       /lustre/scratch/wbic-beta/ccn30/ENCRYPT/gridcellpilot/preprocessed_data/segmentation/29382/coregistration/T1toT2_ANTS_
 Fixed images:             /lustre/scratch/wbic-beta/ccn30/ENCRYPT/gridcellpilot/raw_data/images/29382/20190911_U-ID46164/Series_033_Highresolution_TSE_PAT2_100/N4Series_033_Highresolution_TSE_PAT2_100_c32.nii
 Moving images:            /lustre/scratch/wbic-beta/ccn30/ENCRYPT/gridcellpilot/raw_data/images/29382/20190911_U-ID46164/mp2rage/reorientn4mag0000_PSIR_skulled_std.nii
 Number of threads:        1
 Spline distance:          26
 Transform type:           s
 MI histogram bins:        32
 Precision:                d
 Use histogram matching    0
======================================================================================
 antsRegistration call:
--------------------------------------------------------------------------------------
/applications/ANTS/2.2.0/bin//antsRegistration --verbose 1 --dimensionality 3 --float 0 --output [/lustre/scratch/wbic-beta/ccn30/ENCRYPT/gridcellpilot/preprocessed_data/segmentation/29382/coregistration/T1toT2_ANTS_,/lustre/scratch/wbic-beta/ccn30/ENCRYPT/gridcellpilot/preprocessed_data/segmentation/29382/coregistration/T1toT2_ANTS_Warped.nii.gz,/lustre/scratch/wbic-beta/ccn30/ENCRYPT/gridcellpilot/preprocessed_data/segmentation/29382/coregistration/T1toT2_ANTS_InverseWarped.nii.gz] --interpolation Linear --use-histogram-matching 0 --winsorize-image-intensities [0.005,0.995] --initial-moving-transform [/lustre/scratch/wbic-beta/ccn30/ENCRYPT/gridcellpilot/raw_data/images/29382/20190911_U-ID46164/Series_033_Highresolution_TSE_PAT2_100/N4Series_033_Highresolution_TSE_PAT2_100_c32.nii,/lustre/scratch/wbic-beta/ccn30/ENCRYPT/gridcellpilot/raw_data/images/29382/20190911_U-ID46164/mp2rage/reorientn4mag0000_PSIR_skulled_std.nii,1] --transform Rigid[0.1] --metric MI[/lustre/scratch/wbic-beta/ccn30/ENCRYPT/gridcellpilot/raw_data/images/29382/20190911_U-ID46164/Series_033_Highresolution_TSE_PAT2_100/N4Series_033_Highresolution_TSE_PAT2_100_c32.nii,/lustre/scratch/wbic-beta/ccn30/ENCRYPT/gridcellpilot/raw_data/images/29382/20190911_U-ID46164/mp2rage/reorientn4mag0000_PSIR_skulled_std.nii,1,32,Regular,0.25] --convergence [1000x500x250x0,1e-6,10] --shrink-factors 12x8x4x2 --smoothing-sigmas 4x3x2x1vox --transform Affine[0.1] --metric MI[/lustre/scratch/wbic-beta/ccn30/ENCRYPT/gridcellpilot/raw_data/images/29382/20190911_U-ID46164/Series_033_Highresolution_TSE_PAT2_100/N4Series_033_Highresolution_TSE_PAT2_100_c32.nii,/lustre/scratch/wbic-beta/ccn30/ENCRYPT/gridcellpilot/raw_data/images/29382/20190911_U-ID46164/mp2rage/reorientn4mag0000_PSIR_skulled_std.nii,1,32,Regular,0.25] --convergence [1000x500x250x0,1e-6,10] --shrink-factors 12x8x4x2 --smoothing-sigmas 4x3x2x1vox --transform SyN[0.1,3,0] --metric MI[/lustre/scratch/wbic-beta/ccn30/ENCRYPT/gridcellpilot/raw_data/images/29382/20190911_U-ID46164/Series_033_Highresolution_TSE_PAT2_100/N4Series_033_Highresolution_TSE_PAT2_100_c32.nii,/lustre/scratch/wbic-beta/ccn30/ENCRYPT/gridcellpilot/raw_data/images/29382/20190911_U-ID46164/mp2rage/reorientn4mag0000_PSIR_skulled_std.nii,1,32] --convergence [100x100x70x50x0,1e-6,10] --shrink-factors 10x6x4x2x1 --smoothing-sigmas 5x3x2x1x0vox
--------------------------------------------------------------------------------------
All_Command_lines_OK
Using double precision for computations.
=============================================================================
The composite transform comprises the following transforms (in order): 
  1. Center of mass alignment using fixed image: /lustre/scratch/wbic-beta/ccn30/ENCRYPT/gridcellpilot/raw_data/images/29382/20190911_U-ID46164/Series_033_Highresolution_TSE_PAT2_100/N4Series_033_Highresolution_TSE_PAT2_100_c32.nii and moving image: /lustre/scratch/wbic-beta/ccn30/ENCRYPT/gridcellpilot/raw_data/images/29382/20190911_U-ID46164/mp2rage/reorientn4mag0000_PSIR_skulled_std.nii (type = Euler3DTransform)
=============================================================================
  number of levels = 4
  number of levels = 4
  number of levels = 5
  fixed image: /lustre/scratch/wbic-beta/ccn30/ENCRYPT/gridcellpilot/raw_data/images/29382/20190911_U-ID46164/Series_033_Highresolution_TSE_PAT2_100/N4Series_033_Highresolution_TSE_PAT2_100_c32.nii
  moving image: /lustre/scratch/wbic-beta/ccn30/ENCRYPT/gridcellpilot/raw_data/images/29382/20190911_U-ID46164/mp2rage/reorientn4mag0000_PSIR_skulled_std.nii
  fixed image: /lustre/scratch/wbic-beta/ccn30/ENCRYPT/gridcellpilot/raw_data/images/29382/20190911_U-ID46164/Series_033_Highresolution_TSE_PAT2_100/N4Series_033_Highresolution_TSE_PAT2_100_c32.nii
  moving image: /lustre/scratch/wbic-beta/ccn30/ENCRYPT/gridcellpilot/raw_data/images/29382/20190911_U-ID46164/mp2rage/reorientn4mag0000_PSIR_skulled_std.nii
  fixed image: /lustre/scratch/wbic-beta/ccn30/ENCRYPT/gridcellpilot/raw_data/images/29382/20190911_U-ID46164/Series_033_Highresolution_TSE_PAT2_100/N4Series_033_Highresolution_TSE_PAT2_100_c32.nii
  moving image: /lustre/scratch/wbic-beta/ccn30/ENCRYPT/gridcellpilot/raw_data/images/29382/20190911_U-ID46164/mp2rage/reorientn4mag0000_PSIR_skulled_std.nii
Dimension = 3
Number of stages = 3
Use Histogram Matching false
Winsorize image intensities true
Lower quantile = 0.005
Upper quantile = 0.995
Stage 1 State
   Image metric = Mattes
     Fixed image = Image (0x56f9610)
  RTTI typeinfo:   itk::Image<double, 3u>
  Reference Count: 2
  Modified Time: 1713
  Debug: Off
  Object Name: 
  Observers: 
    none
  Source: (none)
  Source output name: (none)
  Release Data: Off
  Data Released: False
  Global Release Data: Off
  PipelineMTime: 0
  UpdateMTime: 1535
  RealTimeStamp: 0 seconds 
  LargestPossibleRegion: 
    Dimension: 3
    Index: [0, 0, 0]
    Size: [512, 512, 54]
  BufferedRegion: 
    Dimension: 3
    Index: [0, 0, 0]
    Size: [512, 512, 54]
  RequestedRegion: 
    Dimension: 3
    Index: [0, 0, 0]
    Size: [512, 512, 54]
  Spacing: [0.4375, 0.4375, 1.1]
  Origin: [-112, -5.57879, -113.553]
  Direction: 
1 1.20559e-11 -7.38789e-12
1.20559e-11 -0.453991 0.891007
-7.38789e-12 0.891007 0.453991

  IndexToPointMatrix: 
0.4375 5.27447e-12 -8.12665e-12
5.27447e-12 -0.198621 0.980103
-3.2322e-12 0.389815 0.499388

  PointToIndexMatrix: 
2.28571 2.75564e-11 -1.68866e-11
2.75564e-11 -1.03769 2.03659
-6.71629e-12 0.810009 0.41272

  Inverse Direction: 
1 1.20559e-11 -7.38789e-12
1.20559e-11 -0.453991 0.891007
-7.38789e-12 0.891007 0.453991

  PixelContainer: 
    ImportImageContainer (0x56f35e0)
      RTTI typeinfo:   itk::ImportImageContainer<unsigned long, double>
      Reference Count: 1
      Modified Time: 1532
      Debug: Off
      Object Name: 
      Observers: 
        none
      Pointer: 0x2b0aa1501010
      Container manages memory: true
      Size: 14155776
      Capacity: 14155776

     Moving image = Image (0x56fa2f0)
  RTTI typeinfo:   itk::Image<double, 3u>
  Reference Count: 2
  Modified Time: 1714
  Debug: Off
  Object Name: 
  Observers: 
    none
  Source: (none)
  Source output name: (none)
  Release Data: Off
  Data Released: False
  Global Release Data: Off
  PipelineMTime: 0
  UpdateMTime: 1711
  RealTimeStamp: 0 seconds 
  LargestPossibleRegion: 
    Dimension: 3
    Index: [0, 0, 0]
    Size: [224, 320, 320]
  BufferedRegion: 
    Dimension: 3
    Index: [0, 0, 0]
    Size: [224, 320, 320]
  RequestedRegion: 
    Dimension: 3
    Index: [0, 0, 0]
    Size: [224, 320, 320]
  Spacing: [0.699997, 0.7, 0.7]
  Origin: [-78.6699, 73.4889, -122.457]
  Direction: 
1 0 0
0 -1 0
0 0 1

  IndexToPointMatrix: 
0.699997 0 0
0 -0.7 0
0 0 0.7

  PointToIndexMatrix: 
1.42858 0 0
0 -1.42857 0
0 0 1.42857

  Inverse Direction: 
1 0 0
0 -1 0
0 0 1

  PixelContainer: 
    ImportImageContainer (0x56f7c90)
      RTTI typeinfo:   itk::ImportImageContainer<unsigned long, double>
      Reference Count: 1
      Modified Time: 1708
      Debug: Off
      Object Name: 
      Observers: 
        none
      Pointer: 0x2b0aa8102010
      Container manages memory: true
      Size: 22937600
      Capacity: 22937600

     Weighting = 1
     Sampling strategy = regular
     Number of bins = 32
     Radius = 4
     Sampling percentage  = 0.25
   Transform = Rigid
     Gradient step = 0.1
     Update field sigma (voxel space) = 0
     Total field sigma (voxel space) = 0
     Update field time sigma = 0
     Total field time sigma  = 0
     Number of time indices = 0
     Number of time point samples = 0
Stage 2 State
   Image metric = Mattes
     Fixed image = Image (0x56fb010)
  RTTI typeinfo:   itk::Image<double, 3u>
  Reference Count: 2
  Modified Time: 2067
  Debug: Off
  Object Name: 
  Observers: 
    none
  Source: (none)
  Source output name: (none)
  Release Data: Off
  Data Released: False
  Global Release Data: Off
  PipelineMTime: 0
  UpdateMTime: 1889
  RealTimeStamp: 0 seconds 
  LargestPossibleRegion: 
    Dimension: 3
    Index: [0, 0, 0]
    Size: [512, 512, 54]
  BufferedRegion: 
    Dimension: 3
    Index: [0, 0, 0]
    Size: [512, 512, 54]
  RequestedRegion: 
    Dimension: 3
    Index: [0, 0, 0]
    Size: [512, 512, 54]
  Spacing: [0.4375, 0.4375, 1.1]
  Origin: [-112, -5.57879, -113.553]
  Direction: 
1 1.20559e-11 -7.38789e-12
1.20559e-11 -0.453991 0.891007
-7.38789e-12 0.891007 0.453991

  IndexToPointMatrix: 
0.4375 5.27447e-12 -8.12665e-12
5.27447e-12 -0.198621 0.980103
-3.2322e-12 0.389815 0.499388

  PointToIndexMatrix: 
2.28571 2.75564e-11 -1.68866e-11
2.75564e-11 -1.03769 2.03659
-6.71629e-12 0.810009 0.41272

  Inverse Direction: 
1 1.20559e-11 -7.38789e-12
1.20559e-11 -0.453991 0.891007
-7.38789e-12 0.891007 0.453991

  PixelContainer: 
    ImportImageContainer (0x56f4210)
      RTTI typeinfo:   itk::ImportImageContainer<unsigned long, double>
      Reference Count: 1
      Modified Time: 1886
      Debug: Off
      Object Name: 
      Observers: 
        none
      Pointer: 0x2b0ab3003010
      Container manages memory: true
      Size: 14155776
      Capacity: 14155776

     Moving image = Image (0x5706cd0)
  RTTI typeinfo:   itk::Image<double, 3u>
  Reference Count: 2
  Modified Time: 2068
  Debug: Off
  Object Name: 
  Observers: 
    none
  Source: (none)
  Source output name: (none)
  Release Data: Off
  Data Released: False
  Global Release Data: Off
  PipelineMTime: 0
  UpdateMTime: 2065
  RealTimeStamp: 0 seconds 
  LargestPossibleRegion: 
    Dimension: 3
    Index: [0, 0, 0]
    Size: [224, 320, 320]
  BufferedRegion: 
    Dimension: 3
    Index: [0, 0, 0]
    Size: [224, 320, 320]
  RequestedRegion: 
    Dimension: 3
    Index: [0, 0, 0]
    Size: [224, 320, 320]
  Spacing: [0.699997, 0.7, 0.7]
  Origin: [-78.6699, 73.4889, -122.457]
  Direction: 
1 0 0
0 -1 0
0 0 1

  IndexToPointMatrix: 
0.699997 0 0
0 -0.7 0
0 0 0.7

  PointToIndexMatrix: 
1.42858 0 0
0 -1.42857 0
0 0 1.42857

  Inverse Direction: 
1 0 0
0 -1 0
0 0 1

  PixelContainer: 
    ImportImageContainer (0x5706f60)
      RTTI typeinfo:   itk::ImportImageContainer<unsigned long, double>
      Reference Count: 1
      Modified Time: 2062
      Debug: Off
      Object Name: 
      Observers: 
        none
      Pointer: 0x2b0ab9c04010
      Container manages memory: true
      Size: 22937600
      Capacity: 22937600

     Weighting = 1
     Sampling strategy = regular
     Number of bins = 32
     Radius = 4
     Sampling percentage  = 0.25
   Transform = Affine
     Gradient step = 0.1
     Update field sigma (voxel space) = 0
     Total field sigma (voxel space) = 0
     Update field time sigma = 0
     Total field time sigma  = 0
     Number of time indices = 0
     Number of time point samples = 0
Stage 3 State
   Image metric = Mattes
     Fixed image = Image (0x5706fc0)
  RTTI typeinfo:   itk::Image<double, 3u>
  Reference Count: 2
  Modified Time: 2421
  Debug: Off
  Object Name: 
  Observers: 
    none
  Source: (none)
  Source output name: (none)
  Release Data: Off
  Data Released: False
  Global Release Data: Off
  PipelineMTime: 0
  UpdateMTime: 2243
  RealTimeStamp: 0 seconds 
  LargestPossibleRegion: 
    Dimension: 3
    Index: [0, 0, 0]
    Size: [512, 512, 54]
  BufferedRegion: 
    Dimension: 3
    Index: [0, 0, 0]
    Size: [512, 512, 54]
  RequestedRegion: 
    Dimension: 3
    Index: [0, 0, 0]
    Size: [512, 512, 54]
  Spacing: [0.4375, 0.4375, 1.1]
  Origin: [-112, -5.57879, -113.553]
  Direction: 
1 1.20559e-11 -7.38789e-12
1.20559e-11 -0.453991 0.891007
-7.38789e-12 0.891007 0.453991

  IndexToPointMatrix: 
0.4375 5.27447e-12 -8.12665e-12
5.27447e-12 -0.198621 0.980103
-3.2322e-12 0.389815 0.499388

  PointToIndexMatrix: 
2.28571 2.75564e-11 -1.68866e-11
2.75564e-11 -1.03769 2.03659
-6.71629e-12 0.810009 0.41272

  Inverse Direction: 
1 1.20559e-11 -7.38789e-12
1.20559e-11 -0.453991 0.891007
-7.38789e-12 0.891007 0.453991

  PixelContainer: 
    ImportImageContainer (0x5708dd0)
      RTTI typeinfo:   itk::ImportImageContainer<unsigned long, double>
      Reference Count: 1
      Modified Time: 2240
      Debug: Off
      Object Name: 
      Observers: 
        none
      Pointer: 0x2b0ac4b05010
      Container manages memory: true
      Size: 14155776
      Capacity: 14155776

     Moving image = Image (0x570f6f0)
  RTTI typeinfo:   itk::Image<double, 3u>
  Reference Count: 2
  Modified Time: 2422
  Debug: Off
  Object Name: 
  Observers: 
    none
  Source: (none)
  Source output name: (none)
  Release Data: Off
  Data Released: False
  Global Release Data: Off
  PipelineMTime: 0
  UpdateMTime: 2419
  RealTimeStamp: 0 seconds 
  LargestPossibleRegion: 
    Dimension: 3
    Index: [0, 0, 0]
    Size: [224, 320, 320]
  BufferedRegion: 
    Dimension: 3
    Index: [0, 0, 0]
    Size: [224, 320, 320]
  RequestedRegion: 
    Dimension: 3
    Index: [0, 0, 0]
    Size: [224, 320, 320]
  Spacing: [0.699997, 0.7, 0.7]
  Origin: [-78.6699, 73.4889, -122.457]
  Direction: 
1 0 0
0 -1 0
0 0 1

  IndexToPointMatrix: 
0.699997 0 0
0 -0.7 0
0 0 0.7

  PointToIndexMatrix: 
1.42858 0 0
0 -1.42857 0
0 0 1.42857

  Inverse Direction: 
1 0 0
0 -1 0
0 0 1

  PixelContainer: 
    ImportImageContainer (0x570f980)
      RTTI typeinfo:   itk::ImportImageContainer<unsigned long, double>
      Reference Count: 1
      Modified Time: 2416
      Debug: Off
      Object Name: 
      Observers: 
        none
      Pointer: 0x2b0acb706010
      Container manages memory: true
      Size: 22937600
      Capacity: 22937600

     Weighting = 1
     Sampling strategy = none
     Number of bins = 32
     Radius = 4
     Sampling percentage  = 1
   Transform = SyN
     Gradient step = 0.1
     Update field sigma (voxel space) = 3
     Total field sigma (voxel space) = 0
     Update field time sigma = 0
     Total field time sigma  = 0
     Number of time indices = 0
     Number of time point samples = 0
Registration using 3 total stages.

Stage 0
  iterations = 1000x500x250x0
  convergence threshold = 1e-06
  convergence window size = 10
  number of levels = 4
  using the Mattes MI metric (number of bins = 32, weight = 1)
  preprocessing:  winsorizing the image intensities
  Shrink factors (level 1 out of 4): [12, 12, 5]
  Shrink factors (level 2 out of 4): [8, 8, 3]
  Shrink factors (level 3 out of 4): [4, 4, 2]
  Shrink factors (level 4 out of 4): [2, 2, 1]
  smoothing sigmas per level: [4, 3, 2, 1]
  regular sampling (percentage = 0.25)

*** Running Euler3DTransform registration ***

DIAGNOSTIC,Iteration,metricValue,convergenceValue,ITERATION_TIME_INDEX,SINCE_LAST
 2DIAGNOSTIC,     1, -2.861319362886e-01, 1.797693134862e+308, 1.8307e+01, 1.8307e+01, 
 2DIAGNOSTIC,     2, -2.881719748415e-01, 1.797693134862e+308, 1.8326e+01, 1.8591e-02, 
 2DIAGNOSTIC,     3, -2.913544116042e-01, 1.797693134862e+308, 1.8345e+01, 1.9418e-02, 
 2DIAGNOSTIC,     4, -2.970281512408e-01, 1.797693134862e+308, 1.8364e+01, 1.8984e-02, 
 2DIAGNOSTIC,     5, -3.041818111757e-01, 1.797693134862e+308, 1.8384e+01, 1.9464e-02, 
 2DIAGNOSTIC,     6, -3.076051217371e-01, 1.797693134862e+308, 1.8403e+01, 1.9079e-02, 
 2DIAGNOSTIC,     7, -3.129598301538e-01, 1.797693134862e+308, 1.8422e+01, 1.9519e-02, 
 2DIAGNOSTIC,     8, -3.378319262785e-01, 1.797693134862e+308, 1.8445e+01, 2.2759e-02, 
 2DIAGNOSTIC,     9, -4.037359550713e-01, 1.797693134862e+308, 1.8474e+01, 2.9114e-02, 
 2DIAGNOSTIC,    10, -4.649783932681e-01, 2.765055688160e-02, 1.8494e+01, 1.9564e-02, 
 2DIAGNOSTIC,    11, -4.818257608131e-01, 3.288498036268e-02, 1.8521e+01, 2.6798e-02, 
 2DIAGNOSTIC,    12, -4.839936372937e-01, 3.442761528716e-02, 1.8542e+01, 2.1316e-02, 
 2DIAGNOSTIC,    13, -4.845362595482e-01, 3.287701838052e-02, 1.8560e+01, 1.7640e-02, 
 2DIAGNOSTIC,    14, -4.848675857357e-01, 2.895407552996e-02, 1.8581e+01, 2.1322e-02, 
 2DIAGNOSTIC,    15, -4.853899342316e-01, 2.343824578077e-02, 1.8623e+01, 4.1930e-02, 
 2DIAGNOSTIC,    16, -4.853489876927e-01, 1.686027823377e-02, 1.8640e+01, 1.7610e-02, 
 2DIAGNOSTIC,    17, -4.854053764805e-01, 9.980283652938e-03, 1.8658e+01, 1.7505e-02, 
 2DIAGNOSTIC,    18, -4.854607675704e-01, 4.074530316356e-03, 1.8676e+01, 1.7645e-02, 
 2DIAGNOSTIC,    19, -4.855058138227e-01, 9.359715335739e-04, 1.8693e+01, 1.7656e-02, 
 2DIAGNOSTIC,    20, -4.855440825064e-01, 2.089911577999e-04, 1.8711e+01, 1.7479e-02, 
 2DIAGNOSTIC,    21, -4.855815276926e-01, 9.926171430632e-05, 1.8729e+01, 1.7827e-02, 
 2DIAGNOSTIC,    22, -4.856886043708e-01, 6.302606001588e-05, 1.8747e+01, 1.8706e-02, 
 2DIAGNOSTIC,    23, -4.856594061133e-01, 3.975144513894e-05, 1.8781e+01, 3.3341e-02, 
 2DIAGNOSTIC,    24, -4.856859073120e-01, 2.488749926136e-05, 1.8800e+01, 1.9309e-02, 
 2DIAGNOSTIC,    25, -4.856994304061e-01, 2.368397463007e-05, 1.8819e+01, 1.8693e-02, 
 2DIAGNOSTIC,    26, -4.857226764945e-01, 2.000312188267e-05, 1.8841e+01, 2.2328e-02, 
 2DIAGNOSTIC,    27, -4.856735605792e-01, 1.501064496796e-05, 1.8863e+01, 2.1718e-02, 
 2DIAGNOSTIC,    28, -4.856801213902e-01, 1.064157007654e-05, 1.8881e+01, 1.8531e-02, 
 2DIAGNOSTIC,    29, -4.857283334231e-01, 7.857147510205e-06, 1.8902e+01, 2.1184e-02, 
 2DIAGNOSTIC,    30, -4.859532245656e-01, 1.035006031505e-05, 1.8920e+01, 1.7858e-02, 
 2DIAGNOSTIC,    31, -4.859135597087e-01, 1.156325223854e-05, 1.8941e+01, 2.1099e-02, 
 2DIAGNOSTIC,    32, -4.859150558873e-01, 1.405401039885e-05, 1.8963e+01, 2.1745e-02, 
 2DIAGNOSTIC,    33, -4.859185142780e-01, 1.470281027957e-05, 1.8990e+01, 2.6962e-02, 
 2DIAGNOSTIC,    34, -4.859201740341e-01, 1.449165665489e-05, 1.9011e+01, 2.0626e-02, 
 2DIAGNOSTIC,    35, -4.858774310436e-01, 1.238941775711e-05, 1.9028e+01, 1.7605e-02, 
 2DIAGNOSTIC,    36, -4.858780514758e-01, 9.822443695996e-06, 1.9049e+01, 2.0459e-02, 
 2DIAGNOSTIC,    37, -4.859227164713e-01, 6.553794366378e-06, 1.9072e+01, 2.3642e-02, 
 2DIAGNOSTIC,    38, -4.858799577819e-01, 2.308178701945e-06, 1.9089e+01, 1.6685e-02, 
DIAGNOSTIC,Iteration,metricValue,convergenceValue,ITERATION_TIME_INDEX,SINCE_LAST
 2DIAGNOSTIC,     1, -4.294363649738e-01, 1.797693134862e+308, 3.3066e+01, 1.3977e+01, 
 2DIAGNOSTIC,     2, -4.312786846454e-01, 1.797693134862e+308, 3.3140e+01, 7.3928e-02, 
 2DIAGNOSTIC,     3, -4.326441313560e-01, 1.797693134862e+308, 3.3217e+01, 7.7012e-02, 
 2DIAGNOSTIC,     4, -4.330811656011e-01, 1.797693134862e+308, 3.3295e+01, 7.7878e-02, 
 2DIAGNOSTIC,     5, -4.331689490671e-01, 1.797693134862e+308, 3.3373e+01, 7.7663e-02, 
 2DIAGNOSTIC,     6, -4.333036272407e-01, 1.797693134862e+308, 3.3448e+01, 7.5342e-02, 
 2DIAGNOSTIC,     7, -4.335475139002e-01, 1.797693134862e+308, 3.3524e+01, 7.6108e-02, 
 2DIAGNOSTIC,     8, -4.337027542644e-01, 1.797693134862e+308, 3.3664e+01, 1.4000e-01, 
 2DIAGNOSTIC,     9, -4.337437927395e-01, 1.797693134862e+308, 3.3739e+01, 7.5457e-02, 
 2DIAGNOSTIC,    10, -4.338050885699e-01, 4.960811479489e-04, 3.3816e+01, 7.6524e-02, 
 2DIAGNOSTIC,    11, -4.339309682813e-01, 2.667856103578e-04, 3.3945e+01, 1.2928e-01, 
 2DIAGNOSTIC,    12, -4.340140863867e-01, 1.552780793453e-04, 3.4024e+01, 7.8897e-02, 
 2DIAGNOSTIC,    13, -4.340348819998e-01, 1.165212635395e-04, 3.4103e+01, 7.8795e-02, 
 2DIAGNOSTIC,    14, -4.340512273912e-01, 9.439277999833e-05, 3.4215e+01, 1.1182e-01, 
 2DIAGNOSTIC,    15, -4.340685274659e-01, 7.145576839214e-05, 3.4290e+01, 7.5316e-02, 
 2DIAGNOSTIC,    16, -4.340894949689e-01, 5.112550819115e-05, 3.4366e+01, 7.6071e-02, 
 2DIAGNOSTIC,    17, -4.341474351340e-01, 4.011965857617e-05, 3.4508e+01, 1.4194e-01, 
 2DIAGNOSTIC,    18, -4.341716584950e-01, 3.333662689117e-05, 3.4585e+01, 7.6765e-02, 
 2DIAGNOSTIC,    19, -4.342003213775e-01, 2.678565991078e-05, 3.4678e+01, 9.3073e-02, 
 2DIAGNOSTIC,    20, -4.342081954850e-01, 2.075086035262e-05, 3.5053e+01, 3.7517e-01, 
 2DIAGNOSTIC,    21, -4.342081954838e-01, 1.737541690098e-05, 3.5129e+01, 7.5865e-02, 
 2DIAGNOSTIC,    22, -4.342081955111e-01, 1.528283687982e-05, 3.5207e+01, 7.7652e-02, 
 2DIAGNOSTIC,    23, -4.342081955571e-01, 1.265599430084e-05, 3.5284e+01, 7.7139e-02, 
 2DIAGNOSTIC,    24, -4.342081956350e-01, 9.641049122724e-06, 3.5361e+01, 7.7214e-02, 
 2DIAGNOSTIC,    25, -4.342081957663e-01, 6.547222737997e-06, 3.5437e+01, 7.6501e-02, 
 2DIAGNOSTIC,    26, -4.342081959877e-01, 3.700895638517e-06, 3.5515e+01, 7.7773e-02, 
 2DIAGNOSTIC,    27, -4.342081963599e-01, 2.233635507241e-06, 3.5594e+01, 7.8685e-02, 
 2DIAGNOSTIC,    28, -4.342081969827e-01, 1.321893034756e-06, 3.5672e+01, 7.7603e-02, 
 2DIAGNOSTIC,    29, -4.342081980178e-01, 1.098354152240e-06, 3.5749e+01, 7.7043e-02, 
 2DIAGNOSTIC,    30, -4.342081997189e-01, 1.061767223656e-06, 3.5826e+01, 7.7302e-02, 
 2DIAGNOSTIC,    31, -4.342082019821e-01, 1.027574505270e-06, 3.5903e+01, 7.6634e-02, 
DIAGNOSTIC,Iteration,metricValue,convergenceValue,ITERATION_TIME_INDEX,SINCE_LAST
 2DIAGNOSTIC,     1, -4.005013726164e-01, 1.797693134862e+308, 4.4512e+01, 8.6094e+00, 
 2DIAGNOSTIC,     2, -4.008874231053e-01, 1.797693134862e+308, 4.4926e+01, 4.1404e-01, 
 2DIAGNOSTIC,     3, -4.010309982990e-01, 1.797693134862e+308, 4.5429e+01, 5.0321e-01, 
 2DIAGNOSTIC,     4, -4.010756811387e-01, 1.797693134862e+308, 4.5935e+01, 5.0540e-01, 
 2DIAGNOSTIC,     5, -4.010693799706e-01, 1.797693134862e+308, 4.6349e+01, 4.1448e-01, 
 2DIAGNOSTIC,     6, -4.011077618090e-01, 1.797693134862e+308, 4.6766e+01, 4.1731e-01, 
 2DIAGNOSTIC,     7, -4.012209542352e-01, 1.797693134862e+308, 4.7355e+01, 5.8827e-01, 
 2DIAGNOSTIC,     8, -4.012839501798e-01, 1.797693134862e+308, 4.7774e+01, 4.1892e-01, 
 2DIAGNOSTIC,     9, -4.013595132898e-01, 1.797693134862e+308, 4.8294e+01, 5.2037e-01, 
 2DIAGNOSTIC,    10, -4.014485035156e-01, 1.173546297407e-04, 4.8797e+01, 5.0263e-01, 
 2DIAGNOSTIC,    11, -4.014696445323e-01, 8.437891340791e-05, 4.9297e+01, 5.0060e-01, 
 2DIAGNOSTIC,    12, -4.014405233726e-01, 7.041865655354e-05, 5.0057e+01, 7.6025e-01, 
 2DIAGNOSTIC,    13, -4.014419103101e-01, 6.039074264881e-05, 5.0561e+01, 5.0337e-01, 
 2DIAGNOSTIC,    14, -4.014416339738e-01, 4.881091824975e-05, 5.1063e+01, 5.0242e-01, 
 2DIAGNOSTIC,    15, -4.014367358453e-01, 3.395036225051e-05, 5.1482e+01, 4.1840e-01, 
 2DIAGNOSTIC,    16, -4.014067600560e-01, 1.832778882457e-05, 5.1987e+01, 5.0526e-01, 
 2DIAGNOSTIC,    17, -4.013956298010e-01, 7.365623621490e-06, 5.2491e+01, 5.0402e-01, 
DIAGNOSTIC,Iteration,metricValue,convergenceValue,ITERATION_TIME_INDEX,SINCE_LAST
 2DIAGNOSTIC,     1, -3.490416925385e-01, 1.797693134862e+308, 6.3178e+01, 1.0688e+01, 
  Elapsed time (stage 0): 6.5513e+01


Stage 1
  iterations = 1000x500x250x0
  convergence threshold = 1.0000e-06
  convergence window size = 10
  number of levels = 4
  using the Mattes MI metric (number of bins = 32, weight = 1.0000e+00)
  preprocessing:  winsorizing the image intensities
  Shrink factors (level 1 out of 4): [12, 12, 5]
  Shrink factors (level 2 out of 4): [8, 8, 3]
  Shrink factors (level 3 out of 4): [4, 4, 2]
  Shrink factors (level 4 out of 4): [2, 2, 1]
  smoothing sigmas per level: [4, 3, 2, 1]
  regular sampling (percentage = 2.5000e-01)

*** Running AffineTransform registration ***

DIAGNOSTIC,Iteration,metricValue,convergenceValue,ITERATION_TIME_INDEX,SINCE_LAST
 2DIAGNOSTIC,     1, -4.807251773475e-01, 1.797693134862e+308, 1.8132e+01, 1.8132e+01, 
 2DIAGNOSTIC,     2, -4.826490871051e-01, 1.797693134862e+308, 1.8152e+01, 2.0106e-02, 
 2DIAGNOSTIC,     3, -4.851003618797e-01, 1.797693134862e+308, 1.8172e+01, 2.0067e-02, 
 2DIAGNOSTIC,     4, -4.876802254063e-01, 1.797693134862e+308, 1.8192e+01, 1.9750e-02, 
 2DIAGNOSTIC,     5, -4.901192359417e-01, 1.797693134862e+308, 1.8212e+01, 2.0132e-02, 
 2DIAGNOSTIC,     6, -4.935897766803e-01, 1.797693134862e+308, 1.8232e+01, 1.9859e-02, 
 2DIAGNOSTIC,     7, -4.951385635670e-01, 1.797693134862e+308, 1.8266e+01, 3.4393e-02, 
 2DIAGNOSTIC,     8, -4.958432561264e-01, 1.797693134862e+308, 1.8286e+01, 1.9901e-02, 
 2DIAGNOSTIC,     9, -4.960061572312e-01, 1.797693134862e+308, 1.8306e+01, 1.9811e-02, 
 2DIAGNOSTIC,    10, -4.963183885667e-01, 2.255698208867e-03, 1.8327e+01, 2.0530e-02, 
 2DIAGNOSTIC,    11, -4.969854356456e-01, 1.734968379626e-03, 1.8354e+01, 2.7695e-02, 
 2DIAGNOSTIC,    12, -4.971200517793e-01, 1.243449591012e-03, 1.8378e+01, 2.4009e-02, 
 2DIAGNOSTIC,    13, -4.972185053443e-01, 8.298710068626e-04, 1.8402e+01, 2.3143e-02, 
 2DIAGNOSTIC,    14, -4.973938327919e-01, 5.144964630339e-04, 1.8430e+01, 2.7997e-02, 
 2DIAGNOSTIC,    15, -4.976181469418e-01, 2.942260647277e-04, 1.8454e+01, 2.4537e-02, 
 2DIAGNOSTIC,    16, -4.976970003462e-01, 2.011201905310e-04, 1.8485e+01, 3.0691e-02, 
 2DIAGNOSTIC,    17, -4.980939349132e-01, 1.661812480862e-04, 1.8576e+01, 9.0753e-02, 
 2DIAGNOSTIC,    18, -4.980939216426e-01, 1.425490577133e-04, 1.8598e+01, 2.2552e-02, 
 2DIAGNOSTIC,    19, -4.980939559342e-01, 1.134206526719e-04, 1.8620e+01, 2.1795e-02, 
 2DIAGNOSTIC,    20, -4.980940139084e-01, 8.542732233496e-05, 1.8641e+01, 2.0775e-02, 
 2DIAGNOSTIC,    21, -4.980941119582e-01, 7.049096778977e-05, 1.8662e+01, 2.1058e-02, 
 2DIAGNOSTIC,    22, -4.980942779641e-01, 5.390247999856e-05, 1.8683e+01, 2.1679e-02, 
 2DIAGNOSTIC,    23, -4.980945583121e-01, 3.626545941050e-05, 1.8704e+01, 2.0430e-02, 
 2DIAGNOSTIC,    24, -4.980950313258e-01, 2.107265999601e-05, 1.8724e+01, 2.0376e-02, 
 2DIAGNOSTIC,    25, -4.980958294083e-01, 1.048033896477e-05, 1.8744e+01, 2.0085e-02, 
 2DIAGNOSTIC,    26, -4.980971705465e-01, 1.362450271644e-06, 1.8764e+01, 2.0018e-02, 
 2DIAGNOSTIC,    27, -4.980994366575e-01, 1.399593353824e-06, 1.8785e+01, 2.0402e-02, 
 2DIAGNOSTIC,    28, -4.981032078196e-01, 1.490050320185e-06, 1.8805e+01, 2.0214e-02, 
 2DIAGNOSTIC,    29, -4.981093638461e-01, 1.662582163026e-06, 1.8825e+01, 2.0198e-02, 
 2DIAGNOSTIC,    30, -4.981192675463e-01, 1.959066757748e-06, 1.8850e+01, 2.5078e-02, 
DIAGNOSTIC,Iteration,metricValue,convergenceValue,ITERATION_TIME_INDEX,SINCE_LAST
 2DIAGNOSTIC,     1, -4.324430583675e-01, 1.797693134862e+308, 3.2954e+01, 1.4104e+01, 
 2DIAGNOSTIC,     2, -4.337789620192e-01, 1.797693134862e+308, 3.3039e+01, 8.4223e-02, 
 2DIAGNOSTIC,     3, -4.348248290586e-01, 1.797693134862e+308, 3.3127e+01, 8.8491e-02, 
 2DIAGNOSTIC,     4, -4.356147940223e-01, 1.797693134862e+308, 3.3218e+01, 9.0503e-02, 
 2DIAGNOSTIC,     5, -4.362440927757e-01, 1.797693134862e+308, 3.3307e+01, 8.9105e-02, 
 2DIAGNOSTIC,     6, -4.369546896983e-01, 1.797693134862e+308, 3.3391e+01, 8.4216e-02, 
 2DIAGNOSTIC,     7, -4.373637322284e-01, 1.797693134862e+308, 3.3534e+01, 1.4290e-01, 
 2DIAGNOSTIC,     8, -4.374444752367e-01, 1.797693134862e+308, 3.3617e+01, 8.3382e-02, 
 2DIAGNOSTIC,     9, -4.375035264302e-01, 1.797693134862e+308, 3.3698e+01, 8.0908e-02, 
 2DIAGNOSTIC,    10, -4.376457423950e-01, 7.352274744572e-04, 3.3786e+01, 8.8186e-02, 
 2DIAGNOSTIC,    11, -4.378381229399e-01, 5.051022590928e-04, 3.3877e+01, 9.0853e-02, 
 2DIAGNOSTIC,    12, -4.379657559650e-01, 3.466487961446e-04, 3.3982e+01, 1.0516e-01, 
 2DIAGNOSTIC,    13, -4.380251289906e-01, 2.366901784701e-04, 3.4095e+01, 1.1310e-01, 
 2DIAGNOSTIC,    14, -4.380757282775e-01, 1.602330841129e-04, 3.4178e+01, 8.2988e-02, 
 2DIAGNOSTIC,    15, -4.381436698680e-01, 1.091403470837e-04, 3.4260e+01, 8.1167e-02, 
 2DIAGNOSTIC,    16, -4.383453723134e-01, 9.115818737347e-05, 3.4390e+01, 1.2990e-01, 
 2DIAGNOSTIC,    17, -4.383947916881e-01, 8.438739279453e-05, 3.4478e+01, 8.8791e-02, 
 2DIAGNOSTIC,    18, -4.384342664296e-01, 7.522475958537e-05, 3.4585e+01, 1.0674e-01, 
 2DIAGNOSTIC,    19, -4.385426618309e-01, 6.601439721086e-05, 3.4738e+01, 1.5249e-01, 
 2DIAGNOSTIC,    20, -4.385612664100e-01, 5.675392488206e-05, 3.4821e+01, 8.2966e-02, 
 2DIAGNOSTIC,    21, -4.387974642659e-01, 5.636577744299e-05, 3.4919e+01, 9.8107e-02, 
 2DIAGNOSTIC,    22, -4.388739085866e-01, 5.673008414107e-05, 3.5001e+01, 8.2134e-02, 
 2DIAGNOSTIC,    23, -4.388877399985e-01, 5.402636046448e-05, 3.5102e+01, 1.0160e-01, 
 2DIAGNOSTIC,    24, -4.388939179717e-01, 4.825021871194e-05, 3.5209e+01, 1.0679e-01, 
 2DIAGNOSTIC,    25, -4.389101156540e-01, 4.059094127549e-05, 3.5311e+01, 1.0201e-01, 
 2DIAGNOSTIC,    26, -4.389216638904e-01, 3.506159718122e-05, 3.5394e+01, 8.2359e-02, 
 2DIAGNOSTIC,    27, -4.389878213459e-01, 2.949371942487e-05, 3.5511e+01, 1.1754e-01, 
 2DIAGNOSTIC,    28, -4.390467668792e-01, 2.391260070034e-05, 3.5601e+01, 8.9483e-02, 
 2DIAGNOSTIC,    29, -4.390672904205e-01, 1.951299709001e-05, 3.5703e+01, 1.0206e-01, 
 2DIAGNOSTIC,    30, -4.391014453309e-01, 1.470545475448e-05, 3.5862e+01, 1.5912e-01, 
 2DIAGNOSTIC,    31, -4.391084966508e-01, 1.396609898855e-05, 3.5950e+01, 8.8492e-02, 
 2DIAGNOSTIC,    32, -4.391764466058e-01, 1.495829195910e-05, 3.6033e+01, 8.2536e-02, 
 2DIAGNOSTIC,    33, -4.392293705692e-01, 1.583151024691e-05, 3.6145e+01, 1.1245e-01, 
 2DIAGNOSTIC,    34, -4.392373410251e-01, 1.550219979336e-05, 3.6249e+01, 1.0423e-01, 
 2DIAGNOSTIC,    35, -4.392485294697e-01, 1.435781074120e-05, 3.6350e+01, 1.0090e-01, 
 2DIAGNOSTIC,    36, -4.392397584080e-01, 1.203573221117e-05, 3.6440e+01, 8.9706e-02, 
 2DIAGNOSTIC,    37, -4.392299271875e-01, 9.735751322383e-06, 3.6532e+01, 9.1975e-02, 
 2DIAGNOSTIC,    38, -4.392356643736e-01, 7.801440632043e-06, 3.6618e+01, 8.6386e-02, 
 2DIAGNOSTIC,    39, -4.392455619212e-01, 5.799394853838e-06, 3.6699e+01, 8.0747e-02, 
 2DIAGNOSTIC,    40, -4.392622602509e-01, 4.262333345363e-06, 3.6777e+01, 7.7659e-02, 
 2DIAGNOSTIC,    41, -4.393419705221e-01, 3.821856660608e-06, 3.6909e+01, 1.3169e-01, 
 2DIAGNOSTIC,    42, -4.393326205499e-01, 3.970798138651e-06, 3.6993e+01, 8.3997e-02, 
 2DIAGNOSTIC,    43, -4.393340641439e-01, 4.643654663614e-06, 3.7098e+01, 1.0557e-01, 
 2DIAGNOSTIC,    44, -4.393867454380e-01, 5.811372577682e-06, 3.7243e+01, 1.4483e-01, 
 2DIAGNOSTIC,    45, -4.393963667254e-01, 6.711182843556e-06, 3.7326e+01, 8.3383e-02, 
 2DIAGNOSTIC,    46, -4.394009521136e-01, 6.931706354681e-06, 3.7424e+01, 9.7885e-02, 
 2DIAGNOSTIC,    47, -4.393952889485e-01, 6.344590668662e-06, 3.7512e+01, 8.8194e-02, 
 2DIAGNOSTIC,    48, -4.393985259915e-01, 5.379539733990e-06, 3.7599e+01, 8.6736e-02, 
 2DIAGNOSTIC,    49, -4.394081189081e-01, 4.251010448313e-06, 3.7683e+01, 8.3627e-02, 
 2DIAGNOSTIC,    50, -4.394200292206e-01, 3.153651036633e-06, 3.7790e+01, 1.0714e-01, 
 2DIAGNOSTIC,    51, -4.394243550733e-01, 2.937653181791e-06, 3.7898e+01, 1.0770e-01, 
 2DIAGNOSTIC,    52, -4.394730085606e-01, 3.010504557307e-06, 3.8054e+01, 1.5670e-01, 
 2DIAGNOSTIC,    53, -4.394543137082e-01, 2.608542698613e-06, 3.8152e+01, 9.7721e-02, 
 2DIAGNOSTIC,    54, -4.394566486270e-01, 2.697187769914e-06, 3.8240e+01, 8.8102e-02, 
 2DIAGNOSTIC,    55, -4.394451407860e-01, 2.559246806828e-06, 3.8329e+01, 8.8432e-02, 
 2DIAGNOSTIC,    56, -4.394490961431e-01, 2.336197059388e-06, 3.8419e+01, 9.0490e-02, 
 2DIAGNOSTIC,    57, -4.394557465246e-01, 1.953748094287e-06, 3.8507e+01, 8.7943e-02, 
 2DIAGNOSTIC,    58, -4.394663097905e-01, 1.601693021883e-06, 3.8594e+01, 8.7548e-02, 
 2DIAGNOSTIC,    59, -4.394961063949e-01, 1.597738170229e-06, 3.8678e+01, 8.3361e-02, 
 2DIAGNOSTIC,    60, -4.396376363073e-01, 3.146389200136e-06, 3.8841e+01, 1.6324e-01, 
 2DIAGNOSTIC,    61, -4.396452172828e-01, 4.464361523720e-06, 3.8962e+01, 1.2129e-01, 
 2DIAGNOSTIC,    62, -4.396461755928e-01, 5.901760012490e-06, 3.9048e+01, 8.5901e-02, 
 2DIAGNOSTIC,    63, -4.396500397592e-01, 6.641964132758e-06, 3.9221e+01, 1.7313e-01, 
 2DIAGNOSTIC,    64, -4.396500422116e-01, 6.786151131751e-06, 3.9322e+01, 1.0075e-01, 
 2DIAGNOSTIC,    65, -4.396500511743e-01, 6.182502710395e-06, 3.9415e+01, 9.3285e-02, 
 2DIAGNOSTIC,    66, -4.396500563337e-01, 5.086012471660e-06, 3.9517e+01, 1.0140e-01, 
 2DIAGNOSTIC,    67, -4.396500597940e-01, 3.665466059358e-06, 3.9603e+01, 8.5947e-02, 
 2DIAGNOSTIC,    68, -4.396500649925e-01, 2.088735084565e-06, 3.9685e+01, 8.2443e-02, 
DIAGNOSTIC,Iteration,metricValue,convergenceValue,ITERATION_TIME_INDEX,SINCE_LAST
 2DIAGNOSTIC,     1, -4.026767600446e-01, 1.797693134862e+308, 4.7590e+01, 7.9049e+00, 
 2DIAGNOSTIC,     2, -4.032568017465e-01, 1.797693134862e+308, 4.8077e+01, 4.8713e-01, 
 2DIAGNOSTIC,     3, -4.036816887281e-01, 1.797693134862e+308, 4.8570e+01, 4.9274e-01, 
 2DIAGNOSTIC,     4, -4.041194594581e-01, 1.797693134862e+308, 4.9057e+01, 4.8665e-01, 
 2DIAGNOSTIC,     5, -4.044333313637e-01, 1.797693134862e+308, 4.9726e+01, 6.6905e-01, 
 2DIAGNOSTIC,     6, -4.046841347866e-01, 1.797693134862e+308, 5.0312e+01, 5.8667e-01, 
 2DIAGNOSTIC,     7, -4.047883049708e-01, 1.797693134862e+308, 5.0898e+01, 5.8563e-01, 
 2DIAGNOSTIC,     8, -4.049195248626e-01, 1.797693134862e+308, 5.1392e+01, 4.9448e-01, 
 2DIAGNOSTIC,     9, -4.049998039228e-01, 1.797693134862e+308, 5.1879e+01, 4.8672e-01, 
 2DIAGNOSTIC,    10, -4.051751650008e-01, 3.718353496997e-04, 5.2547e+01, 6.6763e-01, 
 2DIAGNOSTIC,    11, -4.052107666578e-01, 2.662091542198e-04, 5.3041e+01, 4.9439e-01, 
 2DIAGNOSTIC,    12, -4.052807017205e-01, 1.925257874601e-04, 5.3530e+01, 4.8831e-01, 
 2DIAGNOSTIC,    13, -4.053635336775e-01, 1.401575663851e-04, 5.4196e+01, 6.6622e-01, 
 2DIAGNOSTIC,    14, -4.054116309077e-01, 1.067707460286e-04, 5.4773e+01, 5.7759e-01, 
 2DIAGNOSTIC,    15, -4.054345436251e-01, 8.377486988050e-05, 5.5262e+01, 4.8833e-01, 
 2DIAGNOSTIC,    16, -4.054813343560e-01, 6.921927476437e-05, 5.5841e+01, 5.7897e-01, 
 2DIAGNOSTIC,    17, -4.055896807202e-01, 5.889235788822e-05, 5.6327e+01, 4.8685e-01, 
 2DIAGNOSTIC,    18, -4.057078810240e-01, 5.403574716983e-05, 5.6915e+01, 5.8713e-01, 
 2DIAGNOSTIC,    19, -4.058863482276e-01, 5.418672698305e-05, 5.7862e+01, 9.4780e-01, 
 2DIAGNOSTIC,    20, -4.058915814934e-01, 5.572991612648e-05, 5.8440e+01, 5.7796e-01, 
 2DIAGNOSTIC,    21, -4.058843745049e-01, 5.311315661138e-05, 5.8929e+01, 4.8814e-01, 
 2DIAGNOSTIC,    22, -4.058595092421e-01, 4.733368579013e-05, 5.9503e+01, 5.7469e-01, 
 2DIAGNOSTIC,    23, -4.058599428170e-01, 4.022300420738e-05, 5.9989e+01, 4.8607e-01, 
 2DIAGNOSTIC,    24, -4.058580092602e-01, 3.135024698323e-05, 6.0478e+01, 4.8893e-01, 
 2DIAGNOSTIC,    25, -4.058790750199e-01, 2.162672431785e-05, 6.0967e+01, 4.8861e-01, 
 2DIAGNOSTIC,    26, -4.059178059150e-01, 1.306776370671e-05, 6.1546e+01, 5.7926e-01, 
 2DIAGNOSTIC,    27, -4.059576760081e-01, 7.837992053138e-06, 6.2035e+01, 4.8901e-01, 
 2DIAGNOSTIC,    28, -4.059475042156e-01, 4.925313603722e-06, 6.2525e+01, 4.8948e-01, 
 2DIAGNOSTIC,    29, -4.062528949953e-01, 1.357528446430e-05, 6.3649e+01, 1.1249e+00, 
 2DIAGNOSTIC,    30, -4.062598491994e-01, 2.054710233471e-05, 6.4226e+01, 5.7613e-01, 
 2DIAGNOSTIC,    31, -4.062587267748e-01, 2.510590665949e-05, 6.4807e+01, 5.8190e-01, 
 2DIAGNOSTIC,    32, -4.062085991442e-01, 2.555587960906e-05, 6.5295e+01, 4.8760e-01, 
 2DIAGNOSTIC,    33, -4.061955402136e-01, 2.340953765265e-05, 6.5782e+01, 4.8712e-01, 
 2DIAGNOSTIC,    34, -4.062066146651e-01, 1.934706632062e-05, 6.6268e+01, 4.8588e-01, 
 2DIAGNOSTIC,    35, -4.062108834259e-01, 1.420840948244e-05, 6.6751e+01, 4.8336e-01, 
 2DIAGNOSTIC,    36, -4.062106223095e-01, 8.912362636636e-06, 6.7329e+01, 5.7724e-01, 
 2DIAGNOSTIC,    37, -4.062208325428e-01, 4.187042995249e-06, 6.7997e+01, 6.6786e-01, 
DIAGNOSTIC,Iteration,metricValue,convergenceValue,ITERATION_TIME_INDEX,SINCE_LAST
 2DIAGNOSTIC,     1, -3.475518571849e-01, 1.797693134862e+308, 7.6358e+01, 8.3614e+00, 
  Elapsed time (stage 1): 7.9269e+01


Stage 2
  iterations = 100x100x70x50x0
  convergence threshold = 1.0000e-06
  convergence window size = 10
  number of levels = 5
  using the Mattes MI metric (number of bins = 32, weight = 1.0000e+00)
  preprocessing:  winsorizing the image intensities
  Shrink factors (level 1 out of 5): [10, 10, 4]
  Shrink factors (level 2 out of 5): [6, 6, 2]
  Shrink factors (level 3 out of 5): [4, 4, 2]
  Shrink factors (level 4 out of 5): [2, 2, 1]
  Shrink factors (level 5 out of 5): [1, 1, 1]
  smoothing sigmas per level: [5, 3, 2, 1, 0]
  Using default NONE metricSamplingStrategy 

*** Running SyN registration (varianceForUpdateField = 3.0000e+00, varianceForTotalField = 0.0000e+00) ***

XXDIAGNOSTIC,Iteration,metricValue,convergenceValue,ITERATION_TIME_INDEX,SINCE_LAST
 1DIAGNOSTIC,     1, -5.011326869875e-01, 1.797693134862e+308, 2.5191e+01, 2.5191e+01, 
 1DIAGNOSTIC,     2, -5.119306837417e-01, 1.797693134862e+308, 2.5455e+01, 2.6445e-01, 
 1DIAGNOSTIC,     3, -5.323475059126e-01, 1.797693134862e+308, 2.5719e+01, 2.6314e-01, 
 1DIAGNOSTIC,     4, -5.465147155059e-01, 1.797693134862e+308, 2.5976e+01, 2.5755e-01, 
 1DIAGNOSTIC,     5, -5.549258437879e-01, 1.797693134862e+308, 2.6236e+01, 2.6026e-01, 
 1DIAGNOSTIC,     6, -5.588143928524e-01, 1.797693134862e+308, 2.6491e+01, 2.5416e-01, 
 1DIAGNOSTIC,     7, -5.627141052969e-01, 1.797693134862e+308, 2.6745e+01, 2.5398e-01, 
 1DIAGNOSTIC,     8, -5.661760567015e-01, 1.797693134862e+308, 2.7005e+01, 2.6012e-01, 
 1DIAGNOSTIC,     9, -5.689217536585e-01, 1.797693134862e+308, 2.7265e+01, 2.5993e-01, 
 1DIAGNOSTIC,    10, -5.703022798121e-01, 7.838945786361e-03, 2.7525e+01, 2.6072e-01, 
 1DIAGNOSTIC,    11, -5.727774539118e-01, 5.438091900522e-03, 2.7787e+01, 2.6196e-01, 
 1DIAGNOSTIC,    12, -5.744857224014e-01, 3.486841744977e-03, 2.8055e+01, 2.6736e-01, 
 1DIAGNOSTIC,    13, -5.766988604427e-01, 2.413977790645e-03, 2.8316e+01, 2.6166e-01, 
 1DIAGNOSTIC,    14, -5.774368299245e-01, 1.819393266030e-03, 2.8585e+01, 2.6855e-01, 
 1DIAGNOSTIC,    15, -5.796472490763e-01, 1.501987864709e-03, 2.8853e+01, 2.6770e-01, 
 1DIAGNOSTIC,    16, -5.798902383871e-01, 1.216892503433e-03, 2.9121e+01, 2.6825e-01, 
 1DIAGNOSTIC,    17, -5.817411690235e-01, 1.024792511975e-03, 2.9389e+01, 2.6804e-01, 
 1DIAGNOSTIC,    18, -5.815641923924e-01, 8.506940953658e-04, 2.9656e+01, 2.6727e-01, 
 1DIAGNOSTIC,    19, -5.832480165337e-01, 7.353505293871e-04, 2.9924e+01, 2.6778e-01, 
 1DIAGNOSTIC,    20, -5.829096784511e-01, 5.883192597103e-04, 3.0192e+01, 2.6843e-01, 
 1DIAGNOSTIC,    21, -5.841833726301e-01, 4.910133797349e-04, 3.0460e+01, 2.6788e-01, 
 1DIAGNOSTIC,    22, -5.836438528533e-01, 3.825201028212e-04, 3.0728e+01, 2.6823e-01, 
 1DIAGNOSTIC,    23, -5.848143709672e-01, 3.225459388953e-04, 3.0998e+01, 2.6974e-01, 
 1DIAGNOSTIC,    24, -5.842852246264e-01, 2.404557388737e-04, 3.1266e+01, 2.6805e-01, 
 1DIAGNOSTIC,    25, -5.856384562014e-01, 2.146327695873e-04, 3.1534e+01, 2.6824e-01, 
 1DIAGNOSTIC,    26, -5.849204344475e-01, 1.603037787805e-04, 3.1804e+01, 2.6995e-01, 
 1DIAGNOSTIC,    27, -5.861985345865e-01, 1.539331981940e-04, 3.2074e+01, 2.6968e-01, 
 1DIAGNOSTIC,    28, -5.860771816335e-01, 1.270692050287e-04, 3.2344e+01, 2.7025e-01, 
 1DIAGNOSTIC,    29, -5.868986111309e-01, 1.336916528694e-04, 3.2614e+01, 2.7010e-01, 
 1DIAGNOSTIC,    30, -5.861899675724e-01, 1.091926640651e-04, 3.2885e+01, 2.7024e-01, 
 1DIAGNOSTIC,    31, -5.880918367121e-01, 1.278823038963e-04, 3.3155e+01, 2.7023e-01, 
 1DIAGNOSTIC,    32, -5.876632483689e-01, 1.169924052178e-04, 3.3425e+01, 2.6994e-01, 
 1DIAGNOSTIC,    33, -5.875074351270e-01, 1.116303686373e-04, 3.3699e+01, 2.7367e-01, 
 1DIAGNOSTIC,    34, -5.881421477641e-01, 9.753081019317e-05, 3.3969e+01, 2.7082e-01, 
 1DIAGNOSTIC,    35, -5.876082011666e-01, 8.682476535338e-05, 3.4239e+01, 2.6985e-01, 
 1DIAGNOSTIC,    36, -5.886779451978e-01, 7.296115789560e-05, 3.4512e+01, 2.7250e-01, 
 1DIAGNOSTIC,    37, -5.887447292180e-01, 7.069095599406e-05, 3.4781e+01, 2.6944e-01, 
 1DIAGNOSTIC,    38, -5.881212655251e-01, 5.224000226256e-05, 3.5053e+01, 2.7143e-01, 
 1DIAGNOSTIC,    39, -5.889149055209e-01, 5.115885182450e-05, 3.5323e+01, 2.7078e-01, 
 1DIAGNOSTIC,    40, -5.873754804719e-01, 1.646144812675e-05, 3.5594e+01, 2.7023e-01, 
 1DIAGNOSTIC,    41, -5.891486030333e-01, 2.685900117562e-05, 3.5867e+01, 2.7297e-01, 
 1DIAGNOSTIC,    42, -5.890937822976e-01, 2.792481646701e-05, 3.6136e+01, 2.6954e-01, 
 1DIAGNOSTIC,    43, -5.883238468485e-01, 1.570020125492e-05, 3.6407e+01, 2.7079e-01, 
 1DIAGNOSTIC,    44, -5.891153005131e-01, 1.943493174235e-05, 3.6678e+01, 2.7113e-01, 
 1DIAGNOSTIC,    45, -5.887551220163e-01, 1.079816729301e-05, 3.6947e+01, 2.6920e-01, 
 1DIAGNOSTIC,    46, -5.875278534766e-01, -2.463621965355e-07, 3.7216e+01, 2.6919e-01, 
XXDIAGNOSTIC,Iteration,metricValue,convergenceValue,ITERATION_TIME_INDEX,SINCE_LAST
 1DIAGNOSTIC,     1, -4.964108222755e-01, 1.797693134862e+308, 5.2164e+01, 1.4947e+01, 
 1DIAGNOSTIC,     2, -4.988113807737e-01, 1.797693134862e+308, 5.3419e+01, 1.2556e+00, 
 1DIAGNOSTIC,     3, -5.010236938935e-01, 1.797693134862e+308, 5.4581e+01, 1.1616e+00, 
 1DIAGNOSTIC,     4, -5.028023232231e-01, 1.797693134862e+308, 5.5849e+01, 1.2676e+00, 
 1DIAGNOSTIC,     5, -5.053735844047e-01, 1.797693134862e+308, 5.7163e+01, 1.3147e+00, 
 1DIAGNOSTIC,     6, -5.069390019324e-01, 1.797693134862e+308, 5.8417e+01, 1.2538e+00, 
 1DIAGNOSTIC,     7, -5.086796967910e-01, 1.797693134862e+308, 5.9635e+01, 1.2182e+00, 
 1DIAGNOSTIC,     8, -5.098960478052e-01, 1.797693134862e+308, 6.0891e+01, 1.2556e+00, 
 1DIAGNOSTIC,     9, -5.106904689355e-01, 1.797693134862e+308, 6.2273e+01, 1.3825e+00, 
 1DIAGNOSTIC,    10, -5.118013280636e-01, 1.972005021080e-03, 6.3576e+01, 1.3029e+00, 
 1DIAGNOSTIC,    11, -5.124449927216e-01, 1.585438728708e-03, 6.4792e+01, 1.2161e+00, 
 1DIAGNOSTIC,    12, -5.132813404674e-01, 1.272026680291e-03, 6.6006e+01, 1.2142e+00, 
 1DIAGNOSTIC,    13, -5.137044803401e-01, 1.005529995416e-03, 6.7230e+01, 1.2235e+00, 
 1DIAGNOSTIC,    14, -5.144951771459e-01, 7.876188517291e-04, 6.8455e+01, 1.2246e+00, 
 1DIAGNOSTIC,    15, -5.148293139161e-01, 6.346285055156e-04, 6.9688e+01, 1.2329e+00, 
 1DIAGNOSTIC,    16, -5.156891035055e-01, 5.265353573533e-04, 7.0917e+01, 1.2291e+00, 
 1DIAGNOSTIC,    17, -5.160471713433e-01, 4.509138956792e-04, 7.2142e+01, 1.2257e+00, 
 1DIAGNOSTIC,    18, -5.166205949810e-01, 3.976035022523e-04, 7.3361e+01, 1.2186e+00, 
 1DIAGNOSTIC,    19, -5.169833650565e-01, 3.465438707627e-04, 7.4579e+01, 1.2176e+00, 
 1DIAGNOSTIC,    20, -5.174661002059e-01, 3.127038530398e-04, 7.5798e+01, 1.2190e+00, 
 1DIAGNOSTIC,    21, -5.178474600330e-01, 2.797165178687e-04, 7.7021e+01, 1.2238e+00, 
 1DIAGNOSTIC,    22, -5.181115945394e-01, 2.514367987135e-04, 7.8235e+01, 1.2140e+00, 
 1DIAGNOSTIC,    23, -5.182879552655e-01, 2.164706678337e-04, 7.9456e+01, 1.2208e+00, 
 1DIAGNOSTIC,    24, -5.184571095069e-01, 1.865470173824e-04, 8.0672e+01, 1.2158e+00, 
 1DIAGNOSTIC,    25, -5.184152466256e-01, 1.477074712875e-04, 8.1893e+01, 1.2206e+00, 
 1DIAGNOSTIC,    26, -5.184480098647e-01, 1.171696307825e-04, 8.3111e+01, 1.2184e+00, 
 1DIAGNOSTIC,    27, -5.184987251959e-01, 8.621140337053e-05, 8.4327e+01, 1.2158e+00, 
 1DIAGNOSTIC,    28, -5.184957809660e-01, 6.067965206024e-05, 8.5547e+01, 1.2197e+00, 
 1DIAGNOSTIC,    29, -5.187338442474e-01, 4.265710644112e-05, 8.6772e+01, 1.2253e+00, 
 1DIAGNOSTIC,    30, -5.188834220764e-01, 3.339860031272e-05, 8.7992e+01, 1.2199e+00, 
 1DIAGNOSTIC,    31, -5.191208917876e-01, 3.265658960126e-05, 8.9207e+01, 1.2153e+00, 
 1DIAGNOSTIC,    32, -5.193270081701e-01, 3.700212256346e-05, 9.0428e+01, 1.2209e+00, 
 1DIAGNOSTIC,    33, -5.195746637634e-01, 4.467048597951e-05, 9.1641e+01, 1.2132e+00, 
 1DIAGNOSTIC,    34, -5.199125918019e-01, 5.593904010562e-05, 9.2886e+01, 1.2450e+00, 
 1DIAGNOSTIC,    35, -5.200115067506e-01, 6.210702893818e-05, 9.4097e+01, 1.2112e+00, 
 1DIAGNOSTIC,    36, -5.203362361168e-01, 6.763604772640e-05, 9.5311e+01, 1.2139e+00, 
 1DIAGNOSTIC,    37, -5.206495361085e-01, 7.191158649165e-05, 9.6532e+01, 1.2211e+00, 
 1DIAGNOSTIC,    38, -5.206177938399e-01, 6.853411086029e-05, 9.7753e+01, 1.2204e+00, 
 1DIAGNOSTIC,    39, -5.209255159592e-01, 6.668056052825e-05, 9.9023e+01, 1.2703e+00, 
 1DIAGNOSTIC,    40, -5.212901817694e-01, 6.562151277446e-05, 1.0024e+02, 1.2185e+00, 
 1DIAGNOSTIC,    41, -5.212233612982e-01, 6.057160141826e-05, 1.0146e+02, 1.2197e+00, 
 1DIAGNOSTIC,    42, -5.213107572047e-01, 5.396010631708e-05, 1.0269e+02, 1.2247e+00, 
 1DIAGNOSTIC,    43, -5.211600997678e-01, 4.379347601824e-05, 1.0406e+02, 1.3718e+00, 
 1DIAGNOSTIC,    44, -5.212823601389e-01, 3.579867984432e-05, 1.0544e+02, 1.3834e+00, 
 1DIAGNOSTIC,    45, -5.212461965672e-01, 2.537086100795e-05, 1.0682e+02, 1.3741e+00, 
 1DIAGNOSTIC,    46, -5.212690479767e-01, 1.714938163618e-05, 1.0820e+02, 1.3817e+00, 
 1DIAGNOSTIC,    47, -5.213167486320e-01, 1.206674250485e-05, 1.0954e+02, 1.3454e+00, 
 1DIAGNOSTIC,    48, -5.215119174766e-01, 7.921420285995e-06, 1.1078e+02, 1.2364e+00, 
 1DIAGNOSTIC,    49, -5.215928411336e-01, 7.443436007941e-06, 1.1199e+02, 1.2157e+00, 
 1DIAGNOSTIC,    50, -5.216604292376e-01, 1.111058656306e-05, 1.1324e+02, 1.2491e+00, 
 1DIAGNOSTIC,    51, -5.216772551068e-01, 1.308325279760e-05, 1.1446e+02, 1.2162e+00, 
 1DIAGNOSTIC,    52, -5.218620968521e-01, 1.672202277365e-05, 1.1567e+02, 1.2148e+00, 
 1DIAGNOSTIC,    53, -5.217718296352e-01, 1.605746519771e-05, 1.1689e+02, 1.2190e+00, 
 1DIAGNOSTIC,    54, -5.219934786418e-01, 1.748807383871e-05, 1.1811e+02, 1.2183e+00, 
 1DIAGNOSTIC,    55, -5.219084463493e-01, 1.600368801782e-05, 1.1933e+02, 1.2208e+00, 
 1DIAGNOSTIC,    56, -5.219643745013e-01, 1.391173819875e-05, 1.2055e+02, 1.2197e+00, 
 1DIAGNOSTIC,    57, -5.219264918013e-01, 1.065533170525e-05, 1.2184e+02, 1.2858e+00, 
 1DIAGNOSTIC,    58, -5.220517680422e-01, 9.572019007760e-06, 1.2307e+02, 1.2333e+00, 
 1DIAGNOSTIC,    59, -5.218411801386e-01, 6.404775177469e-06, 1.2429e+02, 1.2167e+00, 
 1DIAGNOSTIC,    60, -5.220339891631e-01, 5.235418637329e-06, 1.2550e+02, 1.2159e+00, 
 1DIAGNOSTIC,    61, -5.218033990154e-01, 1.643290828957e-06, 1.2672e+02, 1.2148e+00, 
 1DIAGNOSTIC,    62, -5.217508390250e-01, -6.843842352208e-07, 1.2793e+02, 1.2158e+00, 
XXDIAGNOSTIC,Iteration,metricValue,convergenceValue,ITERATION_TIME_INDEX,SINCE_LAST
 1DIAGNOSTIC,     1, -4.286061330980e-01, 1.797693134862e+308, 1.3813e+02, 1.0196e+01, 
 1DIAGNOSTIC,     2, -4.288811188072e-01, 1.797693134862e+308, 1.4078e+02, 2.6472e+00, 
 1DIAGNOSTIC,     3, -4.295144856074e-01, 1.797693134862e+308, 1.4335e+02, 2.5738e+00, 
 1DIAGNOSTIC,     4, -4.300199814452e-01, 1.797693134862e+308, 1.4594e+02, 2.5867e+00, 
 1DIAGNOSTIC,     5, -4.306186443939e-01, 1.797693134862e+308, 1.4853e+02, 2.5933e+00, 
 1DIAGNOSTIC,     6, -4.311267024050e-01, 1.797693134862e+308, 1.5117e+02, 2.6420e+00, 
 1DIAGNOSTIC,     7, -4.315318811848e-01, 1.797693134862e+308, 1.5375e+02, 2.5749e+00, 
 1DIAGNOSTIC,     8, -4.318794922780e-01, 1.797693134862e+308, 1.5633e+02, 2.5784e+00, 
 1DIAGNOSTIC,     9, -4.322502825758e-01, 1.797693134862e+308, 1.5897e+02, 2.6480e+00, 
 1DIAGNOSTIC,    10, -4.325683294945e-01, 6.205490324180e-04, 1.6162e+02, 2.6446e+00, 
 1DIAGNOSTIC,    11, -4.326883397255e-01, 5.243749588793e-04, 1.6426e+02, 2.6456e+00, 
 1DIAGNOSTIC,    12, -4.329365365853e-01, 4.259521605650e-04, 1.6691e+02, 2.6416e+00, 
 1DIAGNOSTIC,    13, -4.330846096581e-01, 3.437187394108e-04, 1.6955e+02, 2.6431e+00, 
 1DIAGNOSTIC,    14, -4.333635692781e-01, 2.786125158728e-04, 1.7220e+02, 2.6531e+00, 
 1DIAGNOSTIC,    15, -4.335157686818e-01, 2.293831545951e-04, 1.7487e+02, 2.6625e+00, 
 1DIAGNOSTIC,    16, -4.336737684746e-01, 1.927373999702e-04, 1.7756e+02, 2.6929e+00, 
 1DIAGNOSTIC,    17, -4.337755647268e-01, 1.623541265882e-04, 1.8022e+02, 2.6609e+00, 
 1DIAGNOSTIC,    18, -4.339187940873e-01, 1.381959163162e-04, 1.8299e+02, 2.7741e+00, 
 1DIAGNOSTIC,    19, -4.341276232572e-01, 1.236823823168e-04, 1.8574e+02, 2.7486e+00, 
 1DIAGNOSTIC,    20, -4.342779945204e-01, 1.145363321280e-04, 1.8840e+02, 2.6537e+00, 
 1DIAGNOSTIC,    21, -4.343631520972e-01, 1.020494597314e-04, 1.9106e+02, 2.6624e+00, 
 1DIAGNOSTIC,    22, -4.344847371491e-01, 9.241321419098e-05, 1.9372e+02, 2.6642e+00, 
 1DIAGNOSTIC,    23, -4.346180294614e-01, 8.294434907820e-05, 1.9638e+02, 2.6561e+00, 
 1DIAGNOSTIC,    24, -4.347604599563e-01, 7.798642835067e-05, 1.9904e+02, 2.6626e+00, 
 1DIAGNOSTIC,    25, -4.349470229502e-01, 7.499726076196e-05, 2.0170e+02, 2.6589e+00, 
 1DIAGNOSTIC,    26, -4.351867079741e-01, 7.530889848291e-05, 2.0437e+02, 2.6687e+00, 
 1DIAGNOSTIC,    27, -4.352989272311e-01, 7.372083005128e-05, 2.0704e+02, 2.6739e+00, 
 1DIAGNOSTIC,    28, -4.355205636479e-01, 7.388232720016e-05, 2.0971e+02, 2.6684e+00, 
 1DIAGNOSTIC,    29, -4.357259863124e-01, 7.640330060267e-05, 2.1238e+02, 2.6677e+00, 
 1DIAGNOSTIC,    30, -4.359641087744e-01, 8.002878601579e-05, 2.1504e+02, 2.6583e+00, 
 1DIAGNOSTIC,    31, -4.361684740214e-01, 8.195658628901e-05, 2.1770e+02, 2.6659e+00, 
 1DIAGNOSTIC,    32, -4.363862660938e-01, 8.300386878616e-05, 2.2038e+02, 2.6803e+00, 
 1DIAGNOSTIC,    33, -4.366559362844e-01, 8.416204971868e-05, 2.2305e+02, 2.6700e+00, 
 1DIAGNOSTIC,    34, -4.368449795118e-01, 8.359957027493e-05, 2.2573e+02, 2.6730e+00, 
 1DIAGNOSTIC,    35, -4.371029024744e-01, 8.342580520546e-05, 2.2840e+02, 2.6754e+00, 
 1DIAGNOSTIC,    36, -4.372850018777e-01, 8.303781163546e-05, 2.3107e+02, 2.6664e+00, 
 1DIAGNOSTIC,    37, -4.375062423656e-01, 8.067860997915e-05, 2.3373e+02, 2.6646e+00, 
 1DIAGNOSTIC,    38, -4.376589310158e-01, 7.719804250932e-05, 2.3638e+02, 2.6493e+00, 
 1DIAGNOSTIC,    39, -4.378404760571e-01, 7.303932516433e-05, 2.3904e+02, 2.6621e+00, 
 1DIAGNOSTIC,    40, -4.379580997166e-01, 6.795572959716e-05, 2.4170e+02, 2.6570e+00, 
 1DIAGNOSTIC,    41, -4.381454004167e-01, 6.291170832343e-05, 2.4438e+02, 2.6842e+00, 
 1DIAGNOSTIC,    42, -4.383048385659e-01, 5.794329239835e-05, 2.4705e+02, 2.6691e+00, 
 1DIAGNOSTIC,    43, -4.384676362039e-01, 5.426766875526e-05, 2.4974e+02, 2.6868e+00, 
 1DIAGNOSTIC,    44, -4.385741541004e-01, 4.995941196732e-05, 2.5240e+02, 2.6591e+00, 
 1DIAGNOSTIC,    45, -4.387724762351e-01, 4.773882713306e-05, 2.5507e+02, 2.6696e+00, 
 1DIAGNOSTIC,    46, -4.388831277588e-01, 4.517123982526e-05, 2.5777e+02, 2.7044e+00, 
 1DIAGNOSTIC,    47, -4.390172173636e-01, 4.335271953743e-05, 2.6043e+02, 2.6572e+00, 
 1DIAGNOSTIC,    48, -4.391286235548e-01, 4.106923207527e-05, 2.6310e+02, 2.6701e+00, 
 1DIAGNOSTIC,    49, -4.392168256304e-01, 3.858721011020e-05, 2.6575e+02, 2.6500e+00, 
 1DIAGNOSTIC,    50, -4.394121199637e-01, 3.660646653709e-05, 2.6842e+02, 2.6678e+00, 
 1DIAGNOSTIC,    51, -4.394731789690e-01, 3.435081280143e-05, 2.7108e+02, 2.6591e+00, 
 1DIAGNOSTIC,    52, -4.396536117173e-01, 3.320106551780e-05, 2.7373e+02, 2.6517e+00, 
 1DIAGNOSTIC,    53, -4.397807343327e-01, 3.250525885608e-05, 2.7639e+02, 2.6606e+00, 
 1DIAGNOSTIC,    54, -4.398549074686e-01, 3.089395787228e-05, 2.7905e+02, 2.6572e+00, 
 1DIAGNOSTIC,    55, -4.399819170425e-01, 3.027804131110e-05, 2.8170e+02, 2.6570e+00, 
 1DIAGNOSTIC,    56, -4.400732605626e-01, 2.913710174282e-05, 2.8437e+02, 2.6697e+00, 
 1DIAGNOSTIC,    57, -4.401396681304e-01, 2.755746254475e-05, 2.8703e+02, 2.6534e+00, 
 1DIAGNOSTIC,    58, -4.402200244950e-01, 2.558356301395e-05, 2.8969e+02, 2.6622e+00, 
 1DIAGNOSTIC,    59, -4.402736029969e-01, 2.279226928485e-05, 2.9235e+02, 2.6621e+00, 
 1DIAGNOSTIC,    60, -4.403976941223e-01, 2.142892948105e-05, 2.9501e+02, 2.6534e+00, 
 1DIAGNOSTIC,    61, -4.405676097384e-01, 2.050196263899e-05, 2.9766e+02, 2.6523e+00, 
 1DIAGNOSTIC,    62, -4.406507025872e-01, 2.040168249204e-05, 3.0032e+02, 2.6631e+00, 
 1DIAGNOSTIC,    63, -4.407450781884e-01, 2.069018872185e-05, 3.0298e+02, 2.6627e+00, 
 1DIAGNOSTIC,    64, -4.408340688518e-01, 2.066696744337e-05, 3.0563e+02, 2.6507e+00, 
 1DIAGNOSTIC,    65, -4.409356937710e-01, 2.095913431531e-05, 3.0830e+02, 2.6613e+00, 
 1DIAGNOSTIC,    66, -4.410456314733e-01, 2.121814747166e-05, 3.1106e+02, 2.7660e+00, 
 1DIAGNOSTIC,    67, -4.411699052890e-01, 2.130119628092e-05, 3.1393e+02, 2.8692e+00, 
 1DIAGNOSTIC,    68, -4.412666911676e-01, 2.107082378469e-05, 3.1661e+02, 2.6778e+00, 
 1DIAGNOSTIC,    69, -4.413390653777e-01, 2.003261922742e-05, 3.1932e+02, 2.7075e+00, 
 1DIAGNOSTIC,    70, -4.414756528142e-01, 1.952797184903e-05, 3.2200e+02, 2.6822e+00, 
XXDIAGNOSTIC,Iteration,metricValue,convergenceValue,ITERATION_TIME_INDEX,SINCE_LAST
 1DIAGNOSTIC,     1, -3.441798904738e-01, 1.797693134862e+308, 3.5372e+02, 3.1723e+01, 
 1DIAGNOSTIC,     2, -3.450595673145e-01, 1.797693134862e+308, 3.7434e+02, 2.0618e+01, 
 1DIAGNOSTIC,     3, -3.461536254051e-01, 1.797693134862e+308, 3.9634e+02, 2.2001e+01, 
 1DIAGNOSTIC,     4, -3.472003277244e-01, 1.797693134862e+308, 4.1654e+02, 2.0197e+01, 
 1DIAGNOSTIC,     5, -3.481958150374e-01, 1.797693134862e+308, 4.3672e+02, 2.0182e+01, 
 1DIAGNOSTIC,     6, -3.491255638162e-01, 1.797693134862e+308, 4.5690e+02, 2.0182e+01, 
slurmstepd: error: *** JOB 4089904 ON wbic-csm-2 CANCELLED AT 2019-10-20T16:39:37 DUE TO TIME LIMIT ***
