Changed directory to /lustre/scratch/wbic-beta/ccn30/ENCRYPT/gridcellpilot/scripts/coregistration/slurmoutputs.

JobID: 4089901
======
Time: Sun Oct 20 16:29:14 BST 2019
Running on master node: wbic-csm-2
Current directory: /lustre/scratch/wbic-beta/ccn30/ENCRYPT/gridcellpilot/scripts/coregistration/slurmoutputs

Nodes allocated:
================
wbic-csm-2

numtasks=, numnodes=1, mpi_tasks_per_node=2 (OMP_NUM_THREADS=1)

Executing command:
==================
/lustre/scratch/wbic-beta/ccn30/ENCRYPT/gridcellpilot/scripts/coregistration/coreg_all.sh /lustre/scratch/wbic-beta/ccn30/ENCRYPT/gridcellpilot 29332/20190903_U-ID46058

29332
/lustre/scratch/wbic-beta/ccn30/ENCRYPT/gridcellpilot/preprocessed_data/segmentation/29332
mkdir: cannot create directory ‘/lustre/scratch/wbic-beta/ccn30/ENCRYPT/gridcellpilot/preprocessed_data/segmentation/29332/coregistration’: File exists
Making coregistration directory...
/lustre/scratch/wbic-beta/ccn30/ENCRYPT/gridcellpilot/preprocessed_data/segmentation/29332/coregistration
EXECUTING t2 to t1 coreg:  29332

--------------------------------------------------------------------------------------
 Mapping parameters
--------------------------------------------------------------------------------------
 ANTSPATH is /applications/ANTS/2.2.0/bin/

 Dimensionality:           3
 Output name prefix:       /lustre/scratch/wbic-beta/ccn30/ENCRYPT/gridcellpilot/preprocessed_data/segmentation/29332/coregistration/T1toT2_ANTS_
 Fixed images:             /lustre/scratch/wbic-beta/ccn30/ENCRYPT/gridcellpilot/raw_data/images/29332/20190903_U-ID46058/Series_033_Highresolution_TSE_PAT2_100/N4Series_033_Highresolution_TSE_PAT2_100_c32.nii
 Moving images:            /lustre/scratch/wbic-beta/ccn30/ENCRYPT/gridcellpilot/raw_data/images/29332/20190903_U-ID46058/mp2rage/reorientn4mag0000_PSIR_skulled_std.nii
 Number of threads:        1
 Spline distance:          26
 Transform type:           s
 MI histogram bins:        32
 Precision:                d
 Use histogram matching    0
======================================================================================
 antsRegistration call:
--------------------------------------------------------------------------------------
/applications/ANTS/2.2.0/bin//antsRegistration --verbose 1 --dimensionality 3 --float 0 --output [/lustre/scratch/wbic-beta/ccn30/ENCRYPT/gridcellpilot/preprocessed_data/segmentation/29332/coregistration/T1toT2_ANTS_,/lustre/scratch/wbic-beta/ccn30/ENCRYPT/gridcellpilot/preprocessed_data/segmentation/29332/coregistration/T1toT2_ANTS_Warped.nii.gz,/lustre/scratch/wbic-beta/ccn30/ENCRYPT/gridcellpilot/preprocessed_data/segmentation/29332/coregistration/T1toT2_ANTS_InverseWarped.nii.gz] --interpolation Linear --use-histogram-matching 0 --winsorize-image-intensities [0.005,0.995] --initial-moving-transform [/lustre/scratch/wbic-beta/ccn30/ENCRYPT/gridcellpilot/raw_data/images/29332/20190903_U-ID46058/Series_033_Highresolution_TSE_PAT2_100/N4Series_033_Highresolution_TSE_PAT2_100_c32.nii,/lustre/scratch/wbic-beta/ccn30/ENCRYPT/gridcellpilot/raw_data/images/29332/20190903_U-ID46058/mp2rage/reorientn4mag0000_PSIR_skulled_std.nii,1] --transform Rigid[0.1] --metric MI[/lustre/scratch/wbic-beta/ccn30/ENCRYPT/gridcellpilot/raw_data/images/29332/20190903_U-ID46058/Series_033_Highresolution_TSE_PAT2_100/N4Series_033_Highresolution_TSE_PAT2_100_c32.nii,/lustre/scratch/wbic-beta/ccn30/ENCRYPT/gridcellpilot/raw_data/images/29332/20190903_U-ID46058/mp2rage/reorientn4mag0000_PSIR_skulled_std.nii,1,32,Regular,0.25] --convergence [1000x500x250x0,1e-6,10] --shrink-factors 12x8x4x2 --smoothing-sigmas 4x3x2x1vox --transform Affine[0.1] --metric MI[/lustre/scratch/wbic-beta/ccn30/ENCRYPT/gridcellpilot/raw_data/images/29332/20190903_U-ID46058/Series_033_Highresolution_TSE_PAT2_100/N4Series_033_Highresolution_TSE_PAT2_100_c32.nii,/lustre/scratch/wbic-beta/ccn30/ENCRYPT/gridcellpilot/raw_data/images/29332/20190903_U-ID46058/mp2rage/reorientn4mag0000_PSIR_skulled_std.nii,1,32,Regular,0.25] --convergence [1000x500x250x0,1e-6,10] --shrink-factors 12x8x4x2 --smoothing-sigmas 4x3x2x1vox --transform SyN[0.1,3,0] --metric MI[/lustre/scratch/wbic-beta/ccn30/ENCRYPT/gridcellpilot/raw_data/images/29332/20190903_U-ID46058/Series_033_Highresolution_TSE_PAT2_100/N4Series_033_Highresolution_TSE_PAT2_100_c32.nii,/lustre/scratch/wbic-beta/ccn30/ENCRYPT/gridcellpilot/raw_data/images/29332/20190903_U-ID46058/mp2rage/reorientn4mag0000_PSIR_skulled_std.nii,1,32] --convergence [100x100x70x50x0,1e-6,10] --shrink-factors 10x6x4x2x1 --smoothing-sigmas 5x3x2x1x0vox
--------------------------------------------------------------------------------------
All_Command_lines_OK
Using double precision for computations.
=============================================================================
The composite transform comprises the following transforms (in order): 
  1. Center of mass alignment using fixed image: /lustre/scratch/wbic-beta/ccn30/ENCRYPT/gridcellpilot/raw_data/images/29332/20190903_U-ID46058/Series_033_Highresolution_TSE_PAT2_100/N4Series_033_Highresolution_TSE_PAT2_100_c32.nii and moving image: /lustre/scratch/wbic-beta/ccn30/ENCRYPT/gridcellpilot/raw_data/images/29332/20190903_U-ID46058/mp2rage/reorientn4mag0000_PSIR_skulled_std.nii (type = Euler3DTransform)
=============================================================================
  number of levels = 4
  number of levels = 4
  number of levels = 5
  fixed image: /lustre/scratch/wbic-beta/ccn30/ENCRYPT/gridcellpilot/raw_data/images/29332/20190903_U-ID46058/Series_033_Highresolution_TSE_PAT2_100/N4Series_033_Highresolution_TSE_PAT2_100_c32.nii
  moving image: /lustre/scratch/wbic-beta/ccn30/ENCRYPT/gridcellpilot/raw_data/images/29332/20190903_U-ID46058/mp2rage/reorientn4mag0000_PSIR_skulled_std.nii
  fixed image: /lustre/scratch/wbic-beta/ccn30/ENCRYPT/gridcellpilot/raw_data/images/29332/20190903_U-ID46058/Series_033_Highresolution_TSE_PAT2_100/N4Series_033_Highresolution_TSE_PAT2_100_c32.nii
  moving image: /lustre/scratch/wbic-beta/ccn30/ENCRYPT/gridcellpilot/raw_data/images/29332/20190903_U-ID46058/mp2rage/reorientn4mag0000_PSIR_skulled_std.nii
  fixed image: /lustre/scratch/wbic-beta/ccn30/ENCRYPT/gridcellpilot/raw_data/images/29332/20190903_U-ID46058/Series_033_Highresolution_TSE_PAT2_100/N4Series_033_Highresolution_TSE_PAT2_100_c32.nii
  moving image: /lustre/scratch/wbic-beta/ccn30/ENCRYPT/gridcellpilot/raw_data/images/29332/20190903_U-ID46058/mp2rage/reorientn4mag0000_PSIR_skulled_std.nii
Dimension = 3
Number of stages = 3
Use Histogram Matching false
Winsorize image intensities true
Lower quantile = 0.005
Upper quantile = 0.995
Stage 1 State
   Image metric = Mattes
     Fixed image = Image (0x4a0f610)
  RTTI typeinfo:   itk::Image<double, 3u>
  Reference Count: 2
  Modified Time: 1713
  Debug: Off
  Object Name: 
  Observers: 
    none
  Source: (none)
  Source output name: (none)
  Release Data: Off
  Data Released: False
  Global Release Data: Off
  PipelineMTime: 0
  UpdateMTime: 1535
  RealTimeStamp: 0 seconds 
  LargestPossibleRegion: 
    Dimension: 3
    Index: [0, 0, 0]
    Size: [512, 512, 54]
  BufferedRegion: 
    Dimension: 3
    Index: [0, 0, 0]
    Size: [512, 512, 54]
  RequestedRegion: 
    Dimension: 3
    Index: [0, 0, 0]
    Size: [512, 512, 54]
  Spacing: [0.4375, 0.4375, 1.1]
  Origin: [-112, 13.4042, -106.502]
  Direction: 
1 1.20559e-11 -7.38789e-12
1.20559e-11 -0.453991 0.891007
-7.38789e-12 0.891007 0.453991

  IndexToPointMatrix: 
0.4375 5.27447e-12 -8.12668e-12
5.27447e-12 -0.198621 0.980107
-3.2322e-12 0.389815 0.49939

  PointToIndexMatrix: 
2.28571 2.75564e-11 -1.68866e-11
2.75564e-11 -1.03769 2.03659
-6.71626e-12 0.810006 0.412719

  Inverse Direction: 
1 1.20559e-11 -7.38789e-12
1.20559e-11 -0.453991 0.891007
-7.38789e-12 0.891007 0.453991

  PixelContainer: 
    ImportImageContainer (0x4a095e0)
      RTTI typeinfo:   itk::ImportImageContainer<unsigned long, double>
      Reference Count: 1
      Modified Time: 1532
      Debug: Off
      Object Name: 
      Observers: 
        none
      Pointer: 0x2b039cbf8010
      Container manages memory: true
      Size: 14155776
      Capacity: 14155776

     Moving image = Image (0x4a102f0)
  RTTI typeinfo:   itk::Image<double, 3u>
  Reference Count: 2
  Modified Time: 1714
  Debug: Off
  Object Name: 
  Observers: 
    none
  Source: (none)
  Source output name: (none)
  Release Data: Off
  Data Released: False
  Global Release Data: Off
  PipelineMTime: 0
  UpdateMTime: 1711
  RealTimeStamp: 0 seconds 
  LargestPossibleRegion: 
    Dimension: 3
    Index: [0, 0, 0]
    Size: [224, 320, 320]
  BufferedRegion: 
    Dimension: 3
    Index: [0, 0, 0]
    Size: [224, 320, 320]
  RequestedRegion: 
    Dimension: 3
    Index: [0, 0, 0]
    Size: [224, 320, 320]
  Spacing: [0.699997, 0.7, 0.7]
  Origin: [-80.5294, 73.4889, -115.639]
  Direction: 
1 0 0
0 -1 0
0 0 1

  IndexToPointMatrix: 
0.699997 0 0
0 -0.7 0
0 0 0.7

  PointToIndexMatrix: 
1.42858 0 0
0 -1.42857 0
0 0 1.42857

  Inverse Direction: 
1 0 0
0 -1 0
0 0 1

  PixelContainer: 
    ImportImageContainer (0x4a0dc90)
      RTTI typeinfo:   itk::ImportImageContainer<unsigned long, double>
      Reference Count: 1
      Modified Time: 1708
      Debug: Off
      Object Name: 
      Observers: 
        none
      Pointer: 0x2b03a37f9010
      Container manages memory: true
      Size: 22937600
      Capacity: 22937600

     Weighting = 1
     Sampling strategy = regular
     Number of bins = 32
     Radius = 4
     Sampling percentage  = 0.25
   Transform = Rigid
     Gradient step = 0.1
     Update field sigma (voxel space) = 0
     Total field sigma (voxel space) = 0
     Update field time sigma = 0
     Total field time sigma  = 0
     Number of time indices = 0
     Number of time point samples = 0
Stage 2 State
   Image metric = Mattes
     Fixed image = Image (0x4a11010)
  RTTI typeinfo:   itk::Image<double, 3u>
  Reference Count: 2
  Modified Time: 2067
  Debug: Off
  Object Name: 
  Observers: 
    none
  Source: (none)
  Source output name: (none)
  Release Data: Off
  Data Released: False
  Global Release Data: Off
  PipelineMTime: 0
  UpdateMTime: 1889
  RealTimeStamp: 0 seconds 
  LargestPossibleRegion: 
    Dimension: 3
    Index: [0, 0, 0]
    Size: [512, 512, 54]
  BufferedRegion: 
    Dimension: 3
    Index: [0, 0, 0]
    Size: [512, 512, 54]
  RequestedRegion: 
    Dimension: 3
    Index: [0, 0, 0]
    Size: [512, 512, 54]
  Spacing: [0.4375, 0.4375, 1.1]
  Origin: [-112, 13.4042, -106.502]
  Direction: 
1 1.20559e-11 -7.38789e-12
1.20559e-11 -0.453991 0.891007
-7.38789e-12 0.891007 0.453991

  IndexToPointMatrix: 
0.4375 5.27447e-12 -8.12668e-12
5.27447e-12 -0.198621 0.980107
-3.2322e-12 0.389815 0.49939

  PointToIndexMatrix: 
2.28571 2.75564e-11 -1.68866e-11
2.75564e-11 -1.03769 2.03659
-6.71626e-12 0.810006 0.412719

  Inverse Direction: 
1 1.20559e-11 -7.38789e-12
1.20559e-11 -0.453991 0.891007
-7.38789e-12 0.891007 0.453991

  PixelContainer: 
    ImportImageContainer (0x4a0a210)
      RTTI typeinfo:   itk::ImportImageContainer<unsigned long, double>
      Reference Count: 1
      Modified Time: 1886
      Debug: Off
      Object Name: 
      Observers: 
        none
      Pointer: 0x2b03ae6fa010
      Container manages memory: true
      Size: 14155776
      Capacity: 14155776

     Moving image = Image (0x4a1ccd0)
  RTTI typeinfo:   itk::Image<double, 3u>
  Reference Count: 2
  Modified Time: 2068
  Debug: Off
  Object Name: 
  Observers: 
    none
  Source: (none)
  Source output name: (none)
  Release Data: Off
  Data Released: False
  Global Release Data: Off
  PipelineMTime: 0
  UpdateMTime: 2065
  RealTimeStamp: 0 seconds 
  LargestPossibleRegion: 
    Dimension: 3
    Index: [0, 0, 0]
    Size: [224, 320, 320]
  BufferedRegion: 
    Dimension: 3
    Index: [0, 0, 0]
    Size: [224, 320, 320]
  RequestedRegion: 
    Dimension: 3
    Index: [0, 0, 0]
    Size: [224, 320, 320]
  Spacing: [0.699997, 0.7, 0.7]
  Origin: [-80.5294, 73.4889, -115.639]
  Direction: 
1 0 0
0 -1 0
0 0 1

  IndexToPointMatrix: 
0.699997 0 0
0 -0.7 0
0 0 0.7

  PointToIndexMatrix: 
1.42858 0 0
0 -1.42857 0
0 0 1.42857

  Inverse Direction: 
1 0 0
0 -1 0
0 0 1

  PixelContainer: 
    ImportImageContainer (0x4a1cf60)
      RTTI typeinfo:   itk::ImportImageContainer<unsigned long, double>
      Reference Count: 1
      Modified Time: 2062
      Debug: Off
      Object Name: 
      Observers: 
        none
      Pointer: 0x2b03b52fb010
      Container manages memory: true
      Size: 22937600
      Capacity: 22937600

     Weighting = 1
     Sampling strategy = regular
     Number of bins = 32
     Radius = 4
     Sampling percentage  = 0.25
   Transform = Affine
     Gradient step = 0.1
     Update field sigma (voxel space) = 0
     Total field sigma (voxel space) = 0
     Update field time sigma = 0
     Total field time sigma  = 0
     Number of time indices = 0
     Number of time point samples = 0
Stage 3 State
   Image metric = Mattes
     Fixed image = Image (0x4a1cfc0)
  RTTI typeinfo:   itk::Image<double, 3u>
  Reference Count: 2
  Modified Time: 2421
  Debug: Off
  Object Name: 
  Observers: 
    none
  Source: (none)
  Source output name: (none)
  Release Data: Off
  Data Released: False
  Global Release Data: Off
  PipelineMTime: 0
  UpdateMTime: 2243
  RealTimeStamp: 0 seconds 
  LargestPossibleRegion: 
    Dimension: 3
    Index: [0, 0, 0]
    Size: [512, 512, 54]
  BufferedRegion: 
    Dimension: 3
    Index: [0, 0, 0]
    Size: [512, 512, 54]
  RequestedRegion: 
    Dimension: 3
    Index: [0, 0, 0]
    Size: [512, 512, 54]
  Spacing: [0.4375, 0.4375, 1.1]
  Origin: [-112, 13.4042, -106.502]
  Direction: 
1 1.20559e-11 -7.38789e-12
1.20559e-11 -0.453991 0.891007
-7.38789e-12 0.891007 0.453991

  IndexToPointMatrix: 
0.4375 5.27447e-12 -8.12668e-12
5.27447e-12 -0.198621 0.980107
-3.2322e-12 0.389815 0.49939

  PointToIndexMatrix: 
2.28571 2.75564e-11 -1.68866e-11
2.75564e-11 -1.03769 2.03659
-6.71626e-12 0.810006 0.412719

  Inverse Direction: 
1 1.20559e-11 -7.38789e-12
1.20559e-11 -0.453991 0.891007
-7.38789e-12 0.891007 0.453991

  PixelContainer: 
    ImportImageContainer (0x4a1edd0)
      RTTI typeinfo:   itk::ImportImageContainer<unsigned long, double>
      Reference Count: 1
      Modified Time: 2240
      Debug: Off
      Object Name: 
      Observers: 
        none
      Pointer: 0x2b03c01fc010
      Container manages memory: true
      Size: 14155776
      Capacity: 14155776

     Moving image = Image (0x4a256f0)
  RTTI typeinfo:   itk::Image<double, 3u>
  Reference Count: 2
  Modified Time: 2422
  Debug: Off
  Object Name: 
  Observers: 
    none
  Source: (none)
  Source output name: (none)
  Release Data: Off
  Data Released: False
  Global Release Data: Off
  PipelineMTime: 0
  UpdateMTime: 2419
  RealTimeStamp: 0 seconds 
  LargestPossibleRegion: 
    Dimension: 3
    Index: [0, 0, 0]
    Size: [224, 320, 320]
  BufferedRegion: 
    Dimension: 3
    Index: [0, 0, 0]
    Size: [224, 320, 320]
  RequestedRegion: 
    Dimension: 3
    Index: [0, 0, 0]
    Size: [224, 320, 320]
  Spacing: [0.699997, 0.7, 0.7]
  Origin: [-80.5294, 73.4889, -115.639]
  Direction: 
1 0 0
0 -1 0
0 0 1

  IndexToPointMatrix: 
0.699997 0 0
0 -0.7 0
0 0 0.7

  PointToIndexMatrix: 
1.42858 0 0
0 -1.42857 0
0 0 1.42857

  Inverse Direction: 
1 0 0
0 -1 0
0 0 1

  PixelContainer: 
    ImportImageContainer (0x4a25980)
      RTTI typeinfo:   itk::ImportImageContainer<unsigned long, double>
      Reference Count: 1
      Modified Time: 2416
      Debug: Off
      Object Name: 
      Observers: 
        none
      Pointer: 0x2b03c6dfd010
      Container manages memory: true
      Size: 22937600
      Capacity: 22937600

     Weighting = 1
     Sampling strategy = none
     Number of bins = 32
     Radius = 4
     Sampling percentage  = 1
   Transform = SyN
     Gradient step = 0.1
     Update field sigma (voxel space) = 3
     Total field sigma (voxel space) = 0
     Update field time sigma = 0
     Total field time sigma  = 0
     Number of time indices = 0
     Number of time point samples = 0
Registration using 3 total stages.

Stage 0
  iterations = 1000x500x250x0
  convergence threshold = 1e-06
  convergence window size = 10
  number of levels = 4
  using the Mattes MI metric (number of bins = 32, weight = 1)
  preprocessing:  winsorizing the image intensities
  Shrink factors (level 1 out of 4): [12, 12, 5]
  Shrink factors (level 2 out of 4): [8, 8, 3]
  Shrink factors (level 3 out of 4): [4, 4, 2]
  Shrink factors (level 4 out of 4): [2, 2, 1]
  smoothing sigmas per level: [4, 3, 2, 1]
  regular sampling (percentage = 0.25)

*** Running Euler3DTransform registration ***

DIAGNOSTIC,Iteration,metricValue,convergenceValue,ITERATION_TIME_INDEX,SINCE_LAST
 2DIAGNOSTIC,     1, -3.254612149932e-01, 1.797693134862e+308, 1.8065e+01, 1.8065e+01, 
 2DIAGNOSTIC,     2, -3.264090821839e-01, 1.797693134862e+308, 1.8082e+01, 1.7528e-02, 
 2DIAGNOSTIC,     3, -3.275862370152e-01, 1.797693134862e+308, 1.8099e+01, 1.7166e-02, 
 2DIAGNOSTIC,     4, -3.290897600167e-01, 1.797693134862e+308, 1.8117e+01, 1.7531e-02, 
 2DIAGNOSTIC,     5, -3.327513117164e-01, 1.797693134862e+308, 1.8134e+01, 1.7525e-02, 
 2DIAGNOSTIC,     6, -3.395114752115e-01, 1.797693134862e+308, 1.8153e+01, 1.8417e-02, 
 2DIAGNOSTIC,     7, -3.809767949837e-01, 1.797693134862e+308, 1.8179e+01, 2.6629e-02, 
 2DIAGNOSTIC,     8, -4.000340772160e-01, 1.797693134862e+308, 1.8202e+01, 2.3096e-02, 
 2DIAGNOSTIC,     9, -4.387068339907e-01, 1.797693134862e+308, 1.8225e+01, 2.3014e-02, 
 2DIAGNOSTIC,    10, -4.855959918175e-01, 2.578932953114e-02, 1.8249e+01, 2.3808e-02, 
 2DIAGNOSTIC,    11, -4.951692143946e-01, 2.868861847267e-02, 1.8269e+01, 2.0067e-02, 
 2DIAGNOSTIC,    12, -4.979417234127e-01, 2.868453807396e-02, 1.8293e+01, 2.3190e-02, 
 2DIAGNOSTIC,    13, -4.987782228073e-01, 2.626774450626e-02, 1.8311e+01, 1.8199e-02, 
 2DIAGNOSTIC,    14, -4.991994191951e-01, 2.202289356737e-02, 1.8333e+01, 2.1962e-02, 
 2DIAGNOSTIC,    15, -4.996942443310e-01, 1.665995705843e-02, 1.8351e+01, 1.8734e-02, 
 2DIAGNOSTIC,    16, -5.011652869237e-01, 1.091173177062e-02, 1.8374e+01, 2.2305e-02, 
 2DIAGNOSTIC,    17, -5.017743187734e-01, 6.661045980084e-03, 1.8413e+01, 3.8859e-02, 
 2DIAGNOSTIC,    18, -5.018507376574e-01, 3.049788479907e-03, 1.8433e+01, 2.0764e-02, 
 2DIAGNOSTIC,    19, -5.022134373246e-01, 9.167227842286e-04, 1.8455e+01, 2.1365e-02, 
 2DIAGNOSTIC,    20, -5.026717339895e-01, 4.872620859035e-04, 1.8475e+01, 2.0706e-02, 
 2DIAGNOSTIC,    21, -5.028306006261e-01, 3.578327087079e-04, 1.8496e+01, 2.0100e-02, 
 2DIAGNOSTIC,    22, -5.030664092224e-01, 2.964277005600e-04, 1.8514e+01, 1.8765e-02, 
 2DIAGNOSTIC,    23, -5.041546493471e-01, 2.677295485573e-04, 1.8537e+01, 2.2552e-02, 
 2DIAGNOSTIC,    24, -5.043366084461e-01, 2.324029807220e-04, 1.8625e+01, 8.7962e-02, 
 2DIAGNOSTIC,    25, -5.043365842013e-01, 1.904369251072e-04, 1.8643e+01, 1.8504e-02, 
 2DIAGNOSTIC,    26, -5.043366348882e-01, 1.701973690383e-04, 1.8662e+01, 1.8294e-02, 
 2DIAGNOSTIC,    27, -5.043367205682e-01, 1.500628027151e-04, 1.8680e+01, 1.8220e-02, 
 2DIAGNOSTIC,    28, -5.043368653444e-01, 1.187666859661e-04, 1.8698e+01, 1.7976e-02, 
 2DIAGNOSTIC,    29, -5.043371097873e-01, 8.629109344162e-05, 1.8716e+01, 1.8059e-02, 
 2DIAGNOSTIC,    30, -5.043375206663e-01, 5.800079984702e-05, 1.8734e+01, 1.8221e-02, 
 2DIAGNOSTIC,    31, -5.043382109240e-01, 2.972619058025e-05, 1.8752e+01, 1.8147e-02, 
 2DIAGNOSTIC,    32, -5.043393704842e-01, 4.695894636537e-06, 1.8770e+01, 1.8143e-02, 
 2DIAGNOSTIC,    33, -5.043413097225e-01, 1.214105311058e-06, 1.8789e+01, 1.8535e-02, 
 2DIAGNOSTIC,    34, -5.043445498367e-01, 1.282626090622e-06, 1.8808e+01, 1.8776e-02, 
 2DIAGNOSTIC,    35, -5.043499672090e-01, 1.415202172624e-06, 1.8827e+01, 1.9116e-02, 
 2DIAGNOSTIC,    36, -5.043587852794e-01, 1.647981804090e-06, 1.8845e+01, 1.8553e-02, 
 2DIAGNOSTIC,    37, -5.043726099774e-01, 2.028076307583e-06, 1.8869e+01, 2.3513e-02, 
 2DIAGNOSTIC,    38, -5.043882686376e-01, 2.531200268132e-06, 1.8887e+01, 1.8452e-02, 
 2DIAGNOSTIC,    39, -5.043136090632e-01, 1.690725254584e-06, 1.8906e+01, 1.8625e-02, 
 2DIAGNOSTIC,    40, -5.043446094534e-01, 1.330582846081e-06, 1.8924e+01, 1.8347e-02, 
 2DIAGNOSTIC,    41, -5.043819650173e-01, 1.479728602677e-06, 1.8947e+01, 2.2299e-02, 
 2DIAGNOSTIC,    42, -5.044151669508e-01, 2.022168461915e-06, 1.8964e+01, 1.7875e-02, 
 2DIAGNOSTIC,    43, -5.043303783524e-01, 1.262533367231e-06, 1.8983e+01, 1.8057e-02, 
DIAGNOSTIC,Iteration,metricValue,convergenceValue,ITERATION_TIME_INDEX,SINCE_LAST
 2DIAGNOSTIC,     1, -4.388638493858e-01, 1.797693134862e+308, 3.2889e+01, 1.3906e+01, 
 2DIAGNOSTIC,     2, -4.396799748545e-01, 1.797693134862e+308, 3.2968e+01, 7.9294e-02, 
 2DIAGNOSTIC,     3, -4.402237530321e-01, 1.797693134862e+308, 3.3047e+01, 7.8851e-02, 
 2DIAGNOSTIC,     4, -4.406686853103e-01, 1.797693134862e+308, 3.3126e+01, 7.9594e-02, 
 2DIAGNOSTIC,     5, -4.412608648662e-01, 1.797693134862e+308, 3.3202e+01, 7.5250e-02, 
 2DIAGNOSTIC,     6, -4.419227629842e-01, 1.797693134862e+308, 3.3279e+01, 7.7589e-02, 
 2DIAGNOSTIC,     7, -4.429312894148e-01, 1.797693134862e+308, 3.3408e+01, 1.2875e-01, 
 2DIAGNOSTIC,     8, -4.429598940781e-01, 1.797693134862e+308, 3.3503e+01, 9.4689e-02, 
 2DIAGNOSTIC,     9, -4.429900323305e-01, 1.797693134862e+308, 3.3594e+01, 9.1627e-02, 
 2DIAGNOSTIC,    10, -4.430419446928e-01, 6.570598256288e-04, 3.3672e+01, 7.8036e-02, 
 2DIAGNOSTIC,    11, -4.430547555357e-01, 4.959141427803e-04, 3.3763e+01, 9.1120e-02, 
 2DIAGNOSTIC,    12, -4.431142181962e-01, 3.634153002463e-04, 3.3972e+01, 2.0838e-01, 
 2DIAGNOSTIC,    13, -4.431145438541e-01, 2.457219579688e-04, 3.4067e+01, 9.5594e-02, 
 2DIAGNOSTIC,    14, -4.431196026110e-01, 1.438142309305e-04, 3.4147e+01, 7.9461e-02, 
 2DIAGNOSTIC,    15, -4.431011819217e-01, 6.692348739390e-05, 3.4243e+01, 9.5799e-02, 
 2DIAGNOSTIC,    16, -4.431055538939e-01, 1.936678258309e-05, 3.4320e+01, 7.7526e-02, 
 2DIAGNOSTIC,    17, -4.430858866794e-01, 1.317456217673e-05, 3.4398e+01, 7.7555e-02, 
 2DIAGNOSTIC,    18, -4.430932781475e-01, 7.914707126612e-06, 3.4476e+01, 7.8072e-02, 
 2DIAGNOSTIC,    19, -4.431002714612e-01, 3.870622742153e-06, 3.4554e+01, 7.8287e-02, 
 2DIAGNOSTIC,    20, -4.431045876848e-01, 1.840941897140e-06, 3.4632e+01, 7.7731e-02, 
DIAGNOSTIC,Iteration,metricValue,convergenceValue,ITERATION_TIME_INDEX,SINCE_LAST
 2DIAGNOSTIC,     1, -3.716299336652e-01, 1.797693134862e+308, 4.3054e+01, 8.4225e+00, 
 2DIAGNOSTIC,     2, -3.738787393752e-01, 1.797693134862e+308, 4.3457e+01, 4.0272e-01, 
 2DIAGNOSTIC,     3, -3.758775434656e-01, 1.797693134862e+308, 4.3862e+01, 4.0473e-01, 
 2DIAGNOSTIC,     4, -3.768851092660e-01, 1.797693134862e+308, 4.4265e+01, 4.0331e-01, 
 2DIAGNOSTIC,     5, -3.773100514765e-01, 1.797693134862e+308, 4.4668e+01, 4.0320e-01, 
 2DIAGNOSTIC,     6, -3.780363090020e-01, 1.797693134862e+308, 4.5071e+01, 4.0277e-01, 
 2DIAGNOSTIC,     7, -3.789022267826e-01, 1.797693134862e+308, 4.5562e+01, 4.9142e-01, 
 2DIAGNOSTIC,     8, -3.804656657497e-01, 1.797693134862e+308, 4.7071e+01, 1.5085e+00, 
 2DIAGNOSTIC,     9, -3.804707705990e-01, 1.797693134862e+308, 4.7481e+01, 4.0979e-01, 
 2DIAGNOSTIC,    10, -3.804729868368e-01, 1.425394944615e-03, 4.7893e+01, 4.1185e-01, 
 2DIAGNOSTIC,    11, -3.804765807511e-01, 1.011707890812e-03, 4.8316e+01, 4.2386e-01, 
 2DIAGNOSTIC,    12, -3.804787493930e-01, 7.142616576178e-04, 4.8724e+01, 4.0765e-01, 
 2DIAGNOSTIC,    13, -3.804875744718e-01, 5.123262564860e-04, 4.9215e+01, 4.9069e-01, 
 2DIAGNOSTIC,    14, -3.804949764289e-01, 3.478317379215e-04, 4.9624e+01, 4.0959e-01, 
 2DIAGNOSTIC,    15, -3.805103354144e-01, 1.966504111800e-04, 5.0036e+01, 4.1139e-01, 
 2DIAGNOSTIC,    16, -3.805283253470e-01, 8.126513935082e-05, 5.0445e+01, 4.0888e-01, 
 2DIAGNOSTIC,    17, -3.805491185168e-01, 9.385602741940e-06, 5.0856e+01, 4.1108e-01, 
 2DIAGNOSTIC,    18, -3.805734860297e-01, 1.100940312427e-05, 5.1268e+01, 4.1236e-01, 
 2DIAGNOSTIC,    19, -3.805944807487e-01, 1.262244264736e-05, 5.1763e+01, 4.9541e-01, 
 2DIAGNOSTIC,    20, -3.806011290591e-01, 1.337985169679e-05, 5.2258e+01, 4.9500e-01, 
 2DIAGNOSTIC,    21, -3.806038884613e-01, 1.320088378329e-05, 5.2842e+01, 5.8306e-01, 
 2DIAGNOSTIC,    22, -3.806065313143e-01, 1.210913216606e-05, 5.3339e+01, 4.9769e-01, 
 2DIAGNOSTIC,    23, -3.806051490908e-01, 1.035057211687e-05, 5.3775e+01, 4.3537e-01, 
 2DIAGNOSTIC,    24, -3.806049948092e-01, 8.117956214880e-06, 5.4348e+01, 5.7355e-01, 
 2DIAGNOSTIC,    25, -3.806070121387e-01, 5.946936494521e-06, 5.4821e+01, 4.7289e-01, 
 2DIAGNOSTIC,    26, -3.806068492573e-01, 4.014440208679e-06, 5.5391e+01, 5.6980e-01, 
 2DIAGNOSTIC,    27, -3.806110016975e-01, 2.645198618020e-06, 5.5866e+01, 4.7474e-01, 
 2DIAGNOSTIC,    28, -3.806097771438e-01, 1.840437939035e-06, 5.6337e+01, 4.7147e-01, 
 2DIAGNOSTIC,    29, -3.806170287193e-01, 1.753831276104e-06, 5.6925e+01, 5.8763e-01, 
 2DIAGNOSTIC,    30, -3.806208017950e-01, 1.864942512815e-06, 5.7497e+01, 5.7261e-01, 
 2DIAGNOSTIC,    31, -3.806216594030e-01, 1.976601264525e-06, 5.8054e+01, 5.5650e-01, 
 2DIAGNOSTIC,    32, -3.806251371155e-01, 2.138079590104e-06, 5.8627e+01, 5.7360e-01, 
 2DIAGNOSTIC,    33, -3.806260490414e-01, 2.170290089511e-06, 5.9252e+01, 6.2507e-01, 
 2DIAGNOSTIC,    34, -3.806248562669e-01, 2.054591684762e-06, 6.1186e+01, 1.9334e+00, 
 2DIAGNOSTIC,    35, -3.806248561532e-01, 1.883481731798e-06, 6.2617e+01, 1.4307e+00, 
 2DIAGNOSTIC,    36, -3.806248561532e-01, 1.624871437598e-06, 6.3200e+01, 5.8303e-01, 
 2DIAGNOSTIC,    37, -3.806248561532e-01, 1.395945922376e-06, 6.3857e+01, 6.5702e-01, 
 2DIAGNOSTIC,    38, -3.806248561532e-01, 1.100710323103e-06, 6.4347e+01, 4.9026e-01, 
DIAGNOSTIC,Iteration,metricValue,convergenceValue,ITERATION_TIME_INDEX,SINCE_LAST
 2DIAGNOSTIC,     1, -3.432296563624e-01, 1.797693134862e+308, 7.2689e+01, 8.3420e+00, 
  Elapsed time (stage 0): 7.4961e+01


Stage 1
  iterations = 1000x500x250x0
  convergence threshold = 1.0000e-06
  convergence window size = 10
  number of levels = 4
  using the Mattes MI metric (number of bins = 32, weight = 1.0000e+00)
  preprocessing:  winsorizing the image intensities
  Shrink factors (level 1 out of 4): [12, 12, 5]
  Shrink factors (level 2 out of 4): [8, 8, 3]
  Shrink factors (level 3 out of 4): [4, 4, 2]
  Shrink factors (level 4 out of 4): [2, 2, 1]
  smoothing sigmas per level: [4, 3, 2, 1]
  regular sampling (percentage = 2.5000e-01)

*** Running AffineTransform registration ***

DIAGNOSTIC,Iteration,metricValue,convergenceValue,ITERATION_TIME_INDEX,SINCE_LAST
 2DIAGNOSTIC,     1, -4.993356069498e-01, 1.797693134862e+308, 1.7997e+01, 1.7997e+01, 
 2DIAGNOSTIC,     2, -5.007959875817e-01, 1.797693134862e+308, 1.8017e+01, 2.0705e-02, 
 2DIAGNOSTIC,     3, -5.029332279868e-01, 1.797693134862e+308, 1.8037e+01, 1.9715e-02, 
 2DIAGNOSTIC,     4, -5.057152757563e-01, 1.797693134862e+308, 1.8056e+01, 1.9302e-02, 
 2DIAGNOSTIC,     5, -5.089724075602e-01, 1.797693134862e+308, 1.8076e+01, 1.9604e-02, 
 2DIAGNOSTIC,     6, -5.143314283308e-01, 1.797693134862e+308, 1.8099e+01, 2.3072e-02, 
 2DIAGNOSTIC,     7, -5.259497945168e-01, 1.797693134862e+308, 1.8159e+01, 5.9929e-02, 
 2DIAGNOSTIC,     8, -5.260721944576e-01, 1.797693134862e+308, 1.8179e+01, 2.0199e-02, 
 2DIAGNOSTIC,     9, -5.260959299547e-01, 1.797693134862e+308, 1.8199e+01, 2.0146e-02, 
 2DIAGNOSTIC,    10, -5.260450905085e-01, 4.174794129842e-03, 1.8219e+01, 2.0100e-02, 
 2DIAGNOSTIC,    11, -5.261151953759e-01, 3.502472591525e-03, 1.8244e+01, 2.4701e-02, 
 2DIAGNOSTIC,    12, -5.261215783277e-01, 2.689738951022e-03, 1.8269e+01, 2.5342e-02, 
 2DIAGNOSTIC,    13, -5.261852739634e-01, 1.855308836537e-03, 1.8291e+01, 2.1740e-02, 
 2DIAGNOSTIC,    14, -5.263782907247e-01, 1.097092191031e-03, 1.8313e+01, 2.1994e-02, 
 2DIAGNOSTIC,    15, -5.267331223397e-01, 4.733744958025e-04, 1.8337e+01, 2.4253e-02, 
 2DIAGNOSTIC,    16, -5.269063021859e-01, 6.364579179945e-05, 1.8361e+01, 2.3978e-02, 
 2DIAGNOSTIC,    17, -5.268694160429e-01, 7.025166291384e-05, 1.8383e+01, 2.1163e-02, 
 2DIAGNOSTIC,    18, -5.271755193913e-01, 8.303931659298e-05, 1.8403e+01, 2.0833e-02, 
 2DIAGNOSTIC,    19, -5.274860820939e-01, 9.630271015827e-05, 1.8428e+01, 2.4526e-02, 
 2DIAGNOSTIC,    20, -5.277959598285e-01, 1.061255980960e-04, 1.8448e+01, 2.0426e-02, 
 2DIAGNOSTIC,    21, -5.280188721239e-01, 1.128726667273e-04, 1.8468e+01, 1.9876e-02, 
 2DIAGNOSTIC,    22, -5.292542127173e-01, 1.395744381260e-04, 1.8492e+01, 2.3593e-02, 
 2DIAGNOSTIC,    23, -5.296726418755e-01, 1.616642856998e-04, 1.8515e+01, 2.3293e-02, 
 2DIAGNOSTIC,    24, -5.300249777175e-01, 1.790259240445e-04, 1.8538e+01, 2.3335e-02, 
 2DIAGNOSTIC,    25, -5.310151675586e-01, 2.077391888853e-04, 1.8562e+01, 2.3319e-02, 
 2DIAGNOSTIC,    26, -5.307728404735e-01, 2.130043182573e-04, 1.8589e+01, 2.6983e-02, 
 2DIAGNOSTIC,    27, -5.310801406085e-01, 2.034072165675e-04, 1.8623e+01, 3.4162e-02, 
 2DIAGNOSTIC,    28, -5.310732574021e-01, 1.810544972514e-04, 1.8646e+01, 2.3287e-02, 
 2DIAGNOSTIC,    29, -5.313667159823e-01, 1.546432519866e-04, 1.8666e+01, 1.9685e-02, 
 2DIAGNOSTIC,    30, -5.316088120961e-01, 1.253995629839e-04, 1.8686e+01, 1.9689e-02, 
 2DIAGNOSTIC,    31, -5.321684771474e-01, 9.949363421875e-05, 1.8716e+01, 3.0357e-02, 
 2DIAGNOSTIC,    32, -5.322512309322e-01, 8.817173490706e-05, 1.8739e+01, 2.3587e-02, 
 2DIAGNOSTIC,    33, -5.323238132490e-01, 7.741332307711e-05, 1.8763e+01, 2.3588e-02, 
 2DIAGNOSTIC,    34, -5.322789776864e-01, 6.455948333781e-05, 1.8790e+01, 2.7131e-02, 
 2DIAGNOSTIC,    35, -5.321064641196e-01, 5.916514929515e-05, 1.8814e+01, 2.4302e-02, 
 2DIAGNOSTIC,    36, -5.321189029353e-01, 4.494277727437e-05, 1.8835e+01, 2.0704e-02, 
 2DIAGNOSTIC,    37, -5.320415181073e-01, 3.068236016499e-05, 1.8856e+01, 2.0422e-02, 
 2DIAGNOSTIC,    38, -5.320726534868e-01, 1.471472611240e-05, 1.8876e+01, 2.0853e-02, 
 2DIAGNOSTIC,    39, -5.321159903387e-01, 2.934032635009e-06, 1.8897e+01, 2.0753e-02, 
DIAGNOSTIC,Iteration,metricValue,convergenceValue,ITERATION_TIME_INDEX,SINCE_LAST
 2DIAGNOSTIC,     1, -4.554410271512e-01, 1.797693134862e+308, 3.2688e+01, 1.3791e+01, 
 2DIAGNOSTIC,     2, -4.560476405705e-01, 1.797693134862e+308, 3.2785e+01, 9.6866e-02, 
 2DIAGNOSTIC,     3, -4.569255808361e-01, 1.797693134862e+308, 3.2881e+01, 9.6225e-02, 
 2DIAGNOSTIC,     4, -4.578205166213e-01, 1.797693134862e+308, 3.2995e+01, 1.1407e-01, 
 2DIAGNOSTIC,     5, -4.585514222617e-01, 1.797693134862e+308, 3.3092e+01, 9.6399e-02, 
 2DIAGNOSTIC,     6, -4.592350122617e-01, 1.797693134862e+308, 3.3185e+01, 9.2818e-02, 
 2DIAGNOSTIC,     7, -4.603619659156e-01, 1.797693134862e+308, 3.3299e+01, 1.1393e-01, 
 2DIAGNOSTIC,     8, -4.607326864426e-01, 1.797693134862e+308, 3.3393e+01, 9.4682e-02, 
 2DIAGNOSTIC,     9, -4.614943954346e-01, 1.797693134862e+308, 3.3501e+01, 1.0805e-01, 
 2DIAGNOSTIC,    10, -4.625705073398e-01, 9.854056928592e-04, 3.3666e+01, 1.6510e-01, 
 2DIAGNOSTIC,    11, -4.626347040946e-01, 8.637972324534e-04, 3.3773e+01, 1.0641e-01, 
 2DIAGNOSTIC,    12, -4.626665879266e-01, 7.182556926819e-04, 3.3864e+01, 9.1057e-02, 
 2DIAGNOSTIC,    13, -4.627820552389e-01, 5.778138961652e-04, 3.3953e+01, 8.9297e-02, 
 2DIAGNOSTIC,    14, -4.630333460863e-01, 4.552490408575e-04, 3.4109e+01, 1.5598e-01, 
 2DIAGNOSTIC,    15, -4.630718922248e-01, 3.383765752261e-04, 3.4225e+01, 1.1563e-01, 
 2DIAGNOSTIC,    16, -4.630400529788e-01, 2.298715236802e-04, 3.4336e+01, 1.1098e-01, 
 2DIAGNOSTIC,    17, -4.630086779419e-01, 1.537389617474e-04, 3.4430e+01, 9.4033e-02, 
 2DIAGNOSTIC,    18, -4.630321534935e-01, 8.526143292844e-05, 3.4542e+01, 1.1192e-01, 
 2DIAGNOSTIC,    19, -4.630593081154e-01, 4.073239576093e-05, 3.4635e+01, 9.3575e-02, 
 2DIAGNOSTIC,    20, -4.630828360879e-01, 3.088773942728e-05, 3.4731e+01, 9.5801e-02, 
 2DIAGNOSTIC,    21, -4.631816594118e-01, 2.419245208701e-05, 3.4826e+01, 9.4669e-02, 
 2DIAGNOSTIC,    22, -4.634707131041e-01, 2.494880237086e-05, 3.4917e+01, 9.0813e-02, 
 2DIAGNOSTIC,    23, -4.637332046810e-01, 3.318166855672e-05, 3.5011e+01, 9.4060e-02, 
 2DIAGNOSTIC,    24, -4.644574328016e-01, 6.265018518718e-05, 3.5140e+01, 1.2930e-01, 
 2DIAGNOSTIC,    25, -4.644770869194e-01, 8.510822745997e-05, 3.5257e+01, 1.1740e-01, 
 2DIAGNOSTIC,    26, -4.645165151709e-01, 9.839071642545e-05, 3.5368e+01, 1.1093e-01, 
 2DIAGNOSTIC,    27, -4.645249089601e-01, 1.011173024538e-04, 3.5495e+01, 1.2712e-01, 
 2DIAGNOSTIC,    28, -4.645531353399e-01, 9.521590996316e-05, 3.5612e+01, 1.1673e-01, 
 2DIAGNOSTIC,    29, -4.645364862422e-01, 8.089214521260e-05, 3.5707e+01, 9.5172e-02, 
 2DIAGNOSTIC,    30, -4.645264246673e-01, 6.031665567374e-05, 3.5799e+01, 9.1392e-02, 
 2DIAGNOSTIC,    31, -4.645785713574e-01, 3.859124262604e-05, 3.5945e+01, 1.4596e-01, 
 2DIAGNOSTIC,    32, -4.645862441840e-01, 2.035981306564e-05, 3.6060e+01, 1.1545e-01, 
 2DIAGNOSTIC,    33, -4.645352927607e-01, 4.969842075681e-06, 3.6155e+01, 9.4555e-02, 
 2DIAGNOSTIC,    34, -4.645471090141e-01, 3.466159294557e-06, 3.6246e+01, 9.1443e-02, 
 2DIAGNOSTIC,    35, -4.645619923369e-01, 2.391456999949e-06, 3.6392e+01, 1.4631e-01, 
 2DIAGNOSTIC,    36, -4.645631073946e-01, 1.891503654771e-06, 3.6484e+01, 9.1952e-02, 
 2DIAGNOSTIC,    37, -4.645412374185e-01, 1.083292256805e-06, 3.6572e+01, 8.7689e-02, 
DIAGNOSTIC,Iteration,metricValue,convergenceValue,ITERATION_TIME_INDEX,SINCE_LAST
 2DIAGNOSTIC,     1, -3.807389610054e-01, 1.797693134862e+308, 4.4422e+01, 7.8502e+00, 
 2DIAGNOSTIC,     2, -3.829295532694e-01, 1.797693134862e+308, 4.4909e+01, 4.8721e-01, 
 2DIAGNOSTIC,     3, -3.852480910005e-01, 1.797693134862e+308, 4.5391e+01, 4.8164e-01, 
 2DIAGNOSTIC,     4, -3.867127930524e-01, 1.797693134862e+308, 4.5962e+01, 5.7119e-01, 
 2DIAGNOSTIC,     5, -3.873267082898e-01, 1.797693134862e+308, 4.6441e+01, 4.7866e-01, 
 2DIAGNOSTIC,     6, -3.878831665355e-01, 1.797693134862e+308, 4.7010e+01, 5.6860e-01, 
 2DIAGNOSTIC,     7, -3.881294448100e-01, 1.797693134862e+308, 4.7577e+01, 5.6712e-01, 
 2DIAGNOSTIC,     8, -3.881568517524e-01, 1.797693134862e+308, 4.8144e+01, 5.6758e-01, 
 2DIAGNOSTIC,     9, -3.881232936908e-01, 1.797693134862e+308, 4.8621e+01, 4.7648e-01, 
 2DIAGNOSTIC,    10, -3.881796599365e-01, 1.089988364256e-03, 4.9188e+01, 5.6683e-01, 
 2DIAGNOSTIC,    11, -3.882394294179e-01, 6.238656026532e-04, 4.9753e+01, 5.6512e-01, 
 2DIAGNOSTIC,    12, -3.882837796686e-01, 3.141217857395e-04, 5.0320e+01, 5.6759e-01, 
 2DIAGNOSTIC,    13, -3.883063766267e-01, 1.549358589791e-04, 5.0797e+01, 4.7679e-01, 
 2DIAGNOSTIC,    14, -3.883009461779e-01, 8.099433027951e-05, 5.1362e+01, 5.6497e-01, 
 2DIAGNOSTIC,    15, -3.883171085617e-01, 4.000043256330e-05, 5.1836e+01, 4.7439e-01, 
 2DIAGNOSTIC,    16, -3.883745022921e-01, 2.843969614327e-05, 5.2312e+01, 4.7561e-01, 
 2DIAGNOSTIC,    17, -3.884972066090e-01, 3.161829657989e-05, 5.2788e+01, 4.7604e-01, 
 2DIAGNOSTIC,    18, -3.886424355887e-01, 3.871477306241e-05, 5.3265e+01, 4.7720e-01, 
 2DIAGNOSTIC,    19, -3.889133724914e-01, 5.072851237305e-05, 5.4648e+01, 1.3830e+00, 
 2DIAGNOSTIC,    20, -3.889120935313e-01, 5.880639960754e-05, 5.5393e+01, 7.4508e-01, 
 2DIAGNOSTIC,    21, -3.889096366703e-01, 6.289321315699e-05, 5.5965e+01, 5.7126e-01, 
 2DIAGNOSTIC,    22, -3.889070082476e-01, 6.230821998170e-05, 5.6531e+01, 5.6615e-01, 
 2DIAGNOSTIC,    23, -3.889041546016e-01, 5.662709975009e-05, 5.7098e+01, 5.6732e-01, 
 2DIAGNOSTIC,    24, -3.889012087626e-01, 4.589998284727e-05, 5.7577e+01, 4.7894e-01, 
 2DIAGNOSTIC,    25, -3.888985880661e-01, 3.228183081642e-05, 5.8143e+01, 5.6589e-01, 
 2DIAGNOSTIC,    26, -3.888956558291e-01, 1.840994893962e-05, 5.8621e+01, 4.7783e-01, 
 2DIAGNOSTIC,    27, -3.888964990323e-01, 7.280672159993e-06, 5.9185e+01, 5.6398e-01, 
DIAGNOSTIC,Iteration,metricValue,convergenceValue,ITERATION_TIME_INDEX,SINCE_LAST
 2DIAGNOSTIC,     1, -3.428211391541e-01, 1.797693134862e+308, 6.7444e+01, 8.2593e+00, 
  Elapsed time (stage 1): 6.9704e+01


Stage 2
  iterations = 100x100x70x50x0
  convergence threshold = 1.0000e-06
  convergence window size = 10
  number of levels = 5
  using the Mattes MI metric (number of bins = 32, weight = 1.0000e+00)
  preprocessing:  winsorizing the image intensities
  Shrink factors (level 1 out of 5): [10, 10, 4]
  Shrink factors (level 2 out of 5): [6, 6, 2]
  Shrink factors (level 3 out of 5): [4, 4, 2]
  Shrink factors (level 4 out of 5): [2, 2, 1]
  Shrink factors (level 5 out of 5): [1, 1, 1]
  smoothing sigmas per level: [5, 3, 2, 1, 0]
  Using default NONE metricSamplingStrategy 

*** Running SyN registration (varianceForUpdateField = 3.0000e+00, varianceForTotalField = 0.0000e+00) ***

XXDIAGNOSTIC,Iteration,metricValue,convergenceValue,ITERATION_TIME_INDEX,SINCE_LAST
 1DIAGNOSTIC,     1, -5.364416403417e-01, 1.797693134862e+308, 2.5221e+01, 2.5221e+01, 
 1DIAGNOSTIC,     2, -5.434801265214e-01, 1.797693134862e+308, 2.5484e+01, 2.6273e-01, 
 1DIAGNOSTIC,     3, -5.498371498597e-01, 1.797693134862e+308, 2.5746e+01, 2.6250e-01, 
 1DIAGNOSTIC,     4, -5.559892218459e-01, 1.797693134862e+308, 2.6008e+01, 2.6147e-01, 
 1DIAGNOSTIC,     5, -5.625595836759e-01, 1.797693134862e+308, 2.6266e+01, 2.5838e-01, 
 1DIAGNOSTIC,     6, -5.678553599019e-01, 1.797693134862e+308, 2.6519e+01, 2.5329e-01, 
 1DIAGNOSTIC,     7, -5.732501660908e-01, 1.797693134862e+308, 2.6771e+01, 2.5212e-01, 
 1DIAGNOSTIC,     8, -5.784170866148e-01, 1.797693134862e+308, 2.7024e+01, 2.5294e-01, 
 1DIAGNOSTIC,     9, -5.832392402784e-01, 1.797693134862e+308, 2.7278e+01, 2.5348e-01, 
 1DIAGNOSTIC,    10, -5.878509518782e-01, 5.806536311077e-03, 2.7543e+01, 2.6489e-01, 
 1DIAGNOSTIC,    11, -5.927017645044e-01, 5.013263393124e-03, 2.7808e+01, 2.6513e-01, 
 1DIAGNOSTIC,    12, -5.960560756372e-01, 4.335296429693e-03, 2.8073e+01, 2.6555e-01, 
 1DIAGNOSTIC,    13, -5.995996638878e-01, 3.749894421388e-03, 2.8339e+01, 2.6582e-01, 
 1DIAGNOSTIC,    14, -6.025241533950e-01, 3.228143781055e-03, 2.8606e+01, 2.6709e-01, 
 1DIAGNOSTIC,    15, -6.047104871799e-01, 2.769930720832e-03, 2.8873e+01, 2.6627e-01, 
 1DIAGNOSTIC,    16, -6.072438109047e-01, 2.355951164452e-03, 2.9140e+01, 2.6702e-01, 
 1DIAGNOSTIC,    17, -6.087010256283e-01, 1.971477984884e-03, 2.9407e+01, 2.6757e-01, 
 1DIAGNOSTIC,    18, -6.103082558770e-01, 1.632444297879e-03, 2.9673e+01, 2.6597e-01, 
 1DIAGNOSTIC,    19, -6.115429292306e-01, 1.333444618872e-03, 2.9941e+01, 2.6766e-01, 
 1DIAGNOSTIC,    20, -6.130633427240e-01, 1.089122719001e-03, 3.0208e+01, 2.6761e-01, 
 1DIAGNOSTIC,    21, -6.138714354402e-01, 8.973129175664e-04, 3.0476e+01, 2.6751e-01, 
 1DIAGNOSTIC,    22, -6.149780098616e-01, 7.371841518280e-04, 3.0743e+01, 2.6725e-01, 
 1DIAGNOSTIC,    23, -6.161265749697e-01, 6.203770800538e-04, 3.1011e+01, 2.6813e-01, 
 1DIAGNOSTIC,    24, -6.164592898000e-01, 5.203161424523e-04, 3.1280e+01, 2.6857e-01, 
 1DIAGNOSTIC,    25, -6.170881121003e-01, 4.333807383016e-04, 3.1548e+01, 2.6844e-01, 
 1DIAGNOSTIC,    26, -6.181579774276e-01, 3.790190806391e-04, 3.1817e+01, 2.6870e-01, 
 1DIAGNOSTIC,    27, -6.178686592164e-01, 3.131987647397e-04, 3.2086e+01, 2.6880e-01, 
 1DIAGNOSTIC,    28, -6.189145831879e-01, 2.682973901528e-04, 3.2355e+01, 2.6959e-01, 
 1DIAGNOSTIC,    29, -6.187866897681e-01, 2.189539808847e-04, 3.2626e+01, 2.7041e-01, 
 1DIAGNOSTIC,    30, -6.190696885269e-01, 1.812366270646e-04, 3.2895e+01, 2.6959e-01, 
 1DIAGNOSTIC,    31, -6.197928910258e-01, 1.521919179092e-04, 3.3164e+01, 2.6870e-01, 
 1DIAGNOSTIC,    32, -6.198355498867e-01, 1.272217827851e-04, 3.3433e+01, 2.6912e-01, 
 1DIAGNOSTIC,    33, -6.199661996593e-01, 1.104717736415e-04, 3.3704e+01, 2.7022e-01, 
 1DIAGNOSTIC,    34, -6.202694664461e-01, 9.319035052655e-05, 3.3975e+01, 2.7193e-01, 
 1DIAGNOSTIC,    35, -6.200607582437e-01, 7.346255202547e-05, 3.4245e+01, 2.6929e-01, 
 1DIAGNOSTIC,    36, -6.202946193433e-01, 6.537670849879e-05, 3.4517e+01, 2.7244e-01, 
 1DIAGNOSTIC,    37, -6.203222508181e-01, 4.781330139307e-05, 3.4788e+01, 2.7080e-01, 
 1DIAGNOSTIC,    38, -6.206076854144e-01, 4.349644685739e-05, 3.5060e+01, 2.7222e-01, 
 1DIAGNOSTIC,    39, -6.208523934810e-01, 3.667316489056e-05, 3.5333e+01, 2.7250e-01, 
 1DIAGNOSTIC,    40, -6.207171987837e-01, 2.830105803357e-05, 3.5603e+01, 2.7011e-01, 
 1DIAGNOSTIC,    41, -6.212507336447e-01, 3.235647479598e-05, 3.5877e+01, 2.7375e-01, 
 1DIAGNOSTIC,    42, -6.209916046986e-01, 3.055942045048e-05, 3.6148e+01, 2.7104e-01, 
 1DIAGNOSTIC,    43, -6.210691526747e-01, 2.827032538666e-05, 3.6418e+01, 2.7062e-01, 
 1DIAGNOSTIC,    44, -6.208009805498e-01, 2.392155205389e-05, 3.6690e+01, 2.7143e-01, 
 1DIAGNOSTIC,    45, -6.211330544215e-01, 1.886763512384e-05, 3.6960e+01, 2.7063e-01, 
 1DIAGNOSTIC,    46, -6.207606546130e-01, 1.076202162659e-05, 3.7232e+01, 2.7149e-01, 
 1DIAGNOSTIC,    47, -6.209703257907e-01, 4.472250206080e-06, 3.7502e+01, 2.7040e-01, 
 1DIAGNOSTIC,    48, -6.207844629276e-01, -9.774238966843e-07, 3.7773e+01, 2.7128e-01, 
XXDIAGNOSTIC,Iteration,metricValue,convergenceValue,ITERATION_TIME_INDEX,SINCE_LAST
 1DIAGNOSTIC,     1, -4.868583035500e-01, 1.797693134862e+308, 5.2774e+01, 1.5000e+01, 
 1DIAGNOSTIC,     2, -4.893182679870e-01, 1.797693134862e+308, 5.4036e+01, 1.2622e+00, 
 1DIAGNOSTIC,     3, -4.914958642902e-01, 1.797693134862e+308, 5.5294e+01, 1.2580e+00, 
 1DIAGNOSTIC,     4, -4.931614220308e-01, 1.797693134862e+308, 5.6643e+01, 1.3492e+00, 
 1DIAGNOSTIC,     5, -4.947693125077e-01, 1.797693134862e+308, 5.7911e+01, 1.2684e+00, 
 1DIAGNOSTIC,     6, -4.967701817792e-01, 1.797693134862e+308, 5.9075e+01, 1.1636e+00, 
 1DIAGNOSTIC,     7, -4.985390221271e-01, 1.797693134862e+308, 6.0237e+01, 1.1623e+00, 
 1DIAGNOSTIC,     8, -5.004322382193e-01, 1.797693134862e+308, 6.1561e+01, 1.3236e+00, 
 1DIAGNOSTIC,     9, -5.013137702873e-01, 1.797693134862e+308, 6.2910e+01, 1.3497e+00, 
 1DIAGNOSTIC,    10, -5.033857832270e-01, 2.074654819633e-03, 6.4135e+01, 1.2249e+00, 
 1DIAGNOSTIC,    11, -5.039664148083e-01, 1.756820224132e-03, 6.5327e+01, 1.1918e+00, 
 1DIAGNOSTIC,    12, -5.058241409665e-01, 1.539107864183e-03, 6.6516e+01, 1.1892e+00, 
 1DIAGNOSTIC,    13, -5.061786150006e-01, 1.325818822859e-03, 6.7754e+01, 1.2377e+00, 
 1DIAGNOSTIC,    14, -5.072529911991e-01, 1.134785959314e-03, 6.8994e+01, 1.2404e+00, 
 1DIAGNOSTIC,    15, -5.084789960871e-01, 9.722071387149e-04, 7.0239e+01, 1.2440e+00, 
 1DIAGNOSTIC,    16, -5.086661509803e-01, 8.172673468414e-04, 7.1468e+01, 1.2299e+00, 
 1DIAGNOSTIC,    17, -5.099687725060e-01, 7.078191273895e-04, 7.2699e+01, 1.2309e+00, 
 1DIAGNOSTIC,    18, -5.104568800249e-01, 6.199166331286e-04, 7.3923e+01, 1.2241e+00, 
 1DIAGNOSTIC,    19, -5.109865358223e-01, 5.250435955892e-04, 7.5145e+01, 1.2212e+00, 
 1DIAGNOSTIC,    20, -5.114680954851e-01, 4.634611553772e-04, 7.6371e+01, 1.2264e+00, 
 1DIAGNOSTIC,    21, -5.120112392070e-01, 3.939405119775e-04, 7.7597e+01, 1.2261e+00, 
 1DIAGNOSTIC,    22, -5.123961392203e-01, 3.517751387172e-04, 7.8824e+01, 1.2268e+00, 
 1DIAGNOSTIC,    23, -5.127335010579e-01, 2.969638827901e-04, 8.0051e+01, 1.2267e+00, 
 1DIAGNOSTIC,    24, -5.126996376178e-01, 2.431013337057e-04, 8.1276e+01, 1.2251e+00, 
 1DIAGNOSTIC,    25, -5.135089991280e-01, 2.172190816059e-04, 8.2500e+01, 1.2242e+00, 
 1DIAGNOSTIC,    26, -5.137281762754e-01, 1.807159880193e-04, 8.3724e+01, 1.2243e+00, 
 1DIAGNOSTIC,    27, -5.140200680841e-01, 1.631774010293e-04, 8.4947e+01, 1.2227e+00, 
 1DIAGNOSTIC,    28, -5.139830298918e-01, 1.407083120651e-04, 8.6178e+01, 1.2309e+00, 
 1DIAGNOSTIC,    29, -5.145323352299e-01, 1.276241324678e-04, 8.7406e+01, 1.2278e+00, 
 1DIAGNOSTIC,    30, -5.144299428855e-01, 1.099914398598e-04, 8.8631e+01, 1.2249e+00, 
 1DIAGNOSTIC,    31, -5.150319143207e-01, 1.038360132308e-04, 8.9856e+01, 1.2252e+00, 
 1DIAGNOSTIC,    32, -5.151739551915e-01, 9.736828393811e-05, 9.1079e+01, 1.2231e+00, 
 1DIAGNOSTIC,    33, -5.151608944592e-01, 8.790318467149e-05, 9.2301e+01, 1.2219e+00, 
 1DIAGNOSTIC,    34, -5.155695803387e-01, 7.672628718369e-05, 9.3521e+01, 1.2203e+00, 
 1DIAGNOSTIC,    35, -5.155388760237e-01, 7.122171607380e-05, 9.4739e+01, 1.2178e+00, 
 1DIAGNOSTIC,    36, -5.157382168867e-01, 6.578591245210e-05, 9.5962e+01, 1.2232e+00, 
 1DIAGNOSTIC,    37, -5.160785343593e-01, 6.407172949739e-05, 9.7187e+01, 1.2247e+00, 
 1DIAGNOSTIC,    38, -5.162589937385e-01, 5.829616446008e-05, 9.8427e+01, 1.2398e+00, 
 1DIAGNOSTIC,    39, -5.163246654928e-01, 5.628416291584e-05, 9.9671e+01, 1.2444e+00, 
 1DIAGNOSTIC,    40, -5.162098757155e-01, 4.588849058141e-05, 1.0090e+02, 1.2301e+00, 
 1DIAGNOSTIC,    41, -5.166076185021e-01, 4.540275848720e-05, 1.0213e+02, 1.2323e+00, 
 1DIAGNOSTIC,    42, -5.167389388646e-01, 4.413139276703e-05, 1.0344e+02, 1.3113e+00, 
 1DIAGNOSTIC,    43, -5.168492233819e-01, 3.985629971021e-05, 1.0482e+02, 1.3775e+00, 
 1DIAGNOSTIC,    44, -5.169879174770e-01, 3.914456089272e-05, 1.0622e+02, 1.3953e+00, 
 1DIAGNOSTIC,    45, -5.171097919914e-01, 3.593578007271e-05, 1.0760e+02, 1.3850e+00, 
 1DIAGNOSTIC,    46, -5.171997831221e-01, 3.284765563533e-05, 1.0898e+02, 1.3745e+00, 
 1DIAGNOSTIC,    47, -5.172812884620e-01, 3.171271161566e-05, 1.1028e+02, 1.3026e+00, 
 1DIAGNOSTIC,    48, -5.173527545887e-01, 3.059403199753e-05, 1.1150e+02, 1.2236e+00, 
 1DIAGNOSTIC,    49, -5.174074486257e-01, 2.810910260858e-05, 1.1273e+02, 1.2259e+00, 
 1DIAGNOSTIC,    50, -5.175015208410e-01, 2.274842178985e-05, 1.1395e+02, 1.2224e+00, 
 1DIAGNOSTIC,    51, -5.175374548568e-01, 2.018276216549e-05, 1.1517e+02, 1.2222e+00, 
 1DIAGNOSTIC,    52, -5.175767492021e-01, 1.766421279134e-05, 1.1640e+02, 1.2240e+00, 
 1DIAGNOSTIC,    53, -5.176764561599e-01, 1.579255849809e-05, 1.1763e+02, 1.2368e+00, 
 1DIAGNOSTIC,    54, -5.177663596914e-01, 1.484458812717e-05, 1.1887e+02, 1.2314e+00, 
 1DIAGNOSTIC,    55, -5.178274425443e-01, 1.438347677033e-05, 1.2010e+02, 1.2299e+00, 
 1DIAGNOSTIC,    56, -5.178894235069e-01, 1.411640761056e-05, 1.2133e+02, 1.2332e+00, 
 1DIAGNOSTIC,    57, -5.179324348097e-01, 1.376705164407e-05, 1.2264e+02, 1.3080e+00, 
 1DIAGNOSTIC,    58, -5.180330875648e-01, 1.379685781498e-05, 1.2386e+02, 1.2225e+00, 
 1DIAGNOSTIC,    59, -5.179981931465e-01, 1.269129506208e-05, 1.2509e+02, 1.2290e+00, 
 1DIAGNOSTIC,    60, -5.180925352437e-01, 1.222255019724e-05, 1.2631e+02, 1.2242e+00, 
 1DIAGNOSTIC,    61, -5.181500894686e-01, 1.148446274544e-05, 1.2754e+02, 1.2256e+00, 
 1DIAGNOSTIC,    62, -5.182041107016e-01, 1.052385175557e-05, 1.2877e+02, 1.2310e+00, 
 1DIAGNOSTIC,    63, -5.182150057340e-01, 9.589957833792e-06, 1.3000e+02, 1.2282e+00, 
 1DIAGNOSTIC,    64, -5.183536145333e-01, 9.801654029189e-06, 1.3122e+02, 1.2213e+00, 
 1DIAGNOSTIC,    65, -5.183572664305e-01, 9.628117283559e-06, 1.3244e+02, 1.2193e+00, 
 1DIAGNOSTIC,    66, -5.183379349897e-01, 8.935892598570e-06, 1.3366e+02, 1.2226e+00, 
 1DIAGNOSTIC,    67, -5.184346826549e-01, 8.607785371855e-06, 1.3489e+02, 1.2264e+00, 
 1DIAGNOSTIC,    68, -5.184511669022e-01, 8.455944483822e-06, 1.3611e+02, 1.2257e+00, 
 1DIAGNOSTIC,    69, -5.184957956480e-01, 7.592175207669e-06, 1.3734e+02, 1.2235e+00, 
 1DIAGNOSTIC,    70, -5.185649884622e-01, 7.355821256315e-06, 1.3856e+02, 1.2250e+00, 
 1DIAGNOSTIC,    71, -5.185895006946e-01, 7.099388180318e-06, 1.3978e+02, 1.2202e+00, 
 1DIAGNOSTIC,    72, -5.187340528089e-01, 7.743628401884e-06, 1.4101e+02, 1.2324e+00, 
 1DIAGNOSTIC,    73, -5.187306279312e-01, 7.663931774945e-06, 1.4224e+02, 1.2230e+00, 
 1DIAGNOSTIC,    74, -5.187338648666e-01, 7.970182720935e-06, 1.4347e+02, 1.2292e+00, 
 1DIAGNOSTIC,    75, -5.187719011792e-01, 7.869704760912e-06, 1.4469e+02, 1.2256e+00, 
 1DIAGNOSTIC,    76, -5.187643349320e-01, 6.827234135901e-06, 1.4591e+02, 1.2232e+00, 
 1DIAGNOSTIC,    77, -5.188285276493e-01, 6.347827132784e-06, 1.4714e+02, 1.2236e+00, 
 1DIAGNOSTIC,    78, -5.188297172828e-01, 5.420720607012e-06, 1.4836e+02, 1.2252e+00, 
 1DIAGNOSTIC,    79, -5.189352710894e-01, 5.094475238204e-06, 1.4959e+02, 1.2254e+00, 
 1DIAGNOSTIC,    80, -5.190023710708e-01, 5.256288418923e-06, 1.5081e+02, 1.2247e+00, 
 1DIAGNOSTIC,    81, -5.190874967972e-01, 5.660399711357e-06, 1.5204e+02, 1.2258e+00, 
 1DIAGNOSTIC,    82, -5.191585487829e-01, 7.000512502313e-06, 1.5326e+02, 1.2214e+00, 
 1DIAGNOSTIC,    83, -5.192568188460e-01, 8.299854322897e-06, 1.5449e+02, 1.2243e+00, 
 1DIAGNOSTIC,    84, -5.192448418971e-01, 8.727642864395e-06, 1.5571e+02, 1.2228e+00, 
 1DIAGNOSTIC,    85, -5.192188146999e-01, 8.428950800292e-06, 1.5693e+02, 1.2232e+00, 
 1DIAGNOSTIC,    86, -5.192803777041e-01, 7.707421125215e-06, 1.5816e+02, 1.2237e+00, 
 1DIAGNOSTIC,    87, -5.193032843938e-01, 6.836028713686e-06, 1.5938e+02, 1.2224e+00, 
 1DIAGNOSTIC,    88, -5.193520377278e-01, 5.654235259266e-06, 1.6060e+02, 1.2270e+00, 
 1DIAGNOSTIC,    89, -5.193922170817e-01, 4.894134006566e-06, 1.6183e+02, 1.2238e+00, 
 1DIAGNOSTIC,    90, -5.194077156842e-01, 4.220845630893e-06, 1.6307e+02, 1.2375e+00, 
 1DIAGNOSTIC,    91, -5.194330009052e-01, 3.852289386987e-06, 1.6429e+02, 1.2271e+00, 
 1DIAGNOSTIC,    92, -5.194615409189e-01, 3.727494704349e-06, 1.6553e+02, 1.2378e+00, 
 1DIAGNOSTIC,    93, -5.194954178490e-01, 4.062558306796e-06, 1.6675e+02, 1.2234e+00, 
 1DIAGNOSTIC,    94, -5.195395471803e-01, 4.224145934826e-06, 1.6798e+02, 1.2272e+00, 
 1DIAGNOSTIC,    95, -5.195642139257e-01, 3.989418906211e-06, 1.6920e+02, 1.2203e+00, 
 1DIAGNOSTIC,    96, -5.196245529429e-01, 4.110273424644e-06, 1.7043e+02, 1.2298e+00, 
 1DIAGNOSTIC,    97, -5.196526521851e-01, 4.141955541073e-06, 1.7165e+02, 1.2213e+00, 
 1DIAGNOSTIC,    98, -5.196885556786e-01, 4.275416874944e-06, 1.7289e+02, 1.2326e+00, 
 1DIAGNOSTIC,    99, -5.197602434908e-01, 4.646419958624e-06, 1.7411e+02, 1.2248e+00, 
 1DIAGNOSTIC,   100, -5.198140158135e-01, 4.964242240767e-06, 1.7534e+02, 1.2323e+00, 
XXDIAGNOSTIC,Iteration,metricValue,convergenceValue,ITERATION_TIME_INDEX,SINCE_LAST
 1DIAGNOSTIC,     1, -4.261074647528e-01, 1.797693134862e+308, 1.8607e+02, 1.0724e+01, 
 1DIAGNOSTIC,     2, -4.278596058463e-01, 1.797693134862e+308, 1.8872e+02, 2.6560e+00, 
 1DIAGNOSTIC,     3, -4.292607730766e-01, 1.797693134862e+308, 1.9139e+02, 2.6625e+00, 
 1DIAGNOSTIC,     4, -4.304858301788e-01, 1.797693134862e+308, 1.9404e+02, 2.6504e+00, 
 1DIAGNOSTIC,     5, -4.315266378210e-01, 1.797693134862e+308, 1.9670e+02, 2.6600e+00, 
 1DIAGNOSTIC,     6, -4.325804809740e-01, 1.797693134862e+308, 1.9937e+02, 2.6783e+00, 
 1DIAGNOSTIC,     7, -4.336007723120e-01, 1.797693134862e+308, 2.0204e+02, 2.6674e+00, 
 1DIAGNOSTIC,     8, -4.346561415017e-01, 1.797693134862e+308, 2.0470e+02, 2.6537e+00, 
 1DIAGNOSTIC,     9, -4.352176264612e-01, 1.797693134862e+308, 2.0736e+02, 2.6640e+00, 
 1DIAGNOSTIC,    10, -4.354636791338e-01, 1.399013168663e-03, 2.1001e+02, 2.6524e+00, 
 1DIAGNOSTIC,    11, -4.357044120693e-01, 1.092235060245e-03, 2.1267e+02, 2.6604e+00, 
 1DIAGNOSTIC,    12, -4.360307729803e-01, 8.516336371067e-04, 2.1534e+02, 2.6646e+00, 
 1DIAGNOSTIC,    13, -4.362509441217e-01, 6.520386986295e-04, 2.1799e+02, 2.6583e+00, 
 1DIAGNOSTIC,    14, -4.364371856926e-01, 4.877500903417e-04, 2.2067e+02, 2.6701e+00, 
 1DIAGNOSTIC,    15, -4.365697946148e-01, 3.523255264272e-04, 2.2334e+02, 2.6718e+00, 
 1DIAGNOSTIC,    16, -4.366484461223e-01, 2.477957467263e-04, 2.2600e+02, 2.6656e+00, 
 1DIAGNOSTIC,    17, -4.366995822395e-01, 1.734041737509e-04, 2.2868e+02, 2.6729e+00, 
 1DIAGNOSTIC,    18, -4.366882964551e-01, 1.290203460762e-04, 2.3133e+02, 2.6591e+00, 
 1DIAGNOSTIC,    19, -4.367906825774e-01, 1.003983408698e-04, 2.3399e+02, 2.6601e+00, 
 1DIAGNOSTIC,    20, -4.370263291142e-01, 8.109546342468e-05, 2.3665e+02, 2.6560e+00, 
 1DIAGNOSTIC,    21, -4.372802382492e-01, 7.129990147634e-05, 2.3931e+02, 2.6617e+00, 
 1DIAGNOSTIC,    22, -4.374917622388e-01, 7.171166353801e-05, 2.4196e+02, 2.6487e+00, 
 1DIAGNOSTIC,    23, -4.375500164174e-01, 7.337677071401e-05, 2.4462e+02, 2.6612e+00, 
 1DIAGNOSTIC,    24, -4.377059011965e-01, 7.748803731855e-05, 2.4728e+02, 2.6590e+00, 
 1DIAGNOSTIC,    25, -4.378678967802e-01, 8.162631091523e-05, 2.4995e+02, 2.6670e+00, 
 1DIAGNOSTIC,    26, -4.379498057088e-01, 8.173079298346e-05, 2.5261e+02, 2.6588e+00, 
 1DIAGNOSTIC,    27, -4.380846401184e-01, 7.881402916197e-05, 2.5528e+02, 2.6767e+00, 
 1DIAGNOSTIC,    28, -4.380587167633e-01, 6.795291178957e-05, 2.5798e+02, 2.6994e+00, 
 1DIAGNOSTIC,    29, -4.380761640384e-01, 5.423571947912e-05, 2.6064e+02, 2.6590e+00, 
 1DIAGNOSTIC,    30, -4.381328460593e-01, 4.264649225163e-05, 2.6332e+02, 2.6761e+00, 
 1DIAGNOSTIC,    31, -4.381066308524e-01, 3.251828813042e-05, 2.6599e+02, 2.6715e+00, 
 1DIAGNOSTIC,    32, -4.382261136399e-01, 2.683660923328e-05, 2.6864e+02, 2.6519e+00, 
 1DIAGNOSTIC,    33, -4.381880187768e-01, 1.936830368166e-05, 2.7130e+02, 2.6560e+00, 
 1DIAGNOSTIC,    34, -4.381601805943e-01, 1.305677413189e-05, 2.7395e+02, 2.6558e+00, 
 1DIAGNOSTIC,    35, -4.382041986545e-01, 9.800074716314e-06, 2.7661e+02, 2.6555e+00, 
 1DIAGNOSTIC,    36, -4.381160364713e-01, 5.652506212914e-06, 2.7926e+02, 2.6533e+00, 
 1DIAGNOSTIC,    37, -4.382354847553e-01, 5.805766827040e-06, 2.8191e+02, 2.6482e+00, 
 1DIAGNOSTIC,    38, -4.381671052604e-01, 3.798872359077e-06, 2.8458e+02, 2.6707e+00, 
 1DIAGNOSTIC,    39, -4.382126943234e-01, 2.707491053664e-06, 2.8723e+02, 2.6534e+00, 
 1DIAGNOSTIC,    40, -4.381396065143e-01, 1.241355803011e-06, 2.8989e+02, 2.6602e+00, 
 1DIAGNOSTIC,    41, -4.382178256012e-01, 6.005515959286e-07, 2.9255e+02, 2.6582e+00, 
XXDIAGNOSTIC,Iteration,metricValue,convergenceValue,ITERATION_TIME_INDEX,SINCE_LAST
 1DIAGNOSTIC,     1, -3.707081685608e-01, 1.797693134862e+308, 3.2150e+02, 2.8951e+01, 
 1DIAGNOSTIC,     2, -3.713911412581e-01, 1.797693134862e+308, 3.4521e+02, 2.3711e+01, 
 1DIAGNOSTIC,     3, -3.721843085158e-01, 1.797693134862e+308, 3.6558e+02, 2.0364e+01, 
 1DIAGNOSTIC,     4, -3.729562011405e-01, 1.797693134862e+308, 3.8515e+02, 1.9569e+01, 
 1DIAGNOSTIC,     5, -3.736934507837e-01, 1.797693134862e+308, 4.0566e+02, 2.0517e+01, 
 1DIAGNOSTIC,     6, -3.745161446972e-01, 1.797693134862e+308, 4.2451e+02, 1.8847e+01, 
 1DIAGNOSTIC,     7, -3.751598165898e-01, 1.797693134862e+308, 4.4342e+02, 1.8908e+01, 
 1DIAGNOSTIC,     8, -3.758022402475e-01, 1.797693134862e+308, 4.6237e+02, 1.8954e+01, 
slurmstepd: error: *** JOB 4089901 ON wbic-csm-2 CANCELLED AT 2019-10-20T16:39:37 DUE TO TIME LIMIT ***
