Changed directory to /lustre/scratch/wbic-beta/ccn30/ENCRYPT/fMRI/gridcellpilot/scripts/coregistration/slurmoutputs.

JobID: 6246100
======
Time: Mon Feb  8 13:03:16 GMT 2021
Running on master node: wbic-cs-7
Current directory: /lustre/scratch/wbic-beta/ccn30/ENCRYPT/fMRI/gridcellpilot/scripts/coregistration/slurmoutputs

Nodes allocated:
================
wbic-cs-7

numtasks=1, numnodes=1, mpi_tasks_per_node=1 (OMP_NUM_THREADS=1)

Executing command:
==================
/lustre/scratch/wbic-beta/ccn30/ENCRYPT/fMRI/gridcellpilot/scripts/coregistration/coreg_MasksxEPI.sh 29317/20190902_U-ID46030

******** starting 29317 ********

--------------------------------------------------------------------------------------
 Mapping parameters
--------------------------------------------------------------------------------------
 ANTSPATH is /applications/ANTS/ANTs-2.3.4/install/bin/

 Dimensionality:           3
 Output name prefix:       /lustre/scratch/wbic-beta/ccn30/ENCRYPT/fMRI/gridcellpilot/preprocessed_data/segmentation/29317/coregistration/T1xStudyTemplate_
 Fixed images:             /home/ccn30/ENCRYPT/atlases/templates/ECtemplatemasks2015/Study_template_wholeBrain.nii
 Moving images:            /lustre/scratch/wbic-beta/ccn30/ENCRYPT/fMRI/gridcellpilot/raw_data/images/29317/20190902_U-ID46030/mp2rage/denoiseRn4mag0000_PSIR_skulled_std.nii
 Mask images:              
 Initial transforms:       
 Number of threads:        1
 Spline distance:          26
 Transform type:           s
 CC radius:                4
 Precision:                d
 Use histogram matching    0
======================================================================================
 antsRegistration call:
--------------------------------------------------------------------------------------
/applications/ANTS/ANTs-2.3.4/install/bin//antsRegistration --verbose 1 --dimensionality 3 --float 0 --collapse-output-transforms 1 --output [ /lustre/scratch/wbic-beta/ccn30/ENCRYPT/fMRI/gridcellpilot/preprocessed_data/segmentation/29317/coregistration/T1xStudyTemplate_,/lustre/scratch/wbic-beta/ccn30/ENCRYPT/fMRI/gridcellpilot/preprocessed_data/segmentation/29317/coregistration/T1xStudyTemplate_Warped.nii.gz,/lustre/scratch/wbic-beta/ccn30/ENCRYPT/fMRI/gridcellpilot/preprocessed_data/segmentation/29317/coregistration/T1xStudyTemplate_InverseWarped.nii.gz ] --interpolation Linear --use-histogram-matching 0 --winsorize-image-intensities [ 0.005,0.995 ] --initial-moving-transform [ /home/ccn30/ENCRYPT/atlases/templates/ECtemplatemasks2015/Study_template_wholeBrain.nii,/lustre/scratch/wbic-beta/ccn30/ENCRYPT/fMRI/gridcellpilot/raw_data/images/29317/20190902_U-ID46030/mp2rage/denoiseRn4mag0000_PSIR_skulled_std.nii,1 ] --transform Rigid[ 0.1 ] --metric MI[ /home/ccn30/ENCRYPT/atlases/templates/ECtemplatemasks2015/Study_template_wholeBrain.nii,/lustre/scratch/wbic-beta/ccn30/ENCRYPT/fMRI/gridcellpilot/raw_data/images/29317/20190902_U-ID46030/mp2rage/denoiseRn4mag0000_PSIR_skulled_std.nii,1,32,Regular,0.25 ] --convergence [ 1000x500x250x100,1e-6,10 ] --shrink-factors 12x8x4x2 --smoothing-sigmas 4x3x2x1vox --transform Affine[ 0.1 ] --metric MI[ /home/ccn30/ENCRYPT/atlases/templates/ECtemplatemasks2015/Study_template_wholeBrain.nii,/lustre/scratch/wbic-beta/ccn30/ENCRYPT/fMRI/gridcellpilot/raw_data/images/29317/20190902_U-ID46030/mp2rage/denoiseRn4mag0000_PSIR_skulled_std.nii,1,32,Regular,0.25 ] --convergence [ 1000x500x250x100,1e-6,10 ] --shrink-factors 12x8x4x2 --smoothing-sigmas 4x3x2x1vox --transform SyN[ 0.1,3,0 ] --metric CC[ /home/ccn30/ENCRYPT/atlases/templates/ECtemplatemasks2015/Study_template_wholeBrain.nii,/lustre/scratch/wbic-beta/ccn30/ENCRYPT/fMRI/gridcellpilot/raw_data/images/29317/20190902_U-ID46030/mp2rage/denoiseRn4mag0000_PSIR_skulled_std.nii,1,4 ] --convergence [ 100x100x70x50x20,1e-6,10 ] --shrink-factors 10x6x4x2x1 --smoothing-sigmas 5x3x2x1x0vox
--------------------------------------------------------------------------------------
All_Command_lines_OK
Using double precision for computations.
=============================================================================
The composite transform comprises the following transforms (in order): 
  1. Center of mass alignment using fixed image: /home/ccn30/ENCRYPT/atlases/templates/ECtemplatemasks2015/Study_template_wholeBrain.nii and moving image: /lustre/scratch/wbic-beta/ccn30/ENCRYPT/fMRI/gridcellpilot/raw_data/images/29317/20190902_U-ID46030/mp2rage/denoiseRn4mag0000_PSIR_skulled_std.nii (type = Euler3DTransform)
=============================================================================
  number of levels = 4
  number of levels = 4
  number of levels = 5
  fixed image: /home/ccn30/ENCRYPT/atlases/templates/ECtemplatemasks2015/Study_template_wholeBrain.nii
  moving image: /lustre/scratch/wbic-beta/ccn30/ENCRYPT/fMRI/gridcellpilot/raw_data/images/29317/20190902_U-ID46030/mp2rage/denoiseRn4mag0000_PSIR_skulled_std.nii
  fixed image: /home/ccn30/ENCRYPT/atlases/templates/ECtemplatemasks2015/Study_template_wholeBrain.nii
  moving image: /lustre/scratch/wbic-beta/ccn30/ENCRYPT/fMRI/gridcellpilot/raw_data/images/29317/20190902_U-ID46030/mp2rage/denoiseRn4mag0000_PSIR_skulled_std.nii
  fixed image: /home/ccn30/ENCRYPT/atlases/templates/ECtemplatemasks2015/Study_template_wholeBrain.nii
  moving image: /lustre/scratch/wbic-beta/ccn30/ENCRYPT/fMRI/gridcellpilot/raw_data/images/29317/20190902_U-ID46030/mp2rage/denoiseRn4mag0000_PSIR_skulled_std.nii
Dimension = 3
Number of stages = 3
Use Histogram Matching false
Winsorize image intensities true
Lower quantile = 0.005
Upper quantile = 0.995
Stage 1 State
   Image metric = Mattes
     Fixed image = Image (0x38a9550)
  RTTI typeinfo:   itk::Image<double, 3u>
  Reference Count: 2
  Modified Time: 1735
  Debug: Off
  Object Name: 
  Observers: 
    none
  Source: (none)
  Source output name: (none)
  Release Data: Off
  Data Released: False
  Global Release Data: Off
  PipelineMTime: 0
  UpdateMTime: 1518
  RealTimeStamp: 0 seconds 
  LargestPossibleRegion: 
    Dimension: 3
    Index: [0, 0, 0]
    Size: [384, 384, 288]
  BufferedRegion: 
    Dimension: 3
    Index: [0, 0, 0]
    Size: [384, 384, 288]
  RequestedRegion: 
    Dimension: 3
    Index: [0, 0, 0]
    Size: [384, 384, 288]
  Spacing: [0.598958, 0.598958, 0.599937]
  Origin: [85.9044, -155.274, 91.0901]
  Direction: 
-0 0 -1
1 -0 0
0 -1 0

  IndexToPointMatrix: 
0 0 -0.599937
0.598958 0 0
0 -0.598958 0

  PointToIndexMatrix: 
0 1.66957 0
0 0 -1.66957
-1.66684 0 0

  Inverse Direction: 
0 1 0
0 0 -1
-1 0 0

  PixelContainer: 
    ImportImageContainer (0x38ae880)
      RTTI typeinfo:   itk::ImportImageContainer<unsigned long, double>
      Reference Count: 1
      Modified Time: 1515
      Debug: Off
      Object Name: 
      Observers: 
        none
      Pointer: 0x2b7bca74d010
      Container manages memory: true
      Size: 42467328
      Capacity: 42467328

     Moving image = Image (0x38a72f0)
  RTTI typeinfo:   itk::Image<double, 3u>
  Reference Count: 2
  Modified Time: 1736
  Debug: Off
  Object Name: 
  Observers: 
    none
  Source: (none)
  Source output name: (none)
  Release Data: Off
  Data Released: False
  Global Release Data: Off
  PipelineMTime: 0
  UpdateMTime: 1733
  RealTimeStamp: 0 seconds 
  LargestPossibleRegion: 
    Dimension: 3
    Index: [0, 0, 0]
    Size: [224, 320, 320]
  BufferedRegion: 
    Dimension: 3
    Index: [0, 0, 0]
    Size: [224, 320, 320]
  RequestedRegion: 
    Dimension: 3
    Index: [0, 0, 0]
    Size: [224, 320, 320]
  Spacing: [0.699997, 0.7, 0.7]
  Origin: [-76.1904, 72.2492, -103.242]
  Direction: 
1 0 0
0 -1 0
0 0 1

  IndexToPointMatrix: 
0.699997 0 0
0 -0.7 0
0 0 0.7

  PointToIndexMatrix: 
1.42858 0 0
0 -1.42857 0
0 0 1.42857

  Inverse Direction: 
1 0 0
0 -1 0
0 0 1

  PixelContainer: 
    ImportImageContainer (0x38b53f0)
      RTTI typeinfo:   itk::ImportImageContainer<unsigned long, double>
      Reference Count: 1
      Modified Time: 1730
      Debug: Off
      Object Name: 
      Observers: 
        none
      Pointer: 0x2b7bdeb4e010
      Container manages memory: true
      Size: 22937600
      Capacity: 22937600

     Weighting = 1
     Sampling strategy = regular
     Number of bins = 32
     Radius = 4
     Sampling percentage  = 0.25
   Transform = Rigid
     Gradient step = 0.1
     Update field sigma (voxel space) = 0
     Total field sigma (voxel space) = 0
     Update field time sigma = 0
     Total field time sigma  = 0
     Number of time indices = 0
     Number of time point samples = 0
Stage 2 State
   Image metric = Mattes
     Fixed image = Image (0x38a9860)
  RTTI typeinfo:   itk::Image<double, 3u>
  Reference Count: 2
  Modified Time: 2167
  Debug: Off
  Object Name: 
  Observers: 
    none
  Source: (none)
  Source output name: (none)
  Release Data: Off
  Data Released: False
  Global Release Data: Off
  PipelineMTime: 0
  UpdateMTime: 1950
  RealTimeStamp: 0 seconds 
  LargestPossibleRegion: 
    Dimension: 3
    Index: [0, 0, 0]
    Size: [384, 384, 288]
  BufferedRegion: 
    Dimension: 3
    Index: [0, 0, 0]
    Size: [384, 384, 288]
  RequestedRegion: 
    Dimension: 3
    Index: [0, 0, 0]
    Size: [384, 384, 288]
  Spacing: [0.598958, 0.598958, 0.599937]
  Origin: [85.9044, -155.274, 91.0901]
  Direction: 
-0 0 -1
1 -0 0
0 -1 0

  IndexToPointMatrix: 
0 0 -0.599937
0.598958 0 0
0 -0.598958 0

  PointToIndexMatrix: 
0 1.66957 0
0 0 -1.66957
-1.66684 0 0

  Inverse Direction: 
0 1 0
0 0 -1
-1 0 0

  PixelContainer: 
    ImportImageContainer (0x38b1be0)
      RTTI typeinfo:   itk::ImportImageContainer<unsigned long, double>
      Reference Count: 1
      Modified Time: 1947
      Debug: Off
      Object Name: 
      Observers: 
        none
      Pointer: 0x2b7be9a4f010
      Container manages memory: true
      Size: 42467328
      Capacity: 42467328

     Moving image = Image (0x38a9af0)
  RTTI typeinfo:   itk::Image<double, 3u>
  Reference Count: 2
  Modified Time: 2168
  Debug: Off
  Object Name: 
  Observers: 
    none
  Source: (none)
  Source output name: (none)
  Release Data: Off
  Data Released: False
  Global Release Data: Off
  PipelineMTime: 0
  UpdateMTime: 2165
  RealTimeStamp: 0 seconds 
  LargestPossibleRegion: 
    Dimension: 3
    Index: [0, 0, 0]
    Size: [224, 320, 320]
  BufferedRegion: 
    Dimension: 3
    Index: [0, 0, 0]
    Size: [224, 320, 320]
  RequestedRegion: 
    Dimension: 3
    Index: [0, 0, 0]
    Size: [224, 320, 320]
  Spacing: [0.699997, 0.7, 0.7]
  Origin: [-76.1904, 72.2492, -103.242]
  Direction: 
1 0 0
0 -1 0
0 0 1

  IndexToPointMatrix: 
0.699997 0 0
0 -0.7 0
0 0 0.7

  PointToIndexMatrix: 
1.42858 0 0
0 -1.42857 0
0 0 1.42857

  Inverse Direction: 
1 0 0
0 -1 0
0 0 1

  PixelContainer: 
    ImportImageContainer (0x38bef10)
      RTTI typeinfo:   itk::ImportImageContainer<unsigned long, double>
      Reference Count: 1
      Modified Time: 2162
      Debug: Off
      Object Name: 
      Observers: 
        none
      Pointer: 0x2b7bfde50010
      Container manages memory: true
      Size: 22937600
      Capacity: 22937600

     Weighting = 1
     Sampling strategy = regular
     Number of bins = 32
     Radius = 4
     Sampling percentage  = 0.25
   Transform = Affine
     Gradient step = 0.1
     Update field sigma (voxel space) = 0
     Total field sigma (voxel space) = 0
     Update field time sigma = 0
     Total field time sigma  = 0
     Number of time indices = 0
     Number of time point samples = 0
Stage 3 State
   Image metric = CC
     Fixed image = Image (0x38bcdf0)
  RTTI typeinfo:   itk::Image<double, 3u>
  Reference Count: 2
  Modified Time: 2599
  Debug: Off
  Object Name: 
  Observers: 
    none
  Source: (none)
  Source output name: (none)
  Release Data: Off
  Data Released: False
  Global Release Data: Off
  PipelineMTime: 0
  UpdateMTime: 2382
  RealTimeStamp: 0 seconds 
  LargestPossibleRegion: 
    Dimension: 3
    Index: [0, 0, 0]
    Size: [384, 384, 288]
  BufferedRegion: 
    Dimension: 3
    Index: [0, 0, 0]
    Size: [384, 384, 288]
  RequestedRegion: 
    Dimension: 3
    Index: [0, 0, 0]
    Size: [384, 384, 288]
  Spacing: [0.598958, 0.598958, 0.599937]
  Origin: [85.9044, -155.274, 91.0901]
  Direction: 
-0 0 -1
1 -0 0
0 -1 0

  IndexToPointMatrix: 
0 0 -0.599937
0.598958 0 0
0 -0.598958 0

  PointToIndexMatrix: 
0 1.66957 0
0 0 -1.66957
-1.66684 0 0

  Inverse Direction: 
0 1 0
0 0 -1
-1 0 0

  PixelContainer: 
    ImportImageContainer (0x38bfae0)
      RTTI typeinfo:   itk::ImportImageContainer<unsigned long, double>
      Reference Count: 1
      Modified Time: 2379
      Debug: Off
      Object Name: 
      Observers: 
        none
      Pointer: 0x2b7c08d51010
      Container manages memory: true
      Size: 42467328
      Capacity: 42467328

     Moving image = Image (0x38b7700)
  RTTI typeinfo:   itk::Image<double, 3u>
  Reference Count: 2
  Modified Time: 2600
  Debug: Off
  Object Name: 
  Observers: 
    none
  Source: (none)
  Source output name: (none)
  Release Data: Off
  Data Released: False
  Global Release Data: Off
  PipelineMTime: 0
  UpdateMTime: 2597
  RealTimeStamp: 0 seconds 
  LargestPossibleRegion: 
    Dimension: 3
    Index: [0, 0, 0]
    Size: [224, 320, 320]
  BufferedRegion: 
    Dimension: 3
    Index: [0, 0, 0]
    Size: [224, 320, 320]
  RequestedRegion: 
    Dimension: 3
    Index: [0, 0, 0]
    Size: [224, 320, 320]
  Spacing: [0.699997, 0.7, 0.7]
  Origin: [-76.1904, 72.2492, -103.242]
  Direction: 
1 0 0
0 -1 0
0 0 1

  IndexToPointMatrix: 
0.699997 0 0
0 -0.7 0
0 0 0.7

  PointToIndexMatrix: 
1.42858 0 0
0 -1.42857 0
0 0 1.42857

  Inverse Direction: 
1 0 0
0 -1 0
0 0 1

  PixelContainer: 
    ImportImageContainer (0x38be350)
      RTTI typeinfo:   itk::ImportImageContainer<unsigned long, double>
      Reference Count: 1
      Modified Time: 2594
      Debug: Off
      Object Name: 
      Observers: 
        none
      Pointer: 0x2b7c1d152010
      Container manages memory: true
      Size: 22937600
      Capacity: 22937600

     Weighting = 1
     Sampling strategy = none
     Number of bins = 32
     Radius = 4
     Sampling percentage  = 1
   Transform = SyN
     Gradient step = 0.1
     Update field sigma (voxel space) = 3
     Total field sigma (voxel space) = 0
     Update field time sigma = 0
     Total field time sigma  = 0
     Number of time indices = 0
     Number of time point samples = 0
Registration using 3 total stages.

Stage 0
  iterations = 1000x500x250x100
  convergence threshold = 1e-06
  convergence window size = 10
  number of levels = 4
  using the Mattes MI metric (number of bins = 32, weight = 1)
  preprocessing:  winsorizing the image intensities
  Shrink factors (level 1 out of 4): [12, 12, 12]
  Shrink factors (level 2 out of 4): [8, 8, 8]
  Shrink factors (level 3 out of 4): [4, 4, 4]
  Shrink factors (level 4 out of 4): [2, 2, 2]
  smoothing sigmas per level: [4, 3, 2, 1]
  regular sampling (percentage = 0.25)

*** Running Euler3DTransform registration ***

DIAGNOSTIC,Iteration,metricValue,convergenceValue,ITERATION_TIME_INDEX,SINCE_LAST
 2DIAGNOSTIC,     1, -5.612330539431e-01, 1.797693134862e+308, 8.9219e+00, 8.9219e+00, 
 2DIAGNOSTIC,     2, -5.632903813100e-01, 1.797693134862e+308, 8.9419e+00, 1.9996e-02, 
 2DIAGNOSTIC,     3, -5.662197699971e-01, 1.797693134862e+308, 8.9618e+00, 1.9864e-02, 
 2DIAGNOSTIC,     4, -5.697745558765e-01, 1.797693134862e+308, 8.9818e+00, 2.0021e-02, 
 2DIAGNOSTIC,     5, -5.776662844908e-01, 1.797693134862e+308, 9.0013e+00, 1.9461e-02, 
 2DIAGNOSTIC,     6, -5.912074064738e-01, 1.797693134862e+308, 9.0208e+00, 1.9523e-02, 
 2DIAGNOSTIC,     7, -6.029679844612e-01, 1.797693134862e+308, 9.0406e+00, 1.9769e-02, 
 2DIAGNOSTIC,     8, -6.117731370830e-01, 1.797693134862e+308, 9.0601e+00, 1.9540e-02, 
 2DIAGNOSTIC,     9, -6.256507525934e-01, 1.797693134862e+308, 9.0837e+00, 2.3613e-02, 
 2DIAGNOSTIC,    10, -6.676130262953e-01, 1.008282869379e-02, 9.1129e+00, 2.9166e-02, 
 2DIAGNOSTIC,    11, -6.702878049792e-01, 1.087073369135e-02, 9.1381e+00, 2.5206e-02, 
 2DIAGNOSTIC,    12, -6.705626933330e-01, 1.065703874248e-02, 9.1574e+00, 1.9341e-02, 
 2DIAGNOSTIC,    13, -6.712491314833e-01, 9.677842185761e-03, 9.1767e+00, 1.9315e-02, 
 2DIAGNOSTIC,    14, -6.722556437424e-01, 8.118997911470e-03, 9.1967e+00, 1.9945e-02, 
 2DIAGNOSTIC,    15, -6.798223527106e-01, 6.489412744688e-03, 9.2236e+00, 2.6865e-02, 
 2DIAGNOSTIC,    16, -6.849126845596e-01, 5.006998409029e-03, 9.2498e+00, 2.6250e-02, 
 2DIAGNOSTIC,    17, -6.861735186190e-01, 3.617600145229e-03, 9.2724e+00, 2.2576e-02, 
 2DIAGNOSTIC,    18, -6.877430519535e-01, 2.330135132256e-03, 9.2948e+00, 2.2394e-02, 
 2DIAGNOSTIC,    19, -6.880224205357e-01, 1.281445608779e-03, 9.3203e+00, 2.5498e-02, 
 2DIAGNOSTIC,    20, -6.880819176484e-01, 1.161304023615e-03, 9.3408e+00, 2.0496e-02, 
 2DIAGNOSTIC,    21, -6.880572329933e-01, 1.000385671661e-03, 9.3585e+00, 1.7779e-02, 
 2DIAGNOSTIC,    22, -6.881369854274e-01, 7.708864721733e-04, 9.3764e+00, 1.7803e-02, 
 2DIAGNOSTIC,    23, -6.882374634614e-01, 5.082222828929e-04, 9.3970e+00, 2.0644e-02, 
 2DIAGNOSTIC,    24, -6.887743418378e-01, 2.471263426782e-04, 9.4179e+00, 2.0867e-02, 
 2DIAGNOSTIC,    25, -6.887945815298e-01, 1.164239592555e-04, 9.4387e+00, 2.0844e-02, 
 2DIAGNOSTIC,    26, -6.886667607390e-01, 6.912958060310e-05, 9.4593e+00, 2.0641e-02, 
 2DIAGNOSTIC,    27, -6.887260673802e-01, 4.006242040374e-05, 9.4801e+00, 2.0725e-02, 
 2DIAGNOSTIC,    28, -6.888529777416e-01, 3.573518476987e-05, 9.5007e+00, 2.0593e-02, 
 2DIAGNOSTIC,    29, -6.888429938108e-01, 3.228316456855e-05, 9.5213e+00, 2.0592e-02, 
 2DIAGNOSTIC,    30, -6.888810284811e-01, 2.760935228045e-05, 9.5393e+00, 1.8012e-02, 
 2DIAGNOSTIC,    31, -6.893600487084e-01, 2.725101390050e-05, 9.5666e+00, 2.7299e-02, 
 2DIAGNOSTIC,    32, -6.893473786238e-01, 2.520627098267e-05, 9.5846e+00, 1.8030e-02, 
 2DIAGNOSTIC,    33, -6.894271988412e-01, 2.319758501838e-05, 9.6052e+00, 2.0598e-02, 
 2DIAGNOSTIC,    34, -6.895752736889e-01, 2.795528541135e-05, 9.6258e+00, 2.0616e-02, 
 2DIAGNOSTIC,    35, -6.896709515076e-01, 3.130364124298e-05, 9.6465e+00, 2.0725e-02, 
 2DIAGNOSTIC,    36, -6.897552157577e-01, 3.095605380023e-05, 9.6701e+00, 2.3541e-02, 
 2DIAGNOSTIC,    37, -6.896517273906e-01, 2.721485971145e-05, 9.6910e+00, 2.0888e-02, 
 2DIAGNOSTIC,    38, -6.899709774572e-01, 2.635724735936e-05, 9.7117e+00, 2.0772e-02, 
 2DIAGNOSTIC,    39, -6.900019518338e-01, 2.326568059147e-05, 9.7323e+00, 2.0601e-02, 
 2DIAGNOSTIC,    40, -6.900088693439e-01, 1.853321318623e-05, 9.7529e+00, 2.0551e-02, 
 2DIAGNOSTIC,    41, -6.899737341447e-01, 1.707011959706e-05, 9.7708e+00, 1.7882e-02, 
 2DIAGNOSTIC,    42, -6.899878901747e-01, 1.417233130021e-05, 9.7997e+00, 2.8920e-02, 
 2DIAGNOSTIC,    43, -6.899890867886e-01, 1.086709268368e-05, 9.8184e+00, 1.8696e-02, 
 2DIAGNOSTIC,    44, -6.899924997053e-01, 8.169146686218e-06, 9.8362e+00, 1.7804e-02, 
 2DIAGNOSTIC,    45, -6.899939059385e-01, 5.822161436155e-06, 9.8545e+00, 1.8267e-02, 
 2DIAGNOSTIC,    46, -6.899944130763e-01, 3.952820688366e-06, 9.8717e+00, 1.7216e-02, 
DIAGNOSTIC,Iteration,metricValue,convergenceValue,ITERATION_TIME_INDEX,SINCE_LAST
 2DIAGNOSTIC,     1, -6.101778685532e-01, 1.797693134862e+308, 1.9003e+01, 9.1309e+00, 
 2DIAGNOSTIC,     2, -6.114417827731e-01, 1.797693134862e+308, 1.9072e+01, 6.9187e-02, 
 2DIAGNOSTIC,     3, -6.127373837587e-01, 1.797693134862e+308, 1.9140e+01, 6.8395e-02, 
 2DIAGNOSTIC,     4, -6.144719409791e-01, 1.797693134862e+308, 1.9209e+01, 6.9038e-02, 
 2DIAGNOSTIC,     5, -6.155635422269e-01, 1.797693134862e+308, 1.9281e+01, 7.1276e-02, 
 2DIAGNOSTIC,     6, -6.165922192920e-01, 1.797693134862e+308, 1.9353e+01, 7.2113e-02, 
 2DIAGNOSTIC,     7, -6.169428879735e-01, 1.797693134862e+308, 1.9423e+01, 7.0466e-02, 
 2DIAGNOSTIC,     8, -6.173624877786e-01, 1.797693134862e+308, 1.9504e+01, 8.1404e-02, 
 2DIAGNOSTIC,     9, -6.177525194819e-01, 1.797693134862e+308, 1.9768e+01, 2.6364e-01, 
 2DIAGNOSTIC,    10, -6.177525158556e-01, 8.191386394191e-04, 1.9839e+01, 7.0744e-02, 
 2DIAGNOSTIC,    11, -6.177525448541e-01, 5.862644247354e-04, 1.9908e+01, 6.8716e-02, 
 2DIAGNOSTIC,    12, -6.177525938744e-01, 3.885560368230e-04, 1.9977e+01, 6.8900e-02, 
 2DIAGNOSTIC,    13, -6.177526767672e-01, 2.314866540879e-04, 2.0045e+01, 6.8242e-02, 
 2DIAGNOSTIC,    14, -6.177528172766e-01, 1.326070739444e-04, 2.0113e+01, 6.8449e-02, 
 2DIAGNOSTIC,    15, -6.177530546219e-01, 6.802689935037e-05, 2.0182e+01, 6.8958e-02, 
 2DIAGNOSTIC,    16, -6.177534541292e-01, 3.520908580312e-05, 2.0251e+01, 6.8767e-02, 
 2DIAGNOSTIC,    17, -6.177541257202e-01, 1.253814404256e-05, 2.0319e+01, 6.8421e-02, 
 2DIAGNOSTIC,    18, -6.177552481549e-01, 1.899882092246e-06, 2.0390e+01, 7.0180e-02, 
 2DIAGNOSTIC,    19, -6.177571246054e-01, 1.883054821690e-06, 2.0459e+01, 6.9072e-02, 
 2DIAGNOSTIC,    20, -6.177593276857e-01, 1.898780575806e-06, 2.0521e+01, 6.2436e-02, 
 2DIAGNOSTIC,    21, -6.177426533741e-01, 1.518541663519e-06, 2.0582e+01, 6.0660e-02, 
 2DIAGNOSTIC,    22, -6.177486840610e-01, 1.311158801157e-06, 2.0642e+01, 6.0001e-02, 
 2DIAGNOSTIC,    23, -6.177582662167e-01, 1.321176092896e-06, 2.0702e+01, 6.0509e-02, 
 2DIAGNOSTIC,    24, -6.177805225875e-01, 1.756731967235e-06, 2.0763e+01, 6.0447e-02, 
 2DIAGNOSTIC,    25, -6.177304960821e-01, 1.192130341283e-06, 2.0831e+01, 6.8831e-02, 
DIAGNOSTIC,Iteration,metricValue,convergenceValue,ITERATION_TIME_INDEX,SINCE_LAST
 2DIAGNOSTIC,     1, -5.554116825271e-01, 1.797693134862e+308, 3.0453e+01, 9.6216e+00, 
 2DIAGNOSTIC,     2, -5.557442514581e-01, 1.797693134862e+308, 3.0987e+01, 5.3412e-01, 
 2DIAGNOSTIC,     3, -5.559231526423e-01, 1.797693134862e+308, 3.1543e+01, 5.5569e-01, 
 2DIAGNOSTIC,     4, -5.559541362445e-01, 1.797693134862e+308, 3.2079e+01, 5.3603e-01, 
 2DIAGNOSTIC,     5, -5.559825701984e-01, 1.797693134862e+308, 3.2614e+01, 5.3540e-01, 
 2DIAGNOSTIC,     6, -5.561380923883e-01, 1.797693134862e+308, 3.3836e+01, 1.2219e+00, 
 2DIAGNOSTIC,     7, -5.561437525539e-01, 1.797693134862e+308, 3.4457e+01, 6.2098e-01, 
 2DIAGNOSTIC,     8, -5.561436618518e-01, 1.797693134862e+308, 3.5162e+01, 7.0506e-01, 
 2DIAGNOSTIC,     9, -5.561385960790e-01, 1.797693134862e+308, 3.5868e+01, 7.0590e-01, 
 2DIAGNOSTIC,    10, -5.561377013252e-01, 7.165872623902e-05, 3.6489e+01, 6.2071e-01, 
 2DIAGNOSTIC,    11, -5.561367574750e-01, 3.939908450105e-05, 3.7025e+01, 5.3591e-01, 
 2DIAGNOSTIC,    12, -5.561359841855e-01, 2.316313597919e-05, 3.7561e+01, 5.3616e-01, 
 2DIAGNOSTIC,    13, -5.561371285197e-01, 1.473111856733e-05, 3.8180e+01, 6.1934e-01, 
 2DIAGNOSTIC,    14, -5.561366721093e-01, 7.546046150456e-06, 3.8799e+01, 6.1911e-01, 
 2DIAGNOSTIC,    15, -5.561348359027e-01, 1.596152117006e-06, 3.9421e+01, 6.2124e-01, 
 2DIAGNOSTIC,    16, -5.561330581775e-01, 1.344768382594e-06, 3.9955e+01, 5.3458e-01, 
 2DIAGNOSTIC,    17, -5.561267131262e-01, 1.160453467729e-06, 4.0491e+01, 5.3541e-01, 
 2DIAGNOSTIC,    18, -5.561262865992e-01, 1.054279531822e-06, 4.1027e+01, 5.3604e-01, 
DIAGNOSTIC,Iteration,metricValue,convergenceValue,ITERATION_TIME_INDEX,SINCE_LAST
 2DIAGNOSTIC,     1, -4.776737686800e-01, 1.797693134862e+308, 5.4610e+01, 1.3583e+01, 
 2DIAGNOSTIC,     2, -4.778391883785e-01, 1.797693134862e+308, 5.8560e+01, 3.9501e+00, 
 2DIAGNOSTIC,     3, -4.778508890775e-01, 1.797693134862e+308, 6.2970e+01, 4.4106e+00, 
 2DIAGNOSTIC,     4, -4.778469586821e-01, 1.797693134862e+308, 7.0316e+01, 7.3451e+00, 
 2DIAGNOSTIC,     5, -4.778470827336e-01, 1.797693134862e+308, 7.5881e+01, 5.5654e+00, 
 2DIAGNOSTIC,     6, -4.778471594041e-01, 1.797693134862e+308, 7.9773e+01, 3.8920e+00, 
 2DIAGNOSTIC,     7, -4.778470176937e-01, 1.797693134862e+308, 8.3138e+01, 3.3648e+00, 
 2DIAGNOSTIC,     8, -4.778468604887e-01, 1.797693134862e+308, 8.7120e+01, 3.9822e+00, 
 2DIAGNOSTIC,     9, -4.778469112043e-01, 1.797693134862e+308, 9.1082e+01, 3.9624e+00, 
 2DIAGNOSTIC,    10, -4.778468243868e-01, 1.370973065015e-05, 9.4994e+01, 3.9113e+00, 
 2DIAGNOSTIC,    11, -4.778467078564e-01, 3.097840742247e-06, 9.9046e+01, 4.0521e+00, 
 2DIAGNOSTIC,    12, -4.778464359934e-01, 2.403305675483e-06, 1.0247e+02, 3.4202e+00, 
 2DIAGNOSTIC,    13, -4.778460043956e-01, 2.359225390464e-06, 1.0590e+02, 3.4361e+00, 
 2DIAGNOSTIC,    14, -4.778461032984e-01, 2.166729680050e-06, 1.1097e+02, 5.0691e+00, 
 2DIAGNOSTIC,    15, -4.778460034458e-01, 2.009806074621e-06, 1.1493e+02, 3.9628e+00, 
 2DIAGNOSTIC,    16, -4.778458868922e-01, 1.881309683927e-06, 1.1891e+02, 3.9760e+00, 
 2DIAGNOSTIC,    17, -4.778458349857e-01, 1.771487014926e-06, 1.2237e+02, 3.4593e+00, 
 2DIAGNOSTIC,    18, -4.778457988141e-01, 1.676755175553e-06, 1.2634e+02, 3.9702e+00, 
 2DIAGNOSTIC,    19, -4.778456993815e-01, 1.598715278432e-06, 1.2977e+02, 3.4279e+00, 
 2DIAGNOSTIC,    20, -4.778457741839e-01, 1.535030905615e-06, 1.3321e+02, 3.4379e+00, 
 2DIAGNOSTIC,    21, -4.778452408148e-01, 1.464254681324e-06, 1.3823e+02, 5.0197e+00, 
 2DIAGNOSTIC,    22, -4.778450960955e-01, 1.394123042293e-06, 1.4222e+02, 3.9968e+00, 
 2DIAGNOSTIC,    23, -4.778450655196e-01, 1.322834220489e-06, 1.4623e+02, 4.0072e+00, 
 2DIAGNOSTIC,    24, -4.778447516843e-01, 1.257621582741e-06, 1.4962e+02, 3.3927e+00, 
 2DIAGNOSTIC,    25, -4.778448090339e-01, 1.203208117397e-06, 1.5353e+02, 3.9125e+00, 
 2DIAGNOSTIC,    26, -4.778446777363e-01, 1.153882846515e-06, 1.5754e+02, 4.0047e+00, 
 2DIAGNOSTIC,    27, -4.778445174369e-01, 1.110200698103e-06, 1.6088e+02, 3.3426e+00, 
 2DIAGNOSTIC,    28, -4.778443981380e-01, 1.072772376202e-06, 1.6424e+02, 3.3583e+00, 
 2DIAGNOSTIC,    29, -4.778447988864e-01, 1.049952425544e-06, 1.6767e+02, 3.4313e+00, 
 2DIAGNOSTIC,    30, -4.778449742617e-01, 1.038018611323e-06, 1.7101e+02, 3.3391e+00, 
 2DIAGNOSTIC,    31, -4.778450805676e-01, 1.020757195956e-06, 1.7437e+02, 3.3571e+00, 
 2DIAGNOSTIC,    32, -4.778464625031e-01, 1.028214496906e-06, 1.7833e+02, 3.9654e+00, 
 2DIAGNOSTIC,    33, -4.778465579456e-01, 1.032668659091e-06, 1.8228e+02, 3.9511e+00, 
  Elapsed time (stage 0): 1.8686e+02


Stage 1
  iterations = 1000x500x250x100
  convergence threshold = 1.0000e-06
  convergence window size = 10
  number of levels = 4
  using the Mattes MI metric (number of bins = 32, weight = 1.0000e+00)
  preprocessing:  winsorizing the image intensities
  Shrink factors (level 1 out of 4): [12, 12, 12]
  Shrink factors (level 2 out of 4): [8, 8, 8]
  Shrink factors (level 3 out of 4): [4, 4, 4]
  Shrink factors (level 4 out of 4): [2, 2, 2]
  smoothing sigmas per level: [4, 3, 2, 1]
  regular sampling (percentage = 2.5000e-01)

*** Running AffineTransform registration ***

DIAGNOSTIC,Iteration,metricValue,convergenceValue,ITERATION_TIME_INDEX,SINCE_LAST
 2DIAGNOSTIC,     1, -6.805550186435e-01, 1.797693134862e+308, 9.2413e+00, 9.2413e+00, 
 2DIAGNOSTIC,     2, -6.822536650342e-01, 1.797693134862e+308, 9.2619e+00, 2.0594e-02, 
 2DIAGNOSTIC,     3, -6.851938981965e-01, 1.797693134862e+308, 9.2824e+00, 2.0517e-02, 
 2DIAGNOSTIC,     4, -6.889143903095e-01, 1.797693134862e+308, 9.3030e+00, 2.0612e-02, 
 2DIAGNOSTIC,     5, -6.939704543199e-01, 1.797693134862e+308, 9.3236e+00, 2.0582e-02, 
 2DIAGNOSTIC,     6, -6.993931888517e-01, 1.797693134862e+308, 9.3440e+00, 2.0439e-02, 
 2DIAGNOSTIC,     7, -7.048801383249e-01, 1.797693134862e+308, 9.3644e+00, 2.0362e-02, 
 2DIAGNOSTIC,     8, -7.082366635291e-01, 1.797693134862e+308, 9.3908e+00, 2.6367e-02, 
 2DIAGNOSTIC,     9, -7.090870208271e-01, 1.797693134862e+308, 9.4142e+00, 2.3429e-02, 
 2DIAGNOSTIC,    10, -7.092889675535e-01, 3.134580563399e-03, 9.4347e+00, 2.0485e-02, 
 2DIAGNOSTIC,    11, -7.094509135684e-01, 2.595478501931e-03, 9.4583e+00, 2.3638e-02, 
 2DIAGNOSTIC,    12, -7.097460690780e-01, 1.980667476868e-03, 9.4819e+00, 2.3557e-02, 
 2DIAGNOSTIC,    13, -7.099674999070e-01, 1.381019088916e-03, 9.5054e+00, 2.3499e-02, 
 2DIAGNOSTIC,    14, -7.099612746936e-01, 8.503592682920e-04, 9.5288e+00, 2.3378e-02, 
 2DIAGNOSTIC,    15, -7.099547587769e-01, 4.496516549491e-04, 9.5521e+00, 2.3348e-02, 
 2DIAGNOSTIC,    16, -7.098377275481e-01, 1.904053094124e-04, 9.5754e+00, 2.3312e-02, 
 2DIAGNOSTIC,    17, -7.097954635927e-01, 7.233294132519e-05, 9.5957e+00, 2.0300e-02, 
 2DIAGNOSTIC,    18, -7.098078018299e-01, 3.621535855483e-05, 9.6190e+00, 2.3268e-02, 
 2DIAGNOSTIC,    19, -7.097727738391e-01, 1.805426792902e-05, 9.6394e+00, 2.0369e-02, 
 2DIAGNOSTIC,    20, -7.098387165956e-01, 5.694181062235e-06, 9.6594e+00, 2.0086e-02, 
DIAGNOSTIC,Iteration,metricValue,convergenceValue,ITERATION_TIME_INDEX,SINCE_LAST
 2DIAGNOSTIC,     1, -6.496927341260e-01, 1.797693134862e+308, 1.8772e+01, 9.1123e+00, 
 2DIAGNOSTIC,     2, -6.505380555128e-01, 1.797693134862e+308, 1.8845e+01, 7.2959e-02, 
 2DIAGNOSTIC,     3, -6.516977797275e-01, 1.797693134862e+308, 1.8915e+01, 7.0716e-02, 
 2DIAGNOSTIC,     4, -6.526637231385e-01, 1.797693134862e+308, 1.8986e+01, 7.0163e-02, 
 2DIAGNOSTIC,     5, -6.535996193446e-01, 1.797693134862e+308, 1.9053e+01, 6.7520e-02, 
 2DIAGNOSTIC,     6, -6.544206353399e-01, 1.797693134862e+308, 1.9120e+01, 6.7352e-02, 
 2DIAGNOSTIC,     7, -6.551028880622e-01, 1.797693134862e+308, 1.9199e+01, 7.8306e-02, 
 2DIAGNOSTIC,     8, -6.555016356909e-01, 1.797693134862e+308, 1.9286e+01, 8.7203e-02, 
 2DIAGNOSTIC,     9, -6.554438400087e-01, 1.797693134862e+308, 1.9363e+01, 7.6590e-02, 
 2DIAGNOSTIC,    10, -6.553565701244e-01, 6.075596962896e-04, 1.9440e+01, 7.7471e-02, 
 2DIAGNOSTIC,    11, -6.553713218480e-01, 4.370436157094e-04, 1.9507e+01, 6.7419e-02, 
 2DIAGNOSTIC,    12, -6.555308984409e-01, 2.916000510155e-04, 1.9585e+01, 7.7549e-02, 
 2DIAGNOSTIC,    13, -6.555335782635e-01, 1.807713973048e-04, 1.9654e+01, 6.8719e-02, 
 2DIAGNOSTIC,    14, -6.556160524504e-01, 1.020401284381e-04, 1.9722e+01, 6.8314e-02, 
 2DIAGNOSTIC,    15, -6.559736985603e-01, 6.199085974329e-05, 1.9800e+01, 7.7527e-02, 
 2DIAGNOSTIC,    16, -6.560487868667e-01, 4.511131170838e-05, 1.9907e+01, 1.0734e-01, 
 2DIAGNOSTIC,    17, -6.560653349378e-01, 4.378013844170e-05, 1.9986e+01, 7.9440e-02, 
 2DIAGNOSTIC,    18, -6.560705901944e-01, 4.862198286930e-05, 2.0067e+01, 8.0752e-02, 
 2DIAGNOSTIC,    19, -6.560446865449e-01, 4.678637428140e-05, 2.0166e+01, 9.9002e-02, 
 2DIAGNOSTIC,    20, -6.560375021996e-01, 3.880618344222e-05, 2.0244e+01, 7.7918e-02, 
 2DIAGNOSTIC,    21, -6.560185216448e-01, 2.791214909404e-05, 2.0311e+01, 6.6905e-02, 
 2DIAGNOSTIC,    22, -6.560218076399e-01, 1.888205761363e-05, 2.0387e+01, 7.6272e-02, 
 2DIAGNOSTIC,    23, -6.560560083581e-01, 9.754189330045e-06, 2.0464e+01, 7.6529e-02, 
 2DIAGNOSTIC,    24, -6.560523135785e-01, 1.849823135669e-06, 2.0531e+01, 6.7635e-02, 
DIAGNOSTIC,Iteration,metricValue,convergenceValue,ITERATION_TIME_INDEX,SINCE_LAST
 2DIAGNOSTIC,     1, -5.936678417085e-01, 1.797693134862e+308, 3.0273e+01, 9.7412e+00, 
 2DIAGNOSTIC,     2, -5.940048948266e-01, 1.797693134862e+308, 3.0818e+01, 5.4572e-01, 
 2DIAGNOSTIC,     3, -5.943366593971e-01, 1.797693134862e+308, 3.1363e+01, 5.4497e-01, 
 2DIAGNOSTIC,     4, -5.946872738069e-01, 1.797693134862e+308, 3.1903e+01, 5.4001e-01, 
 2DIAGNOSTIC,     5, -5.950011105944e-01, 1.797693134862e+308, 3.2526e+01, 6.2247e-01, 
 2DIAGNOSTIC,     6, -5.958331121891e-01, 1.797693134862e+308, 3.3740e+01, 1.2139e+00, 
 2DIAGNOSTIC,     7, -5.958526760312e-01, 1.797693134862e+308, 3.4288e+01, 5.4823e-01, 
 2DIAGNOSTIC,     8, -5.958605600694e-01, 1.797693134862e+308, 3.4924e+01, 6.3643e-01, 
 2DIAGNOSTIC,     9, -5.958779432975e-01, 1.797693134862e+308, 3.5649e+01, 7.2521e-01, 
 2DIAGNOSTIC,    10, -5.958590199577e-01, 2.696264060686e-04, 3.6281e+01, 6.3105e-01, 
 2DIAGNOSTIC,    11, -5.958554957114e-01, 1.948152378438e-04, 3.6914e+01, 6.3316e-01, 
 2DIAGNOSTIC,    12, -5.958569687772e-01, 1.286099270994e-04, 3.7474e+01, 5.5983e-01, 
 2DIAGNOSTIC,    13, -5.958566826011e-01, 7.364597676635e-05, 3.8135e+01, 6.6137e-01, 
 2DIAGNOSTIC,    14, -5.958446033233e-01, 3.165575090068e-05, 3.8783e+01, 6.4826e-01, 
 2DIAGNOSTIC,    15, -5.958569974029e-01, 2.241470415484e-06, 3.9429e+01, 6.4562e-01, 
 2DIAGNOSTIC,    16, -5.958793784056e-01, 1.969616882355e-06, 4.0159e+01, 7.3000e-01, 
 2DIAGNOSTIC,    17, -5.958669794559e-01, 1.904086292991e-06, 4.0795e+01, 6.3655e-01, 
 2DIAGNOSTIC,    18, -5.958375162132e-01, 1.273043948070e-06, 4.1530e+01, 7.3479e-01, 
DIAGNOSTIC,Iteration,metricValue,convergenceValue,ITERATION_TIME_INDEX,SINCE_LAST
 2DIAGNOSTIC,     1, -5.198049388987e-01, 1.797693134862e+308, 5.5183e+01, 1.3653e+01, 
 2DIAGNOSTIC,     2, -5.202063642388e-01, 1.797693134862e+308, 5.8781e+01, 3.5978e+00, 
 2DIAGNOSTIC,     3, -5.204186908474e-01, 1.797693134862e+308, 6.2350e+01, 3.5694e+00, 
 2DIAGNOSTIC,     4, -5.206605376518e-01, 1.797693134862e+308, 6.6529e+01, 4.1788e+00, 
 2DIAGNOSTIC,     5, -5.207404620643e-01, 1.797693134862e+308, 7.1165e+01, 4.6364e+00, 
 2DIAGNOSTIC,     6, -5.207599290596e-01, 1.797693134862e+308, 7.5330e+01, 4.1645e+00, 
 2DIAGNOSTIC,     7, -5.207977303978e-01, 1.797693134862e+308, 7.9511e+01, 4.1809e+00, 
 2DIAGNOSTIC,     8, -5.208039743758e-01, 1.797693134862e+308, 8.5217e+01, 5.7061e+00, 
 2DIAGNOSTIC,     9, -5.208027022724e-01, 1.797693134862e+308, 8.9849e+01, 4.6321e+00, 
 2DIAGNOSTIC,    10, -5.208031057525e-01, 1.045596089822e-04, 9.3943e+01, 4.0944e+00, 
 2DIAGNOSTIC,    11, -5.208030425688e-01, 5.590740706064e-05, 9.8553e+01, 4.6102e+00, 
 2DIAGNOSTIC,    12, -5.208029001947e-01, 2.874976555842e-05, 1.0265e+02, 4.0985e+00, 
 2DIAGNOSTIC,    13, -5.208028400600e-01, 1.208150316825e-05, 1.0620e+02, 3.5466e+00, 
 2DIAGNOSTIC,    14, -5.208014618739e-01, 6.240056842619e-06, 1.1039e+02, 4.1939e+00, 
 2DIAGNOSTIC,    15, -5.208029425501e-01, 3.779196069364e-06, 1.1453e+02, 4.1346e+00, 
 2DIAGNOSTIC,    16, -5.208030373756e-01, 2.104203174841e-06, 1.1864e+02, 4.1127e+00, 
 2DIAGNOSTIC,    17, -5.208004369955e-01, 1.739778409560e-06, 1.2229e+02, 3.6467e+00, 
 2DIAGNOSTIC,    18, -5.208007645360e-01, 1.631764210204e-06, 1.2647e+02, 4.1876e+00, 
 2DIAGNOSTIC,    19, -5.208011881278e-01, 1.522304460065e-06, 1.3058e+02, 4.1064e+00, 
 2DIAGNOSTIC,    20, -5.207990135365e-01, 1.387655648638e-06, 1.3423e+02, 3.6454e+00, 
 2DIAGNOSTIC,    21, -5.207995963537e-01, 1.299724667357e-06, 1.3785e+02, 3.6248e+00, 
 2DIAGNOSTIC,    22, -5.208009937106e-01, 1.271415315543e-06, 1.4201e+02, 4.1568e+00, 
 2DIAGNOSTIC,    23, -5.208014429577e-01, 1.270991901545e-06, 1.4617e+02, 4.1626e+00, 
 2DIAGNOSTIC,    24, -5.208017928207e-01, 1.256142182098e-06, 1.5027e+02, 4.0986e+00, 
 2DIAGNOSTIC,    25, -5.207987559761e-01, 1.215523099070e-06, 1.5393e+02, 3.6584e+00, 
 2DIAGNOSTIC,    26, -5.208000070121e-01, 1.215363783356e-06, 1.5819e+02, 4.2629e+00, 
 2DIAGNOSTIC,    27, -5.208003264075e-01, 1.167181216719e-06, 1.6390e+02, 5.7107e+00, 
 2DIAGNOSTIC,    28, -5.208004493279e-01, 1.130585223372e-06, 1.6804e+02, 4.1391e+00, 
 2DIAGNOSTIC,    29, -5.207986969199e-01, 1.074237409054e-06, 1.7173e+02, 3.6951e+00, 
  Elapsed time (stage 1): 1.7627e+02


Stage 2
  iterations = 100x100x70x50x20
  convergence threshold = 1.0000e-06
  convergence window size = 10
  number of levels = 5
  using the CC metric (radius = 4, weight = 1.0000e+00)
  preprocessing:  winsorizing the image intensities
  Shrink factors (level 1 out of 5): [10, 10, 10]
  Shrink factors (level 2 out of 5): [6, 6, 6]
  Shrink factors (level 3 out of 5): [4, 4, 4]
  Shrink factors (level 4 out of 5): [2, 2, 2]
  Shrink factors (level 5 out of 5): [1, 1, 1]
  smoothing sigmas per level: [5, 3, 2, 1, 0]
  Using default NONE metricSamplingStrategy 

*** Running SyN registration (varianceForUpdateField = 3.0000e+00, varianceForTotalField = 0.0000e+00) ***

XXDIAGNOSTIC,Iteration,metricValue,convergenceValue,ITERATION_TIME_INDEX,SINCE_LAST
 1DIAGNOSTIC,     1, -4.648699665367e-01, 1.797693134862e+308, 1.0553e+01, 1.0553e+01, 
 1DIAGNOSTIC,     2, -4.716521249118e-01, 1.797693134862e+308, 1.2127e+01, 1.5740e+00, 
 1DIAGNOSTIC,     3, -4.774820102775e-01, 1.797693134862e+308, 1.3774e+01, 1.6467e+00, 
 1DIAGNOSTIC,     4, -4.826656981712e-01, 1.797693134862e+308, 1.5326e+01, 1.5523e+00, 
 1DIAGNOSTIC,     5, -4.868608332775e-01, 1.797693134862e+308, 1.6930e+01, 1.6035e+00, 
 1DIAGNOSTIC,     6, -4.905785523062e-01, 1.797693134862e+308, 1.8546e+01, 1.6164e+00, 
 1DIAGNOSTIC,     7, -4.937668595457e-01, 1.797693134862e+308, 2.0114e+01, 1.5686e+00, 
 1DIAGNOSTIC,     8, -4.964118958299e-01, 1.797693134862e+308, 2.1688e+01, 1.5733e+00, 
 1DIAGNOSTIC,     9, -4.987966140320e-01, 1.797693134862e+308, 2.3248e+01, 1.5602e+00, 
 1DIAGNOSTIC,    10, -5.009738683605e-01, 4.613664922751e-03, 2.4802e+01, 1.5545e+00, 
 1DIAGNOSTIC,    11, -5.030027054594e-01, 3.613585737046e-03, 2.6389e+01, 1.5867e+00, 
 1DIAGNOSTIC,    12, -5.048209028559e-01, 2.872321811653e-03, 2.7953e+01, 1.5643e+00, 
 1DIAGNOSTIC,    13, -5.066125816304e-01, 2.324754045913e-03, 2.9602e+01, 1.6486e+00, 
 1DIAGNOSTIC,    14, -5.081585134184e-01, 1.921464215828e-03, 3.1179e+01, 1.5774e+00, 
 1DIAGNOSTIC,    15, -5.096022588780e-01, 1.612444688929e-03, 3.2768e+01, 1.5884e+00, 
 1DIAGNOSTIC,    16, -5.110283862281e-01, 1.378297086144e-03, 3.4404e+01, 1.6360e+00, 
 1DIAGNOSTIC,    17, -5.123060781676e-01, 1.194873069305e-03, 3.5966e+01, 1.5619e+00, 
 1DIAGNOSTIC,    18, -5.135179463286e-01, 1.043557976010e-03, 3.7533e+01, 1.5677e+00, 
 1DIAGNOSTIC,    19, -5.146980806399e-01, 9.181896274834e-04, 3.9178e+01, 1.6450e+00, 
 1DIAGNOSTIC,    20, -5.157626078932e-01, 8.119893553993e-04, 4.0758e+01, 1.5795e+00, 
 1DIAGNOSTIC,    21, -5.167625248807e-01, 7.219736872350e-04, 4.2333e+01, 1.5753e+00, 
 1DIAGNOSTIC,    22, -5.176745534461e-01, 6.428065370767e-04, 4.3907e+01, 1.5736e+00, 
 1DIAGNOSTIC,    23, -5.185233116771e-01, 5.752289761632e-04, 4.5476e+01, 1.5687e+00, 
 1DIAGNOSTIC,    24, -5.193544340787e-01, 5.151837486153e-04, 4.7037e+01, 1.5610e+00, 
 1DIAGNOSTIC,    25, -5.201660524802e-01, 4.622579479595e-04, 4.8602e+01, 1.5652e+00, 
 1DIAGNOSTIC,    26, -5.208904001133e-01, 4.163909790808e-04, 5.0167e+01, 1.5648e+00, 
 1DIAGNOSTIC,    27, -5.215848844014e-01, 3.757103244792e-04, 5.1736e+01, 1.5694e+00, 
 1DIAGNOSTIC,    28, -5.222201723522e-01, 3.394483563148e-04, 5.3299e+01, 1.5629e+00, 
 1DIAGNOSTIC,    29, -5.228559898389e-01, 3.086727966186e-04, 5.4905e+01, 1.6064e+00, 
 1DIAGNOSTIC,    30, -5.234573089550e-01, 2.817562832518e-04, 5.6524e+01, 1.6191e+00, 
 1DIAGNOSTIC,    31, -5.239296250367e-01, 2.564059790734e-04, 5.8180e+01, 1.6558e+00, 
 1DIAGNOSTIC,    32, -5.244173280991e-01, 2.328089009545e-04, 5.9745e+01, 1.5644e+00, 
 1DIAGNOSTIC,    33, -5.249403076864e-01, 2.117326508952e-04, 6.1309e+01, 1.5646e+00, 
 1DIAGNOSTIC,    34, -5.254102555104e-01, 1.930345319130e-04, 6.2911e+01, 1.6015e+00, 
 1DIAGNOSTIC,    35, -5.257950603130e-01, 1.760687929853e-04, 6.4531e+01, 1.6200e+00, 
 1DIAGNOSTIC,    36, -5.261113610184e-01, 1.594149590431e-04, 6.6195e+01, 1.6641e+00, 
 1DIAGNOSTIC,    37, -5.264818707252e-01, 1.445368632962e-04, 6.7759e+01, 1.5646e+00, 
 1DIAGNOSTIC,    38, -5.269242111818e-01, 1.323683312403e-04, 6.9327e+01, 1.5673e+00, 
 1DIAGNOSTIC,    39, -5.272762005916e-01, 1.221720069210e-04, 7.0905e+01, 1.5788e+00, 
 1DIAGNOSTIC,    40, -5.277105452719e-01, 1.152471753960e-04, 7.2473e+01, 1.5680e+00, 
 1DIAGNOSTIC,    41, -5.280830409253e-01, 1.090927077620e-04, 7.4043e+01, 1.5699e+00, 
 1DIAGNOSTIC,    42, -5.284183244696e-01, 1.036382635671e-04, 7.5714e+01, 1.6709e+00, 
 1DIAGNOSTIC,    43, -5.286869497967e-01, 9.869293325071e-05, 7.7279e+01, 1.5649e+00, 
 1DIAGNOSTIC,    44, -5.289788345371e-01, 9.412929454436e-05, 7.8846e+01, 1.5670e+00, 
 1DIAGNOSTIC,    45, -5.292559110890e-01, 8.891587474419e-05, 8.0414e+01, 1.5684e+00, 
 1DIAGNOSTIC,    46, -5.295112303205e-01, 8.228153822576e-05, 8.2075e+01, 1.6603e+00, 
 1DIAGNOSTIC,    47, -5.297543204515e-01, 7.525993288614e-05, 8.3639e+01, 1.5641e+00, 
 1DIAGNOSTIC,    48, -5.300349969825e-01, 6.967787252127e-05, 8.5202e+01, 1.5633e+00, 
 1DIAGNOSTIC,    49, -5.302178081250e-01, 6.364027644143e-05, 8.6793e+01, 1.5907e+00, 
 1DIAGNOSTIC,    50, -5.304723913989e-01, 5.935538639991e-05, 8.8429e+01, 1.6363e+00, 
 1DIAGNOSTIC,    51, -5.306843794205e-01, 5.585493318118e-05, 8.9991e+01, 1.5617e+00, 
 1DIAGNOSTIC,    52, -5.309298158473e-01, 5.330036096256e-05, 9.1653e+01, 1.6618e+00, 
 1DIAGNOSTIC,    53, -5.311207702379e-01, 5.049706671824e-05, 9.3220e+01, 1.5673e+00, 
 1DIAGNOSTIC,    54, -5.313541447984e-01, 4.832440667473e-05, 9.4791e+01, 1.5706e+00, 
 1DIAGNOSTIC,    55, -5.315238061699e-01, 4.606754376632e-05, 9.6453e+01, 1.6624e+00, 
 1DIAGNOSTIC,    56, -5.317524015238e-01, 4.423595369663e-05, 9.8033e+01, 1.5804e+00, 
 1DIAGNOSTIC,    57, -5.320021432522e-01, 4.295781413328e-05, 9.9694e+01, 1.6603e+00, 
 1DIAGNOSTIC,    58, -5.321901212572e-01, 4.204593465591e-05, 1.0126e+02, 1.5710e+00, 
 1DIAGNOSTIC,    59, -5.323954271084e-01, 4.075146424360e-05, 1.0288e+02, 1.6125e+00, 
 1DIAGNOSTIC,    60, -5.325898374384e-01, 3.971042080830e-05, 1.0450e+02, 1.6194e+00, 
 1DIAGNOSTIC,    61, -5.327873049588e-01, 3.856670891857e-05, 1.0606e+02, 1.5676e+00, 
 1DIAGNOSTIC,    62, -5.330161826529e-01, 3.795186815231e-05, 1.0772e+02, 1.6581e+00, 
 1DIAGNOSTIC,    63, -5.331781913742e-01, 3.677069440631e-05, 1.0930e+02, 1.5737e+00, 
 1DIAGNOSTIC,    64, -5.333759067211e-01, 3.581852903645e-05, 1.1086e+02, 1.5680e+00, 
 1DIAGNOSTIC,    65, -5.335700841244e-01, 3.452136291237e-05, 1.1252e+02, 1.6593e+00, 
 1DIAGNOSTIC,    66, -5.338124612240e-01, 3.384040113285e-05, 1.1419e+02, 1.6668e+00, 
 1DIAGNOSTIC,    67, -5.339678853698e-01, 3.322875908384e-05, 1.1578e+02, 1.5893e+00, 
 1DIAGNOSTIC,    68, -5.342523615906e-01, 3.326031994355e-05, 1.1735e+02, 1.5705e+00, 
 1DIAGNOSTIC,    69, -5.343853040270e-01, 3.276355707714e-05, 1.1902e+02, 1.6655e+00, 
 1DIAGNOSTIC,    70, -5.345027702185e-01, 3.158249191689e-05, 1.2059e+02, 1.5738e+00, 
 1DIAGNOSTIC,    71, -5.346262775719e-01, 2.987763320879e-05, 1.2216e+02, 1.5754e+00, 
 1DIAGNOSTIC,    72, -5.347707142281e-01, 2.819096078792e-05, 1.2374e+02, 1.5751e+00, 
 1DIAGNOSTIC,    73, -5.349490297409e-01, 2.637883152080e-05, 1.2531e+02, 1.5655e+00, 
 1DIAGNOSTIC,    74, -5.350508358704e-01, 2.428767401164e-05, 1.2696e+02, 1.6579e+00, 
 1DIAGNOSTIC,    75, -5.351439822772e-01, 2.203148559165e-05, 1.2853e+02, 1.5689e+00, 
 1DIAGNOSTIC,    76, -5.353659453738e-01, 2.108305254762e-05, 1.3011e+02, 1.5803e+00, 
 1DIAGNOSTIC,    77, -5.354898534026e-01, 2.006206023879e-05, 1.3171e+02, 1.5931e+00, 
 1DIAGNOSTIC,    78, -5.356475921549e-01, 2.023816999175e-05, 1.3335e+02, 1.6439e+00, 
 1DIAGNOSTIC,    79, -5.357463143917e-01, 2.008324095831e-05, 1.3493e+02, 1.5778e+00, 
 1DIAGNOSTIC,    80, -5.358374157568e-01, 1.944959453569e-05, 1.3651e+02, 1.5815e+00, 
 1DIAGNOSTIC,    81, -5.359199920627e-01, 1.835384781059e-05, 1.3807e+02, 1.5636e+00, 
 1DIAGNOSTIC,    82, -5.360099479773e-01, 1.707140038410e-05, 1.3973e+02, 1.6579e+00, 
 1DIAGNOSTIC,    83, -5.360975577979e-01, 1.594244498035e-05, 1.4131e+02, 1.5757e+00, 
 1DIAGNOSTIC,    84, -5.361833395459e-01, 1.454976199188e-05, 1.4287e+02, 1.5661e+00, 
 1DIAGNOSTIC,    85, -5.362465675118e-01, 1.279459800227e-05, 1.4452e+02, 1.6454e+00, 
 1DIAGNOSTIC,    86, -5.363509704024e-01, 1.193647026421e-05, 1.4611e+02, 1.5885e+00, 
 1DIAGNOSTIC,    87, -5.363833210865e-01, 1.092777460434e-05, 1.4768e+02, 1.5741e+00, 
 1DIAGNOSTIC,    88, -5.364690593012e-01, 1.041902457851e-05, 1.4925e+02, 1.5737e+00, 
 1DIAGNOSTIC,    89, -5.365472154766e-01, 1.001489815891e-05, 1.5088e+02, 1.6293e+00, 
 1DIAGNOSTIC,    90, -5.366032342343e-01, 9.560974778753e-06, 1.5251e+02, 1.6236e+00, 
 1DIAGNOSTIC,    91, -5.366710214543e-01, 9.115955323498e-06, 1.5415e+02, 1.6435e+00, 
 1DIAGNOSTIC,    92, -5.367249408260e-01, 8.672766480039e-06, 1.5576e+02, 1.6138e+00, 
 1DIAGNOSTIC,    93, -5.368923163111e-01, 8.912969393832e-06, 1.5741e+02, 1.6469e+00, 
 1DIAGNOSTIC,    94, -5.369662129439e-01, 9.212899431744e-06, 1.5909e+02, 1.6788e+00, 
 1DIAGNOSTIC,    95, -5.370014047388e-01, 9.199505405934e-06, 1.6075e+02, 1.6589e+00, 
 1DIAGNOSTIC,    96, -5.370816114634e-01, 9.385985153583e-06, 1.6240e+02, 1.6519e+00, 
 1DIAGNOSTIC,    97, -5.371316926070e-01, 9.136606394837e-06, 1.6400e+02, 1.5961e+00, 
 1DIAGNOSTIC,    98, -5.371704336148e-01, 8.708873253408e-06, 1.6557e+02, 1.5740e+00, 
 1DIAGNOSTIC,    99, -5.372418720214e-01, 8.291861974078e-06, 1.6714e+02, 1.5720e+00, 
 1DIAGNOSTIC,   100, -5.372737645536e-01, 7.586069974419e-06, 1.6871e+02, 1.5644e+00, 
XXDIAGNOSTIC,Iteration,metricValue,convergenceValue,ITERATION_TIME_INDEX,SINCE_LAST
 1DIAGNOSTIC,     1, -4.482878646291e-01, 1.797693134862e+308, 1.8614e+02, 1.7434e+01, 
 1DIAGNOSTIC,     2, -4.553088971792e-01, 1.797693134862e+308, 1.9420e+02, 8.0615e+00, 
 1DIAGNOSTIC,     3, -4.603561111005e-01, 1.797693134862e+308, 2.0207e+02, 7.8678e+00, 
 1DIAGNOSTIC,     4, -4.646064666525e-01, 1.797693134862e+308, 2.1004e+02, 7.9711e+00, 
 1DIAGNOSTIC,     5, -4.682975363646e-01, 1.797693134862e+308, 2.1813e+02, 8.0908e+00, 
 1DIAGNOSTIC,     6, -4.717441951143e-01, 1.797693134862e+308, 2.2606e+02, 7.9297e+00, 
 1DIAGNOSTIC,     7, -4.746529008013e-01, 1.797693134862e+308, 2.3426e+02, 8.1966e+00, 
 1DIAGNOSTIC,     8, -4.770912635264e-01, 1.797693134862e+308, 2.4235e+02, 8.0889e+00, 
 1DIAGNOSTIC,     9, -4.793171617234e-01, 1.797693134862e+308, 2.5051e+02, 8.1609e+00, 
 1DIAGNOSTIC,    10, -4.810629526740e-01, 4.299580225903e-03, 2.5853e+02, 8.0261e+00, 
 1DIAGNOSTIC,    11, -4.826328550230e-01, 3.323583046794e-03, 2.6674e+02, 8.2093e+00, 
 1DIAGNOSTIC,    12, -4.839689055889e-01, 2.632826081238e-03, 2.7477e+02, 8.0219e+00, 
 1DIAGNOSTIC,    13, -4.854637083185e-01, 2.113531697528e-03, 2.8285e+02, 8.0811e+00, 
 1DIAGNOSTIC,    14, -4.866065447016e-01, 1.707323681849e-03, 2.9098e+02, 8.1301e+00, 
 1DIAGNOSTIC,    15, -4.877961866245e-01, 1.393942195765e-03, 2.9898e+02, 7.9989e+00, 
 1DIAGNOSTIC,    16, -4.886539991159e-01, 1.152434100443e-03, 3.0696e+02, 7.9831e+00, 
 1DIAGNOSTIC,    17, -4.896827265530e-01, 9.712765015960e-04, 3.1498e+02, 8.0182e+00, 
 1DIAGNOSTIC,    18, -4.906495943574e-01, 8.324666277206e-04, 3.2301e+02, 8.0352e+00, 
 1DIAGNOSTIC,    19, -4.913663056685e-01, 7.227541861243e-04, 3.3101e+02, 7.9957e+00, 
 1DIAGNOSTIC,    20, -4.919504358463e-01, 6.259340191255e-04, 3.3920e+02, 8.1973e+00, 
 1DIAGNOSTIC,    21, -4.926144616615e-01, 5.431683776749e-04, 3.4727e+02, 8.0670e+00, 
 1DIAGNOSTIC,    22, -4.932343452577e-01, 4.694014182538e-04, 3.5532e+02, 8.0439e+00, 
 1DIAGNOSTIC,    23, -4.937374220693e-01, 4.092140858151e-04, 3.6334e+02, 8.0211e+00, 
 1DIAGNOSTIC,    24, -4.941493002804e-01, 3.537822547970e-04, 3.7127e+02, 7.9345e+00, 
 1DIAGNOSTIC,    25, -4.947893889123e-01, 3.129016602413e-04, 3.7929e+02, 8.0189e+00, 
 1DIAGNOSTIC,    26, -4.952871305736e-01, 2.761170239826e-04, 3.8746e+02, 8.1678e+00, 
 1DIAGNOSTIC,    27, -4.957719605737e-01, 2.487728301573e-04, 3.9541e+02, 7.9554e+00, 
 1DIAGNOSTIC,    28, -4.960991507769e-01, 2.270527166892e-04, 4.0348e+02, 8.0652e+00, 
 1DIAGNOSTIC,    29, -4.966452485761e-01, 2.110572480913e-04, 4.1160e+02, 8.1175e+00, 
 1DIAGNOSTIC,    30, -4.970606727423e-01, 1.954815926724e-04, 4.1955e+02, 7.9576e+00, 
 1DIAGNOSTIC,    31, -4.973904678532e-01, 1.810384486314e-04, 4.2784e+02, 8.2875e+00, 
 1DIAGNOSTIC,    32, -4.977631873126e-01, 1.685665945415e-04, 4.3593e+02, 8.0852e+00, 
 1DIAGNOSTIC,    33, -4.981954369575e-01, 1.575058154543e-04, 4.4400e+02, 8.0751e+00, 
 1DIAGNOSTIC,    34, -4.984802889386e-01, 1.439371918547e-04, 4.5207e+02, 8.0649e+00, 
 1DIAGNOSTIC,    35, -4.988884062560e-01, 1.349390626598e-04, 4.6015e+02, 8.0849e+00, 
 1DIAGNOSTIC,    36, -4.992225644774e-01, 1.270539038825e-04, 4.6836e+02, 8.2116e+00, 
 1DIAGNOSTIC,    37, -4.994437182033e-01, 1.186743099719e-04, 4.7631e+02, 7.9521e+00, 
 1DIAGNOSTIC,    38, -4.996622078258e-01, 1.077550081349e-04, 4.8444e+02, 8.1275e+00, 
 1DIAGNOSTIC,    39, -4.999684780119e-01, 9.985979032936e-05, 4.9284e+02, 8.3935e+00, 
 1DIAGNOSTIC,    40, -5.001774548200e-01, 9.189168175096e-05, 5.0089e+02, 8.0534e+00, 
 1DIAGNOSTIC,    41, -5.004574630044e-01, 8.419391418273e-05, 5.0904e+02, 8.1469e+00, 
 1DIAGNOSTIC,    42, -5.005370387776e-01, 7.506467355504e-05, 5.1710e+02, 8.0654e+00, 
 1DIAGNOSTIC,    43, -5.007392965208e-01, 6.787801863890e-05, 5.2506e+02, 7.9630e+00, 
 1DIAGNOSTIC,    44, -5.009763347599e-01, 6.136482177909e-05, 5.3311e+02, 8.0434e+00, 
 1DIAGNOSTIC,    45, -5.012407053222e-01, 5.788272170653e-05, 5.4136e+02, 8.2521e+00, 
 1DIAGNOSTIC,    46, -5.014008459108e-01, 5.525681624541e-05, 5.4959e+02, 8.2309e+00, 
 1DIAGNOSTIC,    47, -5.016209854995e-01, 5.297909585436e-05, 5.5755e+02, 7.9609e+00, 
 1DIAGNOSTIC,    48, -5.017338415547e-01, 4.972238710496e-05, 5.6562e+02, 8.0699e+00, 
 1DIAGNOSTIC,    49, -5.019499622578e-01, 4.802864771902e-05, 5.7363e+02, 8.0055e+00, 
 1DIAGNOSTIC,    50, -5.020418048550e-01, 4.522707906024e-05, 5.8159e+02, 7.9639e+00, 
 1DIAGNOSTIC,    51, -5.023042972352e-01, 4.444385804651e-05, 5.8957e+02, 7.9839e+00, 
 1DIAGNOSTIC,    52, -5.024084976870e-01, 4.146822703615e-05, 5.9764e+02, 8.0687e+00, 
 1DIAGNOSTIC,    53, -5.025636582370e-01, 3.856239007592e-05, 6.0567e+02, 8.0293e+00, 
 1DIAGNOSTIC,    54, -5.027235547079e-01, 3.632095995933e-05, 6.1365e+02, 7.9747e+00, 
 1DIAGNOSTIC,    55, -5.028974487010e-01, 3.529629074981e-05, 6.2173e+02, 8.0871e+00, 
 1DIAGNOSTIC,    56, -5.030112258773e-01, 3.373103033015e-05, 6.3007e+02, 8.3359e+00, 
 1DIAGNOSTIC,    57, -5.031737794870e-01, 3.290738259875e-05, 6.3812e+02, 8.0518e+00, 
 1DIAGNOSTIC,    58, -5.033370989420e-01, 3.170776918094e-05, 6.4623e+02, 8.1059e+00, 
 1DIAGNOSTIC,    59, -5.034074734860e-01, 3.033496154672e-05, 6.5434e+02, 8.1067e+00, 
 1DIAGNOSTIC,    60, -5.035163487006e-01, 2.802723256354e-05, 6.6239e+02, 8.0578e+00, 
 1DIAGNOSTIC,    61, -5.035891536261e-01, 2.631295522575e-05, 6.7034e+02, 7.9461e+00, 
 1DIAGNOSTIC,    62, -5.037620785779e-01, 2.472447315887e-05, 6.7856e+02, 8.2232e+00, 
 1DIAGNOSTIC,    63, -5.038311495679e-01, 2.285108514672e-05, 6.8684e+02, 8.2809e+00, 
 1DIAGNOSTIC,    64, -5.038567756019e-01, 2.054168676725e-05, 6.9480e+02, 7.9594e+00, 
 1DIAGNOSTIC,    65, -5.040215302892e-01, 1.939497320088e-05, 7.0282e+02, 8.0166e+00, 
 1DIAGNOSTIC,    66, -5.041144317885e-01, 1.820588242162e-05, 7.1090e+02, 8.0848e+00, 
 1DIAGNOSTIC,    67, -5.042107432682e-01, 1.752208951564e-05, 7.1888e+02, 7.9764e+00, 
 1DIAGNOSTIC,    68, -5.042499017017e-01, 1.692825459587e-05, 7.2690e+02, 8.0202e+00, 
 1DIAGNOSTIC,    69, -5.043694857907e-01, 1.635775780457e-05, 7.3494e+02, 8.0414e+00, 
 1DIAGNOSTIC,    70, -5.044702354599e-01, 1.596676356866e-05, 7.4300e+02, 8.0563e+00, 
 1DIAGNOSTIC,    71, -5.045643640307e-01, 1.538740038979e-05, 7.5112e+02, 8.1265e+00, 
 1DIAGNOSTIC,    72, -5.046040434787e-01, 1.507748715230e-05, 7.5924e+02, 8.1148e+00, 
 1DIAGNOSTIC,    73, -5.047178867498e-01, 1.482885044970e-05, 7.6740e+02, 8.1605e+00, 
 1DIAGNOSTIC,    74, -5.047892563623e-01, 1.390745083505e-05, 7.7545e+02, 8.0468e+00, 
 1DIAGNOSTIC,    75, -5.047997734323e-01, 1.302816148029e-05, 7.8347e+02, 8.0205e+00, 
 1DIAGNOSTIC,    76, -5.049372722310e-01, 1.269772375253e-05, 7.9134e+02, 7.8740e+00, 
 1DIAGNOSTIC,    77, -5.049858695124e-01, 1.225631426918e-05, 7.9953e+02, 8.1923e+00, 
 1DIAGNOSTIC,    78, -5.050285137083e-01, 1.126695274879e-05, 8.0774e+02, 8.2030e+00, 
 1DIAGNOSTIC,    79, -5.050066370882e-01, 9.956720230608e-06, 8.1590e+02, 8.1621e+00, 
 1DIAGNOSTIC,    80, -5.050782104529e-01, 8.998171638876e-06, 8.2413e+02, 8.2359e+00, 
 1DIAGNOSTIC,    81, -5.051534593800e-01, 8.413701765273e-06, 8.3219e+02, 8.0515e+00, 
 1DIAGNOSTIC,    82, -5.052102176265e-01, 7.706479409914e-06, 8.4025e+02, 8.0683e+00, 
 1DIAGNOSTIC,    83, -5.052858119082e-01, 7.618465161806e-06, 8.4829e+02, 8.0334e+00, 
 1DIAGNOSTIC,    84, -5.052277431383e-01, 6.937485476826e-06, 8.5638e+02, 8.0925e+00, 
 1DIAGNOSTIC,    85, -5.054292040698e-01, 7.064853397909e-06, 8.6446e+02, 8.0763e+00, 
 1DIAGNOSTIC,    86, -5.054087715673e-01, 7.268371227356e-06, 8.7237e+02, 7.9145e+00, 
 1DIAGNOSTIC,    87, -5.054634010758e-01, 7.481993805175e-06, 8.8046e+02, 8.0912e+00, 
 1DIAGNOSTIC,    88, -5.055769106898e-01, 8.038502993931e-06, 8.8851e+02, 8.0510e+00, 
 1DIAGNOSTIC,    89, -5.055215718728e-01, 7.323236943522e-06, 8.9671e+02, 8.1988e+00, 
 1DIAGNOSTIC,    90, -5.057031320181e-01, 7.564301785274e-06, 9.0484e+02, 8.1304e+00, 
 1DIAGNOSTIC,    91, -5.057012634012e-01, 7.525114393243e-06, 9.1277e+02, 7.9265e+00, 
 1DIAGNOSTIC,    92, -5.057858606499e-01, 7.675475033100e-06, 9.2078e+02, 8.0130e+00, 
 1DIAGNOSTIC,    93, -5.056979957185e-01, 7.053160919226e-06, 9.2878e+02, 8.0024e+00, 
 1DIAGNOSTIC,    94, -5.059150465713e-01, 6.751894525082e-06, 9.3695e+02, 8.1658e+00, 
 1DIAGNOSTIC,    95, -5.060434111014e-01, 7.788577322304e-06, 9.4506e+02, 8.1076e+00, 
 1DIAGNOSTIC,    96, -5.059425901168e-01, 7.333195575157e-06, 9.5342e+02, 8.3592e+00, 
 1DIAGNOSTIC,    97, -5.060995104628e-01, 7.491823301500e-06, 9.6151e+02, 8.0936e+00, 
 1DIAGNOSTIC,    98, -5.060105925040e-01, 7.100535972616e-06, 9.6944e+02, 7.9246e+00, 
 1DIAGNOSTIC,    99, -5.062477145138e-01, 7.082959578700e-06, 9.7780e+02, 8.3623e+00, 
 1DIAGNOSTIC,   100, -5.063096518572e-01, 7.755688931035e-06, 9.8596e+02, 8.1652e+00, 
XXDIAGNOSTIC,Iteration,metricValue,convergenceValue,ITERATION_TIME_INDEX,SINCE_LAST
 1DIAGNOSTIC,     1, -4.758675761031e-01, 1.797693134862e+308, 1.0226e+03, 3.6595e+01, 
 1DIAGNOSTIC,     2, -4.780847130798e-01, 1.797693134862e+308, 1.0497e+03, 2.7149e+01, 
 1DIAGNOSTIC,     3, -4.800681154242e-01, 1.797693134862e+308, 1.0767e+03, 2.6987e+01, 
 1DIAGNOSTIC,     4, -4.819329505601e-01, 1.797693134862e+308, 1.1041e+03, 2.7427e+01, 
 1DIAGNOSTIC,     5, -4.837078102509e-01, 1.797693134862e+308, 1.1316e+03, 2.7511e+01, 
 1DIAGNOSTIC,     6, -4.851312848523e-01, 1.797693134862e+308, 1.1589e+03, 2.7267e+01, 
 1DIAGNOSTIC,     7, -4.865534579980e-01, 1.797693134862e+308, 1.1862e+03, 2.7278e+01, 
 1DIAGNOSTIC,     8, -4.877027285008e-01, 1.797693134862e+308, 1.2129e+03, 2.6741e+01, 
 1DIAGNOSTIC,     9, -4.886978385360e-01, 1.797693134862e+308, 1.2403e+03, 2.7332e+01, 
 1DIAGNOSTIC,    10, -4.895975948058e-01, 1.810100049913e-03, 1.2677e+03, 2.7407e+01, 
 1DIAGNOSTIC,    11, -4.903902617271e-01, 1.468843420333e-03, 1.2948e+03, 2.7124e+01, 
 1DIAGNOSTIC,    12, -4.911646405409e-01, 1.198085461698e-03, 1.3222e+03, 2.7441e+01, 
 1DIAGNOSTIC,    13, -4.917120253988e-01, 9.739651964516e-04, 1.3495e+03, 2.7289e+01, 
 1DIAGNOSTIC,    14, -4.923539161346e-01, 7.975585928064e-04, 1.3767e+03, 2.7232e+01, 
 1DIAGNOSTIC,    15, -4.927926806093e-01, 6.576103298489e-04, 1.4039e+03, 2.7123e+01, 
 1DIAGNOSTIC,    16, -4.933536849540e-01, 5.467303588493e-04, 1.4308e+03, 2.6982e+01, 
 1DIAGNOSTIC,    17, -4.937387258777e-01, 4.600968393203e-04, 1.4581e+03, 2.7217e+01, 
 1DIAGNOSTIC,    18, -4.944164257593e-01, 3.995115419546e-04, 1.4854e+03, 2.7303e+01, 
 1DIAGNOSTIC,    19, -4.947065175229e-01, 3.472157269587e-04, 1.5131e+03, 2.7706e+01, 
 1DIAGNOSTIC,    20, -4.952338117440e-01, 3.093439720190e-04, 1.5405e+03, 2.7445e+01, 
 1DIAGNOSTIC,    21, -4.955226305215e-01, 2.759166618725e-04, 1.5675e+03, 2.7026e+01, 
 1DIAGNOSTIC,    22, -4.960507572092e-01, 2.541210425069e-04, 1.5951e+03, 2.7521e+01, 
 1DIAGNOSTIC,    23, -4.961683043609e-01, 2.268814132049e-04, 1.6222e+03, 2.7092e+01, 
 1DIAGNOSTIC,    24, -4.967095755330e-01, 2.093930053031e-04, 1.6491e+03, 2.6898e+01, 
 1DIAGNOSTIC,    25, -4.967853711510e-01, 1.853438690079e-04, 1.6763e+03, 2.7270e+01, 
 1DIAGNOSTIC,    26, -4.974014310422e-01, 1.720908357498e-04, 1.7037e+03, 2.7364e+01, 
 1DIAGNOSTIC,    27, -4.974775653484e-01, 1.530948668687e-04, 1.7311e+03, 2.7432e+01, 
 1DIAGNOSTIC,    28, -4.978493974660e-01, 1.429246895219e-04, 1.7585e+03, 2.7360e+01, 
 1DIAGNOSTIC,    29, -4.980865206777e-01, 1.303531819909e-04, 1.7862e+03, 2.7710e+01, 
 1DIAGNOSTIC,    30, -4.983661349535e-01, 1.218465742844e-04, 1.8132e+03, 2.7043e+01, 
 1DIAGNOSTIC,    31, -4.983863004656e-01, 1.079544607905e-04, 1.8405e+03, 2.7256e+01, 
 1DIAGNOSTIC,    32, -4.988899988041e-01, 1.035591770195e-04, 1.8679e+03, 2.7391e+01, 
 1DIAGNOSTIC,    33, -4.989064911195e-01, 9.167936957481e-05, 1.8951e+03, 2.7265e+01, 
 1DIAGNOSTIC,    34, -4.991739553119e-01, 8.573691602758e-05, 1.9222e+03, 2.7008e+01, 
 1DIAGNOSTIC,    35, -4.993442981736e-01, 7.588664115684e-05, 1.9492e+03, 2.7061e+01, 
 1DIAGNOSTIC,    36, -4.995031973246e-01, 7.190951224270e-05, 1.9766e+03, 2.7383e+01, 
 1DIAGNOSTIC,    37, -4.996574145448e-01, 6.482868617508e-05, 2.0041e+03, 2.7520e+01, 
 1DIAGNOSTIC,    38, -4.999461581812e-01, 6.196734312258e-05, 2.0315e+03, 2.7395e+01, 
 1DIAGNOSTIC,    39, -5.000595265761e-01, 5.848428614784e-05, 2.0603e+03, 2.8778e+01, 
 1DIAGNOSTIC,    40, -5.001968158303e-01, 5.574360775545e-05, 2.0875e+03, 2.7198e+01, 
 1DIAGNOSTIC,    41, -5.003545549663e-01, 5.023270843843e-05, 2.1146e+03, 2.7121e+01, 
 1DIAGNOSTIC,    42, -5.006765035218e-01, 5.158855978675e-05, 2.1417e+03, 2.7055e+01, 
 1DIAGNOSTIC,    43, -5.006791708547e-01, 4.809608408204e-05, 2.1693e+03, 2.7653e+01, 
 1DIAGNOSTIC,    44, -5.008924978388e-01, 4.655804228114e-05, 2.1965e+03, 2.7150e+01, 
 1DIAGNOSTIC,    45, -5.008927889008e-01, 4.286149665547e-05, 2.2238e+03, 2.7370e+01, 
 1DIAGNOSTIC,    46, -5.010917329785e-01, 3.975798857722e-05, 2.2510e+03, 2.7158e+01, 
 1DIAGNOSTIC,    47, -5.011521001935e-01, 3.551676161766e-05, 2.2784e+03, 2.7448e+01, 
 1DIAGNOSTIC,    48, -5.014712846124e-01, 3.539244463925e-05, 2.3056e+03, 2.7151e+01, 
 1DIAGNOSTIC,    49, -5.015336530278e-01, 3.394256618714e-05, 2.3333e+03, 2.7657e+01, 
 1DIAGNOSTIC,    50, -5.018107403644e-01, 3.413135130613e-05, 2.3606e+03, 2.7347e+01, 
 1DIAGNOSTIC,    51, -5.016304760115e-01, 3.072201221363e-05, 2.3882e+03, 2.7623e+01, 
 1DIAGNOSTIC,    52, -5.020184978073e-01, 3.249627171212e-05, 2.4156e+03, 2.7361e+01, 
 1DIAGNOSTIC,    53, -5.020259980276e-01, 3.106527919572e-05, 2.4433e+03, 2.7700e+01, 
 1DIAGNOSTIC,    54, -5.022323813206e-01, 3.124071033282e-05, 2.4706e+03, 2.7362e+01, 
 1DIAGNOSTIC,    55, -5.021628308354e-01, 2.770893854846e-05, 2.4981e+03, 2.7481e+01, 
 1DIAGNOSTIC,    56, -5.023434343371e-01, 2.567098266897e-05, 2.5255e+03, 2.7389e+01, 
 1DIAGNOSTIC,    57, -5.021891624844e-01, 2.022522456386e-05, 2.5528e+03, 2.7327e+01, 
 1DIAGNOSTIC,    58, -5.024147502999e-01, 1.848047705177e-05, 2.5800e+03, 2.7108e+01, 
 1DIAGNOSTIC,    59, -5.023840179686e-01, 1.525924980960e-05, 2.6074e+03, 2.7450e+01, 
 1DIAGNOSTIC,    60, -5.023979589067e-01, 1.361366910986e-05, 2.6348e+03, 2.7356e+01, 
 1DIAGNOSTIC,    61, -5.025702900709e-01, 1.062480021637e-05, 2.6622e+03, 2.7437e+01, 
 1DIAGNOSTIC,    62, -5.027280817605e-01, 1.177539550915e-05, 2.6895e+03, 2.7302e+01, 
 1DIAGNOSTIC,    63, -5.026027449131e-01, 1.065188581036e-05, 2.7166e+03, 2.7144e+01, 
 1DIAGNOSTIC,    64, -5.029030084862e-01, 1.320478295432e-05, 2.7441e+03, 2.7416e+01, 
 1DIAGNOSTIC,    65, -5.029032095958e-01, 1.374184399219e-05, 2.7715e+03, 2.7463e+01, 
 1DIAGNOSTIC,    66, -5.028670828885e-01, 1.427965107220e-05, 2.7985e+03, 2.7013e+01, 
 1DIAGNOSTIC,    67, -5.031371790761e-01, 1.443130729760e-05, 2.8256e+03, 2.7053e+01, 
 1DIAGNOSTIC,    68, -5.030271802409e-01, 1.417372990474e-05, 2.8526e+03, 2.6973e+01, 
 1DIAGNOSTIC,    69, -5.032473011030e-01, 1.421818539423e-05, 2.8797e+03, 2.7110e+01, 
 1DIAGNOSTIC,    70, -5.032381082362e-01, 1.289854954434e-05, 2.9075e+03, 2.7876e+01, 
XXDIAGNOSTIC,Iteration,metricValue,convergenceValue,ITERATION_TIME_INDEX,SINCE_LAST
 1DIAGNOSTIC,     1, -4.580389432350e-01, 1.797693134862e+308, 3.1455e+03, 2.3791e+02, 
 1DIAGNOSTIC,     2, -4.604679025712e-01, 1.797693134862e+308, 3.3662e+03, 2.2071e+02, 
 1DIAGNOSTIC,     3, -4.630050247414e-01, 1.797693134862e+308, 3.5874e+03, 2.2129e+02, 
 1DIAGNOSTIC,     4, -4.657868679295e-01, 1.797693134862e+308, 3.8102e+03, 2.2271e+02, 
 1DIAGNOSTIC,     5, -4.684145620849e-01, 1.797693134862e+308, 4.0321e+03, 2.2198e+02, 
 1DIAGNOSTIC,     6, -4.707931057210e-01, 1.797693134862e+308, 4.2535e+03, 2.2135e+02, 
 1DIAGNOSTIC,     7, -4.730794851894e-01, 1.797693134862e+308, 4.4752e+03, 2.2173e+02, 
 1DIAGNOSTIC,     8, -4.752256101637e-01, 1.797693134862e+308, 4.6980e+03, 2.2281e+02, 
 1DIAGNOSTIC,     9, -4.772319300593e-01, 1.797693134862e+308, 4.9206e+03, 2.2254e+02, 
 1DIAGNOSTIC,    10, -4.790666381724e-01, 2.914317359303e-03, 5.1426e+03, 2.2202e+02, 
 1DIAGNOSTIC,    11, -4.807609701118e-01, 2.526220337745e-03, 5.3642e+03, 2.2162e+02, 
 1DIAGNOSTIC,    12, -4.823499913996e-01, 2.177429056864e-03, 5.5864e+03, 2.2216e+02, 
 1DIAGNOSTIC,    13, -4.836813083385e-01, 1.863595514220e-03, 5.8096e+03, 2.2323e+02, 
 1DIAGNOSTIC,    14, -4.850385840980e-01, 1.602066507213e-03, 6.0329e+03, 2.2334e+02, 
 1DIAGNOSTIC,    15, -4.862071018063e-01, 1.380095373669e-03, 6.2560e+03, 2.2309e+02, 
 1DIAGNOSTIC,    16, -4.873603343229e-01, 1.190722229082e-03, 6.4772e+03, 2.2120e+02, 
 1DIAGNOSTIC,    17, -4.882946861694e-01, 1.026543831793e-03, 6.7052e+03, 2.2796e+02, 
 1DIAGNOSTIC,    18, -4.894144616782e-01, 8.935388912021e-04, 6.9295e+03, 2.2433e+02, 
 1DIAGNOSTIC,    19, -4.903080891534e-01, 7.819679814558e-04, 7.1531e+03, 2.2362e+02, 
 1DIAGNOSTIC,    20, -4.913159671103e-01, 6.929196975683e-04, 7.3779e+03, 2.2478e+02, 
 1DIAGNOSTIC,    21, -4.921559639599e-01, 6.189286538889e-04, 7.6021e+03, 2.2417e+02, 
 1DIAGNOSTIC,    22, -4.930798840162e-01, 5.613310540700e-04, 7.8251e+03, 2.2306e+02, 
 1DIAGNOSTIC,    23, -4.938389006289e-01, 5.095566102612e-04, 8.0486e+03, 2.2349e+02, 
 1DIAGNOSTIC,    24, -4.947121059419e-01, 4.689935784660e-04, 8.2707e+03, 2.2204e+02, 
 1DIAGNOSTIC,    25, -4.954012046056e-01, 4.311324813978e-04, 8.4922e+03, 2.2154e+02, 
 1DIAGNOSTIC,    26, -4.962076851712e-01, 3.999608080967e-04, 8.7155e+03, 2.2325e+02, 
 1DIAGNOSTIC,    27, -4.968252244241e-01, 3.669273530759e-04, 8.9365e+03, 2.2103e+02, 
 1DIAGNOSTIC,    28, -4.975843530055e-01, 3.410199554675e-04, 9.1582e+03, 2.2172e+02, 
 1DIAGNOSTIC,    29, -4.981792476815e-01, 3.145586715824e-04, 9.3804e+03, 2.2213e+02, 
 1DIAGNOSTIC,    30, -4.988457140940e-01, 2.927660551620e-04, 9.6036e+03, 2.2325e+02, 
 1DIAGNOSTIC,    31, -4.994223748824e-01, 2.712498625604e-04, 9.8278e+03, 2.2418e+02, 
 1DIAGNOSTIC,    32, -5.000748831823e-01, 2.541378790709e-04, 1.0051e+04, 2.2321e+02, 
 1DIAGNOSTIC,    33, -5.005899019739e-01, 2.363282622575e-04, 1.0274e+04, 2.2318e+02, 
 1DIAGNOSTIC,    34, -5.012359200565e-01, 2.231940484781e-04, 1.0499e+04, 2.2442e+02, 
 1DIAGNOSTIC,    35, -5.017174993247e-01, 2.089405853077e-04, 1.0721e+04, 2.2281e+02, 
 1DIAGNOSTIC,    36, -5.022947225458e-01, 1.980025178529e-04, 1.0946e+04, 2.2418e+02, 
 1DIAGNOSTIC,    37, -5.027663456629e-01, 1.858058221924e-04, 1.1168e+04, 2.2214e+02, 
 1DIAGNOSTIC,    38, -5.033414045507e-01, 1.769568103560e-04, 1.1391e+04, 2.2341e+02, 
 1DIAGNOSTIC,    39, -5.037660163011e-01, 1.667695297955e-04, 1.1615e+04, 2.2410e+02, 
 1DIAGNOSTIC,    40, -5.043310101218e-01, 1.590572674259e-04, 1.1837e+04, 2.2221e+02, 
 1DIAGNOSTIC,    41, -5.047516754486e-01, 1.505475623435e-04, 1.2060e+04, 2.2262e+02, 
 1DIAGNOSTIC,    42, -5.052647454580e-01, 1.441567007795e-04, 1.2282e+04, 2.2174e+02, 
 1DIAGNOSTIC,    43, -5.056360346088e-01, 1.361240226807e-04, 1.2505e+04, 2.2308e+02, 
 1DIAGNOSTIC,    44, -5.060999122848e-01, 1.300628148794e-04, 1.2727e+04, 2.2201e+02, 
 1DIAGNOSTIC,    45, -5.064259181384e-01, 1.221348256852e-04, 1.2950e+04, 2.2361e+02, 
 1DIAGNOSTIC,    46, -5.068306030606e-01, 1.152108363918e-04, 1.3174e+04, 2.2376e+02, 
 1DIAGNOSTIC,    47, -5.070876097544e-01, 1.064399989726e-04, 1.3395e+04, 2.2098e+02, 
 1DIAGNOSTIC,    48, -5.074856074093e-01, 9.958381705613e-05, 1.3619e+04, 2.2425e+02, 
 1DIAGNOSTIC,    49, -5.077600814928e-01, 9.161738380546e-05, 1.3842e+04, 2.2286e+02, 
 1DIAGNOSTIC,    50, -5.081410997173e-01, 8.611050950814e-05, 1.4066e+04, 2.2415e+02, 
slurmstepd: error: Job 6246100 exceeded memory limit (15371888 > 15360000), being killed
slurmstepd: error: Exceeded job memory limit
slurmstepd: error: *** JOB 6246100 ON wbic-cs-7 CANCELLED AT 2021-02-08T17:34:16 ***
