Changed directory to /lustre/scratch/wbic-beta/ccn30/ENCRYPT/fMRI/gridcellpilot/scripts/coregistration/slurmoutputs.

JobID: 6244927
======
Time: Fri Feb  5 16:04:04 GMT 2021
Running on master node: wbic-cs-19
Current directory: /lustre/scratch/wbic-beta/ccn30/ENCRYPT/fMRI/gridcellpilot/scripts/coregistration/slurmoutputs

Nodes allocated:
================
wbic-cs-19

numtasks=1, numnodes=1, mpi_tasks_per_node=1 (OMP_NUM_THREADS=1)

Executing command:
==================
/lustre/scratch/wbic-beta/ccn30/ENCRYPT/fMRI/gridcellpilot/scripts/coregistration/coreg_MasksxEPI.sh 27734/20190902_U-ID46027

******** starting 27734 ********

--------------------------------------------------------------------------------------
 Mapping parameters
--------------------------------------------------------------------------------------
 ANTSPATH is /applications/ANTS/ANTs-2.3.4/install/bin/

 Dimensionality:           3
 Output name prefix:       /lustre/scratch/wbic-beta/ccn30/ENCRYPT/fMRI/gridcellpilot/preprocessed_data/segmentation/27734/coregistration/T1xStudyTemplate_
 Fixed images:             /home/ccn30/ENCRYPT/atlases/templates/ECtemplatemasks2015/Study_template_wholeBrain.nii
 Moving images:            /lustre/scratch/wbic-beta/ccn30/ENCRYPT/fMRI/gridcellpilot/raw_data/images/27734/20190902_U-ID46027/mp2rage/denoiseRn4mag0000_PSIR_skulled_std.nii
 Mask images:              
 Initial transforms:       
 Number of threads:        1
 Spline distance:          26
 Transform type:           s
 CC radius:                4
 Precision:                d
 Use histogram matching    0
======================================================================================
 antsRegistration call:
--------------------------------------------------------------------------------------
/applications/ANTS/ANTs-2.3.4/install/bin//antsRegistration --verbose 1 --dimensionality 3 --float 0 --collapse-output-transforms 1 --output [ /lustre/scratch/wbic-beta/ccn30/ENCRYPT/fMRI/gridcellpilot/preprocessed_data/segmentation/27734/coregistration/T1xStudyTemplate_,/lustre/scratch/wbic-beta/ccn30/ENCRYPT/fMRI/gridcellpilot/preprocessed_data/segmentation/27734/coregistration/T1xStudyTemplate_Warped.nii.gz,/lustre/scratch/wbic-beta/ccn30/ENCRYPT/fMRI/gridcellpilot/preprocessed_data/segmentation/27734/coregistration/T1xStudyTemplate_InverseWarped.nii.gz ] --interpolation Linear --use-histogram-matching 0 --winsorize-image-intensities [ 0.005,0.995 ] --initial-moving-transform [ /home/ccn30/ENCRYPT/atlases/templates/ECtemplatemasks2015/Study_template_wholeBrain.nii,/lustre/scratch/wbic-beta/ccn30/ENCRYPT/fMRI/gridcellpilot/raw_data/images/27734/20190902_U-ID46027/mp2rage/denoiseRn4mag0000_PSIR_skulled_std.nii,1 ] --transform Rigid[ 0.1 ] --metric MI[ /home/ccn30/ENCRYPT/atlases/templates/ECtemplatemasks2015/Study_template_wholeBrain.nii,/lustre/scratch/wbic-beta/ccn30/ENCRYPT/fMRI/gridcellpilot/raw_data/images/27734/20190902_U-ID46027/mp2rage/denoiseRn4mag0000_PSIR_skulled_std.nii,1,32,Regular,0.25 ] --convergence [ 1000x500x250x100,1e-6,10 ] --shrink-factors 12x8x4x2 --smoothing-sigmas 4x3x2x1vox --transform Affine[ 0.1 ] --metric MI[ /home/ccn30/ENCRYPT/atlases/templates/ECtemplatemasks2015/Study_template_wholeBrain.nii,/lustre/scratch/wbic-beta/ccn30/ENCRYPT/fMRI/gridcellpilot/raw_data/images/27734/20190902_U-ID46027/mp2rage/denoiseRn4mag0000_PSIR_skulled_std.nii,1,32,Regular,0.25 ] --convergence [ 1000x500x250x100,1e-6,10 ] --shrink-factors 12x8x4x2 --smoothing-sigmas 4x3x2x1vox --transform SyN[ 0.1,3,0 ] --metric CC[ /home/ccn30/ENCRYPT/atlases/templates/ECtemplatemasks2015/Study_template_wholeBrain.nii,/lustre/scratch/wbic-beta/ccn30/ENCRYPT/fMRI/gridcellpilot/raw_data/images/27734/20190902_U-ID46027/mp2rage/denoiseRn4mag0000_PSIR_skulled_std.nii,1,4 ] --convergence [ 100x100x70x50x20,1e-6,10 ] --shrink-factors 10x6x4x2x1 --smoothing-sigmas 5x3x2x1x0vox
--------------------------------------------------------------------------------------
All_Command_lines_OK
Using double precision for computations.
=============================================================================
The composite transform comprises the following transforms (in order): 
  1. Center of mass alignment using fixed image: /home/ccn30/ENCRYPT/atlases/templates/ECtemplatemasks2015/Study_template_wholeBrain.nii and moving image: /lustre/scratch/wbic-beta/ccn30/ENCRYPT/fMRI/gridcellpilot/raw_data/images/27734/20190902_U-ID46027/mp2rage/denoiseRn4mag0000_PSIR_skulled_std.nii (type = Euler3DTransform)
=============================================================================
  number of levels = 4
  number of levels = 4
  number of levels = 5
  fixed image: /home/ccn30/ENCRYPT/atlases/templates/ECtemplatemasks2015/Study_template_wholeBrain.nii
  moving image: /lustre/scratch/wbic-beta/ccn30/ENCRYPT/fMRI/gridcellpilot/raw_data/images/27734/20190902_U-ID46027/mp2rage/denoiseRn4mag0000_PSIR_skulled_std.nii
  fixed image: /home/ccn30/ENCRYPT/atlases/templates/ECtemplatemasks2015/Study_template_wholeBrain.nii
  moving image: /lustre/scratch/wbic-beta/ccn30/ENCRYPT/fMRI/gridcellpilot/raw_data/images/27734/20190902_U-ID46027/mp2rage/denoiseRn4mag0000_PSIR_skulled_std.nii
  fixed image: /home/ccn30/ENCRYPT/atlases/templates/ECtemplatemasks2015/Study_template_wholeBrain.nii
  moving image: /lustre/scratch/wbic-beta/ccn30/ENCRYPT/fMRI/gridcellpilot/raw_data/images/27734/20190902_U-ID46027/mp2rage/denoiseRn4mag0000_PSIR_skulled_std.nii
Dimension = 3
Number of stages = 3
Use Histogram Matching false
Winsorize image intensities true
Lower quantile = 0.005
Upper quantile = 0.995
Stage 1 State
   Image metric = Mattes
     Fixed image = Image (0x45f2550)
  RTTI typeinfo:   itk::Image<double, 3u>
  Reference Count: 2
  Modified Time: 1735
  Debug: Off
  Object Name: 
  Observers: 
    none
  Source: (none)
  Source output name: (none)
  Release Data: Off
  Data Released: False
  Global Release Data: Off
  PipelineMTime: 0
  UpdateMTime: 1518
  RealTimeStamp: 0 seconds 
  LargestPossibleRegion: 
    Dimension: 3
    Index: [0, 0, 0]
    Size: [384, 384, 288]
  BufferedRegion: 
    Dimension: 3
    Index: [0, 0, 0]
    Size: [384, 384, 288]
  RequestedRegion: 
    Dimension: 3
    Index: [0, 0, 0]
    Size: [384, 384, 288]
  Spacing: [0.598958, 0.598958, 0.599937]
  Origin: [85.9044, -155.274, 91.0901]
  Direction: 
-0 0 -1
1 -0 0
0 -1 0

  IndexToPointMatrix: 
0 0 -0.599937
0.598958 0 0
0 -0.598958 0

  PointToIndexMatrix: 
0 1.66957 0
0 0 -1.66957
-1.66684 0 0

  Inverse Direction: 
0 1 0
0 0 -1
-1 0 0

  PixelContainer: 
    ImportImageContainer (0x45f7880)
      RTTI typeinfo:   itk::ImportImageContainer<unsigned long, double>
      Reference Count: 1
      Modified Time: 1515
      Debug: Off
      Object Name: 
      Observers: 
        none
      Pointer: 0x2b1d97a88010
      Container manages memory: true
      Size: 42467328
      Capacity: 42467328

     Moving image = Image (0x45f02f0)
  RTTI typeinfo:   itk::Image<double, 3u>
  Reference Count: 2
  Modified Time: 1736
  Debug: Off
  Object Name: 
  Observers: 
    none
  Source: (none)
  Source output name: (none)
  Release Data: Off
  Data Released: False
  Global Release Data: Off
  PipelineMTime: 0
  UpdateMTime: 1733
  RealTimeStamp: 0 seconds 
  LargestPossibleRegion: 
    Dimension: 3
    Index: [0, 0, 0]
    Size: [224, 320, 320]
  BufferedRegion: 
    Dimension: 3
    Index: [0, 0, 0]
    Size: [224, 320, 320]
  RequestedRegion: 
    Dimension: 3
    Index: [0, 0, 0]
    Size: [224, 320, 320]
  Spacing: [0.699997, 0.7, 0.7]
  Origin: [-75.5706, 75.9683, -76.5881]
  Direction: 
1 0 0
0 -1 0
0 0 1

  IndexToPointMatrix: 
0.699997 0 0
0 -0.7 0
0 0 0.7

  PointToIndexMatrix: 
1.42858 0 0
0 -1.42857 0
0 0 1.42857

  Inverse Direction: 
1 0 0
0 -1 0
0 0 1

  PixelContainer: 
    ImportImageContainer (0x45fe3f0)
      RTTI typeinfo:   itk::ImportImageContainer<unsigned long, double>
      Reference Count: 1
      Modified Time: 1730
      Debug: Off
      Object Name: 
      Observers: 
        none
      Pointer: 0x2b1dabe89010
      Container manages memory: true
      Size: 22937600
      Capacity: 22937600

     Weighting = 1
     Sampling strategy = regular
     Number of bins = 32
     Radius = 4
     Sampling percentage  = 0.25
   Transform = Rigid
     Gradient step = 0.1
     Update field sigma (voxel space) = 0
     Total field sigma (voxel space) = 0
     Update field time sigma = 0
     Total field time sigma  = 0
     Number of time indices = 0
     Number of time point samples = 0
Stage 2 State
   Image metric = Mattes
     Fixed image = Image (0x45f2860)
  RTTI typeinfo:   itk::Image<double, 3u>
  Reference Count: 2
  Modified Time: 2167
  Debug: Off
  Object Name: 
  Observers: 
    none
  Source: (none)
  Source output name: (none)
  Release Data: Off
  Data Released: False
  Global Release Data: Off
  PipelineMTime: 0
  UpdateMTime: 1950
  RealTimeStamp: 0 seconds 
  LargestPossibleRegion: 
    Dimension: 3
    Index: [0, 0, 0]
    Size: [384, 384, 288]
  BufferedRegion: 
    Dimension: 3
    Index: [0, 0, 0]
    Size: [384, 384, 288]
  RequestedRegion: 
    Dimension: 3
    Index: [0, 0, 0]
    Size: [384, 384, 288]
  Spacing: [0.598958, 0.598958, 0.599937]
  Origin: [85.9044, -155.274, 91.0901]
  Direction: 
-0 0 -1
1 -0 0
0 -1 0

  IndexToPointMatrix: 
0 0 -0.599937
0.598958 0 0
0 -0.598958 0

  PointToIndexMatrix: 
0 1.66957 0
0 0 -1.66957
-1.66684 0 0

  Inverse Direction: 
0 1 0
0 0 -1
-1 0 0

  PixelContainer: 
    ImportImageContainer (0x45fabe0)
      RTTI typeinfo:   itk::ImportImageContainer<unsigned long, double>
      Reference Count: 1
      Modified Time: 1947
      Debug: Off
      Object Name: 
      Observers: 
        none
      Pointer: 0x2b1db6d8a010
      Container manages memory: true
      Size: 42467328
      Capacity: 42467328

     Moving image = Image (0x45f2af0)
  RTTI typeinfo:   itk::Image<double, 3u>
  Reference Count: 2
  Modified Time: 2168
  Debug: Off
  Object Name: 
  Observers: 
    none
  Source: (none)
  Source output name: (none)
  Release Data: Off
  Data Released: False
  Global Release Data: Off
  PipelineMTime: 0
  UpdateMTime: 2165
  RealTimeStamp: 0 seconds 
  LargestPossibleRegion: 
    Dimension: 3
    Index: [0, 0, 0]
    Size: [224, 320, 320]
  BufferedRegion: 
    Dimension: 3
    Index: [0, 0, 0]
    Size: [224, 320, 320]
  RequestedRegion: 
    Dimension: 3
    Index: [0, 0, 0]
    Size: [224, 320, 320]
  Spacing: [0.699997, 0.7, 0.7]
  Origin: [-75.5706, 75.9683, -76.5881]
  Direction: 
1 0 0
0 -1 0
0 0 1

  IndexToPointMatrix: 
0.699997 0 0
0 -0.7 0
0 0 0.7

  PointToIndexMatrix: 
1.42858 0 0
0 -1.42857 0
0 0 1.42857

  Inverse Direction: 
1 0 0
0 -1 0
0 0 1

  PixelContainer: 
    ImportImageContainer (0x4607f10)
      RTTI typeinfo:   itk::ImportImageContainer<unsigned long, double>
      Reference Count: 1
      Modified Time: 2162
      Debug: Off
      Object Name: 
      Observers: 
        none
      Pointer: 0x2b1dcb18b010
      Container manages memory: true
      Size: 22937600
      Capacity: 22937600

     Weighting = 1
     Sampling strategy = regular
     Number of bins = 32
     Radius = 4
     Sampling percentage  = 0.25
   Transform = Affine
     Gradient step = 0.1
     Update field sigma (voxel space) = 0
     Total field sigma (voxel space) = 0
     Update field time sigma = 0
     Total field time sigma  = 0
     Number of time indices = 0
     Number of time point samples = 0
Stage 3 State
   Image metric = CC
     Fixed image = Image (0x4605df0)
  RTTI typeinfo:   itk::Image<double, 3u>
  Reference Count: 2
  Modified Time: 2599
  Debug: Off
  Object Name: 
  Observers: 
    none
  Source: (none)
  Source output name: (none)
  Release Data: Off
  Data Released: False
  Global Release Data: Off
  PipelineMTime: 0
  UpdateMTime: 2382
  RealTimeStamp: 0 seconds 
  LargestPossibleRegion: 
    Dimension: 3
    Index: [0, 0, 0]
    Size: [384, 384, 288]
  BufferedRegion: 
    Dimension: 3
    Index: [0, 0, 0]
    Size: [384, 384, 288]
  RequestedRegion: 
    Dimension: 3
    Index: [0, 0, 0]
    Size: [384, 384, 288]
  Spacing: [0.598958, 0.598958, 0.599937]
  Origin: [85.9044, -155.274, 91.0901]
  Direction: 
-0 0 -1
1 -0 0
0 -1 0

  IndexToPointMatrix: 
0 0 -0.599937
0.598958 0 0
0 -0.598958 0

  PointToIndexMatrix: 
0 1.66957 0
0 0 -1.66957
-1.66684 0 0

  Inverse Direction: 
0 1 0
0 0 -1
-1 0 0

  PixelContainer: 
    ImportImageContainer (0x4608ae0)
      RTTI typeinfo:   itk::ImportImageContainer<unsigned long, double>
      Reference Count: 1
      Modified Time: 2379
      Debug: Off
      Object Name: 
      Observers: 
        none
      Pointer: 0x2b1dd608c010
      Container manages memory: true
      Size: 42467328
      Capacity: 42467328

     Moving image = Image (0x4600700)
  RTTI typeinfo:   itk::Image<double, 3u>
  Reference Count: 2
  Modified Time: 2600
  Debug: Off
  Object Name: 
  Observers: 
    none
  Source: (none)
  Source output name: (none)
  Release Data: Off
  Data Released: False
  Global Release Data: Off
  PipelineMTime: 0
  UpdateMTime: 2597
  RealTimeStamp: 0 seconds 
  LargestPossibleRegion: 
    Dimension: 3
    Index: [0, 0, 0]
    Size: [224, 320, 320]
  BufferedRegion: 
    Dimension: 3
    Index: [0, 0, 0]
    Size: [224, 320, 320]
  RequestedRegion: 
    Dimension: 3
    Index: [0, 0, 0]
    Size: [224, 320, 320]
  Spacing: [0.699997, 0.7, 0.7]
  Origin: [-75.5706, 75.9683, -76.5881]
  Direction: 
1 0 0
0 -1 0
0 0 1

  IndexToPointMatrix: 
0.699997 0 0
0 -0.7 0
0 0 0.7

  PointToIndexMatrix: 
1.42858 0 0
0 -1.42857 0
0 0 1.42857

  Inverse Direction: 
1 0 0
0 -1 0
0 0 1

  PixelContainer: 
    ImportImageContainer (0x4607350)
      RTTI typeinfo:   itk::ImportImageContainer<unsigned long, double>
      Reference Count: 1
      Modified Time: 2594
      Debug: Off
      Object Name: 
      Observers: 
        none
      Pointer: 0x2b1dea48d010
      Container manages memory: true
      Size: 22937600
      Capacity: 22937600

     Weighting = 1
     Sampling strategy = none
     Number of bins = 32
     Radius = 4
     Sampling percentage  = 1
   Transform = SyN
     Gradient step = 0.1
     Update field sigma (voxel space) = 3
     Total field sigma (voxel space) = 0
     Update field time sigma = 0
     Total field time sigma  = 0
     Number of time indices = 0
     Number of time point samples = 0
Registration using 3 total stages.

Stage 0
  iterations = 1000x500x250x100
  convergence threshold = 1e-06
  convergence window size = 10
  number of levels = 4
  using the Mattes MI metric (number of bins = 32, weight = 1)
  preprocessing:  winsorizing the image intensities
  Shrink factors (level 1 out of 4): [12, 12, 12]
  Shrink factors (level 2 out of 4): [8, 8, 8]
  Shrink factors (level 3 out of 4): [4, 4, 4]
  Shrink factors (level 4 out of 4): [2, 2, 2]
  smoothing sigmas per level: [4, 3, 2, 1]
  regular sampling (percentage = 0.25)

*** Running Euler3DTransform registration ***

DIAGNOSTIC,Iteration,metricValue,convergenceValue,ITERATION_TIME_INDEX,SINCE_LAST
 2DIAGNOSTIC,     1, -3.120894878627e-01, 1.797693134862e+308, 9.8782e+00, 9.8782e+00, 
 2DIAGNOSTIC,     2, -3.122990197757e-01, 1.797693134862e+308, 9.8942e+00, 1.5969e-02, 
 2DIAGNOSTIC,     3, -3.127397234541e-01, 1.797693134862e+308, 9.9127e+00, 1.8559e-02, 
 2DIAGNOSTIC,     4, -3.132366697383e-01, 1.797693134862e+308, 9.9287e+00, 1.5955e-02, 
 2DIAGNOSTIC,     5, -3.144042536724e-01, 1.797693134862e+308, 9.9450e+00, 1.6341e-02, 
 2DIAGNOSTIC,     6, -3.168595561728e-01, 1.797693134862e+308, 9.9626e+00, 1.7614e-02, 
 2DIAGNOSTIC,     7, -3.287096425737e-01, 1.797693134862e+308, 9.9808e+00, 1.8187e-02, 
 2DIAGNOSTIC,     8, -3.414609029333e-01, 1.797693134862e+308, 1.0001e+01, 1.9778e-02, 
 2DIAGNOSTIC,     9, -3.645860109927e-01, 1.797693134862e+308, 1.0021e+01, 2.0178e-02, 
 2DIAGNOSTIC,    10, -3.980093695238e-01, 1.367084741946e-02, 1.0044e+01, 2.3588e-02, 
 2DIAGNOSTIC,    11, -4.170984854823e-01, 1.751569606251e-02, 1.0079e+01, 3.4414e-02, 
 2DIAGNOSTIC,    12, -4.165949596844e-01, 1.902807654517e-02, 1.0099e+01, 2.0475e-02, 
 2DIAGNOSTIC,    13, -4.245900430712e-01, 1.909510110473e-02, 1.0122e+01, 2.2728e-02, 
 2DIAGNOSTIC,    14, -4.250678201818e-01, 1.747871228501e-02, 1.0140e+01, 1.7801e-02, 
 2DIAGNOSTIC,    15, -4.253366989927e-01, 1.459558784809e-02, 1.0157e+01, 1.7610e-02, 
 2DIAGNOSTIC,    16, -4.257309367909e-01, 1.093981157295e-02, 1.0175e+01, 1.7749e-02, 
 2DIAGNOSTIC,    17, -4.271749407179e-01, 7.399840519818e-03, 1.0195e+01, 2.0340e-02, 
 2DIAGNOSTIC,    18, -4.279230049335e-01, 4.200549466374e-03, 1.0218e+01, 2.2701e-02, 
 2DIAGNOSTIC,    19, -4.279875293609e-01, 1.892440446807e-03, 1.0236e+01, 1.7591e-02, 
 2DIAGNOSTIC,    20, -4.281844952516e-01, 9.200839728134e-04, 1.0254e+01, 1.7769e-02, 
 2DIAGNOSTIC,    21, -4.301977187082e-01, 7.215803277590e-04, 1.0284e+01, 3.0713e-02, 
 2DIAGNOSTIC,    22, -4.308291958658e-01, 4.706331955461e-04, 1.0310e+01, 2.5454e-02, 
 2DIAGNOSTIC,    23, -4.308665562611e-01, 4.579521168294e-04, 1.0330e+01, 2.0084e-02, 
 2DIAGNOSTIC,    24, -4.307712896460e-01, 4.172857372180e-04, 1.0350e+01, 2.0024e-02, 
 2DIAGNOSTIC,    25, -4.306855974891e-01, 3.473239309443e-04, 1.0368e+01, 1.8414e-02, 
 2DIAGNOSTIC,    26, -4.306193645785e-01, 2.582321679080e-04, 1.0389e+01, 2.0468e-02, 
 2DIAGNOSTIC,    27, -4.310091827111e-01, 2.005901426468e-04, 1.0406e+01, 1.7177e-02, 
 2DIAGNOSTIC,    28, -4.307382821634e-01, 1.415064305148e-04, 1.0423e+01, 1.7362e-02, 
 2DIAGNOSTIC,    29, -4.307505331524e-01, 7.662387143054e-05, 1.0440e+01, 1.6874e-02, 
 2DIAGNOSTIC,    30, -4.307678091298e-01, 1.340122076834e-05, 1.0459e+01, 1.9342e-02, 
DIAGNOSTIC,Iteration,metricValue,convergenceValue,ITERATION_TIME_INDEX,SINCE_LAST
 2DIAGNOSTIC,     1, -3.966942939249e-01, 1.797693134862e+308, 2.0055e+01, 9.5956e+00, 
 2DIAGNOSTIC,     2, -3.972922431599e-01, 1.797693134862e+308, 2.0151e+01, 9.5693e-02, 
 2DIAGNOSTIC,     3, -3.980687261201e-01, 1.797693134862e+308, 2.0246e+01, 9.4795e-02, 
 2DIAGNOSTIC,     4, -3.988589886815e-01, 1.797693134862e+308, 2.0341e+01, 9.5810e-02, 
 2DIAGNOSTIC,     5, -4.003432027127e-01, 1.797693134862e+308, 2.0439e+01, 9.7706e-02, 
 2DIAGNOSTIC,     6, -4.016221259109e-01, 1.797693134862e+308, 2.0545e+01, 1.0628e-01, 
 2DIAGNOSTIC,     7, -4.031030727392e-01, 1.797693134862e+308, 2.0667e+01, 1.2118e-01, 
 2DIAGNOSTIC,     8, -4.042441455057e-01, 1.797693134862e+308, 2.0888e+01, 2.2186e-01, 
 2DIAGNOSTIC,     9, -4.042670126706e-01, 1.797693134862e+308, 2.0986e+01, 9.7186e-02, 
 2DIAGNOSTIC,    10, -4.042400314147e-01, 1.433011888500e-03, 2.1113e+01, 1.2741e-01, 
 2DIAGNOSTIC,    11, -4.040996267062e-01, 1.166162089745e-03, 2.1228e+01, 1.1513e-01, 
 2DIAGNOSTIC,    12, -4.040611253428e-01, 8.717683001563e-04, 2.1345e+01, 1.1665e-01, 
 2DIAGNOSTIC,    13, -4.039534524659e-01, 5.803945677011e-04, 2.1462e+01, 1.1741e-01, 
 2DIAGNOSTIC,    14, -4.038427476708e-01, 3.123782812362e-04, 2.1599e+01, 1.3651e-01, 
 2DIAGNOSTIC,    15, -4.038526975288e-01, 1.225019504417e-04, 2.1717e+01, 1.1839e-01, 
DIAGNOSTIC,Iteration,metricValue,convergenceValue,ITERATION_TIME_INDEX,SINCE_LAST
 2DIAGNOSTIC,     1, -3.614339568584e-01, 1.797693134862e+308, 3.2080e+01, 1.0363e+01, 
 2DIAGNOSTIC,     2, -3.616041939966e-01, 1.797693134862e+308, 3.2799e+01, 7.1820e-01, 
 2DIAGNOSTIC,     3, -3.616730378536e-01, 1.797693134862e+308, 3.3518e+01, 7.1953e-01, 
 2DIAGNOSTIC,     4, -3.616057252164e-01, 1.797693134862e+308, 3.4335e+01, 8.1694e-01, 
 2DIAGNOSTIC,     5, -3.616211854710e-01, 1.797693134862e+308, 3.5052e+01, 7.1702e-01, 
 2DIAGNOSTIC,     6, -3.616156156889e-01, 1.797693134862e+308, 3.5874e+01, 8.2156e-01, 
 2DIAGNOSTIC,     7, -3.615805185789e-01, 1.797693134862e+308, 3.6592e+01, 7.1788e-01, 
 2DIAGNOSTIC,     8, -3.615746513016e-01, 1.797693134862e+308, 3.7215e+01, 6.2379e-01, 
 2DIAGNOSTIC,     9, -3.615841525064e-01, 1.797693134862e+308, 3.7934e+01, 7.1842e-01, 
 2DIAGNOSTIC,    10, -3.615762569755e-01, 6.561862723117e-06, 3.8853e+01, 9.1887e-01, 
DIAGNOSTIC,Iteration,metricValue,convergenceValue,ITERATION_TIME_INDEX,SINCE_LAST
 2DIAGNOSTIC,     1, -3.230387946592e-01, 1.797693134862e+308, 5.3793e+01, 1.4940e+01, 
 2DIAGNOSTIC,     2, -3.233405101335e-01, 1.797693134862e+308, 5.7996e+01, 4.2029e+00, 
 2DIAGNOSTIC,     3, -3.238742537023e-01, 1.797693134862e+308, 6.2229e+01, 4.2337e+00, 
 2DIAGNOSTIC,     4, -3.249698071919e-01, 1.797693134862e+308, 6.6486e+01, 4.2562e+00, 
 2DIAGNOSTIC,     5, -3.259422477197e-01, 1.797693134862e+308, 7.5268e+01, 8.7820e+00, 
 2DIAGNOSTIC,     6, -3.259380711057e-01, 1.797693134862e+308, 8.0903e+01, 5.6354e+00, 
 2DIAGNOSTIC,     7, -3.259387312339e-01, 1.797693134862e+308, 8.6768e+01, 5.8648e+00, 
 2DIAGNOSTIC,     8, -3.259389053400e-01, 1.797693134862e+308, 9.2378e+01, 5.6098e+00, 
 2DIAGNOSTIC,     9, -3.259338957210e-01, 1.797693134862e+308, 9.7465e+01, 5.0871e+00, 
 2DIAGNOSTIC,    10, -3.259310202161e-01, 6.203378460541e-04, 1.0243e+02, 4.9696e+00, 
 2DIAGNOSTIC,    11, -3.259312460467e-01, 4.052015145469e-04, 1.0729e+02, 4.8592e+00, 
 2DIAGNOSTIC,    12, -3.259305793727e-01, 2.128513417609e-04, 1.1234e+02, 5.0420e+00, 
 2DIAGNOSTIC,    13, -3.259307171176e-01, 6.573071324568e-05, 1.1735e+02, 5.0193e+00, 
  Elapsed time (stage 0): 1.2262e+02


Stage 1
  iterations = 1000x500x250x100
  convergence threshold = 1.0000e-06
  convergence window size = 10
  number of levels = 4
  using the Mattes MI metric (number of bins = 32, weight = 1.0000e+00)
  preprocessing:  winsorizing the image intensities
  Shrink factors (level 1 out of 4): [12, 12, 12]
  Shrink factors (level 2 out of 4): [8, 8, 8]
  Shrink factors (level 3 out of 4): [4, 4, 4]
  Shrink factors (level 4 out of 4): [2, 2, 2]
  smoothing sigmas per level: [4, 3, 2, 1]
  regular sampling (percentage = 2.5000e-01)

*** Running AffineTransform registration ***

DIAGNOSTIC,Iteration,metricValue,convergenceValue,ITERATION_TIME_INDEX,SINCE_LAST
 2DIAGNOSTIC,     1, -4.165317501119e-01, 1.797693134862e+308, 9.4956e+00, 9.4956e+00, 
 2DIAGNOSTIC,     2, -4.187859010285e-01, 1.797693134862e+308, 9.5147e+00, 1.9135e-02, 
 2DIAGNOSTIC,     3, -4.225878053693e-01, 1.797693134862e+308, 9.5336e+00, 1.8857e-02, 
 2DIAGNOSTIC,     4, -4.275053225777e-01, 1.797693134862e+308, 9.5526e+00, 1.9042e-02, 
 2DIAGNOSTIC,     5, -4.328402852709e-01, 1.797693134862e+308, 9.5720e+00, 1.9384e-02, 
 2DIAGNOSTIC,     6, -4.388737004816e-01, 1.797693134862e+308, 9.5918e+00, 1.9812e-02, 
 2DIAGNOSTIC,     7, -4.450943011436e-01, 1.797693134862e+308, 9.6114e+00, 1.9567e-02, 
 2DIAGNOSTIC,     8, -4.578162667412e-01, 1.797693134862e+308, 9.6355e+00, 2.4060e-02, 
 2DIAGNOSTIC,     9, -4.852337710138e-01, 1.797693134862e+308, 9.6630e+00, 2.7518e-02, 
 2DIAGNOSTIC,    10, -4.925606785473e-01, 1.076353412327e-02, 9.6829e+00, 1.9891e-02, 
 2DIAGNOSTIC,    11, -4.970283772439e-01, 1.109476683399e-02, 9.7128e+00, 2.9944e-02, 
 2DIAGNOSTIC,    12, -4.985262713186e-01, 1.058719973031e-02, 9.7388e+00, 2.5978e-02, 
 2DIAGNOSTIC,    13, -4.985812380391e-01, 9.392289041361e-03, 9.7645e+00, 2.5715e-02, 
 2DIAGNOSTIC,    14, -4.983502120840e-01, 7.723951275507e-03, 9.7875e+00, 2.2961e-02, 
 2DIAGNOSTIC,    15, -4.983758155896e-01, 5.810319794479e-03, 9.8103e+00, 2.2824e-02, 
 2DIAGNOSTIC,    16, -4.980140008096e-01, 3.852640846454e-03, 9.8334e+00, 2.3080e-02, 
 2DIAGNOSTIC,    17, -4.980098326998e-01, 2.012780277955e-03, 9.8537e+00, 2.0304e-02, 
 2DIAGNOSTIC,    18, -4.980122197205e-01, 6.133813401947e-04, 9.8733e+00, 1.9639e-02, 
 2DIAGNOSTIC,    19, -4.980366213720e-01, 1.837623199539e-04, 9.8965e+00, 2.3152e-02, 
 2DIAGNOSTIC,    20, -4.983333289986e-01, 9.495461840286e-06, 9.9234e+00, 2.6933e-02, 
DIAGNOSTIC,Iteration,metricValue,convergenceValue,ITERATION_TIME_INDEX,SINCE_LAST
 2DIAGNOSTIC,     1, -4.467555538148e-01, 1.797693134862e+308, 1.9609e+01, 9.6853e+00, 
 2DIAGNOSTIC,     2, -4.468750676301e-01, 1.797693134862e+308, 1.9723e+01, 1.1391e-01, 
 2DIAGNOSTIC,     3, -4.468754881813e-01, 1.797693134862e+308, 1.9821e+01, 9.8786e-02, 
 2DIAGNOSTIC,     4, -4.468160827678e-01, 1.797693134862e+308, 1.9933e+01, 1.1177e-01, 
 2DIAGNOSTIC,     5, -4.468027184765e-01, 1.797693134862e+308, 2.0060e+01, 1.2702e-01, 
 2DIAGNOSTIC,     6, -4.468322588801e-01, 1.797693134862e+308, 2.0185e+01, 1.2487e-01, 
 2DIAGNOSTIC,     7, -4.468135028513e-01, 1.797693134862e+308, 2.0296e+01, 1.1118e-01, 
 2DIAGNOSTIC,     8, -4.467632985214e-01, 1.797693134862e+308, 2.0409e+01, 1.1247e-01, 
 2DIAGNOSTIC,     9, -4.467593219107e-01, 1.797693134862e+308, 2.0524e+01, 1.1561e-01, 
DIAGNOSTIC,Iteration,metricValue,convergenceValue,ITERATION_TIME_INDEX,SINCE_LAST
 2DIAGNOSTIC,     1, -3.910147525870e-01, 1.797693134862e+308, 3.0760e+01, 1.0236e+01, 
 2DIAGNOSTIC,     2, -3.912703130076e-01, 1.797693134862e+308, 3.1368e+01, 6.0751e-01, 
 2DIAGNOSTIC,     3, -3.917031220070e-01, 1.797693134862e+308, 3.1978e+01, 6.1015e-01, 
 2DIAGNOSTIC,     4, -3.923186212549e-01, 1.797693134862e+308, 3.2587e+01, 6.0905e-01, 
 2DIAGNOSTIC,     5, -3.931714616805e-01, 1.797693134862e+308, 3.3201e+01, 6.1371e-01, 
 2DIAGNOSTIC,     6, -3.945046605691e-01, 1.797693134862e+308, 3.3908e+01, 7.0738e-01, 
 2DIAGNOSTIC,     7, -3.950067314009e-01, 1.797693134862e+308, 3.5475e+01, 1.5670e+00, 
 2DIAGNOSTIC,     8, -3.950042402135e-01, 1.797693134862e+308, 3.6182e+01, 7.0625e-01, 
 2DIAGNOSTIC,     9, -3.950042024154e-01, 1.797693134862e+308, 3.6887e+01, 7.0562e-01, 
 2DIAGNOSTIC,    10, -3.949951922695e-01, 8.004302376687e-04, 3.7593e+01, 7.0601e-01, 
 2DIAGNOSTIC,    11, -3.949855437334e-01, 6.210420483573e-04, 3.8300e+01, 7.0679e-01, 
 2DIAGNOSTIC,    12, -3.949822178792e-01, 4.311561712684e-04, 3.9006e+01, 7.0580e-01, 
 2DIAGNOSTIC,    13, -3.949829651366e-01, 2.566523966261e-04, 3.9618e+01, 6.1268e-01, 
 2DIAGNOSTIC,    14, -3.949715554242e-01, 1.151845176347e-04, 4.0231e+01, 6.1230e-01, 
 2DIAGNOSTIC,    15, -3.950123967681e-01, 2.378086461838e-05, 4.0842e+01, 6.1149e-01, 
DIAGNOSTIC,Iteration,metricValue,convergenceValue,ITERATION_TIME_INDEX,SINCE_LAST
 2DIAGNOSTIC,     1, -3.463331340120e-01, 1.797693134862e+308, 5.5829e+01, 1.4987e+01, 
 2DIAGNOSTIC,     2, -3.465413015240e-01, 1.797693134862e+308, 6.0157e+01, 4.3277e+00, 
 2DIAGNOSTIC,     3, -3.466707809354e-01, 1.797693134862e+308, 6.4502e+01, 4.3449e+00, 
 2DIAGNOSTIC,     4, -3.467384479857e-01, 1.797693134862e+308, 7.3551e+01, 9.0494e+00, 
 2DIAGNOSTIC,     5, -3.467377336813e-01, 1.797693134862e+308, 7.9921e+01, 6.3694e+00, 
 2DIAGNOSTIC,     6, -3.467340837415e-01, 1.797693134862e+308, 8.7449e+01, 7.5280e+00, 
 2DIAGNOSTIC,     7, -3.467342069301e-01, 1.797693134862e+308, 9.2322e+01, 4.8727e+00, 
 2DIAGNOSTIC,     8, -3.467336108603e-01, 1.797693134862e+308, 9.7191e+01, 4.8699e+00, 
 2DIAGNOSTIC,     9, -3.467333398995e-01, 1.797693134862e+308, 1.0212e+02, 4.9236e+00, 
 2DIAGNOSTIC,    10, -3.467329926801e-01, 5.312155468970e-05, 1.0705e+02, 4.9370e+00, 
 2DIAGNOSTIC,    11, -3.467331129243e-01, 2.082863972191e-05, 1.1213e+02, 5.0778e+00, 
 2DIAGNOSTIC,    12, -3.467321451549e-01, 6.267188448733e-06, 1.1699e+02, 4.8588e+00, 
 2DIAGNOSTIC,    13, -3.467321308521e-01, 1.659504707763e-06, 1.2212e+02, 5.1335e+00, 
 2DIAGNOSTIC,    14, -3.467309187113e-01, 1.671733493344e-06, 1.2733e+02, 5.2044e+00, 
 2DIAGNOSTIC,    15, -3.467308100894e-01, 1.698841681316e-06, 1.3258e+02, 5.2535e+00, 
 2DIAGNOSTIC,    16, -3.467303185829e-01, 1.547848720376e-06, 1.3766e+02, 5.0802e+00, 
 2DIAGNOSTIC,    17, -3.467294340366e-01, 1.419284928458e-06, 1.4337e+02, 5.7105e+00, 
 2DIAGNOSTIC,    18, -3.467292048755e-01, 1.310627070400e-06, 1.4782e+02, 4.4444e+00, 
 2DIAGNOSTIC,    19, -3.467287310913e-01, 1.223793464525e-06, 1.5299e+02, 5.1705e+00, 
 2DIAGNOSTIC,    20, -3.467285728867e-01, 1.166355941565e-06, 1.5803e+02, 5.0428e+00, 
 2DIAGNOSTIC,    21, -3.467278363019e-01, 1.130437687451e-06, 1.6249e+02, 4.4601e+00, 
 2DIAGNOSTIC,    22, -3.467276838856e-01, 1.092427714261e-06, 1.6773e+02, 5.2458e+00, 
 2DIAGNOSTIC,    23, -3.467278158539e-01, 1.095972755376e-06, 1.7333e+02, 5.5972e+00, 
 2DIAGNOSTIC,    24, -3.467267687203e-01, 1.048106682291e-06, 1.7840e+02, 5.0701e+00, 
 2DIAGNOSTIC,    25, -3.467266467639e-01, 1.023737084022e-06, 1.8337e+02, 4.9708e+00, 
  Elapsed time (stage 1): 1.8826e+02


Stage 2
  iterations = 100x100x70x50x20
  convergence threshold = 1.0000e-06
  convergence window size = 10
  number of levels = 5
  using the CC metric (radius = 4, weight = 1.0000e+00)
  preprocessing:  winsorizing the image intensities
  Shrink factors (level 1 out of 5): [10, 10, 10]
  Shrink factors (level 2 out of 5): [6, 6, 6]
  Shrink factors (level 3 out of 5): [4, 4, 4]
  Shrink factors (level 4 out of 5): [2, 2, 2]
  Shrink factors (level 5 out of 5): [1, 1, 1]
  smoothing sigmas per level: [5, 3, 2, 1, 0]
  Using default NONE metricSamplingStrategy 

*** Running SyN registration (varianceForUpdateField = 3.0000e+00, varianceForTotalField = 0.0000e+00) ***

XXDIAGNOSTIC,Iteration,metricValue,convergenceValue,ITERATION_TIME_INDEX,SINCE_LAST
 1DIAGNOSTIC,     1, -4.523047072461e-01, 1.797693134862e+308, 1.0902e+01, 1.0902e+01, 
 1DIAGNOSTIC,     2, -4.646330124555e-01, 1.797693134862e+308, 1.2482e+01, 1.5799e+00, 
 1DIAGNOSTIC,     3, -4.750426108723e-01, 1.797693134862e+308, 1.4057e+01, 1.5750e+00, 
 1DIAGNOSTIC,     4, -4.837152260313e-01, 1.797693134862e+308, 1.5626e+01, 1.5683e+00, 
 1DIAGNOSTIC,     5, -4.911774359230e-01, 1.797693134862e+308, 1.7218e+01, 1.5925e+00, 
 1DIAGNOSTIC,     6, -4.969603279671e-01, 1.797693134862e+308, 1.9006e+01, 1.7876e+00, 
 1DIAGNOSTIC,     7, -5.020295710781e-01, 1.797693134862e+308, 2.0579e+01, 1.5732e+00, 
 1DIAGNOSTIC,     8, -5.066982476665e-01, 1.797693134862e+308, 2.2150e+01, 1.5714e+00, 
 1DIAGNOSTIC,     9, -5.104968263203e-01, 1.797693134862e+308, 2.3727e+01, 1.5763e+00, 
 1DIAGNOSTIC,    10, -5.139708645767e-01, 7.749087629409e-03, 2.5302e+01, 1.5751e+00, 
 1DIAGNOSTIC,    11, -5.168510191399e-01, 5.940964309741e-03, 2.6889e+01, 1.5873e+00, 
 1DIAGNOSTIC,    12, -5.194385228065e-01, 4.622133878320e-03, 2.8462e+01, 1.5727e+00, 
 1DIAGNOSTIC,    13, -5.216865498758e-01, 3.649374529232e-03, 3.0037e+01, 1.5749e+00, 
 1DIAGNOSTIC,    14, -5.236942809130e-01, 2.920490047360e-03, 3.1617e+01, 1.5802e+00, 
 1DIAGNOSTIC,    15, -5.254679800181e-01, 2.373362204886e-03, 3.3217e+01, 1.6003e+00, 
 1DIAGNOSTIC,    16, -5.271769403171e-01, 1.942717506002e-03, 3.4800e+01, 1.5824e+00, 
 1DIAGNOSTIC,    17, -5.286985801982e-01, 1.602615738611e-03, 3.6385e+01, 1.5852e+00, 
 1DIAGNOSTIC,    18, -5.299666263728e-01, 1.337910276166e-03, 3.7971e+01, 1.5861e+00, 
 1DIAGNOSTIC,    19, -5.312253124837e-01, 1.126319181662e-03, 3.9549e+01, 1.5780e+00, 
 1DIAGNOSTIC,    20, -5.323269093236e-01, 9.590856309557e-04, 4.1125e+01, 1.5760e+00, 
 1DIAGNOSTIC,    21, -5.333500247759e-01, 8.219001249936e-04, 4.2700e+01, 1.5747e+00, 
 1DIAGNOSTIC,    22, -5.341712957188e-01, 7.065171944926e-04, 4.4280e+01, 1.5797e+00, 
 1DIAGNOSTIC,    23, -5.350532069624e-01, 6.106136118926e-04, 4.5867e+01, 1.5870e+00, 
 1DIAGNOSTIC,    24, -5.357374474357e-01, 5.274924735729e-04, 4.7459e+01, 1.5922e+00, 
 1DIAGNOSTIC,    25, -5.364731206022e-01, 4.568486415863e-04, 4.9050e+01, 1.5915e+00, 
 1DIAGNOSTIC,    26, -5.370186840608e-01, 3.963813673617e-04, 5.0640e+01, 1.5899e+00, 
 1DIAGNOSTIC,    27, -5.376258516926e-01, 3.465298485375e-04, 5.2220e+01, 1.5795e+00, 
 1DIAGNOSTIC,    28, -5.380036457978e-01, 2.997549195788e-04, 5.3810e+01, 1.5909e+00, 
 1DIAGNOSTIC,    29, -5.386711668634e-01, 2.643763913728e-04, 5.5404e+01, 1.5939e+00, 
 1DIAGNOSTIC,    30, -5.389030678073e-01, 2.305285712011e-04, 5.6999e+01, 1.5945e+00, 
 1DIAGNOSTIC,    31, -5.393431806856e-01, 2.030076652428e-04, 5.8590e+01, 1.5912e+00, 
 1DIAGNOSTIC,    32, -5.396978491528e-01, 1.779945230667e-04, 6.0189e+01, 1.5992e+00, 
 1DIAGNOSTIC,    33, -5.400351832282e-01, 1.577758640035e-04, 6.1776e+01, 1.5865e+00, 
 1DIAGNOSTIC,    34, -5.402542599009e-01, 1.381839811036e-04, 6.3356e+01, 1.5803e+00, 
 1DIAGNOSTIC,    35, -5.406178361065e-01, 1.237726778182e-04, 6.4939e+01, 1.5830e+00, 
 1DIAGNOSTIC,    36, -5.408606332670e-01, 1.102561511114e-04, 6.6516e+01, 1.5770e+00, 
 1DIAGNOSTIC,    37, -5.410359515919e-01, 9.852183695885e-05, 6.8100e+01, 1.5838e+00, 
 1DIAGNOSTIC,    38, -5.412145813134e-01, 8.591867720696e-05, 6.9700e+01, 1.6003e+00, 
 1DIAGNOSTIC,    39, -5.415158912866e-01, 7.938105082139e-05, 7.1346e+01, 1.6458e+00, 
 1DIAGNOSTIC,    40, -5.417033067614e-01, 7.119867796163e-05, 7.2956e+01, 1.6097e+00, 
 1DIAGNOSTIC,    41, -5.418145318245e-01, 6.391939059803e-05, 7.4539e+01, 1.5836e+00, 
 1DIAGNOSTIC,    42, -5.419977418746e-01, 5.790071503995e-05, 7.6125e+01, 1.5858e+00, 
 1DIAGNOSTIC,    43, -5.421271648045e-01, 5.255566588358e-05, 7.7714e+01, 1.5890e+00, 
 1DIAGNOSTIC,    44, -5.423533861644e-01, 4.786166267355e-05, 7.9316e+01, 1.6018e+00, 
 1DIAGNOSTIC,    45, -5.423876456520e-01, 4.356097936047e-05, 8.0895e+01, 1.5793e+00, 
 1DIAGNOSTIC,    46, -5.425099333294e-01, 3.967983458063e-05, 8.2485e+01, 1.5899e+00, 
 1DIAGNOSTIC,    47, -5.426445743577e-01, 3.578352214033e-05, 8.4065e+01, 1.5795e+00, 
 1DIAGNOSTIC,    48, -5.427061113778e-01, 3.128442368835e-05, 8.5679e+01, 1.6142e+00, 
 1DIAGNOSTIC,    49, -5.428314961541e-01, 2.870348123568e-05, 8.7252e+01, 1.5734e+00, 
 1DIAGNOSTIC,    50, -5.429429671798e-01, 2.675170902806e-05, 8.8839e+01, 1.5868e+00, 
 1DIAGNOSTIC,    51, -5.430125748433e-01, 2.425301418477e-05, 9.0478e+01, 1.6385e+00, 
 1DIAGNOSTIC,    52, -5.431137246418e-01, 2.251446081735e-05, 9.2063e+01, 1.5852e+00, 
 1DIAGNOSTIC,    53, -5.431712109256e-01, 2.057853598545e-05, 9.3636e+01, 1.5729e+00, 
 1DIAGNOSTIC,    54, -5.432438488648e-01, 1.978529420921e-05, 9.5213e+01, 1.5777e+00, 
 1DIAGNOSTIC,    55, -5.433403913005e-01, 1.842807781431e-05, 9.6802e+01, 1.5888e+00, 
 1DIAGNOSTIC,    56, -5.433656174703e-01, 1.678588007444e-05, 9.8402e+01, 1.5999e+00, 
 1DIAGNOSTIC,    57, -5.434447133364e-01, 1.567070599788e-05, 9.9984e+01, 1.5823e+00, 
 1DIAGNOSTIC,    58, -5.434847042398e-01, 1.405549387131e-05, 1.0157e+02, 1.5837e+00, 
 1DIAGNOSTIC,    59, -5.435572586805e-01, 1.297962087167e-05, 1.0316e+02, 1.5882e+00, 
 1DIAGNOSTIC,    60, -5.435920545368e-01, 1.203467969616e-05, 1.0475e+02, 1.5949e+00, 
 1DIAGNOSTIC,    61, -5.436719680154e-01, 1.131710346406e-05, 1.0634e+02, 1.5885e+00, 
 1DIAGNOSTIC,    62, -5.437002222551e-01, 1.069229142272e-05, 1.0792e+02, 1.5841e+00, 
 1DIAGNOSTIC,    63, -5.437611527156e-01, 1.010800824613e-05, 1.0951e+02, 1.5824e+00, 
 1DIAGNOSTIC,    64, -5.437870246396e-01, 9.420584485113e-06, 1.1108e+02, 1.5772e+00, 
 1DIAGNOSTIC,    65, -5.438429384398e-01, 9.154220991424e-06, 1.1278e+02, 1.6970e+00, 
 1DIAGNOSTIC,    66, -5.438718190697e-01, 8.481530351139e-06, 1.1436e+02, 1.5762e+00, 
 1DIAGNOSTIC,    67, -5.439290128732e-01, 8.144836589202e-06, 1.1593e+02, 1.5724e+00, 
 1DIAGNOSTIC,    68, -5.439658042603e-01, 7.668882785642e-06, 1.1751e+02, 1.5788e+00, 
 1DIAGNOSTIC,    69, -5.439784540633e-01, 7.171772852158e-06, 1.1909e+02, 1.5828e+00, 
 1DIAGNOSTIC,    70, -5.440449615487e-01, 6.808557478106e-06, 1.2068e+02, 1.5847e+00, 
 1DIAGNOSTIC,    71, -5.440636424725e-01, 6.573311248328e-06, 1.2225e+02, 1.5782e+00, 
 1DIAGNOSTIC,    72, -5.440705801442e-01, 6.006810181177e-06, 1.2401e+02, 1.7589e+00, 
 1DIAGNOSTIC,    73, -5.441220180326e-01, 5.746975307424e-06, 1.2559e+02, 1.5737e+00, 
 1DIAGNOSTIC,    74, -5.441623632287e-01, 5.446094401581e-06, 1.2716e+02, 1.5757e+00, 
 1DIAGNOSTIC,    75, -5.441604013641e-01, 5.045716513986e-06, 1.2874e+02, 1.5802e+00, 
 1DIAGNOSTIC,    76, -5.441973457891e-01, 4.671670402580e-06, 1.3032e+02, 1.5756e+00, 
 1DIAGNOSTIC,    77, -5.442290229700e-01, 4.509195613766e-06, 1.3190e+02, 1.5788e+00, 
 1DIAGNOSTIC,    78, -5.442065201370e-01, 4.048665583140e-06, 1.3347e+02, 1.5777e+00, 
 1DIAGNOSTIC,    79, -5.442584657208e-01, 3.679743292743e-06, 1.3505e+02, 1.5744e+00, 
 1DIAGNOSTIC,    80, -5.442935842722e-01, 3.674178753304e-06, 1.3663e+02, 1.5813e+00, 
 1DIAGNOSTIC,    81, -5.443206262821e-01, 3.651196125911e-06, 1.3821e+02, 1.5803e+00, 
 1DIAGNOSTIC,    82, -5.443581307239e-01, 3.596249032978e-06, 1.3979e+02, 1.5803e+00, 
 1DIAGNOSTIC,    83, -5.443005605529e-01, 3.189702261057e-06, 1.4136e+02, 1.5741e+00, 
 1DIAGNOSTIC,    84, -5.443651171054e-01, 3.204151494988e-06, 1.4295e+02, 1.5903e+00, 
 1DIAGNOSTIC,    85, -5.444221728859e-01, 3.266724846643e-06, 1.4453e+02, 1.5769e+00, 
 1DIAGNOSTIC,    86, -5.444297726343e-01, 3.306921280442e-06, 1.4611e+02, 1.5762e+00, 
 1DIAGNOSTIC,    87, -5.443900048096e-01, 3.030906672799e-06, 1.4768e+02, 1.5765e+00, 
 1DIAGNOSTIC,    88, -5.444805422075e-01, 2.928311004180e-06, 1.4926e+02, 1.5802e+00, 
 1DIAGNOSTIC,    89, -5.444851592679e-01, 2.894013429133e-06, 1.5085e+02, 1.5843e+00, 
 1DIAGNOSTIC,    90, -5.444459384087e-01, 2.578695307264e-06, 1.5242e+02, 1.5745e+00, 
 1DIAGNOSTIC,    91, -5.445336280183e-01, 2.736236314084e-06, 1.5400e+02, 1.5761e+00, 
 1DIAGNOSTIC,    92, -5.445384253493e-01, 2.908794883559e-06, 1.5559e+02, 1.5932e+00, 
 1DIAGNOSTIC,    93, -5.445010106122e-01, 2.275195659263e-06, 1.5718e+02, 1.5891e+00, 
 1DIAGNOSTIC,    94, -5.445915618287e-01, 2.346041474911e-06, 1.5877e+02, 1.5864e+00, 
 1DIAGNOSTIC,    95, -5.445871387587e-01, 2.505526942554e-06, 1.6035e+02, 1.5788e+00, 
 1DIAGNOSTIC,    96, -5.445488587087e-01, 2.291074899581e-06, 1.6193e+02, 1.5814e+00, 
 1DIAGNOSTIC,    97, -5.446399066734e-01, 2.167587293414e-06, 1.6351e+02, 1.5837e+00, 
 1DIAGNOSTIC,    98, -5.445794291368e-01, 2.020948626455e-06, 1.6509e+02, 1.5788e+00, 
 1DIAGNOSTIC,    99, -5.446479948652e-01, 2.122587073689e-06, 1.6668e+02, 1.5897e+00, 
 1DIAGNOSTIC,   100, -5.446880553527e-01, 2.029416002436e-06, 1.6828e+02, 1.5990e+00, 
XXDIAGNOSTIC,Iteration,metricValue,convergenceValue,ITERATION_TIME_INDEX,SINCE_LAST
 1DIAGNOSTIC,     1, -4.737266774397e-01, 1.797693134862e+308, 1.8570e+02, 1.7419e+01, 
 1DIAGNOSTIC,     2, -4.770690667295e-01, 1.797693134862e+308, 1.9370e+02, 8.0029e+00, 
 1DIAGNOSTIC,     3, -4.802054832740e-01, 1.797693134862e+308, 2.0171e+02, 8.0052e+00, 
 1DIAGNOSTIC,     4, -4.827600467340e-01, 1.797693134862e+308, 2.0967e+02, 7.9623e+00, 
 1DIAGNOSTIC,     5, -4.849895331070e-01, 1.797693134862e+308, 2.1764e+02, 7.9665e+00, 
 1DIAGNOSTIC,     6, -4.870179258529e-01, 1.797693134862e+308, 2.2562e+02, 7.9873e+00, 
 1DIAGNOSTIC,     7, -4.888447937264e-01, 1.797693134862e+308, 2.3366e+02, 8.0418e+00, 
 1DIAGNOSTIC,     8, -4.905324148454e-01, 1.797693134862e+308, 2.4167e+02, 8.0011e+00, 
 1DIAGNOSTIC,     9, -4.917715284391e-01, 1.797693134862e+308, 2.4989e+02, 8.2265e+00, 
 1DIAGNOSTIC,    10, -4.932215428467e-01, 2.509166888811e-03, 2.5793e+02, 8.0428e+00, 
 1DIAGNOSTIC,    11, -4.945414947088e-01, 2.026780357372e-03, 2.6613e+02, 8.1918e+00, 
 1DIAGNOSTIC,    12, -4.954135306761e-01, 1.646492573326e-03, 2.7455e+02, 8.4202e+00, 
 1DIAGNOSTIC,    13, -4.965620377385e-01, 1.367698402810e-03, 2.8300e+02, 8.4488e+00, 
 1DIAGNOSTIC,    14, -4.972949321534e-01, 1.140401401235e-03, 2.9140e+02, 8.4073e+00, 
 1DIAGNOSTIC,    15, -4.981655729054e-01, 9.588556352108e-04, 2.9976e+02, 8.3569e+00, 
 1DIAGNOSTIC,    16, -4.988362168617e-01, 8.092200092062e-04, 3.0822e+02, 8.4555e+00, 
 1DIAGNOSTIC,    17, -4.997115620008e-01, 6.943608175197e-04, 3.1664e+02, 8.4262e+00, 
 1DIAGNOSTIC,    18, -5.001006574365e-01, 5.946202643838e-04, 3.2498e+02, 8.3425e+00, 
 1DIAGNOSTIC,    19, -5.009148341790e-01, 5.125463961621e-04, 3.3337e+02, 8.3827e+00, 
 1DIAGNOSTIC,    20, -5.012685451768e-01, 4.425815696211e-04, 3.4171e+02, 8.3469e+00, 
 1DIAGNOSTIC,    21, -5.019430166918e-01, 3.928834206501e-04, 3.5005e+02, 8.3340e+00, 
 1DIAGNOSTIC,    22, -5.023105650333e-01, 3.429832954995e-04, 3.5824e+02, 8.1943e+00, 
 1DIAGNOSTIC,    23, -5.032071292934e-01, 3.165812636121e-04, 3.6653e+02, 8.2921e+00, 
 1DIAGNOSTIC,    24, -5.032045387476e-01, 2.797247610057e-04, 3.7484e+02, 8.3045e+00, 
 1DIAGNOSTIC,    25, -5.040902964483e-01, 2.602320267980e-04, 3.8310e+02, 8.2582e+00, 
 1DIAGNOSTIC,    26, -5.041043379696e-01, 2.323682467197e-04, 3.9128e+02, 8.1828e+00, 
 1DIAGNOSTIC,    27, -5.048454299585e-01, 2.192924815746e-04, 3.9950e+02, 8.2165e+00, 
 1DIAGNOSTIC,    28, -5.049631638037e-01, 1.963645452685e-04, 4.0762e+02, 8.1257e+00, 
 1DIAGNOSTIC,    29, -5.057802253369e-01, 1.889456969345e-04, 4.1585e+02, 8.2241e+00, 
 1DIAGNOSTIC,    30, -5.060379488619e-01, 1.754840975609e-04, 4.2403e+02, 8.1853e+00, 
 1DIAGNOSTIC,    31, -5.065640353421e-01, 1.685581501720e-04, 4.3225e+02, 8.2194e+00, 
 1DIAGNOSTIC,    32, -5.067533198461e-01, 1.557609633435e-04, 4.4060e+02, 8.3487e+00, 
 1DIAGNOSTIC,    33, -5.073589483236e-01, 1.552663579443e-04, 4.4886e+02, 8.2656e+00, 
 1DIAGNOSTIC,    34, -5.075348640944e-01, 1.424909728512e-04, 4.5707e+02, 8.2013e+00, 
 1DIAGNOSTIC,    35, -5.079541811549e-01, 1.384263064844e-04, 4.6537e+02, 8.2994e+00, 
 1DIAGNOSTIC,    36, -5.079847781915e-01, 1.219610651293e-04, 4.7373e+02, 8.3638e+00, 
 1DIAGNOSTIC,    37, -5.084301669621e-01, 1.133452713707e-04, 4.8205e+02, 8.3166e+00, 
 1DIAGNOSTIC,    38, -5.083913421247e-01, 9.523785768787e-05, 4.9046e+02, 8.4185e+00, 
 1DIAGNOSTIC,    39, -5.087328572784e-01, 8.605267870186e-05, 4.9882e+02, 8.3575e+00, 
 1DIAGNOSTIC,    40, -5.086356543016e-01, 7.130368822429e-05, 5.0719e+02, 8.3674e+00, 
 1DIAGNOSTIC,    41, -5.092289288809e-01, 6.621109194400e-05, 5.1546e+02, 8.2678e+00, 
 1DIAGNOSTIC,    42, -5.090811435451e-01, 5.529936343093e-05, 5.2370e+02, 8.2399e+00, 
 1DIAGNOSTIC,    43, -5.093516364623e-01, 5.139537081989e-05, 5.3192e+02, 8.2280e+00, 
 1DIAGNOSTIC,    44, -5.094853792172e-01, 4.671295415976e-05, 5.4025e+02, 8.3270e+00, 
 1DIAGNOSTIC,    45, -5.097691549283e-01, 4.671574645037e-05, 5.4849e+02, 8.2404e+00, 
 1DIAGNOSTIC,    46, -5.097868298804e-01, 4.268244513827e-05, 5.5676e+02, 8.2647e+00, 
 1DIAGNOSTIC,    47, -5.100680952056e-01, 4.368407202503e-05, 5.6508e+02, 8.3187e+00, 
 1DIAGNOSTIC,    48, -5.099225075160e-01, 3.823949720477e-05, 5.7335e+02, 8.2731e+00, 
 1DIAGNOSTIC,    49, -5.103808760758e-01, 3.881443618175e-05, 5.8158e+02, 8.2277e+00, 
 1DIAGNOSTIC,    50, -5.102928540252e-01, 3.326802780495e-05, 5.8979e+02, 8.2127e+00, 
 1DIAGNOSTIC,    51, -5.105123484816e-01, 3.399698702071e-05, 5.9805e+02, 8.2647e+00, 
 1DIAGNOSTIC,    52, -5.105354061160e-01, 3.007669132284e-05, 6.0632e+02, 8.2625e+00, 
 1DIAGNOSTIC,    53, -5.108238476031e-01, 2.945816454383e-05, 6.1457e+02, 8.2535e+00, 
 1DIAGNOSTIC,    54, -5.106825785880e-01, 2.586275241030e-05, 6.2278e+02, 8.2136e+00, 
 1DIAGNOSTIC,    55, -5.109675419711e-01, 2.590616354502e-05, 6.3102e+02, 8.2348e+00, 
 1DIAGNOSTIC,    56, -5.110447940045e-01, 2.436539713252e-05, 6.3924e+02, 8.2177e+00, 
 1DIAGNOSTIC,    57, -5.113347316861e-01, 2.631392873605e-05, 6.4774e+02, 8.5070e+00, 
 1DIAGNOSTIC,    58, -5.111096926098e-01, 2.193164433032e-05, 6.5618e+02, 8.4358e+00, 
 1DIAGNOSTIC,    59, -5.115186707579e-01, 2.412262610311e-05, 6.6455e+02, 8.3729e+00, 
 1DIAGNOSTIC,    60, -5.113320022521e-01, 2.123749839505e-05, 6.7261e+02, 8.0550e+00, 
 1DIAGNOSTIC,    61, -5.115528372302e-01, 2.057160214456e-05, 6.8067e+02, 8.0661e+00, 
 1DIAGNOSTIC,    62, -5.114540776974e-01, 1.720414779644e-05, 6.8876e+02, 8.0827e+00, 
 1DIAGNOSTIC,    63, -5.116680077401e-01, 1.695550042963e-05, 6.9709e+02, 8.3321e+00, 
 1DIAGNOSTIC,    64, -5.116164842322e-01, 1.332859883756e-05, 7.0530e+02, 8.2149e+00, 
 1DIAGNOSTIC,    65, -5.117211254415e-01, 1.197202374410e-05, 7.1349e+02, 8.1925e+00, 
 1DIAGNOSTIC,    66, -5.116735994089e-01, 9.745390484428e-06, 7.2167e+02, 8.1753e+00, 
 1DIAGNOSTIC,    67, -5.119125448559e-01, 1.123503613607e-05, 7.2970e+02, 8.0279e+00, 
 1DIAGNOSTIC,    68, -5.118826841828e-01, 9.370445205902e-06, 7.3777e+02, 8.0716e+00, 
 1DIAGNOSTIC,    69, -5.120430228478e-01, 1.143159298547e-05, 7.4597e+02, 8.2029e+00, 
 1DIAGNOSTIC,    70, -5.119597984705e-01, 1.014954528107e-05, 7.5412e+02, 8.1514e+00, 
 1DIAGNOSTIC,    71, -5.121483332865e-01, 1.128372045983e-05, 7.6228e+02, 8.1584e+00, 
 1DIAGNOSTIC,    72, -5.120978711863e-01, 1.007495613108e-05, 7.7040e+02, 8.1184e+00, 
 1DIAGNOSTIC,    73, -5.123010996082e-01, 1.121748587206e-05, 7.7844e+02, 8.0378e+00, 
 1DIAGNOSTIC,    74, -5.123324190097e-01, 1.109493917045e-05, 7.8663e+02, 8.1893e+00, 
 1DIAGNOSTIC,    75, -5.124944085861e-01, 1.198429432436e-05, 7.9482e+02, 8.1876e+00, 
 1DIAGNOSTIC,    76, -5.123914289185e-01, 1.055865288181e-05, 8.0287e+02, 8.0560e+00, 
 1DIAGNOSTIC,    77, -5.126005404595e-01, 1.151450279484e-05, 8.1092e+02, 8.0469e+00, 
 1DIAGNOSTIC,    78, -5.125919999239e-01, 1.102164231525e-05, 8.1903e+02, 8.1160e+00, 
 1DIAGNOSTIC,    79, -5.126393057362e-01, 1.101818993180e-05, 8.2724e+02, 8.2105e+00, 
 1DIAGNOSTIC,    80, -5.126261677236e-01, 9.289769197970e-06, 8.3529e+02, 8.0430e+00, 
 1DIAGNOSTIC,    81, -5.128706427958e-01, 9.792769414067e-06, 8.4346e+02, 8.1679e+00, 
 1DIAGNOSTIC,    82, -5.126461877740e-01, 7.405466240897e-06, 8.5149e+02, 8.0370e+00, 
 1DIAGNOSTIC,    83, -5.128628923342e-01, 7.296948121105e-06, 8.5958e+02, 8.0837e+00, 
 1DIAGNOSTIC,    84, -5.128748584758e-01, 6.759005837860e-06, 8.6762e+02, 8.0451e+00, 
 1DIAGNOSTIC,    85, -5.130163726717e-01, 7.645692664617e-06, 8.7567e+02, 8.0525e+00, 
 1DIAGNOSTIC,    86, -5.129847182990e-01, 6.870692421898e-06, 8.8371e+02, 8.0317e+00, 
 1DIAGNOSTIC,    87, -5.130840930427e-01, 7.514047639453e-06, 8.9183e+02, 8.1218e+00, 
 1DIAGNOSTIC,    88, -5.131501954396e-01, 7.811192112777e-06, 8.9991e+02, 8.0813e+00, 
 1DIAGNOSTIC,    89, -5.132491518625e-01, 8.285496561020e-06, 9.0796e+02, 8.0556e+00, 
 1DIAGNOSTIC,    90, -5.131365110268e-01, 7.142162599581e-06, 9.1604e+02, 8.0756e+00, 
 1DIAGNOSTIC,    91, -5.133444287727e-01, 8.249179455862e-06, 9.2409e+02, 8.0529e+00, 
 1DIAGNOSTIC,    92, -5.132931237005e-01, 6.815995603558e-06, 9.3217e+02, 8.0771e+00, 
 1DIAGNOSTIC,    93, -5.134670439445e-01, 7.153837369911e-06, 9.4025e+02, 8.0790e+00, 
 1DIAGNOSTIC,    94, -5.134203581339e-01, 6.579484940939e-06, 9.4830e+02, 8.0557e+00, 
 1DIAGNOSTIC,    95, -5.135959569180e-01, 7.326202867282e-06, 9.5641e+02, 8.1093e+00, 
 1DIAGNOSTIC,    96, -5.135667963541e-01, 6.989885779563e-06, 9.6448e+02, 8.0710e+00, 
 1DIAGNOSTIC,    97, -5.137383691990e-01, 7.578701127822e-06, 9.7258e+02, 8.0972e+00, 
 1DIAGNOSTIC,    98, -5.137189098334e-01, 7.687944134450e-06, 9.8070e+02, 8.1155e+00, 
 1DIAGNOSTIC,    99, -5.137227873060e-01, 7.702221647301e-06, 9.8890e+02, 8.2016e+00, 
 1DIAGNOSTIC,   100, -5.138069926750e-01, 6.820194042415e-06, 9.9698e+02, 8.0793e+00, 
XXDIAGNOSTIC,Iteration,metricValue,convergenceValue,ITERATION_TIME_INDEX,SINCE_LAST
 1DIAGNOSTIC,     1, -4.645621241350e-01, 1.797693134862e+308, 1.0338e+03, 3.6814e+01, 
 1DIAGNOSTIC,     2, -4.682564610794e-01, 1.797693134862e+308, 1.0606e+03, 2.6851e+01, 
 1DIAGNOSTIC,     3, -4.718261803848e-01, 1.797693134862e+308, 1.0878e+03, 2.7140e+01, 
 1DIAGNOSTIC,     4, -4.752614802773e-01, 1.797693134862e+308, 1.1148e+03, 2.6994e+01, 
 1DIAGNOSTIC,     5, -4.783559040744e-01, 1.797693134862e+308, 1.1418e+03, 2.6993e+01, 
 1DIAGNOSTIC,     6, -4.812926408448e-01, 1.797693134862e+308, 1.1690e+03, 2.7258e+01, 
 1DIAGNOSTIC,     7, -4.840887397467e-01, 1.797693134862e+308, 1.1966e+03, 2.7607e+01, 
 1DIAGNOSTIC,     8, -4.867219197999e-01, 1.797693134862e+308, 1.2245e+03, 2.7885e+01, 
 1DIAGNOSTIC,     9, -4.891954937375e-01, 1.797693134862e+308, 1.2526e+03, 2.8047e+01, 
 1DIAGNOSTIC,    10, -4.917093123552e-01, 3.592193159888e-03, 1.2804e+03, 2.7786e+01, 
 1DIAGNOSTIC,    11, -4.937051505956e-01, 3.066550554024e-03, 1.3080e+03, 2.7675e+01, 
 1DIAGNOSTIC,    12, -4.953195337483e-01, 2.613823052437e-03, 1.3356e+03, 2.7583e+01, 
 1DIAGNOSTIC,    13, -4.970509661855e-01, 2.234113748389e-03, 1.3631e+03, 2.7471e+01, 
 1DIAGNOSTIC,    14, -4.983290936697e-01, 1.902455637859e-03, 1.3904e+03, 2.7325e+01, 
 1DIAGNOSTIC,    15, -4.996952819928e-01, 1.614897556772e-03, 1.4182e+03, 2.7831e+01, 
 1DIAGNOSTIC,    16, -5.006568381875e-01, 1.357092586245e-03, 1.4455e+03, 2.7253e+01, 
 1DIAGNOSTIC,    17, -5.016761341523e-01, 1.135582710998e-03, 1.4732e+03, 2.7722e+01, 
 1DIAGNOSTIC,    18, -5.024008808872e-01, 9.420541580843e-04, 1.5009e+03, 2.7672e+01, 
 1DIAGNOSTIC,    19, -5.034098107134e-01, 7.875623668263e-04, 1.5283e+03, 2.7406e+01, 
 1DIAGNOSTIC,    20, -5.042346058228e-01, 6.716528304156e-04, 1.5557e+03, 2.7433e+01, 
 1DIAGNOSTIC,    21, -5.048567159269e-01, 5.762205402359e-04, 1.5831e+03, 2.7423e+01, 
 1DIAGNOSTIC,    22, -5.055545349720e-01, 4.962504828698e-04, 1.6107e+03, 2.7581e+01, 
 1DIAGNOSTIC,    23, -5.061600312921e-01, 4.353486767003e-04, 1.6382e+03, 2.7428e+01, 
 1DIAGNOSTIC,    24, -5.064103568171e-01, 3.750302599873e-04, 1.6654e+03, 2.7244e+01, 
 1DIAGNOSTIC,    25, -5.071609268137e-01, 3.331689293132e-04, 1.6926e+03, 2.7224e+01, 
 1DIAGNOSTIC,    26, -5.076177754108e-01, 2.942236057256e-04, 1.7199e+03, 2.7285e+01, 
 1DIAGNOSTIC,    27, -5.080911541465e-01, 2.622413323345e-04, 1.7470e+03, 2.7113e+01, 
 1DIAGNOSTIC,    28, -5.084196903531e-01, 2.292544663347e-04, 1.7742e+03, 2.7186e+01, 
 1DIAGNOSTIC,    29, -5.091094278841e-01, 2.105115075624e-04, 1.8017e+03, 2.7471e+01, 
 1DIAGNOSTIC,    30, -5.094888447582e-01, 1.958609994725e-04, 1.8289e+03, 2.7208e+01, 
 1DIAGNOSTIC,    31, -5.100690628768e-01, 1.856513743546e-04, 1.8562e+03, 2.7308e+01, 
 1DIAGNOSTIC,    32, -5.104944578063e-01, 1.784702564467e-04, 1.8833e+03, 2.7089e+01, 
 1DIAGNOSTIC,    33, -5.111308578930e-01, 1.764524662349e-04, 1.9107e+03, 2.7449e+01, 
 1DIAGNOSTIC,    34, -5.116117364612e-01, 1.697612348885e-04, 1.9379e+03, 2.7213e+01, 
 1DIAGNOSTIC,    35, -5.121479350189e-01, 1.682288661542e-04, 1.9652e+03, 2.7247e+01, 
 1DIAGNOSTIC,    36, -5.125729143643e-01, 1.646986530130e-04, 1.9924e+03, 2.7175e+01, 
 1DIAGNOSTIC,    37, -5.128949591038e-01, 1.579748883076e-04, 2.0195e+03, 2.7099e+01, 
 1DIAGNOSTIC,    38, -5.133985712840e-01, 1.489097057270e-04, 2.0467e+03, 2.7198e+01, 
 1DIAGNOSTIC,    39, -5.137869800246e-01, 1.417686908960e-04, 2.0741e+03, 2.7403e+01, 
 1DIAGNOSTIC,    40, -5.141802552370e-01, 1.323611107853e-04, 2.1013e+03, 2.7213e+01, 
 1DIAGNOSTIC,    41, -5.145709826477e-01, 1.242663518463e-04, 2.1284e+03, 2.7135e+01, 
 1DIAGNOSTIC,    42, -5.149039389473e-01, 1.148698904951e-04, 2.1556e+03, 2.7170e+01, 
 1DIAGNOSTIC,    43, -5.151898425117e-01, 1.070734070665e-04, 2.1829e+03, 2.7310e+01, 
 1DIAGNOSTIC,    44, -5.156515617974e-01, 1.014724500825e-04, 2.2101e+03, 2.7210e+01, 
 1DIAGNOSTIC,    45, -5.157387209327e-01, 9.417672039538e-05, 2.2375e+03, 2.7372e+01, 
 1DIAGNOSTIC,    46, -5.161967301608e-01, 8.916376735256e-05, 2.2646e+03, 2.7138e+01, 
 1DIAGNOSTIC,    47, -5.163508150808e-01, 8.144980187451e-05, 2.2918e+03, 2.7227e+01, 
 1DIAGNOSTIC,    48, -5.164789596793e-01, 7.372132542148e-05, 2.3190e+03, 2.7159e+01, 
 1DIAGNOSTIC,    49, -5.167988788207e-01, 6.744289160614e-05, 2.3463e+03, 2.7302e+01, 
 1DIAGNOSTIC,    50, -5.169064206057e-01, 6.054436595445e-05, 2.3736e+03, 2.7290e+01, 
 1DIAGNOSTIC,    51, -5.172473531456e-01, 5.623896524993e-05, 2.4010e+03, 2.7404e+01, 
 1DIAGNOSTIC,    52, -5.173517828903e-01, 5.142106676402e-05, 2.4283e+03, 2.7292e+01, 
 1DIAGNOSTIC,    53, -5.175500572526e-01, 4.701088898871e-05, 2.4556e+03, 2.7277e+01, 
 1DIAGNOSTIC,    54, -5.175864176287e-01, 4.352300886690e-05, 2.4829e+03, 2.7353e+01, 
 1DIAGNOSTIC,    55, -5.176565301039e-01, 3.755049984842e-05, 2.5104e+03, 2.7529e+01, 
 1DIAGNOSTIC,    56, -5.175909823558e-01, 3.217160619013e-05, 2.5377e+03, 2.7245e+01, 
 1DIAGNOSTIC,    57, -5.179045041815e-01, 2.858626169246e-05, 2.5650e+03, 2.7353e+01, 
 1DIAGNOSTIC,    58, -5.178709749218e-01, 2.321071803784e-05, 2.5925e+03, 2.7459e+01, 
 1DIAGNOSTIC,    59, -5.182746290515e-01, 2.279104934181e-05, 2.6197e+03, 2.7209e+01, 
 1DIAGNOSTIC,    60, -5.183555949287e-01, 2.189098759748e-05, 2.6471e+03, 2.7413e+01, 
 1DIAGNOSTIC,    61, -5.184690636142e-01, 2.317120244795e-05, 2.6743e+03, 2.7177e+01, 
 1DIAGNOSTIC,    62, -5.186088181701e-01, 2.440192724457e-05, 2.7015e+03, 2.7186e+01, 
 1DIAGNOSTIC,    63, -5.187728074448e-01, 2.648307314521e-05, 2.7286e+03, 2.7109e+01, 
 1DIAGNOSTIC,    64, -5.187028211362e-01, 2.565231829754e-05, 2.7557e+03, 2.7074e+01, 
 1DIAGNOSTIC,    65, -5.190001241874e-01, 2.566914370462e-05, 2.7829e+03, 2.7215e+01, 
 1DIAGNOSTIC,    66, -5.189946484902e-01, 2.255413701158e-05, 2.8101e+03, 2.7257e+01, 
 1DIAGNOSTIC,    67, -5.191219209251e-01, 2.115251407972e-05, 2.8375e+03, 2.7321e+01, 
 1DIAGNOSTIC,    68, -5.191055048406e-01, 1.730258076456e-05, 2.8647e+03, 2.7222e+01, 
 1DIAGNOSTIC,    69, -5.193678059358e-01, 1.737672180230e-05, 2.8919e+03, 2.7174e+01, 
 1DIAGNOSTIC,    70, -5.192147831508e-01, 1.516869458988e-05, 2.9192e+03, 2.7300e+01, 
slurmstepd: error: Job 6244927 exceeded memory limit (6156056 > 6144000), being killed
slurmstepd: error: Exceeded job memory limit
slurmstepd: error: *** JOB 6244927 ON wbic-cs-19 CANCELLED AT 2021-02-05T17:02:04 ***
