Changed directory to /lustre/scratch/wbic-beta/ccn30/ENCRYPT/fMRI/gridcellpilot/scripts/coregistration/slurmoutputs.

JobID: 6248634
======
Time: Tue Feb  9 23:22:28 GMT 2021
Running on master node: wbic-csm-2
Current directory: /lustre/scratch/wbic-beta/ccn30/ENCRYPT/fMRI/gridcellpilot/scripts/coregistration/slurmoutputs

Nodes allocated:
================
wbic-csm-2

numtasks=1, numnodes=1, mpi_tasks_per_node=1 (OMP_NUM_THREADS=1)

Executing command:
==================
/lustre/scratch/wbic-beta/ccn30/ENCRYPT/fMRI/gridcellpilot/scripts/coregistration/coreg_MasksxEPI.sh 29383/20190912_U-ID46168

******** starting 29383 ********

--------------------------------------------------------------------------------------
 Mapping parameters
--------------------------------------------------------------------------------------
 ANTSPATH is /applications/ANTS/ANTs-2.3.4/install/bin/

 Dimensionality:           3
 Output name prefix:       /lustre/scratch/wbic-beta/ccn30/ENCRYPT/fMRI/gridcellpilot/preprocessed_data/segmentation/29383/coregistration/T1xStudyTemplate_
 Fixed images:             /home/ccn30/ENCRYPT/atlases/templates/ECtemplatemasks2015/Study_template_wholeBrain.nii
 Moving images:            /lustre/scratch/wbic-beta/ccn30/ENCRYPT/fMRI/gridcellpilot/raw_data/images/29383/20190912_U-ID46168/mp2rage/denoiseRn4mag0000_PSIR_skulled_std.nii
 Mask images:              
 Initial transforms:       
 Number of threads:        1
 Spline distance:          26
 Transform type:           s
 CC radius:                4
 Precision:                d
 Use histogram matching    0
======================================================================================
 antsRegistration call:
--------------------------------------------------------------------------------------
/applications/ANTS/ANTs-2.3.4/install/bin//antsRegistration --verbose 1 --dimensionality 3 --float 0 --collapse-output-transforms 1 --output [ /lustre/scratch/wbic-beta/ccn30/ENCRYPT/fMRI/gridcellpilot/preprocessed_data/segmentation/29383/coregistration/T1xStudyTemplate_,/lustre/scratch/wbic-beta/ccn30/ENCRYPT/fMRI/gridcellpilot/preprocessed_data/segmentation/29383/coregistration/T1xStudyTemplate_Warped.nii.gz,/lustre/scratch/wbic-beta/ccn30/ENCRYPT/fMRI/gridcellpilot/preprocessed_data/segmentation/29383/coregistration/T1xStudyTemplate_InverseWarped.nii.gz ] --interpolation Linear --use-histogram-matching 0 --winsorize-image-intensities [ 0.005,0.995 ] --initial-moving-transform [ /home/ccn30/ENCRYPT/atlases/templates/ECtemplatemasks2015/Study_template_wholeBrain.nii,/lustre/scratch/wbic-beta/ccn30/ENCRYPT/fMRI/gridcellpilot/raw_data/images/29383/20190912_U-ID46168/mp2rage/denoiseRn4mag0000_PSIR_skulled_std.nii,1 ] --transform Rigid[ 0.1 ] --metric MI[ /home/ccn30/ENCRYPT/atlases/templates/ECtemplatemasks2015/Study_template_wholeBrain.nii,/lustre/scratch/wbic-beta/ccn30/ENCRYPT/fMRI/gridcellpilot/raw_data/images/29383/20190912_U-ID46168/mp2rage/denoiseRn4mag0000_PSIR_skulled_std.nii,1,32,Regular,0.25 ] --convergence [ 1000x500x250x100,1e-6,10 ] --shrink-factors 12x8x4x2 --smoothing-sigmas 4x3x2x1vox --transform Affine[ 0.1 ] --metric MI[ /home/ccn30/ENCRYPT/atlases/templates/ECtemplatemasks2015/Study_template_wholeBrain.nii,/lustre/scratch/wbic-beta/ccn30/ENCRYPT/fMRI/gridcellpilot/raw_data/images/29383/20190912_U-ID46168/mp2rage/denoiseRn4mag0000_PSIR_skulled_std.nii,1,32,Regular,0.25 ] --convergence [ 1000x500x250x100,1e-6,10 ] --shrink-factors 12x8x4x2 --smoothing-sigmas 4x3x2x1vox --transform SyN[ 0.1,3,0 ] --metric CC[ /home/ccn30/ENCRYPT/atlases/templates/ECtemplatemasks2015/Study_template_wholeBrain.nii,/lustre/scratch/wbic-beta/ccn30/ENCRYPT/fMRI/gridcellpilot/raw_data/images/29383/20190912_U-ID46168/mp2rage/denoiseRn4mag0000_PSIR_skulled_std.nii,1,4 ] --convergence [ 100x100x70x50x20,1e-6,10 ] --shrink-factors 10x6x4x2x1 --smoothing-sigmas 5x3x2x1x0vox
--------------------------------------------------------------------------------------
All_Command_lines_OK
Using double precision for computations.
=============================================================================
The composite transform comprises the following transforms (in order): 
  1. Center of mass alignment using fixed image: /home/ccn30/ENCRYPT/atlases/templates/ECtemplatemasks2015/Study_template_wholeBrain.nii and moving image: /lustre/scratch/wbic-beta/ccn30/ENCRYPT/fMRI/gridcellpilot/raw_data/images/29383/20190912_U-ID46168/mp2rage/denoiseRn4mag0000_PSIR_skulled_std.nii (type = Euler3DTransform)
=============================================================================
  number of levels = 4
  number of levels = 4
  number of levels = 5
  fixed image: /home/ccn30/ENCRYPT/atlases/templates/ECtemplatemasks2015/Study_template_wholeBrain.nii
  moving image: /lustre/scratch/wbic-beta/ccn30/ENCRYPT/fMRI/gridcellpilot/raw_data/images/29383/20190912_U-ID46168/mp2rage/denoiseRn4mag0000_PSIR_skulled_std.nii
  fixed image: /home/ccn30/ENCRYPT/atlases/templates/ECtemplatemasks2015/Study_template_wholeBrain.nii
  moving image: /lustre/scratch/wbic-beta/ccn30/ENCRYPT/fMRI/gridcellpilot/raw_data/images/29383/20190912_U-ID46168/mp2rage/denoiseRn4mag0000_PSIR_skulled_std.nii
  fixed image: /home/ccn30/ENCRYPT/atlases/templates/ECtemplatemasks2015/Study_template_wholeBrain.nii
  moving image: /lustre/scratch/wbic-beta/ccn30/ENCRYPT/fMRI/gridcellpilot/raw_data/images/29383/20190912_U-ID46168/mp2rage/denoiseRn4mag0000_PSIR_skulled_std.nii
Dimension = 3
Number of stages = 3
Use Histogram Matching false
Winsorize image intensities true
Lower quantile = 0.005
Upper quantile = 0.995
Stage 1 State
   Image metric = Mattes
     Fixed image = Image (0x47b4550)
  RTTI typeinfo:   itk::Image<double, 3u>
  Reference Count: 2
  Modified Time: 1735
  Debug: Off
  Object Name: 
  Observers: 
    none
  Source: (none)
  Source output name: (none)
  Release Data: Off
  Data Released: False
  Global Release Data: Off
  PipelineMTime: 0
  UpdateMTime: 1518
  RealTimeStamp: 0 seconds 
  LargestPossibleRegion: 
    Dimension: 3
    Index: [0, 0, 0]
    Size: [384, 384, 288]
  BufferedRegion: 
    Dimension: 3
    Index: [0, 0, 0]
    Size: [384, 384, 288]
  RequestedRegion: 
    Dimension: 3
    Index: [0, 0, 0]
    Size: [384, 384, 288]
  Spacing: [0.598958, 0.598958, 0.599937]
  Origin: [85.9044, -155.274, 91.0901]
  Direction: 
-0 0 -1
1 -0 0
0 -1 0

  IndexToPointMatrix: 
0 0 -0.599937
0.598958 0 0
0 -0.598958 0

  PointToIndexMatrix: 
0 1.66957 0
0 0 -1.66957
-1.66684 0 0

  Inverse Direction: 
0 1 0
0 0 -1
-1 0 0

  PixelContainer: 
    ImportImageContainer (0x47b9880)
      RTTI typeinfo:   itk::ImportImageContainer<unsigned long, double>
      Reference Count: 1
      Modified Time: 1515
      Debug: Off
      Object Name: 
      Observers: 
        none
      Pointer: 0x2b0a7e7ce010
      Container manages memory: true
      Size: 42467328
      Capacity: 42467328

     Moving image = Image (0x47b7050)
  RTTI typeinfo:   itk::Image<double, 3u>
  Reference Count: 2
  Modified Time: 1736
  Debug: Off
  Object Name: 
  Observers: 
    none
  Source: (none)
  Source output name: (none)
  Release Data: Off
  Data Released: False
  Global Release Data: Off
  PipelineMTime: 0
  UpdateMTime: 1733
  RealTimeStamp: 0 seconds 
  LargestPossibleRegion: 
    Dimension: 3
    Index: [0, 0, 0]
    Size: [224, 320, 320]
  BufferedRegion: 
    Dimension: 3
    Index: [0, 0, 0]
    Size: [224, 320, 320]
  RequestedRegion: 
    Dimension: 3
    Index: [0, 0, 0]
    Size: [224, 320, 320]
  Spacing: [0.700005, 0.7, 0.7]
  Origin: [-75.609, 70.8031, -115.348]
  Direction: 
1 1.33449e-08 1.16454e-11
1.33449e-08 -0.999998 -0.0017453
1.16454e-11 -0.0017453 0.999998

  IndexToPointMatrix: 
0.700005 9.34141e-09 8.15177e-12
9.34147e-09 -0.699999 -0.00122171
8.15182e-12 -0.00122171 0.699999

  PointToIndexMatrix: 
1.42856 1.9064e-08 1.66362e-11
1.90641e-08 -1.42857 -0.00249328
1.66363e-11 -0.00249328 1.42857

  Inverse Direction: 
1 1.33449e-08 1.16454e-11
1.33449e-08 -0.999998 -0.0017453
1.16454e-11 -0.0017453 0.999998

  PixelContainer: 
    ImportImageContainer (0x47a52e0)
      RTTI typeinfo:   itk::ImportImageContainer<unsigned long, double>
      Reference Count: 1
      Modified Time: 1730
      Debug: Off
      Object Name: 
      Observers: 
        none
      Pointer: 0x2b0a92bcf010
      Container manages memory: true
      Size: 22937600
      Capacity: 22937600

     Weighting = 1
     Sampling strategy = regular
     Number of bins = 32
     Radius = 4
     Sampling percentage  = 0.25
   Transform = Rigid
     Gradient step = 0.1
     Update field sigma (voxel space) = 0
     Total field sigma (voxel space) = 0
     Update field time sigma = 0
     Total field time sigma  = 0
     Number of time indices = 0
     Number of time point samples = 0
Stage 2 State
   Image metric = Mattes
     Fixed image = Image (0x47b88f0)
  RTTI typeinfo:   itk::Image<double, 3u>
  Reference Count: 2
  Modified Time: 2167
  Debug: Off
  Object Name: 
  Observers: 
    none
  Source: (none)
  Source output name: (none)
  Release Data: Off
  Data Released: False
  Global Release Data: Off
  PipelineMTime: 0
  UpdateMTime: 1950
  RealTimeStamp: 0 seconds 
  LargestPossibleRegion: 
    Dimension: 3
    Index: [0, 0, 0]
    Size: [384, 384, 288]
  BufferedRegion: 
    Dimension: 3
    Index: [0, 0, 0]
    Size: [384, 384, 288]
  RequestedRegion: 
    Dimension: 3
    Index: [0, 0, 0]
    Size: [384, 384, 288]
  Spacing: [0.598958, 0.598958, 0.599937]
  Origin: [85.9044, -155.274, 91.0901]
  Direction: 
-0 0 -1
1 -0 0
0 -1 0

  IndexToPointMatrix: 
0 0 -0.599937
0.598958 0 0
0 -0.598958 0

  PointToIndexMatrix: 
0 1.66957 0
0 0 -1.66957
-1.66684 0 0

  Inverse Direction: 
0 1 0
0 0 -1
-1 0 0

  PixelContainer: 
    ImportImageContainer (0x47b86d0)
      RTTI typeinfo:   itk::ImportImageContainer<unsigned long, double>
      Reference Count: 1
      Modified Time: 1947
      Debug: Off
      Object Name: 
      Observers: 
        none
      Pointer: 0x2b0a9dad0010
      Container manages memory: true
      Size: 42467328
      Capacity: 42467328

     Moving image = Image (0x47c27e0)
  RTTI typeinfo:   itk::Image<double, 3u>
  Reference Count: 2
  Modified Time: 2168
  Debug: Off
  Object Name: 
  Observers: 
    none
  Source: (none)
  Source output name: (none)
  Release Data: Off
  Data Released: False
  Global Release Data: Off
  PipelineMTime: 0
  UpdateMTime: 2165
  RealTimeStamp: 0 seconds 
  LargestPossibleRegion: 
    Dimension: 3
    Index: [0, 0, 0]
    Size: [224, 320, 320]
  BufferedRegion: 
    Dimension: 3
    Index: [0, 0, 0]
    Size: [224, 320, 320]
  RequestedRegion: 
    Dimension: 3
    Index: [0, 0, 0]
    Size: [224, 320, 320]
  Spacing: [0.700005, 0.7, 0.7]
  Origin: [-75.609, 70.8031, -115.348]
  Direction: 
1 1.33449e-08 1.16454e-11
1.33449e-08 -0.999998 -0.0017453
1.16454e-11 -0.0017453 0.999998

  IndexToPointMatrix: 
0.700005 9.34141e-09 8.15177e-12
9.34147e-09 -0.699999 -0.00122171
8.15182e-12 -0.00122171 0.699999

  PointToIndexMatrix: 
1.42856 1.9064e-08 1.66362e-11
1.90641e-08 -1.42857 -0.00249328
1.66363e-11 -0.00249328 1.42857

  Inverse Direction: 
1 1.33449e-08 1.16454e-11
1.33449e-08 -0.999998 -0.0017453
1.16454e-11 -0.0017453 0.999998

  PixelContainer: 
    ImportImageContainer (0x47b35c0)
      RTTI typeinfo:   itk::ImportImageContainer<unsigned long, double>
      Reference Count: 1
      Modified Time: 2162
      Debug: Off
      Object Name: 
      Observers: 
        none
      Pointer: 0x2b0ab1ed1010
      Container manages memory: true
      Size: 22937600
      Capacity: 22937600

     Weighting = 1
     Sampling strategy = regular
     Number of bins = 32
     Radius = 4
     Sampling percentage  = 0.25
   Transform = Affine
     Gradient step = 0.1
     Update field sigma (voxel space) = 0
     Total field sigma (voxel space) = 0
     Update field time sigma = 0
     Total field time sigma  = 0
     Number of time indices = 0
     Number of time point samples = 0
Stage 3 State
   Image metric = CC
     Fixed image = Image (0x47c53d0)
  RTTI typeinfo:   itk::Image<double, 3u>
  Reference Count: 2
  Modified Time: 2599
  Debug: Off
  Object Name: 
  Observers: 
    none
  Source: (none)
  Source output name: (none)
  Release Data: Off
  Data Released: False
  Global Release Data: Off
  PipelineMTime: 0
  UpdateMTime: 2382
  RealTimeStamp: 0 seconds 
  LargestPossibleRegion: 
    Dimension: 3
    Index: [0, 0, 0]
    Size: [384, 384, 288]
  BufferedRegion: 
    Dimension: 3
    Index: [0, 0, 0]
    Size: [384, 384, 288]
  RequestedRegion: 
    Dimension: 3
    Index: [0, 0, 0]
    Size: [384, 384, 288]
  Spacing: [0.598958, 0.598958, 0.599937]
  Origin: [85.9044, -155.274, 91.0901]
  Direction: 
-0 0 -1
1 -0 0
0 -1 0

  IndexToPointMatrix: 
0 0 -0.599937
0.598958 0 0
0 -0.598958 0

  PointToIndexMatrix: 
0 1.66957 0
0 0 -1.66957
-1.66684 0 0

  Inverse Direction: 
0 1 0
0 0 -1
-1 0 0

  PixelContainer: 
    ImportImageContainer (0x47c5660)
      RTTI typeinfo:   itk::ImportImageContainer<unsigned long, double>
      Reference Count: 1
      Modified Time: 2379
      Debug: Off
      Object Name: 
      Observers: 
        none
      Pointer: 0x2b0abcdd2010
      Container manages memory: true
      Size: 42467328
      Capacity: 42467328

     Moving image = Image (0x47cb8e0)
  RTTI typeinfo:   itk::Image<double, 3u>
  Reference Count: 2
  Modified Time: 2600
  Debug: Off
  Object Name: 
  Observers: 
    none
  Source: (none)
  Source output name: (none)
  Release Data: Off
  Data Released: False
  Global Release Data: Off
  PipelineMTime: 0
  UpdateMTime: 2597
  RealTimeStamp: 0 seconds 
  LargestPossibleRegion: 
    Dimension: 3
    Index: [0, 0, 0]
    Size: [224, 320, 320]
  BufferedRegion: 
    Dimension: 3
    Index: [0, 0, 0]
    Size: [224, 320, 320]
  RequestedRegion: 
    Dimension: 3
    Index: [0, 0, 0]
    Size: [224, 320, 320]
  Spacing: [0.700005, 0.7, 0.7]
  Origin: [-75.609, 70.8031, -115.348]
  Direction: 
1 1.33449e-08 1.16454e-11
1.33449e-08 -0.999998 -0.0017453
1.16454e-11 -0.0017453 0.999998

  IndexToPointMatrix: 
0.700005 9.34141e-09 8.15177e-12
9.34147e-09 -0.699999 -0.00122171
8.15182e-12 -0.00122171 0.699999

  PointToIndexMatrix: 
1.42856 1.9064e-08 1.66362e-11
1.90641e-08 -1.42857 -0.00249328
1.66363e-11 -0.00249328 1.42857

  Inverse Direction: 
1 1.33449e-08 1.16454e-11
1.33449e-08 -0.999998 -0.0017453
1.16454e-11 -0.0017453 0.999998

  PixelContainer: 
    ImportImageContainer (0x47cbbc0)
      RTTI typeinfo:   itk::ImportImageContainer<unsigned long, double>
      Reference Count: 1
      Modified Time: 2594
      Debug: Off
      Object Name: 
      Observers: 
        none
      Pointer: 0x2b0ad11d3010
      Container manages memory: true
      Size: 22937600
      Capacity: 22937600

     Weighting = 1
     Sampling strategy = none
     Number of bins = 32
     Radius = 4
     Sampling percentage  = 1
   Transform = SyN
     Gradient step = 0.1
     Update field sigma (voxel space) = 3
     Total field sigma (voxel space) = 0
     Update field time sigma = 0
     Total field time sigma  = 0
     Number of time indices = 0
     Number of time point samples = 0
Registration using 3 total stages.

Stage 0
  iterations = 1000x500x250x100
  convergence threshold = 1e-06
  convergence window size = 10
  number of levels = 4
  using the Mattes MI metric (number of bins = 32, weight = 1)
  preprocessing:  winsorizing the image intensities
  Shrink factors (level 1 out of 4): [12, 12, 12]
  Shrink factors (level 2 out of 4): [8, 8, 8]
  Shrink factors (level 3 out of 4): [4, 4, 4]
  Shrink factors (level 4 out of 4): [2, 2, 2]
  smoothing sigmas per level: [4, 3, 2, 1]
  regular sampling (percentage = 0.25)

*** Running Euler3DTransform registration ***

DIAGNOSTIC,Iteration,metricValue,convergenceValue,ITERATION_TIME_INDEX,SINCE_LAST
 2DIAGNOSTIC,     1, -4.852801228627e-01, 1.797693134862e+308, 8.5763e+00, 8.5763e+00, 
 2DIAGNOSTIC,     2, -4.878067035458e-01, 1.797693134862e+308, 8.5927e+00, 1.6371e-02, 
 2DIAGNOSTIC,     3, -4.913666287817e-01, 1.797693134862e+308, 8.6100e+00, 1.7280e-02, 
 2DIAGNOSTIC,     4, -4.964693552428e-01, 1.797693134862e+308, 8.6276e+00, 1.7619e-02, 
 2DIAGNOSTIC,     5, -5.042052406644e-01, 1.797693134862e+308, 8.6460e+00, 1.8364e-02, 
 2DIAGNOSTIC,     6, -5.166845601071e-01, 1.797693134862e+308, 8.6646e+00, 1.8588e-02, 
 2DIAGNOSTIC,     7, -5.302955338600e-01, 1.797693134862e+308, 8.6861e+00, 2.1548e-02, 
 2DIAGNOSTIC,     8, -5.355441344219e-01, 1.797693134862e+308, 8.7041e+00, 1.8025e-02, 
 2DIAGNOSTIC,     9, -5.368292740189e-01, 1.797693134862e+308, 8.7211e+00, 1.6969e-02, 
 2DIAGNOSTIC,    10, -5.373399599257e-01, 7.980302783344e-03, 8.7408e+00, 1.9738e-02, 
 2DIAGNOSTIC,    11, -5.371912044208e-01, 6.771108733936e-03, 8.7636e+00, 2.2756e-02, 
 2DIAGNOSTIC,    12, -5.373484239257e-01, 5.281698165518e-03, 8.7838e+00, 2.0157e-02, 
 2DIAGNOSTIC,    13, -5.376137733339e-01, 3.716485072600e-03, 8.8043e+00, 2.0498e-02, 
 2DIAGNOSTIC,    14, -5.375225760035e-01, 2.246073353456e-03, 8.8217e+00, 1.7473e-02, 
 2DIAGNOSTIC,    15, -5.374803128189e-01, 1.049640352671e-03, 8.8410e+00, 1.9265e-02, 
 2DIAGNOSTIC,    16, -5.376271656901e-01, 3.311027760785e-04, 8.8605e+00, 1.9479e-02, 
 2DIAGNOSTIC,    17, -5.380468448034e-01, 1.137810914731e-04, 8.8800e+00, 1.9484e-02, 
 2DIAGNOSTIC,    18, -5.380476942621e-01, 6.782618854231e-05, 8.8994e+00, 1.9470e-02, 
 2DIAGNOSTIC,    19, -5.378649628967e-01, 5.202001594697e-05, 8.9190e+00, 1.9589e-02, 
 2DIAGNOSTIC,    20, -5.380845479342e-01, 5.355801642646e-05, 8.9383e+00, 1.9258e-02, 
 2DIAGNOSTIC,    21, -5.380417280899e-01, 4.479079908362e-05, 8.9682e+00, 2.9967e-02, 
 2DIAGNOSTIC,    22, -5.380418799205e-01, 3.627353339539e-05, 8.9851e+00, 1.6883e-02, 
 2DIAGNOSTIC,    23, -5.380421265254e-01, 3.164868219255e-05, 9.0016e+00, 1.6454e-02, 
 2DIAGNOSTIC,    24, -5.380423063694e-01, 2.279628471623e-05, 9.0182e+00, 1.6598e-02, 
 2DIAGNOSTIC,    25, -5.380431957907e-01, 1.171974248523e-05, 9.0346e+00, 1.6421e-02, 
 2DIAGNOSTIC,    26, -5.380133549769e-01, 2.641494971777e-06, 9.0517e+00, 1.7062e-02, 
 2DIAGNOSTIC,    27, -5.380209827631e-01, 2.677708421932e-06, 9.0711e+00, 1.9444e-02, 
 2DIAGNOSTIC,    28, -5.380515873025e-01, 3.302987837635e-06, 9.0905e+00, 1.9391e-02, 
DIAGNOSTIC,Iteration,metricValue,convergenceValue,ITERATION_TIME_INDEX,SINCE_LAST
 2DIAGNOSTIC,     1, -4.634717510050e-01, 1.797693134862e+308, 1.8601e+01, 9.5108e+00, 
 2DIAGNOSTIC,     2, -4.642274459218e-01, 1.797693134862e+308, 1.8657e+01, 5.5275e-02, 
 2DIAGNOSTIC,     3, -4.653254002851e-01, 1.797693134862e+308, 1.8721e+01, 6.4290e-02, 
 2DIAGNOSTIC,     4, -4.659006491415e-01, 1.797693134862e+308, 1.8780e+01, 5.8863e-02, 
 2DIAGNOSTIC,     5, -4.663078281063e-01, 1.797693134862e+308, 1.8852e+01, 7.2158e-02, 
 2DIAGNOSTIC,     6, -4.667277385551e-01, 1.797693134862e+308, 1.8909e+01, 5.6954e-02, 
 2DIAGNOSTIC,     7, -4.672547693909e-01, 1.797693134862e+308, 1.8965e+01, 5.5874e-02, 
 2DIAGNOSTIC,     8, -4.680368111986e-01, 1.797693134862e+308, 1.9030e+01, 6.5412e-02, 
 2DIAGNOSTIC,     9, -4.683367821679e-01, 1.797693134862e+308, 1.9088e+01, 5.7665e-02, 
 2DIAGNOSTIC,    10, -4.686047462799e-01, 6.934591929960e-04, 1.9161e+01, 7.3563e-02, 
 2DIAGNOSTIC,    11, -4.687690844772e-01, 5.572079303197e-04, 1.9233e+01, 7.1658e-02, 
 2DIAGNOSTIC,    12, -4.688315452301e-01, 4.341674086168e-04, 1.9296e+01, 6.3485e-02, 
 2DIAGNOSTIC,    13, -4.687616599622e-01, 3.385474156324e-04, 1.9361e+01, 6.4822e-02, 
 2DIAGNOSTIC,    14, -4.687931568333e-01, 2.524174463914e-04, 1.9424e+01, 6.2764e-02, 
 2DIAGNOSTIC,    15, -4.688037117388e-01, 1.719236215919e-04, 1.9480e+01, 5.5626e-02, 
 2DIAGNOSTIC,    16, -4.688218526842e-01, 1.023840806029e-04, 1.9541e+01, 6.1661e-02, 
 2DIAGNOSTIC,    17, -4.688054967645e-01, 4.951402660325e-05, 1.9622e+01, 8.0483e-02, 
 2DIAGNOSTIC,    18, -4.687945472447e-01, 2.414542666996e-05, 1.9684e+01, 6.2441e-02, 
 2DIAGNOSTIC,    19, -4.687793924783e-01, 8.347134433602e-06, 1.9748e+01, 6.3304e-02, 
DIAGNOSTIC,Iteration,metricValue,convergenceValue,ITERATION_TIME_INDEX,SINCE_LAST
 2DIAGNOSTIC,     1, -4.161707939799e-01, 1.797693134862e+308, 2.9190e+01, 9.4427e+00, 
 2DIAGNOSTIC,     2, -4.161407770762e-01, 1.797693134862e+308, 2.9762e+01, 5.7160e-01, 
 2DIAGNOSTIC,     3, -4.161246299883e-01, 1.797693134862e+308, 3.0559e+01, 7.9757e-01, 
 2DIAGNOSTIC,     4, -4.161256644126e-01, 1.797693134862e+308, 3.1139e+01, 5.7910e-01, 
 2DIAGNOSTIC,     5, -4.161275970931e-01, 1.797693134862e+308, 3.1715e+01, 5.7652e-01, 
 2DIAGNOSTIC,     6, -4.161245433058e-01, 1.797693134862e+308, 3.2593e+01, 8.7747e-01, 
 2DIAGNOSTIC,     7, -4.161251049429e-01, 1.797693134862e+308, 3.3172e+01, 5.7916e-01, 
 2DIAGNOSTIC,     8, -4.161233544273e-01, 1.797693134862e+308, 3.3667e+01, 4.9482e-01, 
 2DIAGNOSTIC,     9, -4.161223351978e-01, 1.797693134862e+308, 3.4238e+01, 5.7184e-01, 
DIAGNOSTIC,Iteration,metricValue,convergenceValue,ITERATION_TIME_INDEX,SINCE_LAST
 2DIAGNOSTIC,     1, -3.466587788885e-01, 1.797693134862e+308, 4.7715e+01, 1.3477e+01, 
 2DIAGNOSTIC,     2, -3.468616863425e-01, 1.797693134862e+308, 5.0925e+01, 3.2102e+00, 
 2DIAGNOSTIC,     3, -3.469527889434e-01, 1.797693134862e+308, 5.6580e+01, 5.6548e+00, 
 2DIAGNOSTIC,     4, -3.469606445246e-01, 1.797693134862e+308, 6.0269e+01, 3.6887e+00, 
 2DIAGNOSTIC,     5, -3.469580848933e-01, 1.797693134862e+308, 6.3951e+01, 3.6826e+00, 
 2DIAGNOSTIC,     6, -3.469566394022e-01, 1.797693134862e+308, 6.8147e+01, 4.1960e+00, 
 2DIAGNOSTIC,     7, -3.469545077499e-01, 1.797693134862e+308, 7.4798e+01, 6.6505e+00, 
 2DIAGNOSTIC,     8, -3.469549516871e-01, 1.797693134862e+308, 7.8993e+01, 4.1956e+00, 
 2DIAGNOSTIC,     9, -3.469547533267e-01, 1.797693134862e+308, 8.2682e+01, 3.6892e+00, 
 2DIAGNOSTIC,    10, -3.469546914407e-01, 3.395415870361e-05, 8.5870e+01, 3.1871e+00, 
 2DIAGNOSTIC,    11, -3.469545961101e-01, 9.492161855473e-06, 8.9061e+01, 3.1910e+00, 
 2DIAGNOSTIC,    12, -3.469545274434e-01, 2.191286858827e-06, 9.2262e+01, 3.2012e+00, 
 2DIAGNOSTIC,    13, -3.469544160972e-01, 1.771705342352e-06, 9.6431e+01, 4.1691e+00, 
 2DIAGNOSTIC,    14, -3.469536268166e-01, 1.888308057876e-06, 1.0020e+02, 3.7681e+00, 
 2DIAGNOSTIC,    15, -3.469534921066e-01, 1.879741560781e-06, 1.0388e+02, 3.6842e+00, 
 2DIAGNOSTIC,    16, -3.469533644095e-01, 1.816767943794e-06, 1.0711e+02, 3.2228e+00, 
 2DIAGNOSTIC,    17, -3.469533049371e-01, 1.670196383960e-06, 1.1080e+02, 3.6973e+00, 
 2DIAGNOSTIC,    18, -3.469534341179e-01, 1.584865877424e-06, 1.1452e+02, 3.7196e+00, 
 2DIAGNOSTIC,    19, -3.469535450744e-01, 1.521969377992e-06, 1.1870e+02, 4.1805e+00, 
 2DIAGNOSTIC,    20, -3.469531763516e-01, 1.462012962063e-06, 1.2238e+02, 3.6780e+00, 
 2DIAGNOSTIC,    21, -3.469529595266e-01, 1.407747498496e-06, 1.2606e+02, 3.6792e+00, 
 2DIAGNOSTIC,    22, -3.469527525868e-01, 1.358004387331e-06, 1.2924e+02, 3.1797e+00, 
 2DIAGNOSTIC,    23, -3.469526468761e-01, 1.313580099818e-06, 1.3244e+02, 3.1984e+00, 
 2DIAGNOSTIC,    24, -3.469523005335e-01, 1.240523639486e-06, 1.3612e+02, 3.6794e+00, 
 2DIAGNOSTIC,    25, -3.469522410292e-01, 1.175479278887e-06, 1.3979e+02, 3.6687e+00, 
 2DIAGNOSTIC,    26, -3.469523258375e-01, 1.123418404761e-06, 1.4346e+02, 3.6702e+00, 
 2DIAGNOSTIC,    27, -3.469528991078e-01, 1.099851279336e-06, 1.4668e+02, 3.2186e+00, 
 2DIAGNOSTIC,    28, -3.469513318612e-01, 1.042593731869e-06, 1.5038e+02, 3.7021e+00, 
 2DIAGNOSTIC,    29, -3.469525926689e-01, 1.038676785733e-06, 1.5409e+02, 3.7147e+00, 
 2DIAGNOSTIC,    30, -3.469524105875e-01, 1.024353002997e-06, 1.5781e+02, 3.7197e+00, 
 2DIAGNOSTIC,    31, -3.469525472627e-01, 1.011992871093e-06, 1.6148e+02, 3.6643e+00, 
  Elapsed time (stage 0): 1.6598e+02


Stage 1
  iterations = 1000x500x250x100
  convergence threshold = 1.0000e-06
  convergence window size = 10
  number of levels = 4
  using the Mattes MI metric (number of bins = 32, weight = 1.0000e+00)
  preprocessing:  winsorizing the image intensities
  Shrink factors (level 1 out of 4): [12, 12, 12]
  Shrink factors (level 2 out of 4): [8, 8, 8]
  Shrink factors (level 3 out of 4): [4, 4, 4]
  Shrink factors (level 4 out of 4): [2, 2, 2]
  smoothing sigmas per level: [4, 3, 2, 1]
  regular sampling (percentage = 2.5000e-01)

*** Running AffineTransform registration ***

DIAGNOSTIC,Iteration,metricValue,convergenceValue,ITERATION_TIME_INDEX,SINCE_LAST
 2DIAGNOSTIC,     1, -5.234413907469e-01, 1.797693134862e+308, 8.0827e+00, 8.0827e+00, 
 2DIAGNOSTIC,     2, -5.253963608194e-01, 1.797693134862e+308, 8.1011e+00, 1.8384e-02, 
 2DIAGNOSTIC,     3, -5.289696688061e-01, 1.797693134862e+308, 8.1189e+00, 1.7789e-02, 
 2DIAGNOSTIC,     4, -5.361053339785e-01, 1.797693134862e+308, 8.1367e+00, 1.7849e-02, 
 2DIAGNOSTIC,     5, -5.461761831494e-01, 1.797693134862e+308, 8.1555e+00, 1.8806e-02, 
 2DIAGNOSTIC,     6, -5.617400506331e-01, 1.797693134862e+308, 8.1742e+00, 1.8685e-02, 
 2DIAGNOSTIC,     7, -6.076958555810e-01, 1.797693134862e+308, 8.2041e+00, 2.9826e-02, 
 2DIAGNOSTIC,     8, -6.210076186724e-01, 1.797693134862e+308, 8.2211e+00, 1.7061e-02, 
 2DIAGNOSTIC,     9, -6.244361149072e-01, 1.797693134862e+308, 8.2382e+00, 1.7041e-02, 
 2DIAGNOSTIC,    10, -6.291615817058e-01, 1.459480808825e-02, 8.2556e+00, 1.7417e-02, 
 2DIAGNOSTIC,    11, -6.313531473410e-01, 1.337266023121e-02, 8.2728e+00, 1.7237e-02, 
 2DIAGNOSTIC,    12, -6.335244878730e-01, 1.131961597867e-02, 8.2900e+00, 1.7185e-02, 
 2DIAGNOSTIC,    13, -6.348710312944e-01, 8.768983354577e-03, 8.3157e+00, 2.5741e-02, 
 2DIAGNOSTIC,    14, -6.361090238600e-01, 6.126825952805e-03, 8.3438e+00, 2.8025e-02, 
 2DIAGNOSTIC,    15, -6.361716833310e-01, 3.639385260854e-03, 8.3637e+00, 1.9944e-02, 
 2DIAGNOSTIC,    16, -6.357714652341e-01, 1.572068484015e-03, 8.3813e+00, 1.7599e-02, 
 2DIAGNOSTIC,    17, -6.357663424416e-01, 8.989411296865e-04, 8.3990e+00, 1.7698e-02, 
 2DIAGNOSTIC,    18, -6.358779045329e-01, 5.752235043343e-04, 8.4198e+00, 2.0762e-02, 
 2DIAGNOSTIC,    19, -6.358317959670e-01, 3.160526374910e-04, 8.4373e+00, 1.7578e-02, 
 2DIAGNOSTIC,    20, -6.357871076616e-01, 1.650687760238e-04, 8.4574e+00, 2.0060e-02, 
 2DIAGNOSTIC,    21, -6.359650581856e-01, 6.671915264746e-05, 8.4746e+00, 1.7177e-02, 
 2DIAGNOSTIC,    22, -6.361018459693e-01, 2.031734441205e-05, 8.4946e+00, 2.0037e-02, 
 2DIAGNOSTIC,    23, -6.361144321982e-01, 3.126475813166e-06, 8.5152e+00, 2.0562e-02, 
 2DIAGNOSTIC,    24, -6.361345774753e-01, 1.173026253415e-05, 8.5353e+00, 2.0103e-02, 
 2DIAGNOSTIC,    25, -6.361573005719e-01, 2.052406998734e-05, 8.5549e+00, 1.9603e-02, 
 2DIAGNOSTIC,    26, -6.361829928357e-01, 2.005369311276e-05, 8.5798e+00, 2.4899e-02, 
 2DIAGNOSTIC,    27, -6.361860488480e-01, 1.768637965184e-05, 8.5974e+00, 1.7658e-02, 
 2DIAGNOSTIC,    28, -6.360323455619e-01, 1.330366631237e-05, 8.6175e+00, 2.0055e-02, 
 2DIAGNOSTIC,    29, -6.360479126059e-01, 7.763299675868e-06, 8.6404e+00, 2.2858e-02, 
DIAGNOSTIC,Iteration,metricValue,convergenceValue,ITERATION_TIME_INDEX,SINCE_LAST
 2DIAGNOSTIC,     1, -5.971179161055e-01, 1.797693134862e+308, 1.8266e+01, 9.6259e+00, 
 2DIAGNOSTIC,     2, -5.981443395428e-01, 1.797693134862e+308, 1.8322e+01, 5.5900e-02, 
 2DIAGNOSTIC,     3, -5.996185203828e-01, 1.797693134862e+308, 1.8380e+01, 5.8207e-02, 
 2DIAGNOSTIC,     4, -6.013199119558e-01, 1.797693134862e+308, 1.8438e+01, 5.7796e-02, 
 2DIAGNOSTIC,     5, -6.037171823269e-01, 1.797693134862e+308, 1.8494e+01, 5.5391e-02, 
 2DIAGNOSTIC,     6, -6.055629008924e-01, 1.797693134862e+308, 1.8559e+01, 6.5892e-02, 
 2DIAGNOSTIC,     7, -6.067361137198e-01, 1.797693134862e+308, 1.8633e+01, 7.3987e-02, 
 2DIAGNOSTIC,     8, -6.073056501465e-01, 1.797693134862e+308, 1.8697e+01, 6.3945e-02, 
 2DIAGNOSTIC,     9, -6.079450942489e-01, 1.797693134862e+308, 1.8754e+01, 5.7001e-02, 
 2DIAGNOSTIC,    10, -6.082606759954e-01, 1.318606188631e-03, 1.8820e+01, 6.5616e-02, 
 2DIAGNOSTIC,    11, -6.085905372091e-01, 1.051604201075e-03, 1.8876e+01, 5.5571e-02, 
 2DIAGNOSTIC,    12, -6.087807128264e-01, 7.828277826223e-04, 1.8934e+01, 5.8407e-02, 
 2DIAGNOSTIC,    13, -6.090687060659e-01, 5.488654575758e-04, 1.9000e+01, 6.5782e-02, 
 2DIAGNOSTIC,    14, -6.095723158511e-01, 3.714868987543e-04, 1.9066e+01, 6.6291e-02, 
 2DIAGNOSTIC,    15, -6.101517772136e-01, 2.759245901178e-04, 1.9189e+01, 1.2284e-01, 
 2DIAGNOSTIC,    16, -6.101235349193e-01, 2.197272143009e-04, 1.9252e+01, 6.3368e-02, 
 2DIAGNOSTIC,    17, -6.101316153026e-01, 1.829320841938e-04, 1.9307e+01, 5.4526e-02, 
 2DIAGNOSTIC,    18, -6.101278353779e-01, 1.480657712681e-04, 1.9370e+01, 6.3276e-02, 
 2DIAGNOSTIC,    19, -6.101475485342e-01, 1.192539792763e-04, 1.9438e+01, 6.7607e-02, 
 2DIAGNOSTIC,    20, -6.101478345640e-01, 8.947782671784e-05, 1.9492e+01, 5.4165e-02, 
 2DIAGNOSTIC,    21, -6.101296381330e-01, 6.142442083421e-05, 1.9555e+01, 6.2750e-02, 
 2DIAGNOSTIC,    22, -6.101364529287e-01, 3.470828653907e-05, 1.9611e+01, 5.6149e-02, 
 2DIAGNOSTIC,    23, -6.101179257872e-01, 1.253086919908e-05, 1.9685e+01, 7.3832e-02, 
DIAGNOSTIC,Iteration,metricValue,convergenceValue,ITERATION_TIME_INDEX,SINCE_LAST
 2DIAGNOSTIC,     1, -5.285147224328e-01, 1.797693134862e+308, 2.8249e+01, 8.5643e+00, 
 2DIAGNOSTIC,     2, -5.289505017021e-01, 1.797693134862e+308, 2.8745e+01, 4.9606e-01, 
 2DIAGNOSTIC,     3, -5.295897091747e-01, 1.797693134862e+308, 2.9243e+01, 4.9792e-01, 
 2DIAGNOSTIC,     4, -5.303426960596e-01, 1.797693134862e+308, 2.9744e+01, 5.0120e-01, 
 2DIAGNOSTIC,     5, -5.311864387673e-01, 1.797693134862e+308, 3.0242e+01, 4.9759e-01, 
 2DIAGNOSTIC,     6, -5.321201404636e-01, 1.797693134862e+308, 3.0735e+01, 4.9299e-01, 
 2DIAGNOSTIC,     7, -5.323810235726e-01, 1.797693134862e+308, 3.1310e+01, 5.7512e-01, 
 2DIAGNOSTIC,     8, -5.324811389269e-01, 1.797693134862e+308, 3.1972e+01, 6.6191e-01, 
 2DIAGNOSTIC,     9, -5.324548764708e-01, 1.797693134862e+308, 3.2700e+01, 7.2786e-01, 
 2DIAGNOSTIC,    10, -5.324814027362e-01, 5.471508245865e-04, 3.3356e+01, 6.5698e-01, 
 2DIAGNOSTIC,    11, -5.324951748130e-01, 4.018192837240e-04, 3.3940e+01, 5.8331e-01, 
 2DIAGNOSTIC,    12, -5.324770176811e-01, 2.634300789741e-04, 3.4589e+01, 6.4886e-01, 
 2DIAGNOSTIC,    13, -5.324732214615e-01, 1.490733843917e-04, 3.5166e+01, 5.7775e-01, 
 2DIAGNOSTIC,    14, -5.324727184965e-01, 6.618396515190e-05, 3.5743e+01, 5.7613e-01, 
 2DIAGNOSTIC,    15, -5.324707589258e-01, 1.772945280430e-05, 3.6243e+01, 5.0051e-01, 
 2DIAGNOSTIC,    16, -5.324537448947e-01, 4.309359821597e-06, 3.6819e+01, 5.7581e-01, 
DIAGNOSTIC,Iteration,metricValue,convergenceValue,ITERATION_TIME_INDEX,SINCE_LAST
 2DIAGNOSTIC,     1, -4.516293765573e-01, 1.797693134862e+308, 4.9834e+01, 1.3015e+01, 
 2DIAGNOSTIC,     2, -4.517970007804e-01, 1.797693134862e+308, 5.3126e+01, 3.2917e+00, 
 2DIAGNOSTIC,     3, -4.519116340150e-01, 1.797693134862e+308, 5.6372e+01, 3.2466e+00, 
 2DIAGNOSTIC,     4, -4.521378164616e-01, 1.797693134862e+308, 5.9619e+01, 3.2465e+00, 
 2DIAGNOSTIC,     5, -4.525311143906e-01, 1.797693134862e+308, 6.3860e+01, 4.2415e+00, 
 2DIAGNOSTIC,     6, -4.529488723646e-01, 1.797693134862e+308, 6.7127e+01, 3.2672e+00, 
 2DIAGNOSTIC,     7, -4.531291882645e-01, 1.797693134862e+308, 7.0884e+01, 3.7563e+00, 
 2DIAGNOSTIC,     8, -4.532870462127e-01, 1.797693134862e+308, 7.6628e+01, 5.7447e+00, 
 2DIAGNOSTIC,     9, -4.533102363747e-01, 1.797693134862e+308, 8.0381e+01, 3.7528e+00, 
 2DIAGNOSTIC,    10, -4.533345226683e-01, 2.873073229258e-04, 8.4125e+01, 3.7439e+00, 
 2DIAGNOSTIC,    11, -4.533436894624e-01, 2.309527792385e-04, 8.7383e+01, 3.2581e+00, 
 2DIAGNOSTIC,    12, -4.533459743195e-01, 1.725014803645e-04, 9.1131e+01, 3.7480e+00, 
 2DIAGNOSTIC,    13, -4.533542552646e-01, 1.137553751716e-04, 9.4920e+01, 3.7891e+00, 
 2DIAGNOSTIC,    14, -4.533579152542e-01, 6.340816564188e-05, 9.8702e+01, 3.7814e+00, 
 2DIAGNOSTIC,    15, -4.533621629051e-01, 3.051058669024e-05, 1.0201e+02, 3.3094e+00, 
 2DIAGNOSTIC,    16, -4.533700998654e-01, 1.570218265100e-05, 1.0527e+02, 3.2611e+00, 
 2DIAGNOSTIC,    17, -4.533892946392e-01, 8.589565076343e-06, 1.0854e+02, 3.2635e+00, 
 2DIAGNOSTIC,    18, -4.534156841046e-01, 8.043564796133e-06, 1.1182e+02, 3.2805e+00, 
 2DIAGNOSTIC,    19, -4.534894927739e-01, 1.014197472805e-05, 1.1712e+02, 5.3005e+00, 
 2DIAGNOSTIC,    20, -4.534737434301e-01, 1.145831230771e-05, 1.2428e+02, 7.1676e+00, 
 2DIAGNOSTIC,    21, -4.534744199724e-01, 1.207319327777e-05, 1.2851e+02, 4.2261e+00, 
 2DIAGNOSTIC,    22, -4.534740971333e-01, 1.171431268852e-05, 1.3225e+02, 3.7347e+00, 
 2DIAGNOSTIC,    23, -4.534740248102e-01, 1.062383248734e-05, 1.3600e+02, 3.7501e+00, 
 2DIAGNOSTIC,    24, -4.534736333666e-01, 8.817826663038e-06, 1.3924e+02, 3.2476e+00, 
 2DIAGNOSTIC,    25, -4.534732357153e-01, 6.560258274703e-06, 1.4297e+02, 3.7221e+00, 
 2DIAGNOSTIC,    26, -4.534732932300e-01, 4.196887886512e-06, 1.4621e+02, 3.2405e+00, 
 2DIAGNOSTIC,    27, -4.534736074181e-01, 2.178854605780e-06, 1.5043e+02, 4.2224e+00, 
  Elapsed time (stage 1): 1.5469e+02


Stage 2
  iterations = 100x100x70x50x20
  convergence threshold = 1.0000e-06
  convergence window size = 10
  number of levels = 5
  using the CC metric (radius = 4, weight = 1.0000e+00)
  preprocessing:  winsorizing the image intensities
  Shrink factors (level 1 out of 5): [10, 10, 10]
  Shrink factors (level 2 out of 5): [6, 6, 6]
  Shrink factors (level 3 out of 5): [4, 4, 4]
  Shrink factors (level 4 out of 5): [2, 2, 2]
  Shrink factors (level 5 out of 5): [1, 1, 1]
  smoothing sigmas per level: [5, 3, 2, 1, 0]
  Using default NONE metricSamplingStrategy 

*** Running SyN registration (varianceForUpdateField = 3.0000e+00, varianceForTotalField = 0.0000e+00) ***

XXDIAGNOSTIC,Iteration,metricValue,convergenceValue,ITERATION_TIME_INDEX,SINCE_LAST
 1DIAGNOSTIC,     1, -5.088752149535e-01, 1.797693134862e+308, 1.0575e+01, 1.0575e+01, 
 1DIAGNOSTIC,     2, -5.212080485542e-01, 1.797693134862e+308, 1.2041e+01, 1.4659e+00, 
 1DIAGNOSTIC,     3, -5.317083295442e-01, 1.797693134862e+308, 1.3495e+01, 1.4538e+00, 
 1DIAGNOSTIC,     4, -5.403627897476e-01, 1.797693134862e+308, 1.4937e+01, 1.4420e+00, 
 1DIAGNOSTIC,     5, -5.481012961923e-01, 1.797693134862e+308, 1.6404e+01, 1.4673e+00, 
 1DIAGNOSTIC,     6, -5.537753886236e-01, 1.797693134862e+308, 1.7893e+01, 1.4885e+00, 
 1DIAGNOSTIC,     7, -5.595837973674e-01, 1.797693134862e+308, 1.9362e+01, 1.4693e+00, 
 1DIAGNOSTIC,     8, -5.644529411368e-01, 1.797693134862e+308, 2.0795e+01, 1.4324e+00, 
 1DIAGNOSTIC,     9, -5.679488851618e-01, 1.797693134862e+308, 2.2252e+01, 1.4570e+00, 
 1DIAGNOSTIC,    10, -5.707049744051e-01, 7.051039293156e-03, 2.3694e+01, 1.4427e+00, 
 1DIAGNOSTIC,    11, -5.731618129646e-01, 5.366474368759e-03, 2.5133e+01, 1.4392e+00, 
 1DIAGNOSTIC,    12, -5.748686161553e-01, 4.088991765242e-03, 2.6578e+01, 1.4450e+00, 
 1DIAGNOSTIC,    13, -5.768085588631e-01, 3.132904707001e-03, 2.8030e+01, 1.4516e+00, 
 1DIAGNOSTIC,    14, -5.785558066236e-01, 2.410174566233e-03, 2.9473e+01, 1.4428e+00, 
 1DIAGNOSTIC,    15, -5.794091842581e-01, 1.857957504896e-03, 3.0922e+01, 1.4494e+00, 
 1DIAGNOSTIC,    16, -5.808186108567e-01, 1.430336547220e-03, 3.2355e+01, 1.4324e+00, 
 1DIAGNOSTIC,    17, -5.819182520025e-01, 1.127089564171e-03, 3.3804e+01, 1.4491e+00, 
 1DIAGNOSTIC,    18, -5.828205319104e-01, 9.154488011882e-04, 3.5237e+01, 1.4328e+00, 
 1DIAGNOSTIC,    19, -5.837973819701e-01, 7.600428141637e-04, 3.6683e+01, 1.4466e+00, 
 1DIAGNOSTIC,    20, -5.841714664417e-01, 6.282845526906e-04, 3.8162e+01, 1.4791e+00, 
 1DIAGNOSTIC,    21, -5.855505283979e-01, 5.429072426123e-04, 3.9623e+01, 1.4607e+00, 
 1DIAGNOSTIC,    22, -5.856070571508e-01, 4.538871334809e-04, 4.1075e+01, 1.4518e+00, 
 1DIAGNOSTIC,    23, -5.866272677724e-01, 3.947902259280e-04, 4.2544e+01, 1.4693e+00, 
 1DIAGNOSTIC,    24, -5.869675730470e-01, 3.472117310502e-04, 4.3985e+01, 1.4413e+00, 
 1DIAGNOSTIC,    25, -5.873966347754e-01, 2.963228138556e-04, 4.5430e+01, 1.4448e+00, 
 1DIAGNOSTIC,    26, -5.878481495228e-01, 2.571322427639e-04, 4.6866e+01, 1.4358e+00, 
 1DIAGNOSTIC,    27, -5.884797460457e-01, 2.284965195863e-04, 4.8299e+01, 1.4330e+00, 
 1DIAGNOSTIC,    28, -5.884725492867e-01, 1.960489563512e-04, 4.9745e+01, 1.4455e+00, 
 1DIAGNOSTIC,    29, -5.893432631810e-01, 1.794313158220e-04, 5.1196e+01, 1.4518e+00, 
 1DIAGNOSTIC,    30, -5.895490874749e-01, 1.559487173938e-04, 5.2673e+01, 1.4762e+00, 
 1DIAGNOSTIC,    31, -5.898351463042e-01, 1.462219633617e-04, 5.4133e+01, 1.4605e+00, 
 1DIAGNOSTIC,    32, -5.899094833975e-01, 1.250681461237e-04, 5.5598e+01, 1.4648e+00, 
 1DIAGNOSTIC,    33, -5.907226667945e-01, 1.210598321901e-04, 5.7053e+01, 1.4551e+00, 
 1DIAGNOSTIC,    34, -5.904118902133e-01, 1.059053275297e-04, 5.8518e+01, 1.4647e+00, 
 1DIAGNOSTIC,    35, -5.909358253984e-01, 9.525086173391e-05, 5.9970e+01, 1.4527e+00, 
 1DIAGNOSTIC,    36, -5.913835805161e-01, 8.838814576197e-05, 6.1432e+01, 1.4614e+00, 
 1DIAGNOSTIC,    37, -5.910982317154e-01, 7.817647451268e-05, 6.2888e+01, 1.4562e+00, 
 1DIAGNOSTIC,    38, -5.917402349225e-01, 6.929909721615e-05, 6.4330e+01, 1.4425e+00, 
 1DIAGNOSTIC,    39, -5.913416506257e-01, 6.015158840133e-05, 6.5780e+01, 1.4494e+00, 
 1DIAGNOSTIC,    40, -5.920291281572e-01, 5.697082877070e-05, 6.7216e+01, 1.4360e+00, 
 1DIAGNOSTIC,    41, -5.918943520031e-01, 5.017482711615e-05, 6.8655e+01, 1.4389e+00, 
 1DIAGNOSTIC,    42, -5.920632351565e-01, 4.170827457441e-05, 7.0097e+01, 1.4420e+00, 
 1DIAGNOSTIC,    43, -5.921744412377e-01, 4.053828275793e-05, 7.1548e+01, 1.4513e+00, 
 1DIAGNOSTIC,    44, -5.926574467183e-01, 3.736945860392e-05, 7.3001e+01, 1.4525e+00, 
 1DIAGNOSTIC,    45, -5.925227267872e-01, 3.482265392975e-05, 7.4463e+01, 1.4625e+00, 
 1DIAGNOSTIC,    46, -5.924621018676e-01, 3.347759907699e-05, 7.5914e+01, 1.4508e+00, 
 1DIAGNOSTIC,    47, -5.925787892064e-01, 2.722192388658e-05, 7.7367e+01, 1.4531e+00, 
 1DIAGNOSTIC,    48, -5.933269578608e-01, 3.298194777404e-05, 7.8842e+01, 1.4749e+00, 
 1DIAGNOSTIC,    49, -5.927245011557e-01, 2.490692434893e-05, 8.0307e+01, 1.4657e+00, 
 1DIAGNOSTIC,    50, -5.931038315837e-01, 2.566214926984e-05, 8.1753e+01, 1.4459e+00, 
 1DIAGNOSTIC,    51, -5.927504389258e-01, 1.929328935117e-05, 8.3191e+01, 1.4372e+00, 
 1DIAGNOSTIC,    52, -5.934276987225e-01, 1.936580298166e-05, 8.4635e+01, 1.4447e+00, 
 1DIAGNOSTIC,    53, -5.932014354688e-01, 1.616167869595e-05, 8.6089e+01, 1.4539e+00, 
 1DIAGNOSTIC,    54, -5.932509575628e-01, 1.659471911546e-05, 8.7557e+01, 1.4679e+00, 
 1DIAGNOSTIC,    55, -5.931873179044e-01, 1.388442102644e-05, 8.9025e+01, 1.4678e+00, 
 1DIAGNOSTIC,    56, -5.937283287012e-01, 1.416254560766e-05, 9.0485e+01, 1.4595e+00, 
 1DIAGNOSTIC,    57, -5.931307373688e-01, 8.595474029271e-06, 9.1967e+01, 1.4826e+00, 
 1DIAGNOSTIC,    58, -5.937332018226e-01, 1.417148802318e-05, 9.3435e+01, 1.4674e+00, 
 1DIAGNOSTIC,    59, -5.932516079109e-01, 9.106575775655e-06, 9.4885e+01, 1.4502e+00, 
 1DIAGNOSTIC,    60, -5.937644919886e-01, 1.085665820860e-05, 9.6320e+01, 1.4353e+00, 
 1DIAGNOSTIC,    61, -5.934168278511e-01, 5.634544147828e-06, 9.7774e+01, 1.4542e+00, 
 1DIAGNOSTIC,    62, -5.939337982845e-01, 9.654666103368e-06, 9.9225e+01, 1.4504e+00, 
 1DIAGNOSTIC,    63, -5.935201916364e-01, 7.631290302342e-06, 1.0067e+02, 1.4442e+00, 
 1DIAGNOSTIC,    64, -5.939512684830e-01, 8.764513177606e-06, 1.0212e+02, 1.4530e+00, 
 1DIAGNOSTIC,    65, -5.937586471209e-01, 6.939407307952e-06, 1.0357e+02, 1.4492e+00, 
 1DIAGNOSTIC,    66, -5.938820761849e-01, 9.625306662028e-06, 1.0501e+02, 1.4426e+00, 
 1DIAGNOSTIC,    67, -5.937524981200e-01, 5.918008475304e-06, 1.0646e+02, 1.4460e+00, 
 1DIAGNOSTIC,    68, -5.941964156143e-01, 9.438742303369e-06, 1.0792e+02, 1.4568e+00, 
 1DIAGNOSTIC,    69, -5.938437792438e-01, 5.906047385793e-06, 1.0938e+02, 1.4624e+00, 
 1DIAGNOSTIC,    70, -5.941754243842e-01, 7.994839020710e-06, 1.1083e+02, 1.4521e+00, 
 1DIAGNOSTIC,    71, -5.937435591514e-01, 3.813203935336e-06, 1.1227e+02, 1.4388e+00, 
 1DIAGNOSTIC,    72, -5.944955336487e-01, 8.171742322252e-06, 1.1374e+02, 1.4667e+00, 
 1DIAGNOSTIC,    73, -5.936622170661e-01, 3.086464169961e-06, 1.1519e+02, 1.4543e+00, 
 1DIAGNOSTIC,    74, -5.944313751816e-01, 6.000053511774e-06, 1.1666e+02, 1.4714e+00, 
 1DIAGNOSTIC,    75, -5.935882950166e-01, 1.448628186346e-06, 1.1813e+02, 1.4675e+00, 
 1DIAGNOSTIC,    76, -5.945498909533e-01, 4.032667086472e-06, 1.1959e+02, 1.4608e+00, 
 1DIAGNOSTIC,    77, -5.938876375964e-01, 9.182436107018e-07, 1.2106e+02, 1.4715e+00, 
XXDIAGNOSTIC,Iteration,metricValue,convergenceValue,ITERATION_TIME_INDEX,SINCE_LAST
 1DIAGNOSTIC,     1, -4.902976827100e-01, 1.797693134862e+308, 1.3639e+02, 1.5324e+01, 
 1DIAGNOSTIC,     2, -4.947571814886e-01, 1.797693134862e+308, 1.4376e+02, 7.3781e+00, 
 1DIAGNOSTIC,     3, -4.981686845279e-01, 1.797693134862e+308, 1.5105e+02, 7.2861e+00, 
 1DIAGNOSTIC,     4, -5.015769132292e-01, 1.797693134862e+308, 1.5840e+02, 7.3493e+00, 
 1DIAGNOSTIC,     5, -5.048846097393e-01, 1.797693134862e+308, 1.6567e+02, 7.2742e+00, 
 1DIAGNOSTIC,     6, -5.070030540557e-01, 1.797693134862e+308, 1.7300e+02, 7.3238e+00, 
 1DIAGNOSTIC,     7, -5.100967885764e-01, 1.797693134862e+308, 1.8025e+02, 7.2552e+00, 
 1DIAGNOSTIC,     8, -5.117314917024e-01, 1.797693134862e+308, 1.8754e+02, 7.2909e+00, 
 1DIAGNOSTIC,     9, -5.142890194770e-01, 1.797693134862e+308, 1.9479e+02, 7.2429e+00, 
 1DIAGNOSTIC,    10, -5.154261460816e-01, 3.158261550703e-03, 2.0206e+02, 7.2753e+00, 
 1DIAGNOSTIC,    11, -5.175942543233e-01, 2.583974654860e-03, 2.0940e+02, 7.3403e+00, 
 1DIAGNOSTIC,    12, -5.187367508667e-01, 2.134206555276e-03, 2.1668e+02, 7.2784e+00, 
 1DIAGNOSTIC,    13, -5.204656789334e-01, 1.781176763137e-03, 2.2397e+02, 7.2894e+00, 
 1DIAGNOSTIC,    14, -5.215207224773e-01, 1.493344454404e-03, 2.3129e+02, 7.3205e+00, 
 1DIAGNOSTIC,    15, -5.230474626117e-01, 1.287350717164e-03, 2.3869e+02, 7.4045e+00, 
 1DIAGNOSTIC,    16, -5.234097958197e-01, 1.073666272778e-03, 2.4601e+02, 7.3105e+00, 
 1DIAGNOSTIC,    17, -5.243774907369e-01, 9.196169852624e-04, 2.5331e+02, 7.3082e+00, 
 1DIAGNOSTIC,    18, -5.252596866768e-01, 7.740674831958e-04, 2.6061e+02, 7.2927e+00, 
 1DIAGNOSTIC,    19, -5.259258569705e-01, 6.659344179809e-04, 2.6803e+02, 7.4200e+00, 
 1DIAGNOSTIC,    20, -5.265725493534e-01, 5.553186679340e-04, 2.7545e+02, 7.4206e+00, 
 1DIAGNOSTIC,    21, -5.273339338399e-01, 4.808476829808e-04, 2.8281e+02, 7.3622e+00, 
 1DIAGNOSTIC,    22, -5.275692347195e-01, 4.022568508173e-04, 2.9014e+02, 7.3297e+00, 
 1DIAGNOSTIC,    23, -5.282556504347e-01, 3.507376486184e-04, 2.9766e+02, 7.5216e+00, 
 1DIAGNOSTIC,    24, -5.287934209692e-01, 3.064016420735e-04, 3.0509e+02, 7.4326e+00, 
 1DIAGNOSTIC,    25, -5.290397071618e-01, 2.760033778259e-04, 3.1251e+02, 7.4155e+00, 
 1DIAGNOSTIC,    26, -5.294591392072e-01, 2.384529567430e-04, 3.1984e+02, 7.3310e+00, 
 1DIAGNOSTIC,    27, -5.297214259470e-01, 2.061013907758e-04, 3.2722e+02, 7.3803e+00, 
 1DIAGNOSTIC,    28, -5.300414680542e-01, 1.801235968439e-04, 3.3450e+02, 7.2770e+00, 
 1DIAGNOSTIC,    29, -5.302263131815e-01, 1.548474431538e-04, 3.4183e+02, 7.3310e+00, 
 1DIAGNOSTIC,    30, -5.303545825322e-01, 1.306851050632e-04, 3.4915e+02, 7.3210e+00, 
 1DIAGNOSTIC,    31, -5.309396353387e-01, 1.197146041121e-04, 3.5661e+02, 7.4562e+00, 
 1DIAGNOSTIC,    32, -5.304545096122e-01, 9.345268881299e-05, 3.6404e+02, 7.4389e+00, 
 1DIAGNOSTIC,    33, -5.310941643895e-01, 8.218543458545e-05, 3.7146e+02, 7.4144e+00, 
 1DIAGNOSTIC,    34, -5.305130408825e-01, 6.292116874441e-05, 3.7880e+02, 7.3462e+00, 
 1DIAGNOSTIC,    35, -5.312547227652e-01, 5.442304992606e-05, 3.8618e+02, 7.3706e+00, 
 1DIAGNOSTIC,    36, -5.306585647173e-01, 3.823649856619e-05, 3.9351e+02, 7.3321e+00, 
 1DIAGNOSTIC,    37, -5.314879607547e-01, 3.570315309020e-05, 4.0086e+02, 7.3487e+00, 
 1DIAGNOSTIC,    38, -5.308732855900e-01, 2.548150596599e-05, 4.0819e+02, 7.3358e+00, 
 1DIAGNOSTIC,    39, -5.316556666187e-01, 2.720813754720e-05, 4.1561e+02, 7.4148e+00, 
 1DIAGNOSTIC,    40, -5.314969328794e-01, 2.542065853518e-05, 4.2301e+02, 7.4042e+00, 
 1DIAGNOSTIC,    41, -5.320748180612e-01, 3.708077084651e-05, 4.3034e+02, 7.3329e+00, 
 1DIAGNOSTIC,    42, -5.316936783343e-01, 3.312362113113e-05, 4.3766e+02, 7.3124e+00, 
 1DIAGNOSTIC,    43, -5.323785855441e-01, 4.346303539386e-05, 4.4505e+02, 7.3913e+00, 
 1DIAGNOSTIC,    44, -5.315779095677e-01, 3.167934089477e-05, 4.5252e+02, 7.4707e+00, 
 1DIAGNOSTIC,    45, -5.327751056404e-01, 4.135792507193e-05, 4.5985e+02, 7.3350e+00, 
 1DIAGNOSTIC,    46, -5.318652796011e-01, 2.824499229846e-05, 4.6719e+02, 7.3388e+00, 
 1DIAGNOSTIC,    47, -5.329553738694e-01, 3.585550422913e-05, 4.7454e+02, 7.3452e+00, 
 1DIAGNOSTIC,    48, -5.323183421098e-01, 2.511876610826e-05, 4.8184e+02, 7.3045e+00, 
 1DIAGNOSTIC,    49, -5.331569622186e-01, 3.074695551648e-05, 4.8914e+02, 7.2970e+00, 
 1DIAGNOSTIC,    50, -5.324244758576e-01, 2.318818658199e-05, 4.9645e+02, 7.3143e+00, 
 1DIAGNOSTIC,    51, -5.335397761993e-01, 3.212580853068e-05, 5.0376e+02, 7.3062e+00, 
 1DIAGNOSTIC,    52, -5.327668413465e-01, 2.515060334890e-05, 5.1121e+02, 7.4507e+00, 
 1DIAGNOSTIC,    53, -5.335791939211e-01, 3.190348875332e-05, 5.1858e+02, 7.3665e+00, 
 1DIAGNOSTIC,    54, -5.327063693483e-01, 1.810233804530e-05, 5.2595e+02, 7.3720e+00, 
 1DIAGNOSTIC,    55, -5.337574715238e-01, 2.581722200913e-05, 5.3334e+02, 7.3945e+00, 
 1DIAGNOSTIC,    56, -5.329263536051e-01, 1.336426133436e-05, 5.4077e+02, 7.4295e+00, 
 1DIAGNOSTIC,    57, -5.338837970955e-01, 1.998883730090e-05, 5.4817e+02, 7.3934e+00, 
 1DIAGNOSTIC,    58, -5.330705209769e-01, 1.059003144608e-05, 5.5551e+02, 7.3442e+00, 
 1DIAGNOSTIC,    59, -5.341923129399e-01, 1.898838792135e-05, 5.6283e+02, 7.3163e+00, 
 1DIAGNOSTIC,    60, -5.334388457763e-01, 1.134540896843e-05, 5.7020e+02, 7.3736e+00, 
 1DIAGNOSTIC,    61, -5.343021509991e-01, 2.086034515125e-05, 5.7756e+02, 7.3620e+00, 
 1DIAGNOSTIC,    62, -5.334373746137e-01, 1.346405224672e-05, 5.8486e+02, 7.3003e+00, 
 1DIAGNOSTIC,    63, -5.346577181650e-01, 2.294789928719e-05, 5.9218e+02, 7.3216e+00, 
 1DIAGNOSTIC,    64, -5.337744599946e-01, 1.456778617883e-05, 5.9948e+02, 7.2942e+00, 
 1DIAGNOSTIC,    65, -5.347656319834e-01, 2.250636619097e-05, 6.0673e+02, 7.2547e+00, 
 1DIAGNOSTIC,    66, -5.340795111130e-01, 1.528776856234e-05, 6.1409e+02, 7.3597e+00, 
 1DIAGNOSTIC,    67, -5.349463008321e-01, 2.195067171840e-05, 6.2142e+02, 7.3229e+00, 
 1DIAGNOSTIC,    68, -5.342192915376e-01, 1.366029411706e-05, 6.2880e+02, 7.3863e+00, 
 1DIAGNOSTIC,    69, -5.353569661125e-01, 2.236013593876e-05, 6.3610e+02, 7.3015e+00, 
 1DIAGNOSTIC,    70, -5.342865041689e-01, 1.423099127214e-05, 6.4337e+02, 7.2652e+00, 
 1DIAGNOSTIC,    71, -5.353621851825e-01, 2.020780456595e-05, 6.5067e+02, 7.3035e+00, 
 1DIAGNOSTIC,    72, -5.345433573327e-01, 1.102377818317e-05, 6.5807e+02, 7.3938e+00, 
 1DIAGNOSTIC,    73, -5.356485911075e-01, 1.861699753945e-05, 6.6533e+02, 7.2643e+00, 
 1DIAGNOSTIC,    74, -5.349499303298e-01, 1.229699257061e-05, 6.7263e+02, 7.2966e+00, 
 1DIAGNOSTIC,    75, -5.357352353527e-01, 1.811239224686e-05, 6.7991e+02, 7.2814e+00, 
 1DIAGNOSTIC,    76, -5.348419881040e-01, 1.059341449877e-05, 6.8723e+02, 7.3245e+00, 
 1DIAGNOSTIC,    77, -5.360669025673e-01, 1.724815900804e-05, 6.9459e+02, 7.3617e+00, 
 1DIAGNOSTIC,    78, -5.349263508722e-01, 8.699776618194e-06, 7.0188e+02, 7.2867e+00, 
 1DIAGNOSTIC,    79, -5.360003193460e-01, 1.510777948072e-05, 7.0916e+02, 7.2779e+00, 
 1DIAGNOSTIC,    80, -5.351122927459e-01, 6.387324579178e-06, 7.1651e+02, 7.3499e+00, 
 1DIAGNOSTIC,    81, -5.362057096402e-01, 1.207171303546e-05, 7.2383e+02, 7.3209e+00, 
 1DIAGNOSTIC,    82, -5.353886897854e-01, 5.326269202958e-06, 7.3111e+02, 7.2755e+00, 
 1DIAGNOSTIC,    83, -5.362918198822e-01, 1.159772917335e-05, 7.3840e+02, 7.2949e+00, 
 1DIAGNOSTIC,    84, -5.352897080894e-01, 5.475091894894e-06, 7.4566e+02, 7.2615e+00, 
 1DIAGNOSTIC,    85, -5.364659322128e-01, 1.176638713398e-05, 7.5302e+02, 7.3593e+00, 
 1DIAGNOSTIC,    86, -5.353566110315e-01, 3.820273507680e-06, 7.6032e+02, 7.2999e+00, 
 1DIAGNOSTIC,    87, -5.364240909511e-01, 1.030913819971e-05, 7.6763e+02, 7.3052e+00, 
 1DIAGNOSTIC,    88, -5.352641614761e-01, 1.285791759844e-06, 7.7492e+02, 7.2971e+00, 
 1DIAGNOSTIC,    89, -5.366625473577e-01, 7.688562063646e-06, 7.8229e+02, 7.3654e+00, 
 1DIAGNOSTIC,    90, -5.356318013081e-01, 1.332312769706e-06, 7.8959e+02, 7.2991e+00, 
 1DIAGNOSTIC,    91, -5.366780482469e-01, 7.987679158232e-06, 7.9685e+02, 7.2639e+00, 
 1DIAGNOSTIC,    92, -5.356975534763e-01, 2.980754265532e-06, 8.0414e+02, 7.2873e+00, 
 1DIAGNOSTIC,    93, -5.368198100282e-01, 9.868915667172e-06, 8.1141e+02, 7.2687e+00, 
 1DIAGNOSTIC,    94, -5.358320894297e-01, 3.905785391389e-06, 8.1873e+02, 7.3227e+00, 
 1DIAGNOSTIC,    95, -5.368100232924e-01, 1.024108755930e-05, 8.2603e+02, 7.2981e+00, 
 1DIAGNOSTIC,    96, -5.358985536908e-01, 3.881692363226e-06, 8.3336e+02, 7.3349e+00, 
 1DIAGNOSTIC,    97, -5.368681286561e-01, 8.938703382923e-06, 8.4071e+02, 7.3462e+00, 
 1DIAGNOSTIC,    98, -5.356262138446e-01, -4.815070868743e-07, 8.4802e+02, 7.3080e+00, 
XXDIAGNOSTIC,Iteration,metricValue,convergenceValue,ITERATION_TIME_INDEX,SINCE_LAST
 1DIAGNOSTIC,     1, -4.899647767628e-01, 1.797693134862e+308, 8.8099e+02, 3.2974e+01, 
 1DIAGNOSTIC,     2, -4.940762204891e-01, 1.797693134862e+308, 9.0589e+02, 2.4897e+01, 
 1DIAGNOSTIC,     3, -4.980884005905e-01, 1.797693134862e+308, 9.3069e+02, 2.4803e+01, 
 1DIAGNOSTIC,     4, -5.012713825133e-01, 1.797693134862e+308, 9.5532e+02, 2.4631e+01, 
 1DIAGNOSTIC,     5, -5.040571865781e-01, 1.797693134862e+308, 9.7979e+02, 2.4465e+01, 
 1DIAGNOSTIC,     6, -5.065472044700e-01, 1.797693134862e+308, 1.0045e+03, 2.4681e+01, 
 1DIAGNOSTIC,     7, -5.090822615897e-01, 1.797693134862e+308, 1.0288e+03, 2.4367e+01, 
 1DIAGNOSTIC,     8, -5.112601353754e-01, 1.797693134862e+308, 1.0534e+03, 2.4582e+01, 
 1DIAGNOSTIC,     9, -5.136581039789e-01, 1.797693134862e+308, 1.0780e+03, 2.4538e+01, 
 1DIAGNOSTIC,    10, -5.154376079360e-01, 3.152462876375e-03, 1.1026e+03, 2.4601e+01, 
 1DIAGNOSTIC,    11, -5.171627484378e-01, 2.595336367980e-03, 1.1273e+03, 2.4761e+01, 
 1DIAGNOSTIC,    12, -5.183276807263e-01, 2.143587497265e-03, 1.1521e+03, 2.4821e+01, 
 1DIAGNOSTIC,    13, -5.196856533613e-01, 1.798430778667e-03, 1.1770e+03, 2.4823e+01, 
 1DIAGNOSTIC,    14, -5.208497860597e-01, 1.511726682959e-03, 1.2020e+03, 2.5023e+01, 
 1DIAGNOSTIC,    15, -5.218353066088e-01, 1.264843289071e-03, 1.2269e+03, 2.4868e+01, 
 1DIAGNOSTIC,    16, -5.226103132206e-01, 1.046109997316e-03, 1.2516e+03, 2.4757e+01, 
 1DIAGNOSTIC,    17, -5.237544604361e-01, 8.770884527481e-04, 1.2763e+03, 2.4723e+01, 
 1DIAGNOSTIC,    18, -5.242797852355e-01, 7.281176970505e-04, 1.3010e+03, 2.4634e+01, 
 1DIAGNOSTIC,    19, -5.250992440154e-01, 6.210126964109e-04, 1.3256e+03, 2.4615e+01, 
 1DIAGNOSTIC,    20, -5.255286916793e-01, 5.275580314994e-04, 1.3502e+03, 2.4649e+01, 
 1DIAGNOSTIC,    21, -5.262097353898e-01, 4.572891056790e-04, 1.3750e+03, 2.4730e+01, 
 1DIAGNOSTIC,    22, -5.266891861068e-01, 3.914841059134e-04, 1.3997e+03, 2.4763e+01, 
 1DIAGNOSTIC,    23, -5.271212485845e-01, 3.374617380909e-04, 1.4245e+03, 2.4780e+01, 
 1DIAGNOSTIC,    24, -5.273834129724e-01, 2.890362512979e-04, 1.4494e+03, 2.4853e+01, 
 1DIAGNOSTIC,    25, -5.275630709965e-01, 2.430954724172e-04, 1.4741e+03, 2.4791e+01, 
 1DIAGNOSTIC,    26, -5.282949935947e-01, 2.094472001091e-04, 1.4989e+03, 2.4773e+01, 
 1DIAGNOSTIC,    27, -5.283544210190e-01, 1.827577189561e-04, 1.5235e+03, 2.4628e+01, 
 1DIAGNOSTIC,    28, -5.289194767786e-01, 1.621536890239e-04, 1.5483e+03, 2.4752e+01, 
 1DIAGNOSTIC,    29, -5.290376061900e-01, 1.454347097995e-04, 1.5731e+03, 2.4839e+01, 
 1DIAGNOSTIC,    30, -5.295310820495e-01, 1.329257090829e-04, 1.5978e+03, 2.4686e+01, 
 1DIAGNOSTIC,    31, -5.297909893318e-01, 1.250365620135e-04, 1.6226e+03, 2.4813e+01, 
 1DIAGNOSTIC,    32, -5.301627817372e-01, 1.202790301401e-04, 1.6476e+03, 2.4933e+01, 
 1DIAGNOSTIC,    33, -5.302664659294e-01, 1.133472869103e-04, 1.6723e+03, 2.4709e+01, 
 1DIAGNOSTIC,    34, -5.306316443705e-01, 1.063343722140e-04, 1.6972e+03, 2.4936e+01, 
 1DIAGNOSTIC,    35, -5.308811625067e-01, 9.605255144201e-05, 1.7218e+03, 2.4603e+01, 
 1DIAGNOSTIC,    36, -5.311403859538e-01, 9.233071281581e-05, 1.7466e+03, 2.4763e+01, 
 1DIAGNOSTIC,    37, -5.313683962101e-01, 8.416981330738e-05, 1.7713e+03, 2.4679e+01, 
 1DIAGNOSTIC,    38, -5.314599300357e-01, 7.799143766367e-05, 1.7960e+03, 2.4758e+01, 
 1DIAGNOSTIC,    39, -5.316382503915e-01, 6.882114384314e-05, 1.8208e+03, 2.4738e+01, 
 1DIAGNOSTIC,    40, -5.317136541886e-01, 6.128102216103e-05, 1.8456e+03, 2.4879e+01, 
 1DIAGNOSTIC,    41, -5.319746583784e-01, 5.516287694511e-05, 1.8705e+03, 2.4825e+01, 
 1DIAGNOSTIC,    42, -5.320864319755e-01, 5.038051780959e-05, 1.8955e+03, 2.4992e+01, 
 1DIAGNOSTIC,    43, -5.322554370563e-01, 4.447466872794e-05, 1.9202e+03, 2.4771e+01, 
 1DIAGNOSTIC,    44, -5.323538268842e-01, 4.035882523926e-05, 1.9450e+03, 2.4764e+01, 
 1DIAGNOSTIC,    45, -5.325157947697e-01, 3.755383901006e-05, 1.9697e+03, 2.4680e+01, 
 1DIAGNOSTIC,    46, -5.326768385670e-01, 3.621892114777e-05, 1.9944e+03, 2.4721e+01, 
 1DIAGNOSTIC,    47, -5.329637167994e-01, 3.745293727927e-05, 2.0192e+03, 2.4772e+01, 
 1DIAGNOSTIC,    48, -5.328653093890e-01, 3.495561276993e-05, 2.0440e+03, 2.4802e+01, 
 1DIAGNOSTIC,    49, -5.331069235745e-01, 3.402987376408e-05, 2.0688e+03, 2.4832e+01, 
 1DIAGNOSTIC,    50, -5.332606683933e-01, 3.231794700462e-05, 2.0937e+03, 2.4866e+01, 
 1DIAGNOSTIC,    51, -5.334128491752e-01, 3.195956176809e-05, 2.1184e+03, 2.4771e+01, 
 1DIAGNOSTIC,    52, -5.336120384686e-01, 3.180634012185e-05, 2.1432e+03, 2.4791e+01, 
 1DIAGNOSTIC,    53, -5.336319747070e-01, 3.060126154162e-05, 2.1680e+03, 2.4756e+01, 
 1DIAGNOSTIC,    54, -5.338188623057e-01, 2.944706886324e-05, 2.1928e+03, 2.4826e+01, 
 1DIAGNOSTIC,    55, -5.338105723444e-01, 2.699460177451e-05, 2.2175e+03, 2.4693e+01, 
 1DIAGNOSTIC,    56, -5.340122602253e-01, 2.554065388172e-05, 2.2423e+03, 2.4845e+01, 
 1DIAGNOSTIC,    57, -5.342131138938e-01, 2.638771624221e-05, 2.2669e+03, 2.4552e+01, 
 1DIAGNOSTIC,    58, -5.343234102728e-01, 2.476152112970e-05, 2.2918e+03, 2.4945e+01, 
 1DIAGNOSTIC,    59, -5.345332408228e-01, 2.500610905090e-05, 2.3165e+03, 2.4659e+01, 
 1DIAGNOSTIC,    60, -5.345112451441e-01, 2.403946035861e-05, 2.3412e+03, 2.4690e+01, 
 1DIAGNOSTIC,    61, -5.347398662801e-01, 2.420702111769e-05, 2.3659e+03, 2.4717e+01, 
 1DIAGNOSTIC,    62, -5.347568093266e-01, 2.392041891331e-05, 2.3907e+03, 2.4767e+01, 
 1DIAGNOSTIC,    63, -5.347594023098e-01, 2.155315849686e-05, 2.4154e+03, 2.4765e+01, 
 1DIAGNOSTIC,    64, -5.347312796421e-01, 1.862666187907e-05, 2.4402e+03, 2.4735e+01, 
 1DIAGNOSTIC,    65, -5.345930302496e-01, 1.281447849972e-05, 2.4650e+03, 2.4786e+01, 
 1DIAGNOSTIC,    66, -5.345666603850e-01, 7.420219622373e-06, 2.4898e+03, 2.4803e+01, 
 1DIAGNOSTIC,    67, -5.345912235105e-01, 3.310528027600e-06, 2.5145e+03, 2.4738e+01, 
 1DIAGNOSTIC,    68, -5.343116914775e-01, -2.338882959977e-06, 2.5392e+03, 2.4729e+01, 
XXDIAGNOSTIC,Iteration,metricValue,convergenceValue,ITERATION_TIME_INDEX,SINCE_LAST
 1DIAGNOSTIC,     1, -4.742446420228e-01, 1.797693134862e+308, 2.7637e+03, 2.2450e+02, 
 1DIAGNOSTIC,     2, -4.785958711236e-01, 1.797693134862e+308, 2.9744e+03, 2.1067e+02, 
 1DIAGNOSTIC,     3, -4.825166307907e-01, 1.797693134862e+308, 3.1864e+03, 2.1201e+02, 
 1DIAGNOSTIC,     4, -4.864100297294e-01, 1.797693134862e+308, 3.3995e+03, 2.1305e+02, 
 1DIAGNOSTIC,     5, -4.903856913838e-01, 1.797693134862e+308, 3.6119e+03, 2.1240e+02, 
 1DIAGNOSTIC,     6, -4.938821882891e-01, 1.797693134862e+308, 3.8240e+03, 2.1210e+02, 
 1DIAGNOSTIC,     7, -4.968666208690e-01, 1.797693134862e+308, 4.0397e+03, 2.1574e+02, 
 1DIAGNOSTIC,     8, -4.996368928193e-01, 1.797693134862e+308, 4.2531e+03, 2.1339e+02, 
 1DIAGNOSTIC,     9, -5.020730679173e-01, 1.797693134862e+308, 4.4655e+03, 2.1247e+02, 
 1DIAGNOSTIC,    10, -5.042868378714e-01, 3.942006529633e-03, 4.6772e+03, 2.1166e+02, 
 1DIAGNOSTIC,    11, -5.064248781010e-01, 3.291292715325e-03, 4.8882e+03, 2.1103e+02, 
 1DIAGNOSTIC,    12, -5.083328706148e-01, 2.753922538057e-03, 5.1007e+03, 2.1251e+02, 
 1DIAGNOSTIC,    13, -5.102507620304e-01, 2.308010137166e-03, 5.3130e+03, 2.1222e+02, 
 1DIAGNOSTIC,    14, -5.117474587718e-01, 1.935595865721e-03, 5.5252e+03, 2.1227e+02, 
 1DIAGNOSTIC,    15, -5.132513544023e-01, 1.644293646466e-03, 5.7374e+03, 2.1217e+02, 
 1DIAGNOSTIC,    16, -5.144875694347e-01, 1.406661568500e-03, 5.9499e+03, 2.1249e+02, 
 1DIAGNOSTIC,    17, -5.157341411571e-01, 1.208448639161e-03, 6.1616e+03, 2.1173e+02, 
 1DIAGNOSTIC,    18, -5.168030852673e-01, 1.041162095308e-03, 6.3732e+03, 2.1161e+02, 
 1DIAGNOSTIC,    19, -5.178174370041e-01, 8.975753364720e-04, 6.5858e+03, 2.1255e+02, 
 1DIAGNOSTIC,    20, -5.186565688488e-01, 7.709409166567e-04, 6.7971e+03, 2.1135e+02, 
 1DIAGNOSTIC,    21, -5.195429374779e-01, 6.656431217397e-04, 7.0090e+03, 2.1182e+02, 
 1DIAGNOSTIC,    22, -5.202938417266e-01, 5.754134574651e-04, 7.2208e+03, 2.1188e+02, 
 1DIAGNOSTIC,    23, -5.210977945152e-01, 5.055995169730e-04, 7.4326e+03, 2.1180e+02, 
 1DIAGNOSTIC,    24, -5.217929543495e-01, 4.452011123516e-04, 7.6448e+03, 2.1213e+02, 
 1DIAGNOSTIC,    25, -5.224973143498e-01, 3.972666216328e-04, 7.8573e+03, 2.1251e+02, 
 1DIAGNOSTIC,    26, -5.231221864186e-01, 3.555271068932e-04, 8.0687e+03, 2.1144e+02, 
 1DIAGNOSTIC,    27, -5.238597196979e-01, 3.243560356698e-04, 8.2801e+03, 2.1139e+02, 
 1DIAGNOSTIC,    28, -5.244730712300e-01, 2.981402832281e-04, 8.4925e+03, 2.1238e+02, 
 1DIAGNOSTIC,    29, -5.251475610587e-01, 2.779895746613e-04, 8.7047e+03, 2.1224e+02, 
 1DIAGNOSTIC,    30, -5.256920912291e-01, 2.584480283516e-04, 8.9181e+03, 2.1333e+02, 
 1DIAGNOSTIC,    31, -5.263823502631e-01, 2.439784075728e-04, 9.1304e+03, 2.1233e+02, 
 1DIAGNOSTIC,    32, -5.268567735136e-01, 2.283841405845e-04, 9.3436e+03, 2.1325e+02, 
 1DIAGNOSTIC,    33, -5.275112090040e-01, 2.165869889506e-04, 9.5554e+03, 2.1173e+02, 
 1DIAGNOSTIC,    34, -5.280396005284e-01, 2.047655000391e-04, 9.7656e+03, 2.1027e+02, 
 1DIAGNOSTIC,    35, -5.286278141648e-01, 1.945990302896e-04, 9.9772e+03, 2.1155e+02, 
 1DIAGNOSTIC,    36, -5.291737679406e-01, 1.843816450822e-04, 1.0188e+04, 2.1088e+02, 
 1DIAGNOSTIC,    37, -5.296856287865e-01, 1.758036267575e-04, 1.0400e+04, 2.1229e+02, 
 1DIAGNOSTIC,    38, -5.301224223744e-01, 1.661362440228e-04, 1.0612e+04, 2.1134e+02, 
 1DIAGNOSTIC,    39, -5.306779993211e-01, 1.585445154162e-04, 1.0823e+04, 2.1118e+02, 
 1DIAGNOSTIC,    40, -5.310947156270e-01, 1.493315507410e-04, 1.1035e+04, 2.1173e+02, 
 1DIAGNOSTIC,    41, -5.315661049053e-01, 1.419582253479e-04, 1.1245e+04, 2.1049e+02, 
 1DIAGNOSTIC,    42, -5.320012507794e-01, 1.332417799786e-04, 1.1456e+04, 2.1044e+02, 
 1DIAGNOSTIC,    43, -5.323898629075e-01, 1.255425129341e-04, 1.1668e+04, 2.1203e+02, 
 1DIAGNOSTIC,    44, -5.327627379484e-01, 1.174152807564e-04, 1.1878e+04, 2.1041e+02, 
 1DIAGNOSTIC,    45, -5.330740980325e-01, 1.093714566834e-04, 1.2089e+04, 2.1060e+02, 
 1DIAGNOSTIC,    46, -5.334649192584e-01, 1.023925223071e-04, 1.2301e+04, 2.1217e+02, 
 1DIAGNOSTIC,    47, -5.336830544678e-01, 9.440635304134e-05, 1.2514e+04, 2.1312e+02, 
 1DIAGNOSTIC,    48, -5.339445063042e-01, 8.568273346986e-05, 1.2725e+04, 2.1125e+02, 
 1DIAGNOSTIC,    49, -5.341595617773e-01, 7.775124151131e-05, 1.2936e+04, 2.1134e+02, 
 1DIAGNOSTIC,    50, -5.343857471577e-01, 6.971552171800e-05, 1.3150e+04, 2.1323e+02, 
XXDIAGNOSTIC,Iteration,metricValue,convergenceValue,ITERATION_TIME_INDEX,SINCE_LAST
 1DIAGNOSTIC,     1, -4.698034983407e-01, 1.797693134862e+308, 1.4973e+04, 1.8229e+03, 
 1DIAGNOSTIC,     2, -4.711943568079e-01, 1.797693134862e+308, 1.6761e+04, 1.7884e+03, 
 1DIAGNOSTIC,     3, -4.729200678919e-01, 1.797693134862e+308, 1.8596e+04, 1.8345e+03, 
 1DIAGNOSTIC,     4, -4.748634351533e-01, 1.797693134862e+308, 2.0424e+04, 1.8284e+03, 
 1DIAGNOSTIC,     5, -4.766690285319e-01, 1.797693134862e+308, 2.2088e+04, 1.6646e+03, 
 1DIAGNOSTIC,     6, -4.784218193964e-01, 1.797693134862e+308, 2.3763e+04, 1.6745e+03, 
 1DIAGNOSTIC,     7, -4.800276682018e-01, 1.797693134862e+308, 2.5442e+04, 1.6791e+03, 
 1DIAGNOSTIC,     8, -4.815283987757e-01, 1.797693134862e+308, 2.7103e+04, 1.6613e+03, 
slurmstepd: error: *** JOB 6248634 ON wbic-csm-2 CANCELLED AT 2021-02-10T07:22:34 DUE TO TIME LIMIT ***
