Changed directory to /lustre/scratch/wbic-beta/ccn30/ENCRYPT/fMRI/gridcellpilot/scripts/coregistration/slurmoutputs.

JobID: 6250752
======
Time: Wed Feb 10 15:14:34 GMT 2021
Running on master node: wbic-cs-14
Current directory: /lustre/scratch/wbic-beta/ccn30/ENCRYPT/fMRI/gridcellpilot/scripts/coregistration/slurmoutputs

Nodes allocated:
================
wbic-cs-14

numtasks=1, numnodes=1, mpi_tasks_per_node=1 (OMP_NUM_THREADS=1)

Executing command:
==================
/lustre/scratch/wbic-beta/ccn30/ENCRYPT/fMRI/gridcellpilot/scripts/coregistration/coreg_MasksxEPI.sh 29382/20190911_U-ID46164

******** starting 29382 ********

--------------------------------------------------------------------------------------
 Mapping parameters
--------------------------------------------------------------------------------------
 ANTSPATH is /applications/ANTS/ANTs-2.3.4/install/bin/

 Dimensionality:           3
 Output name prefix:       /lustre/scratch/wbic-beta/ccn30/ENCRYPT/fMRI/gridcellpilot/preprocessed_data/segmentation/29382/coregistration/T1xStudyTemplate_
 Fixed images:             /home/ccn30/ENCRYPT/atlases/templates/ECtemplatemasks2015/Study_template_wholeBrain.nii
 Moving images:            /lustre/scratch/wbic-beta/ccn30/ENCRYPT/fMRI/gridcellpilot/raw_data/images/29382/20190911_U-ID46164/mp2rage/denoiseRn4mag0000_PSIR_skulled_std.nii
 Mask images:              
 Initial transforms:       
 Number of threads:        1
 Spline distance:          26
 Transform type:           s
 MI histogram bins:        32
 Precision:                d
 Use histogram matching    0
======================================================================================
 antsRegistration call:
--------------------------------------------------------------------------------------
/applications/ANTS/ANTs-2.3.4/install/bin//antsRegistration --verbose 1 --dimensionality 3 --float 0 --collapse-output-transforms 1 --output [ /lustre/scratch/wbic-beta/ccn30/ENCRYPT/fMRI/gridcellpilot/preprocessed_data/segmentation/29382/coregistration/T1xStudyTemplate_,/lustre/scratch/wbic-beta/ccn30/ENCRYPT/fMRI/gridcellpilot/preprocessed_data/segmentation/29382/coregistration/T1xStudyTemplate_Warped.nii.gz,/lustre/scratch/wbic-beta/ccn30/ENCRYPT/fMRI/gridcellpilot/preprocessed_data/segmentation/29382/coregistration/T1xStudyTemplate_InverseWarped.nii.gz ] --interpolation Linear --use-histogram-matching 0 --winsorize-image-intensities [ 0.005,0.995 ] --initial-moving-transform [ /home/ccn30/ENCRYPT/atlases/templates/ECtemplatemasks2015/Study_template_wholeBrain.nii,/lustre/scratch/wbic-beta/ccn30/ENCRYPT/fMRI/gridcellpilot/raw_data/images/29382/20190911_U-ID46164/mp2rage/denoiseRn4mag0000_PSIR_skulled_std.nii,1 ] --transform Rigid[ 0.1 ] --metric MI[ /home/ccn30/ENCRYPT/atlases/templates/ECtemplatemasks2015/Study_template_wholeBrain.nii,/lustre/scratch/wbic-beta/ccn30/ENCRYPT/fMRI/gridcellpilot/raw_data/images/29382/20190911_U-ID46164/mp2rage/denoiseRn4mag0000_PSIR_skulled_std.nii,1,32,Regular,0.25 ] --convergence [ 1000x500x250x0,1e-6,10 ] --shrink-factors 12x8x4x2 --smoothing-sigmas 4x3x2x1vox --transform Affine[ 0.1 ] --metric MI[ /home/ccn30/ENCRYPT/atlases/templates/ECtemplatemasks2015/Study_template_wholeBrain.nii,/lustre/scratch/wbic-beta/ccn30/ENCRYPT/fMRI/gridcellpilot/raw_data/images/29382/20190911_U-ID46164/mp2rage/denoiseRn4mag0000_PSIR_skulled_std.nii,1,32,Regular,0.25 ] --convergence [ 1000x500x250x0,1e-6,10 ] --shrink-factors 12x8x4x2 --smoothing-sigmas 4x3x2x1vox --transform SyN[ 0.1,3,0 ] --metric MI[ /home/ccn30/ENCRYPT/atlases/templates/ECtemplatemasks2015/Study_template_wholeBrain.nii,/lustre/scratch/wbic-beta/ccn30/ENCRYPT/fMRI/gridcellpilot/raw_data/images/29382/20190911_U-ID46164/mp2rage/denoiseRn4mag0000_PSIR_skulled_std.nii,1,32] --convergence [ 100x100x70x50x0,1e-6,10 ] --shrink-factors 10x6x4x2x1 --smoothing-sigmas 5x3x2x1x0vox
--------------------------------------------------------------------------------------
All_Command_lines_OK
Using double precision for computations.
=============================================================================
The composite transform comprises the following transforms (in order): 
  1. Center of mass alignment using fixed image: /home/ccn30/ENCRYPT/atlases/templates/ECtemplatemasks2015/Study_template_wholeBrain.nii and moving image: /lustre/scratch/wbic-beta/ccn30/ENCRYPT/fMRI/gridcellpilot/raw_data/images/29382/20190911_U-ID46164/mp2rage/denoiseRn4mag0000_PSIR_skulled_std.nii (type = Euler3DTransform)
=============================================================================
  number of levels = 4
  number of levels = 4
  number of levels = 5
  fixed image: /home/ccn30/ENCRYPT/atlases/templates/ECtemplatemasks2015/Study_template_wholeBrain.nii
  moving image: /lustre/scratch/wbic-beta/ccn30/ENCRYPT/fMRI/gridcellpilot/raw_data/images/29382/20190911_U-ID46164/mp2rage/denoiseRn4mag0000_PSIR_skulled_std.nii
  fixed image: /home/ccn30/ENCRYPT/atlases/templates/ECtemplatemasks2015/Study_template_wholeBrain.nii
  moving image: /lustre/scratch/wbic-beta/ccn30/ENCRYPT/fMRI/gridcellpilot/raw_data/images/29382/20190911_U-ID46164/mp2rage/denoiseRn4mag0000_PSIR_skulled_std.nii
  fixed image: /home/ccn30/ENCRYPT/atlases/templates/ECtemplatemasks2015/Study_template_wholeBrain.nii
  moving image: /lustre/scratch/wbic-beta/ccn30/ENCRYPT/fMRI/gridcellpilot/raw_data/images/29382/20190911_U-ID46164/mp2rage/denoiseRn4mag0000_PSIR_skulled_std.nii
Dimension = 3
Number of stages = 3
Use Histogram Matching false
Winsorize image intensities true
Lower quantile = 0.005
Upper quantile = 0.995
Stage 1 State
   Image metric = Mattes
     Fixed image = Image (0x3f30f20)
  RTTI typeinfo:   itk::Image<double, 3u>
  Reference Count: 2
  Modified Time: 1735
  Debug: Off
  Object Name: 
  Observers: 
    none
  Source: (none)
  Source output name: (none)
  Release Data: Off
  Data Released: False
  Global Release Data: Off
  PipelineMTime: 0
  UpdateMTime: 1518
  RealTimeStamp: 0 seconds 
  LargestPossibleRegion: 
    Dimension: 3
    Index: [0, 0, 0]
    Size: [384, 384, 288]
  BufferedRegion: 
    Dimension: 3
    Index: [0, 0, 0]
    Size: [384, 384, 288]
  RequestedRegion: 
    Dimension: 3
    Index: [0, 0, 0]
    Size: [384, 384, 288]
  Spacing: [0.598958, 0.598958, 0.599937]
  Origin: [85.9044, -155.274, 91.0901]
  Direction: 
-0 0 -1
1 -0 0
0 -1 0

  IndexToPointMatrix: 
0 0 -0.599937
0.598958 0 0
0 -0.598958 0

  PointToIndexMatrix: 
0 1.66957 0
0 0 -1.66957
-1.66684 0 0

  Inverse Direction: 
0 1 0
0 0 -1
-1 0 0

  PixelContainer: 
    ImportImageContainer (0x3f37590)
      RTTI typeinfo:   itk::ImportImageContainer<unsigned long, double>
      Reference Count: 1
      Modified Time: 1515
      Debug: Off
      Object Name: 
      Observers: 
        none
      Pointer: 0x2b4848888010
      Container manages memory: true
      Size: 42467328
      Capacity: 42467328

     Moving image = Image (0x3f2c470)
  RTTI typeinfo:   itk::Image<double, 3u>
  Reference Count: 2
  Modified Time: 1736
  Debug: Off
  Object Name: 
  Observers: 
    none
  Source: (none)
  Source output name: (none)
  Release Data: Off
  Data Released: False
  Global Release Data: Off
  PipelineMTime: 0
  UpdateMTime: 1733
  RealTimeStamp: 0 seconds 
  LargestPossibleRegion: 
    Dimension: 3
    Index: [0, 0, 0]
    Size: [224, 320, 320]
  BufferedRegion: 
    Dimension: 3
    Index: [0, 0, 0]
    Size: [224, 320, 320]
  RequestedRegion: 
    Dimension: 3
    Index: [0, 0, 0]
    Size: [224, 320, 320]
  Spacing: [0.699997, 0.7, 0.7]
  Origin: [-78.6699, 73.4889, -122.457]
  Direction: 
1 0 0
0 -1 0
0 0 1

  IndexToPointMatrix: 
0.699997 0 0
0 -0.7 0
0 0 0.7

  PointToIndexMatrix: 
1.42858 0 0
0 -1.42857 0
0 0 1.42857

  Inverse Direction: 
1 0 0
0 -1 0
0 0 1

  PixelContainer: 
    ImportImageContainer (0x3f3d460)
      RTTI typeinfo:   itk::ImportImageContainer<unsigned long, double>
      Reference Count: 1
      Modified Time: 1730
      Debug: Off
      Object Name: 
      Observers: 
        none
      Pointer: 0x2b485cc89010
      Container manages memory: true
      Size: 22937600
      Capacity: 22937600

     Weighting = 1
     Sampling strategy = regular
     Number of bins = 32
     Radius = 4
     Sampling percentage  = 0.25
   Transform = Rigid
     Gradient step = 0.1
     Update field sigma (voxel space) = 0
     Total field sigma (voxel space) = 0
     Update field time sigma = 0
     Total field time sigma  = 0
     Number of time indices = 0
     Number of time point samples = 0
Stage 2 State
   Image metric = Mattes
     Fixed image = Image (0x3f30270)
  RTTI typeinfo:   itk::Image<double, 3u>
  Reference Count: 2
  Modified Time: 2167
  Debug: Off
  Object Name: 
  Observers: 
    none
  Source: (none)
  Source output name: (none)
  Release Data: Off
  Data Released: False
  Global Release Data: Off
  PipelineMTime: 0
  UpdateMTime: 1950
  RealTimeStamp: 0 seconds 
  LargestPossibleRegion: 
    Dimension: 3
    Index: [0, 0, 0]
    Size: [384, 384, 288]
  BufferedRegion: 
    Dimension: 3
    Index: [0, 0, 0]
    Size: [384, 384, 288]
  RequestedRegion: 
    Dimension: 3
    Index: [0, 0, 0]
    Size: [384, 384, 288]
  Spacing: [0.598958, 0.598958, 0.599937]
  Origin: [85.9044, -155.274, 91.0901]
  Direction: 
-0 0 -1
1 -0 0
0 -1 0

  IndexToPointMatrix: 
0 0 -0.599937
0.598958 0 0
0 -0.598958 0

  PointToIndexMatrix: 
0 1.66957 0
0 0 -1.66957
-1.66684 0 0

  Inverse Direction: 
0 1 0
0 0 -1
-1 0 0

  PixelContainer: 
    ImportImageContainer (0x3f35b50)
      RTTI typeinfo:   itk::ImportImageContainer<unsigned long, double>
      Reference Count: 1
      Modified Time: 1947
      Debug: Off
      Object Name: 
      Observers: 
        none
      Pointer: 0x2b4867b8a010
      Container manages memory: true
      Size: 42467328
      Capacity: 42467328

     Moving image = Image (0x3f36650)
  RTTI typeinfo:   itk::Image<double, 3u>
  Reference Count: 2
  Modified Time: 2168
  Debug: Off
  Object Name: 
  Observers: 
    none
  Source: (none)
  Source output name: (none)
  Release Data: Off
  Data Released: False
  Global Release Data: Off
  PipelineMTime: 0
  UpdateMTime: 2165
  RealTimeStamp: 0 seconds 
  LargestPossibleRegion: 
    Dimension: 3
    Index: [0, 0, 0]
    Size: [224, 320, 320]
  BufferedRegion: 
    Dimension: 3
    Index: [0, 0, 0]
    Size: [224, 320, 320]
  RequestedRegion: 
    Dimension: 3
    Index: [0, 0, 0]
    Size: [224, 320, 320]
  Spacing: [0.699997, 0.7, 0.7]
  Origin: [-78.6699, 73.4889, -122.457]
  Direction: 
1 0 0
0 -1 0
0 0 1

  IndexToPointMatrix: 
0.699997 0 0
0 -0.7 0
0 0 0.7

  PointToIndexMatrix: 
1.42858 0 0
0 -1.42857 0
0 0 1.42857

  Inverse Direction: 
1 0 0
0 -1 0
0 0 1

  PixelContainer: 
    ImportImageContainer (0x3f30500)
      RTTI typeinfo:   itk::ImportImageContainer<unsigned long, double>
      Reference Count: 1
      Modified Time: 2162
      Debug: Off
      Object Name: 
      Observers: 
        none
      Pointer: 0x2b487bf8b010
      Container manages memory: true
      Size: 22937600
      Capacity: 22937600

     Weighting = 1
     Sampling strategy = regular
     Number of bins = 32
     Radius = 4
     Sampling percentage  = 0.25
   Transform = Affine
     Gradient step = 0.1
     Update field sigma (voxel space) = 0
     Total field sigma (voxel space) = 0
     Update field time sigma = 0
     Total field time sigma  = 0
     Number of time indices = 0
     Number of time point samples = 0
Stage 3 State
   Image metric = Mattes
     Fixed image = Image (0x3f32180)
  RTTI typeinfo:   itk::Image<double, 3u>
  Reference Count: 2
  Modified Time: 2599
  Debug: Off
  Object Name: 
  Observers: 
    none
  Source: (none)
  Source output name: (none)
  Release Data: Off
  Data Released: False
  Global Release Data: Off
  PipelineMTime: 0
  UpdateMTime: 2382
  RealTimeStamp: 0 seconds 
  LargestPossibleRegion: 
    Dimension: 3
    Index: [0, 0, 0]
    Size: [384, 384, 288]
  BufferedRegion: 
    Dimension: 3
    Index: [0, 0, 0]
    Size: [384, 384, 288]
  RequestedRegion: 
    Dimension: 3
    Index: [0, 0, 0]
    Size: [384, 384, 288]
  Spacing: [0.598958, 0.598958, 0.599937]
  Origin: [85.9044, -155.274, 91.0901]
  Direction: 
-0 0 -1
1 -0 0
0 -1 0

  IndexToPointMatrix: 
0 0 -0.599937
0.598958 0 0
0 -0.598958 0

  PointToIndexMatrix: 
0 1.66957 0
0 0 -1.66957
-1.66684 0 0

  Inverse Direction: 
0 1 0
0 0 -1
-1 0 0

  PixelContainer: 
    ImportImageContainer (0x3f40ef0)
      RTTI typeinfo:   itk::ImportImageContainer<unsigned long, double>
      Reference Count: 1
      Modified Time: 2379
      Debug: Off
      Object Name: 
      Observers: 
        none
      Pointer: 0x2b4886e8c010
      Container manages memory: true
      Size: 42467328
      Capacity: 42467328

     Moving image = Image (0x3f43a00)
  RTTI typeinfo:   itk::Image<double, 3u>
  Reference Count: 2
  Modified Time: 2600
  Debug: Off
  Object Name: 
  Observers: 
    none
  Source: (none)
  Source output name: (none)
  Release Data: Off
  Data Released: False
  Global Release Data: Off
  PipelineMTime: 0
  UpdateMTime: 2597
  RealTimeStamp: 0 seconds 
  LargestPossibleRegion: 
    Dimension: 3
    Index: [0, 0, 0]
    Size: [224, 320, 320]
  BufferedRegion: 
    Dimension: 3
    Index: [0, 0, 0]
    Size: [224, 320, 320]
  RequestedRegion: 
    Dimension: 3
    Index: [0, 0, 0]
    Size: [224, 320, 320]
  Spacing: [0.699997, 0.7, 0.7]
  Origin: [-78.6699, 73.4889, -122.457]
  Direction: 
1 0 0
0 -1 0
0 0 1

  IndexToPointMatrix: 
0.699997 0 0
0 -0.7 0
0 0 0.7

  PointToIndexMatrix: 
1.42858 0 0
0 -1.42857 0
0 0 1.42857

  Inverse Direction: 
1 0 0
0 -1 0
0 0 1

  PixelContainer: 
    ImportImageContainer (0x3f48b20)
      RTTI typeinfo:   itk::ImportImageContainer<unsigned long, double>
      Reference Count: 1
      Modified Time: 2594
      Debug: Off
      Object Name: 
      Observers: 
        none
      Pointer: 0x2b489b28d010
      Container manages memory: true
      Size: 22937600
      Capacity: 22937600

     Weighting = 1
     Sampling strategy = none
     Number of bins = 32
     Radius = 4
     Sampling percentage  = 1
   Transform = SyN
     Gradient step = 0.1
     Update field sigma (voxel space) = 3
     Total field sigma (voxel space) = 0
     Update field time sigma = 0
     Total field time sigma  = 0
     Number of time indices = 0
     Number of time point samples = 0
Registration using 3 total stages.

Stage 0
  iterations = 1000x500x250x0
  convergence threshold = 1e-06
  convergence window size = 10
  number of levels = 4
  using the Mattes MI metric (number of bins = 32, weight = 1)
  preprocessing:  winsorizing the image intensities
  Shrink factors (level 1 out of 4): [12, 12, 12]
  Shrink factors (level 2 out of 4): [8, 8, 8]
  Shrink factors (level 3 out of 4): [4, 4, 4]
  Shrink factors (level 4 out of 4): [2, 2, 2]
  smoothing sigmas per level: [4, 3, 2, 1]
  regular sampling (percentage = 0.25)

*** Running Euler3DTransform registration ***

DIAGNOSTIC,Iteration,metricValue,convergenceValue,ITERATION_TIME_INDEX,SINCE_LAST
 2DIAGNOSTIC,     1, -7.372439644022e-01, 1.797693134862e+308, 8.7027e+00, 8.7027e+00, 
 2DIAGNOSTIC,     2, -7.408366407999e-01, 1.797693134862e+308, 8.7195e+00, 1.6794e-02, 
 2DIAGNOSTIC,     3, -7.465398882016e-01, 1.797693134862e+308, 8.7360e+00, 1.6560e-02, 
 2DIAGNOSTIC,     4, -7.555752758481e-01, 1.797693134862e+308, 8.7528e+00, 1.6789e-02, 
 2DIAGNOSTIC,     5, -7.626803688846e-01, 1.797693134862e+308, 8.7698e+00, 1.6939e-02, 
 2DIAGNOSTIC,     6, -7.699537173077e-01, 1.797693134862e+308, 8.7867e+00, 1.6926e-02, 
 2DIAGNOSTIC,     7, -7.761125355826e-01, 1.797693134862e+308, 8.8038e+00, 1.7079e-02, 
 2DIAGNOSTIC,     8, -7.789002880844e-01, 1.797693134862e+308, 8.8218e+00, 1.8028e-02, 
 2DIAGNOSTIC,     9, -7.836921955391e-01, 1.797693134862e+308, 8.8425e+00, 2.0677e-02, 
 2DIAGNOSTIC,    10, -7.910168911630e-01, 4.641316027021e-03, 8.8650e+00, 2.2555e-02, 
 2DIAGNOSTIC,    11, -7.918074278389e-01, 3.984403145195e-03, 8.8843e+00, 1.9328e-02, 
 2DIAGNOSTIC,    12, -7.915724836617e-01, 3.189688323468e-03, 8.9036e+00, 1.9299e-02, 
 2DIAGNOSTIC,    13, -7.922077944411e-01, 2.412936662914e-03, 8.9229e+00, 1.9241e-02, 
 2DIAGNOSTIC,    14, -7.922306169278e-01, 1.765923822696e-03, 8.9397e+00, 1.6820e-02, 
 2DIAGNOSTIC,    15, -7.922372895967e-01, 1.215105740913e-03, 8.9568e+00, 1.7077e-02, 
 2DIAGNOSTIC,    16, -7.925849336838e-01, 7.962001980118e-04, 8.9767e+00, 1.9897e-02, 
 2DIAGNOSTIC,    17, -7.928795704831e-01, 4.955637024384e-04, 8.9964e+00, 1.9756e-02, 
 2DIAGNOSTIC,    18, -7.931505688534e-01, 2.446307718878e-04, 9.0200e+00, 2.3523e-02, 
 2DIAGNOSTIC,    19, -7.930355318851e-01, 8.417428367943e-05, 9.0561e+00, 3.6180e-02, 
 2DIAGNOSTIC,    20, -7.930404598371e-01, 6.612976838478e-05, 9.0735e+00, 1.7402e-02, 
 2DIAGNOSTIC,    21, -7.930708287337e-01, 5.827631215979e-05, 9.0908e+00, 1.7240e-02, 
 2DIAGNOSTIC,    22, -7.931080037619e-01, 4.211832462866e-05, 9.1079e+00, 1.7165e-02, 
 2DIAGNOSTIC,    23, -7.933405312435e-01, 3.731895091551e-05, 9.1252e+00, 1.7241e-02, 
 2DIAGNOSTIC,    24, -7.933903723310e-01, 3.072437817029e-05, 9.1423e+00, 1.7126e-02, 
 2DIAGNOSTIC,    25, -7.935006217246e-01, 2.361279356387e-05, 9.1595e+00, 1.7238e-02, 
 2DIAGNOSTIC,    26, -7.935138920450e-01, 1.991377572931e-05, 9.1791e+00, 1.9547e-02, 
 2DIAGNOSTIC,    27, -7.935176699176e-01, 1.863026462112e-05, 9.1962e+00, 1.7083e-02, 
 2DIAGNOSTIC,    28, -7.935255065468e-01, 1.943114607022e-05, 9.2155e+00, 1.9344e-02, 
 2DIAGNOSTIC,    29, -7.935742065326e-01, 1.760441369990e-05, 9.2481e+00, 3.2605e-02, 
 2DIAGNOSTIC,    30, -7.935744665809e-01, 1.440545982553e-05, 9.2649e+00, 1.6733e-02, 
 2DIAGNOSTIC,    31, -7.935745673649e-01, 1.054098846251e-05, 9.2816e+00, 1.6773e-02, 
 2DIAGNOSTIC,    32, -7.935746538013e-01, 6.402066377233e-06, 9.3457e+00, 6.4097e-02, 
 2DIAGNOSTIC,    33, -7.935746538000e-01, 4.556396287374e-06, 9.4037e+00, 5.8003e-02, 
 2DIAGNOSTIC,    34, -7.935746538000e-01, 2.971324656376e-06, 9.4230e+00, 1.9269e-02, 
 2DIAGNOSTIC,    35, -7.935746538000e-01, 2.422102046446e-06, 9.4456e+00, 2.2634e-02, 
 2DIAGNOSTIC,    36, -7.935746538000e-01, 1.902085752754e-06, 9.4708e+00, 2.5143e-02, 
 2DIAGNOSTIC,    37, -7.935746538000e-01, 1.355003951525e-06, 9.4904e+00, 1.9656e-02, 
DIAGNOSTIC,Iteration,metricValue,convergenceValue,ITERATION_TIME_INDEX,SINCE_LAST
 2DIAGNOSTIC,     1, -7.208828709818e-01, 1.797693134862e+308, 1.8232e+01, 8.7411e+00, 
 2DIAGNOSTIC,     2, -7.211304658977e-01, 1.797693134862e+308, 1.8288e+01, 5.6734e-02, 
 2DIAGNOSTIC,     3, -7.213326117293e-01, 1.797693134862e+308, 1.8353e+01, 6.4401e-02, 
 2DIAGNOSTIC,     4, -7.214993547995e-01, 1.797693134862e+308, 1.8407e+01, 5.4248e-02, 
 2DIAGNOSTIC,     5, -7.215550483139e-01, 1.797693134862e+308, 1.8469e+01, 6.1773e-02, 
 2DIAGNOSTIC,     6, -7.215898014443e-01, 1.797693134862e+308, 1.8530e+01, 6.1269e-02, 
 2DIAGNOSTIC,     7, -7.218634811038e-01, 1.797693134862e+308, 1.8598e+01, 6.8107e-02, 
 2DIAGNOSTIC,     8, -7.219738846831e-01, 1.797693134862e+308, 1.8702e+01, 1.0388e-01, 
 2DIAGNOSTIC,     9, -7.219726921203e-01, 1.797693134862e+308, 1.8764e+01, 6.1900e-02, 
 2DIAGNOSTIC,    10, -7.219740620808e-01, 9.979617188333e-05, 1.8818e+01, 5.4185e-02, 
 2DIAGNOSTIC,    11, -7.219787445287e-01, 7.384809763394e-05, 1.8880e+01, 6.1693e-02, 
 2DIAGNOSTIC,    12, -7.219814000371e-01, 5.380964426713e-05, 1.8932e+01, 5.2592e-02, 
 2DIAGNOSTIC,    13, -7.219785515458e-01, 3.807928171322e-05, 1.8988e+01, 5.5393e-02, 
 2DIAGNOSTIC,    14, -7.218862724522e-01, 2.354222341623e-05, 1.9051e+01, 6.3609e-02, 
 2DIAGNOSTIC,    15, -7.218842977745e-01, 1.058885863875e-05, 1.9110e+01, 5.8463e-02, 
DIAGNOSTIC,Iteration,metricValue,convergenceValue,ITERATION_TIME_INDEX,SINCE_LAST
 2DIAGNOSTIC,     1, -6.492696631066e-01, 1.797693134862e+308, 2.8505e+01, 9.3956e+00, 
 2DIAGNOSTIC,     2, -6.495676438704e-01, 1.797693134862e+308, 2.9035e+01, 5.2996e-01, 
 2DIAGNOSTIC,     3, -6.497800375986e-01, 1.797693134862e+308, 2.9566e+01, 5.3064e-01, 
 2DIAGNOSTIC,     4, -6.499852639713e-01, 1.797693134862e+308, 3.0096e+01, 5.2993e-01, 
 2DIAGNOSTIC,     5, -6.508979760442e-01, 1.797693134862e+308, 3.0965e+01, 8.6902e-01, 
 2DIAGNOSTIC,     6, -6.508363441742e-01, 1.797693134862e+308, 3.1672e+01, 7.0742e-01, 
 2DIAGNOSTIC,     7, -6.508372381413e-01, 1.797693134862e+308, 3.2297e+01, 6.2463e-01, 
 2DIAGNOSTIC,     8, -6.508303038286e-01, 1.797693134862e+308, 3.2921e+01, 6.2396e-01, 
 2DIAGNOSTIC,     9, -6.508243032624e-01, 1.797693134862e+308, 3.3715e+01, 7.9461e-01, 
 2DIAGNOSTIC,    10, -6.508220693508e-01, 1.681560685063e-04, 3.4344e+01, 6.2827e-01, 
 2DIAGNOSTIC,    11, -6.508204584861e-01, 1.109796590573e-04, 3.4969e+01, 6.2533e-01, 
 2DIAGNOSTIC,    12, -6.508142886760e-01, 6.468930531320e-05, 3.5512e+01, 5.4321e-01, 
 2DIAGNOSTIC,    13, -6.508146332308e-01, 2.722027004824e-05, 3.6056e+01, 5.4350e-01, 
DIAGNOSTIC,Iteration,metricValue,convergenceValue,ITERATION_TIME_INDEX,SINCE_LAST
 2DIAGNOSTIC,     1, -5.693789971444e-01, 1.797693134862e+308, 4.8922e+01, 1.2866e+01, 
  Elapsed time (stage 0): 5.1824e+01


Stage 1
  iterations = 1000x500x250x0
  convergence threshold = 1.0000e-06
  convergence window size = 10
  number of levels = 4
  using the Mattes MI metric (number of bins = 32, weight = 1.0000e+00)
  preprocessing:  winsorizing the image intensities
  Shrink factors (level 1 out of 4): [12, 12, 12]
  Shrink factors (level 2 out of 4): [8, 8, 8]
  Shrink factors (level 3 out of 4): [4, 4, 4]
  Shrink factors (level 4 out of 4): [2, 2, 2]
  smoothing sigmas per level: [4, 3, 2, 1]
  regular sampling (percentage = 2.5000e-01)

*** Running AffineTransform registration ***

DIAGNOSTIC,Iteration,metricValue,convergenceValue,ITERATION_TIME_INDEX,SINCE_LAST
 2DIAGNOSTIC,     1, -7.873720339595e-01, 1.797693134862e+308, 8.8053e+00, 8.8053e+00, 
 2DIAGNOSTIC,     2, -7.893634128178e-01, 1.797693134862e+308, 8.8232e+00, 1.7966e-02, 
 2DIAGNOSTIC,     3, -7.925987230243e-01, 1.797693134862e+308, 8.8411e+00, 1.7898e-02, 
 2DIAGNOSTIC,     4, -7.978291916560e-01, 1.797693134862e+308, 8.8592e+00, 1.8079e-02, 
 2DIAGNOSTIC,     5, -8.054729637325e-01, 1.797693134862e+308, 8.8780e+00, 1.8754e-02, 
 2DIAGNOSTIC,     6, -8.151415841673e-01, 1.797693134862e+308, 8.8964e+00, 1.8398e-02, 
 2DIAGNOSTIC,     7, -8.327245344512e-01, 1.797693134862e+308, 8.9149e+00, 1.8533e-02, 
 2DIAGNOSTIC,     8, -8.428763023401e-01, 1.797693134862e+308, 8.9403e+00, 2.5391e-02, 
 2DIAGNOSTIC,     9, -8.526017070738e-01, 1.797693134862e+308, 8.9701e+00, 2.9837e-02, 
 2DIAGNOSTIC,    10, -8.543814226071e-01, 6.106056396136e-03, 8.9883e+00, 1.8168e-02, 
 2DIAGNOSTIC,    11, -8.570377407379e-01, 5.684728728501e-03, 9.0062e+00, 1.7854e-02, 
 2DIAGNOSTIC,    12, -8.579911997468e-01, 4.908140931305e-03, 9.0240e+00, 1.7857e-02, 
 2DIAGNOSTIC,    13, -8.586811234755e-01, 3.913965739501e-03, 9.0503e+00, 2.6277e-02, 
 2DIAGNOSTIC,    14, -8.588377863581e-01, 2.844831627220e-03, 9.0687e+00, 1.8412e-02, 
 2DIAGNOSTIC,    15, -8.587760788522e-01, 1.838099541403e-03, 9.0868e+00, 1.8081e-02, 
 2DIAGNOSTIC,    16, -8.587553904067e-01, 9.934071273351e-04, 9.1078e+00, 2.1047e-02, 
 2DIAGNOSTIC,    17, -8.588024441613e-01, 5.098819412358e-04, 9.1261e+00, 1.8276e-02, 
 2DIAGNOSTIC,    18, -8.586282399282e-01, 2.189132340516e-04, 9.1448e+00, 1.8681e-02, 
 2DIAGNOSTIC,    19, -8.587191869728e-01, 1.147345337099e-04, 9.1713e+00, 2.6516e-02, 
 2DIAGNOSTIC,    20, -8.587438766055e-01, 4.038902543014e-05, 9.1896e+00, 1.8316e-02, 
 2DIAGNOSTIC,    21, -8.586621117710e-01, 1.092914163666e-05, 9.2084e+00, 1.8774e-02, 
DIAGNOSTIC,Iteration,metricValue,convergenceValue,ITERATION_TIME_INDEX,SINCE_LAST
 2DIAGNOSTIC,     1, -7.871892549078e-01, 1.797693134862e+308, 1.8046e+01, 8.8372e+00, 
 2DIAGNOSTIC,     2, -7.879681356222e-01, 1.797693134862e+308, 1.8112e+01, 6.6248e-02, 
 2DIAGNOSTIC,     3, -7.886790382206e-01, 1.797693134862e+308, 1.8174e+01, 6.2075e-02, 
 2DIAGNOSTIC,     4, -7.896890316739e-01, 1.797693134862e+308, 1.8236e+01, 6.2383e-02, 
 2DIAGNOSTIC,     5, -7.902561503909e-01, 1.797693134862e+308, 1.8307e+01, 7.0880e-02, 
 2DIAGNOSTIC,     6, -7.906279503525e-01, 1.797693134862e+308, 1.8377e+01, 7.0271e-02, 
 2DIAGNOSTIC,     7, -7.906808115914e-01, 1.797693134862e+308, 1.8458e+01, 8.0144e-02, 
 2DIAGNOSTIC,     8, -7.907601079544e-01, 1.797693134862e+308, 1.8528e+01, 7.0386e-02, 
 2DIAGNOSTIC,     9, -7.907040080800e-01, 1.797693134862e+308, 1.8589e+01, 6.0774e-02, 
 2DIAGNOSTIC,    10, -7.906470459076e-01, 2.851001018680e-04, 1.8649e+01, 6.0468e-02, 
 2DIAGNOSTIC,    11, -7.907191131538e-01, 1.804228751129e-04, 1.8712e+01, 6.2873e-02, 
 2DIAGNOSTIC,    12, -7.906295901046e-01, 9.780866237741e-05, 1.8774e+01, 6.1708e-02, 
 2DIAGNOSTIC,    13, -7.908048738561e-01, 4.343757039349e-05, 1.8835e+01, 6.0761e-02, 
 2DIAGNOSTIC,    14, -7.911800169406e-01, 2.832637570802e-05, 1.8897e+01, 6.2119e-02, 
 2DIAGNOSTIC,    15, -7.924208657943e-01, 5.577404364684e-05, 1.8986e+01, 8.9665e-02, 
 2DIAGNOSTIC,    16, -7.924506082879e-01, 8.320758772569e-05, 1.9056e+01, 6.9439e-02, 
 2DIAGNOSTIC,    17, -7.923223549019e-01, 9.869399727018e-05, 1.9117e+01, 6.1196e-02, 
 2DIAGNOSTIC,    18, -7.923847311786e-01, 1.067875409941e-04, 1.9199e+01, 8.2282e-02, 
 2DIAGNOSTIC,    19, -7.924548017846e-01, 1.043059665926e-04, 1.9261e+01, 6.2008e-02, 
 2DIAGNOSTIC,    20, -7.924795852149e-01, 9.149040937646e-05, 1.9332e+01, 7.0666e-02, 
 2DIAGNOSTIC,    21, -7.925448791532e-01, 7.399900500798e-05, 1.9394e+01, 6.2161e-02, 
 2DIAGNOSTIC,    22, -7.926599446238e-01, 5.209600723823e-05, 1.9486e+01, 9.1763e-02, 
 2DIAGNOSTIC,    23, -7.927034414969e-01, 3.080852111947e-05, 1.9557e+01, 7.1203e-02, 
 2DIAGNOSTIC,    24, -7.926861968025e-01, 1.333527405090e-05, 1.9625e+01, 6.7949e-02, 
 2DIAGNOSTIC,    25, -7.926826097967e-01, 1.392279491100e-05, 1.9695e+01, 7.0422e-02, 
 2DIAGNOSTIC,    26, -7.926762990347e-01, 1.366214799788e-05, 1.9758e+01, 6.2357e-02, 
 2DIAGNOSTIC,    27, -7.926811820210e-01, 1.056789801999e-05, 1.9826e+01, 6.8133e-02, 
 2DIAGNOSTIC,    28, -7.926736539780e-01, 7.487297186519e-06, 1.9895e+01, 6.8981e-02, 
 2DIAGNOSTIC,    29, -7.926802814639e-01, 4.997817896091e-06, 1.9956e+01, 6.1400e-02, 
 2DIAGNOSTIC,    30, -7.926432791873e-01, 2.161739239094e-06, 2.0024e+01, 6.7729e-02, 
DIAGNOSTIC,Iteration,metricValue,convergenceValue,ITERATION_TIME_INDEX,SINCE_LAST
 2DIAGNOSTIC,     1, -7.039043933910e-01, 1.797693134862e+308, 2.9475e+01, 9.4509e+00, 
 2DIAGNOSTIC,     2, -7.044238187721e-01, 1.797693134862e+308, 3.0042e+01, 5.6692e-01, 
 2DIAGNOSTIC,     3, -7.049823280995e-01, 1.797693134862e+308, 3.0606e+01, 5.6442e-01, 
 2DIAGNOSTIC,     4, -7.055604565554e-01, 1.797693134862e+308, 3.1169e+01, 5.6261e-01, 
 2DIAGNOSTIC,     5, -7.065064065165e-01, 1.797693134862e+308, 3.1821e+01, 6.5246e-01, 
 2DIAGNOSTIC,     6, -7.066378215709e-01, 1.797693134862e+308, 3.2476e+01, 6.5447e-01, 
 2DIAGNOSTIC,     7, -7.070938256307e-01, 1.797693134862e+308, 3.3209e+01, 7.3372e-01, 
 2DIAGNOSTIC,     8, -7.074198652770e-01, 1.797693134862e+308, 3.3860e+01, 6.5078e-01, 
 2DIAGNOSTIC,     9, -7.074275079515e-01, 1.797693134862e+308, 3.4603e+01, 7.4288e-01, 
 2DIAGNOSTIC,    10, -7.074366124585e-01, 3.495293672901e-04, 3.5253e+01, 6.4935e-01, 
 2DIAGNOSTIC,    11, -7.074321747778e-01, 2.577029638692e-04, 3.5907e+01, 6.5411e-01, 
 2DIAGNOSTIC,    12, -7.074267978833e-01, 1.755072771302e-04, 3.6646e+01, 7.3902e-01, 
 2DIAGNOSTIC,    13, -7.074316321340e-01, 1.074933126862e-04, 3.7382e+01, 7.3609e-01, 
 2DIAGNOSTIC,    14, -7.074308377490e-01, 5.568933419051e-05, 3.8120e+01, 7.3779e-01, 
 2DIAGNOSTIC,    15, -7.074260137353e-01, 3.134660192659e-05, 3.8683e+01, 5.6301e-01, 
 2DIAGNOSTIC,    16, -7.074223957677e-01, 1.036305523776e-05, 3.9332e+01, 6.4974e-01, 
 2DIAGNOSTIC,    17, -7.074236309457e-01, 1.684669671029e-06, 3.9984e+01, 6.5183e-01, 
 2DIAGNOSTIC,    18, -7.074188450658e-01, 1.157561803113e-06, 4.0633e+01, 6.4883e-01, 
DIAGNOSTIC,Iteration,metricValue,convergenceValue,ITERATION_TIME_INDEX,SINCE_LAST
 2DIAGNOSTIC,     1, -6.159659790195e-01, 1.797693134862e+308, 5.3770e+01, 1.3137e+01, 
  Elapsed time (stage 1): 5.6671e+01


Stage 2
  iterations = 100x100x70x50x0
  convergence threshold = 1.0000e-06
  convergence window size = 10
  number of levels = 5
  using the Mattes MI metric (number of bins = 32, weight = 1.0000e+00)
  preprocessing:  winsorizing the image intensities
  Shrink factors (level 1 out of 5): [10, 10, 10]
  Shrink factors (level 2 out of 5): [6, 6, 6]
  Shrink factors (level 3 out of 5): [4, 4, 4]
  Shrink factors (level 4 out of 5): [2, 2, 2]
  Shrink factors (level 5 out of 5): [1, 1, 1]
  smoothing sigmas per level: [5, 3, 2, 1, 0]
  Using default NONE metricSamplingStrategy 

*** Running SyN registration (varianceForUpdateField = 3.0000e+00, varianceForTotalField = 0.0000e+00) ***

XXDIAGNOSTIC,Iteration,metricValue,convergenceValue,ITERATION_TIME_INDEX,SINCE_LAST
 1DIAGNOSTIC,     1, -7.907117974668e-01, 1.797693134862e+308, 8.7939e+00, 8.7939e+00, 
 1DIAGNOSTIC,     2, -8.076982073356e-01, 1.797693134862e+308, 9.0317e+00, 2.3777e-01, 
 1DIAGNOSTIC,     3, -8.237125191211e-01, 1.797693134862e+308, 9.2598e+00, 2.2814e-01, 
 1DIAGNOSTIC,     4, -8.370851687943e-01, 1.797693134862e+308, 9.4914e+00, 2.3155e-01, 
 1DIAGNOSTIC,     5, -8.481986373289e-01, 1.797693134862e+308, 9.7252e+00, 2.3382e-01, 
 1DIAGNOSTIC,     6, -8.571832426819e-01, 1.797693134862e+308, 9.9644e+00, 2.3922e-01, 
 1DIAGNOSTIC,     7, -8.648208012709e-01, 1.797693134862e+308, 1.0212e+01, 2.4776e-01, 
 1DIAGNOSTIC,     8, -8.694735386878e-01, 1.797693134862e+308, 1.0458e+01, 2.4546e-01, 
 1DIAGNOSTIC,     9, -8.744620225195e-01, 1.797693134862e+308, 1.0702e+01, 2.4438e-01, 
 1DIAGNOSTIC,    10, -8.778007306506e-01, 6.459301274719e-03, 1.0946e+01, 2.4382e-01, 
 1DIAGNOSTIC,    11, -8.819278909841e-01, 4.842286769035e-03, 1.1188e+01, 2.4195e-01, 
 1DIAGNOSTIC,    12, -8.843864313217e-01, 3.603978617734e-03, 1.1433e+01, 2.4538e-01, 
 1DIAGNOSTIC,    13, -8.882382126045e-01, 2.741392668966e-03, 1.1684e+01, 2.5127e-01, 
 1DIAGNOSTIC,    14, -8.904339923316e-01, 2.121973415424e-03, 1.1929e+01, 2.4465e-01, 
 1DIAGNOSTIC,    15, -8.932370874046e-01, 1.698250257448e-03, 1.2177e+01, 2.4821e-01, 
 1DIAGNOSTIC,    16, -8.951660394457e-01, 1.395771683258e-03, 1.2422e+01, 2.4478e-01, 
 1DIAGNOSTIC,    17, -8.967958415914e-01, 1.179990899095e-03, 1.2670e+01, 2.4775e-01, 
 1DIAGNOSTIC,    18, -8.980904673402e-01, 9.871328476882e-04, 1.2915e+01, 2.4517e-01, 
 1DIAGNOSTIC,    19, -8.996788909629e-01, 8.366024259659e-04, 1.3156e+01, 2.4053e-01, 
 1DIAGNOSTIC,    20, -9.006849761306e-01, 6.937316858595e-04, 1.3401e+01, 2.4561e-01, 
 1DIAGNOSTIC,    21, -9.021996730420e-01, 5.878396331380e-04, 1.3647e+01, 2.4598e-01, 
 1DIAGNOSTIC,    22, -9.030615612319e-01, 4.851946246647e-04, 1.3890e+01, 2.4282e-01, 
 1DIAGNOSTIC,    23, -9.042504793611e-01, 4.175770669353e-04, 1.4136e+01, 2.4610e-01, 
 1DIAGNOSTIC,    24, -9.045231744415e-01, 3.493667230640e-04, 1.4379e+01, 2.4287e-01, 
 1DIAGNOSTIC,    25, -9.057669758866e-01, 3.063692143307e-04, 1.4625e+01, 2.4628e-01, 
 1DIAGNOSTIC,    26, -9.059276672993e-01, 2.635415095609e-04, 1.4868e+01, 2.4283e-01, 
 1DIAGNOSTIC,    27, -9.073124552357e-01, 2.352935571284e-04, 1.5115e+01, 2.4672e-01, 
 1DIAGNOSTIC,    28, -9.073254715759e-01, 2.015879486433e-04, 1.5360e+01, 2.4552e-01, 
 1DIAGNOSTIC,    29, -9.082644908894e-01, 1.795997535707e-04, 1.5608e+01, 2.4818e-01, 
 1DIAGNOSTIC,    30, -9.087643319692e-01, 1.580174017736e-04, 1.5855e+01, 2.4690e-01, 
 1DIAGNOSTIC,    31, -9.091078785262e-01, 1.421195259643e-04, 1.6101e+01, 2.4615e-01, 
 1DIAGNOSTIC,    32, -9.094247256978e-01, 1.255138237219e-04, 1.6350e+01, 2.4847e-01, 
 1DIAGNOSTIC,    33, -9.103116660010e-01, 1.184108788370e-04, 1.6597e+01, 2.4671e-01, 
 1DIAGNOSTIC,    34, -9.109351709837e-01, 1.086424888019e-04, 1.6844e+01, 2.4769e-01, 
 1DIAGNOSTIC,    35, -9.116201864166e-01, 1.068861926893e-04, 1.7091e+01, 2.4678e-01, 
 1DIAGNOSTIC,    36, -9.117501560190e-01, 9.747813786034e-05, 1.7336e+01, 2.4473e-01, 
 1DIAGNOSTIC,    37, -9.121398103884e-01, 9.498430101684e-05, 1.7582e+01, 2.4610e-01, 
 1DIAGNOSTIC,    38, -9.121262527183e-01, 8.339387769394e-05, 1.7829e+01, 2.4703e-01, 
 1DIAGNOSTIC,    39, -9.126249181211e-01, 7.623205459507e-05, 1.8081e+01, 2.5222e-01, 
 1DIAGNOSTIC,    40, -9.127709077874e-01, 6.730333643385e-05, 1.8340e+01, 2.5837e-01, 
 1DIAGNOSTIC,    41, -9.132143740349e-01, 5.867029952277e-05, 1.8586e+01, 2.4687e-01, 
 1DIAGNOSTIC,    42, -9.131935665916e-01, 4.706175129435e-05, 1.8839e+01, 2.5277e-01, 
 1DIAGNOSTIC,    43, -9.132702642211e-01, 3.872310618672e-05, 1.9089e+01, 2.5001e-01, 
 1DIAGNOSTIC,    44, -9.138685062229e-01, 3.588767895607e-05, 1.9334e+01, 2.4490e-01, 
 1DIAGNOSTIC,    45, -9.133884512806e-01, 3.112013054525e-05, 1.9586e+01, 2.5160e-01, 
 1DIAGNOSTIC,    46, -9.139274069378e-01, 2.836725668257e-05, 1.9834e+01, 2.4807e-01, 
 1DIAGNOSTIC,    47, -9.136888607001e-01, 2.408301677421e-05, 2.0085e+01, 2.5096e-01, 
 1DIAGNOSTIC,    48, -9.144953896241e-01, 2.297835533015e-05, 2.0337e+01, 2.5258e-01, 
 1DIAGNOSTIC,    49, -9.137307143605e-01, 1.789587137738e-05, 2.0589e+01, 2.5155e-01, 
 1DIAGNOSTIC,    50, -9.145908935541e-01, 1.789478416976e-05, 2.0837e+01, 2.4833e-01, 
 1DIAGNOSTIC,    51, -9.143628914548e-01, 1.748558902481e-05, 2.1089e+01, 2.5222e-01, 
 1DIAGNOSTIC,    52, -9.149482458661e-01, 1.892926005490e-05, 2.1342e+01, 2.5216e-01, 
 1DIAGNOSTIC,    53, -9.145313044498e-01, 1.634646329459e-05, 2.1590e+01, 2.4869e-01, 
 1DIAGNOSTIC,    54, -9.151239356016e-01, 1.957684370996e-05, 2.1837e+01, 2.4654e-01, 
 1DIAGNOSTIC,    55, -9.147563796166e-01, 1.581190154143e-05, 2.2084e+01, 2.4706e-01, 
 1DIAGNOSTIC,    56, -9.155137203876e-01, 1.814028291382e-05, 2.2337e+01, 2.5299e-01, 
 1DIAGNOSTIC,    57, -9.150280545317e-01, 1.443533637032e-05, 2.2587e+01, 2.5000e-01, 
 1DIAGNOSTIC,    58, -9.155337598755e-01, 1.696269454928e-05, 2.2834e+01, 2.4720e-01, 
 1DIAGNOSTIC,    59, -9.156080814098e-01, 1.394190193190e-05, 2.3081e+01, 2.4662e-01, 
 1DIAGNOSTIC,    60, -9.158740072840e-01, 1.570166266613e-05, 2.3330e+01, 2.4900e-01, 
 1DIAGNOSTIC,    61, -9.155596253972e-01, 1.302451882955e-05, 2.3578e+01, 2.4871e-01, 
 1DIAGNOSTIC,    62, -9.158979900460e-01, 1.410216391187e-05, 2.3824e+01, 2.4557e-01, 
 1DIAGNOSTIC,    63, -9.161044969952e-01, 1.265467482403e-05, 2.4073e+01, 2.4922e-01, 
 1DIAGNOSTIC,    64, -9.160334078165e-01, 1.266573592022e-05, 2.4331e+01, 2.5755e-01, 
 1DIAGNOSTIC,    65, -9.164708661566e-01, 1.178303425100e-05, 2.4581e+01, 2.5024e-01, 
 1DIAGNOSTIC,    66, -9.158227416025e-01, 1.043260321313e-05, 2.4831e+01, 2.4968e-01, 
 1DIAGNOSTIC,    67, -9.169957341025e-01, 1.144542097190e-05, 2.5086e+01, 2.5579e-01, 
 1DIAGNOSTIC,    68, -9.162893759346e-01, 1.024102004239e-05, 2.5334e+01, 2.4797e-01, 
 1DIAGNOSTIC,    69, -9.165783737035e-01, 9.870429215719e-06, 2.5582e+01, 2.4779e-01, 
 1DIAGNOSTIC,    70, -9.168564710947e-01, 1.112236211545e-05, 2.5832e+01, 2.4977e-01, 
 1DIAGNOSTIC,    71, -9.170428869117e-01, 1.065492387202e-05, 2.6084e+01, 2.5180e-01, 
 1DIAGNOSTIC,    72, -9.166112573272e-01, 8.757702903364e-06, 2.6335e+01, 2.5155e-01, 
 1DIAGNOSTIC,    73, -9.177963370672e-01, 1.222303117165e-05, 2.6585e+01, 2.4954e-01, 
 1DIAGNOSTIC,    74, -9.174846292952e-01, 1.265207118051e-05, 2.6832e+01, 2.4662e-01, 
 1DIAGNOSTIC,    75, -9.172099817631e-01, 1.270552718094e-05, 2.7078e+01, 2.4650e-01, 
 1DIAGNOSTIC,    76, -9.178753581853e-01, 1.157556189828e-05, 2.7323e+01, 2.4541e-01, 
 1DIAGNOSTIC,    77, -9.171973071716e-01, 1.143795513149e-05, 2.7575e+01, 2.5120e-01, 
 1DIAGNOSTIC,    78, -9.175258623144e-01, 8.729211332666e-06, 2.7827e+01, 2.5208e-01, 
 1DIAGNOSTIC,    79, -9.174945072363e-01, 6.244647039938e-06, 2.8082e+01, 2.5529e-01, 
 1DIAGNOSTIC,    80, -9.173096361802e-01, 3.650037382268e-06, 2.8334e+01, 2.5250e-01, 
 1DIAGNOSTIC,    81, -9.169345508489e-01, 1.676644122463e-07, 2.8583e+01, 2.4845e-01, 
XXDIAGNOSTIC,Iteration,metricValue,convergenceValue,ITERATION_TIME_INDEX,SINCE_LAST
 1DIAGNOSTIC,     1, -7.740427297638e-01, 1.797693134862e+308, 3.8272e+01, 9.6890e+00, 
 1DIAGNOSTIC,     2, -7.785859093071e-01, 1.797693134862e+308, 3.9310e+01, 1.0379e+00, 
 1DIAGNOSTIC,     3, -7.821214798612e-01, 1.797693134862e+308, 4.0379e+01, 1.0688e+00, 
 1DIAGNOSTIC,     4, -7.849651060530e-01, 1.797693134862e+308, 4.1418e+01, 1.0398e+00, 
 1DIAGNOSTIC,     5, -7.867506690778e-01, 1.797693134862e+308, 4.2460e+01, 1.0420e+00, 
 1DIAGNOSTIC,     6, -7.882879525748e-01, 1.797693134862e+308, 4.3492e+01, 1.0310e+00, 
 1DIAGNOSTIC,     7, -7.894461886888e-01, 1.797693134862e+308, 4.4536e+01, 1.0448e+00, 
 1DIAGNOSTIC,     8, -7.904772439864e-01, 1.797693134862e+308, 4.5541e+01, 1.0046e+00, 
 1DIAGNOSTIC,     9, -7.912492954856e-01, 1.797693134862e+308, 4.6554e+01, 1.0127e+00, 
 1DIAGNOSTIC,    10, -7.920084613260e-01, 1.350143773281e-03, 4.7558e+01, 1.0047e+00, 
 1DIAGNOSTIC,    11, -7.927018105442e-01, 9.588395759721e-04, 4.8567e+01, 1.0089e+00, 
 1DIAGNOSTIC,    12, -7.933420203184e-01, 7.015626249134e-04, 4.9581e+01, 1.0133e+00, 
 1DIAGNOSTIC,    13, -7.940717243932e-01, 5.378829673105e-04, 5.0589e+01, 1.0083e+00, 
 1DIAGNOSTIC,    14, -7.946431903554e-01, 4.362084309563e-04, 5.1635e+01, 1.0466e+00, 
 1DIAGNOSTIC,    15, -7.951012629584e-01, 3.618133585326e-04, 5.2650e+01, 1.0147e+00, 
 1DIAGNOSTIC,    16, -7.955361145026e-01, 3.077786246732e-04, 5.3685e+01, 1.0351e+00, 
 1DIAGNOSTIC,    17, -7.958719193283e-01, 2.631929928629e-04, 5.4702e+01, 1.0168e+00, 
 1DIAGNOSTIC,    18, -7.962356381742e-01, 2.270426852078e-04, 5.5734e+01, 1.0320e+00, 
 1DIAGNOSTIC,    19, -7.965357431655e-01, 1.938470854453e-04, 5.6760e+01, 1.0263e+00, 
 1DIAGNOSTIC,    20, -7.967474200618e-01, 1.634105242933e-04, 5.7820e+01, 1.0593e+00, 
 1DIAGNOSTIC,    21, -7.973629437657e-01, 1.431020080577e-04, 5.8891e+01, 1.0713e+00, 
 1DIAGNOSTIC,    22, -7.976683308836e-01, 1.264657448392e-04, 5.9953e+01, 1.0615e+00, 
 1DIAGNOSTIC,    23, -7.981297542463e-01, 1.180327983264e-04, 6.1005e+01, 1.0522e+00, 
 1DIAGNOSTIC,    24, -7.984250833455e-01, 1.122059649794e-04, 6.2037e+01, 1.0320e+00, 
 1DIAGNOSTIC,    25, -7.988335624877e-01, 1.087720097630e-04, 6.3075e+01, 1.0384e+00, 
 1DIAGNOSTIC,    26, -7.991874585755e-01, 1.061959251731e-04, 6.4117e+01, 1.0415e+00, 
 1DIAGNOSTIC,    27, -7.995712593839e-01, 1.033128205567e-04, 6.5153e+01, 1.0365e+00, 
 1DIAGNOSTIC,    28, -7.998854128017e-01, 9.960732687183e-05, 6.6215e+01, 1.0620e+00, 
 1DIAGNOSTIC,    29, -8.001347150371e-01, 9.364570684290e-05, 6.7279e+01, 1.0635e+00, 
 1DIAGNOSTIC,    30, -8.002234080022e-01, 8.277070674464e-05, 6.8342e+01, 1.0628e+00, 
 1DIAGNOSTIC,    31, -8.005002823850e-01, 7.516130985176e-05, 6.9402e+01, 1.0607e+00, 
 1DIAGNOSTIC,    32, -8.006115223409e-01, 6.550558326750e-05, 7.0474e+01, 1.0717e+00, 
 1DIAGNOSTIC,    33, -8.005903544953e-01, 5.505743252126e-05, 7.1545e+01, 1.0706e+00, 
 1DIAGNOSTIC,    34, -8.009845973613e-01, 4.734828631963e-05, 7.2616e+01, 1.0710e+00, 
 1DIAGNOSTIC,    35, -8.008685033963e-01, 3.852527227658e-05, 7.3679e+01, 1.0632e+00, 
 1DIAGNOSTIC,    36, -8.011217503589e-01, 3.264465118272e-05, 7.4746e+01, 1.0670e+00, 
 1DIAGNOSTIC,    37, -8.009755313832e-01, 2.626679412390e-05, 7.5810e+01, 1.0641e+00, 
 1DIAGNOSTIC,    38, -8.010875515926e-01, 2.183944357363e-05, 7.6886e+01, 1.0758e+00, 
 1DIAGNOSTIC,    39, -8.012304878392e-01, 1.919549901994e-05, 7.7956e+01, 1.0701e+00, 
 1DIAGNOSTIC,    40, -8.012961056692e-01, 1.619947700422e-05, 7.9018e+01, 1.0622e+00, 
 1DIAGNOSTIC,    41, -8.012348459423e-01, 1.377279271845e-05, 8.0084e+01, 1.0660e+00, 
 1DIAGNOSTIC,    42, -8.014796001352e-01, 1.333063899274e-05, 8.1157e+01, 1.0732e+00, 
 1DIAGNOSTIC,    43, -8.011919410880e-01, 9.001076166398e-06, 8.2226e+01, 1.0690e+00, 
 1DIAGNOSTIC,    44, -8.015071221440e-01, 9.929111371446e-06, 8.3284e+01, 1.0583e+00, 
 1DIAGNOSTIC,    45, -8.013877092124e-01, 7.931206132725e-06, 8.4354e+01, 1.0694e+00, 
 1DIAGNOSTIC,    46, -8.014565230048e-01, 7.909495015931e-06, 8.5412e+01, 1.0583e+00, 
 1DIAGNOSTIC,    47, -8.014932644425e-01, 6.355278964358e-06, 8.6480e+01, 1.0676e+00, 
 1DIAGNOSTIC,    48, -8.015516887395e-01, 5.562606140066e-06, 8.7546e+01, 1.0656e+00, 
 1DIAGNOSTIC,    49, -8.014361181387e-01, 4.514509397462e-06, 8.8622e+01, 1.0761e+00, 
 1DIAGNOSTIC,    50, -8.015932685367e-01, 4.765436034178e-06, 8.9678e+01, 1.0562e+00, 
 1DIAGNOSTIC,    51, -8.014573093968e-01, 3.153305152364e-06, 9.0746e+01, 1.0679e+00, 
 1DIAGNOSTIC,    52, -8.015829819129e-01, 3.991211223832e-06, 9.1803e+01, 1.0571e+00, 
 1DIAGNOSTIC,    53, -8.013369605291e-01, 7.958625892132e-07, 9.2874e+01, 1.0708e+00, 
XXDIAGNOSTIC,Iteration,metricValue,convergenceValue,ITERATION_TIME_INDEX,SINCE_LAST
 1DIAGNOSTIC,     1, -7.278963294271e-01, 1.797693134862e+308, 1.0512e+02, 1.2242e+01, 
 1DIAGNOSTIC,     2, -7.289807085941e-01, 1.797693134862e+308, 1.0837e+02, 3.2515e+00, 
 1DIAGNOSTIC,     3, -7.302182216137e-01, 1.797693134862e+308, 1.1165e+02, 3.2775e+00, 
 1DIAGNOSTIC,     4, -7.313648169426e-01, 1.797693134862e+308, 1.1488e+02, 3.2357e+00, 
 1DIAGNOSTIC,     5, -7.323137424752e-01, 1.797693134862e+308, 1.1806e+02, 3.1840e+00, 
 1DIAGNOSTIC,     6, -7.333111173733e-01, 1.797693134862e+308, 1.2137e+02, 3.3051e+00, 
 1DIAGNOSTIC,     7, -7.341929639994e-01, 1.797693134862e+308, 1.2445e+02, 3.0824e+00, 
 1DIAGNOSTIC,     8, -7.349813543719e-01, 1.797693134862e+308, 1.2751e+02, 3.0612e+00, 
 1DIAGNOSTIC,     9, -7.356905126290e-01, 1.797693134862e+308, 1.3067e+02, 3.1582e+00, 
 1DIAGNOSTIC,    10, -7.363767881586e-01, 7.470036545408e-04, 1.3383e+02, 3.1607e+00, 
 1DIAGNOSTIC,    11, -7.368119054681e-01, 6.247304944978e-04, 1.3709e+02, 3.2534e+00, 
 1DIAGNOSTIC,    12, -7.373525560018e-01, 5.190022675190e-04, 1.4033e+02, 3.2460e+00, 
 1DIAGNOSTIC,    13, -7.376852231027e-01, 4.291000761328e-04, 1.4358e+02, 3.2442e+00, 
 1DIAGNOSTIC,    14, -7.381502693873e-01, 3.575401376734e-04, 1.4679e+02, 3.2186e+00, 
 1DIAGNOSTIC,    15, -7.383680694284e-01, 2.926999826440e-04, 1.5003e+02, 3.2374e+00, 
 1DIAGNOSTIC,    16, -7.387635549458e-01, 2.427721808461e-04, 1.5327e+02, 3.2346e+00, 
 1DIAGNOSTIC,    17, -7.390089855180e-01, 2.018725869150e-04, 1.5651e+02, 3.2408e+00, 
 1DIAGNOSTIC,    18, -7.394029265029e-01, 1.721845260858e-04, 1.5976e+02, 3.2511e+00, 
 1DIAGNOSTIC,    19, -7.396446076254e-01, 1.488399493003e-04, 1.6300e+02, 3.2387e+00, 
 1DIAGNOSTIC,    20, -7.399883149165e-01, 1.339606901698e-04, 1.6625e+02, 3.2564e+00, 
 1DIAGNOSTIC,    21, -7.402108954693e-01, 1.200403916956e-04, 1.6948e+02, 3.2289e+00, 
 1DIAGNOSTIC,    22, -7.405400095659e-01, 1.114937612800e-04, 1.7277e+02, 3.2832e+00, 
 1DIAGNOSTIC,    23, -7.406419863653e-01, 1.004642799124e-04, 1.7601e+02, 3.2478e+00, 
 1DIAGNOSTIC,    24, -7.409138283621e-01, 9.292919172260e-05, 1.7934e+02, 3.3277e+00, 
 1DIAGNOSTIC,    25, -7.410687506364e-01, 8.298867031584e-05, 1.8259e+02, 3.2451e+00, 
 1DIAGNOSTIC,    26, -7.412284796325e-01, 7.431015555485e-05, 1.8582e+02, 3.2360e+00, 
 1DIAGNOSTIC,    27, -7.413359212561e-01, 6.432478097004e-05, 1.8906e+02, 3.2377e+00, 
 1DIAGNOSTIC,    28, -7.415956737956e-01, 5.807970520585e-05, 1.9232e+02, 3.2625e+00, 
 1DIAGNOSTIC,    29, -7.417811778194e-01, 5.242524684484e-05, 1.9556e+02, 3.2402e+00, 
 1DIAGNOSTIC,    30, -7.420626960464e-01, 5.026059268153e-05, 1.9882e+02, 3.2555e+00, 
 1DIAGNOSTIC,    31, -7.421340272495e-01, 4.712163157772e-05, 2.0206e+02, 3.2459e+00, 
 1DIAGNOSTIC,    32, -7.425125906925e-01, 4.837927309789e-05, 2.0532e+02, 3.2608e+00, 
 1DIAGNOSTIC,    33, -7.426077363079e-01, 4.720221634445e-05, 2.0859e+02, 3.2614e+00, 
 1DIAGNOSTIC,    34, -7.429383948070e-01, 4.849689379720e-05, 2.1185e+02, 3.2669e+00, 
 1DIAGNOSTIC,    35, -7.430452240368e-01, 4.800257640573e-05, 2.1508e+02, 3.2280e+00, 
 1DIAGNOSTIC,    36, -7.433521933485e-01, 4.806859357575e-05, 2.1834e+02, 3.2574e+00, 
 1DIAGNOSTIC,    37, -7.434539127086e-01, 4.571601345828e-05, 2.2160e+02, 3.2596e+00, 
 1DIAGNOSTIC,    38, -7.436909552639e-01, 4.422225380618e-05, 2.2485e+02, 3.2504e+00, 
 1DIAGNOSTIC,    39, -7.438037936327e-01, 4.153677858371e-05, 2.2811e+02, 3.2648e+00, 
 1DIAGNOSTIC,    40, -7.440023887148e-01, 3.973206349311e-05, 2.3136e+02, 3.2478e+00, 
 1DIAGNOSTIC,    41, -7.441011367753e-01, 3.579600815323e-05, 2.3464e+02, 3.2759e+00, 
 1DIAGNOSTIC,    42, -7.443119919448e-01, 3.410794471778e-05, 2.3788e+02, 3.2405e+00, 
 1DIAGNOSTIC,    43, -7.443925519842e-01, 3.079874802136e-05, 2.4120e+02, 3.3192e+00, 
 1DIAGNOSTIC,    44, -7.445615222984e-01, 2.913866620986e-05, 2.4445e+02, 3.2583e+00, 
 1DIAGNOSTIC,    45, -7.445935796616e-01, 2.595153540082e-05, 2.4772e+02, 3.2629e+00, 
 1DIAGNOSTIC,    46, -7.447966258958e-01, 2.475808204412e-05, 2.5095e+02, 3.2299e+00, 
 1DIAGNOSTIC,    47, -7.448504175097e-01, 2.250949623025e-05, 2.5421e+02, 3.2667e+00, 
 1DIAGNOSTIC,    48, -7.450481265280e-01, 2.173962646548e-05, 2.5746e+02, 3.2486e+00, 
 1DIAGNOSTIC,    49, -7.451155567800e-01, 2.034834251613e-05, 2.6072e+02, 3.2587e+00, 
 1DIAGNOSTIC,    50, -7.452603219014e-01, 1.976594677706e-05, 2.6396e+02, 3.2417e+00, 
 1DIAGNOSTIC,    51, -7.453331065833e-01, 1.861777277994e-05, 2.6722e+02, 3.2574e+00, 
 1DIAGNOSTIC,    52, -7.454985214575e-01, 1.855626362641e-05, 2.7048e+02, 3.2560e+00, 
 1DIAGNOSTIC,    53, -7.455560515170e-01, 1.772921479393e-05, 2.7373e+02, 3.2532e+00, 
 1DIAGNOSTIC,    54, -7.457650709307e-01, 1.798667190546e-05, 2.7700e+02, 3.2676e+00, 
 1DIAGNOSTIC,    55, -7.458438871772e-01, 1.728575836107e-05, 2.8025e+02, 3.2560e+00, 
 1DIAGNOSTIC,    56, -7.460146113751e-01, 1.757192511549e-05, 2.8349e+02, 3.2389e+00, 
 1DIAGNOSTIC,    57, -7.460393227058e-01, 1.670052254591e-05, 2.8673e+02, 3.2408e+00, 
 1DIAGNOSTIC,    58, -7.462014658861e-01, 1.669668959021e-05, 2.8996e+02, 3.2257e+00, 
 1DIAGNOSTIC,    59, -7.462251533298e-01, 1.569306963601e-05, 2.9321e+02, 3.2513e+00, 
 1DIAGNOSTIC,    60, -7.463743871624e-01, 1.514393316190e-05, 2.9657e+02, 3.3586e+00, 
 1DIAGNOSTIC,    61, -7.463438795901e-01, 1.344025771357e-05, 2.9981e+02, 3.2413e+00, 
 1DIAGNOSTIC,    62, -7.465190621070e-01, 1.267753571893e-05, 3.0323e+02, 3.4237e+00, 
 1DIAGNOSTIC,    63, -7.465638444279e-01, 1.134192998857e-05, 3.0658e+02, 3.3425e+00, 
 1DIAGNOSTIC,    64, -7.466180070915e-01, 1.057564174297e-05, 3.0990e+02, 3.3278e+00, 
 1DIAGNOSTIC,    65, -7.466935159787e-01, 9.757631694828e-06, 3.1324e+02, 3.3363e+00, 
 1DIAGNOSTIC,    66, -7.468030354589e-01, 9.700494134565e-06, 3.1658e+02, 3.3384e+00, 
 1DIAGNOSTIC,    67, -7.468368982711e-01, 9.056366838109e-06, 3.1994e+02, 3.3576e+00, 
 1DIAGNOSTIC,    68, -7.468526061679e-01, 8.610224591657e-06, 3.2327e+02, 3.3369e+00, 
 1DIAGNOSTIC,    69, -7.469166393721e-01, 7.871844527364e-06, 3.2661e+02, 3.3409e+00, 
 1DIAGNOSTIC,    70, -7.470592394488e-01, 8.041837928487e-06, 3.2995e+02, 3.3369e+00, 
XXDIAGNOSTIC,Iteration,metricValue,convergenceValue,ITERATION_TIME_INDEX,SINCE_LAST
 1DIAGNOSTIC,     1, -6.551980618225e-01, 1.797693134862e+308, 3.6579e+02, 3.5840e+01, 
 1DIAGNOSTIC,     2, -6.566227760616e-01, 1.797693134862e+308, 3.9096e+02, 2.5166e+01, 
 1DIAGNOSTIC,     3, -6.584005710180e-01, 1.797693134862e+308, 4.1623e+02, 2.5272e+01, 
 1DIAGNOSTIC,     4, -6.600117873335e-01, 1.797693134862e+308, 4.4168e+02, 2.5450e+01, 
 1DIAGNOSTIC,     5, -6.614446272782e-01, 1.797693134862e+308, 4.6703e+02, 2.5354e+01, 
 1DIAGNOSTIC,     6, -6.627325451450e-01, 1.797693134862e+308, 4.9237e+02, 2.5333e+01, 
 1DIAGNOSTIC,     7, -6.638875455805e-01, 1.797693134862e+308, 5.1762e+02, 2.5254e+01, 
 1DIAGNOSTIC,     8, -6.649023887496e-01, 1.797693134862e+308, 5.4300e+02, 2.5379e+01, 
 1DIAGNOSTIC,     9, -6.658459466674e-01, 1.797693134862e+308, 5.6824e+02, 2.5240e+01, 
 1DIAGNOSTIC,    10, -6.666781557941e-01, 1.125491834432e-03, 5.9349e+02, 2.5249e+01, 
 1DIAGNOSTIC,    11, -6.674770745439e-01, 9.389303008752e-04, 6.1899e+02, 2.5502e+01, 
 1DIAGNOSTIC,    12, -6.681779991266e-01, 7.745304957111e-04, 6.4425e+02, 2.5261e+01, 
 1DIAGNOSTIC,    13, -6.688273404244e-01, 6.449691161245e-04, 6.6963e+02, 2.5381e+01, 
 1DIAGNOSTIC,    14, -6.694619120386e-01, 5.436016031363e-04, 6.9500e+02, 2.5365e+01, 
 1DIAGNOSTIC,    15, -6.700300272731e-01, 4.628077376789e-04, 7.2022e+02, 2.5226e+01, 
 1DIAGNOSTIC,    16, -6.705289995604e-01, 3.971279688378e-04, 7.4556e+02, 2.5333e+01, 
 1DIAGNOSTIC,    17, -6.709974564308e-01, 3.432357550158e-04, 7.7077e+02, 2.5218e+01, 
 1DIAGNOSTIC,    18, -6.714556752701e-01, 2.983943635988e-04, 7.9603e+02, 2.5250e+01, 
 1DIAGNOSTIC,    19, -6.718771620001e-01, 2.611255088610e-04, 8.2115e+02, 2.5120e+01, 
 1DIAGNOSTIC,    20, -6.723232292127e-01, 2.304402469299e-04, 8.4543e+02, 2.4281e+01, 
 1DIAGNOSTIC,    21, -6.726818016401e-01, 2.046135691400e-04, 8.7052e+02, 2.5094e+01, 
 1DIAGNOSTIC,    22, -6.730792449427e-01, 1.832710217917e-04, 8.9548e+02, 2.4962e+01, 
 1DIAGNOSTIC,    23, -6.734302868737e-01, 1.650734535589e-04, 9.2063e+02, 2.5144e+01, 
 1DIAGNOSTIC,    24, -6.738328876201e-01, 1.512556438824e-04, 9.4496e+02, 2.4336e+01, 
 1DIAGNOSTIC,    25, -6.741341671026e-01, 1.390774446390e-04, 9.6994e+02, 2.4979e+01, 
 1DIAGNOSTIC,    26, -6.744602070696e-01, 1.282599657380e-04, 9.9435e+02, 2.4407e+01, 
 1DIAGNOSTIC,    27, -6.746987215049e-01, 1.172855939512e-04, 1.0195e+03, 2.5161e+01, 
 1DIAGNOSTIC,    28, -6.750280072387e-01, 1.079999202117e-04, 1.0440e+03, 2.4502e+01, 
 1DIAGNOSTIC,    29, -6.752666439945e-01, 9.876825800423e-05, 1.0692e+03, 2.5141e+01, 
 1DIAGNOSTIC,    30, -6.755263007346e-01, 9.083209505732e-05, 1.0944e+03, 2.5290e+01, 
 1DIAGNOSTIC,    31, -6.757454338689e-01, 8.273649631573e-05, 1.1196e+03, 2.5120e+01, 
 1DIAGNOSTIC,    32, -6.759734671252e-01, 7.563431508670e-05, 1.1447e+03, 2.5106e+01, 
 1DIAGNOSTIC,    33, -6.761430370441e-01, 6.846541214896e-05, 1.1699e+03, 2.5187e+01, 
 1DIAGNOSTIC,    34, -6.762936689831e-01, 6.215390090388e-05, 1.1950e+03, 2.5136e+01, 
 1DIAGNOSTIC,    35, -6.763656719230e-01, 5.484834230560e-05, 1.2201e+03, 2.5118e+01, 
 1DIAGNOSTIC,    36, -6.764681281816e-01, 4.785149093224e-05, 1.2452e+03, 2.5141e+01, 
 1DIAGNOSTIC,    37, -6.765537999790e-01, 4.040152161537e-05, 1.2703e+03, 2.5064e+01, 
 1DIAGNOSTIC,    38, -6.766556900334e-01, 3.434456008455e-05, 1.2956e+03, 2.5249e+01, 
 1DIAGNOSTIC,    39, -6.767703109683e-01, 2.919734037392e-05, 1.3198e+03, 2.4260e+01, 
 1DIAGNOSTIC,    40, -6.768999595069e-01, 2.569127099654e-05, 1.3443e+03, 2.4437e+01, 
 1DIAGNOSTIC,    41, -6.770343648910e-01, 2.358493848233e-05, 1.3686e+03, 2.4356e+01, 
 1DIAGNOSTIC,    42, -6.772103848618e-01, 2.343295783176e-05, 1.3937e+03, 2.5135e+01, 
 1DIAGNOSTIC,    43, -6.773961394105e-01, 2.456775036263e-05, 1.4181e+03, 2.4364e+01, 
 1DIAGNOSTIC,    44, -6.775724514640e-01, 2.648891643939e-05, 1.4433e+03, 2.5206e+01, 
 1DIAGNOSTIC,    45, -6.778246784631e-01, 2.887967747112e-05, 1.4685e+03, 2.5160e+01, 
 1DIAGNOSTIC,    46, -6.780792472831e-01, 3.171113493002e-05, 1.4937e+03, 2.5177e+01, 
 1DIAGNOSTIC,    47, -6.782983205737e-01, 3.415133243236e-05, 1.5190e+03, 2.5297e+01, 
 1DIAGNOSTIC,    48, -6.785189845459e-01, 3.609963759359e-05, 1.5444e+03, 2.5473e+01, 
 1DIAGNOSTIC,    49, -6.787111187497e-01, 3.719208484429e-05, 1.5696e+03, 2.5127e+01, 
 1DIAGNOSTIC,    50, -6.789034319858e-01, 3.742913290323e-05, 1.5948e+03, 2.5246e+01, 
  Elapsed time (stage 2): 1623


Total elapsed time: 1732
