Changed directory to /lustre/scratch/wbic-beta/ccn30/ENCRYPT/gridcellpilot/scripts/coregistration/slurmoutputs.

JobID: 4099953
======
Time: Wed Oct 23 09:36:42 BST 2019
Running on master node: wbic-csm-6
Current directory: /lustre/scratch/wbic-beta/ccn30/ENCRYPT/gridcellpilot/scripts/coregistration/slurmoutputs

Nodes allocated:
================
wbic-csm-6

numtasks=1, numnodes=1, mpi_tasks_per_node=1 (OMP_NUM_THREADS=1)

Executing command:
==================
/lustre/scratch/wbic-beta/ccn30/ENCRYPT/gridcellpilot/scripts/coregistration/coreg_all.sh /lustre/scratch/wbic-beta/ccn30/ENCRYPT/gridcellpilot 28061/20190911_U-ID46160

28061
/lustre/scratch/wbic-beta/ccn30/ENCRYPT/gridcellpilot/preprocessed_data/segmentation/28061
mkdir: cannot create directory ‘/lustre/scratch/wbic-beta/ccn30/ENCRYPT/gridcellpilot/preprocessed_data/segmentation/28061/coregistration’: File exists
Making coregistration directory...
/lustre/scratch/wbic-beta/ccn30/ENCRYPT/gridcellpilot/preprocessed_data/segmentation/28061/coregistration
EXECUTING t2 to t1 coreg:  28061

--------------------------------------------------------------------------------------
 Mapping parameters
--------------------------------------------------------------------------------------
 ANTSPATH is /applications/ANTS/2.2.0/bin/

 Dimensionality:           3
 Output name prefix:       /lustre/scratch/wbic-beta/ccn30/ENCRYPT/gridcellpilot/preprocessed_data/segmentation/28061/coregistration/T1toT2_ANTS_
 Fixed images:             /lustre/scratch/wbic-beta/ccn30/ENCRYPT/gridcellpilot/raw_data/images/28061/20190911_U-ID46160/Series_033_Highresolution_TSE_PAT2_100/N4Series_033_Highresolution_TSE_PAT2_100_c32.nii
 Moving images:            /lustre/scratch/wbic-beta/ccn30/ENCRYPT/gridcellpilot/raw_data/images/28061/20190911_U-ID46160/mp2rage/reorientn4mag0000_PSIR_skulled_std.nii
 Number of threads:        1
 Spline distance:          26
 Transform type:           s
 MI histogram bins:        32
 Precision:                d
 Use histogram matching    0
======================================================================================
 antsRegistration call:
--------------------------------------------------------------------------------------
/applications/ANTS/2.2.0/bin//antsRegistration --verbose 1 --dimensionality 3 --float 0 --output [/lustre/scratch/wbic-beta/ccn30/ENCRYPT/gridcellpilot/preprocessed_data/segmentation/28061/coregistration/T1toT2_ANTS_,/lustre/scratch/wbic-beta/ccn30/ENCRYPT/gridcellpilot/preprocessed_data/segmentation/28061/coregistration/T1toT2_ANTS_Warped.nii.gz,/lustre/scratch/wbic-beta/ccn30/ENCRYPT/gridcellpilot/preprocessed_data/segmentation/28061/coregistration/T1toT2_ANTS_InverseWarped.nii.gz] --interpolation Linear --use-histogram-matching 0 --winsorize-image-intensities [0.005,0.995] --initial-moving-transform [/lustre/scratch/wbic-beta/ccn30/ENCRYPT/gridcellpilot/raw_data/images/28061/20190911_U-ID46160/Series_033_Highresolution_TSE_PAT2_100/N4Series_033_Highresolution_TSE_PAT2_100_c32.nii,/lustre/scratch/wbic-beta/ccn30/ENCRYPT/gridcellpilot/raw_data/images/28061/20190911_U-ID46160/mp2rage/reorientn4mag0000_PSIR_skulled_std.nii,1] --transform Rigid[0.1] --metric MI[/lustre/scratch/wbic-beta/ccn30/ENCRYPT/gridcellpilot/raw_data/images/28061/20190911_U-ID46160/Series_033_Highresolution_TSE_PAT2_100/N4Series_033_Highresolution_TSE_PAT2_100_c32.nii,/lustre/scratch/wbic-beta/ccn30/ENCRYPT/gridcellpilot/raw_data/images/28061/20190911_U-ID46160/mp2rage/reorientn4mag0000_PSIR_skulled_std.nii,1,32,Regular,0.25] --convergence [1000x500x250x0,1e-6,10] --shrink-factors 12x8x4x2 --smoothing-sigmas 4x3x2x1vox --transform Affine[0.1] --metric MI[/lustre/scratch/wbic-beta/ccn30/ENCRYPT/gridcellpilot/raw_data/images/28061/20190911_U-ID46160/Series_033_Highresolution_TSE_PAT2_100/N4Series_033_Highresolution_TSE_PAT2_100_c32.nii,/lustre/scratch/wbic-beta/ccn30/ENCRYPT/gridcellpilot/raw_data/images/28061/20190911_U-ID46160/mp2rage/reorientn4mag0000_PSIR_skulled_std.nii,1,32,Regular,0.25] --convergence [1000x500x250x0,1e-6,10] --shrink-factors 12x8x4x2 --smoothing-sigmas 4x3x2x1vox --transform SyN[0.1,3,0] --metric MI[/lustre/scratch/wbic-beta/ccn30/ENCRYPT/gridcellpilot/raw_data/images/28061/20190911_U-ID46160/Series_033_Highresolution_TSE_PAT2_100/N4Series_033_Highresolution_TSE_PAT2_100_c32.nii,/lustre/scratch/wbic-beta/ccn30/ENCRYPT/gridcellpilot/raw_data/images/28061/20190911_U-ID46160/mp2rage/reorientn4mag0000_PSIR_skulled_std.nii,1,32] --convergence [100x100x70x50x0,1e-6,10] --shrink-factors 10x6x4x2x1 --smoothing-sigmas 5x3x2x1x0vox
--------------------------------------------------------------------------------------
All_Command_lines_OK
Using double precision for computations.
=============================================================================
The composite transform comprises the following transforms (in order): 
  1. Center of mass alignment using fixed image: /lustre/scratch/wbic-beta/ccn30/ENCRYPT/gridcellpilot/raw_data/images/28061/20190911_U-ID46160/Series_033_Highresolution_TSE_PAT2_100/N4Series_033_Highresolution_TSE_PAT2_100_c32.nii and moving image: /lustre/scratch/wbic-beta/ccn30/ENCRYPT/gridcellpilot/raw_data/images/28061/20190911_U-ID46160/mp2rage/reorientn4mag0000_PSIR_skulled_std.nii (type = Euler3DTransform)
=============================================================================
  number of levels = 4
  number of levels = 4
  number of levels = 5
  fixed image: /lustre/scratch/wbic-beta/ccn30/ENCRYPT/gridcellpilot/raw_data/images/28061/20190911_U-ID46160/Series_033_Highresolution_TSE_PAT2_100/N4Series_033_Highresolution_TSE_PAT2_100_c32.nii
  moving image: /lustre/scratch/wbic-beta/ccn30/ENCRYPT/gridcellpilot/raw_data/images/28061/20190911_U-ID46160/mp2rage/reorientn4mag0000_PSIR_skulled_std.nii
  fixed image: /lustre/scratch/wbic-beta/ccn30/ENCRYPT/gridcellpilot/raw_data/images/28061/20190911_U-ID46160/Series_033_Highresolution_TSE_PAT2_100/N4Series_033_Highresolution_TSE_PAT2_100_c32.nii
  moving image: /lustre/scratch/wbic-beta/ccn30/ENCRYPT/gridcellpilot/raw_data/images/28061/20190911_U-ID46160/mp2rage/reorientn4mag0000_PSIR_skulled_std.nii
  fixed image: /lustre/scratch/wbic-beta/ccn30/ENCRYPT/gridcellpilot/raw_data/images/28061/20190911_U-ID46160/Series_033_Highresolution_TSE_PAT2_100/N4Series_033_Highresolution_TSE_PAT2_100_c32.nii
  moving image: /lustre/scratch/wbic-beta/ccn30/ENCRYPT/gridcellpilot/raw_data/images/28061/20190911_U-ID46160/mp2rage/reorientn4mag0000_PSIR_skulled_std.nii
Dimension = 3
Number of stages = 3
Use Histogram Matching false
Winsorize image intensities true
Lower quantile = 0.005
Upper quantile = 0.995
Stage 1 State
   Image metric = Mattes
     Fixed image = Image (0x3c27610)
  RTTI typeinfo:   itk::Image<double, 3u>
  Reference Count: 2
  Modified Time: 1713
  Debug: Off
  Object Name: 
  Observers: 
    none
  Source: (none)
  Source output name: (none)
  Release Data: Off
  Data Released: False
  Global Release Data: Off
  PipelineMTime: 0
  UpdateMTime: 1535
  RealTimeStamp: 0 seconds 
  LargestPossibleRegion: 
    Dimension: 3
    Index: [0, 0, 0]
    Size: [512, 512, 54]
  BufferedRegion: 
    Dimension: 3
    Index: [0, 0, 0]
    Size: [512, 512, 54]
  RequestedRegion: 
    Dimension: 3
    Index: [0, 0, 0]
    Size: [512, 512, 54]
  Spacing: [0.4375, 0.4375, 1.1]
  Origin: [-111.869, 7.06864, -102.679]
  Direction: 
0.999986 -0.00236425 0.00468622
-0.00524879 -0.453984 0.890994
-2.09393e-05 0.891007 0.45399

  IndexToPointMatrix: 
0.437494 -0.00103436 0.00515484
-0.00229635 -0.198618 0.980095
-9.16093e-06 0.389815 0.49939

  PointToIndexMatrix: 
2.28568 -0.0119972 -4.78613e-05
-0.00540399 -1.03768 2.03659
0.00426019 0.809994 0.412718

  Inverse Direction: 
0.999986 -0.00524879 -2.09393e-05
-0.00236425 -0.453984 0.891007
0.00468622 0.890994 0.45399

  PixelContainer: 
    ImportImageContainer (0x3c215e0)
      RTTI typeinfo:   itk::ImportImageContainer<unsigned long, double>
      Reference Count: 1
      Modified Time: 1532
      Debug: Off
      Object Name: 
      Observers: 
        none
      Pointer: 0x2b6954c71010
      Container manages memory: true
      Size: 14155776
      Capacity: 14155776

     Moving image = Image (0x3c282f0)
  RTTI typeinfo:   itk::Image<double, 3u>
  Reference Count: 2
  Modified Time: 1714
  Debug: Off
  Object Name: 
  Observers: 
    none
  Source: (none)
  Source output name: (none)
  Release Data: Off
  Data Released: False
  Global Release Data: Off
  PipelineMTime: 0
  UpdateMTime: 1711
  RealTimeStamp: 0 seconds 
  LargestPossibleRegion: 
    Dimension: 3
    Index: [0, 0, 0]
    Size: [224, 320, 320]
  BufferedRegion: 
    Dimension: 3
    Index: [0, 0, 0]
    Size: [224, 320, 320]
  RequestedRegion: 
    Dimension: 3
    Index: [0, 0, 0]
    Size: [224, 320, 320]
  Spacing: [0.699997, 0.7, 0.7]
  Origin: [-77.4301, 74.7286, -97.6632]
  Direction: 
1 0 0
0 -1 0
0 0 1

  IndexToPointMatrix: 
0.699997 0 0
0 -0.7 0
0 0 0.7

  PointToIndexMatrix: 
1.42858 0 0
0 -1.42857 0
0 0 1.42857

  Inverse Direction: 
1 0 0
0 -1 0
0 0 1

  PixelContainer: 
    ImportImageContainer (0x3c25c90)
      RTTI typeinfo:   itk::ImportImageContainer<unsigned long, double>
      Reference Count: 1
      Modified Time: 1708
      Debug: Off
      Object Name: 
      Observers: 
        none
      Pointer: 0x2b695b872010
      Container manages memory: true
      Size: 22937600
      Capacity: 22937600

     Weighting = 1
     Sampling strategy = regular
     Number of bins = 32
     Radius = 4
     Sampling percentage  = 0.25
   Transform = Rigid
     Gradient step = 0.1
     Update field sigma (voxel space) = 0
     Total field sigma (voxel space) = 0
     Update field time sigma = 0
     Total field time sigma  = 0
     Number of time indices = 0
     Number of time point samples = 0
Stage 2 State
   Image metric = Mattes
     Fixed image = Image (0x3c29010)
  RTTI typeinfo:   itk::Image<double, 3u>
  Reference Count: 2
  Modified Time: 2067
  Debug: Off
  Object Name: 
  Observers: 
    none
  Source: (none)
  Source output name: (none)
  Release Data: Off
  Data Released: False
  Global Release Data: Off
  PipelineMTime: 0
  UpdateMTime: 1889
  RealTimeStamp: 0 seconds 
  LargestPossibleRegion: 
    Dimension: 3
    Index: [0, 0, 0]
    Size: [512, 512, 54]
  BufferedRegion: 
    Dimension: 3
    Index: [0, 0, 0]
    Size: [512, 512, 54]
  RequestedRegion: 
    Dimension: 3
    Index: [0, 0, 0]
    Size: [512, 512, 54]
  Spacing: [0.4375, 0.4375, 1.1]
  Origin: [-111.869, 7.06864, -102.679]
  Direction: 
0.999986 -0.00236425 0.00468622
-0.00524879 -0.453984 0.890994
-2.09393e-05 0.891007 0.45399

  IndexToPointMatrix: 
0.437494 -0.00103436 0.00515484
-0.00229635 -0.198618 0.980095
-9.16093e-06 0.389815 0.49939

  PointToIndexMatrix: 
2.28568 -0.0119972 -4.78613e-05
-0.00540399 -1.03768 2.03659
0.00426019 0.809994 0.412718

  Inverse Direction: 
0.999986 -0.00524879 -2.09393e-05
-0.00236425 -0.453984 0.891007
0.00468622 0.890994 0.45399

  PixelContainer: 
    ImportImageContainer (0x3c22210)
      RTTI typeinfo:   itk::ImportImageContainer<unsigned long, double>
      Reference Count: 1
      Modified Time: 1886
      Debug: Off
      Object Name: 
      Observers: 
        none
      Pointer: 0x2b6966773010
      Container manages memory: true
      Size: 14155776
      Capacity: 14155776

     Moving image = Image (0x3c34cd0)
  RTTI typeinfo:   itk::Image<double, 3u>
  Reference Count: 2
  Modified Time: 2068
  Debug: Off
  Object Name: 
  Observers: 
    none
  Source: (none)
  Source output name: (none)
  Release Data: Off
  Data Released: False
  Global Release Data: Off
  PipelineMTime: 0
  UpdateMTime: 2065
  RealTimeStamp: 0 seconds 
  LargestPossibleRegion: 
    Dimension: 3
    Index: [0, 0, 0]
    Size: [224, 320, 320]
  BufferedRegion: 
    Dimension: 3
    Index: [0, 0, 0]
    Size: [224, 320, 320]
  RequestedRegion: 
    Dimension: 3
    Index: [0, 0, 0]
    Size: [224, 320, 320]
  Spacing: [0.699997, 0.7, 0.7]
  Origin: [-77.4301, 74.7286, -97.6632]
  Direction: 
1 0 0
0 -1 0
0 0 1

  IndexToPointMatrix: 
0.699997 0 0
0 -0.7 0
0 0 0.7

  PointToIndexMatrix: 
1.42858 0 0
0 -1.42857 0
0 0 1.42857

  Inverse Direction: 
1 0 0
0 -1 0
0 0 1

  PixelContainer: 
    ImportImageContainer (0x3c34f60)
      RTTI typeinfo:   itk::ImportImageContainer<unsigned long, double>
      Reference Count: 1
      Modified Time: 2062
      Debug: Off
      Object Name: 
      Observers: 
        none
      Pointer: 0x2b696d374010
      Container manages memory: true
      Size: 22937600
      Capacity: 22937600

     Weighting = 1
     Sampling strategy = regular
     Number of bins = 32
     Radius = 4
     Sampling percentage  = 0.25
   Transform = Affine
     Gradient step = 0.1
     Update field sigma (voxel space) = 0
     Total field sigma (voxel space) = 0
     Update field time sigma = 0
     Total field time sigma  = 0
     Number of time indices = 0
     Number of time point samples = 0
Stage 3 State
   Image metric = Mattes
     Fixed image = Image (0x3c34fc0)
  RTTI typeinfo:   itk::Image<double, 3u>
  Reference Count: 2
  Modified Time: 2421
  Debug: Off
  Object Name: 
  Observers: 
    none
  Source: (none)
  Source output name: (none)
  Release Data: Off
  Data Released: False
  Global Release Data: Off
  PipelineMTime: 0
  UpdateMTime: 2243
  RealTimeStamp: 0 seconds 
  LargestPossibleRegion: 
    Dimension: 3
    Index: [0, 0, 0]
    Size: [512, 512, 54]
  BufferedRegion: 
    Dimension: 3
    Index: [0, 0, 0]
    Size: [512, 512, 54]
  RequestedRegion: 
    Dimension: 3
    Index: [0, 0, 0]
    Size: [512, 512, 54]
  Spacing: [0.4375, 0.4375, 1.1]
  Origin: [-111.869, 7.06864, -102.679]
  Direction: 
0.999986 -0.00236425 0.00468622
-0.00524879 -0.453984 0.890994
-2.09393e-05 0.891007 0.45399

  IndexToPointMatrix: 
0.437494 -0.00103436 0.00515484
-0.00229635 -0.198618 0.980095
-9.16093e-06 0.389815 0.49939

  PointToIndexMatrix: 
2.28568 -0.0119972 -4.78613e-05
-0.00540399 -1.03768 2.03659
0.00426019 0.809994 0.412718

  Inverse Direction: 
0.999986 -0.00524879 -2.09393e-05
-0.00236425 -0.453984 0.891007
0.00468622 0.890994 0.45399

  PixelContainer: 
    ImportImageContainer (0x3c36dd0)
      RTTI typeinfo:   itk::ImportImageContainer<unsigned long, double>
      Reference Count: 1
      Modified Time: 2240
      Debug: Off
      Object Name: 
      Observers: 
        none
      Pointer: 0x2b6978275010
      Container manages memory: true
      Size: 14155776
      Capacity: 14155776

     Moving image = Image (0x3c3d6f0)
  RTTI typeinfo:   itk::Image<double, 3u>
  Reference Count: 2
  Modified Time: 2422
  Debug: Off
  Object Name: 
  Observers: 
    none
  Source: (none)
  Source output name: (none)
  Release Data: Off
  Data Released: False
  Global Release Data: Off
  PipelineMTime: 0
  UpdateMTime: 2419
  RealTimeStamp: 0 seconds 
  LargestPossibleRegion: 
    Dimension: 3
    Index: [0, 0, 0]
    Size: [224, 320, 320]
  BufferedRegion: 
    Dimension: 3
    Index: [0, 0, 0]
    Size: [224, 320, 320]
  RequestedRegion: 
    Dimension: 3
    Index: [0, 0, 0]
    Size: [224, 320, 320]
  Spacing: [0.699997, 0.7, 0.7]
  Origin: [-77.4301, 74.7286, -97.6632]
  Direction: 
1 0 0
0 -1 0
0 0 1

  IndexToPointMatrix: 
0.699997 0 0
0 -0.7 0
0 0 0.7

  PointToIndexMatrix: 
1.42858 0 0
0 -1.42857 0
0 0 1.42857

  Inverse Direction: 
1 0 0
0 -1 0
0 0 1

  PixelContainer: 
    ImportImageContainer (0x3c3d980)
      RTTI typeinfo:   itk::ImportImageContainer<unsigned long, double>
      Reference Count: 1
      Modified Time: 2416
      Debug: Off
      Object Name: 
      Observers: 
        none
      Pointer: 0x2b697ee76010
      Container manages memory: true
      Size: 22937600
      Capacity: 22937600

     Weighting = 1
     Sampling strategy = none
     Number of bins = 32
     Radius = 4
     Sampling percentage  = 1
   Transform = SyN
     Gradient step = 0.1
     Update field sigma (voxel space) = 3
     Total field sigma (voxel space) = 0
     Update field time sigma = 0
     Total field time sigma  = 0
     Number of time indices = 0
     Number of time point samples = 0
Registration using 3 total stages.

Stage 0
  iterations = 1000x500x250x0
  convergence threshold = 1e-06
  convergence window size = 10
  number of levels = 4
  using the Mattes MI metric (number of bins = 32, weight = 1)
  preprocessing:  winsorizing the image intensities
  Shrink factors (level 1 out of 4): [12, 12, 5]
  Shrink factors (level 2 out of 4): [8, 8, 3]
  Shrink factors (level 3 out of 4): [4, 4, 2]
  Shrink factors (level 4 out of 4): [2, 2, 1]
  smoothing sigmas per level: [4, 3, 2, 1]
  regular sampling (percentage = 0.25)

*** Running Euler3DTransform registration ***

DIAGNOSTIC,Iteration,metricValue,convergenceValue,ITERATION_TIME_INDEX,SINCE_LAST
 2DIAGNOSTIC,     1, -2.614112430427e-01, 1.797693134862e+308, 1.9108e+01, 1.9108e+01, 
 2DIAGNOSTIC,     2, -2.623793882347e-01, 1.797693134862e+308, 1.9138e+01, 2.9894e-02, 
 2DIAGNOSTIC,     3, -2.652653087845e-01, 1.797693134862e+308, 1.9166e+01, 2.8349e-02, 
 2DIAGNOSTIC,     4, -2.680099583561e-01, 1.797693134862e+308, 1.9192e+01, 2.5961e-02, 
 2DIAGNOSTIC,     5, -2.697661864967e-01, 1.797693134862e+308, 1.9219e+01, 2.6990e-02, 
 2DIAGNOSTIC,     6, -2.728442969662e-01, 1.797693134862e+308, 1.9243e+01, 2.4348e-02, 
 2DIAGNOSTIC,     7, -3.211453378880e-01, 1.797693134862e+308, 1.9298e+01, 5.4107e-02, 
 2DIAGNOSTIC,     8, -3.685186659622e-01, 1.797693134862e+308, 1.9347e+01, 4.9677e-02, 
 2DIAGNOSTIC,     9, -3.728929176894e-01, 1.797693134862e+308, 1.9373e+01, 2.5359e-02, 
 2DIAGNOSTIC,    10, -3.809191722750e-01, 2.931611009477e-02, 1.9395e+01, 2.2108e-02, 
 2DIAGNOSTIC,    11, -3.895660680737e-01, 2.947311773951e-02, 1.9417e+01, 2.2326e-02, 
 2DIAGNOSTIC,    12, -3.931306768578e-01, 2.723879951933e-02, 1.9440e+01, 2.2531e-02, 
 2DIAGNOSTIC,    13, -3.942916818051e-01, 2.321259277385e-02, 1.9467e+01, 2.7626e-02, 
 2DIAGNOSTIC,    14, -3.945865543581e-01, 1.802384000017e-02, 1.9489e+01, 2.1731e-02, 
 2DIAGNOSTIC,    15, -3.946071474077e-01, 1.219442694744e-02, 1.9511e+01, 2.1758e-02, 
 2DIAGNOSTIC,    16, -3.945084320007e-01, 6.219828901289e-03, 1.9537e+01, 2.6322e-02, 
 2DIAGNOSTIC,    17, -3.955599756674e-01, 2.848013500953e-03, 1.9567e+01, 3.0091e-02, 
 2DIAGNOSTIC,    18, -3.959294438619e-01, 1.838589121565e-03, 1.9597e+01, 2.9606e-02, 
 2DIAGNOSTIC,    19, -3.954556198196e-01, 9.465268446986e-04, 1.9640e+01, 4.3049e-02, 
 2DIAGNOSTIC,    20, -3.956599412159e-01, 3.969221477484e-04, 1.9666e+01, 2.6103e-02, 
 2DIAGNOSTIC,    21, -3.954557616675e-01, 1.911879110117e-04, 1.9692e+01, 2.5933e-02, 
 2DIAGNOSTIC,    22, -3.954865190355e-01, 1.184309111488e-04, 1.9722e+01, 3.0744e-02, 
 2DIAGNOSTIC,    23, -3.956501811081e-01, 8.727140880334e-05, 1.9753e+01, 3.0856e-02, 
 2DIAGNOSTIC,    24, -3.955196742283e-01, 5.689346473865e-05, 1.9774e+01, 2.1089e-02, 
 2DIAGNOSTIC,    25, -3.953513217105e-01, 2.018106833029e-05, 1.9799e+01, 2.4212e-02, 
DIAGNOSTIC,Iteration,metricValue,convergenceValue,ITERATION_TIME_INDEX,SINCE_LAST
 2DIAGNOSTIC,     1, -3.837896612858e-01, 1.797693134862e+308, 3.4743e+01, 1.4944e+01, 
 2DIAGNOSTIC,     2, -3.845649279601e-01, 1.797693134862e+308, 3.4859e+01, 1.1556e-01, 
 2DIAGNOSTIC,     3, -3.849034448169e-01, 1.797693134862e+308, 3.4952e+01, 9.3803e-02, 
 2DIAGNOSTIC,     4, -3.851260191624e-01, 1.797693134862e+308, 3.5047e+01, 9.4197e-02, 
 2DIAGNOSTIC,     5, -3.855707213751e-01, 1.797693134862e+308, 3.5141e+01, 9.3904e-02, 
 2DIAGNOSTIC,     6, -3.861550494074e-01, 1.797693134862e+308, 3.5233e+01, 9.2750e-02, 
 2DIAGNOSTIC,     7, -3.868108498705e-01, 1.797693134862e+308, 3.5404e+01, 1.7031e-01, 
 2DIAGNOSTIC,     8, -3.869985501203e-01, 1.797693134862e+308, 3.5494e+01, 9.0821e-02, 
 2DIAGNOSTIC,     9, -3.870839383893e-01, 1.797693134862e+308, 3.5588e+01, 9.3656e-02, 
 2DIAGNOSTIC,    10, -3.871935662637e-01, 5.894446822411e-04, 3.5723e+01, 1.3490e-01, 
 2DIAGNOSTIC,    11, -3.872434099402e-01, 4.600453428846e-04, 3.5815e+01, 9.2030e-02, 
 2DIAGNOSTIC,    12, -3.873160596386e-01, 3.625501302398e-04, 3.5908e+01, 9.2717e-02, 
 2DIAGNOSTIC,    13, -3.876301451290e-01, 2.847029271475e-04, 3.6059e+01, 1.5176e-01, 
 2DIAGNOSTIC,    14, -3.876818056427e-01, 2.065403777997e-04, 3.6151e+01, 9.1062e-02, 
 2DIAGNOSTIC,    15, -3.876910001214e-01, 1.422205863924e-04, 3.6242e+01, 9.1064e-02, 
 2DIAGNOSTIC,    16, -3.877032961739e-01, 1.000298323805e-04, 3.6375e+01, 1.3352e-01, 
 2DIAGNOSTIC,    17, -3.877094713643e-01, 8.222793096673e-05, 3.6492e+01, 1.1718e-01, 
 2DIAGNOSTIC,    18, -3.876662817943e-01, 6.464719141857e-05, 3.6584e+01, 9.1973e-02, 
 2DIAGNOSTIC,    19, -3.876677601841e-01, 4.638196471031e-05, 3.6676e+01, 9.2169e-02, 
 2DIAGNOSTIC,    20, -3.876692396053e-01, 3.001360013460e-05, 3.6768e+01, 9.1187e-02, 
 2DIAGNOSTIC,    21, -3.876702235665e-01, 1.439363539781e-05, 3.6886e+01, 1.1803e-01, 
 2DIAGNOSTIC,    22, -3.876714904309e-01, 1.189422685309e-06, 3.7044e+01, 1.5860e-01, 
DIAGNOSTIC,Iteration,metricValue,convergenceValue,ITERATION_TIME_INDEX,SINCE_LAST
 2DIAGNOSTIC,     1, -3.751437951188e-01, 1.797693134862e+308, 4.5208e+01, 8.1634e+00, 
 2DIAGNOSTIC,     2, -3.761283053152e-01, 1.797693134862e+308, 4.5664e+01, 4.5625e-01, 
 2DIAGNOSTIC,     3, -3.765503048031e-01, 1.797693134862e+308, 4.6120e+01, 4.5654e-01, 
 2DIAGNOSTIC,     4, -3.765966896933e-01, 1.797693134862e+308, 4.6581e+01, 4.6054e-01, 
 2DIAGNOSTIC,     5, -3.766287845693e-01, 1.797693134862e+308, 4.7141e+01, 5.6035e-01, 
 2DIAGNOSTIC,     6, -3.766776844962e-01, 1.797693134862e+308, 4.7888e+01, 7.4636e-01, 
 2DIAGNOSTIC,     7, -3.767148905352e-01, 1.797693134862e+308, 4.8432e+01, 5.4410e-01, 
 2DIAGNOSTIC,     8, -3.767366381266e-01, 1.797693134862e+308, 4.8871e+01, 4.3967e-01, 
 2DIAGNOSTIC,     9, -3.767409541078e-01, 1.797693134862e+308, 4.9307e+01, 4.3590e-01, 
 2DIAGNOSTIC,    10, -3.767469462001e-01, 1.792664776970e-04, 4.9749e+01, 4.4135e-01, 
 2DIAGNOSTIC,    11, -3.767547584780e-01, 6.850175710101e-05, 5.0184e+01, 4.3500e-01, 
 2DIAGNOSTIC,    12, -3.767700238136e-01, 3.246233665045e-05, 5.0706e+01, 5.2234e-01, 
 2DIAGNOSTIC,    13, -3.767809314760e-01, 2.436176236439e-05, 5.1593e+01, 8.8714e-01, 
 2DIAGNOSTIC,    14, -3.767705348492e-01, 1.737439643321e-05, 5.2027e+01, 4.3359e-01, 
 2DIAGNOSTIC,    15, -3.767706890085e-01, 1.155980829533e-05, 5.2455e+01, 4.2808e-01, 
 2DIAGNOSTIC,    16, -3.767712943969e-01, 7.899743460396e-06, 5.2885e+01, 4.3048e-01, 
 2DIAGNOSTIC,    17, -3.767715201061e-01, 5.744281836612e-06, 5.3316e+01, 4.3058e-01, 
 2DIAGNOSTIC,    18, -3.767834415494e-01, 4.877145348421e-06, 5.5358e+01, 2.0418e+00, 
 2DIAGNOSTIC,    19, -3.767834415350e-01, 3.983722968434e-06, 5.7425e+01, 2.0668e+00, 
 2DIAGNOSTIC,    20, -3.767834415350e-01, 3.203288600311e-06, 5.8045e+01, 6.2051e-01, 
 2DIAGNOSTIC,    21, -3.767834415349e-01, 2.617227148324e-06, 5.8599e+01, 5.5392e-01, 
 2DIAGNOSTIC,    22, -3.767834415349e-01, 2.488498944880e-06, 5.9139e+01, 5.3977e-01, 
 2DIAGNOSTIC,    23, -3.767834415349e-01, 2.634882485121e-06, 5.9863e+01, 7.2444e-01, 
 2DIAGNOSTIC,    24, -3.767834415349e-01, 2.323684635777e-06, 6.0591e+01, 7.2747e-01, 
 2DIAGNOSTIC,    25, -3.767834415349e-01, 1.953777328152e-06, 6.1119e+01, 5.2876e-01, 
 2DIAGNOSTIC,    26, -3.767834415349e-01, 1.569843594180e-06, 6.1645e+01, 5.2567e-01, 
 2DIAGNOSTIC,    27, -3.767834415349e-01, 1.178522985680e-06, 6.2177e+01, 5.3141e-01, 
 2DIAGNOSTIC,    28, -3.767834415349e-01, 1.136420242118e-06, 6.2710e+01, 5.3341e-01, 
 2DIAGNOSTIC,    29, -3.767834415349e-01, 1.097221628846e-06, 6.3237e+01, 5.2712e-01, 
 2DIAGNOSTIC,    30, -3.767834415349e-01, 1.060637011191e-06, 6.3766e+01, 5.2905e-01, 
 2DIAGNOSTIC,    31, -3.767834415349e-01, 1.026413351146e-06, 6.4293e+01, 5.2709e-01, 
DIAGNOSTIC,Iteration,metricValue,convergenceValue,ITERATION_TIME_INDEX,SINCE_LAST
 2DIAGNOSTIC,     1, -3.045585676930e-01, 1.797693134862e+308, 7.2722e+01, 8.4289e+00, 
  Elapsed time (stage 0): 7.5870e+01


Stage 1
  iterations = 1000x500x250x0
  convergence threshold = 1.0000e-06
  convergence window size = 10
  number of levels = 4
  using the Mattes MI metric (number of bins = 32, weight = 1.0000e+00)
  preprocessing:  winsorizing the image intensities
  Shrink factors (level 1 out of 4): [12, 12, 5]
  Shrink factors (level 2 out of 4): [8, 8, 3]
  Shrink factors (level 3 out of 4): [4, 4, 2]
  Shrink factors (level 4 out of 4): [2, 2, 1]
  smoothing sigmas per level: [4, 3, 2, 1]
  regular sampling (percentage = 2.5000e-01)

*** Running AffineTransform registration ***

DIAGNOSTIC,Iteration,metricValue,convergenceValue,ITERATION_TIME_INDEX,SINCE_LAST
 2DIAGNOSTIC,     1, -3.916328006140e-01, 1.797693134862e+308, 1.8293e+01, 1.8293e+01, 
 2DIAGNOSTIC,     2, -3.928849164572e-01, 1.797693134862e+308, 1.8322e+01, 2.9246e-02, 
 2DIAGNOSTIC,     3, -3.949013036773e-01, 1.797693134862e+308, 1.8349e+01, 2.6822e-02, 
 2DIAGNOSTIC,     4, -3.986740090513e-01, 1.797693134862e+308, 1.8374e+01, 2.4921e-02, 
 2DIAGNOSTIC,     5, -4.038448506951e-01, 1.797693134862e+308, 1.8397e+01, 2.3499e-02, 
 2DIAGNOSTIC,     6, -4.168984634456e-01, 1.797693134862e+308, 1.8424e+01, 2.6452e-02, 
 2DIAGNOSTIC,     7, -4.183271661001e-01, 1.797693134862e+308, 1.8446e+01, 2.2760e-02, 
 2DIAGNOSTIC,     8, -4.204439210117e-01, 1.797693134862e+308, 1.8481e+01, 3.4354e-02, 
 2DIAGNOSTIC,     9, -4.215456451621e-01, 1.797693134862e+308, 1.8503e+01, 2.2377e-02, 
 2DIAGNOSTIC,    10, -4.220540863875e-01, 5.903376076913e-03, 1.8529e+01, 2.5954e-02, 
 2DIAGNOSTIC,    11, -4.223229853570e-01, 4.875021047334e-03, 1.8558e+01, 2.8736e-02, 
 2DIAGNOSTIC,    12, -4.238952428914e-01, 3.749475027344e-03, 1.8584e+01, 2.6248e-02, 
 2DIAGNOSTIC,    13, -4.261002782686e-01, 2.692569273281e-03, 1.8630e+01, 4.5587e-02, 
 2DIAGNOSTIC,    14, -4.263585057858e-01, 1.744155518276e-03, 1.8662e+01, 3.2241e-02, 
 2DIAGNOSTIC,    15, -4.269867836481e-01, 1.019489328757e-03, 1.8692e+01, 3.0405e-02, 
 2DIAGNOSTIC,    16, -4.268088480924e-01, 8.471353087497e-04, 1.8721e+01, 2.8403e-02, 
 2DIAGNOSTIC,    17, -4.267094709570e-01, 6.691343060500e-04, 1.8750e+01, 2.9015e-02, 
 2DIAGNOSTIC,    18, -4.267590928813e-01, 5.300530727355e-04, 1.8774e+01, 2.3885e-02, 
 2DIAGNOSTIC,    19, -4.266122130422e-01, 3.911632368927e-04, 1.8818e+01, 4.4284e-02, 
 2DIAGNOSTIC,    20, -4.262918673997e-01, 2.381015722551e-04, 1.8842e+01, 2.3857e-02, 
 2DIAGNOSTIC,    21, -4.263607033559e-01, 8.870423186063e-05, 1.8865e+01, 2.3232e-02, 
DIAGNOSTIC,Iteration,metricValue,convergenceValue,ITERATION_TIME_INDEX,SINCE_LAST
 2DIAGNOSTIC,     1, -3.922691202074e-01, 1.797693134862e+308, 3.3419e+01, 1.4555e+01, 
 2DIAGNOSTIC,     2, -3.932176971253e-01, 1.797693134862e+308, 3.3538e+01, 1.1820e-01, 
 2DIAGNOSTIC,     3, -3.948790482411e-01, 1.797693134862e+308, 3.3649e+01, 1.1106e-01, 
 2DIAGNOSTIC,     4, -3.967884105638e-01, 1.797693134862e+308, 3.3762e+01, 1.1334e-01, 
 2DIAGNOSTIC,     5, -3.989923439277e-01, 1.797693134862e+308, 3.3876e+01, 1.1400e-01, 
 2DIAGNOSTIC,     6, -4.012371642054e-01, 1.797693134862e+308, 3.4013e+01, 1.3653e-01, 
 2DIAGNOSTIC,     7, -4.016497919112e-01, 1.797693134862e+308, 3.4174e+01, 1.6187e-01, 
 2DIAGNOSTIC,     8, -4.019258778296e-01, 1.797693134862e+308, 3.4291e+01, 1.1636e-01, 
 2DIAGNOSTIC,     9, -4.022290354121e-01, 1.797693134862e+308, 3.4430e+01, 1.3886e-01, 
 2DIAGNOSTIC,    10, -4.026951761235e-01, 1.849002393182e-03, 3.4544e+01, 1.1466e-01, 
 2DIAGNOSTIC,    11, -4.027288549624e-01, 1.401538085046e-03, 3.4656e+01, 1.1116e-01, 
 2DIAGNOSTIC,    12, -4.030221568305e-01, 9.778582511074e-04, 3.4771e+01, 1.1585e-01, 
 2DIAGNOSTIC,    13, -4.033035975805e-01, 6.382296092050e-04, 3.4933e+01, 1.6126e-01, 
 2DIAGNOSTIC,    14, -4.033840149976e-01, 3.887433245940e-04, 3.5091e+01, 1.5846e-01, 
 2DIAGNOSTIC,    15, -4.034700114486e-01, 2.432151268519e-04, 3.5210e+01, 1.1873e-01, 
 2DIAGNOSTIC,    16, -4.036260313250e-01, 2.002758970860e-04, 3.5355e+01, 1.4495e-01, 
 2DIAGNOSTIC,    17, -4.039141375642e-01, 1.732189913786e-04, 3.5472e+01, 1.1710e-01, 
 2DIAGNOSTIC,    18, -4.040649753945e-01, 1.496523837429e-04, 3.5611e+01, 1.3941e-01, 
 2DIAGNOSTIC,    19, -4.042757906375e-01, 1.337176474106e-04, 3.5800e+01, 1.8913e-01, 
 2DIAGNOSTIC,    20, -4.043508784452e-01, 1.264871592812e-04, 3.5916e+01, 1.1516e-01, 
 2DIAGNOSTIC,    21, -4.045806823040e-01, 1.170394294415e-04, 3.6035e+01, 1.1910e-01, 
 2DIAGNOSTIC,    22, -4.047653438514e-01, 1.126067937809e-04, 3.6251e+01, 2.1610e-01, 
 2DIAGNOSTIC,    23, -4.047920748168e-01, 1.075131107738e-04, 3.6368e+01, 1.1729e-01, 
 2DIAGNOSTIC,    24, -4.048419197829e-01, 9.688726331501e-05, 3.6485e+01, 1.1669e-01, 
 2DIAGNOSTIC,    25, -4.048564347859e-01, 8.100402805503e-05, 3.6601e+01, 1.1610e-01, 
 2DIAGNOSTIC,    26, -4.048815584150e-01, 6.358468687317e-05, 3.6761e+01, 1.6042e-01, 
 2DIAGNOSTIC,    27, -4.048901433135e-01, 4.924639021847e-05, 3.6899e+01, 1.3811e-01, 
 2DIAGNOSTIC,    28, -4.048969867938e-01, 3.532563238946e-05, 3.7015e+01, 1.1606e-01, 
 2DIAGNOSTIC,    29, -4.048904959331e-01, 2.419374197507e-05, 3.7154e+01, 1.3904e-01, 
 2DIAGNOSTIC,    30, -4.049090034132e-01, 1.373439764005e-05, 3.7342e+01, 1.8794e-01, 
 2DIAGNOSTIC,    31, -4.049296354376e-01, 8.342836539513e-06, 3.7454e+01, 1.1195e-01, 
 2DIAGNOSTIC,    32, -4.049334132331e-01, 6.741020827650e-06, 3.7571e+01, 1.1681e-01, 
 2DIAGNOSTIC,    33, -4.049404011780e-01, 5.402505614184e-06, 3.7738e+01, 1.6647e-01, 
 2DIAGNOSTIC,    34, -4.049476772775e-01, 4.912856325853e-06, 3.7853e+01, 1.1566e-01, 
 2DIAGNOSTIC,    35, -4.049533935190e-01, 4.463103929091e-06, 3.7968e+01, 1.1484e-01, 
 2DIAGNOSTIC,    36, -4.049681922815e-01, 4.470491976195e-06, 3.8154e+01, 1.8613e-01, 
 2DIAGNOSTIC,    37, -4.049768307023e-01, 4.457850995374e-06, 3.8292e+01, 1.3800e-01, 
 2DIAGNOSTIC,    38, -4.049929979758e-01, 4.542156508660e-06, 3.8407e+01, 1.1459e-01, 
 2DIAGNOSTIC,    39, -4.050233222641e-01, 4.691274019919e-06, 3.8567e+01, 1.6039e-01, 
 2DIAGNOSTIC,    40, -4.050416617911e-01, 5.093190150875e-06, 3.8704e+01, 1.3650e-01, 
 2DIAGNOSTIC,    41, -4.050444436112e-01, 5.466568041800e-06, 3.8863e+01, 1.5958e-01, 
 2DIAGNOSTIC,    42, -4.050466777133e-01, 5.481459439065e-06, 3.8973e+01, 1.0942e-01, 
 2DIAGNOSTIC,    43, -4.050476844094e-01, 5.174977416603e-06, 3.9085e+01, 1.1239e-01, 
 2DIAGNOSTIC,    44, -4.050489102209e-01, 4.588015530355e-06, 3.9222e+01, 1.3661e-01, 
 2DIAGNOSTIC,    45, -4.050496966713e-01, 3.752336881335e-06, 3.9331e+01, 1.0964e-01, 
 2DIAGNOSTIC,    46, -4.050714903293e-01, 3.227684995069e-06, 3.9463e+01, 1.3168e-01, 
 2DIAGNOSTIC,    47, -4.050739106058e-01, 2.642118041865e-06, 3.9618e+01, 1.5481e-01, 
 2DIAGNOSTIC,    48, -4.050762312854e-01, 2.158251645960e-06, 3.9752e+01, 1.3406e-01, 
 2DIAGNOSTIC,    49, -4.050762813995e-01, 1.985577724618e-06, 3.9865e+01, 1.1255e-01, 
 2DIAGNOSTIC,    50, -4.050765320430e-01, 1.952954230663e-06, 3.9978e+01, 1.1333e-01, 
 2DIAGNOSTIC,    51, -4.050770482857e-01, 1.835906325784e-06, 4.0180e+01, 2.0254e-01, 
 2DIAGNOSTIC,    52, -4.050771869530e-01, 1.637534535387e-06, 4.0290e+01, 1.0915e-01, 
 2DIAGNOSTIC,    53, -4.050777179116e-01, 1.372729685856e-06, 4.0398e+01, 1.0873e-01, 
 2DIAGNOSTIC,    54, -4.050784747906e-01, 1.073135867318e-06, 4.0534e+01, 1.3579e-01, 
DIAGNOSTIC,Iteration,metricValue,convergenceValue,ITERATION_TIME_INDEX,SINCE_LAST
 2DIAGNOSTIC,     1, -3.743199279154e-01, 1.797693134862e+308, 4.8766e+01, 8.2321e+00, 
 2DIAGNOSTIC,     2, -3.756523590696e-01, 1.797693134862e+308, 4.9303e+01, 5.3634e-01, 
 2DIAGNOSTIC,     3, -3.770658695058e-01, 1.797693134862e+308, 4.9833e+01, 5.3025e-01, 
 2DIAGNOSTIC,     4, -3.778900494649e-01, 1.797693134862e+308, 5.0368e+01, 5.3509e-01, 
 2DIAGNOSTIC,     5, -3.787612295824e-01, 1.797693134862e+308, 5.1005e+01, 6.3737e-01, 
 2DIAGNOSTIC,     6, -3.790745257643e-01, 1.797693134862e+308, 5.1732e+01, 7.2683e-01, 
 2DIAGNOSTIC,     7, -3.792569899721e-01, 1.797693134862e+308, 5.2257e+01, 5.2472e-01, 
 2DIAGNOSTIC,     8, -3.795393190386e-01, 1.797693134862e+308, 5.2880e+01, 6.2370e-01, 
 2DIAGNOSTIC,     9, -3.797257682005e-01, 1.797693134862e+308, 5.3800e+01, 9.1932e-01, 
 2DIAGNOSTIC,    10, -3.797540793179e-01, 8.615338400457e-04, 5.4326e+01, 5.2587e-01, 
 2DIAGNOSTIC,    11, -3.800244994514e-01, 5.768321146691e-04, 5.4859e+01, 5.3377e-01, 
 2DIAGNOSTIC,    12, -3.805027598537e-01, 3.999904261262e-04, 5.5406e+01, 5.4634e-01, 
 2DIAGNOSTIC,    13, -3.805982335576e-01, 3.003625417258e-04, 5.5937e+01, 5.3099e-01, 
 2DIAGNOSTIC,    14, -3.811517237500e-01, 2.609881222607e-04, 5.6688e+01, 7.5162e-01, 
 2DIAGNOSTIC,    15, -3.812720664273e-01, 2.522907026838e-04, 5.7225e+01, 5.3668e-01, 
 2DIAGNOSTIC,    16, -3.813683514655e-01, 2.409195808610e-04, 5.7865e+01, 6.4025e-01, 
 2DIAGNOSTIC,    17, -3.816163815405e-01, 2.275602624061e-04, 5.8509e+01, 6.4317e-01, 
 2DIAGNOSTIC,    18, -3.819740150935e-01, 2.210551186378e-04, 5.9143e+01, 6.3432e-01, 
 2DIAGNOSTIC,    19, -3.821273584061e-01, 2.080938313696e-04, 5.9772e+01, 6.2920e-01, 
 2DIAGNOSTIC,    20, -3.827161490187e-01, 2.003073457438e-04, 6.0504e+01, 7.3185e-01, 
 2DIAGNOSTIC,    21, -3.830322553327e-01, 1.950929917747e-04, 6.1113e+01, 6.0927e-01, 
 2DIAGNOSTIC,    22, -3.831428754816e-01, 1.923250517105e-04, 6.1766e+01, 6.5279e-01, 
 2DIAGNOSTIC,    23, -3.832001813155e-01, 1.765827014532e-04, 6.2311e+01, 5.4527e-01, 
 2DIAGNOSTIC,    24, -3.832092811703e-01, 1.632782856185e-04, 6.2849e+01, 5.3810e-01, 
 2DIAGNOSTIC,    25, -3.832240040187e-01, 1.397783926790e-04, 6.3390e+01, 5.4069e-01, 
 2DIAGNOSTIC,    26, -3.833022615134e-01, 1.098704118443e-04, 6.4037e+01, 6.4654e-01, 
 2DIAGNOSTIC,    27, -3.833325824485e-01, 7.955072792721e-05, 6.4921e+01, 8.8436e-01, 
 2DIAGNOSTIC,    28, -3.833468855849e-01, 5.411824930524e-05, 6.5482e+01, 5.6139e-01, 
 2DIAGNOSTIC,    29, -3.833608575331e-01, 2.948617483527e-05, 6.6044e+01, 5.6133e-01, 
 2DIAGNOSTIC,    30, -3.834290122036e-01, 1.998640198937e-05, 6.6703e+01, 6.5957e-01, 
 2DIAGNOSTIC,    31, -3.835677048161e-01, 2.012782016648e-05, 6.7472e+01, 7.6901e-01, 
 2DIAGNOSTIC,    32, -3.836363116040e-01, 2.251020634823e-05, 6.8147e+01, 6.7515e-01, 
 2DIAGNOSTIC,    33, -3.836630615361e-01, 2.464297361359e-05, 6.8908e+01, 7.6057e-01, 
 2DIAGNOSTIC,    34, -3.836653595548e-01, 2.471358730351e-05, 6.9462e+01, 5.5375e-01, 
 2DIAGNOSTIC,    35, -3.836561792738e-01, 2.259728791309e-05, 7.0015e+01, 5.5380e-01, 
 2DIAGNOSTIC,    36, -3.836414378292e-01, 1.979880122662e-05, 7.0568e+01, 5.5213e-01, 
 2DIAGNOSTIC,    37, -3.836484954192e-01, 1.609452946677e-05, 7.1464e+01, 8.9614e-01, 
 2DIAGNOSTIC,    38, -3.836539916857e-01, 1.155239512368e-05, 7.2933e+01, 1.4689e+00, 
 2DIAGNOSTIC,    39, -3.836539938812e-01, 6.498772172174e-06, 7.3489e+01, 5.5669e-01, 
 2DIAGNOSTIC,    40, -3.836540598409e-01, 2.384592243297e-06, 7.4045e+01, 5.5611e-01, 
DIAGNOSTIC,Iteration,metricValue,convergenceValue,ITERATION_TIME_INDEX,SINCE_LAST
 2DIAGNOSTIC,     1, -3.010874382499e-01, 1.797693134862e+308, 8.3138e+01, 9.0921e+00, 
  Elapsed time (stage 1): 8.5389e+01


Stage 2
  iterations = 100x100x70x50x0
  convergence threshold = 1.0000e-06
  convergence window size = 10
  number of levels = 5
  using the Mattes MI metric (number of bins = 32, weight = 1.0000e+00)
  preprocessing:  winsorizing the image intensities
  Shrink factors (level 1 out of 5): [10, 10, 4]
  Shrink factors (level 2 out of 5): [6, 6, 2]
  Shrink factors (level 3 out of 5): [4, 4, 2]
  Shrink factors (level 4 out of 5): [2, 2, 1]
  Shrink factors (level 5 out of 5): [1, 1, 1]
  smoothing sigmas per level: [5, 3, 2, 1, 0]
  Using default NONE metricSamplingStrategy 

*** Running SyN registration (varianceForUpdateField = 3.0000e+00, varianceForTotalField = 0.0000e+00) ***

XXDIAGNOSTIC,Iteration,metricValue,convergenceValue,ITERATION_TIME_INDEX,SINCE_LAST
 1DIAGNOSTIC,     1, -4.161750798329e-01, 1.797693134862e+308, 2.6799e+01, 2.6799e+01, 
 1DIAGNOSTIC,     2, -4.215620724905e-01, 1.797693134862e+308, 2.7086e+01, 2.8700e-01, 
 1DIAGNOSTIC,     3, -4.270144387377e-01, 1.797693134862e+308, 2.7371e+01, 2.8442e-01, 
 1DIAGNOSTIC,     4, -4.330015733557e-01, 1.797693134862e+308, 2.7644e+01, 2.7369e-01, 
 1DIAGNOSTIC,     5, -4.377082182252e-01, 1.797693134862e+308, 2.7917e+01, 2.7292e-01, 
 1DIAGNOSTIC,     6, -4.413221849594e-01, 1.797693134862e+308, 2.8195e+01, 2.7748e-01, 
 1DIAGNOSTIC,     7, -4.439033506712e-01, 1.797693134862e+308, 2.8480e+01, 2.8487e-01, 
 1DIAGNOSTIC,     8, -4.463939754031e-01, 1.797693134862e+308, 2.8764e+01, 2.8426e-01, 
 1DIAGNOSTIC,     9, -4.485855336682e-01, 1.797693134862e+308, 2.9077e+01, 3.1307e-01, 
 1DIAGNOSTIC,    10, -4.508760925852e-01, 5.054163846929e-03, 2.9364e+01, 2.8754e-01, 
 1DIAGNOSTIC,    11, -4.529712644222e-01, 3.993917868513e-03, 2.9651e+01, 2.8637e-01, 
 1DIAGNOSTIC,    12, -4.550233068764e-01, 3.154974061819e-03, 2.9937e+01, 2.8598e-01, 
 1DIAGNOSTIC,    13, -4.567141992118e-01, 2.513462639311e-03, 3.0221e+01, 2.8389e-01, 
 1DIAGNOSTIC,    14, -4.585645983362e-01, 2.094204914656e-03, 3.0510e+01, 2.8922e-01, 
 1DIAGNOSTIC,    15, -4.601619512131e-01, 1.807665049090e-03, 3.0798e+01, 2.8827e-01, 
 1DIAGNOSTIC,    16, -4.614579756007e-01, 1.586785694813e-03, 3.1083e+01, 2.8443e-01, 
 1DIAGNOSTIC,    17, -4.629376268318e-01, 1.397729483259e-03, 3.1370e+01, 2.8721e-01, 
 1DIAGNOSTIC,    18, -4.640181900078e-01, 1.226312921559e-03, 3.1654e+01, 2.8419e-01, 
 1DIAGNOSTIC,    19, -4.653074061022e-01, 1.075136586233e-03, 3.1944e+01, 2.8994e-01, 
 1DIAGNOSTIC,    20, -4.661790876609e-01, 9.387445081070e-04, 3.2229e+01, 2.8533e-01, 
 1DIAGNOSTIC,    21, -4.669513430503e-01, 8.139842538091e-04, 3.2517e+01, 2.8741e-01, 
 1DIAGNOSTIC,    22, -4.675971803698e-01, 7.019379224385e-04, 3.2806e+01, 2.8972e-01, 
 1DIAGNOSTIC,    23, -4.683455898961e-01, 6.003721184828e-04, 3.3089e+01, 2.8255e-01, 
 1DIAGNOSTIC,    24, -4.686962445632e-01, 5.082649523945e-04, 3.3372e+01, 2.8272e-01, 
 1DIAGNOSTIC,    25, -4.691958923303e-01, 4.285720984975e-04, 3.3654e+01, 2.8252e-01, 
 1DIAGNOSTIC,    26, -4.696105010392e-01, 3.557567306593e-04, 3.3939e+01, 2.8488e-01, 
 1DIAGNOSTIC,    27, -4.701022505890e-01, 3.004882274590e-04, 3.4220e+01, 2.8101e-01, 
 1DIAGNOSTIC,    28, -4.704984273151e-01, 2.534033939299e-04, 3.4502e+01, 2.8212e-01, 
 1DIAGNOSTIC,    29, -4.708734506121e-01, 2.214246892373e-04, 3.4784e+01, 2.8202e-01, 
 1DIAGNOSTIC,    30, -4.710890422672e-01, 1.932222659980e-04, 3.5066e+01, 2.8184e-01, 
 1DIAGNOSTIC,    31, -4.714561212654e-01, 1.714438127267e-04, 3.5349e+01, 2.8278e-01, 
 1DIAGNOSTIC,    32, -4.714521079358e-01, 1.469999795578e-04, 3.5632e+01, 2.8335e-01, 
 1DIAGNOSTIC,    33, -4.718368537746e-01, 1.316253408700e-04, 3.5914e+01, 2.8195e-01, 
 1DIAGNOSTIC,    34, -4.717825451745e-01, 1.099366087324e-04, 3.6196e+01, 2.8242e-01, 
 1DIAGNOSTIC,    35, -4.721304858962e-01, 9.421710200920e-05, 3.6479e+01, 2.8261e-01, 
 1DIAGNOSTIC,    36, -4.722369391056e-01, 7.926225483437e-05, 3.6764e+01, 2.8470e-01, 
 1DIAGNOSTIC,    37, -4.722710873094e-01, 6.640123078630e-05, 3.7049e+01, 2.8473e-01, 
 1DIAGNOSTIC,    38, -4.725441663802e-01, 5.886829122205e-05, 3.7333e+01, 2.8465e-01, 
 1DIAGNOSTIC,    39, -4.724455697531e-01, 5.044722456317e-05, 3.7615e+01, 2.8198e-01, 
 1DIAGNOSTIC,    40, -4.725020519974e-01, 4.188018200541e-05, 3.7900e+01, 2.8435e-01, 
 1DIAGNOSTIC,    41, -4.725924884616e-01, 3.675677271282e-05, 3.8185e+01, 2.8592e-01, 
 1DIAGNOSTIC,    42, -4.727345717204e-01, 3.031280664386e-05, 3.8470e+01, 2.8458e-01, 
 1DIAGNOSTIC,    43, -4.728219553473e-01, 2.814820351139e-05, 3.8756e+01, 2.8581e-01, 
 1DIAGNOSTIC,    44, -4.728301645509e-01, 2.272321506313e-05, 3.9041e+01, 2.8485e-01, 
 1DIAGNOSTIC,    45, -4.728126132596e-01, 2.002542124066e-05, 3.9330e+01, 2.8929e-01, 
 1DIAGNOSTIC,    46, -4.726464241498e-01, 1.480829579567e-05, 3.9615e+01, 2.8537e-01, 
 1DIAGNOSTIC,    47, -4.727595943322e-01, 1.031438224005e-05, 3.9903e+01, 2.8733e-01, 
 1DIAGNOSTIC,    48, -4.726766383020e-01, 7.495954967848e-06, 4.0187e+01, 2.8408e-01, 
 1DIAGNOSTIC,    49, -4.727093972735e-01, 3.346004603170e-06, 4.0472e+01, 2.8491e-01, 
 1DIAGNOSTIC,    50, -4.727814394695e-01, 7.059261120552e-07, 4.0758e+01, 2.8632e-01, 
XXDIAGNOSTIC,Iteration,metricValue,convergenceValue,ITERATION_TIME_INDEX,SINCE_LAST
 1DIAGNOSTIC,     1, -4.071972850290e-01, 1.797693134862e+308, 5.6790e+01, 1.6032e+01, 
 1DIAGNOSTIC,     2, -4.096458210604e-01, 1.797693134862e+308, 5.8102e+01, 1.3115e+00, 
 1DIAGNOSTIC,     3, -4.117256711878e-01, 1.797693134862e+308, 5.9418e+01, 1.3161e+00, 
 1DIAGNOSTIC,     4, -4.137912226279e-01, 1.797693134862e+308, 6.0826e+01, 1.4080e+00, 
 1DIAGNOSTIC,     5, -4.157821088097e-01, 1.797693134862e+308, 6.2204e+01, 1.3783e+00, 
 1DIAGNOSTIC,     6, -4.175270260717e-01, 1.797693134862e+308, 6.3502e+01, 1.2976e+00, 
 1DIAGNOSTIC,     7, -4.192466855684e-01, 1.797693134862e+308, 6.4829e+01, 1.3276e+00, 
 1DIAGNOSTIC,     8, -4.209586624592e-01, 1.797693134862e+308, 6.6139e+01, 1.3096e+00, 
 1DIAGNOSTIC,     9, -4.224708863662e-01, 1.797693134862e+308, 6.7471e+01, 1.3321e+00, 
 1DIAGNOSTIC,    10, -4.238951037388e-01, 2.544646869109e-03, 6.8797e+01, 1.3260e+00, 
 1DIAGNOSTIC,    11, -4.251680536097e-01, 2.168104443700e-03, 7.0119e+01, 1.3218e+00, 
 1DIAGNOSTIC,    12, -4.262676734278e-01, 1.860179398628e-03, 7.1423e+01, 1.3045e+00, 
 1DIAGNOSTIC,    13, -4.273459925492e-01, 1.595611804905e-03, 7.2719e+01, 1.2958e+00, 
 1DIAGNOSTIC,    14, -4.283634701599e-01, 1.372125347036e-03, 7.4026e+01, 1.3073e+00, 
 1DIAGNOSTIC,    15, -4.291625667010e-01, 1.178386797467e-03, 7.5330e+01, 1.3037e+00, 
 1DIAGNOSTIC,    16, -4.298828033469e-01, 1.004500230296e-03, 7.6657e+01, 1.3265e+00, 
 1DIAGNOSTIC,    17, -4.306109875432e-01, 8.552621993148e-04, 7.7979e+01, 1.3221e+00, 
 1DIAGNOSTIC,    18, -4.311440180243e-01, 7.270906174314e-04, 7.9304e+01, 1.3253e+00, 
 1DIAGNOSTIC,    19, -4.317043264247e-01, 6.180164842116e-04, 8.0613e+01, 1.3092e+00, 
 1DIAGNOSTIC,    20, -4.321493169211e-01, 5.249045175014e-04, 8.1925e+01, 1.3122e+00, 
 1DIAGNOSTIC,    21, -4.324868461335e-01, 4.430969366121e-04, 8.3237e+01, 1.3117e+00, 
 1DIAGNOSTIC,    22, -4.328640689893e-01, 3.721794253206e-04, 8.4552e+01, 1.3149e+00, 
 1DIAGNOSTIC,    23, -4.332070872596e-01, 3.137019773017e-04, 8.5871e+01, 1.3193e+00, 
 1DIAGNOSTIC,    24, -4.335611841039e-01, 2.687862813775e-04, 8.7208e+01, 1.3367e+00, 
 1DIAGNOSTIC,    25, -4.338577586295e-01, 2.313907524659e-04, 8.8534e+01, 1.3264e+00, 
 1DIAGNOSTIC,    26, -4.341940633910e-01, 2.021388684548e-04, 8.9862e+01, 1.3278e+00, 
 1DIAGNOSTIC,    27, -4.344931738188e-01, 1.813406727843e-04, 9.1186e+01, 1.3236e+00, 
 1DIAGNOSTIC,    28, -4.347331360689e-01, 1.631826667203e-04, 9.2504e+01, 1.3185e+00, 
 1DIAGNOSTIC,    29, -4.350421179750e-01, 1.507989682665e-04, 9.3808e+01, 1.3031e+00, 
 1DIAGNOSTIC,    30, -4.352908785669e-01, 1.403408686402e-04, 9.5127e+01, 1.3193e+00, 
 1DIAGNOSTIC,    31, -4.355282136564e-01, 1.295668891347e-04, 9.6467e+01, 1.3398e+00, 
 1DIAGNOSTIC,    32, -4.358238046907e-01, 1.211605558978e-04, 9.7801e+01, 1.3348e+00, 
 1DIAGNOSTIC,    33, -4.360295099160e-01, 1.127620451939e-04, 9.9136e+01, 1.3345e+00, 
 1DIAGNOSTIC,    34, -4.361782165598e-01, 1.039912698212e-04, 1.0046e+02, 1.3191e+00, 
 1DIAGNOSTIC,    35, -4.363926717673e-01, 9.554347744991e-05, 1.0178e+02, 1.3289e+00, 
 1DIAGNOSTIC,    36, -4.365587576572e-01, 8.770407738629e-05, 1.0311e+02, 1.3300e+00, 
 1DIAGNOSTIC,    37, -4.367521106916e-01, 8.077240263202e-05, 1.0445e+02, 1.3370e+00, 
 1DIAGNOSTIC,    38, -4.368529004198e-01, 7.242887052443e-05, 1.0579e+02, 1.3362e+00, 
 1DIAGNOSTIC,    39, -4.369760774056e-01, 6.502448693345e-05, 1.0710e+02, 1.3099e+00, 
 1DIAGNOSTIC,    40, -4.371844786101e-01, 5.938613742752e-05, 1.0841e+02, 1.3089e+00, 
 1DIAGNOSTIC,    41, -4.372796603011e-01, 5.363791053779e-05, 1.0971e+02, 1.3080e+00, 
 1DIAGNOSTIC,    42, -4.374704216400e-01, 5.074069824873e-05, 1.1103e+02, 1.3191e+00, 
 1DIAGNOSTIC,    43, -4.375658811988e-01, 4.779991504344e-05, 1.1234e+02, 1.3099e+00, 
 1DIAGNOSTIC,    44, -4.376823148473e-01, 4.443806840052e-05, 1.1364e+02, 1.3002e+00, 
 1DIAGNOSTIC,    45, -4.377772223169e-01, 4.153332836276e-05, 1.1495e+02, 1.3064e+00, 
 1DIAGNOSTIC,    46, -4.378139892490e-01, 3.769288486268e-05, 1.1626e+02, 1.3084e+00, 
 1DIAGNOSTIC,    47, -4.379380867606e-01, 3.494111243322e-05, 1.1758e+02, 1.3194e+00, 
 1DIAGNOSTIC,    48, -4.380231662570e-01, 3.153125188417e-05, 1.1889e+02, 1.3106e+00, 
 1DIAGNOSTIC,    49, -4.380722253718e-01, 2.756368500500e-05, 1.2023e+02, 1.3386e+00, 
 1DIAGNOSTIC,    50, -4.380952071022e-01, 2.424091782830e-05, 1.2153e+02, 1.3070e+00, 
 1DIAGNOSTIC,    51, -4.381701026377e-01, 2.095556451119e-05, 1.2285e+02, 1.3191e+00, 
 1DIAGNOSTIC,    52, -4.381822636117e-01, 1.837991015427e-05, 1.2417e+02, 1.3178e+00, 
 1DIAGNOSTIC,    53, -4.383027228915e-01, 1.685053271104e-05, 1.2549e+02, 1.3153e+00, 
 1DIAGNOSTIC,    54, -4.383543622049e-01, 1.582759797935e-05, 1.2680e+02, 1.3155e+00, 
 1DIAGNOSTIC,    55, -4.384182632144e-01, 1.529628394185e-05, 1.2812e+02, 1.3211e+00, 
 1DIAGNOSTIC,    56, -4.384543578142e-01, 1.420062640294e-05, 1.2951e+02, 1.3843e+00, 
 1DIAGNOSTIC,    57, -4.385655402317e-01, 1.453165460833e-05, 1.3081e+02, 1.3027e+00, 
 1DIAGNOSTIC,    58, -4.386301958599e-01, 1.516424636824e-05, 1.3222e+02, 1.4130e+00, 
 1DIAGNOSTIC,    59, -4.387064374412e-01, 1.575667723732e-05, 1.3355e+02, 1.3245e+00, 
 1DIAGNOSTIC,    60, -4.387169106358e-01, 1.522202943887e-05, 1.3488e+02, 1.3295e+00, 
 1DIAGNOSTIC,    61, -4.387742772301e-01, 1.474417290413e-05, 1.3620e+02, 1.3278e+00, 
 1DIAGNOSTIC,    62, -4.387854557123e-01, 1.311606238278e-05, 1.3753e+02, 1.3234e+00, 
 1DIAGNOSTIC,    63, -4.388000990144e-01, 1.172366187945e-05, 1.3885e+02, 1.3246e+00, 
 1DIAGNOSTIC,    64, -4.388456669429e-01, 1.028925067571e-05, 1.4018e+02, 1.3294e+00, 
 1DIAGNOSTIC,    65, -4.388400954619e-01, 8.544443384634e-06, 1.4150e+02, 1.3152e+00, 
 1DIAGNOSTIC,    66, -4.388349979635e-01, 6.374078995390e-06, 1.4284e+02, 1.3464e+00, 
 1DIAGNOSTIC,    67, -4.388760196891e-01, 5.190570042727e-06, 1.4416e+02, 1.3168e+00, 
 1DIAGNOSTIC,    68, -4.388853112283e-01, 4.274594785608e-06, 1.4548e+02, 1.3219e+00, 
 1DIAGNOSTIC,    69, -4.389056816848e-01, 3.937731796850e-06, 1.4680e+02, 1.3173e+00, 
 1DIAGNOSTIC,    70, -4.389061832268e-01, 3.368386650680e-06, 1.4813e+02, 1.3314e+00, 
 1DIAGNOSTIC,    71, -4.389714054840e-01, 3.676662119268e-06, 1.4944e+02, 1.3118e+00, 
 1DIAGNOSTIC,    72, -4.389653741198e-01, 3.692376423709e-06, 1.5075e+02, 1.3122e+00, 
 1DIAGNOSTIC,    73, -4.389181382847e-01, 3.093908211363e-06, 1.5208e+02, 1.3219e+00, 
 1DIAGNOSTIC,    74, -4.389362818496e-01, 2.844824023624e-06, 1.5341e+02, 1.3360e+00, 
 1DIAGNOSTIC,    75, -4.389887237982e-01, 2.773453656473e-06, 1.5478e+02, 1.3661e+00, 
 1DIAGNOSTIC,    76, -4.389875234039e-01, 2.390119066492e-06, 1.5613e+02, 1.3504e+00, 
 1DIAGNOSTIC,    77, -4.389995223410e-01, 2.286853897594e-06, 1.5745e+02, 1.3167e+00, 
 1DIAGNOSTIC,    78, -4.390126262422e-01, 2.208634230018e-06, 1.5877e+02, 1.3235e+00, 
 1DIAGNOSTIC,    79, -4.389858335757e-01, 1.906566512829e-06, 1.6010e+02, 1.3278e+00, 
 1DIAGNOSTIC,    80, -4.389881939562e-01, 1.469992793735e-06, 1.6143e+02, 1.3297e+00, 
 1DIAGNOSTIC,    81, -4.389917070940e-01, 1.493137475423e-06, 1.6275e+02, 1.3213e+00, 
 1DIAGNOSTIC,    82, -4.389399522554e-01, 9.616016553166e-07, 1.6407e+02, 1.3175e+00, 
XXDIAGNOSTIC,Iteration,metricValue,convergenceValue,ITERATION_TIME_INDEX,SINCE_LAST
 1DIAGNOSTIC,     1, -3.977632730909e-01, 1.797693134862e+308, 1.7492e+02, 1.0852e+01, 
 1DIAGNOSTIC,     2, -3.991497860885e-01, 1.797693134862e+308, 1.7769e+02, 2.7678e+00, 
 1DIAGNOSTIC,     3, -4.003540120546e-01, 1.797693134862e+308, 1.8050e+02, 2.8144e+00, 
 1DIAGNOSTIC,     4, -4.013156339607e-01, 1.797693134862e+308, 1.8324e+02, 2.7403e+00, 
 1DIAGNOSTIC,     5, -4.021859993348e-01, 1.797693134862e+308, 1.8606e+02, 2.8209e+00, 
 1DIAGNOSTIC,     6, -4.030163389929e-01, 1.797693134862e+308, 1.8890e+02, 2.8430e+00, 
 1DIAGNOSTIC,     7, -4.036819389278e-01, 1.797693134862e+308, 1.9178e+02, 2.8754e+00, 
 1DIAGNOSTIC,     8, -4.041941912352e-01, 1.797693134862e+308, 1.9459e+02, 2.8080e+00, 
 1DIAGNOSTIC,     9, -4.047018466191e-01, 1.797693134862e+308, 1.9744e+02, 2.8507e+00, 
 1DIAGNOSTIC,    10, -4.050974567577e-01, 1.142620687474e-03, 2.0029e+02, 2.8532e+00, 
 1DIAGNOSTIC,    11, -4.054563729656e-01, 8.937083333765e-04, 2.0311e+02, 2.8215e+00, 
 1DIAGNOSTIC,    12, -4.057442835280e-01, 7.038709529454e-04, 2.0618e+02, 3.0625e+00, 
 1DIAGNOSTIC,    13, -4.060012348250e-01, 5.586514602673e-04, 2.0912e+02, 2.9442e+00, 
 1DIAGNOSTIC,    14, -4.062231292046e-01, 4.426941159988e-04, 2.1197e+02, 2.8492e+00, 
 1DIAGNOSTIC,    15, -4.063410784327e-01, 3.477836778640e-04, 2.1485e+02, 2.8778e+00, 
 1DIAGNOSTIC,    16, -4.064662474182e-01, 2.747537178221e-04, 2.1772e+02, 2.8755e+00, 
 1DIAGNOSTIC,    17, -4.065138483112e-01, 2.144774972178e-04, 2.2072e+02, 2.9984e+00, 
 1DIAGNOSTIC,    18, -4.066390634062e-01, 1.659072306459e-04, 2.2362e+02, 2.9022e+00, 
 1DIAGNOSTIC,    19, -4.066700644894e-01, 1.269053342721e-04, 2.2636e+02, 2.7401e+00, 
 1DIAGNOSTIC,    20, -4.068010987289e-01, 9.854891281229e-05, 2.2922e+02, 2.8547e+00, 
 1DIAGNOSTIC,    21, -4.069468559052e-01, 8.058374671353e-05, 2.3209e+02, 2.8691e+00, 
 1DIAGNOSTIC,    22, -4.070717291224e-01, 6.985465642628e-05, 2.3490e+02, 2.8122e+00, 
 1DIAGNOSTIC,    23, -4.072167903387e-01, 6.579132434175e-05, 2.3771e+02, 2.8148e+00, 
 1DIAGNOSTIC,    24, -4.074057257528e-01, 6.796998936484e-05, 2.4056e+02, 2.8495e+00, 
 1DIAGNOSTIC,    25, -4.075345881176e-01, 7.049414831118e-05, 2.4356e+02, 2.9997e+00, 
 1DIAGNOSTIC,    26, -4.076166121451e-01, 7.185841705198e-05, 2.4654e+02, 2.9784e+00, 
 1DIAGNOSTIC,    27, -4.077039138366e-01, 6.992357318000e-05, 2.4954e+02, 2.9965e+00, 
 1DIAGNOSTIC,    28, -4.078597965850e-01, 6.868841803477e-05, 2.5233e+02, 2.7893e+00, 
 1DIAGNOSTIC,    29, -4.079458307138e-01, 6.384013919273e-05, 2.5527e+02, 2.9431e+00, 
 1DIAGNOSTIC,    30, -4.081012447911e-01, 6.001864313660e-05, 2.5806e+02, 2.7865e+00, 
 1DIAGNOSTIC,    31, -4.081876657290e-01, 5.607522630031e-05, 2.6090e+02, 2.8390e+00, 
 1DIAGNOSTIC,    32, -4.082918859575e-01, 5.215303770433e-05, 2.6375e+02, 2.8583e+00, 
 1DIAGNOSTIC,    33, -4.083291034185e-01, 4.737894977157e-05, 2.6656e+02, 2.8106e+00, 
 1DIAGNOSTIC,    34, -4.083536953045e-01, 4.283468968001e-05, 2.6938e+02, 2.8120e+00, 
 1DIAGNOSTIC,    35, -4.084045870654e-01, 3.815739671073e-05, 2.7218e+02, 2.8053e+00, 
 1DIAGNOSTIC,    36, -4.084696754770e-01, 3.301924166229e-05, 2.7500e+02, 2.8215e+00, 
 1DIAGNOSTIC,    37, -4.085318906855e-01, 2.785749977204e-05, 2.7789e+02, 2.8830e+00, 
 1DIAGNOSTIC,    38, -4.085347936172e-01, 2.331561659977e-05, 2.8100e+02, 3.1138e+00, 
 1DIAGNOSTIC,    39, -4.085595827114e-01, 1.884236979693e-05, 2.8389e+02, 2.8900e+00, 
 1DIAGNOSTIC,    40, -4.086162063728e-01, 1.655974441578e-05, 2.8680e+02, 2.9067e+00, 
 1DIAGNOSTIC,    41, -4.086397552667e-01, 1.467800672225e-05, 2.8963e+02, 2.8352e+00, 
 1DIAGNOSTIC,    42, -4.086448432900e-01, 1.336657689220e-05, 2.9249e+02, 2.8585e+00, 
 1DIAGNOSTIC,    43, -4.086672332708e-01, 1.190902123691e-05, 2.9536e+02, 2.8687e+00, 
 1DIAGNOSTIC,    44, -4.086777822617e-01, 1.000166230163e-05, 2.9821e+02, 2.8465e+00, 
 1DIAGNOSTIC,    45, -4.086662763206e-01, 7.871263098484e-06, 3.0108e+02, 2.8702e+00, 
 1DIAGNOSTIC,    46, -4.086403083278e-01, 5.726101960410e-06, 3.0392e+02, 2.8421e+00, 
 1DIAGNOSTIC,    47, -4.086654670794e-01, 4.515591196783e-06, 3.0677e+02, 2.8559e+00, 
 1DIAGNOSTIC,    48, -4.086887778682e-01, 3.351349168550e-06, 3.0957e+02, 2.7913e+00, 
 1DIAGNOSTIC,    49, -4.086337195053e-01, 1.513546596551e-06, 3.1247e+02, 2.9038e+00, 
 1DIAGNOSTIC,    50, -4.086051240976e-01, 9.064450025992e-08, 3.1516e+02, 2.6867e+00, 
XXDIAGNOSTIC,Iteration,metricValue,convergenceValue,ITERATION_TIME_INDEX,SINCE_LAST
 1DIAGNOSTIC,     1, -3.412691262648e-01, 1.797693134862e+308, 3.4370e+02, 2.8545e+01, 
 1DIAGNOSTIC,     2, -3.423684827288e-01, 1.797693134862e+308, 3.6697e+02, 2.3270e+01, 
 1DIAGNOSTIC,     3, -3.436529231327e-01, 1.797693134862e+308, 3.8739e+02, 2.0422e+01, 
 1DIAGNOSTIC,     4, -3.449217006673e-01, 1.797693134862e+308, 4.0863e+02, 2.1233e+01, 
 1DIAGNOSTIC,     5, -3.461852174438e-01, 1.797693134862e+308, 4.2960e+02, 2.0971e+01, 
 1DIAGNOSTIC,     6, -3.473722732534e-01, 1.797693134862e+308, 4.5035e+02, 2.0751e+01, 
 1DIAGNOSTIC,     7, -3.485111462945e-01, 1.797693134862e+308, 4.7070e+02, 2.0351e+01, 
 1DIAGNOSTIC,     8, -3.495804499762e-01, 1.797693134862e+308, 4.9102e+02, 2.0322e+01, 
 1DIAGNOSTIC,     9, -3.506173702188e-01, 1.797693134862e+308, 5.1123e+02, 2.0207e+01, 
 1DIAGNOSTIC,    10, -3.515920914332e-01, 1.935282443720e-03, 5.3202e+02, 2.0791e+01, 
 1DIAGNOSTIC,    11, -3.525417996198e-01, 1.705890916078e-03, 5.5239e+02, 2.0373e+01, 
 1DIAGNOSTIC,    12, -3.534004537439e-01, 1.494031737745e-03, 5.7307e+02, 2.0675e+01, 
 1DIAGNOSTIC,    13, -3.542251863925e-01, 1.311413547744e-03, 5.9361e+02, 2.0547e+01, 
 1DIAGNOSTIC,    14, -3.550104083564e-01, 1.154458036270e-03, 6.1484e+02, 2.1231e+01, 
 1DIAGNOSTIC,    15, -3.557515265657e-01, 1.021014266463e-03, 6.3561e+02, 2.0766e+01, 
 1DIAGNOSTIC,    16, -3.563697653462e-01, 9.016432194154e-04, 6.5641e+02, 2.0801e+01, 
 1DIAGNOSTIC,    17, -3.569782815045e-01, 7.963078885524e-04, 6.7732e+02, 2.0903e+01, 
 1DIAGNOSTIC,    18, -3.574920425421e-01, 6.999423147368e-04, 6.9836e+02, 2.1043e+01, 
 1DIAGNOSTIC,    19, -3.578828722020e-01, 6.093236348405e-04, 7.2099e+02, 2.2635e+01, 
 1DIAGNOSTIC,    20, -3.580783571565e-01, 5.182126583010e-04, 7.4370e+02, 2.2705e+01, 
 1DIAGNOSTIC,    21, -3.582835680747e-01, 4.319339168348e-04, 7.6566e+02, 2.1962e+01, 
 1DIAGNOSTIC,    22, -3.584449782278e-01, 3.504340337930e-04, 7.8778e+02, 2.2118e+01, 
 1DIAGNOSTIC,    23, -3.586308752531e-01, 2.784613377172e-04, 8.0984e+02, 2.2065e+01, 
 1DIAGNOSTIC,    24, -3.588365594417e-01, 2.194912020040e-04, 8.3166e+02, 2.1814e+01, 
 1DIAGNOSTIC,    25, -3.590743642587e-01, 1.761262612180e-04, 8.5362e+02, 2.1962e+01, 
 1DIAGNOSTIC,    26, -3.592878787265e-01, 1.451411082402e-04, 8.7562e+02, 2.1997e+01, 
 1DIAGNOSTIC,    27, -3.594668225876e-01, 1.260882699468e-04, 8.9764e+02, 2.2020e+01, 
 1DIAGNOSTIC,    28, -3.596227504543e-01, 1.156303527377e-04, 9.1988e+02, 2.2239e+01, 
 1DIAGNOSTIC,    29, -3.597738763883e-01, 1.099976343449e-04, 9.4228e+02, 2.2405e+01, 
 1DIAGNOSTIC,    30, -3.599162035936e-01, 1.033392939251e-04, 9.6469e+02, 2.2412e+01, 
 1DIAGNOSTIC,    31, -3.600532926447e-01, 9.620457376210e-05, 9.8688e+02, 2.2188e+01, 
 1DIAGNOSTIC,    32, -3.601857965693e-01, 8.780039959597e-05, 1.0092e+03, 2.2363e+01, 
 1DIAGNOSTIC,    33, -3.603063164215e-01, 7.905241535858e-05, 1.0316e+03, 2.2350e+01, 
 1DIAGNOSTIC,    34, -3.604146191687e-01, 7.071130230359e-05, 1.0541e+03, 2.2459e+01, 
 1DIAGNOSTIC,    35, -3.605267255692e-01, 6.413694773410e-05, 1.0762e+03, 2.2100e+01, 
 1DIAGNOSTIC,    36, -3.606274244312e-01, 5.882296468482e-05, 1.0982e+03, 2.2095e+01, 
 1DIAGNOSTIC,    37, -3.607219768714e-01, 5.413497347273e-05, 1.1200e+03, 2.1744e+01, 
 1DIAGNOSTIC,    38, -3.607979987033e-01, 4.944736485585e-05, 1.1412e+03, 2.1241e+01, 
 1DIAGNOSTIC,    39, -3.608681890396e-01, 4.486364865753e-05, 1.1627e+03, 2.1432e+01, 
 1DIAGNOSTIC,    40, -3.609359223446e-01, 4.046064972060e-05, 1.1841e+03, 2.1412e+01, 
 1DIAGNOSTIC,    41, -3.609946318272e-01, 3.625236640261e-05, 1.2060e+03, 2.1937e+01, 
 1DIAGNOSTIC,    42, -3.610564089432e-01, 3.251352221891e-05, 1.2276e+03, 2.1595e+01, 
 1DIAGNOSTIC,    43, -3.611034541071e-01, 2.899441666056e-05, 1.2497e+03, 2.2128e+01, 
 1DIAGNOSTIC,    44, -3.611432016356e-01, 2.559139706585e-05, 1.2714e+03, 2.1703e+01, 
 1DIAGNOSTIC,    45, -3.611937823035e-01, 2.281994953923e-05, 1.2931e+03, 2.1700e+01, 
 1DIAGNOSTIC,    46, -3.612373540238e-01, 2.051796829729e-05, 1.3147e+03, 2.1570e+01, 
 1DIAGNOSTIC,    47, -3.612600374695e-01, 1.837993415035e-05, 1.3356e+03, 2.0890e+01, 
 1DIAGNOSTIC,    48, -3.612817290641e-01, 1.624921961804e-05, 1.3581e+03, 2.2515e+01, 
 1DIAGNOSTIC,    49, -3.613042542081e-01, 1.420794817615e-05, 1.3804e+03, 2.2309e+01, 
 1DIAGNOSTIC,    50, -3.613353167333e-01, 1.250384442681e-05, 1.4032e+03, 2.2797e+01, 
  Elapsed time (stage 2): 1426


Total elapsed time: 1588
EXECUTING epi to T1 coregistration for subject 28061 using:
EPI:  /lustre/scratch/wbic-beta/ccn30/ENCRYPT/gridcellpilot/preprocessed_data/images/28061/topup_Run_1_split0000.nii
T1:  /lustre/scratch/wbic-beta/ccn30/ENCRYPT/gridcellpilot/raw_data/images/28061/20190911_U-ID46160/mp2rage/reorientn4mag0000_PSIR_skulled_std.nii
All_Command_lines_OK
Using double precision for computations.
=============================================================================
The composite transform comprises the following transforms (in order): 
  1. Center of mass alignment using fixed image: /lustre/scratch/wbic-beta/ccn30/ENCRYPT/gridcellpilot/preprocessed_data/images/28061/topup_Run_1_split0000.nii and moving image: /lustre/scratch/wbic-beta/ccn30/ENCRYPT/gridcellpilot/raw_data/images/28061/20190911_U-ID46160/mp2rage/reorientn4mag0000_PSIR_skulled_std.nii (type = Euler3DTransform)
=============================================================================
  number of levels = 4
  number of levels = 1
  fixed image: /lustre/scratch/wbic-beta/ccn30/ENCRYPT/gridcellpilot/preprocessed_data/images/28061/topup_Run_1_split0000.nii
  moving image: /lustre/scratch/wbic-beta/ccn30/ENCRYPT/gridcellpilot/raw_data/images/28061/20190911_U-ID46160/mp2rage/reorientn4mag0000_PSIR_skulled_std.nii
  fixed image: /lustre/scratch/wbic-beta/ccn30/ENCRYPT/gridcellpilot/preprocessed_data/images/28061/topup_Run_1_split0000.nii
  moving image: /lustre/scratch/wbic-beta/ccn30/ENCRYPT/gridcellpilot/raw_data/images/28061/20190911_U-ID46160/mp2rage/reorientn4mag0000_PSIR_skulled_std.nii
Dimension = 3
Number of stages = 2
Use Histogram Matching false
Winsorize image intensities true
Lower quantile = 0.005
Upper quantile = 0.995
Stage 1 State
   Image metric = Mattes
     Fixed image = Image (0x4d52300)
  RTTI typeinfo:   itk::Image<double, 3u>
  Reference Count: 2
  Modified Time: 1689
  Debug: Off
  Object Name: 
  Observers: 
    none
  Source: (none)
  Source output name: (none)
  Release Data: Off
  Data Released: False
  Global Release Data: Off
  PipelineMTime: 0
  UpdateMTime: 1511
  RealTimeStamp: 0 seconds 
  LargestPossibleRegion: 
    Dimension: 3
    Index: [0, 0, 0]
    Size: [128, 128, 42]
  BufferedRegion: 
    Dimension: 3
    Index: [0, 0, 0]
    Size: [128, 128, 42]
  RequestedRegion: 
    Dimension: 3
    Index: [0, 0, 0]
    Size: [128, 128, 42]
  Spacing: [1.5, 1.5, 1]
  Origin: [-92.5331, 77.5599, 50.3655]
  Direction: 
1 0 0
0 -0.87462 -0.48481
0 -0.48481 0.87462

  IndexToPointMatrix: 
1.5 0 0
0 -1.31193 -0.48481
0 -0.727214 0.87462

  PointToIndexMatrix: 
0.666667 0 0
0 -0.58308 -0.323206
0 -0.48481 0.87462

  Inverse Direction: 
1 0 0
0 -0.87462 -0.48481
0 -0.48481 0.87462

  PixelContainer: 
    ImportImageContainer (0x4d4e480)
      RTTI typeinfo:   itk::ImportImageContainer<unsigned long, double>
      Reference Count: 1
      Modified Time: 1508
      Debug: Off
      Object Name: 
      Observers: 
        none
      Pointer: 0x4d5ea70
      Container manages memory: true
      Size: 688128
      Capacity: 688128

     Moving image = Image (0x4d51a30)
  RTTI typeinfo:   itk::Image<double, 3u>
  Reference Count: 2
  Modified Time: 1690
  Debug: Off
  Object Name: 
  Observers: 
    none
  Source: (none)
  Source output name: (none)
  Release Data: Off
  Data Released: False
  Global Release Data: Off
  PipelineMTime: 0
  UpdateMTime: 1687
  RealTimeStamp: 0 seconds 
  LargestPossibleRegion: 
    Dimension: 3
    Index: [0, 0, 0]
    Size: [224, 320, 320]
  BufferedRegion: 
    Dimension: 3
    Index: [0, 0, 0]
    Size: [224, 320, 320]
  RequestedRegion: 
    Dimension: 3
    Index: [0, 0, 0]
    Size: [224, 320, 320]
  Spacing: [0.699997, 0.7, 0.7]
  Origin: [-77.4301, 74.7286, -97.6632]
  Direction: 
1 0 0
0 -1 0
0 0 1

  IndexToPointMatrix: 
0.699997 0 0
0 -0.7 0
0 0 0.7

  PointToIndexMatrix: 
1.42858 0 0
0 -1.42857 0
0 0 1.42857

  Inverse Direction: 
1 0 0
0 -1 0
0 0 1

  PixelContainer: 
    ImportImageContainer (0x4d4b320)
      RTTI typeinfo:   itk::ImportImageContainer<unsigned long, double>
      Reference Count: 1
      Modified Time: 1684
      Debug: Off
      Object Name: 
      Observers: 
        none
      Pointer: 0x2b670151b010
      Container manages memory: true
      Size: 22937600
      Capacity: 22937600

     Weighting = 1
     Sampling strategy = regular
     Number of bins = 32
     Radius = 4
     Sampling percentage  = 0.2
   Transform = Rigid
     Gradient step = 0.1
     Update field sigma (voxel space) = 0
     Total field sigma (voxel space) = 0
     Update field time sigma = 0
     Total field time sigma  = 0
     Number of time indices = 0
     Number of time point samples = 0
Stage 2 State
   Image metric = CC
     Fixed image = Image (0x4d52f10)
  RTTI typeinfo:   itk::Image<double, 3u>
  Reference Count: 2
  Modified Time: 2043
  Debug: Off
  Object Name: 
  Observers: 
    none
  Source: (none)
  Source output name: (none)
  Release Data: Off
  Data Released: False
  Global Release Data: Off
  PipelineMTime: 0
  UpdateMTime: 1865
  RealTimeStamp: 0 seconds 
  LargestPossibleRegion: 
    Dimension: 3
    Index: [0, 0, 0]
    Size: [128, 128, 42]
  BufferedRegion: 
    Dimension: 3
    Index: [0, 0, 0]
    Size: [128, 128, 42]
  RequestedRegion: 
    Dimension: 3
    Index: [0, 0, 0]
    Size: [128, 128, 42]
  Spacing: [1.5, 1.5, 1]
  Origin: [-92.5331, 77.5599, 50.3655]
  Direction: 
1 0 0
0 -0.87462 -0.48481
0 -0.48481 0.87462

  IndexToPointMatrix: 
1.5 0 0
0 -1.31193 -0.48481
0 -0.727214 0.87462

  PointToIndexMatrix: 
0.666667 0 0
0 -0.58308 -0.323206
0 -0.48481 0.87462

  Inverse Direction: 
1 0 0
0 -0.87462 -0.48481
0 -0.48481 0.87462

  PixelContainer: 
    ImportImageContainer (0x52a20a0)
      RTTI typeinfo:   itk::ImportImageContainer<unsigned long, double>
      Reference Count: 1
      Modified Time: 1862
      Debug: Off
      Object Name: 
      Observers: 
        none
      Pointer: 0x52a4e70
      Container manages memory: true
      Size: 688128
      Capacity: 688128

     Moving image = Image (0x529ea80)
  RTTI typeinfo:   itk::Image<double, 3u>
  Reference Count: 2
  Modified Time: 2044
  Debug: Off
  Object Name: 
  Observers: 
    none
  Source: (none)
  Source output name: (none)
  Release Data: Off
  Data Released: False
  Global Release Data: Off
  PipelineMTime: 0
  UpdateMTime: 2041
  RealTimeStamp: 0 seconds 
  LargestPossibleRegion: 
    Dimension: 3
    Index: [0, 0, 0]
    Size: [224, 320, 320]
  BufferedRegion: 
    Dimension: 3
    Index: [0, 0, 0]
    Size: [224, 320, 320]
  RequestedRegion: 
    Dimension: 3
    Index: [0, 0, 0]
    Size: [224, 320, 320]
  Spacing: [0.699997, 0.7, 0.7]
  Origin: [-77.4301, 74.7286, -97.6632]
  Direction: 
1 0 0
0 -1 0
0 0 1

  IndexToPointMatrix: 
0.699997 0 0
0 -0.7 0
0 0 0.7

  PointToIndexMatrix: 
1.42858 0 0
0 -1.42857 0
0 0 1.42857

  Inverse Direction: 
1 0 0
0 -1 0
0 0 1

  PixelContainer: 
    ImportImageContainer (0x529ed10)
      RTTI typeinfo:   itk::ImportImageContainer<unsigned long, double>
      Reference Count: 1
      Modified Time: 2038
      Debug: Off
      Object Name: 
      Observers: 
        none
      Pointer: 0x2b670c41c010
      Container manages memory: true
      Size: 22937600
      Capacity: 22937600

     Weighting = 1
     Sampling strategy = none
     Number of bins = 32
     Radius = 4
     Sampling percentage  = 1
   Transform = SyN
     Gradient step = 0.1
     Update field sigma (voxel space) = 3
     Total field sigma (voxel space) = 0
     Update field time sigma = 0
     Total field time sigma  = 0
     Number of time indices = 0
     Number of time point samples = 0
Registration using 2 total stages.

Stage 0
  iterations = 1000x500x100x0
  convergence threshold = 1e-06
  convergence window size = 10
  number of levels = 4
  using the Mattes MI metric (number of bins = 32, weight = 1)
  preprocessing:  winsorizing the image intensities
  Shrink factors (level 1 out of 4): [5, 5, 8]
  Shrink factors (level 2 out of 4): [3, 3, 4]
  Shrink factors (level 3 out of 4): [1, 1, 2]
  Shrink factors (level 4 out of 4): [1, 1, 1]
  smoothing sigmas per level: [3, 2, 1, 0]
  regular sampling (percentage = 0.2)

*** Running Euler3DTransform registration ***

DIAGNOSTIC,Iteration,metricValue,convergenceValue,ITERATION_TIME_INDEX,SINCE_LAST
 2DIAGNOSTIC,     1, -3.136627451284e-01, 1.797693134862e+308, 6.5671e+00, 6.5671e+00, 
 2DIAGNOSTIC,     2, -3.160035081910e-01, 1.797693134862e+308, 6.5780e+00, 1.0914e-02, 
 2DIAGNOSTIC,     3, -3.192724666529e-01, 1.797693134862e+308, 6.5884e+00, 1.0391e-02, 
 2DIAGNOSTIC,     4, -3.208063104050e-01, 1.797693134862e+308, 6.5995e+00, 1.1106e-02, 
 2DIAGNOSTIC,     5, -3.254971311970e-01, 1.797693134862e+308, 6.6101e+00, 1.0580e-02, 
 2DIAGNOSTIC,     6, -3.581469341665e-01, 1.797693134862e+308, 6.6245e+00, 1.4456e-02, 
 2DIAGNOSTIC,     7, -3.822191613437e-01, 1.797693134862e+308, 6.6396e+00, 1.5089e-02, 
 2DIAGNOSTIC,     8, -3.887432846771e-01, 1.797693134862e+308, 6.6562e+00, 1.6614e-02, 
 2DIAGNOSTIC,     9, -3.908750623466e-01, 1.797693134862e+308, 6.6719e+00, 1.5723e-02, 
 2DIAGNOSTIC,    10, -3.968210661184e-01, 1.872971917313e-02, 6.6930e+00, 2.1056e-02, 
 2DIAGNOSTIC,    11, -4.029622581046e-01, 1.723730194044e-02, 6.7100e+00, 1.7036e-02, 
 2DIAGNOSTIC,    12, -4.063848378315e-01, 1.482169009311e-02, 6.7354e+00, 2.5373e-02, 
 2DIAGNOSTIC,    13, -4.072494416941e-01, 1.176740527744e-02, 6.7525e+00, 1.7060e-02, 
 2DIAGNOSTIC,    14, -4.172883799815e-01, 8.799109120298e-03, 6.7761e+00, 2.3672e-02, 
 2DIAGNOSTIC,    15, -4.207013966850e-01, 5.845047200873e-03, 6.7955e+00, 1.9366e-02, 
 2DIAGNOSTIC,    16, -4.213528559366e-01, 4.322865958523e-03, 6.8140e+00, 1.8448e-02, 
 2DIAGNOSTIC,    17, -4.221280387719e-01, 3.709011844356e-03, 6.8300e+00, 1.6002e-02, 
 2DIAGNOSTIC,    18, -4.224291423883e-01, 3.118209753831e-03, 6.8461e+00, 1.6174e-02, 
 2DIAGNOSTIC,    19, -4.228150146752e-01, 2.399227909694e-03, 6.8617e+00, 1.5579e-02, 
 2DIAGNOSTIC,    20, -4.234753962157e-01, 1.774332793262e-03, 6.9032e+00, 4.1447e-02, 
 2DIAGNOSTIC,    21, -4.234763118040e-01, 1.267287810106e-03, 6.9190e+00, 1.5853e-02, 
 2DIAGNOSTIC,    22, -4.234815860700e-01, 8.122157042685e-04, 6.9348e+00, 1.5775e-02, 
 2DIAGNOSTIC,    23, -4.234880264357e-01, 3.448717092315e-04, 6.9504e+00, 1.5611e-02, 
 2DIAGNOSTIC,    24, -4.234945626517e-01, 1.896425073079e-04, 6.9661e+00, 1.5736e-02, 
 2DIAGNOSTIC,    25, -4.234985647000e-01, 1.288615068137e-04, 6.9835e+00, 1.7372e-02, 
 2DIAGNOSTIC,    26, -4.234999138529e-01, 7.890867174740e-05, 6.9998e+00, 1.6249e-02, 
 2DIAGNOSTIC,    27, -4.235026246056e-01, 4.659715441297e-05, 7.0174e+00, 1.7614e-02, 
 2DIAGNOSTIC,    28, -4.235039310172e-01, 2.017735917986e-05, 7.0848e+00, 6.7395e-02, 
 2DIAGNOSTIC,    29, -4.235039310131e-01, 2.994019686522e-06, 7.1558e+00, 7.1029e-02, 
 2DIAGNOSTIC,    30, -4.235039310131e-01, 2.616785418144e-06, 7.1816e+00, 2.5827e-02, 
 2DIAGNOSTIC,    31, -4.235039310131e-01, 2.146320251271e-06, 7.1995e+00, 1.7841e-02, 
 2DIAGNOSTIC,    32, -4.235039310131e-01, 1.722695094797e-06, 7.2187e+00, 1.9240e-02, 
 2DIAGNOSTIC,    33, -4.235039310131e-01, 1.398751204210e-06, 7.2363e+00, 1.7581e-02, 
 2DIAGNOSTIC,    34, -4.235039310131e-01, 1.194524027727e-06, 7.2596e+00, 2.3350e-02, 
 2DIAGNOSTIC,    35, -4.235039310131e-01, 1.064595964453e-06, 7.2814e+00, 2.1749e-02, 
DIAGNOSTIC,Iteration,metricValue,convergenceValue,ITERATION_TIME_INDEX,SINCE_LAST
 2DIAGNOSTIC,     1, -2.516887439878e-01, 1.797693134862e+308, 1.1587e+01, 4.3054e+00, 
 2DIAGNOSTIC,     2, -2.532900163406e-01, 1.797693134862e+308, 1.1614e+01, 2.6936e-02, 
 2DIAGNOSTIC,     3, -2.550568390535e-01, 1.797693134862e+308, 1.1646e+01, 3.2182e-02, 
 2DIAGNOSTIC,     4, -2.580429649567e-01, 1.797693134862e+308, 1.1678e+01, 3.2075e-02, 
 2DIAGNOSTIC,     5, -2.578159581736e-01, 1.797693134862e+308, 1.1705e+01, 2.6685e-02, 
 2DIAGNOSTIC,     6, -2.586141437355e-01, 1.797693134862e+308, 1.1737e+01, 3.1868e-02, 
 2DIAGNOSTIC,     7, -2.596873452665e-01, 1.797693134862e+308, 1.1769e+01, 3.2142e-02, 
 2DIAGNOSTIC,     8, -2.600236830371e-01, 1.797693134862e+308, 1.1806e+01, 3.7216e-02, 
 2DIAGNOSTIC,     9, -2.605743120406e-01, 1.797693134862e+308, 1.1837e+01, 3.1596e-02, 
 2DIAGNOSTIC,    10, -2.603606711506e-01, 2.146781522238e-03, 1.1872e+01, 3.4318e-02, 
 2DIAGNOSTIC,    11, -2.600449443432e-01, 1.443750291604e-03, 1.1901e+01, 2.9393e-02, 
 2DIAGNOSTIC,    12, -2.603669009076e-01, 9.039290206314e-04, 1.1932e+01, 3.0463e-02, 
 2DIAGNOSTIC,    13, -2.603359535057e-01, 5.047913302489e-04, 1.1968e+01, 3.6081e-02, 
 2DIAGNOSTIC,    14, -2.596005856222e-01, 2.963285644068e-04, 1.2004e+01, 3.5923e-02, 
 2DIAGNOSTIC,    15, -2.593260067994e-01, 5.395055234399e-05, 1.2041e+01, 3.7067e-02, 
DIAGNOSTIC,Iteration,metricValue,convergenceValue,ITERATION_TIME_INDEX,SINCE_LAST
 2DIAGNOSTIC,     1, -1.876336757298e-01, 1.797693134862e+308, 1.5098e+01, 3.0570e+00, 
 2DIAGNOSTIC,     2, -1.879382084213e-01, 1.797693134862e+308, 1.5342e+01, 2.4438e-01, 
 2DIAGNOSTIC,     3, -1.890709017101e-01, 1.797693134862e+308, 1.5595e+01, 2.5294e-01, 
 2DIAGNOSTIC,     4, -1.904315306894e-01, 1.797693134862e+308, 1.5873e+01, 2.7827e-01, 
 2DIAGNOSTIC,     5, -1.913868009364e-01, 1.797693134862e+308, 1.6124e+01, 2.5051e-01, 
 2DIAGNOSTIC,     6, -1.923662950881e-01, 1.797693134862e+308, 1.6374e+01, 2.5008e-01, 
 2DIAGNOSTIC,     7, -1.935373343093e-01, 1.797693134862e+308, 1.6625e+01, 2.5139e-01, 
 2DIAGNOSTIC,     8, -1.949678300076e-01, 1.797693134862e+308, 1.6869e+01, 2.4349e-01, 
 2DIAGNOSTIC,     9, -2.028690416882e-01, 1.797693134862e+308, 1.7139e+01, 2.7061e-01, 
 2DIAGNOSTIC,    10, -2.294778870684e-01, 8.797417531945e-03, 1.7422e+01, 2.8274e-01, 
 2DIAGNOSTIC,    11, -2.471059845039e-01, 1.353378855515e-02, 1.7752e+01, 3.2980e-01, 
 2DIAGNOSTIC,    12, -2.465073583766e-01, 1.608615823487e-02, 1.8038e+01, 2.8560e-01, 
 2DIAGNOSTIC,    13, -2.479810924413e-01, 1.707041629468e-02, 1.8335e+01, 2.9695e-01, 
 2DIAGNOSTIC,    14, -2.488544038953e-01, 1.657067978002e-02, 1.8788e+01, 4.5378e-01, 
 2DIAGNOSTIC,    15, -2.487230430503e-01, 1.467887700102e-02, 1.9209e+01, 4.2035e-01, 
 2DIAGNOSTIC,    16, -2.487927308268e-01, 1.179415028599e-02, 1.9495e+01, 2.8618e-01, 
 2DIAGNOSTIC,    17, -2.488413850426e-01, 8.349234404439e-03, 1.9911e+01, 4.1644e-01, 
 2DIAGNOSTIC,    18, -2.488538668677e-01, 4.703277178708e-03, 2.0204e+01, 2.9282e-01, 
 2DIAGNOSTIC,    19, -2.488010912196e-01, 1.550032703867e-03, 2.0447e+01, 2.4246e-01, 
 2DIAGNOSTIC,    20, -2.488020594770e-01, 2.780033579690e-04, 2.0729e+01, 2.8285e-01, 
 2DIAGNOSTIC,    21, -2.487649298299e-01, 1.838029011162e-04, 2.1014e+01, 2.8443e-01, 
 2DIAGNOSTIC,    22, -2.487177568473e-01, 4.302007427881e-05, 2.1253e+01, 2.3967e-01, 
DIAGNOSTIC,Iteration,metricValue,convergenceValue,ITERATION_TIME_INDEX,SINCE_LAST
 2DIAGNOSTIC,     1, -1.788601097361e-01, 1.797693134862e+308, 2.3509e+01, 2.2551e+00, 
  Elapsed time (stage 0): 2.4669e+01


Stage 1
  iterations = 10
  convergence threshold = 1.0000e-06
  convergence window size = 10
  number of levels = 1
  using the CC metric (radius = 4, weight = 1.0000e+00)
  preprocessing:  winsorizing the image intensities
  Shrink factors (level 1 out of 1): [1, 1, 1]
  smoothing sigmas per level: [0]
  Using default NONE metricSamplingStrategy 

*** Running SyN registration (varianceForUpdateField = 3.0000e+00, varianceForTotalField = 0.0000e+00) ***

XXDIAGNOSTIC,Iteration,metricValue,convergenceValue,ITERATION_TIME_INDEX,SINCE_LAST
 1DIAGNOSTIC,     1, -1.806157499257e-01, 1.797693134862e+308, 3.2185e+01, 3.2185e+01, 
 1DIAGNOSTIC,     2, -1.814132170030e-01, 1.797693134862e+308, 6.2450e+01, 3.0265e+01, 
 1DIAGNOSTIC,     3, -1.822268479482e-01, 1.797693134862e+308, 9.2478e+01, 3.0028e+01, 
 1DIAGNOSTIC,     4, -1.829019671691e-01, 1.797693134862e+308, 1.2335e+02, 3.0867e+01, 
 1DIAGNOSTIC,     5, -1.835485433761e-01, 1.797693134862e+308, 1.5385e+02, 3.0500e+01, 
 1DIAGNOSTIC,     6, -1.842184545843e-01, 1.797693134862e+308, 1.8400e+02, 3.0150e+01, 
 1DIAGNOSTIC,     7, -1.848552024295e-01, 1.797693134862e+308, 2.1466e+02, 3.0660e+01, 
 1DIAGNOSTIC,     8, -1.854448459971e-01, 1.797693134862e+308, 2.4546e+02, 3.0804e+01, 
 1DIAGNOSTIC,     9, -1.860537712314e-01, 1.797693134862e+308, 2.7603e+02, 3.0574e+01, 
 1DIAGNOSTIC,    10, -1.865954838524e-01, 2.062324417475e-03, 3.0729e+02, 3.1259e+01, 
  Elapsed time (stage 1): 308.6


Total elapsed time: 333.4
>> EPI_REG OK: subject 28061/run 
mkdir: cannot create directory ‘/lustre/scratch/wbic-beta/ccn30/ENCRYPT/gridcellpilot/preprocessed_data/segmentation/28061/epimasks’: File exists
Making EPI Mask directory
EXECUTING T2 mask to EPI space transformation for subject 28061
Using double precision for computations.
Input scalar image: /lustre/scratch/wbic-beta/ccn30/ENCRYPT/gridcellpilot/preprocessed_data/segmentation/28061/ASHS_corinputs/final/28061_3_left_lfseg_corr_nogray.nii.gz
Reference image: /lustre/scratch/wbic-beta/ccn30/ENCRYPT/gridcellpilot/preprocessed_data/images/28061/topup_Run_1_split0000.nii
=============================================================================
The composite transform comprises the following transforms (in order): 
  1. inverse of T1toT2_ANTS_0GenericAffine.mat (type = AffineTransform)
  2. T1toT2_ANTS_1InverseWarp.nii.gz (type = DisplacementFieldTransform)
  3. T1toEPI_ANTS_0GenericAffine.mat (type = AffineTransform)
  4. T1toEPI_ANTS_1Warp.nii.gz (type = DisplacementFieldTransform)
=============================================================================
Default pixel value: 0
Interpolation type: LabelImageGaussianInterpolateImageFunction
Output warped image: /lustre/scratch/wbic-beta/ccn30/ENCRYPT/gridcellpilot/preprocessed_data/segmentation/28061/epimasks/LeftMTLmaskWarped_SyN.nii.gz
Using double precision for computations.
Input scalar image: /lustre/scratch/wbic-beta/ccn30/ENCRYPT/gridcellpilot/preprocessed_data/segmentation/28061/ASHS_corinputs/final/28061_3_right_lfseg_corr_nogray.nii.gz
Reference image: /lustre/scratch/wbic-beta/ccn30/ENCRYPT/gridcellpilot/preprocessed_data/images/28061/topup_Run_1_split0000.nii
=============================================================================
The composite transform comprises the following transforms (in order): 
  1. inverse of T1toT2_ANTS_0GenericAffine.mat (type = AffineTransform)
  2. T1toT2_ANTS_1InverseWarp.nii.gz (type = DisplacementFieldTransform)
  3. T1toEPI_ANTS_0GenericAffine.mat (type = AffineTransform)
  4. T1toEPI_ANTS_1Warp.nii.gz (type = DisplacementFieldTransform)
=============================================================================
Default pixel value: 0
Interpolation type: LabelImageGaussianInterpolateImageFunction
Output warped image: /lustre/scratch/wbic-beta/ccn30/ENCRYPT/gridcellpilot/preprocessed_data/segmentation/28061/epimasks/RightMTLmaskWarped_SyN.nii.gz
Using double precision for computations.
Input scalar image: /lustre/scratch/wbic-beta/ccn30/ENCRYPT/gridcellpilot/preprocessed_data/segmentation/28061/ASHS_corinputs/final/28061_3_left_lfseg_corr_nogray.nii.gz
Reference image: /lustre/scratch/wbic-beta/ccn30/ENCRYPT/gridcellpilot/preprocessed_data/images/28061/topup_Run_1_split0000.nii
=============================================================================
The composite transform comprises the following transforms (in order): 
  1. inverse of T1toT2_ANTS_0GenericAffine.mat (type = AffineTransform)
  2. T1toEPI_ANTS_0GenericAffine.mat (type = AffineTransform)
=============================================================================
Default pixel value: 0
Interpolation type: LabelImageGaussianInterpolateImageFunction
Output warped image: /lustre/scratch/wbic-beta/ccn30/ENCRYPT/gridcellpilot/preprocessed_data/segmentation/28061/epimasks/LeftMTLmaskWarped_affine.nii.gz
Using double precision for computations.
Input scalar image: /lustre/scratch/wbic-beta/ccn30/ENCRYPT/gridcellpilot/preprocessed_data/segmentation/28061/ASHS_corinputs/final/28061_3_right_lfseg_corr_nogray.nii.gz
Reference image: /lustre/scratch/wbic-beta/ccn30/ENCRYPT/gridcellpilot/preprocessed_data/images/28061/topup_Run_1_split0000.nii
=============================================================================
The composite transform comprises the following transforms (in order): 
  1. inverse of T1toT2_ANTS_0GenericAffine.mat (type = AffineTransform)
  2. T1toEPI_ANTS_0GenericAffine.mat (type = AffineTransform)
=============================================================================
Default pixel value: 0
Interpolation type: LabelImageGaussianInterpolateImageFunction
Output warped image: /lustre/scratch/wbic-beta/ccn30/ENCRYPT/gridcellpilot/preprocessed_data/segmentation/28061/epimasks/RightMTLmaskWarped_affine.nii.gz
>> EC MASKS FAILED TRANSFORMATION: subject 28061
