Changed directory to /lustre/scratch/wbic-beta/ccn30/ENCRYPT/fMRI/gridcellpilot/scripts/coregistration/slurmoutputs.

JobID: 6248632
======
Time: Tue Feb  9 23:22:28 GMT 2021
Running on master node: wbic-cs-5
Current directory: /lustre/scratch/wbic-beta/ccn30/ENCRYPT/fMRI/gridcellpilot/scripts/coregistration/slurmoutputs

Nodes allocated:
================
wbic-cs-5

numtasks=1, numnodes=1, mpi_tasks_per_node=1 (OMP_NUM_THREADS=1)

Executing command:
==================
/lustre/scratch/wbic-beta/ccn30/ENCRYPT/fMRI/gridcellpilot/scripts/coregistration/coreg_MasksxEPI.sh 29358/20190905_U-ID46106

******** starting 29358 ********

--------------------------------------------------------------------------------------
 Mapping parameters
--------------------------------------------------------------------------------------
 ANTSPATH is /applications/ANTS/ANTs-2.3.4/install/bin/

 Dimensionality:           3
 Output name prefix:       /lustre/scratch/wbic-beta/ccn30/ENCRYPT/fMRI/gridcellpilot/preprocessed_data/segmentation/29358/coregistration/T1xStudyTemplate_
 Fixed images:             /home/ccn30/ENCRYPT/atlases/templates/ECtemplatemasks2015/Study_template_wholeBrain.nii
 Moving images:            /lustre/scratch/wbic-beta/ccn30/ENCRYPT/fMRI/gridcellpilot/raw_data/images/29358/20190905_U-ID46106/mp2rage/denoiseRn4mag0000_PSIR_skulled_std.nii
 Mask images:              
 Initial transforms:       
 Number of threads:        1
 Spline distance:          26
 Transform type:           s
 CC radius:                4
 Precision:                d
 Use histogram matching    0
======================================================================================
 antsRegistration call:
--------------------------------------------------------------------------------------
/applications/ANTS/ANTs-2.3.4/install/bin//antsRegistration --verbose 1 --dimensionality 3 --float 0 --collapse-output-transforms 1 --output [ /lustre/scratch/wbic-beta/ccn30/ENCRYPT/fMRI/gridcellpilot/preprocessed_data/segmentation/29358/coregistration/T1xStudyTemplate_,/lustre/scratch/wbic-beta/ccn30/ENCRYPT/fMRI/gridcellpilot/preprocessed_data/segmentation/29358/coregistration/T1xStudyTemplate_Warped.nii.gz,/lustre/scratch/wbic-beta/ccn30/ENCRYPT/fMRI/gridcellpilot/preprocessed_data/segmentation/29358/coregistration/T1xStudyTemplate_InverseWarped.nii.gz ] --interpolation Linear --use-histogram-matching 0 --winsorize-image-intensities [ 0.005,0.995 ] --initial-moving-transform [ /home/ccn30/ENCRYPT/atlases/templates/ECtemplatemasks2015/Study_template_wholeBrain.nii,/lustre/scratch/wbic-beta/ccn30/ENCRYPT/fMRI/gridcellpilot/raw_data/images/29358/20190905_U-ID46106/mp2rage/denoiseRn4mag0000_PSIR_skulled_std.nii,1 ] --transform Rigid[ 0.1 ] --metric MI[ /home/ccn30/ENCRYPT/atlases/templates/ECtemplatemasks2015/Study_template_wholeBrain.nii,/lustre/scratch/wbic-beta/ccn30/ENCRYPT/fMRI/gridcellpilot/raw_data/images/29358/20190905_U-ID46106/mp2rage/denoiseRn4mag0000_PSIR_skulled_std.nii,1,32,Regular,0.25 ] --convergence [ 1000x500x250x100,1e-6,10 ] --shrink-factors 12x8x4x2 --smoothing-sigmas 4x3x2x1vox --transform Affine[ 0.1 ] --metric MI[ /home/ccn30/ENCRYPT/atlases/templates/ECtemplatemasks2015/Study_template_wholeBrain.nii,/lustre/scratch/wbic-beta/ccn30/ENCRYPT/fMRI/gridcellpilot/raw_data/images/29358/20190905_U-ID46106/mp2rage/denoiseRn4mag0000_PSIR_skulled_std.nii,1,32,Regular,0.25 ] --convergence [ 1000x500x250x100,1e-6,10 ] --shrink-factors 12x8x4x2 --smoothing-sigmas 4x3x2x1vox --transform SyN[ 0.1,3,0 ] --metric CC[ /home/ccn30/ENCRYPT/atlases/templates/ECtemplatemasks2015/Study_template_wholeBrain.nii,/lustre/scratch/wbic-beta/ccn30/ENCRYPT/fMRI/gridcellpilot/raw_data/images/29358/20190905_U-ID46106/mp2rage/denoiseRn4mag0000_PSIR_skulled_std.nii,1,4 ] --convergence [ 100x100x70x50x20,1e-6,10 ] --shrink-factors 10x6x4x2x1 --smoothing-sigmas 5x3x2x1x0vox
--------------------------------------------------------------------------------------
All_Command_lines_OK
Using double precision for computations.
=============================================================================
The composite transform comprises the following transforms (in order): 
  1. Center of mass alignment using fixed image: /home/ccn30/ENCRYPT/atlases/templates/ECtemplatemasks2015/Study_template_wholeBrain.nii and moving image: /lustre/scratch/wbic-beta/ccn30/ENCRYPT/fMRI/gridcellpilot/raw_data/images/29358/20190905_U-ID46106/mp2rage/denoiseRn4mag0000_PSIR_skulled_std.nii (type = Euler3DTransform)
=============================================================================
  number of levels = 4
  number of levels = 4
  number of levels = 5
  fixed image: /home/ccn30/ENCRYPT/atlases/templates/ECtemplatemasks2015/Study_template_wholeBrain.nii
  moving image: /lustre/scratch/wbic-beta/ccn30/ENCRYPT/fMRI/gridcellpilot/raw_data/images/29358/20190905_U-ID46106/mp2rage/denoiseRn4mag0000_PSIR_skulled_std.nii
  fixed image: /home/ccn30/ENCRYPT/atlases/templates/ECtemplatemasks2015/Study_template_wholeBrain.nii
  moving image: /lustre/scratch/wbic-beta/ccn30/ENCRYPT/fMRI/gridcellpilot/raw_data/images/29358/20190905_U-ID46106/mp2rage/denoiseRn4mag0000_PSIR_skulled_std.nii
  fixed image: /home/ccn30/ENCRYPT/atlases/templates/ECtemplatemasks2015/Study_template_wholeBrain.nii
  moving image: /lustre/scratch/wbic-beta/ccn30/ENCRYPT/fMRI/gridcellpilot/raw_data/images/29358/20190905_U-ID46106/mp2rage/denoiseRn4mag0000_PSIR_skulled_std.nii
Dimension = 3
Number of stages = 3
Use Histogram Matching false
Winsorize image intensities true
Lower quantile = 0.005
Upper quantile = 0.995
Stage 1 State
   Image metric = Mattes
     Fixed image = Image (0x35cf550)
  RTTI typeinfo:   itk::Image<double, 3u>
  Reference Count: 2
  Modified Time: 1735
  Debug: Off
  Object Name: 
  Observers: 
    none
  Source: (none)
  Source output name: (none)
  Release Data: Off
  Data Released: False
  Global Release Data: Off
  PipelineMTime: 0
  UpdateMTime: 1518
  RealTimeStamp: 0 seconds 
  LargestPossibleRegion: 
    Dimension: 3
    Index: [0, 0, 0]
    Size: [384, 384, 288]
  BufferedRegion: 
    Dimension: 3
    Index: [0, 0, 0]
    Size: [384, 384, 288]
  RequestedRegion: 
    Dimension: 3
    Index: [0, 0, 0]
    Size: [384, 384, 288]
  Spacing: [0.598958, 0.598958, 0.599937]
  Origin: [85.9044, -155.274, 91.0901]
  Direction: 
-0 0 -1
1 -0 0
0 -1 0

  IndexToPointMatrix: 
0 0 -0.599937
0.598958 0 0
0 -0.598958 0

  PointToIndexMatrix: 
0 1.66957 0
0 0 -1.66957
-1.66684 0 0

  Inverse Direction: 
0 1 0
0 0 -1
-1 0 0

  PixelContainer: 
    ImportImageContainer (0x35d4880)
      RTTI typeinfo:   itk::ImportImageContainer<unsigned long, double>
      Reference Count: 1
      Modified Time: 1515
      Debug: Off
      Object Name: 
      Observers: 
        none
      Pointer: 0x2b0542269010
      Container manages memory: true
      Size: 42467328
      Capacity: 42467328

     Moving image = Image (0x35cd2f0)
  RTTI typeinfo:   itk::Image<double, 3u>
  Reference Count: 2
  Modified Time: 1736
  Debug: Off
  Object Name: 
  Observers: 
    none
  Source: (none)
  Source output name: (none)
  Release Data: Off
  Data Released: False
  Global Release Data: Off
  PipelineMTime: 0
  UpdateMTime: 1733
  RealTimeStamp: 0 seconds 
  LargestPossibleRegion: 
    Dimension: 3
    Index: [0, 0, 0]
    Size: [224, 320, 320]
  BufferedRegion: 
    Dimension: 3
    Index: [0, 0, 0]
    Size: [224, 320, 320]
  RequestedRegion: 
    Dimension: 3
    Index: [0, 0, 0]
    Size: [224, 320, 320]
  Spacing: [0.700005, 0.7, 0.7]
  Origin: [-81.1493, 72.2492, -103.242]
  Direction: 
1 0 0
0 -1 0
0 0 1

  IndexToPointMatrix: 
0.700005 0 0
0 -0.7 0
0 0 0.7

  PointToIndexMatrix: 
1.42856 0 0
0 -1.42857 0
0 0 1.42857

  Inverse Direction: 
1 0 0
0 -1 0
0 0 1

  PixelContainer: 
    ImportImageContainer (0x35db3f0)
      RTTI typeinfo:   itk::ImportImageContainer<unsigned long, double>
      Reference Count: 1
      Modified Time: 1730
      Debug: Off
      Object Name: 
      Observers: 
        none
      Pointer: 0x2b055666a010
      Container manages memory: true
      Size: 22937600
      Capacity: 22937600

     Weighting = 1
     Sampling strategy = regular
     Number of bins = 32
     Radius = 4
     Sampling percentage  = 0.25
   Transform = Rigid
     Gradient step = 0.1
     Update field sigma (voxel space) = 0
     Total field sigma (voxel space) = 0
     Update field time sigma = 0
     Total field time sigma  = 0
     Number of time indices = 0
     Number of time point samples = 0
Stage 2 State
   Image metric = Mattes
     Fixed image = Image (0x35cf860)
  RTTI typeinfo:   itk::Image<double, 3u>
  Reference Count: 2
  Modified Time: 2167
  Debug: Off
  Object Name: 
  Observers: 
    none
  Source: (none)
  Source output name: (none)
  Release Data: Off
  Data Released: False
  Global Release Data: Off
  PipelineMTime: 0
  UpdateMTime: 1950
  RealTimeStamp: 0 seconds 
  LargestPossibleRegion: 
    Dimension: 3
    Index: [0, 0, 0]
    Size: [384, 384, 288]
  BufferedRegion: 
    Dimension: 3
    Index: [0, 0, 0]
    Size: [384, 384, 288]
  RequestedRegion: 
    Dimension: 3
    Index: [0, 0, 0]
    Size: [384, 384, 288]
  Spacing: [0.598958, 0.598958, 0.599937]
  Origin: [85.9044, -155.274, 91.0901]
  Direction: 
-0 0 -1
1 -0 0
0 -1 0

  IndexToPointMatrix: 
0 0 -0.599937
0.598958 0 0
0 -0.598958 0

  PointToIndexMatrix: 
0 1.66957 0
0 0 -1.66957
-1.66684 0 0

  Inverse Direction: 
0 1 0
0 0 -1
-1 0 0

  PixelContainer: 
    ImportImageContainer (0x35d7be0)
      RTTI typeinfo:   itk::ImportImageContainer<unsigned long, double>
      Reference Count: 1
      Modified Time: 1947
      Debug: Off
      Object Name: 
      Observers: 
        none
      Pointer: 0x2b056156b010
      Container manages memory: true
      Size: 42467328
      Capacity: 42467328

     Moving image = Image (0x35cfaf0)
  RTTI typeinfo:   itk::Image<double, 3u>
  Reference Count: 2
  Modified Time: 2168
  Debug: Off
  Object Name: 
  Observers: 
    none
  Source: (none)
  Source output name: (none)
  Release Data: Off
  Data Released: False
  Global Release Data: Off
  PipelineMTime: 0
  UpdateMTime: 2165
  RealTimeStamp: 0 seconds 
  LargestPossibleRegion: 
    Dimension: 3
    Index: [0, 0, 0]
    Size: [224, 320, 320]
  BufferedRegion: 
    Dimension: 3
    Index: [0, 0, 0]
    Size: [224, 320, 320]
  RequestedRegion: 
    Dimension: 3
    Index: [0, 0, 0]
    Size: [224, 320, 320]
  Spacing: [0.700005, 0.7, 0.7]
  Origin: [-81.1493, 72.2492, -103.242]
  Direction: 
1 0 0
0 -1 0
0 0 1

  IndexToPointMatrix: 
0.700005 0 0
0 -0.7 0
0 0 0.7

  PointToIndexMatrix: 
1.42856 0 0
0 -1.42857 0
0 0 1.42857

  Inverse Direction: 
1 0 0
0 -1 0
0 0 1

  PixelContainer: 
    ImportImageContainer (0x35e4f10)
      RTTI typeinfo:   itk::ImportImageContainer<unsigned long, double>
      Reference Count: 1
      Modified Time: 2162
      Debug: Off
      Object Name: 
      Observers: 
        none
      Pointer: 0x2b057596c010
      Container manages memory: true
      Size: 22937600
      Capacity: 22937600

     Weighting = 1
     Sampling strategy = regular
     Number of bins = 32
     Radius = 4
     Sampling percentage  = 0.25
   Transform = Affine
     Gradient step = 0.1
     Update field sigma (voxel space) = 0
     Total field sigma (voxel space) = 0
     Update field time sigma = 0
     Total field time sigma  = 0
     Number of time indices = 0
     Number of time point samples = 0
Stage 3 State
   Image metric = CC
     Fixed image = Image (0x35e2df0)
  RTTI typeinfo:   itk::Image<double, 3u>
  Reference Count: 2
  Modified Time: 2599
  Debug: Off
  Object Name: 
  Observers: 
    none
  Source: (none)
  Source output name: (none)
  Release Data: Off
  Data Released: False
  Global Release Data: Off
  PipelineMTime: 0
  UpdateMTime: 2382
  RealTimeStamp: 0 seconds 
  LargestPossibleRegion: 
    Dimension: 3
    Index: [0, 0, 0]
    Size: [384, 384, 288]
  BufferedRegion: 
    Dimension: 3
    Index: [0, 0, 0]
    Size: [384, 384, 288]
  RequestedRegion: 
    Dimension: 3
    Index: [0, 0, 0]
    Size: [384, 384, 288]
  Spacing: [0.598958, 0.598958, 0.599937]
  Origin: [85.9044, -155.274, 91.0901]
  Direction: 
-0 0 -1
1 -0 0
0 -1 0

  IndexToPointMatrix: 
0 0 -0.599937
0.598958 0 0
0 -0.598958 0

  PointToIndexMatrix: 
0 1.66957 0
0 0 -1.66957
-1.66684 0 0

  Inverse Direction: 
0 1 0
0 0 -1
-1 0 0

  PixelContainer: 
    ImportImageContainer (0x35e5ae0)
      RTTI typeinfo:   itk::ImportImageContainer<unsigned long, double>
      Reference Count: 1
      Modified Time: 2379
      Debug: Off
      Object Name: 
      Observers: 
        none
      Pointer: 0x2b058086d010
      Container manages memory: true
      Size: 42467328
      Capacity: 42467328

     Moving image = Image (0x35dd700)
  RTTI typeinfo:   itk::Image<double, 3u>
  Reference Count: 2
  Modified Time: 2600
  Debug: Off
  Object Name: 
  Observers: 
    none
  Source: (none)
  Source output name: (none)
  Release Data: Off
  Data Released: False
  Global Release Data: Off
  PipelineMTime: 0
  UpdateMTime: 2597
  RealTimeStamp: 0 seconds 
  LargestPossibleRegion: 
    Dimension: 3
    Index: [0, 0, 0]
    Size: [224, 320, 320]
  BufferedRegion: 
    Dimension: 3
    Index: [0, 0, 0]
    Size: [224, 320, 320]
  RequestedRegion: 
    Dimension: 3
    Index: [0, 0, 0]
    Size: [224, 320, 320]
  Spacing: [0.700005, 0.7, 0.7]
  Origin: [-81.1493, 72.2492, -103.242]
  Direction: 
1 0 0
0 -1 0
0 0 1

  IndexToPointMatrix: 
0.700005 0 0
0 -0.7 0
0 0 0.7

  PointToIndexMatrix: 
1.42856 0 0
0 -1.42857 0
0 0 1.42857

  Inverse Direction: 
1 0 0
0 -1 0
0 0 1

  PixelContainer: 
    ImportImageContainer (0x35e4350)
      RTTI typeinfo:   itk::ImportImageContainer<unsigned long, double>
      Reference Count: 1
      Modified Time: 2594
      Debug: Off
      Object Name: 
      Observers: 
        none
      Pointer: 0x2b0594c6e010
      Container manages memory: true
      Size: 22937600
      Capacity: 22937600

     Weighting = 1
     Sampling strategy = none
     Number of bins = 32
     Radius = 4
     Sampling percentage  = 1
   Transform = SyN
     Gradient step = 0.1
     Update field sigma (voxel space) = 3
     Total field sigma (voxel space) = 0
     Update field time sigma = 0
     Total field time sigma  = 0
     Number of time indices = 0
     Number of time point samples = 0
Registration using 3 total stages.

Stage 0
  iterations = 1000x500x250x100
  convergence threshold = 1e-06
  convergence window size = 10
  number of levels = 4
  using the Mattes MI metric (number of bins = 32, weight = 1)
  preprocessing:  winsorizing the image intensities
  Shrink factors (level 1 out of 4): [12, 12, 12]
  Shrink factors (level 2 out of 4): [8, 8, 8]
  Shrink factors (level 3 out of 4): [4, 4, 4]
  Shrink factors (level 4 out of 4): [2, 2, 2]
  smoothing sigmas per level: [4, 3, 2, 1]
  regular sampling (percentage = 0.25)

*** Running Euler3DTransform registration ***

DIAGNOSTIC,Iteration,metricValue,convergenceValue,ITERATION_TIME_INDEX,SINCE_LAST
 2DIAGNOSTIC,     1, -5.346371201525e-01, 1.797693134862e+308, 8.7164e+00, 8.7164e+00, 
 2DIAGNOSTIC,     2, -5.366183514633e-01, 1.797693134862e+308, 8.7340e+00, 1.7613e-02, 
 2DIAGNOSTIC,     3, -5.389363212139e-01, 1.797693134862e+308, 8.7515e+00, 1.7536e-02, 
 2DIAGNOSTIC,     4, -5.430677736787e-01, 1.797693134862e+308, 8.7703e+00, 1.8834e-02, 
 2DIAGNOSTIC,     5, -5.500358501414e-01, 1.797693134862e+308, 8.7890e+00, 1.8694e-02, 
 2DIAGNOSTIC,     6, -5.633319796478e-01, 1.797693134862e+308, 8.8081e+00, 1.9020e-02, 
 2DIAGNOSTIC,     7, -5.733040765592e-01, 1.797693134862e+308, 8.8311e+00, 2.2995e-02, 
 2DIAGNOSTIC,     8, -5.790234252843e-01, 1.797693134862e+308, 8.8525e+00, 2.1428e-02, 
 2DIAGNOSTIC,     9, -5.800664888427e-01, 1.797693134862e+308, 8.8712e+00, 1.8756e-02, 
 2DIAGNOSTIC,    10, -5.820156278630e-01, 6.612835379024e-03, 8.8944e+00, 2.3135e-02, 
 2DIAGNOSTIC,    11, -5.862678084305e-01, 5.921911412918e-03, 8.9131e+00, 1.8769e-02, 
 2DIAGNOSTIC,    12, -5.904469510331e-01, 5.068925505791e-03, 8.9417e+00, 2.8522e-02, 
 2DIAGNOSTIC,    13, -5.921166683635e-01, 4.050909217636e-03, 8.9597e+00, 1.8016e-02, 
 2DIAGNOSTIC,    14, -5.933706226714e-01, 3.015782010961e-03, 8.9783e+00, 1.8588e-02, 
 2DIAGNOSTIC,    15, -5.964133461945e-01, 2.177195245191e-03, 9.0238e+00, 4.5511e-02, 
 2DIAGNOSTIC,    16, -5.965019071284e-01, 1.655039907958e-03, 9.0422e+00, 1.8445e-02, 
 2DIAGNOSTIC,    17, -5.966223596394e-01, 1.335206298178e-03, 9.0604e+00, 1.8222e-02, 
 2DIAGNOSTIC,    18, -5.967490072356e-01, 1.091970490113e-03, 9.0813e+00, 2.0846e-02, 
 2DIAGNOSTIC,    19, -5.968419987439e-01, 8.046617919116e-04, 9.0994e+00, 1.8085e-02, 
 2DIAGNOSTIC,    20, -5.970092660454e-01, 5.223736190955e-04, 9.1175e+00, 1.8141e-02, 
 2DIAGNOSTIC,    21, -5.971015697106e-01, 3.191292971883e-04, 9.1356e+00, 1.8122e-02, 
 2DIAGNOSTIC,    22, -5.975011880137e-01, 2.080176782811e-04, 9.1539e+00, 1.8239e-02, 
 2DIAGNOSTIC,    23, -5.977352430973e-01, 1.280370491449e-04, 9.1748e+00, 2.0966e-02, 
 2DIAGNOSTIC,    24, -5.978003785401e-01, 6.823792527920e-05, 9.1958e+00, 2.0989e-02, 
 2DIAGNOSTIC,    25, -5.985180367590e-01, 8.083478647816e-05, 9.2224e+00, 2.6557e-02, 
 2DIAGNOSTIC,    26, -5.978629187651e-01, 7.393405469689e-05, 9.2432e+00, 2.0842e-02, 
 2DIAGNOSTIC,    27, -5.978014575174e-01, 6.216243994309e-05, 9.2613e+00, 1.8074e-02, 
 2DIAGNOSTIC,    28, -5.977996255972e-01, 4.769879290126e-05, 9.2804e+00, 1.9069e-02, 
 2DIAGNOSTIC,    29, -5.978394389688e-01, 3.187825403269e-05, 9.3011e+00, 2.0768e-02, 
 2DIAGNOSTIC,    30, -5.979212688390e-01, 1.817999575137e-05, 9.3220e+00, 2.0814e-02, 
 2DIAGNOSTIC,    31, -5.978854772169e-01, 4.643568165430e-06, 9.3428e+00, 2.0818e-02, 
DIAGNOSTIC,Iteration,metricValue,convergenceValue,ITERATION_TIME_INDEX,SINCE_LAST
 2DIAGNOSTIC,     1, -5.652233424219e-01, 1.797693134862e+308, 1.8272e+01, 8.9291e+00, 
 2DIAGNOSTIC,     2, -5.655015428465e-01, 1.797693134862e+308, 1.8347e+01, 7.4935e-02, 
 2DIAGNOSTIC,     3, -5.655202007691e-01, 1.797693134862e+308, 1.8421e+01, 7.4510e-02, 
 2DIAGNOSTIC,     4, -5.655419350797e-01, 1.797693134862e+308, 1.8486e+01, 6.5066e-02, 
 2DIAGNOSTIC,     5, -5.654153300922e-01, 1.797693134862e+308, 1.8562e+01, 7.5350e-02, 
 2DIAGNOSTIC,     6, -5.656308345283e-01, 1.797693134862e+308, 1.8628e+01, 6.6023e-02, 
 2DIAGNOSTIC,     7, -5.660426474337e-01, 1.797693134862e+308, 1.8702e+01, 7.4729e-02, 
 2DIAGNOSTIC,     8, -5.656403708833e-01, 1.797693134862e+308, 1.8779e+01, 7.6078e-02, 
 2DIAGNOSTIC,     9, -5.666663493680e-01, 1.797693134862e+308, 1.8853e+01, 7.4180e-02, 
 2DIAGNOSTIC,    10, -5.665672873480e-01, 1.395709603171e-04, 1.8926e+01, 7.3550e-02, 
 2DIAGNOSTIC,    11, -5.662667427185e-01, 1.235650590468e-04, 1.9000e+01, 7.3942e-02, 
 2DIAGNOSTIC,    12, -5.660711754471e-01, 1.035223319716e-04, 1.9076e+01, 7.5339e-02, 
 2DIAGNOSTIC,    13, -5.660989940706e-01, 7.937171603450e-05, 1.9177e+01, 1.0180e-01, 
 2DIAGNOSTIC,    14, -5.660609605669e-01, 5.072415518659e-05, 1.9241e+01, 6.3840e-02, 
 2DIAGNOSTIC,    15, -5.660695821027e-01, 1.716900897876e-05, 1.9334e+01, 9.2693e-02, 
DIAGNOSTIC,Iteration,metricValue,convergenceValue,ITERATION_TIME_INDEX,SINCE_LAST
 2DIAGNOSTIC,     1, -4.972758594834e-01, 1.797693134862e+308, 2.8912e+01, 9.5781e+00, 
 2DIAGNOSTIC,     2, -4.974866508796e-01, 1.797693134862e+308, 2.9558e+01, 6.4626e-01, 
 2DIAGNOSTIC,     3, -4.975407781769e-01, 1.797693134862e+308, 3.0207e+01, 6.4876e-01, 
 2DIAGNOSTIC,     4, -4.975559903943e-01, 1.797693134862e+308, 3.0949e+01, 7.4164e-01, 
 2DIAGNOSTIC,     5, -4.975410126965e-01, 1.797693134862e+308, 3.1608e+01, 6.5898e-01, 
 2DIAGNOSTIC,     6, -4.975409973529e-01, 1.797693134862e+308, 3.2264e+01, 6.5662e-01, 
 2DIAGNOSTIC,     7, -4.975486364165e-01, 1.797693134862e+308, 3.3012e+01, 7.4730e-01, 
 2DIAGNOSTIC,     8, -4.975265954851e-01, 1.797693134862e+308, 3.3577e+01, 5.6553e-01, 
 2DIAGNOSTIC,     9, -4.975139799218e-01, 1.797693134862e+308, 3.4231e+01, 6.5431e-01, 
 2DIAGNOSTIC,    10, -4.975369649896e-01, 1.869581579252e-05, 3.4797e+01, 5.6589e-01, 
 2DIAGNOSTIC,    11, -4.976027388091e-01, 6.931462901330e-06, 3.5451e+01, 6.5329e-01, 
 2DIAGNOSTIC,    12, -4.976052914895e-01, 6.756927126095e-06, 3.6104e+01, 6.5381e-01, 
 2DIAGNOSTIC,    13, -4.976398453078e-01, 1.017332936575e-05, 3.6671e+01, 5.6614e-01, 
 2DIAGNOSTIC,    14, -4.976432145472e-01, 1.319380731701e-05, 3.7326e+01, 6.5598e-01, 
 2DIAGNOSTIC,    15, -4.975547867060e-01, 1.085807302349e-05, 3.7981e+01, 6.5493e-01, 
 2DIAGNOSTIC,    16, -4.975762716817e-01, 8.823698432983e-06, 3.8636e+01, 6.5434e-01, 
 2DIAGNOSTIC,    17, -4.975909454537e-01, 7.109124871653e-06, 3.9200e+01, 5.6474e-01, 
 2DIAGNOSTIC,    18, -4.976142876454e-01, 5.126736284458e-06, 3.9855e+01, 6.5454e-01, 
 2DIAGNOSTIC,    19, -4.976438997109e-01, 3.558133624598e-06, 4.0509e+01, 6.5360e-01, 
 2DIAGNOSTIC,    20, -4.976002764384e-01, 1.375687606185e-06, 4.1182e+01, 6.7320e-01, 
 2DIAGNOSTIC,    21, -4.976495068694e-01, 2.611740601455e-06, 4.1864e+01, 6.8256e-01, 
 2DIAGNOSTIC,    22, -4.976421247725e-01, 3.397030380207e-06, 4.2731e+01, 8.6685e-01, 
 2DIAGNOSTIC,    23, -4.976409686247e-01, 4.729130947616e-06, 4.3325e+01, 5.9403e-01, 
 2DIAGNOSTIC,    24, -4.976481456383e-01, 5.967482902082e-06, 4.4005e+01, 6.7995e-01, 
 2DIAGNOSTIC,    25, -4.976390533419e-01, 4.443706105570e-06, 4.4680e+01, 6.7482e-01, 
 2DIAGNOSTIC,    26, -4.976270301823e-01, 2.947505401175e-06, 4.5266e+01, 5.8549e-01, 
 2DIAGNOSTIC,    27, -4.976388901729e-01, 1.945658419572e-06, 4.5850e+01, 5.8428e-01, 
 2DIAGNOSTIC,    28, -4.976319417338e-01, 1.253272596945e-06, 4.6519e+01, 6.6929e-01, 
DIAGNOSTIC,Iteration,metricValue,convergenceValue,ITERATION_TIME_INDEX,SINCE_LAST
 2DIAGNOSTIC,     1, -4.393428613701e-01, 1.797693134862e+308, 6.0776e+01, 1.4257e+01, 
 2DIAGNOSTIC,     2, -4.393383494015e-01, 1.797693134862e+308, 6.6362e+01, 5.5862e+00, 
 2DIAGNOSTIC,     3, -4.393440504519e-01, 1.797693134862e+308, 7.1959e+01, 5.5965e+00, 
 2DIAGNOSTIC,     4, -4.393446989111e-01, 1.797693134862e+308, 7.5438e+01, 3.4794e+00, 
 2DIAGNOSTIC,     5, -4.393437723172e-01, 1.797693134862e+308, 8.0011e+01, 4.5730e+00, 
 2DIAGNOSTIC,     6, -4.393434150435e-01, 1.797693134862e+308, 8.4622e+01, 4.6111e+00, 
 2DIAGNOSTIC,     7, -4.393431637073e-01, 1.797693134862e+308, 8.8132e+01, 3.5098e+00, 
 2DIAGNOSTIC,     8, -4.393430292174e-01, 1.797693134862e+308, 9.2135e+01, 4.0032e+00, 
 2DIAGNOSTIC,     9, -4.393411596625e-01, 1.797693134862e+308, 9.7180e+01, 5.0447e+00, 
 2DIAGNOSTIC,    10, -4.393411550931e-01, 3.132853550844e-06, 1.0174e+02, 4.5581e+00, 
 2DIAGNOSTIC,    11, -4.393397597085e-01, 2.657003940518e-06, 1.0576e+02, 4.0197e+00, 
 2DIAGNOSTIC,    12, -4.393395387022e-01, 2.017994723519e-06, 1.0978e+02, 4.0260e+00, 
 2DIAGNOSTIC,    13, -4.393395803204e-01, 1.818409869014e-06, 1.1327e+02, 3.4884e+00, 
 2DIAGNOSTIC,    14, -4.393397087367e-01, 1.741410827247e-06, 1.1676e+02, 3.4863e+00, 
 2DIAGNOSTIC,    15, -4.393394818940e-01, 1.673843947461e-06, 1.2024e+02, 3.4865e+00, 
 2DIAGNOSTIC,    16, -4.393398487471e-01, 1.656413521692e-06, 1.2425e+02, 4.0077e+00, 
 2DIAGNOSTIC,    17, -4.393398598583e-01, 1.661627180544e-06, 1.2881e+02, 4.5532e+00, 
 2DIAGNOSTIC,    18, -4.393399465356e-01, 1.685009230486e-06, 1.3230e+02, 3.4950e+00, 
 2DIAGNOSTIC,    19, -4.393395024641e-01, 1.634157810577e-06, 1.3632e+02, 4.0204e+00, 
 2DIAGNOSTIC,    20, -4.393396324480e-01, 1.597912814337e-06, 1.4033e+02, 4.0069e+00, 
 2DIAGNOSTIC,    21, -4.393371415477e-01, 1.444589515065e-06, 1.4436e+02, 4.0329e+00, 
 2DIAGNOSTIC,    22, -4.393369297532e-01, 1.300803040255e-06, 1.4843e+02, 4.0684e+00, 
 2DIAGNOSTIC,    23, -4.393366937286e-01, 1.177006017011e-06, 1.5196e+02, 3.5304e+00, 
 2DIAGNOSTIC,    24, -4.393368605616e-01, 1.090294141852e-06, 1.5608e+02, 4.1167e+00, 
 2DIAGNOSTIC,    25, -4.393372262486e-01, 1.035899668350e-06, 1.6016e+02, 4.0845e+00, 
 2DIAGNOSTIC,    26, -4.393372938716e-01, 1.019326624337e-06, 1.6425e+02, 4.0925e+00, 
  Elapsed time (stage 0): 1.6871e+02


Stage 1
  iterations = 1000x500x250x100
  convergence threshold = 1.0000e-06
  convergence window size = 10
  number of levels = 4
  using the Mattes MI metric (number of bins = 32, weight = 1.0000e+00)
  preprocessing:  winsorizing the image intensities
  Shrink factors (level 1 out of 4): [12, 12, 12]
  Shrink factors (level 2 out of 4): [8, 8, 8]
  Shrink factors (level 3 out of 4): [4, 4, 4]
  Shrink factors (level 4 out of 4): [2, 2, 2]
  smoothing sigmas per level: [4, 3, 2, 1]
  regular sampling (percentage = 2.5000e-01)

*** Running AffineTransform registration ***

DIAGNOSTIC,Iteration,metricValue,convergenceValue,ITERATION_TIME_INDEX,SINCE_LAST
 2DIAGNOSTIC,     1, -6.093616775506e-01, 1.797693134862e+308, 9.1002e+00, 9.1002e+00, 
 2DIAGNOSTIC,     2, -6.115537918938e-01, 1.797693134862e+308, 9.1218e+00, 2.1587e-02, 
 2DIAGNOSTIC,     3, -6.153319299574e-01, 1.797693134862e+308, 9.1429e+00, 2.1141e-02, 
 2DIAGNOSTIC,     4, -6.203946937743e-01, 1.797693134862e+308, 9.1649e+00, 2.2038e-02, 
 2DIAGNOSTIC,     5, -6.331039517810e-01, 1.797693134862e+308, 9.1866e+00, 2.1647e-02, 
 2DIAGNOSTIC,     6, -6.533143914220e-01, 1.797693134862e+308, 9.2091e+00, 2.2541e-02, 
 2DIAGNOSTIC,     7, -6.745962489290e-01, 1.797693134862e+308, 9.2368e+00, 2.7667e-02, 
 2DIAGNOSTIC,     8, -7.396355003663e-01, 1.797693134862e+308, 9.2661e+00, 2.9279e-02, 
 2DIAGNOSTIC,     9, -7.463163851408e-01, 1.797693134862e+308, 9.2889e+00, 2.2804e-02, 
 2DIAGNOSTIC,    10, -7.521199654562e-01, 1.607654986681e-02, 9.3105e+00, 2.1603e-02, 
 2DIAGNOSTIC,    11, -7.557390947073e-01, 1.554676618474e-02, 9.3386e+00, 2.8128e-02, 
 2DIAGNOSTIC,    12, -7.572499091599e-01, 1.384613800451e-02, 9.3650e+00, 2.6341e-02, 
 2DIAGNOSTIC,    13, -7.584765576036e-01, 1.132816256236e-02, 9.3889e+00, 2.3916e-02, 
 2DIAGNOSTIC,    14, -7.629292452532e-01, 8.455570460904e-03, 9.4159e+00, 2.7022e-02, 
 2DIAGNOSTIC,    15, -7.650506348606e-01, 5.651845802623e-03, 9.4434e+00, 2.7505e-02, 
 2DIAGNOSTIC,    16, -7.660106673651e-01, 3.256757292029e-03, 9.4663e+00, 2.2941e-02, 
 2DIAGNOSTIC,    17, -7.682752507894e-01, 1.388343982037e-03, 9.4934e+00, 2.7086e-02, 
 2DIAGNOSTIC,    18, -7.689471093691e-01, 1.078579013896e-03, 9.5252e+00, 3.1757e-02, 
 2DIAGNOSTIC,    19, -7.691233328956e-01, 8.453529461659e-04, 9.5468e+00, 2.1667e-02, 
 2DIAGNOSTIC,    20, -7.696472722873e-01, 6.832854806379e-04, 9.5685e+00, 2.1695e-02, 
 2DIAGNOSTIC,    21, -7.698597203957e-01, 5.469599644221e-04, 9.5976e+00, 2.9052e-02, 
 2DIAGNOSTIC,    22, -7.698869009869e-01, 4.009530995306e-04, 9.6207e+00, 2.3110e-02, 
 2DIAGNOSTIC,    23, -7.700065233574e-01, 2.526111138743e-04, 9.6480e+00, 2.7266e-02, 
 2DIAGNOSTIC,    24, -7.700189693375e-01, 1.666513926095e-04, 9.6731e+00, 2.5166e-02, 
 2DIAGNOSTIC,    25, -7.700749653915e-01, 1.066409595915e-04, 9.6951e+00, 2.2002e-02, 
 2DIAGNOSTIC,    26, -7.701014891011e-01, 5.557003608606e-05, 9.7165e+00, 2.1332e-02, 
 2DIAGNOSTIC,    27, -7.701587030940e-01, 3.676423360317e-05, 9.7398e+00, 2.3349e-02, 
 2DIAGNOSTIC,    28, -7.702308249410e-01, 2.639659893445e-05, 9.7621e+00, 2.2262e-02, 
 2DIAGNOSTIC,    29, -7.703161594838e-01, 1.772248146077e-05, 9.7851e+00, 2.3018e-02, 
 2DIAGNOSTIC,    30, -7.704098415549e-01, 1.599973285644e-05, 9.8224e+00, 3.7348e-02, 
 2DIAGNOSTIC,    31, -7.704505693979e-01, 1.614096763237e-05, 9.8461e+00, 2.3629e-02, 
 2DIAGNOSTIC,    32, -7.704520663439e-01, 1.516551632137e-05, 9.8679e+00, 2.1820e-02, 
 2DIAGNOSTIC,    33, -7.704561545055e-01, 1.437180228226e-05, 9.8936e+00, 2.5659e-02, 
 2DIAGNOSTIC,    34, -7.704851464948e-01, 1.280841326356e-05, 9.9245e+00, 3.0918e-02, 
 2DIAGNOSTIC,    35, -7.704856951557e-01, 1.081837678348e-05, 9.9489e+00, 2.4381e-02, 
 2DIAGNOSTIC,    36, -7.704552390116e-01, 7.963796623729e-06, 9.9743e+00, 2.5460e-02, 
 2DIAGNOSTIC,    37, -7.704499514468e-01, 5.156103103154e-06, 9.9997e+00, 2.5424e-02, 
 2DIAGNOSTIC,    38, -7.704753086341e-01, 3.069822224734e-06, 1.0030e+01, 3.0417e-02, 
 2DIAGNOSTIC,    39, -7.704754528237e-01, 1.685987693914e-06, 1.0054e+01, 2.3850e-02, 
 2DIAGNOSTIC,    40, -7.704604251236e-01, 1.038281875240e-06, 1.0076e+01, 2.2120e-02, 
DIAGNOSTIC,Iteration,metricValue,convergenceValue,ITERATION_TIME_INDEX,SINCE_LAST
 2DIAGNOSTIC,     1, -7.141913292545e-01, 1.797693134862e+308, 1.9841e+01, 9.7650e+00, 
 2DIAGNOSTIC,     2, -7.146626767769e-01, 1.797693134862e+308, 1.9921e+01, 8.0115e-02, 
 2DIAGNOSTIC,     3, -7.151584305726e-01, 1.797693134862e+308, 2.0004e+01, 8.2278e-02, 
 2DIAGNOSTIC,     4, -7.156633699303e-01, 1.797693134862e+308, 2.0085e+01, 8.1719e-02, 
 2DIAGNOSTIC,     5, -7.166512734125e-01, 1.797693134862e+308, 2.0176e+01, 9.0976e-02, 
 2DIAGNOSTIC,     6, -7.169579557096e-01, 1.797693134862e+308, 2.0260e+01, 8.3700e-02, 
 2DIAGNOSTIC,     7, -7.170837500841e-01, 1.797693134862e+308, 2.0350e+01, 9.0006e-02, 
 2DIAGNOSTIC,     8, -7.171971784322e-01, 1.797693134862e+308, 2.0534e+01, 1.8384e-01, 
 2DIAGNOSTIC,     9, -7.171992897243e-01, 1.797693134862e+308, 2.0615e+01, 8.0862e-02, 
 2DIAGNOSTIC,    10, -7.172088987429e-01, 2.959946548132e-04, 2.0695e+01, 8.0880e-02, 
 2DIAGNOSTIC,    11, -7.172167768281e-01, 2.084794645719e-04, 2.0778e+01, 8.2023e-02, 
 2DIAGNOSTIC,    12, -7.172276545667e-01, 1.332179524832e-04, 2.0859e+01, 8.1854e-02, 
 2DIAGNOSTIC,    13, -7.172445547453e-01, 7.340339635641e-05, 2.0941e+01, 8.1629e-02, 
 2DIAGNOSTIC,    14, -7.172542446625e-01, 2.961949275226e-05, 2.1036e+01, 9.5349e-02, 
 2DIAGNOSTIC,    15, -7.172522200267e-01, 1.510616103356e-05, 2.1119e+01, 8.3129e-02, 
 2DIAGNOSTIC,    16, -7.172597865556e-01, 8.959162567407e-06, 2.1200e+01, 8.0243e-02, 
 2DIAGNOSTIC,    17, -7.172648020612e-01, 5.866048648030e-06, 2.1292e+01, 9.2743e-02, 
 2DIAGNOSTIC,    18, -7.172682702438e-01, 5.317654205993e-06, 2.1373e+01, 8.0720e-02, 
 2DIAGNOSTIC,    19, -7.172770963173e-01, 4.723562240933e-06, 2.1453e+01, 8.0170e-02, 
 2DIAGNOSTIC,    20, -7.172974015335e-01, 4.499207232722e-06, 2.1543e+01, 8.9725e-02, 
 2DIAGNOSTIC,    21, -7.173038088803e-01, 4.285554377238e-06, 2.1634e+01, 9.1132e-02, 
 2DIAGNOSTIC,    22, -7.173059896879e-01, 4.062301535310e-06, 2.1726e+01, 9.2286e-02, 
 2DIAGNOSTIC,    23, -7.173252200645e-01, 4.237591412659e-06, 2.1842e+01, 1.1578e-01, 
 2DIAGNOSTIC,    24, -7.173315119778e-01, 4.387750471138e-06, 2.1923e+01, 8.0931e-02, 
 2DIAGNOSTIC,    25, -7.173318927657e-01, 4.205809457439e-06, 2.2014e+01, 9.0626e-02, 
 2DIAGNOSTIC,    26, -7.173341949779e-01, 3.916017408581e-06, 2.2106e+01, 9.2606e-02, 
 2DIAGNOSTIC,    27, -7.173345044228e-01, 3.475969887222e-06, 2.2197e+01, 9.0599e-02, 
 2DIAGNOSTIC,    28, -7.173345923667e-01, 2.897737644871e-06, 2.2480e+01, 2.8253e-01, 
 2DIAGNOSTIC,    29, -7.173345923647e-01, 2.305406252789e-06, 2.2750e+01, 2.7022e-01, 
 2DIAGNOSTIC,    30, -7.173345923647e-01, 1.908330361108e-06, 2.2842e+01, 9.1915e-02, 
 2DIAGNOSTIC,    31, -7.173345923647e-01, 1.541575646191e-06, 2.2958e+01, 1.1631e-01, 
 2DIAGNOSTIC,    32, -7.173345923647e-01, 1.169990606238e-06, 2.3054e+01, 9.5709e-02, 
 2DIAGNOSTIC,    33, -7.173345923647e-01, 1.033610070734e-06, 2.3147e+01, 9.2984e-02, 
DIAGNOSTIC,Iteration,metricValue,convergenceValue,ITERATION_TIME_INDEX,SINCE_LAST
 2DIAGNOSTIC,     1, -6.331735317665e-01, 1.797693134862e+308, 3.3511e+01, 1.0364e+01, 
 2DIAGNOSTIC,     2, -6.336904649276e-01, 1.797693134862e+308, 3.4168e+01, 6.5739e-01, 
 2DIAGNOSTIC,     3, -6.342642032890e-01, 1.797693134862e+308, 3.4829e+01, 6.6060e-01, 
 2DIAGNOSTIC,     4, -6.347261765528e-01, 1.797693134862e+308, 3.5494e+01, 6.6523e-01, 
 2DIAGNOSTIC,     5, -6.349927820315e-01, 1.797693134862e+308, 3.6164e+01, 6.6975e-01, 
 2DIAGNOSTIC,     6, -6.351844598804e-01, 1.797693134862e+308, 3.6918e+01, 7.5390e-01, 
 2DIAGNOSTIC,     7, -6.352007455511e-01, 1.797693134862e+308, 3.7772e+01, 8.5404e-01, 
 2DIAGNOSTIC,     8, -6.351806376372e-01, 1.797693134862e+308, 3.8531e+01, 7.5872e-01, 
 2DIAGNOSTIC,     9, -6.351608967784e-01, 1.797693134862e+308, 3.9153e+01, 6.2247e-01, 
 2DIAGNOSTIC,    10, -6.352335903670e-01, 1.931069797072e-04, 3.9872e+01, 7.1859e-01, 
 2DIAGNOSTIC,    11, -6.352446449003e-01, 1.167321791030e-04, 4.0874e+01, 1.0020e+00, 
 2DIAGNOSTIC,    12, -6.352447078233e-01, 6.190987418583e-05, 4.1591e+01, 7.1717e-01, 
 2DIAGNOSTIC,    13, -6.352435378859e-01, 2.971576785644e-05, 4.2306e+01, 7.1550e-01, 
 2DIAGNOSTIC,    14, -6.352416466055e-01, 1.420861536000e-05, 4.3025e+01, 7.1821e-01, 
 2DIAGNOSTIC,    15, -6.352406283950e-01, 7.404698835423e-06, 4.3742e+01, 7.1719e-01, 
 2DIAGNOSTIC,    16, -6.352408564097e-01, 6.294419976766e-06, 4.4367e+01, 6.2514e-01, 
 2DIAGNOSTIC,    17, -6.352411907397e-01, 5.393956898733e-06, 4.4989e+01, 6.2170e-01, 
 2DIAGNOSTIC,    18, -6.352416931821e-01, 3.821146103727e-06, 4.5610e+01, 6.2095e-01, 
 2DIAGNOSTIC,    19, -6.352466869569e-01, 1.831135223250e-06, 4.6230e+01, 6.2067e-01, 
 2DIAGNOSTIC,    20, -6.352502441801e-01, 1.722283599667e-06, 4.6852e+01, 6.2169e-01, 
 2DIAGNOSTIC,    21, -6.352618006264e-01, 2.091773861665e-06, 4.7576e+01, 7.2448e-01, 
 2DIAGNOSTIC,    22, -6.352776112027e-01, 2.692285719648e-06, 4.8199e+01, 6.2263e-01, 
 2DIAGNOSTIC,    23, -6.352842272001e-01, 3.225346579330e-06, 4.8918e+01, 7.1854e-01, 
 2DIAGNOSTIC,    24, -6.352867303895e-01, 3.555114036942e-06, 4.9825e+01, 9.0744e-01, 
 2DIAGNOSTIC,    25, -6.352858562728e-01, 3.617964346336e-06, 5.0639e+01, 8.1354e-01, 
 2DIAGNOSTIC,    26, -6.352863356030e-01, 3.467134012926e-06, 5.1358e+01, 7.1962e-01, 
 2DIAGNOSTIC,    27, -6.352861449077e-01, 3.115015198445e-06, 5.2077e+01, 7.1867e-01, 
 2DIAGNOSTIC,    28, -6.352857857743e-01, 2.606179882111e-06, 5.2793e+01, 7.1657e-01, 
 2DIAGNOSTIC,    29, -6.352856910860e-01, 2.073067717115e-06, 5.3513e+01, 7.1937e-01, 
 2DIAGNOSTIC,    30, -6.352855632386e-01, 1.533893883569e-06, 5.4136e+01, 6.2297e-01, 
 2DIAGNOSTIC,    31, -6.352854780427e-01, 1.145413413034e-06, 5.4854e+01, 7.1833e-01, 
DIAGNOSTIC,Iteration,metricValue,convergenceValue,ITERATION_TIME_INDEX,SINCE_LAST
 2DIAGNOSTIC,     1, -5.539872187664e-01, 1.797693134862e+308, 6.8623e+01, 1.3769e+01, 
 2DIAGNOSTIC,     2, -5.544284632221e-01, 1.797693134862e+308, 7.2559e+01, 3.9354e+00, 
 2DIAGNOSTIC,     3, -5.548108569804e-01, 1.797693134862e+308, 7.6525e+01, 3.9661e+00, 
 2DIAGNOSTIC,     4, -5.550368333433e-01, 1.797693134862e+308, 8.0501e+01, 3.9768e+00, 
 2DIAGNOSTIC,     5, -5.551779405911e-01, 1.797693134862e+308, 8.5047e+01, 4.5456e+00, 
 2DIAGNOSTIC,     6, -5.552361817906e-01, 1.797693134862e+308, 8.9551e+01, 4.5043e+00, 
 2DIAGNOSTIC,     7, -5.552582220373e-01, 1.797693134862e+308, 9.9853e+01, 1.0302e+01, 
 2DIAGNOSTIC,     8, -5.552557430977e-01, 1.797693134862e+308, 1.0386e+02, 4.0024e+00, 
 2DIAGNOSTIC,     9, -5.552556566871e-01, 1.797693134862e+308, 1.0783e+02, 3.9737e+00, 
 2DIAGNOSTIC,    10, -5.552558103641e-01, 1.269378536922e-04, 1.1238e+02, 4.5520e+00, 
 2DIAGNOSTIC,    11, -5.552558498163e-01, 6.851979229276e-05, 1.1693e+02, 4.5441e+00, 
 2DIAGNOSTIC,    12, -5.552532009724e-01, 3.239594086639e-05, 1.2087e+02, 3.9464e+00, 
 2DIAGNOSTIC,    13, -5.552531896534e-01, 1.405859762041e-05, 1.2482e+02, 3.9489e+00, 
 2DIAGNOSTIC,    14, -5.552509395357e-01, 5.360023195553e-06, 1.2936e+02, 4.5417e+00, 
 2DIAGNOSTIC,    15, -5.552513818099e-01, 2.322986353567e-06, 1.3333e+02, 3.9700e+00, 
 2DIAGNOSTIC,    16, -5.552496723206e-01, 1.434073434795e-06, 1.3730e+02, 3.9716e+00, 
 2DIAGNOSTIC,    17, -5.552506473389e-01, 1.398067839171e-06, 1.4128e+02, 3.9779e+00, 
 2DIAGNOSTIC,    18, -5.552522299011e-01, 1.383818833210e-06, 1.4584e+02, 4.5600e+00, 
 2DIAGNOSTIC,    19, -5.552535371417e-01, 1.437594796559e-06, 1.4981e+02, 3.9691e+00, 
 2DIAGNOSTIC,    20, -5.552546656670e-01, 1.540119318771e-06, 1.5376e+02, 3.9460e+00, 
 2DIAGNOSTIC,    21, -5.552564027861e-01, 1.682671549930e-06, 1.5772e+02, 3.9591e+00, 
 2DIAGNOSTIC,    22, -5.552566812998e-01, 1.740284954206e-06, 1.6171e+02, 3.9943e+00, 
 2DIAGNOSTIC,    23, -5.552624995242e-01, 1.895476757920e-06, 1.6571e+02, 4.0040e+00, 
 2DIAGNOSTIC,    24, -5.552660281884e-01, 2.013065119641e-06, 1.7085e+02, 5.1340e+00, 
 2DIAGNOSTIC,    25, -5.552683112101e-01, 2.113118662488e-06, 1.7712e+02, 6.2738e+00, 
 2DIAGNOSTIC,    26, -5.552683617715e-01, 2.094745998951e-06, 1.8281e+02, 5.6885e+00, 
 2DIAGNOSTIC,    27, -5.552684381256e-01, 2.016369802509e-06, 1.9714e+02, 1.4331e+01, 
 2DIAGNOSTIC,    28, -5.552684381253e-01, 1.892166216787e-06, 2.0793e+02, 1.0792e+01, 
 2DIAGNOSTIC,    29, -5.552684381253e-01, 1.726542675974e-06, 2.1242e+02, 4.4853e+00, 
 2DIAGNOSTIC,    30, -5.552684381253e-01, 1.531666421160e-06, 2.1690e+02, 4.4774e+00, 
 2DIAGNOSTIC,    31, -5.552684381253e-01, 1.335271496920e-06, 2.2213e+02, 5.2297e+00, 
 2DIAGNOSTIC,    32, -5.552684381253e-01, 1.124916300992e-06, 2.2751e+02, 5.3822e+00, 
 2DIAGNOSTIC,    33, -5.552684381253e-01, 1.004041240295e-06, 2.3226e+02, 4.7522e+00, 
  Elapsed time (stage 1): 2.3709e+02


Stage 2
  iterations = 100x100x70x50x20
  convergence threshold = 1.0000e-06
  convergence window size = 10
  number of levels = 5
  using the CC metric (radius = 4, weight = 1.0000e+00)
  preprocessing:  winsorizing the image intensities
  Shrink factors (level 1 out of 5): [10, 10, 10]
  Shrink factors (level 2 out of 5): [6, 6, 6]
  Shrink factors (level 3 out of 5): [4, 4, 4]
  Shrink factors (level 4 out of 5): [2, 2, 2]
  Shrink factors (level 5 out of 5): [1, 1, 1]
  smoothing sigmas per level: [5, 3, 2, 1, 0]
  Using default NONE metricSamplingStrategy 

*** Running SyN registration (varianceForUpdateField = 3.0000e+00, varianceForTotalField = 0.0000e+00) ***

XXDIAGNOSTIC,Iteration,metricValue,convergenceValue,ITERATION_TIME_INDEX,SINCE_LAST
 1DIAGNOSTIC,     1, -5.725183331306e-01, 1.797693134862e+308, 1.1136e+01, 1.1136e+01, 
 1DIAGNOSTIC,     2, -5.804022431179e-01, 1.797693134862e+308, 1.2801e+01, 1.6644e+00, 
 1DIAGNOSTIC,     3, -5.874460067656e-01, 1.797693134862e+308, 1.4484e+01, 1.6827e+00, 
 1DIAGNOSTIC,     4, -5.932216121325e-01, 1.797693134862e+308, 1.6160e+01, 1.6769e+00, 
 1DIAGNOSTIC,     5, -5.984898035713e-01, 1.797693134862e+308, 1.7873e+01, 1.7122e+00, 
 1DIAGNOSTIC,     6, -6.032221478341e-01, 1.797693134862e+308, 1.9567e+01, 1.6946e+00, 
 1DIAGNOSTIC,     7, -6.073877417606e-01, 1.797693134862e+308, 2.1299e+01, 1.7316e+00, 
 1DIAGNOSTIC,     8, -6.112011182651e-01, 1.797693134862e+308, 2.3007e+01, 1.7084e+00, 
 1DIAGNOSTIC,     9, -6.143931326545e-01, 1.797693134862e+308, 2.4720e+01, 1.7127e+00, 
 1DIAGNOSTIC,    10, -6.172258920916e-01, 4.679132602849e-03, 2.6442e+01, 1.7217e+00, 
 1DIAGNOSTIC,    11, -6.197698133966e-01, 3.740756019220e-03, 2.8123e+01, 1.6810e+00, 
 1DIAGNOSTIC,    12, -6.220471184705e-01, 3.022543514229e-03, 2.9792e+01, 1.6695e+00, 
 1DIAGNOSTIC,    13, -6.240984216293e-01, 2.471044141937e-03, 3.1467e+01, 1.6744e+00, 
 1DIAGNOSTIC,    14, -6.259568800292e-01, 2.029455593386e-03, 3.3140e+01, 1.6732e+00, 
 1DIAGNOSTIC,    15, -6.276465513305e-01, 1.678238940815e-03, 3.4834e+01, 1.6946e+00, 
 1DIAGNOSTIC,    16, -6.291855781372e-01, 1.399640463591e-03, 3.6508e+01, 1.6738e+00, 
 1DIAGNOSTIC,    17, -6.305918560510e-01, 1.177086490961e-03, 3.8205e+01, 1.6968e+00, 
 1DIAGNOSTIC,    18, -6.318815767310e-01, 1.001934490861e-03, 3.9877e+01, 1.6718e+00, 
 1DIAGNOSTIC,    19, -6.330670772093e-01, 8.588953596406e-04, 4.1509e+01, 1.6320e+00, 
 1DIAGNOSTIC,    20, -6.341392096195e-01, 7.404153390895e-04, 4.3067e+01, 1.5582e+00, 
 1DIAGNOSTIC,    21, -6.351467821748e-01, 6.421291757586e-04, 4.4627e+01, 1.5597e+00, 
 1DIAGNOSTIC,    22, -6.360773764316e-01, 5.598402601234e-04, 4.6198e+01, 1.5712e+00, 
 1DIAGNOSTIC,    23, -6.369444231865e-01, 4.905445108235e-04, 4.7796e+01, 1.5979e+00, 
 1DIAGNOSTIC,    24, -6.377424665984e-01, 4.317497250351e-04, 4.9371e+01, 1.5755e+00, 
 1DIAGNOSTIC,    25, -6.384846893247e-01, 3.816274259843e-04, 5.0944e+01, 1.5727e+00, 
 1DIAGNOSTIC,    26, -6.391732693737e-01, 3.386155750687e-04, 5.2524e+01, 1.5798e+00, 
 1DIAGNOSTIC,    27, -6.398187678665e-01, 3.015675320938e-04, 5.4089e+01, 1.5652e+00, 
 1DIAGNOSTIC,    28, -6.404165244004e-01, 2.694411590804e-04, 5.5659e+01, 1.5700e+00, 
 1DIAGNOSTIC,    29, -6.409752349223e-01, 2.414800809510e-04, 5.7227e+01, 1.5683e+00, 
 1DIAGNOSTIC,    30, -6.415001946373e-01, 2.167682767910e-04, 5.8795e+01, 1.5672e+00, 
 1DIAGNOSTIC,    31, -6.419895301229e-01, 1.950788255996e-04, 6.0353e+01, 1.5580e+00, 
 1DIAGNOSTIC,    32, -6.424478357224e-01, 1.759687462835e-04, 6.1915e+01, 1.5628e+00, 
 1DIAGNOSTIC,    33, -6.428774272386e-01, 1.591589329778e-04, 6.3482e+01, 1.5668e+00, 
 1DIAGNOSTIC,    34, -6.432802375842e-01, 1.442462456165e-04, 6.5045e+01, 1.5624e+00, 
 1DIAGNOSTIC,    35, -6.436586887551e-01, 1.309928146369e-04, 6.6605e+01, 1.5604e+00, 
 1DIAGNOSTIC,    36, -6.440142195891e-01, 1.191559889013e-04, 6.8177e+01, 1.5717e+00, 
 1DIAGNOSTIC,    37, -6.443486913319e-01, 1.086128546834e-04, 6.9738e+01, 1.5615e+00, 
 1DIAGNOSTIC,    38, -6.446636743065e-01, 9.915284964740e-05, 7.1301e+01, 1.5631e+00, 
 1DIAGNOSTIC,    39, -6.449604610497e-01, 9.065300573379e-05, 7.2862e+01, 1.5608e+00, 
 1DIAGNOSTIC,    40, -6.452403432513e-01, 8.303466221029e-05, 7.4426e+01, 1.5640e+00, 
 1DIAGNOSTIC,    41, -6.455044778006e-01, 7.617537666308e-05, 7.5982e+01, 1.5563e+00, 
 1DIAGNOSTIC,    42, -6.457538443156e-01, 6.998816647604e-05, 7.7544e+01, 1.5618e+00, 
 1DIAGNOSTIC,    43, -6.459892474269e-01, 6.439458408727e-05, 7.9104e+01, 1.5599e+00, 
 1DIAGNOSTIC,    44, -6.462116914857e-01, 5.932463285470e-05, 8.0668e+01, 1.5637e+00, 
 1DIAGNOSTIC,    45, -6.464220685524e-01, 5.472252208358e-05, 8.2233e+01, 1.5657e+00, 
 1DIAGNOSTIC,    46, -6.466210660433e-01, 5.053521366044e-05, 8.3802e+01, 1.5688e+00, 
 1DIAGNOSTIC,    47, -6.468094119964e-01, 4.671882295386e-05, 8.5372e+01, 1.5696e+00, 
 1DIAGNOSTIC,    48, -6.469877702064e-01, 4.323594862874e-05, 8.6939e+01, 1.5670e+00, 
 1DIAGNOSTIC,    49, -6.471582562366e-01, 4.006703220055e-05, 8.8505e+01, 1.5660e+00, 
 1DIAGNOSTIC,    50, -6.473186006232e-01, 3.716853868261e-05, 9.0076e+01, 1.5709e+00, 
 1DIAGNOSTIC,    51, -6.474706816227e-01, 3.451444866591e-05, 9.1634e+01, 1.5586e+00, 
 1DIAGNOSTIC,    52, -6.476149864024e-01, 3.208067588214e-05, 9.3197e+01, 1.5628e+00, 
 1DIAGNOSTIC,    53, -6.477520037287e-01, 2.984436737558e-05, 9.4760e+01, 1.5630e+00, 
 1DIAGNOSTIC,    54, -6.478821654754e-01, 2.778631788814e-05, 9.6323e+01, 1.5626e+00, 
 1DIAGNOSTIC,    55, -6.480058471112e-01, 2.589032483660e-05, 9.7885e+01, 1.5627e+00, 
 1DIAGNOSTIC,    56, -6.481233471827e-01, 2.414105452549e-05, 9.9453e+01, 1.5674e+00, 
 1DIAGNOSTIC,    57, -6.482350840994e-01, 2.252550575341e-05, 1.0102e+02, 1.5645e+00, 
 1DIAGNOSTIC,    58, -6.483413911301e-01, 2.103193413723e-05, 1.0258e+02, 1.5597e+00, 
 1DIAGNOSTIC,    59, -6.484425219594e-01, 1.966181856297e-05, 1.0414e+02, 1.5635e+00, 
 1DIAGNOSTIC,    60, -6.485388617652e-01, 1.839521838452e-05, 1.0571e+02, 1.5736e+00, 
 1DIAGNOSTIC,    61, -6.486315021918e-01, 1.722979603577e-05, 1.0728e+02, 1.5668e+00, 
 1DIAGNOSTIC,    62, -6.487190025309e-01, 1.615057506844e-05, 1.0884e+02, 1.5573e+00, 
 1DIAGNOSTIC,    63, -6.488023559269e-01, 1.514983556332e-05, 1.1042e+02, 1.5854e+00, 
 1DIAGNOSTIC,    64, -6.488817648332e-01, 1.422035346230e-05, 1.1199e+02, 1.5632e+00, 
 1DIAGNOSTIC,    65, -6.489575093948e-01, 1.335589998348e-05, 1.1355e+02, 1.5638e+00, 
 1DIAGNOSTIC,    66, -6.490297549025e-01, 1.255027251833e-05, 1.1511e+02, 1.5606e+00, 
 1DIAGNOSTIC,    67, -6.490986539561e-01, 1.179848787982e-05, 1.1669e+02, 1.5755e+00, 
 1DIAGNOSTIC,    68, -6.491643461462e-01, 1.109618210593e-05, 1.1825e+02, 1.5682e+00, 
 1DIAGNOSTIC,    69, -6.492270430252e-01, 1.043948023691e-05, 1.1982e+02, 1.5676e+00, 
 1DIAGNOSTIC,    70, -6.492868630576e-01, 9.825295242898e-06, 1.2138e+02, 1.5604e+00, 
 1DIAGNOSTIC,    71, -6.493440244213e-01, 9.257041317252e-06, 1.2295e+02, 1.5632e+00, 
 1DIAGNOSTIC,    72, -6.493986021945e-01, 8.726575622574e-06, 1.2451e+02, 1.5613e+00, 
 1DIAGNOSTIC,    73, -6.494507446934e-01, 8.231092237717e-06, 1.2607e+02, 1.5673e+00, 
 1DIAGNOSTIC,    74, -6.495005291791e-01, 7.767633702808e-06, 1.2765e+02, 1.5748e+00, 
 1DIAGNOSTIC,    75, -6.495480870054e-01, 7.334057783257e-06, 1.2922e+02, 1.5680e+00, 
 1DIAGNOSTIC,    76, -6.495935401165e-01, 6.928330651719e-06, 1.3078e+02, 1.5654e+00, 
 1DIAGNOSTIC,    77, -6.496369806506e-01, 6.548361228792e-06, 1.3235e+02, 1.5662e+00, 
 1DIAGNOSTIC,    78, -6.496785111868e-01, 6.192083400879e-06, 1.3391e+02, 1.5644e+00, 
 1DIAGNOSTIC,    79, -6.497182327726e-01, 5.857962141675e-06, 1.3547e+02, 1.5570e+00, 
 1DIAGNOSTIC,    80, -6.497561908746e-01, 5.544167315644e-06, 1.3704e+02, 1.5672e+00, 
 1DIAGNOSTIC,    81, -6.497924698684e-01, 5.249480869792e-06, 1.3860e+02, 1.5661e+00, 
 1DIAGNOSTIC,    82, -6.498271685957e-01, 4.972585351102e-06, 1.4017e+02, 1.5652e+00, 
 1DIAGNOSTIC,    83, -6.498603440006e-01, 4.712305503597e-06, 1.4174e+02, 1.5672e+00, 
 1DIAGNOSTIC,    84, -6.498920442268e-01, 4.467227014315e-06, 1.4330e+02, 1.5636e+00, 
 1DIAGNOSTIC,    85, -6.499223451804e-01, 4.236222388283e-06, 1.4486e+02, 1.5642e+00, 
 1DIAGNOSTIC,    86, -6.499513600899e-01, 4.018628840006e-06, 1.4643e+02, 1.5655e+00, 
 1DIAGNOSTIC,    87, -6.499791193646e-01, 3.813648992393e-06, 1.4800e+02, 1.5730e+00, 
 1DIAGNOSTIC,    88, -6.500056833554e-01, 3.620614491820e-06, 1.4957e+02, 1.5668e+00, 
 1DIAGNOSTIC,    89, -6.500310778891e-01, 3.438827088649e-06, 1.5113e+02, 1.5616e+00, 
 1DIAGNOSTIC,    90, -6.500553933666e-01, 3.267621818123e-06, 1.5269e+02, 1.5642e+00, 
 1DIAGNOSTIC,    91, -6.500786943553e-01, 3.106440581217e-06, 1.5426e+02, 1.5629e+00, 
 1DIAGNOSTIC,    92, -6.501009970888e-01, 2.954699919117e-06, 1.5582e+02, 1.5576e+00, 
 1DIAGNOSTIC,    93, -6.501223315878e-01, 2.811697932453e-06, 1.5738e+02, 1.5658e+00, 
 1DIAGNOSTIC,    94, -6.501426996712e-01, 2.676470185975e-06, 1.5896e+02, 1.5789e+00, 
 1DIAGNOSTIC,    95, -6.501621672634e-01, 2.548288758591e-06, 1.6052e+02, 1.5598e+00, 
 1DIAGNOSTIC,    96, -6.501808163708e-01, 2.426945947190e-06, 1.6208e+02, 1.5641e+00, 
 1DIAGNOSTIC,    97, -6.501986932367e-01, 2.312184754364e-06, 1.6365e+02, 1.5632e+00, 
 1DIAGNOSTIC,    98, -6.502157889327e-01, 2.203607823985e-06, 1.6522e+02, 1.5752e+00, 
 1DIAGNOSTIC,    99, -6.502321202431e-01, 2.100657682700e-06, 1.6679e+02, 1.5705e+00, 
 1DIAGNOSTIC,   100, -6.502477311354e-01, 2.003056074252e-06, 1.6835e+02, 1.5586e+00, 
XXDIAGNOSTIC,Iteration,metricValue,convergenceValue,ITERATION_TIME_INDEX,SINCE_LAST
 1DIAGNOSTIC,     1, -4.993866253107e-01, 1.797693134862e+308, 1.8510e+02, 1.6745e+01, 
 1DIAGNOSTIC,     2, -5.042957185210e-01, 1.797693134862e+308, 1.9298e+02, 7.8810e+00, 
 1DIAGNOSTIC,     3, -5.081239372359e-01, 1.797693134862e+308, 2.0086e+02, 7.8863e+00, 
 1DIAGNOSTIC,     4, -5.115601510784e-01, 1.797693134862e+308, 2.0880e+02, 7.9371e+00, 
 1DIAGNOSTIC,     5, -5.145384840008e-01, 1.797693134862e+308, 2.1664e+02, 7.8361e+00, 
 1DIAGNOSTIC,     6, -5.170875385475e-01, 1.797693134862e+308, 2.2447e+02, 7.8285e+00, 
 1DIAGNOSTIC,     7, -5.192413668167e-01, 1.797693134862e+308, 2.3244e+02, 7.9731e+00, 
 1DIAGNOSTIC,     8, -5.212025514799e-01, 1.797693134862e+308, 2.4031e+02, 7.8754e+00, 
 1DIAGNOSTIC,     9, -5.227412087276e-01, 1.797693134862e+308, 2.4821e+02, 7.8951e+00, 
 1DIAGNOSTIC,    10, -5.240611890808e-01, 2.986556814816e-03, 2.5610e+02, 7.8864e+00, 
 1DIAGNOSTIC,    11, -5.252634097060e-01, 2.320103619600e-03, 2.6400e+02, 7.9089e+00, 
 1DIAGNOSTIC,    12, -5.262946675729e-01, 1.828545188178e-03, 2.7189e+02, 7.8837e+00, 
 1DIAGNOSTIC,    13, -5.272829698374e-01, 1.450258449699e-03, 2.7978e+02, 7.8906e+00, 
 1DIAGNOSTIC,    14, -5.281108101799e-01, 1.160636432538e-03, 2.8768e+02, 7.9007e+00, 
 1DIAGNOSTIC,    15, -5.288434676666e-01, 9.387028382319e-04, 2.9557e+02, 7.8903e+00, 
 1DIAGNOSTIC,    16, -5.295837216850e-01, 7.704546599794e-04, 3.0346e+02, 7.8856e+00, 
 1DIAGNOSTIC,    17, -5.302189656644e-01, 6.400559369498e-04, 3.1131e+02, 7.8562e+00, 
 1DIAGNOSTIC,    18, -5.308288135551e-01, 5.425973345972e-04, 3.1921e+02, 7.9015e+00, 
 1DIAGNOSTIC,    19, -5.313859964789e-01, 4.649635126135e-04, 3.2704e+02, 7.8237e+00, 
 1DIAGNOSTIC,    20, -5.318848968188e-01, 4.011596459099e-04, 3.3492e+02, 7.8783e+00, 
 1DIAGNOSTIC,    21, -5.324161255653e-01, 3.507760842348e-04, 3.4278e+02, 7.8652e+00, 
 1DIAGNOSTIC,    22, -5.328670704426e-01, 3.085580319265e-04, 3.5065e+02, 7.8698e+00, 
 1DIAGNOSTIC,    23, -5.332657624424e-01, 2.737537950123e-04, 3.5852e+02, 7.8745e+00, 
 1DIAGNOSTIC,    24, -5.336561315537e-01, 2.436598400483e-04, 3.6639e+02, 7.8676e+00, 
 1DIAGNOSTIC,    25, -5.339827597781e-01, 2.159334911145e-04, 3.7428e+02, 7.8846e+00, 
 1DIAGNOSTIC,    26, -5.343333256985e-01, 1.926840404160e-04, 3.8218e+02, 7.9075e+00, 
 1DIAGNOSTIC,    27, -5.346258564342e-01, 1.715079084284e-04, 3.9004e+02, 7.8563e+00, 
 1DIAGNOSTIC,    28, -5.349583763735e-01, 1.538393687920e-04, 3.9791e+02, 7.8708e+00, 
 1DIAGNOSTIC,    29, -5.352409547077e-01, 1.384731134906e-04, 4.0585e+02, 7.9353e+00, 
 1DIAGNOSTIC,    30, -5.354975098590e-01, 1.245843158653e-04, 4.1375e+02, 7.8993e+00, 
 1DIAGNOSTIC,    31, -5.357479660475e-01, 1.133960354817e-04, 4.2164e+02, 7.8928e+00, 
 1DIAGNOSTIC,    32, -5.360236196965e-01, 1.043959174627e-04, 4.2957e+02, 7.9298e+00, 
 1DIAGNOSTIC,    33, -5.362616093225e-01, 9.639644295914e-05, 4.3746e+02, 7.8924e+00, 
 1DIAGNOSTIC,    34, -5.364918391208e-01, 8.955788682075e-05, 4.4538e+02, 7.9146e+00, 
 1DIAGNOSTIC,    35, -5.366883452935e-01, 8.265521522248e-05, 4.5332e+02, 7.9452e+00, 
 1DIAGNOSTIC,    36, -5.368814857637e-01, 7.643590305790e-05, 4.6123e+02, 7.9135e+00, 
 1DIAGNOSTIC,    37, -5.370723823447e-01, 7.029407373600e-05, 4.6914e+02, 7.9066e+00, 
 1DIAGNOSTIC,    38, -5.372655319849e-01, 6.522164640952e-05, 4.7707e+02, 7.9307e+00, 
 1DIAGNOSTIC,    39, -5.374354385236e-01, 6.044800006928e-05, 4.8499e+02, 7.9210e+00, 
 1DIAGNOSTIC,    40, -5.376244117210e-01, 5.616497345123e-05, 4.9290e+02, 7.9059e+00, 
 1DIAGNOSTIC,    41, -5.377952527524e-01, 5.225558039487e-05, 5.0080e+02, 7.9012e+00, 
 1DIAGNOSTIC,    42, -5.379361875012e-01, 4.888363863950e-05, 5.0872e+02, 7.9193e+00, 
 1DIAGNOSTIC,    43, -5.380750262274e-01, 4.572525965909e-05, 5.1661e+02, 7.8864e+00, 
 1DIAGNOSTIC,    44, -5.382284052317e-01, 4.304715282603e-05, 5.2454e+02, 7.9294e+00, 
 1DIAGNOSTIC,    45, -5.383604188379e-01, 4.030313129874e-05, 5.3247e+02, 7.9303e+00, 
 1DIAGNOSTIC,    46, -5.385030963927e-01, 3.776163582904e-05, 5.4047e+02, 8.0046e+00, 
 1DIAGNOSTIC,    47, -5.386197935068e-01, 3.524810241562e-05, 5.4842e+02, 7.9542e+00, 
 1DIAGNOSTIC,    48, -5.387568561699e-01, 3.318946131935e-05, 5.5631e+02, 7.8901e+00, 
 1DIAGNOSTIC,    49, -5.388732388411e-01, 3.117949534510e-05, 5.6426e+02, 7.9498e+00, 
 1DIAGNOSTIC,    50, -5.389916397056e-01, 2.957646975486e-05, 5.7216e+02, 7.8987e+00, 
 1DIAGNOSTIC,    51, -5.390874039752e-01, 2.803241954069e-05, 5.8009e+02, 7.9317e+00, 
 1DIAGNOSTIC,    52, -5.391926006393e-01, 2.643026437552e-05, 5.8804e+02, 7.9459e+00, 
 1DIAGNOSTIC,    53, -5.392920211811e-01, 2.478315895574e-05, 5.9598e+02, 7.9432e+00, 
 1DIAGNOSTIC,    54, -5.393708749439e-01, 2.314832091002e-05, 6.0391e+02, 7.9290e+00, 
 1DIAGNOSTIC,    55, -5.394723384524e-01, 2.165438733713e-05, 6.1183e+02, 7.9152e+00, 
 1DIAGNOSTIC,    56, -5.395659410407e-01, 2.042296814489e-05, 6.1973e+02, 7.9006e+00, 
 1DIAGNOSTIC,    57, -5.396456316065e-01, 1.913999658159e-05, 6.2768e+02, 7.9475e+00, 
 1DIAGNOSTIC,    58, -5.397440672255e-01, 1.826671567975e-05, 6.3558e+02, 7.9042e+00, 
 1DIAGNOSTIC,    59, -5.398308273196e-01, 1.753414256288e-05, 6.4352e+02, 7.9352e+00, 
 1DIAGNOSTIC,    60, -5.399091859848e-01, 1.692502711589e-05, 6.5140e+02, 7.8822e+00, 
 1DIAGNOSTIC,    61, -5.399868651615e-01, 1.625763850413e-05, 6.5929e+02, 7.8949e+00, 
 1DIAGNOSTIC,    62, -5.400656117550e-01, 1.566419219327e-05, 6.6720e+02, 7.9096e+00, 
 1DIAGNOSTIC,    63, -5.401301010459e-01, 1.500575729540e-05, 6.7511e+02, 7.9086e+00, 
 1DIAGNOSTIC,    64, -5.402225163710e-01, 1.438252783608e-05, 6.8299e+02, 7.8746e+00, 
 1DIAGNOSTIC,    65, -5.402940803469e-01, 1.384113082637e-05, 6.9093e+02, 7.9413e+00, 
 1DIAGNOSTIC,    66, -5.403397972002e-01, 1.314536682794e-05, 6.9882e+02, 7.8894e+00, 
 1DIAGNOSTIC,    67, -5.404316500728e-01, 1.260660871421e-05, 7.0673e+02, 7.9176e+00, 
 1DIAGNOSTIC,    68, -5.404610958907e-01, 1.189554147241e-05, 7.1464e+02, 7.9052e+00, 
 1DIAGNOSTIC,    69, -5.405410565230e-01, 1.138439753846e-05, 7.2257e+02, 7.9349e+00, 
 1DIAGNOSTIC,    70, -5.406043924131e-01, 1.089645542161e-05, 7.3048e+02, 7.9087e+00, 
 1DIAGNOSTIC,    71, -5.406608569397e-01, 1.041015634030e-05, 7.3840e+02, 7.9169e+00, 
 1DIAGNOSTIC,    72, -5.407137819092e-01, 9.944806142128e-06, 7.4629e+02, 7.8905e+00, 
 1DIAGNOSTIC,    73, -5.407686805271e-01, 9.433068172230e-06, 7.5424e+02, 7.9506e+00, 
 1DIAGNOSTIC,    74, -5.408200666795e-01, 9.090596726075e-06, 7.6221e+02, 7.9716e+00, 
 1DIAGNOSTIC,    75, -5.408618019501e-01, 8.717821173700e-06, 7.7010e+02, 7.8901e+00, 
 1DIAGNOSTIC,    76, -5.408947882560e-01, 8.092143875945e-06, 7.7804e+02, 7.9339e+00, 
 1DIAGNOSTIC,    77, -5.409660355274e-01, 7.871986729045e-06, 7.8594e+02, 7.9033e+00, 
 1DIAGNOSTIC,    78, -5.409845860741e-01, 7.245772581124e-06, 7.9384e+02, 7.9046e+00, 
 1DIAGNOSTIC,    79, -5.410529237913e-01, 6.970524825437e-06, 8.0178e+02, 7.9354e+00, 
 1DIAGNOSTIC,    80, -5.410840454292e-01, 6.685529880892e-06, 8.0970e+02, 7.9197e+00, 
 1DIAGNOSTIC,    81, -5.411271269597e-01, 6.449569784539e-06, 8.1761e+02, 7.9130e+00, 
 1DIAGNOSTIC,    82, -5.411913860309e-01, 6.385746125126e-06, 8.2554e+02, 7.9278e+00, 
 1DIAGNOSTIC,    83, -5.412073370063e-01, 6.185068325495e-06, 8.3348e+02, 7.9429e+00, 
 1DIAGNOSTIC,    84, -5.412797153316e-01, 6.212756470768e-06, 8.4138e+02, 7.9018e+00, 
 1DIAGNOSTIC,    85, -5.412937156526e-01, 6.015252811116e-06, 8.4939e+02, 8.0019e+00, 
 1DIAGNOSTIC,    86, -5.413427398738e-01, 5.777937768316e-06, 8.5731e+02, 7.9264e+00, 
 1DIAGNOSTIC,    87, -5.413738191671e-01, 5.645479098683e-06, 8.6524e+02, 7.9282e+00, 
 1DIAGNOSTIC,    88, -5.413870148729e-01, 5.187230365675e-06, 8.7313e+02, 7.8933e+00, 
 1DIAGNOSTIC,    89, -5.414412647493e-01, 5.005874095822e-06, 8.8109e+02, 7.9510e+00, 
 1DIAGNOSTIC,    90, -5.414811414813e-01, 4.788047081521e-06, 8.8905e+02, 7.9623e+00, 
 1DIAGNOSTIC,    91, -5.415031896428e-01, 4.516579533457e-06, 8.9695e+02, 7.9042e+00, 
 1DIAGNOSTIC,    92, -5.415405377401e-01, 4.438560660893e-06, 9.0487e+02, 7.9184e+00, 
 1DIAGNOSTIC,    93, -5.415806689511e-01, 4.276606770435e-06, 9.1280e+02, 7.9279e+00, 
 1DIAGNOSTIC,    94, -5.416046877716e-01, 4.278092370462e-06, 9.2068e+02, 7.8806e+00, 
 1DIAGNOSTIC,    95, -5.416238405014e-01, 4.076302462764e-06, 9.2863e+02, 7.9524e+00, 
 1DIAGNOSTIC,    96, -5.416633227829e-01, 4.005832195012e-06, 9.3655e+02, 7.9161e+00, 
 1DIAGNOSTIC,    97, -5.416945968760e-01, 3.920312453777e-06, 9.4444e+02, 7.8928e+00, 
 1DIAGNOSTIC,    98, -5.417117133485e-01, 3.643959249970e-06, 9.5234e+02, 7.9034e+00, 
 1DIAGNOSTIC,    99, -5.417958269710e-01, 3.791962681444e-06, 9.6026e+02, 7.9213e+00, 
 1DIAGNOSTIC,   100, -5.417958517322e-01, 3.803571946914e-06, 9.6821e+02, 7.9407e+00, 
XXDIAGNOSTIC,Iteration,metricValue,convergenceValue,ITERATION_TIME_INDEX,SINCE_LAST
 1DIAGNOSTIC,     1, -4.629056516654e-01, 1.797693134862e+308, 1.0039e+03, 3.5679e+01, 
 1DIAGNOSTIC,     2, -4.654090597722e-01, 1.797693134862e+308, 1.0302e+03, 2.6349e+01, 
 1DIAGNOSTIC,     3, -4.676105344865e-01, 1.797693134862e+308, 1.0566e+03, 2.6377e+01, 
 1DIAGNOSTIC,     4, -4.697961356707e-01, 1.797693134862e+308, 1.0832e+03, 2.6587e+01, 
 1DIAGNOSTIC,     5, -4.718118784774e-01, 1.797693134862e+308, 1.1097e+03, 2.6507e+01, 
 1DIAGNOSTIC,     6, -4.735592846647e-01, 1.797693134862e+308, 1.1361e+03, 2.6414e+01, 
 1DIAGNOSTIC,     7, -4.751452876601e-01, 1.797693134862e+308, 1.1627e+03, 2.6589e+01, 
 1DIAGNOSTIC,     8, -4.765499818208e-01, 1.797693134862e+308, 1.1892e+03, 2.6500e+01, 
 1DIAGNOSTIC,     9, -4.777145876468e-01, 1.797693134862e+308, 1.2157e+03, 2.6533e+01, 
 1DIAGNOSTIC,    10, -4.788044712197e-01, 2.153827199909e-03, 1.2423e+03, 2.6528e+01, 
 1DIAGNOSTIC,    11, -4.798360043893e-01, 1.765273712811e-03, 1.2689e+03, 2.6654e+01, 
 1DIAGNOSTIC,    12, -4.807141850626e-01, 1.451573346396e-03, 1.2955e+03, 2.6565e+01, 
 1DIAGNOSTIC,    13, -4.815145429332e-01, 1.192702495765e-03, 1.3221e+03, 2.6586e+01, 
 1DIAGNOSTIC,    14, -4.822865463477e-01, 9.882855492206e-04, 1.3487e+03, 2.6602e+01, 
 1DIAGNOSTIC,    15, -4.829585320206e-01, 8.274297872078e-04, 1.3752e+03, 2.6563e+01, 
 1DIAGNOSTIC,    16, -4.836472411583e-01, 7.011464307265e-04, 1.4018e+03, 2.6567e+01, 
 1DIAGNOSTIC,    17, -4.841688597675e-01, 5.985989098299e-04, 1.4284e+03, 2.6553e+01, 
 1DIAGNOSTIC,    18, -4.847527947922e-01, 5.177789730972e-04, 1.4549e+03, 2.6546e+01, 
 1DIAGNOSTIC,    19, -4.851622451278e-01, 4.464700052037e-04, 1.4815e+03, 2.6572e+01, 
 1DIAGNOSTIC,    20, -4.856586787777e-01, 3.877387772490e-04, 1.5081e+03, 2.6577e+01, 
 1DIAGNOSTIC,    21, -4.860503163466e-01, 3.385092043349e-04, 1.5347e+03, 2.6675e+01, 
 1DIAGNOSTIC,    22, -4.864394391328e-01, 2.962087335794e-04, 1.5613e+03, 2.6580e+01, 
 1DIAGNOSTIC,    23, -4.868185555665e-01, 2.601569006031e-04, 1.5880e+03, 2.6724e+01, 
 1DIAGNOSTIC,    24, -4.871652493574e-01, 2.302433275968e-04, 1.6146e+03, 2.6574e+01, 
 1DIAGNOSTIC,    25, -4.875226189715e-01, 2.053488606698e-04, 1.6412e+03, 2.6566e+01, 
 1DIAGNOSTIC,    26, -4.877929507407e-01, 1.848205752011e-04, 1.6679e+03, 2.6681e+01, 
 1DIAGNOSTIC,    27, -4.881310570689e-01, 1.671662067030e-04, 1.6944e+03, 2.6508e+01, 
 1DIAGNOSTIC,    28, -4.883599048368e-01, 1.521301879630e-04, 1.7209e+03, 2.6585e+01, 
 1DIAGNOSTIC,    29, -4.886716158838e-01, 1.384000433589e-04, 1.7475e+03, 2.6515e+01, 
 1DIAGNOSTIC,    30, -4.888663723986e-01, 1.260579596540e-04, 1.7740e+03, 2.6528e+01, 
 1DIAGNOSTIC,    31, -4.891630202188e-01, 1.156958393812e-04, 1.8007e+03, 2.6686e+01, 
 1DIAGNOSTIC,    32, -4.893418957060e-01, 1.054361667228e-04, 1.8273e+03, 2.6631e+01, 
 1DIAGNOSTIC,    33, -4.896916985319e-01, 9.883488076713e-05, 1.8541e+03, 2.6820e+01, 
 1DIAGNOSTIC,    34, -4.898198015210e-01, 9.138138081226e-05, 1.8807e+03, 2.6623e+01, 
 1DIAGNOSTIC,    35, -4.901214216880e-01, 8.683517862662e-05, 1.9076e+03, 2.6811e+01, 
 1DIAGNOSTIC,    36, -4.902146863935e-01, 8.017225000593e-05, 1.9342e+03, 2.6654e+01, 
 1DIAGNOSTIC,    37, -4.905184634602e-01, 7.651775443248e-05, 1.9611e+03, 2.6857e+01, 
 1DIAGNOSTIC,    38, -4.905951148923e-01, 7.041245367758e-05, 1.9877e+03, 2.6582e+01, 
 1DIAGNOSTIC,    39, -4.908949431526e-01, 6.721347959417e-05, 2.0143e+03, 2.6692e+01, 
 1DIAGNOSTIC,    40, -4.909586502171e-01, 6.151278504844e-05, 2.0410e+03, 2.6685e+01, 
 1DIAGNOSTIC,    41, -4.912266648202e-01, 5.840582915665e-05, 2.0678e+03, 2.6793e+01, 
 1DIAGNOSTIC,    42, -4.913061833853e-01, 5.340657519841e-05, 2.0946e+03, 2.6752e+01, 
 1DIAGNOSTIC,    43, -4.915499303658e-01, 5.172426180129e-05, 2.1213e+03, 2.6698e+01, 
 1DIAGNOSTIC,    44, -4.915628961082e-01, 4.700090417723e-05, 2.1479e+03, 2.6673e+01, 
 1DIAGNOSTIC,    45, -4.918352676426e-01, 4.559279718239e-05, 2.1747e+03, 2.6792e+01, 
 1DIAGNOSTIC,    46, -4.918558394451e-01, 4.125843822128e-05, 2.2014e+03, 2.6685e+01, 
 1DIAGNOSTIC,    47, -4.921216376288e-01, 4.036536772767e-05, 2.2282e+03, 2.6732e+01, 
 1DIAGNOSTIC,    48, -4.921160451972e-01, 3.644697287770e-05, 2.2548e+03, 2.6688e+01, 
 1DIAGNOSTIC,    49, -4.923395084565e-01, 3.557578175977e-05, 2.2815e+03, 2.6675e+01, 
 1DIAGNOSTIC,    50, -4.923623976003e-01, 3.229650537763e-05, 2.3082e+03, 2.6638e+01, 
 1DIAGNOSTIC,    51, -4.925792664027e-01, 3.168895860104e-05, 2.3348e+03, 2.6678e+01, 
 1DIAGNOSTIC,    52, -4.925959327664e-01, 2.910636801395e-05, 2.3616e+03, 2.6727e+01, 
 1DIAGNOSTIC,    53, -4.928330479271e-01, 2.924660155075e-05, 2.3882e+03, 2.6629e+01, 
 1DIAGNOSTIC,    54, -4.927987428692e-01, 2.629218902469e-05, 2.4148e+03, 2.6629e+01, 
 1DIAGNOSTIC,    55, -4.930167297349e-01, 2.624628576190e-05, 2.4415e+03, 2.6705e+01, 
 1DIAGNOSTIC,    56, -4.930256685735e-01, 2.393487789056e-05, 2.4682e+03, 2.6674e+01, 
 1DIAGNOSTIC,    57, -4.932365797195e-01, 2.438464962040e-05, 2.4949e+03, 2.6710e+01, 
 1DIAGNOSTIC,    58, -4.932020831930e-01, 2.203578359282e-05, 2.5216e+03, 2.6699e+01, 
 1DIAGNOSTIC,    59, -4.934020826166e-01, 2.194594574497e-05, 2.5483e+03, 2.6646e+01, 
 1DIAGNOSTIC,    60, -4.934247270561e-01, 2.016283067470e-05, 2.5755e+03, 2.7279e+01, 
 1DIAGNOSTIC,    61, -4.936113985712e-01, 2.042882105321e-05, 2.6026e+03, 2.7117e+01, 
 1DIAGNOSTIC,    62, -4.935978802855e-01, 1.871704470344e-05, 2.6293e+03, 2.6653e+01, 
 1DIAGNOSTIC,    63, -4.938009598158e-01, 1.944366261051e-05, 2.6583e+03, 2.8996e+01, 
 1DIAGNOSTIC,    64, -4.937973874454e-01, 1.789748273065e-05, 2.6865e+03, 2.8215e+01, 
 1DIAGNOSTIC,    65, -4.939544352806e-01, 1.811287294963e-05, 2.7137e+03, 2.7187e+01, 
 1DIAGNOSTIC,    66, -4.939724997741e-01, 1.679646317746e-05, 2.7405e+03, 2.6785e+01, 
 1DIAGNOSTIC,    67, -4.941585479375e-01, 1.743958102935e-05, 2.7673e+03, 2.6809e+01, 
 1DIAGNOSTIC,    68, -4.941436868772e-01, 1.593465569088e-05, 2.7941e+03, 2.6802e+01, 
 1DIAGNOSTIC,    69, -4.942817635132e-01, 1.586748566967e-05, 2.8210e+03, 2.6934e+01, 
 1DIAGNOSTIC,    70, -4.942909891902e-01, 1.453323278866e-05, 2.8477e+03, 2.6686e+01, 
XXDIAGNOSTIC,Iteration,metricValue,convergenceValue,ITERATION_TIME_INDEX,SINCE_LAST
 1DIAGNOSTIC,     1, -3.895242870850e-01, 1.797693134862e+308, 3.0900e+03, 2.4226e+02, 
 1DIAGNOSTIC,     2, -3.926245681304e-01, 1.797693134862e+308, 3.3061e+03, 2.1616e+02, 
 1DIAGNOSTIC,     3, -3.952514316535e-01, 1.797693134862e+308, 3.5233e+03, 2.1719e+02, 
 1DIAGNOSTIC,     4, -3.979168711347e-01, 1.797693134862e+308, 3.7393e+03, 2.1597e+02, 
 1DIAGNOSTIC,     5, -4.004067038299e-01, 1.797693134862e+308, 3.9556e+03, 2.1628e+02, 
 1DIAGNOSTIC,     6, -4.027652904620e-01, 1.797693134862e+308, 4.1719e+03, 2.1629e+02, 
 1DIAGNOSTIC,     7, -4.050145957189e-01, 1.797693134862e+308, 4.3884e+03, 2.1656e+02, 
 1DIAGNOSTIC,     8, -4.071789935278e-01, 1.797693134862e+308, 4.6067e+03, 2.1832e+02, 
 1DIAGNOSTIC,     9, -4.092793976242e-01, 1.797693134862e+308, 4.8238e+03, 2.1706e+02, 
 1DIAGNOSTIC,    10, -4.112436497380e-01, 3.428747752601e-03, 5.0418e+03, 2.1797e+02, 
 1DIAGNOSTIC,    11, -4.131594552400e-01, 2.958901946851e-03, 5.2590e+03, 2.1722e+02, 
 1DIAGNOSTIC,    12, -4.149658981623e-01, 2.588976569620e-03, 5.4764e+03, 2.1741e+02, 
 1DIAGNOSTIC,    13, -4.168703864198e-01, 2.285653413891e-03, 5.6944e+03, 2.1803e+02, 
 1DIAGNOSTIC,    14, -4.186613301802e-01, 2.039659313816e-03, 5.9121e+03, 2.1771e+02, 
 1DIAGNOSTIC,    15, -4.203748526968e-01, 1.834969952432e-03, 6.1295e+03, 2.1735e+02, 
 1DIAGNOSTIC,    16, -4.218991103835e-01, 1.655911973943e-03, 6.3474e+03, 2.1790e+02, 
 1DIAGNOSTIC,    17, -4.233216482880e-01, 1.494999815857e-03, 6.5642e+03, 2.1683e+02, 
 1DIAGNOSTIC,    18, -4.246640986421e-01, 1.348290006229e-03, 6.7829e+03, 2.1872e+02, 
 1DIAGNOSTIC,    19, -4.260706495214e-01, 1.219174976415e-03, 7.0015e+03, 2.1854e+02, 
 1DIAGNOSTIC,    20, -4.272520724704e-01, 1.097645780344e-03, 7.2213e+03, 2.1980e+02, 
 1DIAGNOSTIC,    21, -4.283749068384e-01, 9.849250633114e-04, 7.4418e+03, 2.2049e+02, 
 1DIAGNOSTIC,    22, -4.294509374191e-01, 8.802743182746e-04, 7.6596e+03, 2.1786e+02, 
 1DIAGNOSTIC,    23, -4.304659871163e-01, 7.891008583777e-04, 7.8778e+03, 2.1820e+02, 
 1DIAGNOSTIC,    24, -4.314529472816e-01, 7.103939282257e-04, 8.0970e+03, 2.1915e+02, 
 1DIAGNOSTIC,    25, -4.323695695500e-01, 6.429057441500e-04, 8.3163e+03, 2.1932e+02, 
 1DIAGNOSTIC,    26, -4.332631656548e-01, 5.834288573075e-04, 8.5351e+03, 2.1878e+02, 
 1DIAGNOSTIC,    27, -4.340920268147e-01, 5.300128614963e-04, 8.7534e+03, 2.1831e+02, 
 1DIAGNOSTIC,    28, -4.349268192104e-01, 4.830035171738e-04, 8.9717e+03, 2.1828e+02, 
 1DIAGNOSTIC,    29, -4.357029711936e-01, 4.445300635090e-04, 9.1897e+03, 2.1806e+02, 
 1DIAGNOSTIC,    30, -4.364694064779e-01, 4.104314899379e-04, 9.4078e+03, 2.1807e+02, 
 1DIAGNOSTIC,    31, -4.371992967914e-01, 3.799679638981e-04, 9.6277e+03, 2.1986e+02, 
 1DIAGNOSTIC,    32, -4.379224123728e-01, 3.532590067611e-04, 9.8458e+03, 2.1815e+02, 
 1DIAGNOSTIC,    33, -4.385879973944e-01, 3.288700995464e-04, 1.0065e+04, 2.1899e+02, 
 1DIAGNOSTIC,    34, -4.392787103523e-01, 3.078370182980e-04, 1.0283e+04, 2.1772e+02, 
 1DIAGNOSTIC,    35, -4.399101801298e-01, 2.883825282489e-04, 1.0503e+04, 2.2072e+02, 
 1DIAGNOSTIC,    36, -4.405697761429e-01, 2.714926540281e-04, 1.0721e+04, 2.1789e+02, 
 1DIAGNOSTIC,    37, -4.411635588887e-01, 2.553576658677e-04, 1.0940e+04, 2.1893e+02, 
 1DIAGNOSTIC,    38, -4.417772315917e-01, 2.412345765559e-04, 1.1157e+04, 2.1668e+02, 
 1DIAGNOSTIC,    39, -4.423493456015e-01, 2.278944410399e-04, 1.1374e+04, 2.1776e+02, 
 1DIAGNOSTIC,    40, -4.429060645719e-01, 2.155311340640e-04, 1.1593e+04, 2.1848e+02, 
 1DIAGNOSTIC,    41, -4.434136107085e-01, 2.032845513881e-04, 1.1812e+04, 2.1857e+02, 
 1DIAGNOSTIC,    42, -4.439559987399e-01, 1.922771186562e-04, 1.2029e+04, 2.1762e+02, 
 1DIAGNOSTIC,    43, -4.444107435792e-01, 1.806880961914e-04, 1.2246e+04, 2.1699e+02, 
 1DIAGNOSTIC,    44, -4.449040633776e-01, 1.702439404491e-04, 1.2465e+04, 2.1873e+02, 
 1DIAGNOSTIC,    45, -4.453184897642e-01, 1.593724703517e-04, 1.2684e+04, 2.1908e+02, 
 1DIAGNOSTIC,    46, -4.457872256090e-01, 1.500094244576e-04, 1.2902e+04, 2.1838e+02, 
 1DIAGNOSTIC,    47, -4.461792357554e-01, 1.405388683034e-04, 1.3121e+04, 2.1884e+02, 
 1DIAGNOSTIC,    48, -4.465989490815e-01, 1.322559072444e-04, 1.3339e+04, 2.1735e+02, 
 1DIAGNOSTIC,    49, -4.469663647119e-01, 1.243064907145e-04, 1.3556e+04, 2.1748e+02, 
 1DIAGNOSTIC,    50, -4.473508750987e-01, 1.172098307748e-04, 1.3773e+04, 2.1716e+02, 
XXDIAGNOSTIC,Iteration,metricValue,convergenceValue,ITERATION_TIME_INDEX,SINCE_LAST
 1DIAGNOSTIC,     1, -3.697014285678e-01, 1.797693134862e+308, 1.5632e+04, 1.8593e+03, 
 1DIAGNOSTIC,     2, -3.714756143806e-01, 1.797693134862e+308, 1.7415e+04, 1.7822e+03, 
 1DIAGNOSTIC,     3, -3.733271068194e-01, 1.797693134862e+308, 1.9208e+04, 1.7932e+03, 
 1DIAGNOSTIC,     4, -3.754906815632e-01, 1.797693134862e+308, 2.0992e+04, 1.7845e+03, 
 1DIAGNOSTIC,     5, -3.774481825655e-01, 1.797693134862e+308, 2.2776e+04, 1.7836e+03, 
 1DIAGNOSTIC,     6, -3.793232711712e-01, 1.797693134862e+308, 2.4562e+04, 1.7860e+03, 
 1DIAGNOSTIC,     7, -3.810364780388e-01, 1.797693134862e+308, 2.6361e+04, 1.7986e+03, 
 1DIAGNOSTIC,     8, -3.827177973055e-01, 1.797693134862e+308, 2.8141e+04, 1.7802e+03, 
slurmstepd: error: *** JOB 6248632 ON wbic-cs-5 CANCELLED AT 2021-02-10T07:22:34 DUE TO TIME LIMIT ***
