Changed directory to /lustre/scratch/wbic-beta/ccn30/ENCRYPT/fMRI/gridcellpilot/scripts/coregistration/slurmoutputs.

JobID: 6250744
======
Time: Wed Feb 10 14:43:21 GMT 2021
Running on master node: wbic-cs-11
Current directory: /lustre/scratch/wbic-beta/ccn30/ENCRYPT/fMRI/gridcellpilot/scripts/coregistration/slurmoutputs

Nodes allocated:
================
wbic-cs-11

numtasks=1, numnodes=1, mpi_tasks_per_node=1 (OMP_NUM_THREADS=1)

Executing command:
==================
/lustre/scratch/wbic-beta/ccn30/ENCRYPT/fMRI/gridcellpilot/scripts/coregistration/coreg_MasksxEPI.sh 27734/20190902_U-ID46027

******** starting 27734 ********

--------------------------------------------------------------------------------------
 Mapping parameters
--------------------------------------------------------------------------------------
 ANTSPATH is /applications/ANTS/ANTs-2.3.4/install/bin/

 Dimensionality:           3
 Output name prefix:       /lustre/scratch/wbic-beta/ccn30/ENCRYPT/fMRI/gridcellpilot/preprocessed_data/segmentation/27734/coregistration/T1xStudyTemplate_
 Fixed images:             /home/ccn30/ENCRYPT/atlases/templates/ECtemplatemasks2015/Study_template_wholeBrain.nii
 Moving images:            /lustre/scratch/wbic-beta/ccn30/ENCRYPT/fMRI/gridcellpilot/raw_data/images/27734/20190902_U-ID46027/mp2rage/denoiseRn4mag0000_PSIR_skulled_std.nii
 Mask images:              
 Initial transforms:       
 Number of threads:        1
 Spline distance:          26
 Transform type:           s
 MI histogram bins:        32
 Precision:                d
 Use histogram matching    0
======================================================================================
 antsRegistration call:
--------------------------------------------------------------------------------------
/applications/ANTS/ANTs-2.3.4/install/bin//antsRegistration --verbose 1 --dimensionality 3 --float 0 --collapse-output-transforms 1 --output [ /lustre/scratch/wbic-beta/ccn30/ENCRYPT/fMRI/gridcellpilot/preprocessed_data/segmentation/27734/coregistration/T1xStudyTemplate_,/lustre/scratch/wbic-beta/ccn30/ENCRYPT/fMRI/gridcellpilot/preprocessed_data/segmentation/27734/coregistration/T1xStudyTemplate_Warped.nii.gz,/lustre/scratch/wbic-beta/ccn30/ENCRYPT/fMRI/gridcellpilot/preprocessed_data/segmentation/27734/coregistration/T1xStudyTemplate_InverseWarped.nii.gz ] --interpolation Linear --use-histogram-matching 0 --winsorize-image-intensities [ 0.005,0.995 ] --initial-moving-transform [ /home/ccn30/ENCRYPT/atlases/templates/ECtemplatemasks2015/Study_template_wholeBrain.nii,/lustre/scratch/wbic-beta/ccn30/ENCRYPT/fMRI/gridcellpilot/raw_data/images/27734/20190902_U-ID46027/mp2rage/denoiseRn4mag0000_PSIR_skulled_std.nii,1 ] --transform Rigid[ 0.1 ] --metric MI[ /home/ccn30/ENCRYPT/atlases/templates/ECtemplatemasks2015/Study_template_wholeBrain.nii,/lustre/scratch/wbic-beta/ccn30/ENCRYPT/fMRI/gridcellpilot/raw_data/images/27734/20190902_U-ID46027/mp2rage/denoiseRn4mag0000_PSIR_skulled_std.nii,1,32,Regular,0.25 ] --convergence [ 1000x500x250x0,1e-6,10 ] --shrink-factors 12x8x4x2 --smoothing-sigmas 4x3x2x1vox --transform Affine[ 0.1 ] --metric MI[ /home/ccn30/ENCRYPT/atlases/templates/ECtemplatemasks2015/Study_template_wholeBrain.nii,/lustre/scratch/wbic-beta/ccn30/ENCRYPT/fMRI/gridcellpilot/raw_data/images/27734/20190902_U-ID46027/mp2rage/denoiseRn4mag0000_PSIR_skulled_std.nii,1,32,Regular,0.25 ] --convergence [ 1000x500x250x0,1e-6,10 ] --shrink-factors 12x8x4x2 --smoothing-sigmas 4x3x2x1vox --transform SyN[ 0.1,3,0 ] --metric MI[ /home/ccn30/ENCRYPT/atlases/templates/ECtemplatemasks2015/Study_template_wholeBrain.nii,/lustre/scratch/wbic-beta/ccn30/ENCRYPT/fMRI/gridcellpilot/raw_data/images/27734/20190902_U-ID46027/mp2rage/denoiseRn4mag0000_PSIR_skulled_std.nii,1,32] --convergence [ 100x100x70x50x0,1e-6,10 ] --shrink-factors 10x6x4x2x1 --smoothing-sigmas 5x3x2x1x0vox
--------------------------------------------------------------------------------------
All_Command_lines_OK
Using double precision for computations.
=============================================================================
The composite transform comprises the following transforms (in order): 
  1. Center of mass alignment using fixed image: /home/ccn30/ENCRYPT/atlases/templates/ECtemplatemasks2015/Study_template_wholeBrain.nii and moving image: /lustre/scratch/wbic-beta/ccn30/ENCRYPT/fMRI/gridcellpilot/raw_data/images/27734/20190902_U-ID46027/mp2rage/denoiseRn4mag0000_PSIR_skulled_std.nii (type = Euler3DTransform)
=============================================================================
  number of levels = 4
  number of levels = 4
  number of levels = 5
  fixed image: /home/ccn30/ENCRYPT/atlases/templates/ECtemplatemasks2015/Study_template_wholeBrain.nii
  moving image: /lustre/scratch/wbic-beta/ccn30/ENCRYPT/fMRI/gridcellpilot/raw_data/images/27734/20190902_U-ID46027/mp2rage/denoiseRn4mag0000_PSIR_skulled_std.nii
  fixed image: /home/ccn30/ENCRYPT/atlases/templates/ECtemplatemasks2015/Study_template_wholeBrain.nii
  moving image: /lustre/scratch/wbic-beta/ccn30/ENCRYPT/fMRI/gridcellpilot/raw_data/images/27734/20190902_U-ID46027/mp2rage/denoiseRn4mag0000_PSIR_skulled_std.nii
  fixed image: /home/ccn30/ENCRYPT/atlases/templates/ECtemplatemasks2015/Study_template_wholeBrain.nii
  moving image: /lustre/scratch/wbic-beta/ccn30/ENCRYPT/fMRI/gridcellpilot/raw_data/images/27734/20190902_U-ID46027/mp2rage/denoiseRn4mag0000_PSIR_skulled_std.nii
Dimension = 3
Number of stages = 3
Use Histogram Matching false
Winsorize image intensities true
Lower quantile = 0.005
Upper quantile = 0.995
Stage 1 State
   Image metric = Mattes
     Fixed image = Image (0x3729f20)
  RTTI typeinfo:   itk::Image<double, 3u>
  Reference Count: 2
  Modified Time: 1735
  Debug: Off
  Object Name: 
  Observers: 
    none
  Source: (none)
  Source output name: (none)
  Release Data: Off
  Data Released: False
  Global Release Data: Off
  PipelineMTime: 0
  UpdateMTime: 1518
  RealTimeStamp: 0 seconds 
  LargestPossibleRegion: 
    Dimension: 3
    Index: [0, 0, 0]
    Size: [384, 384, 288]
  BufferedRegion: 
    Dimension: 3
    Index: [0, 0, 0]
    Size: [384, 384, 288]
  RequestedRegion: 
    Dimension: 3
    Index: [0, 0, 0]
    Size: [384, 384, 288]
  Spacing: [0.598958, 0.598958, 0.599937]
  Origin: [85.9044, -155.274, 91.0901]
  Direction: 
-0 0 -1
1 -0 0
0 -1 0

  IndexToPointMatrix: 
0 0 -0.599937
0.598958 0 0
0 -0.598958 0

  PointToIndexMatrix: 
0 1.66957 0
0 0 -1.66957
-1.66684 0 0

  Inverse Direction: 
0 1 0
0 0 -1
-1 0 0

  PixelContainer: 
    ImportImageContainer (0x3730590)
      RTTI typeinfo:   itk::ImportImageContainer<unsigned long, double>
      Reference Count: 1
      Modified Time: 1515
      Debug: Off
      Object Name: 
      Observers: 
        none
      Pointer: 0x2b8da2f54010
      Container manages memory: true
      Size: 42467328
      Capacity: 42467328

     Moving image = Image (0x3725470)
  RTTI typeinfo:   itk::Image<double, 3u>
  Reference Count: 2
  Modified Time: 1736
  Debug: Off
  Object Name: 
  Observers: 
    none
  Source: (none)
  Source output name: (none)
  Release Data: Off
  Data Released: False
  Global Release Data: Off
  PipelineMTime: 0
  UpdateMTime: 1733
  RealTimeStamp: 0 seconds 
  LargestPossibleRegion: 
    Dimension: 3
    Index: [0, 0, 0]
    Size: [224, 320, 320]
  BufferedRegion: 
    Dimension: 3
    Index: [0, 0, 0]
    Size: [224, 320, 320]
  RequestedRegion: 
    Dimension: 3
    Index: [0, 0, 0]
    Size: [224, 320, 320]
  Spacing: [0.699997, 0.7, 0.7]
  Origin: [-75.5706, 75.9683, -76.5881]
  Direction: 
1 0 0
0 -1 0
0 0 1

  IndexToPointMatrix: 
0.699997 0 0
0 -0.7 0
0 0 0.7

  PointToIndexMatrix: 
1.42858 0 0
0 -1.42857 0
0 0 1.42857

  Inverse Direction: 
1 0 0
0 -1 0
0 0 1

  PixelContainer: 
    ImportImageContainer (0x3736460)
      RTTI typeinfo:   itk::ImportImageContainer<unsigned long, double>
      Reference Count: 1
      Modified Time: 1730
      Debug: Off
      Object Name: 
      Observers: 
        none
      Pointer: 0x2b8db7355010
      Container manages memory: true
      Size: 22937600
      Capacity: 22937600

     Weighting = 1
     Sampling strategy = regular
     Number of bins = 32
     Radius = 4
     Sampling percentage  = 0.25
   Transform = Rigid
     Gradient step = 0.1
     Update field sigma (voxel space) = 0
     Total field sigma (voxel space) = 0
     Update field time sigma = 0
     Total field time sigma  = 0
     Number of time indices = 0
     Number of time point samples = 0
Stage 2 State
   Image metric = Mattes
     Fixed image = Image (0x3729270)
  RTTI typeinfo:   itk::Image<double, 3u>
  Reference Count: 2
  Modified Time: 2167
  Debug: Off
  Object Name: 
  Observers: 
    none
  Source: (none)
  Source output name: (none)
  Release Data: Off
  Data Released: False
  Global Release Data: Off
  PipelineMTime: 0
  UpdateMTime: 1950
  RealTimeStamp: 0 seconds 
  LargestPossibleRegion: 
    Dimension: 3
    Index: [0, 0, 0]
    Size: [384, 384, 288]
  BufferedRegion: 
    Dimension: 3
    Index: [0, 0, 0]
    Size: [384, 384, 288]
  RequestedRegion: 
    Dimension: 3
    Index: [0, 0, 0]
    Size: [384, 384, 288]
  Spacing: [0.598958, 0.598958, 0.599937]
  Origin: [85.9044, -155.274, 91.0901]
  Direction: 
-0 0 -1
1 -0 0
0 -1 0

  IndexToPointMatrix: 
0 0 -0.599937
0.598958 0 0
0 -0.598958 0

  PointToIndexMatrix: 
0 1.66957 0
0 0 -1.66957
-1.66684 0 0

  Inverse Direction: 
0 1 0
0 0 -1
-1 0 0

  PixelContainer: 
    ImportImageContainer (0x372eb50)
      RTTI typeinfo:   itk::ImportImageContainer<unsigned long, double>
      Reference Count: 1
      Modified Time: 1947
      Debug: Off
      Object Name: 
      Observers: 
        none
      Pointer: 0x2b8dc2256010
      Container manages memory: true
      Size: 42467328
      Capacity: 42467328

     Moving image = Image (0x372f650)
  RTTI typeinfo:   itk::Image<double, 3u>
  Reference Count: 2
  Modified Time: 2168
  Debug: Off
  Object Name: 
  Observers: 
    none
  Source: (none)
  Source output name: (none)
  Release Data: Off
  Data Released: False
  Global Release Data: Off
  PipelineMTime: 0
  UpdateMTime: 2165
  RealTimeStamp: 0 seconds 
  LargestPossibleRegion: 
    Dimension: 3
    Index: [0, 0, 0]
    Size: [224, 320, 320]
  BufferedRegion: 
    Dimension: 3
    Index: [0, 0, 0]
    Size: [224, 320, 320]
  RequestedRegion: 
    Dimension: 3
    Index: [0, 0, 0]
    Size: [224, 320, 320]
  Spacing: [0.699997, 0.7, 0.7]
  Origin: [-75.5706, 75.9683, -76.5881]
  Direction: 
1 0 0
0 -1 0
0 0 1

  IndexToPointMatrix: 
0.699997 0 0
0 -0.7 0
0 0 0.7

  PointToIndexMatrix: 
1.42858 0 0
0 -1.42857 0
0 0 1.42857

  Inverse Direction: 
1 0 0
0 -1 0
0 0 1

  PixelContainer: 
    ImportImageContainer (0x3729500)
      RTTI typeinfo:   itk::ImportImageContainer<unsigned long, double>
      Reference Count: 1
      Modified Time: 2162
      Debug: Off
      Object Name: 
      Observers: 
        none
      Pointer: 0x2b8dd6657010
      Container manages memory: true
      Size: 22937600
      Capacity: 22937600

     Weighting = 1
     Sampling strategy = regular
     Number of bins = 32
     Radius = 4
     Sampling percentage  = 0.25
   Transform = Affine
     Gradient step = 0.1
     Update field sigma (voxel space) = 0
     Total field sigma (voxel space) = 0
     Update field time sigma = 0
     Total field time sigma  = 0
     Number of time indices = 0
     Number of time point samples = 0
Stage 3 State
   Image metric = Mattes
     Fixed image = Image (0x372b180)
  RTTI typeinfo:   itk::Image<double, 3u>
  Reference Count: 2
  Modified Time: 2599
  Debug: Off
  Object Name: 
  Observers: 
    none
  Source: (none)
  Source output name: (none)
  Release Data: Off
  Data Released: False
  Global Release Data: Off
  PipelineMTime: 0
  UpdateMTime: 2382
  RealTimeStamp: 0 seconds 
  LargestPossibleRegion: 
    Dimension: 3
    Index: [0, 0, 0]
    Size: [384, 384, 288]
  BufferedRegion: 
    Dimension: 3
    Index: [0, 0, 0]
    Size: [384, 384, 288]
  RequestedRegion: 
    Dimension: 3
    Index: [0, 0, 0]
    Size: [384, 384, 288]
  Spacing: [0.598958, 0.598958, 0.599937]
  Origin: [85.9044, -155.274, 91.0901]
  Direction: 
-0 0 -1
1 -0 0
0 -1 0

  IndexToPointMatrix: 
0 0 -0.599937
0.598958 0 0
0 -0.598958 0

  PointToIndexMatrix: 
0 1.66957 0
0 0 -1.66957
-1.66684 0 0

  Inverse Direction: 
0 1 0
0 0 -1
-1 0 0

  PixelContainer: 
    ImportImageContainer (0x3739ef0)
      RTTI typeinfo:   itk::ImportImageContainer<unsigned long, double>
      Reference Count: 1
      Modified Time: 2379
      Debug: Off
      Object Name: 
      Observers: 
        none
      Pointer: 0x2b8de1558010
      Container manages memory: true
      Size: 42467328
      Capacity: 42467328

     Moving image = Image (0x373ca00)
  RTTI typeinfo:   itk::Image<double, 3u>
  Reference Count: 2
  Modified Time: 2600
  Debug: Off
  Object Name: 
  Observers: 
    none
  Source: (none)
  Source output name: (none)
  Release Data: Off
  Data Released: False
  Global Release Data: Off
  PipelineMTime: 0
  UpdateMTime: 2597
  RealTimeStamp: 0 seconds 
  LargestPossibleRegion: 
    Dimension: 3
    Index: [0, 0, 0]
    Size: [224, 320, 320]
  BufferedRegion: 
    Dimension: 3
    Index: [0, 0, 0]
    Size: [224, 320, 320]
  RequestedRegion: 
    Dimension: 3
    Index: [0, 0, 0]
    Size: [224, 320, 320]
  Spacing: [0.699997, 0.7, 0.7]
  Origin: [-75.5706, 75.9683, -76.5881]
  Direction: 
1 0 0
0 -1 0
0 0 1

  IndexToPointMatrix: 
0.699997 0 0
0 -0.7 0
0 0 0.7

  PointToIndexMatrix: 
1.42858 0 0
0 -1.42857 0
0 0 1.42857

  Inverse Direction: 
1 0 0
0 -1 0
0 0 1

  PixelContainer: 
    ImportImageContainer (0x3741b20)
      RTTI typeinfo:   itk::ImportImageContainer<unsigned long, double>
      Reference Count: 1
      Modified Time: 2594
      Debug: Off
      Object Name: 
      Observers: 
        none
      Pointer: 0x2b8df5959010
      Container manages memory: true
      Size: 22937600
      Capacity: 22937600

     Weighting = 1
     Sampling strategy = none
     Number of bins = 32
     Radius = 4
     Sampling percentage  = 1
   Transform = SyN
     Gradient step = 0.1
     Update field sigma (voxel space) = 3
     Total field sigma (voxel space) = 0
     Update field time sigma = 0
     Total field time sigma  = 0
     Number of time indices = 0
     Number of time point samples = 0
Registration using 3 total stages.

Stage 0
  iterations = 1000x500x250x0
  convergence threshold = 1e-06
  convergence window size = 10
  number of levels = 4
  using the Mattes MI metric (number of bins = 32, weight = 1)
  preprocessing:  winsorizing the image intensities
  Shrink factors (level 1 out of 4): [12, 12, 12]
  Shrink factors (level 2 out of 4): [8, 8, 8]
  Shrink factors (level 3 out of 4): [4, 4, 4]
  Shrink factors (level 4 out of 4): [2, 2, 2]
  smoothing sigmas per level: [4, 3, 2, 1]
  regular sampling (percentage = 0.25)

*** Running Euler3DTransform registration ***

DIAGNOSTIC,Iteration,metricValue,convergenceValue,ITERATION_TIME_INDEX,SINCE_LAST
 2DIAGNOSTIC,     1, -3.213737033166e-01, 1.797693134862e+308, 8.6977e+00, 8.6977e+00, 
 2DIAGNOSTIC,     2, -3.221629073246e-01, 1.797693134862e+308, 8.7129e+00, 1.5225e-02, 
 2DIAGNOSTIC,     3, -3.237427397955e-01, 1.797693134862e+308, 8.7281e+00, 1.5140e-02, 
 2DIAGNOSTIC,     4, -3.273006562671e-01, 1.797693134862e+308, 8.7436e+00, 1.5540e-02, 
 2DIAGNOSTIC,     5, -3.308101676736e-01, 1.797693134862e+308, 8.7663e+00, 2.2705e-02, 
 2DIAGNOSTIC,     6, -3.311865121920e-01, 1.797693134862e+308, 8.7837e+00, 1.7415e-02, 
 2DIAGNOSTIC,     7, -3.315525170526e-01, 1.797693134862e+308, 8.8008e+00, 1.7075e-02, 
 2DIAGNOSTIC,     8, -3.309184098271e-01, 1.797693134862e+308, 8.8177e+00, 1.6903e-02, 
 2DIAGNOSTIC,     9, -3.311071203555e-01, 1.797693134862e+308, 8.8345e+00, 1.6843e-02, 
 2DIAGNOSTIC,    10, -3.317577866758e-01, 2.192674044226e-03, 8.8524e+00, 1.7811e-02, 
 2DIAGNOSTIC,    11, -3.310919403542e-01, 1.475062780893e-03, 8.8676e+00, 1.5239e-02, 
 2DIAGNOSTIC,    12, -3.324046735542e-01, 9.029184635204e-04, 8.8826e+00, 1.5036e-02, 
 2DIAGNOSTIC,    13, -3.352914282242e-01, 6.294838277815e-04, 8.8979e+00, 1.5267e-02, 
 2DIAGNOSTIC,    14, -3.397934148556e-01, 8.238077480852e-04, 8.9162e+00, 1.8335e-02, 
 2DIAGNOSTIC,    15, -3.447135783349e-01, 1.392618963467e-03, 8.9325e+00, 1.6238e-02, 
 2DIAGNOSTIC,    16, -3.644238323590e-01, 2.822290712091e-03, 8.9525e+00, 2.0025e-02, 
 2DIAGNOSTIC,    17, -4.082672106648e-01, 5.950012813340e-03, 8.9741e+00, 2.1600e-02, 
 2DIAGNOSTIC,    18, -4.179336085405e-01, 8.476432345672e-03, 8.9978e+00, 2.3711e-02, 
 2DIAGNOSTIC,    19, -4.200302626668e-01, 1.002097881301e-02, 9.0139e+00, 1.6047e-02, 
 2DIAGNOSTIC,    20, -4.227530802733e-01, 1.061937700435e-02, 9.0324e+00, 1.8584e-02, 
 2DIAGNOSTIC,    21, -4.230297391987e-01, 1.014188377112e-02, 9.0485e+00, 1.6113e-02, 
 2DIAGNOSTIC,    22, -4.238135956777e-01, 8.825819074089e-03, 9.0672e+00, 1.8659e-02, 
 2DIAGNOSTIC,    23, -4.244494181421e-01, 6.944273608790e-03, 9.0856e+00, 1.8360e-02, 
 2DIAGNOSTIC,    24, -4.251057545082e-01, 4.792468171844e-03, 9.1037e+00, 1.8099e-02, 
 2DIAGNOSTIC,    25, -4.265785771114e-01, 2.595399450331e-03, 9.1248e+00, 2.1114e-02, 
 2DIAGNOSTIC,    26, -4.260840591743e-01, 8.900946038352e-04, 9.1441e+00, 1.9331e-02, 
 2DIAGNOSTIC,    27, -4.255566365066e-01, 4.764543966389e-04, 9.1601e+00, 1.5996e-02, 
 2DIAGNOSTIC,    28, -4.255867270566e-01, 3.169560472442e-04, 9.1877e+00, 2.7613e-02, 
 2DIAGNOSTIC,    29, -4.255868188455e-01, 1.928638668956e-04, 9.2130e+00, 2.5264e-02, 
 2DIAGNOSTIC,    30, -4.252012419135e-01, 1.186269647376e-04, 9.2374e+00, 2.4443e-02, 
 2DIAGNOSTIC,    31, -4.252012420640e-01, 4.576188022530e-05, 9.2526e+00, 1.5165e-02, 
DIAGNOSTIC,Iteration,metricValue,convergenceValue,ITERATION_TIME_INDEX,SINCE_LAST
 2DIAGNOSTIC,     1, -4.096268146460e-01, 1.797693134862e+308, 1.7939e+01, 8.6862e+00, 
 2DIAGNOSTIC,     2, -4.096667796571e-01, 1.797693134862e+308, 1.7991e+01, 5.2305e-02, 
 2DIAGNOSTIC,     3, -4.097107093613e-01, 1.797693134862e+308, 1.8067e+01, 7.5454e-02, 
 2DIAGNOSTIC,     4, -4.097933366902e-01, 1.797693134862e+308, 1.8135e+01, 6.8607e-02, 
 2DIAGNOSTIC,     5, -4.096854901076e-01, 1.797693134862e+308, 1.8194e+01, 5.9249e-02, 
 2DIAGNOSTIC,     6, -4.095538845166e-01, 1.797693134862e+308, 1.8252e+01, 5.7280e-02, 
 2DIAGNOSTIC,     7, -4.095672652352e-01, 1.797693134862e+308, 1.8301e+01, 4.9774e-02, 
 2DIAGNOSTIC,     8, -4.094817516908e-01, 1.797693134862e+308, 1.8354e+01, 5.2785e-02, 
 2DIAGNOSTIC,     9, -4.094939343529e-01, 1.797693134862e+308, 1.8414e+01, 5.9646e-02, 
DIAGNOSTIC,Iteration,metricValue,convergenceValue,ITERATION_TIME_INDEX,SINCE_LAST
 2DIAGNOSTIC,     1, -3.603506379244e-01, 1.797693134862e+308, 2.7733e+01, 9.3195e+00, 
 2DIAGNOSTIC,     2, -3.605009850322e-01, 1.797693134862e+308, 2.8224e+01, 4.9065e-01, 
 2DIAGNOSTIC,     3, -3.608021596646e-01, 1.797693134862e+308, 2.8712e+01, 4.8752e-01, 
 2DIAGNOSTIC,     4, -3.612862879464e-01, 1.797693134862e+308, 2.9199e+01, 4.8727e-01, 
 2DIAGNOSTIC,     5, -3.617204727168e-01, 1.797693134862e+308, 2.9688e+01, 4.8891e-01, 
 2DIAGNOSTIC,     6, -3.630361230322e-01, 1.797693134862e+308, 3.0485e+01, 7.9741e-01, 
 2DIAGNOSTIC,     7, -3.630392470362e-01, 1.797693134862e+308, 3.1054e+01, 5.6928e-01, 
 2DIAGNOSTIC,     8, -3.630102051803e-01, 1.797693134862e+308, 3.1801e+01, 7.4643e-01, 
 2DIAGNOSTIC,     9, -3.629827880808e-01, 1.797693134862e+308, 3.2678e+01, 8.7728e-01, 
 2DIAGNOSTIC,    10, -3.629862060621e-01, 5.834081621820e-04, 3.3246e+01, 5.6774e-01, 
 2DIAGNOSTIC,    11, -3.629716183780e-01, 4.433607766786e-04, 3.3736e+01, 4.9026e-01, 
 2DIAGNOSTIC,    12, -3.629694586278e-01, 2.968757316760e-04, 3.4302e+01, 5.6595e-01, 
 2DIAGNOSTIC,    13, -3.629626288081e-01, 1.649855433068e-04, 3.4876e+01, 5.7408e-01, 
 2DIAGNOSTIC,    14, -3.629575109052e-01, 6.427839014075e-05, 3.5443e+01, 5.6657e-01, 
DIAGNOSTIC,Iteration,metricValue,convergenceValue,ITERATION_TIME_INDEX,SINCE_LAST
 2DIAGNOSTIC,     1, -3.227147457647e-01, 1.797693134862e+308, 4.8276e+01, 1.2833e+01, 
  Elapsed time (stage 0): 5.1358e+01


Stage 1
  iterations = 1000x500x250x0
  convergence threshold = 1.0000e-06
  convergence window size = 10
  number of levels = 4
  using the Mattes MI metric (number of bins = 32, weight = 1.0000e+00)
  preprocessing:  winsorizing the image intensities
  Shrink factors (level 1 out of 4): [12, 12, 12]
  Shrink factors (level 2 out of 4): [8, 8, 8]
  Shrink factors (level 3 out of 4): [4, 4, 4]
  Shrink factors (level 4 out of 4): [2, 2, 2]
  smoothing sigmas per level: [4, 3, 2, 1]
  regular sampling (percentage = 2.5000e-01)

*** Running AffineTransform registration ***

DIAGNOSTIC,Iteration,metricValue,convergenceValue,ITERATION_TIME_INDEX,SINCE_LAST
 2DIAGNOSTIC,     1, -4.271382769793e-01, 1.797693134862e+308, 8.6245e+00, 8.6245e+00, 
 2DIAGNOSTIC,     2, -4.280861359849e-01, 1.797693134862e+308, 8.6414e+00, 1.6860e-02, 
 2DIAGNOSTIC,     3, -4.300586842021e-01, 1.797693134862e+308, 8.6582e+00, 1.6870e-02, 
 2DIAGNOSTIC,     4, -4.334615961639e-01, 1.797693134862e+308, 8.6754e+00, 1.7148e-02, 
 2DIAGNOSTIC,     5, -4.377288968244e-01, 1.797693134862e+308, 8.6926e+00, 1.7191e-02, 
 2DIAGNOSTIC,     6, -4.440539616619e-01, 1.797693134862e+308, 8.7097e+00, 1.7174e-02, 
 2DIAGNOSTIC,     7, -4.550878913115e-01, 1.797693134862e+308, 8.7277e+00, 1.7994e-02, 
 2DIAGNOSTIC,     8, -4.904749669914e-01, 1.797693134862e+308, 8.7485e+00, 2.0713e-02, 
 2DIAGNOSTIC,     9, -4.980518259146e-01, 1.797693134862e+308, 8.7946e+00, 4.6153e-02, 
 2DIAGNOSTIC,    10, -4.981021803898e-01, 1.161934345051e-02, 8.8117e+00, 1.7050e-02, 
 2DIAGNOSTIC,    11, -4.981776855223e-01, 1.135521475180e-02, 8.8288e+00, 1.7151e-02, 
 2DIAGNOSTIC,    12, -4.984936171350e-01, 1.018376023016e-02, 8.8485e+00, 1.9658e-02, 
 2DIAGNOSTIC,    13, -4.984469855422e-01, 8.353809086962e-03, 8.8734e+00, 2.4896e-02, 
 2DIAGNOSTIC,    14, -4.984168895684e-01, 6.189843693774e-03, 8.8907e+00, 1.7324e-02, 
 2DIAGNOSTIC,    15, -4.982589226535e-01, 3.956712975643e-03, 8.9103e+00, 1.9608e-02, 
 2DIAGNOSTIC,    16, -4.981491442312e-01, 1.901200355086e-03, 8.9322e+00, 2.1900e-02, 
 2DIAGNOSTIC,    17, -4.981756415249e-01, 2.850987106934e-04, 8.9517e+00, 1.9488e-02, 
 2DIAGNOSTIC,    18, -4.981036506996e-01, 1.240360148307e-06, 8.9685e+00, 1.6794e-02, 
DIAGNOSTIC,Iteration,metricValue,convergenceValue,ITERATION_TIME_INDEX,SINCE_LAST
 2DIAGNOSTIC,     1, -4.439800108447e-01, 1.797693134862e+308, 1.7688e+01, 8.7197e+00, 
 2DIAGNOSTIC,     2, -4.441205502139e-01, 1.797693134862e+308, 1.7759e+01, 7.0632e-02, 
 2DIAGNOSTIC,     3, -4.443401526828e-01, 1.797693134862e+308, 1.7834e+01, 7.5289e-02, 
 2DIAGNOSTIC,     4, -4.443100647591e-01, 1.797693134862e+308, 1.7917e+01, 8.3109e-02, 
 2DIAGNOSTIC,     5, -4.442689132552e-01, 1.797693134862e+308, 1.7993e+01, 7.5810e-02, 
 2DIAGNOSTIC,     6, -4.442524981062e-01, 1.797693134862e+308, 1.8071e+01, 7.8315e-02, 
 2DIAGNOSTIC,     7, -4.442413017013e-01, 1.797693134862e+308, 1.8138e+01, 6.7029e-02, 
 2DIAGNOSTIC,     8, -4.442268384858e-01, 1.797693134862e+308, 1.8196e+01, 5.7926e-02, 
 2DIAGNOSTIC,     9, -4.442040565637e-01, 1.797693134862e+308, 1.8264e+01, 6.8220e-02, 
 2DIAGNOSTIC,    10, -4.442196673004e-01, 1.586298206492e-05, 1.8323e+01, 5.8179e-02, 
DIAGNOSTIC,Iteration,metricValue,convergenceValue,ITERATION_TIME_INDEX,SINCE_LAST
 2DIAGNOSTIC,     1, -3.928427839422e-01, 1.797693134862e+308, 2.7823e+01, 9.5006e+00, 
 2DIAGNOSTIC,     2, -3.933464719708e-01, 1.797693134862e+308, 2.8371e+01, 5.4766e-01, 
 2DIAGNOSTIC,     3, -3.940221598481e-01, 1.797693134862e+308, 2.8924e+01, 5.5289e-01, 
 2DIAGNOSTIC,     4, -3.946650615329e-01, 1.797693134862e+308, 2.9475e+01, 5.5068e-01, 
 2DIAGNOSTIC,     5, -3.953428805166e-01, 1.797693134862e+308, 3.0029e+01, 5.5477e-01, 
 2DIAGNOSTIC,     6, -3.961182914236e-01, 1.797693134862e+308, 3.0583e+01, 5.5378e-01, 
 2DIAGNOSTIC,     7, -3.968483404517e-01, 1.797693134862e+308, 3.1392e+01, 8.0919e-01, 
 2DIAGNOSTIC,     8, -3.969312073313e-01, 1.797693134862e+308, 3.2452e+01, 1.0593e+00, 
 2DIAGNOSTIC,     9, -3.969279733076e-01, 1.797693134862e+308, 3.3006e+01, 5.5458e-01, 
 2DIAGNOSTIC,    10, -3.969190430501e-01, 7.503676238143e-04, 3.3642e+01, 6.3593e-01, 
 2DIAGNOSTIC,    11, -3.969169686252e-01, 5.615454477957e-04, 3.4276e+01, 6.3442e-01, 
 2DIAGNOSTIC,    12, -3.969041212272e-01, 3.826319070143e-04, 3.4828e+01, 5.5192e-01, 
 2DIAGNOSTIC,    13, -3.968978393701e-01, 2.339192871946e-04, 3.5468e+01, 6.3957e-01, 
 2DIAGNOSTIC,    14, -3.969000108464e-01, 1.186546034793e-04, 3.6112e+01, 6.4456e-01, 
 2DIAGNOSTIC,    15, -3.968867853719e-01, 3.939501202548e-05, 3.6746e+01, 6.3399e-01, 
DIAGNOSTIC,Iteration,metricValue,convergenceValue,ITERATION_TIME_INDEX,SINCE_LAST
 2DIAGNOSTIC,     1, -3.463385126653e-01, 1.797693134862e+308, 5.0221e+01, 1.3475e+01, 
  Elapsed time (stage 1): 5.3013e+01


Stage 2
  iterations = 100x100x70x50x0
  convergence threshold = 1.0000e-06
  convergence window size = 10
  number of levels = 5
  using the Mattes MI metric (number of bins = 32, weight = 1.0000e+00)
  preprocessing:  winsorizing the image intensities
  Shrink factors (level 1 out of 5): [10, 10, 10]
  Shrink factors (level 2 out of 5): [6, 6, 6]
  Shrink factors (level 3 out of 5): [4, 4, 4]
  Shrink factors (level 4 out of 5): [2, 2, 2]
  Shrink factors (level 5 out of 5): [1, 1, 1]
  smoothing sigmas per level: [5, 3, 2, 1, 0]
  Using default NONE metricSamplingStrategy 

*** Running SyN registration (varianceForUpdateField = 3.0000e+00, varianceForTotalField = 0.0000e+00) ***

XXDIAGNOSTIC,Iteration,metricValue,convergenceValue,ITERATION_TIME_INDEX,SINCE_LAST
 1DIAGNOSTIC,     1, -4.873277590605e-01, 1.797693134862e+308, 8.8865e+00, 8.8865e+00, 
 1DIAGNOSTIC,     2, -5.016713077226e-01, 1.797693134862e+308, 9.1325e+00, 2.4603e-01, 
 1DIAGNOSTIC,     3, -5.141095297631e-01, 1.797693134862e+308, 9.3763e+00, 2.4381e-01, 
 1DIAGNOSTIC,     4, -5.248577127833e-01, 1.797693134862e+308, 9.6126e+00, 2.3629e-01, 
 1DIAGNOSTIC,     5, -5.350641051019e-01, 1.797693134862e+308, 9.8458e+00, 2.3320e-01, 
 1DIAGNOSTIC,     6, -5.439829839125e-01, 1.797693134862e+308, 1.0091e+01, 2.4481e-01, 
 1DIAGNOSTIC,     7, -5.516957918844e-01, 1.797693134862e+308, 1.0347e+01, 2.5639e-01, 
 1DIAGNOSTIC,     8, -5.580667835185e-01, 1.797693134862e+308, 1.0598e+01, 2.5121e-01, 
 1DIAGNOSTIC,     9, -5.631521584398e-01, 1.797693134862e+308, 1.0847e+01, 2.4871e-01, 
 1DIAGNOSTIC,    10, -5.671965727607e-01, 9.487867663217e-03, 1.1092e+01, 2.4490e-01, 
 1DIAGNOSTIC,    11, -5.709367798415e-01, 7.424715908081e-03, 1.1341e+01, 2.4949e-01, 
 1DIAGNOSTIC,    12, -5.740340498786e-01, 5.813850803586e-03, 1.1589e+01, 2.4784e-01, 
 1DIAGNOSTIC,    13, -5.773350367032e-01, 4.566437467124e-03, 1.1837e+01, 2.4768e-01, 
 1DIAGNOSTIC,    14, -5.796240594734e-01, 3.571453815833e-03, 1.2089e+01, 2.5195e-01, 
 1DIAGNOSTIC,    15, -5.812869766647e-01, 2.796831325124e-03, 1.2337e+01, 2.4783e-01, 
 1DIAGNOSTIC,    16, -5.830189059653e-01, 2.208391213925e-03, 1.2590e+01, 2.5366e-01, 
 1DIAGNOSTIC,    17, -5.843551097247e-01, 1.760184030654e-03, 1.2843e+01, 2.5290e-01, 
 1DIAGNOSTIC,    18, -5.858317856526e-01, 1.422856821330e-03, 1.3092e+01, 2.4843e-01, 
 1DIAGNOSTIC,    19, -5.863920024571e-01, 1.141349814646e-03, 1.3342e+01, 2.5072e-01, 
 1DIAGNOSTIC,    20, -5.872189892303e-01, 9.069476848548e-04, 1.3596e+01, 2.5328e-01, 
 1DIAGNOSTIC,    21, -5.875461393255e-01, 7.091827456006e-04, 1.3849e+01, 2.5294e-01, 
 1DIAGNOSTIC,    22, -5.880595553738e-01, 5.460413219282e-04, 1.4102e+01, 2.5309e-01, 
 1DIAGNOSTIC,    23, -5.881958264506e-01, 4.214873586014e-04, 1.4352e+01, 2.5029e-01, 
 1DIAGNOSTIC,    24, -5.888860010558e-01, 3.308158269350e-04, 1.4602e+01, 2.5002e-01, 
 1DIAGNOSTIC,    25, -5.891098695676e-01, 2.541365396845e-04, 1.4849e+01, 2.4673e-01, 
 1DIAGNOSTIC,    26, -5.895837612502e-01, 2.022020500269e-04, 1.5102e+01, 2.5306e-01, 
 1DIAGNOSTIC,    27, -5.900220157171e-01, 1.677873302167e-04, 1.5355e+01, 2.5378e-01, 
 1DIAGNOSTIC,    28, -5.900621090030e-01, 1.472180125353e-04, 1.5614e+01, 2.5893e-01, 
 1DIAGNOSTIC,    29, -5.901598508458e-01, 1.254955303236e-04, 1.5866e+01, 2.5187e-01, 
 1DIAGNOSTIC,    30, -5.902850530351e-01, 1.093349034233e-04, 1.6126e+01, 2.5948e-01, 
 1DIAGNOSTIC,    31, -5.904320276709e-01, 9.143509561420e-05, 1.6378e+01, 2.5209e-01, 
 1DIAGNOSTIC,    32, -5.904950013687e-01, 7.509044533250e-05, 1.6627e+01, 2.4962e-01, 
 1DIAGNOSTIC,    33, -5.903419596587e-01, 5.235002245917e-05, 1.6879e+01, 2.5171e-01, 
 1DIAGNOSTIC,    34, -5.903930614830e-01, 3.714751064317e-05, 1.7134e+01, 2.5463e-01, 
 1DIAGNOSTIC,    35, -5.901959824049e-01, 1.960477601198e-05, 1.7383e+01, 2.4876e-01, 
 1DIAGNOSTIC,    36, -5.907764270792e-01, 1.570902975602e-05, 1.7637e+01, 2.5464e-01, 
 1DIAGNOSTIC,    37, -5.906630756378e-01, 1.475352668364e-05, 1.7886e+01, 2.4857e-01, 
 1DIAGNOSTIC,    38, -5.907158099483e-01, 1.387606050340e-05, 1.8144e+01, 2.5855e-01, 
 1DIAGNOSTIC,    39, -5.908617693506e-01, 1.498204741236e-05, 1.8398e+01, 2.5323e-01, 
 1DIAGNOSTIC,    40, -5.908204455116e-01, 1.559329863314e-05, 1.8648e+01, 2.5081e-01, 
 1DIAGNOSTIC,    41, -5.907819668609e-01, 1.598241171388e-05, 1.8897e+01, 2.4868e-01, 
 1DIAGNOSTIC,    42, -5.909050312001e-01, 1.714473071142e-05, 1.9153e+01, 2.5617e-01, 
 1DIAGNOSTIC,    43, -5.909162544740e-01, 1.505836289733e-05, 1.9415e+01, 2.6128e-01, 
 1DIAGNOSTIC,    44, -5.909794859311e-01, 1.308597744938e-05, 1.9672e+01, 2.5747e-01, 
 1DIAGNOSTIC,    45, -5.908579431852e-01, 6.347403829290e-06, 1.9926e+01, 2.5365e-01, 
 1DIAGNOSTIC,    46, -5.907876542874e-01, 4.961366952543e-06, 2.0185e+01, 2.5936e-01, 
 1DIAGNOSTIC,    47, -5.908907627204e-01, 3.112783320419e-06, 2.0438e+01, 2.5342e-01, 
 1DIAGNOSTIC,    48, -5.906272554311e-01, -1.175342724539e-06, 2.0692e+01, 2.5355e-01, 
XXDIAGNOSTIC,Iteration,metricValue,convergenceValue,ITERATION_TIME_INDEX,SINCE_LAST
 1DIAGNOSTIC,     1, -5.012368577258e-01, 1.797693134862e+308, 3.0622e+01, 9.9297e+00, 
 1DIAGNOSTIC,     2, -5.058129573759e-01, 1.797693134862e+308, 3.1647e+01, 1.0253e+00, 
 1DIAGNOSTIC,     3, -5.099217617246e-01, 1.797693134862e+308, 3.2674e+01, 1.0266e+00, 
 1DIAGNOSTIC,     4, -5.138116547639e-01, 1.797693134862e+308, 3.3704e+01, 1.0309e+00, 
 1DIAGNOSTIC,     5, -5.174082920009e-01, 1.797693134862e+308, 3.4703e+01, 9.9848e-01, 
 1DIAGNOSTIC,     6, -5.199284270087e-01, 1.797693134862e+308, 3.5728e+01, 1.0250e+00, 
 1DIAGNOSTIC,     7, -5.224201599024e-01, 1.797693134862e+308, 3.6726e+01, 9.9841e-01, 
 1DIAGNOSTIC,     8, -5.237948145240e-01, 1.797693134862e+308, 3.7765e+01, 1.0388e+00, 
 1DIAGNOSTIC,     9, -5.261785842097e-01, 1.797693134862e+308, 3.8761e+01, 9.9622e-01, 
 1DIAGNOSTIC,    10, -5.270584618405e-01, 3.181489878721e-03, 3.9784e+01, 1.0223e+00, 
 1DIAGNOSTIC,    11, -5.293009947200e-01, 2.524038656906e-03, 4.0832e+01, 1.0481e+00, 
 1DIAGNOSTIC,    12, -5.299179058701e-01, 1.985766492263e-03, 4.1855e+01, 1.0229e+00, 
 1DIAGNOSTIC,    13, -5.314125100415e-01, 1.586620670320e-03, 4.2899e+01, 1.0448e+00, 
 1DIAGNOSTIC,    14, -5.323970821245e-01, 1.288784276572e-03, 4.3966e+01, 1.0664e+00, 
 1DIAGNOSTIC,    15, -5.331871551690e-01, 1.071579556177e-03, 4.5017e+01, 1.0514e+00, 
 1DIAGNOSTIC,    16, -5.341875236274e-01, 9.022194216140e-04, 4.6060e+01, 1.0427e+00, 
 1DIAGNOSTIC,    17, -5.344589421402e-01, 7.579748934420e-04, 4.7112e+01, 1.0518e+00, 
 1DIAGNOSTIC,    18, -5.355751260790e-01, 6.342811729170e-04, 4.8170e+01, 1.0584e+00, 
 1DIAGNOSTIC,    19, -5.361017798488e-01, 5.476024623588e-04, 4.9229e+01, 1.0587e+00, 
 1DIAGNOSTIC,    20, -5.370715649526e-01, 4.677583851333e-04, 5.0297e+01, 1.0685e+00, 
 1DIAGNOSTIC,    21, -5.376211741799e-01, 4.239796087062e-04, 5.1348e+01, 1.0504e+00, 
 1DIAGNOSTIC,    22, -5.383778403423e-01, 3.779217191831e-04, 5.2404e+01, 1.0564e+00, 
 1DIAGNOSTIC,    23, -5.384796693152e-01, 3.376683458144e-04, 5.3461e+01, 1.0571e+00, 
 1DIAGNOSTIC,    24, -5.395507179445e-01, 3.153168627422e-04, 5.4512e+01, 1.0503e+00, 
 1DIAGNOSTIC,    25, -5.393653367199e-01, 2.774051695856e-04, 5.5570e+01, 1.0581e+00, 
 1DIAGNOSTIC,    26, -5.404361225293e-01, 2.597437731915e-04, 5.6623e+01, 1.0533e+00, 
 1DIAGNOSTIC,    27, -5.403445841143e-01, 2.218695962238e-04, 5.7679e+01, 1.0555e+00, 
 1DIAGNOSTIC,    28, -5.415025693661e-01, 2.097501334125e-04, 5.8745e+01, 1.0667e+00, 
 1DIAGNOSTIC,    29, -5.413760124535e-01, 1.854046746383e-04, 5.9801e+01, 1.0552e+00, 
 1DIAGNOSTIC,    30, -5.420732664849e-01, 1.752058120719e-04, 6.0848e+01, 1.0477e+00, 
 1DIAGNOSTIC,    31, -5.419083069880e-01, 1.554687559155e-04, 6.1894e+01, 1.0460e+00, 
 1DIAGNOSTIC,    32, -5.429217419967e-01, 1.521663209130e-04, 6.2937e+01, 1.0428e+00, 
 1DIAGNOSTIC,    33, -5.425454929983e-01, 1.294226989368e-04, 6.3989e+01, 1.0521e+00, 
 1DIAGNOSTIC,    34, -5.437284872376e-01, 1.318070460852e-04, 6.5037e+01, 1.0481e+00, 
 1DIAGNOSTIC,    35, -5.430327911214e-01, 1.074855441873e-04, 6.6094e+01, 1.0569e+00, 
 1DIAGNOSTIC,    36, -5.438557912728e-01, 1.030823649745e-04, 6.7163e+01, 1.0685e+00, 
 1DIAGNOSTIC,    37, -5.438270178286e-01, 8.673160925888e-05, 6.8220e+01, 1.0572e+00, 
 1DIAGNOSTIC,    38, -5.446872246509e-01, 9.150946774692e-05, 6.9288e+01, 1.0684e+00, 
 1DIAGNOSTIC,    39, -5.443456325879e-01, 8.055428576404e-05, 7.0381e+01, 1.0925e+00, 
 1DIAGNOSTIC,    40, -5.451235374102e-01, 8.266787186280e-05, 7.1452e+01, 1.0713e+00, 
 1DIAGNOSTIC,    41, -5.444961938001e-01, 6.608917473034e-05, 7.2502e+01, 1.0499e+00, 
 1DIAGNOSTIC,    42, -5.453483293879e-01, 6.809923722810e-05, 7.3556e+01, 1.0542e+00, 
 1DIAGNOSTIC,    43, -5.448163258866e-01, 5.159116103089e-05, 7.4610e+01, 1.0534e+00, 
 1DIAGNOSTIC,    44, -5.458185452738e-01, 5.793286776574e-05, 7.5670e+01, 1.0599e+00, 
 1DIAGNOSTIC,    45, -5.450481000945e-01, 4.072469944046e-05, 7.6723e+01, 1.0534e+00, 
 1DIAGNOSTIC,    46, -5.458055985926e-01, 3.911582893010e-05, 7.7782e+01, 1.0586e+00, 
 1DIAGNOSTIC,    47, -5.457560788046e-01, 3.255657827480e-05, 7.8833e+01, 1.0513e+00, 
 1DIAGNOSTIC,    48, -5.463081144982e-01, 3.894078500958e-05, 7.9888e+01, 1.0547e+00, 
 1DIAGNOSTIC,    49, -5.461673555668e-01, 3.582460978254e-05, 8.0937e+01, 1.0491e+00, 
 1DIAGNOSTIC,    50, -5.463149327995e-01, 3.966343789749e-05, 8.1988e+01, 1.0513e+00, 
 1DIAGNOSTIC,    51, -5.470274731328e-01, 4.027366249542e-05, 8.3039e+01, 1.0508e+00, 
 1DIAGNOSTIC,    52, -5.472603186444e-01, 4.801216518991e-05, 8.4102e+01, 1.0628e+00, 
 1DIAGNOSTIC,    53, -5.466676206092e-01, 3.936646535474e-05, 8.5155e+01, 1.0538e+00, 
 1DIAGNOSTIC,    54, -5.472142572313e-01, 4.312000081852e-05, 8.6210e+01, 1.0543e+00, 
 1DIAGNOSTIC,    55, -5.469785124740e-01, 3.261240554956e-05, 8.7262e+01, 1.0528e+00, 
 1DIAGNOSTIC,    56, -5.478521848629e-01, 3.478747652355e-05, 8.8317e+01, 1.0542e+00, 
 1DIAGNOSTIC,    57, -5.470486586112e-01, 2.532590813362e-05, 8.9374e+01, 1.0572e+00, 
 1DIAGNOSTIC,    58, -5.478353068460e-01, 2.651665109264e-05, 9.0420e+01, 1.0464e+00, 
 1DIAGNOSTIC,    59, -5.476132332920e-01, 2.177782769948e-05, 9.1480e+01, 1.0598e+00, 
 1DIAGNOSTIC,    60, -5.481424365878e-01, 2.089103559002e-05, 9.2540e+01, 1.0603e+00, 
 1DIAGNOSTIC,    61, -5.480308835006e-01, 2.310251373300e-05, 9.3585e+01, 1.0448e+00, 
 1DIAGNOSTIC,    62, -5.479994236917e-01, 2.506646531351e-05, 9.4626e+01, 1.0404e+00, 
 1DIAGNOSTIC,    63, -5.482681233095e-01, 2.184308488767e-05, 9.5680e+01, 1.0545e+00, 
 1DIAGNOSTIC,    64, -5.484312847481e-01, 2.246648886086e-05, 9.6736e+01, 1.0555e+00, 
 1DIAGNOSTIC,    65, -5.479996931729e-01, 1.528244279806e-05, 9.7805e+01, 1.0699e+00, 
 1DIAGNOSTIC,    66, -5.485197134827e-01, 1.841678838987e-05, 9.8860e+01, 1.0541e+00, 
 1DIAGNOSTIC,    67, -5.476833833296e-01, 6.552142817744e-06, 9.9919e+01, 1.0596e+00, 
 1DIAGNOSTIC,    68, -5.484607990576e-01, 6.810889758877e-06, 1.0097e+02, 1.0510e+00, 
 1DIAGNOSTIC,    69, -5.476988959254e-01, -1.394542989256e-06, 1.0203e+02, 1.0597e+00, 
XXDIAGNOSTIC,Iteration,metricValue,convergenceValue,ITERATION_TIME_INDEX,SINCE_LAST
 1DIAGNOSTIC,     1, -4.958950699474e-01, 1.797693134862e+308, 1.1449e+02, 1.2459e+01, 
 1DIAGNOSTIC,     2, -4.975572098521e-01, 1.797693134862e+308, 1.1769e+02, 3.1973e+00, 
 1DIAGNOSTIC,     3, -4.990103116484e-01, 1.797693134862e+308, 1.2093e+02, 3.2484e+00, 
 1DIAGNOSTIC,     4, -5.002612160529e-01, 1.797693134862e+308, 1.2415e+02, 3.2110e+00, 
 1DIAGNOSTIC,     5, -5.014176399051e-01, 1.797693134862e+308, 1.2743e+02, 3.2808e+00, 
 1DIAGNOSTIC,     6, -5.024678664484e-01, 1.797693134862e+308, 1.3056e+02, 3.1356e+00, 
 1DIAGNOSTIC,     7, -5.033917504018e-01, 1.797693134862e+308, 1.3395e+02, 3.3908e+00, 
 1DIAGNOSTIC,     8, -5.044636341945e-01, 1.797693134862e+308, 1.3710e+02, 3.1425e+00, 
 1DIAGNOSTIC,     9, -5.053420312084e-01, 1.797693134862e+308, 1.4037e+02, 3.2759e+00, 
 1DIAGNOSTIC,    10, -5.062541474612e-01, 1.285044913478e-03, 1.4359e+02, 3.2233e+00, 
 1DIAGNOSTIC,    11, -5.069517515972e-01, 1.076578918540e-03, 1.4677e+02, 3.1730e+00, 
 1DIAGNOSTIC,    12, -5.075187458903e-01, 9.107300471561e-04, 1.5001e+02, 3.2470e+00, 
 1DIAGNOSTIC,    13, -5.082068689377e-01, 7.807156590579e-04, 1.5330e+02, 3.2884e+00, 
 1DIAGNOSTIC,    14, -5.086671792979e-01, 6.666126261494e-04, 1.5653e+02, 3.2229e+00, 
 1DIAGNOSTIC,    15, -5.092215131710e-01, 5.708771116585e-04, 1.5979e+02, 3.2686e+00, 
 1DIAGNOSTIC,    16, -5.095531606396e-01, 4.832304820115e-04, 1.6302e+02, 3.2285e+00, 
 1DIAGNOSTIC,    17, -5.101162094032e-01, 4.104674969003e-04, 1.6633e+02, 3.3093e+00, 
 1DIAGNOSTIC,    18, -5.104216484431e-01, 3.505534795859e-04, 1.6957e+02, 3.2358e+00, 
 1DIAGNOSTIC,    19, -5.107969615732e-01, 3.013093932824e-04, 1.7285e+02, 3.2788e+00, 
 1DIAGNOSTIC,    20, -5.110796526163e-01, 2.624603694535e-04, 1.7606e+02, 3.2137e+00, 
 1DIAGNOSTIC,    21, -5.116184612218e-01, 2.359036260542e-04, 1.7937e+02, 3.3049e+00, 
 1DIAGNOSTIC,    22, -5.117606949531e-01, 2.074358800547e-04, 1.8259e+02, 3.2285e+00, 
 1DIAGNOSTIC,    23, -5.122650990291e-01, 1.912406487295e-04, 1.8586e+02, 3.2637e+00, 
 1DIAGNOSTIC,    24, -5.125468279676e-01, 1.756122675663e-04, 1.8908e+02, 3.2258e+00, 
 1DIAGNOSTIC,    25, -5.129471194495e-01, 1.661750755681e-04, 1.9239e+02, 3.3063e+00, 
 1DIAGNOSTIC,    26, -5.130794026357e-01, 1.516081770165e-04, 1.9565e+02, 3.2628e+00, 
 1DIAGNOSTIC,    27, -5.134792136855e-01, 1.439447763006e-04, 1.9890e+02, 3.2453e+00, 
 1DIAGNOSTIC,    28, -5.137726224119e-01, 1.351112071283e-04, 2.0213e+02, 3.2320e+00, 
 1DIAGNOSTIC,    29, -5.140602522424e-01, 1.268705972752e-04, 2.0543e+02, 3.2991e+00, 
 1DIAGNOSTIC,    30, -5.141769425637e-01, 1.145239148871e-04, 2.0866e+02, 3.2295e+00, 
 1DIAGNOSTIC,    31, -5.145753958764e-01, 1.092685272676e-04, 2.1189e+02, 3.2361e+00, 
 1DIAGNOSTIC,    32, -5.147648096373e-01, 9.956915064700e-05, 2.1511e+02, 3.2147e+00, 
 1DIAGNOSTIC,    33, -5.150291975648e-01, 9.401295317743e-05, 2.1838e+02, 3.2756e+00, 
 1DIAGNOSTIC,    34, -5.151175495239e-01, 8.589788076611e-05, 2.2162e+02, 3.2372e+00, 
 1DIAGNOSTIC,    35, -5.154539590265e-01, 8.201535416584e-05, 2.2489e+02, 3.2697e+00, 
 1DIAGNOSTIC,    36, -5.155286216964e-01, 7.361242114582e-05, 2.2815e+02, 3.2539e+00, 
 1DIAGNOSTIC,    37, -5.158184931681e-01, 6.907040054807e-05, 2.3147e+02, 3.3290e+00, 
 1DIAGNOSTIC,    38, -5.159062176644e-01, 6.375798945720e-05, 2.3471e+02, 3.2365e+00, 
 1DIAGNOSTIC,    39, -5.161601082907e-01, 6.051249442401e-05, 2.3797e+02, 3.2621e+00, 
 1DIAGNOSTIC,    40, -5.161952131011e-01, 5.368064148039e-05, 2.4129e+02, 3.3154e+00, 
 1DIAGNOSTIC,    41, -5.164657785728e-01, 5.122198346960e-05, 2.4461e+02, 3.3241e+00, 
 1DIAGNOSTIC,    42, -5.166236415714e-01, 4.854469678088e-05, 2.4784e+02, 3.2292e+00, 
 1DIAGNOSTIC,    43, -5.168495424947e-01, 4.776090128250e-05, 2.5113e+02, 3.2854e+00, 
 1DIAGNOSTIC,    44, -5.169417904831e-01, 4.469286144346e-05, 2.5440e+02, 3.2715e+00, 
 1DIAGNOSTIC,    45, -5.171495335535e-01, 4.432551817108e-05, 2.5770e+02, 3.3057e+00, 
 1DIAGNOSTIC,    46, -5.172927899854e-01, 4.232284968778e-05, 2.6093e+02, 3.2301e+00, 
 1DIAGNOSTIC,    47, -5.175255170318e-01, 4.256655283354e-05, 2.6422e+02, 3.2847e+00, 
 1DIAGNOSTIC,    48, -5.176031921245e-01, 4.060476782137e-05, 2.6747e+02, 3.2521e+00, 
 1DIAGNOSTIC,    49, -5.177937684303e-01, 3.999341918666e-05, 2.7078e+02, 3.3077e+00, 
 1DIAGNOSTIC,    50, -5.178640214066e-01, 3.672728669653e-05, 2.7402e+02, 3.2435e+00, 
 1DIAGNOSTIC,    51, -5.181509459551e-01, 3.617485112211e-05, 2.7732e+02, 3.2932e+00, 
 1DIAGNOSTIC,    52, -5.181590710815e-01, 3.389102359410e-05, 2.8056e+02, 3.2466e+00, 
 1DIAGNOSTIC,    53, -5.184282975436e-01, 3.372901087627e-05, 2.8387e+02, 3.3063e+00, 
 1DIAGNOSTIC,    54, -5.184422868301e-01, 3.141321825060e-05, 2.8711e+02, 3.2386e+00, 
 1DIAGNOSTIC,    55, -5.187079814973e-01, 3.100187265787e-05, 2.9046e+02, 3.3510e+00, 
 1DIAGNOSTIC,    56, -5.185987118211e-01, 2.791398760343e-05, 2.9370e+02, 3.2414e+00, 
 1DIAGNOSTIC,    57, -5.189112526437e-01, 2.767095731384e-05, 2.9701e+02, 3.3057e+00, 
 1DIAGNOSTIC,    58, -5.188329429032e-01, 2.472509820685e-05, 3.0027e+02, 3.2664e+00, 
 1DIAGNOSTIC,    59, -5.190835160369e-01, 2.373707162683e-05, 3.0357e+02, 3.2962e+00, 
 1DIAGNOSTIC,    60, -5.189784755370e-01, 2.013033235902e-05, 3.0678e+02, 3.2119e+00, 
 1DIAGNOSTIC,    61, -5.192424386414e-01, 1.983479425177e-05, 3.1009e+02, 3.3068e+00, 
 1DIAGNOSTIC,    62, -5.192153236261e-01, 1.740964063715e-05, 3.1330e+02, 3.2182e+00, 
 1DIAGNOSTIC,    63, -5.194519905954e-01, 1.790848984666e-05, 3.1659e+02, 3.2881e+00, 
 1DIAGNOSTIC,    64, -5.193225114563e-01, 1.562900986967e-05, 3.1986e+02, 3.2707e+00, 
 1DIAGNOSTIC,    65, -5.195899548634e-01, 1.660614331099e-05, 3.2325e+02, 3.3909e+00, 
 1DIAGNOSTIC,    66, -5.195012314846e-01, 1.421322864330e-05, 3.2649e+02, 3.2344e+00, 
 1DIAGNOSTIC,    67, -5.196855745928e-01, 1.472470091893e-05, 3.2974e+02, 3.2516e+00, 
 1DIAGNOSTIC,    68, -5.196462952132e-01, 1.281343108973e-05, 3.3297e+02, 3.2344e+00, 
 1DIAGNOSTIC,    69, -5.198890018049e-01, 1.378974462274e-05, 3.3628e+02, 3.3073e+00, 
 1DIAGNOSTIC,    70, -5.197115748030e-01, 1.112432219132e-05, 3.3957e+02, 3.2837e+00, 
XXDIAGNOSTIC,Iteration,metricValue,convergenceValue,ITERATION_TIME_INDEX,SINCE_LAST
 1DIAGNOSTIC,     1, -4.554651714812e-01, 1.797693134862e+308, 3.7695e+02, 3.7380e+01, 
 1DIAGNOSTIC,     2, -4.566005807804e-01, 1.797693134862e+308, 4.0020e+02, 2.3250e+01, 
 1DIAGNOSTIC,     3, -4.578628938150e-01, 1.797693134862e+308, 4.2350e+02, 2.3303e+01, 
 1DIAGNOSTIC,     4, -4.591408387214e-01, 1.797693134862e+308, 4.4675e+02, 2.3255e+01, 
 1DIAGNOSTIC,     5, -4.603614732605e-01, 1.797693134862e+308, 4.7060e+02, 2.3847e+01, 
 1DIAGNOSTIC,     6, -4.615093724411e-01, 1.797693134862e+308, 4.9432e+02, 2.3725e+01, 
 1DIAGNOSTIC,     7, -4.625340205799e-01, 1.797693134862e+308, 5.1824e+02, 2.3912e+01, 
 1DIAGNOSTIC,     8, -4.635147597078e-01, 1.797693134862e+308, 5.4194e+02, 2.3705e+01, 
 1DIAGNOSTIC,     9, -4.644903384006e-01, 1.797693134862e+308, 5.6555e+02, 2.3607e+01, 
 1DIAGNOSTIC,    10, -4.654712429308e-01, 1.399914691141e-03, 5.9164e+02, 2.6087e+01, 
 1DIAGNOSTIC,    11, -4.665852546603e-01, 1.236901315009e-03, 6.1604e+02, 2.4403e+01, 
 1DIAGNOSTIC,    12, -4.674453040962e-01, 1.091449969260e-03, 6.4050e+02, 2.4466e+01, 
 1DIAGNOSTIC,    13, -4.681898549054e-01, 9.641620610158e-04, 6.6497e+02, 2.4465e+01, 
 1DIAGNOSTIC,    14, -4.689353566540e-01, 8.557662164493e-04, 6.8940e+02, 2.4430e+01, 
 1DIAGNOSTIC,    15, -4.696210814592e-01, 7.609545325284e-04, 7.1373e+02, 2.4328e+01, 
 1DIAGNOSTIC,    16, -4.702946593522e-01, 6.773650088343e-04, 7.3810e+02, 2.4373e+01, 
 1DIAGNOSTIC,    17, -4.708793369021e-01, 5.988124993963e-04, 7.6238e+02, 2.4281e+01, 
 1DIAGNOSTIC,    18, -4.714533541144e-01, 5.263547136359e-04, 7.8665e+02, 2.4269e+01, 
 1DIAGNOSTIC,    19, -4.719803295173e-01, 4.608381050471e-04, 8.1175e+02, 2.5102e+01, 
 1DIAGNOSTIC,    20, -4.725542548512e-01, 4.060411963269e-04, 8.3603e+02, 2.4283e+01, 
 1DIAGNOSTIC,    21, -4.730182777400e-01, 3.641538262889e-04, 8.6033e+02, 2.4295e+01, 
 1DIAGNOSTIC,    22, -4.734917059261e-01, 3.288803813197e-04, 8.8538e+02, 2.5054e+01, 
 1DIAGNOSTIC,    23, -4.739229013370e-01, 2.968678587721e-04, 9.0966e+02, 2.4272e+01, 
 1DIAGNOSTIC,    24, -4.743581609312e-01, 2.694784124659e-04, 9.3396e+02, 2.4310e+01, 
 1DIAGNOSTIC,    25, -4.746982397927e-01, 2.437334436261e-04, 9.5852e+02, 2.4558e+01, 
 1DIAGNOSTIC,    26, -4.750969943251e-01, 2.220454637206e-04, 9.8353e+02, 2.5006e+01, 
 1DIAGNOSTIC,    27, -4.754331793647e-01, 2.016527492074e-04, 1.0080e+03, 2.4516e+01, 
 1DIAGNOSTIC,    28, -4.758062017952e-01, 1.841548490522e-04, 1.0322e+03, 2.4115e+01, 
 1DIAGNOSTIC,    29, -4.761062630696e-01, 1.676369852043e-04, 1.0564e+03, 2.4276e+01, 
 1DIAGNOSTIC,    30, -4.764345203986e-01, 1.545810861972e-04, 1.0814e+03, 2.4992e+01, 
 1DIAGNOSTIC,    31, -4.767106689339e-01, 1.421337328150e-04, 1.1057e+03, 2.4236e+01, 
 1DIAGNOSTIC,    32, -4.769970031324e-01, 1.313269097215e-04, 1.1302e+03, 2.4527e+01, 
 1DIAGNOSTIC,    33, -4.772179861107e-01, 1.206156427791e-04, 1.1544e+03, 2.4224e+01, 
 1DIAGNOSTIC,    34, -4.774854990868e-01, 1.116056145158e-04, 1.1796e+03, 2.5187e+01, 
 1DIAGNOSTIC,    35, -4.777246786348e-01, 1.024613747205e-04, 1.2040e+03, 2.4440e+01, 
 1DIAGNOSTIC,    36, -4.779530483068e-01, 9.459492434978e-05, 1.2282e+03, 2.4198e+01, 
 1DIAGNOSTIC,    37, -4.781704571298e-01, 8.716510746770e-05, 1.2526e+03, 2.4373e+01, 
 1DIAGNOSTIC,    38, -4.783873974220e-01, 8.121011589111e-05, 1.2776e+03, 2.4974e+01, 
 1DIAGNOSTIC,    39, -4.786055667249e-01, 7.581811796300e-05, 1.3020e+03, 2.4372e+01, 
 1DIAGNOSTIC,    40, -4.788019648850e-01, 7.136579008363e-05, 1.3265e+03, 2.4560e+01, 
 1DIAGNOSTIC,    41, -4.789972075914e-01, 6.724967966220e-05, 1.3508e+03, 2.4331e+01, 
 1DIAGNOSTIC,    42, -4.791805816973e-01, 6.367390641152e-05, 1.3761e+03, 2.5263e+01, 
 1DIAGNOSTIC,    43, -4.793791256596e-01, 6.005679217305e-05, 1.4005e+03, 2.4378e+01, 
 1DIAGNOSTIC,    44, -4.795495032420e-01, 5.685430599535e-05, 1.4249e+03, 2.4365e+01, 
 1DIAGNOSTIC,    45, -4.797158605651e-01, 5.379659882266e-05, 1.4499e+03, 2.5009e+01, 
 1DIAGNOSTIC,    46, -4.798998469513e-01, 5.113949778484e-05, 1.4742e+03, 2.4313e+01, 
 1DIAGNOSTIC,    47, -4.800807688041e-01, 4.880266667347e-05, 1.4986e+03, 2.4392e+01, 
 1DIAGNOSTIC,    48, -4.802336605495e-01, 4.652404943286e-05, 1.5236e+03, 2.5041e+01, 
 1DIAGNOSTIC,    49, -4.804087547975e-01, 4.473029610845e-05, 1.5480e+03, 2.4426e+01, 
 1DIAGNOSTIC,    50, -4.805596357246e-01, 4.290886961926e-05, 1.5723e+03, 2.4281e+01, 
  Elapsed time (stage 2): 1599


Total elapsed time: 1704
