Changed directory to /lustre/scratch/wbic-beta/ccn30/ENCRYPT/fMRI/gridcellpilot/scripts/coregistration/slurmoutputs.

JobID: 6250750
======
Time: Wed Feb 10 14:43:21 GMT 2021
Running on master node: wbic-cs-21
Current directory: /lustre/scratch/wbic-beta/ccn30/ENCRYPT/fMRI/gridcellpilot/scripts/coregistration/slurmoutputs

Nodes allocated:
================
wbic-cs-21

numtasks=1, numnodes=1, mpi_tasks_per_node=1 (OMP_NUM_THREADS=1)

Executing command:
==================
/lustre/scratch/wbic-beta/ccn30/ENCRYPT/fMRI/gridcellpilot/scripts/coregistration/coreg_MasksxEPI.sh 29336/20190903_U-ID46066

******** starting 29336 ********

--------------------------------------------------------------------------------------
 Mapping parameters
--------------------------------------------------------------------------------------
 ANTSPATH is /applications/ANTS/ANTs-2.3.4/install/bin/

 Dimensionality:           3
 Output name prefix:       /lustre/scratch/wbic-beta/ccn30/ENCRYPT/fMRI/gridcellpilot/preprocessed_data/segmentation/29336/coregistration/T1xStudyTemplate_
 Fixed images:             /home/ccn30/ENCRYPT/atlases/templates/ECtemplatemasks2015/Study_template_wholeBrain.nii
 Moving images:            /lustre/scratch/wbic-beta/ccn30/ENCRYPT/fMRI/gridcellpilot/raw_data/images/29336/20190903_U-ID46066/mp2rage/denoiseRn4mag0000_PSIR_skulled_std.nii
 Mask images:              
 Initial transforms:       
 Number of threads:        1
 Spline distance:          26
 Transform type:           s
 MI histogram bins:        32
 Precision:                d
 Use histogram matching    0
======================================================================================
 antsRegistration call:
--------------------------------------------------------------------------------------
/applications/ANTS/ANTs-2.3.4/install/bin//antsRegistration --verbose 1 --dimensionality 3 --float 0 --collapse-output-transforms 1 --output [ /lustre/scratch/wbic-beta/ccn30/ENCRYPT/fMRI/gridcellpilot/preprocessed_data/segmentation/29336/coregistration/T1xStudyTemplate_,/lustre/scratch/wbic-beta/ccn30/ENCRYPT/fMRI/gridcellpilot/preprocessed_data/segmentation/29336/coregistration/T1xStudyTemplate_Warped.nii.gz,/lustre/scratch/wbic-beta/ccn30/ENCRYPT/fMRI/gridcellpilot/preprocessed_data/segmentation/29336/coregistration/T1xStudyTemplate_InverseWarped.nii.gz ] --interpolation Linear --use-histogram-matching 0 --winsorize-image-intensities [ 0.005,0.995 ] --initial-moving-transform [ /home/ccn30/ENCRYPT/atlases/templates/ECtemplatemasks2015/Study_template_wholeBrain.nii,/lustre/scratch/wbic-beta/ccn30/ENCRYPT/fMRI/gridcellpilot/raw_data/images/29336/20190903_U-ID46066/mp2rage/denoiseRn4mag0000_PSIR_skulled_std.nii,1 ] --transform Rigid[ 0.1 ] --metric MI[ /home/ccn30/ENCRYPT/atlases/templates/ECtemplatemasks2015/Study_template_wholeBrain.nii,/lustre/scratch/wbic-beta/ccn30/ENCRYPT/fMRI/gridcellpilot/raw_data/images/29336/20190903_U-ID46066/mp2rage/denoiseRn4mag0000_PSIR_skulled_std.nii,1,32,Regular,0.25 ] --convergence [ 1000x500x250x0,1e-6,10 ] --shrink-factors 12x8x4x2 --smoothing-sigmas 4x3x2x1vox --transform Affine[ 0.1 ] --metric MI[ /home/ccn30/ENCRYPT/atlases/templates/ECtemplatemasks2015/Study_template_wholeBrain.nii,/lustre/scratch/wbic-beta/ccn30/ENCRYPT/fMRI/gridcellpilot/raw_data/images/29336/20190903_U-ID46066/mp2rage/denoiseRn4mag0000_PSIR_skulled_std.nii,1,32,Regular,0.25 ] --convergence [ 1000x500x250x0,1e-6,10 ] --shrink-factors 12x8x4x2 --smoothing-sigmas 4x3x2x1vox --transform SyN[ 0.1,3,0 ] --metric MI[ /home/ccn30/ENCRYPT/atlases/templates/ECtemplatemasks2015/Study_template_wholeBrain.nii,/lustre/scratch/wbic-beta/ccn30/ENCRYPT/fMRI/gridcellpilot/raw_data/images/29336/20190903_U-ID46066/mp2rage/denoiseRn4mag0000_PSIR_skulled_std.nii,1,32] --convergence [ 100x100x70x50x0,1e-6,10 ] --shrink-factors 10x6x4x2x1 --smoothing-sigmas 5x3x2x1x0vox
--------------------------------------------------------------------------------------
All_Command_lines_OK
Using double precision for computations.
=============================================================================
The composite transform comprises the following transforms (in order): 
  1. Center of mass alignment using fixed image: /home/ccn30/ENCRYPT/atlases/templates/ECtemplatemasks2015/Study_template_wholeBrain.nii and moving image: /lustre/scratch/wbic-beta/ccn30/ENCRYPT/fMRI/gridcellpilot/raw_data/images/29336/20190903_U-ID46066/mp2rage/denoiseRn4mag0000_PSIR_skulled_std.nii (type = Euler3DTransform)
=============================================================================
  number of levels = 4
  number of levels = 4
  number of levels = 5
  fixed image: /home/ccn30/ENCRYPT/atlases/templates/ECtemplatemasks2015/Study_template_wholeBrain.nii
  moving image: /lustre/scratch/wbic-beta/ccn30/ENCRYPT/fMRI/gridcellpilot/raw_data/images/29336/20190903_U-ID46066/mp2rage/denoiseRn4mag0000_PSIR_skulled_std.nii
  fixed image: /home/ccn30/ENCRYPT/atlases/templates/ECtemplatemasks2015/Study_template_wholeBrain.nii
  moving image: /lustre/scratch/wbic-beta/ccn30/ENCRYPT/fMRI/gridcellpilot/raw_data/images/29336/20190903_U-ID46066/mp2rage/denoiseRn4mag0000_PSIR_skulled_std.nii
  fixed image: /home/ccn30/ENCRYPT/atlases/templates/ECtemplatemasks2015/Study_template_wholeBrain.nii
  moving image: /lustre/scratch/wbic-beta/ccn30/ENCRYPT/fMRI/gridcellpilot/raw_data/images/29336/20190903_U-ID46066/mp2rage/denoiseRn4mag0000_PSIR_skulled_std.nii
Dimension = 3
Number of stages = 3
Use Histogram Matching false
Winsorize image intensities true
Lower quantile = 0.005
Upper quantile = 0.995
Stage 1 State
   Image metric = Mattes
     Fixed image = Image (0x4251f20)
  RTTI typeinfo:   itk::Image<double, 3u>
  Reference Count: 2
  Modified Time: 1735
  Debug: Off
  Object Name: 
  Observers: 
    none
  Source: (none)
  Source output name: (none)
  Release Data: Off
  Data Released: False
  Global Release Data: Off
  PipelineMTime: 0
  UpdateMTime: 1518
  RealTimeStamp: 0 seconds 
  LargestPossibleRegion: 
    Dimension: 3
    Index: [0, 0, 0]
    Size: [384, 384, 288]
  BufferedRegion: 
    Dimension: 3
    Index: [0, 0, 0]
    Size: [384, 384, 288]
  RequestedRegion: 
    Dimension: 3
    Index: [0, 0, 0]
    Size: [384, 384, 288]
  Spacing: [0.598958, 0.598958, 0.599937]
  Origin: [85.9044, -155.274, 91.0901]
  Direction: 
-0 0 -1
1 -0 0
0 -1 0

  IndexToPointMatrix: 
0 0 -0.599937
0.598958 0 0
0 -0.598958 0

  PointToIndexMatrix: 
0 1.66957 0
0 0 -1.66957
-1.66684 0 0

  Inverse Direction: 
0 1 0
0 0 -1
-1 0 0

  PixelContainer: 
    ImportImageContainer (0x4258590)
      RTTI typeinfo:   itk::ImportImageContainer<unsigned long, double>
      Reference Count: 1
      Modified Time: 1515
      Debug: Off
      Object Name: 
      Observers: 
        none
      Pointer: 0x2b0fd7dcb010
      Container manages memory: true
      Size: 42467328
      Capacity: 42467328

     Moving image = Image (0x424d470)
  RTTI typeinfo:   itk::Image<double, 3u>
  Reference Count: 2
  Modified Time: 1736
  Debug: Off
  Object Name: 
  Observers: 
    none
  Source: (none)
  Source output name: (none)
  Release Data: Off
  Data Released: False
  Global Release Data: Off
  PipelineMTime: 0
  UpdateMTime: 1733
  RealTimeStamp: 0 seconds 
  LargestPossibleRegion: 
    Dimension: 3
    Index: [0, 0, 0]
    Size: [224, 320, 320]
  BufferedRegion: 
    Dimension: 3
    Index: [0, 0, 0]
    Size: [224, 320, 320]
  RequestedRegion: 
    Dimension: 3
    Index: [0, 0, 0]
    Size: [224, 320, 320]
  Spacing: [0.699997, 0.7, 0.7]
  Origin: [-80.5294, 72.2492, -124.937]
  Direction: 
1 0 0
0 -1 0
0 0 1

  IndexToPointMatrix: 
0.699997 0 0
0 -0.7 0
0 0 0.7

  PointToIndexMatrix: 
1.42858 0 0
0 -1.42857 0
0 0 1.42857

  Inverse Direction: 
1 0 0
0 -1 0
0 0 1

  PixelContainer: 
    ImportImageContainer (0x425e460)
      RTTI typeinfo:   itk::ImportImageContainer<unsigned long, double>
      Reference Count: 1
      Modified Time: 1730
      Debug: Off
      Object Name: 
      Observers: 
        none
      Pointer: 0x2b0fec1cc010
      Container manages memory: true
      Size: 22937600
      Capacity: 22937600

     Weighting = 1
     Sampling strategy = regular
     Number of bins = 32
     Radius = 4
     Sampling percentage  = 0.25
   Transform = Rigid
     Gradient step = 0.1
     Update field sigma (voxel space) = 0
     Total field sigma (voxel space) = 0
     Update field time sigma = 0
     Total field time sigma  = 0
     Number of time indices = 0
     Number of time point samples = 0
Stage 2 State
   Image metric = Mattes
     Fixed image = Image (0x4251270)
  RTTI typeinfo:   itk::Image<double, 3u>
  Reference Count: 2
  Modified Time: 2167
  Debug: Off
  Object Name: 
  Observers: 
    none
  Source: (none)
  Source output name: (none)
  Release Data: Off
  Data Released: False
  Global Release Data: Off
  PipelineMTime: 0
  UpdateMTime: 1950
  RealTimeStamp: 0 seconds 
  LargestPossibleRegion: 
    Dimension: 3
    Index: [0, 0, 0]
    Size: [384, 384, 288]
  BufferedRegion: 
    Dimension: 3
    Index: [0, 0, 0]
    Size: [384, 384, 288]
  RequestedRegion: 
    Dimension: 3
    Index: [0, 0, 0]
    Size: [384, 384, 288]
  Spacing: [0.598958, 0.598958, 0.599937]
  Origin: [85.9044, -155.274, 91.0901]
  Direction: 
-0 0 -1
1 -0 0
0 -1 0

  IndexToPointMatrix: 
0 0 -0.599937
0.598958 0 0
0 -0.598958 0

  PointToIndexMatrix: 
0 1.66957 0
0 0 -1.66957
-1.66684 0 0

  Inverse Direction: 
0 1 0
0 0 -1
-1 0 0

  PixelContainer: 
    ImportImageContainer (0x4256b50)
      RTTI typeinfo:   itk::ImportImageContainer<unsigned long, double>
      Reference Count: 1
      Modified Time: 1947
      Debug: Off
      Object Name: 
      Observers: 
        none
      Pointer: 0x2b0ff70cd010
      Container manages memory: true
      Size: 42467328
      Capacity: 42467328

     Moving image = Image (0x4257650)
  RTTI typeinfo:   itk::Image<double, 3u>
  Reference Count: 2
  Modified Time: 2168
  Debug: Off
  Object Name: 
  Observers: 
    none
  Source: (none)
  Source output name: (none)
  Release Data: Off
  Data Released: False
  Global Release Data: Off
  PipelineMTime: 0
  UpdateMTime: 2165
  RealTimeStamp: 0 seconds 
  LargestPossibleRegion: 
    Dimension: 3
    Index: [0, 0, 0]
    Size: [224, 320, 320]
  BufferedRegion: 
    Dimension: 3
    Index: [0, 0, 0]
    Size: [224, 320, 320]
  RequestedRegion: 
    Dimension: 3
    Index: [0, 0, 0]
    Size: [224, 320, 320]
  Spacing: [0.699997, 0.7, 0.7]
  Origin: [-80.5294, 72.2492, -124.937]
  Direction: 
1 0 0
0 -1 0
0 0 1

  IndexToPointMatrix: 
0.699997 0 0
0 -0.7 0
0 0 0.7

  PointToIndexMatrix: 
1.42858 0 0
0 -1.42857 0
0 0 1.42857

  Inverse Direction: 
1 0 0
0 -1 0
0 0 1

  PixelContainer: 
    ImportImageContainer (0x4251500)
      RTTI typeinfo:   itk::ImportImageContainer<unsigned long, double>
      Reference Count: 1
      Modified Time: 2162
      Debug: Off
      Object Name: 
      Observers: 
        none
      Pointer: 0x2b100b4ce010
      Container manages memory: true
      Size: 22937600
      Capacity: 22937600

     Weighting = 1
     Sampling strategy = regular
     Number of bins = 32
     Radius = 4
     Sampling percentage  = 0.25
   Transform = Affine
     Gradient step = 0.1
     Update field sigma (voxel space) = 0
     Total field sigma (voxel space) = 0
     Update field time sigma = 0
     Total field time sigma  = 0
     Number of time indices = 0
     Number of time point samples = 0
Stage 3 State
   Image metric = Mattes
     Fixed image = Image (0x4253180)
  RTTI typeinfo:   itk::Image<double, 3u>
  Reference Count: 2
  Modified Time: 2599
  Debug: Off
  Object Name: 
  Observers: 
    none
  Source: (none)
  Source output name: (none)
  Release Data: Off
  Data Released: False
  Global Release Data: Off
  PipelineMTime: 0
  UpdateMTime: 2382
  RealTimeStamp: 0 seconds 
  LargestPossibleRegion: 
    Dimension: 3
    Index: [0, 0, 0]
    Size: [384, 384, 288]
  BufferedRegion: 
    Dimension: 3
    Index: [0, 0, 0]
    Size: [384, 384, 288]
  RequestedRegion: 
    Dimension: 3
    Index: [0, 0, 0]
    Size: [384, 384, 288]
  Spacing: [0.598958, 0.598958, 0.599937]
  Origin: [85.9044, -155.274, 91.0901]
  Direction: 
-0 0 -1
1 -0 0
0 -1 0

  IndexToPointMatrix: 
0 0 -0.599937
0.598958 0 0
0 -0.598958 0

  PointToIndexMatrix: 
0 1.66957 0
0 0 -1.66957
-1.66684 0 0

  Inverse Direction: 
0 1 0
0 0 -1
-1 0 0

  PixelContainer: 
    ImportImageContainer (0x4261ef0)
      RTTI typeinfo:   itk::ImportImageContainer<unsigned long, double>
      Reference Count: 1
      Modified Time: 2379
      Debug: Off
      Object Name: 
      Observers: 
        none
      Pointer: 0x2b10163cf010
      Container manages memory: true
      Size: 42467328
      Capacity: 42467328

     Moving image = Image (0x4264a00)
  RTTI typeinfo:   itk::Image<double, 3u>
  Reference Count: 2
  Modified Time: 2600
  Debug: Off
  Object Name: 
  Observers: 
    none
  Source: (none)
  Source output name: (none)
  Release Data: Off
  Data Released: False
  Global Release Data: Off
  PipelineMTime: 0
  UpdateMTime: 2597
  RealTimeStamp: 0 seconds 
  LargestPossibleRegion: 
    Dimension: 3
    Index: [0, 0, 0]
    Size: [224, 320, 320]
  BufferedRegion: 
    Dimension: 3
    Index: [0, 0, 0]
    Size: [224, 320, 320]
  RequestedRegion: 
    Dimension: 3
    Index: [0, 0, 0]
    Size: [224, 320, 320]
  Spacing: [0.699997, 0.7, 0.7]
  Origin: [-80.5294, 72.2492, -124.937]
  Direction: 
1 0 0
0 -1 0
0 0 1

  IndexToPointMatrix: 
0.699997 0 0
0 -0.7 0
0 0 0.7

  PointToIndexMatrix: 
1.42858 0 0
0 -1.42857 0
0 0 1.42857

  Inverse Direction: 
1 0 0
0 -1 0
0 0 1

  PixelContainer: 
    ImportImageContainer (0x4269b20)
      RTTI typeinfo:   itk::ImportImageContainer<unsigned long, double>
      Reference Count: 1
      Modified Time: 2594
      Debug: Off
      Object Name: 
      Observers: 
        none
      Pointer: 0x2b102a7d0010
      Container manages memory: true
      Size: 22937600
      Capacity: 22937600

     Weighting = 1
     Sampling strategy = none
     Number of bins = 32
     Radius = 4
     Sampling percentage  = 1
   Transform = SyN
     Gradient step = 0.1
     Update field sigma (voxel space) = 3
     Total field sigma (voxel space) = 0
     Update field time sigma = 0
     Total field time sigma  = 0
     Number of time indices = 0
     Number of time point samples = 0
Registration using 3 total stages.

Stage 0
  iterations = 1000x500x250x0
  convergence threshold = 1e-06
  convergence window size = 10
  number of levels = 4
  using the Mattes MI metric (number of bins = 32, weight = 1)
  preprocessing:  winsorizing the image intensities
  Shrink factors (level 1 out of 4): [12, 12, 12]
  Shrink factors (level 2 out of 4): [8, 8, 8]
  Shrink factors (level 3 out of 4): [4, 4, 4]
  Shrink factors (level 4 out of 4): [2, 2, 2]
  smoothing sigmas per level: [4, 3, 2, 1]
  regular sampling (percentage = 0.25)

*** Running Euler3DTransform registration ***

DIAGNOSTIC,Iteration,metricValue,convergenceValue,ITERATION_TIME_INDEX,SINCE_LAST
 2DIAGNOSTIC,     1, -5.474431713885e-01, 1.797693134862e+308, 9.5459e+00, 9.5459e+00, 
 2DIAGNOSTIC,     2, -5.495253151786e-01, 1.797693134862e+308, 9.5697e+00, 2.3825e-02, 
 2DIAGNOSTIC,     3, -5.529407323884e-01, 1.797693134862e+308, 9.5900e+00, 2.0298e-02, 
 2DIAGNOSTIC,     4, -5.578131554659e-01, 1.797693134862e+308, 9.6100e+00, 1.9990e-02, 
 2DIAGNOSTIC,     5, -5.646809335105e-01, 1.797693134862e+308, 9.6302e+00, 2.0145e-02, 
 2DIAGNOSTIC,     6, -5.706697131125e-01, 1.797693134862e+308, 9.6500e+00, 1.9863e-02, 
 2DIAGNOSTIC,     7, -5.741777592497e-01, 1.797693134862e+308, 9.6727e+00, 2.2701e-02, 
 2DIAGNOSTIC,     8, -5.755306353452e-01, 1.797693134862e+308, 9.6929e+00, 2.0162e-02, 
 2DIAGNOSTIC,     9, -5.762791334456e-01, 1.797693134862e+308, 9.7160e+00, 2.3103e-02, 
 2DIAGNOSTIC,    10, -5.775244344026e-01, 3.926326049862e-03, 9.7367e+00, 2.0710e-02, 
 2DIAGNOSTIC,    11, -5.797144359218e-01, 3.210758329036e-03, 9.7646e+00, 2.7899e-02, 
 2DIAGNOSTIC,    12, -5.880588662807e-01, 2.759983123532e-03, 9.8009e+00, 3.6337e-02, 
 2DIAGNOSTIC,    13, -5.911690094252e-01, 2.374796926187e-03, 9.8270e+00, 2.6090e-02, 
 2DIAGNOSTIC,    14, -5.912399061953e-01, 2.005826500402e-03, 9.8537e+00, 2.6711e-02, 
 2DIAGNOSTIC,    15, -5.915704350573e-01, 1.744390252669e-03, 9.8765e+00, 2.2781e-02, 
 2DIAGNOSTIC,    16, -5.919816071313e-01, 1.552098896674e-03, 9.9048e+00, 2.8289e-02, 
 2DIAGNOSTIC,    17, -5.920572480542e-01, 1.339744986186e-03, 9.9265e+00, 2.1655e-02, 
 2DIAGNOSTIC,    18, -5.920894132952e-01, 1.064965816660e-03, 9.9483e+00, 2.1891e-02, 
 2DIAGNOSTIC,    19, -5.920787895751e-01, 7.437491804840e-04, 9.9759e+00, 2.7511e-02, 
 2DIAGNOSTIC,    20, -5.921303812697e-01, 4.205671923686e-04, 9.9973e+00, 2.1456e-02, 
 2DIAGNOSTIC,    21, -5.922573664915e-01, 1.392470438480e-04, 1.0022e+01, 2.4939e-02, 
 2DIAGNOSTIC,    22, -5.922888638007e-01, 5.622065065606e-05, 1.0047e+01, 2.4423e-02, 
 2DIAGNOSTIC,    23, -5.922812925653e-01, 4.183027145655e-05, 1.0071e+01, 2.4303e-02, 
 2DIAGNOSTIC,    24, -5.924040623040e-01, 2.881851538700e-05, 1.0093e+01, 2.2033e-02, 
 2DIAGNOSTIC,    25, -5.924855388450e-01, 2.207312408184e-05, 1.0115e+01, 2.1710e-02, 
 2DIAGNOSTIC,    26, -5.926959174906e-01, 2.549932541283e-05, 1.0140e+01, 2.5391e-02, 
 2DIAGNOSTIC,    27, -5.932080470766e-01, 3.694914068262e-05, 1.0173e+01, 3.2782e-02, 
 2DIAGNOSTIC,    28, -5.940204453235e-01, 5.878389621065e-05, 1.0199e+01, 2.6540e-02, 
 2DIAGNOSTIC,    29, -5.942242172729e-01, 7.663457383433e-05, 1.0225e+01, 2.5329e-02, 
 2DIAGNOSTIC,    30, -5.947544951164e-01, 9.569641939305e-05, 1.0247e+01, 2.2226e-02, 
 2DIAGNOSTIC,    31, -5.946199615139e-01, 1.043689223499e-04, 1.0270e+01, 2.3332e-02, 
 2DIAGNOSTIC,    32, -5.945494140897e-01, 1.021725720817e-04, 1.0300e+01, 2.9849e-02, 
 2DIAGNOSTIC,    33, -5.948390337866e-01, 9.458673499255e-05, 1.0331e+01, 3.0571e-02, 
 2DIAGNOSTIC,    34, -5.948458937810e-01, 8.026771832675e-05, 1.0357e+01, 2.6408e-02, 
 2DIAGNOSTIC,    35, -5.948413742519e-01, 6.040641373791e-05, 1.0380e+01, 2.3292e-02, 
 2DIAGNOSTIC,    36, -5.948887783975e-01, 3.954743978422e-05, 1.0407e+01, 2.6313e-02, 
 2DIAGNOSTIC,    37, -5.948918969935e-01, 2.275560219548e-05, 1.0431e+01, 2.3776e-02, 
 2DIAGNOSTIC,    38, -5.948144611707e-01, 1.409730050620e-05, 1.0454e+01, 2.3478e-02, 
 2DIAGNOSTIC,    39, -5.948468894549e-01, 7.367327035240e-06, 1.0476e+01, 2.2196e-02, 
 2DIAGNOSTIC,    40, -5.947780953891e-01, 6.024673430652e-06, 1.0528e+01, 5.1635e-02, 
 2DIAGNOSTIC,    41, -5.947781298779e-01, 2.729692403693e-06, 1.0563e+01, 3.5061e-02, 
DIAGNOSTIC,Iteration,metricValue,convergenceValue,ITERATION_TIME_INDEX,SINCE_LAST
 2DIAGNOSTIC,     1, -5.424688592901e-01, 1.797693134862e+308, 2.0297e+01, 9.7344e+00, 
 2DIAGNOSTIC,     2, -5.432505172555e-01, 1.797693134862e+308, 2.0389e+01, 9.1641e-02, 
 2DIAGNOSTIC,     3, -5.440838136320e-01, 1.797693134862e+308, 2.0480e+01, 9.1092e-02, 
 2DIAGNOSTIC,     4, -5.442957180640e-01, 1.797693134862e+308, 2.0585e+01, 1.0536e-01, 
 2DIAGNOSTIC,     5, -5.446970768768e-01, 1.797693134862e+308, 2.0676e+01, 9.0984e-02, 
 2DIAGNOSTIC,     6, -5.448550485923e-01, 1.797693134862e+308, 2.0783e+01, 1.0662e-01, 
 2DIAGNOSTIC,     7, -5.450088590942e-01, 1.797693134862e+308, 2.0891e+01, 1.0767e-01, 
 2DIAGNOSTIC,     8, -5.450372928500e-01, 1.797693134862e+308, 2.0984e+01, 9.3152e-02, 
 2DIAGNOSTIC,     9, -5.452960727927e-01, 1.797693134862e+308, 2.1077e+01, 9.3282e-02, 
 2DIAGNOSTIC,    10, -5.455344380888e-01, 3.101744911910e-04, 2.1186e+01, 1.0892e-01, 
 2DIAGNOSTIC,    11, -5.458709256998e-01, 2.294067838648e-04, 2.1341e+01, 1.5513e-01, 
 2DIAGNOSTIC,    12, -5.459439637987e-01, 1.780887527510e-04, 2.1434e+01, 9.3070e-02, 
 2DIAGNOSTIC,    13, -5.460273822946e-01, 1.558377317550e-04, 2.1528e+01, 9.3947e-02, 
 2DIAGNOSTIC,    14, -5.461409827223e-01, 1.346514107204e-04, 2.1651e+01, 1.2279e-01, 
 2DIAGNOSTIC,    15, -5.462557289390e-01, 1.218232563499e-04, 2.1759e+01, 1.0759e-01, 
 2DIAGNOSTIC,    16, -5.462414974096e-01, 1.040755747782e-04, 2.1868e+01, 1.0896e-01, 
 2DIAGNOSTIC,    17, -5.462163283480e-01, 8.318418366565e-05, 2.1961e+01, 9.3239e-02, 
 2DIAGNOSTIC,    18, -5.466081416779e-01, 6.931167930112e-05, 2.2054e+01, 9.2831e-02, 
 2DIAGNOSTIC,    19, -5.468904162389e-01, 6.504666405501e-05, 2.2146e+01, 9.2546e-02, 
 2DIAGNOSTIC,    20, -5.474086581263e-01, 7.468058227600e-05, 2.2299e+01, 1.5309e-01, 
 2DIAGNOSTIC,    21, -5.475250683052e-01, 8.771349069464e-05, 2.2409e+01, 1.0942e-01, 
 2DIAGNOSTIC,    22, -5.475124666181e-01, 9.311638742932e-05, 2.2516e+01, 1.0755e-01, 
 2DIAGNOSTIC,    23, -5.475200610977e-01, 9.154557352348e-05, 2.2639e+01, 1.2261e-01, 
 2DIAGNOSTIC,    24, -5.475131175153e-01, 8.374171999789e-05, 2.2746e+01, 1.0739e-01, 
 2DIAGNOSTIC,    25, -5.475133242384e-01, 7.114438646461e-05, 2.2840e+01, 9.3533e-02, 
 2DIAGNOSTIC,    26, -5.475042820473e-01, 5.260698236566e-05, 2.2949e+01, 1.0894e-01, 
 2DIAGNOSTIC,    27, -5.475067432757e-01, 3.017962066875e-05, 2.3056e+01, 1.0754e-01, 
 2DIAGNOSTIC,    28, -5.471017499284e-01, 6.375891590887e-06, 2.3149e+01, 9.2846e-02, 
DIAGNOSTIC,Iteration,metricValue,convergenceValue,ITERATION_TIME_INDEX,SINCE_LAST
 2DIAGNOSTIC,     1, -4.775669776057e-01, 1.797693134862e+308, 3.3285e+01, 1.0136e+01, 
 2DIAGNOSTIC,     2, -4.782382981545e-01, 1.797693134862e+308, 3.3871e+01, 5.8626e-01, 
 2DIAGNOSTIC,     3, -4.789933814506e-01, 1.797693134862e+308, 3.4466e+01, 5.9435e-01, 
 2DIAGNOSTIC,     4, -4.794233139723e-01, 1.797693134862e+308, 3.5054e+01, 5.8781e-01, 
 2DIAGNOSTIC,     5, -4.796033402414e-01, 1.797693134862e+308, 3.5740e+01, 6.8675e-01, 
 2DIAGNOSTIC,     6, -4.796080619458e-01, 1.797693134862e+308, 3.6427e+01, 6.8656e-01, 
 2DIAGNOSTIC,     7, -4.796101786960e-01, 1.797693134862e+308, 3.7114e+01, 6.8756e-01, 
 2DIAGNOSTIC,     8, -4.795815577550e-01, 1.797693134862e+308, 3.7705e+01, 5.9098e-01, 
 2DIAGNOSTIC,     9, -4.795908149982e-01, 1.797693134862e+308, 3.8392e+01, 6.8649e-01, 
 2DIAGNOSTIC,    10, -4.796434643897e-01, 2.261328043998e-04, 3.9083e+01, 6.9081e-01, 
 2DIAGNOSTIC,    11, -4.796454336029e-01, 1.151875375444e-04, 3.9774e+01, 6.9085e-01, 
 2DIAGNOSTIC,    12, -4.796114022012e-01, 4.354369052001e-05, 4.0573e+01, 7.9993e-01, 
 2DIAGNOSTIC,    13, -4.796181875368e-01, 1.363443193880e-05, 4.1270e+01, 6.9625e-01, 
 2DIAGNOSTIC,    14, -4.796058064183e-01, 4.420258995344e-06, 4.2164e+01, 8.9424e-01, 
 2DIAGNOSTIC,    15, -4.796106772466e-01, 3.483881162419e-06, 4.2962e+01, 7.9837e-01, 
 2DIAGNOSTIC,    16, -4.796104346631e-01, 2.685859107426e-06, 4.3661e+01, 6.9863e-01, 
 2DIAGNOSTIC,    17, -4.796025291935e-01, 1.792351160518e-06, 4.4485e+01, 8.2391e-01, 
DIAGNOSTIC,Iteration,metricValue,convergenceValue,ITERATION_TIME_INDEX,SINCE_LAST
 2DIAGNOSTIC,     1, -4.143505259727e-01, 1.797693134862e+308, 5.8577e+01, 1.4092e+01, 
  Elapsed time (stage 0): 6.1939e+01


Stage 1
  iterations = 1000x500x250x0
  convergence threshold = 1.0000e-06
  convergence window size = 10
  number of levels = 4
  using the Mattes MI metric (number of bins = 32, weight = 1.0000e+00)
  preprocessing:  winsorizing the image intensities
  Shrink factors (level 1 out of 4): [12, 12, 12]
  Shrink factors (level 2 out of 4): [8, 8, 8]
  Shrink factors (level 3 out of 4): [4, 4, 4]
  Shrink factors (level 4 out of 4): [2, 2, 2]
  smoothing sigmas per level: [4, 3, 2, 1]
  regular sampling (percentage = 2.5000e-01)

*** Running AffineTransform registration ***

DIAGNOSTIC,Iteration,metricValue,convergenceValue,ITERATION_TIME_INDEX,SINCE_LAST
 2DIAGNOSTIC,     1, -6.051662222087e-01, 1.797693134862e+308, 9.3977e+00, 9.3977e+00, 
 2DIAGNOSTIC,     2, -6.067345701769e-01, 1.797693134862e+308, 9.4178e+00, 2.0091e-02, 
 2DIAGNOSTIC,     3, -6.091657512308e-01, 1.797693134862e+308, 9.4379e+00, 2.0045e-02, 
 2DIAGNOSTIC,     4, -6.122875455243e-01, 1.797693134862e+308, 9.4578e+00, 1.9966e-02, 
 2DIAGNOSTIC,     5, -6.200066409476e-01, 1.797693134862e+308, 9.4781e+00, 2.0268e-02, 
 2DIAGNOSTIC,     6, -6.292210375255e-01, 1.797693134862e+308, 9.4980e+00, 1.9863e-02, 
 2DIAGNOSTIC,     7, -6.397130304208e-01, 1.797693134862e+308, 9.5208e+00, 2.2851e-02, 
 2DIAGNOSTIC,     8, -6.441877541517e-01, 1.797693134862e+308, 9.5437e+00, 2.2863e-02, 
 2DIAGNOSTIC,     9, -6.452385961309e-01, 1.797693134862e+308, 9.5671e+00, 2.3421e-02, 
 2DIAGNOSTIC,    10, -6.471264760205e-01, 5.203139330130e-03, 9.5944e+00, 2.7262e-02, 
 2DIAGNOSTIC,    11, -6.493190139590e-01, 4.606818981036e-03, 9.6145e+00, 2.0137e-02, 
 2DIAGNOSTIC,    12, -6.520416534448e-01, 3.855386342871e-03, 9.6349e+00, 2.0436e-02, 
 2DIAGNOSTIC,    13, -6.540910309500e-01, 3.031150623108e-03, 9.6563e+00, 2.1372e-02, 
 2DIAGNOSTIC,    14, -6.551618361903e-01, 2.189132201579e-03, 9.6894e+00, 3.3093e-02, 
 2DIAGNOSTIC,    15, -6.562645472536e-01, 1.524724863333e-03, 9.7122e+00, 2.2836e-02, 
 2DIAGNOSTIC,    16, -6.562028716117e-01, 1.054603210787e-03, 9.7323e+00, 2.0076e-02, 
 2DIAGNOSTIC,    17, -6.558356534658e-01, 8.072225231410e-04, 9.7583e+00, 2.6026e-02, 
 2DIAGNOSTIC,    18, -6.561634285500e-01, 6.327143320295e-04, 9.7968e+00, 3.8463e-02, 
 2DIAGNOSTIC,    19, -6.559915536029e-01, 4.385873513805e-04, 9.8171e+00, 2.0316e-02, 
 2DIAGNOSTIC,    20, -6.560063251682e-01, 2.656738070325e-04, 9.8410e+00, 2.3928e-02, 
 2DIAGNOSTIC,    21, -6.559945924401e-01, 1.303509341802e-04, 9.8645e+00, 2.3456e-02, 
 2DIAGNOSTIC,    22, -6.559994185205e-01, 4.999474565303e-05, 9.8909e+00, 2.6358e-02, 
 2DIAGNOSTIC,    23, -6.562872549126e-01, 1.677838850420e-05, 9.9151e+00, 2.4267e-02, 
 2DIAGNOSTIC,    24, -6.562842580782e-01, 3.785227166861e-06, 9.9406e+00, 2.5483e-02, 
 2DIAGNOSTIC,    25, -6.562972191604e-01, 1.145435410502e-05, 9.9641e+00, 2.3530e-02, 
 2DIAGNOSTIC,    26, -6.562861557240e-01, 1.660612202634e-05, 9.9883e+00, 2.4117e-02, 
 2DIAGNOSTIC,    27, -6.563035573707e-01, 1.401454906915e-05, 1.0015e+01, 2.6836e-02, 
 2DIAGNOSTIC,    28, -6.563145603716e-01, 1.573034875365e-05, 1.0039e+01, 2.4323e-02, 
 2DIAGNOSTIC,    29, -6.562570016865e-01, 1.243736481529e-05, 1.0066e+01, 2.6432e-02, 
 2DIAGNOSTIC,    30, -6.562916425557e-01, 9.125181659880e-06, 1.0095e+01, 2.8920e-02, 
 2DIAGNOSTIC,    31, -6.563330542401e-01, 5.716232032618e-06, 1.0121e+01, 2.6177e-02, 
DIAGNOSTIC,Iteration,metricValue,convergenceValue,ITERATION_TIME_INDEX,SINCE_LAST
 2DIAGNOSTIC,     1, -5.895379680823e-01, 1.797693134862e+308, 1.9645e+01, 9.5242e+00, 
 2DIAGNOSTIC,     2, -5.899036928474e-01, 1.797693134862e+308, 1.9740e+01, 9.4768e-02, 
 2DIAGNOSTIC,     3, -5.903757068389e-01, 1.797693134862e+308, 1.9835e+01, 9.5425e-02, 
 2DIAGNOSTIC,     4, -5.910055254895e-01, 1.797693134862e+308, 1.9930e+01, 9.4705e-02, 
 2DIAGNOSTIC,     5, -5.917808482016e-01, 1.797693134862e+308, 2.0025e+01, 9.5323e-02, 
 2DIAGNOSTIC,     6, -5.924590157424e-01, 1.797693134862e+308, 2.0120e+01, 9.4904e-02, 
 2DIAGNOSTIC,     7, -5.930424500200e-01, 1.797693134862e+308, 2.0232e+01, 1.1123e-01, 
 2DIAGNOSTIC,     8, -5.936077464417e-01, 1.797693134862e+308, 2.0359e+01, 1.2699e-01, 
 2DIAGNOSTIC,     9, -5.938052679815e-01, 1.797693134862e+308, 2.0547e+01, 1.8862e-01, 
 2DIAGNOSTIC,    10, -5.937462763886e-01, 5.288930688929e-04, 2.0660e+01, 1.1315e-01, 
 2DIAGNOSTIC,    11, -5.937908085869e-01, 4.282109945738e-04, 2.0757e+01, 9.6238e-02, 
 2DIAGNOSTIC,    12, -5.938177550310e-01, 3.216661988456e-04, 2.0852e+01, 9.5612e-02, 
 2DIAGNOSTIC,    13, -5.939644561201e-01, 2.251682333141e-04, 2.0948e+01, 9.5393e-02, 
 2DIAGNOSTIC,    14, -5.941261528348e-01, 1.489394444921e-04, 2.1044e+01, 9.6774e-02, 
 2DIAGNOSTIC,    15, -5.942453381847e-01, 9.793550054731e-05, 2.1156e+01, 1.1205e-01, 
 2DIAGNOSTIC,    16, -5.942806626203e-01, 6.572986008857e-05, 2.1267e+01, 1.1102e-01, 
 2DIAGNOSTIC,    17, -5.943345519035e-01, 4.906501398263e-05, 2.1379e+01, 1.1159e-01, 
 2DIAGNOSTIC,    18, -5.943331293584e-01, 4.470082941056e-05, 2.1522e+01, 1.4280e-01, 
 2DIAGNOSTIC,    19, -5.943156759435e-01, 4.136716689057e-05, 2.1632e+01, 1.0988e-01, 
 2DIAGNOSTIC,    20, -5.943191671379e-01, 3.335117806133e-05, 2.1744e+01, 1.1283e-01, 
 2DIAGNOSTIC,    21, -5.943105689757e-01, 2.400891846787e-05, 2.1841e+01, 9.6414e-02, 
 2DIAGNOSTIC,    22, -5.942796848031e-01, 1.330280834757e-05, 2.1937e+01, 9.5622e-02, 
 2DIAGNOSTIC,    23, -5.942479899538e-01, 4.776485807927e-06, 2.2049e+01, 1.1245e-01, 
DIAGNOSTIC,Iteration,metricValue,convergenceValue,ITERATION_TIME_INDEX,SINCE_LAST
 2DIAGNOSTIC,     1, -5.230032728450e-01, 1.797693134862e+308, 3.2324e+01, 1.0275e+01, 
 2DIAGNOSTIC,     2, -5.233122055153e-01, 1.797693134862e+308, 3.2926e+01, 6.0191e-01, 
 2DIAGNOSTIC,     3, -5.236436587451e-01, 1.797693134862e+308, 3.3531e+01, 6.0495e-01, 
 2DIAGNOSTIC,     4, -5.239576898606e-01, 1.797693134862e+308, 3.4150e+01, 6.1900e-01, 
 2DIAGNOSTIC,     5, -5.243798910974e-01, 1.797693134862e+308, 3.4775e+01, 6.2577e-01, 
 2DIAGNOSTIC,     6, -5.247731193237e-01, 1.797693134862e+308, 3.5392e+01, 6.1633e-01, 
 2DIAGNOSTIC,     7, -5.250712023613e-01, 1.797693134862e+308, 3.6363e+01, 9.7140e-01, 
 2DIAGNOSTIC,     8, -5.251745875916e-01, 1.797693134862e+308, 3.7153e+01, 7.9000e-01, 
 2DIAGNOSTIC,     9, -5.251778956849e-01, 1.797693134862e+308, 3.7948e+01, 7.9501e-01, 
 2DIAGNOSTIC,    10, -5.251785887979e-01, 2.993819374527e-04, 3.8646e+01, 6.9769e-01, 
 2DIAGNOSTIC,    11, -5.251673198529e-01, 2.232632272858e-04, 3.9341e+01, 6.9533e-01, 
 2DIAGNOSTIC,    12, -5.251580111255e-01, 1.533790483721e-04, 4.0126e+01, 7.8529e-01, 
 2DIAGNOSTIC,    13, -5.251573351607e-01, 9.442731456825e-05, 4.0829e+01, 7.0233e-01, 
 2DIAGNOSTIC,    14, -5.251567281522e-01, 4.755677067404e-05, 4.1435e+01, 6.0676e-01, 
 2DIAGNOSTIC,    15, -5.251550065489e-01, 1.777298387966e-05, 4.2128e+01, 6.9243e-01, 
 2DIAGNOSTIC,    16, -5.251624899251e-01, 3.610347716537e-06, 4.2924e+01, 7.9640e-01, 
DIAGNOSTIC,Iteration,metricValue,convergenceValue,ITERATION_TIME_INDEX,SINCE_LAST
 2DIAGNOSTIC,     1, -4.525017029364e-01, 1.797693134862e+308, 5.7996e+01, 1.5072e+01, 
  Elapsed time (stage 1): 6.1030e+01


Stage 2
  iterations = 100x100x70x50x0
  convergence threshold = 1.0000e-06
  convergence window size = 10
  number of levels = 5
  using the Mattes MI metric (number of bins = 32, weight = 1.0000e+00)
  preprocessing:  winsorizing the image intensities
  Shrink factors (level 1 out of 5): [10, 10, 10]
  Shrink factors (level 2 out of 5): [6, 6, 6]
  Shrink factors (level 3 out of 5): [4, 4, 4]
  Shrink factors (level 4 out of 5): [2, 2, 2]
  Shrink factors (level 5 out of 5): [1, 1, 1]
  smoothing sigmas per level: [5, 3, 2, 1, 0]
  Using default NONE metricSamplingStrategy 

*** Running SyN registration (varianceForUpdateField = 3.0000e+00, varianceForTotalField = 0.0000e+00) ***

XXDIAGNOSTIC,Iteration,metricValue,convergenceValue,ITERATION_TIME_INDEX,SINCE_LAST
 1DIAGNOSTIC,     1, -6.106770854019e-01, 1.797693134862e+308, 9.4979e+00, 9.4979e+00, 
 1DIAGNOSTIC,     2, -6.253791007878e-01, 1.797693134862e+308, 9.7564e+00, 2.5851e-01, 
 1DIAGNOSTIC,     3, -6.388460493710e-01, 1.797693134862e+308, 1.0012e+01, 2.5515e-01, 
 1DIAGNOSTIC,     4, -6.489121790098e-01, 1.797693134862e+308, 1.0268e+01, 2.5656e-01, 
 1DIAGNOSTIC,     5, -6.577630065755e-01, 1.797693134862e+308, 1.0528e+01, 2.5991e-01, 
 1DIAGNOSTIC,     6, -6.668048167454e-01, 1.797693134862e+308, 1.0792e+01, 2.6373e-01, 
 1DIAGNOSTIC,     7, -6.728868751282e-01, 1.797693134862e+308, 1.1056e+01, 2.6464e-01, 
 1DIAGNOSTIC,     8, -6.799827931286e-01, 1.797693134862e+308, 1.1327e+01, 2.7087e-01, 
 1DIAGNOSTIC,     9, -6.839867196126e-01, 1.797693134862e+308, 1.1599e+01, 2.7153e-01, 
 1DIAGNOSTIC,    10, -6.884981788971e-01, 7.378514964045e-03, 1.1872e+01, 2.7351e-01, 
 1DIAGNOSTIC,    11, -6.918522861937e-01, 5.708317906070e-03, 1.2145e+01, 2.7276e-01, 
 1DIAGNOSTIC,    12, -6.948715283289e-01, 4.440960512273e-03, 1.2419e+01, 2.7419e-01, 
 1DIAGNOSTIC,    13, -6.978066564925e-01, 3.509814563870e-03, 1.2693e+01, 2.7385e-01, 
 1DIAGNOSTIC,    14, -7.006531730583e-01, 2.786936562140e-03, 1.2968e+01, 2.7439e-01, 
 1DIAGNOSTIC,    15, -7.019981687737e-01, 2.194291552007e-03, 1.3242e+01, 2.7436e-01, 
 1DIAGNOSTIC,    16, -7.056082325007e-01, 1.810290534259e-03, 1.3518e+01, 2.7620e-01, 
 1DIAGNOSTIC,    17, -7.069970585905e-01, 1.487558695607e-03, 1.3793e+01, 2.7442e-01, 
 1DIAGNOSTIC,    18, -7.099092146242e-01, 1.297414230203e-03, 1.4067e+01, 2.7419e-01, 
 1DIAGNOSTIC,    19, -7.097713211904e-01, 1.091233099441e-03, 1.4341e+01, 2.7406e-01, 
 1DIAGNOSTIC,    20, -7.122850973261e-01, 9.522195220218e-04, 1.4616e+01, 2.7499e-01, 
 1DIAGNOSTIC,    21, -7.124807018796e-01, 8.071098395556e-04, 1.4891e+01, 2.7550e-01, 
 1DIAGNOSTIC,    22, -7.152699812191e-01, 7.093877297986e-04, 1.5165e+01, 2.7402e-01, 
 1DIAGNOSTIC,    23, -7.150508661958e-01, 6.017231163504e-04, 1.5441e+01, 2.7561e-01, 
 1DIAGNOSTIC,    24, -7.175660763474e-01, 5.406280897659e-04, 1.5716e+01, 2.7471e-01, 
 1DIAGNOSTIC,    25, -7.179485279689e-01, 4.608169829438e-04, 1.5993e+01, 2.7734e-01, 
 1DIAGNOSTIC,    26, -7.197933837259e-01, 4.305929331619e-04, 1.6268e+01, 2.7510e-01, 
 1DIAGNOSTIC,    27, -7.196000834661e-01, 3.790835126141e-04, 1.6545e+01, 2.7703e-01, 
 1DIAGNOSTIC,    28, -7.212847331889e-01, 3.641418701758e-04, 1.6821e+01, 2.7638e-01, 
 1DIAGNOSTIC,    29, -7.217427901120e-01, 3.193327034904e-04, 1.7096e+01, 2.7465e-01, 
 1DIAGNOSTIC,    30, -7.228430736474e-01, 2.970633520719e-04, 1.7372e+01, 2.7548e-01, 
 1DIAGNOSTIC,    31, -7.222823440341e-01, 2.425464844928e-04, 1.7646e+01, 2.7460e-01, 
 1DIAGNOSTIC,    32, -7.238198567022e-01, 2.249007104308e-04, 1.7924e+01, 2.7772e-01, 
 1DIAGNOSTIC,    33, -7.237237124615e-01, 1.820252387741e-04, 1.8198e+01, 2.7443e-01, 
 1DIAGNOSTIC,    34, -7.246495587299e-01, 1.659175728123e-04, 1.8474e+01, 2.7616e-01, 
 1DIAGNOSTIC,    35, -7.252522296124e-01, 1.460133376821e-04, 1.8751e+01, 2.7686e-01, 
 1DIAGNOSTIC,    36, -7.258188979290e-01, 1.410278163087e-04, 1.9027e+01, 2.7594e-01, 
 1DIAGNOSTIC,    37, -7.255847016638e-01, 1.178414782787e-04, 1.9302e+01, 2.7433e-01, 
 1DIAGNOSTIC,    38, -7.267997291765e-01, 1.158575690133e-04, 1.9579e+01, 2.7710e-01, 
 1DIAGNOSTIC,    39, -7.262460772751e-01, 1.014235910773e-04, 1.9856e+01, 2.7691e-01, 
 1DIAGNOSTIC,    40, -7.273505857687e-01, 1.009427649929e-04, 2.0131e+01, 2.7553e-01, 
 1DIAGNOSTIC,    41, -7.263952660478e-01, 7.537772192245e-05, 2.0407e+01, 2.7618e-01, 
 1DIAGNOSTIC,    42, -7.281009966480e-01, 7.571204035426e-05, 2.0683e+01, 2.7593e-01, 
 1DIAGNOSTIC,    43, -7.277909695822e-01, 6.440218376658e-05, 2.0961e+01, 2.7744e-01, 
 1DIAGNOSTIC,    44, -7.287398651798e-01, 6.476036072700e-05, 2.1236e+01, 2.7569e-01, 
 1DIAGNOSTIC,    45, -7.281501825705e-01, 5.896559139876e-05, 2.1514e+01, 2.7729e-01, 
 1DIAGNOSTIC,    46, -7.295779551942e-01, 6.571084223371e-05, 2.1791e+01, 2.7741e-01, 
 1DIAGNOSTIC,    47, -7.291523043085e-01, 5.959744766866e-05, 2.2068e+01, 2.7660e-01, 
 1DIAGNOSTIC,    48, -7.303927667407e-01, 6.895331466303e-05, 2.2346e+01, 2.7817e-01, 
 1DIAGNOSTIC,    49, -7.300947854561e-01, 6.401028275910e-05, 2.2623e+01, 2.7737e-01, 
 1DIAGNOSTIC,    50, -7.310677969319e-01, 7.040083957736e-05, 2.2900e+01, 2.7689e-01, 
 1DIAGNOSTIC,    51, -7.305090607087e-01, 5.737598310690e-05, 2.3176e+01, 2.7617e-01, 
 1DIAGNOSTIC,    52, -7.319485825319e-01, 6.396044793571e-05, 2.3454e+01, 2.7767e-01, 
 1DIAGNOSTIC,    53, -7.319298470165e-01, 6.126034337954e-05, 2.3730e+01, 2.7599e-01, 
 1DIAGNOSTIC,    54, -7.329743160212e-01, 6.789474877875e-05, 2.4008e+01, 2.7845e-01, 
 1DIAGNOSTIC,    55, -7.328156108374e-01, 6.203412656748e-05, 2.4284e+01, 2.7576e-01, 
 1DIAGNOSTIC,    56, -7.337356662238e-01, 6.756986725940e-05, 2.4562e+01, 2.7774e-01, 
 1DIAGNOSTIC,    57, -7.337210459250e-01, 6.298125938542e-05, 2.4842e+01, 2.8014e-01, 
 1DIAGNOSTIC,    58, -7.343321085674e-01, 6.541083964359e-05, 2.5119e+01, 2.7659e-01, 
 1DIAGNOSTIC,    59, -7.337579604500e-01, 5.540405410216e-05, 2.5396e+01, 2.7701e-01, 
 1DIAGNOSTIC,    60, -7.349636373166e-01, 5.532780846022e-05, 2.5673e+01, 2.7776e-01, 
 1DIAGNOSTIC,    61, -7.345036957720e-01, 4.285202621516e-05, 2.5952e+01, 2.7831e-01, 
 1DIAGNOSTIC,    62, -7.357661233371e-01, 4.427169194163e-05, 2.6228e+01, 2.7583e-01, 
 1DIAGNOSTIC,    63, -7.354085178281e-01, 3.875546633158e-05, 2.6505e+01, 2.7763e-01, 
 1DIAGNOSTIC,    64, -7.363550854787e-01, 4.237096111776e-05, 2.6782e+01, 2.7669e-01, 
 1DIAGNOSTIC,    65, -7.354076484591e-01, 3.479012158304e-05, 2.7059e+01, 2.7746e-01, 
 1DIAGNOSTIC,    66, -7.367864929768e-01, 3.820166488633e-05, 2.7336e+01, 2.7708e-01, 
 1DIAGNOSTIC,    67, -7.360164639140e-01, 3.286614001431e-05, 2.7612e+01, 2.7561e-01, 
 1DIAGNOSTIC,    68, -7.370086909436e-01, 3.421870594848e-05, 2.7889e+01, 2.7669e-01, 
 1DIAGNOSTIC,    69, -7.358658722623e-01, 2.211601026675e-05, 2.8167e+01, 2.7796e-01, 
 1DIAGNOSTIC,    70, -7.369939040227e-01, 2.189465692110e-05, 2.8444e+01, 2.7738e-01, 
 1DIAGNOSTIC,    71, -7.359305297652e-01, 1.068370184549e-05, 2.8720e+01, 2.7625e-01, 
 1DIAGNOSTIC,    72, -7.366932613543e-01, 1.018173332646e-05, 2.8997e+01, 2.7686e-01, 
 1DIAGNOSTIC,    73, -7.359529710218e-01, 2.554227364841e-06, 2.9273e+01, 2.7550e-01, 
 1DIAGNOSTIC,    74, -7.365136362803e-01, 3.321263969189e-06, 2.9550e+01, 2.7708e-01, 
 1DIAGNOSTIC,    75, -7.362538636626e-01, -2.895126406964e-06, 2.9826e+01, 2.7669e-01, 
XXDIAGNOSTIC,Iteration,metricValue,convergenceValue,ITERATION_TIME_INDEX,SINCE_LAST
 1DIAGNOSTIC,     1, -6.306641142150e-01, 1.797693134862e+308, 4.0307e+01, 1.0481e+01, 
 1DIAGNOSTIC,     2, -6.327908418232e-01, 1.797693134862e+308, 4.1464e+01, 1.1567e+00, 
 1DIAGNOSTIC,     3, -6.358345909182e-01, 1.797693134862e+308, 4.2626e+01, 1.1625e+00, 
 1DIAGNOSTIC,     4, -6.385358157708e-01, 1.797693134862e+308, 4.3784e+01, 1.1576e+00, 
 1DIAGNOSTIC,     5, -6.412446457781e-01, 1.797693134862e+308, 4.4914e+01, 1.1300e+00, 
 1DIAGNOSTIC,     6, -6.435604349775e-01, 1.797693134862e+308, 4.6046e+01, 1.1319e+00, 
 1DIAGNOSTIC,     7, -6.454347980763e-01, 1.797693134862e+308, 4.7200e+01, 1.1541e+00, 
 1DIAGNOSTIC,     8, -6.472521713827e-01, 1.797693134862e+308, 4.8305e+01, 1.1051e+00, 
 1DIAGNOSTIC,     9, -6.489320073544e-01, 1.797693134862e+308, 4.9410e+01, 1.1052e+00, 
 1DIAGNOSTIC,    10, -6.504705838518e-01, 2.020308558019e-03, 5.0514e+01, 1.1038e+00, 
 1DIAGNOSTIC,    11, -6.518978439954e-01, 1.704416185936e-03, 5.1620e+01, 1.1057e+00, 
 1DIAGNOSTIC,    12, -6.529717917372e-01, 1.405229258358e-03, 5.2717e+01, 1.0978e+00, 
 1DIAGNOSTIC,    13, -6.545141743134e-01, 1.180335982678e-03, 5.3870e+01, 1.1530e+00, 
 1DIAGNOSTIC,    14, -6.551569493936e-01, 9.842408584338e-04, 5.4981e+01, 1.1110e+00, 
 1DIAGNOSTIC,    15, -6.563629597388e-01, 8.389093955589e-04, 5.6118e+01, 1.1366e+00, 
 1DIAGNOSTIC,    16, -6.571823815008e-01, 7.203754400685e-04, 5.7246e+01, 1.1283e+00, 
 1DIAGNOSTIC,    17, -6.580193546678e-01, 6.190510145909e-04, 5.8383e+01, 1.1363e+00, 
 1DIAGNOSTIC,    18, -6.585763702682e-01, 5.292495032367e-04, 5.9514e+01, 1.1317e+00, 
 1DIAGNOSTIC,    19, -6.591653486565e-01, 4.520089844437e-04, 6.0669e+01, 1.1550e+00, 
 1DIAGNOSTIC,    20, -6.592775011054e-01, 3.764013887559e-04, 6.1801e+01, 1.1319e+00, 
 1DIAGNOSTIC,    21, -6.600104080748e-01, 3.180049808723e-04, 6.2905e+01, 1.1035e+00, 
 1DIAGNOSTIC,    22, -6.598534364517e-01, 2.527872458257e-04, 6.4013e+01, 1.1087e+00, 
 1DIAGNOSTIC,    23, -6.604574526345e-01, 2.107875261101e-04, 6.5149e+01, 1.1356e+00, 
 1DIAGNOSTIC,    24, -6.606102492788e-01, 1.666410958701e-04, 6.6276e+01, 1.1266e+00, 
 1DIAGNOSTIC,    25, -6.610357884897e-01, 1.388559737995e-04, 6.7400e+01, 1.1243e+00, 
 1DIAGNOSTIC,    26, -6.606917375749e-01, 1.079443862324e-04, 6.8536e+01, 1.1360e+00, 
 1DIAGNOSTIC,    27, -6.614462729775e-01, 9.513139134053e-05, 6.9676e+01, 1.1399e+00, 
 1DIAGNOSTIC,    28, -6.614310640901e-01, 8.231596513943e-05, 7.0810e+01, 1.1341e+00, 
 1DIAGNOSTIC,    29, -6.618685724536e-01, 7.815614388517e-05, 7.1945e+01, 1.1349e+00, 
 1DIAGNOSTIC,    30, -6.615531822717e-01, 6.375931556363e-05, 7.3076e+01, 1.1310e+00, 
 1DIAGNOSTIC,    31, -6.625522030201e-01, 6.909428251567e-05, 7.4200e+01, 1.1239e+00, 
 1DIAGNOSTIC,    32, -6.615644725336e-01, 5.147727573795e-05, 7.5362e+01, 1.1626e+00, 
 1DIAGNOSTIC,    33, -6.626494777617e-01, 5.274757333920e-05, 7.6470e+01, 1.1079e+00, 
 1DIAGNOSTIC,    34, -6.619578812980e-01, 4.167351630269e-05, 7.7602e+01, 1.1318e+00, 
 1DIAGNOSTIC,    35, -6.628437018821e-01, 4.408513138970e-05, 7.8739e+01, 1.1366e+00, 
 1DIAGNOSTIC,    36, -6.627704772493e-01, 3.671045556493e-05, 7.9872e+01, 1.1331e+00, 
 1DIAGNOSTIC,    37, -6.628497489191e-01, 3.624195687031e-05, 8.1054e+01, 1.1826e+00, 
 1DIAGNOSTIC,    38, -6.625118947169e-01, 2.839071843102e-05, 8.2185e+01, 1.1306e+00, 
 1DIAGNOSTIC,    39, -6.629648316665e-01, 2.843448171459e-05, 8.3319e+01, 1.1337e+00, 
 1DIAGNOSTIC,    40, -6.619820258120e-01, 1.121956580937e-05, 8.4449e+01, 1.1308e+00, 
 1DIAGNOSTIC,    41, -6.628412219823e-01, 1.410054121968e-05, 8.5580e+01, 1.1306e+00, 
 1DIAGNOSTIC,    42, -6.623729276253e-01, -1.126327671755e-08, 8.6717e+01, 1.1366e+00, 
XXDIAGNOSTIC,Iteration,metricValue,convergenceValue,ITERATION_TIME_INDEX,SINCE_LAST
 1DIAGNOSTIC,     1, -6.122167421415e-01, 1.797693134862e+308, 9.9914e+01, 1.3197e+01, 
 1DIAGNOSTIC,     2, -6.133222944715e-01, 1.797693134862e+308, 1.0324e+02, 3.3274e+00, 
 1DIAGNOSTIC,     3, -6.144499746738e-01, 1.797693134862e+308, 1.0669e+02, 3.4441e+00, 
 1DIAGNOSTIC,     4, -6.155158137702e-01, 1.797693134862e+308, 1.1010e+02, 3.4166e+00, 
 1DIAGNOSTIC,     5, -6.164043247594e-01, 1.797693134862e+308, 1.1353e+02, 3.4238e+00, 
 1DIAGNOSTIC,     6, -6.172213822581e-01, 1.797693134862e+308, 1.1693e+02, 3.4020e+00, 
 1DIAGNOSTIC,     7, -6.178730829471e-01, 1.797693134862e+308, 1.2035e+02, 3.4254e+00, 
 1DIAGNOSTIC,     8, -6.184271305708e-01, 1.797693134862e+308, 1.2385e+02, 3.4938e+00, 
 1DIAGNOSTIC,     9, -6.189185395974e-01, 1.797693134862e+308, 1.2726e+02, 3.4160e+00, 
 1DIAGNOSTIC,    10, -6.194102406733e-01, 7.460252638781e-04, 1.3074e+02, 3.4742e+00, 
 1DIAGNOSTIC,    11, -6.198227677759e-01, 6.009656462233e-04, 1.3418e+02, 3.4464e+00, 
 1DIAGNOSTIC,    12, -6.203035917603e-01, 4.867306411533e-04, 1.3763e+02, 3.4429e+00, 
 1DIAGNOSTIC,    13, -6.206772997075e-01, 3.988855421260e-04, 1.4103e+02, 3.4079e+00, 
 1DIAGNOSTIC,    14, -6.211521593524e-01, 3.377860748711e-04, 1.4449e+02, 3.4522e+00, 
 1DIAGNOSTIC,    15, -6.214012518991e-01, 2.885444062881e-04, 1.4792e+02, 3.4316e+00, 
 1DIAGNOSTIC,    16, -6.218456876150e-01, 2.551963502624e-04, 1.5138e+02, 3.4634e+00, 
 1DIAGNOSTIC,    17, -6.220670651759e-01, 2.256906462596e-04, 1.5482e+02, 3.4336e+00, 
 1DIAGNOSTIC,    18, -6.223740501921e-01, 2.005777544936e-04, 1.5827e+02, 3.4518e+00, 
 1DIAGNOSTIC,    19, -6.225150422209e-01, 1.747405407358e-04, 1.6169e+02, 3.4203e+00, 
 1DIAGNOSTIC,    20, -6.228459847008e-01, 1.542099948675e-04, 1.6515e+02, 3.4581e+00, 
 1DIAGNOSTIC,    21, -6.229653959133e-01, 1.327640864571e-04, 1.6858e+02, 3.4332e+00, 
 1DIAGNOSTIC,    22, -6.232922986369e-01, 1.177785926479e-04, 1.7207e+02, 3.4964e+00, 
 1DIAGNOSTIC,    23, -6.233635792336e-01, 1.018514440643e-04, 1.7550e+02, 3.4229e+00, 
 1DIAGNOSTIC,    24, -6.235869532813e-01, 9.120411881858e-05, 1.7896e+02, 3.4668e+00, 
 1DIAGNOSTIC,    25, -6.235862578543e-01, 7.731572774802e-05, 1.8240e+02, 3.4325e+00, 
 1DIAGNOSTIC,    26, -6.239397172301e-01, 7.140168376036e-05, 1.8589e+02, 3.4916e+00, 
 1DIAGNOSTIC,    27, -6.239896710599e-01, 6.368123934317e-05, 1.8930e+02, 3.4125e+00, 
 1DIAGNOSTIC,    28, -6.242481501899e-01, 5.989815060600e-05, 1.9276e+02, 3.4608e+00, 
 1DIAGNOSTIC,    29, -6.242111646136e-01, 5.234998497537e-05, 1.9619e+02, 3.4278e+00, 
 1DIAGNOSTIC,    30, -6.244621799260e-01, 4.941600716983e-05, 1.9965e+02, 3.4645e+00, 
 1DIAGNOSTIC,    31, -6.244060561693e-01, 4.281851409618e-05, 2.0310e+02, 3.4434e+00, 
 1DIAGNOSTIC,    32, -6.246311573853e-01, 4.059550002600e-05, 2.0654e+02, 3.4396e+00, 
 1DIAGNOSTIC,    33, -6.245476821294e-01, 3.447202765576e-05, 2.0995e+02, 3.4157e+00, 
 1DIAGNOSTIC,    34, -6.248246831603e-01, 3.237285197921e-05, 2.1339e+02, 3.4380e+00, 
 1DIAGNOSTIC,    35, -6.247661456273e-01, 2.644489918689e-05, 2.1683e+02, 3.4397e+00, 
 1DIAGNOSTIC,    36, -6.250081611547e-01, 2.603697477632e-05, 2.2029e+02, 3.4597e+00, 
 1DIAGNOSTIC,    37, -6.250903634869e-01, 2.476644777792e-05, 2.2370e+02, 3.4119e+00, 
 1DIAGNOSTIC,    38, -6.253364302344e-01, 2.738673186339e-05, 2.2717e+02, 3.4638e+00, 
 1DIAGNOSTIC,    39, -6.253155262116e-01, 2.654118591099e-05, 2.3059e+02, 3.4254e+00, 
 1DIAGNOSTIC,    40, -6.255015524108e-01, 2.835940129300e-05, 2.3408e+02, 3.4857e+00, 
 1DIAGNOSTIC,    41, -6.254492111312e-01, 2.615284122162e-05, 2.3749e+02, 3.4170e+00, 
 1DIAGNOSTIC,    42, -6.256288583000e-01, 2.608782221106e-05, 2.4096e+02, 3.4612e+00, 
 1DIAGNOSTIC,    43, -6.256395793564e-01, 2.270771197141e-05, 2.4442e+02, 3.4660e+00, 
 1DIAGNOSTIC,    44, -6.258189798336e-01, 2.218110649880e-05, 2.4793e+02, 3.5054e+00, 
 1DIAGNOSTIC,    45, -6.259990825526e-01, 2.079066446631e-05, 2.5136e+02, 3.4290e+00, 
 1DIAGNOSTIC,    46, -6.260542782642e-01, 2.046108176573e-05, 2.5483e+02, 3.4785e+00, 
 1DIAGNOSTIC,    47, -6.262055225283e-01, 2.048673951136e-05, 2.5825e+02, 3.4148e+00, 
 1DIAGNOSTIC,    48, -6.261784550819e-01, 2.069566190314e-05, 2.6171e+02, 3.4617e+00, 
 1DIAGNOSTIC,    49, -6.263788226634e-01, 2.061862659831e-05, 2.6512e+02, 3.4104e+00, 
 1DIAGNOSTIC,    50, -6.263260600299e-01, 1.981446769990e-05, 2.6857e+02, 3.4439e+00, 
 1DIAGNOSTIC,    51, -6.265045008205e-01, 1.832491635475e-05, 2.7199e+02, 3.4207e+00, 
 1DIAGNOSTIC,    52, -6.265111050201e-01, 1.682734997914e-05, 2.7545e+02, 3.4634e+00, 
 1DIAGNOSTIC,    53, -6.267233562161e-01, 1.573498200176e-05, 2.7887e+02, 3.4176e+00, 
 1DIAGNOSTIC,    54, -6.267536148698e-01, 1.493334057622e-05, 2.8233e+02, 3.4607e+00, 
 1DIAGNOSTIC,    55, -6.268710167680e-01, 1.526077071625e-05, 2.8575e+02, 3.4239e+00, 
 1DIAGNOSTIC,    56, -6.269057476456e-01, 1.486834476703e-05, 2.8924e+02, 3.4865e+00, 
 1DIAGNOSTIC,    57, -6.271906951194e-01, 1.661997141604e-05, 2.9267e+02, 3.4327e+00, 
 1DIAGNOSTIC,    58, -6.271496168824e-01, 1.612914525680e-05, 2.9613e+02, 3.4553e+00, 
 1DIAGNOSTIC,    59, -6.274411952675e-01, 1.801547225872e-05, 2.9953e+02, 3.4020e+00, 
 1DIAGNOSTIC,    60, -6.274079219004e-01, 1.744348298741e-05, 3.0297e+02, 3.4432e+00, 
 1DIAGNOSTIC,    61, -6.275570603068e-01, 1.774615762334e-05, 3.0639e+02, 3.4182e+00, 
 1DIAGNOSTIC,    62, -6.275260468933e-01, 1.613986813019e-05, 3.0984e+02, 3.4503e+00, 
 1DIAGNOSTIC,    63, -6.275892061583e-01, 1.508678389562e-05, 3.1325e+02, 3.4134e+00, 
 1DIAGNOSTIC,    64, -6.275714859088e-01, 1.273342190927e-05, 3.1670e+02, 3.4493e+00, 
 1DIAGNOSTIC,    65, -6.277881855053e-01, 1.162747545140e-05, 3.2014e+02, 3.4343e+00, 
 1DIAGNOSTIC,    66, -6.277068122317e-01, 9.080836735773e-06, 3.2362e+02, 3.4796e+00, 
 1DIAGNOSTIC,    67, -6.278161723231e-01, 8.522210531794e-06, 3.2704e+02, 3.4212e+00, 
 1DIAGNOSTIC,    68, -6.277224133062e-01, 6.249285393632e-06, 3.3051e+02, 3.4691e+00, 
 1DIAGNOSTIC,    69, -6.278735624569e-01, 6.436333996562e-06, 3.3394e+02, 3.4287e+00, 
 1DIAGNOSTIC,    70, -6.278892244255e-01, 5.858798056826e-06, 3.3740e+02, 3.4641e+00, 
XXDIAGNOSTIC,Iteration,metricValue,convergenceValue,ITERATION_TIME_INDEX,SINCE_LAST
 1DIAGNOSTIC,     1, -5.569245430711e-01, 1.797693134862e+308, 3.7744e+02, 4.0044e+01, 
 1DIAGNOSTIC,     2, -5.577055063007e-01, 1.797693134862e+308, 4.0439e+02, 2.6943e+01, 
 1DIAGNOSTIC,     3, -5.586190933235e-01, 1.797693134862e+308, 4.3121e+02, 2.6820e+01, 
 1DIAGNOSTIC,     4, -5.595191260670e-01, 1.797693134862e+308, 4.5769e+02, 2.6485e+01, 
 1DIAGNOSTIC,     5, -5.603905304656e-01, 1.797693134862e+308, 4.8374e+02, 2.6053e+01, 
 1DIAGNOSTIC,     6, -5.611867280151e-01, 1.797693134862e+308, 5.1041e+02, 2.6661e+01, 
 1DIAGNOSTIC,     7, -5.619586537663e-01, 1.797693134862e+308, 5.3628e+02, 2.5871e+01, 
 1DIAGNOSTIC,     8, -5.626374008814e-01, 1.797693134862e+308, 5.6297e+02, 2.6693e+01, 
 1DIAGNOSTIC,     9, -5.633297210393e-01, 1.797693134862e+308, 5.8978e+02, 2.6812e+01, 
 1DIAGNOSTIC,    10, -5.639887564367e-01, 8.178151127490e-04, 6.1649e+02, 2.6707e+01, 
 1DIAGNOSTIC,    11, -5.646104707369e-01, 7.143724147493e-04, 6.4245e+02, 2.5959e+01, 
 1DIAGNOSTIC,    12, -5.651466764266e-01, 6.192720223419e-04, 6.6897e+02, 2.6520e+01, 
 1DIAGNOSTIC,    13, -5.657404257829e-01, 5.412422092586e-04, 6.9563e+02, 2.6660e+01, 
 1DIAGNOSTIC,    14, -5.662543026240e-01, 4.758493518586e-04, 7.2248e+02, 2.6854e+01, 
 1DIAGNOSTIC,    15, -5.666673785392e-01, 4.187039046472e-04, 7.4934e+02, 2.6855e+01, 
 1DIAGNOSTIC,    16, -5.671345110232e-01, 3.700115375401e-04, 7.7600e+02, 2.6668e+01, 
 1DIAGNOSTIC,    17, -5.675295158642e-01, 3.274572559834e-04, 8.0268e+02, 2.6673e+01, 
 1DIAGNOSTIC,    18, -5.679268321205e-01, 2.893516774423e-04, 8.2929e+02, 2.6612e+01, 
 1DIAGNOSTIC,    19, -5.683521219007e-01, 2.579387099169e-04, 8.5606e+02, 2.6767e+01, 
 1DIAGNOSTIC,    20, -5.687089968497e-01, 2.311593848857e-04, 8.8266e+02, 2.6602e+01, 
 1DIAGNOSTIC,    21, -5.691335074841e-01, 2.104508630222e-04, 9.0940e+02, 2.6738e+01, 
 1DIAGNOSTIC,    22, -5.694371453949e-01, 1.910257392609e-04, 9.3608e+02, 2.6687e+01, 
 1DIAGNOSTIC,    23, -5.698316019046e-01, 1.769916458851e-04, 9.6282e+02, 2.6740e+01, 
 1DIAGNOSTIC,    24, -5.701143446950e-01, 1.641661786231e-04, 9.8961e+02, 2.6786e+01, 
 1DIAGNOSTIC,    25, -5.704277935651e-01, 1.515125842546e-04, 1.0163e+03, 2.6688e+01, 
 1DIAGNOSTIC,    26, -5.706921890309e-01, 1.397019909120e-04, 1.0431e+03, 2.6765e+01, 
 1DIAGNOSTIC,    27, -5.709661693029e-01, 1.280441726774e-04, 1.0697e+03, 2.6665e+01, 
 1DIAGNOSTIC,    28, -5.711672237221e-01, 1.158353203853e-04, 1.0964e+03, 2.6672e+01, 
 1DIAGNOSTIC,    29, -5.714463548438e-01, 1.057494937965e-04, 1.1230e+03, 2.6628e+01, 
 1DIAGNOSTIC,    30, -5.716062509334e-01, 9.492455016318e-05, 1.1497e+03, 2.6672e+01, 
 1DIAGNOSTIC,    31, -5.719148505867e-01, 8.772944189085e-05, 1.1763e+03, 2.6625e+01, 
 1DIAGNOSTIC,    32, -5.720665690021e-01, 7.973584547468e-05, 1.2032e+03, 2.6837e+01, 
 1DIAGNOSTIC,    33, -5.722718384768e-01, 7.382889287357e-05, 1.2300e+03, 2.6830e+01, 
 1DIAGNOSTIC,    34, -5.724617825075e-01, 6.823516709122e-05, 1.2569e+03, 2.6916e+01, 
 1DIAGNOSTIC,    35, -5.727060795550e-01, 6.446920920086e-05, 1.2837e+03, 2.6769e+01, 
 1DIAGNOSTIC,    36, -5.728107455560e-01, 5.989079535997e-05, 1.3109e+03, 2.7228e+01, 
 1DIAGNOSTIC,    37, -5.730372110773e-01, 5.670874792687e-05, 1.3374e+03, 2.6502e+01, 
 1DIAGNOSTIC,    38, -5.732034892723e-01, 5.312827147384e-05, 1.3640e+03, 2.6577e+01, 
 1DIAGNOSTIC,    39, -5.733801239442e-01, 5.055736335288e-05, 1.3905e+03, 2.6477e+01, 
 1DIAGNOSTIC,    40, -5.735050206383e-01, 4.683542014194e-05, 1.4170e+03, 2.6502e+01, 
 1DIAGNOSTIC,    41, -5.736591978773e-01, 4.454168269567e-05, 1.4435e+03, 2.6552e+01, 
 1DIAGNOSTIC,    42, -5.737830132663e-01, 4.141027055109e-05, 1.4701e+03, 2.6545e+01, 
 1DIAGNOSTIC,    43, -5.739461848413e-01, 3.877456780862e-05, 1.4966e+03, 2.6579e+01, 
 1DIAGNOSTIC,    44, -5.740056099276e-01, 3.538306206735e-05, 1.5231e+03, 2.6441e+01, 
 1DIAGNOSTIC,    45, -5.741958944769e-01, 3.367445873681e-05, 1.5495e+03, 2.6434e+01, 
 1DIAGNOSTIC,    46, -5.742453491575e-01, 3.048421916433e-05, 1.5759e+03, 2.6351e+01, 
 1DIAGNOSTIC,    47, -5.743336097389e-01, 2.790541248733e-05, 1.6024e+03, 2.6582e+01, 
 1DIAGNOSTIC,    48, -5.743847296011e-01, 2.505718741502e-05, 1.6288e+03, 2.6360e+01, 
 1DIAGNOSTIC,    49, -5.744501701154e-01, 2.244160814098e-05, 1.6552e+03, 2.6437e+01, 
 1DIAGNOSTIC,    50, -5.744532045806e-01, 1.908477966912e-05, 1.6817e+03, 2.6431e+01, 
  Elapsed time (stage 2): 1717


Total elapsed time: 1840
