Changed directory to /lustre/scratch/wbic-beta/ccn30/ENCRYPT/gridcellpilot/scripts/coregistration/slurmoutputs.

JobID: 4032455
======
Time: Tue Oct  8 18:12:32 BST 2019
Running on master node: wbic-cs-15
Current directory: /lustre/scratch/wbic-beta/ccn30/ENCRYPT/gridcellpilot/scripts/coregistration/slurmoutputs

Nodes allocated:
================
wbic-cs-15

numtasks=1, numnodes=1, mpi_tasks_per_node=1 (OMP_NUM_THREADS=1)

Executing command:
==================
/lustre/scratch/wbic-beta/ccn30/ENCRYPT/gridcellpilot/scripts/coregistration/coreg_all.sh /lustre/scratch/wbic-beta/ccn30/ENCRYPT/gridcellpilot 29383/20190912_U-ID46168

29383
/lustre/scratch/wbic-beta/ccn30/ENCRYPT/gridcellpilot/preprocessed_data/segmentation/29383
EXECUTING t2 to t1 coreg in /lustre/scratch/wbic-beta/ccn30/ENCRYPT/gridcellpilot/preprocessed_data/segmentation/29383/coregistration
>> CORR_RATIO COREG OK: subject 29383/run 1
0.992161 0.997724 -0.006098 -0.067154 0.000000 0.001536 0.997699 -0.067777 0.000000 0.067413 0.067519 0.995438 0.000000 -4.560236 -6.332103 44.982962 1.000000 
>> BBR COREG OK: subject 29383/run 1
EXECUTING matrix calcs for subject 29383 run 1}
FLIRT pre-alignment
Running BBR
0.984860 0.875490 -0.271463 -0.399780 0.000000 0.320565 0.945317 0.060115 0.000000 0.361600 -0.180786 0.914638 0.000000 -117.164316 64.991959 124.114325 1.000000 
>> EPI_REG OK: subject 29383/run 1
>> MATRIX INVERSION OK: subject 29383/run 1
>> MATRIX CONCATENATION OK: subject 29383/run 1
EXECUTING mask to epi coreg for subject 29383 run 1
>> EC MASKS SUCCESSFULLY TRANSFORMED TO EPI SPACE: subject 29383/run 1
