Changed directory to /lustre/scratch/wbic-beta/ccn30/ENCRYPT/gridcellpilot/scripts/coregistration/slurmoutputs.

JobID: 4108321
======
Time: Fri Oct 25 17:37:37 BST 2019
Running on master node: wbic-csm-4
Current directory: /lustre/scratch/wbic-beta/ccn30/ENCRYPT/gridcellpilot/scripts/coregistration/slurmoutputs

Nodes allocated:
================
wbic-csm-4

numtasks=1, numnodes=1, mpi_tasks_per_node=1 (OMP_NUM_THREADS=1)

Executing command:
==================
/lustre/scratch/wbic-beta/ccn30/ENCRYPT/gridcellpilot/scripts/coregistration/coreg_all.sh /lustre/scratch/wbic-beta/ccn30/ENCRYPT/gridcellpilot 28061/20190911_U-ID46160

28061
/lustre/scratch/wbic-beta/ccn30/ENCRYPT/gridcellpilot/preprocessed_data/segmentation/28061
mkdir: cannot create directory ‘/lustre/scratch/wbic-beta/ccn30/ENCRYPT/gridcellpilot/preprocessed_data/segmentation/28061/coregistration’: File exists
Making coregistration directory...
/lustre/scratch/wbic-beta/ccn30/ENCRYPT/gridcellpilot/preprocessed_data/segmentation/28061/coregistration
EPI:  /lustre/scratch/wbic-beta/ccn30/ENCRYPT/gridcellpilot/preprocessed_data/images/old_data/28061/topup_Run_1_split0000.nii
T1:  /lustre/scratch/wbic-beta/ccn30/ENCRYPT/gridcellpilot/raw_data/images/28061/20190911_U-ID46160/mp2rage/denoiseRn4mag0000_PSIR_skulled_std_struc_brain.nii
mkdir: cannot create directory ‘/lustre/scratch/wbic-beta/ccn30/ENCRYPT/gridcellpilot/preprocessed_data/segmentation/28061/epimasks’: File exists
Making EPI Mask directory
EXECUTING T2 mask to EPI space transformation for subject 28061
Using double precision for computations.
Input scalar image: /lustre/scratch/wbic-beta/ccn30/ENCRYPT/gridcellpilot/preprocessed_data/segmentation/28061/ASHS_corinputs/final/28061_3_left_lfseg_corr_nogray.nii.gz
Reference image: /lustre/scratch/wbic-beta/ccn30/ENCRYPT/gridcellpilot/preprocessed_data/images/old_data/28061/topup_Run_1_split0000.nii
=============================================================================
The composite transform comprises the following transforms (in order): 
  1. inverse of T1toT2_ANTS_0GenericAffine.mat (type = AffineTransform)
  2. inverse of EPItoT1_ITK_affine_crosscorr.txt (type = MatrixOffsetTransformBase)
=============================================================================
Default pixel value: 0
Interpolation type: LabelImageGaussianInterpolateImageFunction
Output warped image: /lustre/scratch/wbic-beta/ccn30/ENCRYPT/gridcellpilot/preprocessed_data/segmentation/28061/epimasks/LeftMTLmaskWarped_ITKaffine.nii.gz
Using double precision for computations.
Input scalar image: /lustre/scratch/wbic-beta/ccn30/ENCRYPT/gridcellpilot/preprocessed_data/segmentation/28061/ASHS_corinputs/final/28061_3_right_lfseg_corr_nogray.nii.gz
Reference image: /lustre/scratch/wbic-beta/ccn30/ENCRYPT/gridcellpilot/preprocessed_data/images/old_data/28061/topup_Run_1_split0000.nii
=============================================================================
The composite transform comprises the following transforms (in order): 
  1. inverse of T1toT2_ANTS_0GenericAffine.mat (type = AffineTransform)
  2. inverse of EPItoT1_ITK_affine_crosscorr.txt (type = MatrixOffsetTransformBase)
=============================================================================
Default pixel value: 0
Interpolation type: LabelImageGaussianInterpolateImageFunction
