Changed directory to /lustre/scratch/wbic-beta/ccn30/ENCRYPT/gridcellpilot/scripts/coregistration/slurmoutputs.

JobID: 4099812
======
Time: Tue Oct 22 18:35:23 BST 2019
Running on master node: wbic-csm-5
Current directory: /lustre/scratch/wbic-beta/ccn30/ENCRYPT/gridcellpilot/scripts/coregistration/slurmoutputs

Nodes allocated:
================
wbic-csm-5

numtasks=, numnodes=1, mpi_tasks_per_node=2 (OMP_NUM_THREADS=1)

Executing command:
==================
/lustre/scratch/wbic-beta/ccn30/ENCRYPT/gridcellpilot/scripts/coregistration/coreg_all.sh /lustre/scratch/wbic-beta/ccn30/ENCRYPT/gridcellpilot 29321/20190902_U-ID46038

29321
/lustre/scratch/wbic-beta/ccn30/ENCRYPT/gridcellpilot/preprocessed_data/segmentation/29321
mkdir: cannot create directory ‘/lustre/scratch/wbic-beta/ccn30/ENCRYPT/gridcellpilot/preprocessed_data/segmentation/29321/coregistration’: File exists
Making coregistration directory...
/lustre/scratch/wbic-beta/ccn30/ENCRYPT/gridcellpilot/preprocessed_data/segmentation/29321/coregistration
EXECUTING t2 to t1 coreg:  29321

--------------------------------------------------------------------------------------
 Mapping parameters
--------------------------------------------------------------------------------------
 ANTSPATH is /applications/ANTS/2.2.0/bin/

 Dimensionality:           3
 Output name prefix:       /lustre/scratch/wbic-beta/ccn30/ENCRYPT/gridcellpilot/preprocessed_data/segmentation/29321/coregistration/T1toT2_ANTS_
 Fixed images:             /lustre/scratch/wbic-beta/ccn30/ENCRYPT/gridcellpilot/raw_data/images/29321/20190902_U-ID46038/Series_033_Highresolution_TSE_PAT2_100/N4Series_033_Highresolution_TSE_PAT2_100_c32.nii
 Moving images:            /lustre/scratch/wbic-beta/ccn30/ENCRYPT/gridcellpilot/raw_data/images/29321/20190902_U-ID46038/mp2rage/reorientn4mag0000_PSIR_skulled_std.nii
 Number of threads:        1
 Spline distance:          26
 Transform type:           s
 MI histogram bins:        32
 Precision:                d
 Use histogram matching    0
======================================================================================
 antsRegistration call:
--------------------------------------------------------------------------------------
/applications/ANTS/2.2.0/bin//antsRegistration --verbose 1 --dimensionality 3 --float 0 --output [/lustre/scratch/wbic-beta/ccn30/ENCRYPT/gridcellpilot/preprocessed_data/segmentation/29321/coregistration/T1toT2_ANTS_,/lustre/scratch/wbic-beta/ccn30/ENCRYPT/gridcellpilot/preprocessed_data/segmentation/29321/coregistration/T1toT2_ANTS_Warped.nii.gz,/lustre/scratch/wbic-beta/ccn30/ENCRYPT/gridcellpilot/preprocessed_data/segmentation/29321/coregistration/T1toT2_ANTS_InverseWarped.nii.gz] --interpolation Linear --use-histogram-matching 0 --winsorize-image-intensities [0.005,0.995] --initial-moving-transform [/lustre/scratch/wbic-beta/ccn30/ENCRYPT/gridcellpilot/raw_data/images/29321/20190902_U-ID46038/Series_033_Highresolution_TSE_PAT2_100/N4Series_033_Highresolution_TSE_PAT2_100_c32.nii,/lustre/scratch/wbic-beta/ccn30/ENCRYPT/gridcellpilot/raw_data/images/29321/20190902_U-ID46038/mp2rage/reorientn4mag0000_PSIR_skulled_std.nii,1] --transform Rigid[0.1] --metric MI[/lustre/scratch/wbic-beta/ccn30/ENCRYPT/gridcellpilot/raw_data/images/29321/20190902_U-ID46038/Series_033_Highresolution_TSE_PAT2_100/N4Series_033_Highresolution_TSE_PAT2_100_c32.nii,/lustre/scratch/wbic-beta/ccn30/ENCRYPT/gridcellpilot/raw_data/images/29321/20190902_U-ID46038/mp2rage/reorientn4mag0000_PSIR_skulled_std.nii,1,32,Regular,0.25] --convergence [1000x500x250x0,1e-6,10] --shrink-factors 12x8x4x2 --smoothing-sigmas 4x3x2x1vox --transform Affine[0.1] --metric MI[/lustre/scratch/wbic-beta/ccn30/ENCRYPT/gridcellpilot/raw_data/images/29321/20190902_U-ID46038/Series_033_Highresolution_TSE_PAT2_100/N4Series_033_Highresolution_TSE_PAT2_100_c32.nii,/lustre/scratch/wbic-beta/ccn30/ENCRYPT/gridcellpilot/raw_data/images/29321/20190902_U-ID46038/mp2rage/reorientn4mag0000_PSIR_skulled_std.nii,1,32,Regular,0.25] --convergence [1000x500x250x0,1e-6,10] --shrink-factors 12x8x4x2 --smoothing-sigmas 4x3x2x1vox --transform SyN[0.1,3,0] --metric MI[/lustre/scratch/wbic-beta/ccn30/ENCRYPT/gridcellpilot/raw_data/images/29321/20190902_U-ID46038/Series_033_Highresolution_TSE_PAT2_100/N4Series_033_Highresolution_TSE_PAT2_100_c32.nii,/lustre/scratch/wbic-beta/ccn30/ENCRYPT/gridcellpilot/raw_data/images/29321/20190902_U-ID46038/mp2rage/reorientn4mag0000_PSIR_skulled_std.nii,1,32] --convergence [100x100x70x50x0,1e-6,10] --shrink-factors 10x6x4x2x1 --smoothing-sigmas 5x3x2x1x0vox
--------------------------------------------------------------------------------------
All_Command_lines_OK
Using double precision for computations.
=============================================================================
The composite transform comprises the following transforms (in order): 
  1. Center of mass alignment using fixed image: /lustre/scratch/wbic-beta/ccn30/ENCRYPT/gridcellpilot/raw_data/images/29321/20190902_U-ID46038/Series_033_Highresolution_TSE_PAT2_100/N4Series_033_Highresolution_TSE_PAT2_100_c32.nii and moving image: /lustre/scratch/wbic-beta/ccn30/ENCRYPT/gridcellpilot/raw_data/images/29321/20190902_U-ID46038/mp2rage/reorientn4mag0000_PSIR_skulled_std.nii (type = Euler3DTransform)
=============================================================================
  number of levels = 4
  number of levels = 4
  number of levels = 5
  fixed image: /lustre/scratch/wbic-beta/ccn30/ENCRYPT/gridcellpilot/raw_data/images/29321/20190902_U-ID46038/Series_033_Highresolution_TSE_PAT2_100/N4Series_033_Highresolution_TSE_PAT2_100_c32.nii
  moving image: /lustre/scratch/wbic-beta/ccn30/ENCRYPT/gridcellpilot/raw_data/images/29321/20190902_U-ID46038/mp2rage/reorientn4mag0000_PSIR_skulled_std.nii
  fixed image: /lustre/scratch/wbic-beta/ccn30/ENCRYPT/gridcellpilot/raw_data/images/29321/20190902_U-ID46038/Series_033_Highresolution_TSE_PAT2_100/N4Series_033_Highresolution_TSE_PAT2_100_c32.nii
  moving image: /lustre/scratch/wbic-beta/ccn30/ENCRYPT/gridcellpilot/raw_data/images/29321/20190902_U-ID46038/mp2rage/reorientn4mag0000_PSIR_skulled_std.nii
  fixed image: /lustre/scratch/wbic-beta/ccn30/ENCRYPT/gridcellpilot/raw_data/images/29321/20190902_U-ID46038/Series_033_Highresolution_TSE_PAT2_100/N4Series_033_Highresolution_TSE_PAT2_100_c32.nii
  moving image: /lustre/scratch/wbic-beta/ccn30/ENCRYPT/gridcellpilot/raw_data/images/29321/20190902_U-ID46038/mp2rage/reorientn4mag0000_PSIR_skulled_std.nii
Dimension = 3
Number of stages = 3
Use Histogram Matching false
Winsorize image intensities true
Lower quantile = 0.005
Upper quantile = 0.995
Stage 1 State
   Image metric = Mattes
     Fixed image = Image (0x46b1610)
  RTTI typeinfo:   itk::Image<double, 3u>
  Reference Count: 2
  Modified Time: 1713
  Debug: Off
  Object Name: 
  Observers: 
    none
  Source: (none)
  Source output name: (none)
  Release Data: Off
  Data Released: False
  Global Release Data: Off
  PipelineMTime: 0
  UpdateMTime: 1535
  RealTimeStamp: 0 seconds 
  LargestPossibleRegion: 
    Dimension: 3
    Index: [0, 0, 0]
    Size: [512, 512, 54]
  BufferedRegion: 
    Dimension: 3
    Index: [0, 0, 0]
    Size: [512, 512, 54]
  RequestedRegion: 
    Dimension: 3
    Index: [0, 0, 0]
    Size: [512, 512, 54]
  Spacing: [0.4375, 0.4375, 1.1]
  Origin: [-112, 15.817, -109.448]
  Direction: 
1 1.2771e-11 -7.38819e-12
1.2771e-11 -0.498488 0.866897
-7.38819e-12 0.866897 0.498488

  IndexToPointMatrix: 
0.4375 5.5873e-12 -8.12701e-12
5.5873e-12 -0.218088 0.953586
-3.23233e-12 0.379267 0.548337

  PointToIndexMatrix: 
2.28571 2.91908e-11 -1.68873e-11
2.91908e-11 -1.1394 1.98148
-6.71653e-12 0.788088 0.453171

  Inverse Direction: 
1 1.2771e-11 -7.38819e-12
1.2771e-11 -0.498488 0.866897
-7.38819e-12 0.866897 0.498488

  PixelContainer: 
    ImportImageContainer (0x46ab5e0)
      RTTI typeinfo:   itk::ImportImageContainer<unsigned long, double>
      Reference Count: 1
      Modified Time: 1532
      Debug: Off
      Object Name: 
      Observers: 
        none
      Pointer: 0x2ba8f795b010
      Container manages memory: true
      Size: 14155776
      Capacity: 14155776

     Moving image = Image (0x46b22f0)
  RTTI typeinfo:   itk::Image<double, 3u>
  Reference Count: 2
  Modified Time: 1714
  Debug: Off
  Object Name: 
  Observers: 
    none
  Source: (none)
  Source output name: (none)
  Release Data: Off
  Data Released: False
  Global Release Data: Off
  PipelineMTime: 0
  UpdateMTime: 1711
  RealTimeStamp: 0 seconds 
  LargestPossibleRegion: 
    Dimension: 3
    Index: [0, 0, 0]
    Size: [224, 320, 320]
  BufferedRegion: 
    Dimension: 3
    Index: [0, 0, 0]
    Size: [224, 320, 320]
  RequestedRegion: 
    Dimension: 3
    Index: [0, 0, 0]
    Size: [224, 320, 320]
  Spacing: [0.699997, 0.7, 0.7]
  Origin: [-76.1904, 74.1087, -118.118]
  Direction: 
1 0 0
0 -1 0
0 0 1

  IndexToPointMatrix: 
0.699997 0 0
0 -0.7 0
0 0 0.7

  PointToIndexMatrix: 
1.42858 0 0
0 -1.42857 0
0 0 1.42857

  Inverse Direction: 
1 0 0
0 -1 0
0 0 1

  PixelContainer: 
    ImportImageContainer (0x46afc90)
      RTTI typeinfo:   itk::ImportImageContainer<unsigned long, double>
      Reference Count: 1
      Modified Time: 1708
      Debug: Off
      Object Name: 
      Observers: 
        none
      Pointer: 0x2ba8fe55c010
      Container manages memory: true
      Size: 22937600
      Capacity: 22937600

     Weighting = 1
     Sampling strategy = regular
     Number of bins = 32
     Radius = 4
     Sampling percentage  = 0.25
   Transform = Rigid
     Gradient step = 0.1
     Update field sigma (voxel space) = 0
     Total field sigma (voxel space) = 0
     Update field time sigma = 0
     Total field time sigma  = 0
     Number of time indices = 0
     Number of time point samples = 0
Stage 2 State
   Image metric = Mattes
     Fixed image = Image (0x46b3010)
  RTTI typeinfo:   itk::Image<double, 3u>
  Reference Count: 2
  Modified Time: 2067
  Debug: Off
  Object Name: 
  Observers: 
    none
  Source: (none)
  Source output name: (none)
  Release Data: Off
  Data Released: False
  Global Release Data: Off
  PipelineMTime: 0
  UpdateMTime: 1889
  RealTimeStamp: 0 seconds 
  LargestPossibleRegion: 
    Dimension: 3
    Index: [0, 0, 0]
    Size: [512, 512, 54]
  BufferedRegion: 
    Dimension: 3
    Index: [0, 0, 0]
    Size: [512, 512, 54]
  RequestedRegion: 
    Dimension: 3
    Index: [0, 0, 0]
    Size: [512, 512, 54]
  Spacing: [0.4375, 0.4375, 1.1]
  Origin: [-112, 15.817, -109.448]
  Direction: 
1 1.2771e-11 -7.38819e-12
1.2771e-11 -0.498488 0.866897
-7.38819e-12 0.866897 0.498488

  IndexToPointMatrix: 
0.4375 5.5873e-12 -8.12701e-12
5.5873e-12 -0.218088 0.953586
-3.23233e-12 0.379267 0.548337

  PointToIndexMatrix: 
2.28571 2.91908e-11 -1.68873e-11
2.91908e-11 -1.1394 1.98148
-6.71653e-12 0.788088 0.453171

  Inverse Direction: 
1 1.2771e-11 -7.38819e-12
1.2771e-11 -0.498488 0.866897
-7.38819e-12 0.866897 0.498488

  PixelContainer: 
    ImportImageContainer (0x46ac210)
      RTTI typeinfo:   itk::ImportImageContainer<unsigned long, double>
      Reference Count: 1
      Modified Time: 1886
      Debug: Off
      Object Name: 
      Observers: 
        none
      Pointer: 0x2ba90945d010
      Container manages memory: true
      Size: 14155776
      Capacity: 14155776

     Moving image = Image (0x46becd0)
  RTTI typeinfo:   itk::Image<double, 3u>
  Reference Count: 2
  Modified Time: 2068
  Debug: Off
  Object Name: 
  Observers: 
    none
  Source: (none)
  Source output name: (none)
  Release Data: Off
  Data Released: False
  Global Release Data: Off
  PipelineMTime: 0
  UpdateMTime: 2065
  RealTimeStamp: 0 seconds 
  LargestPossibleRegion: 
    Dimension: 3
    Index: [0, 0, 0]
    Size: [224, 320, 320]
  BufferedRegion: 
    Dimension: 3
    Index: [0, 0, 0]
    Size: [224, 320, 320]
  RequestedRegion: 
    Dimension: 3
    Index: [0, 0, 0]
    Size: [224, 320, 320]
  Spacing: [0.699997, 0.7, 0.7]
  Origin: [-76.1904, 74.1087, -118.118]
  Direction: 
1 0 0
0 -1 0
0 0 1

  IndexToPointMatrix: 
0.699997 0 0
0 -0.7 0
0 0 0.7

  PointToIndexMatrix: 
1.42858 0 0
0 -1.42857 0
0 0 1.42857

  Inverse Direction: 
1 0 0
0 -1 0
0 0 1

  PixelContainer: 
    ImportImageContainer (0x46bef60)
      RTTI typeinfo:   itk::ImportImageContainer<unsigned long, double>
      Reference Count: 1
      Modified Time: 2062
      Debug: Off
      Object Name: 
      Observers: 
        none
      Pointer: 0x2ba91005e010
      Container manages memory: true
      Size: 22937600
      Capacity: 22937600

     Weighting = 1
     Sampling strategy = regular
     Number of bins = 32
     Radius = 4
     Sampling percentage  = 0.25
   Transform = Affine
     Gradient step = 0.1
     Update field sigma (voxel space) = 0
     Total field sigma (voxel space) = 0
     Update field time sigma = 0
     Total field time sigma  = 0
     Number of time indices = 0
     Number of time point samples = 0
Stage 3 State
   Image metric = Mattes
     Fixed image = Image (0x46befc0)
  RTTI typeinfo:   itk::Image<double, 3u>
  Reference Count: 2
  Modified Time: 2421
  Debug: Off
  Object Name: 
  Observers: 
    none
  Source: (none)
  Source output name: (none)
  Release Data: Off
  Data Released: False
  Global Release Data: Off
  PipelineMTime: 0
  UpdateMTime: 2243
  RealTimeStamp: 0 seconds 
  LargestPossibleRegion: 
    Dimension: 3
    Index: [0, 0, 0]
    Size: [512, 512, 54]
  BufferedRegion: 
    Dimension: 3
    Index: [0, 0, 0]
    Size: [512, 512, 54]
  RequestedRegion: 
    Dimension: 3
    Index: [0, 0, 0]
    Size: [512, 512, 54]
  Spacing: [0.4375, 0.4375, 1.1]
  Origin: [-112, 15.817, -109.448]
  Direction: 
1 1.2771e-11 -7.38819e-12
1.2771e-11 -0.498488 0.866897
-7.38819e-12 0.866897 0.498488

  IndexToPointMatrix: 
0.4375 5.5873e-12 -8.12701e-12
5.5873e-12 -0.218088 0.953586
-3.23233e-12 0.379267 0.548337

  PointToIndexMatrix: 
2.28571 2.91908e-11 -1.68873e-11
2.91908e-11 -1.1394 1.98148
-6.71653e-12 0.788088 0.453171

  Inverse Direction: 
1 1.2771e-11 -7.38819e-12
1.2771e-11 -0.498488 0.866897
-7.38819e-12 0.866897 0.498488

  PixelContainer: 
    ImportImageContainer (0x46c0dd0)
      RTTI typeinfo:   itk::ImportImageContainer<unsigned long, double>
      Reference Count: 1
      Modified Time: 2240
      Debug: Off
      Object Name: 
      Observers: 
        none
      Pointer: 0x2ba91af5f010
      Container manages memory: true
      Size: 14155776
      Capacity: 14155776

     Moving image = Image (0x46c76f0)
  RTTI typeinfo:   itk::Image<double, 3u>
  Reference Count: 2
  Modified Time: 2422
  Debug: Off
  Object Name: 
  Observers: 
    none
  Source: (none)
  Source output name: (none)
  Release Data: Off
  Data Released: False
  Global Release Data: Off
  PipelineMTime: 0
  UpdateMTime: 2419
  RealTimeStamp: 0 seconds 
  LargestPossibleRegion: 
    Dimension: 3
    Index: [0, 0, 0]
    Size: [224, 320, 320]
  BufferedRegion: 
    Dimension: 3
    Index: [0, 0, 0]
    Size: [224, 320, 320]
  RequestedRegion: 
    Dimension: 3
    Index: [0, 0, 0]
    Size: [224, 320, 320]
  Spacing: [0.699997, 0.7, 0.7]
  Origin: [-76.1904, 74.1087, -118.118]
  Direction: 
1 0 0
0 -1 0
0 0 1

  IndexToPointMatrix: 
0.699997 0 0
0 -0.7 0
0 0 0.7

  PointToIndexMatrix: 
1.42858 0 0
0 -1.42857 0
0 0 1.42857

  Inverse Direction: 
1 0 0
0 -1 0
0 0 1

  PixelContainer: 
    ImportImageContainer (0x46c7980)
      RTTI typeinfo:   itk::ImportImageContainer<unsigned long, double>
      Reference Count: 1
      Modified Time: 2416
      Debug: Off
      Object Name: 
      Observers: 
        none
      Pointer: 0x2ba921b60010
      Container manages memory: true
      Size: 22937600
      Capacity: 22937600

     Weighting = 1
     Sampling strategy = none
     Number of bins = 32
     Radius = 4
     Sampling percentage  = 1
   Transform = SyN
     Gradient step = 0.1
     Update field sigma (voxel space) = 3
     Total field sigma (voxel space) = 0
     Update field time sigma = 0
     Total field time sigma  = 0
     Number of time indices = 0
     Number of time point samples = 0
Registration using 3 total stages.

Stage 0
  iterations = 1000x500x250x0
  convergence threshold = 1e-06
  convergence window size = 10
  number of levels = 4
  using the Mattes MI metric (number of bins = 32, weight = 1)
  preprocessing:  winsorizing the image intensities
  Shrink factors (level 1 out of 4): [12, 12, 5]
  Shrink factors (level 2 out of 4): [8, 8, 3]
  Shrink factors (level 3 out of 4): [4, 4, 2]
  Shrink factors (level 4 out of 4): [2, 2, 1]
  smoothing sigmas per level: [4, 3, 2, 1]
  regular sampling (percentage = 0.25)

*** Running Euler3DTransform registration ***

DIAGNOSTIC,Iteration,metricValue,convergenceValue,ITERATION_TIME_INDEX,SINCE_LAST
 2DIAGNOSTIC,     1, -3.501189902264e-01, 1.797693134862e+308, 1.9104e+01, 1.9104e+01, 
 2DIAGNOSTIC,     2, -3.505811271622e-01, 1.797693134862e+308, 1.9130e+01, 2.6171e-02, 
 2DIAGNOSTIC,     3, -3.524022016396e-01, 1.797693134862e+308, 1.9155e+01, 2.5090e-02, 
 2DIAGNOSTIC,     4, -3.550534534489e-01, 1.797693134862e+308, 1.9185e+01, 3.0420e-02, 
 2DIAGNOSTIC,     5, -3.569436662014e-01, 1.797693134862e+308, 1.9213e+01, 2.8019e-02, 
 2DIAGNOSTIC,     6, -3.570038783006e-01, 1.797693134862e+308, 1.9233e+01, 2.0162e-02, 
 2DIAGNOSTIC,     7, -3.572955936694e-01, 1.797693134862e+308, 1.9265e+01, 3.2091e-02, 
 2DIAGNOSTIC,     8, -3.574988430804e-01, 1.797693134862e+308, 1.9290e+01, 2.4884e-02, 
 2DIAGNOSTIC,     9, -3.577374564796e-01, 1.797693134862e+308, 1.9311e+01, 2.0566e-02, 
 2DIAGNOSTIC,    10, -3.576883780932e-01, 1.479819582182e-03, 1.9332e+01, 2.1159e-02, 
 2DIAGNOSTIC,    11, -3.579048951739e-01, 1.030189505950e-03, 1.9364e+01, 3.2390e-02, 
 2DIAGNOSTIC,    12, -3.579437337685e-01, 5.973809961267e-04, 1.9389e+01, 2.4704e-02, 
 2DIAGNOSTIC,    13, -3.577303457294e-01, 2.731600092218e-04, 1.9414e+01, 2.5146e-02, 
 2DIAGNOSTIC,    14, -3.576652707263e-01, 1.159296693262e-04, 1.9436e+01, 2.1617e-02, 
 2DIAGNOSTIC,    15, -3.576421258751e-01, 6.895341888313e-05, 1.9457e+01, 2.1250e-02, 
 2DIAGNOSTIC,    16, -3.577201521975e-01, 2.818018220387e-05, 1.9479e+01, 2.1691e-02, 
 2DIAGNOSTIC,    17, -3.581451374117e-01, 2.306748990395e-05, 1.9504e+01, 2.5283e-02, 
 2DIAGNOSTIC,    18, -3.582780991905e-01, 3.094033718690e-05, 1.9526e+01, 2.1359e-02, 
 2DIAGNOSTIC,    19, -3.584019890701e-01, 5.087449632629e-05, 1.9551e+01, 2.5977e-02, 
 2DIAGNOSTIC,    20, -3.587291906348e-01, 7.515897758335e-05, 1.9577e+01, 2.5902e-02, 
 2DIAGNOSTIC,    21, -3.591806722595e-01, 1.150988546591e-04, 1.9604e+01, 2.6160e-02, 
 2DIAGNOSTIC,    22, -3.595102957001e-01, 1.537545069455e-04, 1.9634e+01, 3.0055e-02, 
 2DIAGNOSTIC,    23, -3.595438941101e-01, 1.685524350227e-04, 1.9655e+01, 2.1289e-02, 
 2DIAGNOSTIC,    24, -3.591888579701e-01, 1.530189833288e-04, 1.9677e+01, 2.2006e-02, 
 2DIAGNOSTIC,    25, -3.617788216143e-01, 2.065559314505e-04, 1.9712e+01, 3.5494e-02, 
 2DIAGNOSTIC,    26, -3.622557488576e-01, 2.506361025602e-04, 1.9739e+01, 2.6731e-02, 
 2DIAGNOSTIC,    27, -3.621330219361e-01, 2.770468716116e-04, 1.9767e+01, 2.8266e-02, 
 2DIAGNOSTIC,    28, -3.624297191087e-01, 2.893878459160e-04, 1.9792e+01, 2.4108e-02, 
 2DIAGNOSTIC,    29, -3.624273465118e-01, 2.768569852404e-04, 1.9815e+01, 2.3559e-02, 
 2DIAGNOSTIC,    30, -3.629587244097e-01, 2.604619285355e-04, 1.9839e+01, 2.4229e-02, 
 2DIAGNOSTIC,    31, -3.629270989791e-01, 2.302509443360e-04, 1.9872e+01, 3.3135e-02, 
 2DIAGNOSTIC,    32, -3.633448871358e-01, 1.998293347043e-04, 1.9975e+01, 1.0284e-01, 
 2DIAGNOSTIC,    33, -3.633448619452e-01, 1.542160368266e-04, 1.9999e+01, 2.3322e-02, 
 2DIAGNOSTIC,    34, -3.633449352939e-01, 8.689638258631e-05, 2.0022e+01, 2.3211e-02, 
 2DIAGNOSTIC,    35, -3.633450592831e-01, 7.363652843885e-05, 2.0044e+01, 2.2613e-02, 
 2DIAGNOSTIC,    36, -3.633452688043e-01, 6.479084944292e-05, 2.0069e+01, 2.4153e-02, 
 2DIAGNOSTIC,    37, -3.633456226981e-01, 4.758676143741e-05, 2.0093e+01, 2.4146e-02, 
 2DIAGNOSTIC,    38, -3.633462199765e-01, 3.313177558746e-05, 2.0117e+01, 2.4546e-02, 
 2DIAGNOSTIC,    39, -3.633472268530e-01, 1.614374211813e-05, 2.0142e+01, 2.4344e-02, 
 2DIAGNOSTIC,    40, -3.633489051449e-01, 9.208687708758e-06, 2.0166e+01, 2.4711e-02, 
 2DIAGNOSTIC,    41, -3.633517109336e-01, 1.026379157457e-06, 2.0191e+01, 2.4535e-02, 
 2DIAGNOSTIC,    42, -3.633563815987e-01, 1.163264782132e-06, 2.0212e+01, 2.1351e-02, 
 2DIAGNOSTIC,    43, -3.633640852526e-01, 1.395231366184e-06, 2.0235e+01, 2.2614e-02, 
 2DIAGNOSTIC,    44, -3.633765397540e-01, 1.777035486494e-06, 2.0257e+01, 2.2408e-02, 
 2DIAGNOSTIC,    45, -3.633959499936e-01, 2.380527477235e-06, 2.0278e+01, 2.0518e-02, 
DIAGNOSTIC,Iteration,metricValue,convergenceValue,ITERATION_TIME_INDEX,SINCE_LAST
 2DIAGNOSTIC,     1, -2.696100616038e-01, 1.797693134862e+308, 3.4891e+01, 1.4613e+01, 
 2DIAGNOSTIC,     2, -2.698991639502e-01, 1.797693134862e+308, 3.4982e+01, 9.1634e-02, 
 2DIAGNOSTIC,     3, -2.703512077037e-01, 1.797693134862e+308, 3.5078e+01, 9.5793e-02, 
 2DIAGNOSTIC,     4, -2.710549683519e-01, 1.797693134862e+308, 3.5174e+01, 9.6383e-02, 
 2DIAGNOSTIC,     5, -2.720207291969e-01, 1.797693134862e+308, 3.5270e+01, 9.5746e-02, 
 2DIAGNOSTIC,     6, -2.733319924901e-01, 1.797693134862e+308, 3.5363e+01, 9.3355e-02, 
 2DIAGNOSTIC,     7, -2.753630882122e-01, 1.797693134862e+308, 3.5458e+01, 9.4456e-02, 
 2DIAGNOSTIC,     8, -2.806317127211e-01, 1.797693134862e+308, 3.5660e+01, 2.0254e-01, 
 2DIAGNOSTIC,     9, -2.833860821345e-01, 1.797693134862e+308, 3.5757e+01, 9.6560e-02, 
 2DIAGNOSTIC,    10, -2.838686185018e-01, 3.671372428872e-03, 3.5853e+01, 9.5697e-02, 
 2DIAGNOSTIC,    11, -2.846646536914e-01, 3.711069903319e-03, 3.5946e+01, 9.3605e-02, 
 2DIAGNOSTIC,    12, -2.854700189917e-01, 3.503533683109e-03, 3.6039e+01, 9.3074e-02, 
 2DIAGNOSTIC,    13, -2.863616772995e-01, 3.110854801085e-03, 3.6222e+01, 1.8248e-01, 
 2DIAGNOSTIC,    14, -2.866401269530e-01, 2.562188133574e-03, 3.6316e+01, 9.4138e-02, 
 2DIAGNOSTIC,    15, -2.880087423803e-01, 2.018218609949e-03, 3.6409e+01, 9.3452e-02, 
 2DIAGNOSTIC,    16, -3.009528394822e-01, 2.260624125341e-03, 3.6523e+01, 1.1329e-01, 
 2DIAGNOSTIC,    17, -3.879225467151e-01, 7.391391220029e-03, 3.6705e+01, 1.8257e-01, 
 2DIAGNOSTIC,    18, -4.083978251816e-01, 1.231015052120e-02, 3.6821e+01, 1.1542e-01, 
 2DIAGNOSTIC,    19, -4.114946094042e-01, 1.572222642558e-02, 3.6935e+01, 1.1466e-01, 
 2DIAGNOSTIC,    20, -4.145639016991e-01, 1.746681358942e-02, 3.7051e+01, 1.1516e-01, 
 2DIAGNOSTIC,    21, -4.152096603371e-01, 1.743894091287e-02, 3.7211e+01, 1.6072e-01, 
 2DIAGNOSTIC,    22, -4.157490922279e-01, 1.580238458731e-02, 3.7304e+01, 9.3144e-02, 
 2DIAGNOSTIC,    23, -4.163271090920e-01, 1.293232790618e-02, 3.7418e+01, 1.1392e-01, 
 2DIAGNOSTIC,    24, -4.168863253723e-01, 9.253944570879e-03, 3.7596e+01, 1.7762e-01, 
 2DIAGNOSTIC,    25, -4.170326951176e-01, 5.176683126604e-03, 3.7693e+01, 9.6807e-02, 
 2DIAGNOSTIC,    26, -4.179490348794e-01, 1.397879212094e-03, 3.7789e+01, 9.5841e-02, 
 2DIAGNOSTIC,    27, -4.187662759053e-01, 5.879852442009e-04, 3.7881e+01, 9.1930e-02, 
 2DIAGNOSTIC,    28, -4.190850152123e-01, 4.191429983306e-04, 3.7990e+01, 1.0961e-01, 
 2DIAGNOSTIC,    29, -4.193529283567e-01, 3.205474223223e-04, 3.8096e+01, 1.0575e-01, 
 2DIAGNOSTIC,    30, -4.195398612753e-01, 2.900384851888e-04, 3.8204e+01, 1.0858e-01, 
 2DIAGNOSTIC,    31, -4.205131410632e-01, 2.773580001819e-04, 3.8337e+01, 1.3248e-01, 
 2DIAGNOSTIC,    32, -4.219251803015e-01, 2.882808990260e-04, 3.8432e+01, 9.5421e-02, 
 2DIAGNOSTIC,    33, -4.223120648376e-01, 2.942491478936e-04, 3.8528e+01, 9.5160e-02, 
 2DIAGNOSTIC,    34, -4.226085641055e-01, 2.932994329826e-04, 3.8620e+01, 9.2561e-02, 
 2DIAGNOSTIC,    35, -4.227208144745e-01, 2.707430346012e-04, 3.8786e+01, 1.6636e-01, 
 2DIAGNOSTIC,    36, -4.227635894722e-01, 2.447551645468e-04, 3.8872e+01, 8.5890e-02, 
 2DIAGNOSTIC,    37, -4.228135329056e-01, 2.153951107554e-04, 3.8965e+01, 9.3060e-02, 
 2DIAGNOSTIC,    38, -4.228409848798e-01, 1.747026871110e-04, 3.9077e+01, 1.1143e-01, 
 2DIAGNOSTIC,    39, -4.228555259507e-01, 1.261380162577e-04, 3.9173e+01, 9.6265e-02, 
 2DIAGNOSTIC,    40, -4.228863613709e-01, 7.264679534765e-05, 3.9291e+01, 1.1756e-01, 
 2DIAGNOSTIC,    41, -4.229156255752e-01, 3.383779319630e-05, 3.9468e+01, 1.7763e-01, 
 2DIAGNOSTIC,    42, -4.229206788965e-01, 2.014228830685e-05, 3.9561e+01, 9.2448e-02, 
 2DIAGNOSTIC,    43, -4.229588763383e-01, 1.289053474077e-05, 3.9676e+01, 1.1512e-01, 
 2DIAGNOSTIC,    44, -4.229865068035e-01, 1.050769216367e-05, 3.9772e+01, 9.5823e-02, 
 2DIAGNOSTIC,    45, -4.229938163998e-01, 9.349370692125e-06, 3.9868e+01, 9.5811e-02, 
 2DIAGNOSTIC,    46, -4.230031886265e-01, 8.291173017996e-06, 3.9961e+01, 9.3527e-02, 
 2DIAGNOSTIC,    47, -4.230366230420e-01, 7.922126159979e-06, 4.0093e+01, 1.3194e-01, 
 2DIAGNOSTIC,    48, -4.230572255708e-01, 7.634189826734e-06, 4.0295e+01, 2.0186e-01, 
 2DIAGNOSTIC,    49, -4.230588528737e-01, 6.935522979163e-06, 4.0389e+01, 9.4177e-02, 
 2DIAGNOSTIC,    50, -4.230636155486e-01, 6.220624849142e-06, 4.0483e+01, 9.3577e-02, 
 2DIAGNOSTIC,    51, -4.230704450808e-01, 5.556449222659e-06, 4.0575e+01, 9.2109e-02, 
 2DIAGNOSTIC,    52, -4.230777701966e-01, 4.615336070744e-06, 4.0669e+01, 9.4247e-02, 
 2DIAGNOSTIC,    53, -4.230857054092e-01, 3.978042101893e-06, 4.0764e+01, 9.4781e-02, 
 2DIAGNOSTIC,    54, -4.230915691024e-01, 3.520721618532e-06, 4.0858e+01, 9.4667e-02, 
 2DIAGNOSTIC,    55, -4.230947119613e-01, 2.955717076977e-06, 4.1035e+01, 1.7624e-01, 
 2DIAGNOSTIC,    56, -4.230957957091e-01, 2.321588896979e-06, 4.1128e+01, 9.3245e-02, 
 2DIAGNOSTIC,    57, -4.230965587147e-01, 1.990722539778e-06, 4.1223e+01, 9.5377e-02, 
 2DIAGNOSTIC,    58, -4.230979737845e-01, 1.823699875097e-06, 4.1318e+01, 9.5031e-02, 
 2DIAGNOSTIC,    59, -4.231054246951e-01, 1.659643002437e-06, 4.1496e+01, 1.7811e-01, 
 2DIAGNOSTIC,    60, -4.231073015100e-01, 1.478796120027e-06, 4.1587e+01, 9.0941e-02, 
 2DIAGNOSTIC,    61, -4.231074428569e-01, 1.303548260195e-06, 4.1682e+01, 9.5015e-02, 
 2DIAGNOSTIC,    62, -4.231078460515e-01, 1.156965015302e-06, 4.1777e+01, 9.4741e-02, 
 2DIAGNOSTIC,    63, -4.231084234145e-01, 1.056742405706e-06, 4.1934e+01, 1.5725e-01, 
DIAGNOSTIC,Iteration,metricValue,convergenceValue,ITERATION_TIME_INDEX,SINCE_LAST
 2DIAGNOSTIC,     1, -4.400783983134e-01, 1.797693134862e+308, 5.0249e+01, 8.3143e+00, 
 2DIAGNOSTIC,     2, -4.422828197000e-01, 1.797693134862e+308, 5.0688e+01, 4.3923e-01, 
 2DIAGNOSTIC,     3, -4.435462130093e-01, 1.797693134862e+308, 5.1127e+01, 4.3944e-01, 
 2DIAGNOSTIC,     4, -4.438973232022e-01, 1.797693134862e+308, 5.1572e+01, 4.4422e-01, 
 2DIAGNOSTIC,     5, -4.440124108740e-01, 1.797693134862e+308, 5.2020e+01, 4.4862e-01, 
 2DIAGNOSTIC,     6, -4.443864923529e-01, 1.797693134862e+308, 5.2910e+01, 8.8969e-01, 
 2DIAGNOSTIC,     7, -4.443749789839e-01, 1.797693134862e+308, 5.3531e+01, 6.2102e-01, 
 2DIAGNOSTIC,     8, -4.443754446526e-01, 1.797693134862e+308, 5.4061e+01, 5.2984e-01, 
 2DIAGNOSTIC,     9, -4.443786213747e-01, 1.797693134862e+308, 5.4693e+01, 6.3233e-01, 
 2DIAGNOSTIC,    10, -4.443749547485e-01, 4.513388263664e-04, 5.5246e+01, 5.5292e-01, 
 2DIAGNOSTIC,    11, -4.443702470650e-01, 1.960673460899e-04, 5.5775e+01, 5.2858e-01, 
 2DIAGNOSTIC,    12, -4.443649731836e-01, 8.180877763386e-05, 5.6214e+01, 4.3974e-01, 
 2DIAGNOSTIC,    13, -4.443668078578e-01, 4.021595253592e-05, 5.6653e+01, 4.3865e-01, 
 2DIAGNOSTIC,    14, -4.443776648673e-01, 1.773624210825e-05, 5.7086e+01, 4.3313e-01, 
 2DIAGNOSTIC,    15, -4.443853313147e-01, 1.609710571907e-06, 5.7617e+01, 5.3064e-01, 
 2DIAGNOSTIC,    16, -4.443995836337e-01, 3.106656106283e-06, 5.8057e+01, 4.4040e-01, 
 2DIAGNOSTIC,    17, -4.444144464002e-01, 4.447886046262e-06, 5.8497e+01, 4.3968e-01, 
 2DIAGNOSTIC,    18, -4.444561026172e-01, 6.886193540903e-06, 5.8937e+01, 4.3997e-01, 
 2DIAGNOSTIC,    19, -4.445210065049e-01, 1.085214305478e-05, 5.9375e+01, 4.3830e-01, 
 2DIAGNOSTIC,    20, -4.445961124431e-01, 1.581514413209e-05, 5.9815e+01, 4.4034e-01, 
 2DIAGNOSTIC,    21, -4.447160508780e-01, 2.247159134056e-05, 6.0256e+01, 4.4109e-01, 
 2DIAGNOSTIC,    22, -4.449143457536e-01, 3.212987989372e-05, 6.0709e+01, 4.5252e-01, 
 2DIAGNOSTIC,    23, -4.452061543538e-01, 4.613403852350e-05, 6.1815e+01, 1.1062e+00, 
 2DIAGNOSTIC,    24, -4.451784814463e-01, 5.418360837661e-05, 6.2553e+01, 7.3813e-01, 
 2DIAGNOSTIC,    25, -4.451766707230e-01, 5.692905549861e-05, 6.3100e+01, 5.4708e-01, 
 2DIAGNOSTIC,    26, -4.451712102977e-01, 5.450816486772e-05, 6.3651e+01, 5.5064e-01, 
 2DIAGNOSTIC,    27, -4.451617190039e-01, 4.727167312329e-05, 6.4201e+01, 5.4951e-01, 
 2DIAGNOSTIC,    28, -4.451551193365e-01, 3.690668129464e-05, 6.4658e+01, 4.5708e-01, 
 2DIAGNOSTIC,    29, -4.451532462283e-01, 2.531186293109e-05, 6.5294e+01, 6.3668e-01, 
 2DIAGNOSTIC,    30, -4.451528361900e-01, 1.387315566789e-05, 6.5748e+01, 4.5399e-01, 
 2DIAGNOSTIC,    31, -4.451499135682e-01, 4.321489943844e-06, 6.6297e+01, 5.4915e-01, 
DIAGNOSTIC,Iteration,metricValue,convergenceValue,ITERATION_TIME_INDEX,SINCE_LAST
 2DIAGNOSTIC,     1, -3.869878119977e-01, 1.797693134862e+308, 7.4828e+01, 8.5309e+00, 
  Elapsed time (stage 0): 7.7418e+01


Stage 1
  iterations = 1000x500x250x0
  convergence threshold = 1.0000e-06
  convergence window size = 10
  number of levels = 4
  using the Mattes MI metric (number of bins = 32, weight = 1.0000e+00)
  preprocessing:  winsorizing the image intensities
  Shrink factors (level 1 out of 4): [12, 12, 5]
  Shrink factors (level 2 out of 4): [8, 8, 3]
  Shrink factors (level 3 out of 4): [4, 4, 2]
  Shrink factors (level 4 out of 4): [2, 2, 1]
  smoothing sigmas per level: [4, 3, 2, 1]
  regular sampling (percentage = 2.5000e-01)

*** Running AffineTransform registration ***

DIAGNOSTIC,Iteration,metricValue,convergenceValue,ITERATION_TIME_INDEX,SINCE_LAST
 2DIAGNOSTIC,     1, -4.403908578515e-01, 1.797693134862e+308, 1.8546e+01, 1.8546e+01, 
 2DIAGNOSTIC,     2, -4.419929529024e-01, 1.797693134862e+308, 1.8570e+01, 2.4632e-02, 
 2DIAGNOSTIC,     3, -4.446556050013e-01, 1.797693134862e+308, 1.8594e+01, 2.4048e-02, 
 2DIAGNOSTIC,     4, -4.477156744146e-01, 1.797693134862e+308, 1.8618e+01, 2.3822e-02, 
 2DIAGNOSTIC,     5, -4.518167072592e-01, 1.797693134862e+308, 1.8642e+01, 2.3554e-02, 
 2DIAGNOSTIC,     6, -4.574833829210e-01, 1.797693134862e+308, 1.8664e+01, 2.2829e-02, 
 2DIAGNOSTIC,     7, -4.632771763539e-01, 1.797693134862e+308, 1.8692e+01, 2.7226e-02, 
 2DIAGNOSTIC,     8, -4.675196321725e-01, 1.797693134862e+308, 1.8719e+01, 2.7224e-02, 
 2DIAGNOSTIC,     9, -4.682342705234e-01, 1.797693134862e+308, 1.8751e+01, 3.2182e-02, 
 2DIAGNOSTIC,    10, -4.684989171952e-01, 4.704266169970e-03, 1.8774e+01, 2.3271e-02, 
 2DIAGNOSTIC,    11, -4.696864902313e-01, 4.033916778511e-03, 1.8802e+01, 2.7995e-02, 
 2DIAGNOSTIC,    12, -4.700896386564e-01, 3.214682670601e-03, 1.8830e+01, 2.7882e-02, 
 2DIAGNOSTIC,    13, -4.700901704072e-01, 2.360551593643e-03, 1.8858e+01, 2.7796e-02, 
 2DIAGNOSTIC,    14, -4.702068171144e-01, 1.559622171780e-03, 1.8886e+01, 2.7582e-02, 
 2DIAGNOSTIC,    15, -4.701879963150e-01, 8.926653428986e-04, 1.8913e+01, 2.7809e-02, 
 2DIAGNOSTIC,    16, -4.701263133544e-01, 4.405486356361e-04, 1.8937e+01, 2.3431e-02, 
 2DIAGNOSTIC,    17, -4.701493747312e-01, 2.089043809181e-04, 1.8964e+01, 2.7591e-02, 
 2DIAGNOSTIC,    18, -4.701260495082e-01, 1.285664274200e-04, 1.8993e+01, 2.8051e-02, 
 2DIAGNOSTIC,    19, -4.700533231025e-01, 6.623461979027e-05, 1.9021e+01, 2.8150e-02, 
 2DIAGNOSTIC,    20, -4.700815573265e-01, 1.241475123846e-05, 1.9048e+01, 2.7723e-02, 
DIAGNOSTIC,Iteration,metricValue,convergenceValue,ITERATION_TIME_INDEX,SINCE_LAST
 2DIAGNOSTIC,     1, -4.296270216144e-01, 1.797693134862e+308, 3.3593e+01, 1.4544e+01, 
 2DIAGNOSTIC,     2, -4.308203809250e-01, 1.797693134862e+308, 3.3708e+01, 1.1529e-01, 
 2DIAGNOSTIC,     3, -4.321789566905e-01, 1.797693134862e+308, 3.3823e+01, 1.1493e-01, 
 2DIAGNOSTIC,     4, -4.333338615272e-01, 1.797693134862e+308, 3.3934e+01, 1.1146e-01, 
 2DIAGNOSTIC,     5, -4.339596897699e-01, 1.797693134862e+308, 3.4043e+01, 1.0831e-01, 
 2DIAGNOSTIC,     6, -4.345327928230e-01, 1.797693134862e+308, 3.4147e+01, 1.0410e-01, 
 2DIAGNOSTIC,     7, -4.350351381527e-01, 1.797693134862e+308, 3.4278e+01, 1.3098e-01, 
 2DIAGNOSTIC,     8, -4.354646774725e-01, 1.797693134862e+308, 3.4410e+01, 1.3194e-01, 
 2DIAGNOSTIC,     9, -4.356732177194e-01, 1.797693134862e+308, 3.4548e+01, 1.3834e-01, 
 2DIAGNOSTIC,    10, -4.358734962095e-01, 8.998772160793e-04, 3.4777e+01, 2.2920e-01, 
 2DIAGNOSTIC,    11, -4.358847200103e-01, 6.413026111583e-04, 3.4888e+01, 1.1058e-01, 
 2DIAGNOSTIC,    12, -4.359368514329e-01, 4.355726149911e-04, 3.5001e+01, 1.1321e-01, 
 2DIAGNOSTIC,    13, -4.360108902108e-01, 2.934604538791e-04, 3.5116e+01, 1.1475e-01, 
 2DIAGNOSTIC,    14, -4.360971636113e-01, 2.028496298963e-04, 3.5251e+01, 1.3496e-01, 
 2DIAGNOSTIC,    15, -4.361547420309e-01, 1.355032561366e-04, 3.5362e+01, 1.1093e-01, 
 2DIAGNOSTIC,    16, -4.362162123040e-01, 9.005730092952e-05, 3.5543e+01, 1.8120e-01, 
 2DIAGNOSTIC,    17, -4.362331367678e-01, 6.156042757514e-05, 3.5657e+01, 1.1408e-01, 
 2DIAGNOSTIC,    18, -4.362571135618e-01, 4.705593604649e-05, 3.5769e+01, 1.1234e-01, 
 2DIAGNOSTIC,    19, -4.364866136065e-01, 4.474265204399e-05, 3.5926e+01, 1.5659e-01, 
 2DIAGNOSTIC,    20, -4.365022625793e-01, 4.551951413007e-05, 3.6063e+01, 1.3755e-01, 
 2DIAGNOSTIC,    21, -4.365143114359e-01, 4.292335095328e-05, 3.6201e+01, 1.3740e-01, 
 2DIAGNOSTIC,    22, -4.365652915992e-01, 3.984446384684e-05, 3.6337e+01, 1.3633e-01, 
 2DIAGNOSTIC,    23, -4.366245817127e-01, 3.713861281889e-05, 3.6471e+01, 1.3399e-01, 
 2DIAGNOSTIC,    24, -4.366269005574e-01, 3.356816922239e-05, 3.6585e+01, 1.1396e-01, 
 2DIAGNOSTIC,    25, -4.366504598296e-01, 2.935405468640e-05, 3.6746e+01, 1.6059e-01, 
 2DIAGNOSTIC,    26, -4.366250529790e-01, 2.381605139900e-05, 3.6857e+01, 1.1116e-01, 
 2DIAGNOSTIC,    27, -4.366380684701e-01, 1.734040260326e-05, 3.6992e+01, 1.3539e-01, 
 2DIAGNOSTIC,    28, -4.366828327252e-01, 1.122780350957e-05, 3.7130e+01, 1.3789e-01, 
 2DIAGNOSTIC,    29, -4.366908184798e-01, 9.899643430962e-06, 3.7243e+01, 1.1294e-01, 
 2DIAGNOSTIC,    30, -4.366614471749e-01, 7.561346266789e-06, 3.7355e+01, 1.1148e-01, 
 2DIAGNOSTIC,    31, -4.366703129256e-01, 5.225751061634e-06, 3.7488e+01, 1.3321e-01, 
 2DIAGNOSTIC,    32, -4.367065204786e-01, 4.374696495384e-06, 3.7674e+01, 1.8669e-01, 
 2DIAGNOSTIC,    33, -4.367098455324e-01, 4.444761142759e-06, 3.7786e+01, 1.1206e-01, 
 2DIAGNOSTIC,    34, -4.367221737020e-01, 4.452384143809e-06, 3.7893e+01, 1.0602e-01, 
 2DIAGNOSTIC,    35, -4.367323118126e-01, 4.797065276386e-06, 3.7998e+01, 1.0552e-01, 
 2DIAGNOSTIC,    36, -4.367451894312e-01, 4.526597327061e-06, 3.8310e+01, 3.1198e-01, 
 2DIAGNOSTIC,    37, -4.367452226049e-01, 4.112584217668e-06, 3.8419e+01, 1.0860e-01, 
 2DIAGNOSTIC,    38, -4.367454924610e-01, 4.177647256937e-06, 3.8527e+01, 1.0875e-01, 
 2DIAGNOSTIC,    39, -4.367459137434e-01, 4.086595581630e-06, 3.8636e+01, 1.0891e-01, 
 2DIAGNOSTIC,    40, -4.367465364570e-01, 3.219013852689e-06, 3.8742e+01, 1.0598e-01, 
 2DIAGNOSTIC,    41, -4.367473602640e-01, 2.299963654123e-06, 3.8853e+01, 1.1060e-01, 
 2DIAGNOSTIC,    42, -4.367483571488e-01, 1.859517336097e-06, 3.8964e+01, 1.1129e-01, 
 2DIAGNOSTIC,    43, -4.367494025755e-01, 1.400184189149e-06, 3.9076e+01, 1.1171e-01, 
 2DIAGNOSTIC,    44, -4.367505091741e-01, 1.095655002656e-06, 3.9186e+01, 1.1056e-01, 
DIAGNOSTIC,Iteration,metricValue,convergenceValue,ITERATION_TIME_INDEX,SINCE_LAST
 2DIAGNOSTIC,     1, -4.369024639328e-01, 1.797693134862e+308, 4.7378e+01, 8.1916e+00, 
 2DIAGNOSTIC,     2, -4.386146228452e-01, 1.797693134862e+308, 4.7898e+01, 5.1986e-01, 
 2DIAGNOSTIC,     3, -4.406055828948e-01, 1.797693134862e+308, 4.8418e+01, 5.2014e-01, 
 2DIAGNOSTIC,     4, -4.427339448595e-01, 1.797693134862e+308, 4.8936e+01, 5.1773e-01, 
 2DIAGNOSTIC,     5, -4.452626346763e-01, 1.797693134862e+308, 4.9459e+01, 5.2315e-01, 
 2DIAGNOSTIC,     6, -4.477707468954e-01, 1.797693134862e+308, 5.0081e+01, 6.2193e-01, 
 2DIAGNOSTIC,     7, -4.489386562656e-01, 1.797693134862e+308, 5.0709e+01, 6.2782e-01, 
 2DIAGNOSTIC,     8, -4.492359158850e-01, 1.797693134862e+308, 5.1516e+01, 8.0768e-01, 
 2DIAGNOSTIC,     9, -4.493894088157e-01, 1.797693134862e+308, 5.2036e+01, 5.1989e-01, 
 2DIAGNOSTIC,    10, -4.495369299343e-01, 2.010222824407e-03, 5.2559e+01, 5.2254e-01, 
 2DIAGNOSTIC,    11, -4.499402976308e-01, 1.502520370947e-03, 5.3475e+01, 9.1596e-01, 
 2DIAGNOSTIC,    12, -4.500003738633e-01, 1.038571226921e-03, 5.4294e+01, 8.1934e-01, 
 2DIAGNOSTIC,    13, -4.500150202753e-01, 6.517489697087e-04, 5.5023e+01, 7.2897e-01, 
 2DIAGNOSTIC,    14, -4.500137968433e-01, 3.575116784515e-04, 5.5656e+01, 6.3335e-01, 
 2DIAGNOSTIC,    15, -4.500108507395e-01, 1.751586805143e-04, 5.6301e+01, 6.4468e-01, 
 2DIAGNOSTIC,    16, -4.500048282855e-01, 9.799697165158e-05, 5.6945e+01, 6.4372e-01, 
 2DIAGNOSTIC,    17, -4.499951198169e-01, 6.420663078344e-05, 5.7584e+01, 6.3959e-01, 
 2DIAGNOSTIC,    18, -4.499993151163e-01, 3.921232365993e-05, 5.8225e+01, 6.4079e-01, 
 2DIAGNOSTIC,    19, -4.500006703149e-01, 1.861721276718e-05, 5.8870e+01, 6.4479e-01, 
 2DIAGNOSTIC,    20, -4.499935744139e-01, 2.641097356933e-06, 5.9610e+01, 7.4046e-01, 
DIAGNOSTIC,Iteration,metricValue,convergenceValue,ITERATION_TIME_INDEX,SINCE_LAST
 2DIAGNOSTIC,     1, -3.845553932652e-01, 1.797693134862e+308, 6.8633e+01, 9.0230e+00, 
  Elapsed time (stage 1): 7.1051e+01


Stage 2
  iterations = 100x100x70x50x0
  convergence threshold = 1.0000e-06
  convergence window size = 10
  number of levels = 5
  using the Mattes MI metric (number of bins = 32, weight = 1.0000e+00)
  preprocessing:  winsorizing the image intensities
  Shrink factors (level 1 out of 5): [10, 10, 4]
  Shrink factors (level 2 out of 5): [6, 6, 2]
  Shrink factors (level 3 out of 5): [4, 4, 2]
  Shrink factors (level 4 out of 5): [2, 2, 1]
  Shrink factors (level 5 out of 5): [1, 1, 1]
  smoothing sigmas per level: [5, 3, 2, 1, 0]
  Using default NONE metricSamplingStrategy 

*** Running SyN registration (varianceForUpdateField = 3.0000e+00, varianceForTotalField = 0.0000e+00) ***

XXDIAGNOSTIC,Iteration,metricValue,convergenceValue,ITERATION_TIME_INDEX,SINCE_LAST
 1DIAGNOSTIC,     1, -4.830609933342e-01, 1.797693134862e+308, 2.6395e+01, 2.6395e+01, 
 1DIAGNOSTIC,     2, -4.883311167128e-01, 1.797693134862e+308, 2.6671e+01, 2.7522e-01, 
 1DIAGNOSTIC,     3, -4.928936344329e-01, 1.797693134862e+308, 2.6943e+01, 2.7247e-01, 
 1DIAGNOSTIC,     4, -4.973635119389e-01, 1.797693134862e+308, 2.7212e+01, 2.6884e-01, 
 1DIAGNOSTIC,     5, -5.009024155057e-01, 1.797693134862e+308, 2.7476e+01, 2.6410e-01, 
 1DIAGNOSTIC,     6, -5.037541571315e-01, 1.797693134862e+308, 2.7740e+01, 2.6418e-01, 
 1DIAGNOSTIC,     7, -5.067530816045e-01, 1.797693134862e+308, 2.8004e+01, 2.6330e-01, 
 1DIAGNOSTIC,     8, -5.091756600920e-01, 1.797693134862e+308, 2.8276e+01, 2.7290e-01, 
 1DIAGNOSTIC,     9, -5.112068795183e-01, 1.797693134862e+308, 2.8549e+01, 2.7215e-01, 
 1DIAGNOSTIC,    10, -5.133279075421e-01, 3.780212284590e-03, 2.8824e+01, 2.7524e-01, 
 1DIAGNOSTIC,    11, -5.150500647730e-01, 3.021528516103e-03, 2.9099e+01, 2.7494e-01, 
 1DIAGNOSTIC,    12, -5.168291688219e-01, 2.449598681329e-03, 2.9376e+01, 2.7729e-01, 
 1DIAGNOSTIC,    13, -5.182994494369e-01, 2.004383354511e-03, 2.9652e+01, 2.7593e-01, 
 1DIAGNOSTIC,    14, -5.199584132785e-01, 1.686227935223e-03, 2.9928e+01, 2.7599e-01, 
 1DIAGNOSTIC,    15, -5.210062006733e-01, 1.427460272254e-03, 3.0217e+01, 2.8904e-01, 
 1DIAGNOSTIC,    16, -5.220347430126e-01, 1.205244880036e-03, 3.0498e+01, 2.8099e-01, 
 1DIAGNOSTIC,    17, -5.228969541787e-01, 1.024785512180e-03, 3.0776e+01, 2.7796e-01, 
 1DIAGNOSTIC,    18, -5.240432443017e-01, 8.799605353954e-04, 3.1057e+01, 2.8079e-01, 
 1DIAGNOSTIC,    19, -5.248851761712e-01, 7.521556694708e-04, 3.1338e+01, 2.8155e-01, 
 1DIAGNOSTIC,    20, -5.257920971295e-01, 6.512457589112e-04, 3.1620e+01, 2.8198e-01, 
 1DIAGNOSTIC,    21, -5.264506014316e-01, 5.619874586973e-04, 3.1901e+01, 2.8041e-01, 
 1DIAGNOSTIC,    22, -5.271394250061e-01, 4.904589198813e-04, 3.2192e+01, 2.9079e-01, 
 1DIAGNOSTIC,    23, -5.278121696128e-01, 4.302430951173e-04, 3.2472e+01, 2.8072e-01, 
 1DIAGNOSTIC,    24, -5.280886840976e-01, 3.790578956325e-04, 3.2754e+01, 2.8167e-01, 
 1DIAGNOSTIC,    25, -5.286189068401e-01, 3.313054225749e-04, 3.3038e+01, 2.8396e-01, 
 1DIAGNOSTIC,    26, -5.290539756352e-01, 2.870686894508e-04, 3.3324e+01, 2.8651e-01, 
 1DIAGNOSTIC,    27, -5.295977748662e-01, 2.474787456797e-04, 3.3608e+01, 2.8401e-01, 
 1DIAGNOSTIC,    28, -5.299068665359e-01, 2.158425970754e-04, 3.3895e+01, 2.8685e-01, 
 1DIAGNOSTIC,    29, -5.303452514408e-01, 1.902715482745e-04, 3.4180e+01, 2.8434e-01, 
 1DIAGNOSTIC,    30, -5.305503550257e-01, 1.687577875277e-04, 3.4461e+01, 2.8113e-01, 
 1DIAGNOSTIC,    31, -5.307222017534e-01, 1.472754765819e-04, 3.4740e+01, 2.7886e-01, 
 1DIAGNOSTIC,    32, -5.308995129098e-01, 1.279323619952e-04, 3.5022e+01, 2.8218e-01, 
 1DIAGNOSTIC,    33, -5.311686210012e-01, 1.133661362987e-04, 3.5302e+01, 2.8037e-01, 
 1DIAGNOSTIC,    34, -5.312027421829e-01, 9.381186915364e-05, 3.5582e+01, 2.7971e-01, 
 1DIAGNOSTIC,    35, -5.314279624587e-01, 7.838319920140e-05, 3.5878e+01, 2.9621e-01, 
 1DIAGNOSTIC,    36, -5.314317256232e-01, 6.298088109372e-05, 3.6163e+01, 2.8447e-01, 
 1DIAGNOSTIC,    37, -5.315181909597e-01, 5.181842917935e-05, 3.6450e+01, 2.8709e-01, 
 1DIAGNOSTIC,    38, -5.315874233632e-01, 4.168692816246e-05, 3.6732e+01, 2.8266e-01, 
 1DIAGNOSTIC,    39, -5.319161518520e-01, 3.888407683180e-05, 3.7017e+01, 2.8421e-01, 
 1DIAGNOSTIC,    40, -5.318938802133e-01, 3.496394765777e-05, 3.7305e+01, 2.8888e-01, 
 1DIAGNOSTIC,    41, -5.319367118441e-01, 3.088207897104e-05, 3.7591e+01, 2.8544e-01, 
 1DIAGNOSTIC,    42, -5.319905568236e-01, 2.710960275919e-05, 3.7877e+01, 2.8604e-01, 
 1DIAGNOSTIC,    43, -5.322642749436e-01, 2.785414746028e-05, 3.8161e+01, 2.8391e-01, 
 1DIAGNOSTIC,    44, -5.320951909984e-01, 2.409056157299e-05, 3.8446e+01, 2.8494e-01, 
 1DIAGNOSTIC,    45, -5.322346960578e-01, 2.280141391396e-05, 3.8731e+01, 2.8567e-01, 
 1DIAGNOSTIC,    46, -5.323405011493e-01, 2.076974692319e-05, 3.9020e+01, 2.8867e-01, 
 1DIAGNOSTIC,    47, -5.323112489543e-01, 1.751557516191e-05, 3.9303e+01, 2.8249e-01, 
 1DIAGNOSTIC,    48, -5.324184675444e-01, 1.468875050378e-05, 3.9584e+01, 2.8109e-01, 
 1DIAGNOSTIC,    49, -5.328285309959e-01, 1.885408832381e-05, 3.9866e+01, 2.8230e-01, 
 1DIAGNOSTIC,    50, -5.327655366860e-01, 2.008009035898e-05, 4.0148e+01, 2.8225e-01, 
 1DIAGNOSTIC,    51, -5.326968477528e-01, 1.917525570221e-05, 4.0432e+01, 2.8420e-01, 
 1DIAGNOSTIC,    52, -5.330135667917e-01, 2.039806352355e-05, 4.0719e+01, 2.8646e-01, 
 1DIAGNOSTIC,    53, -5.330257664749e-01, 2.254560051779e-05, 4.1003e+01, 2.8433e-01, 
 1DIAGNOSTIC,    54, -5.331430559467e-01, 2.190651482286e-05, 4.1284e+01, 2.8089e-01, 
 1DIAGNOSTIC,    55, -5.331495894648e-01, 2.068727436407e-05, 4.1563e+01, 2.7898e-01, 
 1DIAGNOSTIC,    56, -5.331466305918e-01, 1.867955600775e-05, 4.1842e+01, 2.7903e-01, 
 1DIAGNOSTIC,    57, -5.331695646763e-01, 1.492332122414e-05, 4.2122e+01, 2.7956e-01, 
 1DIAGNOSTIC,    58, -5.332747647090e-01, 1.175447788513e-05, 4.2404e+01, 2.8225e-01, 
 1DIAGNOSTIC,    59, -5.334829795591e-01, 1.330987753437e-05, 4.2684e+01, 2.8022e-01, 
 1DIAGNOSTIC,    60, -5.333237015252e-01, 1.158865550803e-05, 4.2966e+01, 2.8227e-01, 
 1DIAGNOSTIC,    61, -5.333571711398e-01, 8.564252811753e-06, 4.3245e+01, 2.7857e-01, 
 1DIAGNOSTIC,    62, -5.334411000084e-01, 8.373278458460e-06, 4.3523e+01, 2.7767e-01, 
 1DIAGNOSTIC,    63, -5.331889900812e-01, 5.280507255023e-06, 4.3801e+01, 2.7810e-01, 
 1DIAGNOSTIC,    64, -5.332281554838e-01, 3.197490028736e-06, 4.4078e+01, 2.7747e-01, 
 1DIAGNOSTIC,    65, -5.332645263267e-01, 1.286297098644e-06, 4.4356e+01, 2.7792e-01, 
 1DIAGNOSTIC,    66, -5.332627332505e-01, -6.888945426539e-07, 4.4635e+01, 2.7845e-01, 
XXDIAGNOSTIC,Iteration,metricValue,convergenceValue,ITERATION_TIME_INDEX,SINCE_LAST
 1DIAGNOSTIC,     1, -4.762220872204e-01, 1.797693134862e+308, 6.0556e+01, 1.5922e+01, 
 1DIAGNOSTIC,     2, -4.786966220758e-01, 1.797693134862e+308, 6.1809e+01, 1.2529e+00, 
 1DIAGNOSTIC,     3, -4.811087682702e-01, 1.797693134862e+308, 6.3101e+01, 1.2921e+00, 
 1DIAGNOSTIC,     4, -4.835731371993e-01, 1.797693134862e+308, 6.4367e+01, 1.2661e+00, 
 1DIAGNOSTIC,     5, -4.857208121679e-01, 1.797693134862e+308, 6.5592e+01, 1.2244e+00, 
 1DIAGNOSTIC,     6, -4.875338385797e-01, 1.797693134862e+308, 6.6816e+01, 1.2244e+00, 
 1DIAGNOSTIC,     7, -4.892217899909e-01, 1.797693134862e+308, 6.8047e+01, 1.2307e+00, 
 1DIAGNOSTIC,     8, -4.906426362507e-01, 1.797693134862e+308, 6.9311e+01, 1.2642e+00, 
 1DIAGNOSTIC,     9, -4.918974060989e-01, 1.797693134862e+308, 7.0572e+01, 1.2608e+00, 
 1DIAGNOSTIC,    10, -4.930389429339e-01, 2.225279600188e-03, 7.1831e+01, 1.2588e+00, 
 1DIAGNOSTIC,    11, -4.940434093983e-01, 1.818623328232e-03, 7.3120e+01, 1.2888e+00, 
 1DIAGNOSTIC,    12, -4.949519174802e-01, 1.480431006605e-03, 7.4416e+01, 1.2965e+00, 
 1DIAGNOSTIC,    13, -4.956854312361e-01, 1.200563077220e-03, 7.5712e+01, 1.2957e+00, 
 1DIAGNOSTIC,    14, -4.964055173752e-01, 9.833020163521e-04, 7.6995e+01, 1.2837e+00, 
 1DIAGNOSTIC,    15, -4.970050206814e-01, 8.110751857370e-04, 7.8279e+01, 1.2839e+00, 
 1DIAGNOSTIC,    16, -4.975450896683e-01, 6.707745124780e-04, 7.9549e+01, 1.2699e+00, 
 1DIAGNOSTIC,    17, -4.980179555518e-01, 5.585445360709e-04, 8.0817e+01, 1.2679e+00, 
 1DIAGNOSTIC,    18, -4.984320462144e-01, 4.659462093741e-04, 8.2081e+01, 1.2638e+00, 
 1DIAGNOSTIC,    19, -4.988393530760e-01, 3.902718292572e-04, 8.3352e+01, 1.2708e+00, 
 1DIAGNOSTIC,    20, -4.992146789647e-01, 3.294861534481e-04, 8.4615e+01, 1.2635e+00, 
 1DIAGNOSTIC,    21, -4.995312740157e-01, 2.799180678586e-04, 8.5878e+01, 1.2630e+00, 
 1DIAGNOSTIC,    22, -4.998506009620e-01, 2.408582746330e-04, 8.7142e+01, 1.2642e+00, 
 1DIAGNOSTIC,    23, -5.002102379808e-01, 2.099305741521e-04, 8.8415e+01, 1.2729e+00, 
 1DIAGNOSTIC,    24, -5.004415090768e-01, 1.846025801954e-04, 8.9693e+01, 1.2777e+00, 
 1DIAGNOSTIC,    25, -5.006855553788e-01, 1.633651872824e-04, 9.0961e+01, 1.2677e+00, 
 1DIAGNOSTIC,    26, -5.010079163069e-01, 1.474707025914e-04, 9.2228e+01, 1.2669e+00, 
 1DIAGNOSTIC,    27, -5.012587796347e-01, 1.341918572434e-04, 9.3496e+01, 1.2680e+00, 
 1DIAGNOSTIC,    28, -5.014848777170e-01, 1.222956866775e-04, 9.4774e+01, 1.2787e+00, 
 1DIAGNOSTIC,    29, -5.016841966466e-01, 1.117023823342e-04, 9.6055e+01, 1.2809e+00, 
 1DIAGNOSTIC,    30, -5.018682770073e-01, 1.020039907801e-04, 9.7344e+01, 1.2887e+00, 
 1DIAGNOSTIC,    31, -5.020201819448e-01, 9.193187414280e-05, 9.8629e+01, 1.2856e+00, 
 1DIAGNOSTIC,    32, -5.021821976922e-01, 8.236864519817e-05, 9.9917e+01, 1.2871e+00, 
 1DIAGNOSTIC,    33, -5.023809364137e-01, 7.532407482687e-05, 1.0120e+02, 1.2872e+00, 
 1DIAGNOSTIC,    34, -5.025012627431e-01, 6.748862400913e-05, 1.0249e+02, 1.2828e+00, 
 1DIAGNOSTIC,    35, -5.026194772106e-01, 5.963370644375e-05, 1.0377e+02, 1.2808e+00, 
 1DIAGNOSTIC,    36, -5.028196726423e-01, 5.489920489446e-05, 1.0508e+02, 1.3175e+00, 
 1DIAGNOSTIC,    37, -5.029307133136e-01, 5.077472294905e-05, 1.0638e+02, 1.2994e+00, 
 1DIAGNOSTIC,    38, -5.030304320781e-01, 4.696534076848e-05, 1.0768e+02, 1.2957e+00, 
 1DIAGNOSTIC,    39, -5.031340670263e-01, 4.337405045861e-05, 1.0897e+02, 1.2890e+00, 
 1DIAGNOSTIC,    40, -5.032848450298e-01, 4.066623969615e-05, 1.1026e+02, 1.2906e+00, 
 1DIAGNOSTIC,    41, -5.034248050145e-01, 3.827907797106e-05, 1.1156e+02, 1.2987e+00, 
 1DIAGNOSTIC,    42, -5.035486830657e-01, 3.624204537513e-05, 1.1285e+02, 1.2922e+00, 
 1DIAGNOSTIC,    43, -5.036573164909e-01, 3.499118177227e-05, 1.1414e+02, 1.2913e+00, 
 1DIAGNOSTIC,    44, -5.037314722422e-01, 3.303662044276e-05, 1.1542e+02, 1.2736e+00, 
 1DIAGNOSTIC,    45, -5.038010965825e-01, 3.040264424462e-05, 1.1668e+02, 1.2675e+00, 
 1DIAGNOSTIC,    46, -5.038532505173e-01, 2.814122814556e-05, 1.1795e+02, 1.2698e+00, 
 1DIAGNOSTIC,    47, -5.039480741660e-01, 2.583268098147e-05, 1.1922e+02, 1.2711e+00, 
 1DIAGNOSTIC,    48, -5.040885036332e-01, 2.404151215180e-05, 1.2049e+02, 1.2694e+00, 
 1DIAGNOSTIC,    49, -5.041773774552e-01, 2.227496112471e-05, 1.2176e+02, 1.2710e+00, 
 1DIAGNOSTIC,    50, -5.041971361449e-01, 2.043518566529e-05, 1.2304e+02, 1.2750e+00, 
 1DIAGNOSTIC,    51, -5.042477449692e-01, 1.890574512391e-05, 1.2431e+02, 1.2720e+00, 
 1DIAGNOSTIC,    52, -5.043490287982e-01, 1.811806950094e-05, 1.2559e+02, 1.2785e+00, 
 1DIAGNOSTIC,    53, -5.044087926939e-01, 1.743458513021e-05, 1.2686e+02, 1.2727e+00, 
 1DIAGNOSTIC,    54, -5.044838370393e-01, 1.672004064198e-05, 1.2813e+02, 1.2720e+00, 
 1DIAGNOSTIC,    55, -5.045554998381e-01, 1.596136148546e-05, 1.2941e+02, 1.2776e+00, 
 1DIAGNOSTIC,    56, -5.045646286748e-01, 1.436612469263e-05, 1.3069e+02, 1.2767e+00, 
 1DIAGNOSTIC,    57, -5.046373789029e-01, 1.314813102499e-05, 1.3198e+02, 1.2875e+00, 
 1DIAGNOSTIC,    58, -5.047304758843e-01, 1.301787183779e-05, 1.3327e+02, 1.2902e+00, 
 1DIAGNOSTIC,    59, -5.047591852106e-01, 1.281250329135e-05, 1.3456e+02, 1.2962e+00, 
 1DIAGNOSTIC,    60, -5.048232865716e-01, 1.223688490765e-05, 1.3586e+02, 1.2997e+00, 
 1DIAGNOSTIC,    61, -5.048710040230e-01, 1.145728720289e-05, 1.3715e+02, 1.2833e+00, 
 1DIAGNOSTIC,    62, -5.049530395266e-01, 1.132178607099e-05, 1.3843e+02, 1.2876e+00, 
 1DIAGNOSTIC,    63, -5.049909210096e-01, 1.099847324747e-05, 1.3972e+02, 1.2902e+00, 
 1DIAGNOSTIC,    64, -5.050256486429e-01, 1.064140332448e-05, 1.4103e+02, 1.3028e+00, 
 1DIAGNOSTIC,    65, -5.050590854378e-01, 1.025269792791e-05, 1.4233e+02, 1.3073e+00, 
 1DIAGNOSTIC,    66, -5.050764754415e-01, 9.149317760755e-06, 1.4363e+02, 1.2954e+00, 
 1DIAGNOSTIC,    67, -5.050668434466e-01, 7.759177481040e-06, 1.4494e+02, 1.3091e+00, 
 1DIAGNOSTIC,    68, -5.051696360795e-01, 7.352630743095e-06, 1.4623e+02, 1.2882e+00, 
 1DIAGNOSTIC,    69, -5.051762105401e-01, 6.556361240414e-06, 1.4753e+02, 1.3069e+00, 
 1DIAGNOSTIC,    70, -5.051330747387e-01, 5.369233781135e-06, 1.4883e+02, 1.3009e+00, 
 1DIAGNOSTIC,    71, -5.051584514318e-01, 4.337787785512e-06, 1.5013e+02, 1.2912e+00, 
 1DIAGNOSTIC,    72, -5.051509420636e-01, 3.536589416764e-06, 1.5141e+02, 1.2811e+00, 
 1DIAGNOSTIC,    73, -5.051685505394e-01, 2.874148732356e-06, 1.5268e+02, 1.2773e+00, 
 1DIAGNOSTIC,    74, -5.052019362083e-01, 2.506971821241e-06, 1.5395e+02, 1.2639e+00, 
 1DIAGNOSTIC,    75, -5.052023555854e-01, 2.212177959482e-06, 1.5522e+02, 1.2676e+00, 
 1DIAGNOSTIC,    76, -5.051758944886e-01, 1.700672498748e-06, 1.5648e+02, 1.2675e+00, 
 1DIAGNOSTIC,    77, -5.051374450512e-01, 7.076034826969e-07, 1.5775e+02, 1.2659e+00, 
XXDIAGNOSTIC,Iteration,metricValue,convergenceValue,ITERATION_TIME_INDEX,SINCE_LAST
 1DIAGNOSTIC,     1, -4.705916824184e-01, 1.797693134862e+308, 1.6848e+02, 1.0734e+01, 
 1DIAGNOSTIC,     2, -4.722805889033e-01, 1.797693134862e+308, 1.7118e+02, 2.6999e+00, 
 1DIAGNOSTIC,     3, -4.736099897134e-01, 1.797693134862e+308, 1.7393e+02, 2.7518e+00, 
 1DIAGNOSTIC,     4, -4.748276103162e-01, 1.797693134862e+308, 1.7663e+02, 2.6987e+00, 
 1DIAGNOSTIC,     5, -4.758402147797e-01, 1.797693134862e+308, 1.7934e+02, 2.7100e+00, 
 1DIAGNOSTIC,     6, -4.767464778304e-01, 1.797693134862e+308, 1.8203e+02, 2.6913e+00, 
 1DIAGNOSTIC,     7, -4.774984204106e-01, 1.797693134862e+308, 1.8481e+02, 2.7776e+00, 
 1DIAGNOSTIC,     8, -4.782265523577e-01, 1.797693134862e+308, 1.8753e+02, 2.7206e+00, 
 1DIAGNOSTIC,     9, -4.787892615242e-01, 1.797693134862e+308, 1.9034e+02, 2.8104e+00, 
 1DIAGNOSTIC,    10, -4.792819870657e-01, 1.139036640601e-03, 1.9311e+02, 2.7695e+00, 
 1DIAGNOSTIC,    11, -4.796713814145e-01, 8.909939102883e-04, 1.9588e+02, 2.7702e+00, 
 1DIAGNOSTIC,    12, -4.800083604212e-01, 7.045812363132e-04, 1.9865e+02, 2.7699e+00, 
 1DIAGNOSTIC,    13, -4.804841612863e-01, 5.654347026935e-04, 2.0198e+02, 3.3233e+00, 
 1DIAGNOSTIC,    14, -4.808002733691e-01, 4.594694437176e-04, 2.0475e+02, 2.7720e+00, 
 1DIAGNOSTIC,    15, -4.810319344617e-01, 3.748159450468e-04, 2.0752e+02, 2.7675e+00, 
 1DIAGNOSTIC,    16, -4.813399660178e-01, 3.115064825715e-04, 2.1028e+02, 2.7664e+00, 
 1DIAGNOSTIC,    17, -4.815859646414e-01, 2.615759980108e-04, 2.1312e+02, 2.8351e+00, 
 1DIAGNOSTIC,    18, -4.817907172866e-01, 2.236055144214e-04, 2.1592e+02, 2.7989e+00, 
 1DIAGNOSTIC,    19, -4.820157945049e-01, 1.934440636284e-04, 2.1869e+02, 2.7708e+00, 
 1DIAGNOSTIC,    20, -4.821509829740e-01, 1.669926643472e-04, 2.2148e+02, 2.7948e+00, 
 1DIAGNOSTIC,    21, -4.823136622851e-01, 1.431849960925e-04, 2.2431e+02, 2.8285e+00, 
 1DIAGNOSTIC,    22, -4.824684365736e-01, 1.212923722970e-04, 2.2709e+02, 2.7826e+00, 
 1DIAGNOSTIC,    23, -4.825833289034e-01, 1.051739968393e-04, 2.2987e+02, 2.7762e+00, 
 1DIAGNOSTIC,    24, -4.826830941611e-01, 9.089338405139e-05, 2.3266e+02, 2.7890e+00, 
 1DIAGNOSTIC,    25, -4.828050830572e-01, 7.762052151328e-05, 2.3550e+02, 2.8436e+00, 
 1DIAGNOSTIC,    26, -4.828896044229e-01, 6.703076159407e-05, 2.3829e+02, 2.7899e+00, 
 1DIAGNOSTIC,    27, -4.829832346509e-01, 5.840344809636e-05, 2.4107e+02, 2.7818e+00, 
 1DIAGNOSTIC,    28, -4.830537662886e-01, 5.072615432045e-05, 2.4385e+02, 2.7789e+00, 
 1DIAGNOSTIC,    29, -4.831217519569e-01, 4.485640655295e-05, 2.4668e+02, 2.8243e+00, 
 1DIAGNOSTIC,    30, -4.831778412277e-01, 3.895646438355e-05, 2.4945e+02, 2.7767e+00, 
 1DIAGNOSTIC,    31, -4.832464637466e-01, 3.420864087170e-05, 2.5223e+02, 2.7756e+00, 
 1DIAGNOSTIC,    32, -4.833072507736e-01, 3.055888419046e-05, 2.5501e+02, 2.7837e+00, 
 1DIAGNOSTIC,    33, -4.833479763056e-01, 2.708721099039e-05, 2.5784e+02, 2.8275e+00, 
 1DIAGNOSTIC,    34, -4.834133718847e-01, 2.418349953189e-05, 2.6061e+02, 2.7704e+00, 
 1DIAGNOSTIC,    35, -4.834706598498e-01, 2.223535621197e-05, 2.6339e+02, 2.7842e+00, 
 1DIAGNOSTIC,    36, -4.834837353363e-01, 1.993128863440e-05, 2.6617e+02, 2.7749e+00, 
 1DIAGNOSTIC,    37, -4.835314077185e-01, 1.819364060976e-05, 2.6900e+02, 2.8258e+00, 
 1DIAGNOSTIC,    38, -4.835751972944e-01, 1.665206652326e-05, 2.7178e+02, 2.7879e+00, 
 1DIAGNOSTIC,    39, -4.836371266278e-01, 1.562668124786e-05, 2.7457e+02, 2.7852e+00, 
 1DIAGNOSTIC,    40, -4.836492079069e-01, 1.421449447636e-05, 2.7738e+02, 2.8074e+00, 
 1DIAGNOSTIC,    41, -4.836782590494e-01, 1.300417057171e-05, 2.8022e+02, 2.8470e+00, 
 1DIAGNOSTIC,    42, -4.836872603636e-01, 1.166477555798e-05, 2.8306e+02, 2.8325e+00, 
 1DIAGNOSTIC,    43, -4.837546858622e-01, 1.080739307848e-05, 2.8585e+02, 2.7935e+00, 
 1DIAGNOSTIC,    44, -4.837573243374e-01, 9.896444373103e-06, 2.8863e+02, 2.7821e+00, 
 1DIAGNOSTIC,    45, -4.837773113263e-01, 9.180169318751e-06, 2.9145e+02, 2.8214e+00, 
 1DIAGNOSTIC,    46, -4.837697994492e-01, 7.758388119453e-06, 2.9422e+02, 2.7687e+00, 
 1DIAGNOSTIC,    47, -4.837809096905e-01, 6.455843470438e-06, 2.9701e+02, 2.7859e+00, 
 1DIAGNOSTIC,    48, -4.837978670355e-01, 5.372329817111e-06, 2.9980e+02, 2.7914e+00, 
 1DIAGNOSTIC,    49, -4.837873478301e-01, 4.493506001207e-06, 3.0263e+02, 2.8338e+00, 
 1DIAGNOSTIC,    50, -4.838413099953e-01, 4.070440245110e-06, 3.0541e+02, 2.7745e+00, 
 1DIAGNOSTIC,    51, -4.838379907413e-01, 3.623819666697e-06, 3.0818e+02, 2.7690e+00, 
 1DIAGNOSTIC,    52, -4.838874160915e-01, 3.556277991014e-06, 3.1097e+02, 2.7994e+00, 
 1DIAGNOSTIC,    53, -4.838976273288e-01, 4.064501968104e-06, 3.1380e+02, 2.8222e+00, 
 1DIAGNOSTIC,    54, -4.838929304220e-01, 4.195509815785e-06, 3.1657e+02, 2.7749e+00, 
 1DIAGNOSTIC,    55, -4.839056356823e-01, 4.335367443094e-06, 3.1934e+02, 2.7724e+00, 
 1DIAGNOSTIC,    56, -4.839366640537e-01, 4.348156166060e-06, 3.2212e+02, 2.7743e+00, 
 1DIAGNOSTIC,    57, -4.839392669470e-01, 4.124936627357e-06, 3.2495e+02, 2.8307e+00, 
 1DIAGNOSTIC,    58, -4.839223396567e-01, 3.577988416766e-06, 3.2773e+02, 2.7797e+00, 
 1DIAGNOSTIC,    59, -4.839748346958e-01, 3.180624607056e-06, 3.3051e+02, 2.7772e+00, 
 1DIAGNOSTIC,    60, -4.839281281987e-01, 2.603113098718e-06, 3.3328e+02, 2.7718e+00, 
 1DIAGNOSTIC,    61, -4.839263841650e-01, 1.793945076500e-06, 3.3610e+02, 2.8214e+00, 
 1DIAGNOSTIC,    62, -4.839567752438e-01, 1.649028725528e-06, 3.3889e+02, 2.7872e+00, 
 1DIAGNOSTIC,    63, -4.839021739470e-01, 9.767764197442e-07, 3.4166e+02, 2.7747e+00, 
XXDIAGNOSTIC,Iteration,metricValue,convergenceValue,ITERATION_TIME_INDEX,SINCE_LAST
 1DIAGNOSTIC,     1, -3.912175615965e-01, 1.797693134862e+308, 3.7050e+02, 2.8838e+01, 
 1DIAGNOSTIC,     2, -3.922706698079e-01, 1.797693134862e+308, 3.9099e+02, 2.0486e+01, 
 1DIAGNOSTIC,     3, -3.932950264630e-01, 1.797693134862e+308, 4.1164e+02, 2.0653e+01, 
 1DIAGNOSTIC,     4, -3.942881637316e-01, 1.797693134862e+308, 4.3208e+02, 2.0440e+01, 
 1DIAGNOSTIC,     5, -3.952546527305e-01, 1.797693134862e+308, 4.5327e+02, 2.1193e+01, 
slurmstepd: error: *** JOB 4099812 ON wbic-csm-5 CANCELLED AT 2019-10-22T18:45:42 DUE TO TIME LIMIT ***
