Changed directory to /lustre/scratch/wbic-beta/ccn30/ENCRYPT/fMRI/gridcellpilot/scripts/coregistration/slurmoutputs.

JobID: 6246103
======
Time: Mon Feb  8 13:03:16 GMT 2021
Running on master node: wbic-cs-8
Current directory: /lustre/scratch/wbic-beta/ccn30/ENCRYPT/fMRI/gridcellpilot/scripts/coregistration/slurmoutputs

Nodes allocated:
================
wbic-cs-8

numtasks=1, numnodes=1, mpi_tasks_per_node=1 (OMP_NUM_THREADS=1)

Executing command:
==================
/lustre/scratch/wbic-beta/ccn30/ENCRYPT/fMRI/gridcellpilot/scripts/coregistration/coreg_MasksxEPI.sh 29336/20190903_U-ID46066

******** starting 29336 ********

--------------------------------------------------------------------------------------
 Mapping parameters
--------------------------------------------------------------------------------------
 ANTSPATH is /applications/ANTS/ANTs-2.3.4/install/bin/

 Dimensionality:           3
 Output name prefix:       /lustre/scratch/wbic-beta/ccn30/ENCRYPT/fMRI/gridcellpilot/preprocessed_data/segmentation/29336/coregistration/T1xStudyTemplate_
 Fixed images:             /home/ccn30/ENCRYPT/atlases/templates/ECtemplatemasks2015/Study_template_wholeBrain.nii
 Moving images:            /lustre/scratch/wbic-beta/ccn30/ENCRYPT/fMRI/gridcellpilot/raw_data/images/29336/20190903_U-ID46066/mp2rage/denoiseRn4mag0000_PSIR_skulled_std.nii
 Mask images:              
 Initial transforms:       
 Number of threads:        1
 Spline distance:          26
 Transform type:           s
 CC radius:                4
 Precision:                d
 Use histogram matching    0
======================================================================================
 antsRegistration call:
--------------------------------------------------------------------------------------
/applications/ANTS/ANTs-2.3.4/install/bin//antsRegistration --verbose 1 --dimensionality 3 --float 0 --collapse-output-transforms 1 --output [ /lustre/scratch/wbic-beta/ccn30/ENCRYPT/fMRI/gridcellpilot/preprocessed_data/segmentation/29336/coregistration/T1xStudyTemplate_,/lustre/scratch/wbic-beta/ccn30/ENCRYPT/fMRI/gridcellpilot/preprocessed_data/segmentation/29336/coregistration/T1xStudyTemplate_Warped.nii.gz,/lustre/scratch/wbic-beta/ccn30/ENCRYPT/fMRI/gridcellpilot/preprocessed_data/segmentation/29336/coregistration/T1xStudyTemplate_InverseWarped.nii.gz ] --interpolation Linear --use-histogram-matching 0 --winsorize-image-intensities [ 0.005,0.995 ] --initial-moving-transform [ /home/ccn30/ENCRYPT/atlases/templates/ECtemplatemasks2015/Study_template_wholeBrain.nii,/lustre/scratch/wbic-beta/ccn30/ENCRYPT/fMRI/gridcellpilot/raw_data/images/29336/20190903_U-ID46066/mp2rage/denoiseRn4mag0000_PSIR_skulled_std.nii,1 ] --transform Rigid[ 0.1 ] --metric MI[ /home/ccn30/ENCRYPT/atlases/templates/ECtemplatemasks2015/Study_template_wholeBrain.nii,/lustre/scratch/wbic-beta/ccn30/ENCRYPT/fMRI/gridcellpilot/raw_data/images/29336/20190903_U-ID46066/mp2rage/denoiseRn4mag0000_PSIR_skulled_std.nii,1,32,Regular,0.25 ] --convergence [ 1000x500x250x100,1e-6,10 ] --shrink-factors 12x8x4x2 --smoothing-sigmas 4x3x2x1vox --transform Affine[ 0.1 ] --metric MI[ /home/ccn30/ENCRYPT/atlases/templates/ECtemplatemasks2015/Study_template_wholeBrain.nii,/lustre/scratch/wbic-beta/ccn30/ENCRYPT/fMRI/gridcellpilot/raw_data/images/29336/20190903_U-ID46066/mp2rage/denoiseRn4mag0000_PSIR_skulled_std.nii,1,32,Regular,0.25 ] --convergence [ 1000x500x250x100,1e-6,10 ] --shrink-factors 12x8x4x2 --smoothing-sigmas 4x3x2x1vox --transform SyN[ 0.1,3,0 ] --metric CC[ /home/ccn30/ENCRYPT/atlases/templates/ECtemplatemasks2015/Study_template_wholeBrain.nii,/lustre/scratch/wbic-beta/ccn30/ENCRYPT/fMRI/gridcellpilot/raw_data/images/29336/20190903_U-ID46066/mp2rage/denoiseRn4mag0000_PSIR_skulled_std.nii,1,4 ] --convergence [ 100x100x70x50x20,1e-6,10 ] --shrink-factors 10x6x4x2x1 --smoothing-sigmas 5x3x2x1x0vox
--------------------------------------------------------------------------------------
All_Command_lines_OK
Using double precision for computations.
=============================================================================
The composite transform comprises the following transforms (in order): 
  1. Center of mass alignment using fixed image: /home/ccn30/ENCRYPT/atlases/templates/ECtemplatemasks2015/Study_template_wholeBrain.nii and moving image: /lustre/scratch/wbic-beta/ccn30/ENCRYPT/fMRI/gridcellpilot/raw_data/images/29336/20190903_U-ID46066/mp2rage/denoiseRn4mag0000_PSIR_skulled_std.nii (type = Euler3DTransform)
=============================================================================
  number of levels = 4
  number of levels = 4
  number of levels = 5
  fixed image: /home/ccn30/ENCRYPT/atlases/templates/ECtemplatemasks2015/Study_template_wholeBrain.nii
  moving image: /lustre/scratch/wbic-beta/ccn30/ENCRYPT/fMRI/gridcellpilot/raw_data/images/29336/20190903_U-ID46066/mp2rage/denoiseRn4mag0000_PSIR_skulled_std.nii
  fixed image: /home/ccn30/ENCRYPT/atlases/templates/ECtemplatemasks2015/Study_template_wholeBrain.nii
  moving image: /lustre/scratch/wbic-beta/ccn30/ENCRYPT/fMRI/gridcellpilot/raw_data/images/29336/20190903_U-ID46066/mp2rage/denoiseRn4mag0000_PSIR_skulled_std.nii
  fixed image: /home/ccn30/ENCRYPT/atlases/templates/ECtemplatemasks2015/Study_template_wholeBrain.nii
  moving image: /lustre/scratch/wbic-beta/ccn30/ENCRYPT/fMRI/gridcellpilot/raw_data/images/29336/20190903_U-ID46066/mp2rage/denoiseRn4mag0000_PSIR_skulled_std.nii
Dimension = 3
Number of stages = 3
Use Histogram Matching false
Winsorize image intensities true
Lower quantile = 0.005
Upper quantile = 0.995
Stage 1 State
   Image metric = Mattes
     Fixed image = Image (0x4c8f550)
  RTTI typeinfo:   itk::Image<double, 3u>
  Reference Count: 2
  Modified Time: 1735
  Debug: Off
  Object Name: 
  Observers: 
    none
  Source: (none)
  Source output name: (none)
  Release Data: Off
  Data Released: False
  Global Release Data: Off
  PipelineMTime: 0
  UpdateMTime: 1518
  RealTimeStamp: 0 seconds 
  LargestPossibleRegion: 
    Dimension: 3
    Index: [0, 0, 0]
    Size: [384, 384, 288]
  BufferedRegion: 
    Dimension: 3
    Index: [0, 0, 0]
    Size: [384, 384, 288]
  RequestedRegion: 
    Dimension: 3
    Index: [0, 0, 0]
    Size: [384, 384, 288]
  Spacing: [0.598958, 0.598958, 0.599937]
  Origin: [85.9044, -155.274, 91.0901]
  Direction: 
-0 0 -1
1 -0 0
0 -1 0

  IndexToPointMatrix: 
0 0 -0.599937
0.598958 0 0
0 -0.598958 0

  PointToIndexMatrix: 
0 1.66957 0
0 0 -1.66957
-1.66684 0 0

  Inverse Direction: 
0 1 0
0 0 -1
-1 0 0

  PixelContainer: 
    ImportImageContainer (0x4c94880)
      RTTI typeinfo:   itk::ImportImageContainer<unsigned long, double>
      Reference Count: 1
      Modified Time: 1515
      Debug: Off
      Object Name: 
      Observers: 
        none
      Pointer: 0x2b0569e60010
      Container manages memory: true
      Size: 42467328
      Capacity: 42467328

     Moving image = Image (0x4c8d2f0)
  RTTI typeinfo:   itk::Image<double, 3u>
  Reference Count: 2
  Modified Time: 1736
  Debug: Off
  Object Name: 
  Observers: 
    none
  Source: (none)
  Source output name: (none)
  Release Data: Off
  Data Released: False
  Global Release Data: Off
  PipelineMTime: 0
  UpdateMTime: 1733
  RealTimeStamp: 0 seconds 
  LargestPossibleRegion: 
    Dimension: 3
    Index: [0, 0, 0]
    Size: [224, 320, 320]
  BufferedRegion: 
    Dimension: 3
    Index: [0, 0, 0]
    Size: [224, 320, 320]
  RequestedRegion: 
    Dimension: 3
    Index: [0, 0, 0]
    Size: [224, 320, 320]
  Spacing: [0.699997, 0.7, 0.7]
  Origin: [-80.5294, 72.2492, -124.937]
  Direction: 
1 0 0
0 -1 0
0 0 1

  IndexToPointMatrix: 
0.699997 0 0
0 -0.7 0
0 0 0.7

  PointToIndexMatrix: 
1.42858 0 0
0 -1.42857 0
0 0 1.42857

  Inverse Direction: 
1 0 0
0 -1 0
0 0 1

  PixelContainer: 
    ImportImageContainer (0x4c9b3f0)
      RTTI typeinfo:   itk::ImportImageContainer<unsigned long, double>
      Reference Count: 1
      Modified Time: 1730
      Debug: Off
      Object Name: 
      Observers: 
        none
      Pointer: 0x2b057e261010
      Container manages memory: true
      Size: 22937600
      Capacity: 22937600

     Weighting = 1
     Sampling strategy = regular
     Number of bins = 32
     Radius = 4
     Sampling percentage  = 0.25
   Transform = Rigid
     Gradient step = 0.1
     Update field sigma (voxel space) = 0
     Total field sigma (voxel space) = 0
     Update field time sigma = 0
     Total field time sigma  = 0
     Number of time indices = 0
     Number of time point samples = 0
Stage 2 State
   Image metric = Mattes
     Fixed image = Image (0x4c8f860)
  RTTI typeinfo:   itk::Image<double, 3u>
  Reference Count: 2
  Modified Time: 2167
  Debug: Off
  Object Name: 
  Observers: 
    none
  Source: (none)
  Source output name: (none)
  Release Data: Off
  Data Released: False
  Global Release Data: Off
  PipelineMTime: 0
  UpdateMTime: 1950
  RealTimeStamp: 0 seconds 
  LargestPossibleRegion: 
    Dimension: 3
    Index: [0, 0, 0]
    Size: [384, 384, 288]
  BufferedRegion: 
    Dimension: 3
    Index: [0, 0, 0]
    Size: [384, 384, 288]
  RequestedRegion: 
    Dimension: 3
    Index: [0, 0, 0]
    Size: [384, 384, 288]
  Spacing: [0.598958, 0.598958, 0.599937]
  Origin: [85.9044, -155.274, 91.0901]
  Direction: 
-0 0 -1
1 -0 0
0 -1 0

  IndexToPointMatrix: 
0 0 -0.599937
0.598958 0 0
0 -0.598958 0

  PointToIndexMatrix: 
0 1.66957 0
0 0 -1.66957
-1.66684 0 0

  Inverse Direction: 
0 1 0
0 0 -1
-1 0 0

  PixelContainer: 
    ImportImageContainer (0x4c97be0)
      RTTI typeinfo:   itk::ImportImageContainer<unsigned long, double>
      Reference Count: 1
      Modified Time: 1947
      Debug: Off
      Object Name: 
      Observers: 
        none
      Pointer: 0x2b0589162010
      Container manages memory: true
      Size: 42467328
      Capacity: 42467328

     Moving image = Image (0x4c8faf0)
  RTTI typeinfo:   itk::Image<double, 3u>
  Reference Count: 2
  Modified Time: 2168
  Debug: Off
  Object Name: 
  Observers: 
    none
  Source: (none)
  Source output name: (none)
  Release Data: Off
  Data Released: False
  Global Release Data: Off
  PipelineMTime: 0
  UpdateMTime: 2165
  RealTimeStamp: 0 seconds 
  LargestPossibleRegion: 
    Dimension: 3
    Index: [0, 0, 0]
    Size: [224, 320, 320]
  BufferedRegion: 
    Dimension: 3
    Index: [0, 0, 0]
    Size: [224, 320, 320]
  RequestedRegion: 
    Dimension: 3
    Index: [0, 0, 0]
    Size: [224, 320, 320]
  Spacing: [0.699997, 0.7, 0.7]
  Origin: [-80.5294, 72.2492, -124.937]
  Direction: 
1 0 0
0 -1 0
0 0 1

  IndexToPointMatrix: 
0.699997 0 0
0 -0.7 0
0 0 0.7

  PointToIndexMatrix: 
1.42858 0 0
0 -1.42857 0
0 0 1.42857

  Inverse Direction: 
1 0 0
0 -1 0
0 0 1

  PixelContainer: 
    ImportImageContainer (0x4ca4f10)
      RTTI typeinfo:   itk::ImportImageContainer<unsigned long, double>
      Reference Count: 1
      Modified Time: 2162
      Debug: Off
      Object Name: 
      Observers: 
        none
      Pointer: 0x2b059d563010
      Container manages memory: true
      Size: 22937600
      Capacity: 22937600

     Weighting = 1
     Sampling strategy = regular
     Number of bins = 32
     Radius = 4
     Sampling percentage  = 0.25
   Transform = Affine
     Gradient step = 0.1
     Update field sigma (voxel space) = 0
     Total field sigma (voxel space) = 0
     Update field time sigma = 0
     Total field time sigma  = 0
     Number of time indices = 0
     Number of time point samples = 0
Stage 3 State
   Image metric = CC
     Fixed image = Image (0x4ca2df0)
  RTTI typeinfo:   itk::Image<double, 3u>
  Reference Count: 2
  Modified Time: 2599
  Debug: Off
  Object Name: 
  Observers: 
    none
  Source: (none)
  Source output name: (none)
  Release Data: Off
  Data Released: False
  Global Release Data: Off
  PipelineMTime: 0
  UpdateMTime: 2382
  RealTimeStamp: 0 seconds 
  LargestPossibleRegion: 
    Dimension: 3
    Index: [0, 0, 0]
    Size: [384, 384, 288]
  BufferedRegion: 
    Dimension: 3
    Index: [0, 0, 0]
    Size: [384, 384, 288]
  RequestedRegion: 
    Dimension: 3
    Index: [0, 0, 0]
    Size: [384, 384, 288]
  Spacing: [0.598958, 0.598958, 0.599937]
  Origin: [85.9044, -155.274, 91.0901]
  Direction: 
-0 0 -1
1 -0 0
0 -1 0

  IndexToPointMatrix: 
0 0 -0.599937
0.598958 0 0
0 -0.598958 0

  PointToIndexMatrix: 
0 1.66957 0
0 0 -1.66957
-1.66684 0 0

  Inverse Direction: 
0 1 0
0 0 -1
-1 0 0

  PixelContainer: 
    ImportImageContainer (0x4ca5ae0)
      RTTI typeinfo:   itk::ImportImageContainer<unsigned long, double>
      Reference Count: 1
      Modified Time: 2379
      Debug: Off
      Object Name: 
      Observers: 
        none
      Pointer: 0x2b05a8464010
      Container manages memory: true
      Size: 42467328
      Capacity: 42467328

     Moving image = Image (0x4c9d700)
  RTTI typeinfo:   itk::Image<double, 3u>
  Reference Count: 2
  Modified Time: 2600
  Debug: Off
  Object Name: 
  Observers: 
    none
  Source: (none)
  Source output name: (none)
  Release Data: Off
  Data Released: False
  Global Release Data: Off
  PipelineMTime: 0
  UpdateMTime: 2597
  RealTimeStamp: 0 seconds 
  LargestPossibleRegion: 
    Dimension: 3
    Index: [0, 0, 0]
    Size: [224, 320, 320]
  BufferedRegion: 
    Dimension: 3
    Index: [0, 0, 0]
    Size: [224, 320, 320]
  RequestedRegion: 
    Dimension: 3
    Index: [0, 0, 0]
    Size: [224, 320, 320]
  Spacing: [0.699997, 0.7, 0.7]
  Origin: [-80.5294, 72.2492, -124.937]
  Direction: 
1 0 0
0 -1 0
0 0 1

  IndexToPointMatrix: 
0.699997 0 0
0 -0.7 0
0 0 0.7

  PointToIndexMatrix: 
1.42858 0 0
0 -1.42857 0
0 0 1.42857

  Inverse Direction: 
1 0 0
0 -1 0
0 0 1

  PixelContainer: 
    ImportImageContainer (0x4ca4350)
      RTTI typeinfo:   itk::ImportImageContainer<unsigned long, double>
      Reference Count: 1
      Modified Time: 2594
      Debug: Off
      Object Name: 
      Observers: 
        none
      Pointer: 0x2b05bc865010
      Container manages memory: true
      Size: 22937600
      Capacity: 22937600

     Weighting = 1
     Sampling strategy = none
     Number of bins = 32
     Radius = 4
     Sampling percentage  = 1
   Transform = SyN
     Gradient step = 0.1
     Update field sigma (voxel space) = 3
     Total field sigma (voxel space) = 0
     Update field time sigma = 0
     Total field time sigma  = 0
     Number of time indices = 0
     Number of time point samples = 0
Registration using 3 total stages.

Stage 0
  iterations = 1000x500x250x100
  convergence threshold = 1e-06
  convergence window size = 10
  number of levels = 4
  using the Mattes MI metric (number of bins = 32, weight = 1)
  preprocessing:  winsorizing the image intensities
  Shrink factors (level 1 out of 4): [12, 12, 12]
  Shrink factors (level 2 out of 4): [8, 8, 8]
  Shrink factors (level 3 out of 4): [4, 4, 4]
  Shrink factors (level 4 out of 4): [2, 2, 2]
  smoothing sigmas per level: [4, 3, 2, 1]
  regular sampling (percentage = 0.25)

*** Running Euler3DTransform registration ***

DIAGNOSTIC,Iteration,metricValue,convergenceValue,ITERATION_TIME_INDEX,SINCE_LAST
 2DIAGNOSTIC,     1, -5.481005582564e-01, 1.797693134862e+308, 8.8640e+00, 8.8640e+00, 
 2DIAGNOSTIC,     2, -5.499153993134e-01, 1.797693134862e+308, 8.8841e+00, 2.0057e-02, 
 2DIAGNOSTIC,     3, -5.534875177272e-01, 1.797693134862e+308, 8.9031e+00, 1.9026e-02, 
 2DIAGNOSTIC,     4, -5.590469659286e-01, 1.797693134862e+308, 8.9210e+00, 1.7899e-02, 
 2DIAGNOSTIC,     5, -5.665122454413e-01, 1.797693134862e+308, 8.9389e+00, 1.7885e-02, 
 2DIAGNOSTIC,     6, -5.701879803160e-01, 1.797693134862e+308, 8.9570e+00, 1.8089e-02, 
 2DIAGNOSTIC,     7, -5.733294564640e-01, 1.797693134862e+308, 8.9747e+00, 1.7716e-02, 
 2DIAGNOSTIC,     8, -5.753436669734e-01, 1.797693134862e+308, 8.9981e+00, 2.3471e-02, 
 2DIAGNOSTIC,     9, -5.830753310464e-01, 1.797693134862e+308, 9.0247e+00, 2.6517e-02, 
 2DIAGNOSTIC,    10, -5.864963006741e-01, 4.517251050023e-03, 9.0429e+00, 1.8218e-02, 
 2DIAGNOSTIC,    11, -5.867585321214e-01, 3.966466855845e-03, 9.0640e+00, 2.1089e-02, 
 2DIAGNOSTIC,    12, -5.874634262717e-01, 3.267274477626e-03, 9.0853e+00, 2.1365e-02, 
 2DIAGNOSTIC,    13, -5.884650085110e-01, 2.557549742522e-03, 9.1048e+00, 1.9457e-02, 
 2DIAGNOSTIC,    14, -5.886482300293e-01, 1.913879080004e-03, 9.1269e+00, 2.2078e-02, 
 2DIAGNOSTIC,    15, -5.894444591008e-01, 1.453354955965e-03, 9.1490e+00, 2.2125e-02, 
 2DIAGNOSTIC,    16, -5.909680051269e-01, 1.080649801627e-03, 9.1717e+00, 2.2681e-02, 
 2DIAGNOSTIC,    17, -5.926492339457e-01, 7.949745613882e-04, 9.1950e+00, 2.3293e-02, 
 2DIAGNOSTIC,    18, -5.953196404157e-01, 5.910127788766e-04, 9.2163e+00, 2.1330e-02, 
 2DIAGNOSTIC,    19, -5.974869671423e-01, 6.075287246114e-04, 9.2351e+00, 1.8775e-02, 
 2DIAGNOSTIC,    20, -5.980321821684e-01, 6.633287271362e-04, 9.2574e+00, 2.2304e-02, 
 2DIAGNOSTIC,    21, -5.979195923905e-01, 6.559252960227e-04, 9.2814e+00, 2.4009e-02, 
 2DIAGNOSTIC,    22, -5.979161210629e-01, 6.035269611089e-04, 9.3026e+00, 2.1241e-02, 
 2DIAGNOSTIC,    23, -5.979251044865e-01, 5.205498114055e-04, 9.3205e+00, 1.7926e-02, 
 2DIAGNOSTIC,    24, -5.980309291596e-01, 4.013791341734e-04, 9.3415e+00, 2.0930e-02, 
 2DIAGNOSTIC,    25, -5.980883629878e-01, 2.711239287740e-04, 9.3601e+00, 1.8635e-02, 
 2DIAGNOSTIC,    26, -5.984693088717e-01, 1.618236024537e-04, 9.3865e+00, 2.6426e-02, 
 2DIAGNOSTIC,    27, -5.984810551360e-01, 7.533244494351e-05, 9.4086e+00, 2.2089e-02, 
 2DIAGNOSTIC,    28, -5.984425950715e-01, 3.297125912495e-05, 9.4305e+00, 2.1851e-02, 
 2DIAGNOSTIC,    29, -5.978267224096e-01, 1.639527814024e-05, 9.4544e+00, 2.3921e-02, 
 2DIAGNOSTIC,    30, -5.979615733092e-01, 1.079966455057e-05, 9.4756e+00, 2.1194e-02, 
 2DIAGNOSTIC,    31, -5.980277568097e-01, 3.666505561696e-06, 9.4968e+00, 2.1202e-02, 
DIAGNOSTIC,Iteration,metricValue,convergenceValue,ITERATION_TIME_INDEX,SINCE_LAST
 2DIAGNOSTIC,     1, -5.436930421285e-01, 1.797693134862e+308, 1.8469e+01, 8.9717e+00, 
 2DIAGNOSTIC,     2, -5.435889138516e-01, 1.797693134862e+308, 1.8554e+01, 8.5406e-02, 
 2DIAGNOSTIC,     3, -5.437754421496e-01, 1.797693134862e+308, 1.8637e+01, 8.2755e-02, 
 2DIAGNOSTIC,     4, -5.439608036812e-01, 1.797693134862e+308, 1.8730e+01, 9.3021e-02, 
 2DIAGNOSTIC,     5, -5.450076167934e-01, 1.797693134862e+308, 1.8820e+01, 8.9843e-02, 
 2DIAGNOSTIC,     6, -5.453315542632e-01, 1.797693134862e+308, 1.8958e+01, 1.3829e-01, 
 2DIAGNOSTIC,     7, -5.453209094470e-01, 1.797693134862e+308, 1.9035e+01, 7.6879e-02, 
 2DIAGNOSTIC,     8, -5.453178448359e-01, 1.797693134862e+308, 1.9124e+01, 8.8882e-02, 
 2DIAGNOSTIC,     9, -5.453200279876e-01, 1.797693134862e+308, 1.9200e+01, 7.6734e-02, 
 2DIAGNOSTIC,    10, -5.453048945387e-01, 2.586364645623e-04, 1.9277e+01, 7.6909e-02, 
 2DIAGNOSTIC,    11, -5.452840201830e-01, 1.987288730440e-04, 1.9366e+01, 8.8650e-02, 
 2DIAGNOSTIC,    12, -5.452854052045e-01, 1.273725943404e-04, 1.9452e+01, 8.6282e-02, 
 2DIAGNOSTIC,    13, -5.452747592586e-01, 6.328872106259e-05, 1.9526e+01, 7.4042e-02, 
 2DIAGNOSTIC,    14, -5.452733823457e-01, 8.717554898174e-06, 1.9599e+01, 7.3289e-02, 
DIAGNOSTIC,Iteration,metricValue,convergenceValue,ITERATION_TIME_INDEX,SINCE_LAST
 2DIAGNOSTIC,     1, -4.815011081945e-01, 1.797693134862e+308, 2.9274e+01, 9.6745e+00, 
 2DIAGNOSTIC,     2, -4.818591409490e-01, 1.797693134862e+308, 2.9848e+01, 5.7432e-01, 
 2DIAGNOSTIC,     3, -4.821565054692e-01, 1.797693134862e+308, 3.0422e+01, 5.7363e-01, 
 2DIAGNOSTIC,     4, -4.823832496000e-01, 1.797693134862e+308, 3.1081e+01, 6.5900e-01, 
 2DIAGNOSTIC,     5, -4.824469785620e-01, 1.797693134862e+308, 3.1740e+01, 6.5881e-01, 
 2DIAGNOSTIC,     6, -4.824391134194e-01, 1.797693134862e+308, 3.2489e+01, 7.4920e-01, 
 2DIAGNOSTIC,     7, -4.824124552504e-01, 1.797693134862e+308, 3.3150e+01, 6.6150e-01, 
 2DIAGNOSTIC,     8, -4.824085755682e-01, 1.797693134862e+308, 3.3726e+01, 5.7522e-01, 
 2DIAGNOSTIC,     9, -4.824107074654e-01, 1.797693134862e+308, 3.4379e+01, 6.5316e-01, 
 2DIAGNOSTIC,    10, -4.824480826107e-01, 9.854597399823e-05, 3.4952e+01, 5.7270e-01, 
 2DIAGNOSTIC,    11, -4.824737696127e-01, 4.930322774398e-05, 3.5526e+01, 5.7445e-01, 
 2DIAGNOSTIC,    12, -4.825401206262e-01, 2.472849580420e-05, 3.6096e+01, 5.6952e-01, 
 2DIAGNOSTIC,    13, -4.825808770084e-01, 1.696640000372e-05, 3.6668e+01, 5.7250e-01, 
 2DIAGNOSTIC,    14, -4.827408454111e-01, 2.516664777805e-05, 3.7327e+01, 6.5927e-01, 
 2DIAGNOSTIC,    15, -4.827634357788e-01, 3.342019587026e-05, 3.7896e+01, 5.6901e-01, 
 2DIAGNOSTIC,    16, -4.828780207605e-01, 4.176923010497e-05, 3.9187e+01, 1.2904e+00, 
 2DIAGNOSTIC,    17, -4.829194837912e-01, 4.595057901901e-05, 4.0118e+01, 9.3160e-01, 
 2DIAGNOSTIC,    18, -4.829242681412e-01, 4.561922266665e-05, 4.0869e+01, 7.5095e-01, 
 2DIAGNOSTIC,    19, -4.828936726359e-01, 4.036524968444e-05, 4.1532e+01, 6.6298e-01, 
 2DIAGNOSTIC,    20, -4.828889865459e-01, 3.303196720128e-05, 4.2104e+01, 5.7223e-01, 
 2DIAGNOSTIC,    21, -4.828779456236e-01, 2.384792743034e-05, 4.2861e+01, 7.5672e-01, 
 2DIAGNOSTIC,    22, -4.828807322941e-01, 1.525837507589e-05, 4.3713e+01, 8.5203e-01, 
 2DIAGNOSTIC,    23, -4.828611535302e-01, 6.593237984055e-06, 4.4377e+01, 6.6381e-01, 
 2DIAGNOSTIC,    24, -4.828614319698e-01, 2.152188169069e-06, 4.5042e+01, 6.6470e-01, 
DIAGNOSTIC,Iteration,metricValue,convergenceValue,ITERATION_TIME_INDEX,SINCE_LAST
 2DIAGNOSTIC,     1, -4.139290369318e-01, 1.797693134862e+308, 5.9334e+01, 1.4293e+01, 
 2DIAGNOSTIC,     2, -4.139433136675e-01, 1.797693134862e+308, 6.4497e+01, 5.1628e+00, 
 2DIAGNOSTIC,     3, -4.139337910735e-01, 1.797693134862e+308, 7.0237e+01, 5.7394e+00, 
 2DIAGNOSTIC,     4, -4.139363092953e-01, 1.797693134862e+308, 7.7532e+01, 7.2951e+00, 
 2DIAGNOSTIC,     5, -4.139364853057e-01, 1.797693134862e+308, 8.1603e+01, 4.0717e+00, 
 2DIAGNOSTIC,     6, -4.139362918194e-01, 1.797693134862e+308, 8.5690e+01, 4.0865e+00, 
 2DIAGNOSTIC,     7, -4.139362844561e-01, 1.797693134862e+308, 8.9793e+01, 4.1036e+00, 
 2DIAGNOSTIC,     8, -4.139362821973e-01, 1.797693134862e+308, 9.3891e+01, 4.0975e+00, 
 2DIAGNOSTIC,     9, -4.139362388897e-01, 1.797693134862e+308, 9.7525e+01, 3.6345e+00, 
 2DIAGNOSTIC,    10, -4.139359938179e-01, 3.351478656169e-06, 1.0161e+02, 4.0831e+00, 
 2DIAGNOSTIC,    11, -4.139359056601e-01, 2.540437001985e-06, 1.0589e+02, 4.2828e+00, 
 2DIAGNOSTIC,    12, -4.139348237405e-01, 2.668559389754e-06, 1.1053e+02, 4.6402e+00, 
 2DIAGNOSTIC,    13, -4.139317535028e-01, 2.107787146641e-06, 1.1476e+02, 4.2327e+00, 
 2DIAGNOSTIC,    14, -4.139318004866e-01, 1.787042349072e-06, 1.1835e+02, 3.5847e+00, 
 2DIAGNOSTIC,    15, -4.139317289191e-01, 1.556028165053e-06, 1.2194e+02, 3.5955e+00, 
 2DIAGNOSTIC,    16, -4.139316763873e-01, 1.393330453250e-06, 1.2560e+02, 3.6510e+00, 
 2DIAGNOSTIC,    17, -4.139318339069e-01, 1.311688124520e-06, 1.2973e+02, 4.1372e+00, 
 2DIAGNOSTIC,    18, -4.139316436825e-01, 1.285222496109e-06, 1.3384e+02, 4.1030e+00, 
 2DIAGNOSTIC,    19, -4.139308519587e-01, 1.276242771270e-06, 1.3794e+02, 4.1031e+00, 
 2DIAGNOSTIC,    20, -4.139308814606e-01, 1.296488444914e-06, 1.4205e+02, 4.1142e+00, 
 2DIAGNOSTIC,    21, -4.139296852552e-01, 1.299609489365e-06, 1.4611e+02, 4.0529e+00, 
 2DIAGNOSTIC,    22, -4.139296113963e-01, 1.289813751131e-06, 1.4960e+02, 3.4946e+00, 
 2DIAGNOSTIC,    23, -4.139297649864e-01, 1.208126216144e-06, 1.5434e+02, 4.7383e+00, 
 2DIAGNOSTIC,    24, -4.139298937940e-01, 1.154474597774e-06, 1.5842e+02, 4.0843e+00, 
 2DIAGNOSTIC,    25, -4.139296422596e-01, 1.112408958212e-06, 1.6194e+02, 3.5134e+00, 
 2DIAGNOSTIC,    26, -4.139293956613e-01, 1.081039572748e-06, 1.6557e+02, 3.6366e+00, 
 2DIAGNOSTIC,    27, -4.139300182955e-01, 1.085441449840e-06, 1.6899e+02, 3.4169e+00, 
 2DIAGNOSTIC,    28, -4.139290167928e-01, 1.068458424618e-06, 1.7299e+02, 3.9973e+00, 
 2DIAGNOSTIC,    29, -4.139300298682e-01, 1.064598381416e-06, 1.7695e+02, 3.9636e+00, 
 2DIAGNOSTIC,    30, -4.139300298201e-01, 1.064945294380e-06, 1.8096e+02, 4.0136e+00, 
 2DIAGNOSTIC,    31, -4.139290284302e-01, 1.016263701872e-06, 1.8448e+02, 3.5177e+00, 
  Elapsed time (stage 0): 1.8913e+02


Stage 1
  iterations = 1000x500x250x100
  convergence threshold = 1.0000e-06
  convergence window size = 10
  number of levels = 4
  using the Mattes MI metric (number of bins = 32, weight = 1.0000e+00)
  preprocessing:  winsorizing the image intensities
  Shrink factors (level 1 out of 4): [12, 12, 12]
  Shrink factors (level 2 out of 4): [8, 8, 8]
  Shrink factors (level 3 out of 4): [4, 4, 4]
  Shrink factors (level 4 out of 4): [2, 2, 2]
  smoothing sigmas per level: [4, 3, 2, 1]
  regular sampling (percentage = 2.5000e-01)

*** Running AffineTransform registration ***

DIAGNOSTIC,Iteration,metricValue,convergenceValue,ITERATION_TIME_INDEX,SINCE_LAST
 2DIAGNOSTIC,     1, -6.171161159618e-01, 1.797693134862e+308, 9.1475e+00, 9.1475e+00, 
 2DIAGNOSTIC,     2, -6.187661529761e-01, 1.797693134862e+308, 9.1672e+00, 1.9689e-02, 
 2DIAGNOSTIC,     3, -6.220496966435e-01, 1.797693134862e+308, 9.1871e+00, 1.9932e-02, 
 2DIAGNOSTIC,     4, -6.260205244191e-01, 1.797693134862e+308, 9.2070e+00, 1.9908e-02, 
 2DIAGNOSTIC,     5, -6.315450494957e-01, 1.797693134862e+308, 9.2268e+00, 1.9794e-02, 
 2DIAGNOSTIC,     6, -6.398658562392e-01, 1.797693134862e+308, 9.2469e+00, 2.0047e-02, 
 2DIAGNOSTIC,     7, -6.555010342812e-01, 1.797693134862e+308, 9.2717e+00, 2.4786e-02, 
 2DIAGNOSTIC,     8, -6.632972865969e-01, 1.797693134862e+308, 9.3013e+00, 2.9691e-02, 
 2DIAGNOSTIC,     9, -6.637486755258e-01, 1.797693134862e+308, 9.3210e+00, 1.9657e-02, 
 2DIAGNOSTIC,    10, -6.640940287410e-01, 5.790970264250e-03, 9.3407e+00, 1.9712e-02, 
 2DIAGNOSTIC,    11, -6.655007961099e-01, 5.124564690314e-03, 9.3635e+00, 2.2758e-02, 
 2DIAGNOSTIC,    12, -6.655845246043e-01, 4.167316157155e-03, 9.3926e+00, 2.9106e-02, 
 2DIAGNOSTIC,    13, -6.660870142815e-01, 3.111824166945e-03, 9.4154e+00, 2.2829e-02, 
 2DIAGNOSTIC,    14, -6.661280206773e-01, 2.060693272303e-03, 9.4383e+00, 2.2879e-02, 
 2DIAGNOSTIC,    15, -6.663152360361e-01, 1.134757767752e-03, 9.4582e+00, 1.9866e-02, 
 2DIAGNOSTIC,    16, -6.665020338882e-01, 4.462539969828e-04, 9.4810e+00, 2.2799e-02, 
 2DIAGNOSTIC,    17, -6.665528340944e-01, 1.970372862733e-04, 9.5067e+00, 2.5775e-02, 
 2DIAGNOSTIC,    18, -6.665021798656e-01, 1.460112302699e-04, 9.5298e+00, 2.3084e-02, 
 2DIAGNOSTIC,    19, -6.665148904933e-01, 9.799840680431e-05, 9.5498e+00, 1.9967e-02, 
 2DIAGNOSTIC,    20, -6.665075703284e-01, 5.253263177327e-05, 9.5696e+00, 1.9798e-02, 
 2DIAGNOSTIC,    21, -6.665380035855e-01, 3.648736888569e-05, 9.5923e+00, 2.2764e-02, 
 2DIAGNOSTIC,    22, -6.670383441541e-01, 2.994012995695e-05, 9.6153e+00, 2.2927e-02, 
 2DIAGNOSTIC,    23, -6.670441397859e-01, 3.072490854238e-05, 9.6352e+00, 1.9899e-02, 
 2DIAGNOSTIC,    24, -6.670525777349e-01, 2.966388902095e-05, 9.6551e+00, 1.9953e-02, 
 2DIAGNOSTIC,    25, -6.670856412057e-01, 2.989089177966e-05, 9.6750e+00, 1.9871e-02, 
 2DIAGNOSTIC,    26, -6.670773751135e-01, 3.030252559569e-05, 9.6949e+00, 1.9865e-02, 
 2DIAGNOSTIC,    27, -6.671028164251e-01, 2.906834649294e-05, 9.7148e+00, 1.9944e-02, 
 2DIAGNOSTIC,    28, -6.673171190510e-01, 2.778862766711e-05, 9.7377e+00, 2.2917e-02, 
 2DIAGNOSTIC,    29, -6.666064693583e-01, 1.371947351511e-05, 9.7608e+00, 2.3059e-02, 
 2DIAGNOSTIC,    30, -6.674823960396e-01, 1.232168119036e-05, 9.7833e+00, 2.2563e-02, 
 2DIAGNOSTIC,    31, -6.670923485680e-01, 4.324349221312e-06, 9.8132e+00, 2.9843e-02, 
 2DIAGNOSTIC,    32, -6.669704611716e-01, 1.754340888400e-06, 9.8362e+00, 2.3044e-02, 
DIAGNOSTIC,Iteration,metricValue,convergenceValue,ITERATION_TIME_INDEX,SINCE_LAST
 2DIAGNOSTIC,     1, -5.917132987363e-01, 1.797693134862e+308, 1.8848e+01, 9.0116e+00, 
 2DIAGNOSTIC,     2, -5.923328427614e-01, 1.797693134862e+308, 1.8927e+01, 7.9198e-02, 
 2DIAGNOSTIC,     3, -5.926238859263e-01, 1.797693134862e+308, 1.9003e+01, 7.6289e-02, 
 2DIAGNOSTIC,     4, -5.932151587016e-01, 1.797693134862e+308, 1.9089e+01, 8.5803e-02, 
 2DIAGNOSTIC,     5, -5.937920901388e-01, 1.797693134862e+308, 1.9176e+01, 8.6921e-02, 
 2DIAGNOSTIC,     6, -5.938213476720e-01, 1.797693134862e+308, 1.9253e+01, 7.7224e-02, 
 2DIAGNOSTIC,     7, -5.939494559391e-01, 1.797693134862e+308, 1.9331e+01, 7.7805e-02, 
 2DIAGNOSTIC,     8, -5.943285009014e-01, 1.797693134862e+308, 1.9423e+01, 9.2415e-02, 
 2DIAGNOSTIC,     9, -5.945887359788e-01, 1.797693134862e+308, 1.9503e+01, 7.9220e-02, 
 2DIAGNOSTIC,    10, -5.946833820557e-01, 3.137433630049e-04, 1.9607e+01, 1.0436e-01, 
 2DIAGNOSTIC,    11, -5.950326526057e-01, 2.524987579623e-04, 1.9701e+01, 9.4425e-02, 
 2DIAGNOSTIC,    12, -5.949816857527e-01, 2.017843368398e-04, 1.9836e+01, 1.3415e-01, 
 2DIAGNOSTIC,    13, -5.950746928041e-01, 1.546725273196e-04, 1.9918e+01, 8.2523e-02, 
 2DIAGNOSTIC,    14, -5.950096745461e-01, 1.178576990895e-04, 2.0027e+01, 1.0863e-01, 
 2DIAGNOSTIC,    15, -5.947447384637e-01, 8.552800192434e-05, 2.0122e+01, 9.5200e-02, 
 2DIAGNOSTIC,    16, -5.947336439005e-01, 5.036096921100e-05, 2.0216e+01, 9.3691e-02, 
 2DIAGNOSTIC,    17, -5.947342464632e-01, 1.819766421207e-05, 2.0298e+01, 8.2218e-02, 
DIAGNOSTIC,Iteration,metricValue,convergenceValue,ITERATION_TIME_INDEX,SINCE_LAST
 2DIAGNOSTIC,     1, -5.241638056322e-01, 1.797693134862e+308, 3.0429e+01, 1.0131e+01, 
 2DIAGNOSTIC,     2, -5.245946311818e-01, 1.797693134862e+308, 3.0993e+01, 5.6380e-01, 
 2DIAGNOSTIC,     3, -5.249108028482e-01, 1.797693134862e+308, 3.1645e+01, 6.5232e-01, 
 2DIAGNOSTIC,     4, -5.251234051983e-01, 1.797693134862e+308, 3.2208e+01, 5.6228e-01, 
 2DIAGNOSTIC,     5, -5.252394746211e-01, 1.797693134862e+308, 3.2770e+01, 5.6260e-01, 
 2DIAGNOSTIC,     6, -5.254861142643e-01, 1.797693134862e+308, 3.3340e+01, 5.6973e-01, 
 2DIAGNOSTIC,     7, -5.255944401566e-01, 1.797693134862e+308, 3.3995e+01, 6.5492e-01, 
 2DIAGNOSTIC,     8, -5.256507317368e-01, 1.797693134862e+308, 3.4829e+01, 8.3358e-01, 
 2DIAGNOSTIC,     9, -5.257016638715e-01, 1.797693134862e+308, 3.5490e+01, 6.6186e-01, 
 2DIAGNOSTIC,    10, -5.256681907596e-01, 1.791396022091e-04, 3.6242e+01, 7.5137e-01, 
 2DIAGNOSTIC,    11, -5.256690442017e-01, 1.185858039511e-04, 3.7001e+01, 7.5952e-01, 
 2DIAGNOSTIC,    12, -5.256679943625e-01, 7.681311494999e-05, 3.7759e+01, 7.5805e-01, 
 2DIAGNOSTIC,    13, -5.256668533299e-01, 4.777280596333e-05, 3.8428e+01, 6.6908e-01, 
 2DIAGNOSTIC,    14, -5.256619304886e-01, 2.681186273691e-05, 3.9007e+01, 5.7839e-01, 
 2DIAGNOSTIC,    15, -5.256629220794e-01, 1.047141201717e-05, 3.9585e+01, 5.7805e-01, 
 2DIAGNOSTIC,    16, -5.256768332098e-01, 4.164449625768e-06, 4.0250e+01, 6.6510e-01, 
 2DIAGNOSTIC,    17, -5.256663809743e-01, 1.450543488234e-06, 4.0918e+01, 6.6840e-01, 
DIAGNOSTIC,Iteration,metricValue,convergenceValue,ITERATION_TIME_INDEX,SINCE_LAST
 2DIAGNOSTIC,     1, -4.528632430704e-01, 1.797693134862e+308, 5.4701e+01, 1.3783e+01, 
 2DIAGNOSTIC,     2, -4.533851991208e-01, 1.797693134862e+308, 5.8528e+01, 3.8264e+00, 
 2DIAGNOSTIC,     3, -4.538859333551e-01, 1.797693134862e+308, 6.2365e+01, 3.8379e+00, 
 2DIAGNOSTIC,     4, -4.541540864754e-01, 1.797693134862e+308, 6.6666e+01, 4.3004e+00, 
 2DIAGNOSTIC,     5, -4.542424364289e-01, 1.797693134862e+308, 7.1092e+01, 4.4265e+00, 
 2DIAGNOSTIC,     6, -4.542846821471e-01, 1.797693134862e+308, 7.4895e+01, 3.8021e+00, 
 2DIAGNOSTIC,     7, -4.543229040005e-01, 1.797693134862e+308, 7.8698e+01, 3.8038e+00, 
 2DIAGNOSTIC,     8, -4.543520287618e-01, 1.797693134862e+308, 8.4680e+01, 5.9813e+00, 
 2DIAGNOSTIC,     9, -4.543502940890e-01, 1.797693134862e+308, 9.1651e+01, 6.9715e+00, 
 2DIAGNOSTIC,    10, -4.543504623895e-01, 1.749128836921e-04, 9.5943e+01, 4.2915e+00, 
 2DIAGNOSTIC,    11, -4.543503602184e-01, 9.201638119403e-05, 9.9778e+01, 3.8351e+00, 
 2DIAGNOSTIC,    12, -4.543486567854e-01, 4.153564881182e-05, 1.0464e+02, 4.8585e+00, 
 2DIAGNOSTIC,    13, -4.543494781407e-01, 1.914854817642e-05, 1.0956e+02, 4.9199e+00, 
 2DIAGNOSTIC,    14, -4.543464805697e-01, 1.022973599921e-05, 1.1399e+02, 4.4315e+00, 
 2DIAGNOSTIC,    15, -4.543459683014e-01, 5.430621131342e-06, 1.1778e+02, 3.7955e+00, 
 2DIAGNOSTIC,    16, -4.543459953157e-01, 2.551408687879e-06, 1.2159e+02, 3.8112e+00, 
 2DIAGNOSTIC,    17, -4.543466456067e-01, 1.357736492978e-06, 1.2602e+02, 4.4227e+00, 
 2DIAGNOSTIC,    18, -4.543452571468e-01, 1.309482711230e-06, 1.2973e+02, 3.7148e+00, 
 2DIAGNOSTIC,    19, -4.543459377109e-01, 1.276165089353e-06, 1.3403e+02, 4.2947e+00, 
 2DIAGNOSTIC,    20, -4.543462509774e-01, 1.297980568034e-06, 1.3829e+02, 4.2591e+00, 
 2DIAGNOSTIC,    21, -4.543449166218e-01, 1.301784839161e-06, 1.4256e+02, 4.2774e+00, 
 2DIAGNOSTIC,    22, -4.543426235657e-01, 1.210914265332e-06, 1.4630e+02, 3.7408e+00, 
 2DIAGNOSTIC,    23, -4.543413621597e-01, 1.142176541354e-06, 1.4999e+02, 3.6863e+00, 
 2DIAGNOSTIC,    24, -4.543425316958e-01, 1.054252373719e-06, 1.5540e+02, 5.4051e+00, 
  Elapsed time (stage 1): 1.6008e+02


Stage 2
  iterations = 100x100x70x50x20
  convergence threshold = 1.0000e-06
  convergence window size = 10
  number of levels = 5
  using the CC metric (radius = 4, weight = 1.0000e+00)
  preprocessing:  winsorizing the image intensities
  Shrink factors (level 1 out of 5): [10, 10, 10]
  Shrink factors (level 2 out of 5): [6, 6, 6]
  Shrink factors (level 3 out of 5): [4, 4, 4]
  Shrink factors (level 4 out of 5): [2, 2, 2]
  Shrink factors (level 5 out of 5): [1, 1, 1]
  smoothing sigmas per level: [5, 3, 2, 1, 0]
  Using default NONE metricSamplingStrategy 

*** Running SyN registration (varianceForUpdateField = 3.0000e+00, varianceForTotalField = 0.0000e+00) ***

XXDIAGNOSTIC,Iteration,metricValue,convergenceValue,ITERATION_TIME_INDEX,SINCE_LAST
 1DIAGNOSTIC,     1, -4.605432605232e-01, 1.797693134862e+308, 1.0560e+01, 1.0560e+01, 
 1DIAGNOSTIC,     2, -4.711378800485e-01, 1.797693134862e+308, 1.2104e+01, 1.5432e+00, 
 1DIAGNOSTIC,     3, -4.788974872950e-01, 1.797693134862e+308, 1.3646e+01, 1.5426e+00, 
 1DIAGNOSTIC,     4, -4.858290184202e-01, 1.797693134862e+308, 1.5196e+01, 1.5497e+00, 
 1DIAGNOSTIC,     5, -4.917796017287e-01, 1.797693134862e+308, 1.6842e+01, 1.6461e+00, 
 1DIAGNOSTIC,     6, -4.968051703420e-01, 1.797693134862e+308, 1.8389e+01, 1.5469e+00, 
 1DIAGNOSTIC,     7, -5.011196753534e-01, 1.797693134862e+308, 1.9953e+01, 1.5638e+00, 
 1DIAGNOSTIC,     8, -5.046195415520e-01, 1.797693134862e+308, 2.1515e+01, 1.5624e+00, 
 1DIAGNOSTIC,     9, -5.077055219329e-01, 1.797693134862e+308, 2.3104e+01, 1.5889e+00, 
 1DIAGNOSTIC,    10, -5.103232956956e-01, 6.242000420876e-03, 2.4766e+01, 1.6623e+00, 
 1DIAGNOSTIC,    11, -5.126453858041e-01, 4.774946980481e-03, 2.6322e+01, 1.5555e+00, 
 1DIAGNOSTIC,    12, -5.148198003102e-01, 3.738833231878e-03, 2.7884e+01, 1.5625e+00, 
 1DIAGNOSTIC,    13, -5.166043091928e-01, 2.946030695275e-03, 2.9446e+01, 1.5616e+00, 
 1DIAGNOSTIC,    14, -5.183057821626e-01, 2.351506663231e-03, 3.1093e+01, 1.6470e+00, 
 1DIAGNOSTIC,    15, -5.198760082809e-01, 1.906925652144e-03, 3.2648e+01, 1.5549e+00, 
 1DIAGNOSTIC,    16, -5.212973549653e-01, 1.571299931563e-03, 3.4207e+01, 1.5594e+00, 
 1DIAGNOSTIC,    17, -5.225577440730e-01, 1.315817614124e-03, 3.5768e+01, 1.5611e+00, 
 1DIAGNOSTIC,    18, -5.238617409506e-01, 1.117497790210e-03, 3.7329e+01, 1.5608e+00, 
 1DIAGNOSTIC,    19, -5.247998826254e-01, 9.554167619088e-04, 3.8887e+01, 1.5580e+00, 
 1DIAGNOSTIC,    20, -5.260724116901e-01, 8.298726907574e-04, 4.0454e+01, 1.5674e+00, 
 1DIAGNOSTIC,    21, -5.266785519885e-01, 7.165727529872e-04, 4.2013e+01, 1.5585e+00, 
 1DIAGNOSTIC,    22, -5.279050005359e-01, 6.332485535483e-04, 4.3572e+01, 1.5597e+00, 
 1DIAGNOSTIC,    23, -5.284644716257e-01, 5.543253291074e-04, 4.5133e+01, 1.5606e+00, 
 1DIAGNOSTIC,    24, -5.298749957120e-01, 5.022345403459e-04, 4.6697e+01, 1.5639e+00, 
 1DIAGNOSTIC,    25, -5.301054896575e-01, 4.466338274051e-04, 4.8274e+01, 1.5774e+00, 
 1DIAGNOSTIC,    26, -5.314539622766e-01, 4.127616447290e-04, 4.9840e+01, 1.5656e+00, 
 1DIAGNOSTIC,    27, -5.314949985400e-01, 3.686765295873e-04, 5.1402e+01, 1.5624e+00, 
 1DIAGNOSTIC,    28, -5.331394939834e-01, 3.515696803788e-04, 5.2963e+01, 1.5609e+00, 
 1DIAGNOSTIC,    29, -5.330321522866e-01, 3.173563258039e-04, 5.4529e+01, 1.5659e+00, 
 1DIAGNOSTIC,    30, -5.343382911008e-01, 3.034565844769e-04, 5.6091e+01, 1.5621e+00, 
 1DIAGNOSTIC,    31, -5.342310174656e-01, 2.700637680963e-04, 5.7648e+01, 1.5568e+00, 
 1DIAGNOSTIC,    32, -5.352535760167e-01, 2.523037638070e-04, 5.9215e+01, 1.5673e+00, 
 1DIAGNOSTIC,    33, -5.360786985093e-01, 2.340880494179e-04, 6.0790e+01, 1.5747e+00, 
 1DIAGNOSTIC,    34, -5.356319850089e-01, 2.102939688236e-04, 6.2354e+01, 1.5637e+00, 
 1DIAGNOSTIC,    35, -5.366596286650e-01, 1.878986181777e-04, 6.3917e+01, 1.5634e+00, 
 1DIAGNOSTIC,    36, -5.366695978998e-01, 1.695825665857e-04, 6.5482e+01, 1.5654e+00, 
 1DIAGNOSTIC,    37, -5.377215576805e-01, 1.518266314482e-04, 6.7045e+01, 1.5623e+00, 
 1DIAGNOSTIC,    38, -5.373029416115e-01, 1.381861060046e-04, 6.8604e+01, 1.5591e+00, 
 1DIAGNOSTIC,    39, -5.376905238939e-01, 1.161725571857e-04, 7.0176e+01, 1.5719e+00, 
 1DIAGNOSTIC,    40, -5.395227896802e-01, 1.274133160352e-04, 7.1740e+01, 1.5645e+00, 
 1DIAGNOSTIC,    41, -5.381814634511e-01, 1.055257457056e-04, 7.3308e+01, 1.5674e+00, 
 1DIAGNOSTIC,    42, -5.392498544778e-01, 1.024026459936e-04, 7.4865e+01, 1.5573e+00, 
 1DIAGNOSTIC,    43, -5.394170797353e-01, 1.024486378084e-04, 7.6439e+01, 1.5742e+00, 
 1DIAGNOSTIC,    44, -5.395176586375e-01, 8.802242548835e-05, 7.8003e+01, 1.5636e+00, 
 1DIAGNOSTIC,    45, -5.393570930902e-01, 7.635250036843e-05, 7.9568e+01, 1.5649e+00, 
 1DIAGNOSTIC,    46, -5.399049454575e-01, 6.447241455427e-05, 8.1140e+01, 1.5724e+00, 
 1DIAGNOSTIC,    47, -5.414202700383e-01, 7.691737139626e-05, 8.2711e+01, 1.5710e+00, 
 1DIAGNOSTIC,    48, -5.401751672792e-01, 6.204651995916e-05, 8.4298e+01, 1.5869e+00, 
 1DIAGNOSTIC,    49, -5.415155762628e-01, 6.118500424261e-05, 8.5901e+01, 1.6032e+00, 
 1DIAGNOSTIC,    50, -5.406414921511e-01, 6.524489881773e-05, 8.7472e+01, 1.5710e+00, 
 1DIAGNOSTIC,    51, -5.412936623982e-01, 5.540163796364e-05, 8.9035e+01, 1.5633e+00, 
 1DIAGNOSTIC,    52, -5.412604046709e-01, 5.110980832362e-05, 9.0604e+01, 1.5685e+00, 
 1DIAGNOSTIC,    53, -5.421233844708e-01, 5.276269131215e-05, 9.2163e+01, 1.5593e+00, 
 1DIAGNOSTIC,    54, -5.415672092115e-01, 4.485176266124e-05, 9.3731e+01, 1.5676e+00, 
 1DIAGNOSTIC,    55, -5.417275209545e-01, 3.313807099226e-05, 9.5298e+01, 1.5669e+00, 
 1DIAGNOSTIC,    56, -5.423312291530e-01, 2.945042830099e-05, 9.6860e+01, 1.5625e+00, 
 1DIAGNOSTIC,    57, -5.430453451273e-01, 4.433783853109e-05, 9.8426e+01, 1.5654e+00, 
 1DIAGNOSTIC,    58, -5.428459756179e-01, 4.046933400244e-05, 9.9988e+01, 1.5621e+00, 
 1DIAGNOSTIC,    59, -5.424908679950e-01, 4.248506323217e-05, 1.0155e+02, 1.5673e+00, 
 1DIAGNOSTIC,    60, -5.426149902142e-01, 3.375925782970e-05, 1.0312e+02, 1.5672e+00, 
 1DIAGNOSTIC,    61, -5.430058335667e-01, 3.115826391875e-05, 1.0468e+02, 1.5602e+00, 
 1DIAGNOSTIC,    62, -5.434443981384e-01, 2.871833270944e-05, 1.0625e+02, 1.5645e+00, 
 1DIAGNOSTIC,    63, -5.428975255045e-01, 2.655454956227e-05, 1.0781e+02, 1.5630e+00, 
 1DIAGNOSTIC,    64, -5.441207353429e-01, 2.796903335250e-05, 1.0939e+02, 1.5781e+00, 
 1DIAGNOSTIC,    65, -5.433018111120e-01, 2.083990407633e-05, 1.1095e+02, 1.5633e+00, 
 1DIAGNOSTIC,    66, -5.432534476601e-01, 1.643557663452e-05, 1.1252e+02, 1.5658e+00, 
 1DIAGNOSTIC,    67, -5.436995994526e-01, 2.000935807887e-05, 1.1408e+02, 1.5587e+00, 
 1DIAGNOSTIC,    68, -5.439637779368e-01, 2.206174960751e-05, 1.1564e+02, 1.5621e+00, 
 1DIAGNOSTIC,    69, -5.438202911000e-01, 1.801172820413e-05, 1.1720e+02, 1.5626e+00, 
 1DIAGNOSTIC,    70, -5.444601110960e-01, 1.832167863124e-05, 1.1876e+02, 1.5627e+00, 
 1DIAGNOSTIC,    71, -5.441580175152e-01, 1.747664954473e-05, 1.2034e+02, 1.5778e+00, 
 1DIAGNOSTIC,    72, -5.441901049274e-01, 1.869289428393e-05, 1.2191e+02, 1.5730e+00, 
 1DIAGNOSTIC,    73, -5.453114475852e-01, 2.200276473332e-05, 1.2348e+02, 1.5632e+00, 
 1DIAGNOSTIC,    74, -5.443250864994e-01, 2.480518476029e-05, 1.2506e+02, 1.5830e+00, 
 1DIAGNOSTIC,    75, -5.447796175278e-01, 2.289128060048e-05, 1.2663e+02, 1.5706e+00, 
 1DIAGNOSTIC,    76, -5.446560396703e-01, 1.753730822538e-05, 1.2820e+02, 1.5676e+00, 
 1DIAGNOSTIC,    77, -5.448465364924e-01, 1.503759370366e-05, 1.2976e+02, 1.5598e+00, 
 1DIAGNOSTIC,    78, -5.445637013717e-01, 1.101064908477e-05, 1.3133e+02, 1.5730e+00, 
 1DIAGNOSTIC,    79, -5.447768885512e-01, 6.521635503120e-06, 1.3295e+02, 1.6176e+00, 
 1DIAGNOSTIC,    80, -5.449671184961e-01, 7.227212223185e-06, 1.3452e+02, 1.5702e+00, 
 1DIAGNOSTIC,    81, -5.460466168209e-01, 1.231558530884e-05, 1.3608e+02, 1.5640e+00, 
 1DIAGNOSTIC,    82, -5.454247700391e-01, 1.186618019503e-05, 1.3764e+02, 1.5581e+00, 
 1DIAGNOSTIC,    83, -5.450149111184e-01, 1.534689140879e-05, 1.3920e+02, 1.5613e+00, 
 1DIAGNOSTIC,    84, -5.453367425097e-01, 1.311490242306e-05, 1.4078e+02, 1.5760e+00, 
 1DIAGNOSTIC,    85, -5.453581881885e-01, 1.250325165161e-05, 1.4234e+02, 1.5636e+00, 
 1DIAGNOSTIC,    86, -5.463950710258e-01, 1.624909201133e-05, 1.4390e+02, 1.5595e+00, 
 1DIAGNOSTIC,    87, -5.451975766921e-01, 1.217790663417e-05, 1.4547e+02, 1.5642e+00, 
 1DIAGNOSTIC,    88, -5.462669478662e-01, 1.224926652877e-05, 1.4703e+02, 1.5660e+00, 
 1DIAGNOSTIC,    89, -5.451348071008e-01, 5.452753867092e-06, 1.4860e+02, 1.5704e+00, 
 1DIAGNOSTIC,    90, -5.456252710453e-01, 2.206583064927e-06, 1.5017e+02, 1.5661e+00, 
 1DIAGNOSTIC,    91, -5.461150028611e-01, 8.022800965027e-06, 1.5174e+02, 1.5690e+00, 
 1DIAGNOSTIC,    92, -5.457724088147e-01, 7.388004109717e-06, 1.5330e+02, 1.5650e+00, 
 1DIAGNOSTIC,    93, -5.457970066543e-01, 4.006457686547e-06, 1.5487e+02, 1.5642e+00, 
 1DIAGNOSTIC,    94, -5.463737237741e-01, 5.488870026040e-06, 1.5644e+02, 1.5692e+00, 
 1DIAGNOSTIC,    95, -5.460541814126e-01, 4.464908238114e-06, 1.5801e+02, 1.5706e+00, 
 1DIAGNOSTIC,    96, -5.455705222831e-01, 6.336142264547e-06, 1.5958e+02, 1.5755e+00, 
 1DIAGNOSTIC,    97, -5.465637084283e-01, 6.393463995700e-06, 1.6114e+02, 1.5628e+00, 
 1DIAGNOSTIC,    98, -5.460848217280e-01, 9.102236267947e-06, 1.6271e+02, 1.5606e+00, 
 1DIAGNOSTIC,    99, -5.459770310179e-01, 4.214232193725e-06, 1.6428e+02, 1.5769e+00, 
 1DIAGNOSTIC,   100, -5.463640460119e-01, 3.723983229178e-06, 1.6585e+02, 1.5659e+00, 
XXDIAGNOSTIC,Iteration,metricValue,convergenceValue,ITERATION_TIME_INDEX,SINCE_LAST
 1DIAGNOSTIC,     1, -4.426853090071e-01, 1.797693134862e+308, 1.8284e+02, 1.6990e+01, 
 1DIAGNOSTIC,     2, -4.482122559968e-01, 1.797693134862e+308, 1.9080e+02, 7.9658e+00, 
 1DIAGNOSTIC,     3, -4.525543409872e-01, 1.797693134862e+308, 1.9869e+02, 7.8842e+00, 
 1DIAGNOSTIC,     4, -4.566604250614e-01, 1.797693134862e+308, 2.0662e+02, 7.9294e+00, 
 1DIAGNOSTIC,     5, -4.600785581214e-01, 1.797693134862e+308, 2.1452e+02, 7.9003e+00, 
 1DIAGNOSTIC,     6, -4.631698685094e-01, 1.797693134862e+308, 2.2249e+02, 7.9689e+00, 
 1DIAGNOSTIC,     7, -4.659629533078e-01, 1.797693134862e+308, 2.3034e+02, 7.8496e+00, 
 1DIAGNOSTIC,     8, -4.685659761056e-01, 1.797693134862e+308, 2.3823e+02, 7.8901e+00, 
 1DIAGNOSTIC,     9, -4.707979121450e-01, 1.797693134862e+308, 2.4609e+02, 7.8592e+00, 
 1DIAGNOSTIC,    10, -4.725389745871e-01, 4.060141637445e-03, 2.5395e+02, 7.8634e+00, 
 1DIAGNOSTIC,    11, -4.742006464395e-01, 3.239378052868e-03, 2.6182e+02, 7.8725e+00, 
 1DIAGNOSTIC,    12, -4.757006086080e-01, 2.624517458343e-03, 2.6971e+02, 7.8860e+00, 
 1DIAGNOSTIC,    13, -4.769014378215e-01, 2.127538223077e-03, 2.7758e+02, 7.8768e+00, 
 1DIAGNOSTIC,    14, -4.781445080982e-01, 1.741635637380e-03, 2.8546e+02, 7.8761e+00, 
 1DIAGNOSTIC,    15, -4.788823071418e-01, 1.416888289397e-03, 2.9341e+02, 7.9504e+00, 
 1DIAGNOSTIC,    16, -4.801453251656e-01, 1.168425202363e-03, 3.0138e+02, 7.9694e+00, 
 1DIAGNOSTIC,    17, -4.810355480638e-01, 9.722088784604e-04, 3.0928e+02, 7.8977e+00, 
 1DIAGNOSTIC,    18, -4.817913752603e-01, 8.205964064515e-04, 3.1714e+02, 7.8638e+00, 
 1DIAGNOSTIC,    19, -4.825714033415e-01, 7.048711135574e-04, 3.2507e+02, 7.9276e+00, 
 1DIAGNOSTIC,    20, -4.835843683917e-01, 6.181276379705e-04, 3.3302e+02, 7.9524e+00, 
 1DIAGNOSTIC,    21, -4.839410131213e-01, 5.393442055894e-04, 3.4096e+02, 7.9354e+00, 
 1DIAGNOSTIC,    22, -4.847888665652e-01, 4.817079578540e-04, 3.4883e+02, 7.8704e+00, 
 1DIAGNOSTIC,    23, -4.854528611394e-01, 4.324307183483e-04, 3.5672e+02, 7.8879e+00, 
 1DIAGNOSTIC,    24, -4.860206227994e-01, 3.920542442047e-04, 3.6464e+02, 7.9235e+00, 
 1DIAGNOSTIC,    25, -4.866449782950e-01, 3.503904655750e-04, 3.7260e+02, 7.9636e+00, 
 1DIAGNOSTIC,    26, -4.869748425103e-01, 3.156097762269e-04, 3.8062e+02, 8.0201e+00, 
 1DIAGNOSTIC,    27, -4.877949589625e-01, 2.917245927133e-04, 3.8868e+02, 8.0618e+00, 
 1DIAGNOSTIC,    28, -4.880719129218e-01, 2.636661964993e-04, 3.9660e+02, 7.9162e+00, 
 1DIAGNOSTIC,    29, -4.887476322846e-01, 2.424880480201e-04, 4.0450e+02, 7.8996e+00, 
 1DIAGNOSTIC,    30, -4.891797786362e-01, 2.286400662561e-04, 4.1242e+02, 7.9160e+00, 
 1DIAGNOSTIC,    31, -4.897299421390e-01, 2.113120264354e-04, 4.2037e+02, 7.9546e+00, 
 1DIAGNOSTIC,    32, -4.899198508903e-01, 1.942120717721e-04, 4.2828e+02, 7.9085e+00, 
 1DIAGNOSTIC,    33, -4.907352895762e-01, 1.864883666529e-04, 4.3621e+02, 7.9302e+00, 
 1DIAGNOSTIC,    34, -4.909311908076e-01, 1.745452934788e-04, 4.4414e+02, 7.9301e+00, 
 1DIAGNOSTIC,    35, -4.916773264940e-01, 1.701255879649e-04, 4.5213e+02, 7.9938e+00, 
 1DIAGNOSTIC,    36, -4.919768380363e-01, 1.598375741180e-04, 4.6005e+02, 7.9199e+00, 
 1DIAGNOSTIC,    37, -4.922316605853e-01, 1.523077358915e-04, 4.6798e+02, 7.9216e+00, 
 1DIAGNOSTIC,    38, -4.927881802485e-01, 1.436054266577e-04, 4.7591e+02, 7.9384e+00, 
 1DIAGNOSTIC,    39, -4.933084138023e-01, 1.396538691330e-04, 4.8384e+02, 7.9280e+00, 
 1DIAGNOSTIC,    40, -4.932403124854e-01, 1.277955364977e-04, 4.9178e+02, 7.9373e+00, 
 1DIAGNOSTIC,    41, -4.940279862990e-01, 1.239781001655e-04, 4.9969e+02, 7.9142e+00, 
 1DIAGNOSTIC,    42, -4.943548287785e-01, 1.154343305311e-04, 5.0761e+02, 7.9141e+00, 
 1DIAGNOSTIC,    43, -4.946933945282e-01, 1.121560672680e-04, 5.1555e+02, 7.9428e+00, 
 1DIAGNOSTIC,    44, -4.948179570644e-01, 1.024638187799e-04, 5.2351e+02, 7.9588e+00, 
 1DIAGNOSTIC,    45, -4.954136364874e-01, 1.011767610095e-04, 5.3147e+02, 7.9596e+00, 
 1DIAGNOSTIC,    46, -4.955471633802e-01, 9.568776349430e-05, 5.3951e+02, 8.0422e+00, 
 1DIAGNOSTIC,    47, -4.961370521179e-01, 9.176193816327e-05, 5.4744e+02, 7.9276e+00, 
 1DIAGNOSTIC,    48, -4.962999605034e-01, 8.792879051497e-05, 5.5540e+02, 7.9620e+00, 
 1DIAGNOSTIC,    49, -4.967662317664e-01, 8.795180669364e-05, 5.6341e+02, 8.0142e+00, 
 1DIAGNOSTIC,    50, -4.968790112341e-01, 7.983262753446e-05, 5.7145e+02, 8.0338e+00, 
 1DIAGNOSTIC,    51, -4.972773836266e-01, 7.808005824361e-05, 5.7939e+02, 7.9398e+00, 
 1DIAGNOSTIC,    52, -4.975133616181e-01, 7.520150816881e-05, 5.8731e+02, 7.9229e+00, 
 1DIAGNOSTIC,    53, -4.979576567755e-01, 7.395158376889e-05, 5.9533e+02, 8.0198e+00, 
 1DIAGNOSTIC,    54, -4.976653727675e-01, 6.369184825288e-05, 6.0329e+02, 7.9606e+00, 
 1DIAGNOSTIC,    55, -4.984458442514e-01, 6.264573407140e-05, 6.1122e+02, 7.9326e+00, 
 1DIAGNOSTIC,    56, -4.986249269805e-01, 5.859958498167e-05, 6.1912e+02, 7.8993e+00, 
 1DIAGNOSTIC,    57, -4.989801412542e-01, 5.880176798990e-05, 6.2708e+02, 7.9601e+00, 
 1DIAGNOSTIC,    58, -4.990950185291e-01, 5.612814448739e-05, 6.3502e+02, 7.9369e+00, 
 1DIAGNOSTIC,    59, -4.992745717822e-01, 5.471677633200e-05, 6.4294e+02, 7.9185e+00, 
 1DIAGNOSTIC,    60, -4.995612420213e-01, 5.192767528521e-05, 6.5090e+02, 7.9585e+00, 
 1DIAGNOSTIC,    61, -4.998417811986e-01, 5.063657191199e-05, 6.5884e+02, 7.9423e+00, 
 1DIAGNOSTIC,    62, -4.998611841036e-01, 4.686318754005e-05, 6.6675e+02, 7.9092e+00, 
 1DIAGNOSTIC,    63, -5.002457818037e-01, 4.667353290354e-05, 6.7467e+02, 7.9223e+00, 
 1DIAGNOSTIC,    64, -5.004250171272e-01, 4.078533312020e-05, 6.8260e+02, 7.9312e+00, 
 1DIAGNOSTIC,    65, -5.005563156123e-01, 3.935046651449e-05, 6.9053e+02, 7.9259e+00, 
 1DIAGNOSTIC,    66, -5.007122895361e-01, 3.712157771817e-05, 6.9851e+02, 7.9859e+00, 
 1DIAGNOSTIC,    67, -5.011436475766e-01, 3.829268386773e-05, 7.0646e+02, 7.9433e+00, 
 1DIAGNOSTIC,    68, -5.012800369232e-01, 3.783362925052e-05, 7.1439e+02, 7.9351e+00, 
 1DIAGNOSTIC,    69, -5.012694332201e-01, 3.516946487807e-05, 7.2234e+02, 7.9461e+00, 
 1DIAGNOSTIC,    70, -5.015675719189e-01, 3.414297309788e-05, 7.3028e+02, 7.9415e+00, 
 1DIAGNOSTIC,    71, -5.019485728428e-01, 3.529505471184e-05, 7.3839e+02, 8.1072e+00, 
 1DIAGNOSTIC,    72, -5.017165791526e-01, 3.115319505194e-05, 7.4654e+02, 8.1505e+00, 
 1DIAGNOSTIC,    73, -5.022445776841e-01, 3.153556018114e-05, 7.5445e+02, 7.9171e+00, 
 1DIAGNOSTIC,    74, -5.021594985564e-01, 2.958659968925e-05, 7.6241e+02, 7.9586e+00, 
 1DIAGNOSTIC,    75, -5.021916213506e-01, 2.615908214348e-05, 7.7035e+02, 7.9369e+00, 
 1DIAGNOSTIC,    76, -5.024735742040e-01, 2.360987859583e-05, 7.7838e+02, 8.0316e+00, 
 1DIAGNOSTIC,    77, -5.026750469569e-01, 2.361135402077e-05, 7.8630e+02, 7.9226e+00, 
 1DIAGNOSTIC,    78, -5.027312367899e-01, 2.281374755860e-05, 7.9432e+02, 8.0200e+00, 
 1DIAGNOSTIC,    79, -5.026903939554e-01, 1.947449132419e-05, 8.0224e+02, 7.9112e+00, 
 1DIAGNOSTIC,    80, -5.029140103049e-01, 1.815899885448e-05, 8.1021e+02, 7.9775e+00, 
 1DIAGNOSTIC,    81, -5.031954132028e-01, 1.991055091062e-05, 8.1824e+02, 8.0320e+00, 
 1DIAGNOSTIC,    82, -5.030970076793e-01, 1.720917847638e-05, 8.2634e+02, 8.0978e+00, 
 1DIAGNOSTIC,    83, -5.033277121992e-01, 1.836397868170e-05, 8.3426e+02, 7.9191e+00, 
 1DIAGNOSTIC,    84, -5.033346094345e-01, 1.722964138883e-05, 8.4223e+02, 7.9636e+00, 
 1DIAGNOSTIC,    85, -5.034541874565e-01, 1.547248328878e-05, 8.5022e+02, 7.9970e+00, 
 1DIAGNOSTIC,    86, -5.036142775116e-01, 1.520711652178e-05, 8.5819e+02, 7.9656e+00, 
 1DIAGNOSTIC,    87, -5.037427598772e-01, 1.570067020686e-05, 8.6612e+02, 7.9327e+00, 
 1DIAGNOSTIC,    88, -5.038000277108e-01, 1.548163078737e-05, 8.7411e+02, 7.9931e+00, 
 1DIAGNOSTIC,    89, -5.038537492523e-01, 1.386737815154e-05, 8.8226e+02, 8.1460e+00, 
 1DIAGNOSTIC,    90, -5.040265504876e-01, 1.348996193676e-05, 8.9028e+02, 8.0212e+00, 
 1DIAGNOSTIC,    91, -5.041791312649e-01, 1.460338268730e-05, 8.9825e+02, 7.9675e+00, 
 1DIAGNOSTIC,    92, -5.040040946718e-01, 1.253816201370e-05, 9.0623e+02, 7.9808e+00, 
 1DIAGNOSTIC,    93, -5.045736792068e-01, 1.439085221073e-05, 9.1414e+02, 7.9150e+00, 
 1DIAGNOSTIC,    94, -5.044637300797e-01, 1.410579249387e-05, 9.2208e+02, 7.9395e+00, 
 1DIAGNOSTIC,    95, -5.042274612618e-01, 1.179389734182e-05, 9.3000e+02, 7.9140e+00, 
 1DIAGNOSTIC,    96, -5.046916413508e-01, 1.224172692043e-05, 9.3801e+02, 8.0083e+00, 
 1DIAGNOSTIC,    97, -5.048021435572e-01, 1.285721951094e-05, 9.4595e+02, 7.9430e+00, 
 1DIAGNOSTIC,    98, -5.047595157483e-01, 1.229343674965e-05, 9.5390e+02, 7.9498e+00, 
 1DIAGNOSTIC,    99, -5.047289197097e-01, 1.074612974071e-05, 9.6190e+02, 7.9980e+00, 
 1DIAGNOSTIC,   100, -5.048407576286e-01, 9.909297255795e-06, 9.6988e+02, 7.9817e+00, 
XXDIAGNOSTIC,Iteration,metricValue,convergenceValue,ITERATION_TIME_INDEX,SINCE_LAST
 1DIAGNOSTIC,     1, -4.543963204512e-01, 1.797693134862e+308, 1.0061e+03, 3.6173e+01, 
 1DIAGNOSTIC,     2, -4.580414098043e-01, 1.797693134862e+308, 1.0330e+03, 2.6974e+01, 
 1DIAGNOSTIC,     3, -4.618960134687e-01, 1.797693134862e+308, 1.0599e+03, 2.6860e+01, 
 1DIAGNOSTIC,     4, -4.651769862177e-01, 1.797693134862e+308, 1.0867e+03, 2.6860e+01, 
 1DIAGNOSTIC,     5, -4.678298574988e-01, 1.797693134862e+308, 1.1134e+03, 2.6641e+01, 
 1DIAGNOSTIC,     6, -4.701689805949e-01, 1.797693134862e+308, 1.1400e+03, 2.6653e+01, 
 1DIAGNOSTIC,     7, -4.725146507998e-01, 1.797693134862e+308, 1.1670e+03, 2.6940e+01, 
 1DIAGNOSTIC,     8, -4.746194661266e-01, 1.797693134862e+308, 1.1936e+03, 2.6666e+01, 
 1DIAGNOSTIC,     9, -4.765566744364e-01, 1.797693134862e+308, 1.2204e+03, 2.6781e+01, 
 1DIAGNOSTIC,    10, -4.781862027434e-01, 3.204622266372e-03, 1.2472e+03, 2.6742e+01, 
 1DIAGNOSTIC,    11, -4.797787077785e-01, 2.620457144217e-03, 1.2738e+03, 2.6640e+01, 
 1DIAGNOSTIC,    12, -4.809815293628e-01, 2.141382140125e-03, 1.3007e+03, 2.6911e+01, 
 1DIAGNOSTIC,    13, -4.821575484622e-01, 1.775090078757e-03, 1.3274e+03, 2.6727e+01, 
 1DIAGNOSTIC,    14, -4.830759954392e-01, 1.479926771236e-03, 1.3541e+03, 2.6628e+01, 
 1DIAGNOSTIC,    15, -4.841248805103e-01, 1.237035035251e-03, 1.3807e+03, 2.6663e+01, 
 1DIAGNOSTIC,    16, -4.849453451954e-01, 1.028797485141e-03, 1.4075e+03, 2.6734e+01, 
 1DIAGNOSTIC,    17, -4.859568792092e-01, 8.682048141859e-04, 1.4341e+03, 2.6638e+01, 
 1DIAGNOSTIC,    18, -4.865610440700e-01, 7.346713171281e-04, 1.4608e+03, 2.6661e+01, 
 1DIAGNOSTIC,    19, -4.875426630708e-01, 6.387196669446e-04, 1.4875e+03, 2.6694e+01, 
 1DIAGNOSTIC,    20, -4.880776662527e-01, 5.568395132450e-04, 1.5143e+03, 2.6860e+01, 
 1DIAGNOSTIC,    21, -4.889105079538e-01, 4.995145111283e-04, 1.5409e+03, 2.6604e+01, 
 1DIAGNOSTIC,    22, -4.893813219281e-01, 4.455722059765e-04, 1.5676e+03, 2.6710e+01, 
 1DIAGNOSTIC,    23, -4.900614969397e-01, 4.025762511853e-04, 1.5944e+03, 2.6763e+01, 
 1DIAGNOSTIC,    24, -4.904434578027e-01, 3.572529158215e-04, 1.6211e+03, 2.6676e+01, 
 1DIAGNOSTIC,    25, -4.912297056263e-01, 3.255068159509e-04, 1.6476e+03, 2.6563e+01, 
 1DIAGNOSTIC,    26, -4.912909989905e-01, 2.852140630476e-04, 1.6743e+03, 2.6707e+01, 
 1DIAGNOSTIC,    27, -4.919603381669e-01, 2.581935467623e-04, 1.7010e+03, 2.6612e+01, 
 1DIAGNOSTIC,    28, -4.922119556166e-01, 2.264143508107e-04, 1.7277e+03, 2.6784e+01, 
 1DIAGNOSTIC,    29, -4.930699231355e-01, 2.129579877668e-04, 1.7547e+03, 2.6948e+01, 
 1DIAGNOSTIC,    30, -4.927761164266e-01, 1.845186965307e-04, 1.7815e+03, 2.6773e+01, 
 1DIAGNOSTIC,    31, -4.937830658218e-01, 1.759530919683e-04, 1.8082e+03, 2.6754e+01, 
 1DIAGNOSTIC,    32, -4.937564396021e-01, 1.589559481162e-04, 1.8349e+03, 2.6663e+01, 
 1DIAGNOSTIC,    33, -4.944219867927e-01, 1.520264378073e-04, 1.8616e+03, 2.6667e+01, 
 1DIAGNOSTIC,    34, -4.942363792124e-01, 1.341005719558e-04, 1.8882e+03, 2.6698e+01, 
 1DIAGNOSTIC,    35, -4.951598380715e-01, 1.336744670281e-04, 1.9150e+03, 2.6793e+01, 
 1DIAGNOSTIC,    36, -4.948247211554e-01, 1.156039431754e-04, 1.9416e+03, 2.6550e+01, 
 1DIAGNOSTIC,    37, -4.957306746857e-01, 1.127979344255e-04, 1.9682e+03, 2.6626e+01, 
 1DIAGNOSTIC,    38, -4.954725097735e-01, 9.881897853362e-05, 1.9952e+03, 2.6934e+01, 
 1DIAGNOSTIC,    39, -4.963161241653e-01, 1.022962752976e-04, 2.0220e+03, 2.6835e+01, 
 1DIAGNOSTIC,    40, -4.959760942600e-01, 8.598209770184e-05, 2.0487e+03, 2.6696e+01, 
 1DIAGNOSTIC,    41, -4.967572983960e-01, 8.820845404967e-05, 2.0755e+03, 2.6788e+01, 
 1DIAGNOSTIC,    42, -4.967540204284e-01, 8.112094936036e-05, 2.1023e+03, 2.6857e+01, 
 1DIAGNOSTIC,    43, -4.973784290685e-01, 8.443260171851e-05, 2.1291e+03, 2.6819e+01, 
 1DIAGNOSTIC,    44, -4.969964922450e-01, 7.161263280886e-05, 2.1560e+03, 2.6828e+01, 
 1DIAGNOSTIC,    45, -4.977723488887e-01, 7.512845332638e-05, 2.1829e+03, 2.6919e+01, 
 1DIAGNOSTIC,    46, -4.974503577831e-01, 6.246631722009e-05, 2.2097e+03, 2.6845e+01, 
 1DIAGNOSTIC,    47, -4.981073094648e-01, 6.410864985407e-05, 2.2367e+03, 2.6987e+01, 
 1DIAGNOSTIC,    48, -4.979076059981e-01, 5.361919506777e-05, 2.2636e+03, 2.6845e+01, 
 1DIAGNOSTIC,    49, -4.981208027298e-01, 5.142590508517e-05, 2.2906e+03, 2.6985e+01, 
 1DIAGNOSTIC,    50, -4.983173102185e-01, 4.254449838250e-05, 2.3174e+03, 2.6813e+01, 
 1DIAGNOSTIC,    51, -4.984712056774e-01, 4.063893221773e-05, 2.3444e+03, 2.6986e+01, 
 1DIAGNOSTIC,    52, -4.985620365881e-01, 3.575713413983e-05, 2.3712e+03, 2.6875e+01, 
 1DIAGNOSTIC,    53, -4.987849125757e-01, 3.720044411624e-05, 2.3981e+03, 2.6853e+01, 
 1DIAGNOSTIC,    54, -4.989101646273e-01, 3.207484304292e-05, 2.4250e+03, 2.6907e+01, 
 1DIAGNOSTIC,    55, -4.991892576459e-01, 3.538706895076e-05, 2.4518e+03, 2.6830e+01, 
 1DIAGNOSTIC,    56, -4.990436468742e-01, 3.012604523414e-05, 2.4787e+03, 2.6886e+01, 
 1DIAGNOSTIC,    57, -4.994681972428e-01, 3.343584651291e-05, 2.5057e+03, 2.7019e+01, 
 1DIAGNOSTIC,    58, -4.995441219271e-01, 3.207804028697e-05, 2.5326e+03, 2.6912e+01, 
 1DIAGNOSTIC,    59, -4.995334698632e-01, 2.967655091736e-05, 2.5595e+03, 2.6855e+01, 
 1DIAGNOSTIC,    60, -4.999794979269e-01, 3.081468752045e-05, 2.5866e+03, 2.7081e+01, 
 1DIAGNOSTIC,    61, -4.999970486164e-01, 3.054296323515e-05, 2.6133e+03, 2.6762e+01, 
 1DIAGNOSTIC,    62, -4.999986426400e-01, 2.823486698204e-05, 2.6402e+03, 2.6893e+01, 
 1DIAGNOSTIC,    63, -5.001193918038e-01, 2.651884486970e-05, 2.6672e+03, 2.6950e+01, 
 1DIAGNOSTIC,    64, -5.002482257575e-01, 2.458745018651e-05, 2.6940e+03, 2.6796e+01, 
 1DIAGNOSTIC,    65, -5.004348814983e-01, 2.456099169782e-05, 2.7209e+03, 2.6959e+01, 
 1DIAGNOSTIC,    66, -5.001771934611e-01, 1.854165126261e-05, 2.7476e+03, 2.6656e+01, 
 1DIAGNOSTIC,    67, -5.009147143045e-01, 2.115922073711e-05, 2.7745e+03, 2.6871e+01, 
 1DIAGNOSTIC,    68, -5.005721462770e-01, 1.928355712833e-05, 2.8011e+03, 2.6647e+01, 
 1DIAGNOSTIC,    69, -5.008085421649e-01, 1.753419751380e-05, 2.8279e+03, 2.6759e+01, 
 1DIAGNOSTIC,    70, -5.007706256076e-01, 1.756700641579e-05, 2.8548e+03, 2.6918e+01, 
XXDIAGNOSTIC,Iteration,metricValue,convergenceValue,ITERATION_TIME_INDEX,SINCE_LAST
 1DIAGNOSTIC,     1, -4.447998755628e-01, 1.797693134862e+308, 3.0858e+03, 2.3100e+02, 
 1DIAGNOSTIC,     2, -4.481913391373e-01, 1.797693134862e+308, 3.3027e+03, 2.1688e+02, 
 1DIAGNOSTIC,     3, -4.513742160701e-01, 1.797693134862e+308, 3.5207e+03, 2.1803e+02, 
 1DIAGNOSTIC,     4, -4.544604225435e-01, 1.797693134862e+308, 3.7365e+03, 2.1577e+02, 
 1DIAGNOSTIC,     5, -4.572725924643e-01, 1.797693134862e+308, 3.9528e+03, 2.1633e+02, 
 1DIAGNOSTIC,     6, -4.598399276219e-01, 1.797693134862e+308, 4.1693e+03, 2.1650e+02, 
 1DIAGNOSTIC,     7, -4.622415819663e-01, 1.797693134862e+308, 4.3860e+03, 2.1671e+02, 
 1DIAGNOSTIC,     8, -4.645421126398e-01, 1.797693134862e+308, 4.6027e+03, 2.1668e+02, 
 1DIAGNOSTIC,     9, -4.667687441478e-01, 1.797693134862e+308, 4.8215e+03, 2.1881e+02, 
 1DIAGNOSTIC,    10, -4.689695522506e-01, 3.336702125238e-03, 5.0395e+03, 2.1797e+02, 
 1DIAGNOSTIC,    11, -4.711329457216e-01, 2.859037730011e-03, 5.2583e+03, 2.1883e+02, 
 1DIAGNOSTIC,    12, -4.730638668048e-01, 2.477098898214e-03, 5.4776e+03, 2.1926e+02, 
 1DIAGNOSTIC,    13, -4.749339493819e-01, 2.168385031919e-03, 5.6982e+03, 2.2066e+02, 
 1DIAGNOSTIC,    14, -4.767731640747e-01, 1.921759066424e-03, 5.9167e+03, 2.1852e+02, 
 1DIAGNOSTIC,    15, -4.785528404982e-01, 1.718968177124e-03, 6.1352e+03, 2.1843e+02, 
 1DIAGNOSTIC,    16, -4.802283090412e-01, 1.544984195101e-03, 6.3542e+03, 2.1909e+02, 
 1DIAGNOSTIC,    17, -4.818001732894e-01, 1.391078691698e-03, 6.5731e+03, 2.1884e+02, 
 1DIAGNOSTIC,    18, -4.832040535975e-01, 1.250453213879e-03, 6.7921e+03, 2.1903e+02, 
 1DIAGNOSTIC,    19, -4.845192405373e-01, 1.121398353472e-03, 7.0112e+03, 2.1911e+02, 
 1DIAGNOSTIC,    20, -4.858219042964e-01, 1.006582516242e-03, 7.2298e+03, 2.1852e+02, 
 1DIAGNOSTIC,    21, -4.871022122903e-01, 9.076185945835e-04, 7.4482e+03, 2.1850e+02, 
 1DIAGNOSTIC,    22, -4.883522372974e-01, 8.197348507340e-04, 7.6668e+03, 2.1852e+02, 
 1DIAGNOSTIC,    23, -4.895121089644e-01, 7.417780966474e-04, 7.8847e+03, 2.1788e+02, 
 1DIAGNOSTIC,    24, -4.906217070690e-01, 6.743506134425e-04, 8.1032e+03, 2.1852e+02, 
 1DIAGNOSTIC,    25, -4.917762713151e-01, 6.191030470154e-04, 8.3223e+03, 2.1913e+02, 
 1DIAGNOSTIC,    26, -4.926776480588e-01, 5.688265414170e-04, 8.5411e+03, 2.1879e+02, 
 1DIAGNOSTIC,    27, -4.934771509260e-01, 5.210523096726e-04, 8.7606e+03, 2.1953e+02, 
 1DIAGNOSTIC,    28, -4.941872598294e-01, 4.725417493942e-04, 8.9784e+03, 2.1782e+02, 
 1DIAGNOSTIC,    29, -4.948491046783e-01, 4.232642128495e-04, 9.1973e+03, 2.1886e+02, 
 1DIAGNOSTIC,    30, -4.955932827279e-01, 3.777017457148e-04, 9.4162e+03, 2.1885e+02, 
 1DIAGNOSTIC,    31, -4.961622007292e-01, 3.345934798344e-04, 9.6355e+03, 2.1932e+02, 
 1DIAGNOSTIC,    32, -4.966986149178e-01, 2.956213602266e-04, 9.8562e+03, 2.2073e+02, 
 1DIAGNOSTIC,    33, -4.971927552498e-01, 2.606770571248e-04, 1.0076e+04, 2.1951e+02, 
 1DIAGNOSTIC,    34, -4.977594907445e-01, 2.320877740582e-04, 1.0295e+04, 2.1929e+02, 
 1DIAGNOSTIC,    35, -4.981889954047e-01, 2.097013037962e-04, 1.0515e+04, 2.2020e+02, 
 1DIAGNOSTIC,    36, -4.987472596004e-01, 1.925358297525e-04, 1.0735e+04, 2.1951e+02, 
 1DIAGNOSTIC,    37, -4.991636457107e-01, 1.773214218334e-04, 1.0954e+04, 2.1935e+02, 
 1DIAGNOSTIC,    38, -4.997296411012e-01, 1.658211899651e-04, 1.1174e+04, 2.2012e+02, 
 1DIAGNOSTIC,    39, -5.001689896001e-01, 1.555825611549e-04, 1.1393e+04, 2.1896e+02, 
 1DIAGNOSTIC,    40, -5.007167973331e-01, 1.500024968810e-04, 1.1614e+04, 2.2058e+02, 
 1DIAGNOSTIC,    41, -5.011443502261e-01, 1.446029385494e-04, 1.1834e+04, 2.2012e+02, 
 1DIAGNOSTIC,    42, -5.017103833686e-01, 1.410622311116e-04, 1.2054e+04, 2.2048e+02, 
 1DIAGNOSTIC,    43, -5.021721342864e-01, 1.371455308182e-04, 1.2275e+04, 2.2054e+02, 
 1DIAGNOSTIC,    44, -5.027072633374e-01, 1.349712797705e-04, 1.2494e+04, 2.1907e+02, 
 1DIAGNOSTIC,    45, -5.031079740316e-01, 1.307089495391e-04, 1.2714e+04, 2.2005e+02, 
 1DIAGNOSTIC,    46, -5.036707723125e-01, 1.284190780900e-04, 1.2934e+04, 2.2021e+02, 
 1DIAGNOSTIC,    47, -5.041351934823e-01, 1.247798327290e-04, 1.3153e+04, 2.1884e+02, 
 1DIAGNOSTIC,    48, -5.045708063391e-01, 1.215090315368e-04, 1.3372e+04, 2.1892e+02, 
 1DIAGNOSTIC,    49, -5.049169822614e-01, 1.160535885860e-04, 1.3591e+04, 2.1861e+02, 
 1DIAGNOSTIC,    50, -5.053942526991e-01, 1.116893710547e-04, 1.3810e+04, 2.1912e+02, 
slurmstepd: error: Job 6246103 exceeded memory limit (15376668 > 15360000), being killed
slurmstepd: error: Exceeded job memory limit
slurmstepd: error: *** JOB 6246103 ON wbic-cs-8 CANCELLED AT 2021-02-08T17:14:16 ***
