Changed directory to /lustre/scratch/wbic-beta/ccn30/ENCRYPT/gridcellpilot/scripts/coregistration/slurmoutputs.

JobID: 4089897
======
Time: Sun Oct 20 16:29:14 BST 2019
Running on master node: wbic-csm-5
Current directory: /lustre/scratch/wbic-beta/ccn30/ENCRYPT/gridcellpilot/scripts/coregistration/slurmoutputs

Nodes allocated:
================
wbic-csm-5

numtasks=, numnodes=1, mpi_tasks_per_node=2 (OMP_NUM_THREADS=1)

Executing command:
==================
/lustre/scratch/wbic-beta/ccn30/ENCRYPT/gridcellpilot/scripts/coregistration/coreg_all.sh /lustre/scratch/wbic-beta/ccn30/ENCRYPT/gridcellpilot 28061/20190911_U-ID46160

28061
/lustre/scratch/wbic-beta/ccn30/ENCRYPT/gridcellpilot/preprocessed_data/segmentation/28061
mkdir: cannot create directory ‘/lustre/scratch/wbic-beta/ccn30/ENCRYPT/gridcellpilot/preprocessed_data/segmentation/28061/coregistration’: File exists
Making coregistration directory...
/lustre/scratch/wbic-beta/ccn30/ENCRYPT/gridcellpilot/preprocessed_data/segmentation/28061/coregistration
EXECUTING t2 to t1 coreg:  28061

--------------------------------------------------------------------------------------
 Mapping parameters
--------------------------------------------------------------------------------------
 ANTSPATH is /applications/ANTS/2.2.0/bin/

 Dimensionality:           3
 Output name prefix:       /lustre/scratch/wbic-beta/ccn30/ENCRYPT/gridcellpilot/preprocessed_data/segmentation/28061/coregistration/T1toT2_ANTS_
 Fixed images:             /lustre/scratch/wbic-beta/ccn30/ENCRYPT/gridcellpilot/raw_data/images/28061/20190911_U-ID46160/Series_033_Highresolution_TSE_PAT2_100/N4Series_033_Highresolution_TSE_PAT2_100_c32.nii
 Moving images:            /lustre/scratch/wbic-beta/ccn30/ENCRYPT/gridcellpilot/raw_data/images/28061/20190911_U-ID46160/mp2rage/reorientn4mag0000_PSIR_skulled_std.nii
 Number of threads:        1
 Spline distance:          26
 Transform type:           s
 MI histogram bins:        32
 Precision:                d
 Use histogram matching    0
======================================================================================
 antsRegistration call:
--------------------------------------------------------------------------------------
/applications/ANTS/2.2.0/bin//antsRegistration --verbose 1 --dimensionality 3 --float 0 --output [/lustre/scratch/wbic-beta/ccn30/ENCRYPT/gridcellpilot/preprocessed_data/segmentation/28061/coregistration/T1toT2_ANTS_,/lustre/scratch/wbic-beta/ccn30/ENCRYPT/gridcellpilot/preprocessed_data/segmentation/28061/coregistration/T1toT2_ANTS_Warped.nii.gz,/lustre/scratch/wbic-beta/ccn30/ENCRYPT/gridcellpilot/preprocessed_data/segmentation/28061/coregistration/T1toT2_ANTS_InverseWarped.nii.gz] --interpolation Linear --use-histogram-matching 0 --winsorize-image-intensities [0.005,0.995] --initial-moving-transform [/lustre/scratch/wbic-beta/ccn30/ENCRYPT/gridcellpilot/raw_data/images/28061/20190911_U-ID46160/Series_033_Highresolution_TSE_PAT2_100/N4Series_033_Highresolution_TSE_PAT2_100_c32.nii,/lustre/scratch/wbic-beta/ccn30/ENCRYPT/gridcellpilot/raw_data/images/28061/20190911_U-ID46160/mp2rage/reorientn4mag0000_PSIR_skulled_std.nii,1] --transform Rigid[0.1] --metric MI[/lustre/scratch/wbic-beta/ccn30/ENCRYPT/gridcellpilot/raw_data/images/28061/20190911_U-ID46160/Series_033_Highresolution_TSE_PAT2_100/N4Series_033_Highresolution_TSE_PAT2_100_c32.nii,/lustre/scratch/wbic-beta/ccn30/ENCRYPT/gridcellpilot/raw_data/images/28061/20190911_U-ID46160/mp2rage/reorientn4mag0000_PSIR_skulled_std.nii,1,32,Regular,0.25] --convergence [1000x500x250x0,1e-6,10] --shrink-factors 12x8x4x2 --smoothing-sigmas 4x3x2x1vox --transform Affine[0.1] --metric MI[/lustre/scratch/wbic-beta/ccn30/ENCRYPT/gridcellpilot/raw_data/images/28061/20190911_U-ID46160/Series_033_Highresolution_TSE_PAT2_100/N4Series_033_Highresolution_TSE_PAT2_100_c32.nii,/lustre/scratch/wbic-beta/ccn30/ENCRYPT/gridcellpilot/raw_data/images/28061/20190911_U-ID46160/mp2rage/reorientn4mag0000_PSIR_skulled_std.nii,1,32,Regular,0.25] --convergence [1000x500x250x0,1e-6,10] --shrink-factors 12x8x4x2 --smoothing-sigmas 4x3x2x1vox --transform SyN[0.1,3,0] --metric MI[/lustre/scratch/wbic-beta/ccn30/ENCRYPT/gridcellpilot/raw_data/images/28061/20190911_U-ID46160/Series_033_Highresolution_TSE_PAT2_100/N4Series_033_Highresolution_TSE_PAT2_100_c32.nii,/lustre/scratch/wbic-beta/ccn30/ENCRYPT/gridcellpilot/raw_data/images/28061/20190911_U-ID46160/mp2rage/reorientn4mag0000_PSIR_skulled_std.nii,1,32] --convergence [100x100x70x50x0,1e-6,10] --shrink-factors 10x6x4x2x1 --smoothing-sigmas 5x3x2x1x0vox
--------------------------------------------------------------------------------------
All_Command_lines_OK
Using double precision for computations.
=============================================================================
The composite transform comprises the following transforms (in order): 
  1. Center of mass alignment using fixed image: /lustre/scratch/wbic-beta/ccn30/ENCRYPT/gridcellpilot/raw_data/images/28061/20190911_U-ID46160/Series_033_Highresolution_TSE_PAT2_100/N4Series_033_Highresolution_TSE_PAT2_100_c32.nii and moving image: /lustre/scratch/wbic-beta/ccn30/ENCRYPT/gridcellpilot/raw_data/images/28061/20190911_U-ID46160/mp2rage/reorientn4mag0000_PSIR_skulled_std.nii (type = Euler3DTransform)
=============================================================================
  number of levels = 4
  number of levels = 4
  number of levels = 5
  fixed image: /lustre/scratch/wbic-beta/ccn30/ENCRYPT/gridcellpilot/raw_data/images/28061/20190911_U-ID46160/Series_033_Highresolution_TSE_PAT2_100/N4Series_033_Highresolution_TSE_PAT2_100_c32.nii
  moving image: /lustre/scratch/wbic-beta/ccn30/ENCRYPT/gridcellpilot/raw_data/images/28061/20190911_U-ID46160/mp2rage/reorientn4mag0000_PSIR_skulled_std.nii
  fixed image: /lustre/scratch/wbic-beta/ccn30/ENCRYPT/gridcellpilot/raw_data/images/28061/20190911_U-ID46160/Series_033_Highresolution_TSE_PAT2_100/N4Series_033_Highresolution_TSE_PAT2_100_c32.nii
  moving image: /lustre/scratch/wbic-beta/ccn30/ENCRYPT/gridcellpilot/raw_data/images/28061/20190911_U-ID46160/mp2rage/reorientn4mag0000_PSIR_skulled_std.nii
  fixed image: /lustre/scratch/wbic-beta/ccn30/ENCRYPT/gridcellpilot/raw_data/images/28061/20190911_U-ID46160/Series_033_Highresolution_TSE_PAT2_100/N4Series_033_Highresolution_TSE_PAT2_100_c32.nii
  moving image: /lustre/scratch/wbic-beta/ccn30/ENCRYPT/gridcellpilot/raw_data/images/28061/20190911_U-ID46160/mp2rage/reorientn4mag0000_PSIR_skulled_std.nii
Dimension = 3
Number of stages = 3
Use Histogram Matching false
Winsorize image intensities true
Lower quantile = 0.005
Upper quantile = 0.995
Stage 1 State
   Image metric = Mattes
     Fixed image = Image (0x395c610)
  RTTI typeinfo:   itk::Image<double, 3u>
  Reference Count: 2
  Modified Time: 1713
  Debug: Off
  Object Name: 
  Observers: 
    none
  Source: (none)
  Source output name: (none)
  Release Data: Off
  Data Released: False
  Global Release Data: Off
  PipelineMTime: 0
  UpdateMTime: 1535
  RealTimeStamp: 0 seconds 
  LargestPossibleRegion: 
    Dimension: 3
    Index: [0, 0, 0]
    Size: [512, 512, 54]
  BufferedRegion: 
    Dimension: 3
    Index: [0, 0, 0]
    Size: [512, 512, 54]
  RequestedRegion: 
    Dimension: 3
    Index: [0, 0, 0]
    Size: [512, 512, 54]
  Spacing: [0.4375, 0.4375, 1.1]
  Origin: [-111.869, 7.06864, -102.679]
  Direction: 
0.999986 -0.00236425 0.00468622
-0.00524879 -0.453984 0.890994
-2.09393e-05 0.891007 0.45399

  IndexToPointMatrix: 
0.437494 -0.00103436 0.00515484
-0.00229635 -0.198618 0.980095
-9.16093e-06 0.389815 0.49939

  PointToIndexMatrix: 
2.28568 -0.0119972 -4.78613e-05
-0.00540399 -1.03768 2.03659
0.00426019 0.809994 0.412718

  Inverse Direction: 
0.999986 -0.00524879 -2.09393e-05
-0.00236425 -0.453984 0.891007
0.00468622 0.890994 0.45399

  PixelContainer: 
    ImportImageContainer (0x39565e0)
      RTTI typeinfo:   itk::ImportImageContainer<unsigned long, double>
      Reference Count: 1
      Modified Time: 1532
      Debug: Off
      Object Name: 
      Observers: 
        none
      Pointer: 0x2af2b39d1010
      Container manages memory: true
      Size: 14155776
      Capacity: 14155776

     Moving image = Image (0x395d2f0)
  RTTI typeinfo:   itk::Image<double, 3u>
  Reference Count: 2
  Modified Time: 1714
  Debug: Off
  Object Name: 
  Observers: 
    none
  Source: (none)
  Source output name: (none)
  Release Data: Off
  Data Released: False
  Global Release Data: Off
  PipelineMTime: 0
  UpdateMTime: 1711
  RealTimeStamp: 0 seconds 
  LargestPossibleRegion: 
    Dimension: 3
    Index: [0, 0, 0]
    Size: [224, 320, 320]
  BufferedRegion: 
    Dimension: 3
    Index: [0, 0, 0]
    Size: [224, 320, 320]
  RequestedRegion: 
    Dimension: 3
    Index: [0, 0, 0]
    Size: [224, 320, 320]
  Spacing: [0.699997, 0.7, 0.7]
  Origin: [-77.4301, 74.7286, -97.6632]
  Direction: 
1 0 0
0 -1 0
0 0 1

  IndexToPointMatrix: 
0.699997 0 0
0 -0.7 0
0 0 0.7

  PointToIndexMatrix: 
1.42858 0 0
0 -1.42857 0
0 0 1.42857

  Inverse Direction: 
1 0 0
0 -1 0
0 0 1

  PixelContainer: 
    ImportImageContainer (0x395ac90)
      RTTI typeinfo:   itk::ImportImageContainer<unsigned long, double>
      Reference Count: 1
      Modified Time: 1708
      Debug: Off
      Object Name: 
      Observers: 
        none
      Pointer: 0x2af2ba5d2010
      Container manages memory: true
      Size: 22937600
      Capacity: 22937600

     Weighting = 1
     Sampling strategy = regular
     Number of bins = 32
     Radius = 4
     Sampling percentage  = 0.25
   Transform = Rigid
     Gradient step = 0.1
     Update field sigma (voxel space) = 0
     Total field sigma (voxel space) = 0
     Update field time sigma = 0
     Total field time sigma  = 0
     Number of time indices = 0
     Number of time point samples = 0
Stage 2 State
   Image metric = Mattes
     Fixed image = Image (0x395e010)
  RTTI typeinfo:   itk::Image<double, 3u>
  Reference Count: 2
  Modified Time: 2067
  Debug: Off
  Object Name: 
  Observers: 
    none
  Source: (none)
  Source output name: (none)
  Release Data: Off
  Data Released: False
  Global Release Data: Off
  PipelineMTime: 0
  UpdateMTime: 1889
  RealTimeStamp: 0 seconds 
  LargestPossibleRegion: 
    Dimension: 3
    Index: [0, 0, 0]
    Size: [512, 512, 54]
  BufferedRegion: 
    Dimension: 3
    Index: [0, 0, 0]
    Size: [512, 512, 54]
  RequestedRegion: 
    Dimension: 3
    Index: [0, 0, 0]
    Size: [512, 512, 54]
  Spacing: [0.4375, 0.4375, 1.1]
  Origin: [-111.869, 7.06864, -102.679]
  Direction: 
0.999986 -0.00236425 0.00468622
-0.00524879 -0.453984 0.890994
-2.09393e-05 0.891007 0.45399

  IndexToPointMatrix: 
0.437494 -0.00103436 0.00515484
-0.00229635 -0.198618 0.980095
-9.16093e-06 0.389815 0.49939

  PointToIndexMatrix: 
2.28568 -0.0119972 -4.78613e-05
-0.00540399 -1.03768 2.03659
0.00426019 0.809994 0.412718

  Inverse Direction: 
0.999986 -0.00524879 -2.09393e-05
-0.00236425 -0.453984 0.891007
0.00468622 0.890994 0.45399

  PixelContainer: 
    ImportImageContainer (0x3957210)
      RTTI typeinfo:   itk::ImportImageContainer<unsigned long, double>
      Reference Count: 1
      Modified Time: 1886
      Debug: Off
      Object Name: 
      Observers: 
        none
      Pointer: 0x2af2c54d3010
      Container manages memory: true
      Size: 14155776
      Capacity: 14155776

     Moving image = Image (0x3969cd0)
  RTTI typeinfo:   itk::Image<double, 3u>
  Reference Count: 2
  Modified Time: 2068
  Debug: Off
  Object Name: 
  Observers: 
    none
  Source: (none)
  Source output name: (none)
  Release Data: Off
  Data Released: False
  Global Release Data: Off
  PipelineMTime: 0
  UpdateMTime: 2065
  RealTimeStamp: 0 seconds 
  LargestPossibleRegion: 
    Dimension: 3
    Index: [0, 0, 0]
    Size: [224, 320, 320]
  BufferedRegion: 
    Dimension: 3
    Index: [0, 0, 0]
    Size: [224, 320, 320]
  RequestedRegion: 
    Dimension: 3
    Index: [0, 0, 0]
    Size: [224, 320, 320]
  Spacing: [0.699997, 0.7, 0.7]
  Origin: [-77.4301, 74.7286, -97.6632]
  Direction: 
1 0 0
0 -1 0
0 0 1

  IndexToPointMatrix: 
0.699997 0 0
0 -0.7 0
0 0 0.7

  PointToIndexMatrix: 
1.42858 0 0
0 -1.42857 0
0 0 1.42857

  Inverse Direction: 
1 0 0
0 -1 0
0 0 1

  PixelContainer: 
    ImportImageContainer (0x3969f60)
      RTTI typeinfo:   itk::ImportImageContainer<unsigned long, double>
      Reference Count: 1
      Modified Time: 2062
      Debug: Off
      Object Name: 
      Observers: 
        none
      Pointer: 0x2af2cc0d4010
      Container manages memory: true
      Size: 22937600
      Capacity: 22937600

     Weighting = 1
     Sampling strategy = regular
     Number of bins = 32
     Radius = 4
     Sampling percentage  = 0.25
   Transform = Affine
     Gradient step = 0.1
     Update field sigma (voxel space) = 0
     Total field sigma (voxel space) = 0
     Update field time sigma = 0
     Total field time sigma  = 0
     Number of time indices = 0
     Number of time point samples = 0
Stage 3 State
   Image metric = Mattes
     Fixed image = Image (0x3969fc0)
  RTTI typeinfo:   itk::Image<double, 3u>
  Reference Count: 2
  Modified Time: 2421
  Debug: Off
  Object Name: 
  Observers: 
    none
  Source: (none)
  Source output name: (none)
  Release Data: Off
  Data Released: False
  Global Release Data: Off
  PipelineMTime: 0
  UpdateMTime: 2243
  RealTimeStamp: 0 seconds 
  LargestPossibleRegion: 
    Dimension: 3
    Index: [0, 0, 0]
    Size: [512, 512, 54]
  BufferedRegion: 
    Dimension: 3
    Index: [0, 0, 0]
    Size: [512, 512, 54]
  RequestedRegion: 
    Dimension: 3
    Index: [0, 0, 0]
    Size: [512, 512, 54]
  Spacing: [0.4375, 0.4375, 1.1]
  Origin: [-111.869, 7.06864, -102.679]
  Direction: 
0.999986 -0.00236425 0.00468622
-0.00524879 -0.453984 0.890994
-2.09393e-05 0.891007 0.45399

  IndexToPointMatrix: 
0.437494 -0.00103436 0.00515484
-0.00229635 -0.198618 0.980095
-9.16093e-06 0.389815 0.49939

  PointToIndexMatrix: 
2.28568 -0.0119972 -4.78613e-05
-0.00540399 -1.03768 2.03659
0.00426019 0.809994 0.412718

  Inverse Direction: 
0.999986 -0.00524879 -2.09393e-05
-0.00236425 -0.453984 0.891007
0.00468622 0.890994 0.45399

  PixelContainer: 
    ImportImageContainer (0x396bdd0)
      RTTI typeinfo:   itk::ImportImageContainer<unsigned long, double>
      Reference Count: 1
      Modified Time: 2240
      Debug: Off
      Object Name: 
      Observers: 
        none
      Pointer: 0x2af2d6fd5010
      Container manages memory: true
      Size: 14155776
      Capacity: 14155776

     Moving image = Image (0x39726f0)
  RTTI typeinfo:   itk::Image<double, 3u>
  Reference Count: 2
  Modified Time: 2422
  Debug: Off
  Object Name: 
  Observers: 
    none
  Source: (none)
  Source output name: (none)
  Release Data: Off
  Data Released: False
  Global Release Data: Off
  PipelineMTime: 0
  UpdateMTime: 2419
  RealTimeStamp: 0 seconds 
  LargestPossibleRegion: 
    Dimension: 3
    Index: [0, 0, 0]
    Size: [224, 320, 320]
  BufferedRegion: 
    Dimension: 3
    Index: [0, 0, 0]
    Size: [224, 320, 320]
  RequestedRegion: 
    Dimension: 3
    Index: [0, 0, 0]
    Size: [224, 320, 320]
  Spacing: [0.699997, 0.7, 0.7]
  Origin: [-77.4301, 74.7286, -97.6632]
  Direction: 
1 0 0
0 -1 0
0 0 1

  IndexToPointMatrix: 
0.699997 0 0
0 -0.7 0
0 0 0.7

  PointToIndexMatrix: 
1.42858 0 0
0 -1.42857 0
0 0 1.42857

  Inverse Direction: 
1 0 0
0 -1 0
0 0 1

  PixelContainer: 
    ImportImageContainer (0x3972980)
      RTTI typeinfo:   itk::ImportImageContainer<unsigned long, double>
      Reference Count: 1
      Modified Time: 2416
      Debug: Off
      Object Name: 
      Observers: 
        none
      Pointer: 0x2af2ddbd6010
      Container manages memory: true
      Size: 22937600
      Capacity: 22937600

     Weighting = 1
     Sampling strategy = none
     Number of bins = 32
     Radius = 4
     Sampling percentage  = 1
   Transform = SyN
     Gradient step = 0.1
     Update field sigma (voxel space) = 3
     Total field sigma (voxel space) = 0
     Update field time sigma = 0
     Total field time sigma  = 0
     Number of time indices = 0
     Number of time point samples = 0
Registration using 3 total stages.

Stage 0
  iterations = 1000x500x250x0
  convergence threshold = 1e-06
  convergence window size = 10
  number of levels = 4
  using the Mattes MI metric (number of bins = 32, weight = 1)
  preprocessing:  winsorizing the image intensities
  Shrink factors (level 1 out of 4): [12, 12, 5]
  Shrink factors (level 2 out of 4): [8, 8, 3]
  Shrink factors (level 3 out of 4): [4, 4, 2]
  Shrink factors (level 4 out of 4): [2, 2, 1]
  smoothing sigmas per level: [4, 3, 2, 1]
  regular sampling (percentage = 0.25)

*** Running Euler3DTransform registration ***

DIAGNOSTIC,Iteration,metricValue,convergenceValue,ITERATION_TIME_INDEX,SINCE_LAST
 2DIAGNOSTIC,     1, -2.614112430427e-01, 1.797693134862e+308, 1.8293e+01, 1.8293e+01, 
 2DIAGNOSTIC,     2, -2.623793882347e-01, 1.797693134862e+308, 1.8315e+01, 2.2353e-02, 
 2DIAGNOSTIC,     3, -2.652653087845e-01, 1.797693134862e+308, 1.8337e+01, 2.1714e-02, 
 2DIAGNOSTIC,     4, -2.680099583561e-01, 1.797693134862e+308, 1.8359e+01, 2.2172e-02, 
 2DIAGNOSTIC,     5, -2.697661864967e-01, 1.797693134862e+308, 1.8381e+01, 2.2458e-02, 
 2DIAGNOSTIC,     6, -2.728442969662e-01, 1.797693134862e+308, 1.8407e+01, 2.5431e-02, 
 2DIAGNOSTIC,     7, -3.211453378880e-01, 1.797693134862e+308, 1.8451e+01, 4.3889e-02, 
 2DIAGNOSTIC,     8, -3.685186659622e-01, 1.797693134862e+308, 1.8485e+01, 3.4233e-02, 
 2DIAGNOSTIC,     9, -3.728929176894e-01, 1.797693134862e+308, 1.8505e+01, 2.0554e-02, 
 2DIAGNOSTIC,    10, -3.809191722750e-01, 2.931611009477e-02, 1.8527e+01, 2.1553e-02, 
 2DIAGNOSTIC,    11, -3.895660680737e-01, 2.947311773951e-02, 1.8547e+01, 1.9682e-02, 
 2DIAGNOSTIC,    12, -3.931306768578e-01, 2.723879951933e-02, 1.8568e+01, 2.0912e-02, 
 2DIAGNOSTIC,    13, -3.942916818051e-01, 2.321259277385e-02, 1.8591e+01, 2.3745e-02, 
 2DIAGNOSTIC,    14, -3.945865543581e-01, 1.802384000017e-02, 1.8611e+01, 1.9674e-02, 
 2DIAGNOSTIC,    15, -3.946071474077e-01, 1.219442694744e-02, 1.8630e+01, 1.9481e-02, 
 2DIAGNOSTIC,    16, -3.945084320007e-01, 6.219828901289e-03, 1.8654e+01, 2.3340e-02, 
 2DIAGNOSTIC,    17, -3.955599756674e-01, 2.848013500953e-03, 1.8677e+01, 2.3343e-02, 
 2DIAGNOSTIC,    18, -3.959294438619e-01, 1.838589121565e-03, 1.8705e+01, 2.8261e-02, 
 2DIAGNOSTIC,    19, -3.954556198196e-01, 9.465268446986e-04, 1.8745e+01, 3.9491e-02, 
 2DIAGNOSTIC,    20, -3.956599412159e-01, 3.969221477484e-04, 1.8764e+01, 1.9504e-02, 
 2DIAGNOSTIC,    21, -3.954557616675e-01, 1.911879110117e-04, 1.8783e+01, 1.9004e-02, 
 2DIAGNOSTIC,    22, -3.954865190355e-01, 1.184309111488e-04, 1.8807e+01, 2.3144e-02, 
 2DIAGNOSTIC,    23, -3.956501811081e-01, 8.727140880334e-05, 1.8830e+01, 2.3315e-02, 
 2DIAGNOSTIC,    24, -3.955196742283e-01, 5.689346473865e-05, 1.8849e+01, 1.9037e-02, 
 2DIAGNOSTIC,    25, -3.953513217105e-01, 2.018106833029e-05, 1.8872e+01, 2.2925e-02, 
DIAGNOSTIC,Iteration,metricValue,convergenceValue,ITERATION_TIME_INDEX,SINCE_LAST
 2DIAGNOSTIC,     1, -3.837896612858e-01, 1.797693134862e+308, 3.2962e+01, 1.4090e+01, 
 2DIAGNOSTIC,     2, -3.845649279601e-01, 1.797693134862e+308, 3.3072e+01, 1.1037e-01, 
 2DIAGNOSTIC,     3, -3.849034448169e-01, 1.797693134862e+308, 3.3161e+01, 8.8935e-02, 
 2DIAGNOSTIC,     4, -3.851260191624e-01, 1.797693134862e+308, 3.3248e+01, 8.7106e-02, 
 2DIAGNOSTIC,     5, -3.855707213751e-01, 1.797693134862e+308, 3.3339e+01, 9.0767e-02, 
 2DIAGNOSTIC,     6, -3.861550494074e-01, 1.797693134862e+308, 3.3427e+01, 8.8391e-02, 
 2DIAGNOSTIC,     7, -3.868108498705e-01, 1.797693134862e+308, 3.3594e+01, 1.6628e-01, 
 2DIAGNOSTIC,     8, -3.869985501203e-01, 1.797693134862e+308, 3.3690e+01, 9.6358e-02, 
 2DIAGNOSTIC,     9, -3.870839383893e-01, 1.797693134862e+308, 3.3785e+01, 9.5132e-02, 
 2DIAGNOSTIC,    10, -3.871935662637e-01, 5.894446822411e-04, 3.3922e+01, 1.3710e-01, 
 2DIAGNOSTIC,    11, -3.872434099402e-01, 4.600453428846e-04, 3.4020e+01, 9.7409e-02, 
 2DIAGNOSTIC,    12, -3.873160596386e-01, 3.625501302398e-04, 3.4117e+01, 9.7244e-02, 
 2DIAGNOSTIC,    13, -3.876301451290e-01, 2.847029271475e-04, 3.4281e+01, 1.6416e-01, 
 2DIAGNOSTIC,    14, -3.876818056427e-01, 2.065403777997e-04, 3.4376e+01, 9.4870e-02, 
 2DIAGNOSTIC,    15, -3.876910001214e-01, 1.422205863924e-04, 3.4472e+01, 9.5791e-02, 
 2DIAGNOSTIC,    16, -3.877032961739e-01, 1.000298323805e-04, 3.4612e+01, 1.4051e-01, 
 2DIAGNOSTIC,    17, -3.877094713643e-01, 8.222793096673e-05, 3.4733e+01, 1.2080e-01, 
 2DIAGNOSTIC,    18, -3.876662817943e-01, 6.464719141857e-05, 3.4829e+01, 9.6211e-02, 
 2DIAGNOSTIC,    19, -3.876677601841e-01, 4.638196471031e-05, 3.4925e+01, 9.5980e-02, 
 2DIAGNOSTIC,    20, -3.876692396053e-01, 3.001360013460e-05, 3.5021e+01, 9.5551e-02, 
 2DIAGNOSTIC,    21, -3.876702235665e-01, 1.439363539781e-05, 3.5139e+01, 1.1877e-01, 
 2DIAGNOSTIC,    22, -3.876714904309e-01, 1.189422685309e-06, 3.5302e+01, 1.6248e-01, 
DIAGNOSTIC,Iteration,metricValue,convergenceValue,ITERATION_TIME_INDEX,SINCE_LAST
 2DIAGNOSTIC,     1, -3.751437951188e-01, 1.797693134862e+308, 4.3344e+01, 8.0418e+00, 
 2DIAGNOSTIC,     2, -3.761283053152e-01, 1.797693134862e+308, 4.3795e+01, 4.5143e-01, 
 2DIAGNOSTIC,     3, -3.765503048031e-01, 1.797693134862e+308, 4.4249e+01, 4.5358e-01, 
 2DIAGNOSTIC,     4, -3.765966896933e-01, 1.797693134862e+308, 4.4700e+01, 4.5152e-01, 
 2DIAGNOSTIC,     5, -3.766287845693e-01, 1.797693134862e+308, 4.5247e+01, 5.4714e-01, 
 2DIAGNOSTIC,     6, -3.766776844962e-01, 1.797693134862e+308, 4.5980e+01, 7.3224e-01, 
 2DIAGNOSTIC,     7, -3.767148905352e-01, 1.797693134862e+308, 4.6524e+01, 5.4390e-01, 
 2DIAGNOSTIC,     8, -3.767366381266e-01, 1.797693134862e+308, 4.6967e+01, 4.4298e-01, 
 2DIAGNOSTIC,     9, -3.767409541078e-01, 1.797693134862e+308, 4.7415e+01, 4.4806e-01, 
 2DIAGNOSTIC,    10, -3.767469462001e-01, 1.792664776970e-04, 4.7869e+01, 4.5458e-01, 
 2DIAGNOSTIC,    11, -3.767547584780e-01, 6.850175710101e-05, 4.8318e+01, 4.4918e-01, 
 2DIAGNOSTIC,    12, -3.767700238136e-01, 3.246233665045e-05, 4.8861e+01, 5.4266e-01, 
 2DIAGNOSTIC,    13, -3.767809314760e-01, 2.436176236439e-05, 4.9782e+01, 9.2059e-01, 
 2DIAGNOSTIC,    14, -3.767705348492e-01, 1.737439643321e-05, 5.0230e+01, 4.4824e-01, 
 2DIAGNOSTIC,    15, -3.767706890085e-01, 1.155980829533e-05, 5.0681e+01, 4.5066e-01, 
 2DIAGNOSTIC,    16, -3.767712943969e-01, 7.899743460396e-06, 5.1115e+01, 4.3459e-01, 
 2DIAGNOSTIC,    17, -3.767715201061e-01, 5.744281836612e-06, 5.1559e+01, 4.4424e-01, 
 2DIAGNOSTIC,    18, -3.767834415494e-01, 4.877145348421e-06, 5.3677e+01, 2.1176e+00, 
 2DIAGNOSTIC,    19, -3.767834415350e-01, 3.983722968434e-06, 5.5836e+01, 2.1588e+00, 
 2DIAGNOSTIC,    20, -3.767834415350e-01, 3.203288600311e-06, 5.6468e+01, 6.3198e-01, 
 2DIAGNOSTIC,    21, -3.767834415349e-01, 2.617227148324e-06, 5.7011e+01, 5.4367e-01, 
 2DIAGNOSTIC,    22, -3.767834415349e-01, 2.488498944880e-06, 5.7559e+01, 5.4732e-01, 
 2DIAGNOSTIC,    23, -3.767834415349e-01, 2.634882485121e-06, 5.8284e+01, 7.2483e-01, 
 2DIAGNOSTIC,    24, -3.767834415349e-01, 2.323684635777e-06, 5.9004e+01, 7.2074e-01, 
 2DIAGNOSTIC,    25, -3.767834415349e-01, 1.953777328152e-06, 5.9539e+01, 5.3440e-01, 
 2DIAGNOSTIC,    26, -3.767834415349e-01, 1.569843594180e-06, 6.0079e+01, 5.4012e-01, 
 2DIAGNOSTIC,    27, -3.767834415349e-01, 1.178522985680e-06, 6.0619e+01, 5.3985e-01, 
 2DIAGNOSTIC,    28, -3.767834415349e-01, 1.136420242118e-06, 6.1158e+01, 5.3910e-01, 
 2DIAGNOSTIC,    29, -3.767834415349e-01, 1.097221628846e-06, 6.1699e+01, 5.4135e-01, 
 2DIAGNOSTIC,    30, -3.767834415349e-01, 1.060637011191e-06, 6.2236e+01, 5.3722e-01, 
 2DIAGNOSTIC,    31, -3.767834415349e-01, 1.026413351146e-06, 6.2785e+01, 5.4839e-01, 
DIAGNOSTIC,Iteration,metricValue,convergenceValue,ITERATION_TIME_INDEX,SINCE_LAST
 2DIAGNOSTIC,     1, -3.045585676930e-01, 1.797693134862e+308, 7.0963e+01, 8.1780e+00, 
  Elapsed time (stage 0): 7.3186e+01


Stage 1
  iterations = 1000x500x250x0
  convergence threshold = 1.0000e-06
  convergence window size = 10
  number of levels = 4
  using the Mattes MI metric (number of bins = 32, weight = 1.0000e+00)
  preprocessing:  winsorizing the image intensities
  Shrink factors (level 1 out of 4): [12, 12, 5]
  Shrink factors (level 2 out of 4): [8, 8, 3]
  Shrink factors (level 3 out of 4): [4, 4, 2]
  Shrink factors (level 4 out of 4): [2, 2, 1]
  smoothing sigmas per level: [4, 3, 2, 1]
  regular sampling (percentage = 2.5000e-01)

*** Running AffineTransform registration ***

DIAGNOSTIC,Iteration,metricValue,convergenceValue,ITERATION_TIME_INDEX,SINCE_LAST
 2DIAGNOSTIC,     1, -3.916328006140e-01, 1.797693134862e+308, 1.8049e+01, 1.8049e+01, 
 2DIAGNOSTIC,     2, -3.928849164572e-01, 1.797693134862e+308, 1.8071e+01, 2.1460e-02, 
 2DIAGNOSTIC,     3, -3.949013036773e-01, 1.797693134862e+308, 1.8092e+01, 2.1406e-02, 
 2DIAGNOSTIC,     4, -3.986740090513e-01, 1.797693134862e+308, 1.8113e+01, 2.1072e-02, 
 2DIAGNOSTIC,     5, -4.038448506951e-01, 1.797693134862e+308, 1.8135e+01, 2.1581e-02, 
 2DIAGNOSTIC,     6, -4.168984634456e-01, 1.797693134862e+308, 1.8160e+01, 2.5560e-02, 
 2DIAGNOSTIC,     7, -4.183271661001e-01, 1.797693134862e+308, 1.8182e+01, 2.1740e-02, 
 2DIAGNOSTIC,     8, -4.204439210117e-01, 1.797693134862e+308, 1.8216e+01, 3.3847e-02, 
 2DIAGNOSTIC,     9, -4.215456451621e-01, 1.797693134862e+308, 1.8238e+01, 2.2028e-02, 
 2DIAGNOSTIC,    10, -4.220540863875e-01, 5.903376076913e-03, 1.8265e+01, 2.7005e-02, 
 2DIAGNOSTIC,    11, -4.223229853570e-01, 4.875021047334e-03, 1.8294e+01, 2.8544e-02, 
 2DIAGNOSTIC,    12, -4.238952428914e-01, 3.749475027344e-03, 1.8318e+01, 2.3992e-02, 
 2DIAGNOSTIC,    13, -4.261002782686e-01, 2.692569273281e-03, 1.8354e+01, 3.6363e-02, 
 2DIAGNOSTIC,    14, -4.263585057858e-01, 1.744155518276e-03, 1.8381e+01, 2.6916e-02, 
 2DIAGNOSTIC,    15, -4.269867836481e-01, 1.019489328757e-03, 1.8408e+01, 2.7317e-02, 
 2DIAGNOSTIC,    16, -4.268088480924e-01, 8.471353087497e-04, 1.8438e+01, 2.9361e-02, 
 2DIAGNOSTIC,    17, -4.267094709570e-01, 6.691343060500e-04, 1.8469e+01, 3.0982e-02, 
 2DIAGNOSTIC,    18, -4.267590928813e-01, 5.300530727355e-04, 1.8493e+01, 2.4294e-02, 
 2DIAGNOSTIC,    19, -4.266122130422e-01, 3.911632368927e-04, 1.8535e+01, 4.2598e-02, 
 2DIAGNOSTIC,    20, -4.262918673997e-01, 2.381015722551e-04, 1.8564e+01, 2.9046e-02, 
 2DIAGNOSTIC,    21, -4.263607033559e-01, 8.870423186063e-05, 1.8593e+01, 2.8506e-02, 
DIAGNOSTIC,Iteration,metricValue,convergenceValue,ITERATION_TIME_INDEX,SINCE_LAST
 2DIAGNOSTIC,     1, -3.922691202074e-01, 1.797693134862e+308, 3.2620e+01, 1.4027e+01, 
 2DIAGNOSTIC,     2, -3.932176971253e-01, 1.797693134862e+308, 3.2726e+01, 1.0636e-01, 
 2DIAGNOSTIC,     3, -3.948790482411e-01, 1.797693134862e+308, 3.2832e+01, 1.0587e-01, 
 2DIAGNOSTIC,     4, -3.967884105638e-01, 1.797693134862e+308, 3.2937e+01, 1.0529e-01, 
 2DIAGNOSTIC,     5, -3.989923439277e-01, 1.797693134862e+308, 3.3043e+01, 1.0609e-01, 
 2DIAGNOSTIC,     6, -4.012371642054e-01, 1.797693134862e+308, 3.3172e+01, 1.2871e-01, 
 2DIAGNOSTIC,     7, -4.016497919112e-01, 1.797693134862e+308, 3.3323e+01, 1.5128e-01, 
 2DIAGNOSTIC,     8, -4.019258778296e-01, 1.797693134862e+308, 3.3429e+01, 1.0525e-01, 
 2DIAGNOSTIC,     9, -4.022290354121e-01, 1.797693134862e+308, 3.3553e+01, 1.2486e-01, 
 2DIAGNOSTIC,    10, -4.026951761235e-01, 1.849002393182e-03, 3.3659e+01, 1.0589e-01, 
 2DIAGNOSTIC,    11, -4.027288549624e-01, 1.401538085046e-03, 3.3762e+01, 1.0258e-01, 
 2DIAGNOSTIC,    12, -4.030221568305e-01, 9.778582511074e-04, 3.3867e+01, 1.0496e-01, 
 2DIAGNOSTIC,    13, -4.033035975805e-01, 6.382296092050e-04, 3.4017e+01, 1.4990e-01, 
 2DIAGNOSTIC,    14, -4.033840149976e-01, 3.887433245940e-04, 3.4166e+01, 1.4913e-01, 
 2DIAGNOSTIC,    15, -4.034700114486e-01, 2.432151268519e-04, 3.4272e+01, 1.0571e-01, 
 2DIAGNOSTIC,    16, -4.036260313250e-01, 2.002758970860e-04, 3.4400e+01, 1.2802e-01, 
 2DIAGNOSTIC,    17, -4.039141375642e-01, 1.732189913786e-04, 3.4506e+01, 1.0624e-01, 
 2DIAGNOSTIC,    18, -4.040649753945e-01, 1.496523837429e-04, 3.4633e+01, 1.2679e-01, 
 2DIAGNOSTIC,    19, -4.042757906375e-01, 1.337176474106e-04, 3.4806e+01, 1.7372e-01, 
 2DIAGNOSTIC,    20, -4.043508784452e-01, 1.264871592812e-04, 3.4912e+01, 1.0532e-01, 
 2DIAGNOSTIC,    21, -4.045806823040e-01, 1.170394294415e-04, 3.5017e+01, 1.0542e-01, 
 2DIAGNOSTIC,    22, -4.047653438514e-01, 1.126067937809e-04, 3.5210e+01, 1.9325e-01, 
 2DIAGNOSTIC,    23, -4.047920748168e-01, 1.075131107738e-04, 3.5317e+01, 1.0631e-01, 
 2DIAGNOSTIC,    24, -4.048419197829e-01, 9.688726331501e-05, 3.5423e+01, 1.0644e-01, 
 2DIAGNOSTIC,    25, -4.048564347859e-01, 8.100402805503e-05, 3.5528e+01, 1.0452e-01, 
 2DIAGNOSTIC,    26, -4.048815584150e-01, 6.358468687317e-05, 3.5673e+01, 1.4513e-01, 
 2DIAGNOSTIC,    27, -4.048901433135e-01, 4.924639021847e-05, 3.5798e+01, 1.2490e-01, 
 2DIAGNOSTIC,    28, -4.048969867938e-01, 3.532563238946e-05, 3.5906e+01, 1.0863e-01, 
 2DIAGNOSTIC,    29, -4.048904959331e-01, 2.419374197507e-05, 3.6030e+01, 1.2332e-01, 
 2DIAGNOSTIC,    30, -4.049090034132e-01, 1.373439764005e-05, 3.6195e+01, 1.6509e-01, 
 2DIAGNOSTIC,    31, -4.049296354376e-01, 8.342836539513e-06, 3.6295e+01, 1.0027e-01, 
 2DIAGNOSTIC,    32, -4.049334132331e-01, 6.741020827650e-06, 3.6400e+01, 1.0513e-01, 
 2DIAGNOSTIC,    33, -4.049404011780e-01, 5.402505614184e-06, 3.6547e+01, 1.4709e-01, 
 2DIAGNOSTIC,    34, -4.049476772775e-01, 4.912856325853e-06, 3.6656e+01, 1.0893e-01, 
 2DIAGNOSTIC,    35, -4.049533935190e-01, 4.463103929091e-06, 3.6762e+01, 1.0534e-01, 
 2DIAGNOSTIC,    36, -4.049681922815e-01, 4.470491976195e-06, 3.6932e+01, 1.7052e-01, 
 2DIAGNOSTIC,    37, -4.049768307023e-01, 4.457850995374e-06, 3.7065e+01, 1.3251e-01, 
 2DIAGNOSTIC,    38, -4.049929979758e-01, 4.542156508660e-06, 3.7169e+01, 1.0469e-01, 
 2DIAGNOSTIC,    39, -4.050233222641e-01, 4.691274019919e-06, 3.7316e+01, 1.4655e-01, 
 2DIAGNOSTIC,    40, -4.050416617911e-01, 5.093190150875e-06, 3.7442e+01, 1.2623e-01, 
 2DIAGNOSTIC,    41, -4.050444436112e-01, 5.466568041800e-06, 3.7590e+01, 1.4763e-01, 
 2DIAGNOSTIC,    42, -4.050466777133e-01, 5.481459439065e-06, 3.7694e+01, 1.0483e-01, 
 2DIAGNOSTIC,    43, -4.050476844094e-01, 5.174977416603e-06, 3.7800e+01, 1.0528e-01, 
 2DIAGNOSTIC,    44, -4.050489102209e-01, 4.588015530355e-06, 3.7927e+01, 1.2698e-01, 
 2DIAGNOSTIC,    45, -4.050496966713e-01, 3.752336881335e-06, 3.8032e+01, 1.0501e-01, 
 2DIAGNOSTIC,    46, -4.050714903293e-01, 3.227684995069e-06, 3.8156e+01, 1.2468e-01, 
 2DIAGNOSTIC,    47, -4.050739106058e-01, 2.642118041865e-06, 3.8301e+01, 1.4508e-01, 
 2DIAGNOSTIC,    48, -4.050762312854e-01, 2.158251645960e-06, 3.8429e+01, 1.2712e-01, 
 2DIAGNOSTIC,    49, -4.050762813995e-01, 1.985577724618e-06, 3.8534e+01, 1.0580e-01, 
 2DIAGNOSTIC,    50, -4.050765320430e-01, 1.952954230663e-06, 3.8640e+01, 1.0509e-01, 
 2DIAGNOSTIC,    51, -4.050770482857e-01, 1.835906325784e-06, 3.8830e+01, 1.9084e-01, 
 2DIAGNOSTIC,    52, -4.050771869530e-01, 1.637534535387e-06, 3.8934e+01, 1.0345e-01, 
 2DIAGNOSTIC,    53, -4.050777179116e-01, 1.372729685856e-06, 3.9038e+01, 1.0436e-01, 
 2DIAGNOSTIC,    54, -4.050784747906e-01, 1.073135867318e-06, 3.9166e+01, 1.2736e-01, 
DIAGNOSTIC,Iteration,metricValue,convergenceValue,ITERATION_TIME_INDEX,SINCE_LAST
 2DIAGNOSTIC,     1, -3.743199279154e-01, 1.797693134862e+308, 4.7263e+01, 8.0975e+00, 
 2DIAGNOSTIC,     2, -3.756523590696e-01, 1.797693134862e+308, 4.7793e+01, 5.2955e-01, 
 2DIAGNOSTIC,     3, -3.770658695058e-01, 1.797693134862e+308, 4.8326e+01, 5.3357e-01, 
 2DIAGNOSTIC,     4, -3.778900494649e-01, 1.797693134862e+308, 4.8870e+01, 5.4342e-01, 
 2DIAGNOSTIC,     5, -3.787612295824e-01, 1.797693134862e+308, 4.9507e+01, 6.3769e-01, 
 2DIAGNOSTIC,     6, -3.790745257643e-01, 1.797693134862e+308, 5.0251e+01, 7.4343e-01, 
 2DIAGNOSTIC,     7, -3.792569899721e-01, 1.797693134862e+308, 5.0780e+01, 5.2972e-01, 
 2DIAGNOSTIC,     8, -3.795393190386e-01, 1.797693134862e+308, 5.1420e+01, 6.3959e-01, 
 2DIAGNOSTIC,     9, -3.797257682005e-01, 1.797693134862e+308, 5.2349e+01, 9.2916e-01, 
 2DIAGNOSTIC,    10, -3.797540793179e-01, 8.615338400457e-04, 5.2878e+01, 5.2902e-01, 
 2DIAGNOSTIC,    11, -3.800244994514e-01, 5.768321146691e-04, 5.3413e+01, 5.3442e-01, 
 2DIAGNOSTIC,    12, -3.805027598537e-01, 3.999904261262e-04, 5.3946e+01, 5.3375e-01, 
 2DIAGNOSTIC,    13, -3.805982335576e-01, 3.003625417258e-04, 5.4459e+01, 5.1281e-01, 
 2DIAGNOSTIC,    14, -3.811517237500e-01, 2.609881222607e-04, 5.5179e+01, 7.1937e-01, 
 2DIAGNOSTIC,    15, -3.812720664273e-01, 2.522907026838e-04, 5.5702e+01, 5.2318e-01, 
 2DIAGNOSTIC,    16, -3.813683514655e-01, 2.409195808610e-04, 5.6324e+01, 6.2263e-01, 
 2DIAGNOSTIC,    17, -3.816163815405e-01, 2.275602624061e-04, 5.6929e+01, 6.0430e-01, 
 2DIAGNOSTIC,    18, -3.819740150935e-01, 2.210551186378e-04, 5.7540e+01, 6.1112e-01, 
 2DIAGNOSTIC,    19, -3.821273584061e-01, 2.080938313696e-04, 5.8156e+01, 6.1611e-01, 
 2DIAGNOSTIC,    20, -3.827161490187e-01, 2.003073457438e-04, 5.8862e+01, 7.0623e-01, 
 2DIAGNOSTIC,    21, -3.830322553327e-01, 1.950929917747e-04, 5.9375e+01, 5.1328e-01, 
 2DIAGNOSTIC,    22, -3.831428754816e-01, 1.923250517105e-04, 5.9989e+01, 6.1322e-01, 
 2DIAGNOSTIC,    23, -3.832001813155e-01, 1.765827014532e-04, 6.0503e+01, 5.1438e-01, 
 2DIAGNOSTIC,    24, -3.832092811703e-01, 1.632782856185e-04, 6.1018e+01, 5.1474e-01, 
 2DIAGNOSTIC,    25, -3.832240040187e-01, 1.397783926790e-04, 6.1535e+01, 5.1744e-01, 
 2DIAGNOSTIC,    26, -3.833022615134e-01, 1.098704118443e-04, 6.2148e+01, 6.1298e-01, 
 2DIAGNOSTIC,    27, -3.833325824485e-01, 7.955072792721e-05, 6.2962e+01, 8.1389e-01, 
 2DIAGNOSTIC,    28, -3.833468855849e-01, 5.411824930524e-05, 6.3475e+01, 5.1273e-01, 
 2DIAGNOSTIC,    29, -3.833608575331e-01, 2.948617483527e-05, 6.3987e+01, 5.1186e-01, 
 2DIAGNOSTIC,    30, -3.834290122036e-01, 1.998640198937e-05, 6.4598e+01, 6.1090e-01, 
 2DIAGNOSTIC,    31, -3.835677048161e-01, 2.012782016648e-05, 6.5304e+01, 7.0664e-01, 
 2DIAGNOSTIC,    32, -3.836363116040e-01, 2.251020634823e-05, 6.5923e+01, 6.1891e-01, 
 2DIAGNOSTIC,    33, -3.836630615361e-01, 2.464297361359e-05, 6.6644e+01, 7.2089e-01, 
 2DIAGNOSTIC,    34, -3.836653595548e-01, 2.471358730351e-05, 6.7165e+01, 5.2119e-01, 
 2DIAGNOSTIC,    35, -3.836561792738e-01, 2.259728791309e-05, 6.7685e+01, 5.2022e-01, 
 2DIAGNOSTIC,    36, -3.836414378292e-01, 1.979880122662e-05, 6.8203e+01, 5.1757e-01, 
 2DIAGNOSTIC,    37, -3.836484954192e-01, 1.609452946677e-05, 6.9014e+01, 8.1059e-01, 
 2DIAGNOSTIC,    38, -3.836539916857e-01, 1.155239512368e-05, 7.0324e+01, 1.3108e+00, 
 2DIAGNOSTIC,    39, -3.836539938812e-01, 6.498772172174e-06, 7.0835e+01, 5.1072e-01, 
 2DIAGNOSTIC,    40, -3.836540598409e-01, 2.384592243297e-06, 7.1358e+01, 5.2323e-01, 
DIAGNOSTIC,Iteration,metricValue,convergenceValue,ITERATION_TIME_INDEX,SINCE_LAST
 2DIAGNOSTIC,     1, -3.010874382499e-01, 1.797693134862e+308, 8.0048e+01, 8.6894e+00, 
  Elapsed time (stage 1): 8.2271e+01


Stage 2
  iterations = 100x100x70x50x0
  convergence threshold = 1.0000e-06
  convergence window size = 10
  number of levels = 5
  using the Mattes MI metric (number of bins = 32, weight = 1.0000e+00)
  preprocessing:  winsorizing the image intensities
  Shrink factors (level 1 out of 5): [10, 10, 4]
  Shrink factors (level 2 out of 5): [6, 6, 2]
  Shrink factors (level 3 out of 5): [4, 4, 2]
  Shrink factors (level 4 out of 5): [2, 2, 1]
  Shrink factors (level 5 out of 5): [1, 1, 1]
  smoothing sigmas per level: [5, 3, 2, 1, 0]
  Using default NONE metricSamplingStrategy 

*** Running SyN registration (varianceForUpdateField = 3.0000e+00, varianceForTotalField = 0.0000e+00) ***

XXDIAGNOSTIC,Iteration,metricValue,convergenceValue,ITERATION_TIME_INDEX,SINCE_LAST
 1DIAGNOSTIC,     1, -4.161750798329e-01, 1.797693134862e+308, 2.5743e+01, 2.5743e+01, 
 1DIAGNOSTIC,     2, -4.215620724905e-01, 1.797693134862e+308, 2.6013e+01, 2.6999e-01, 
 1DIAGNOSTIC,     3, -4.270144387377e-01, 1.797693134862e+308, 2.6282e+01, 2.6926e-01, 
 1DIAGNOSTIC,     4, -4.330015733557e-01, 1.797693134862e+308, 2.6539e+01, 2.5714e-01, 
 1DIAGNOSTIC,     5, -4.377082182252e-01, 1.797693134862e+308, 2.6795e+01, 2.5596e-01, 
 1DIAGNOSTIC,     6, -4.413221849594e-01, 1.797693134862e+308, 2.7053e+01, 2.5813e-01, 
 1DIAGNOSTIC,     7, -4.439033506712e-01, 1.797693134862e+308, 2.7320e+01, 2.6639e-01, 
 1DIAGNOSTIC,     8, -4.463939754031e-01, 1.797693134862e+308, 2.7588e+01, 2.6857e-01, 
 1DIAGNOSTIC,     9, -4.485855336682e-01, 1.797693134862e+308, 2.7856e+01, 2.6745e-01, 
 1DIAGNOSTIC,    10, -4.508760925852e-01, 5.054163846929e-03, 2.8122e+01, 2.6638e-01, 
 1DIAGNOSTIC,    11, -4.529712644222e-01, 3.993917868513e-03, 2.8388e+01, 2.6534e-01, 
 1DIAGNOSTIC,    12, -4.550233068764e-01, 3.154974061819e-03, 2.8656e+01, 2.6795e-01, 
 1DIAGNOSTIC,    13, -4.567141992118e-01, 2.513462639311e-03, 2.8924e+01, 2.6844e-01, 
 1DIAGNOSTIC,    14, -4.585645983362e-01, 2.094204914656e-03, 2.9193e+01, 2.6864e-01, 
 1DIAGNOSTIC,    15, -4.601619512131e-01, 1.807665049090e-03, 2.9461e+01, 2.6884e-01, 
 1DIAGNOSTIC,    16, -4.614579756007e-01, 1.586785694813e-03, 2.9731e+01, 2.6969e-01, 
 1DIAGNOSTIC,    17, -4.629376268318e-01, 1.397729483259e-03, 3.0001e+01, 2.6995e-01, 
 1DIAGNOSTIC,    18, -4.640181900078e-01, 1.226312921559e-03, 3.0272e+01, 2.7111e-01, 
 1DIAGNOSTIC,    19, -4.653074061022e-01, 1.075136586233e-03, 3.0544e+01, 2.7225e-01, 
 1DIAGNOSTIC,    20, -4.661790876609e-01, 9.387445081070e-04, 3.0817e+01, 2.7205e-01, 
 1DIAGNOSTIC,    21, -4.669513430503e-01, 8.139842538091e-04, 3.1085e+01, 2.6814e-01, 
 1DIAGNOSTIC,    22, -4.675971803698e-01, 7.019379224385e-04, 3.1356e+01, 2.7130e-01, 
 1DIAGNOSTIC,    23, -4.683455898961e-01, 6.003721184828e-04, 3.1627e+01, 2.7122e-01, 
 1DIAGNOSTIC,    24, -4.686962445632e-01, 5.082649523945e-04, 3.1898e+01, 2.7119e-01, 
 1DIAGNOSTIC,    25, -4.691958923303e-01, 4.285720984975e-04, 3.2171e+01, 2.7310e-01, 
 1DIAGNOSTIC,    26, -4.696105010392e-01, 3.557567306593e-04, 3.2443e+01, 2.7197e-01, 
 1DIAGNOSTIC,    27, -4.701022505890e-01, 3.004882274590e-04, 3.2716e+01, 2.7259e-01, 
 1DIAGNOSTIC,    28, -4.704984273151e-01, 2.534033939299e-04, 3.2987e+01, 2.7141e-01, 
 1DIAGNOSTIC,    29, -4.708734506121e-01, 2.214246892373e-04, 3.3263e+01, 2.7526e-01, 
 1DIAGNOSTIC,    30, -4.710890422672e-01, 1.932222659980e-04, 3.3540e+01, 2.7725e-01, 
 1DIAGNOSTIC,    31, -4.714561212654e-01, 1.714438127267e-04, 3.3818e+01, 2.7758e-01, 
 1DIAGNOSTIC,    32, -4.714521079358e-01, 1.469999795578e-04, 3.4093e+01, 2.7566e-01, 
 1DIAGNOSTIC,    33, -4.718368537746e-01, 1.316253408700e-04, 3.4368e+01, 2.7442e-01, 
 1DIAGNOSTIC,    34, -4.717825451745e-01, 1.099366087324e-04, 3.4639e+01, 2.7181e-01, 
 1DIAGNOSTIC,    35, -4.721304858962e-01, 9.421710200920e-05, 3.4914e+01, 2.7507e-01, 
 1DIAGNOSTIC,    36, -4.722369391056e-01, 7.926225483437e-05, 3.5190e+01, 2.7559e-01, 
 1DIAGNOSTIC,    37, -4.722710873094e-01, 6.640123078630e-05, 3.5468e+01, 2.7791e-01, 
 1DIAGNOSTIC,    38, -4.725441663802e-01, 5.886829122205e-05, 3.5743e+01, 2.7522e-01, 
 1DIAGNOSTIC,    39, -4.724455697531e-01, 5.044722456317e-05, 3.6015e+01, 2.7226e-01, 
 1DIAGNOSTIC,    40, -4.725020519974e-01, 4.188018200541e-05, 3.6294e+01, 2.7844e-01, 
 1DIAGNOSTIC,    41, -4.725924884616e-01, 3.675677271282e-05, 3.6571e+01, 2.7749e-01, 
 1DIAGNOSTIC,    42, -4.727345717204e-01, 3.031280664386e-05, 3.6849e+01, 2.7748e-01, 
 1DIAGNOSTIC,    43, -4.728219553473e-01, 2.814820351139e-05, 3.7122e+01, 2.7342e-01, 
 1DIAGNOSTIC,    44, -4.728301645509e-01, 2.272321506313e-05, 3.7395e+01, 2.7264e-01, 
 1DIAGNOSTIC,    45, -4.728126132596e-01, 2.002542124066e-05, 3.7671e+01, 2.7568e-01, 
 1DIAGNOSTIC,    46, -4.726464241498e-01, 1.480829579567e-05, 3.7948e+01, 2.7770e-01, 
 1DIAGNOSTIC,    47, -4.727595943322e-01, 1.031438224005e-05, 3.8227e+01, 2.7867e-01, 
 1DIAGNOSTIC,    48, -4.726766383020e-01, 7.495954967848e-06, 3.8501e+01, 2.7402e-01, 
 1DIAGNOSTIC,    49, -4.727093972735e-01, 3.346004603170e-06, 3.8774e+01, 2.7330e-01, 
 1DIAGNOSTIC,    50, -4.727814394695e-01, 7.059261120552e-07, 3.9049e+01, 2.7422e-01, 
XXDIAGNOSTIC,Iteration,metricValue,convergenceValue,ITERATION_TIME_INDEX,SINCE_LAST
 1DIAGNOSTIC,     1, -4.071972850290e-01, 1.797693134862e+308, 5.4391e+01, 1.5343e+01, 
 1DIAGNOSTIC,     2, -4.096458210604e-01, 1.797693134862e+308, 5.5613e+01, 1.2219e+00, 
 1DIAGNOSTIC,     3, -4.117256711878e-01, 1.797693134862e+308, 5.6850e+01, 1.2365e+00, 
 1DIAGNOSTIC,     4, -4.137912226279e-01, 1.797693134862e+308, 5.8115e+01, 1.2652e+00, 
 1DIAGNOSTIC,     5, -4.157821088097e-01, 1.797693134862e+308, 5.9347e+01, 1.2323e+00, 
 1DIAGNOSTIC,     6, -4.175270260717e-01, 1.797693134862e+308, 6.0549e+01, 1.2015e+00, 
 1DIAGNOSTIC,     7, -4.192466855684e-01, 1.797693134862e+308, 6.1817e+01, 1.2679e+00, 
 1DIAGNOSTIC,     8, -4.209586624592e-01, 1.797693134862e+308, 6.3051e+01, 1.2343e+00, 
 1DIAGNOSTIC,     9, -4.224708863662e-01, 1.797693134862e+308, 6.4320e+01, 1.2692e+00, 
 1DIAGNOSTIC,    10, -4.238951037388e-01, 2.544646869109e-03, 6.5590e+01, 1.2698e+00, 
 1DIAGNOSTIC,    11, -4.251680536097e-01, 2.168104443700e-03, 6.6855e+01, 1.2654e+00, 
 1DIAGNOSTIC,    12, -4.262676734278e-01, 1.860179398628e-03, 6.8123e+01, 1.2673e+00, 
 1DIAGNOSTIC,    13, -4.273459925492e-01, 1.595611804905e-03, 6.9376e+01, 1.2529e+00, 
 1DIAGNOSTIC,    14, -4.283634701599e-01, 1.372125347036e-03, 7.0635e+01, 1.2591e+00, 
 1DIAGNOSTIC,    15, -4.291625667010e-01, 1.178386797467e-03, 7.1888e+01, 1.2534e+00, 
 1DIAGNOSTIC,    16, -4.298828033469e-01, 1.004500230296e-03, 7.3149e+01, 1.2605e+00, 
 1DIAGNOSTIC,    17, -4.306109875432e-01, 8.552621993148e-04, 7.4427e+01, 1.2785e+00, 
 1DIAGNOSTIC,    18, -4.311440180243e-01, 7.270906174314e-04, 7.5707e+01, 1.2803e+00, 
 1DIAGNOSTIC,    19, -4.317043264247e-01, 6.180164842116e-04, 7.6989e+01, 1.2817e+00, 
 1DIAGNOSTIC,    20, -4.321493169211e-01, 5.249045175014e-04, 7.8302e+01, 1.3128e+00, 
 1DIAGNOSTIC,    21, -4.324868461335e-01, 4.430969366121e-04, 7.9582e+01, 1.2806e+00, 
 1DIAGNOSTIC,    22, -4.328640689893e-01, 3.721794253206e-04, 8.0865e+01, 1.2825e+00, 
 1DIAGNOSTIC,    23, -4.332070872596e-01, 3.137019773017e-04, 8.2142e+01, 1.2775e+00, 
 1DIAGNOSTIC,    24, -4.335611841039e-01, 2.687862813775e-04, 8.3407e+01, 1.2646e+00, 
 1DIAGNOSTIC,    25, -4.338577586295e-01, 2.313907524659e-04, 8.4662e+01, 1.2545e+00, 
 1DIAGNOSTIC,    26, -4.341940633910e-01, 2.021388684548e-04, 8.5914e+01, 1.2520e+00, 
 1DIAGNOSTIC,    27, -4.344931738188e-01, 1.813406727843e-04, 8.7165e+01, 1.2515e+00, 
 1DIAGNOSTIC,    28, -4.347331360689e-01, 1.631826667203e-04, 8.8418e+01, 1.2529e+00, 
 1DIAGNOSTIC,    29, -4.350421179750e-01, 1.507989682665e-04, 8.9683e+01, 1.2653e+00, 
 1DIAGNOSTIC,    30, -4.352908785669e-01, 1.403408686402e-04, 9.0953e+01, 1.2700e+00, 
 1DIAGNOSTIC,    31, -4.355282136564e-01, 1.295668891347e-04, 9.2246e+01, 1.2926e+00, 
 1DIAGNOSTIC,    32, -4.358238046907e-01, 1.211605558978e-04, 9.3528e+01, 1.2825e+00, 
 1DIAGNOSTIC,    33, -4.360295099160e-01, 1.127620451939e-04, 9.4816e+01, 1.2872e+00, 
 1DIAGNOSTIC,    34, -4.361782165598e-01, 1.039912698212e-04, 9.6096e+01, 1.2807e+00, 
 1DIAGNOSTIC,    35, -4.363926717673e-01, 9.554347744991e-05, 9.7377e+01, 1.2805e+00, 
 1DIAGNOSTIC,    36, -4.365587576572e-01, 8.770407738629e-05, 9.8650e+01, 1.2735e+00, 
 1DIAGNOSTIC,    37, -4.367521106916e-01, 8.077240263202e-05, 9.9925e+01, 1.2752e+00, 
 1DIAGNOSTIC,    38, -4.368529004198e-01, 7.242887052443e-05, 1.0120e+02, 1.2719e+00, 
 1DIAGNOSTIC,    39, -4.369760774056e-01, 6.502448693345e-05, 1.0247e+02, 1.2685e+00, 
 1DIAGNOSTIC,    40, -4.371844786101e-01, 5.938613742752e-05, 1.0373e+02, 1.2662e+00, 
 1DIAGNOSTIC,    41, -4.372796603011e-01, 5.363791053779e-05, 1.0499e+02, 1.2623e+00, 
 1DIAGNOSTIC,    42, -4.374704216400e-01, 5.074069824873e-05, 1.0625e+02, 1.2566e+00, 
 1DIAGNOSTIC,    43, -4.375658811988e-01, 4.779991504344e-05, 1.0751e+02, 1.2593e+00, 
 1DIAGNOSTIC,    44, -4.376823148473e-01, 4.443806840052e-05, 1.0876e+02, 1.2505e+00, 
 1DIAGNOSTIC,    45, -4.377772223169e-01, 4.153332836276e-05, 1.1002e+02, 1.2621e+00, 
 1DIAGNOSTIC,    46, -4.378139892490e-01, 3.769288486268e-05, 1.1129e+02, 1.2646e+00, 
 1DIAGNOSTIC,    47, -4.379380867606e-01, 3.494111243322e-05, 1.1254e+02, 1.2484e+00, 
 1DIAGNOSTIC,    48, -4.380231662570e-01, 3.153125188417e-05, 1.1378e+02, 1.2456e+00, 
 1DIAGNOSTIC,    49, -4.380722253718e-01, 2.756368500500e-05, 1.1504e+02, 1.2570e+00, 
 1DIAGNOSTIC,    50, -4.380952071022e-01, 2.424091782830e-05, 1.1629e+02, 1.2553e+00, 
 1DIAGNOSTIC,    51, -4.381701026377e-01, 2.095556451119e-05, 1.1755e+02, 1.2571e+00, 
 1DIAGNOSTIC,    52, -4.381822636117e-01, 1.837991015427e-05, 1.1882e+02, 1.2712e+00, 
 1DIAGNOSTIC,    53, -4.383027228915e-01, 1.685053271104e-05, 1.2009e+02, 1.2682e+00, 
 1DIAGNOSTIC,    54, -4.383543622049e-01, 1.582759797935e-05, 1.2135e+02, 1.2604e+00, 
 1DIAGNOSTIC,    55, -4.384182632144e-01, 1.529628394185e-05, 1.2261e+02, 1.2583e+00, 
 1DIAGNOSTIC,    56, -4.384543578142e-01, 1.420062640294e-05, 1.2387e+02, 1.2570e+00, 
 1DIAGNOSTIC,    57, -4.385655402317e-01, 1.453165460833e-05, 1.2512e+02, 1.2553e+00, 
 1DIAGNOSTIC,    58, -4.386301958599e-01, 1.516424636824e-05, 1.2639e+02, 1.2708e+00, 
 1DIAGNOSTIC,    59, -4.387064374412e-01, 1.575667723732e-05, 1.2766e+02, 1.2642e+00, 
 1DIAGNOSTIC,    60, -4.387169106358e-01, 1.522202943887e-05, 1.2890e+02, 1.2486e+00, 
 1DIAGNOSTIC,    61, -4.387742772301e-01, 1.474417290413e-05, 1.3016e+02, 1.2535e+00, 
 1DIAGNOSTIC,    62, -4.387854557123e-01, 1.311606238278e-05, 1.3142e+02, 1.2572e+00, 
 1DIAGNOSTIC,    63, -4.388000990144e-01, 1.172366187945e-05, 1.3267e+02, 1.2560e+00, 
 1DIAGNOSTIC,    64, -4.388456669429e-01, 1.028925067571e-05, 1.3393e+02, 1.2570e+00, 
 1DIAGNOSTIC,    65, -4.388400954619e-01, 8.544443384634e-06, 1.3520e+02, 1.2690e+00, 
 1DIAGNOSTIC,    66, -4.388349979635e-01, 6.374078995390e-06, 1.3646e+02, 1.2616e+00, 
 1DIAGNOSTIC,    67, -4.388760196891e-01, 5.190570042727e-06, 1.3772e+02, 1.2628e+00, 
 1DIAGNOSTIC,    68, -4.388853112283e-01, 4.274594785608e-06, 1.3898e+02, 1.2608e+00, 
 1DIAGNOSTIC,    69, -4.389056816848e-01, 3.937731796850e-06, 1.4025e+02, 1.2652e+00, 
 1DIAGNOSTIC,    70, -4.389061832268e-01, 3.368386650680e-06, 1.4150e+02, 1.2562e+00, 
 1DIAGNOSTIC,    71, -4.389714054840e-01, 3.676662119268e-06, 1.4276e+02, 1.2579e+00, 
 1DIAGNOSTIC,    72, -4.389653741198e-01, 3.692376423709e-06, 1.4404e+02, 1.2778e+00, 
 1DIAGNOSTIC,    73, -4.389181382847e-01, 3.093908211363e-06, 1.4532e+02, 1.2759e+00, 
 1DIAGNOSTIC,    74, -4.389362818496e-01, 2.844824023624e-06, 1.4658e+02, 1.2646e+00, 
 1DIAGNOSTIC,    75, -4.389887237982e-01, 2.773453656473e-06, 1.4784e+02, 1.2591e+00, 
 1DIAGNOSTIC,    76, -4.389875234039e-01, 2.390119066492e-06, 1.4910e+02, 1.2562e+00, 
 1DIAGNOSTIC,    77, -4.389995223410e-01, 2.286853897594e-06, 1.5036e+02, 1.2605e+00, 
 1DIAGNOSTIC,    78, -4.390126262422e-01, 2.208634230018e-06, 1.5162e+02, 1.2611e+00, 
 1DIAGNOSTIC,    79, -4.389858335757e-01, 1.906566512829e-06, 1.5288e+02, 1.2587e+00, 
 1DIAGNOSTIC,    80, -4.389881939562e-01, 1.469992793735e-06, 1.5414e+02, 1.2676e+00, 
 1DIAGNOSTIC,    81, -4.389917070940e-01, 1.493137475423e-06, 1.5540e+02, 1.2593e+00, 
 1DIAGNOSTIC,    82, -4.389399522554e-01, 9.616016553166e-07, 1.5666e+02, 1.2614e+00, 
XXDIAGNOSTIC,Iteration,metricValue,convergenceValue,ITERATION_TIME_INDEX,SINCE_LAST
 1DIAGNOSTIC,     1, -3.977632730909e-01, 1.797693134862e+308, 1.6685e+02, 1.0183e+01, 
 1DIAGNOSTIC,     2, -3.991497860885e-01, 1.797693134862e+308, 1.6945e+02, 2.6038e+00, 
 1DIAGNOSTIC,     3, -4.003540120546e-01, 1.797693134862e+308, 1.7210e+02, 2.6520e+00, 
 1DIAGNOSTIC,     4, -4.013156339607e-01, 1.797693134862e+308, 1.7470e+02, 2.5939e+00, 
 1DIAGNOSTIC,     5, -4.021859993348e-01, 1.797693134862e+308, 1.7738e+02, 2.6836e+00, 
 1DIAGNOSTIC,     6, -4.030163389929e-01, 1.797693134862e+308, 1.8007e+02, 2.6869e+00, 
 1DIAGNOSTIC,     7, -4.036819389278e-01, 1.797693134862e+308, 1.8276e+02, 2.6971e+00, 
 1DIAGNOSTIC,     8, -4.041941912352e-01, 1.797693134862e+308, 1.8545e+02, 2.6869e+00, 
 1DIAGNOSTIC,     9, -4.047018466191e-01, 1.797693134862e+308, 1.8812e+02, 2.6730e+00, 
 1DIAGNOSTIC,    10, -4.050974567577e-01, 1.142620687474e-03, 1.9082e+02, 2.6927e+00, 
 1DIAGNOSTIC,    11, -4.054563729656e-01, 8.937083333765e-04, 1.9351e+02, 2.6950e+00, 
 1DIAGNOSTIC,    12, -4.057442835280e-01, 7.038709529454e-04, 1.9629e+02, 2.7777e+00, 
 1DIAGNOSTIC,    13, -4.060012348250e-01, 5.586514602673e-04, 1.9908e+02, 2.7891e+00, 
 1DIAGNOSTIC,    14, -4.062231292046e-01, 4.426941159988e-04, 2.0176e+02, 2.6856e+00, 
 1DIAGNOSTIC,    15, -4.063410784327e-01, 3.477836778640e-04, 2.0445e+02, 2.6843e+00, 
 1DIAGNOSTIC,    16, -4.064662474182e-01, 2.747537178221e-04, 2.0715e+02, 2.7046e+00, 
 1DIAGNOSTIC,    17, -4.065138483112e-01, 2.144774972178e-04, 2.0984e+02, 2.6835e+00, 
 1DIAGNOSTIC,    18, -4.066390634062e-01, 1.659072306459e-04, 2.1246e+02, 2.6196e+00, 
 1DIAGNOSTIC,    19, -4.066700644894e-01, 1.269053342721e-04, 2.1506e+02, 2.6079e+00, 
 1DIAGNOSTIC,    20, -4.068010987289e-01, 9.854891281229e-05, 2.1775e+02, 2.6868e+00, 
 1DIAGNOSTIC,    21, -4.069468559052e-01, 8.058374671353e-05, 2.2043e+02, 2.6822e+00, 
 1DIAGNOSTIC,    22, -4.070717291224e-01, 6.985465642628e-05, 2.2311e+02, 2.6735e+00, 
 1DIAGNOSTIC,    23, -4.072167903387e-01, 6.579132434175e-05, 2.2579e+02, 2.6843e+00, 
 1DIAGNOSTIC,    24, -4.074057257528e-01, 6.796998936484e-05, 2.2847e+02, 2.6782e+00, 
 1DIAGNOSTIC,    25, -4.075345881176e-01, 7.049414831118e-05, 2.3114e+02, 2.6703e+00, 
 1DIAGNOSTIC,    26, -4.076166121451e-01, 7.185841705198e-05, 2.3373e+02, 2.5924e+00, 
 1DIAGNOSTIC,    27, -4.077039138366e-01, 6.992357318000e-05, 2.3638e+02, 2.6529e+00, 
 1DIAGNOSTIC,    28, -4.078597965850e-01, 6.868841803477e-05, 2.3897e+02, 2.5900e+00, 
 1DIAGNOSTIC,    29, -4.079458307138e-01, 6.384013919273e-05, 2.4164e+02, 2.6695e+00, 
 1DIAGNOSTIC,    30, -4.081012447911e-01, 6.001864313660e-05, 2.4424e+02, 2.5951e+00, 
 1DIAGNOSTIC,    31, -4.081876657290e-01, 5.607522630031e-05, 2.4689e+02, 2.6496e+00, 
 1DIAGNOSTIC,    32, -4.082918859575e-01, 5.215303770433e-05, 2.4955e+02, 2.6662e+00, 
 1DIAGNOSTIC,    33, -4.083291034185e-01, 4.737894977157e-05, 2.5222e+02, 2.6668e+00, 
 1DIAGNOSTIC,    34, -4.083536953045e-01, 4.283468968001e-05, 2.5489e+02, 2.6636e+00, 
 1DIAGNOSTIC,    35, -4.084045870654e-01, 3.815739671073e-05, 2.5755e+02, 2.6608e+00, 
 1DIAGNOSTIC,    36, -4.084696754770e-01, 3.301924166229e-05, 2.6023e+02, 2.6830e+00, 
 1DIAGNOSTIC,    37, -4.085318906855e-01, 2.785749977204e-05, 2.6290e+02, 2.6750e+00, 
 1DIAGNOSTIC,    38, -4.085347936172e-01, 2.331561659977e-05, 2.6557e+02, 2.6660e+00, 
 1DIAGNOSTIC,    39, -4.085595827114e-01, 1.884236979693e-05, 2.6824e+02, 2.6697e+00, 
 1DIAGNOSTIC,    40, -4.086162063728e-01, 1.655974441578e-05, 2.7091e+02, 2.6680e+00, 
 1DIAGNOSTIC,    41, -4.086397552667e-01, 1.467800672225e-05, 2.7358e+02, 2.6676e+00, 
 1DIAGNOSTIC,    42, -4.086448432900e-01, 1.336657689220e-05, 2.7627e+02, 2.6992e+00, 
 1DIAGNOSTIC,    43, -4.086672332708e-01, 1.190902123691e-05, 2.7896e+02, 2.6808e+00, 
 1DIAGNOSTIC,    44, -4.086777822617e-01, 1.000166230163e-05, 2.8165e+02, 2.6946e+00, 
 1DIAGNOSTIC,    45, -4.086662763206e-01, 7.871263098484e-06, 2.8434e+02, 2.6921e+00, 
 1DIAGNOSTIC,    46, -4.086403083278e-01, 5.726101960410e-06, 2.8703e+02, 2.6883e+00, 
 1DIAGNOSTIC,    47, -4.086654670794e-01, 4.515591196783e-06, 2.8972e+02, 2.6925e+00, 
 1DIAGNOSTIC,    48, -4.086887778682e-01, 3.351349168550e-06, 2.9241e+02, 2.6828e+00, 
 1DIAGNOSTIC,    49, -4.086337195053e-01, 1.513546596551e-06, 2.9509e+02, 2.6831e+00, 
 1DIAGNOSTIC,    50, -4.086051240976e-01, 9.064450025992e-08, 2.9777e+02, 2.6764e+00, 
XXDIAGNOSTIC,Iteration,metricValue,convergenceValue,ITERATION_TIME_INDEX,SINCE_LAST
 1DIAGNOSTIC,     1, -3.412691262648e-01, 1.797693134862e+308, 3.2487e+02, 2.7106e+01, 
 1DIAGNOSTIC,     2, -3.423684827288e-01, 1.797693134862e+308, 3.4507e+02, 2.0195e+01, 
 1DIAGNOSTIC,     3, -3.436529231327e-01, 1.797693134862e+308, 3.6444e+02, 1.9379e+01, 
 1DIAGNOSTIC,     4, -3.449217006673e-01, 1.797693134862e+308, 3.8381e+02, 1.9367e+01, 
 1DIAGNOSTIC,     5, -3.461852174438e-01, 1.797693134862e+308, 4.0346e+02, 1.9653e+01, 
 1DIAGNOSTIC,     6, -3.473722732534e-01, 1.797693134862e+308, 4.2328e+02, 1.9818e+01, 
 1DIAGNOSTIC,     7, -3.485111462945e-01, 1.797693134862e+308, 4.4250e+02, 1.9222e+01, 
slurmstepd: error: *** JOB 4089897 ON wbic-csm-5 CANCELLED AT 2019-10-20T16:39:37 DUE TO TIME LIMIT ***
