Changed directory to /lustre/scratch/wbic-beta/ccn30/ENCRYPT/fMRI/gridcellpilot/scripts/coregistration/slurmoutputs.

JobID: 6245150
======
Time: Fri Feb  5 17:45:57 GMT 2021
Running on master node: wbic-cs-2
Current directory: /lustre/scratch/wbic-beta/ccn30/ENCRYPT/fMRI/gridcellpilot/scripts/coregistration/slurmoutputs

Nodes allocated:
================
wbic-cs-2

numtasks=1, numnodes=1, mpi_tasks_per_node=1 (OMP_NUM_THREADS=1)

Executing command:
==================
/lustre/scratch/wbic-beta/ccn30/ENCRYPT/fMRI/gridcellpilot/scripts/coregistration/coreg_MasksxEPI.sh 29383/20190912_U-ID46168

******** starting 29383 ********

--------------------------------------------------------------------------------------
 Mapping parameters
--------------------------------------------------------------------------------------
 ANTSPATH is /applications/ANTS/ANTs-2.3.4/install/bin/

 Dimensionality:           3
 Output name prefix:       /lustre/scratch/wbic-beta/ccn30/ENCRYPT/fMRI/gridcellpilot/preprocessed_data/segmentation/29383/coregistration/T1xStudyTemplate_
 Fixed images:             /home/ccn30/ENCRYPT/atlases/templates/ECtemplatemasks2015/Study_template_wholeBrain.nii
 Moving images:            /lustre/scratch/wbic-beta/ccn30/ENCRYPT/fMRI/gridcellpilot/raw_data/images/29383/20190912_U-ID46168/mp2rage/denoiseRn4mag0000_PSIR_skulled_std.nii
 Mask images:              
 Initial transforms:       
 Number of threads:        1
 Spline distance:          26
 Transform type:           s
 CC radius:                4
 Precision:                d
 Use histogram matching    0
======================================================================================
 antsRegistration call:
--------------------------------------------------------------------------------------
/applications/ANTS/ANTs-2.3.4/install/bin//antsRegistration --verbose 1 --dimensionality 3 --float 0 --collapse-output-transforms 1 --output [ /lustre/scratch/wbic-beta/ccn30/ENCRYPT/fMRI/gridcellpilot/preprocessed_data/segmentation/29383/coregistration/T1xStudyTemplate_,/lustre/scratch/wbic-beta/ccn30/ENCRYPT/fMRI/gridcellpilot/preprocessed_data/segmentation/29383/coregistration/T1xStudyTemplate_Warped.nii.gz,/lustre/scratch/wbic-beta/ccn30/ENCRYPT/fMRI/gridcellpilot/preprocessed_data/segmentation/29383/coregistration/T1xStudyTemplate_InverseWarped.nii.gz ] --interpolation Linear --use-histogram-matching 0 --winsorize-image-intensities [ 0.005,0.995 ] --initial-moving-transform [ /home/ccn30/ENCRYPT/atlases/templates/ECtemplatemasks2015/Study_template_wholeBrain.nii,/lustre/scratch/wbic-beta/ccn30/ENCRYPT/fMRI/gridcellpilot/raw_data/images/29383/20190912_U-ID46168/mp2rage/denoiseRn4mag0000_PSIR_skulled_std.nii,1 ] --transform Rigid[ 0.1 ] --metric MI[ /home/ccn30/ENCRYPT/atlases/templates/ECtemplatemasks2015/Study_template_wholeBrain.nii,/lustre/scratch/wbic-beta/ccn30/ENCRYPT/fMRI/gridcellpilot/raw_data/images/29383/20190912_U-ID46168/mp2rage/denoiseRn4mag0000_PSIR_skulled_std.nii,1,32,Regular,0.25 ] --convergence [ 1000x500x250x100,1e-6,10 ] --shrink-factors 12x8x4x2 --smoothing-sigmas 4x3x2x1vox --transform Affine[ 0.1 ] --metric MI[ /home/ccn30/ENCRYPT/atlases/templates/ECtemplatemasks2015/Study_template_wholeBrain.nii,/lustre/scratch/wbic-beta/ccn30/ENCRYPT/fMRI/gridcellpilot/raw_data/images/29383/20190912_U-ID46168/mp2rage/denoiseRn4mag0000_PSIR_skulled_std.nii,1,32,Regular,0.25 ] --convergence [ 1000x500x250x100,1e-6,10 ] --shrink-factors 12x8x4x2 --smoothing-sigmas 4x3x2x1vox --transform SyN[ 0.1,3,0 ] --metric CC[ /home/ccn30/ENCRYPT/atlases/templates/ECtemplatemasks2015/Study_template_wholeBrain.nii,/lustre/scratch/wbic-beta/ccn30/ENCRYPT/fMRI/gridcellpilot/raw_data/images/29383/20190912_U-ID46168/mp2rage/denoiseRn4mag0000_PSIR_skulled_std.nii,1,4 ] --convergence [ 100x100x70x50x20,1e-6,10 ] --shrink-factors 10x6x4x2x1 --smoothing-sigmas 5x3x2x1x0vox
--------------------------------------------------------------------------------------
All_Command_lines_OK
Using double precision for computations.
=============================================================================
The composite transform comprises the following transforms (in order): 
  1. Center of mass alignment using fixed image: /home/ccn30/ENCRYPT/atlases/templates/ECtemplatemasks2015/Study_template_wholeBrain.nii and moving image: /lustre/scratch/wbic-beta/ccn30/ENCRYPT/fMRI/gridcellpilot/raw_data/images/29383/20190912_U-ID46168/mp2rage/denoiseRn4mag0000_PSIR_skulled_std.nii (type = Euler3DTransform)
=============================================================================
  number of levels = 4
  number of levels = 4
  number of levels = 5
  fixed image: /home/ccn30/ENCRYPT/atlases/templates/ECtemplatemasks2015/Study_template_wholeBrain.nii
  moving image: /lustre/scratch/wbic-beta/ccn30/ENCRYPT/fMRI/gridcellpilot/raw_data/images/29383/20190912_U-ID46168/mp2rage/denoiseRn4mag0000_PSIR_skulled_std.nii
  fixed image: /home/ccn30/ENCRYPT/atlases/templates/ECtemplatemasks2015/Study_template_wholeBrain.nii
  moving image: /lustre/scratch/wbic-beta/ccn30/ENCRYPT/fMRI/gridcellpilot/raw_data/images/29383/20190912_U-ID46168/mp2rage/denoiseRn4mag0000_PSIR_skulled_std.nii
  fixed image: /home/ccn30/ENCRYPT/atlases/templates/ECtemplatemasks2015/Study_template_wholeBrain.nii
  moving image: /lustre/scratch/wbic-beta/ccn30/ENCRYPT/fMRI/gridcellpilot/raw_data/images/29383/20190912_U-ID46168/mp2rage/denoiseRn4mag0000_PSIR_skulled_std.nii
Dimension = 3
Number of stages = 3
Use Histogram Matching false
Winsorize image intensities true
Lower quantile = 0.005
Upper quantile = 0.995
Stage 1 State
   Image metric = Mattes
     Fixed image = Image (0x359d550)
  RTTI typeinfo:   itk::Image<double, 3u>
  Reference Count: 2
  Modified Time: 1735
  Debug: Off
  Object Name: 
  Observers: 
    none
  Source: (none)
  Source output name: (none)
  Release Data: Off
  Data Released: False
  Global Release Data: Off
  PipelineMTime: 0
  UpdateMTime: 1518
  RealTimeStamp: 0 seconds 
  LargestPossibleRegion: 
    Dimension: 3
    Index: [0, 0, 0]
    Size: [384, 384, 288]
  BufferedRegion: 
    Dimension: 3
    Index: [0, 0, 0]
    Size: [384, 384, 288]
  RequestedRegion: 
    Dimension: 3
    Index: [0, 0, 0]
    Size: [384, 384, 288]
  Spacing: [0.598958, 0.598958, 0.599937]
  Origin: [85.9044, -155.274, 91.0901]
  Direction: 
-0 0 -1
1 -0 0
0 -1 0

  IndexToPointMatrix: 
0 0 -0.599937
0.598958 0 0
0 -0.598958 0

  PointToIndexMatrix: 
0 1.66957 0
0 0 -1.66957
-1.66684 0 0

  Inverse Direction: 
0 1 0
0 0 -1
-1 0 0

  PixelContainer: 
    ImportImageContainer (0x35a2880)
      RTTI typeinfo:   itk::ImportImageContainer<unsigned long, double>
      Reference Count: 1
      Modified Time: 1515
      Debug: Off
      Object Name: 
      Observers: 
        none
      Pointer: 0x2aacd6afc010
      Container manages memory: true
      Size: 42467328
      Capacity: 42467328

     Moving image = Image (0x35a0050)
  RTTI typeinfo:   itk::Image<double, 3u>
  Reference Count: 2
  Modified Time: 1736
  Debug: Off
  Object Name: 
  Observers: 
    none
  Source: (none)
  Source output name: (none)
  Release Data: Off
  Data Released: False
  Global Release Data: Off
  PipelineMTime: 0
  UpdateMTime: 1733
  RealTimeStamp: 0 seconds 
  LargestPossibleRegion: 
    Dimension: 3
    Index: [0, 0, 0]
    Size: [224, 320, 320]
  BufferedRegion: 
    Dimension: 3
    Index: [0, 0, 0]
    Size: [224, 320, 320]
  RequestedRegion: 
    Dimension: 3
    Index: [0, 0, 0]
    Size: [224, 320, 320]
  Spacing: [0.700005, 0.7, 0.7]
  Origin: [-75.609, 70.8031, -115.348]
  Direction: 
1 1.33449e-08 1.16454e-11
1.33449e-08 -0.999998 -0.0017453
1.16454e-11 -0.0017453 0.999998

  IndexToPointMatrix: 
0.700005 9.34141e-09 8.15177e-12
9.34147e-09 -0.699999 -0.00122171
8.15182e-12 -0.00122171 0.699999

  PointToIndexMatrix: 
1.42856 1.9064e-08 1.66362e-11
1.90641e-08 -1.42857 -0.00249328
1.66363e-11 -0.00249328 1.42857

  Inverse Direction: 
1 1.33449e-08 1.16454e-11
1.33449e-08 -0.999998 -0.0017453
1.16454e-11 -0.0017453 0.999998

  PixelContainer: 
    ImportImageContainer (0x358e2e0)
      RTTI typeinfo:   itk::ImportImageContainer<unsigned long, double>
      Reference Count: 1
      Modified Time: 1730
      Debug: Off
      Object Name: 
      Observers: 
        none
      Pointer: 0x2aaceaefd010
      Container manages memory: true
      Size: 22937600
      Capacity: 22937600

     Weighting = 1
     Sampling strategy = regular
     Number of bins = 32
     Radius = 4
     Sampling percentage  = 0.25
   Transform = Rigid
     Gradient step = 0.1
     Update field sigma (voxel space) = 0
     Total field sigma (voxel space) = 0
     Update field time sigma = 0
     Total field time sigma  = 0
     Number of time indices = 0
     Number of time point samples = 0
Stage 2 State
   Image metric = Mattes
     Fixed image = Image (0x35a18f0)
  RTTI typeinfo:   itk::Image<double, 3u>
  Reference Count: 2
  Modified Time: 2167
  Debug: Off
  Object Name: 
  Observers: 
    none
  Source: (none)
  Source output name: (none)
  Release Data: Off
  Data Released: False
  Global Release Data: Off
  PipelineMTime: 0
  UpdateMTime: 1950
  RealTimeStamp: 0 seconds 
  LargestPossibleRegion: 
    Dimension: 3
    Index: [0, 0, 0]
    Size: [384, 384, 288]
  BufferedRegion: 
    Dimension: 3
    Index: [0, 0, 0]
    Size: [384, 384, 288]
  RequestedRegion: 
    Dimension: 3
    Index: [0, 0, 0]
    Size: [384, 384, 288]
  Spacing: [0.598958, 0.598958, 0.599937]
  Origin: [85.9044, -155.274, 91.0901]
  Direction: 
-0 0 -1
1 -0 0
0 -1 0

  IndexToPointMatrix: 
0 0 -0.599937
0.598958 0 0
0 -0.598958 0

  PointToIndexMatrix: 
0 1.66957 0
0 0 -1.66957
-1.66684 0 0

  Inverse Direction: 
0 1 0
0 0 -1
-1 0 0

  PixelContainer: 
    ImportImageContainer (0x35a16d0)
      RTTI typeinfo:   itk::ImportImageContainer<unsigned long, double>
      Reference Count: 1
      Modified Time: 1947
      Debug: Off
      Object Name: 
      Observers: 
        none
      Pointer: 0x2aacf5dfe010
      Container manages memory: true
      Size: 42467328
      Capacity: 42467328

     Moving image = Image (0x35ab7e0)
  RTTI typeinfo:   itk::Image<double, 3u>
  Reference Count: 2
  Modified Time: 2168
  Debug: Off
  Object Name: 
  Observers: 
    none
  Source: (none)
  Source output name: (none)
  Release Data: Off
  Data Released: False
  Global Release Data: Off
  PipelineMTime: 0
  UpdateMTime: 2165
  RealTimeStamp: 0 seconds 
  LargestPossibleRegion: 
    Dimension: 3
    Index: [0, 0, 0]
    Size: [224, 320, 320]
  BufferedRegion: 
    Dimension: 3
    Index: [0, 0, 0]
    Size: [224, 320, 320]
  RequestedRegion: 
    Dimension: 3
    Index: [0, 0, 0]
    Size: [224, 320, 320]
  Spacing: [0.700005, 0.7, 0.7]
  Origin: [-75.609, 70.8031, -115.348]
  Direction: 
1 1.33449e-08 1.16454e-11
1.33449e-08 -0.999998 -0.0017453
1.16454e-11 -0.0017453 0.999998

  IndexToPointMatrix: 
0.700005 9.34141e-09 8.15177e-12
9.34147e-09 -0.699999 -0.00122171
8.15182e-12 -0.00122171 0.699999

  PointToIndexMatrix: 
1.42856 1.9064e-08 1.66362e-11
1.90641e-08 -1.42857 -0.00249328
1.66363e-11 -0.00249328 1.42857

  Inverse Direction: 
1 1.33449e-08 1.16454e-11
1.33449e-08 -0.999998 -0.0017453
1.16454e-11 -0.0017453 0.999998

  PixelContainer: 
    ImportImageContainer (0x359c5c0)
      RTTI typeinfo:   itk::ImportImageContainer<unsigned long, double>
      Reference Count: 1
      Modified Time: 2162
      Debug: Off
      Object Name: 
      Observers: 
        none
      Pointer: 0x2aad0a1ff010
      Container manages memory: true
      Size: 22937600
      Capacity: 22937600

     Weighting = 1
     Sampling strategy = regular
     Number of bins = 32
     Radius = 4
     Sampling percentage  = 0.25
   Transform = Affine
     Gradient step = 0.1
     Update field sigma (voxel space) = 0
     Total field sigma (voxel space) = 0
     Update field time sigma = 0
     Total field time sigma  = 0
     Number of time indices = 0
     Number of time point samples = 0
Stage 3 State
   Image metric = CC
     Fixed image = Image (0x35ae3d0)
  RTTI typeinfo:   itk::Image<double, 3u>
  Reference Count: 2
  Modified Time: 2599
  Debug: Off
  Object Name: 
  Observers: 
    none
  Source: (none)
  Source output name: (none)
  Release Data: Off
  Data Released: False
  Global Release Data: Off
  PipelineMTime: 0
  UpdateMTime: 2382
  RealTimeStamp: 0 seconds 
  LargestPossibleRegion: 
    Dimension: 3
    Index: [0, 0, 0]
    Size: [384, 384, 288]
  BufferedRegion: 
    Dimension: 3
    Index: [0, 0, 0]
    Size: [384, 384, 288]
  RequestedRegion: 
    Dimension: 3
    Index: [0, 0, 0]
    Size: [384, 384, 288]
  Spacing: [0.598958, 0.598958, 0.599937]
  Origin: [85.9044, -155.274, 91.0901]
  Direction: 
-0 0 -1
1 -0 0
0 -1 0

  IndexToPointMatrix: 
0 0 -0.599937
0.598958 0 0
0 -0.598958 0

  PointToIndexMatrix: 
0 1.66957 0
0 0 -1.66957
-1.66684 0 0

  Inverse Direction: 
0 1 0
0 0 -1
-1 0 0

  PixelContainer: 
    ImportImageContainer (0x35ae660)
      RTTI typeinfo:   itk::ImportImageContainer<unsigned long, double>
      Reference Count: 1
      Modified Time: 2379
      Debug: Off
      Object Name: 
      Observers: 
        none
      Pointer: 0x2aad15100010
      Container manages memory: true
      Size: 42467328
      Capacity: 42467328

     Moving image = Image (0x35b48e0)
  RTTI typeinfo:   itk::Image<double, 3u>
  Reference Count: 2
  Modified Time: 2600
  Debug: Off
  Object Name: 
  Observers: 
    none
  Source: (none)
  Source output name: (none)
  Release Data: Off
  Data Released: False
  Global Release Data: Off
  PipelineMTime: 0
  UpdateMTime: 2597
  RealTimeStamp: 0 seconds 
  LargestPossibleRegion: 
    Dimension: 3
    Index: [0, 0, 0]
    Size: [224, 320, 320]
  BufferedRegion: 
    Dimension: 3
    Index: [0, 0, 0]
    Size: [224, 320, 320]
  RequestedRegion: 
    Dimension: 3
    Index: [0, 0, 0]
    Size: [224, 320, 320]
  Spacing: [0.700005, 0.7, 0.7]
  Origin: [-75.609, 70.8031, -115.348]
  Direction: 
1 1.33449e-08 1.16454e-11
1.33449e-08 -0.999998 -0.0017453
1.16454e-11 -0.0017453 0.999998

  IndexToPointMatrix: 
0.700005 9.34141e-09 8.15177e-12
9.34147e-09 -0.699999 -0.00122171
8.15182e-12 -0.00122171 0.699999

  PointToIndexMatrix: 
1.42856 1.9064e-08 1.66362e-11
1.90641e-08 -1.42857 -0.00249328
1.66363e-11 -0.00249328 1.42857

  Inverse Direction: 
1 1.33449e-08 1.16454e-11
1.33449e-08 -0.999998 -0.0017453
1.16454e-11 -0.0017453 0.999998

  PixelContainer: 
    ImportImageContainer (0x35b4bc0)
      RTTI typeinfo:   itk::ImportImageContainer<unsigned long, double>
      Reference Count: 1
      Modified Time: 2594
      Debug: Off
      Object Name: 
      Observers: 
        none
      Pointer: 0x2aad29501010
      Container manages memory: true
      Size: 22937600
      Capacity: 22937600

     Weighting = 1
     Sampling strategy = none
     Number of bins = 32
     Radius = 4
     Sampling percentage  = 1
   Transform = SyN
     Gradient step = 0.1
     Update field sigma (voxel space) = 3
     Total field sigma (voxel space) = 0
     Update field time sigma = 0
     Total field time sigma  = 0
     Number of time indices = 0
     Number of time point samples = 0
Registration using 3 total stages.

Stage 0
  iterations = 1000x500x250x100
  convergence threshold = 1e-06
  convergence window size = 10
  number of levels = 4
  using the Mattes MI metric (number of bins = 32, weight = 1)
  preprocessing:  winsorizing the image intensities
  Shrink factors (level 1 out of 4): [12, 12, 12]
  Shrink factors (level 2 out of 4): [8, 8, 8]
  Shrink factors (level 3 out of 4): [4, 4, 4]
  Shrink factors (level 4 out of 4): [2, 2, 2]
  smoothing sigmas per level: [4, 3, 2, 1]
  regular sampling (percentage = 0.25)

*** Running Euler3DTransform registration ***

DIAGNOSTIC,Iteration,metricValue,convergenceValue,ITERATION_TIME_INDEX,SINCE_LAST
 2DIAGNOSTIC,     1, -5.078826816629e-01, 1.797693134862e+308, 9.2422e+00, 9.2422e+00, 
 2DIAGNOSTIC,     2, -5.105648919780e-01, 1.797693134862e+308, 9.2727e+00, 3.0560e-02, 
 2DIAGNOSTIC,     3, -5.141664519113e-01, 1.797693134862e+308, 9.3034e+00, 3.0650e-02, 
 2DIAGNOSTIC,     4, -5.189775085520e-01, 1.797693134862e+308, 9.3339e+00, 3.0550e-02, 
 2DIAGNOSTIC,     5, -5.264065351005e-01, 1.797693134862e+308, 9.3643e+00, 3.0419e-02, 
 2DIAGNOSTIC,     6, -5.364317834567e-01, 1.797693134862e+308, 9.3945e+00, 3.0118e-02, 
 2DIAGNOSTIC,     7, -5.406204208222e-01, 1.797693134862e+308, 9.4247e+00, 3.0245e-02, 
 2DIAGNOSTIC,     8, -5.455617195144e-01, 1.797693134862e+308, 9.4650e+00, 4.0277e-02, 
 2DIAGNOSTIC,     9, -5.456363315515e-01, 1.797693134862e+308, 9.5001e+00, 3.5133e-02, 
 2DIAGNOSTIC,    10, -5.458143832822e-01, 5.501200393298e-03, 9.5354e+00, 3.5305e-02, 
 2DIAGNOSTIC,    11, -5.457907956474e-01, 4.444148638039e-03, 9.5660e+00, 3.0615e-02, 
 2DIAGNOSTIC,    12, -5.458674717056e-01, 3.291272851532e-03, 9.6029e+00, 3.6866e-02, 
 2DIAGNOSTIC,    13, -5.464157388321e-01, 2.194387867253e-03, 9.6337e+00, 3.0847e-02, 
 2DIAGNOSTIC,    14, -5.475385722790e-01, 1.282213658081e-03, 9.6747e+00, 4.0984e-02, 
 2DIAGNOSTIC,    15, -5.479822059738e-01, 6.501181768971e-04, 9.7104e+00, 3.5687e-02, 
 2DIAGNOSTIC,    16, -5.481181528193e-01, 3.746641256072e-04, 9.7459e+00, 3.5484e-02, 
 2DIAGNOSTIC,    17, -5.482282492691e-01, 2.282034375759e-04, 9.7813e+00, 3.5436e-02, 
 2DIAGNOSTIC,    18, -5.480369940935e-01, 2.168311087622e-04, 9.8119e+00, 3.0521e-02, 
 2DIAGNOSTIC,    19, -5.476254022300e-01, 1.769133741172e-04, 9.8474e+00, 3.5528e-02, 
 2DIAGNOSTIC,    20, -5.487824702143e-01, 1.602732675978e-04, 9.8880e+00, 4.0590e-02, 
 2DIAGNOSTIC,    21, -5.482291856770e-01, 1.154248417941e-04, 9.9236e+00, 3.5637e-02, 
 2DIAGNOSTIC,    22, -5.490229374177e-01, 8.557773126370e-05, 9.9592e+00, 3.5538e-02, 
 2DIAGNOSTIC,    23, -5.494440192054e-01, 7.199522898627e-05, 9.9899e+00, 3.0738e-02, 
 2DIAGNOSTIC,    24, -5.509182150632e-01, 1.094959458469e-04, 1.0026e+01, 3.5865e-02, 
 2DIAGNOSTIC,    25, -5.519547668573e-01, 1.639444564662e-04, 1.0067e+01, 4.1491e-02, 
 2DIAGNOSTIC,    26, -5.524886410293e-01, 2.120514473582e-04, 1.0134e+01, 6.7162e-02, 
 2DIAGNOSTIC,    27, -5.525667935123e-01, 2.408793809190e-04, 1.0171e+01, 3.6125e-02, 
 2DIAGNOSTIC,    28, -5.524958890884e-01, 2.405235196719e-04, 1.0207e+01, 3.6188e-02, 
 2DIAGNOSTIC,    29, -5.525244307040e-01, 2.098546148568e-04, 1.0243e+01, 3.5920e-02, 
 2DIAGNOSTIC,    30, -5.525656635660e-01, 1.825838107640e-04, 1.0279e+01, 3.6250e-02, 
 2DIAGNOSTIC,    31, -5.522235458601e-01, 1.246666023019e-04, 1.0310e+01, 3.1028e-02, 
 2DIAGNOSTIC,    32, -5.522624819770e-01, 7.283055997524e-05, 1.0341e+01, 3.1074e-02, 
 2DIAGNOSTIC,    33, -5.523858989601e-01, 2.561241307428e-05, 1.0372e+01, 3.0902e-02, 
 2DIAGNOSTIC,    34, -5.524465409862e-01, 1.996138198596e-06, 1.0408e+01, 3.6010e-02, 
DIAGNOSTIC,Iteration,metricValue,convergenceValue,ITERATION_TIME_INDEX,SINCE_LAST
 2DIAGNOSTIC,     1, -4.657994169854e-01, 1.797693134862e+308, 1.9675e+01, 9.2672e+00, 
 2DIAGNOSTIC,     2, -4.663396670328e-01, 1.797693134862e+308, 1.9762e+01, 8.7232e-02, 
 2DIAGNOSTIC,     3, -4.671481407234e-01, 1.797693134862e+308, 1.9850e+01, 8.7523e-02, 
 2DIAGNOSTIC,     4, -4.688240677672e-01, 1.797693134862e+308, 1.9938e+01, 8.7704e-02, 
 2DIAGNOSTIC,     5, -4.704197538993e-01, 1.797693134862e+308, 2.0039e+01, 1.0191e-01, 
 2DIAGNOSTIC,     6, -4.710391833521e-01, 1.797693134862e+308, 2.0143e+01, 1.0347e-01, 
 2DIAGNOSTIC,     7, -4.714630781856e-01, 1.797693134862e+308, 2.0246e+01, 1.0263e-01, 
 2DIAGNOSTIC,     8, -4.714846002640e-01, 1.797693134862e+308, 2.0377e+01, 1.3175e-01, 
 2DIAGNOSTIC,     9, -4.715556429612e-01, 1.797693134862e+308, 2.0481e+01, 1.0323e-01, 
 2DIAGNOSTIC,    10, -4.715576177582e-01, 8.925597715553e-04, 2.0599e+01, 1.1841e-01, 
 2DIAGNOSTIC,    11, -4.715286801334e-01, 6.368758248450e-04, 2.0703e+01, 1.0368e-01, 
 2DIAGNOSTIC,    12, -4.715203230048e-01, 3.947190360167e-04, 2.0795e+01, 9.2127e-02, 
 2DIAGNOSTIC,    13, -4.715358095700e-01, 1.918938231278e-04, 2.0884e+01, 8.9374e-02, 
 2DIAGNOSTIC,    14, -4.715723569728e-01, 7.342050496097e-05, 2.1002e+01, 1.1809e-01, 
 2DIAGNOSTIC,    15, -4.715611201411e-01, 2.759630739529e-05, 2.1107e+01, 1.0506e-01, 
 2DIAGNOSTIC,    16, -4.715452246351e-01, 7.627324671272e-06, 2.1211e+01, 1.0380e-01, 
 2DIAGNOSTIC,    17, -4.715116935786e-01, 3.418272568105e-06, 2.1301e+01, 8.9633e-02, 
DIAGNOSTIC,Iteration,metricValue,convergenceValue,ITERATION_TIME_INDEX,SINCE_LAST
 2DIAGNOSTIC,     1, -4.154684824878e-01, 1.797693134862e+308, 3.1067e+01, 9.7658e+00, 
 2DIAGNOSTIC,     2, -4.156587623094e-01, 1.797693134862e+308, 3.1768e+01, 7.0132e-01, 
 2DIAGNOSTIC,     3, -4.157816928904e-01, 1.797693134862e+308, 3.2465e+01, 6.9680e-01, 
 2DIAGNOSTIC,     4, -4.158168304293e-01, 1.797693134862e+308, 3.3068e+01, 6.0289e-01, 
 2DIAGNOSTIC,     5, -4.158292818324e-01, 1.797693134862e+308, 3.3765e+01, 6.9761e-01, 
 2DIAGNOSTIC,     6, -4.158207168018e-01, 1.797693134862e+308, 3.4369e+01, 6.0380e-01, 
 2DIAGNOSTIC,     7, -4.158582205976e-01, 1.797693134862e+308, 3.5064e+01, 6.9472e-01, 
 2DIAGNOSTIC,     8, -4.158580286855e-01, 1.797693134862e+308, 3.5766e+01, 7.0245e-01, 
 2DIAGNOSTIC,     9, -4.159036202066e-01, 1.797693134862e+308, 3.6555e+01, 7.8920e-01, 
 2DIAGNOSTIC,    10, -4.158954572832e-01, 5.187515625256e-05, 3.7166e+01, 6.1115e-01, 
 2DIAGNOSTIC,    11, -4.159213779246e-01, 3.039214973745e-05, 3.7864e+01, 6.9743e-01, 
 2DIAGNOSTIC,    12, -4.159959720083e-01, 2.490657609119e-05, 3.8561e+01, 6.9677e-01, 
 2DIAGNOSTIC,    13, -4.160423041650e-01, 2.698313691775e-05, 3.9172e+01, 6.1154e-01, 
 2DIAGNOSTIC,    14, -4.161245682878e-01, 3.223630799730e-05, 3.9775e+01, 6.0306e-01, 
 2DIAGNOSTIC,    15, -4.161902175364e-01, 3.761036605532e-05, 4.0380e+01, 6.0502e-01, 
 2DIAGNOSTIC,    16, -4.163504575755e-01, 4.548545033269e-05, 4.1080e+01, 6.9960e-01, 
 2DIAGNOSTIC,    17, -4.165712559514e-01, 5.866618132640e-05, 4.1783e+01, 7.0336e-01, 
 2DIAGNOSTIC,    18, -4.167059755717e-01, 7.002376779065e-05, 4.2667e+01, 8.8331e-01, 
 2DIAGNOSTIC,    19, -4.167183651314e-01, 7.599348416982e-05, 4.3369e+01, 7.0247e-01, 
 2DIAGNOSTIC,    20, -4.167175899408e-01, 7.428310202467e-05, 4.4064e+01, 6.9543e-01, 
 2DIAGNOSTIC,    21, -4.167504073306e-01, 6.782118668524e-05, 4.5046e+01, 9.8145e-01, 
 2DIAGNOSTIC,    22, -4.167555143891e-01, 5.808115351293e-05, 4.5848e+01, 8.0207e-01, 
 2DIAGNOSTIC,    23, -4.167572089729e-01, 4.526157628975e-05, 4.6545e+01, 6.9727e-01, 
 2DIAGNOSTIC,    24, -4.167517637627e-01, 3.168412643590e-05, 4.7249e+01, 7.0331e-01, 
 2DIAGNOSTIC,    25, -4.167515868334e-01, 1.814224851643e-05, 4.8037e+01, 7.8865e-01, 
 2DIAGNOSTIC,    26, -4.167496141590e-01, 8.079354422291e-06, 4.8741e+01, 7.0372e-01, 
 2DIAGNOSTIC,    27, -4.167475272737e-01, 3.547590928452e-06, 4.9345e+01, 6.0432e-01, 
 2DIAGNOSTIC,    28, -4.167476065220e-01, 2.407902275278e-06, 5.0043e+01, 6.9783e-01, 
 2DIAGNOSTIC,    29, -4.167498061981e-01, 1.582816294157e-06, 5.0656e+01, 6.1316e-01, 
DIAGNOSTIC,Iteration,metricValue,convergenceValue,ITERATION_TIME_INDEX,SINCE_LAST
 2DIAGNOSTIC,     1, -3.472518800207e-01, 1.797693134862e+308, 6.5206e+01, 1.4549e+01, 
 2DIAGNOSTIC,     2, -3.474382534439e-01, 1.797693134862e+308, 6.9778e+01, 4.5728e+00, 
 2DIAGNOSTIC,     3, -3.475289764719e-01, 1.797693134862e+308, 7.7245e+01, 7.4669e+00, 
 2DIAGNOSTIC,     4, -3.475327416010e-01, 1.797693134862e+308, 8.2518e+01, 5.2731e+00, 
 2DIAGNOSTIC,     5, -3.475371285747e-01, 1.797693134862e+308, 8.9261e+01, 6.7425e+00, 
 2DIAGNOSTIC,     6, -3.475340341010e-01, 1.797693134862e+308, 9.5990e+01, 6.7289e+00, 
 2DIAGNOSTIC,     7, -3.475325154143e-01, 1.797693134862e+308, 1.0125e+02, 5.2572e+00, 
 2DIAGNOSTIC,     8, -3.475326063598e-01, 1.797693134862e+308, 1.0651e+02, 5.2598e+00, 
 2DIAGNOSTIC,     9, -3.475320491702e-01, 1.797693134862e+308, 1.1104e+02, 4.5370e+00, 
 2DIAGNOSTIC,    10, -3.475323364201e-01, 3.297842219323e-05, 1.1631e+02, 5.2707e+00, 
 2DIAGNOSTIC,    11, -3.475312580253e-01, 9.813688957375e-06, 1.2303e+02, 6.7107e+00, 
 2DIAGNOSTIC,    12, -3.475313726012e-01, 2.434559738557e-06, 1.2902e+02, 5.9954e+00, 
 2DIAGNOSTIC,    13, -3.475310899151e-01, 1.893181526658e-06, 1.3429e+02, 5.2649e+00, 
 2DIAGNOSTIC,    14, -3.475310887784e-01, 1.688362555832e-06, 1.4028e+02, 5.9914e+00, 
 2DIAGNOSTIC,    15, -3.475310070112e-01, 1.802811979285e-06, 1.4555e+02, 5.2773e+00, 
 2DIAGNOSTIC,    16, -3.475305841733e-01, 1.754879594432e-06, 1.5009e+02, 4.5336e+00, 
 2DIAGNOSTIC,    17, -3.475308278952e-01, 1.673196723208e-06, 1.5462e+02, 4.5330e+00, 
 2DIAGNOSTIC,    18, -3.475315065335e-01, 1.653527793147e-06, 1.5916e+02, 4.5433e+00, 
 2DIAGNOSTIC,    19, -3.475329549151e-01, 1.683052112504e-06, 1.6442e+02, 5.2562e+00, 
 2DIAGNOSTIC,    20, -3.475329227862e-01, 1.719300481241e-06, 1.6968e+02, 5.2627e+00, 
 2DIAGNOSTIC,    21, -3.475329432125e-01, 1.700041551887e-06, 1.7567e+02, 5.9844e+00, 
 2DIAGNOSTIC,    22, -3.475328353789e-01, 1.666396200223e-06, 1.8093e+02, 5.2580e+00, 
 2DIAGNOSTIC,    23, -3.475328244312e-01, 1.603799990368e-06, 1.8619e+02, 5.2655e+00, 
 2DIAGNOSTIC,    24, -3.475327112486e-01, 1.520941635101e-06, 1.9074e+02, 4.5496e+00, 
 2DIAGNOSTIC,    25, -3.475329153285e-01, 1.431094452019e-06, 1.9601e+02, 5.2692e+00, 
 2DIAGNOSTIC,    26, -3.475335353678e-01, 1.339994649713e-06, 2.0128e+02, 5.2742e+00, 
 2DIAGNOSTIC,    27, -3.475338351816e-01, 1.260593857536e-06, 2.0654e+02, 5.2556e+00, 
 2DIAGNOSTIC,    28, -3.475338145126e-01, 1.197190601883e-06, 2.1180e+02, 5.2621e+00, 
 2DIAGNOSTIC,    29, -3.475336859000e-01, 1.170031151472e-06, 2.1633e+02, 4.5261e+00, 
 2DIAGNOSTIC,    30, -3.475337611788e-01, 1.138971868583e-06, 2.2160e+02, 5.2700e+00, 
 2DIAGNOSTIC,    31, -3.475344832266e-01, 1.121659889788e-06, 2.2686e+02, 5.2578e+00, 
 2DIAGNOSTIC,    32, -3.475343496195e-01, 1.089524136647e-06, 2.3139e+02, 4.5382e+00, 
 2DIAGNOSTIC,    33, -3.475343087755e-01, 1.049726716024e-06, 2.3667e+02, 5.2721e+00, 
 2DIAGNOSTIC,    34, -3.475343760148e-01, 1.003500283533e-06, 2.4120e+02, 4.5356e+00, 
  Elapsed time (stage 0): 2.4568e+02


Stage 1
  iterations = 1000x500x250x100
  convergence threshold = 1.0000e-06
  convergence window size = 10
  number of levels = 4
  using the Mattes MI metric (number of bins = 32, weight = 1.0000e+00)
  preprocessing:  winsorizing the image intensities
  Shrink factors (level 1 out of 4): [12, 12, 12]
  Shrink factors (level 2 out of 4): [8, 8, 8]
  Shrink factors (level 3 out of 4): [4, 4, 4]
  Shrink factors (level 4 out of 4): [2, 2, 2]
  smoothing sigmas per level: [4, 3, 2, 1]
  regular sampling (percentage = 2.5000e-01)

*** Running AffineTransform registration ***

DIAGNOSTIC,Iteration,metricValue,convergenceValue,ITERATION_TIME_INDEX,SINCE_LAST
 2DIAGNOSTIC,     1, -5.251539972465e-01, 1.797693134862e+308, 9.1540e+00, 9.1540e+00, 
 2DIAGNOSTIC,     2, -5.277841755290e-01, 1.797693134862e+308, 9.1859e+00, 3.1895e-02, 
 2DIAGNOSTIC,     3, -5.324227199268e-01, 1.797693134862e+308, 9.2177e+00, 3.1745e-02, 
 2DIAGNOSTIC,     4, -5.390911652227e-01, 1.797693134862e+308, 9.2492e+00, 3.1571e-02, 
 2DIAGNOSTIC,     5, -5.513786936778e-01, 1.797693134862e+308, 9.2807e+00, 3.1523e-02, 
 2DIAGNOSTIC,     6, -5.694931273052e-01, 1.797693134862e+308, 9.3122e+00, 3.1465e-02, 
 2DIAGNOSTIC,     7, -5.899232157256e-01, 1.797693134862e+308, 9.3436e+00, 3.1343e-02, 
 2DIAGNOSTIC,     8, -6.115779280388e-01, 1.797693134862e+308, 9.3756e+00, 3.2077e-02, 
 2DIAGNOSTIC,     9, -6.397494414675e-01, 1.797693134862e+308, 9.4167e+00, 4.1021e-02, 
 2DIAGNOSTIC,    10, -6.442292900161e-01, 1.484088956273e-02, 9.4681e+00, 5.1400e-02, 
 2DIAGNOSTIC,    11, -6.445633811962e-01, 1.411718884929e-02, 9.5042e+00, 3.6143e-02, 
 2DIAGNOSTIC,    12, -6.450465779385e-01, 1.240413921118e-02, 9.5355e+00, 3.1338e-02, 
 2DIAGNOSTIC,    13, -6.451788493571e-01, 1.003653217800e-02, 9.5721e+00, 3.6554e-02, 
 2DIAGNOSTIC,    14, -6.452946511496e-01, 7.350621188701e-03, 9.6085e+00, 3.6443e-02, 
 2DIAGNOSTIC,    15, -6.451837504909e-01, 4.768177861000e-03, 9.6450e+00, 3.6461e-02, 
 2DIAGNOSTIC,    16, -6.451260967152e-01, 2.635941562930e-03, 9.6760e+00, 3.1030e-02, 
 2DIAGNOSTIC,    17, -6.452185550314e-01, 1.094047233794e-03, 9.7074e+00, 3.1346e-02, 
 2DIAGNOSTIC,    18, -6.453901375567e-01, 1.841029749199e-04, 9.7387e+00, 3.1316e-02, 
 2DIAGNOSTIC,    19, -6.462094786522e-01, 7.026112831696e-05, 9.7700e+00, 3.1265e-02, 
 2DIAGNOSTIC,    20, -6.466827299248e-01, 7.722275933319e-05, 9.8012e+00, 3.1243e-02, 
 2DIAGNOSTIC,    21, -6.470908309235e-01, 9.267645338510e-05, 9.8324e+00, 3.1240e-02, 
 2DIAGNOSTIC,    22, -6.473607021951e-01, 1.140670772181e-04, 9.8748e+00, 4.2360e-02, 
 2DIAGNOSTIC,    23, -6.478609388175e-01, 1.355725099035e-04, 9.9265e+00, 5.1683e-02, 
 2DIAGNOSTIC,    24, -6.473521609188e-01, 1.347740919294e-04, 9.9579e+00, 3.1449e-02, 
 2DIAGNOSTIC,    25, -6.474527481845e-01, 1.216834168450e-04, 9.9895e+00, 3.1550e-02, 
 2DIAGNOSTIC,    26, -6.474619286986e-01, 9.753251095585e-05, 1.0026e+01, 3.6679e-02, 
 2DIAGNOSTIC,    27, -6.474454242569e-01, 6.744884119431e-05, 1.0063e+01, 3.6552e-02, 
 2DIAGNOSTIC,    28, -6.479676215528e-01, 4.445770686006e-05, 1.0185e+01, 1.2211e-01, 
 2DIAGNOSTIC,    29, -6.479676183345e-01, 3.176443743941e-05, 1.0216e+01, 3.1171e-02, 
 2DIAGNOSTIC,    30, -6.479676198000e-01, 2.435945234227e-05, 1.0247e+01, 3.1318e-02, 
 2DIAGNOSTIC,    31, -6.479676222787e-01, 2.123119219230e-05, 1.0279e+01, 3.1246e-02, 
 2DIAGNOSTIC,    32, -6.479676264697e-01, 1.994833056317e-05, 1.0310e+01, 3.1383e-02, 
 2DIAGNOSTIC,    33, -6.479676335550e-01, 2.395373579116e-05, 1.0341e+01, 3.1324e-02, 
 2DIAGNOSTIC,    34, -6.479676455322e-01, 1.866745091516e-05, 1.0374e+01, 3.2300e-02, 
 2DIAGNOSTIC,    35, -6.479676657845e-01, 1.342425342275e-05, 1.0405e+01, 3.1441e-02, 
 2DIAGNOSTIC,    36, -6.479677001028e-01, 7.497928514438e-06, 1.0436e+01, 3.1460e-02, 
DIAGNOSTIC,Iteration,metricValue,convergenceValue,ITERATION_TIME_INDEX,SINCE_LAST
 2DIAGNOSTIC,     1, -5.951250544603e-01, 1.797693134862e+308, 1.9641e+01, 9.2041e+00, 
 2DIAGNOSTIC,     2, -5.960308856798e-01, 1.797693134862e+308, 1.9729e+01, 8.8106e-02, 
 2DIAGNOSTIC,     3, -5.974308887580e-01, 1.797693134862e+308, 1.9818e+01, 8.8950e-02, 
 2DIAGNOSTIC,     4, -5.986226458648e-01, 1.797693134862e+308, 1.9906e+01, 8.8750e-02, 
 2DIAGNOSTIC,     5, -6.000273749291e-01, 1.797693134862e+308, 1.9994e+01, 8.8015e-02, 
 2DIAGNOSTIC,     6, -6.010927844367e-01, 1.797693134862e+308, 2.0096e+01, 1.0204e-01, 
 2DIAGNOSTIC,     7, -6.012532770690e-01, 1.797693134862e+308, 2.0198e+01, 1.0187e-01, 
 2DIAGNOSTIC,     8, -6.021704570478e-01, 1.797693134862e+308, 2.0373e+01, 1.7474e-01, 
 2DIAGNOSTIC,     9, -6.020133746275e-01, 1.797693134862e+308, 2.0462e+01, 8.8754e-02, 
 2DIAGNOSTIC,    10, -6.020517810523e-01, 8.035562567891e-04, 2.0551e+01, 8.8850e-02, 
 2DIAGNOSTIC,    11, -6.021212535590e-01, 5.859171009810e-04, 2.0639e+01, 8.8762e-02, 
 2DIAGNOSTIC,    12, -6.024434719117e-01, 4.002012811227e-04, 2.0728e+01, 8.8807e-02, 
 2DIAGNOSTIC,    13, -6.026479198064e-01, 2.648719957917e-04, 2.0818e+01, 8.9305e-02, 
 2DIAGNOSTIC,    14, -6.027445070949e-01, 1.677792755782e-04, 2.0922e+01, 1.0483e-01, 
 2DIAGNOSTIC,    15, -6.035768407902e-01, 1.388524676553e-04, 2.1026e+01, 1.0373e-01, 
 2DIAGNOSTIC,    16, -6.035433915696e-01, 1.310046508113e-04, 2.1187e+01, 1.6046e-01, 
 2DIAGNOSTIC,    17, -6.035433171103e-01, 1.160755739589e-04, 2.1290e+01, 1.0381e-01, 
 2DIAGNOSTIC,    18, -6.035171777294e-01, 1.160444685170e-04, 2.1380e+01, 8.9794e-02, 
 2DIAGNOSTIC,    19, -6.035461251290e-01, 1.022330879924e-04, 2.1483e+01, 1.0333e-01, 
 2DIAGNOSTIC,    20, -6.035134562915e-01, 8.036093896909e-05, 2.1587e+01, 1.0376e-01, 
 2DIAGNOSTIC,    21, -6.035004535326e-01, 5.435799194683e-05, 2.1691e+01, 1.0353e-01, 
 2DIAGNOSTIC,    22, -6.034692995379e-01, 3.225004019625e-05, 2.1795e+01, 1.0407e-01, 
 2DIAGNOSTIC,    23, -6.035043014193e-01, 1.425617961388e-05, 2.1899e+01, 1.0437e-01, 
DIAGNOSTIC,Iteration,metricValue,convergenceValue,ITERATION_TIME_INDEX,SINCE_LAST
 2DIAGNOSTIC,     1, -5.282767362895e-01, 1.797693134862e+308, 3.1777e+01, 9.8775e+00, 
 2DIAGNOSTIC,     2, -5.288883086545e-01, 1.797693134862e+308, 3.2373e+01, 5.9672e-01, 
 2DIAGNOSTIC,     3, -5.297896477563e-01, 1.797693134862e+308, 3.2973e+01, 5.9990e-01, 
 2DIAGNOSTIC,     4, -5.310065908220e-01, 1.797693134862e+308, 3.3570e+01, 5.9651e-01, 
 2DIAGNOSTIC,     5, -5.323530867309e-01, 1.797693134862e+308, 3.4168e+01, 5.9840e-01, 
 2DIAGNOSTIC,     6, -5.335999940967e-01, 1.797693134862e+308, 3.4768e+01, 6.0018e-01, 
 2DIAGNOSTIC,     7, -5.343529297932e-01, 1.797693134862e+308, 3.5654e+01, 8.8528e-01, 
 2DIAGNOSTIC,     8, -5.344621006210e-01, 1.797693134862e+308, 3.6253e+01, 5.9973e-01, 
 2DIAGNOSTIC,     9, -5.344586419305e-01, 1.797693134862e+308, 3.6954e+01, 7.0032e-01, 
 2DIAGNOSTIC,    10, -5.344874841011e-01, 8.644042185658e-04, 3.7648e+01, 6.9464e-01, 
 2DIAGNOSTIC,    11, -5.344963812301e-01, 6.456922881722e-04, 3.8343e+01, 6.9468e-01, 
 2DIAGNOSTIC,    12, -5.344912764830e-01, 4.326106704439e-04, 3.9052e+01, 7.0895e-01, 
 2DIAGNOSTIC,    13, -5.344692252873e-01, 2.496051957858e-04, 3.9663e+01, 6.1080e-01, 
 2DIAGNOSTIC,    14, -5.344874887448e-01, 1.170209729940e-04, 4.0345e+01, 6.8193e-01, 
 2DIAGNOSTIC,    15, -5.344949057663e-01, 3.889349225389e-05, 4.0898e+01, 5.5310e-01, 
 2DIAGNOSTIC,    16, -5.344825077714e-01, 7.629628089895e-06, 4.1441e+01, 5.4362e-01, 
 2DIAGNOSTIC,    17, -5.345225758617e-01, 4.345087163495e-06, 4.2440e+01, 9.9857e-01, 
 2DIAGNOSTIC,    18, -5.345242937717e-01, 4.474333476209e-06, 4.3141e+01, 7.0118e-01, 
 2DIAGNOSTIC,    19, -5.345175102798e-01, 4.029094856972e-06, 4.4131e+01, 9.8939e-01, 
 2DIAGNOSTIC,    20, -5.345160684018e-01, 4.141295487925e-06, 4.4845e+01, 7.1489e-01, 
 2DIAGNOSTIC,    21, -5.345141342715e-01, 4.187168927083e-06, 4.5561e+01, 7.1527e-01, 
 2DIAGNOSTIC,    22, -5.345127842121e-01, 3.829777061704e-06, 4.6266e+01, 7.0530e-01, 
 2DIAGNOSTIC,    23, -5.345123127303e-01, 2.740585466413e-06, 4.6974e+01, 7.0759e-01, 
 2DIAGNOSTIC,    24, -5.345006470274e-01, 1.770006564296e-06, 4.7584e+01, 6.1032e-01, 
DIAGNOSTIC,Iteration,metricValue,convergenceValue,ITERATION_TIME_INDEX,SINCE_LAST
 2DIAGNOSTIC,     1, -4.523597773099e-01, 1.797693134862e+308, 6.2103e+01, 1.4519e+01, 
 2DIAGNOSTIC,     2, -4.525973758752e-01, 1.797693134862e+308, 6.6625e+01, 4.5218e+00, 
 2DIAGNOSTIC,     3, -4.528393055096e-01, 1.797693134862e+308, 7.1142e+01, 4.5171e+00, 
 2DIAGNOSTIC,     4, -4.530928160381e-01, 1.797693134862e+308, 7.5677e+01, 4.5353e+00, 
 2DIAGNOSTIC,     5, -4.534546330277e-01, 1.797693134862e+308, 8.1677e+01, 5.9996e+00, 
 2DIAGNOSTIC,     6, -4.537133855059e-01, 1.797693134862e+308, 8.6957e+01, 5.2803e+00, 
 2DIAGNOSTIC,     7, -4.537963339938e-01, 1.797693134862e+308, 9.1466e+01, 4.5087e+00, 
 2DIAGNOSTIC,     8, -4.538426662574e-01, 1.797693134862e+308, 9.8908e+01, 7.4421e+00, 
 2DIAGNOSTIC,     9, -4.538383636091e-01, 1.797693134862e+308, 1.0342e+02, 4.5160e+00, 
 2DIAGNOSTIC,    10, -4.538660138208e-01, 2.330143019099e-04, 1.0795e+02, 4.5238e+00, 
 2DIAGNOSTIC,    11, -4.539016785746e-01, 1.692693218890e-04, 1.1321e+02, 5.2603e+00, 
 2DIAGNOSTIC,    12, -4.539120626766e-01, 1.141286676167e-04, 1.1774e+02, 4.5338e+00, 
 2DIAGNOSTIC,    13, -4.539241844693e-01, 6.970245125794e-05, 1.2227e+02, 4.5302e+00, 
 2DIAGNOSTIC,    14, -4.539500481844e-01, 3.776899333753e-05, 1.2827e+02, 6.0014e+00, 
 2DIAGNOSTIC,    15, -4.540010390839e-01, 2.382374397474e-05, 1.3716e+02, 8.8896e+00, 
 2DIAGNOSTIC,    16, -4.539975640388e-01, 1.949052724021e-05, 1.4243e+02, 5.2694e+00, 
 2DIAGNOSTIC,    17, -4.539973821142e-01, 1.710156147746e-05, 1.4842e+02, 5.9854e+00, 
 2DIAGNOSTIC,    18, -4.539971195224e-01, 1.522701253000e-05, 1.5368e+02, 5.2667e+00, 
 2DIAGNOSTIC,    19, -4.539970944955e-01, 1.212985389877e-05, 1.5822e+02, 4.5402e+00, 
 2DIAGNOSTIC,    20, -4.539969699772e-01, 9.181786688642e-06, 1.6351e+02, 5.2828e+00, 
 2DIAGNOSTIC,    21, -4.539981345633e-01, 6.910407587109e-06, 1.6878e+02, 5.2695e+00, 
 2DIAGNOSTIC,    22, -4.539984274036e-01, 4.668165498628e-06, 1.7478e+02, 6.0060e+00, 
 2DIAGNOSTIC,    23, -4.539984976084e-01, 2.646951744283e-06, 1.8006e+02, 5.2774e+00, 
 2DIAGNOSTIC,    24, -4.539979811054e-01, 1.298708091783e-06, 1.8402e+02, 3.9638e+00, 
 2DIAGNOSTIC,    25, -4.539982645459e-01, 1.348489961896e-06, 1.8995e+02, 5.9287e+00, 
 2DIAGNOSTIC,    26, -4.539983180819e-01, 1.304160062721e-06, 1.9521e+02, 5.2553e+00, 
 2DIAGNOSTIC,    27, -4.539982923679e-01, 1.250511423752e-06, 1.9974e+02, 4.5344e+00, 
 2DIAGNOSTIC,    28, -4.539984208208e-01, 1.191467055184e-06, 2.0427e+02, 4.5299e+00, 
 2DIAGNOSTIC,    29, -4.539986387895e-01, 1.136065910068e-06, 2.0954e+02, 5.2704e+00, 
 2DIAGNOSTIC,    30, -4.539987719176e-01, 1.080120431859e-06, 2.1481e+02, 5.2718e+00, 
 2DIAGNOSTIC,    31, -4.539988843798e-01, 1.051422869811e-06, 2.2081e+02, 5.9945e+00, 
 2DIAGNOSTIC,    32, -4.539986737924e-01, 1.023742756449e-06, 2.2534e+02, 4.5263e+00, 
  Elapsed time (stage 1): 2.2980e+02


Stage 2
  iterations = 100x100x70x50x20
  convergence threshold = 1.0000e-06
  convergence window size = 10
  number of levels = 5
  using the CC metric (radius = 4, weight = 1.0000e+00)
  preprocessing:  winsorizing the image intensities
  Shrink factors (level 1 out of 5): [10, 10, 10]
  Shrink factors (level 2 out of 5): [6, 6, 6]
  Shrink factors (level 3 out of 5): [4, 4, 4]
  Shrink factors (level 4 out of 5): [2, 2, 2]
  Shrink factors (level 5 out of 5): [1, 1, 1]
  smoothing sigmas per level: [5, 3, 2, 1, 0]
  Using default NONE metricSamplingStrategy 

*** Running SyN registration (varianceForUpdateField = 3.0000e+00, varianceForTotalField = 0.0000e+00) ***

XXDIAGNOSTIC,Iteration,metricValue,convergenceValue,ITERATION_TIME_INDEX,SINCE_LAST
 1DIAGNOSTIC,     1, -5.090759063056e-01, 1.797693134862e+308, 1.0700e+01, 1.0700e+01, 
 1DIAGNOSTIC,     2, -5.214415887392e-01, 1.797693134862e+308, 1.2229e+01, 1.5285e+00, 
 1DIAGNOSTIC,     3, -5.320877533000e-01, 1.797693134862e+308, 1.3771e+01, 1.5425e+00, 
 1DIAGNOSTIC,     4, -5.406008679062e-01, 1.797693134862e+308, 1.5312e+01, 1.5409e+00, 
 1DIAGNOSTIC,     5, -5.482601512152e-01, 1.797693134862e+308, 1.6831e+01, 1.5182e+00, 
 1DIAGNOSTIC,     6, -5.535571971706e-01, 1.797693134862e+308, 1.8359e+01, 1.5287e+00, 
 1DIAGNOSTIC,     7, -5.596449464490e-01, 1.797693134862e+308, 1.9896e+01, 1.5371e+00, 
 1DIAGNOSTIC,     8, -5.642458635952e-01, 1.797693134862e+308, 2.1423e+01, 1.5270e+00, 
 1DIAGNOSTIC,     9, -5.673938237255e-01, 1.797693134862e+308, 2.2957e+01, 1.5336e+00, 
 1DIAGNOSTIC,    10, -5.707788841149e-01, 6.979219385430e-03, 2.4507e+01, 1.5498e+00, 
 1DIAGNOSTIC,    11, -5.730119267070e-01, 5.303610378924e-03, 2.6063e+01, 1.5560e+00, 
 1DIAGNOSTIC,    12, -5.748385534003e-01, 4.045499594430e-03, 2.7626e+01, 1.5633e+00, 
 1DIAGNOSTIC,    13, -5.766824233710e-01, 3.111820980851e-03, 2.9177e+01, 1.5513e+00, 
 1DIAGNOSTIC,    14, -5.783901089353e-01, 2.403713398359e-03, 3.0716e+01, 1.5383e+00, 
 1DIAGNOSTIC,    15, -5.791816414798e-01, 1.859983626010e-03, 3.2256e+01, 1.5406e+00, 
 1DIAGNOSTIC,    16, -5.806725155881e-01, 1.429610376693e-03, 3.3804e+01, 1.5481e+00, 
 1DIAGNOSTIC,    17, -5.821350029832e-01, 1.143436445325e-03, 3.5351e+01, 1.5466e+00, 
 1DIAGNOSTIC,    18, -5.825301034208e-01, 9.237590006189e-04, 3.6886e+01, 1.5346e+00, 
 1DIAGNOSTIC,    19, -5.837822339927e-01, 7.585386054186e-04, 3.8413e+01, 1.5276e+00, 
 1DIAGNOSTIC,    20, -5.846309663978e-01, 6.459277711116e-04, 3.9954e+01, 1.5403e+00, 
 1DIAGNOSTIC,    21, -5.850152230834e-01, 5.463603450893e-04, 4.1500e+01, 1.5465e+00, 
 1DIAGNOSTIC,    22, -5.856105464350e-01, 4.600031673274e-04, 4.3046e+01, 1.5459e+00, 
 1DIAGNOSTIC,    23, -5.868802538824e-01, 4.058451285317e-04, 4.4578e+01, 1.5319e+00, 
 1DIAGNOSTIC,    24, -5.868533005098e-01, 3.529953746282e-04, 4.6116e+01, 1.5377e+00, 
 1DIAGNOSTIC,    25, -5.876430739820e-01, 3.029205860157e-04, 4.7673e+01, 1.5574e+00, 
 1DIAGNOSTIC,    26, -5.879896520768e-01, 2.632247786391e-04, 4.9208e+01, 1.5354e+00, 
 1DIAGNOSTIC,    27, -5.884994369395e-01, 2.383909949362e-04, 5.0746e+01, 1.5372e+00, 
 1DIAGNOSTIC,    28, -5.887796840868e-01, 2.043463845245e-04, 5.2283e+01, 1.5370e+00, 
 1DIAGNOSTIC,    29, -5.894554708520e-01, 1.864273407380e-04, 5.3817e+01, 1.5342e+00, 
 1DIAGNOSTIC,    30, -5.893130405293e-01, 1.638654239706e-04, 5.5356e+01, 1.5391e+00, 
 1DIAGNOSTIC,    31, -5.901380786489e-01, 1.468520854616e-04, 5.6897e+01, 1.5414e+00, 
 1DIAGNOSTIC,    32, -5.899891580238e-01, 1.232982240506e-04, 5.8458e+01, 1.5612e+00, 
 1DIAGNOSTIC,    33, -5.905911980481e-01, 1.180360449221e-04, 6.0002e+01, 1.5436e+00, 
 1DIAGNOSTIC,    34, -5.905915325885e-01, 1.012000272411e-04, 6.1539e+01, 1.5370e+00, 
 1DIAGNOSTIC,    35, -5.911906363500e-01, 9.551468222972e-05, 6.3077e+01, 1.5383e+00, 
 1DIAGNOSTIC,    36, -5.912369698052e-01, 8.628680512839e-05, 6.4634e+01, 1.5569e+00, 
 1DIAGNOSTIC,    37, -5.914375167480e-01, 7.895254038857e-05, 6.6218e+01, 1.5838e+00, 
 1DIAGNOSTIC,    38, -5.916988889952e-01, 7.145990465981e-05, 6.7755e+01, 1.5370e+00, 
 1DIAGNOSTIC,    39, -5.916385543231e-01, 6.546246633372e-05, 6.9315e+01, 1.5599e+00, 
 1DIAGNOSTIC,    40, -5.921148957696e-01, 5.751062301673e-05, 7.0862e+01, 1.5473e+00, 
 1DIAGNOSTIC,    41, -5.919651459482e-01, 5.264073266787e-05, 7.2402e+01, 1.5396e+00, 
 1DIAGNOSTIC,    42, -5.925322347703e-01, 4.792919176777e-05, 7.3963e+01, 1.5607e+00, 
 1DIAGNOSTIC,    43, -5.922040789427e-01, 4.199388431782e-05, 7.5492e+01, 1.5292e+00, 
 1DIAGNOSTIC,    44, -5.924654590020e-01, 3.530651077167e-05, 7.7034e+01, 1.5426e+00, 
 1DIAGNOSTIC,    45, -5.925958929543e-01, 3.354630718827e-05, 7.8589e+01, 1.5548e+00, 
 1DIAGNOSTIC,    46, -5.929195077761e-01, 3.256054412876e-05, 8.0145e+01, 1.5555e+00, 
 1DIAGNOSTIC,    47, -5.925015602746e-01, 2.617719284639e-05, 8.1687e+01, 1.5421e+00, 
 1DIAGNOSTIC,    48, -5.930294972753e-01, 2.595827931625e-05, 8.3231e+01, 1.5446e+00, 
 1DIAGNOSTIC,    49, -5.929507082589e-01, 2.168669892516e-05, 8.4775e+01, 1.5436e+00, 
 1DIAGNOSTIC,    50, -5.927769332605e-01, 1.857482632991e-05, 8.6328e+01, 1.5526e+00, 
 1DIAGNOSTIC,    51, -5.932695970482e-01, 1.709116351320e-05, 8.7866e+01, 1.5389e+00, 
 1DIAGNOSTIC,    52, -5.931371430578e-01, 1.819380467113e-05, 8.9432e+01, 1.5659e+00, 
 1DIAGNOSTIC,    53, -5.933405513746e-01, 1.640830819362e-05, 9.0973e+01, 1.5405e+00, 
 1DIAGNOSTIC,    54, -5.934495663884e-01, 1.647786174482e-05, 9.2508e+01, 1.5347e+00, 
 1DIAGNOSTIC,    55, -5.933923775176e-01, 1.560878148430e-05, 9.4046e+01, 1.5380e+00, 
 1DIAGNOSTIC,    56, -5.936891177094e-01, 1.888927935233e-05, 9.5587e+01, 1.5417e+00, 
 1DIAGNOSTIC,    57, -5.935245785231e-01, 1.506737892079e-05, 9.7121e+01, 1.5336e+00, 
 1DIAGNOSTIC,    58, -5.937764306283e-01, 1.666145738166e-05, 9.8665e+01, 1.5444e+00, 
 1DIAGNOSTIC,    59, -5.937255957185e-01, 1.559596104787e-05, 1.0021e+02, 1.5448e+00, 
 1DIAGNOSTIC,    60, -5.939205699212e-01, 1.320156547280e-05, 1.0175e+02, 1.5404e+00, 
 1DIAGNOSTIC,    61, -5.938037419826e-01, 1.269243221357e-05, 1.0330e+02, 1.5474e+00, 
 1DIAGNOSTIC,    62, -5.937385031551e-01, 9.474630706635e-06, 1.0484e+02, 1.5442e+00, 
 1DIAGNOSTIC,    63, -5.939817516809e-01, 8.968620230004e-06, 1.0639e+02, 1.5441e+00, 
 1DIAGNOSTIC,    64, -5.938837550240e-01, 7.688544859063e-06, 1.0794e+02, 1.5497e+00, 
 1DIAGNOSTIC,    65, -5.941299115243e-01, 7.141979481210e-06, 1.0948e+02, 1.5459e+00, 
 1DIAGNOSTIC,    66, -5.937544743893e-01, 5.422054741556e-06, 1.1102e+02, 1.5410e+00, 
 1DIAGNOSTIC,    67, -5.944052895113e-01, 6.875360539980e-06, 1.1257e+02, 1.5484e+00, 
 1DIAGNOSTIC,    68, -5.942011397938e-01, 7.862839290180e-06, 1.1411e+02, 1.5431e+00, 
 1DIAGNOSTIC,    69, -5.939357968875e-01, 5.872338259161e-06, 1.1565e+02, 1.5404e+00, 
 1DIAGNOSTIC,    70, -5.941046067848e-01, 6.088257424547e-06, 1.1720e+02, 1.5413e+00, 
 1DIAGNOSTIC,    71, -5.944513303129e-01, 7.296359605802e-06, 1.1872e+02, 1.5287e+00, 
 1DIAGNOSTIC,    72, -5.941718734889e-01, 5.310477125790e-06, 1.2027e+02, 1.5499e+00, 
 1DIAGNOSTIC,    73, -5.944572300083e-01, 6.545310078975e-06, 1.2181e+02, 1.5333e+00, 
 1DIAGNOSTIC,    74, -5.940355136309e-01, 3.726031787782e-06, 1.2335e+02, 1.5427e+00, 
 1DIAGNOSTIC,    75, -5.943608676990e-01, 4.521946812511e-06, 1.2491e+02, 1.5601e+00, 
 1DIAGNOSTIC,    76, -5.942281525214e-01, 1.390402084116e-06, 1.2648e+02, 1.5671e+00, 
 1DIAGNOSTIC,    77, -5.945567351990e-01, 4.486691947900e-06, 1.2801e+02, 1.5350e+00, 
 1DIAGNOSTIC,    78, -5.939994450128e-01, 2.410944062416e-06, 1.2955e+02, 1.5359e+00, 
 1DIAGNOSTIC,    79, -5.948041471508e-01, 3.620172655840e-06, 1.3108e+02, 1.5350e+00, 
 1DIAGNOSTIC,    80, -5.943897051669e-01, 2.775601467121e-06, 1.3263e+02, 1.5481e+00, 
 1DIAGNOSTIC,    81, -5.946390750919e-01, 5.398941910831e-06, 1.3417e+02, 1.5355e+00, 
 1DIAGNOSTIC,    82, -5.940217386699e-01, 2.103948848423e-06, 1.3572e+02, 1.5481e+00, 
 1DIAGNOSTIC,    83, -5.947481999266e-01, 4.836358959343e-06, 1.3726e+02, 1.5430e+00, 
 1DIAGNOSTIC,    84, -5.947415653332e-01, 4.368070231063e-06, 1.3880e+02, 1.5414e+00, 
 1DIAGNOSTIC,    85, -5.945478052844e-01, 4.280868655745e-06, 1.4034e+02, 1.5393e+00, 
 1DIAGNOSTIC,    86, -5.945241926407e-01, 3.015251048996e-06, 1.4188e+02, 1.5383e+00, 
 1DIAGNOSTIC,    87, -5.947250808625e-01, 4.610353275749e-06, 1.4342e+02, 1.5382e+00, 
 1DIAGNOSTIC,    88, -5.947140387443e-01, 2.387828769233e-06, 1.4495e+02, 1.5385e+00, 
 1DIAGNOSTIC,    89, -5.944401158625e-01, 2.942385215258e-06, 1.4650e+02, 1.5436e+00, 
 1DIAGNOSTIC,    90, -5.947340235839e-01, 2.647879550075e-06, 1.4804e+02, 1.5449e+00, 
 1DIAGNOSTIC,    91, -5.949434931187e-01, 4.662616305570e-06, 1.4961e+02, 1.5628e+00, 
 1DIAGNOSTIC,    92, -5.946853048769e-01, 1.421735773102e-06, 1.5119e+02, 1.5815e+00, 
 1DIAGNOSTIC,    93, -5.947447784469e-01, 2.310468800571e-06, 1.5275e+02, 1.5643e+00, 
 1DIAGNOSTIC,    94, -5.943114718680e-01, 7.768766020176e-07, 1.5430e+02, 1.5482e+00, 
XXDIAGNOSTIC,Iteration,metricValue,convergenceValue,ITERATION_TIME_INDEX,SINCE_LAST
 1DIAGNOSTIC,     1, -4.899725033931e-01, 1.797693134862e+308, 1.7212e+02, 1.7820e+01, 
 1DIAGNOSTIC,     2, -4.945339213407e-01, 1.797693134862e+308, 1.7992e+02, 7.8026e+00, 
 1DIAGNOSTIC,     3, -4.983027346584e-01, 1.797693134862e+308, 1.8774e+02, 7.8168e+00, 
 1DIAGNOSTIC,     4, -5.018023064667e-01, 1.797693134862e+308, 1.9549e+02, 7.7515e+00, 
 1DIAGNOSTIC,     5, -5.048607238899e-01, 1.797693134862e+308, 2.0323e+02, 7.7415e+00, 
 1DIAGNOSTIC,     6, -5.072988490275e-01, 1.797693134862e+308, 2.1101e+02, 7.7800e+00, 
 1DIAGNOSTIC,     7, -5.097110984236e-01, 1.797693134862e+308, 2.1899e+02, 7.9777e+00, 
 1DIAGNOSTIC,     8, -5.122590444342e-01, 1.797693134862e+308, 2.2665e+02, 7.6636e+00, 
 1DIAGNOSTIC,     9, -5.141164902020e-01, 1.797693134862e+308, 2.3433e+02, 7.6738e+00, 
 1DIAGNOSTIC,    10, -5.161957239961e-01, 3.224342866265e-03, 2.4205e+02, 7.7218e+00, 
 1DIAGNOSTIC,    11, -5.177490807627e-01, 2.624287147265e-03, 2.4995e+02, 7.8976e+00, 
 1DIAGNOSTIC,    12, -5.193945802061e-01, 2.178081294627e-03, 2.5776e+02, 7.8185e+00, 
 1DIAGNOSTIC,    13, -5.207235140494e-01, 1.821634595205e-03, 2.6551e+02, 7.7438e+00, 
 1DIAGNOSTIC,    14, -5.220878218540e-01, 1.543561109837e-03, 2.7333e+02, 7.8262e+00, 
 1DIAGNOSTIC,    15, -5.232997143013e-01, 1.319772466559e-03, 2.8105e+02, 7.7125e+00, 
 1DIAGNOSTIC,    16, -5.242149393949e-01, 1.118884078018e-03, 2.8876e+02, 7.7127e+00, 
 1DIAGNOSTIC,    17, -5.245557476071e-01, 9.279714468366e-04, 2.9650e+02, 7.7425e+00, 
 1DIAGNOSTIC,    18, -5.257269403355e-01, 7.873295180594e-04, 3.0429e+02, 7.7904e+00, 
 1DIAGNOSTIC,    19, -5.261423051074e-01, 6.535824418096e-04, 3.1213e+02, 7.8401e+00, 
 1DIAGNOSTIC,    20, -5.264717826985e-01, 5.389390199918e-04, 3.1989e+02, 7.7565e+00, 
 1DIAGNOSTIC,    21, -5.272468452423e-01, 4.462696611566e-04, 3.2770e+02, 7.8112e+00, 
 1DIAGNOSTIC,    22, -5.274144497243e-01, 3.655302478424e-04, 3.3555e+02, 7.8463e+00, 
 1DIAGNOSTIC,    23, -5.277668093431e-01, 2.976866944730e-04, 3.4334e+02, 7.7958e+00, 
 1DIAGNOSTIC,    24, -5.284431249348e-01, 2.540718645818e-04, 3.5115e+02, 7.8034e+00, 
 1DIAGNOSTIC,    25, -5.287304974212e-01, 2.227355341687e-04, 3.5887e+02, 7.7267e+00, 
 1DIAGNOSTIC,    26, -5.289116900344e-01, 1.962637369343e-04, 3.6670e+02, 7.8304e+00, 
 1DIAGNOSTIC,    27, -5.292702149340e-01, 1.672314036915e-04, 3.7445e+02, 7.7456e+00, 
 1DIAGNOSTIC,    28, -5.295250658393e-01, 1.524532528459e-04, 3.8216e+02, 7.7115e+00, 
 1DIAGNOSTIC,    29, -5.300215713952e-01, 1.414575083990e-04, 3.8993e+02, 7.7717e+00, 
 1DIAGNOSTIC,    30, -5.303481779625e-01, 1.294183980400e-04, 3.9773e+02, 7.7959e+00, 
 1DIAGNOSTIC,    31, -5.304489568195e-01, 1.215977151895e-04, 4.0547e+02, 7.7461e+00, 
 1DIAGNOSTIC,    32, -5.309900484098e-01, 1.150413055591e-04, 4.1328e+02, 7.8074e+00, 
 1DIAGNOSTIC,    33, -5.314004461763e-01, 1.102253485672e-04, 4.2117e+02, 7.8853e+00, 
 1DIAGNOSTIC,    34, -5.315665040063e-01, 1.086352822274e-04, 4.2911e+02, 7.9427e+00, 
 1DIAGNOSTIC,    35, -5.317467487362e-01, 1.042751974071e-04, 4.3699e+02, 7.8800e+00, 
 1DIAGNOSTIC,    36, -5.319090523071e-01, 9.553613310386e-05, 4.4487e+02, 7.8851e+00, 
 1DIAGNOSTIC,    37, -5.321555480975e-01, 8.709155616535e-05, 4.5266e+02, 7.7896e+00, 
 1DIAGNOSTIC,    38, -5.324296761314e-01, 7.818562829860e-05, 4.6049e+02, 7.8220e+00, 
 1DIAGNOSTIC,    39, -5.326113721766e-01, 7.175763094730e-05, 4.6832e+02, 7.8329e+00, 
 1DIAGNOSTIC,    40, -5.331241538001e-01, 7.042875233657e-05, 4.7616e+02, 7.8422e+00, 
 1DIAGNOSTIC,    41, -5.329875286101e-01, 6.178248758452e-05, 4.8398e+02, 7.8187e+00, 
 1DIAGNOSTIC,    42, -5.333808934791e-01, 5.983779737785e-05, 4.9196e+02, 7.9792e+00, 
 1DIAGNOSTIC,    43, -5.335974057759e-01, 6.013289376306e-05, 4.9977e+02, 7.8138e+00, 
 1DIAGNOSTIC,    44, -5.337198791346e-01, 5.819299879625e-05, 5.0761e+02, 7.8381e+00, 
 1DIAGNOSTIC,    45, -5.337650030397e-01, 5.356154526592e-05, 5.1541e+02, 7.7965e+00, 
 1DIAGNOSTIC,    46, -5.339443783406e-01, 4.813375720385e-05, 5.2323e+02, 7.8207e+00, 
 1DIAGNOSTIC,    47, -5.343001007970e-01, 4.527474446200e-05, 5.3105e+02, 7.8233e+00, 
 1DIAGNOSTIC,    48, -5.343189876311e-01, 4.141963917180e-05, 5.3886e+02, 7.8129e+00, 
 1DIAGNOSTIC,    49, -5.345523710582e-01, 3.834409852699e-05, 5.4678e+02, 7.9176e+00, 
 1DIAGNOSTIC,    50, -5.343980555386e-01, 3.577288433918e-05, 5.5461e+02, 7.8290e+00, 
 1DIAGNOSTIC,    51, -5.346295911112e-01, 3.090588672131e-05, 5.6240e+02, 7.7885e+00, 
 1DIAGNOSTIC,    52, -5.347947422688e-01, 2.898170537715e-05, 5.7024e+02, 7.8389e+00, 
 1DIAGNOSTIC,    53, -5.347905833249e-01, 2.650785150230e-05, 5.7808e+02, 7.8427e+00, 
 1DIAGNOSTIC,    54, -5.350078568375e-01, 2.513750270297e-05, 5.8589e+02, 7.8083e+00, 
 1DIAGNOSTIC,    55, -5.350864689820e-01, 2.264685934281e-05, 5.9367e+02, 7.7825e+00, 
 1DIAGNOSTIC,    56, -5.348989490882e-01, 1.795517809163e-05, 6.0152e+02, 7.8447e+00, 
 1DIAGNOSTIC,    57, -5.349541354520e-01, 1.571500762656e-05, 6.0932e+02, 7.8065e+00, 
 1DIAGNOSTIC,    58, -5.349420877438e-01, 1.208041584069e-05, 6.1715e+02, 7.8324e+00, 
 1DIAGNOSTIC,    59, -5.348251698163e-01, 8.565862446921e-06, 6.2497e+02, 7.8152e+00, 
 1DIAGNOSTIC,    60, -5.353417121672e-01, 7.641218764447e-06, 6.3280e+02, 7.8294e+00, 
 1DIAGNOSTIC,    61, -5.354183859224e-01, 8.659914809080e-06, 6.4067e+02, 7.8732e+00, 
 1DIAGNOSTIC,    62, -5.351652532300e-01, 8.149128560141e-06, 6.4849e+02, 7.8213e+00, 
 1DIAGNOSTIC,    63, -5.354815000206e-01, 9.668159181089e-06, 6.5637e+02, 7.8792e+00, 
 1DIAGNOSTIC,    64, -5.354915465673e-01, 1.205262596240e-05, 6.6432e+02, 7.9436e+00, 
 1DIAGNOSTIC,    65, -5.356470228536e-01, 1.516547351929e-05, 6.7235e+02, 8.0304e+00, 
 1DIAGNOSTIC,    66, -5.355728530290e-01, 1.459023934340e-05, 6.8018e+02, 7.8378e+00, 
 1DIAGNOSTIC,    67, -5.355252787420e-01, 1.285051661524e-05, 6.8803e+02, 7.8496e+00, 
 1DIAGNOSTIC,    68, -5.356072029080e-01, 1.059944543909e-05, 6.9593e+02, 7.8922e+00, 
 1DIAGNOSTIC,    69, -5.355851332750e-01, 6.165376505838e-06, 7.0376e+02, 7.8314e+00, 
 1DIAGNOSTIC,    70, -5.353714412249e-01, 3.629058158660e-06, 7.1159e+02, 7.8317e+00, 
 1DIAGNOSTIC,    71, -5.355431799318e-01, 2.890379003268e-06, 7.1947e+02, 7.8787e+00, 
 1DIAGNOSTIC,    72, -5.358299619368e-01, 2.088337909543e-06, 7.2735e+02, 7.8847e+00, 
 1DIAGNOSTIC,    73, -5.358532223383e-01, 3.577962126054e-06, 7.3534e+02, 7.9896e+00, 
 1DIAGNOSTIC,    74, -5.357787371009e-01, 4.257893549521e-06, 7.4318e+02, 7.8414e+00, 
 1DIAGNOSTIC,    75, -5.359297697012e-01, 6.843390322028e-06, 7.5101e+02, 7.8283e+00, 
 1DIAGNOSTIC,    76, -5.358499887958e-01, 7.608417387762e-06, 7.5886e+02, 7.8461e+00, 
 1DIAGNOSTIC,    77, -5.358887143835e-01, 7.536644596131e-06, 7.6668e+02, 7.8176e+00, 
 1DIAGNOSTIC,    78, -5.358603241455e-01, 7.149170319470e-06, 7.7449e+02, 7.8108e+00, 
 1DIAGNOSTIC,    79, -5.360749608837e-01, 7.523602036801e-06, 7.8233e+02, 7.8409e+00, 
 1DIAGNOSTIC,    80, -5.361633972714e-01, 6.299671289565e-06, 7.9032e+02, 7.9890e+00, 
 1DIAGNOSTIC,    81, -5.362326280874e-01, 6.076783477858e-06, 7.9814e+02, 7.8210e+00, 
 1DIAGNOSTIC,    82, -5.363979418563e-01, 8.295313220994e-06, 8.0599e+02, 7.8492e+00, 
 1DIAGNOSTIC,    83, -5.365213718181e-01, 1.064407669489e-05, 8.1380e+02, 7.8142e+00, 
 1DIAGNOSTIC,    84, -5.363946134692e-01, 1.060088732709e-05, 8.2165e+02, 7.8436e+00, 
 1DIAGNOSTIC,    85, -5.365985745392e-01, 1.186241300158e-05, 8.2942e+02, 7.7731e+00, 
 1DIAGNOSTIC,    86, -5.364206879323e-01, 1.034117503282e-05, 8.3721e+02, 7.7925e+00, 
 1DIAGNOSTIC,    87, -5.367471693463e-01, 1.018812185045e-05, 8.4497e+02, 7.7577e+00, 
 1DIAGNOSTIC,    88, -5.364573464536e-01, 7.060372639606e-06, 8.5295e+02, 7.9850e+00, 
 1DIAGNOSTIC,    89, -5.364420199570e-01, 4.626499191524e-06, 8.6070e+02, 7.7501e+00, 
 1DIAGNOSTIC,    90, -5.367710071023e-01, 4.336444456760e-06, 8.6853e+02, 7.8258e+00, 
 1DIAGNOSTIC,    91, -5.370409659038e-01, 5.558531494372e-06, 8.7629e+02, 7.7638e+00, 
 1DIAGNOSTIC,    92, -5.369490905948e-01, 6.623252052834e-06, 8.8422e+02, 7.9303e+00, 
 1DIAGNOSTIC,    93, -5.368426896606e-01, 7.260883990520e-06, 8.9204e+02, 7.8198e+00, 
 1DIAGNOSTIC,    94, -5.366056344549e-01, 5.161075592361e-06, 8.9986e+02, 7.8209e+00, 
 1DIAGNOSTIC,    95, -5.372017281856e-01, 7.167011249181e-06, 9.0786e+02, 7.9911e+00, 
 1DIAGNOSTIC,    96, -5.368624136663e-01, 5.356030120435e-06, 9.1576e+02, 7.9062e+00, 
 1DIAGNOSTIC,    97, -5.368481182086e-01, 4.974512993085e-06, 9.2357e+02, 7.8116e+00, 
 1DIAGNOSTIC,    98, -5.368332853374e-01, 2.582512912262e-06, 9.3138e+02, 7.8060e+00, 
 1DIAGNOSTIC,    99, -5.370671584205e-01, 1.146135688700e-06, 9.3920e+02, 7.8207e+00, 
 1DIAGNOSTIC,   100, -5.368766335695e-01, 2.645844522486e-07, 9.4706e+02, 7.8646e+00, 
XXDIAGNOSTIC,Iteration,metricValue,convergenceValue,ITERATION_TIME_INDEX,SINCE_LAST
 1DIAGNOSTIC,     1, -4.908415477068e-01, 1.797693134862e+308, 9.8370e+02, 3.6635e+01, 
 1DIAGNOSTIC,     2, -4.947168912386e-01, 1.797693134862e+308, 1.0103e+03, 2.6583e+01, 
 1DIAGNOSTIC,     3, -4.979700802081e-01, 1.797693134862e+308, 1.0371e+03, 2.6788e+01, 
 1DIAGNOSTIC,     4, -5.011097678655e-01, 1.797693134862e+308, 1.0637e+03, 2.6670e+01, 
 1DIAGNOSTIC,     5, -5.038454477576e-01, 1.797693134862e+308, 1.0905e+03, 2.6755e+01, 
 1DIAGNOSTIC,     6, -5.063826941962e-01, 1.797693134862e+308, 1.1170e+03, 2.6468e+01, 
 1DIAGNOSTIC,     7, -5.089635582480e-01, 1.797693134862e+308, 1.1434e+03, 2.6480e+01, 
 1DIAGNOSTIC,     8, -5.111319150965e-01, 1.797693134862e+308, 1.1701e+03, 2.6689e+01, 
 1DIAGNOSTIC,     9, -5.133096579320e-01, 1.797693134862e+308, 1.1968e+03, 2.6634e+01, 
 1DIAGNOSTIC,    10, -5.147712258958e-01, 3.018230086562e-03, 1.2233e+03, 2.6551e+01, 
 1DIAGNOSTIC,    11, -5.163709716364e-01, 2.493859371347e-03, 1.2499e+03, 2.6610e+01, 
 1DIAGNOSTIC,    12, -5.175842429993e-01, 2.070267731355e-03, 1.2766e+03, 2.6629e+01, 
 1DIAGNOSTIC,    13, -5.190244631027e-01, 1.726035057490e-03, 1.3031e+03, 2.6566e+01, 
 1DIAGNOSTIC,    14, -5.200530644407e-01, 1.439763111109e-03, 1.3297e+03, 2.6616e+01, 
 1DIAGNOSTIC,    15, -5.212555561636e-01, 1.206445771389e-03, 1.3564e+03, 2.6618e+01, 
 1DIAGNOSTIC,    16, -5.220940315048e-01, 1.008492510804e-03, 1.3830e+03, 2.6601e+01, 
 1DIAGNOSTIC,    17, -5.231586666152e-01, 8.598567480233e-04, 1.4095e+03, 2.6524e+01, 
 1DIAGNOSTIC,    18, -5.236705684665e-01, 7.300587168254e-04, 1.4361e+03, 2.6644e+01, 
 1DIAGNOSTIC,    19, -5.243854358046e-01, 6.307437042936e-04, 1.4632e+03, 2.7063e+01, 
 1DIAGNOSTIC,    20, -5.248852860663e-01, 5.366487573712e-04, 1.4897e+03, 2.6513e+01, 
 1DIAGNOSTIC,    21, -5.256581907468e-01, 4.639038310945e-04, 1.5164e+03, 2.6668e+01, 
 1DIAGNOSTIC,    22, -5.259648021289e-01, 3.920690756144e-04, 1.5428e+03, 2.6467e+01, 
 1DIAGNOSTIC,    23, -5.266756883584e-01, 3.415658397043e-04, 1.5697e+03, 2.6823e+01, 
 1DIAGNOSTIC,    24, -5.271902178125e-01, 2.983622219489e-04, 1.5964e+03, 2.6759e+01, 
 1DIAGNOSTIC,    25, -5.273301010999e-01, 2.600307600778e-04, 1.6232e+03, 2.6734e+01, 
 1DIAGNOSTIC,    26, -5.278356949485e-01, 2.285471764641e-04, 1.6501e+03, 2.6929e+01, 
 1DIAGNOSTIC,    27, -5.282367735299e-01, 2.076578758563e-04, 1.6767e+03, 2.6594e+01, 
 1DIAGNOSTIC,    28, -5.284989137311e-01, 1.836393744033e-04, 1.7032e+03, 2.6528e+01, 
 1DIAGNOSTIC,    29, -5.288386529012e-01, 1.639493041768e-04, 1.7300e+03, 2.6773e+01, 
 1DIAGNOSTIC,    30, -5.289891241548e-01, 1.418751709560e-04, 1.7569e+03, 2.6905e+01, 
 1DIAGNOSTIC,    31, -5.293814028568e-01, 1.285836691154e-04, 1.7834e+03, 2.6499e+01, 
 1DIAGNOSTIC,    32, -5.296867664244e-01, 1.141100231335e-04, 1.8101e+03, 2.6679e+01, 
 1DIAGNOSTIC,    33, -5.294849737238e-01, 9.803934903458e-05, 1.8366e+03, 2.6503e+01, 
 1DIAGNOSTIC,    34, -5.299175259087e-01, 8.925004364536e-05, 1.8631e+03, 2.6562e+01, 
 1DIAGNOSTIC,    35, -5.302480183986e-01, 7.961983570571e-05, 1.8896e+03, 2.6494e+01, 
 1DIAGNOSTIC,    36, -5.303608544052e-01, 7.216657005404e-05, 1.9164e+03, 2.6771e+01, 
 1DIAGNOSTIC,    37, -5.305467416007e-01, 6.702961513101e-05, 1.9429e+03, 2.6515e+01, 
 1DIAGNOSTIC,    38, -5.307763748438e-01, 6.294722839970e-05, 1.9695e+03, 2.6610e+01, 
 1DIAGNOSTIC,    39, -5.310704747085e-01, 6.196731443369e-05, 1.9963e+03, 2.6806e+01, 
 1DIAGNOSTIC,    40, -5.309660780984e-01, 5.555084454081e-05, 2.0229e+03, 2.6626e+01, 
 1DIAGNOSTIC,    41, -5.314330098732e-01, 5.569111866661e-05, 2.0497e+03, 2.6774e+01, 
 1DIAGNOSTIC,    42, -5.315071190027e-01, 5.553810586522e-05, 2.0763e+03, 2.6607e+01, 
 1DIAGNOSTIC,    43, -5.315117466232e-01, 4.753125384927e-05, 2.1030e+03, 2.6628e+01, 
 1DIAGNOSTIC,    44, -5.316714485020e-01, 4.273005077562e-05, 2.1295e+03, 2.6589e+01, 
 1DIAGNOSTIC,    45, -5.317965373714e-01, 3.962314971132e-05, 2.1563e+03, 2.6763e+01, 
 1DIAGNOSTIC,    46, -5.319384668951e-01, 3.586246536984e-05, 2.1831e+03, 2.6812e+01, 
 1DIAGNOSTIC,    47, -5.323360049716e-01, 3.556296051500e-05, 2.2100e+03, 2.6912e+01, 
 1DIAGNOSTIC,    48, -5.325191202026e-01, 3.649218026292e-05, 2.2369e+03, 2.6909e+01, 
 1DIAGNOSTIC,    49, -5.324367690414e-01, 3.639569440843e-05, 2.2635e+03, 2.6598e+01, 
 1DIAGNOSTIC,    50, -5.325138622956e-01, 3.253175888430e-05, 2.2904e+03, 2.6879e+01, 
 1DIAGNOSTIC,    51, -5.325463847416e-01, 3.104185332456e-05, 2.3171e+03, 2.6685e+01, 
 1DIAGNOSTIC,    52, -5.327494387838e-01, 2.953121753266e-05, 2.3439e+03, 2.6773e+01, 
 1DIAGNOSTIC,    53, -5.329165202641e-01, 2.696937306108e-05, 2.3703e+03, 2.6450e+01, 
 1DIAGNOSTIC,    54, -5.330435729796e-01, 2.488794796220e-05, 2.3968e+03, 2.6523e+01, 
 1DIAGNOSTIC,    55, -5.334206543367e-01, 2.554612145885e-05, 2.4233e+03, 2.6498e+01, 
 1DIAGNOSTIC,    56, -5.336228359791e-01, 2.693453662590e-05, 2.4497e+03, 2.6374e+01, 
 1DIAGNOSTIC,    57, -5.330057124831e-01, 2.357452252780e-05, 2.4763e+03, 2.6630e+01, 
 1DIAGNOSTIC,    58, -5.334282036695e-01, 2.402225499882e-05, 2.5028e+03, 2.6446e+01, 
 1DIAGNOSTIC,    59, -5.330616562799e-01, 1.790351740691e-05, 2.5294e+03, 2.6604e+01, 
 1DIAGNOSTIC,    60, -5.335135937721e-01, 1.511782155677e-05, 2.5558e+03, 2.6383e+01, 
 1DIAGNOSTIC,    61, -5.333172281595e-01, 9.438022588432e-06, 2.5824e+03, 2.6579e+01, 
 1DIAGNOSTIC,    62, -5.337605880145e-01, 8.870960866696e-06, 2.6090e+03, 2.6639e+01, 
 1DIAGNOSTIC,    63, -5.338131381769e-01, 9.346058714894e-06, 2.6355e+03, 2.6517e+01, 
 1DIAGNOSTIC,    64, -5.342500404240e-01, 1.359696435585e-05, 2.6620e+03, 2.6469e+01, 
 1DIAGNOSTIC,    65, -5.336013456218e-01, 1.405739739240e-05, 2.6886e+03, 2.6575e+01, 
 1DIAGNOSTIC,    66, -5.339633979411e-01, 1.815994004863e-05, 2.7152e+03, 2.6689e+01, 
 1DIAGNOSTIC,    67, -5.339976140427e-01, 1.551307456040e-05, 2.7418e+03, 2.6570e+01, 
 1DIAGNOSTIC,    68, -5.341248947506e-01, 1.587782362576e-05, 2.7683e+03, 2.6492e+01, 
 1DIAGNOSTIC,    69, -5.341177324957e-01, 1.173796762820e-05, 2.7951e+03, 2.6790e+01, 
 1DIAGNOSTIC,    70, -5.341119403301e-01, 1.024558252847e-05, 2.8217e+03, 2.6623e+01, 
XXDIAGNOSTIC,Iteration,metricValue,convergenceValue,ITERATION_TIME_INDEX,SINCE_LAST
 1DIAGNOSTIC,     1, -4.743476638384e-01, 1.797693134862e+308, 3.0582e+03, 2.3646e+02, 
 1DIAGNOSTIC,     2, -4.786438431827e-01, 1.797693134862e+308, 3.2801e+03, 2.2193e+02, 
 1DIAGNOSTIC,     3, -4.824732874939e-01, 1.797693134862e+308, 3.5010e+03, 2.2093e+02, 
 1DIAGNOSTIC,     4, -4.863085637945e-01, 1.797693134862e+308, 3.7241e+03, 2.2305e+02, 
 1DIAGNOSTIC,     5, -4.902489757327e-01, 1.797693134862e+308, 3.9468e+03, 2.2270e+02, 
 1DIAGNOSTIC,     6, -4.937450612751e-01, 1.797693134862e+308, 4.1694e+03, 2.2259e+02, 
 1DIAGNOSTIC,     7, -4.967145970712e-01, 1.797693134862e+308, 4.3920e+03, 2.2260e+02, 
 1DIAGNOSTIC,     8, -4.995173999303e-01, 1.797693134862e+308, 4.6142e+03, 2.2218e+02, 
 1DIAGNOSTIC,     9, -5.019552883220e-01, 1.797693134862e+308, 4.8354e+03, 2.2121e+02, 
 1DIAGNOSTIC,    10, -5.042091282134e-01, 3.919279428328e-03, 5.0555e+03, 2.2012e+02, 
 1DIAGNOSTIC,    11, -5.063210320902e-01, 3.281948194241e-03, 5.2760e+03, 2.2053e+02, 
 1DIAGNOSTIC,    12, -5.083007054654e-01, 2.757443149886e-03, 5.4968e+03, 2.2081e+02, 
 1DIAGNOSTIC,    13, -5.101238466893e-01, 2.313855546730e-03, 5.7200e+03, 2.2312e+02, 
 1DIAGNOSTIC,    14, -5.116211739963e-01, 1.940715669991e-03, 5.9425e+03, 2.2255e+02, 
 1DIAGNOSTIC,    15, -5.130767894319e-01, 1.645168996430e-03, 6.1634e+03, 2.2084e+02, 
 1DIAGNOSTIC,    16, -5.143606683693e-01, 1.405484046057e-03, 6.3861e+03, 2.2271e+02, 
 1DIAGNOSTIC,    17, -5.156209449823e-01, 1.205458336270e-03, 6.6079e+03, 2.2179e+02, 
 1DIAGNOSTIC,    18, -5.166544880382e-01, 1.036800287467e-03, 6.8309e+03, 2.2307e+02, 
 1DIAGNOSTIC,    19, -5.177222092325e-01, 8.941165734535e-04, 7.0517e+03, 2.2073e+02, 
 1DIAGNOSTIC,    20, -5.186564911656e-01, 7.724201609620e-04, 7.2759e+03, 2.2427e+02, 
 1DIAGNOSTIC,    21, -5.196012435643e-01, 6.721422207796e-04, 7.5041e+03, 2.2818e+02, 
 1DIAGNOSTIC,    22, -5.203427076389e-01, 5.875169068873e-04, 7.7337e+03, 2.2957e+02, 
 1DIAGNOSTIC,    23, -5.211206480672e-01, 5.188018479745e-04, 7.9627e+03, 2.2901e+02, 
 1DIAGNOSTIC,    24, -5.218044166424e-01, 4.579895595891e-04, 8.1921e+03, 2.2943e+02, 
 1DIAGNOSTIC,    25, -5.225675276836e-01, 4.086274928094e-04, 8.4222e+03, 2.3012e+02, 
 1DIAGNOSTIC,    26, -5.231919194594e-01, 3.654547906400e-04, 8.6511e+03, 2.2891e+02, 
 1DIAGNOSTIC,    27, -5.239753341133e-01, 3.333451588537e-04, 8.8800e+03, 2.2887e+02, 
 1DIAGNOSTIC,    28, -5.245263608821e-01, 3.034792830414e-04, 9.1090e+03, 2.2895e+02, 
 1DIAGNOSTIC,    29, -5.252488064145e-01, 2.813943758059e-04, 9.3390e+03, 2.3001e+02, 
 1DIAGNOSTIC,    30, -5.258785158215e-01, 2.630033082842e-04, 9.5679e+03, 2.2890e+02, 
 1DIAGNOSTIC,    31, -5.265579509036e-01, 2.499721856587e-04, 9.7973e+03, 2.2941e+02, 
 1DIAGNOSTIC,    32, -5.271337845067e-01, 2.368122525437e-04, 1.0028e+04, 2.3081e+02, 
 1DIAGNOSTIC,    33, -5.278077825179e-01, 2.263918720943e-04, 1.0258e+04, 2.2982e+02, 
 1DIAGNOSTIC,    34, -5.283782036630e-01, 2.154124770997e-04, 1.0487e+04, 2.2885e+02, 
 1DIAGNOSTIC,    35, -5.289936189692e-01, 2.063703295499e-04, 1.0718e+04, 2.3080e+02, 
 1DIAGNOSTIC,    36, -5.295189484085e-01, 1.957418691087e-04, 1.0947e+04, 2.2921e+02, 
 1DIAGNOSTIC,    37, -5.301047988549e-01, 1.875444514002e-04, 1.1176e+04, 2.2929e+02, 
 1DIAGNOSTIC,    38, -5.306152260269e-01, 1.772348035838e-04, 1.1406e+04, 2.2988e+02, 
 1DIAGNOSTIC,    39, -5.311135843663e-01, 1.677981671293e-04, 1.1635e+04, 2.2900e+02, 
 1DIAGNOSTIC,    40, -5.315400302030e-01, 1.573342594605e-04, 1.1865e+04, 2.2993e+02, 
 1DIAGNOSTIC,    41, -5.320229053415e-01, 1.479930198323e-04, 1.2095e+04, 2.2999e+02, 
 1DIAGNOSTIC,    42, -5.323828207405e-01, 1.371439604749e-04, 1.2325e+04, 2.3046e+02, 
 1DIAGNOSTIC,    43, -5.327341887535e-01, 1.268127491813e-04, 1.2556e+04, 2.3023e+02, 
 1DIAGNOSTIC,    44, -5.331385674810e-01, 1.169897682128e-04, 1.2786e+04, 2.2997e+02, 
 1DIAGNOSTIC,    45, -5.334404475387e-01, 1.075853626421e-04, 1.3015e+04, 2.2973e+02, 
 1DIAGNOSTIC,    46, -5.337415956464e-01, 9.813204099272e-05, 1.3247e+04, 2.3159e+02, 
 1DIAGNOSTIC,    47, -5.341027586048e-01, 9.074447683097e-05, 1.3477e+04, 2.3011e+02, 
 1DIAGNOSTIC,    48, -5.343395535369e-01, 8.347393739160e-05, 1.3707e+04, 2.2984e+02, 
 1DIAGNOSTIC,    49, -5.346507929188e-01, 7.757193705009e-05, 1.3936e+04, 2.2951e+02, 
 1DIAGNOSTIC,    50, -5.348781259378e-01, 7.159310431291e-05, 1.4166e+04, 2.2984e+02, 
slurmstepd: error: Job 6245150 exceeded memory limit (10244248 > 10240000), being killed
slurmstepd: error: Exceeded job memory limit
slurmstepd: error: *** JOB 6245150 ON wbic-cs-2 CANCELLED AT 2021-02-05T21:50:56 ***
