Changed directory to /lustre/scratch/wbic-beta/ccn30/ENCRYPT/fMRI/gridcellpilot/scripts/coregistration/slurmoutputs.

JobID: 6246104
======
Time: Mon Feb  8 13:03:16 GMT 2021
Running on master node: wbic-cs-8
Current directory: /lustre/scratch/wbic-beta/ccn30/ENCRYPT/fMRI/gridcellpilot/scripts/coregistration/slurmoutputs

Nodes allocated:
================
wbic-cs-8

numtasks=1, numnodes=1, mpi_tasks_per_node=1 (OMP_NUM_THREADS=1)

Executing command:
==================
/lustre/scratch/wbic-beta/ccn30/ENCRYPT/fMRI/gridcellpilot/scripts/coregistration/coreg_MasksxEPI.sh 29358/20190905_U-ID46106

******** starting 29358 ********

--------------------------------------------------------------------------------------
 Mapping parameters
--------------------------------------------------------------------------------------
 ANTSPATH is /applications/ANTS/ANTs-2.3.4/install/bin/

 Dimensionality:           3
 Output name prefix:       /lustre/scratch/wbic-beta/ccn30/ENCRYPT/fMRI/gridcellpilot/preprocessed_data/segmentation/29358/coregistration/T1xStudyTemplate_
 Fixed images:             /home/ccn30/ENCRYPT/atlases/templates/ECtemplatemasks2015/Study_template_wholeBrain.nii
 Moving images:            /lustre/scratch/wbic-beta/ccn30/ENCRYPT/fMRI/gridcellpilot/raw_data/images/29358/20190905_U-ID46106/mp2rage/denoiseRn4mag0000_PSIR_skulled_std.nii
 Mask images:              
 Initial transforms:       
 Number of threads:        1
 Spline distance:          26
 Transform type:           s
 CC radius:                4
 Precision:                d
 Use histogram matching    0
======================================================================================
 antsRegistration call:
--------------------------------------------------------------------------------------
/applications/ANTS/ANTs-2.3.4/install/bin//antsRegistration --verbose 1 --dimensionality 3 --float 0 --collapse-output-transforms 1 --output [ /lustre/scratch/wbic-beta/ccn30/ENCRYPT/fMRI/gridcellpilot/preprocessed_data/segmentation/29358/coregistration/T1xStudyTemplate_,/lustre/scratch/wbic-beta/ccn30/ENCRYPT/fMRI/gridcellpilot/preprocessed_data/segmentation/29358/coregistration/T1xStudyTemplate_Warped.nii.gz,/lustre/scratch/wbic-beta/ccn30/ENCRYPT/fMRI/gridcellpilot/preprocessed_data/segmentation/29358/coregistration/T1xStudyTemplate_InverseWarped.nii.gz ] --interpolation Linear --use-histogram-matching 0 --winsorize-image-intensities [ 0.005,0.995 ] --initial-moving-transform [ /home/ccn30/ENCRYPT/atlases/templates/ECtemplatemasks2015/Study_template_wholeBrain.nii,/lustre/scratch/wbic-beta/ccn30/ENCRYPT/fMRI/gridcellpilot/raw_data/images/29358/20190905_U-ID46106/mp2rage/denoiseRn4mag0000_PSIR_skulled_std.nii,1 ] --transform Rigid[ 0.1 ] --metric MI[ /home/ccn30/ENCRYPT/atlases/templates/ECtemplatemasks2015/Study_template_wholeBrain.nii,/lustre/scratch/wbic-beta/ccn30/ENCRYPT/fMRI/gridcellpilot/raw_data/images/29358/20190905_U-ID46106/mp2rage/denoiseRn4mag0000_PSIR_skulled_std.nii,1,32,Regular,0.25 ] --convergence [ 1000x500x250x100,1e-6,10 ] --shrink-factors 12x8x4x2 --smoothing-sigmas 4x3x2x1vox --transform Affine[ 0.1 ] --metric MI[ /home/ccn30/ENCRYPT/atlases/templates/ECtemplatemasks2015/Study_template_wholeBrain.nii,/lustre/scratch/wbic-beta/ccn30/ENCRYPT/fMRI/gridcellpilot/raw_data/images/29358/20190905_U-ID46106/mp2rage/denoiseRn4mag0000_PSIR_skulled_std.nii,1,32,Regular,0.25 ] --convergence [ 1000x500x250x100,1e-6,10 ] --shrink-factors 12x8x4x2 --smoothing-sigmas 4x3x2x1vox --transform SyN[ 0.1,3,0 ] --metric CC[ /home/ccn30/ENCRYPT/atlases/templates/ECtemplatemasks2015/Study_template_wholeBrain.nii,/lustre/scratch/wbic-beta/ccn30/ENCRYPT/fMRI/gridcellpilot/raw_data/images/29358/20190905_U-ID46106/mp2rage/denoiseRn4mag0000_PSIR_skulled_std.nii,1,4 ] --convergence [ 100x100x70x50x20,1e-6,10 ] --shrink-factors 10x6x4x2x1 --smoothing-sigmas 5x3x2x1x0vox
--------------------------------------------------------------------------------------
All_Command_lines_OK
Using double precision for computations.
=============================================================================
The composite transform comprises the following transforms (in order): 
  1. Center of mass alignment using fixed image: /home/ccn30/ENCRYPT/atlases/templates/ECtemplatemasks2015/Study_template_wholeBrain.nii and moving image: /lustre/scratch/wbic-beta/ccn30/ENCRYPT/fMRI/gridcellpilot/raw_data/images/29358/20190905_U-ID46106/mp2rage/denoiseRn4mag0000_PSIR_skulled_std.nii (type = Euler3DTransform)
=============================================================================
  number of levels = 4
  number of levels = 4
  number of levels = 5
  fixed image: /home/ccn30/ENCRYPT/atlases/templates/ECtemplatemasks2015/Study_template_wholeBrain.nii
  moving image: /lustre/scratch/wbic-beta/ccn30/ENCRYPT/fMRI/gridcellpilot/raw_data/images/29358/20190905_U-ID46106/mp2rage/denoiseRn4mag0000_PSIR_skulled_std.nii
  fixed image: /home/ccn30/ENCRYPT/atlases/templates/ECtemplatemasks2015/Study_template_wholeBrain.nii
  moving image: /lustre/scratch/wbic-beta/ccn30/ENCRYPT/fMRI/gridcellpilot/raw_data/images/29358/20190905_U-ID46106/mp2rage/denoiseRn4mag0000_PSIR_skulled_std.nii
  fixed image: /home/ccn30/ENCRYPT/atlases/templates/ECtemplatemasks2015/Study_template_wholeBrain.nii
  moving image: /lustre/scratch/wbic-beta/ccn30/ENCRYPT/fMRI/gridcellpilot/raw_data/images/29358/20190905_U-ID46106/mp2rage/denoiseRn4mag0000_PSIR_skulled_std.nii
Dimension = 3
Number of stages = 3
Use Histogram Matching false
Winsorize image intensities true
Lower quantile = 0.005
Upper quantile = 0.995
Stage 1 State
   Image metric = Mattes
     Fixed image = Image (0x30dc550)
  RTTI typeinfo:   itk::Image<double, 3u>
  Reference Count: 2
  Modified Time: 1735
  Debug: Off
  Object Name: 
  Observers: 
    none
  Source: (none)
  Source output name: (none)
  Release Data: Off
  Data Released: False
  Global Release Data: Off
  PipelineMTime: 0
  UpdateMTime: 1518
  RealTimeStamp: 0 seconds 
  LargestPossibleRegion: 
    Dimension: 3
    Index: [0, 0, 0]
    Size: [384, 384, 288]
  BufferedRegion: 
    Dimension: 3
    Index: [0, 0, 0]
    Size: [384, 384, 288]
  RequestedRegion: 
    Dimension: 3
    Index: [0, 0, 0]
    Size: [384, 384, 288]
  Spacing: [0.598958, 0.598958, 0.599937]
  Origin: [85.9044, -155.274, 91.0901]
  Direction: 
-0 0 -1
1 -0 0
0 -1 0

  IndexToPointMatrix: 
0 0 -0.599937
0.598958 0 0
0 -0.598958 0

  PointToIndexMatrix: 
0 1.66957 0
0 0 -1.66957
-1.66684 0 0

  Inverse Direction: 
0 1 0
0 0 -1
-1 0 0

  PixelContainer: 
    ImportImageContainer (0x30e1880)
      RTTI typeinfo:   itk::ImportImageContainer<unsigned long, double>
      Reference Count: 1
      Modified Time: 1515
      Debug: Off
      Object Name: 
      Observers: 
        none
      Pointer: 0x2afba9247010
      Container manages memory: true
      Size: 42467328
      Capacity: 42467328

     Moving image = Image (0x30da2f0)
  RTTI typeinfo:   itk::Image<double, 3u>
  Reference Count: 2
  Modified Time: 1736
  Debug: Off
  Object Name: 
  Observers: 
    none
  Source: (none)
  Source output name: (none)
  Release Data: Off
  Data Released: False
  Global Release Data: Off
  PipelineMTime: 0
  UpdateMTime: 1733
  RealTimeStamp: 0 seconds 
  LargestPossibleRegion: 
    Dimension: 3
    Index: [0, 0, 0]
    Size: [224, 320, 320]
  BufferedRegion: 
    Dimension: 3
    Index: [0, 0, 0]
    Size: [224, 320, 320]
  RequestedRegion: 
    Dimension: 3
    Index: [0, 0, 0]
    Size: [224, 320, 320]
  Spacing: [0.700005, 0.7, 0.7]
  Origin: [-81.1493, 72.2492, -103.242]
  Direction: 
1 0 0
0 -1 0
0 0 1

  IndexToPointMatrix: 
0.700005 0 0
0 -0.7 0
0 0 0.7

  PointToIndexMatrix: 
1.42856 0 0
0 -1.42857 0
0 0 1.42857

  Inverse Direction: 
1 0 0
0 -1 0
0 0 1

  PixelContainer: 
    ImportImageContainer (0x30e83f0)
      RTTI typeinfo:   itk::ImportImageContainer<unsigned long, double>
      Reference Count: 1
      Modified Time: 1730
      Debug: Off
      Object Name: 
      Observers: 
        none
      Pointer: 0x2afbbd648010
      Container manages memory: true
      Size: 22937600
      Capacity: 22937600

     Weighting = 1
     Sampling strategy = regular
     Number of bins = 32
     Radius = 4
     Sampling percentage  = 0.25
   Transform = Rigid
     Gradient step = 0.1
     Update field sigma (voxel space) = 0
     Total field sigma (voxel space) = 0
     Update field time sigma = 0
     Total field time sigma  = 0
     Number of time indices = 0
     Number of time point samples = 0
Stage 2 State
   Image metric = Mattes
     Fixed image = Image (0x30dc860)
  RTTI typeinfo:   itk::Image<double, 3u>
  Reference Count: 2
  Modified Time: 2167
  Debug: Off
  Object Name: 
  Observers: 
    none
  Source: (none)
  Source output name: (none)
  Release Data: Off
  Data Released: False
  Global Release Data: Off
  PipelineMTime: 0
  UpdateMTime: 1950
  RealTimeStamp: 0 seconds 
  LargestPossibleRegion: 
    Dimension: 3
    Index: [0, 0, 0]
    Size: [384, 384, 288]
  BufferedRegion: 
    Dimension: 3
    Index: [0, 0, 0]
    Size: [384, 384, 288]
  RequestedRegion: 
    Dimension: 3
    Index: [0, 0, 0]
    Size: [384, 384, 288]
  Spacing: [0.598958, 0.598958, 0.599937]
  Origin: [85.9044, -155.274, 91.0901]
  Direction: 
-0 0 -1
1 -0 0
0 -1 0

  IndexToPointMatrix: 
0 0 -0.599937
0.598958 0 0
0 -0.598958 0

  PointToIndexMatrix: 
0 1.66957 0
0 0 -1.66957
-1.66684 0 0

  Inverse Direction: 
0 1 0
0 0 -1
-1 0 0

  PixelContainer: 
    ImportImageContainer (0x30e4be0)
      RTTI typeinfo:   itk::ImportImageContainer<unsigned long, double>
      Reference Count: 1
      Modified Time: 1947
      Debug: Off
      Object Name: 
      Observers: 
        none
      Pointer: 0x2afbc8549010
      Container manages memory: true
      Size: 42467328
      Capacity: 42467328

     Moving image = Image (0x30dcaf0)
  RTTI typeinfo:   itk::Image<double, 3u>
  Reference Count: 2
  Modified Time: 2168
  Debug: Off
  Object Name: 
  Observers: 
    none
  Source: (none)
  Source output name: (none)
  Release Data: Off
  Data Released: False
  Global Release Data: Off
  PipelineMTime: 0
  UpdateMTime: 2165
  RealTimeStamp: 0 seconds 
  LargestPossibleRegion: 
    Dimension: 3
    Index: [0, 0, 0]
    Size: [224, 320, 320]
  BufferedRegion: 
    Dimension: 3
    Index: [0, 0, 0]
    Size: [224, 320, 320]
  RequestedRegion: 
    Dimension: 3
    Index: [0, 0, 0]
    Size: [224, 320, 320]
  Spacing: [0.700005, 0.7, 0.7]
  Origin: [-81.1493, 72.2492, -103.242]
  Direction: 
1 0 0
0 -1 0
0 0 1

  IndexToPointMatrix: 
0.700005 0 0
0 -0.7 0
0 0 0.7

  PointToIndexMatrix: 
1.42856 0 0
0 -1.42857 0
0 0 1.42857

  Inverse Direction: 
1 0 0
0 -1 0
0 0 1

  PixelContainer: 
    ImportImageContainer (0x30f1f10)
      RTTI typeinfo:   itk::ImportImageContainer<unsigned long, double>
      Reference Count: 1
      Modified Time: 2162
      Debug: Off
      Object Name: 
      Observers: 
        none
      Pointer: 0x2afbdc94a010
      Container manages memory: true
      Size: 22937600
      Capacity: 22937600

     Weighting = 1
     Sampling strategy = regular
     Number of bins = 32
     Radius = 4
     Sampling percentage  = 0.25
   Transform = Affine
     Gradient step = 0.1
     Update field sigma (voxel space) = 0
     Total field sigma (voxel space) = 0
     Update field time sigma = 0
     Total field time sigma  = 0
     Number of time indices = 0
     Number of time point samples = 0
Stage 3 State
   Image metric = CC
     Fixed image = Image (0x30efdf0)
  RTTI typeinfo:   itk::Image<double, 3u>
  Reference Count: 2
  Modified Time: 2599
  Debug: Off
  Object Name: 
  Observers: 
    none
  Source: (none)
  Source output name: (none)
  Release Data: Off
  Data Released: False
  Global Release Data: Off
  PipelineMTime: 0
  UpdateMTime: 2382
  RealTimeStamp: 0 seconds 
  LargestPossibleRegion: 
    Dimension: 3
    Index: [0, 0, 0]
    Size: [384, 384, 288]
  BufferedRegion: 
    Dimension: 3
    Index: [0, 0, 0]
    Size: [384, 384, 288]
  RequestedRegion: 
    Dimension: 3
    Index: [0, 0, 0]
    Size: [384, 384, 288]
  Spacing: [0.598958, 0.598958, 0.599937]
  Origin: [85.9044, -155.274, 91.0901]
  Direction: 
-0 0 -1
1 -0 0
0 -1 0

  IndexToPointMatrix: 
0 0 -0.599937
0.598958 0 0
0 -0.598958 0

  PointToIndexMatrix: 
0 1.66957 0
0 0 -1.66957
-1.66684 0 0

  Inverse Direction: 
0 1 0
0 0 -1
-1 0 0

  PixelContainer: 
    ImportImageContainer (0x30f2ae0)
      RTTI typeinfo:   itk::ImportImageContainer<unsigned long, double>
      Reference Count: 1
      Modified Time: 2379
      Debug: Off
      Object Name: 
      Observers: 
        none
      Pointer: 0x2afbe784b010
      Container manages memory: true
      Size: 42467328
      Capacity: 42467328

     Moving image = Image (0x30ea700)
  RTTI typeinfo:   itk::Image<double, 3u>
  Reference Count: 2
  Modified Time: 2600
  Debug: Off
  Object Name: 
  Observers: 
    none
  Source: (none)
  Source output name: (none)
  Release Data: Off
  Data Released: False
  Global Release Data: Off
  PipelineMTime: 0
  UpdateMTime: 2597
  RealTimeStamp: 0 seconds 
  LargestPossibleRegion: 
    Dimension: 3
    Index: [0, 0, 0]
    Size: [224, 320, 320]
  BufferedRegion: 
    Dimension: 3
    Index: [0, 0, 0]
    Size: [224, 320, 320]
  RequestedRegion: 
    Dimension: 3
    Index: [0, 0, 0]
    Size: [224, 320, 320]
  Spacing: [0.700005, 0.7, 0.7]
  Origin: [-81.1493, 72.2492, -103.242]
  Direction: 
1 0 0
0 -1 0
0 0 1

  IndexToPointMatrix: 
0.700005 0 0
0 -0.7 0
0 0 0.7

  PointToIndexMatrix: 
1.42856 0 0
0 -1.42857 0
0 0 1.42857

  Inverse Direction: 
1 0 0
0 -1 0
0 0 1

  PixelContainer: 
    ImportImageContainer (0x30f1350)
      RTTI typeinfo:   itk::ImportImageContainer<unsigned long, double>
      Reference Count: 1
      Modified Time: 2594
      Debug: Off
      Object Name: 
      Observers: 
        none
      Pointer: 0x2afbfbc4c010
      Container manages memory: true
      Size: 22937600
      Capacity: 22937600

     Weighting = 1
     Sampling strategy = none
     Number of bins = 32
     Radius = 4
     Sampling percentage  = 1
   Transform = SyN
     Gradient step = 0.1
     Update field sigma (voxel space) = 3
     Total field sigma (voxel space) = 0
     Update field time sigma = 0
     Total field time sigma  = 0
     Number of time indices = 0
     Number of time point samples = 0
Registration using 3 total stages.

Stage 0
  iterations = 1000x500x250x100
  convergence threshold = 1e-06
  convergence window size = 10
  number of levels = 4
  using the Mattes MI metric (number of bins = 32, weight = 1)
  preprocessing:  winsorizing the image intensities
  Shrink factors (level 1 out of 4): [12, 12, 12]
  Shrink factors (level 2 out of 4): [8, 8, 8]
  Shrink factors (level 3 out of 4): [4, 4, 4]
  Shrink factors (level 4 out of 4): [2, 2, 2]
  smoothing sigmas per level: [4, 3, 2, 1]
  regular sampling (percentage = 0.25)

*** Running Euler3DTransform registration ***

DIAGNOSTIC,Iteration,metricValue,convergenceValue,ITERATION_TIME_INDEX,SINCE_LAST
 2DIAGNOSTIC,     1, -5.296251049831e-01, 1.797693134862e+308, 8.8680e+00, 8.8680e+00, 
 2DIAGNOSTIC,     2, -5.314937319558e-01, 1.797693134862e+308, 8.8928e+00, 2.4782e-02, 
 2DIAGNOSTIC,     3, -5.353990144006e-01, 1.797693134862e+308, 8.9160e+00, 2.3186e-02, 
 2DIAGNOSTIC,     4, -5.410075886930e-01, 1.797693134862e+308, 8.9356e+00, 1.9590e-02, 
 2DIAGNOSTIC,     5, -5.494656264779e-01, 1.797693134862e+308, 8.9551e+00, 1.9493e-02, 
 2DIAGNOSTIC,     6, -5.669373752996e-01, 1.797693134862e+308, 8.9762e+00, 2.1138e-02, 
 2DIAGNOSTIC,     7, -5.900057167689e-01, 1.797693134862e+308, 8.9984e+00, 2.2209e-02, 
 2DIAGNOSTIC,     8, -5.950843604016e-01, 1.797693134862e+308, 9.0209e+00, 2.2490e-02, 
 2DIAGNOSTIC,     9, -5.942498118313e-01, 1.797693134862e+308, 9.0426e+00, 2.1633e-02, 
 2DIAGNOSTIC,    10, -5.974709407429e-01, 9.610407270006e-03, 9.0711e+00, 2.8531e-02, 
 2DIAGNOSTIC,    11, -5.971005593263e-01, 8.323341509890e-03, 9.0928e+00, 2.1716e-02, 
 2DIAGNOSTIC,    12, -5.984537279714e-01, 6.637332739820e-03, 9.1141e+00, 2.1283e-02, 
 2DIAGNOSTIC,    13, -5.983066804089e-01, 4.772954830708e-03, 9.1328e+00, 1.8698e-02, 
 2DIAGNOSTIC,    14, -5.988452054611e-01, 2.984491447114e-03, 9.1546e+00, 2.1776e-02, 
 2DIAGNOSTIC,    15, -5.998214770060e-01, 1.477729271411e-03, 9.1741e+00, 1.9515e-02, 
 2DIAGNOSTIC,    16, -5.999865270507e-01, 5.554865858252e-04, 9.1962e+00, 2.2080e-02, 
 2DIAGNOSTIC,    17, -6.009531309702e-01, 3.872946499003e-04, 9.2152e+00, 1.9033e-02, 
 2DIAGNOSTIC,    18, -6.015360030030e-01, 3.584510782220e-04, 9.2338e+00, 1.8603e-02, 
 2DIAGNOSTIC,    19, -6.019147390877e-01, 2.857142856886e-04, 9.2554e+00, 2.1620e-02, 
 2DIAGNOSTIC,    20, -6.040865519496e-01, 3.263243110561e-04, 9.2786e+00, 2.3217e-02, 
 2DIAGNOSTIC,    21, -6.069953624541e-01, 3.895113981846e-04, 9.3040e+00, 2.5323e-02, 
 2DIAGNOSTIC,    22, -6.096287957161e-01, 4.977134010785e-04, 9.3253e+00, 2.1361e-02, 
 2DIAGNOSTIC,    23, -6.096885197495e-01, 5.474894620032e-04, 9.3522e+00, 2.6831e-02, 
 2DIAGNOSTIC,    24, -6.096810837316e-01, 5.536020143040e-04, 9.3736e+00, 2.1487e-02, 
 2DIAGNOSTIC,    25, -6.096686377654e-01, 5.263165815819e-04, 9.3947e+00, 2.1031e-02, 
 2DIAGNOSTIC,    26, -6.096596557058e-01, 4.533096148419e-04, 9.4163e+00, 2.1654e-02, 
 2DIAGNOSTIC,    27, -6.093161399633e-01, 3.539518370916e-04, 9.4352e+00, 1.8863e-02, 
 2DIAGNOSTIC,    28, -6.093207857539e-01, 2.398744632578e-04, 9.4537e+00, 1.8509e-02, 
 2DIAGNOSTIC,    29, -6.093496617640e-01, 1.183582156643e-04, 9.4734e+00, 1.9679e-02, 
 2DIAGNOSTIC,    30, -6.093914118293e-01, 2.870862376556e-05, 9.4949e+00, 2.1520e-02, 
DIAGNOSTIC,Iteration,metricValue,convergenceValue,ITERATION_TIME_INDEX,SINCE_LAST
 2DIAGNOSTIC,     1, -5.686911316003e-01, 1.797693134862e+308, 1.8660e+01, 9.1649e+00, 
 2DIAGNOSTIC,     2, -5.688332797322e-01, 1.797693134862e+308, 1.8749e+01, 8.8913e-02, 
 2DIAGNOSTIC,     3, -5.690282122269e-01, 1.797693134862e+308, 1.8832e+01, 8.3309e-02, 
 2DIAGNOSTIC,     4, -5.691782130735e-01, 1.797693134862e+308, 1.8925e+01, 9.2465e-02, 
 2DIAGNOSTIC,     5, -5.693233124255e-01, 1.797693134862e+308, 1.9017e+01, 9.2591e-02, 
 2DIAGNOSTIC,     6, -5.691117907079e-01, 1.797693134862e+308, 1.9109e+01, 9.1493e-02, 
 2DIAGNOSTIC,     7, -5.689591089702e-01, 1.797693134862e+308, 1.9200e+01, 9.1421e-02, 
 2DIAGNOSTIC,     8, -5.688535831924e-01, 1.797693134862e+308, 1.9291e+01, 9.0964e-02, 
 2DIAGNOSTIC,     9, -5.687146310043e-01, 1.797693134862e+308, 1.9370e+01, 7.8836e-02, 
DIAGNOSTIC,Iteration,metricValue,convergenceValue,ITERATION_TIME_INDEX,SINCE_LAST
 2DIAGNOSTIC,     1, -4.976238303985e-01, 1.797693134862e+308, 2.9133e+01, 9.7628e+00, 
 2DIAGNOSTIC,     2, -4.980589735231e-01, 1.797693134862e+308, 2.9687e+01, 5.5450e-01, 
 2DIAGNOSTIC,     3, -4.983393027843e-01, 1.797693134862e+308, 3.0248e+01, 5.6046e-01, 
 2DIAGNOSTIC,     4, -4.986344445869e-01, 1.797693134862e+308, 3.0917e+01, 6.6940e-01, 
 2DIAGNOSTIC,     5, -4.989877078576e-01, 1.797693134862e+308, 3.1739e+01, 8.2193e-01, 
 2DIAGNOSTIC,     6, -4.989744343219e-01, 1.797693134862e+308, 3.2386e+01, 6.4719e-01, 
 2DIAGNOSTIC,     7, -4.989881062134e-01, 1.797693134862e+308, 3.3033e+01, 6.4687e-01, 
 2DIAGNOSTIC,     8, -4.989687451335e-01, 1.797693134862e+308, 3.3674e+01, 6.4139e-01, 
 2DIAGNOSTIC,     9, -4.989581710202e-01, 1.797693134862e+308, 3.4309e+01, 6.3506e-01, 
 2DIAGNOSTIC,    10, -4.989291658233e-01, 1.568281513589e-04, 3.4945e+01, 6.3591e-01, 
 2DIAGNOSTIC,    11, -4.989105455304e-01, 8.515023453209e-05, 3.5607e+01, 6.6163e-01, 
 2DIAGNOSTIC,    12, -4.988788687886e-01, 3.726698319842e-05, 3.6162e+01, 5.5532e-01, 
 2DIAGNOSTIC,    13, -4.989376742259e-01, 8.323747263783e-06, 3.6717e+01, 5.5511e-01, 
DIAGNOSTIC,Iteration,metricValue,convergenceValue,ITERATION_TIME_INDEX,SINCE_LAST
 2DIAGNOSTIC,     1, -4.391687779240e-01, 1.797693134862e+308, 5.0086e+01, 1.3368e+01, 
 2DIAGNOSTIC,     2, -4.392731585117e-01, 1.797693134862e+308, 5.4025e+01, 3.9393e+00, 
 2DIAGNOSTIC,     3, -4.392713407069e-01, 1.797693134862e+308, 6.0141e+01, 6.1156e+00, 
 2DIAGNOSTIC,     4, -4.392705933338e-01, 1.797693134862e+308, 6.4731e+01, 4.5905e+00, 
 2DIAGNOSTIC,     5, -4.392717218403e-01, 1.797693134862e+308, 6.8811e+01, 4.0797e+00, 
 2DIAGNOSTIC,     6, -4.392707182209e-01, 1.797693134862e+308, 7.3414e+01, 4.6035e+00, 
 2DIAGNOSTIC,     7, -4.392693930764e-01, 1.797693134862e+308, 7.7508e+01, 4.0940e+00, 
 2DIAGNOSTIC,     8, -4.392663941541e-01, 1.797693134862e+308, 8.1533e+01, 4.0253e+00, 
 2DIAGNOSTIC,     9, -4.392672258720e-01, 1.797693134862e+308, 8.5578e+01, 4.0449e+00, 
 2DIAGNOSTIC,    10, -4.392663703461e-01, 8.888453813402e-06, 8.9616e+01, 4.0373e+00, 
 2DIAGNOSTIC,    11, -4.392674694267e-01, 2.003614847326e-06, 9.3677e+01, 4.0613e+00, 
 2DIAGNOSTIC,    12, -4.392656700101e-01, 1.880735165966e-06, 9.7709e+01, 4.0321e+00, 
 2DIAGNOSTIC,    13, -4.392654947923e-01, 1.753166170515e-06, 1.0224e+02, 4.5318e+00, 
 2DIAGNOSTIC,    14, -4.392626120668e-01, 1.536101236460e-06, 1.0577e+02, 3.5289e+00, 
 2DIAGNOSTIC,    15, -4.392586837156e-01, 1.295364538925e-06, 1.0931e+02, 3.5405e+00, 
 2DIAGNOSTIC,    16, -4.392604958025e-01, 1.196392647090e-06, 1.1391e+02, 4.6045e+00, 
 2DIAGNOSTIC,    17, -4.392615377905e-01, 1.169759058783e-06, 1.2007e+02, 6.1575e+00, 
 2DIAGNOSTIC,    18, -4.392615065815e-01, 1.099530351462e-06, 1.2412e+02, 4.0483e+00, 
 2DIAGNOSTIC,    19, -4.392612505916e-01, 1.122105777837e-06, 1.2766e+02, 3.5417e+00, 
 2DIAGNOSTIC,    20, -4.392613507757e-01, 1.170524019309e-06, 1.3124e+02, 3.5741e+00, 
 2DIAGNOSTIC,    21, -4.392612618435e-01, 1.283847863756e-06, 1.3529e+02, 4.0522e+00, 
 2DIAGNOSTIC,    22, -4.392610025241e-01, 1.344397333014e-06, 1.3883e+02, 3.5388e+00, 
 2DIAGNOSTIC,    23, -4.392610646536e-01, 1.407978494183e-06, 1.4393e+02, 5.0990e+00, 
 2DIAGNOSTIC,    24, -4.392611166691e-01, 1.391632800399e-06, 1.4795e+02, 4.0246e+00, 
 2DIAGNOSTIC,    25, -4.392589305718e-01, 1.210960844038e-06, 1.5141e+02, 3.4546e+00, 
 2DIAGNOSTIC,    26, -4.392587494713e-01, 1.091344407504e-06, 1.5539e+02, 3.9855e+00, 
 2DIAGNOSTIC,    27, -4.392587187998e-01, 1.016874461156e-06, 1.5885e+02, 3.4575e+00, 
  Elapsed time (stage 0): 1.6348e+02


Stage 1
  iterations = 1000x500x250x100
  convergence threshold = 1.0000e-06
  convergence window size = 10
  number of levels = 4
  using the Mattes MI metric (number of bins = 32, weight = 1.0000e+00)
  preprocessing:  winsorizing the image intensities
  Shrink factors (level 1 out of 4): [12, 12, 12]
  Shrink factors (level 2 out of 4): [8, 8, 8]
  Shrink factors (level 3 out of 4): [4, 4, 4]
  Shrink factors (level 4 out of 4): [2, 2, 2]
  smoothing sigmas per level: [4, 3, 2, 1]
  regular sampling (percentage = 2.5000e-01)

*** Running AffineTransform registration ***

DIAGNOSTIC,Iteration,metricValue,convergenceValue,ITERATION_TIME_INDEX,SINCE_LAST
 2DIAGNOSTIC,     1, -6.060334453412e-01, 1.797693134862e+308, 8.9857e+00, 8.9857e+00, 
 2DIAGNOSTIC,     2, -6.067579015681e-01, 1.797693134862e+308, 9.0058e+00, 2.0114e-02, 
 2DIAGNOSTIC,     3, -6.070917269165e-01, 1.797693134862e+308, 9.0259e+00, 2.0113e-02, 
 2DIAGNOSTIC,     4, -6.090259492466e-01, 1.797693134862e+308, 9.0460e+00, 2.0141e-02, 
 2DIAGNOSTIC,     5, -6.124316745608e-01, 1.797693134862e+308, 9.0661e+00, 2.0061e-02, 
 2DIAGNOSTIC,     6, -6.168231018992e-01, 1.797693134862e+308, 9.0862e+00, 2.0074e-02, 
 2DIAGNOSTIC,     7, -6.250523612653e-01, 1.797693134862e+308, 9.1072e+00, 2.1022e-02, 
 2DIAGNOSTIC,     8, -6.683763754923e-01, 1.797693134862e+308, 9.1306e+00, 2.3402e-02, 
 2DIAGNOSTIC,     9, -7.073972672907e-01, 1.797693134862e+308, 9.1524e+00, 2.1767e-02, 
 2DIAGNOSTIC,    10, -7.348401145757e-01, 1.191421627548e-02, 9.2009e+00, 4.8568e-02, 
 2DIAGNOSTIC,    11, -7.349242207967e-01, 1.341106139934e-02, 9.2226e+00, 2.1657e-02, 
 2DIAGNOSTIC,    12, -7.363953275153e-01, 1.354185195926e-02, 9.2442e+00, 2.1577e-02, 
 2DIAGNOSTIC,    13, -7.384669716930e-01, 1.250107316139e-02, 9.2654e+00, 2.1286e-02, 
 2DIAGNOSTIC,    14, -7.403735848238e-01, 1.058700860454e-02, 9.2894e+00, 2.3945e-02, 
 2DIAGNOSTIC,    15, -7.415667753241e-01, 8.125151433162e-03, 9.3135e+00, 2.4119e-02, 
 2DIAGNOSTIC,    16, -7.418430006440e-01, 5.404724420617e-03, 9.3349e+00, 2.1425e-02, 
 2DIAGNOSTIC,    17, -7.430193937128e-01, 2.761531191717e-03, 9.3563e+00, 2.1361e-02, 
 2DIAGNOSTIC,    18, -7.454199062032e-01, 1.219327555705e-03, 9.3778e+00, 2.1489e-02, 
 2DIAGNOSTIC,    19, -7.485413461328e-01, 6.390860450504e-04, 9.3992e+00, 2.1417e-02, 
 2DIAGNOSTIC,    20, -7.518960544545e-01, 6.958656612555e-04, 9.4210e+00, 2.1763e-02, 
 2DIAGNOSTIC,    21, -7.554737078486e-01, 7.532713466768e-04, 9.4499e+00, 2.8960e-02, 
 2DIAGNOSTIC,    22, -7.573504917041e-01, 7.960274987563e-04, 9.4811e+00, 3.1128e-02, 
 2DIAGNOSTIC,    23, -7.579363099135e-01, 8.067728400111e-04, 9.5021e+00, 2.1050e-02, 
 2DIAGNOSTIC,    24, -7.588688430365e-01, 7.888164474604e-04, 9.5264e+00, 2.4305e-02, 
 2DIAGNOSTIC,    25, -7.594720293435e-01, 7.272749753137e-04, 9.5476e+00, 2.1237e-02, 
 2DIAGNOSTIC,    26, -7.608481471500e-01, 6.278087696228e-04, 9.5690e+00, 2.1367e-02, 
 2DIAGNOSTIC,    27, -7.624059059371e-01, 5.173921042654e-04, 9.5926e+00, 2.3631e-02, 
 2DIAGNOSTIC,    28, -7.634310469735e-01, 4.153959411453e-04, 9.6228e+00, 3.0197e-02, 
 2DIAGNOSTIC,    29, -7.638177946778e-01, 3.297649539903e-04, 9.6452e+00, 2.2384e-02, 
 2DIAGNOSTIC,    30, -7.641104945207e-01, 2.668077399203e-04, 9.6666e+00, 2.1329e-02, 
 2DIAGNOSTIC,    31, -7.643966998868e-01, 2.319548600525e-04, 9.6966e+00, 3.0010e-02, 
 2DIAGNOSTIC,    32, -7.644557292378e-01, 2.012041598476e-04, 9.7177e+00, 2.1162e-02, 
 2DIAGNOSTIC,    33, -7.645261792017e-01, 1.611740773649e-04, 9.7392e+00, 2.1500e-02, 
 2DIAGNOSTIC,    34, -7.645918261011e-01, 1.202507946047e-04, 9.7635e+00, 2.4299e-02, 
 2DIAGNOSTIC,    35, -7.649880470934e-01, 8.161635507297e-05, 9.7965e+00, 3.2930e-02, 
 2DIAGNOSTIC,    36, -7.649572714099e-01, 5.184537383692e-05, 9.8206e+00, 2.4172e-02, 
 2DIAGNOSTIC,    37, -7.649428570554e-01, 3.515634800456e-05, 9.8415e+00, 2.0863e-02, 
 2DIAGNOSTIC,    38, -7.649446267572e-01, 2.675620079374e-05, 9.8627e+00, 2.1247e-02, 
 2DIAGNOSTIC,    39, -7.649855277969e-01, 2.056606701642e-05, 9.8835e+00, 2.0755e-02, 
 2DIAGNOSTIC,    40, -7.650399466092e-01, 1.607660514565e-05, 9.9072e+00, 2.3756e-02, 
 2DIAGNOSTIC,    41, -7.651115682040e-01, 1.375742027227e-05, 9.9344e+00, 2.7137e-02, 
 2DIAGNOSTIC,    42, -7.651174457342e-01, 1.096800511479e-05, 9.9556e+00, 2.1175e-02, 
 2DIAGNOSTIC,    43, -7.650907002899e-01, 7.774828839738e-06, 9.9766e+00, 2.1010e-02, 
 2DIAGNOSTIC,    44, -7.650850572339e-01, 4.500104633043e-06, 1.0000e+01, 2.3530e-02, 
 2DIAGNOSTIC,    45, -7.651228830438e-01, 4.764680691254e-06, 1.0030e+01, 2.9874e-02, 
 2DIAGNOSTIC,    46, -7.651388809002e-01, 4.491503858488e-06, 1.0054e+01, 2.4117e-02, 
 2DIAGNOSTIC,    47, -7.651393623159e-01, 3.763018271624e-06, 1.0078e+01, 2.3811e-02, 
 2DIAGNOSTIC,    48, -7.651408963403e-01, 2.815794654887e-06, 1.0099e+01, 2.0892e-02, 
 2DIAGNOSTIC,    49, -7.651261293659e-01, 1.909556493020e-06, 1.0120e+01, 2.0811e-02, 
 2DIAGNOSTIC,    50, -7.651272689473e-01, 1.332564471632e-06, 1.0142e+01, 2.1991e-02, 
 2DIAGNOSTIC,    51, -7.651297773712e-01, 1.268054407123e-06, 1.0165e+01, 2.3879e-02, 
 2DIAGNOSTIC,    52, -7.651352373703e-01, 1.238063176586e-06, 1.0187e+01, 2.1081e-02, 
 2DIAGNOSTIC,    53, -7.651448786425e-01, 1.032764233900e-06, 1.0213e+01, 2.6867e-02, 
DIAGNOSTIC,Iteration,metricValue,convergenceValue,ITERATION_TIME_INDEX,SINCE_LAST
 2DIAGNOSTIC,     1, -7.079848030385e-01, 1.797693134862e+308, 1.9664e+01, 9.4504e+00, 
 2DIAGNOSTIC,     2, -7.084865359944e-01, 1.797693134862e+308, 1.9759e+01, 9.5241e-02, 
 2DIAGNOSTIC,     3, -7.089693017352e-01, 1.797693134862e+308, 1.9857e+01, 9.7598e-02, 
 2DIAGNOSTIC,     4, -7.093907435731e-01, 1.797693134862e+308, 1.9953e+01, 9.6613e-02, 
 2DIAGNOSTIC,     5, -7.098523991409e-01, 1.797693134862e+308, 2.0080e+01, 1.2633e-01, 
 2DIAGNOSTIC,     6, -7.100097924415e-01, 1.797693134862e+308, 2.0178e+01, 9.8246e-02, 
 2DIAGNOSTIC,     7, -7.100980980983e-01, 1.797693134862e+308, 2.0289e+01, 1.1122e-01, 
 2DIAGNOSTIC,     8, -7.101698763074e-01, 1.797693134862e+308, 2.0429e+01, 1.3996e-01, 
 2DIAGNOSTIC,     9, -7.102078281124e-01, 1.797693134862e+308, 2.0539e+01, 1.0958e-01, 
 2DIAGNOSTIC,    10, -7.102765205197e-01, 2.032420860998e-04, 2.0635e+01, 9.6357e-02, 
 2DIAGNOSTIC,    11, -7.103416521327e-01, 1.388341831261e-04, 2.0733e+01, 9.8499e-02, 
 2DIAGNOSTIC,    12, -7.103871704804e-01, 9.111252986355e-05, 2.0830e+01, 9.6652e-02, 
 2DIAGNOSTIC,    13, -7.104518073788e-01, 5.945922911857e-05, 2.0941e+01, 1.1129e-01, 
 2DIAGNOSTIC,    14, -7.104793802178e-01, 3.967293256907e-05, 2.1096e+01, 1.5506e-01, 
 2DIAGNOSTIC,    15, -7.104775807007e-01, 3.130526187113e-05, 2.1207e+01, 1.1089e-01, 
 2DIAGNOSTIC,    16, -7.104803988699e-01, 2.528889511740e-05, 2.1313e+01, 1.0604e-01, 
 2DIAGNOSTIC,    17, -7.104757824713e-01, 1.977420384044e-05, 2.1421e+01, 1.0766e-01, 
 2DIAGNOSTIC,    18, -7.104774501141e-01, 1.484300398872e-05, 2.1514e+01, 9.2887e-02, 
 2DIAGNOSTIC,    19, -7.104674681050e-01, 9.783732007107e-06, 2.1622e+01, 1.0848e-01, 
 2DIAGNOSTIC,    20, -7.104520135025e-01, 5.540480633608e-06, 2.1727e+01, 1.0494e-01, 
 2DIAGNOSTIC,    21, -7.104490393874e-01, 2.523285982388e-06, 2.1818e+01, 9.0515e-02, 
DIAGNOSTIC,Iteration,metricValue,convergenceValue,ITERATION_TIME_INDEX,SINCE_LAST
 2DIAGNOSTIC,     1, -6.334714437134e-01, 1.797693134862e+308, 3.1847e+01, 1.0029e+01, 
 2DIAGNOSTIC,     2, -6.339752856199e-01, 1.797693134862e+308, 3.2462e+01, 6.1459e-01, 
 2DIAGNOSTIC,     3, -6.344992232622e-01, 1.797693134862e+308, 3.3074e+01, 6.1204e-01, 
 2DIAGNOSTIC,     4, -6.349354963288e-01, 1.797693134862e+308, 3.3685e+01, 6.1085e-01, 
 2DIAGNOSTIC,     5, -6.352707720296e-01, 1.797693134862e+308, 3.4387e+01, 7.0267e-01, 
 2DIAGNOSTIC,     6, -6.355485577443e-01, 1.797693134862e+308, 3.6019e+01, 1.6321e+00, 
 2DIAGNOSTIC,     7, -6.355491673855e-01, 1.797693134862e+308, 3.6715e+01, 6.9565e-01, 
 2DIAGNOSTIC,     8, -6.355493722919e-01, 1.797693134862e+308, 3.7319e+01, 6.0392e-01, 
 2DIAGNOSTIC,     9, -6.355502958493e-01, 1.797693134862e+308, 3.7926e+01, 6.0672e-01, 
 2DIAGNOSTIC,    10, -6.355530873888e-01, 2.058152493672e-04, 3.8536e+01, 6.1012e-01, 
 2DIAGNOSTIC,    11, -6.355552462172e-01, 1.274912299147e-04, 3.9147e+01, 6.1103e-01, 
 2DIAGNOSTIC,    12, -6.355588776399e-01, 6.978482001702e-05, 3.9762e+01, 6.1469e-01, 
 2DIAGNOSTIC,    13, -6.355660144020e-01, 3.304513218454e-05, 4.0466e+01, 7.0455e-01, 
 2DIAGNOSTIC,    14, -6.355679464113e-01, 1.257954932585e-05, 4.1076e+01, 6.0942e-01, 
 2DIAGNOSTIC,    15, -6.355488175229e-01, 3.097780129746e-06, 4.1693e+01, 6.1707e-01, 
 2DIAGNOSTIC,    16, -6.355613608926e-01, 2.848800104455e-06, 4.2306e+01, 6.1312e-01, 
 2DIAGNOSTIC,    17, -6.355733677796e-01, 2.866159121283e-06, 4.2923e+01, 6.1692e-01, 
 2DIAGNOSTIC,    18, -6.355897150651e-01, 3.186173037718e-06, 4.3540e+01, 6.1724e-01, 
 2DIAGNOSTIC,    19, -6.356144033347e-01, 3.941758480834e-06, 4.4252e+01, 7.1176e-01, 
 2DIAGNOSTIC,    20, -6.356199931398e-01, 4.599777771661e-06, 4.5240e+01, 9.8812e-01, 
 2DIAGNOSTIC,    21, -6.356211902708e-01, 4.991286519859e-06, 4.5945e+01, 7.0553e-01, 
 2DIAGNOSTIC,    22, -6.356253730261e-01, 5.174047399380e-06, 4.6655e+01, 7.1010e-01, 
 2DIAGNOSTIC,    23, -6.356678186751e-01, 5.946573360380e-06, 4.7745e+01, 1.0899e+00, 
 2DIAGNOSTIC,    24, -6.356708738887e-01, 6.306006986742e-06, 4.8457e+01, 7.1199e-01, 
 2DIAGNOSTIC,    25, -6.356629773437e-01, 5.691794136835e-06, 4.9071e+01, 6.1362e-01, 
 2DIAGNOSTIC,    26, -6.356419393314e-01, 4.582967785674e-06, 4.9876e+01, 8.0467e-01, 
 2DIAGNOSTIC,    27, -6.356429645201e-01, 3.459827812996e-06, 5.0495e+01, 6.1984e-01, 
 2DIAGNOSTIC,    28, -6.356424308107e-01, 2.426042017840e-06, 5.1209e+01, 7.1406e-01, 
 2DIAGNOSTIC,    29, -6.356426295883e-01, 1.716796654685e-06, 5.1920e+01, 7.1094e-01, 
 2DIAGNOSTIC,    30, -6.356428014256e-01, 1.095809969015e-06, 5.2540e+01, 6.1941e-01, 
DIAGNOSTIC,Iteration,metricValue,convergenceValue,ITERATION_TIME_INDEX,SINCE_LAST
 2DIAGNOSTIC,     1, -5.533144903655e-01, 1.797693134862e+308, 6.6716e+01, 1.4177e+01, 
 2DIAGNOSTIC,     2, -5.537964977477e-01, 1.797693134862e+308, 7.0685e+01, 3.9687e+00, 
 2DIAGNOSTIC,     3, -5.542353809200e-01, 1.797693134862e+308, 7.4664e+01, 3.9785e+00, 
 2DIAGNOSTIC,     4, -5.545070019232e-01, 1.797693134862e+308, 7.8657e+01, 3.9940e+00, 
 2DIAGNOSTIC,     5, -5.546422818986e-01, 1.797693134862e+308, 8.4437e+01, 5.7796e+00, 
 2DIAGNOSTIC,     6, -5.546643509002e-01, 1.797693134862e+308, 8.8428e+01, 3.9910e+00, 
 2DIAGNOSTIC,     7, -5.546964028152e-01, 1.797693134862e+308, 9.3609e+01, 5.1813e+00, 
 2DIAGNOSTIC,     8, -5.547006953104e-01, 1.797693134862e+308, 9.7609e+01, 3.9999e+00, 
 2DIAGNOSTIC,     9, -5.547024813269e-01, 1.797693134862e+308, 1.0219e+02, 4.5800e+00, 
 2DIAGNOSTIC,    10, -5.547087654117e-01, 1.367009889853e-04, 1.0621e+02, 4.0237e+00, 
 2DIAGNOSTIC,    11, -5.547175984991e-01, 7.300340093461e-05, 1.1028e+02, 4.0641e+00, 
 2DIAGNOSTIC,    12, -5.547400228826e-01, 3.485138792270e-05, 1.1488e+02, 4.6042e+00, 
 2DIAGNOSTIC,    13, -5.547527847993e-01, 1.721881402028e-05, 1.2197e+02, 7.0887e+00, 
 2DIAGNOSTIC,    14, -5.547531467027e-01, 1.060849546092e-05, 1.2661e+02, 4.6415e+00, 
 2DIAGNOSTIC,    15, -5.547531858117e-01, 8.749136564054e-06, 1.3242e+02, 5.8104e+00, 
 2DIAGNOSTIC,    16, -5.547531867289e-01, 7.193189765026e-06, 1.3715e+02, 4.7299e+00, 
 2DIAGNOSTIC,    17, -5.547530307695e-01, 6.289230702054e-06, 1.4173e+02, 4.5804e+00, 
 2DIAGNOSTIC,    18, -5.547528807548e-01, 5.192003760736e-06, 1.4574e+02, 4.0128e+00, 
 2DIAGNOSTIC,    19, -5.547528631743e-01, 3.947194798001e-06, 1.5039e+02, 4.6426e+00, 
 2DIAGNOSTIC,    20, -5.547529088088e-01, 2.783563076036e-06, 1.5445e+02, 4.0648e+00, 
 2DIAGNOSTIC,    21, -5.547528116307e-01, 1.821001451338e-06, 1.5966e+02, 5.2047e+00, 
 2DIAGNOSTIC,    22, -5.547525942522e-01, 1.426450384145e-06, 1.6427e+02, 4.6120e+00, 
 2DIAGNOSTIC,    23, -5.547513147896e-01, 1.323899965877e-06, 1.6832e+02, 4.0499e+00, 
 2DIAGNOSTIC,    24, -5.547513975428e-01, 1.245600539650e-06, 1.7237e+02, 4.0508e+00, 
 2DIAGNOSTIC,    25, -5.547514957182e-01, 1.183375593593e-06, 1.7703e+02, 4.6652e+00, 
 2DIAGNOSTIC,    26, -5.547514822663e-01, 1.133740093674e-06, 1.8106e+02, 4.0275e+00, 
 2DIAGNOSTIC,    27, -5.547516268663e-01, 1.096360893883e-06, 1.8508e+02, 4.0148e+00, 
 2DIAGNOSTIC,    28, -5.547517491743e-01, 1.069230686442e-06, 1.8976e+02, 4.6812e+00, 
 2DIAGNOSTIC,    29, -5.547517548795e-01, 1.050011564779e-06, 1.9552e+02, 5.7582e+00, 
 2DIAGNOSTIC,    30, -5.547514831395e-01, 1.032344384561e-06, 2.0009e+02, 4.5752e+00, 
 2DIAGNOSTIC,    31, -5.547512249103e-01, 1.012634899801e-06, 2.0458e+02, 4.4928e+00, 
  Elapsed time (stage 1): 2.0920e+02


Stage 2
  iterations = 100x100x70x50x20
  convergence threshold = 1.0000e-06
  convergence window size = 10
  number of levels = 5
  using the CC metric (radius = 4, weight = 1.0000e+00)
  preprocessing:  winsorizing the image intensities
  Shrink factors (level 1 out of 5): [10, 10, 10]
  Shrink factors (level 2 out of 5): [6, 6, 6]
  Shrink factors (level 3 out of 5): [4, 4, 4]
  Shrink factors (level 4 out of 5): [2, 2, 2]
  Shrink factors (level 5 out of 5): [1, 1, 1]
  smoothing sigmas per level: [5, 3, 2, 1, 0]
  Using default NONE metricSamplingStrategy 

*** Running SyN registration (varianceForUpdateField = 3.0000e+00, varianceForTotalField = 0.0000e+00) ***

XXDIAGNOSTIC,Iteration,metricValue,convergenceValue,ITERATION_TIME_INDEX,SINCE_LAST
 1DIAGNOSTIC,     1, -5.724420910674e-01, 1.797693134862e+308, 1.0261e+01, 1.0261e+01, 
 1DIAGNOSTIC,     2, -5.802936139714e-01, 1.797693134862e+308, 1.1803e+01, 1.5414e+00, 
 1DIAGNOSTIC,     3, -5.873300871187e-01, 1.797693134862e+308, 1.3431e+01, 1.6288e+00, 
 1DIAGNOSTIC,     4, -5.930929180255e-01, 1.797693134862e+308, 1.4975e+01, 1.5440e+00, 
 1DIAGNOSTIC,     5, -5.983568398394e-01, 1.797693134862e+308, 1.6528e+01, 1.5521e+00, 
 1DIAGNOSTIC,     6, -6.030883006908e-01, 1.797693134862e+308, 1.8069e+01, 1.5413e+00, 
 1DIAGNOSTIC,     7, -6.072528205863e-01, 1.797693134862e+308, 1.9615e+01, 1.5461e+00, 
 1DIAGNOSTIC,     8, -6.110508069891e-01, 1.797693134862e+308, 2.1169e+01, 1.5537e+00, 
 1DIAGNOSTIC,     9, -6.142511121998e-01, 1.797693134862e+308, 2.2721e+01, 1.5522e+00, 
 1DIAGNOSTIC,    10, -6.170855420510e-01, 4.674398092383e-03, 2.4279e+01, 1.5583e+00, 
 1DIAGNOSTIC,    11, -6.196216333265e-01, 3.738175818597e-03, 2.5833e+01, 1.5544e+00, 
 1DIAGNOSTIC,    12, -6.219013605950e-01, 3.020897284036e-03, 2.7385e+01, 1.5515e+00, 
 1DIAGNOSTIC,    13, -6.239522928735e-01, 2.470137511961e-03, 2.8939e+01, 1.5536e+00, 
 1DIAGNOSTIC,    14, -6.258169329973e-01, 2.029090047679e-03, 3.0488e+01, 1.5496e+00, 
 1DIAGNOSTIC,    15, -6.275074602216e-01, 1.678300071493e-03, 3.2039e+01, 1.5508e+00, 
 1DIAGNOSTIC,    16, -6.290484288094e-01, 1.400141520922e-03, 3.3594e+01, 1.5553e+00, 
 1DIAGNOSTIC,    17, -6.304635416329e-01, 1.178189394416e-03, 3.5148e+01, 1.5541e+00, 
 1DIAGNOSTIC,    18, -6.317552192397e-01, 1.003134287737e-03, 3.6772e+01, 1.6235e+00, 
 1DIAGNOSTIC,    19, -6.329422603045e-01, 8.603306004818e-04, 3.8341e+01, 1.5694e+00, 
 1DIAGNOSTIC,    20, -6.340357000291e-01, 7.424867439472e-04, 3.9897e+01, 1.5554e+00, 
 1DIAGNOSTIC,    21, -6.350452793432e-01, 6.444565836296e-04, 4.1452e+01, 1.5553e+00, 
 1DIAGNOSTIC,    22, -6.359782737160e-01, 5.623014147068e-04, 4.3005e+01, 1.5528e+00, 
 1DIAGNOSTIC,    23, -6.368417306247e-01, 4.928322500231e-04, 4.4555e+01, 1.5500e+00, 
 1DIAGNOSTIC,    24, -6.376418349826e-01, 4.338371519326e-04, 4.6107e+01, 1.5527e+00, 
 1DIAGNOSTIC,    25, -6.383846366728e-01, 3.833643211213e-04, 4.7750e+01, 1.6428e+00, 
 1DIAGNOSTIC,    26, -6.390751195089e-01, 3.399357601145e-04, 4.9405e+01, 1.6553e+00, 
 1DIAGNOSTIC,    27, -6.397181067367e-01, 3.024975868823e-04, 5.1044e+01, 1.6382e+00, 
 1DIAGNOSTIC,    28, -6.403176975802e-01, 2.699967880561e-04, 5.2607e+01, 1.5634e+00, 
 1DIAGNOSTIC,    29, -6.408782619573e-01, 2.416846426613e-04, 5.4164e+01, 1.5565e+00, 
 1DIAGNOSTIC,    30, -6.414025166838e-01, 2.169425709562e-04, 5.5720e+01, 1.5567e+00, 
 1DIAGNOSTIC,    31, -6.418933402991e-01, 1.952636748032e-04, 5.7278e+01, 1.5582e+00, 
 1DIAGNOSTIC,    32, -6.423531767427e-01, 1.762078760923e-04, 5.8834e+01, 1.5555e+00, 
 1DIAGNOSTIC,    33, -6.427841878700e-01, 1.593985102230e-04, 6.0397e+01, 1.5629e+00, 
 1DIAGNOSTIC,    34, -6.431886219020e-01, 1.445149926361e-04, 6.1967e+01, 1.5704e+00, 
 1DIAGNOSTIC,    35, -6.435683213995e-01, 1.312892007577e-04, 6.3521e+01, 1.5537e+00, 
 1DIAGNOSTIC,    36, -6.439265102617e-01, 1.195116104757e-04, 6.5079e+01, 1.5580e+00, 
 1DIAGNOSTIC,    37, -6.442624587148e-01, 1.089787220877e-04, 6.6639e+01, 1.5603e+00, 
 1DIAGNOSTIC,    38, -6.445787367152e-01, 9.953220757655e-05, 6.8193e+01, 1.5542e+00, 
 1DIAGNOSTIC,    39, -6.448768410202e-01, 9.104827916165e-05, 6.9745e+01, 1.5511e+00, 
 1DIAGNOSTIC,    40, -6.451580562384e-01, 8.341570795724e-05, 7.1297e+01, 1.5522e+00, 
 1DIAGNOSTIC,    41, -6.454235464241e-01, 7.653884544535e-05, 7.2851e+01, 1.5539e+00, 
 1DIAGNOSTIC,    42, -6.456750361909e-01, 7.034051080219e-05, 7.4435e+01, 1.5847e+00, 
 1DIAGNOSTIC,    43, -6.459118209725e-01, 6.473293552962e-05, 7.6054e+01, 1.6182e+00, 
 1DIAGNOSTIC,    44, -6.461355587175e-01, 5.964837524095e-05, 7.7613e+01, 1.5590e+00, 
 1DIAGNOSTIC,    45, -6.463471305714e-01, 5.502636900472e-05, 7.9172e+01, 1.5590e+00, 
 1DIAGNOSTIC,    46, -6.465472255861e-01, 5.082842488044e-05, 8.0727e+01, 1.5552e+00, 
 1DIAGNOSTIC,    47, -6.467366341300e-01, 4.699864416039e-05, 8.2284e+01, 1.5572e+00, 
 1DIAGNOSTIC,    48, -6.469159647143e-01, 4.349793953869e-05, 8.3840e+01, 1.5563e+00, 
 1DIAGNOSTIC,    49, -6.470859063397e-01, 4.029454069692e-05, 8.5397e+01, 1.5565e+00, 
 1DIAGNOSTIC,    50, -6.472470665613e-01, 3.736142701555e-05, 8.6954e+01, 1.5567e+00, 
 1DIAGNOSTIC,    51, -6.473999968431e-01, 3.467512941939e-05, 8.8515e+01, 1.5611e+00, 
 1DIAGNOSTIC,    52, -6.475451046231e-01, 3.222043357398e-05, 9.0069e+01, 1.5548e+00, 
 1DIAGNOSTIC,    53, -6.476828243371e-01, 2.996861808042e-05, 9.1624e+01, 1.5542e+00, 
 1DIAGNOSTIC,    54, -6.477889742721e-01, 2.769511411023e-05, 9.3185e+01, 1.5610e+00, 
 1DIAGNOSTIC,    55, -6.479133243381e-01, 2.562175238018e-05, 9.4741e+01, 1.5560e+00, 
 1DIAGNOSTIC,    56, -6.480315239713e-01, 2.373944773345e-05, 9.6310e+01, 1.5697e+00, 
 1DIAGNOSTIC,    57, -6.481439097716e-01, 2.204458669940e-05, 9.7949e+01, 1.6390e+00, 
 1DIAGNOSTIC,    58, -6.482508681705e-01, 2.053452638462e-05, 9.9508e+01, 1.5586e+00, 
 1DIAGNOSTIC,    59, -6.483527338748e-01, 1.920112715729e-05, 1.0115e+02, 1.6454e+00, 
 1DIAGNOSTIC,    60, -6.484497155474e-01, 1.802601454482e-05, 1.0272e+02, 1.5636e+00, 
 1DIAGNOSTIC,    61, -6.485414454518e-01, 1.698125766879e-05, 1.0428e+02, 1.5653e+00, 
 1DIAGNOSTIC,    62, -6.486295007688e-01, 1.605076793547e-05, 1.0584e+02, 1.5595e+00, 
 1DIAGNOSTIC,    63, -6.487134346993e-01, 1.521771007497e-05, 1.0740e+02, 1.5625e+00, 
 1DIAGNOSTIC,    64, -6.487934336626e-01, 1.428008505371e-05, 1.0899e+02, 1.5833e+00, 
 1DIAGNOSTIC,    65, -6.488697506569e-01, 1.341066873629e-05, 1.1060e+02, 1.6162e+00, 
 1DIAGNOSTIC,    66, -6.489425381829e-01, 1.260366120873e-05, 1.1220e+02, 1.5996e+00, 
 1DIAGNOSTIC,    67, -6.490118584038e-01, 1.185268648896e-05, 1.1376e+02, 1.5575e+00, 
 1DIAGNOSTIC,    68, -6.490780104897e-01, 1.115317672313e-05, 1.1532e+02, 1.5568e+00, 
 1DIAGNOSTIC,    69, -6.491412764102e-01, 1.050209022772e-05, 1.1687e+02, 1.5552e+00, 
 1DIAGNOSTIC,    70, -6.492016756952e-01, 9.895430061234e-06, 1.1843e+02, 1.5539e+00, 
 1DIAGNOSTIC,    71, -6.492593448659e-01, 9.325245086381e-06, 1.1998e+02, 1.5523e+00, 
 1DIAGNOSTIC,    72, -6.493143996944e-01, 8.792807579905e-06, 1.2153e+02, 1.5525e+00, 
 1DIAGNOSTIC,    73, -6.493669989694e-01, 8.295427470363e-06, 1.2309e+02, 1.5589e+00, 
 1DIAGNOSTIC,    74, -6.494172962895e-01, 7.830598312731e-06, 1.2465e+02, 1.5570e+00, 
 1DIAGNOSTIC,    75, -6.494654009750e-01, 7.396279471871e-06, 1.2621e+02, 1.5609e+00, 
 1DIAGNOSTIC,    76, -6.495114122685e-01, 6.990320948216e-06, 1.2785e+02, 1.6460e+00, 
 1DIAGNOSTIC,    77, -6.495554175136e-01, 6.609898821137e-06, 1.2942e+02, 1.5691e+00, 
 1DIAGNOSTIC,    78, -6.495974453365e-01, 6.252731855040e-06, 1.3099e+02, 1.5622e+00, 
 1DIAGNOSTIC,    79, -6.496376071751e-01, 5.917597305918e-06, 1.3255e+02, 1.5604e+00, 
 1DIAGNOSTIC,    80, -6.496760127056e-01, 5.602792893382e-06, 1.3411e+02, 1.5626e+00, 
 1DIAGNOSTIC,    81, -6.497127528635e-01, 5.306798985614e-06, 1.3567e+02, 1.5624e+00, 
 1DIAGNOSTIC,    82, -6.497479620025e-01, 5.028464880851e-06, 1.3724e+02, 1.5692e+00, 
 1DIAGNOSTIC,    83, -6.497816210176e-01, 4.766429992935e-06, 1.3880e+02, 1.5575e+00, 
 1DIAGNOSTIC,    84, -6.498138341911e-01, 4.519855179835e-06, 1.4044e+02, 1.6464e+00, 
 1DIAGNOSTIC,    85, -6.498446134143e-01, 4.287669756169e-06, 1.4200e+02, 1.5587e+00, 
 1DIAGNOSTIC,    86, -6.498740349160e-01, 4.068930228151e-06, 1.4356e+02, 1.5544e+00, 
 1DIAGNOSTIC,    87, -6.499022058582e-01, 3.862960428152e-06, 1.4511e+02, 1.5540e+00, 
 1DIAGNOSTIC,    88, -6.499292030569e-01, 3.668893626844e-06, 1.4667e+02, 1.5560e+00, 
 1DIAGNOSTIC,    89, -6.499550078952e-01, 3.485669719779e-06, 1.4832e+02, 1.6541e+00, 
 1DIAGNOSTIC,    90, -6.499796825195e-01, 3.312510905677e-06, 1.4988e+02, 1.5618e+00, 
 1DIAGNOSTIC,    91, -6.500033093685e-01, 3.148924414519e-06, 1.5144e+02, 1.5568e+00, 
 1DIAGNOSTIC,    92, -6.500259352486e-01, 2.994751869274e-06, 1.5301e+02, 1.5678e+00, 
 1DIAGNOSTIC,    93, -6.500476029322e-01, 2.849381567071e-06, 1.5457e+02, 1.5607e+00, 
 1DIAGNOSTIC,    94, -6.500698010269e-01, 2.719247001992e-06, 1.5612e+02, 1.5564e+00, 
 1DIAGNOSTIC,    95, -6.500896700103e-01, 2.595819102526e-06, 1.5769e+02, 1.5651e+00, 
 1DIAGNOSTIC,    96, -6.501086694730e-01, 2.478102804761e-06, 1.5925e+02, 1.5604e+00, 
 1DIAGNOSTIC,    97, -6.501268484470e-01, 2.365310007047e-06, 1.6081e+02, 1.5622e+00, 
 1DIAGNOSTIC,    98, -6.501442863361e-01, 2.256999801614e-06, 1.6237e+02, 1.5572e+00, 
 1DIAGNOSTIC,    99, -6.501609612928e-01, 2.152394272774e-06, 1.6394e+02, 1.5672e+00, 
 1DIAGNOSTIC,   100, -6.501768952997e-01, 2.051147567258e-06, 1.6549e+02, 1.5568e+00, 
XXDIAGNOSTIC,Iteration,metricValue,convergenceValue,ITERATION_TIME_INDEX,SINCE_LAST
 1DIAGNOSTIC,     1, -4.994551168341e-01, 1.797693134862e+308, 1.8240e+02, 1.6908e+01, 
 1DIAGNOSTIC,     2, -5.043360118414e-01, 1.797693134862e+308, 1.9022e+02, 7.8130e+00, 
 1DIAGNOSTIC,     3, -5.081802558657e-01, 1.797693134862e+308, 1.9805e+02, 7.8327e+00, 
 1DIAGNOSTIC,     4, -5.116204015450e-01, 1.797693134862e+308, 2.0590e+02, 7.8482e+00, 
 1DIAGNOSTIC,     5, -5.145552730149e-01, 1.797693134862e+308, 2.1377e+02, 7.8746e+00, 
 1DIAGNOSTIC,     6, -5.171011462649e-01, 1.797693134862e+308, 2.2166e+02, 7.8901e+00, 
 1DIAGNOSTIC,     7, -5.192665120778e-01, 1.797693134862e+308, 2.2954e+02, 7.8809e+00, 
 1DIAGNOSTIC,     8, -5.212062667158e-01, 1.797693134862e+308, 2.3743e+02, 7.8842e+00, 
 1DIAGNOSTIC,     9, -5.227576524842e-01, 1.797693134862e+308, 2.4541e+02, 7.9830e+00, 
 1DIAGNOSTIC,    10, -5.241041997444e-01, 2.980821270096e-03, 2.5329e+02, 7.8785e+00, 
 1DIAGNOSTIC,    11, -5.253195364571e-01, 2.318397910141e-03, 2.6114e+02, 7.8561e+00, 
 1DIAGNOSTIC,    12, -5.263614987626e-01, 1.829467653488e-03, 2.6901e+02, 7.8622e+00, 
 1DIAGNOSTIC,    13, -5.273104011416e-01, 1.452316749552e-03, 2.7689e+02, 7.8840e+00, 
 1DIAGNOSTIC,    14, -5.281937318069e-01, 1.165888803265e-03, 2.8486e+02, 7.9680e+00, 
 1DIAGNOSTIC,    15, -5.289718475577e-01, 9.462020492848e-04, 2.9283e+02, 7.9744e+00, 
 1DIAGNOSTIC,    16, -5.297043543685e-01, 7.787785852898e-04, 3.0081e+02, 7.9799e+00, 
 1DIAGNOSTIC,    17, -5.303430421155e-01, 6.489045348496e-04, 3.0867e+02, 7.8615e+00, 
 1DIAGNOSTIC,    18, -5.309560003414e-01, 5.505659881149e-04, 3.1653e+02, 7.8563e+00, 
 1DIAGNOSTIC,    19, -5.315155686341e-01, 4.717918254811e-04, 3.2437e+02, 7.8397e+00, 
 1DIAGNOSTIC,    20, -5.320345225451e-01, 4.075444637718e-04, 3.3224e+02, 7.8752e+00, 
 1DIAGNOSTIC,    21, -5.325887311201e-01, 3.570847868464e-04, 3.4015e+02, 7.9021e+00, 
 1DIAGNOSTIC,    22, -5.330016285865e-01, 3.135824643943e-04, 3.4800e+02, 7.8556e+00, 
 1DIAGNOSTIC,    23, -5.334348151632e-01, 2.770275092751e-04, 3.5597e+02, 7.9681e+00, 
 1DIAGNOSTIC,    24, -5.337782351402e-01, 2.451578514221e-04, 3.6384e+02, 7.8745e+00, 
 1DIAGNOSTIC,    25, -5.341780330146e-01, 2.182510780935e-04, 3.7173e+02, 7.8833e+00, 
 1DIAGNOSTIC,    26, -5.344850602066e-01, 1.944166484724e-04, 3.7964e+02, 7.9091e+00, 
 1DIAGNOSTIC,    27, -5.348344270835e-01, 1.737831942950e-04, 3.8752e+02, 7.8823e+00, 
 1DIAGNOSTIC,    28, -5.351309573430e-01, 1.557524264061e-04, 3.9542e+02, 7.9008e+00, 
 1DIAGNOSTIC,    29, -5.354433226418e-01, 1.404746296050e-04, 4.0329e+02, 7.8687e+00, 
 1DIAGNOSTIC,    30, -5.356758128910e-01, 1.263721704161e-04, 4.1116e+02, 7.8687e+00, 
 1DIAGNOSTIC,    31, -5.359590471042e-01, 1.158090693586e-04, 4.1903e+02, 7.8725e+00, 
 1DIAGNOSTIC,    32, -5.361751171656e-01, 1.054872314486e-04, 4.2696e+02, 7.9331e+00, 
 1DIAGNOSTIC,    33, -5.364329293075e-01, 9.708728885121e-05, 4.3493e+02, 7.9703e+00, 
 1DIAGNOSTIC,    34, -5.366557915203e-01, 8.890017812499e-05, 4.4292e+02, 7.9878e+00, 
 1DIAGNOSTIC,    35, -5.368594451312e-01, 8.204022790409e-05, 4.5101e+02, 8.0868e+00, 
 1DIAGNOSTIC,    36, -5.370732766297e-01, 7.554933808096e-05, 4.5890e+02, 7.8962e+00, 
 1DIAGNOSTIC,    37, -5.372747288497e-01, 7.023149740432e-05, 4.6677e+02, 7.8630e+00, 
 1DIAGNOSTIC,    38, -5.374593456373e-01, 6.530396409330e-05, 4.7463e+02, 7.8673e+00, 
 1DIAGNOSTIC,    39, -5.376655798014e-01, 6.158181887050e-05, 4.8252e+02, 7.8824e+00, 
 1DIAGNOSTIC,    40, -5.378222500638e-01, 5.739660685216e-05, 4.9043e+02, 7.9171e+00, 
 1DIAGNOSTIC,    41, -5.379675045836e-01, 5.359031644962e-05, 4.9836e+02, 7.9258e+00, 
 1DIAGNOSTIC,    42, -5.381248807210e-01, 4.963820494196e-05, 5.0631e+02, 7.9493e+00, 
 1DIAGNOSTIC,    43, -5.382704010388e-01, 4.617612281503e-05, 5.1429e+02, 7.9855e+00, 
 1DIAGNOSTIC,    44, -5.384071800454e-01, 4.286387167923e-05, 5.2222e+02, 7.9271e+00, 
 1DIAGNOSTIC,    45, -5.385621195310e-01, 3.989809342586e-05, 5.3011e+02, 7.8915e+00, 
 1DIAGNOSTIC,    46, -5.386698130197e-01, 3.701507067585e-05, 5.3799e+02, 7.8741e+00, 
 1DIAGNOSTIC,    47, -5.388212976152e-01, 3.477347685720e-05, 5.4585e+02, 7.8659e+00, 
 1DIAGNOSTIC,    48, -5.389163578248e-01, 3.242206427472e-05, 5.5374e+02, 7.8844e+00, 
 1DIAGNOSTIC,    49, -5.390537776949e-01, 3.085444560212e-05, 5.6161e+02, 7.8752e+00, 
 1DIAGNOSTIC,    50, -5.391567690882e-01, 2.919834269650e-05, 5.6949e+02, 7.8720e+00, 
 1DIAGNOSTIC,    51, -5.392924189018e-01, 2.778601202315e-05, 5.7742e+02, 7.9396e+00, 
 1DIAGNOSTIC,    52, -5.393973493271e-01, 2.648657348766e-05, 5.8532e+02, 7.8955e+00, 
 1DIAGNOSTIC,    53, -5.395153059372e-01, 2.538842168549e-05, 5.9322e+02, 7.9008e+00, 
 1DIAGNOSTIC,    54, -5.395914314169e-01, 2.402645381078e-05, 6.0110e+02, 7.8823e+00, 
 1DIAGNOSTIC,    55, -5.396971316158e-01, 2.298489483287e-05, 6.0903e+02, 7.9292e+00, 
 1DIAGNOSTIC,    56, -5.397901483563e-01, 2.170594599715e-05, 6.1691e+02, 7.8748e+00, 
 1DIAGNOSTIC,    57, -5.398950988723e-01, 2.082597205767e-05, 6.2491e+02, 8.0017e+00, 
 1DIAGNOSTIC,    58, -5.399530485384e-01, 1.940890138161e-05, 6.3276e+02, 7.8536e+00, 
 1DIAGNOSTIC,    59, -5.400495717082e-01, 1.834094002261e-05, 6.4071e+02, 7.9475e+00, 
 1DIAGNOSTIC,    60, -5.401210734688e-01, 1.712032355045e-05, 6.4869e+02, 7.9768e+00, 
 1DIAGNOSTIC,    61, -5.401870777045e-01, 1.608724878995e-05, 6.5666e+02, 7.9755e+00, 
 1DIAGNOSTIC,    62, -5.402527253110e-01, 1.503791403367e-05, 6.6467e+02, 8.0042e+00, 
 1DIAGNOSTIC,    63, -5.403517651561e-01, 1.445457581505e-05, 6.7265e+02, 7.9867e+00, 
 1DIAGNOSTIC,    64, -5.404226277345e-01, 1.374564717069e-05, 6.8064e+02, 7.9894e+00, 
 1DIAGNOSTIC,    65, -5.404683253683e-01, 1.300960886886e-05, 6.8851e+02, 7.8669e+00, 
 1DIAGNOSTIC,    66, -5.405842360335e-01, 1.276951764133e-05, 6.9638e+02, 7.8705e+00, 
 1DIAGNOSTIC,    67, -5.406031136601e-01, 1.231787517267e-05, 7.0428e+02, 7.9044e+00, 
 1DIAGNOSTIC,    68, -5.406925312153e-01, 1.188339420439e-05, 7.1234e+02, 8.0602e+00, 
 1DIAGNOSTIC,    69, -5.407411157063e-01, 1.146471743991e-05, 7.2025e+02, 7.9053e+00, 
 1DIAGNOSTIC,    70, -5.408176054749e-01, 1.111727927809e-05, 7.2811e+02, 7.8647e+00, 
 1DIAGNOSTIC,    71, -5.408764015478e-01, 1.067467301497e-05, 7.3618e+02, 8.0614e+00, 
 1DIAGNOSTIC,    72, -5.409218654421e-01, 1.006388803283e-05, 7.4405e+02, 7.8728e+00, 
 1DIAGNOSTIC,    73, -5.410024801536e-01, 9.848085042003e-06, 7.5195e+02, 7.9002e+00, 
 1DIAGNOSTIC,    74, -5.410501252249e-01, 9.570124974208e-06, 7.5999e+02, 8.0455e+00, 
 1DIAGNOSTIC,    75, -5.411083772805e-01, 9.134938285959e-06, 7.6792e+02, 7.9242e+00, 
 1DIAGNOSTIC,    76, -5.411367885970e-01, 8.882709659954e-06, 7.7590e+02, 7.9852e+00, 
 1DIAGNOSTIC,    77, -5.411961516088e-01, 8.351990720065e-06, 7.8388e+02, 7.9747e+00, 
 1DIAGNOSTIC,    78, -5.412332819908e-01, 7.921296199217e-06, 7.9194e+02, 8.0568e+00, 
 1DIAGNOSTIC,    79, -5.412712068279e-01, 7.346071152296e-06, 7.9983e+02, 7.8900e+00, 
 1DIAGNOSTIC,    80, -5.413393383320e-01, 7.071849459632e-06, 8.0780e+02, 7.9719e+00, 
 1DIAGNOSTIC,    81, -5.413756952374e-01, 6.776107694633e-06, 8.1587e+02, 8.0760e+00, 
 1DIAGNOSTIC,    82, -5.414086420564e-01, 6.369333390146e-06, 8.2383e+02, 7.9612e+00, 
 1DIAGNOSTIC,    83, -5.414671019958e-01, 6.282111926170e-06, 8.3181e+02, 7.9791e+00, 
 1DIAGNOSTIC,    84, -5.414809531873e-01, 6.003441334725e-06, 8.3971e+02, 7.8942e+00, 
 1DIAGNOSTIC,    85, -5.415526021083e-01, 6.000003068062e-06, 8.4770e+02, 7.9884e+00, 
 1DIAGNOSTIC,    86, -5.415855056235e-01, 5.816357192269e-06, 8.5566e+02, 7.9623e+00, 
 1DIAGNOSTIC,    87, -5.416073582199e-01, 5.605303075388e-06, 8.6354e+02, 7.8779e+00, 
 1DIAGNOSTIC,    88, -5.416438050905e-01, 5.337736456772e-06, 8.7155e+02, 8.0113e+00, 
 1DIAGNOSTIC,    89, -5.416984806719e-01, 5.136532678838e-06, 8.7964e+02, 8.0921e+00, 
 1DIAGNOSTIC,    90, -5.417095831022e-01, 4.934766936941e-06, 8.8769e+02, 8.0484e+00, 
 1DIAGNOSTIC,    91, -5.417357323250e-01, 4.659612136615e-06, 8.9574e+02, 8.0517e+00, 
 1DIAGNOSTIC,    92, -5.417939329717e-01, 4.496008375097e-06, 9.0370e+02, 7.9552e+00, 
 1DIAGNOSTIC,    93, -5.417909550292e-01, 4.245465631745e-06, 9.1167e+02, 7.9790e+00, 
 1DIAGNOSTIC,    94, -5.418707249140e-01, 4.144963448032e-06, 9.1963e+02, 7.9606e+00, 
 1DIAGNOSTIC,    95, -5.418724682553e-01, 4.077799271715e-06, 9.2761e+02, 7.9796e+00, 
 1DIAGNOSTIC,    96, -5.419193994445e-01, 4.096284298219e-06, 9.3548e+02, 7.8660e+00, 
 1DIAGNOSTIC,    97, -5.419565125526e-01, 4.065817340984e-06, 9.4334e+02, 7.8576e+00, 
 1DIAGNOSTIC,    98, -5.419665046956e-01, 3.915397706972e-06, 9.5127e+02, 7.9324e+00, 
 1DIAGNOSTIC,    99, -5.420197934165e-01, 4.002156472650e-06, 9.5923e+02, 7.9621e+00, 
 1DIAGNOSTIC,   100, -5.420252664988e-01, 3.811610603121e-06, 9.6713e+02, 7.8991e+00, 
XXDIAGNOSTIC,Iteration,metricValue,convergenceValue,ITERATION_TIME_INDEX,SINCE_LAST
 1DIAGNOSTIC,     1, -4.630846460987e-01, 1.797693134862e+308, 1.0032e+03, 3.6047e+01, 
 1DIAGNOSTIC,     2, -4.655944032846e-01, 1.797693134862e+308, 1.0297e+03, 2.6532e+01, 
 1DIAGNOSTIC,     3, -4.677845284292e-01, 1.797693134862e+308, 1.0561e+03, 2.6383e+01, 
 1DIAGNOSTIC,     4, -4.699853402244e-01, 1.797693134862e+308, 1.0826e+03, 2.6540e+01, 
 1DIAGNOSTIC,     5, -4.719842452540e-01, 1.797693134862e+308, 1.1094e+03, 2.6775e+01, 
 1DIAGNOSTIC,     6, -4.737296190841e-01, 1.797693134862e+308, 1.1358e+03, 2.6431e+01, 
 1DIAGNOSTIC,     7, -4.753430078260e-01, 1.797693134862e+308, 1.1625e+03, 2.6687e+01, 
 1DIAGNOSTIC,     8, -4.768123999863e-01, 1.797693134862e+308, 1.1891e+03, 2.6620e+01, 
 1DIAGNOSTIC,     9, -4.779108738008e-01, 1.797693134862e+308, 1.2158e+03, 2.6616e+01, 
 1DIAGNOSTIC,    10, -4.789615181237e-01, 2.156180984550e-03, 1.2427e+03, 2.6937e+01, 
 1DIAGNOSTIC,    11, -4.799408423298e-01, 1.762207650854e-03, 1.2696e+03, 2.6883e+01, 
 1DIAGNOSTIC,    12, -4.809006230826e-01, 1.448557455344e-03, 1.2965e+03, 2.6882e+01, 
 1DIAGNOSTIC,    13, -4.816871705543e-01, 1.188551139013e-03, 1.3230e+03, 2.6555e+01, 
 1DIAGNOSTIC,    14, -4.825256498262e-01, 9.870801848119e-04, 1.3498e+03, 2.6738e+01, 
 1DIAGNOSTIC,    15, -4.831903458572e-01, 8.279541819693e-04, 1.3765e+03, 2.6744e+01, 
 1DIAGNOSTIC,    16, -4.839428096024e-01, 7.054126756366e-04, 1.4032e+03, 2.6656e+01, 
 1DIAGNOSTIC,    17, -4.844730625073e-01, 6.068191989540e-04, 1.4297e+03, 2.6557e+01, 
 1DIAGNOSTIC,    18, -4.851118235531e-01, 5.326979879724e-04, 1.4563e+03, 2.6605e+01, 
 1DIAGNOSTIC,    19, -4.854875778563e-01, 4.628543859198e-04, 1.4828e+03, 2.6479e+01, 
 1DIAGNOSTIC,    20, -4.860360503644e-01, 4.043850818828e-04, 1.5094e+03, 2.6604e+01, 
 1DIAGNOSTIC,    21, -4.863747200653e-01, 3.507507394494e-04, 1.5359e+03, 2.6495e+01, 
 1DIAGNOSTIC,    22, -4.868567087732e-01, 3.080581098168e-04, 1.5624e+03, 2.6506e+01, 
 1DIAGNOSTIC,    23, -4.871477230053e-01, 2.677905090785e-04, 1.5889e+03, 2.6467e+01, 
 1DIAGNOSTIC,    24, -4.876112775786e-01, 2.379176614131e-04, 1.6155e+03, 2.6583e+01, 
 1DIAGNOSTIC,    25, -4.878531477363e-01, 2.093190545994e-04, 1.6420e+03, 2.6571e+01, 
 1DIAGNOSTIC,    26, -4.882607919451e-01, 1.896486901320e-04, 1.6687e+03, 2.6652e+01, 
 1DIAGNOSTIC,    27, -4.884940296844e-01, 1.700935068098e-04, 1.6955e+03, 2.6824e+01, 
 1DIAGNOSTIC,    28, -4.888660338046e-01, 1.572781800816e-04, 1.7223e+03, 2.6830e+01, 
 1DIAGNOSTIC,    29, -4.890420283186e-01, 1.415673177562e-04, 1.7490e+03, 2.6644e+01, 
 1DIAGNOSTIC,    30, -4.893885286252e-01, 1.312027241339e-04, 1.7756e+03, 2.6638e+01, 
 1DIAGNOSTIC,    31, -4.895710862834e-01, 1.188815260988e-04, 1.8021e+03, 2.6515e+01, 
 1DIAGNOSTIC,    32, -4.898913589548e-01, 1.109019468285e-04, 1.8288e+03, 2.6637e+01, 
 1DIAGNOSTIC,    33, -4.900604646728e-01, 1.009877187150e-04, 1.8554e+03, 2.6617e+01, 
 1DIAGNOSTIC,    34, -4.903559661421e-01, 9.530078954868e-05, 1.8821e+03, 2.6716e+01, 
 1DIAGNOSTIC,    35, -4.904968390789e-01, 8.723654733911e-05, 1.9088e+03, 2.6728e+01, 
 1DIAGNOSTIC,    36, -4.907549109986e-01, 8.226797346326e-05, 1.9353e+03, 2.6470e+01, 
 1DIAGNOSTIC,    37, -4.908990783360e-01, 7.566785450148e-05, 1.9620e+03, 2.6674e+01, 
 1DIAGNOSTIC,    38, -4.911411350001e-01, 7.177866665062e-05, 1.9885e+03, 2.6490e+01, 
 1DIAGNOSTIC,    39, -4.912712100212e-01, 6.580425064567e-05, 2.0151e+03, 2.6664e+01, 
 1DIAGNOSTIC,    40, -4.914835276507e-01, 6.212796468745e-05, 2.0419e+03, 2.6743e+01, 
 1DIAGNOSTIC,    41, -4.915962056779e-01, 5.689605267651e-05, 2.0686e+03, 2.6774e+01, 
 1DIAGNOSTIC,    42, -4.917976990291e-01, 5.383184909530e-05, 2.0955e+03, 2.6904e+01, 
 1DIAGNOSTIC,    43, -4.919459216006e-01, 5.005927243836e-05, 2.1222e+03, 2.6673e+01, 
 1DIAGNOSTIC,    44, -4.921115038771e-01, 4.786611827163e-05, 2.1490e+03, 2.6736e+01, 
 1DIAGNOSTIC,    45, -4.921947916290e-01, 4.411148098136e-05, 2.1759e+03, 2.6903e+01, 
 1DIAGNOSTIC,    46, -4.923855375800e-01, 4.208680978229e-05, 2.2025e+03, 2.6628e+01, 
 1DIAGNOSTIC,    47, -4.924546242633e-01, 3.874867970861e-05, 2.2293e+03, 2.6857e+01, 
 1DIAGNOSTIC,    48, -4.926233637131e-01, 3.690422103412e-05, 2.2563e+03, 2.6950e+01, 
 1DIAGNOSTIC,    49, -4.927119877681e-01, 3.420878802590e-05, 2.2830e+03, 2.6666e+01, 
 1DIAGNOSTIC,    50, -4.928668854066e-01, 3.270308245924e-05, 2.3097e+03, 2.6717e+01, 
 1DIAGNOSTIC,    51, -4.929264200841e-01, 3.009572016097e-05, 2.3366e+03, 2.6883e+01, 
 1DIAGNOSTIC,    52, -4.930684926007e-01, 2.861128615687e-05, 2.3632e+03, 2.6653e+01, 
 1DIAGNOSTIC,    53, -4.931782280306e-01, 2.729212475697e-05, 2.3898e+03, 2.6638e+01, 
 1DIAGNOSTIC,    54, -4.932523092192e-01, 2.603473836461e-05, 2.4165e+03, 2.6617e+01, 
 1DIAGNOSTIC,    55, -4.933657409393e-01, 2.443556157158e-05, 2.4433e+03, 2.6802e+01, 
 1DIAGNOSTIC,    56, -4.934709730840e-01, 2.368149000070e-05, 2.4701e+03, 2.6854e+01, 
 1DIAGNOSTIC,    57, -4.935386394577e-01, 2.208840499772e-05, 2.4966e+03, 2.6513e+01, 
 1DIAGNOSTIC,    58, -4.936973752868e-01, 2.176990145691e-05, 2.5233e+03, 2.6668e+01, 
 1DIAGNOSTIC,    59, -4.937742938358e-01, 2.100760312390e-05, 2.5499e+03, 2.6575e+01, 
 1DIAGNOSTIC,    60, -4.938469287973e-01, 2.051857651307e-05, 2.5765e+03, 2.6599e+01, 
 1DIAGNOSTIC,    61, -4.939379048598e-01, 1.954001715552e-05, 2.6031e+03, 2.6603e+01, 
 1DIAGNOSTIC,    62, -4.940772010779e-01, 1.938511083415e-05, 2.6299e+03, 2.6783e+01, 
 1DIAGNOSTIC,    63, -4.941296424685e-01, 1.888527652763e-05, 2.6564e+03, 2.6587e+01, 
 1DIAGNOSTIC,    64, -4.942530577973e-01, 1.842043231196e-05, 2.6831e+03, 2.6637e+01, 
 1DIAGNOSTIC,    65, -4.943088344070e-01, 1.774470004893e-05, 2.7097e+03, 2.6661e+01, 
 1DIAGNOSTIC,    66, -4.943702424569e-01, 1.689787256229e-05, 2.7364e+03, 2.6655e+01, 
 1DIAGNOSTIC,    67, -4.945095467254e-01, 1.625876956611e-05, 2.7632e+03, 2.6773e+01, 
 1DIAGNOSTIC,    68, -4.945725079228e-01, 1.598433332684e-05, 2.7898e+03, 2.6608e+01, 
 1DIAGNOSTIC,    69, -4.946428090071e-01, 1.546394653243e-05, 2.8164e+03, 2.6664e+01, 
 1DIAGNOSTIC,    70, -4.947688577020e-01, 1.516114162072e-05, 2.8434e+03, 2.6915e+01, 
XXDIAGNOSTIC,Iteration,metricValue,convergenceValue,ITERATION_TIME_INDEX,SINCE_LAST
 1DIAGNOSTIC,     1, -3.896493394787e-01, 1.797693134862e+308, 3.0762e+03, 2.3286e+02, 
 1DIAGNOSTIC,     2, -3.927297877555e-01, 1.797693134862e+308, 3.2932e+03, 2.1696e+02, 
 1DIAGNOSTIC,     3, -3.953419176441e-01, 1.797693134862e+308, 3.5084e+03, 2.1524e+02, 
 1DIAGNOSTIC,     4, -3.979686449574e-01, 1.797693134862e+308, 3.7234e+03, 2.1502e+02, 
 1DIAGNOSTIC,     5, -4.004861322604e-01, 1.797693134862e+308, 3.9389e+03, 2.1544e+02, 
 1DIAGNOSTIC,     6, -4.028586419573e-01, 1.797693134862e+308, 4.1541e+03, 2.1525e+02, 
 1DIAGNOSTIC,     7, -4.051207721441e-01, 1.797693134862e+308, 4.3692e+03, 2.1505e+02, 
 1DIAGNOSTIC,     8, -4.072985616589e-01, 1.797693134862e+308, 4.5865e+03, 2.1734e+02, 
 1DIAGNOSTIC,     9, -4.094078443848e-01, 1.797693134862e+308, 4.8025e+03, 2.1595e+02, 
 1DIAGNOSTIC,    10, -4.112796826612e-01, 3.426488956518e-03, 5.0200e+03, 2.1750e+02, 
 1DIAGNOSTIC,    11, -4.133335497683e-01, 2.964326346388e-03, 5.2371e+03, 2.1716e+02, 
 1DIAGNOSTIC,    12, -4.151554690206e-01, 2.599675464687e-03, 5.4552e+03, 2.1806e+02, 
 1DIAGNOSTIC,    13, -4.170586940718e-01, 2.298963940957e-03, 5.6724e+03, 2.1716e+02, 
 1DIAGNOSTIC,    14, -4.187648463886e-01, 2.047889130927e-03, 5.8909e+03, 2.1850e+02, 
 1DIAGNOSTIC,    15, -4.204608578736e-01, 1.838659363031e-03, 6.1090e+03, 2.1809e+02, 
 1DIAGNOSTIC,    16, -4.219418787787e-01, 1.653879578907e-03, 6.3262e+03, 2.1722e+02, 
 1DIAGNOSTIC,    17, -4.233366214827e-01, 1.487360662227e-03, 6.5456e+03, 2.1940e+02, 
 1DIAGNOSTIC,    18, -4.247715986352e-01, 1.340471735869e-03, 6.7633e+03, 2.1768e+02, 
 1DIAGNOSTIC,    19, -4.259952667579e-01, 1.205659655461e-03, 6.9806e+03, 2.1735e+02, 
 1DIAGNOSTIC,    20, -4.271624339603e-01, 1.076663578337e-03, 7.1976e+03, 2.1701e+02, 
 1DIAGNOSTIC,    21, -4.282780477839e-01, 9.634032702914e-04, 7.4160e+03, 2.1834e+02, 
 1DIAGNOSTIC,    22, -4.293481156684e-01, 8.604267626736e-04, 7.6339e+03, 2.1790e+02, 
 1DIAGNOSTIC,    23, -4.303841542324e-01, 7.732200047799e-04, 7.8519e+03, 2.1800e+02, 
 1DIAGNOSTIC,    24, -4.313800632109e-01, 6.974837918934e-04, 8.0703e+03, 2.1842e+02, 
 1DIAGNOSTIC,    25, -4.323457548854e-01, 6.348702084247e-04, 8.2884e+03, 2.1808e+02, 
 1DIAGNOSTIC,    26, -4.332958195810e-01, 5.809206720637e-04, 8.5067e+03, 2.1839e+02, 
 1DIAGNOSTIC,    27, -4.341766552816e-01, 5.332935135920e-04, 8.7239e+03, 2.1720e+02, 
 1DIAGNOSTIC,    28, -4.350836668999e-01, 4.954456799983e-04, 8.9425e+03, 2.1853e+02, 
 1DIAGNOSTIC,    29, -4.359281836411e-01, 4.615878298171e-04, 9.1593e+03, 2.1685e+02, 
 1DIAGNOSTIC,    30, -4.367818329293e-01, 4.317974870417e-04, 9.3774e+03, 2.1809e+02, 
 1DIAGNOSTIC,    31, -4.375856816312e-01, 4.047567964233e-04, 9.5961e+03, 2.1866e+02, 
 1DIAGNOSTIC,    32, -4.383867779067e-01, 3.803958447466e-04, 9.8176e+03, 2.2153e+02, 
 1DIAGNOSTIC,    33, -4.391238586372e-01, 3.575160619446e-04, 1.0036e+04, 2.1860e+02, 
 1DIAGNOSTIC,    34, -4.398462495056e-01, 3.359513727523e-04, 1.0256e+04, 2.1975e+02, 
 1DIAGNOSTIC,    35, -4.405220213614e-01, 3.151084762404e-04, 1.0475e+04, 2.1899e+02, 
 1DIAGNOSTIC,    36, -4.411982155762e-01, 2.957103688669e-04, 1.0694e+04, 2.1921e+02, 
 1DIAGNOSTIC,    37, -4.418214417836e-01, 2.763583850237e-04, 1.0913e+04, 2.1885e+02, 
 1DIAGNOSTIC,    38, -4.424135305040e-01, 2.580622955410e-04, 1.1131e+04, 2.1846e+02, 
 1DIAGNOSTIC,    39, -4.429941642324e-01, 2.404841302836e-04, 1.1350e+04, 2.1857e+02, 
 1DIAGNOSTIC,    40, -4.435429756794e-01, 2.242092084066e-04, 1.1568e+04, 2.1830e+02, 
 1DIAGNOSTIC,    41, -4.440801341212e-01, 2.090825205170e-04, 1.1787e+04, 2.1830e+02, 
 1DIAGNOSTIC,    42, -4.445719342204e-01, 1.951775552742e-04, 1.2006e+04, 2.1928e+02, 
 1DIAGNOSTIC,    43, -4.450741150077e-01, 1.824224214114e-04, 1.2224e+04, 2.1788e+02, 
 1DIAGNOSTIC,    44, -4.455329970665e-01, 1.706194718558e-04, 1.2442e+04, 2.1814e+02, 
 1DIAGNOSTIC,    45, -4.460093235745e-01, 1.599852886936e-04, 1.2659e+04, 2.1742e+02, 
 1DIAGNOSTIC,    46, -4.464189379473e-01, 1.501274885855e-04, 1.2878e+04, 2.1835e+02, 
 1DIAGNOSTIC,    47, -4.468525992005e-01, 1.412142528922e-04, 1.3096e+04, 2.1782e+02, 
 1DIAGNOSTIC,    48, -4.472412056871e-01, 1.326447081584e-04, 1.3313e+04, 2.1782e+02, 
 1DIAGNOSTIC,    49, -4.476604638747e-01, 1.251986789006e-04, 1.3530e+04, 2.1676e+02, 
 1DIAGNOSTIC,    50, -4.480117060736e-01, 1.179109505105e-04, 1.3747e+04, 2.1739e+02, 
slurmstepd: error: Job 6246104 exceeded memory limit (15370004 > 15360000), being killed
slurmstepd: error: Exceeded job memory limit
slurmstepd: error: *** JOB 6246104 ON wbic-cs-8 CANCELLED AT 2021-02-08T17:28:16 ***
