Changed directory to /lustre/scratch/wbic-beta/ccn30/ENCRYPT/fMRI/gridcellpilot/scripts/coregistration/slurmoutputs.

JobID: 6244925
======
Time: Fri Feb  5 15:33:22 GMT 2021
Running on master node: wbic-csm-2
Current directory: /lustre/scratch/wbic-beta/ccn30/ENCRYPT/fMRI/gridcellpilot/scripts/coregistration/slurmoutputs

Nodes allocated:
================
wbic-csm-2

numtasks=1, numnodes=1, mpi_tasks_per_node=1 (OMP_NUM_THREADS=1)

Executing command:
==================
/lustre/scratch/wbic-beta/ccn30/ENCRYPT/fMRI/gridcellpilot/scripts/coregistration/coreg_MasksxEPI.sh 29382/20190911_U-ID46164

******** starting 29382 ********

--------------------------------------------------------------------------------------
 Mapping parameters
--------------------------------------------------------------------------------------
 ANTSPATH is /applications/ANTS/ANTs-2.3.4/install/bin/

 Dimensionality:           3
 Output name prefix:       /T1xStudyTemplate_
 Fixed images:             /home/ccn30/ENCRYPT/atlases/templates/ECtemplatemasks2015/Study_template_wholeBrain.nii
 Moving images:            /lustre/scratch/wbic-beta/ccn30/ENCRYPT/fMRI/gridcellpilot/raw_data/images/29382/20190911_U-ID46164/mp2rage/denoiseRn4mag0000_PSIR_skulled_std.nii
 Mask images:              
 Initial transforms:       
 Number of threads:        1
 Spline distance:          26
 Transform type:           s
 CC radius:                4
 Precision:                d
 Use histogram matching    0
======================================================================================
 antsRegistration call:
--------------------------------------------------------------------------------------
/applications/ANTS/ANTs-2.3.4/install/bin//antsRegistration --verbose 1 --dimensionality 3 --float 0 --collapse-output-transforms 1 --output [ /T1xStudyTemplate_,/T1xStudyTemplate_Warped.nii.gz,/T1xStudyTemplate_InverseWarped.nii.gz ] --interpolation Linear --use-histogram-matching 0 --winsorize-image-intensities [ 0.005,0.995 ] --initial-moving-transform [ /home/ccn30/ENCRYPT/atlases/templates/ECtemplatemasks2015/Study_template_wholeBrain.nii,/lustre/scratch/wbic-beta/ccn30/ENCRYPT/fMRI/gridcellpilot/raw_data/images/29382/20190911_U-ID46164/mp2rage/denoiseRn4mag0000_PSIR_skulled_std.nii,1 ] --transform Rigid[ 0.1 ] --metric MI[ /home/ccn30/ENCRYPT/atlases/templates/ECtemplatemasks2015/Study_template_wholeBrain.nii,/lustre/scratch/wbic-beta/ccn30/ENCRYPT/fMRI/gridcellpilot/raw_data/images/29382/20190911_U-ID46164/mp2rage/denoiseRn4mag0000_PSIR_skulled_std.nii,1,32,Regular,0.25 ] --convergence [ 1000x500x250x100,1e-6,10 ] --shrink-factors 12x8x4x2 --smoothing-sigmas 4x3x2x1vox --transform Affine[ 0.1 ] --metric MI[ /home/ccn30/ENCRYPT/atlases/templates/ECtemplatemasks2015/Study_template_wholeBrain.nii,/lustre/scratch/wbic-beta/ccn30/ENCRYPT/fMRI/gridcellpilot/raw_data/images/29382/20190911_U-ID46164/mp2rage/denoiseRn4mag0000_PSIR_skulled_std.nii,1,32,Regular,0.25 ] --convergence [ 1000x500x250x100,1e-6,10 ] --shrink-factors 12x8x4x2 --smoothing-sigmas 4x3x2x1vox --transform SyN[ 0.1,3,0 ] --metric CC[ /home/ccn30/ENCRYPT/atlases/templates/ECtemplatemasks2015/Study_template_wholeBrain.nii,/lustre/scratch/wbic-beta/ccn30/ENCRYPT/fMRI/gridcellpilot/raw_data/images/29382/20190911_U-ID46164/mp2rage/denoiseRn4mag0000_PSIR_skulled_std.nii,1,4 ] --convergence [ 100x100x70x50x20,1e-6,10 ] --shrink-factors 10x6x4x2x1 --smoothing-sigmas 5x3x2x1x0vox
--------------------------------------------------------------------------------------
All_Command_lines_OK
Using double precision for computations.
=============================================================================
The composite transform comprises the following transforms (in order): 
  1. Center of mass alignment using fixed image: /home/ccn30/ENCRYPT/atlases/templates/ECtemplatemasks2015/Study_template_wholeBrain.nii and moving image: /lustre/scratch/wbic-beta/ccn30/ENCRYPT/fMRI/gridcellpilot/raw_data/images/29382/20190911_U-ID46164/mp2rage/denoiseRn4mag0000_PSIR_skulled_std.nii (type = Euler3DTransform)
=============================================================================
  number of levels = 4
  number of levels = 4
  number of levels = 5
  fixed image: /home/ccn30/ENCRYPT/atlases/templates/ECtemplatemasks2015/Study_template_wholeBrain.nii
  moving image: /lustre/scratch/wbic-beta/ccn30/ENCRYPT/fMRI/gridcellpilot/raw_data/images/29382/20190911_U-ID46164/mp2rage/denoiseRn4mag0000_PSIR_skulled_std.nii
  fixed image: /home/ccn30/ENCRYPT/atlases/templates/ECtemplatemasks2015/Study_template_wholeBrain.nii
  moving image: /lustre/scratch/wbic-beta/ccn30/ENCRYPT/fMRI/gridcellpilot/raw_data/images/29382/20190911_U-ID46164/mp2rage/denoiseRn4mag0000_PSIR_skulled_std.nii
  fixed image: /home/ccn30/ENCRYPT/atlases/templates/ECtemplatemasks2015/Study_template_wholeBrain.nii
  moving image: /lustre/scratch/wbic-beta/ccn30/ENCRYPT/fMRI/gridcellpilot/raw_data/images/29382/20190911_U-ID46164/mp2rage/denoiseRn4mag0000_PSIR_skulled_std.nii
Dimension = 3
Number of stages = 3
Use Histogram Matching false
Winsorize image intensities true
Lower quantile = 0.005
Upper quantile = 0.995
Stage 1 State
   Image metric = Mattes
     Fixed image = Image (0x46e9c70)
  RTTI typeinfo:   itk::Image<double, 3u>
  Reference Count: 2
  Modified Time: 1735
  Debug: Off
  Object Name: 
  Observers: 
    none
  Source: (none)
  Source output name: (none)
  Release Data: Off
  Data Released: False
  Global Release Data: Off
  PipelineMTime: 0
  UpdateMTime: 1518
  RealTimeStamp: 0 seconds 
  LargestPossibleRegion: 
    Dimension: 3
    Index: [0, 0, 0]
    Size: [384, 384, 288]
  BufferedRegion: 
    Dimension: 3
    Index: [0, 0, 0]
    Size: [384, 384, 288]
  RequestedRegion: 
    Dimension: 3
    Index: [0, 0, 0]
    Size: [384, 384, 288]
  Spacing: [0.598958, 0.598958, 0.599937]
  Origin: [85.9044, -155.274, 91.0901]
  Direction: 
-0 0 -1
1 -0 0
0 -1 0

  IndexToPointMatrix: 
0 0 -0.599937
0.598958 0 0
0 -0.598958 0

  PointToIndexMatrix: 
0 1.66957 0
0 0 -1.66957
-1.66684 0 0

  Inverse Direction: 
0 1 0
0 0 -1
-1 0 0

  PixelContainer: 
    ImportImageContainer (0x46ec4a0)
      RTTI typeinfo:   itk::ImportImageContainer<unsigned long, double>
      Reference Count: 1
      Modified Time: 1515
      Debug: Off
      Object Name: 
      Observers: 
        none
      Pointer: 0x2aeb560e5010
      Container manages memory: true
      Size: 42467328
      Capacity: 42467328

     Moving image = Image (0x46e7250)
  RTTI typeinfo:   itk::Image<double, 3u>
  Reference Count: 2
  Modified Time: 1736
  Debug: Off
  Object Name: 
  Observers: 
    none
  Source: (none)
  Source output name: (none)
  Release Data: Off
  Data Released: False
  Global Release Data: Off
  PipelineMTime: 0
  UpdateMTime: 1733
  RealTimeStamp: 0 seconds 
  LargestPossibleRegion: 
    Dimension: 3
    Index: [0, 0, 0]
    Size: [224, 320, 320]
  BufferedRegion: 
    Dimension: 3
    Index: [0, 0, 0]
    Size: [224, 320, 320]
  RequestedRegion: 
    Dimension: 3
    Index: [0, 0, 0]
    Size: [224, 320, 320]
  Spacing: [0.699997, 0.7, 0.7]
  Origin: [-78.6699, 73.4889, -122.457]
  Direction: 
1 0 0
0 -1 0
0 0 1

  IndexToPointMatrix: 
0.699997 0 0
0 -0.7 0
0 0 0.7

  PointToIndexMatrix: 
1.42858 0 0
0 -1.42857 0
0 0 1.42857

  Inverse Direction: 
1 0 0
0 -1 0
0 0 1

  PixelContainer: 
    ImportImageContainer (0x46e8110)
      RTTI typeinfo:   itk::ImportImageContainer<unsigned long, double>
      Reference Count: 1
      Modified Time: 1730
      Debug: Off
      Object Name: 
      Observers: 
        none
      Pointer: 0x2aeb6a4e6010
      Container manages memory: true
      Size: 22937600
      Capacity: 22937600

     Weighting = 1
     Sampling strategy = regular
     Number of bins = 32
     Radius = 4
     Sampling percentage  = 0.25
   Transform = Rigid
     Gradient step = 0.1
     Update field sigma (voxel space) = 0
     Total field sigma (voxel space) = 0
     Update field time sigma = 0
     Total field time sigma  = 0
     Number of time indices = 0
     Number of time point samples = 0
Stage 2 State
   Image metric = Mattes
     Fixed image = Image (0x46f7b40)
  RTTI typeinfo:   itk::Image<double, 3u>
  Reference Count: 2
  Modified Time: 2167
  Debug: Off
  Object Name: 
  Observers: 
    none
  Source: (none)
  Source output name: (none)
  Release Data: Off
  Data Released: False
  Global Release Data: Off
  PipelineMTime: 0
  UpdateMTime: 1950
  RealTimeStamp: 0 seconds 
  LargestPossibleRegion: 
    Dimension: 3
    Index: [0, 0, 0]
    Size: [384, 384, 288]
  BufferedRegion: 
    Dimension: 3
    Index: [0, 0, 0]
    Size: [384, 384, 288]
  RequestedRegion: 
    Dimension: 3
    Index: [0, 0, 0]
    Size: [384, 384, 288]
  Spacing: [0.598958, 0.598958, 0.599937]
  Origin: [85.9044, -155.274, 91.0901]
  Direction: 
-0 0 -1
1 -0 0
0 -1 0

  IndexToPointMatrix: 
0 0 -0.599937
0.598958 0 0
0 -0.598958 0

  PointToIndexMatrix: 
0 1.66957 0
0 0 -1.66957
-1.66684 0 0

  Inverse Direction: 
0 1 0
0 0 -1
-1 0 0

  PixelContainer: 
    ImportImageContainer (0x46e4780)
      RTTI typeinfo:   itk::ImportImageContainer<unsigned long, double>
      Reference Count: 1
      Modified Time: 1947
      Debug: Off
      Object Name: 
      Observers: 
        none
      Pointer: 0x2aeb753e7010
      Container manages memory: true
      Size: 42467328
      Capacity: 42467328

     Moving image = Image (0x46f7f30)
  RTTI typeinfo:   itk::Image<double, 3u>
  Reference Count: 2
  Modified Time: 2168
  Debug: Off
  Object Name: 
  Observers: 
    none
  Source: (none)
  Source output name: (none)
  Release Data: Off
  Data Released: False
  Global Release Data: Off
  PipelineMTime: 0
  UpdateMTime: 2165
  RealTimeStamp: 0 seconds 
  LargestPossibleRegion: 
    Dimension: 3
    Index: [0, 0, 0]
    Size: [224, 320, 320]
  BufferedRegion: 
    Dimension: 3
    Index: [0, 0, 0]
    Size: [224, 320, 320]
  RequestedRegion: 
    Dimension: 3
    Index: [0, 0, 0]
    Size: [224, 320, 320]
  Spacing: [0.699997, 0.7, 0.7]
  Origin: [-78.6699, 73.4889, -122.457]
  Direction: 
1 0 0
0 -1 0
0 0 1

  IndexToPointMatrix: 
0.699997 0 0
0 -0.7 0
0 0 0.7

  PointToIndexMatrix: 
1.42858 0 0
0 -1.42857 0
0 0 1.42857

  Inverse Direction: 
1 0 0
0 -1 0
0 0 1

  PixelContainer: 
    ImportImageContainer (0x46f6f60)
      RTTI typeinfo:   itk::ImportImageContainer<unsigned long, double>
      Reference Count: 1
      Modified Time: 2162
      Debug: Off
      Object Name: 
      Observers: 
        none
      Pointer: 0x2aeb897e8010
      Container manages memory: true
      Size: 22937600
      Capacity: 22937600

     Weighting = 1
     Sampling strategy = regular
     Number of bins = 32
     Radius = 4
     Sampling percentage  = 0.25
   Transform = Affine
     Gradient step = 0.1
     Update field sigma (voxel space) = 0
     Total field sigma (voxel space) = 0
     Update field time sigma = 0
     Total field time sigma  = 0
     Number of time indices = 0
     Number of time point samples = 0
Stage 3 State
   Image metric = CC
     Fixed image = Image (0x46fbe00)
  RTTI typeinfo:   itk::Image<double, 3u>
  Reference Count: 2
  Modified Time: 2599
  Debug: Off
  Object Name: 
  Observers: 
    none
  Source: (none)
  Source output name: (none)
  Release Data: Off
  Data Released: False
  Global Release Data: Off
  PipelineMTime: 0
  UpdateMTime: 2382
  RealTimeStamp: 0 seconds 
  LargestPossibleRegion: 
    Dimension: 3
    Index: [0, 0, 0]
    Size: [384, 384, 288]
  BufferedRegion: 
    Dimension: 3
    Index: [0, 0, 0]
    Size: [384, 384, 288]
  RequestedRegion: 
    Dimension: 3
    Index: [0, 0, 0]
    Size: [384, 384, 288]
  Spacing: [0.598958, 0.598958, 0.599937]
  Origin: [85.9044, -155.274, 91.0901]
  Direction: 
-0 0 -1
1 -0 0
0 -1 0

  IndexToPointMatrix: 
0 0 -0.599937
0.598958 0 0
0 -0.598958 0

  PointToIndexMatrix: 
0 1.66957 0
0 0 -1.66957
-1.66684 0 0

  Inverse Direction: 
0 1 0
0 0 -1
-1 0 0

  PixelContainer: 
    ImportImageContainer (0x46f9000)
      RTTI typeinfo:   itk::ImportImageContainer<unsigned long, double>
      Reference Count: 1
      Modified Time: 2379
      Debug: Off
      Object Name: 
      Observers: 
        none
      Pointer: 0x2aeb946e9010
      Container manages memory: true
      Size: 42467328
      Capacity: 42467328

     Moving image = Image (0x46fe510)
  RTTI typeinfo:   itk::Image<double, 3u>
  Reference Count: 2
  Modified Time: 2600
  Debug: Off
  Object Name: 
  Observers: 
    none
  Source: (none)
  Source output name: (none)
  Release Data: Off
  Data Released: False
  Global Release Data: Off
  PipelineMTime: 0
  UpdateMTime: 2597
  RealTimeStamp: 0 seconds 
  LargestPossibleRegion: 
    Dimension: 3
    Index: [0, 0, 0]
    Size: [224, 320, 320]
  BufferedRegion: 
    Dimension: 3
    Index: [0, 0, 0]
    Size: [224, 320, 320]
  RequestedRegion: 
    Dimension: 3
    Index: [0, 0, 0]
    Size: [224, 320, 320]
  Spacing: [0.699997, 0.7, 0.7]
  Origin: [-78.6699, 73.4889, -122.457]
  Direction: 
1 0 0
0 -1 0
0 0 1

  IndexToPointMatrix: 
0.699997 0 0
0 -0.7 0
0 0 0.7

  PointToIndexMatrix: 
1.42858 0 0
0 -1.42857 0
0 0 1.42857

  Inverse Direction: 
1 0 0
0 -1 0
0 0 1

  PixelContainer: 
    ImportImageContainer (0x46fe7f0)
      RTTI typeinfo:   itk::ImportImageContainer<unsigned long, double>
      Reference Count: 1
      Modified Time: 2594
      Debug: Off
      Object Name: 
      Observers: 
        none
      Pointer: 0x2aeba8aea010
      Container manages memory: true
      Size: 22937600
      Capacity: 22937600

     Weighting = 1
     Sampling strategy = none
     Number of bins = 32
     Radius = 4
     Sampling percentage  = 1
   Transform = SyN
     Gradient step = 0.1
     Update field sigma (voxel space) = 3
     Total field sigma (voxel space) = 0
     Update field time sigma = 0
     Total field time sigma  = 0
     Number of time indices = 0
     Number of time point samples = 0
Registration using 3 total stages.

Stage 0
  iterations = 1000x500x250x100
  convergence threshold = 1e-06
  convergence window size = 10
  number of levels = 4
  using the Mattes MI metric (number of bins = 32, weight = 1)
  preprocessing:  winsorizing the image intensities
  Shrink factors (level 1 out of 4): [12, 12, 12]
  Shrink factors (level 2 out of 4): [8, 8, 8]
  Shrink factors (level 3 out of 4): [4, 4, 4]
  Shrink factors (level 4 out of 4): [2, 2, 2]
  smoothing sigmas per level: [4, 3, 2, 1]
  regular sampling (percentage = 0.25)

*** Running Euler3DTransform registration ***

DIAGNOSTIC,Iteration,metricValue,convergenceValue,ITERATION_TIME_INDEX,SINCE_LAST
 2DIAGNOSTIC,     1, -7.314732888342e-01, 1.797693134862e+308, 8.3616e+00, 8.3616e+00, 
 2DIAGNOSTIC,     2, -7.348545843155e-01, 1.797693134862e+308, 8.3872e+00, 2.5561e-02, 
 2DIAGNOSTIC,     3, -7.399373339236e-01, 1.797693134862e+308, 8.4125e+00, 2.5327e-02, 
 2DIAGNOSTIC,     4, -7.491779362666e-01, 1.797693134862e+308, 8.4380e+00, 2.5486e-02, 
 2DIAGNOSTIC,     5, -7.618892696988e-01, 1.797693134862e+308, 8.4614e+00, 2.3388e-02, 
 2DIAGNOSTIC,     6, -7.693251832847e-01, 1.797693134862e+308, 8.4843e+00, 2.2978e-02, 
 2DIAGNOSTIC,     7, -7.734949955792e-01, 1.797693134862e+308, 8.5080e+00, 2.3682e-02, 
 2DIAGNOSTIC,     8, -7.758112642962e-01, 1.797693134862e+308, 8.5320e+00, 2.3997e-02, 
 2DIAGNOSTIC,     9, -7.809405767174e-01, 1.797693134862e+308, 8.5684e+00, 3.6341e-02, 
 2DIAGNOSTIC,    10, -7.852843384208e-01, 4.932072466043e-03, 8.6004e+00, 3.2004e-02, 
 2DIAGNOSTIC,    11, -7.862292258414e-01, 4.084921765124e-03, 8.6287e+00, 2.8389e-02, 
 2DIAGNOSTIC,    12, -7.859869404070e-01, 3.120644480382e-03, 8.6525e+00, 2.3766e-02, 
 2DIAGNOSTIC,    13, -7.861143591804e-01, 2.176978339365e-03, 8.6803e+00, 2.7809e-02, 
 2DIAGNOSTIC,    14, -7.862066854619e-01, 1.412854882177e-03, 8.7035e+00, 2.3225e-02, 
 2DIAGNOSTIC,    15, -7.861285177809e-01, 9.300993995279e-04, 8.7280e+00, 2.4505e-02, 
 2DIAGNOSTIC,    16, -7.857470147127e-01, 5.859713714053e-04, 8.7528e+00, 2.4791e-02, 
 2DIAGNOSTIC,    17, -7.862163897058e-01, 3.317089964575e-04, 8.7791e+00, 2.6299e-02, 
 2DIAGNOSTIC,    18, -7.872707594404e-01, 1.426962731768e-04, 8.8108e+00, 3.1690e-02, 
 2DIAGNOSTIC,    19, -7.874087239728e-01, 5.999882932738e-05, 8.8412e+00, 3.0373e-02, 
 2DIAGNOSTIC,    20, -7.879660378369e-01, 7.019824618357e-05, 8.8649e+00, 2.3725e-02, 
 2DIAGNOSTIC,    21, -7.881587641835e-01, 9.322704442898e-05, 8.8946e+00, 2.9723e-02, 
 2DIAGNOSTIC,    22, -7.881869420625e-01, 1.018215427342e-04, 8.9202e+00, 2.5596e-02, 
 2DIAGNOSTIC,    23, -7.882294234449e-01, 1.026746493787e-04, 8.9423e+00, 2.2051e-02, 
 2DIAGNOSTIC,    24, -7.880924981126e-01, 9.327661985514e-05, 8.9650e+00, 2.2724e-02, 
 2DIAGNOSTIC,    25, -7.881576686725e-01, 7.623481249841e-05, 8.9874e+00, 2.2336e-02, 
 2DIAGNOSTIC,    26, -7.885524992509e-01, 5.356959444561e-05, 9.0134e+00, 2.6062e-02, 
 2DIAGNOSTIC,    27, -7.886949674783e-01, 3.551277512844e-05, 9.0430e+00, 2.9601e-02, 
 2DIAGNOSTIC,    28, -7.883582678357e-01, 2.499274847290e-05, 9.0685e+00, 2.5525e-02, 
 2DIAGNOSTIC,    29, -7.883618655022e-01, 1.482224977454e-05, 9.0889e+00, 2.0325e-02, 
 2DIAGNOSTIC,    30, -7.885383235814e-01, 1.287126519620e-05, 9.1103e+00, 2.1464e-02, 
 2DIAGNOSTIC,    31, -7.885835534096e-01, 1.249219541370e-05, 9.1345e+00, 2.4199e-02, 
 2DIAGNOSTIC,    32, -7.885090305454e-01, 1.048363501634e-05, 9.1557e+00, 2.1164e-02, 
 2DIAGNOSTIC,    33, -7.882897555374e-01, 5.987212899260e-06, 9.1800e+00, 2.4352e-02, 
DIAGNOSTIC,Iteration,metricValue,convergenceValue,ITERATION_TIME_INDEX,SINCE_LAST
 2DIAGNOSTIC,     1, -7.293763712984e-01, 1.797693134862e+308, 1.7733e+01, 8.5529e+00, 
 2DIAGNOSTIC,     2, -7.298784094192e-01, 1.797693134862e+308, 1.7832e+01, 9.8657e-02, 
 2DIAGNOSTIC,     3, -7.301455265252e-01, 1.797693134862e+308, 1.7919e+01, 8.7185e-02, 
 2DIAGNOSTIC,     4, -7.302707166656e-01, 1.797693134862e+308, 1.8024e+01, 1.0501e-01, 
 2DIAGNOSTIC,     5, -7.303371424958e-01, 1.797693134862e+308, 1.8112e+01, 8.7884e-02, 
 2DIAGNOSTIC,     6, -7.304119127869e-01, 1.797693134862e+308, 1.8213e+01, 1.0098e-01, 
 2DIAGNOSTIC,     7, -7.304138286661e-01, 1.797693134862e+308, 1.8298e+01, 8.5468e-02, 
 2DIAGNOSTIC,     8, -7.305354927412e-01, 1.797693134862e+308, 1.8383e+01, 8.4798e-02, 
 2DIAGNOSTIC,     9, -7.306855841600e-01, 1.797693134862e+308, 1.8468e+01, 8.5425e-02, 
 2DIAGNOSTIC,    10, -7.309266623914e-01, 1.046918864368e-04, 1.8581e+01, 1.1276e-01, 
 2DIAGNOSTIC,    11, -7.309773147465e-01, 7.949874110939e-05, 1.8735e+01, 1.5391e-01, 
 2DIAGNOSTIC,    12, -7.309453408390e-01, 6.681913720538e-05, 1.8820e+01, 8.5308e-02, 
 2DIAGNOSTIC,    13, -7.309797347211e-01, 5.935987874266e-05, 1.8906e+01, 8.5212e-02, 
 2DIAGNOSTIC,    14, -7.310162569307e-01, 5.214148241356e-05, 1.9005e+01, 9.9041e-02, 
 2DIAGNOSTIC,    15, -7.310007942276e-01, 4.249719542154e-05, 1.9090e+01, 8.5242e-02, 
 2DIAGNOSTIC,    16, -7.310210435853e-01, 3.275618786462e-05, 1.9174e+01, 8.4594e-02, 
 2DIAGNOSTIC,    17, -7.310342478448e-01, 2.172816825873e-05, 1.9259e+01, 8.4300e-02, 
 2DIAGNOSTIC,    18, -7.311108242275e-01, 1.434243854798e-05, 1.9343e+01, 8.4222e-02, 
 2DIAGNOSTIC,    19, -7.311473755996e-01, 1.020196211079e-05, 1.9440e+01, 9.7461e-02, 
 2DIAGNOSTIC,    20, -7.311781790283e-01, 1.094904934644e-05, 1.9576e+01, 1.3610e-01, 
 2DIAGNOSTIC,    21, -7.311623886761e-01, 1.144346491563e-05, 1.9660e+01, 8.3071e-02, 
 2DIAGNOSTIC,    22, -7.311623303061e-01, 1.040025038003e-05, 1.9743e+01, 8.3119e-02, 
 2DIAGNOSTIC,    23, -7.311741439716e-01, 9.356505000405e-06, 1.9825e+01, 8.2560e-02, 
 2DIAGNOSTIC,    24, -7.311878883445e-01, 8.455466659472e-06, 1.9908e+01, 8.2296e-02, 
 2DIAGNOSTIC,    25, -7.311828732252e-01, 6.638209941782e-06, 2.0003e+01, 9.5221e-02, 
 2DIAGNOSTIC,    26, -7.312102755855e-01, 5.195798561480e-06, 2.0098e+01, 9.5037e-02, 
 2DIAGNOSTIC,    27, -7.312705875438e-01, 4.518307769784e-06, 2.0192e+01, 9.4548e-02, 
 2DIAGNOSTIC,    28, -7.313078225430e-01, 5.117985402467e-06, 2.0312e+01, 1.1920e-01, 
 2DIAGNOSTIC,    29, -7.312828426036e-01, 5.439069433018e-06, 2.0620e+01, 3.0820e-01, 
 2DIAGNOSTIC,    30, -7.312828423518e-01, 5.762779622727e-06, 2.0701e+01, 8.0932e-02, 
 2DIAGNOSTIC,    31, -7.312828431693e-01, 5.422509980944e-06, 2.0782e+01, 8.1091e-02, 
 2DIAGNOSTIC,    32, -7.312828445514e-01, 4.662932436096e-06, 2.0862e+01, 8.0420e-02, 
 2DIAGNOSTIC,    33, -7.312828468877e-01, 3.731654999499e-06, 2.0943e+01, 8.0644e-02, 
 2DIAGNOSTIC,    34, -7.312828508363e-01, 2.769603463574e-06, 2.1024e+01, 8.1014e-02, 
 2DIAGNOSTIC,    35, -7.312828575071e-01, 1.639829293902e-06, 2.1104e+01, 8.0633e-02, 
DIAGNOSTIC,Iteration,metricValue,convergenceValue,ITERATION_TIME_INDEX,SINCE_LAST
 2DIAGNOSTIC,     1, -6.466685849237e-01, 1.797693134862e+308, 3.0135e+01, 9.0309e+00, 
 2DIAGNOSTIC,     2, -6.468400318338e-01, 1.797693134862e+308, 3.0712e+01, 5.7654e-01, 
 2DIAGNOSTIC,     3, -6.469327639580e-01, 1.797693134862e+308, 3.1296e+01, 5.8453e-01, 
 2DIAGNOSTIC,     4, -6.470583023947e-01, 1.797693134862e+308, 3.1883e+01, 5.8616e-01, 
 2DIAGNOSTIC,     5, -6.472296769218e-01, 1.797693134862e+308, 3.2565e+01, 6.8232e-01, 
 2DIAGNOSTIC,     6, -6.475090929654e-01, 1.797693134862e+308, 3.3443e+01, 8.7810e-01, 
 2DIAGNOSTIC,     7, -6.475164881319e-01, 1.797693134862e+308, 3.4302e+01, 8.5918e-01, 
 2DIAGNOSTIC,     8, -6.475153293489e-01, 1.797693134862e+308, 3.5147e+01, 8.4507e-01, 
 2DIAGNOSTIC,     9, -6.475145215374e-01, 1.797693134862e+308, 3.5812e+01, 6.6456e-01, 
 2DIAGNOSTIC,    10, -6.475118887443e-01, 9.546834674289e-05, 3.6569e+01, 7.5760e-01, 
 2DIAGNOSTIC,    11, -6.475117290525e-01, 6.805941098799e-05, 3.7226e+01, 6.5614e-01, 
 2DIAGNOSTIC,    12, -6.475115026422e-01, 4.565848086463e-05, 3.7791e+01, 5.6570e-01, 
 2DIAGNOSTIC,    13, -6.475059297589e-01, 2.586646498620e-05, 3.8358e+01, 5.6647e-01, 
 2DIAGNOSTIC,    14, -6.475068014908e-01, 1.070115056823e-05, 3.9008e+01, 6.4987e-01, 
 2DIAGNOSTIC,    15, -6.475070868328e-01, 1.579652391920e-06, 3.9657e+01, 6.4982e-01, 
 2DIAGNOSTIC,    16, -6.475069237879e-01, 1.302523438829e-06, 4.0305e+01, 6.4719e-01, 
 2DIAGNOSTIC,    17, -6.475038669776e-01, 1.233947046382e-06, 4.1111e+01, 8.0662e-01, 
 2DIAGNOSTIC,    18, -6.475032522953e-01, 1.192804017246e-06, 4.1742e+01, 6.3085e-01, 
 2DIAGNOSTIC,    19, -6.475014089794e-01, 1.149231451211e-06, 4.2385e+01, 6.4251e-01, 
 2DIAGNOSTIC,    20, -6.475014475213e-01, 1.099668759295e-06, 4.2931e+01, 5.4663e-01, 
 2DIAGNOSTIC,    21, -6.475010619043e-01, 1.087789471658e-06, 4.3481e+01, 5.5005e-01, 
 2DIAGNOSTIC,    22, -6.475011696553e-01, 1.118724579578e-06, 4.4026e+01, 5.4490e-01, 
 2DIAGNOSTIC,    23, -6.475013468091e-01, 1.074566974110e-06, 4.4576e+01, 5.4960e-01, 
 2DIAGNOSTIC,    24, -6.475016397530e-01, 1.083659703034e-06, 4.5206e+01, 6.2991e-01, 
 2DIAGNOSTIC,    25, -6.475017152605e-01, 1.120399829170e-06, 4.5763e+01, 5.5715e-01, 
 2DIAGNOSTIC,    26, -6.475013847453e-01, 1.161315302860e-06, 4.6341e+01, 5.7846e-01, 
 2DIAGNOSTIC,    27, -6.475060255684e-01, 1.230987346064e-06, 4.6985e+01, 6.4403e-01, 
 2DIAGNOSTIC,    28, -6.475068769151e-01, 1.292968359337e-06, 4.7541e+01, 5.5530e-01, 
 2DIAGNOSTIC,    29, -6.475124514086e-01, 1.392596713175e-06, 4.8179e+01, 6.3799e-01, 
 2DIAGNOSTIC,    30, -6.475136769487e-01, 1.475265375132e-06, 4.8825e+01, 6.4586e-01, 
DIAGNOSTIC,Iteration,metricValue,convergenceValue,ITERATION_TIME_INDEX,SINCE_LAST
 2DIAGNOSTIC,     1, -5.688964124068e-01, 1.797693134862e+308, 6.2751e+01, 1.3926e+01, 
 2DIAGNOSTIC,     2, -5.689989830246e-01, 1.797693134862e+308, 6.7081e+01, 4.3306e+00, 
 2DIAGNOSTIC,     3, -5.690672269126e-01, 1.797693134862e+308, 7.4069e+01, 6.9880e+00, 
 2DIAGNOSTIC,     4, -5.690772894730e-01, 1.797693134862e+308, 7.9026e+01, 4.9569e+00, 
 2DIAGNOSTIC,     5, -5.690725551665e-01, 1.797693134862e+308, 8.3991e+01, 4.9647e+00, 
 2DIAGNOSTIC,     6, -5.690732495243e-01, 1.797693134862e+308, 8.8995e+01, 5.0043e+00, 
 2DIAGNOSTIC,     7, -5.690733317290e-01, 1.797693134862e+308, 9.3295e+01, 4.3004e+00, 
 2DIAGNOSTIC,     8, -5.690746090335e-01, 1.797693134862e+308, 9.8356e+01, 5.0608e+00, 
 2DIAGNOSTIC,     9, -5.690782707701e-01, 1.797693134862e+308, 1.0337e+02, 5.0111e+00, 
 2DIAGNOSTIC,    10, -5.690808543436e-01, 1.602455408412e-05, 1.0770e+02, 4.3286e+00, 
 2DIAGNOSTIC,    11, -5.690822466836e-01, 7.288342447606e-06, 1.1202e+02, 4.3203e+00, 
 2DIAGNOSTIC,    12, -5.690885662954e-01, 4.068194506809e-06, 1.1635e+02, 4.3307e+00, 
 2DIAGNOSTIC,    13, -5.691010802958e-01, 4.299190437942e-06, 1.2135e+02, 5.0018e+00, 
 2DIAGNOSTIC,    14, -5.691167839172e-01, 5.241336775944e-06, 1.2567e+02, 4.3185e+00, 
 2DIAGNOSTIC,    15, -5.691349359970e-01, 6.224985828779e-06, 1.3001e+02, 4.3397e+00, 
 2DIAGNOSTIC,    16, -5.691745954411e-01, 7.965395910400e-06, 1.3434e+02, 4.3305e+00, 
 2DIAGNOSTIC,    17, -5.692438397499e-01, 1.096466876699e-05, 1.4004e+02, 5.7070e+00, 
 2DIAGNOSTIC,    18, -5.692771942185e-01, 1.370829743297e-05, 1.4507e+02, 5.0233e+00, 
 2DIAGNOSTIC,    19, -5.693454973525e-01, 1.695294764043e-05, 1.5350e+02, 8.4273e+00, 
 2DIAGNOSTIC,    20, -5.693387089940e-01, 1.833093319334e-05, 1.5857e+02, 5.0779e+00, 
 2DIAGNOSTIC,    21, -5.693372731693e-01, 1.803592946817e-05, 1.6424e+02, 5.6713e+00, 
 2DIAGNOSTIC,    22, -5.693386368970e-01, 1.639413328728e-05, 1.6993e+02, 5.6854e+00, 
 2DIAGNOSTIC,    23, -5.693353538138e-01, 1.367898771739e-05, 1.7484e+02, 4.9146e+00, 
 2DIAGNOSTIC,    24, -5.693354481071e-01, 1.036469786888e-05, 1.7977e+02, 4.9291e+00, 
 2DIAGNOSTIC,    25, -5.693368143513e-01, 6.858413772279e-06, 1.8472e+02, 4.9445e+00, 
 2DIAGNOSTIC,    26, -5.693357853352e-01, 3.828579855009e-06, 1.8895e+02, 4.2347e+00, 
 2DIAGNOSTIC,    27, -5.693334648728e-01, 2.011856257686e-06, 1.9392e+02, 4.9712e+00, 
  Elapsed time (stage 0): 1.9859e+02


Stage 1
  iterations = 1000x500x250x100
  convergence threshold = 1.0000e-06
  convergence window size = 10
  number of levels = 4
  using the Mattes MI metric (number of bins = 32, weight = 1.0000e+00)
  preprocessing:  winsorizing the image intensities
  Shrink factors (level 1 out of 4): [12, 12, 12]
  Shrink factors (level 2 out of 4): [8, 8, 8]
  Shrink factors (level 3 out of 4): [4, 4, 4]
  Shrink factors (level 4 out of 4): [2, 2, 2]
  smoothing sigmas per level: [4, 3, 2, 1]
  regular sampling (percentage = 2.5000e-01)

*** Running AffineTransform registration ***

DIAGNOSTIC,Iteration,metricValue,convergenceValue,ITERATION_TIME_INDEX,SINCE_LAST
 2DIAGNOSTIC,     1, -7.839828711924e-01, 1.797693134862e+308, 8.8567e+00, 8.8567e+00, 
 2DIAGNOSTIC,     2, -7.858836085280e-01, 1.797693134862e+308, 8.8792e+00, 2.2590e-02, 
 2DIAGNOSTIC,     3, -7.888480773390e-01, 1.797693134862e+308, 8.9020e+00, 2.2765e-02, 
 2DIAGNOSTIC,     4, -7.935849433522e-01, 1.797693134862e+308, 8.9290e+00, 2.7005e-02, 
 2DIAGNOSTIC,     5, -8.006502291977e-01, 1.797693134862e+308, 8.9596e+00, 3.0556e-02, 
 2DIAGNOSTIC,     6, -8.101292520296e-01, 1.797693134862e+308, 8.9902e+00, 3.0623e-02, 
 2DIAGNOSTIC,     7, -8.271988801027e-01, 1.797693134862e+308, 9.0212e+00, 3.0964e-02, 
 2DIAGNOSTIC,     8, -8.436684338720e-01, 1.797693134862e+308, 9.0594e+00, 3.8290e-02, 
 2DIAGNOSTIC,     9, -8.501192786561e-01, 1.797693134862e+308, 9.0847e+00, 2.5280e-02, 
 2DIAGNOSTIC,    10, -8.516407498036e-01, 6.274612822243e-03, 9.1195e+00, 3.4784e-02, 
 2DIAGNOSTIC,    11, -8.516814038564e-01, 5.797895160355e-03, 9.1448e+00, 2.5281e-02, 
 2DIAGNOSTIC,    12, -8.520528621304e-01, 4.946310357320e-03, 9.1666e+00, 2.1766e-02, 
 2DIAGNOSTIC,    13, -8.534168148787e-01, 3.893421145823e-03, 9.1912e+00, 2.4675e-02, 
 2DIAGNOSTIC,    14, -8.537722443241e-01, 2.768480878464e-03, 9.2131e+00, 2.1893e-02, 
 2DIAGNOSTIC,    15, -8.537091977488e-01, 1.710779321808e-03, 9.2383e+00, 2.5160e-02, 
 2DIAGNOSTIC,    16, -8.539999345509e-01, 8.389058809861e-04, 9.2662e+00, 2.7933e-02, 
 2DIAGNOSTIC,    17, -8.542605267485e-01, 3.370426896762e-04, 9.2984e+00, 3.2228e-02, 
 2DIAGNOSTIC,    18, -8.543146419358e-01, 1.716961086237e-04, 9.3267e+00, 2.8208e-02, 
 2DIAGNOSTIC,    19, -8.540404337807e-01, 1.187298110914e-04, 9.3638e+00, 3.7129e-02, 
 2DIAGNOSTIC,    20, -8.540714546230e-01, 8.742777111159e-05, 9.4064e+00, 4.2651e-02, 
 2DIAGNOSTIC,    21, -8.541028019058e-01, 5.240362512126e-05, 9.4365e+00, 3.0025e-02, 
 2DIAGNOSTIC,    22, -8.541120452283e-01, 2.105889493340e-05, 9.4679e+00, 3.1398e-02, 
 2DIAGNOSTIC,    23, -8.541859612858e-01, 1.181973025242e-05, 9.4948e+00, 2.6989e-02, 
 2DIAGNOSTIC,    24, -8.541303735583e-01, 6.809126064267e-06, 9.5219e+00, 2.7047e-02, 
 2DIAGNOSTIC,    25, -8.542008559491e-01, 1.778602540740e-06, 9.5542e+00, 3.2313e-02, 
DIAGNOSTIC,Iteration,metricValue,convergenceValue,ITERATION_TIME_INDEX,SINCE_LAST
 2DIAGNOSTIC,     1, -7.838647933039e-01, 1.797693134862e+308, 1.8327e+01, 8.7727e+00, 
 2DIAGNOSTIC,     2, -7.844434115468e-01, 1.797693134862e+308, 1.8409e+01, 8.2110e-02, 
 2DIAGNOSTIC,     3, -7.850926889252e-01, 1.797693134862e+308, 1.8491e+01, 8.2246e-02, 
 2DIAGNOSTIC,     4, -7.854959664969e-01, 1.797693134862e+308, 1.8586e+01, 9.4325e-02, 
 2DIAGNOSTIC,     5, -7.856814504463e-01, 1.797693134862e+308, 1.8668e+01, 8.2216e-02, 
 2DIAGNOSTIC,     6, -7.860899185921e-01, 1.797693134862e+308, 1.8751e+01, 8.2706e-02, 
 2DIAGNOSTIC,     7, -7.864436034708e-01, 1.797693134862e+308, 1.8858e+01, 1.0768e-01, 
 2DIAGNOSTIC,     8, -7.865884393103e-01, 1.797693134862e+308, 1.8956e+01, 9.7376e-02, 
 2DIAGNOSTIC,     9, -7.866821762565e-01, 1.797693134862e+308, 1.9055e+01, 9.9796e-02, 
 2DIAGNOSTIC,    10, -7.867369210759e-01, 2.342498578988e-04, 1.9153e+01, 9.7691e-02, 
 2DIAGNOSTIC,    11, -7.867878728948e-01, 1.704342923201e-04, 1.9262e+01, 1.0917e-01, 
 2DIAGNOSTIC,    12, -7.865866595268e-01, 1.130785972057e-04, 1.9345e+01, 8.3205e-02, 
 2DIAGNOSTIC,    13, -7.866179267846e-01, 7.352811259385e-05, 1.9429e+01, 8.3174e-02, 
 2DIAGNOSTIC,    14, -7.866775057457e-01, 4.514565665768e-05, 1.9512e+01, 8.3502e-02, 
 2DIAGNOSTIC,    15, -7.867202686492e-01, 2.186966763250e-05, 1.9599e+01, 8.7380e-02, 
 2DIAGNOSTIC,    16, -7.868290904640e-01, 1.122186797316e-05, 1.9688e+01, 8.8776e-02, 
 2DIAGNOSTIC,    17, -7.869672867827e-01, 1.142408942887e-05, 1.9817e+01, 1.2848e-01, 
 2DIAGNOSTIC,    18, -7.869487053821e-01, 1.319421785295e-05, 1.9915e+01, 9.8506e-02, 
 2DIAGNOSTIC,    19, -7.869500692389e-01, 1.549897978145e-05, 1.9998e+01, 8.3043e-02, 
 2DIAGNOSTIC,    20, -7.869659303563e-01, 1.751509737136e-05, 2.0081e+01, 8.3104e-02, 
 2DIAGNOSTIC,    21, -7.870240852681e-01, 1.980008692170e-05, 2.0215e+01, 1.3402e-01, 
 2DIAGNOSTIC,    22, -7.870174974908e-01, 1.669695374637e-05, 2.0323e+01, 1.0779e-01, 
 2DIAGNOSTIC,    23, -7.870176985519e-01, 1.295547775491e-05, 2.0420e+01, 9.7261e-02, 
 2DIAGNOSTIC,    24, -7.870177183896e-01, 9.386918756703e-06, 2.0505e+01, 8.4839e-02, 
 2DIAGNOSTIC,    25, -7.869843611210e-01, 5.449146998557e-06, 2.0592e+01, 8.6694e-02, 
 2DIAGNOSTIC,    26, -7.869852927830e-01, 2.888595364521e-06, 2.0679e+01, 8.6847e-02, 
 2DIAGNOSTIC,    27, -7.869859259911e-01, 2.222894423747e-06, 2.0765e+01, 8.5848e-02, 
 2DIAGNOSTIC,    28, -7.870162643912e-01, 1.665404972463e-06, 2.0848e+01, 8.3531e-02, 
 2DIAGNOSTIC,    29, -7.870188547219e-01, 1.138498304902e-06, 2.0944e+01, 9.6104e-02, 
 2DIAGNOSTIC,    30, -7.870397296310e-01, 1.074716230322e-06, 2.1066e+01, 1.2171e-01, 
 2DIAGNOSTIC,    31, -7.870399414994e-01, 1.696758141864e-06, 2.1149e+01, 8.2939e-02, 
 2DIAGNOSTIC,    32, -7.870401432656e-01, 2.139892920736e-06, 2.1232e+01, 8.3478e-02, 
 2DIAGNOSTIC,    33, -7.870408018228e-01, 2.450655595107e-06, 2.1328e+01, 9.6012e-02, 
 2DIAGNOSTIC,    34, -7.870427100423e-01, 2.630274253991e-06, 2.1438e+01, 1.0941e-01, 
 2DIAGNOSTIC,    35, -7.870306131684e-01, 2.170130958074e-06, 2.1521e+01, 8.3329e-02, 
 2DIAGNOSTIC,    36, -7.870209433561e-01, 1.534867810540e-06, 2.1618e+01, 9.6542e-02, 
DIAGNOSTIC,Iteration,metricValue,convergenceValue,ITERATION_TIME_INDEX,SINCE_LAST
 2DIAGNOSTIC,     1, -7.109293942922e-01, 1.797693134862e+308, 3.1198e+01, 9.5800e+00, 
 2DIAGNOSTIC,     2, -7.114710025050e-01, 1.797693134862e+308, 3.1773e+01, 5.7513e-01, 
 2DIAGNOSTIC,     3, -7.120201299854e-01, 1.797693134862e+308, 3.2341e+01, 5.6815e-01, 
 2DIAGNOSTIC,     4, -7.125471945107e-01, 1.797693134862e+308, 3.2917e+01, 5.7650e-01, 
 2DIAGNOSTIC,     5, -7.126878001837e-01, 1.797693134862e+308, 3.3563e+01, 6.4591e-01, 
 2DIAGNOSTIC,     6, -7.127180186840e-01, 1.797693134862e+308, 3.4717e+01, 1.1539e+00, 
 2DIAGNOSTIC,     7, -7.127196374903e-01, 1.797693134862e+308, 3.5287e+01, 5.6988e-01, 
 2DIAGNOSTIC,     8, -7.127323419811e-01, 1.797693134862e+308, 3.5939e+01, 6.5196e-01, 
 2DIAGNOSTIC,     9, -7.127407407049e-01, 1.797693134862e+308, 3.6509e+01, 5.7028e-01, 
 2DIAGNOSTIC,    10, -7.127458660826e-01, 1.432769351958e-04, 3.7166e+01, 6.5611e-01, 
 2DIAGNOSTIC,    11, -7.127502117212e-01, 7.797579690066e-05, 3.7731e+01, 5.6584e-01, 
 2DIAGNOSTIC,    12, -7.127498172161e-01, 3.458474667929e-05, 3.8386e+01, 6.5510e-01, 
 2DIAGNOSTIC,    13, -7.127476526269e-01, 1.137390842507e-05, 3.8960e+01, 5.7323e-01, 
 2DIAGNOSTIC,    14, -7.127511552697e-01, 5.681628955964e-06, 3.9631e+01, 6.7168e-01, 
 2DIAGNOSTIC,    15, -7.127571673001e-01, 4.312452470553e-06, 4.0221e+01, 5.8966e-01, 
 2DIAGNOSTIC,    16, -7.127530815603e-01, 3.564795674954e-06, 4.0804e+01, 5.8314e-01, 
 2DIAGNOSTIC,    17, -7.127500403012e-01, 2.728208732365e-06, 4.1387e+01, 5.8284e-01, 
 2DIAGNOSTIC,    18, -7.127517828165e-01, 2.226799090781e-06, 4.2046e+01, 6.5940e-01, 
 2DIAGNOSTIC,    19, -7.127557092669e-01, 1.987517000049e-06, 4.2725e+01, 6.7892e-01, 
 2DIAGNOSTIC,    20, -7.127586018627e-01, 1.894936657205e-06, 4.3404e+01, 6.7901e-01, 
 2DIAGNOSTIC,    21, -7.127588404623e-01, 1.871698018172e-06, 4.3999e+01, 5.9434e-01, 
 2DIAGNOSTIC,    22, -7.127588590366e-01, 1.816897544166e-06, 4.4680e+01, 6.8141e-01, 
 2DIAGNOSTIC,    23, -7.127707153138e-01, 1.898897609771e-06, 4.5274e+01, 5.9400e-01, 
 2DIAGNOSTIC,    24, -7.127865026226e-01, 2.234836318442e-06, 4.5865e+01, 5.9042e-01, 
 2DIAGNOSTIC,    25, -7.127727299914e-01, 2.330521138010e-06, 4.6866e+01, 1.0019e+00, 
 2DIAGNOSTIC,    26, -7.127831771560e-01, 2.431267634696e-06, 4.8992e+01, 2.1252e+00, 
 2DIAGNOSTIC,    27, -7.127831769126e-01, 2.362803784337e-06, 4.9573e+01, 5.8132e-01, 
 2DIAGNOSTIC,    28, -7.127831775749e-01, 2.206197696072e-06, 5.0153e+01, 5.8026e-01, 
 2DIAGNOSTIC,    29, -7.127831786948e-01, 2.011054204221e-06, 5.0726e+01, 5.7306e-01, 
 2DIAGNOSTIC,    30, -7.127831805876e-01, 1.785247595552e-06, 5.1292e+01, 5.6534e-01, 
 2DIAGNOSTIC,    31, -7.127831837860e-01, 1.512070829428e-06, 5.1865e+01, 5.7318e-01, 
 2DIAGNOSTIC,    32, -7.127831891878e-01, 1.205089111098e-06, 5.2441e+01, 5.7624e-01, 
 2DIAGNOSTIC,    33, -7.127831983048e-01, 1.034696655813e-06, 5.3014e+01, 5.7305e-01, 
 2DIAGNOSTIC,    34, -7.127832136886e-01, 1.059102373087e-06, 5.3593e+01, 5.7929e-01, 
DIAGNOSTIC,Iteration,metricValue,convergenceValue,ITERATION_TIME_INDEX,SINCE_LAST
 2DIAGNOSTIC,     1, -6.163924013296e-01, 1.797693134862e+308, 6.7936e+01, 1.4343e+01, 
 2DIAGNOSTIC,     2, -6.168298389127e-01, 1.797693134862e+308, 7.2574e+01, 4.6374e+00, 
 2DIAGNOSTIC,     3, -6.171531930140e-01, 1.797693134862e+308, 7.7399e+01, 4.8254e+00, 
 2DIAGNOSTIC,     4, -6.174797702149e-01, 1.797693134862e+308, 8.2115e+01, 4.7163e+00, 
 2DIAGNOSTIC,     5, -6.180714486704e-01, 1.797693134862e+308, 8.7372e+01, 5.2565e+00, 
 2DIAGNOSTIC,     6, -6.180900897425e-01, 1.797693134862e+308, 9.2640e+01, 5.2684e+00, 
 2DIAGNOSTIC,     7, -6.181324252704e-01, 1.797693134862e+308, 1.0140e+02, 8.7598e+00, 
 2DIAGNOSTIC,     8, -6.181395299121e-01, 1.797693134862e+308, 1.0666e+02, 5.2632e+00, 
 2DIAGNOSTIC,     9, -6.181490371543e-01, 1.797693134862e+308, 1.1123e+02, 4.5698e+00, 
 2DIAGNOSTIC,    10, -6.181553685997e-01, 1.833587375640e-04, 1.1578e+02, 4.5488e+00, 
 2DIAGNOSTIC,    11, -6.181756013880e-01, 1.170824026454e-04, 1.2101e+02, 5.2290e+00, 
 2DIAGNOSTIC,    12, -6.181822778961e-01, 6.877005502201e-05, 1.2622e+02, 5.2117e+00, 
 2DIAGNOSTIC,    13, -6.181800771593e-01, 3.321707640418e-05, 1.3074e+02, 4.5131e+00, 
 2DIAGNOSTIC,    14, -6.181866766278e-01, 1.038064453862e-05, 1.3544e+02, 4.7074e+00, 
 2DIAGNOSTIC,    15, -6.181930998902e-01, 8.185774719546e-06, 1.4032e+02, 4.8796e+00, 
 2DIAGNOSTIC,    16, -6.182074913873e-01, 6.615779091876e-06, 1.4505e+02, 4.7315e+00, 
 2DIAGNOSTIC,    17, -6.182406774592e-01, 6.837412565422e-06, 1.4978e+02, 4.7300e+00, 
 2DIAGNOSTIC,    18, -6.182832505249e-01, 7.831029895017e-06, 1.5445e+02, 4.6662e+00, 
 2DIAGNOSTIC,    19, -6.183220603937e-01, 9.314709614044e-06, 1.5907e+02, 4.6165e+00, 
 2DIAGNOSTIC,    20, -6.183691983342e-01, 1.115165026529e-05, 1.6672e+02, 7.6515e+00, 
 2DIAGNOSTIC,    21, -6.183696642046e-01, 1.236118041293e-05, 1.7144e+02, 4.7170e+00, 
 2DIAGNOSTIC,    22, -6.183704240487e-01, 1.261733438066e-05, 1.7690e+02, 5.4630e+00, 
 2DIAGNOSTIC,    23, -6.183775950708e-01, 1.190317723902e-05, 1.8159e+02, 4.6900e+00, 
 2DIAGNOSTIC,    24, -6.183948318863e-01, 1.070677379181e-05, 1.8995e+02, 8.3632e+00, 
 2DIAGNOSTIC,    25, -6.184022988600e-01, 8.968744710590e-06, 1.9551e+02, 5.5624e+00, 
 2DIAGNOSTIC,    26, -6.183962178620e-01, 6.789777692869e-06, 2.0198e+02, 6.4619e+00, 
 2DIAGNOSTIC,    27, -6.183941132410e-01, 4.786269285489e-06, 2.0742e+02, 5.4477e+00, 
 2DIAGNOSTIC,    28, -6.183925458756e-01, 3.248971995717e-06, 2.1209e+02, 4.6692e+00, 
 2DIAGNOSTIC,    29, -6.183928443371e-01, 2.210467195701e-06, 2.1727e+02, 5.1787e+00, 
 2DIAGNOSTIC,    30, -6.183921424200e-01, 1.845937284493e-06, 2.2257e+02, 5.2970e+00, 
 2DIAGNOSTIC,    31, -6.183922433415e-01, 1.445351389330e-06, 2.2901e+02, 6.4389e+00, 
 2DIAGNOSTIC,    32, -6.183922131215e-01, 1.043229975614e-06, 2.3413e+02, 5.1247e+00, 
  Elapsed time (stage 1): 2.3907e+02


Stage 2
  iterations = 100x100x70x50x20
  convergence threshold = 1.0000e-06
  convergence window size = 10
  number of levels = 5
  using the CC metric (radius = 4, weight = 1.0000e+00)
  preprocessing:  winsorizing the image intensities
  Shrink factors (level 1 out of 5): [10, 10, 10]
  Shrink factors (level 2 out of 5): [6, 6, 6]
  Shrink factors (level 3 out of 5): [4, 4, 4]
  Shrink factors (level 4 out of 5): [2, 2, 2]
  Shrink factors (level 5 out of 5): [1, 1, 1]
  smoothing sigmas per level: [5, 3, 2, 1, 0]
  Using default NONE metricSamplingStrategy 

*** Running SyN registration (varianceForUpdateField = 3.0000e+00, varianceForTotalField = 0.0000e+00) ***

XXDIAGNOSTIC,Iteration,metricValue,convergenceValue,ITERATION_TIME_INDEX,SINCE_LAST
 1DIAGNOSTIC,     1, -5.494889945832e-01, 1.797693134862e+308, 1.1461e+01, 1.1461e+01, 
 1DIAGNOSTIC,     2, -5.579037523580e-01, 1.797693134862e+308, 1.3162e+01, 1.7007e+00, 
 1DIAGNOSTIC,     3, -5.650200235818e-01, 1.797693134862e+308, 1.4850e+01, 1.6877e+00, 
 1DIAGNOSTIC,     4, -5.708401656795e-01, 1.797693134862e+308, 1.6516e+01, 1.6669e+00, 
 1DIAGNOSTIC,     5, -5.760169815028e-01, 1.797693134862e+308, 1.8201e+01, 1.6842e+00, 
 1DIAGNOSTIC,     6, -5.807077511920e-01, 1.797693134862e+308, 1.9967e+01, 1.7659e+00, 
 1DIAGNOSTIC,     7, -5.846462387490e-01, 1.797693134862e+308, 2.1661e+01, 1.6945e+00, 
 1DIAGNOSTIC,     8, -5.882069089152e-01, 1.797693134862e+308, 2.3371e+01, 1.7102e+00, 
 1DIAGNOSTIC,     9, -5.911949975223e-01, 1.797693134862e+308, 2.5060e+01, 1.6883e+00, 
 1DIAGNOSTIC,    10, -5.942302506860e-01, 4.806839872542e-03, 2.6757e+01, 1.6977e+00, 
 1DIAGNOSTIC,    11, -5.964917492362e-01, 3.792783741260e-03, 2.8467e+01, 1.7098e+00, 
 1DIAGNOSTIC,    12, -5.988219532102e-01, 3.047000016640e-03, 3.0161e+01, 1.6937e+00, 
 1DIAGNOSTIC,    13, -6.015212362041e-01, 2.509876415742e-03, 3.1884e+01, 1.7230e+00, 
 1DIAGNOSTIC,    14, -6.029081747600e-01, 2.071562074719e-03, 3.3588e+01, 1.7040e+00, 
 1DIAGNOSTIC,    15, -6.060461239727e-01, 1.771960396790e-03, 3.5279e+01, 1.6915e+00, 
 1DIAGNOSTIC,    16, -6.072587474604e-01, 1.524765764006e-03, 3.6982e+01, 1.7029e+00, 
 1DIAGNOSTIC,    17, -6.105481550908e-01, 1.371796223882e-03, 3.8687e+01, 1.7047e+00, 
 1DIAGNOSTIC,    18, -6.108663531644e-01, 1.211546430068e-03, 4.0383e+01, 1.6959e+00, 
 1DIAGNOSTIC,    19, -6.131362825768e-01, 1.089628194292e-03, 4.2082e+01, 1.6994e+00, 
 1DIAGNOSTIC,    20, -6.129895127643e-01, 9.474258130589e-04, 4.3786e+01, 1.7035e+00, 
 1DIAGNOSTIC,    21, -6.152040458680e-01, 8.330274510106e-04, 4.5491e+01, 1.7055e+00, 
 1DIAGNOSTIC,    22, -6.152473083222e-01, 7.014593193277e-04, 4.7194e+01, 1.7032e+00, 
 1DIAGNOSTIC,    23, -6.169234300890e-01, 6.075867641019e-04, 4.8899e+01, 1.7051e+00, 
 1DIAGNOSTIC,    24, -6.162320053831e-01, 4.775245753734e-04, 5.0579e+01, 1.6797e+00, 
 1DIAGNOSTIC,    25, -6.184238383524e-01, 4.158751512832e-04, 5.2278e+01, 1.6988e+00, 
 1DIAGNOSTIC,    26, -6.180749639969e-01, 3.335745021778e-04, 5.3992e+01, 1.7141e+00, 
 1DIAGNOSTIC,    27, -6.198023097988e-01, 3.150907123059e-04, 5.5698e+01, 1.7059e+00, 
 1DIAGNOSTIC,    28, -6.190577734260e-01, 2.599274033140e-04, 5.7400e+01, 1.7020e+00, 
 1DIAGNOSTIC,    29, -6.209348131488e-01, 2.531492333742e-04, 5.9106e+01, 1.7064e+00, 
 1DIAGNOSTIC,    30, -6.201953630497e-01, 2.074247024317e-04, 6.0814e+01, 1.7081e+00, 
 1DIAGNOSTIC,    31, -6.219596832789e-01, 2.064153205697e-04, 6.2511e+01, 1.6962e+00, 
 1DIAGNOSTIC,    32, -6.209049158358e-01, 1.700046337297e-04, 6.4197e+01, 1.6861e+00, 
 1DIAGNOSTIC,    33, -6.227488366239e-01, 1.713379190422e-04, 6.5893e+01, 1.6959e+00, 
 1DIAGNOSTIC,    34, -6.218953467248e-01, 1.335987898676e-04, 6.7588e+01, 1.6951e+00, 
 1DIAGNOSTIC,    35, -6.235015750467e-01, 1.372503548332e-04, 6.9290e+01, 1.7022e+00, 
 1DIAGNOSTIC,    36, -6.222725457493e-01, 1.061061127463e-04, 7.0988e+01, 1.6985e+00, 
 1DIAGNOSTIC,    37, -6.241470245762e-01, 1.134501287173e-04, 7.2701e+01, 1.7130e+00, 
 1DIAGNOSTIC,    38, -6.232655190390e-01, 8.833958999414e-05, 7.4413e+01, 1.7119e+00, 
 1DIAGNOSTIC,    39, -6.247338834956e-01, 9.715640072805e-05, 7.6106e+01, 1.6924e+00, 
 1DIAGNOSTIC,    40, -6.233034155963e-01, 7.001734786330e-05, 7.7799e+01, 1.6932e+00, 
 1DIAGNOSTIC,    41, -6.252102586937e-01, 8.065323561250e-05, 7.9489e+01, 1.6896e+00, 
 1DIAGNOSTIC,    42, -6.244456334762e-01, 6.164461316647e-05, 8.1188e+01, 1.6995e+00, 
 1DIAGNOSTIC,    43, -6.256961902660e-01, 7.194302817748e-05, 8.2875e+01, 1.6869e+00, 
 1DIAGNOSTIC,    44, -6.244665403165e-01, 5.217152060870e-05, 8.4598e+01, 1.7229e+00, 
 1DIAGNOSTIC,    45, -6.261314365997e-01, 6.333517111867e-05, 8.6325e+01, 1.7271e+00, 
 1DIAGNOSTIC,    46, -6.252264879232e-01, 4.525722895610e-05, 8.8029e+01, 1.7036e+00, 
 1DIAGNOSTIC,    47, -6.264650703068e-01, 5.509858715399e-05, 8.9733e+01, 1.7049e+00, 
 1DIAGNOSTIC,    48, -6.252474106334e-01, 3.831011586755e-05, 9.1427e+01, 1.6932e+00, 
 1DIAGNOSTIC,    49, -6.267648090190e-01, 4.795758880587e-05, 9.3124e+01, 1.6969e+00, 
 1DIAGNOSTIC,    50, -6.254220276320e-01, 2.587814330509e-05, 9.4824e+01, 1.7009e+00, 
 1DIAGNOSTIC,    51, -6.271036123215e-01, 3.558164899094e-05, 9.6500e+01, 1.6758e+00, 
 1DIAGNOSTIC,    52, -6.259773158466e-01, 2.393891550458e-05, 9.8192e+01, 1.6922e+00, 
 1DIAGNOSTIC,    53, -6.273181925693e-01, 3.398142229601e-05, 9.9898e+01, 1.7052e+00, 
 1DIAGNOSTIC,    54, -6.261425524353e-01, 1.904032649206e-05, 1.0160e+02, 1.6975e+00, 
 1DIAGNOSTIC,    55, -6.275730899803e-01, 2.958844807049e-05, 1.0330e+02, 1.7071e+00, 
 1DIAGNOSTIC,    56, -6.263182192870e-01, 1.839640459099e-05, 1.0501e+02, 1.7064e+00, 
 1DIAGNOSTIC,    57, -6.278258708924e-01, 2.887121903882e-05, 1.0670e+02, 1.6916e+00, 
 1DIAGNOSTIC,    58, -6.261332428212e-01, 1.230762070677e-05, 1.0839e+02, 1.6916e+00, 
 1DIAGNOSTIC,    59, -6.279887482076e-01, 2.247939513773e-05, 1.1007e+02, 1.6831e+00, 
 1DIAGNOSTIC,    60, -6.267541037381e-01, 9.462430456467e-06, 1.1176e+02, 1.6902e+00, 
 1DIAGNOSTIC,    61, -6.280726173496e-01, 1.936259417675e-05, 1.1346e+02, 1.6936e+00, 
 1DIAGNOSTIC,    62, -6.266507257252e-01, 7.577357053364e-06, 1.1516e+02, 1.7008e+00, 
 1DIAGNOSTIC,    63, -6.282516788742e-01, 1.774562312700e-05, 1.1686e+02, 1.6989e+00, 
 1DIAGNOSTIC,    64, -6.270200317725e-01, 7.830355538554e-06, 1.1856e+02, 1.7001e+00, 
 1DIAGNOSTIC,    65, -6.282360886989e-01, 1.685378010153e-05, 1.2026e+02, 1.7059e+00, 
 1DIAGNOSTIC,    66, -6.269585830556e-01, 5.775226233424e-06, 1.2199e+02, 1.7262e+00, 
 1DIAGNOSTIC,    67, -6.285290901633e-01, 1.644269459904e-05, 1.2369e+02, 1.7040e+00, 
 1DIAGNOSTIC,    68, -6.272594673860e-01, 4.390462298838e-06, 1.2539e+02, 1.6969e+00, 
 1DIAGNOSTIC,    69, -6.286451278302e-01, 1.452983294123e-05, 1.2709e+02, 1.6941e+00, 
 1DIAGNOSTIC,    70, -6.272959065540e-01, 5.494982148831e-06, 1.2877e+02, 1.6846e+00, 
 1DIAGNOSTIC,    71, -6.288438172965e-01, 1.545224147460e-05, 1.3048e+02, 1.7106e+00, 
 1DIAGNOSTIC,    72, -6.274674395023e-01, 5.108851772994e-06, 1.3216e+02, 1.6842e+00, 
 1DIAGNOSTIC,    73, -6.288917422179e-01, 1.422587879576e-05, 1.3386e+02, 1.6925e+00, 
 1DIAGNOSTIC,    74, -6.276165245240e-01, 5.679759865327e-06, 1.3558e+02, 1.7190e+00, 
 1DIAGNOSTIC,    75, -6.289831030780e-01, 1.323654371151e-05, 1.3730e+02, 1.7269e+00, 
 1DIAGNOSTIC,    76, -6.273439953048e-01, 1.127651206785e-06, 1.3901e+02, 1.7104e+00, 
 1DIAGNOSTIC,    77, -6.289793339700e-01, 8.996232092962e-06, 1.4072e+02, 1.7020e+00, 
 1DIAGNOSTIC,    78, -6.278665258431e-01, 1.214749053643e-06, 1.4242e+02, 1.7089e+00, 
 1DIAGNOSTIC,    79, -6.289581488690e-01, 8.431638589108e-06, 1.4412e+02, 1.6938e+00, 
 1DIAGNOSTIC,    80, -6.277499126785e-01, -4.403261847589e-07, 1.4581e+02, 1.6937e+00, 
XXDIAGNOSTIC,Iteration,metricValue,convergenceValue,ITERATION_TIME_INDEX,SINCE_LAST
 1DIAGNOSTIC,     1, -5.035779989929e-01, 1.797693134862e+308, 1.6433e+02, 1.8516e+01, 
 1DIAGNOSTIC,     2, -5.118945462257e-01, 1.797693134862e+308, 1.7338e+02, 9.0536e+00, 
 1DIAGNOSTIC,     3, -5.184790212336e-01, 1.797693134862e+308, 1.8197e+02, 8.5893e+00, 
 1DIAGNOSTIC,     4, -5.243088852795e-01, 1.797693134862e+308, 1.9059e+02, 8.6157e+00, 
 1DIAGNOSTIC,     5, -5.290171656192e-01, 1.797693134862e+308, 1.9917e+02, 8.5839e+00, 
 1DIAGNOSTIC,     6, -5.334978436581e-01, 1.797693134862e+308, 2.0775e+02, 8.5778e+00, 
 1DIAGNOSTIC,     7, -5.371397669536e-01, 1.797693134862e+308, 2.1645e+02, 8.6973e+00, 
 1DIAGNOSTIC,     8, -5.405457375794e-01, 1.797693134862e+308, 2.2513e+02, 8.6864e+00, 
 1DIAGNOSTIC,     9, -5.431449661813e-01, 1.797693134862e+308, 2.3381e+02, 8.6801e+00, 
 1DIAGNOSTIC,    10, -5.459430488645e-01, 4.942310914164e-03, 2.4250e+02, 8.6846e+00, 
 1DIAGNOSTIC,    11, -5.475783948383e-01, 3.845156276788e-03, 2.5119e+02, 8.6958e+00, 
 1DIAGNOSTIC,    12, -5.497106939315e-01, 3.052305275456e-03, 2.5998e+02, 8.7837e+00, 
 1DIAGNOSTIC,    13, -5.510888599339e-01, 2.431696692550e-03, 2.6869e+02, 8.7159e+00, 
 1DIAGNOSTIC,    14, -5.526051027564e-01, 1.957910716889e-03, 2.7676e+02, 8.0656e+00, 
 1DIAGNOSTIC,    15, -5.539447543067e-01, 1.581626018874e-03, 2.8474e+02, 7.9787e+00, 
 1DIAGNOSTIC,    16, -5.554348663546e-01, 1.304333782636e-03, 2.9269e+02, 7.9560e+00, 
 1DIAGNOSTIC,    17, -5.554774733010e-01, 1.053273789115e-03, 3.0063e+02, 7.9386e+00, 
 1DIAGNOSTIC,    18, -5.573781860172e-01, 8.887883264855e-04, 3.0859e+02, 7.9579e+00, 
 1DIAGNOSTIC,    19, -5.582924111983e-01, 7.547691296953e-04, 3.1689e+02, 8.2999e+00, 
 1DIAGNOSTIC,    20, -5.598323771344e-01, 6.775590728621e-04, 3.2490e+02, 8.0086e+00, 
 1DIAGNOSTIC,    21, -5.596468735595e-01, 5.799635334385e-04, 3.3293e+02, 8.0371e+00, 
 1DIAGNOSTIC,    22, -5.611680151649e-01, 5.250353031004e-04, 3.4089e+02, 7.9576e+00, 
 1DIAGNOSTIC,    23, -5.615263728783e-01, 4.642085547018e-04, 3.4886e+02, 7.9637e+00, 
 1DIAGNOSTIC,    24, -5.622816660197e-01, 4.137080440059e-04, 3.5684e+02, 7.9831e+00, 
 1DIAGNOSTIC,    25, -5.626862016354e-01, 3.643693920497e-04, 3.6478e+02, 7.9431e+00, 
 1DIAGNOSTIC,    26, -5.637369211173e-01, 3.363005840266e-04, 3.7283e+02, 8.0451e+00, 
 1DIAGNOSTIC,    27, -5.635216038587e-01, 2.744264221424e-04, 3.8091e+02, 8.0815e+00, 
 1DIAGNOSTIC,    28, -5.648701515314e-01, 2.515907530913e-04, 3.8892e+02, 8.0115e+00, 
 1DIAGNOSTIC,    29, -5.646491326365e-01, 2.180584602066e-04, 3.9686e+02, 7.9408e+00, 
 1DIAGNOSTIC,    30, -5.651708366830e-01, 2.025361485389e-04, 4.0492e+02, 8.0595e+00, 
 1DIAGNOSTIC,    31, -5.657705704368e-01, 1.752186743683e-04, 4.1296e+02, 8.0369e+00, 
 1DIAGNOSTIC,    32, -5.664963651137e-01, 1.692353906713e-04, 4.2098e+02, 8.0265e+00, 
 1DIAGNOSTIC,    33, -5.662845783400e-01, 1.495778320185e-04, 4.2893e+02, 7.9482e+00, 
 1DIAGNOSTIC,    34, -5.672571797550e-01, 1.435215642092e-04, 4.3691e+02, 7.9776e+00, 
 1DIAGNOSTIC,    35, -5.670508164883e-01, 1.266262717081e-04, 4.4485e+02, 7.9424e+00, 
 1DIAGNOSTIC,    36, -5.680860091106e-01, 1.288590719749e-04, 4.5283e+02, 7.9776e+00, 
 1DIAGNOSTIC,    37, -5.675155803968e-01, 1.069979560004e-04, 4.6083e+02, 8.0008e+00, 
 1DIAGNOSTIC,    38, -5.687367258215e-01, 1.116093277687e-04, 4.6882e+02, 7.9940e+00, 
 1DIAGNOSTIC,    39, -5.684255463340e-01, 9.794787577975e-05, 4.7677e+02, 7.9455e+00, 
 1DIAGNOSTIC,    40, -5.692720460666e-01, 9.327757493621e-05, 4.8474e+02, 7.9741e+00, 
 1DIAGNOSTIC,    41, -5.691823751932e-01, 8.603345094623e-05, 4.9272e+02, 7.9730e+00, 
 1DIAGNOSTIC,    42, -5.697302036328e-01, 8.684637988972e-05, 5.0069e+02, 7.9684e+00, 
 1DIAGNOSTIC,    43, -5.693529955227e-01, 7.198094117683e-05, 5.0866e+02, 7.9792e+00, 
 1DIAGNOSTIC,    44, -5.703630762233e-01, 7.434725457703e-05, 5.1664e+02, 7.9725e+00, 
 1DIAGNOSTIC,    45, -5.699231123763e-01, 6.160514841068e-05, 5.2461e+02, 7.9765e+00, 
 1DIAGNOSTIC,    46, -5.702969568904e-01, 5.973568760036e-05, 5.3258e+02, 7.9705e+00, 
 1DIAGNOSTIC,    47, -5.702159909233e-01, 4.486535990312e-05, 5.4055e+02, 7.9645e+00, 
 1DIAGNOSTIC,    48, -5.710269421251e-01, 4.822692504625e-05, 5.4850e+02, 7.9567e+00, 
 1DIAGNOSTIC,    49, -5.703162560074e-01, 3.573816549759e-05, 5.5656e+02, 8.0577e+00, 
 1DIAGNOSTIC,    50, -5.713708189600e-01, 4.015786468512e-05, 5.6454e+02, 7.9808e+00, 
 1DIAGNOSTIC,    51, -5.711781689164e-01, 3.745244981769e-05, 5.7251e+02, 7.9705e+00, 
 1DIAGNOSTIC,    52, -5.715344721829e-01, 4.038075094884e-05, 5.8049e+02, 7.9761e+00, 
 1DIAGNOSTIC,    53, -5.710540571495e-01, 3.080547435764e-05, 5.8847e+02, 7.9794e+00, 
 1DIAGNOSTIC,    54, -5.720438026646e-01, 3.790144366967e-05, 5.9646e+02, 7.9915e+00, 
 1DIAGNOSTIC,    55, -5.711706456105e-01, 2.861349821102e-05, 6.0444e+02, 7.9788e+00, 
 1DIAGNOSTIC,    56, -5.723997564241e-01, 3.179484873911e-05, 6.1242e+02, 7.9848e+00, 
 1DIAGNOSTIC,    57, -5.718378528350e-01, 2.570002501991e-05, 6.2047e+02, 8.0452e+00, 
 1DIAGNOSTIC,    58, -5.726545447359e-01, 3.211390777363e-05, 6.2848e+02, 8.0119e+00, 
 1DIAGNOSTIC,    59, -5.718171087070e-01, 2.151515117891e-05, 6.3644e+02, 7.9631e+00, 
 1DIAGNOSTIC,    60, -5.730530477298e-01, 2.894199268781e-05, 6.4444e+02, 7.9980e+00, 
 1DIAGNOSTIC,    61, -5.723307887095e-01, 2.537548282083e-05, 6.5247e+02, 8.0223e+00, 
 1DIAGNOSTIC,    62, -5.731603942053e-01, 2.953728451534e-05, 6.6051e+02, 8.0431e+00, 
 1DIAGNOSTIC,    63, -5.727542381379e-01, 2.330938062226e-05, 6.6848e+02, 7.9758e+00, 
 1DIAGNOSTIC,    64, -5.733996381204e-01, 2.842300765844e-05, 6.7646e+02, 7.9721e+00, 
 1DIAGNOSTIC,    65, -5.728775000636e-01, 1.938218206772e-05, 6.8443e+02, 7.9733e+00, 
 1DIAGNOSTIC,    66, -5.736722889509e-01, 2.460435554513e-05, 6.9241e+02, 7.9786e+00, 
 1DIAGNOSTIC,    67, -5.726820126568e-01, 1.528716235575e-05, 7.0041e+02, 7.9985e+00, 
 1DIAGNOSTIC,    68, -5.742027089621e-01, 2.267216036717e-05, 7.0845e+02, 8.0434e+00, 
 1DIAGNOSTIC,    69, -5.735022194748e-01, 1.581842672209e-05, 7.1645e+02, 7.9999e+00, 
 1DIAGNOSTIC,    70, -5.738806554217e-01, 1.972377687493e-05, 7.2446e+02, 8.0075e+00, 
 1DIAGNOSTIC,    71, -5.735582336636e-01, 1.406628026781e-05, 7.3246e+02, 8.0031e+00, 
 1DIAGNOSTIC,    72, -5.743448994584e-01, 1.876687030139e-05, 7.4044e+02, 7.9752e+00, 
 1DIAGNOSTIC,    73, -5.734858471849e-01, 1.244549870342e-05, 7.4843e+02, 7.9992e+00, 
 1DIAGNOSTIC,    74, -5.744865929723e-01, 1.667788460375e-05, 7.5642e+02, 7.9847e+00, 
 1DIAGNOSTIC,    75, -5.738500428088e-01, 1.115658507619e-05, 7.6442e+02, 7.9968e+00, 
 1DIAGNOSTIC,    76, -5.747657708828e-01, 1.647539657590e-05, 7.7240e+02, 7.9811e+00, 
 1DIAGNOSTIC,    77, -5.743428387387e-01, 1.035538101097e-05, 7.8040e+02, 8.0017e+00, 
 1DIAGNOSTIC,    78, -5.747157761669e-01, 1.596012169328e-05, 7.8841e+02, 8.0137e+00, 
 1DIAGNOSTIC,    79, -5.741521280124e-01, 1.174802099883e-05, 7.9643e+02, 8.0218e+00, 
 1DIAGNOSTIC,    80, -5.749707295876e-01, 1.424221416047e-05, 8.0441e+02, 7.9723e+00, 
 1DIAGNOSTIC,    81, -5.745313448389e-01, 1.026453596300e-05, 8.1239e+02, 7.9845e+00, 
 1DIAGNOSTIC,    82, -5.745933314256e-01, 1.091371862806e-05, 8.2041e+02, 8.0169e+00, 
 1DIAGNOSTIC,    83, -5.738061082976e-01, 4.153629358412e-07, 8.2843e+02, 8.0239e+00, 
XXDIAGNOSTIC,Iteration,metricValue,convergenceValue,ITERATION_TIME_INDEX,SINCE_LAST
 1DIAGNOSTIC,     1, -4.983385422108e-01, 1.797693134862e+308, 8.6405e+02, 3.5618e+01, 
 1DIAGNOSTIC,     2, -5.020085249168e-01, 1.797693134862e+308, 8.9077e+02, 2.6721e+01, 
 1DIAGNOSTIC,     3, -5.054905110978e-01, 1.797693134862e+308, 9.1774e+02, 2.6967e+01, 
 1DIAGNOSTIC,     4, -5.090639652779e-01, 1.797693134862e+308, 9.4446e+02, 2.6725e+01, 
 1DIAGNOSTIC,     5, -5.119733357950e-01, 1.797693134862e+308, 9.7104e+02, 2.6581e+01, 
 1DIAGNOSTIC,     6, -5.144963760496e-01, 1.797693134862e+308, 9.9765e+02, 2.6610e+01, 
 1DIAGNOSTIC,     7, -5.167456613731e-01, 1.797693134862e+308, 1.0245e+03, 2.6800e+01, 
 1DIAGNOSTIC,     8, -5.184403031365e-01, 1.797693134862e+308, 1.0510e+03, 2.6563e+01, 
 1DIAGNOSTIC,     9, -5.203100745039e-01, 1.797693134862e+308, 1.0777e+03, 2.6672e+01, 
 1DIAGNOSTIC,    10, -5.217413186430e-01, 2.917480738683e-03, 1.1046e+03, 2.6909e+01, 
 1DIAGNOSTIC,    11, -5.232643993486e-01, 2.357405570765e-03, 1.1312e+03, 2.6613e+01, 
 1DIAGNOSTIC,    12, -5.244119274793e-01, 1.900658134802e-03, 1.1584e+03, 2.7182e+01, 
 1DIAGNOSTIC,    13, -5.258783149438e-01, 1.551656337212e-03, 1.1850e+03, 2.6618e+01, 
 1DIAGNOSTIC,    14, -5.271164724742e-01, 1.299771418646e-03, 1.2117e+03, 2.6701e+01, 
 1DIAGNOSTIC,    15, -5.282860402690e-01, 1.111410766632e-03, 1.2386e+03, 2.6921e+01, 
 1DIAGNOSTIC,    16, -5.294567834183e-01, 9.707388056966e-04, 1.2660e+03, 2.7408e+01, 
 1DIAGNOSTIC,    17, -5.307422184565e-01, 8.708207546872e-04, 1.2943e+03, 2.8269e+01, 
 1DIAGNOSTIC,    18, -5.313556900164e-01, 7.708061879366e-04, 1.3221e+03, 2.7745e+01, 
 1DIAGNOSTIC,    19, -5.328917924264e-01, 7.078348068068e-04, 1.3497e+03, 2.7595e+01, 
 1DIAGNOSTIC,    20, -5.334046456696e-01, 6.374785577749e-04, 1.3774e+03, 2.7719e+01, 
 1DIAGNOSTIC,    21, -5.344036420222e-01, 5.800301500298e-04, 1.4059e+03, 2.8535e+01, 
 1DIAGNOSTIC,    22, -5.353659687594e-01, 5.253620592496e-04, 1.4351e+03, 2.9240e+01, 
slurmstepd: error: *** JOB 6244925 ON wbic-csm-2 CANCELLED AT 2021-02-05T16:04:53 ***
