Changed directory to /lustre/scratch/wbic-beta/ccn30/ENCRYPT/fMRI/gridcellpilot/scripts/coregistration/slurmoutputs.

JobID: 6248625
======
Time: Tue Feb  9 15:21:36 GMT 2021
Running on master node: wbic-cs-5
Current directory: /lustre/scratch/wbic-beta/ccn30/ENCRYPT/fMRI/gridcellpilot/scripts/coregistration/slurmoutputs

Nodes allocated:
================
wbic-cs-5

numtasks=1, numnodes=1, mpi_tasks_per_node=1 (OMP_NUM_THREADS=1)

Executing command:
==================
/lustre/scratch/wbic-beta/ccn30/ENCRYPT/fMRI/gridcellpilot/scripts/coregistration/coreg_MasksxEPI.sh 27734/20190902_U-ID46027

******** starting 27734 ********

--------------------------------------------------------------------------------------
 Mapping parameters
--------------------------------------------------------------------------------------
 ANTSPATH is /applications/ANTS/ANTs-2.3.4/install/bin/

 Dimensionality:           3
 Output name prefix:       /lustre/scratch/wbic-beta/ccn30/ENCRYPT/fMRI/gridcellpilot/preprocessed_data/segmentation/27734/coregistration/T1xStudyTemplate_
 Fixed images:             /home/ccn30/ENCRYPT/atlases/templates/ECtemplatemasks2015/Study_template_wholeBrain.nii
 Moving images:            /lustre/scratch/wbic-beta/ccn30/ENCRYPT/fMRI/gridcellpilot/raw_data/images/27734/20190902_U-ID46027/mp2rage/denoiseRn4mag0000_PSIR_skulled_std.nii
 Mask images:              
 Initial transforms:       
 Number of threads:        1
 Spline distance:          26
 Transform type:           s
 CC radius:                4
 Precision:                d
 Use histogram matching    0
======================================================================================
 antsRegistration call:
--------------------------------------------------------------------------------------
/applications/ANTS/ANTs-2.3.4/install/bin//antsRegistration --verbose 1 --dimensionality 3 --float 0 --collapse-output-transforms 1 --output [ /lustre/scratch/wbic-beta/ccn30/ENCRYPT/fMRI/gridcellpilot/preprocessed_data/segmentation/27734/coregistration/T1xStudyTemplate_,/lustre/scratch/wbic-beta/ccn30/ENCRYPT/fMRI/gridcellpilot/preprocessed_data/segmentation/27734/coregistration/T1xStudyTemplate_Warped.nii.gz,/lustre/scratch/wbic-beta/ccn30/ENCRYPT/fMRI/gridcellpilot/preprocessed_data/segmentation/27734/coregistration/T1xStudyTemplate_InverseWarped.nii.gz ] --interpolation Linear --use-histogram-matching 0 --winsorize-image-intensities [ 0.005,0.995 ] --initial-moving-transform [ /home/ccn30/ENCRYPT/atlases/templates/ECtemplatemasks2015/Study_template_wholeBrain.nii,/lustre/scratch/wbic-beta/ccn30/ENCRYPT/fMRI/gridcellpilot/raw_data/images/27734/20190902_U-ID46027/mp2rage/denoiseRn4mag0000_PSIR_skulled_std.nii,1 ] --transform Rigid[ 0.1 ] --metric MI[ /home/ccn30/ENCRYPT/atlases/templates/ECtemplatemasks2015/Study_template_wholeBrain.nii,/lustre/scratch/wbic-beta/ccn30/ENCRYPT/fMRI/gridcellpilot/raw_data/images/27734/20190902_U-ID46027/mp2rage/denoiseRn4mag0000_PSIR_skulled_std.nii,1,32,Regular,0.25 ] --convergence [ 1000x500x250x100,1e-6,10 ] --shrink-factors 12x8x4x2 --smoothing-sigmas 4x3x2x1vox --transform Affine[ 0.1 ] --metric MI[ /home/ccn30/ENCRYPT/atlases/templates/ECtemplatemasks2015/Study_template_wholeBrain.nii,/lustre/scratch/wbic-beta/ccn30/ENCRYPT/fMRI/gridcellpilot/raw_data/images/27734/20190902_U-ID46027/mp2rage/denoiseRn4mag0000_PSIR_skulled_std.nii,1,32,Regular,0.25 ] --convergence [ 1000x500x250x100,1e-6,10 ] --shrink-factors 12x8x4x2 --smoothing-sigmas 4x3x2x1vox --transform SyN[ 0.1,3,0 ] --metric CC[ /home/ccn30/ENCRYPT/atlases/templates/ECtemplatemasks2015/Study_template_wholeBrain.nii,/lustre/scratch/wbic-beta/ccn30/ENCRYPT/fMRI/gridcellpilot/raw_data/images/27734/20190902_U-ID46027/mp2rage/denoiseRn4mag0000_PSIR_skulled_std.nii,1,4 ] --convergence [ 100x100x70x50x20,1e-6,10 ] --shrink-factors 10x6x4x2x1 --smoothing-sigmas 5x3x2x1x0vox
--------------------------------------------------------------------------------------
All_Command_lines_OK
Using double precision for computations.
=============================================================================
The composite transform comprises the following transforms (in order): 
  1. Center of mass alignment using fixed image: /home/ccn30/ENCRYPT/atlases/templates/ECtemplatemasks2015/Study_template_wholeBrain.nii and moving image: /lustre/scratch/wbic-beta/ccn30/ENCRYPT/fMRI/gridcellpilot/raw_data/images/27734/20190902_U-ID46027/mp2rage/denoiseRn4mag0000_PSIR_skulled_std.nii (type = Euler3DTransform)
=============================================================================
  number of levels = 4
  number of levels = 4
  number of levels = 5
  fixed image: /home/ccn30/ENCRYPT/atlases/templates/ECtemplatemasks2015/Study_template_wholeBrain.nii
  moving image: /lustre/scratch/wbic-beta/ccn30/ENCRYPT/fMRI/gridcellpilot/raw_data/images/27734/20190902_U-ID46027/mp2rage/denoiseRn4mag0000_PSIR_skulled_std.nii
  fixed image: /home/ccn30/ENCRYPT/atlases/templates/ECtemplatemasks2015/Study_template_wholeBrain.nii
  moving image: /lustre/scratch/wbic-beta/ccn30/ENCRYPT/fMRI/gridcellpilot/raw_data/images/27734/20190902_U-ID46027/mp2rage/denoiseRn4mag0000_PSIR_skulled_std.nii
  fixed image: /home/ccn30/ENCRYPT/atlases/templates/ECtemplatemasks2015/Study_template_wholeBrain.nii
  moving image: /lustre/scratch/wbic-beta/ccn30/ENCRYPT/fMRI/gridcellpilot/raw_data/images/27734/20190902_U-ID46027/mp2rage/denoiseRn4mag0000_PSIR_skulled_std.nii
Dimension = 3
Number of stages = 3
Use Histogram Matching false
Winsorize image intensities true
Lower quantile = 0.005
Upper quantile = 0.995
Stage 1 State
   Image metric = Mattes
     Fixed image = Image (0x4144550)
  RTTI typeinfo:   itk::Image<double, 3u>
  Reference Count: 2
  Modified Time: 1735
  Debug: Off
  Object Name: 
  Observers: 
    none
  Source: (none)
  Source output name: (none)
  Release Data: Off
  Data Released: False
  Global Release Data: Off
  PipelineMTime: 0
  UpdateMTime: 1518
  RealTimeStamp: 0 seconds 
  LargestPossibleRegion: 
    Dimension: 3
    Index: [0, 0, 0]
    Size: [384, 384, 288]
  BufferedRegion: 
    Dimension: 3
    Index: [0, 0, 0]
    Size: [384, 384, 288]
  RequestedRegion: 
    Dimension: 3
    Index: [0, 0, 0]
    Size: [384, 384, 288]
  Spacing: [0.598958, 0.598958, 0.599937]
  Origin: [85.9044, -155.274, 91.0901]
  Direction: 
-0 0 -1
1 -0 0
0 -1 0

  IndexToPointMatrix: 
0 0 -0.599937
0.598958 0 0
0 -0.598958 0

  PointToIndexMatrix: 
0 1.66957 0
0 0 -1.66957
-1.66684 0 0

  Inverse Direction: 
0 1 0
0 0 -1
-1 0 0

  PixelContainer: 
    ImportImageContainer (0x4149880)
      RTTI typeinfo:   itk::ImportImageContainer<unsigned long, double>
      Reference Count: 1
      Modified Time: 1515
      Debug: Off
      Object Name: 
      Observers: 
        none
      Pointer: 0x2b89d448c010
      Container manages memory: true
      Size: 42467328
      Capacity: 42467328

     Moving image = Image (0x41422f0)
  RTTI typeinfo:   itk::Image<double, 3u>
  Reference Count: 2
  Modified Time: 1736
  Debug: Off
  Object Name: 
  Observers: 
    none
  Source: (none)
  Source output name: (none)
  Release Data: Off
  Data Released: False
  Global Release Data: Off
  PipelineMTime: 0
  UpdateMTime: 1733
  RealTimeStamp: 0 seconds 
  LargestPossibleRegion: 
    Dimension: 3
    Index: [0, 0, 0]
    Size: [224, 320, 320]
  BufferedRegion: 
    Dimension: 3
    Index: [0, 0, 0]
    Size: [224, 320, 320]
  RequestedRegion: 
    Dimension: 3
    Index: [0, 0, 0]
    Size: [224, 320, 320]
  Spacing: [0.699997, 0.7, 0.7]
  Origin: [-75.5706, 75.9683, -76.5881]
  Direction: 
1 0 0
0 -1 0
0 0 1

  IndexToPointMatrix: 
0.699997 0 0
0 -0.7 0
0 0 0.7

  PointToIndexMatrix: 
1.42858 0 0
0 -1.42857 0
0 0 1.42857

  Inverse Direction: 
1 0 0
0 -1 0
0 0 1

  PixelContainer: 
    ImportImageContainer (0x41503f0)
      RTTI typeinfo:   itk::ImportImageContainer<unsigned long, double>
      Reference Count: 1
      Modified Time: 1730
      Debug: Off
      Object Name: 
      Observers: 
        none
      Pointer: 0x2b89e888d010
      Container manages memory: true
      Size: 22937600
      Capacity: 22937600

     Weighting = 1
     Sampling strategy = regular
     Number of bins = 32
     Radius = 4
     Sampling percentage  = 0.25
   Transform = Rigid
     Gradient step = 0.1
     Update field sigma (voxel space) = 0
     Total field sigma (voxel space) = 0
     Update field time sigma = 0
     Total field time sigma  = 0
     Number of time indices = 0
     Number of time point samples = 0
Stage 2 State
   Image metric = Mattes
     Fixed image = Image (0x4144860)
  RTTI typeinfo:   itk::Image<double, 3u>
  Reference Count: 2
  Modified Time: 2167
  Debug: Off
  Object Name: 
  Observers: 
    none
  Source: (none)
  Source output name: (none)
  Release Data: Off
  Data Released: False
  Global Release Data: Off
  PipelineMTime: 0
  UpdateMTime: 1950
  RealTimeStamp: 0 seconds 
  LargestPossibleRegion: 
    Dimension: 3
    Index: [0, 0, 0]
    Size: [384, 384, 288]
  BufferedRegion: 
    Dimension: 3
    Index: [0, 0, 0]
    Size: [384, 384, 288]
  RequestedRegion: 
    Dimension: 3
    Index: [0, 0, 0]
    Size: [384, 384, 288]
  Spacing: [0.598958, 0.598958, 0.599937]
  Origin: [85.9044, -155.274, 91.0901]
  Direction: 
-0 0 -1
1 -0 0
0 -1 0

  IndexToPointMatrix: 
0 0 -0.599937
0.598958 0 0
0 -0.598958 0

  PointToIndexMatrix: 
0 1.66957 0
0 0 -1.66957
-1.66684 0 0

  Inverse Direction: 
0 1 0
0 0 -1
-1 0 0

  PixelContainer: 
    ImportImageContainer (0x414cbe0)
      RTTI typeinfo:   itk::ImportImageContainer<unsigned long, double>
      Reference Count: 1
      Modified Time: 1947
      Debug: Off
      Object Name: 
      Observers: 
        none
      Pointer: 0x2b89f378e010
      Container manages memory: true
      Size: 42467328
      Capacity: 42467328

     Moving image = Image (0x4144af0)
  RTTI typeinfo:   itk::Image<double, 3u>
  Reference Count: 2
  Modified Time: 2168
  Debug: Off
  Object Name: 
  Observers: 
    none
  Source: (none)
  Source output name: (none)
  Release Data: Off
  Data Released: False
  Global Release Data: Off
  PipelineMTime: 0
  UpdateMTime: 2165
  RealTimeStamp: 0 seconds 
  LargestPossibleRegion: 
    Dimension: 3
    Index: [0, 0, 0]
    Size: [224, 320, 320]
  BufferedRegion: 
    Dimension: 3
    Index: [0, 0, 0]
    Size: [224, 320, 320]
  RequestedRegion: 
    Dimension: 3
    Index: [0, 0, 0]
    Size: [224, 320, 320]
  Spacing: [0.699997, 0.7, 0.7]
  Origin: [-75.5706, 75.9683, -76.5881]
  Direction: 
1 0 0
0 -1 0
0 0 1

  IndexToPointMatrix: 
0.699997 0 0
0 -0.7 0
0 0 0.7

  PointToIndexMatrix: 
1.42858 0 0
0 -1.42857 0
0 0 1.42857

  Inverse Direction: 
1 0 0
0 -1 0
0 0 1

  PixelContainer: 
    ImportImageContainer (0x4159f10)
      RTTI typeinfo:   itk::ImportImageContainer<unsigned long, double>
      Reference Count: 1
      Modified Time: 2162
      Debug: Off
      Object Name: 
      Observers: 
        none
      Pointer: 0x2b8a07b8f010
      Container manages memory: true
      Size: 22937600
      Capacity: 22937600

     Weighting = 1
     Sampling strategy = regular
     Number of bins = 32
     Radius = 4
     Sampling percentage  = 0.25
   Transform = Affine
     Gradient step = 0.1
     Update field sigma (voxel space) = 0
     Total field sigma (voxel space) = 0
     Update field time sigma = 0
     Total field time sigma  = 0
     Number of time indices = 0
     Number of time point samples = 0
Stage 3 State
   Image metric = CC
     Fixed image = Image (0x4157df0)
  RTTI typeinfo:   itk::Image<double, 3u>
  Reference Count: 2
  Modified Time: 2599
  Debug: Off
  Object Name: 
  Observers: 
    none
  Source: (none)
  Source output name: (none)
  Release Data: Off
  Data Released: False
  Global Release Data: Off
  PipelineMTime: 0
  UpdateMTime: 2382
  RealTimeStamp: 0 seconds 
  LargestPossibleRegion: 
    Dimension: 3
    Index: [0, 0, 0]
    Size: [384, 384, 288]
  BufferedRegion: 
    Dimension: 3
    Index: [0, 0, 0]
    Size: [384, 384, 288]
  RequestedRegion: 
    Dimension: 3
    Index: [0, 0, 0]
    Size: [384, 384, 288]
  Spacing: [0.598958, 0.598958, 0.599937]
  Origin: [85.9044, -155.274, 91.0901]
  Direction: 
-0 0 -1
1 -0 0
0 -1 0

  IndexToPointMatrix: 
0 0 -0.599937
0.598958 0 0
0 -0.598958 0

  PointToIndexMatrix: 
0 1.66957 0
0 0 -1.66957
-1.66684 0 0

  Inverse Direction: 
0 1 0
0 0 -1
-1 0 0

  PixelContainer: 
    ImportImageContainer (0x415aae0)
      RTTI typeinfo:   itk::ImportImageContainer<unsigned long, double>
      Reference Count: 1
      Modified Time: 2379
      Debug: Off
      Object Name: 
      Observers: 
        none
      Pointer: 0x2b8a12a90010
      Container manages memory: true
      Size: 42467328
      Capacity: 42467328

     Moving image = Image (0x4152700)
  RTTI typeinfo:   itk::Image<double, 3u>
  Reference Count: 2
  Modified Time: 2600
  Debug: Off
  Object Name: 
  Observers: 
    none
  Source: (none)
  Source output name: (none)
  Release Data: Off
  Data Released: False
  Global Release Data: Off
  PipelineMTime: 0
  UpdateMTime: 2597
  RealTimeStamp: 0 seconds 
  LargestPossibleRegion: 
    Dimension: 3
    Index: [0, 0, 0]
    Size: [224, 320, 320]
  BufferedRegion: 
    Dimension: 3
    Index: [0, 0, 0]
    Size: [224, 320, 320]
  RequestedRegion: 
    Dimension: 3
    Index: [0, 0, 0]
    Size: [224, 320, 320]
  Spacing: [0.699997, 0.7, 0.7]
  Origin: [-75.5706, 75.9683, -76.5881]
  Direction: 
1 0 0
0 -1 0
0 0 1

  IndexToPointMatrix: 
0.699997 0 0
0 -0.7 0
0 0 0.7

  PointToIndexMatrix: 
1.42858 0 0
0 -1.42857 0
0 0 1.42857

  Inverse Direction: 
1 0 0
0 -1 0
0 0 1

  PixelContainer: 
    ImportImageContainer (0x4159350)
      RTTI typeinfo:   itk::ImportImageContainer<unsigned long, double>
      Reference Count: 1
      Modified Time: 2594
      Debug: Off
      Object Name: 
      Observers: 
        none
      Pointer: 0x2b8a26e91010
      Container manages memory: true
      Size: 22937600
      Capacity: 22937600

     Weighting = 1
     Sampling strategy = none
     Number of bins = 32
     Radius = 4
     Sampling percentage  = 1
   Transform = SyN
     Gradient step = 0.1
     Update field sigma (voxel space) = 3
     Total field sigma (voxel space) = 0
     Update field time sigma = 0
     Total field time sigma  = 0
     Number of time indices = 0
     Number of time point samples = 0
Registration using 3 total stages.

Stage 0
  iterations = 1000x500x250x100
  convergence threshold = 1e-06
  convergence window size = 10
  number of levels = 4
  using the Mattes MI metric (number of bins = 32, weight = 1)
  preprocessing:  winsorizing the image intensities
  Shrink factors (level 1 out of 4): [12, 12, 12]
  Shrink factors (level 2 out of 4): [8, 8, 8]
  Shrink factors (level 3 out of 4): [4, 4, 4]
  Shrink factors (level 4 out of 4): [2, 2, 2]
  smoothing sigmas per level: [4, 3, 2, 1]
  regular sampling (percentage = 0.25)

*** Running Euler3DTransform registration ***

DIAGNOSTIC,Iteration,metricValue,convergenceValue,ITERATION_TIME_INDEX,SINCE_LAST
 2DIAGNOSTIC,     1, -3.187139598111e-01, 1.797693134862e+308, 8.8746e+00, 8.8746e+00, 
 2DIAGNOSTIC,     2, -3.191716452185e-01, 1.797693134862e+308, 8.8903e+00, 1.5678e-02, 
 2DIAGNOSTIC,     3, -3.193187513979e-01, 1.797693134862e+308, 8.9060e+00, 1.5685e-02, 
 2DIAGNOSTIC,     4, -3.202213203172e-01, 1.797693134862e+308, 8.9216e+00, 1.5651e-02, 
 2DIAGNOSTIC,     5, -3.217229997362e-01, 1.797693134862e+308, 8.9374e+00, 1.5804e-02, 
 2DIAGNOSTIC,     6, -3.236017375442e-01, 1.797693134862e+308, 8.9535e+00, 1.6056e-02, 
 2DIAGNOSTIC,     7, -3.267510933843e-01, 1.797693134862e+308, 8.9703e+00, 1.6825e-02, 
 2DIAGNOSTIC,     8, -3.401404938067e-01, 1.797693134862e+308, 8.9882e+00, 1.7906e-02, 
 2DIAGNOSTIC,     9, -3.701296395351e-01, 1.797693134862e+308, 9.0066e+00, 1.8416e-02, 
 2DIAGNOSTIC,    10, -4.109226199852e-01, 1.304714899892e-02, 9.0309e+00, 2.4238e-02, 
 2DIAGNOSTIC,    11, -4.192205993521e-01, 1.681833671860e-02, 9.0505e+00, 1.9685e-02, 
 2DIAGNOSTIC,    12, -4.224871152674e-01, 1.863915170198e-02, 9.0728e+00, 2.2299e-02, 
 2DIAGNOSTIC,    13, -4.225776955073e-01, 1.850657593964e-02, 9.0922e+00, 1.9331e-02, 
 2DIAGNOSTIC,    14, -4.209006896419e-01, 1.667096765740e-02, 9.1115e+00, 1.9280e-02, 
 2DIAGNOSTIC,    15, -4.210114892372e-01, 1.366842655460e-02, 9.1306e+00, 1.9150e-02, 
 2DIAGNOSTIC,    16, -4.209315333654e-01, 9.951258193576e-03, 9.1472e+00, 1.6598e-02, 
 2DIAGNOSTIC,    17, -4.220931539082e-01, 6.037750842305e-03, 9.1699e+00, 2.2663e-02, 
 2DIAGNOSTIC,    18, -4.251519218873e-01, 2.741478607724e-03, 9.1969e+00, 2.7035e-02, 
 2DIAGNOSTIC,    19, -4.259435990171e-01, 7.618542805697e-04, 9.2160e+00, 1.9116e-02, 
 2DIAGNOSTIC,    20, -4.252780020316e-01, 4.293376050046e-04, 9.2326e+00, 1.6631e-02, 
 2DIAGNOSTIC,    21, -4.253255906804e-01, 3.865688370146e-04, 9.2543e+00, 2.1649e-02, 
 2DIAGNOSTIC,    22, -4.253598288715e-01, 4.217874942817e-04, 9.2735e+00, 1.9162e-02, 
 2DIAGNOSTIC,    23, -4.252856455067e-01, 4.143213244260e-04, 9.2901e+00, 1.6618e-02, 
 2DIAGNOSTIC,    24, -4.251711512078e-01, 3.141188628752e-04, 9.3092e+00, 1.9089e-02, 
 2DIAGNOSTIC,    25, -4.251044360060e-01, 1.969810249447e-04, 9.3257e+00, 1.6492e-02, 
 2DIAGNOSTIC,    26, -4.249441114929e-01, 6.508534525669e-05, 9.3447e+00, 1.9063e-02, 
DIAGNOSTIC,Iteration,metricValue,convergenceValue,ITERATION_TIME_INDEX,SINCE_LAST
 2DIAGNOSTIC,     1, -3.958657106152e-01, 1.797693134862e+308, 1.8323e+01, 8.9782e+00, 
 2DIAGNOSTIC,     2, -3.961593340865e-01, 1.797693134862e+308, 1.8390e+01, 6.7539e-02, 
 2DIAGNOSTIC,     3, -3.963856372125e-01, 1.797693134862e+308, 1.8458e+01, 6.7414e-02, 
 2DIAGNOSTIC,     4, -3.973030045079e-01, 1.797693134862e+308, 1.8524e+01, 6.6553e-02, 
 2DIAGNOSTIC,     5, -3.982596161509e-01, 1.797693134862e+308, 1.8591e+01, 6.6325e-02, 
 2DIAGNOSTIC,     6, -3.992387263527e-01, 1.797693134862e+308, 1.8657e+01, 6.6174e-02, 
 2DIAGNOSTIC,     7, -4.005076997962e-01, 1.797693134862e+308, 1.8723e+01, 6.6445e-02, 
 2DIAGNOSTIC,     8, -4.019108986156e-01, 1.797693134862e+308, 1.8790e+01, 6.7126e-02, 
 2DIAGNOSTIC,     9, -4.029735472938e-01, 1.797693134862e+308, 1.8869e+01, 7.8362e-02, 
 2DIAGNOSTIC,    10, -4.035445665241e-01, 1.367870281605e-03, 1.8946e+01, 7.6687e-02, 
 2DIAGNOSTIC,    11, -4.037294770603e-01, 1.277859178074e-03, 1.9023e+01, 7.7800e-02, 
 2DIAGNOSTIC,    12, -4.035931108764e-01, 1.098632126686e-03, 1.9102e+01, 7.8229e-02, 
 2DIAGNOSTIC,    13, -4.034593635275e-01, 8.525380979249e-04, 1.9178e+01, 7.6414e-02, 
 2DIAGNOSTIC,    14, -4.033846270853e-01, 6.066578251375e-04, 1.9254e+01, 7.6107e-02, 
 2DIAGNOSTIC,    15, -4.035941080400e-01, 3.934903327902e-04, 1.9351e+01, 9.7178e-02, 
 2DIAGNOSTIC,    16, -4.036176501483e-01, 2.150037510189e-04, 1.9429e+01, 7.7587e-02, 
 2DIAGNOSTIC,    17, -4.035814666004e-01, 8.880605406349e-05, 1.9495e+01, 6.6380e-02, 
 2DIAGNOSTIC,    18, -4.035517720306e-01, 2.224667516941e-05, 1.9572e+01, 7.7136e-02, 
 2DIAGNOSTIC,    19, -4.036044146899e-01, 1.867874385476e-06, 1.9638e+01, 6.6152e-02, 
 2DIAGNOSTIC,    20, -4.035494897721e-01, 1.264162371790e-06, 1.9715e+01, 7.6431e-02, 
 2DIAGNOSTIC,    21, -4.035897791598e-01, 8.399582143492e-06, 1.9783e+01, 6.7668e-02, 
 2DIAGNOSTIC,    22, -4.036134288053e-01, 1.080910703585e-05, 1.9847e+01, 6.3970e-02, 
 2DIAGNOSTIC,    23, -4.038180705176e-01, 1.444880418522e-05, 1.9909e+01, 6.1986e-02, 
 2DIAGNOSTIC,    24, -4.042442586411e-01, 2.656924806421e-05, 1.9978e+01, 6.9072e-02, 
 2DIAGNOSTIC,    25, -4.044535405296e-01, 4.689658468365e-05, 2.0042e+01, 6.4244e-02, 
 2DIAGNOSTIC,    26, -4.050748334263e-01, 7.898437560324e-05, 2.0104e+01, 6.2602e-02, 
 2DIAGNOSTIC,    27, -4.057127983248e-01, 1.168644647034e-04, 2.0211e+01, 1.0691e-01, 
 2DIAGNOSTIC,    28, -4.058792782245e-01, 1.442037921039e-04, 2.0290e+01, 7.8575e-02, 
 2DIAGNOSTIC,    29, -4.059175001857e-01, 1.585115174321e-04, 2.0369e+01, 7.9112e-02, 
 2DIAGNOSTIC,    30, -4.059031264893e-01, 1.554958696141e-04, 2.0438e+01, 6.9156e-02, 
 2DIAGNOSTIC,    31, -4.058128331435e-01, 1.368942003684e-04, 2.0499e+01, 6.0508e-02, 
 2DIAGNOSTIC,    32, -4.058208725071e-01, 1.071154839427e-04, 2.0568e+01, 6.9544e-02, 
 2DIAGNOSTIC,    33, -4.058269610186e-01, 7.345927058997e-05, 2.0628e+01, 5.9626e-02, 
 2DIAGNOSTIC,    34, -4.057954775010e-01, 4.329492847401e-05, 2.0695e+01, 6.6921e-02, 
 2DIAGNOSTIC,    35, -4.058004962073e-01, 1.504248652556e-05, 2.0754e+01, 5.9060e-02, 
DIAGNOSTIC,Iteration,metricValue,convergenceValue,ITERATION_TIME_INDEX,SINCE_LAST
 2DIAGNOSTIC,     1, -3.623461389375e-01, 1.797693134862e+308, 3.0643e+01, 9.8890e+00, 
 2DIAGNOSTIC,     2, -3.623442756793e-01, 1.797693134862e+308, 3.1260e+01, 6.1704e-01, 
 2DIAGNOSTIC,     3, -3.623422041586e-01, 1.797693134862e+308, 3.1875e+01, 6.1487e-01, 
 2DIAGNOSTIC,     4, -3.623434144204e-01, 1.797693134862e+308, 3.2489e+01, 6.1475e-01, 
 2DIAGNOSTIC,     5, -3.623277563688e-01, 1.797693134862e+308, 3.3101e+01, 6.1153e-01, 
 2DIAGNOSTIC,     6, -3.623304730947e-01, 1.797693134862e+308, 3.3797e+01, 6.9606e-01, 
 2DIAGNOSTIC,     7, -3.623145952178e-01, 1.797693134862e+308, 3.4414e+01, 6.1652e-01, 
 2DIAGNOSTIC,     8, -3.623150127466e-01, 1.797693134862e+308, 3.5110e+01, 6.9662e-01, 
 2DIAGNOSTIC,     9, -3.623113298847e-01, 1.797693134862e+308, 3.5893e+01, 7.8265e-01, 
DIAGNOSTIC,Iteration,metricValue,convergenceValue,ITERATION_TIME_INDEX,SINCE_LAST
 2DIAGNOSTIC,     1, -3.215448020718e-01, 1.797693134862e+308, 4.8879e+01, 1.2986e+01, 
 2DIAGNOSTIC,     2, -3.220311038722e-01, 1.797693134862e+308, 5.2148e+01, 3.2690e+00, 
 2DIAGNOSTIC,     3, -3.229186600362e-01, 1.797693134862e+308, 5.5437e+01, 3.2891e+00, 
 2DIAGNOSTIC,     4, -3.244886064441e-01, 1.797693134862e+308, 5.8757e+01, 3.3204e+00, 
 2DIAGNOSTIC,     5, -3.260855577507e-01, 1.797693134862e+308, 6.3570e+01, 4.8123e+00, 
 2DIAGNOSTIC,     6, -3.260962106084e-01, 1.797693134862e+308, 6.9893e+01, 6.3237e+00, 
 2DIAGNOSTIC,     7, -3.260977896915e-01, 1.797693134862e+308, 7.3738e+01, 3.8448e+00, 
 2DIAGNOSTIC,     8, -3.260953734549e-01, 1.797693134862e+308, 7.8585e+01, 4.8473e+00, 
 2DIAGNOSTIC,     9, -3.260943608352e-01, 1.797693134862e+308, 8.3394e+01, 4.8086e+00, 
 2DIAGNOSTIC,    10, -3.260936016712e-01, 9.730231790404e-04, 8.7165e+01, 3.7711e+00, 
 2DIAGNOSTIC,    11, -3.260928144125e-01, 6.365642660491e-04, 9.0441e+01, 3.2763e+00, 
 2DIAGNOSTIC,    12, -3.260919488037e-01, 3.363722094875e-04, 9.4213e+01, 3.7717e+00, 
 2DIAGNOSTIC,    13, -3.260922805314e-01, 1.103831775684e-04, 9.7984e+01, 3.7705e+00, 
 2DIAGNOSTIC,    14, -3.260919529814e-01, 2.125253222948e-06, 1.0126e+02, 3.2759e+00, 
 2DIAGNOSTIC,    15, -3.260922750614e-01, 1.400403097415e-06, 1.0452e+02, 3.2595e+00, 
 2DIAGNOSTIC,    16, -3.260917417366e-01, 1.381289891994e-06, 1.0827e+02, 3.7551e+00, 
 2DIAGNOSTIC,    17, -3.260916401753e-01, 1.500536472424e-06, 1.1206e+02, 3.7827e+00, 
 2DIAGNOSTIC,    18, -3.260912321550e-01, 1.504465857803e-06, 1.1581e+02, 3.7546e+00, 
 2DIAGNOSTIC,    19, -3.260912622053e-01, 1.487666939554e-06, 1.1958e+02, 3.7687e+00, 
 2DIAGNOSTIC,    20, -3.260913681368e-01, 1.462040794896e-06, 1.2337e+02, 3.7860e+00, 
 2DIAGNOSTIC,    21, -3.260900206888e-01, 1.363290512132e-06, 1.2714e+02, 3.7754e+00, 
 2DIAGNOSTIC,    22, -3.260894396401e-01, 1.232016182622e-06, 1.3091e+02, 3.7689e+00, 
 2DIAGNOSTIC,    23, -3.260901106049e-01, 1.171028125052e-06, 1.3470e+02, 3.7904e+00, 
 2DIAGNOSTIC,    24, -3.260906345654e-01, 1.140019664683e-06, 1.3797e+02, 3.2722e+00, 
 2DIAGNOSTIC,    25, -3.260911801660e-01, 1.159212914104e-06, 1.4174e+02, 3.7686e+00, 
 2DIAGNOSTIC,    26, -3.260887608372e-01, 1.089464857953e-06, 1.4651e+02, 4.7702e+00, 
 2DIAGNOSTIC,    27, -3.260876902676e-01, 1.003370429291e-06, 1.5027e+02, 3.7625e+00, 
  Elapsed time (stage 0): 1.5474e+02


Stage 1
  iterations = 1000x500x250x100
  convergence threshold = 1.0000e-06
  convergence window size = 10
  number of levels = 4
  using the Mattes MI metric (number of bins = 32, weight = 1.0000e+00)
  preprocessing:  winsorizing the image intensities
  Shrink factors (level 1 out of 4): [12, 12, 12]
  Shrink factors (level 2 out of 4): [8, 8, 8]
  Shrink factors (level 3 out of 4): [4, 4, 4]
  Shrink factors (level 4 out of 4): [2, 2, 2]
  smoothing sigmas per level: [4, 3, 2, 1]
  regular sampling (percentage = 2.5000e-01)

*** Running AffineTransform registration ***

DIAGNOSTIC,Iteration,metricValue,convergenceValue,ITERATION_TIME_INDEX,SINCE_LAST
 2DIAGNOSTIC,     1, -4.144899474152e-01, 1.797693134862e+308, 8.8330e+00, 8.8330e+00, 
 2DIAGNOSTIC,     2, -4.158623765776e-01, 1.797693134862e+308, 8.8511e+00, 1.8067e-02, 
 2DIAGNOSTIC,     3, -4.175010672336e-01, 1.797693134862e+308, 8.8691e+00, 1.8054e-02, 
 2DIAGNOSTIC,     4, -4.214329638114e-01, 1.797693134862e+308, 8.8872e+00, 1.8068e-02, 
 2DIAGNOSTIC,     5, -4.275943648017e-01, 1.797693134862e+308, 8.9053e+00, 1.8129e-02, 
 2DIAGNOSTIC,     6, -4.376442739638e-01, 1.797693134862e+308, 8.9239e+00, 1.8558e-02, 
 2DIAGNOSTIC,     7, -4.550925875938e-01, 1.797693134862e+308, 8.9424e+00, 1.8512e-02, 
 2DIAGNOSTIC,     8, -4.728806226880e-01, 1.797693134862e+308, 8.9683e+00, 2.5935e-02, 
 2DIAGNOSTIC,     9, -4.984772435253e-01, 1.797693134862e+308, 9.0050e+00, 3.6694e-02, 
 2DIAGNOSTIC,    10, -4.991877915525e-01, 1.358400277779e-02, 9.0245e+00, 1.9453e-02, 
 2DIAGNOSTIC,    11, -4.996251425027e-01, 1.336857006840e-02, 9.0463e+00, 2.1796e-02, 
 2DIAGNOSTIC,    12, -4.997711228648e-01, 1.208958618234e-02, 9.0655e+00, 1.9234e-02, 
 2DIAGNOSTIC,    13, -4.997936561653e-01, 1.000575012137e-02, 9.0843e+00, 1.8793e-02, 
 2DIAGNOSTIC,    14, -5.001389925648e-01, 7.517843739265e-03, 9.1026e+00, 1.8278e-02, 
 2DIAGNOSTIC,    15, -5.009425076004e-01, 4.992957759611e-03, 9.1212e+00, 1.8619e-02, 
 2DIAGNOSTIC,    16, -5.016429430138e-01, 2.764849138693e-03, 9.1403e+00, 1.9130e-02, 
 2DIAGNOSTIC,    17, -5.019443479136e-01, 1.190541959032e-03, 9.1593e+00, 1.8985e-02, 
 2DIAGNOSTIC,    18, -5.023125514373e-01, 2.793006320344e-04, 9.1809e+00, 2.1570e-02, 
 2DIAGNOSTIC,    19, -5.027003291199e-01, 2.673897487864e-04, 9.2026e+00, 2.1754e-02, 
 2DIAGNOSTIC,    20, -5.031925772395e-01, 2.673287313455e-04, 9.2243e+00, 2.1707e-02, 
 2DIAGNOSTIC,    21, -5.031894033801e-01, 2.544680803357e-04, 9.2489e+00, 2.4545e-02, 
 2DIAGNOSTIC,    22, -5.037352260138e-01, 2.385856433222e-04, 9.3190e+00, 7.0068e-02, 
 2DIAGNOSTIC,    23, -5.037351952534e-01, 2.024830497420e-04, 9.3385e+00, 1.9516e-02, 
 2DIAGNOSTIC,    24, -5.037352720638e-01, 1.589723047282e-04, 9.3575e+00, 1.9022e-02, 
 2DIAGNOSTIC,    25, -5.037354019260e-01, 1.231326367740e-04, 9.3760e+00, 1.8542e-02, 
 2DIAGNOSTIC,    26, -5.037356214458e-01, 9.464841124755e-05, 9.3947e+00, 1.8708e-02, 
 2DIAGNOSTIC,    27, -5.037359923940e-01, 6.603779321308e-05, 9.4133e+00, 1.8508e-02, 
 2DIAGNOSTIC,    28, -5.037366187188e-01, 4.107000582018e-05, 9.4322e+00, 1.8919e-02, 
 2DIAGNOSTIC,    29, -5.037376761814e-01, 2.192122548982e-05, 9.4510e+00, 1.8811e-02, 
 2DIAGNOSTIC,    30, -5.037394605507e-01, 1.194800243741e-05, 9.4697e+00, 1.8754e-02, 
 2DIAGNOSTIC,    31, -5.037424655338e-01, 1.318804186974e-06, 9.4885e+00, 1.8779e-02, 
 2DIAGNOSTIC,    32, -5.037475113938e-01, 1.445045390770e-06, 9.5073e+00, 1.8805e-02, 
 2DIAGNOSTIC,    33, -5.037559307571e-01, 1.671462387560e-06, 9.5262e+00, 1.8874e-02, 
 2DIAGNOSTIC,    34, -5.037698084288e-01, 2.057792162363e-06, 9.5450e+00, 1.8808e-02, 
 2DIAGNOSTIC,    35, -5.037924528424e-01, 2.693914050868e-06, 9.5640e+00, 1.9032e-02, 
 2DIAGNOSTIC,    36, -5.038281590697e-01, 3.702749569623e-06, 9.5832e+00, 1.9191e-02, 
 2DIAGNOSTIC,    37, -5.040199945043e-01, 7.408851262877e-06, 9.6021e+00, 1.8906e-02, 
 2DIAGNOSTIC,    38, -5.040765712114e-01, 1.109535769719e-05, 9.6238e+00, 2.1668e-02, 
 2DIAGNOSTIC,    39, -5.040789769093e-01, 1.367894782238e-05, 9.6457e+00, 2.1924e-02, 
 2DIAGNOSTIC,    40, -5.041262830403e-01, 1.566740802089e-05, 9.6673e+00, 2.1568e-02, 
 2DIAGNOSTIC,    41, -5.040409260616e-01, 1.494992820862e-05, 9.6862e+00, 1.8917e-02, 
 2DIAGNOSTIC,    42, -5.041771481020e-01, 1.486718304424e-05, 9.7052e+00, 1.8985e-02, 
 2DIAGNOSTIC,    43, -5.042481456077e-01, 1.444250150996e-05, 9.7269e+00, 2.1710e-02, 
 2DIAGNOSTIC,    44, -5.043104832325e-01, 1.374435620364e-05, 9.7485e+00, 2.1595e-02, 
 2DIAGNOSTIC,    45, -5.042935295053e-01, 1.194771414231e-05, 9.7674e+00, 1.8857e-02, 
 2DIAGNOSTIC,    46, -5.042563925797e-01, 9.119673713649e-06, 9.7861e+00, 1.8782e-02, 
 2DIAGNOSTIC,    47, -5.047549802149e-01, 1.409827982242e-05, 9.8087e+00, 2.2534e-02, 
 2DIAGNOSTIC,    48, -5.053594140801e-01, 2.533136384035e-05, 9.8305e+00, 2.1821e-02, 
 2DIAGNOSTIC,    49, -5.054778942717e-01, 3.500160097611e-05, 9.8519e+00, 2.1420e-02, 
 2DIAGNOSTIC,    50, -5.062961707268e-01, 5.118715333995e-05, 9.8706e+00, 1.8683e-02, 
 2DIAGNOSTIC,    51, -5.066853993423e-01, 6.514220808189e-05, 9.8975e+00, 2.6875e-02, 
 2DIAGNOSTIC,    52, -5.064799497476e-01, 7.146598347645e-05, 9.9160e+00, 1.8527e-02, 
 2DIAGNOSTIC,    53, -5.066418355896e-01, 7.337950517255e-05, 9.9373e+00, 2.1300e-02, 
 2DIAGNOSTIC,    54, -5.066897614576e-01, 6.941598074124e-05, 9.9613e+00, 2.4047e-02, 
 2DIAGNOSTIC,    55, -5.066366326884e-01, 5.824523432212e-05, 9.9799e+00, 1.8511e-02, 
 2DIAGNOSTIC,    56, -5.066457552223e-01, 4.156544148646e-05, 9.9983e+00, 1.8488e-02, 
 2DIAGNOSTIC,    57, -5.066557427569e-01, 2.667293781148e-05, 1.0020e+01, 2.1265e-02, 
 2DIAGNOSTIC,    58, -5.065207156624e-01, 1.455191956987e-05, 1.0041e+01, 2.1334e-02, 
DIAGNOSTIC,Iteration,metricValue,convergenceValue,ITERATION_TIME_INDEX,SINCE_LAST
 2DIAGNOSTIC,     1, -4.444934282957e-01, 1.797693134862e+308, 1.9054e+01, 9.0134e+00, 
 2DIAGNOSTIC,     2, -4.453491091201e-01, 1.797693134862e+308, 1.9123e+01, 6.9003e-02, 
 2DIAGNOSTIC,     3, -4.462397113437e-01, 1.797693134862e+308, 1.9193e+01, 6.9246e-02, 
 2DIAGNOSTIC,     4, -4.474451907817e-01, 1.797693134862e+308, 1.9260e+01, 6.7639e-02, 
 2DIAGNOSTIC,     5, -4.488447734229e-01, 1.797693134862e+308, 1.9341e+01, 8.0506e-02, 
 2DIAGNOSTIC,     6, -4.496218040828e-01, 1.797693134862e+308, 1.9420e+01, 7.9588e-02, 
 2DIAGNOSTIC,     7, -4.495271838797e-01, 1.797693134862e+308, 1.9500e+01, 7.9279e-02, 
 2DIAGNOSTIC,     8, -4.493853169679e-01, 1.797693134862e+308, 1.9647e+01, 1.4717e-01, 
 2DIAGNOSTIC,     9, -4.494009505452e-01, 1.797693134862e+308, 1.9745e+01, 9.8300e-02, 
 2DIAGNOSTIC,    10, -4.493817921232e-01, 7.478289599206e-04, 1.9831e+01, 8.5705e-02, 
 2DIAGNOSTIC,    11, -4.493792788244e-01, 4.863768706000e-04, 1.9905e+01, 7.4266e-02, 
 2DIAGNOSTIC,    12, -4.493603861891e-01, 2.700811444682e-04, 1.9979e+01, 7.3869e-02, 
 2DIAGNOSTIC,    13, -4.493664299148e-01, 1.066233743071e-04, 2.0072e+01, 9.2838e-02, 
 2DIAGNOSTIC,    14, -4.493688275153e-01, 1.032998947209e-05, 2.0155e+01, 8.2855e-02, 
DIAGNOSTIC,Iteration,metricValue,convergenceValue,ITERATION_TIME_INDEX,SINCE_LAST
 2DIAGNOSTIC,     1, -3.975664636985e-01, 1.797693134862e+308, 2.9722e+01, 9.5674e+00, 
 2DIAGNOSTIC,     2, -3.977815933806e-01, 1.797693134862e+308, 3.0283e+01, 5.6126e-01, 
 2DIAGNOSTIC,     3, -3.979417418689e-01, 1.797693134862e+308, 3.0850e+01, 5.6631e-01, 
 2DIAGNOSTIC,     4, -3.982498133942e-01, 1.797693134862e+308, 3.1414e+01, 5.6433e-01, 
 2DIAGNOSTIC,     5, -3.985518968438e-01, 1.797693134862e+308, 3.2064e+01, 6.5010e-01, 
 2DIAGNOSTIC,     6, -3.987521363019e-01, 1.797693134862e+308, 3.2713e+01, 6.4885e-01, 
 2DIAGNOSTIC,     7, -3.988175172608e-01, 1.797693134862e+308, 3.4229e+01, 1.5165e+00, 
 2DIAGNOSTIC,     8, -3.988148096229e-01, 1.797693134862e+308, 3.4967e+01, 7.3777e-01, 
 2DIAGNOSTIC,     9, -3.988146191281e-01, 1.797693134862e+308, 3.5619e+01, 6.5200e-01, 
 2DIAGNOSTIC,    10, -3.988166983621e-01, 2.217416101345e-04, 3.6181e+01, 5.6191e-01, 
 2DIAGNOSTIC,    11, -3.988080609540e-01, 1.533941854250e-04, 3.6835e+01, 6.5401e-01, 
 2DIAGNOSTIC,    12, -3.988086806069e-01, 9.592448062237e-05, 3.7396e+01, 5.6123e-01, 
 2DIAGNOSTIC,    13, -3.988021205476e-01, 4.718667978994e-05, 3.8045e+01, 6.4852e-01, 
 2DIAGNOSTIC,    14, -3.988059827850e-01, 1.698192565507e-05, 3.8783e+01, 7.3846e-01, 
 2DIAGNOSTIC,    15, -3.987862191740e-01, 2.640163494327e-06, 3.9348e+01, 5.6481e-01, 
DIAGNOSTIC,Iteration,metricValue,convergenceValue,ITERATION_TIME_INDEX,SINCE_LAST
 2DIAGNOSTIC,     1, -3.475744415473e-01, 1.797693134862e+308, 5.2662e+01, 1.3314e+01, 
 2DIAGNOSTIC,     2, -3.477566728507e-01, 1.797693134862e+308, 5.6259e+01, 3.5974e+00, 
 2DIAGNOSTIC,     3, -3.478641444591e-01, 1.797693134862e+308, 6.0375e+01, 4.1154e+00, 
 2DIAGNOSTIC,     4, -3.478599594411e-01, 1.797693134862e+308, 6.7717e+01, 7.3418e+00, 
 2DIAGNOSTIC,     5, -3.478570429923e-01, 1.797693134862e+308, 7.1847e+01, 4.1308e+00, 
 2DIAGNOSTIC,     6, -3.478521963527e-01, 1.797693134862e+308, 7.5976e+01, 4.1285e+00, 
 2DIAGNOSTIC,     7, -3.478504379329e-01, 1.797693134862e+308, 8.0140e+01, 4.1637e+00, 
 2DIAGNOSTIC,     8, -3.478483255457e-01, 1.797693134862e+308, 8.5897e+01, 5.7579e+00, 
 2DIAGNOSTIC,     9, -3.478488090621e-01, 1.797693134862e+308, 9.0549e+01, 4.6516e+00, 
 2DIAGNOSTIC,    10, -3.478484103986e-01, 3.080810632985e-05, 9.4694e+01, 4.1447e+00, 
 2DIAGNOSTIC,    11, -3.478485735174e-01, 7.792352057293e-06, 9.9916e+01, 5.2218e+00, 
  Elapsed time (stage 1): 1.0433e+02


Stage 2
  iterations = 100x100x70x50x20
  convergence threshold = 1.0000e-06
  convergence window size = 10
  number of levels = 5
  using the CC metric (radius = 4, weight = 1.0000e+00)
  preprocessing:  winsorizing the image intensities
  Shrink factors (level 1 out of 5): [10, 10, 10]
  Shrink factors (level 2 out of 5): [6, 6, 6]
  Shrink factors (level 3 out of 5): [4, 4, 4]
  Shrink factors (level 4 out of 5): [2, 2, 2]
  Shrink factors (level 5 out of 5): [1, 1, 1]
  smoothing sigmas per level: [5, 3, 2, 1, 0]
  Using default NONE metricSamplingStrategy 

*** Running SyN registration (varianceForUpdateField = 3.0000e+00, varianceForTotalField = 0.0000e+00) ***

XXDIAGNOSTIC,Iteration,metricValue,convergenceValue,ITERATION_TIME_INDEX,SINCE_LAST
 1DIAGNOSTIC,     1, -4.514966429658e-01, 1.797693134862e+308, 1.0193e+01, 1.0193e+01, 
 1DIAGNOSTIC,     2, -4.636835807300e-01, 1.797693134862e+308, 1.1736e+01, 1.5433e+00, 
 1DIAGNOSTIC,     3, -4.737374888457e-01, 1.797693134862e+308, 1.3286e+01, 1.5494e+00, 
 1DIAGNOSTIC,     4, -4.821162372894e-01, 1.797693134862e+308, 1.4836e+01, 1.5508e+00, 
 1DIAGNOSTIC,     5, -4.893563855978e-01, 1.797693134862e+308, 1.6391e+01, 1.5550e+00, 
 1DIAGNOSTIC,     6, -4.951678724430e-01, 1.797693134862e+308, 1.7938e+01, 1.5467e+00, 
 1DIAGNOSTIC,     7, -5.003850435151e-01, 1.797693134862e+308, 1.9494e+01, 1.5554e+00, 
 1DIAGNOSTIC,     8, -5.048578796465e-01, 1.797693134862e+308, 2.1048e+01, 1.5546e+00, 
 1DIAGNOSTIC,     9, -5.087892897655e-01, 1.797693134862e+308, 2.2612e+01, 1.5638e+00, 
 1DIAGNOSTIC,    10, -5.126045071932e-01, 7.678725209078e-03, 2.4177e+01, 1.5652e+00, 
 1DIAGNOSTIC,    11, -5.156935384430e-01, 5.941582419810e-03, 2.5731e+01, 1.5542e+00, 
 1DIAGNOSTIC,    12, -5.184461541818e-01, 4.684632886956e-03, 2.7292e+01, 1.5607e+00, 
 1DIAGNOSTIC,    13, -5.208221580358e-01, 3.750269191286e-03, 2.8857e+01, 1.5647e+00, 
 1DIAGNOSTIC,    14, -5.229400315098e-01, 3.038974038699e-03, 3.0423e+01, 1.5660e+00, 
 1DIAGNOSTIC,    15, -5.248274339057e-01, 2.492737636086e-03, 3.1986e+01, 1.5629e+00, 
 1DIAGNOSTIC,    16, -5.264519264862e-01, 2.050386897910e-03, 3.3546e+01, 1.5608e+00, 
 1DIAGNOSTIC,    17, -5.279678627762e-01, 1.695926198069e-03, 3.5110e+01, 1.5637e+00, 
 1DIAGNOSTIC,    18, -5.293108247894e-01, 1.406655083158e-03, 3.6671e+01, 1.5614e+00, 
 1DIAGNOSTIC,    19, -5.304998355536e-01, 1.168780509518e-03, 3.8233e+01, 1.5615e+00, 
 1DIAGNOSTIC,    20, -5.316216922434e-01, 9.844948006393e-04, 3.9794e+01, 1.5616e+00, 
 1DIAGNOSTIC,    21, -5.325991341576e-01, 8.341777924511e-04, 4.1357e+01, 1.5624e+00, 
 1DIAGNOSTIC,    22, -5.335255857218e-01, 7.128221928008e-04, 4.2907e+01, 1.5500e+00, 
 1DIAGNOSTIC,    23, -5.343427757921e-01, 6.124286423848e-04, 4.4470e+01, 1.5628e+00, 
 1DIAGNOSTIC,    24, -5.351074282171e-01, 5.295598817717e-04, 4.6034e+01, 1.5644e+00, 
 1DIAGNOSTIC,    25, -5.357673930875e-01, 4.599708710688e-04, 4.7594e+01, 1.5603e+00, 
 1DIAGNOSTIC,    26, -5.364116400704e-01, 4.006301714043e-04, 4.9158e+01, 1.5638e+00, 
 1DIAGNOSTIC,    27, -5.369751424852e-01, 3.503669454715e-04, 5.0736e+01, 1.5774e+00, 
 1DIAGNOSTIC,    28, -5.374818927949e-01, 3.069939185793e-04, 5.2299e+01, 1.5636e+00, 
 1DIAGNOSTIC,    29, -5.379402874131e-01, 2.688128663829e-04, 5.3881e+01, 1.5818e+00, 
 1DIAGNOSTIC,    30, -5.383774708128e-01, 2.362850688078e-04, 5.5450e+01, 1.5694e+00, 
 1DIAGNOSTIC,    31, -5.387610595707e-01, 2.075132717256e-04, 5.7017e+01, 1.5666e+00, 
 1DIAGNOSTIC,    32, -5.391157344973e-01, 1.827838638639e-04, 5.8576e+01, 1.5586e+00, 
 1DIAGNOSTIC,    33, -5.394409913036e-01, 1.611365231503e-04, 6.0139e+01, 1.5634e+00, 
 1DIAGNOSTIC,    34, -5.397370711598e-01, 1.425159716151e-04, 6.1695e+01, 1.5562e+00, 
 1DIAGNOSTIC,    35, -5.400064607061e-01, 1.258893667014e-04, 6.3262e+01, 1.5672e+00, 
 1DIAGNOSTIC,    36, -5.402668208904e-01, 1.119152326329e-04, 6.4825e+01, 1.5631e+00, 
 1DIAGNOSTIC,    37, -5.405225096293e-01, 1.001085047280e-04, 6.6388e+01, 1.5624e+00, 
 1DIAGNOSTIC,    38, -5.407356289842e-01, 8.970005242013e-05, 6.7950e+01, 1.5621e+00, 
 1DIAGNOSTIC,    39, -5.409253080992e-01, 8.032380593615e-05, 6.9518e+01, 1.5680e+00, 
 1DIAGNOSTIC,    40, -5.411133815599e-01, 7.227446548043e-05, 7.1089e+01, 1.5710e+00, 
 1DIAGNOSTIC,    41, -5.412837799904e-01, 6.506699815017e-05, 7.2652e+01, 1.5629e+00, 
 1DIAGNOSTIC,    42, -5.414456462533e-01, 5.867413850178e-05, 7.4217e+01, 1.5656e+00, 
 1DIAGNOSTIC,    43, -5.415938645003e-01, 5.296598632973e-05, 7.5774e+01, 1.5569e+00, 
 1DIAGNOSTIC,    44, -5.417397312284e-01, 4.793025428590e-05, 7.7337e+01, 1.5623e+00, 
 1DIAGNOSTIC,    45, -5.418694205551e-01, 4.336023445459e-05, 7.8898e+01, 1.5610e+00, 
 1DIAGNOSTIC,    46, -5.419682567281e-01, 3.908439393643e-05, 8.0457e+01, 1.5599e+00, 
 1DIAGNOSTIC,    47, -5.421073366758e-01, 3.582987311540e-05, 8.2016e+01, 1.5584e+00, 
 1DIAGNOSTIC,    48, -5.422213717834e-01, 3.298547547408e-05, 8.3578e+01, 1.5619e+00, 
 1DIAGNOSTIC,    49, -5.423225346303e-01, 3.032946221653e-05, 8.5139e+01, 1.5614e+00, 
 1DIAGNOSTIC,    50, -5.424252163656e-01, 2.805128291278e-05, 8.6697e+01, 1.5581e+00, 
 1DIAGNOSTIC,    51, -5.424911646873e-01, 2.570921625243e-05, 8.8264e+01, 1.5671e+00, 
 1DIAGNOSTIC,    52, -5.426015927850e-01, 2.385527828374e-05, 8.9837e+01, 1.5723e+00, 
 1DIAGNOSTIC,    53, -5.426754208037e-01, 2.205853321685e-05, 9.1397e+01, 1.5607e+00, 
 1DIAGNOSTIC,    54, -5.427475744170e-01, 2.042383004017e-05, 9.2963e+01, 1.5661e+00, 
 1DIAGNOSTIC,    55, -5.428147387548e-01, 1.886562711740e-05, 9.4527e+01, 1.5639e+00, 
 1DIAGNOSTIC,    56, -5.428367138815e-01, 1.674542900496e-05, 9.6086e+01, 1.5592e+00, 
 1DIAGNOSTIC,    57, -5.429506513701e-01, 1.552437335653e-05, 9.7650e+01, 1.5630e+00, 
 1DIAGNOSTIC,    58, -5.430095514458e-01, 1.447257921822e-05, 9.9212e+01, 1.5624e+00, 
 1DIAGNOSTIC,    59, -5.430638407368e-01, 1.351817229437e-05, 1.0077e+02, 1.5605e+00, 
 1DIAGNOSTIC,    60, -5.430836673858e-01, 1.244860450303e-05, 1.0234e+02, 1.5725e+00, 
 1DIAGNOSTIC,    61, -5.431411520433e-01, 1.134717681062e-05, 1.0391e+02, 1.5677e+00, 
 1DIAGNOSTIC,    62, -5.432088255500e-01, 1.075912018000e-05, 1.0548e+02, 1.5646e+00, 
 1DIAGNOSTIC,    63, -5.432274250787e-01, 9.963489693055e-06, 1.0704e+02, 1.5610e+00, 
 1DIAGNOSTIC,    64, -5.432997583124e-01, 9.496889689823e-06, 1.0860e+02, 1.5647e+00, 
 1DIAGNOSTIC,    65, -5.433116928324e-01, 8.833977476416e-06, 1.1016e+02, 1.5620e+00, 
 1DIAGNOSTIC,    66, -5.433548198680e-01, 7.900578595680e-06, 1.1173e+02, 1.5620e+00, 
 1DIAGNOSTIC,    67, -5.434196875520e-01, 7.695767244544e-06, 1.1329e+02, 1.5635e+00, 
 1DIAGNOSTIC,    68, -5.434295541381e-01, 7.325579323682e-06, 1.1486e+02, 1.5721e+00, 
 1DIAGNOSTIC,    69, -5.434864065859e-01, 7.177502049274e-06, 1.1643e+02, 1.5694e+00, 
 1DIAGNOSTIC,    70, -5.434831055263e-01, 6.501453251789e-06, 1.1799e+02, 1.5618e+00, 
 1DIAGNOSTIC,    71, -5.435689927587e-01, 6.338724906541e-06, 1.1955e+02, 1.5603e+00, 
 1DIAGNOSTIC,    72, -5.435679450862e-01, 6.091261586636e-06, 1.2112e+02, 1.5697e+00, 
 1DIAGNOSTIC,    73, -5.436281666256e-01, 5.878003787175e-06, 1.2268e+02, 1.5601e+00, 
 1DIAGNOSTIC,    74, -5.436255134343e-01, 5.649356132143e-06, 1.2425e+02, 1.5661e+00, 
 1DIAGNOSTIC,    75, -5.436629604025e-01, 5.276175243304e-06, 1.2582e+02, 1.5682e+00, 
 1DIAGNOSTIC,    76, -5.436811509532e-01, 4.860085722827e-06, 1.2738e+02, 1.5633e+00, 
 1DIAGNOSTIC,    77, -5.437337568479e-01, 4.839962815159e-06, 1.2894e+02, 1.5560e+00, 
 1DIAGNOSTIC,    78, -5.437289207995e-01, 4.415005215542e-06, 1.3050e+02, 1.5587e+00, 
 1DIAGNOSTIC,    79, -5.437581068153e-01, 4.208864646100e-06, 1.3206e+02, 1.5604e+00, 
 1DIAGNOSTIC,    80, -5.437731876272e-01, 3.705024052758e-06, 1.3361e+02, 1.5559e+00, 
 1DIAGNOSTIC,    81, -5.438248479214e-01, 3.800572389162e-06, 1.3517e+02, 1.5562e+00, 
 1DIAGNOSTIC,    82, -5.438107837327e-01, 3.448149301581e-06, 1.3673e+02, 1.5607e+00, 
 1DIAGNOSTIC,    83, -5.438395570070e-01, 3.393239994473e-06, 1.3830e+02, 1.5747e+00, 
 1DIAGNOSTIC,    84, -5.438589766243e-01, 3.151669188406e-06, 1.3986e+02, 1.5591e+00, 
 1DIAGNOSTIC,    85, -5.438745924220e-01, 2.975321311259e-06, 1.4143e+02, 1.5685e+00, 
 1DIAGNOSTIC,    86, -5.439195816064e-01, 2.933316114393e-06, 1.4298e+02, 1.5532e+00, 
 1DIAGNOSTIC,    87, -5.439068613766e-01, 2.888754074587e-06, 1.4454e+02, 1.5602e+00, 
 1DIAGNOSTIC,    88, -5.439046787654e-01, 2.564589108495e-06, 1.4611e+02, 1.5602e+00, 
 1DIAGNOSTIC,    89, -5.439741850322e-01, 2.626608044712e-06, 1.4766e+02, 1.5573e+00, 
 1DIAGNOSTIC,    90, -5.439607972372e-01, 2.455330087829e-06, 1.4923e+02, 1.5680e+00, 
 1DIAGNOSTIC,    91, -5.439787918038e-01, 2.501322995873e-06, 1.5079e+02, 1.5616e+00, 
 1DIAGNOSTIC,    92, -5.439964662420e-01, 2.360671736933e-06, 1.5236e+02, 1.5639e+00, 
 1DIAGNOSTIC,    93, -5.440069123695e-01, 2.251338376509e-06, 1.5391e+02, 1.5538e+00, 
 1DIAGNOSTIC,    94, -5.440276521400e-01, 2.181739445871e-06, 1.5548e+02, 1.5669e+00, 
 1DIAGNOSTIC,    95, -5.440615668713e-01, 2.203273527844e-06, 1.5703e+02, 1.5515e+00, 
 1DIAGNOSTIC,    96, -5.440282383591e-01, 2.112049874907e-06, 1.5859e+02, 1.5604e+00, 
 1DIAGNOSTIC,    97, -5.440659345410e-01, 1.998677998391e-06, 1.6015e+02, 1.5604e+00, 
 1DIAGNOSTIC,    98, -5.440795533339e-01, 1.771660115446e-06, 1.6170e+02, 1.5541e+00, 
 1DIAGNOSTIC,    99, -5.441189346275e-01, 1.993728002039e-06, 1.6326e+02, 1.5592e+00, 
 1DIAGNOSTIC,   100, -5.440618529683e-01, 1.670120736598e-06, 1.6483e+02, 1.5689e+00, 
XXDIAGNOSTIC,Iteration,metricValue,convergenceValue,ITERATION_TIME_INDEX,SINCE_LAST
 1DIAGNOSTIC,     1, -4.713536463641e-01, 1.797693134862e+308, 1.8155e+02, 1.6716e+01, 
 1DIAGNOSTIC,     2, -4.748173895071e-01, 1.797693134862e+308, 1.8946e+02, 7.9160e+00, 
 1DIAGNOSTIC,     3, -4.778482752227e-01, 1.797693134862e+308, 1.9737e+02, 7.9066e+00, 
 1DIAGNOSTIC,     4, -4.804250143470e-01, 1.797693134862e+308, 2.0522e+02, 7.8534e+00, 
 1DIAGNOSTIC,     5, -4.828065851520e-01, 1.797693134862e+308, 2.1306e+02, 7.8398e+00, 
 1DIAGNOSTIC,     6, -4.849626541245e-01, 1.797693134862e+308, 2.2098e+02, 7.9194e+00, 
 1DIAGNOSTIC,     7, -4.868322640618e-01, 1.797693134862e+308, 2.2893e+02, 7.9435e+00, 
 1DIAGNOSTIC,     8, -4.885879134097e-01, 1.797693134862e+308, 2.3684e+02, 7.9101e+00, 
 1DIAGNOSTIC,     9, -4.900482007768e-01, 1.797693134862e+308, 2.4476e+02, 7.9201e+00, 
 1DIAGNOSTIC,    10, -4.914219076108e-01, 2.608150190852e-03, 2.5267e+02, 7.9107e+00, 
 1DIAGNOSTIC,    11, -4.925965609064e-01, 2.107177825921e-03, 2.6058e+02, 7.9092e+00, 
 1DIAGNOSTIC,    12, -4.936483827270e-01, 1.720354007798e-03, 2.6857e+02, 7.9970e+00, 
 1DIAGNOSTIC,    13, -4.951264718848e-01, 1.439920621064e-03, 2.7651e+02, 7.9365e+00, 
 1DIAGNOSTIC,    14, -4.957279571752e-01, 1.200087687147e-03, 2.8446e+02, 7.9478e+00, 
 1DIAGNOSTIC,    15, -4.972504621635e-01, 1.034339510359e-03, 2.9239e+02, 7.9304e+00, 
 1DIAGNOSTIC,    16, -4.975689746589e-01, 8.835039984320e-04, 3.0029e+02, 7.9055e+00, 
 1DIAGNOSTIC,    17, -4.986427354150e-01, 7.697555559936e-04, 3.0823e+02, 7.9353e+00, 
 1DIAGNOSTIC,    18, -4.991605915594e-01, 6.701790147731e-04, 3.1615e+02, 7.9197e+00, 
 1DIAGNOSTIC,    19, -5.003056382711e-01, 5.981871104876e-04, 3.2412e+02, 7.9733e+00, 
 1DIAGNOSTIC,    20, -5.005632959345e-01, 5.244638851405e-04, 3.3203e+02, 7.9133e+00, 
 1DIAGNOSTIC,    21, -5.015952904761e-01, 4.700107781915e-04, 3.3998e+02, 7.9445e+00, 
 1DIAGNOSTIC,    22, -5.016397556369e-01, 4.047251083135e-04, 3.4787e+02, 7.8876e+00, 
 1DIAGNOSTIC,    23, -5.025359426832e-01, 3.673170025056e-04, 3.5580e+02, 7.9371e+00, 
 1DIAGNOSTIC,    24, -5.030093562793e-01, 3.234126254449e-04, 3.6378e+02, 7.9766e+00, 
 1DIAGNOSTIC,    25, -5.038331915971e-01, 3.069713999820e-04, 3.7180e+02, 8.0221e+00, 
 1DIAGNOSTIC,    26, -5.040019068201e-01, 2.732864264030e-04, 3.7968e+02, 7.8767e+00, 
 1DIAGNOSTIC,    27, -5.046028039898e-01, 2.524375330822e-04, 3.8761e+02, 7.9344e+00, 
 1DIAGNOSTIC,    28, -5.050498774641e-01, 2.286097379300e-04, 3.9549e+02, 7.8765e+00, 
 1DIAGNOSTIC,    29, -5.052239768309e-01, 2.109282907755e-04, 4.0342e+02, 7.9304e+00, 
 1DIAGNOSTIC,    30, -5.057741692773e-01, 1.897017036545e-04, 4.1131e+02, 7.8939e+00, 
 1DIAGNOSTIC,    31, -5.061312788992e-01, 1.778104600115e-04, 4.1922e+02, 7.9054e+00, 
 1DIAGNOSTIC,    32, -5.062296773840e-01, 1.521473436059e-04, 4.2712e+02, 7.8964e+00, 
 1DIAGNOSTIC,    33, -5.066766149956e-01, 1.370673079991e-04, 4.3502e+02, 7.9027e+00, 
 1DIAGNOSTIC,    34, -5.068713823791e-01, 1.208339058023e-04, 4.4291e+02, 7.8932e+00, 
 1DIAGNOSTIC,    35, -5.070082703946e-01, 1.098802876983e-04, 4.5083e+02, 7.9158e+00, 
 1DIAGNOSTIC,    36, -5.073343798818e-01, 9.687108568439e-05, 4.5875e+02, 7.9242e+00, 
 1DIAGNOSTIC,    37, -5.073023026837e-01, 8.407629366491e-05, 4.6660e+02, 7.8489e+00, 
 1DIAGNOSTIC,    38, -5.068782966454e-01, 6.448661231737e-05, 4.7447e+02, 7.8648e+00, 
 1DIAGNOSTIC,    39, -5.073518245199e-01, 4.937113969330e-05, 4.8240e+02, 7.9342e+00, 
 1DIAGNOSTIC,    40, -5.075859333442e-01, 4.123668768713e-05, 4.9037e+02, 7.9687e+00, 
 1DIAGNOSTIC,    41, -5.078855580601e-01, 3.868126997256e-05, 4.9825e+02, 7.8785e+00, 
 1DIAGNOSTIC,    42, -5.076150428430e-01, 3.022336133537e-05, 5.0626e+02, 8.0166e+00, 
 1DIAGNOSTIC,    43, -5.081795119618e-01, 3.305846258685e-05, 5.1423e+02, 7.9688e+00, 
 1DIAGNOSTIC,    44, -5.084121738282e-01, 3.792339565587e-05, 5.2211e+02, 7.8755e+00, 
 1DIAGNOSTIC,    45, -5.084051654261e-01, 4.030569609047e-05, 5.3001e+02, 7.9000e+00, 
 1DIAGNOSTIC,    46, -5.085080462593e-01, 4.424124020786e-05, 5.3791e+02, 7.9029e+00, 
 1DIAGNOSTIC,    47, -5.088568498347e-01, 4.796328557702e-05, 5.4584e+02, 7.9324e+00, 
 1DIAGNOSTIC,    48, -5.087616507273e-01, 4.056048948716e-05, 5.5375e+02, 7.9023e+00, 
 1DIAGNOSTIC,    49, -5.089263621434e-01, 3.699681062811e-05, 5.6165e+02, 7.9015e+00, 
 1DIAGNOSTIC,    50, -5.093411775719e-01, 3.743051798647e-05, 5.6959e+02, 7.9469e+00, 
 1DIAGNOSTIC,    51, -5.094474747233e-01, 3.888830271848e-05, 5.7750e+02, 7.9094e+00, 
 1DIAGNOSTIC,    52, -5.093801303976e-01, 3.276752150936e-05, 5.8539e+02, 7.8863e+00, 
 1DIAGNOSTIC,    53, -5.094474159307e-01, 3.061735806148e-05, 5.9326e+02, 7.8703e+00, 
 1DIAGNOSTIC,    54, -5.098161007571e-01, 3.201363390071e-05, 6.0122e+02, 7.9582e+00, 
 1DIAGNOSTIC,    55, -5.097675978042e-01, 2.957195828511e-05, 6.0914e+02, 7.9182e+00, 
 1DIAGNOSTIC,    56, -5.103349520103e-01, 3.117894906574e-05, 6.1707e+02, 7.9317e+00, 
 1DIAGNOSTIC,    57, -5.102746855048e-01, 3.267184079904e-05, 6.2504e+02, 7.9682e+00, 
 1DIAGNOSTIC,    58, -5.102910380585e-01, 3.032971895437e-05, 6.3296e+02, 7.9228e+00, 
 1DIAGNOSTIC,    59, -5.101535060825e-01, 2.537228371516e-05, 6.4085e+02, 7.8912e+00, 
 1DIAGNOSTIC,    60, -5.107743222360e-01, 2.795502883335e-05, 6.4878e+02, 7.9271e+00, 
 1DIAGNOSTIC,    61, -5.104022387197e-01, 2.516513874315e-05, 6.5672e+02, 7.9462e+00, 
 1DIAGNOSTIC,    62, -5.108875067301e-01, 2.406392935938e-05, 6.6466e+02, 7.9349e+00, 
 1DIAGNOSTIC,    63, -5.108327679479e-01, 2.075861757399e-05, 6.7259e+02, 7.9335e+00, 
 1DIAGNOSTIC,    64, -5.112132485943e-01, 2.231055658669e-05, 6.8055e+02, 7.9593e+00, 
 1DIAGNOSTIC,    65, -5.109435879652e-01, 1.869307433235e-05, 6.8850e+02, 7.9524e+00, 
 1DIAGNOSTIC,    66, -5.113607112202e-01, 2.198624819827e-05, 6.9641e+02, 7.9040e+00, 
 1DIAGNOSTIC,    67, -5.112169819200e-01, 2.132303047965e-05, 7.0431e+02, 7.9048e+00, 
 1DIAGNOSTIC,    68, -5.115674259903e-01, 2.178592784386e-05, 7.1223e+02, 7.9170e+00, 
 1DIAGNOSTIC,    69, -5.113198157517e-01, 1.682541334246e-05, 7.2013e+02, 7.9031e+00, 
 1DIAGNOSTIC,    70, -5.116160573171e-01, 1.804712571366e-05, 7.2808e+02, 7.9502e+00, 
 1DIAGNOSTIC,    71, -5.114257984053e-01, 1.290751026061e-05, 7.3605e+02, 7.9650e+00, 
 1DIAGNOSTIC,    72, -5.118981348541e-01, 1.427409550855e-05, 7.4396e+02, 7.9143e+00, 
 1DIAGNOSTIC,    73, -5.115965530729e-01, 1.133664160776e-05, 7.5190e+02, 7.9418e+00, 
 1DIAGNOSTIC,    74, -5.119798183846e-01, 1.343444724705e-05, 7.5981e+02, 7.9066e+00, 
 1DIAGNOSTIC,    75, -5.115848669696e-01, 9.082116138152e-06, 7.6773e+02, 7.9194e+00, 
 1DIAGNOSTIC,    76, -5.121762458588e-01, 1.161600009485e-05, 7.7562e+02, 7.8874e+00, 
 1DIAGNOSTIC,    77, -5.121126364988e-01, 1.126558561577e-05, 7.8356e+02, 7.9432e+00, 
 1DIAGNOSTIC,    78, -5.120380724241e-01, 1.195891469428e-05, 7.9151e+02, 7.9464e+00, 
 1DIAGNOSTIC,    79, -5.120601072495e-01, 9.938353566930e-06, 7.9944e+02, 7.9286e+00, 
 1DIAGNOSTIC,    80, -5.123459335580e-01, 1.119841901639e-05, 8.0739e+02, 7.9518e+00, 
 1DIAGNOSTIC,    81, -5.119413821215e-01, 7.047472588007e-06, 8.1532e+02, 7.9374e+00, 
 1DIAGNOSTIC,    82, -5.122420722371e-01, 7.817343775349e-06, 8.2325e+02, 7.9235e+00, 
 1DIAGNOSTIC,    83, -5.123591074984e-01, 6.506329124897e-06, 8.3120e+02, 7.9496e+00, 
 1DIAGNOSTIC,    84, -5.125499375651e-01, 8.553349254531e-06, 8.3917e+02, 7.9705e+00, 
 1DIAGNOSTIC,    85, -5.123307649240e-01, 5.549621861499e-06, 8.4710e+02, 7.9304e+00, 
 1DIAGNOSTIC,    86, -5.125846515708e-01, 7.760175879791e-06, 8.5502e+02, 7.9265e+00, 
 1DIAGNOSTIC,    87, -5.125976750054e-01, 8.853752869690e-06, 8.6298e+02, 7.9583e+00, 
 1DIAGNOSTIC,    88, -5.124769512759e-01, 7.798176503123e-06, 8.7097e+02, 7.9831e+00, 
 1DIAGNOSTIC,    89, -5.127549124916e-01, 7.924900387256e-06, 8.7893e+02, 7.9661e+00, 
 1DIAGNOSTIC,    90, -5.128979691674e-01, 1.006185129168e-05, 8.8694e+02, 8.0108e+00, 
 1DIAGNOSTIC,    91, -5.129688951049e-01, 9.085630331614e-06, 8.9490e+02, 7.9519e+00, 
 1DIAGNOSTIC,    92, -5.130039608583e-01, 9.332886386167e-06, 9.0285e+02, 7.9540e+00, 
 1DIAGNOSTIC,    93, -5.129275456431e-01, 8.946366696599e-06, 9.1082e+02, 7.9674e+00, 
 1DIAGNOSTIC,    94, -5.130406442506e-01, 9.605864224001e-06, 9.1882e+02, 7.9988e+00, 
 1DIAGNOSTIC,    95, -5.130990662869e-01, 8.306244785912e-06, 9.2677e+02, 7.9521e+00, 
 1DIAGNOSTIC,    96, -5.132198494196e-01, 8.453344281210e-06, 9.3471e+02, 7.9471e+00, 
 1DIAGNOSTIC,    97, -5.128573886848e-01, 5.831047318001e-06, 9.4273e+02, 8.0126e+00, 
 1DIAGNOSTIC,    98, -5.132704478770e-01, 4.455678760376e-06, 9.5072e+02, 7.9882e+00, 
 1DIAGNOSTIC,    99, -5.132044841002e-01, 3.806261515960e-06, 9.5867e+02, 7.9542e+00, 
 1DIAGNOSTIC,   100, -5.132247110510e-01, 3.729417869455e-06, 9.6662e+02, 7.9543e+00, 
XXDIAGNOSTIC,Iteration,metricValue,convergenceValue,ITERATION_TIME_INDEX,SINCE_LAST
 1DIAGNOSTIC,     1, -4.655488869946e-01, 1.797693134862e+308, 1.0023e+03, 3.5642e+01, 
 1DIAGNOSTIC,     2, -4.692200658972e-01, 1.797693134862e+308, 1.0287e+03, 2.6428e+01, 
 1DIAGNOSTIC,     3, -4.727797041525e-01, 1.797693134862e+308, 1.0551e+03, 2.6404e+01, 
 1DIAGNOSTIC,     4, -4.762861717471e-01, 1.797693134862e+308, 1.0815e+03, 2.6400e+01, 
 1DIAGNOSTIC,     5, -4.793665131916e-01, 1.797693134862e+308, 1.1079e+03, 2.6396e+01, 
 1DIAGNOSTIC,     6, -4.824358720249e-01, 1.797693134862e+308, 1.1343e+03, 2.6443e+01, 
 1DIAGNOSTIC,     7, -4.854416094071e-01, 1.797693134862e+308, 1.1609e+03, 2.6540e+01, 
 1DIAGNOSTIC,     8, -4.881381186563e-01, 1.797693134862e+308, 1.1873e+03, 2.6408e+01, 
 1DIAGNOSTIC,     9, -4.903662273887e-01, 1.797693134862e+308, 1.2140e+03, 2.6672e+01, 
 1DIAGNOSTIC,    10, -4.925604282364e-01, 3.616341543394e-03, 1.2405e+03, 2.6559e+01, 
 1DIAGNOSTIC,    11, -4.943381491881e-01, 3.054875983507e-03, 1.2671e+03, 2.6601e+01, 
 1DIAGNOSTIC,    12, -4.959807538887e-01, 2.572856161228e-03, 1.2936e+03, 2.6520e+01, 
 1DIAGNOSTIC,    13, -4.974053485256e-01, 2.156987094268e-03, 1.3203e+03, 2.6647e+01, 
 1DIAGNOSTIC,    14, -4.987015827274e-01, 1.805431377813e-03, 1.3471e+03, 2.6846e+01, 
 1DIAGNOSTIC,    15, -4.999152901873e-01, 1.502843586930e-03, 1.3739e+03, 2.6722e+01, 
 1DIAGNOSTIC,    16, -5.010770364422e-01, 1.253841018106e-03, 1.4005e+03, 2.6644e+01, 
 1DIAGNOSTIC,    17, -5.019383639283e-01, 1.050569075442e-03, 1.4270e+03, 2.6539e+01, 
 1DIAGNOSTIC,    18, -5.029838583761e-01, 8.935094566986e-04, 1.4535e+03, 2.6500e+01, 
 1DIAGNOSTIC,    19, -5.035969436738e-01, 7.563021028592e-04, 1.4801e+03, 2.6519e+01, 
 1DIAGNOSTIC,    20, -5.044421414337e-01, 6.504217332476e-04, 1.5067e+03, 2.6640e+01, 
 1DIAGNOSTIC,    21, -5.050980026224e-01, 5.606276016764e-04, 1.5336e+03, 2.6886e+01, 
 1DIAGNOSTIC,    22, -5.056734812116e-01, 4.846612887513e-04, 1.5601e+03, 2.6540e+01, 
 1DIAGNOSTIC,    23, -5.061237765821e-01, 4.168507587917e-04, 1.5867e+03, 2.6570e+01, 
 1DIAGNOSTIC,    24, -5.066972739562e-01, 3.603990182237e-04, 1.6132e+03, 2.6549e+01, 
 1DIAGNOSTIC,    25, -5.069444025040e-01, 3.079572574751e-04, 1.6398e+03, 2.6566e+01, 
 1DIAGNOSTIC,    26, -5.073885302766e-01, 2.661309569580e-04, 1.6663e+03, 2.6488e+01, 
 1DIAGNOSTIC,    27, -5.076542244207e-01, 2.260622530946e-04, 1.6930e+03, 2.6711e+01, 
 1DIAGNOSTIC,    28, -5.079868710912e-01, 1.958647837883e-04, 1.7196e+03, 2.6638e+01, 
 1DIAGNOSTIC,    29, -5.083853220791e-01, 1.690791714492e-04, 1.7462e+03, 2.6566e+01, 
 1DIAGNOSTIC,    30, -5.088033382445e-01, 1.520946160046e-04, 1.7728e+03, 2.6557e+01, 
 1DIAGNOSTIC,    31, -5.089700928907e-01, 1.369111976924e-04, 1.7993e+03, 2.6517e+01, 
 1DIAGNOSTIC,    32, -5.096425373947e-01, 1.321028602547e-04, 1.8260e+03, 2.6732e+01, 
 1DIAGNOSTIC,    33, -5.097968151287e-01, 1.252159451775e-04, 1.8526e+03, 2.6539e+01, 
 1DIAGNOSTIC,    34, -5.104610104420e-01, 1.277449773746e-04, 1.8792e+03, 2.6605e+01, 
 1DIAGNOSTIC,    35, -5.106109665201e-01, 1.242464955472e-04, 1.9058e+03, 2.6669e+01, 
 1DIAGNOSTIC,    36, -5.110534491430e-01, 1.233112051306e-04, 1.9323e+03, 2.6497e+01, 
 1DIAGNOSTIC,    37, -5.114167619513e-01, 1.203142994460e-04, 1.9589e+03, 2.6555e+01, 
 1DIAGNOSTIC,    38, -5.118983126724e-01, 1.181069135333e-04, 1.9855e+03, 2.6646e+01, 
 1DIAGNOSTIC,    39, -5.117755356024e-01, 1.086758675697e-04, 2.0122e+03, 2.6668e+01, 
 1DIAGNOSTIC,    40, -5.125556223093e-01, 1.066917792667e-04, 2.0389e+03, 2.6705e+01, 
 1DIAGNOSTIC,    41, -5.125327898690e-01, 9.626290351969e-05, 2.0655e+03, 2.6617e+01, 
 1DIAGNOSTIC,    42, -5.130044006932e-01, 9.276935684472e-05, 2.0922e+03, 2.6695e+01, 
 1DIAGNOSTIC,    43, -5.130419035962e-01, 8.292580145892e-05, 2.1188e+03, 2.6562e+01, 
 1DIAGNOSTIC,    44, -5.135259916062e-01, 8.061037032296e-05, 2.1453e+03, 2.6485e+01, 
 1DIAGNOSTIC,    45, -5.133404171757e-01, 7.008102475253e-05, 2.1718e+03, 2.6511e+01, 
 1DIAGNOSTIC,    46, -5.138420355167e-01, 6.503133782067e-05, 2.1983e+03, 2.6506e+01, 
 1DIAGNOSTIC,    47, -5.137481399094e-01, 5.706320723127e-05, 2.2248e+03, 2.6545e+01, 
 1DIAGNOSTIC,    48, -5.143255698560e-01, 5.669716851328e-05, 2.2513e+03, 2.6514e+01, 
 1DIAGNOSTIC,    49, -5.141234805260e-01, 4.685922412103e-05, 2.2779e+03, 2.6604e+01, 
 1DIAGNOSTIC,    50, -5.144125539729e-01, 4.529419956701e-05, 2.3045e+03, 2.6513e+01, 
 1DIAGNOSTIC,    51, -5.146022083990e-01, 4.120839193343e-05, 2.3311e+03, 2.6648e+01, 
 1DIAGNOSTIC,    52, -5.148875280137e-01, 4.155532190242e-05, 2.3579e+03, 2.6843e+01, 
 1DIAGNOSTIC,    53, -5.146776528205e-01, 3.593662002215e-05, 2.3846e+03, 2.6622e+01, 
 1DIAGNOSTIC,    54, -5.150362994971e-01, 3.618929315732e-05, 2.4111e+03, 2.6536e+01, 
 1DIAGNOSTIC,    55, -5.148819765986e-01, 2.933245845984e-05, 2.4376e+03, 2.6549e+01, 
 1DIAGNOSTIC,    56, -5.153099628812e-01, 2.939573437319e-05, 2.4643e+03, 2.6612e+01, 
 1DIAGNOSTIC,    57, -5.149528121366e-01, 2.195617766276e-05, 2.4909e+03, 2.6625e+01, 
 1DIAGNOSTIC,    58, -5.152240444115e-01, 2.122931881450e-05, 2.5176e+03, 2.6731e+01, 
 1DIAGNOSTIC,    59, -5.150445787365e-01, 1.479011261460e-05, 2.5443e+03, 2.6676e+01, 
 1DIAGNOSTIC,    60, -5.155889559699e-01, 1.499654313373e-05, 2.5712e+03, 2.6874e+01, 
 1DIAGNOSTIC,    61, -5.153742546680e-01, 1.335812625052e-05, 2.5979e+03, 2.6734e+01, 
 1DIAGNOSTIC,    62, -5.157588010825e-01, 1.681287466552e-05, 2.6245e+03, 2.6623e+01, 
 1DIAGNOSTIC,    63, -5.156832576814e-01, 1.592740442248e-05, 2.6511e+03, 2.6560e+01, 
 1DIAGNOSTIC,    64, -5.159623283610e-01, 1.925416512918e-05, 2.6776e+03, 2.6484e+01, 
 1DIAGNOSTIC,    65, -5.158795605512e-01, 1.842561446094e-05, 2.7041e+03, 2.6530e+01, 
 1DIAGNOSTIC,    66, -5.160955677819e-01, 2.151185063686e-05, 2.7306e+03, 2.6541e+01, 
 1DIAGNOSTIC,    67, -5.159831728357e-01, 1.846414302192e-05, 2.7572e+03, 2.6540e+01, 
 1DIAGNOSTIC,    68, -5.162819403743e-01, 1.858002554238e-05, 2.7838e+03, 2.6587e+01, 
 1DIAGNOSTIC,    69, -5.162635453836e-01, 1.515467858482e-05, 2.8104e+03, 2.6601e+01, 
 1DIAGNOSTIC,    70, -5.163462632412e-01, 1.553583925866e-05, 2.8369e+03, 2.6559e+01, 
XXDIAGNOSTIC,Iteration,metricValue,convergenceValue,ITERATION_TIME_INDEX,SINCE_LAST
 1DIAGNOSTIC,     1, -4.516766649354e-01, 1.797693134862e+308, 3.0670e+03, 2.3003e+02, 
 1DIAGNOSTIC,     2, -4.553612785729e-01, 1.797693134862e+308, 3.2832e+03, 2.1629e+02, 
 1DIAGNOSTIC,     3, -4.592635510266e-01, 1.797693134862e+308, 3.4995e+03, 2.1626e+02, 
 1DIAGNOSTIC,     4, -4.631708460681e-01, 1.797693134862e+308, 3.7155e+03, 2.1595e+02, 
 1DIAGNOSTIC,     5, -4.668020706724e-01, 1.797693134862e+308, 3.9324e+03, 2.1695e+02, 
 1DIAGNOSTIC,     6, -4.700148818224e-01, 1.797693134862e+308, 4.1491e+03, 2.1666e+02, 
 1DIAGNOSTIC,     7, -4.729248656827e-01, 1.797693134862e+308, 4.3650e+03, 2.1598e+02, 
 1DIAGNOSTIC,     8, -4.756064554706e-01, 1.797693134862e+308, 4.5821e+03, 2.1707e+02, 
 1DIAGNOSTIC,     9, -4.781229477926e-01, 1.797693134862e+308, 4.7992e+03, 2.1713e+02, 
 1DIAGNOSTIC,    10, -4.804912208751e-01, 3.971795841758e-03, 5.0153e+03, 2.1604e+02, 
 1DIAGNOSTIC,    11, -4.826096168914e-01, 3.358828030352e-03, 5.2319e+03, 2.1660e+02, 
 1DIAGNOSTIC,    12, -4.846010146659e-01, 2.832295435913e-03, 5.4507e+03, 2.1878e+02, 
 1DIAGNOSTIC,    13, -4.865000655765e-01, 2.399180909122e-03, 5.6679e+03, 2.1725e+02, 
 1DIAGNOSTIC,    14, -4.882762590916e-01, 2.053053539694e-03, 5.8860e+03, 2.1808e+02, 
 1DIAGNOSTIC,    15, -4.898057860065e-01, 1.771149535280e-03, 6.1040e+03, 2.1800e+02, 
 1DIAGNOSTIC,    16, -4.912498619582e-01, 1.535695852799e-03, 6.3214e+03, 2.1739e+02, 
 1DIAGNOSTIC,    17, -4.926075500386e-01, 1.335909951532e-03, 6.5405e+03, 2.1916e+02, 
 1DIAGNOSTIC,    18, -4.939087345324e-01, 1.166075992640e-03, 6.7582e+03, 2.1760e+02, 
 1DIAGNOSTIC,    19, -4.951637551467e-01, 1.023420055624e-03, 6.9754e+03, 2.1727e+02, 
 1DIAGNOSTIC,    20, -4.963346529855e-01, 9.044714155796e-04, 7.1939e+03, 2.1850e+02, 
 1DIAGNOSTIC,    21, -4.974618400032e-01, 8.037304882632e-04, 7.4119e+03, 2.1799e+02, 
 1DIAGNOSTIC,    22, -4.985546934079e-01, 7.195123979501e-04, 7.6310e+03, 2.1905e+02, 
 1DIAGNOSTIC,    23, -4.996336005658e-01, 6.511994421889e-04, 7.8487e+03, 2.1770e+02, 
 1DIAGNOSTIC,    24, -5.007049004902e-01, 5.970285144593e-04, 8.0667e+03, 2.1804e+02, 
 1DIAGNOSTIC,    25, -5.016057604305e-01, 5.479207497457e-04, 8.2854e+03, 2.1867e+02, 
 1DIAGNOSTIC,    26, -5.024487278678e-01, 5.024790026683e-04, 8.5040e+03, 2.1861e+02, 
 1DIAGNOSTIC,    27, -5.031871627805e-01, 4.583585567364e-04, 8.7227e+03, 2.1870e+02, 
 1DIAGNOSTIC,    28, -5.038000479329e-01, 4.139385574976e-04, 8.9413e+03, 2.1862e+02, 
 1DIAGNOSTIC,    29, -5.043339851823e-01, 3.693921438242e-04, 9.1593e+03, 2.1799e+02, 
 1DIAGNOSTIC,    30, -5.047799998971e-01, 3.242494199187e-04, 9.3768e+03, 2.1750e+02, 
 1DIAGNOSTIC,    31, -5.051983088145e-01, 2.803318301811e-04, 9.5941e+03, 2.1728e+02, 
 1DIAGNOSTIC,    32, -5.055927808611e-01, 2.395656732196e-04, 9.8131e+03, 2.1907e+02, 
 1DIAGNOSTIC,    33, -5.059111305814e-01, 2.030520262453e-04, 1.0032e+04, 2.1868e+02, 
 1DIAGNOSTIC,    34, -5.062128990982e-01, 1.728438149170e-04, 1.0250e+04, 2.1790e+02, 
 1DIAGNOSTIC,    35, -5.064982888809e-01, 1.475524868511e-04, 1.0468e+04, 2.1826e+02, 
 1DIAGNOSTIC,    36, -5.067555208989e-01, 1.272870444729e-04, 1.0687e+04, 2.1864e+02, 
 1DIAGNOSTIC,    37, -5.070419992676e-01, 1.120072073029e-04, 1.0904e+04, 2.1759e+02, 
 1DIAGNOSTIC,    38, -5.072893997028e-01, 9.992385657864e-05, 1.1122e+04, 2.1816e+02, 
 1DIAGNOSTIC,    39, -5.075480007475e-01, 9.068927719875e-05, 1.1341e+04, 2.1834e+02, 
 1DIAGNOSTIC,    40, -5.078699256236e-01, 8.434607552208e-05, 1.1559e+04, 2.1839e+02, 
 1DIAGNOSTIC,    41, -5.080868283697e-01, 7.915362792020e-05, 1.1777e+04, 2.1789e+02, 
 1DIAGNOSTIC,    42, -5.083547744920e-01, 7.576831961792e-05, 1.1996e+04, 2.1854e+02, 
 1DIAGNOSTIC,    43, -5.086283899199e-01, 7.323390715576e-05, 1.2214e+04, 2.1812e+02, 
 1DIAGNOSTIC,    44, -5.089491348997e-01, 7.194683534963e-05, 1.2432e+04, 2.1801e+02, 
 1DIAGNOSTIC,    45, -5.091708497210e-01, 7.029490281765e-05, 1.2651e+04, 2.1887e+02, 
 1DIAGNOSTIC,    46, -5.094741926130e-01, 6.901816850335e-05, 1.2869e+04, 2.1883e+02, 
 1DIAGNOSTIC,    47, -5.097474004367e-01, 6.804080415240e-05, 1.3088e+04, 2.1831e+02, 
 1DIAGNOSTIC,    48, -5.101225381253e-01, 6.802652643796e-05, 1.3307e+04, 2.1948e+02, 
 1DIAGNOSTIC,    49, -5.103935815521e-01, 6.763264908567e-05, 1.3526e+04, 2.1913e+02, 
 1DIAGNOSTIC,    50, -5.106786684797e-01, 6.777055226507e-05, 1.3745e+04, 2.1826e+02, 
XXDIAGNOSTIC,Iteration,metricValue,convergenceValue,ITERATION_TIME_INDEX,SINCE_LAST
 1DIAGNOSTIC,     1, -4.575657823035e-01, 1.797693134862e+308, 1.5570e+04, 1.8255e+03, 
 1DIAGNOSTIC,     2, -4.592422091809e-01, 1.797693134862e+308, 1.7352e+04, 1.7816e+03, 
 1DIAGNOSTIC,     3, -4.611278461798e-01, 1.797693134862e+308, 1.9141e+04, 1.7892e+03, 
 1DIAGNOSTIC,     4, -4.631884594951e-01, 1.797693134862e+308, 2.0932e+04, 1.7908e+03, 
 1DIAGNOSTIC,     5, -4.651737210319e-01, 1.797693134862e+308, 2.2719e+04, 1.7878e+03, 
 1DIAGNOSTIC,     6, -4.669865973655e-01, 1.797693134862e+308, 2.4507e+04, 1.7880e+03, 
 1DIAGNOSTIC,     7, -4.688511537919e-01, 1.797693134862e+308, 2.6300e+04, 1.7930e+03, 
 1DIAGNOSTIC,     8, -4.702708767584e-01, 1.797693134862e+308, 2.8092e+04, 1.7913e+03, 
slurmstepd: error: *** JOB 6248625 ON wbic-cs-5 CANCELLED AT 2021-02-09T23:22:03 DUE TO TIME LIMIT ***
