Changed directory to /lustre/scratch/wbic-beta/ccn30/ENCRYPT/gridcellpilot/scripts/coregistration/slurmoutputs.

JobID: 4032452
======
Time: Tue Oct  8 18:12:32 BST 2019
Running on master node: wbic-cs-23
Current directory: /lustre/scratch/wbic-beta/ccn30/ENCRYPT/gridcellpilot/scripts/coregistration/slurmoutputs

Nodes allocated:
================
wbic-cs-23

numtasks=1, numnodes=1, mpi_tasks_per_node=1 (OMP_NUM_THREADS=1)

Executing command:
==================
/lustre/scratch/wbic-beta/ccn30/ENCRYPT/gridcellpilot/scripts/coregistration/coreg_all.sh /lustre/scratch/wbic-beta/ccn30/ENCRYPT/gridcellpilot 29336/20190903_U-ID46066

29336
/lustre/scratch/wbic-beta/ccn30/ENCRYPT/gridcellpilot/preprocessed_data/segmentation/29336
EXECUTING t2 to t1 coreg in /lustre/scratch/wbic-beta/ccn30/ENCRYPT/gridcellpilot/preprocessed_data/segmentation/29336/coregistration
>> CORR_RATIO COREG OK: subject 29336/run 1
0.998816 0.995559 -0.062950 0.069993 0.000000 0.067708 0.995398 -0.067816 0.000000 -0.065402 0.072254 0.995240 0.000000 -11.247730 16.772090 3.343406 1.000000 
>> BBR COREG OK: subject 29336/run 1
EXECUTING matrix calcs for subject 29336 run 1}
FLIRT pre-alignment
Running BBR
0.972913 0.996899 0.025009 -0.074614 0.000000 -0.017667 0.995080 0.097490 0.000000 0.076685 -0.095870 0.992436 0.000000 -2.357586 5.218592 107.029990 1.000000 
>> EPI_REG OK: subject 29336/run 1
>> MATRIX INVERSION OK: subject 29336/run 1
>> MATRIX CONCATENATION OK: subject 29336/run 1
EXECUTING mask to epi coreg for subject 29336 run 1
>> EC MASKS SUCCESSFULLY TRANSFORMED TO EPI SPACE: subject 29336/run 1
