Changed directory to /lustre/scratch/wbic-beta/ccn30/ENCRYPT/gridcellpilot/scripts/coregistration/slurmoutputs.

JobID: 4099959
======
Time: Wed Oct 23 09:36:42 BST 2019
Running on master node: wbic-csm-6
Current directory: /lustre/scratch/wbic-beta/ccn30/ENCRYPT/gridcellpilot/scripts/coregistration/slurmoutputs

Nodes allocated:
================
wbic-csm-6

numtasks=1, numnodes=1, mpi_tasks_per_node=1 (OMP_NUM_THREADS=1)

Executing command:
==================
/lustre/scratch/wbic-beta/ccn30/ENCRYPT/gridcellpilot/scripts/coregistration/coreg_all.sh /lustre/scratch/wbic-beta/ccn30/ENCRYPT/gridcellpilot 29358/20190905_U-ID46106

29358
/lustre/scratch/wbic-beta/ccn30/ENCRYPT/gridcellpilot/preprocessed_data/segmentation/29358
mkdir: cannot create directory ‘/lustre/scratch/wbic-beta/ccn30/ENCRYPT/gridcellpilot/preprocessed_data/segmentation/29358/coregistration’: File exists
Making coregistration directory...
/lustre/scratch/wbic-beta/ccn30/ENCRYPT/gridcellpilot/preprocessed_data/segmentation/29358/coregistration
EXECUTING t2 to t1 coreg:  29358

--------------------------------------------------------------------------------------
 Mapping parameters
--------------------------------------------------------------------------------------
 ANTSPATH is /applications/ANTS/2.2.0/bin/

 Dimensionality:           3
 Output name prefix:       /lustre/scratch/wbic-beta/ccn30/ENCRYPT/gridcellpilot/preprocessed_data/segmentation/29358/coregistration/T1toT2_ANTS_
 Fixed images:             /lustre/scratch/wbic-beta/ccn30/ENCRYPT/gridcellpilot/raw_data/images/29358/20190905_U-ID46106/Series_033_Highresolution_TSE_PAT2_100/N4Series_033_Highresolution_TSE_PAT2_100_c32.nii
 Moving images:            /lustre/scratch/wbic-beta/ccn30/ENCRYPT/gridcellpilot/raw_data/images/29358/20190905_U-ID46106/mp2rage/reorientn4mag0000_PSIR_skulled_std.nii
 Number of threads:        1
 Spline distance:          26
 Transform type:           s
 MI histogram bins:        32
 Precision:                d
 Use histogram matching    0
======================================================================================
 antsRegistration call:
--------------------------------------------------------------------------------------
/applications/ANTS/2.2.0/bin//antsRegistration --verbose 1 --dimensionality 3 --float 0 --output [/lustre/scratch/wbic-beta/ccn30/ENCRYPT/gridcellpilot/preprocessed_data/segmentation/29358/coregistration/T1toT2_ANTS_,/lustre/scratch/wbic-beta/ccn30/ENCRYPT/gridcellpilot/preprocessed_data/segmentation/29358/coregistration/T1toT2_ANTS_Warped.nii.gz,/lustre/scratch/wbic-beta/ccn30/ENCRYPT/gridcellpilot/preprocessed_data/segmentation/29358/coregistration/T1toT2_ANTS_InverseWarped.nii.gz] --interpolation Linear --use-histogram-matching 0 --winsorize-image-intensities [0.005,0.995] --initial-moving-transform [/lustre/scratch/wbic-beta/ccn30/ENCRYPT/gridcellpilot/raw_data/images/29358/20190905_U-ID46106/Series_033_Highresolution_TSE_PAT2_100/N4Series_033_Highresolution_TSE_PAT2_100_c32.nii,/lustre/scratch/wbic-beta/ccn30/ENCRYPT/gridcellpilot/raw_data/images/29358/20190905_U-ID46106/mp2rage/reorientn4mag0000_PSIR_skulled_std.nii,1] --transform Rigid[0.1] --metric MI[/lustre/scratch/wbic-beta/ccn30/ENCRYPT/gridcellpilot/raw_data/images/29358/20190905_U-ID46106/Series_033_Highresolution_TSE_PAT2_100/N4Series_033_Highresolution_TSE_PAT2_100_c32.nii,/lustre/scratch/wbic-beta/ccn30/ENCRYPT/gridcellpilot/raw_data/images/29358/20190905_U-ID46106/mp2rage/reorientn4mag0000_PSIR_skulled_std.nii,1,32,Regular,0.25] --convergence [1000x500x250x0,1e-6,10] --shrink-factors 12x8x4x2 --smoothing-sigmas 4x3x2x1vox --transform Affine[0.1] --metric MI[/lustre/scratch/wbic-beta/ccn30/ENCRYPT/gridcellpilot/raw_data/images/29358/20190905_U-ID46106/Series_033_Highresolution_TSE_PAT2_100/N4Series_033_Highresolution_TSE_PAT2_100_c32.nii,/lustre/scratch/wbic-beta/ccn30/ENCRYPT/gridcellpilot/raw_data/images/29358/20190905_U-ID46106/mp2rage/reorientn4mag0000_PSIR_skulled_std.nii,1,32,Regular,0.25] --convergence [1000x500x250x0,1e-6,10] --shrink-factors 12x8x4x2 --smoothing-sigmas 4x3x2x1vox --transform SyN[0.1,3,0] --metric MI[/lustre/scratch/wbic-beta/ccn30/ENCRYPT/gridcellpilot/raw_data/images/29358/20190905_U-ID46106/Series_033_Highresolution_TSE_PAT2_100/N4Series_033_Highresolution_TSE_PAT2_100_c32.nii,/lustre/scratch/wbic-beta/ccn30/ENCRYPT/gridcellpilot/raw_data/images/29358/20190905_U-ID46106/mp2rage/reorientn4mag0000_PSIR_skulled_std.nii,1,32] --convergence [100x100x70x50x0,1e-6,10] --shrink-factors 10x6x4x2x1 --smoothing-sigmas 5x3x2x1x0vox
--------------------------------------------------------------------------------------
All_Command_lines_OK
Using double precision for computations.
=============================================================================
The composite transform comprises the following transforms (in order): 
  1. Center of mass alignment using fixed image: /lustre/scratch/wbic-beta/ccn30/ENCRYPT/gridcellpilot/raw_data/images/29358/20190905_U-ID46106/Series_033_Highresolution_TSE_PAT2_100/N4Series_033_Highresolution_TSE_PAT2_100_c32.nii and moving image: /lustre/scratch/wbic-beta/ccn30/ENCRYPT/gridcellpilot/raw_data/images/29358/20190905_U-ID46106/mp2rage/reorientn4mag0000_PSIR_skulled_std.nii (type = Euler3DTransform)
=============================================================================
  number of levels = 4
  number of levels = 4
  number of levels = 5
  fixed image: /lustre/scratch/wbic-beta/ccn30/ENCRYPT/gridcellpilot/raw_data/images/29358/20190905_U-ID46106/Series_033_Highresolution_TSE_PAT2_100/N4Series_033_Highresolution_TSE_PAT2_100_c32.nii
  moving image: /lustre/scratch/wbic-beta/ccn30/ENCRYPT/gridcellpilot/raw_data/images/29358/20190905_U-ID46106/mp2rage/reorientn4mag0000_PSIR_skulled_std.nii
  fixed image: /lustre/scratch/wbic-beta/ccn30/ENCRYPT/gridcellpilot/raw_data/images/29358/20190905_U-ID46106/Series_033_Highresolution_TSE_PAT2_100/N4Series_033_Highresolution_TSE_PAT2_100_c32.nii
  moving image: /lustre/scratch/wbic-beta/ccn30/ENCRYPT/gridcellpilot/raw_data/images/29358/20190905_U-ID46106/mp2rage/reorientn4mag0000_PSIR_skulled_std.nii
  fixed image: /lustre/scratch/wbic-beta/ccn30/ENCRYPT/gridcellpilot/raw_data/images/29358/20190905_U-ID46106/Series_033_Highresolution_TSE_PAT2_100/N4Series_033_Highresolution_TSE_PAT2_100_c32.nii
  moving image: /lustre/scratch/wbic-beta/ccn30/ENCRYPT/gridcellpilot/raw_data/images/29358/20190905_U-ID46106/mp2rage/reorientn4mag0000_PSIR_skulled_std.nii
Dimension = 3
Number of stages = 3
Use Histogram Matching false
Winsorize image intensities true
Lower quantile = 0.005
Upper quantile = 0.995
Stage 1 State
   Image metric = Mattes
     Fixed image = Image (0x57f1610)
  RTTI typeinfo:   itk::Image<double, 3u>
  Reference Count: 2
  Modified Time: 1713
  Debug: Off
  Object Name: 
  Observers: 
    none
  Source: (none)
  Source output name: (none)
  Release Data: Off
  Data Released: False
  Global Release Data: Off
  PipelineMTime: 0
  UpdateMTime: 1535
  RealTimeStamp: 0 seconds 
  LargestPossibleRegion: 
    Dimension: 3
    Index: [0, 0, 0]
    Size: [512, 512, 54]
  BufferedRegion: 
    Dimension: 3
    Index: [0, 0, 0]
    Size: [512, 512, 54]
  RequestedRegion: 
    Dimension: 3
    Index: [0, 0, 0]
    Size: [512, 512, 54]
  Spacing: [0.4375, 0.4375, 1.1]
  Origin: [-112, 6.3534, -108.129]
  Direction: 
1 1.20559e-11 -7.38789e-12
1.20559e-11 -0.453991 0.891007
-7.38789e-12 0.891007 0.453991

  IndexToPointMatrix: 
0.4375 5.27447e-12 -8.12668e-12
5.27447e-12 -0.198621 0.980107
-3.2322e-12 0.389815 0.49939

  PointToIndexMatrix: 
2.28571 2.75564e-11 -1.68866e-11
2.75564e-11 -1.03769 2.03659
-6.71626e-12 0.810006 0.412719

  Inverse Direction: 
1 1.20559e-11 -7.38789e-12
1.20559e-11 -0.453991 0.891007
-7.38789e-12 0.891007 0.453991

  PixelContainer: 
    ImportImageContainer (0x57eb5e0)
      RTTI typeinfo:   itk::ImportImageContainer<unsigned long, double>
      Reference Count: 1
      Modified Time: 1532
      Debug: Off
      Object Name: 
      Observers: 
        none
      Pointer: 0x2b6a1851d010
      Container manages memory: true
      Size: 14155776
      Capacity: 14155776

     Moving image = Image (0x57f22f0)
  RTTI typeinfo:   itk::Image<double, 3u>
  Reference Count: 2
  Modified Time: 1714
  Debug: Off
  Object Name: 
  Observers: 
    none
  Source: (none)
  Source output name: (none)
  Release Data: Off
  Data Released: False
  Global Release Data: Off
  PipelineMTime: 0
  UpdateMTime: 1711
  RealTimeStamp: 0 seconds 
  LargestPossibleRegion: 
    Dimension: 3
    Index: [0, 0, 0]
    Size: [224, 320, 320]
  BufferedRegion: 
    Dimension: 3
    Index: [0, 0, 0]
    Size: [224, 320, 320]
  RequestedRegion: 
    Dimension: 3
    Index: [0, 0, 0]
    Size: [224, 320, 320]
  Spacing: [0.700005, 0.7, 0.7]
  Origin: [-81.1493, 72.2492, -103.242]
  Direction: 
1 0 0
0 -1 0
0 0 1

  IndexToPointMatrix: 
0.700005 0 0
0 -0.7 0
0 0 0.7

  PointToIndexMatrix: 
1.42856 0 0
0 -1.42857 0
0 0 1.42857

  Inverse Direction: 
1 0 0
0 -1 0
0 0 1

  PixelContainer: 
    ImportImageContainer (0x57efc90)
      RTTI typeinfo:   itk::ImportImageContainer<unsigned long, double>
      Reference Count: 1
      Modified Time: 1708
      Debug: Off
      Object Name: 
      Observers: 
        none
      Pointer: 0x2b6a1f11e010
      Container manages memory: true
      Size: 22937600
      Capacity: 22937600

     Weighting = 1
     Sampling strategy = regular
     Number of bins = 32
     Radius = 4
     Sampling percentage  = 0.25
   Transform = Rigid
     Gradient step = 0.1
     Update field sigma (voxel space) = 0
     Total field sigma (voxel space) = 0
     Update field time sigma = 0
     Total field time sigma  = 0
     Number of time indices = 0
     Number of time point samples = 0
Stage 2 State
   Image metric = Mattes
     Fixed image = Image (0x57f3010)
  RTTI typeinfo:   itk::Image<double, 3u>
  Reference Count: 2
  Modified Time: 2067
  Debug: Off
  Object Name: 
  Observers: 
    none
  Source: (none)
  Source output name: (none)
  Release Data: Off
  Data Released: False
  Global Release Data: Off
  PipelineMTime: 0
  UpdateMTime: 1889
  RealTimeStamp: 0 seconds 
  LargestPossibleRegion: 
    Dimension: 3
    Index: [0, 0, 0]
    Size: [512, 512, 54]
  BufferedRegion: 
    Dimension: 3
    Index: [0, 0, 0]
    Size: [512, 512, 54]
  RequestedRegion: 
    Dimension: 3
    Index: [0, 0, 0]
    Size: [512, 512, 54]
  Spacing: [0.4375, 0.4375, 1.1]
  Origin: [-112, 6.3534, -108.129]
  Direction: 
1 1.20559e-11 -7.38789e-12
1.20559e-11 -0.453991 0.891007
-7.38789e-12 0.891007 0.453991

  IndexToPointMatrix: 
0.4375 5.27447e-12 -8.12668e-12
5.27447e-12 -0.198621 0.980107
-3.2322e-12 0.389815 0.49939

  PointToIndexMatrix: 
2.28571 2.75564e-11 -1.68866e-11
2.75564e-11 -1.03769 2.03659
-6.71626e-12 0.810006 0.412719

  Inverse Direction: 
1 1.20559e-11 -7.38789e-12
1.20559e-11 -0.453991 0.891007
-7.38789e-12 0.891007 0.453991

  PixelContainer: 
    ImportImageContainer (0x57ec210)
      RTTI typeinfo:   itk::ImportImageContainer<unsigned long, double>
      Reference Count: 1
      Modified Time: 1886
      Debug: Off
      Object Name: 
      Observers: 
        none
      Pointer: 0x2b6a2a01f010
      Container manages memory: true
      Size: 14155776
      Capacity: 14155776

     Moving image = Image (0x57fecd0)
  RTTI typeinfo:   itk::Image<double, 3u>
  Reference Count: 2
  Modified Time: 2068
  Debug: Off
  Object Name: 
  Observers: 
    none
  Source: (none)
  Source output name: (none)
  Release Data: Off
  Data Released: False
  Global Release Data: Off
  PipelineMTime: 0
  UpdateMTime: 2065
  RealTimeStamp: 0 seconds 
  LargestPossibleRegion: 
    Dimension: 3
    Index: [0, 0, 0]
    Size: [224, 320, 320]
  BufferedRegion: 
    Dimension: 3
    Index: [0, 0, 0]
    Size: [224, 320, 320]
  RequestedRegion: 
    Dimension: 3
    Index: [0, 0, 0]
    Size: [224, 320, 320]
  Spacing: [0.700005, 0.7, 0.7]
  Origin: [-81.1493, 72.2492, -103.242]
  Direction: 
1 0 0
0 -1 0
0 0 1

  IndexToPointMatrix: 
0.700005 0 0
0 -0.7 0
0 0 0.7

  PointToIndexMatrix: 
1.42856 0 0
0 -1.42857 0
0 0 1.42857

  Inverse Direction: 
1 0 0
0 -1 0
0 0 1

  PixelContainer: 
    ImportImageContainer (0x57fef60)
      RTTI typeinfo:   itk::ImportImageContainer<unsigned long, double>
      Reference Count: 1
      Modified Time: 2062
      Debug: Off
      Object Name: 
      Observers: 
        none
      Pointer: 0x2b6a30c20010
      Container manages memory: true
      Size: 22937600
      Capacity: 22937600

     Weighting = 1
     Sampling strategy = regular
     Number of bins = 32
     Radius = 4
     Sampling percentage  = 0.25
   Transform = Affine
     Gradient step = 0.1
     Update field sigma (voxel space) = 0
     Total field sigma (voxel space) = 0
     Update field time sigma = 0
     Total field time sigma  = 0
     Number of time indices = 0
     Number of time point samples = 0
Stage 3 State
   Image metric = Mattes
     Fixed image = Image (0x57fefc0)
  RTTI typeinfo:   itk::Image<double, 3u>
  Reference Count: 2
  Modified Time: 2421
  Debug: Off
  Object Name: 
  Observers: 
    none
  Source: (none)
  Source output name: (none)
  Release Data: Off
  Data Released: False
  Global Release Data: Off
  PipelineMTime: 0
  UpdateMTime: 2243
  RealTimeStamp: 0 seconds 
  LargestPossibleRegion: 
    Dimension: 3
    Index: [0, 0, 0]
    Size: [512, 512, 54]
  BufferedRegion: 
    Dimension: 3
    Index: [0, 0, 0]
    Size: [512, 512, 54]
  RequestedRegion: 
    Dimension: 3
    Index: [0, 0, 0]
    Size: [512, 512, 54]
  Spacing: [0.4375, 0.4375, 1.1]
  Origin: [-112, 6.3534, -108.129]
  Direction: 
1 1.20559e-11 -7.38789e-12
1.20559e-11 -0.453991 0.891007
-7.38789e-12 0.891007 0.453991

  IndexToPointMatrix: 
0.4375 5.27447e-12 -8.12668e-12
5.27447e-12 -0.198621 0.980107
-3.2322e-12 0.389815 0.49939

  PointToIndexMatrix: 
2.28571 2.75564e-11 -1.68866e-11
2.75564e-11 -1.03769 2.03659
-6.71626e-12 0.810006 0.412719

  Inverse Direction: 
1 1.20559e-11 -7.38789e-12
1.20559e-11 -0.453991 0.891007
-7.38789e-12 0.891007 0.453991

  PixelContainer: 
    ImportImageContainer (0x5800dd0)
      RTTI typeinfo:   itk::ImportImageContainer<unsigned long, double>
      Reference Count: 1
      Modified Time: 2240
      Debug: Off
      Object Name: 
      Observers: 
        none
      Pointer: 0x2b6a3bb21010
      Container manages memory: true
      Size: 14155776
      Capacity: 14155776

     Moving image = Image (0x58076f0)
  RTTI typeinfo:   itk::Image<double, 3u>
  Reference Count: 2
  Modified Time: 2422
  Debug: Off
  Object Name: 
  Observers: 
    none
  Source: (none)
  Source output name: (none)
  Release Data: Off
  Data Released: False
  Global Release Data: Off
  PipelineMTime: 0
  UpdateMTime: 2419
  RealTimeStamp: 0 seconds 
  LargestPossibleRegion: 
    Dimension: 3
    Index: [0, 0, 0]
    Size: [224, 320, 320]
  BufferedRegion: 
    Dimension: 3
    Index: [0, 0, 0]
    Size: [224, 320, 320]
  RequestedRegion: 
    Dimension: 3
    Index: [0, 0, 0]
    Size: [224, 320, 320]
  Spacing: [0.700005, 0.7, 0.7]
  Origin: [-81.1493, 72.2492, -103.242]
  Direction: 
1 0 0
0 -1 0
0 0 1

  IndexToPointMatrix: 
0.700005 0 0
0 -0.7 0
0 0 0.7

  PointToIndexMatrix: 
1.42856 0 0
0 -1.42857 0
0 0 1.42857

  Inverse Direction: 
1 0 0
0 -1 0
0 0 1

  PixelContainer: 
    ImportImageContainer (0x5807980)
      RTTI typeinfo:   itk::ImportImageContainer<unsigned long, double>
      Reference Count: 1
      Modified Time: 2416
      Debug: Off
      Object Name: 
      Observers: 
        none
      Pointer: 0x2b6a42722010
      Container manages memory: true
      Size: 22937600
      Capacity: 22937600

     Weighting = 1
     Sampling strategy = none
     Number of bins = 32
     Radius = 4
     Sampling percentage  = 1
   Transform = SyN
     Gradient step = 0.1
     Update field sigma (voxel space) = 3
     Total field sigma (voxel space) = 0
     Update field time sigma = 0
     Total field time sigma  = 0
     Number of time indices = 0
     Number of time point samples = 0
Registration using 3 total stages.

Stage 0
  iterations = 1000x500x250x0
  convergence threshold = 1e-06
  convergence window size = 10
  number of levels = 4
  using the Mattes MI metric (number of bins = 32, weight = 1)
  preprocessing:  winsorizing the image intensities
  Shrink factors (level 1 out of 4): [12, 12, 5]
  Shrink factors (level 2 out of 4): [8, 8, 3]
  Shrink factors (level 3 out of 4): [4, 4, 2]
  Shrink factors (level 4 out of 4): [2, 2, 1]
  smoothing sigmas per level: [4, 3, 2, 1]
  regular sampling (percentage = 0.25)

*** Running Euler3DTransform registration ***

DIAGNOSTIC,Iteration,metricValue,convergenceValue,ITERATION_TIME_INDEX,SINCE_LAST
 2DIAGNOSTIC,     1, -2.279028750685e-01, 1.797693134862e+308, 1.9376e+01, 1.9376e+01, 
 2DIAGNOSTIC,     2, -2.295384739514e-01, 1.797693134862e+308, 1.9393e+01, 1.6889e-02, 
 2DIAGNOSTIC,     3, -2.312873805824e-01, 1.797693134862e+308, 1.9410e+01, 1.6846e-02, 
 2DIAGNOSTIC,     4, -2.360274727418e-01, 1.797693134862e+308, 1.9426e+01, 1.6933e-02, 
 2DIAGNOSTIC,     5, -2.416144049445e-01, 1.797693134862e+308, 1.9443e+01, 1.6971e-02, 
 2DIAGNOSTIC,     6, -2.436737827294e-01, 1.797693134862e+308, 1.9460e+01, 1.6798e-02, 
 2DIAGNOSTIC,     7, -2.475002237515e-01, 1.797693134862e+308, 1.9478e+01, 1.7359e-02, 
 2DIAGNOSTIC,     8, -2.596006346854e-01, 1.797693134862e+308, 1.9499e+01, 2.1386e-02, 
 2DIAGNOSTIC,     9, -3.498298681676e-01, 1.797693134862e+308, 1.9543e+01, 4.3796e-02, 
 2DIAGNOSTIC,    10, -3.529436340463e-01, 2.774103526763e-02, 1.9560e+01, 1.7660e-02, 
 2DIAGNOSTIC,    11, -3.572105176886e-01, 3.082765130518e-02, 1.9578e+01, 1.7898e-02, 
 2DIAGNOSTIC,    12, -3.604327364440e-01, 3.106137568338e-02, 1.9596e+01, 1.7533e-02, 
 2DIAGNOSTIC,    13, -3.626104766787e-01, 2.874769769724e-02, 1.9614e+01, 1.7741e-02, 
 2DIAGNOSTIC,    14, -3.638183542345e-01, 2.458275059433e-02, 1.9635e+01, 2.1106e-02, 
 2DIAGNOSTIC,    15, -3.643634863295e-01, 1.927522634666e-02, 1.9663e+01, 2.8046e-02, 
 2DIAGNOSTIC,    16, -3.645397445724e-01, 1.325073380619e-02, 1.9680e+01, 1.7526e-02, 
 2DIAGNOSTIC,    17, -3.652396411934e-01, 7.162529414722e-03, 1.9698e+01, 1.7303e-02, 
 2DIAGNOSTIC,    18, -3.654414852322e-01, 1.727537790572e-03, 1.9718e+01, 2.0843e-02, 
 2DIAGNOSTIC,    19, -3.655210891967e-01, 1.166668307205e-03, 1.9736e+01, 1.7603e-02, 
 2DIAGNOSTIC,    20, -3.656043193776e-01, 7.070385079663e-04, 1.9753e+01, 1.7241e-02, 
 2DIAGNOSTIC,    21, -3.658255732416e-01, 4.234253249467e-04, 1.9780e+01, 2.7184e-02, 
 2DIAGNOSTIC,    22, -3.658524503562e-01, 2.603142005953e-04, 1.9798e+01, 1.7251e-02, 
 2DIAGNOSTIC,    23, -3.659124600833e-01, 1.748039131793e-04, 1.9815e+01, 1.7455e-02, 
 2DIAGNOSTIC,    24, -3.659940762140e-01, 1.286587202192e-04, 1.9836e+01, 2.1304e-02, 
 2DIAGNOSTIC,    25, -3.660410310640e-01, 9.573657382965e-05, 1.9862e+01, 2.5089e-02, 
 2DIAGNOSTIC,    26, -3.661784360423e-01, 6.672237295632e-05, 1.9879e+01, 1.7529e-02, 
 2DIAGNOSTIC,    27, -3.662287840131e-01, 5.794997389629e-05, 1.9900e+01, 2.1047e-02, 
 2DIAGNOSTIC,    28, -3.666022571018e-01, 6.242038100206e-05, 1.9926e+01, 2.5990e-02, 
 2DIAGNOSTIC,    29, -3.668348969296e-01, 6.982148407227e-05, 1.9944e+01, 1.7643e-02, 
 2DIAGNOSTIC,    30, -3.668463970809e-01, 7.269876862469e-05, 1.9961e+01, 1.7626e-02, 
 2DIAGNOSTIC,    31, -3.668505336299e-01, 7.505121982409e-05, 1.9979e+01, 1.7334e-02, 
 2DIAGNOSTIC,    32, -3.668611106517e-01, 7.128833433215e-05, 2.0000e+01, 2.1104e-02, 
 2DIAGNOSTIC,    33, -3.668694327537e-01, 6.272176838838e-05, 2.0049e+01, 4.9302e-02, 
 2DIAGNOSTIC,    34, -3.668695159124e-01, 5.080283828680e-05, 2.0131e+01, 8.1565e-02, 
 2DIAGNOSTIC,    35, -3.668695159123e-01, 3.609372762477e-05, 2.0199e+01, 6.7959e-02, 
 2DIAGNOSTIC,    36, -3.668695159123e-01, 2.232874843523e-05, 2.0220e+01, 2.1027e-02, 
 2DIAGNOSTIC,    37, -3.668695159123e-01, 8.309562433178e-06, 2.0254e+01, 3.4511e-02, 
 2DIAGNOSTIC,    38, -3.668695159123e-01, 2.502052506924e-06, 2.0275e+01, 2.0753e-02, 
 2DIAGNOSTIC,    39, -3.668695159123e-01, 1.864158848907e-06, 2.0296e+01, 2.0713e-02, 
 2DIAGNOSTIC,    40, -3.668695159123e-01, 1.410921647745e-06, 2.0316e+01, 2.0361e-02, 
 2DIAGNOSTIC,    41, -3.668695159123e-01, 1.009105521362e-06, 2.0340e+01, 2.3990e-02, 
DIAGNOSTIC,Iteration,metricValue,convergenceValue,ITERATION_TIME_INDEX,SINCE_LAST
 2DIAGNOSTIC,     1, -3.331657028286e-01, 1.797693134862e+308, 3.6465e+01, 1.6125e+01, 
 2DIAGNOSTIC,     2, -3.342375608459e-01, 1.797693134862e+308, 3.6559e+01, 9.3796e-02, 
 2DIAGNOSTIC,     3, -3.346882700384e-01, 1.797693134862e+308, 3.6653e+01, 9.3876e-02, 
 2DIAGNOSTIC,     4, -3.350076227537e-01, 1.797693134862e+308, 3.6738e+01, 8.4504e-02, 
 2DIAGNOSTIC,     5, -3.354111013606e-01, 1.797693134862e+308, 3.6841e+01, 1.0359e-01, 
 2DIAGNOSTIC,     6, -3.357597019564e-01, 1.797693134862e+308, 3.6963e+01, 1.2178e-01, 
 2DIAGNOSTIC,     7, -3.359920364042e-01, 1.797693134862e+308, 3.7123e+01, 1.5964e-01, 
 2DIAGNOSTIC,     8, -3.361048505586e-01, 1.797693134862e+308, 3.7208e+01, 8.5458e-02, 
 2DIAGNOSTIC,     9, -3.365624599050e-01, 1.797693134862e+308, 3.7293e+01, 8.4788e-02, 
 2DIAGNOSTIC,    10, -3.369469653660e-01, 6.238242584306e-04, 3.7375e+01, 8.1957e-02, 
 2DIAGNOSTIC,    11, -3.370840133286e-01, 4.859727806111e-04, 3.7458e+01, 8.3283e-02, 
 2DIAGNOSTIC,    12, -3.372084940107e-01, 4.122955067400e-04, 3.7541e+01, 8.3200e-02, 
 2DIAGNOSTIC,    13, -3.373503862258e-01, 3.516786512230e-04, 3.7657e+01, 1.1572e-01, 
 2DIAGNOSTIC,    14, -3.373625573934e-01, 2.872682532820e-04, 3.7761e+01, 1.0355e-01, 
 2DIAGNOSTIC,    15, -3.373999578316e-01, 2.297260152812e-04, 3.7846e+01, 8.5409e-02, 
 2DIAGNOSTIC,    16, -3.374242588024e-01, 1.782098656345e-04, 3.7967e+01, 1.2150e-01, 
 2DIAGNOSTIC,    17, -3.374427695652e-01, 1.292984448314e-04, 3.8065e+01, 9.7498e-02, 
 2DIAGNOSTIC,    18, -3.374293600005e-01, 7.832737173303e-05, 3.8161e+01, 9.5684e-02, 
 2DIAGNOSTIC,    19, -3.374204639501e-01, 4.528313310034e-05, 3.8243e+01, 8.2749e-02, 
 2DIAGNOSTIC,    20, -3.374285202890e-01, 2.806617745527e-05, 3.8344e+01, 1.0053e-01, 
 2DIAGNOSTIC,    21, -3.374603531970e-01, 1.670788187118e-05, 3.8430e+01, 8.5883e-02, 
 2DIAGNOSTIC,    22, -3.374652984804e-01, 9.758966367637e-06, 3.8610e+01, 1.8012e-01, 
 2DIAGNOSTIC,    23, -3.374725399641e-01, 8.153954945363e-06, 3.8711e+01, 1.0130e-01, 
 2DIAGNOSTIC,    24, -3.374576519927e-01, 5.955477477240e-06, 3.8795e+01, 8.3814e-02, 
 2DIAGNOSTIC,    25, -3.374427277399e-01, 4.247257361270e-06, 3.8878e+01, 8.3489e-02, 
 2DIAGNOSTIC,    26, -3.374499726627e-01, 3.381326339431e-06, 3.8982e+01, 1.0319e-01, 
 2DIAGNOSTIC,    27, -3.374144690627e-01, 1.831359091597e-06, 3.9066e+01, 8.4671e-02, 
DIAGNOSTIC,Iteration,metricValue,convergenceValue,ITERATION_TIME_INDEX,SINCE_LAST
 2DIAGNOSTIC,     1, -3.139868703006e-01, 1.797693134862e+308, 4.7037e+01, 7.9707e+00, 
 2DIAGNOSTIC,     2, -3.145105843151e-01, 1.797693134862e+308, 4.7459e+01, 4.2149e-01, 
 2DIAGNOSTIC,     3, -3.148382580640e-01, 1.797693134862e+308, 4.7881e+01, 4.2218e-01, 
 2DIAGNOSTIC,     4, -3.150294382774e-01, 1.797693134862e+308, 4.8392e+01, 5.1111e-01, 
 2DIAGNOSTIC,     5, -3.153072106595e-01, 1.797693134862e+308, 4.9163e+01, 7.7097e-01, 
 2DIAGNOSTIC,     6, -3.153142431818e-01, 1.797693134862e+308, 4.9671e+01, 5.0860e-01, 
 2DIAGNOSTIC,     7, -3.153262005979e-01, 1.797693134862e+308, 5.0096e+01, 4.2434e-01, 
 2DIAGNOSTIC,     8, -3.153558922350e-01, 1.797693134862e+308, 5.0517e+01, 4.2080e-01, 
 2DIAGNOSTIC,     9, -3.154042417012e-01, 1.797693134862e+308, 5.0940e+01, 4.2300e-01, 
 2DIAGNOSTIC,    10, -3.154951556632e-01, 2.550556376733e-04, 5.1361e+01, 4.2169e-01, 
 2DIAGNOSTIC,    11, -3.157253261475e-01, 1.731482323651e-04, 5.2584e+01, 1.2224e+00, 
 2DIAGNOSTIC,    12, -3.157258901134e-01, 1.284802823488e-04, 5.3102e+01, 5.1839e-01, 
 2DIAGNOSTIC,    13, -3.157237444680e-01, 1.020175516192e-04, 5.3622e+01, 5.2014e-01, 
 2DIAGNOSTIC,    14, -3.157188996079e-01, 8.196706633297e-05, 5.4133e+01, 5.1041e-01, 
 2DIAGNOSTIC,    15, -3.157167549907e-01, 7.376133677184e-05, 5.4563e+01, 4.3025e-01, 
 2DIAGNOSTIC,    16, -3.157148224611e-01, 6.010669098201e-05, 5.4987e+01, 4.2375e-01, 
 2DIAGNOSTIC,    17, -3.157157904040e-01, 4.341166287587e-05, 5.5507e+01, 5.2030e-01, 
 2DIAGNOSTIC,    18, -3.157169165438e-01, 2.645147395513e-05, 5.5937e+01, 4.3030e-01, 
 2DIAGNOSTIC,    19, -3.157222757316e-01, 1.154946789735e-05, 5.6370e+01, 4.3284e-01, 
 2DIAGNOSTIC,    20, -3.157329469061e-01, 1.497410947626e-06, 5.6804e+01, 4.3429e-01, 
 2DIAGNOSTIC,    21, -3.157369880330e-01, 2.449224670430e-06, 5.7239e+01, 4.3505e-01, 
 2DIAGNOSTIC,    22, -3.157509698996e-01, 3.825301158361e-06, 5.7676e+01, 4.3710e-01, 
 2DIAGNOSTIC,    23, -3.157603086070e-01, 5.135459688652e-06, 5.8206e+01, 5.2905e-01, 
 2DIAGNOSTIC,    24, -3.158345356478e-01, 8.584889503685e-06, 5.9383e+01, 1.1778e+00, 
 2DIAGNOSTIC,    25, -3.158365669921e-01, 1.100352990236e-05, 6.0012e+01, 6.2820e-01, 
 2DIAGNOSTIC,    26, -3.158301518553e-01, 1.206281515796e-05, 6.0558e+01, 5.4666e-01, 
 2DIAGNOSTIC,    27, -3.158263623568e-01, 1.197324231776e-05, 6.1120e+01, 5.6145e-01, 
 2DIAGNOSTIC,    28, -3.158221680375e-01, 1.076094270337e-05, 6.1677e+01, 5.5706e-01, 
 2DIAGNOSTIC,    29, -3.158148921548e-01, 8.621899279949e-06, 6.2235e+01, 5.5848e-01, 
 2DIAGNOSTIC,    30, -3.158131203767e-01, 6.181741337673e-06, 6.2870e+01, 6.3499e-01, 
 2DIAGNOSTIC,    31, -3.158135013021e-01, 3.570024460761e-06, 6.3389e+01, 5.1931e-01, 
 2DIAGNOSTIC,    32, -3.158083948430e-01, 1.147800766571e-06, 6.3911e+01, 5.2149e-01, 
DIAGNOSTIC,Iteration,metricValue,convergenceValue,ITERATION_TIME_INDEX,SINCE_LAST
 2DIAGNOSTIC,     1, -2.843461591580e-01, 1.797693134862e+308, 7.2024e+01, 8.1129e+00, 
  Elapsed time (stage 0): 7.6077e+01


Stage 1
  iterations = 1000x500x250x0
  convergence threshold = 1.0000e-06
  convergence window size = 10
  number of levels = 4
  using the Mattes MI metric (number of bins = 32, weight = 1.0000e+00)
  preprocessing:  winsorizing the image intensities
  Shrink factors (level 1 out of 4): [12, 12, 5]
  Shrink factors (level 2 out of 4): [8, 8, 3]
  Shrink factors (level 3 out of 4): [4, 4, 2]
  Shrink factors (level 4 out of 4): [2, 2, 1]
  smoothing sigmas per level: [4, 3, 2, 1]
  regular sampling (percentage = 2.5000e-01)

*** Running AffineTransform registration ***

DIAGNOSTIC,Iteration,metricValue,convergenceValue,ITERATION_TIME_INDEX,SINCE_LAST
 2DIAGNOSTIC,     1, -3.641253165267e-01, 1.797693134862e+308, 1.8186e+01, 1.8186e+01, 
 2DIAGNOSTIC,     2, -3.654179436442e-01, 1.797693134862e+308, 1.8207e+01, 2.0972e-02, 
 2DIAGNOSTIC,     3, -3.667850242534e-01, 1.797693134862e+308, 1.8228e+01, 2.1418e-02, 
 2DIAGNOSTIC,     4, -3.676578717702e-01, 1.797693134862e+308, 1.8250e+01, 2.1446e-02, 
 2DIAGNOSTIC,     5, -3.686004859454e-01, 1.797693134862e+308, 1.8274e+01, 2.4560e-02, 
 2DIAGNOSTIC,     6, -3.696484485412e-01, 1.797693134862e+308, 1.8314e+01, 3.9534e-02, 
 2DIAGNOSTIC,     7, -3.705077220255e-01, 1.797693134862e+308, 1.8343e+01, 2.9022e-02, 
 2DIAGNOSTIC,     8, -3.707704576338e-01, 1.797693134862e+308, 1.8377e+01, 3.4175e-02, 
 2DIAGNOSTIC,     9, -3.711098523838e-01, 1.797693134862e+308, 1.8411e+01, 3.3984e-02, 
 2DIAGNOSTIC,    10, -3.710995184488e-01, 1.256119004488e-03, 1.8439e+01, 2.7999e-02, 
 2DIAGNOSTIC,    11, -3.711346835505e-01, 9.181648756213e-04, 1.8468e+01, 2.9037e-02, 
 2DIAGNOSTIC,    12, -3.712613168500e-01, 6.440982634994e-04, 1.8512e+01, 4.4135e-02, 
 2DIAGNOSTIC,    13, -3.713027367919e-01, 4.374237494986e-04, 1.8544e+01, 3.1929e-02, 
 2DIAGNOSTIC,    14, -3.713252809368e-01, 2.698171159628e-04, 1.8571e+01, 2.6471e-02, 
 2DIAGNOSTIC,    15, -3.713672471705e-01, 1.499898975579e-04, 1.8601e+01, 3.0236e-02, 
 2DIAGNOSTIC,    16, -3.714373053808e-01, 8.456313613749e-05, 1.8638e+01, 3.6959e-02, 
 2DIAGNOSTIC,    17, -3.716182826478e-01, 6.598523697676e-05, 1.8716e+01, 7.7914e-02, 
 2DIAGNOSTIC,    18, -3.716182889704e-01, 5.417295961128e-05, 1.8741e+01, 2.5039e-02, 
 2DIAGNOSTIC,    19, -3.716184096133e-01, 5.270353496482e-05, 1.8764e+01, 2.2809e-02, 
 2DIAGNOSTIC,    20, -3.716186078450e-01, 4.637077652252e-05, 1.8789e+01, 2.5377e-02, 
 2DIAGNOSTIC,    21, -3.716189345355e-01, 3.759631258292e-05, 1.8812e+01, 2.3197e-02, 
 2DIAGNOSTIC,    22, -3.716194331948e-01, 3.056811956060e-05, 1.8837e+01, 2.4518e-02, 
 2DIAGNOSTIC,    23, -3.716200884888e-01, 2.284452668257e-05, 1.8869e+01, 3.2044e-02, 
 2DIAGNOSTIC,    24, -3.716210075368e-01, 1.458894107863e-05, 1.8902e+01, 3.3396e-02, 
 2DIAGNOSTIC,    25, -3.716223018847e-01, 7.084144260726e-06, 1.8928e+01, 2.6233e-02, 
 2DIAGNOSTIC,    26, -3.716237357232e-01, 1.568640909694e-06, 1.8952e+01, 2.3962e-02, 
 2DIAGNOSTIC,    27, -3.716256993768e-01, 1.629042256548e-06, 1.8976e+01, 2.3804e-02, 
 2DIAGNOSTIC,    28, -3.716288171598e-01, 1.727725523683e-06, 1.9002e+01, 2.5809e-02, 
 2DIAGNOSTIC,    29, -3.716327559640e-01, 1.869870451705e-06, 1.9033e+01, 3.1358e-02, 
 2DIAGNOSTIC,    30, -3.716376715903e-01, 2.058786187614e-06, 1.9065e+01, 3.1686e-02, 
 2DIAGNOSTIC,    31, -3.716436601313e-01, 2.295764555370e-06, 1.9137e+01, 7.1820e-02, 
 2DIAGNOSTIC,    32, -3.716439973650e-01, 2.415871900467e-06, 1.9169e+01, 3.2193e-02, 
 2DIAGNOSTIC,    33, -3.716442529877e-01, 2.417128308500e-06, 1.9202e+01, 3.2897e-02, 
 2DIAGNOSTIC,    34, -3.716451575246e-01, 2.321951000535e-06, 1.9234e+01, 3.1735e-02, 
 2DIAGNOSTIC,    35, -3.716472514734e-01, 2.172673944593e-06, 1.9265e+01, 3.0915e-02, 
 2DIAGNOSTIC,    36, -3.716559744215e-01, 2.125479128562e-06, 1.9318e+01, 5.3790e-02, 
 2DIAGNOSTIC,    37, -3.716560268504e-01, 2.000486230509e-06, 1.9391e+01, 7.2827e-02, 
 2DIAGNOSTIC,    38, -3.716560268701e-01, 1.840021506161e-06, 1.9445e+01, 5.3682e-02, 
 2DIAGNOSTIC,    39, -3.716560268701e-01, 1.670914801209e-06, 1.9480e+01, 3.5461e-02, 
 2DIAGNOSTIC,    40, -3.716560268701e-01, 1.518599371753e-06, 1.9531e+01, 5.0669e-02, 
 2DIAGNOSTIC,    41, -3.716560268701e-01, 1.414069713955e-06, 1.9567e+01, 3.6180e-02, 
 2DIAGNOSTIC,    42, -3.716560268701e-01, 1.259980604126e-06, 1.9604e+01, 3.6377e-02, 
 2DIAGNOSTIC,    43, -3.716560268701e-01, 1.072287813805e-06, 1.9640e+01, 3.6412e-02, 
DIAGNOSTIC,Iteration,metricValue,convergenceValue,ITERATION_TIME_INDEX,SINCE_LAST
 2DIAGNOSTIC,     1, -3.414438462833e-01, 1.797693134862e+308, 3.3770e+01, 1.4130e+01, 
 2DIAGNOSTIC,     2, -3.422298029408e-01, 1.797693134862e+308, 3.3875e+01, 1.0482e-01, 
 2DIAGNOSTIC,     3, -3.425729501403e-01, 1.797693134862e+308, 3.4000e+01, 1.2458e-01, 
 2DIAGNOSTIC,     4, -3.426477924864e-01, 1.797693134862e+308, 3.4123e+01, 1.2276e-01, 
 2DIAGNOSTIC,     5, -3.425836917928e-01, 1.797693134862e+308, 3.4263e+01, 1.4048e-01, 
 2DIAGNOSTIC,     6, -3.425419306982e-01, 1.797693134862e+308, 3.4388e+01, 1.2462e-01, 
 2DIAGNOSTIC,     7, -3.425276912303e-01, 1.797693134862e+308, 3.4510e+01, 1.2225e-01, 
 2DIAGNOSTIC,     8, -3.424908646755e-01, 1.797693134862e+308, 3.4649e+01, 1.3925e-01, 
 2DIAGNOSTIC,     9, -3.424926865715e-01, 1.797693134862e+308, 3.4769e+01, 1.2006e-01, 
 2DIAGNOSTIC,    10, -3.425165177076e-01, 1.012682586884e-04, 3.4891e+01, 1.2194e-01, 
 2DIAGNOSTIC,    11, -3.424646053906e-01, 5.224692477088e-06, 3.5013e+01, 1.2130e-01, 
DIAGNOSTIC,Iteration,metricValue,convergenceValue,ITERATION_TIME_INDEX,SINCE_LAST
 2DIAGNOSTIC,     1, -3.151677913094e-01, 1.797693134862e+308, 4.3106e+01, 8.0938e+00, 
 2DIAGNOSTIC,     2, -3.155853003046e-01, 1.797693134862e+308, 4.3622e+01, 5.1556e-01, 
 2DIAGNOSTIC,     3, -3.159919395308e-01, 1.797693134862e+308, 4.4143e+01, 5.2095e-01, 
 2DIAGNOSTIC,     4, -3.164261844348e-01, 1.797693134862e+308, 4.4657e+01, 5.1379e-01, 
 2DIAGNOSTIC,     5, -3.168485260375e-01, 1.797693134862e+308, 4.5269e+01, 6.1255e-01, 
 2DIAGNOSTIC,     6, -3.171667899440e-01, 1.797693134862e+308, 4.6554e+01, 1.2847e+00, 
 2DIAGNOSTIC,     7, -3.171694894898e-01, 1.797693134862e+308, 4.7073e+01, 5.1943e-01, 
 2DIAGNOSTIC,     8, -3.171853654908e-01, 1.797693134862e+308, 4.7581e+01, 5.0804e-01, 
 2DIAGNOSTIC,     9, -3.172142135908e-01, 1.797693134862e+308, 4.8204e+01, 6.2264e-01, 
 2DIAGNOSTIC,    10, -3.172310142034e-01, 4.272347003774e-04, 4.8728e+01, 5.2405e-01, 
 2DIAGNOSTIC,    11, -3.172359572537e-01, 2.839124168263e-04, 4.9255e+01, 5.2657e-01, 
 2DIAGNOSTIC,    12, -3.172859232685e-01, 1.742578684816e-04, 4.9773e+01, 5.1828e-01, 
 2DIAGNOSTIC,    13, -3.173668961621e-01, 9.941035747006e-05, 5.0289e+01, 5.1635e-01, 
 2DIAGNOSTIC,    14, -3.174975044554e-01, 6.199138946221e-05, 5.0808e+01, 5.1850e-01, 
 2DIAGNOSTIC,    15, -3.176943908396e-01, 6.047692682030e-05, 5.1334e+01, 5.2648e-01, 
 2DIAGNOSTIC,    16, -3.179149673237e-01, 8.385991291036e-05, 5.1863e+01, 5.2850e-01, 
 2DIAGNOSTIC,    17, -3.181146455781e-01, 1.074694493929e-04, 5.2374e+01, 5.1166e-01, 
 2DIAGNOSTIC,    18, -3.183977974019e-01, 1.334568183005e-04, 5.3399e+01, 1.0243e+00, 
 2DIAGNOSTIC,    19, -3.183960618940e-01, 1.455430263372e-04, 5.4029e+01, 6.3067e-01, 
 2DIAGNOSTIC,    20, -3.183924919213e-01, 1.438157498123e-04, 5.4771e+01, 7.4168e-01, 
 2DIAGNOSTIC,    21, -3.183916585537e-01, 1.292317901708e-04, 5.5407e+01, 6.3591e-01, 
 2DIAGNOSTIC,    22, -3.183898130275e-01, 1.058988803491e-04, 5.6039e+01, 6.3209e-01, 
 2DIAGNOSTIC,    23, -3.183880331523e-01, 7.778510862262e-05, 5.6658e+01, 6.1941e-01, 
 2DIAGNOSTIC,    24, -3.183836809919e-01, 4.954381267715e-05, 5.7174e+01, 5.1510e-01, 
 2DIAGNOSTIC,    25, -3.183807307994e-01, 2.601698397325e-05, 5.7789e+01, 6.1542e-01, 
 2DIAGNOSTIC,    26, -3.183767881072e-01, 9.357854943270e-06, 5.8310e+01, 5.2082e-01, 
DIAGNOSTIC,Iteration,metricValue,convergenceValue,ITERATION_TIME_INDEX,SINCE_LAST
 2DIAGNOSTIC,     1, -2.861862890250e-01, 1.797693134862e+308, 6.7170e+01, 8.8598e+00, 
  Elapsed time (stage 1): 6.9456e+01


Stage 2
  iterations = 100x100x70x50x0
  convergence threshold = 1.0000e-06
  convergence window size = 10
  number of levels = 5
  using the Mattes MI metric (number of bins = 32, weight = 1.0000e+00)
  preprocessing:  winsorizing the image intensities
  Shrink factors (level 1 out of 5): [10, 10, 4]
  Shrink factors (level 2 out of 5): [6, 6, 2]
  Shrink factors (level 3 out of 5): [4, 4, 2]
  Shrink factors (level 4 out of 5): [2, 2, 1]
  Shrink factors (level 5 out of 5): [1, 1, 1]
  smoothing sigmas per level: [5, 3, 2, 1, 0]
  Using default NONE metricSamplingStrategy 

*** Running SyN registration (varianceForUpdateField = 3.0000e+00, varianceForTotalField = 0.0000e+00) ***

XXDIAGNOSTIC,Iteration,metricValue,convergenceValue,ITERATION_TIME_INDEX,SINCE_LAST
 1DIAGNOSTIC,     1, -3.759319261844e-01, 1.797693134862e+308, 2.6454e+01, 2.6454e+01, 
 1DIAGNOSTIC,     2, -3.817174793325e-01, 1.797693134862e+308, 2.6729e+01, 2.7535e-01, 
 1DIAGNOSTIC,     3, -3.866171199183e-01, 1.797693134862e+308, 2.7003e+01, 2.7365e-01, 
 1DIAGNOSTIC,     4, -3.915019931858e-01, 1.797693134862e+308, 2.7277e+01, 2.7398e-01, 
 1DIAGNOSTIC,     5, -3.960370009514e-01, 1.797693134862e+308, 2.7546e+01, 2.6854e-01, 
 1DIAGNOSTIC,     6, -3.996337045492e-01, 1.797693134862e+308, 2.7815e+01, 2.6911e-01, 
 1DIAGNOSTIC,     7, -4.027846287199e-01, 1.797693134862e+308, 2.8096e+01, 2.8158e-01, 
 1DIAGNOSTIC,     8, -4.051165728285e-01, 1.797693134862e+308, 2.8370e+01, 2.7414e-01, 
 1DIAGNOSTIC,     9, -4.072270920005e-01, 1.797693134862e+308, 2.8656e+01, 2.8543e-01, 
 1DIAGNOSTIC,    10, -4.086856002710e-01, 5.312598332938e-03, 2.8941e+01, 2.8556e-01, 
 1DIAGNOSTIC,    11, -4.103741142772e-01, 4.152238730303e-03, 2.9230e+01, 2.8909e-01, 
 1DIAGNOSTIC,    12, -4.112480285352e-01, 3.211273149269e-03, 2.9511e+01, 2.8041e-01, 
 1DIAGNOSTIC,    13, -4.124967984496e-01, 2.463079012926e-03, 2.9801e+01, 2.8984e-01, 
 1DIAGNOSTIC,    14, -4.132717179644e-01, 1.884799598111e-03, 3.0085e+01, 2.8424e-01, 
 1DIAGNOSTIC,    15, -4.139949667764e-01, 1.459944609511e-03, 3.0379e+01, 2.9363e-01, 
 1DIAGNOSTIC,    16, -4.143963443169e-01, 1.130532285126e-03, 3.0660e+01, 2.8183e-01, 
 1DIAGNOSTIC,    17, -4.147000473708e-01, 8.792984980971e-04, 3.0951e+01, 2.9100e-01, 
 1DIAGNOSTIC,    18, -4.150484999852e-01, 6.793776113681e-04, 3.1233e+01, 2.8192e-01, 
 1DIAGNOSTIC,    19, -4.154801430036e-01, 5.314649939769e-04, 3.1526e+01, 2.9231e-01, 
 1DIAGNOSTIC,    20, -4.154217717636e-01, 3.974544880598e-04, 3.1805e+01, 2.7965e-01, 
 1DIAGNOSTIC,    21, -4.154673488223e-01, 2.977891122018e-04, 3.2085e+01, 2.7999e-01, 
 1DIAGNOSTIC,    22, -4.155284721006e-01, 2.089998828987e-04, 3.2369e+01, 2.8393e-01, 
 1DIAGNOSTIC,    23, -4.154605443068e-01, 1.441172582209e-04, 3.2647e+01, 2.7761e-01, 
 1DIAGNOSTIC,    24, -4.151542794169e-01, 8.459414420600e-05, 3.2941e+01, 2.9394e-01, 
 1DIAGNOSTIC,    25, -4.150192352256e-01, 3.872944251886e-05, 3.3229e+01, 2.8855e-01, 
 1DIAGNOSTIC,    26, -4.147112637274e-01, -4.525263254486e-06, 3.3513e+01, 2.8405e-01, 
XXDIAGNOSTIC,Iteration,metricValue,convergenceValue,ITERATION_TIME_INDEX,SINCE_LAST
 1DIAGNOSTIC,     1, -3.461626481915e-01, 1.797693134862e+308, 4.9175e+01, 1.5662e+01, 
 1DIAGNOSTIC,     2, -3.483619158473e-01, 1.797693134862e+308, 5.0426e+01, 1.2501e+00, 
 1DIAGNOSTIC,     3, -3.503070826622e-01, 1.797693134862e+308, 5.1689e+01, 1.2633e+00, 
 1DIAGNOSTIC,     4, -3.519464139910e-01, 1.797693134862e+308, 5.2938e+01, 1.2488e+00, 
 1DIAGNOSTIC,     5, -3.534738085140e-01, 1.797693134862e+308, 5.4184e+01, 1.2467e+00, 
 1DIAGNOSTIC,     6, -3.546505806617e-01, 1.797693134862e+308, 5.5439e+01, 1.2547e+00, 
 1DIAGNOSTIC,     7, -3.558456199433e-01, 1.797693134862e+308, 5.6697e+01, 1.2575e+00, 
 1DIAGNOSTIC,     8, -3.569160895612e-01, 1.797693134862e+308, 5.7948e+01, 1.2512e+00, 
 1DIAGNOSTIC,     9, -3.578267733031e-01, 1.797693134862e+308, 5.9229e+01, 1.2813e+00, 
 1DIAGNOSTIC,    10, -3.587940908574e-01, 2.219021238529e-03, 6.0509e+01, 1.2795e+00, 
 1DIAGNOSTIC,    11, -3.596660625471e-01, 1.802157294692e-03, 6.1787e+01, 1.2780e+00, 
 1DIAGNOSTIC,    12, -3.604244288304e-01, 1.489478970325e-03, 6.3032e+01, 1.2450e+00, 
 1DIAGNOSTIC,    13, -3.611249911833e-01, 1.252422666520e-03, 6.4296e+01, 1.2644e+00, 
 1DIAGNOSTIC,    14, -3.618209016372e-01, 1.067887073768e-03, 6.5598e+01, 1.3019e+00, 
 1DIAGNOSTIC,    15, -3.625497489946e-01, 9.298926746208e-04, 6.6873e+01, 1.2754e+00, 
 1DIAGNOSTIC,    16, -3.632090811865e-01, 8.144510793125e-04, 6.8129e+01, 1.2561e+00, 
 1DIAGNOSTIC,    17, -3.637457561902e-01, 7.181889679144e-04, 6.9467e+01, 1.3379e+00, 
 1DIAGNOSTIC,    18, -3.642782819807e-01, 6.369333560217e-04, 7.0756e+01, 1.2889e+00, 
 1DIAGNOSTIC,    19, -3.647554748846e-01, 5.627639851453e-04, 7.2040e+01, 1.2836e+00, 
 1DIAGNOSTIC,    20, -3.652150123833e-01, 4.998600812199e-04, 7.3325e+01, 1.2853e+00, 
 1DIAGNOSTIC,    21, -3.654996168307e-01, 4.397235123856e-04, 7.4638e+01, 1.3128e+00, 
 1DIAGNOSTIC,    22, -3.658872817028e-01, 3.852383898993e-04, 7.5945e+01, 1.3070e+00, 
 1DIAGNOSTIC,    23, -3.661796839585e-01, 3.334062990236e-04, 7.7235e+01, 1.2901e+00, 
 1DIAGNOSTIC,    24, -3.664446990398e-01, 2.860401874125e-04, 7.8552e+01, 1.3172e+00, 
 1DIAGNOSTIC,    25, -3.667863121041e-01, 2.492659244248e-04, 7.9908e+01, 1.3559e+00, 
 1DIAGNOSTIC,    26, -3.670174285947e-01, 2.187720172310e-04, 8.1241e+01, 1.3329e+00, 
 1DIAGNOSTIC,    27, -3.672887689173e-01, 1.934509199297e-04, 8.2569e+01, 1.3280e+00, 
 1DIAGNOSTIC,    28, -3.674609051439e-01, 1.714005487565e-04, 8.3854e+01, 1.2849e+00, 
 1DIAGNOSTIC,    29, -3.676809069220e-01, 1.535480300273e-04, 8.5150e+01, 1.2958e+00, 
 1DIAGNOSTIC,    30, -3.677796016054e-01, 1.369924163004e-04, 8.6448e+01, 1.2987e+00, 
 1DIAGNOSTIC,    31, -3.679266400194e-01, 1.194477504138e-04, 8.7753e+01, 1.3048e+00, 
 1DIAGNOSTIC,    32, -3.680191428926e-01, 1.034791500262e-04, 8.9045e+01, 1.2916e+00, 
 1DIAGNOSTIC,    33, -3.681924018044e-01, 8.978211502345e-05, 9.0338e+01, 1.2928e+00, 
 1DIAGNOSTIC,    34, -3.682310160339e-01, 7.529127890785e-05, 9.1625e+01, 1.2877e+00, 
 1DIAGNOSTIC,    35, -3.683011012673e-01, 6.379272176639e-05, 9.2906e+01, 1.2804e+00, 
 1DIAGNOSTIC,    36, -3.683631524236e-01, 5.327042951559e-05, 9.4190e+01, 1.2848e+00, 
 1DIAGNOSTIC,    37, -3.684252345161e-01, 4.533315481817e-05, 9.5466e+01, 1.2753e+00, 
 1DIAGNOSTIC,    38, -3.684869570881e-01, 3.828857179891e-05, 9.6747e+01, 1.2810e+00, 
 1DIAGNOSTIC,    39, -3.684704283186e-01, 3.211072778455e-05, 9.8040e+01, 1.2932e+00, 
 1DIAGNOSTIC,    40, -3.685147250834e-01, 2.607240098280e-05, 9.9335e+01, 1.2947e+00, 
 1DIAGNOSTIC,    41, -3.685803680723e-01, 2.194802103592e-05, 1.0063e+02, 1.2959e+00, 
 1DIAGNOSTIC,    42, -3.685957374887e-01, 1.789282797043e-05, 1.0193e+02, 1.2954e+00, 
 1DIAGNOSTIC,    43, -3.686115288996e-01, 1.584498659674e-05, 1.0321e+02, 1.2850e+00, 
 1DIAGNOSTIC,    44, -3.686304377654e-01, 1.347951975313e-05, 1.0452e+02, 1.3044e+00, 
 1DIAGNOSTIC,    45, -3.686795047004e-01, 1.205416119181e-05, 1.0580e+02, 1.2844e+00, 
 1DIAGNOSTIC,    46, -3.687263986438e-01, 1.139811111635e-05, 1.0710e+02, 1.3025e+00, 
 1DIAGNOSTIC,    47, -3.687431182692e-01, 1.101940513830e-05, 1.0838e+02, 1.2772e+00, 
 1DIAGNOSTIC,    48, -3.687423260100e-01, 1.070085825674e-05, 1.0966e+02, 1.2756e+00, 
 1DIAGNOSTIC,    49, -3.688320051497e-01, 1.060381021957e-05, 1.1093e+02, 1.2786e+00, 
 1DIAGNOSTIC,    50, -3.688145280227e-01, 9.901191345293e-06, 1.1221e+02, 1.2793e+00, 
 1DIAGNOSTIC,    51, -3.688475787819e-01, 9.858644252108e-06, 1.1348e+02, 1.2630e+00, 
 1DIAGNOSTIC,    52, -3.687929922597e-01, 8.350679930862e-06, 1.1479e+02, 1.3170e+00, 
 1DIAGNOSTIC,    53, -3.688260327911e-01, 6.908342474306e-06, 1.1610e+02, 1.3027e+00, 
 1DIAGNOSTIC,    54, -3.687960381420e-01, 4.710784379865e-06, 1.1739e+02, 1.2925e+00, 
 1DIAGNOSTIC,    55, -3.688638479821e-01, 3.842727093976e-06, 1.1868e+02, 1.2879e+00, 
 1DIAGNOSTIC,    56, -3.687960962436e-01, 2.387856295930e-06, 1.1996e+02, 1.2866e+00, 
 1DIAGNOSTIC,    57, -3.687895520742e-01, 1.000964041462e-06, 1.2125e+02, 1.2856e+00, 
 1DIAGNOSTIC,    58, -3.687647442567e-01, -7.504689382327e-07, 1.2254e+02, 1.2868e+00, 
XXDIAGNOSTIC,Iteration,metricValue,convergenceValue,ITERATION_TIME_INDEX,SINCE_LAST
 1DIAGNOSTIC,     1, -3.305427562193e-01, 1.797693134862e+308, 1.3303e+02, 1.0499e+01, 
 1DIAGNOSTIC,     2, -3.313459931840e-01, 1.797693134862e+308, 1.3574e+02, 2.7043e+00, 
 1DIAGNOSTIC,     3, -3.321583383545e-01, 1.797693134862e+308, 1.3852e+02, 2.7790e+00, 
 1DIAGNOSTIC,     4, -3.329208110823e-01, 1.797693134862e+308, 1.4132e+02, 2.7989e+00, 
 1DIAGNOSTIC,     5, -3.334696726808e-01, 1.797693134862e+308, 1.4410e+02, 2.7797e+00, 
 1DIAGNOSTIC,     6, -3.339810320021e-01, 1.797693134862e+308, 1.4686e+02, 2.7654e+00, 
 1DIAGNOSTIC,     7, -3.346030430320e-01, 1.797693134862e+308, 1.4954e+02, 2.6813e+00, 
 1DIAGNOSTIC,     8, -3.351864182727e-01, 1.797693134862e+308, 1.5235e+02, 2.8036e+00, 
 1DIAGNOSTIC,     9, -3.356440688926e-01, 1.797693134862e+308, 1.5514e+02, 2.7908e+00, 
 1DIAGNOSTIC,    10, -3.360922846979e-01, 1.051115938214e-03, 1.5790e+02, 2.7627e+00, 
 1DIAGNOSTIC,    11, -3.365034941417e-01, 8.859480105934e-04, 1.6069e+02, 2.7857e+00, 
 1DIAGNOSTIC,    12, -3.368826601029e-01, 7.518131933262e-04, 1.6351e+02, 2.8207e+00, 
 1DIAGNOSTIC,    13, -3.372304835050e-01, 6.454201890849e-04, 1.6630e+02, 2.7966e+00, 
 1DIAGNOSTIC,    14, -3.375887858502e-01, 5.633599915460e-04, 1.6909e+02, 2.7898e+00, 
 1DIAGNOSTIC,    15, -3.378350850741e-01, 4.856466536103e-04, 1.7192e+02, 2.8257e+00, 
 1DIAGNOSTIC,    16, -3.380522295928e-01, 4.114750573952e-04, 1.7479e+02, 2.8731e+00, 
 1DIAGNOSTIC,    17, -3.382196925599e-01, 3.472684454007e-04, 1.7761e+02, 2.8172e+00, 
 1DIAGNOSTIC,    18, -3.383625517773e-01, 2.921835962598e-04, 1.8038e+02, 2.7701e+00, 
 1DIAGNOSTIC,    19, -3.384799706091e-01, 2.413015101218e-04, 1.8317e+02, 2.7868e+00, 
 1DIAGNOSTIC,    20, -3.386081554199e-01, 1.974042571723e-04, 1.8596e+02, 2.7964e+00, 
 1DIAGNOSTIC,    21, -3.386709424207e-01, 1.583493909236e-04, 1.8876e+02, 2.7982e+00, 
 1DIAGNOSTIC,    22, -3.387464559243e-01, 1.255597014558e-04, 1.9159e+02, 2.8260e+00, 
 1DIAGNOSTIC,    23, -3.388154026301e-01, 9.911832885521e-05, 1.9442e+02, 2.8297e+00, 
 1DIAGNOSTIC,    24, -3.389179547736e-01, 8.180433647801e-05, 1.9724e+02, 2.8220e+00, 
 1DIAGNOSTIC,    25, -3.390120118558e-01, 6.964772671208e-05, 2.0008e+02, 2.8459e+00, 
 1DIAGNOSTIC,    26, -3.390934695434e-01, 6.159925066809e-05, 2.0290e+02, 2.8184e+00, 
 1DIAGNOSTIC,    27, -3.391538946157e-01, 5.553601406816e-05, 2.0572e+02, 2.8138e+00, 
 1DIAGNOSTIC,    28, -3.391753871758e-01, 4.968437751967e-05, 2.0854e+02, 2.8264e+00, 
 1DIAGNOSTIC,    29, -3.391753895732e-01, 4.299859734670e-05, 2.1139e+02, 2.8479e+00, 
 1DIAGNOSTIC,    30, -3.392052529030e-01, 3.722455913841e-05, 2.1418e+02, 2.7920e+00, 
 1DIAGNOSTIC,    31, -3.392135953466e-01, 3.028192441659e-05, 2.1699e+02, 2.8023e+00, 
 1DIAGNOSTIC,    32, -3.392110253415e-01, 2.291496728662e-05, 2.1981e+02, 2.8221e+00, 
 1DIAGNOSTIC,    33, -3.391466612093e-01, 1.402609437444e-05, 2.2268e+02, 2.8729e+00, 
 1DIAGNOSTIC,    34, -3.390781718706e-01, 5.294236386469e-06, 2.2574e+02, 3.0601e+00, 
 1DIAGNOSTIC,    35, -3.389628047502e-01, -3.878194798666e-06, 2.2861e+02, 2.8648e+00, 
XXDIAGNOSTIC,Iteration,metricValue,convergenceValue,ITERATION_TIME_INDEX,SINCE_LAST
 1DIAGNOSTIC,     1, -2.869896161040e-01, 1.797693134862e+308, 2.5777e+02, 2.9169e+01, 
 1DIAGNOSTIC,     2, -2.876867481093e-01, 1.797693134862e+308, 2.7962e+02, 2.1848e+01, 
 1DIAGNOSTIC,     3, -2.884505601414e-01, 1.797693134862e+308, 3.0133e+02, 2.1708e+01, 
 1DIAGNOSTIC,     4, -2.892036104664e-01, 1.797693134862e+308, 3.2281e+02, 2.1481e+01, 
 1DIAGNOSTIC,     5, -2.899831062273e-01, 1.797693134862e+308, 3.4276e+02, 1.9946e+01, 
 1DIAGNOSTIC,     6, -2.906707566102e-01, 1.797693134862e+308, 3.6358e+02, 2.0821e+01, 
 1DIAGNOSTIC,     7, -2.913312524586e-01, 1.797693134862e+308, 3.8575e+02, 2.2175e+01, 
 1DIAGNOSTIC,     8, -2.919484528603e-01, 1.797693134862e+308, 4.0663e+02, 2.0880e+01, 
 1DIAGNOSTIC,     9, -2.925466415930e-01, 1.797693134862e+308, 4.2700e+02, 2.0363e+01, 
 1DIAGNOSTIC,    10, -2.930916280278e-01, 1.365558724923e-03, 4.4888e+02, 2.1888e+01, 
 1DIAGNOSTIC,    11, -2.936370014448e-01, 1.192778006278e-03, 4.7109e+02, 2.2203e+01, 
 1DIAGNOSTIC,    12, -2.941077154343e-01, 1.036214003511e-03, 4.9285e+02, 2.1764e+01, 
 1DIAGNOSTIC,    13, -2.945451813008e-01, 8.998160209068e-04, 5.1492e+02, 2.2071e+01, 
 1DIAGNOSTIC,    14, -2.949730869912e-01, 7.827949789566e-04, 5.3620e+02, 2.1275e+01, 
 1DIAGNOSTIC,    15, -2.953730001743e-01, 6.859879799296e-04, 5.5705e+02, 2.0850e+01, 
 1DIAGNOSTIC,    16, -2.957716123035e-01, 6.039779292389e-04, 5.7759e+02, 2.0539e+01, 
 1DIAGNOSTIC,    17, -2.961346310464e-01, 5.341630649314e-04, 5.9838e+02, 2.0792e+01, 
 1DIAGNOSTIC,    18, -2.964746197838e-01, 4.741119161925e-04, 6.1893e+02, 2.0548e+01, 
 1DIAGNOSTIC,    19, -2.968142531845e-01, 4.241045443369e-04, 6.3990e+02, 2.0975e+01, 
 1DIAGNOSTIC,    20, -2.971321898550e-01, 3.811961022719e-04, 6.6061e+02, 2.0708e+01, 
 1DIAGNOSTIC,    21, -2.974418486370e-01, 3.460890193166e-04, 6.8151e+02, 2.0903e+01, 
 1DIAGNOSTIC,    22, -2.977149114089e-01, 3.144132242498e-04, 7.0340e+02, 2.1889e+01, 
 1DIAGNOSTIC,    23, -2.980091701545e-01, 2.867222315401e-04, 7.2424e+02, 2.0839e+01, 
 1DIAGNOSTIC,    24, -2.982765327432e-01, 2.623065679862e-04, 7.4575e+02, 2.1506e+01, 
 1DIAGNOSTIC,    25, -2.985303044508e-01, 2.403167334509e-04, 7.6720e+02, 2.1454e+01, 
 1DIAGNOSTIC,    26, -2.987792258301e-01, 2.213634203537e-04, 7.8874e+02, 2.1542e+01, 
 1DIAGNOSTIC,    27, -2.990193707632e-01, 2.044335704897e-04, 8.1062e+02, 2.1878e+01, 
 1DIAGNOSTIC,    28, -2.992562910007e-01, 1.891956151705e-04, 8.3223e+02, 2.1608e+01, 
 1DIAGNOSTIC,    29, -2.994703312705e-01, 1.754470578371e-04, 8.5360e+02, 2.1377e+01, 
 1DIAGNOSTIC,    30, -2.996385282627e-01, 1.615713416605e-04, 8.7498e+02, 2.1378e+01, 
 1DIAGNOSTIC,    31, -2.997810297395e-01, 1.473391296113e-04, 8.9637e+02, 2.1389e+01, 
 1DIAGNOSTIC,    32, -2.999246139501e-01, 1.325272501799e-04, 9.1784e+02, 2.1469e+01, 
 1DIAGNOSTIC,    33, -3.000764433326e-01, 1.189979640502e-04, 9.3945e+02, 2.1606e+01, 
 1DIAGNOSTIC,    34, -3.002199707381e-01, 1.065407791273e-04, 9.6127e+02, 2.1827e+01, 
 1DIAGNOSTIC,    35, -3.003350722595e-01, 9.478942146821e-05, 9.8322e+02, 2.1942e+01, 
 1DIAGNOSTIC,    36, -3.004559872981e-01, 8.456759337343e-05, 1.0053e+03, 2.2109e+01, 
 1DIAGNOSTIC,    37, -3.005538445405e-01, 7.560136893961e-05, 1.0275e+03, 2.2219e+01, 
 1DIAGNOSTIC,    38, -3.006506956099e-01, 6.831182168884e-05, 1.0497e+03, 2.2170e+01, 
 1DIAGNOSTIC,    39, -3.007574395166e-01, 6.277701450508e-05, 1.0716e+03, 2.1861e+01, 
 1DIAGNOSTIC,    40, -3.008389727500e-01, 5.753383288458e-05, 1.0931e+03, 2.1552e+01, 
 1DIAGNOSTIC,    41, -3.009139695101e-01, 5.217468340107e-05, 1.1147e+03, 2.1603e+01, 
 1DIAGNOSTIC,    42, -3.009988601380e-01, 4.732535949957e-05, 1.1363e+03, 2.1590e+01, 
 1DIAGNOSTIC,    43, -3.010721879498e-01, 4.320265432365e-05, 1.1573e+03, 2.0970e+01, 
 1DIAGNOSTIC,    44, -3.011694807606e-01, 4.040162214850e-05, 1.1785e+03, 2.1195e+01, 
 1DIAGNOSTIC,    45, -3.012561086901e-01, 3.815819292500e-05, 1.2001e+03, 2.1647e+01, 
 1DIAGNOSTIC,    46, -3.013296986517e-01, 3.644137924279e-05, 1.2214e+03, 2.1299e+01, 
 1DIAGNOSTIC,    47, -3.014196186108e-01, 3.516930668802e-05, 1.2430e+03, 2.1530e+01, 
 1DIAGNOSTIC,    48, -3.015379120758e-01, 3.487733471208e-05, 1.2647e+03, 2.1741e+01, 
 1DIAGNOSTIC,    49, -3.016260535731e-01, 3.505920947768e-05, 1.2861e+03, 2.1420e+01, 
 1DIAGNOSTIC,    50, -3.017231536695e-01, 3.532157754382e-05, 1.3073e+03, 2.1177e+01, 
  Elapsed time (stage 2): 1326


Total elapsed time: 1472
EXECUTING epi to T1 coregistration for subject 29358 using:
EPI:  /lustre/scratch/wbic-beta/ccn30/ENCRYPT/gridcellpilot/preprocessed_data/images/29358/topup_Run_1_split0000.nii
T1:  /lustre/scratch/wbic-beta/ccn30/ENCRYPT/gridcellpilot/raw_data/images/29358/20190905_U-ID46106/mp2rage/reorientn4mag0000_PSIR_skulled_std.nii
All_Command_lines_OK
Using double precision for computations.
=============================================================================
The composite transform comprises the following transforms (in order): 
  1. Center of mass alignment using fixed image: /lustre/scratch/wbic-beta/ccn30/ENCRYPT/gridcellpilot/preprocessed_data/images/29358/topup_Run_1_split0000.nii and moving image: /lustre/scratch/wbic-beta/ccn30/ENCRYPT/gridcellpilot/raw_data/images/29358/20190905_U-ID46106/mp2rage/reorientn4mag0000_PSIR_skulled_std.nii (type = Euler3DTransform)
=============================================================================
  number of levels = 4
  number of levels = 1
  fixed image: /lustre/scratch/wbic-beta/ccn30/ENCRYPT/gridcellpilot/preprocessed_data/images/29358/topup_Run_1_split0000.nii
  moving image: /lustre/scratch/wbic-beta/ccn30/ENCRYPT/gridcellpilot/raw_data/images/29358/20190905_U-ID46106/mp2rage/reorientn4mag0000_PSIR_skulled_std.nii
  fixed image: /lustre/scratch/wbic-beta/ccn30/ENCRYPT/gridcellpilot/preprocessed_data/images/29358/topup_Run_1_split0000.nii
  moving image: /lustre/scratch/wbic-beta/ccn30/ENCRYPT/gridcellpilot/raw_data/images/29358/20190905_U-ID46106/mp2rage/reorientn4mag0000_PSIR_skulled_std.nii
Dimension = 3
Number of stages = 2
Use Histogram Matching false
Winsorize image intensities true
Lower quantile = 0.005
Upper quantile = 0.995
Stage 1 State
   Image metric = Mattes
     Fixed image = Image (0x4a72300)
  RTTI typeinfo:   itk::Image<double, 3u>
  Reference Count: 2
  Modified Time: 1689
  Debug: Off
  Object Name: 
  Observers: 
    none
  Source: (none)
  Source output name: (none)
  Release Data: Off
  Data Released: False
  Global Release Data: Off
  PipelineMTime: 0
  UpdateMTime: 1511
  RealTimeStamp: 0 seconds 
  LargestPossibleRegion: 
    Dimension: 3
    Index: [0, 0, 0]
    Size: [128, 128, 42]
  BufferedRegion: 
    Dimension: 3
    Index: [0, 0, 0]
    Size: [128, 128, 42]
  RequestedRegion: 
    Dimension: 3
    Index: [0, 0, 0]
    Size: [128, 128, 42]
  Spacing: [1.5, 1.5, 1]
  Origin: [-95.2449, 74.3056, 46.0265]
  Direction: 
1 0 0
0 -0.87462 -0.48481
0 -0.48481 0.87462

  IndexToPointMatrix: 
1.5 0 0
0 -1.31193 -0.48481
0 -0.727214 0.87462

  PointToIndexMatrix: 
0.666667 0 0
0 -0.58308 -0.323206
0 -0.48481 0.87462

  Inverse Direction: 
1 0 0
0 -0.87462 -0.48481
0 -0.48481 0.87462

  PixelContainer: 
    ImportImageContainer (0x4a6e480)
      RTTI typeinfo:   itk::ImportImageContainer<unsigned long, double>
      Reference Count: 1
      Modified Time: 1508
      Debug: Off
      Object Name: 
      Observers: 
        none
      Pointer: 0x4a7ea70
      Container manages memory: true
      Size: 688128
      Capacity: 688128

     Moving image = Image (0x4a71a30)
  RTTI typeinfo:   itk::Image<double, 3u>
  Reference Count: 2
  Modified Time: 1690
  Debug: Off
  Object Name: 
  Observers: 
    none
  Source: (none)
  Source output name: (none)
  Release Data: Off
  Data Released: False
  Global Release Data: Off
  PipelineMTime: 0
  UpdateMTime: 1687
  RealTimeStamp: 0 seconds 
  LargestPossibleRegion: 
    Dimension: 3
    Index: [0, 0, 0]
    Size: [224, 320, 320]
  BufferedRegion: 
    Dimension: 3
    Index: [0, 0, 0]
    Size: [224, 320, 320]
  RequestedRegion: 
    Dimension: 3
    Index: [0, 0, 0]
    Size: [224, 320, 320]
  Spacing: [0.700005, 0.7, 0.7]
  Origin: [-81.1493, 72.2492, -103.242]
  Direction: 
1 0 0
0 -1 0
0 0 1

  IndexToPointMatrix: 
0.700005 0 0
0 -0.7 0
0 0 0.7

  PointToIndexMatrix: 
1.42856 0 0
0 -1.42857 0
0 0 1.42857

  Inverse Direction: 
1 0 0
0 -1 0
0 0 1

  PixelContainer: 
    ImportImageContainer (0x4a6b320)
      RTTI typeinfo:   itk::ImportImageContainer<unsigned long, double>
      Reference Count: 1
      Modified Time: 1684
      Debug: Off
      Object Name: 
      Observers: 
        none
      Pointer: 0x2b596a3b1010
      Container manages memory: true
      Size: 22937600
      Capacity: 22937600

     Weighting = 1
     Sampling strategy = regular
     Number of bins = 32
     Radius = 4
     Sampling percentage  = 0.2
   Transform = Rigid
     Gradient step = 0.1
     Update field sigma (voxel space) = 0
     Total field sigma (voxel space) = 0
     Update field time sigma = 0
     Total field time sigma  = 0
     Number of time indices = 0
     Number of time point samples = 0
Stage 2 State
   Image metric = CC
     Fixed image = Image (0x4a72f10)
  RTTI typeinfo:   itk::Image<double, 3u>
  Reference Count: 2
  Modified Time: 2043
  Debug: Off
  Object Name: 
  Observers: 
    none
  Source: (none)
  Source output name: (none)
  Release Data: Off
  Data Released: False
  Global Release Data: Off
  PipelineMTime: 0
  UpdateMTime: 1865
  RealTimeStamp: 0 seconds 
  LargestPossibleRegion: 
    Dimension: 3
    Index: [0, 0, 0]
    Size: [128, 128, 42]
  BufferedRegion: 
    Dimension: 3
    Index: [0, 0, 0]
    Size: [128, 128, 42]
  RequestedRegion: 
    Dimension: 3
    Index: [0, 0, 0]
    Size: [128, 128, 42]
  Spacing: [1.5, 1.5, 1]
  Origin: [-95.2449, 74.3056, 46.0265]
  Direction: 
1 0 0
0 -0.87462 -0.48481
0 -0.48481 0.87462

  IndexToPointMatrix: 
1.5 0 0
0 -1.31193 -0.48481
0 -0.727214 0.87462

  PointToIndexMatrix: 
0.666667 0 0
0 -0.58308 -0.323206
0 -0.48481 0.87462

  Inverse Direction: 
1 0 0
0 -0.87462 -0.48481
0 -0.48481 0.87462

  PixelContainer: 
    ImportImageContainer (0x4fc20a0)
      RTTI typeinfo:   itk::ImportImageContainer<unsigned long, double>
      Reference Count: 1
      Modified Time: 1862
      Debug: Off
      Object Name: 
      Observers: 
        none
      Pointer: 0x4fc4e70
      Container manages memory: true
      Size: 688128
      Capacity: 688128

     Moving image = Image (0x4fbea80)
  RTTI typeinfo:   itk::Image<double, 3u>
  Reference Count: 2
  Modified Time: 2044
  Debug: Off
  Object Name: 
  Observers: 
    none
  Source: (none)
  Source output name: (none)
  Release Data: Off
  Data Released: False
  Global Release Data: Off
  PipelineMTime: 0
  UpdateMTime: 2041
  RealTimeStamp: 0 seconds 
  LargestPossibleRegion: 
    Dimension: 3
    Index: [0, 0, 0]
    Size: [224, 320, 320]
  BufferedRegion: 
    Dimension: 3
    Index: [0, 0, 0]
    Size: [224, 320, 320]
  RequestedRegion: 
    Dimension: 3
    Index: [0, 0, 0]
    Size: [224, 320, 320]
  Spacing: [0.700005, 0.7, 0.7]
  Origin: [-81.1493, 72.2492, -103.242]
  Direction: 
1 0 0
0 -1 0
0 0 1

  IndexToPointMatrix: 
0.700005 0 0
0 -0.7 0
0 0 0.7

  PointToIndexMatrix: 
1.42856 0 0
0 -1.42857 0
0 0 1.42857

  Inverse Direction: 
1 0 0
0 -1 0
0 0 1

  PixelContainer: 
    ImportImageContainer (0x4fbed10)
      RTTI typeinfo:   itk::ImportImageContainer<unsigned long, double>
      Reference Count: 1
      Modified Time: 2038
      Debug: Off
      Object Name: 
      Observers: 
        none
      Pointer: 0x2b59752b2010
      Container manages memory: true
      Size: 22937600
      Capacity: 22937600

     Weighting = 1
     Sampling strategy = none
     Number of bins = 32
     Radius = 4
     Sampling percentage  = 1
   Transform = SyN
     Gradient step = 0.1
     Update field sigma (voxel space) = 3
     Total field sigma (voxel space) = 0
     Update field time sigma = 0
     Total field time sigma  = 0
     Number of time indices = 0
     Number of time point samples = 0
Registration using 2 total stages.

Stage 0
  iterations = 1000x500x100x0
  convergence threshold = 1e-06
  convergence window size = 10
  number of levels = 4
  using the Mattes MI metric (number of bins = 32, weight = 1)
  preprocessing:  winsorizing the image intensities
  Shrink factors (level 1 out of 4): [5, 5, 8]
  Shrink factors (level 2 out of 4): [3, 3, 4]
  Shrink factors (level 3 out of 4): [1, 1, 2]
  Shrink factors (level 4 out of 4): [1, 1, 1]
  smoothing sigmas per level: [3, 2, 1, 0]
  regular sampling (percentage = 0.2)

*** Running Euler3DTransform registration ***

DIAGNOSTIC,Iteration,metricValue,convergenceValue,ITERATION_TIME_INDEX,SINCE_LAST
 2DIAGNOSTIC,     1, -4.441856209081e-01, 1.797693134862e+308, 6.1826e+00, 6.1826e+00, 
 2DIAGNOSTIC,     2, -4.469694663661e-01, 1.797693134862e+308, 6.2201e+00, 3.7521e-02, 
 2DIAGNOSTIC,     3, -4.482024863344e-01, 1.797693134862e+308, 6.2421e+00, 2.2047e-02, 
 2DIAGNOSTIC,     4, -4.484239651239e-01, 1.797693134862e+308, 6.2597e+00, 1.7527e-02, 
 2DIAGNOSTIC,     5, -4.484492466979e-01, 1.797693134862e+308, 6.2833e+00, 2.3682e-02, 
 2DIAGNOSTIC,     6, -4.485288225954e-01, 1.797693134862e+308, 6.2943e+00, 1.0976e-02, 
 2DIAGNOSTIC,     7, -4.486769816949e-01, 1.797693134862e+308, 6.3202e+00, 2.5873e-02, 
 2DIAGNOSTIC,     8, -4.487437634913e-01, 1.797693134862e+308, 6.3625e+00, 4.2311e-02, 
 2DIAGNOSTIC,     9, -4.487526408471e-01, 1.797693134862e+308, 6.3851e+00, 2.2569e-02, 
 2DIAGNOSTIC,    10, -4.488002256410e-01, 4.272166378640e-04, 6.4002e+00, 1.5118e-02, 
 2DIAGNOSTIC,    11, -4.488377048285e-01, 1.633877207843e-04, 6.4192e+00, 1.8977e-02, 
 2DIAGNOSTIC,    12, -4.489328706561e-01, 7.948868102263e-05, 6.4629e+00, 4.3718e-02, 
 2DIAGNOSTIC,    13, -4.490712327265e-01, 6.808731730784e-05, 6.4809e+00, 1.8029e-02, 
 2DIAGNOSTIC,    14, -4.498304782297e-01, 9.675272964997e-05, 6.5155e+00, 3.4548e-02, 
 2DIAGNOSTIC,    15, -4.499591914629e-01, 1.186676433859e-04, 6.5647e+00, 4.9262e-02, 
 2DIAGNOSTIC,    16, -4.500626803810e-01, 1.345263022008e-04, 6.5970e+00, 3.2265e-02, 
 2DIAGNOSTIC,    17, -4.501280643329e-01, 1.445568595187e-04, 6.6580e+00, 6.0968e-02, 
 2DIAGNOSTIC,    18, -4.502879615062e-01, 1.481535982769e-04, 6.6748e+00, 1.6837e-02, 
 2DIAGNOSTIC,    19, -4.515437225243e-01, 1.794217786403e-04, 6.7232e+00, 4.8367e-02, 
 2DIAGNOSTIC,    20, -4.516006319815e-01, 1.932002293719e-04, 6.7733e+00, 5.0154e-02, 
 2DIAGNOSTIC,    21, -4.516606507316e-01, 1.915035104069e-04, 6.8128e+00, 3.9484e-02, 
 2DIAGNOSTIC,    22, -4.517775822242e-01, 1.790332314332e-04, 6.8330e+00, 2.0184e-02, 
 2DIAGNOSTIC,    23, -4.520514414411e-01, 1.616063095125e-04, 6.8524e+00, 1.9392e-02, 
 2DIAGNOSTIC,    24, -4.527856514770e-01, 1.692005124917e-04, 6.8864e+00, 3.4048e-02, 
 2DIAGNOSTIC,    25, -4.529608482399e-01, 1.675675862591e-04, 6.9081e+00, 2.1687e-02, 
 2DIAGNOSTIC,    26, -4.534881524600e-01, 1.664084616840e-04, 6.9251e+00, 1.6957e-02, 
 2DIAGNOSTIC,    27, -4.542668596866e-01, 1.696880118942e-04, 6.9453e+00, 2.0222e-02, 
 2DIAGNOSTIC,    28, -4.543914878858e-01, 1.620121609830e-04, 6.9593e+00, 1.4034e-02, 
 2DIAGNOSTIC,    29, -4.547323646402e-01, 1.744589569825e-04, 6.9739e+00, 1.4556e-02, 
 2DIAGNOSTIC,    30, -4.550319942345e-01, 1.771958156516e-04, 6.9913e+00, 1.7399e-02, 
 2DIAGNOSTIC,    31, -4.552858461074e-01, 1.694099558053e-04, 7.0084e+00, 1.7144e-02, 
 2DIAGNOSTIC,    32, -4.555017538085e-01, 1.525283332658e-04, 7.0254e+00, 1.7023e-02, 
 2DIAGNOSTIC,    33, -4.556994970139e-01, 1.310343087234e-04, 7.0423e+00, 1.6904e-02, 
 2DIAGNOSTIC,    34, -4.561596031105e-01, 1.207482209420e-04, 7.0606e+00, 1.8241e-02, 
 2DIAGNOSTIC,    35, -4.565198986938e-01, 1.089824895762e-04, 7.0818e+00, 2.1202e-02, 
 2DIAGNOSTIC,    36, -4.568915673835e-01, 1.029231783187e-04, 7.1035e+00, 2.1747e-02, 
 2DIAGNOSTIC,    37, -4.571761226975e-01, 1.055968178873e-04, 7.1309e+00, 2.7363e-02, 
 2DIAGNOSTIC,    38, -4.572486287942e-01, 1.013265935090e-04, 7.1447e+00, 1.3759e-02, 
 2DIAGNOSTIC,    39, -4.575622205017e-01, 9.818675230887e-05, 7.1626e+00, 1.7892e-02, 
 2DIAGNOSTIC,    40, -4.575943768659e-01, 9.091729293216e-05, 7.1773e+00, 1.4750e-02, 
 2DIAGNOSTIC,    41, -4.576099409133e-01, 7.952603422878e-05, 7.1919e+00, 1.4634e-02, 
 2DIAGNOSTIC,    42, -4.576382321281e-01, 6.488594046371e-05, 7.2065e+00, 1.4542e-02, 
 2DIAGNOSTIC,    43, -4.576579982510e-01, 4.789545320375e-05, 7.2234e+00, 1.6936e-02, 
 2DIAGNOSTIC,    44, -4.577751631466e-01, 3.532282107903e-05, 7.2494e+00, 2.6023e-02, 
 2DIAGNOSTIC,    45, -4.577968117680e-01, 2.519134600650e-05, 7.2754e+00, 2.5988e-02, 
 2DIAGNOSTIC,    46, -4.578092226137e-01, 1.838437000006e-05, 7.2922e+00, 1.6736e-02, 
 2DIAGNOSTIC,    47, -4.578109402877e-01, 1.404627763302e-05, 7.3240e+00, 3.1862e-02, 
 2DIAGNOSTIC,    48, -4.578109468835e-01, 9.444554267973e-06, 7.3610e+00, 3.6943e-02, 
 2DIAGNOSTIC,    49, -4.578109470496e-01, 8.179063317234e-06, 7.3847e+00, 2.3766e-02, 
 2DIAGNOSTIC,    50, -4.578109471059e-01, 6.639484318637e-06, 7.4057e+00, 2.0961e-02, 
 2DIAGNOSTIC,    51, -4.578109471277e-01, 4.790115975799e-06, 7.4235e+00, 1.7823e-02, 
 2DIAGNOSTIC,    52, -4.578109471361e-01, 2.968225057333e-06, 7.4432e+00, 1.9703e-02, 
 2DIAGNOSTIC,    53, -4.578109471392e-01, 1.189670950592e-06, 7.4631e+00, 1.9930e-02, 
DIAGNOSTIC,Iteration,metricValue,convergenceValue,ITERATION_TIME_INDEX,SINCE_LAST
 2DIAGNOSTIC,     1, -3.665756577840e-01, 1.797693134862e+308, 1.1633e+01, 4.1703e+00, 
 2DIAGNOSTIC,     2, -3.696913316184e-01, 1.797693134862e+308, 1.1654e+01, 2.0152e-02, 
 2DIAGNOSTIC,     3, -3.733530846696e-01, 1.797693134862e+308, 1.1673e+01, 1.9741e-02, 
 2DIAGNOSTIC,     4, -3.777964946304e-01, 1.797693134862e+308, 1.1694e+01, 2.0698e-02, 
 2DIAGNOSTIC,     5, -3.818098089212e-01, 1.797693134862e+308, 1.1714e+01, 1.9756e-02, 
 2DIAGNOSTIC,     6, -3.882482168511e-01, 1.797693134862e+308, 1.1740e+01, 2.5901e-02, 
 2DIAGNOSTIC,     7, -3.903162025997e-01, 1.797693134862e+308, 1.1773e+01, 3.3738e-02, 
 2DIAGNOSTIC,     8, -3.927163063017e-01, 1.797693134862e+308, 1.1799e+01, 2.5240e-02, 
 2DIAGNOSTIC,     9, -3.973613154183e-01, 1.797693134862e+308, 1.1823e+01, 2.4292e-02, 
 2DIAGNOSTIC,    10, -3.985041337175e-01, 5.678302423680e-03, 1.1852e+01, 2.9024e-02, 
 2DIAGNOSTIC,    11, -3.984014426136e-01, 4.690949075410e-03, 1.1909e+01, 5.6934e-02, 
 2DIAGNOSTIC,    12, -3.983766314011e-01, 3.646244691744e-03, 1.1939e+01, 2.9733e-02, 
 2DIAGNOSTIC,    13, -3.989607273088e-01, 2.677091821730e-03, 1.1968e+01, 2.9453e-02, 
 2DIAGNOSTIC,    14, -3.988613465793e-01, 1.829317827895e-03, 1.1997e+01, 2.8576e-02, 
 2DIAGNOSTIC,    15, -3.991914234948e-01, 1.135559836679e-03, 1.2023e+01, 2.5982e-02, 
 2DIAGNOSTIC,    16, -3.986906127079e-01, 6.998230833981e-04, 1.2052e+01, 2.9780e-02, 
 2DIAGNOSTIC,    17, -3.993647934983e-01, 3.708216519080e-04, 1.2078e+01, 2.5922e-02, 
 2DIAGNOSTIC,    18, -3.993159786563e-01, 1.341877767841e-04, 1.2109e+01, 3.0878e-02, 
 2DIAGNOSTIC,    19, -4.000058644386e-01, 1.135581959606e-04, 1.2133e+01, 2.3938e-02, 
 2DIAGNOSTIC,    20, -3.997798412177e-01, 1.179307703654e-04, 1.2163e+01, 2.9945e-02, 
 2DIAGNOSTIC,    21, -4.003486501263e-01, 1.280031346419e-04, 1.2188e+01, 2.4446e-02, 
 2DIAGNOSTIC,    22, -4.014663317340e-01, 1.603471350928e-04, 1.2217e+01, 2.9581e-02, 
 2DIAGNOSTIC,    23, -4.027931376641e-01, 2.339858054601e-04, 1.2258e+01, 4.0343e-02, 
 2DIAGNOSTIC,    24, -4.022179056684e-01, 2.583402480887e-04, 1.2283e+01, 2.5165e-02, 
 2DIAGNOSTIC,    25, -4.024022415220e-01, 2.735152714681e-04, 1.2311e+01, 2.8489e-02, 
 2DIAGNOSTIC,    26, -4.027826232106e-01, 2.582257134624e-04, 1.2335e+01, 2.3909e-02, 
 2DIAGNOSTIC,    27, -4.028146362278e-01, 2.377532644924e-04, 1.2364e+01, 2.8767e-02, 
 2DIAGNOSTIC,    28, -4.029558257975e-01, 1.980570669216e-04, 1.2396e+01, 3.2591e-02, 
 2DIAGNOSTIC,    29, -4.032789302291e-01, 1.686639936819e-04, 1.2435e+01, 3.8787e-02, 
 2DIAGNOSTIC,    30, -4.031112624291e-01, 1.162270104065e-04, 1.2460e+01, 2.4750e-02, 
 2DIAGNOSTIC,    31, -4.032607763885e-01, 7.250295857641e-05, 1.2489e+01, 2.8960e-02, 
 2DIAGNOSTIC,    32, -4.031969056324e-01, 4.743758207571e-05, 1.2519e+01, 3.0036e-02, 
 2DIAGNOSTIC,    33, -4.036316060671e-01, 5.832784562827e-05, 1.2547e+01, 2.8418e-02, 
 2DIAGNOSTIC,    34, -4.036404977226e-01, 5.082649144099e-05, 1.2571e+01, 2.4034e-02, 
 2DIAGNOSTIC,    35, -4.036438865491e-01, 4.280613983037e-05, 1.2595e+01, 2.3516e-02, 
 2DIAGNOSTIC,    36, -4.036521665126e-01, 3.922718389827e-05, 1.2620e+01, 2.4982e-02, 
 2DIAGNOSTIC,    37, -4.040734286702e-01, 4.089686495823e-05, 1.2649e+01, 2.9369e-02, 
 2DIAGNOSTIC,    38, -4.050606387333e-01, 5.940323638017e-05, 1.2688e+01, 3.8845e-02, 
 2DIAGNOSTIC,    39, -4.048865977430e-01, 7.374749326283e-05, 1.2720e+01, 3.1499e-02, 
 2DIAGNOSTIC,    40, -4.058405896007e-01, 9.492540068141e-05, 1.2751e+01, 3.0961e-02, 
 2DIAGNOSTIC,    41, -4.062712552175e-01, 1.160497282327e-04, 1.2779e+01, 2.8221e-02, 
 2DIAGNOSTIC,    42, -4.066240737592e-01, 1.296034407396e-04, 1.2809e+01, 3.0097e-02, 
 2DIAGNOSTIC,    43, -4.063989966148e-01, 1.335780360863e-04, 1.2836e+01, 2.7464e-02, 
 2DIAGNOSTIC,    44, -4.078891337435e-01, 1.493116245133e-04, 1.2864e+01, 2.7724e-02, 
 2DIAGNOSTIC,    45, -4.080754410466e-01, 1.525671453121e-04, 1.2892e+01, 2.8032e-02, 
 2DIAGNOSTIC,    46, -4.081878259128e-01, 1.429282281511e-04, 1.2921e+01, 2.8932e-02, 
 2DIAGNOSTIC,    47, -4.083354203749e-01, 1.287514830717e-04, 1.2959e+01, 3.7616e-02, 
 2DIAGNOSTIC,    48, -4.088587763644e-01, 1.256370726289e-04, 1.2982e+01, 2.3275e-02, 
 2DIAGNOSTIC,    49, -4.085981456848e-01, 1.036052827428e-04, 1.3006e+01, 2.4320e-02, 
 2DIAGNOSTIC,    50, -4.086296921813e-01, 8.656965527000e-05, 1.3043e+01, 3.7058e-02, 
 2DIAGNOSTIC,    51, -4.086313105349e-01, 6.818897537538e-05, 1.3076e+01, 3.3107e-02, 
 2DIAGNOSTIC,    52, -4.086314772023e-01, 4.913455283621e-05, 1.3106e+01, 2.9096e-02, 
 2DIAGNOSTIC,    53, -4.086316237554e-01, 2.252146747367e-05, 1.3130e+01, 2.4509e-02, 
 2DIAGNOSTIC,    54, -4.086319370347e-01, 1.442941433282e-05, 1.3155e+01, 2.4570e-02, 
 2DIAGNOSTIC,    55, -4.086341788935e-01, 7.841868172178e-06, 1.3181e+01, 2.5987e-02, 
 2DIAGNOSTIC,    56, -4.086418562321e-01, 2.289765687783e-06, 1.3208e+01, 2.6903e-02, 
DIAGNOSTIC,Iteration,metricValue,convergenceValue,ITERATION_TIME_INDEX,SINCE_LAST
 2DIAGNOSTIC,     1, -3.128878562540e-01, 1.797693134862e+308, 1.6178e+01, 2.9707e+00, 
 2DIAGNOSTIC,     2, -3.132604841804e-01, 1.797693134862e+308, 1.6390e+01, 2.1166e-01, 
 2DIAGNOSTIC,     3, -3.138958155445e-01, 1.797693134862e+308, 1.6603e+01, 2.1282e-01, 
 2DIAGNOSTIC,     4, -3.154329291255e-01, 1.797693134862e+308, 1.6823e+01, 2.2080e-01, 
 2DIAGNOSTIC,     5, -3.177454892758e-01, 1.797693134862e+308, 1.7034e+01, 2.1034e-01, 
 2DIAGNOSTIC,     6, -3.239127574195e-01, 1.797693134862e+308, 1.7284e+01, 2.5054e-01, 
 2DIAGNOSTIC,     7, -3.396659477158e-01, 1.797693134862e+308, 1.7648e+01, 3.6338e-01, 
 2DIAGNOSTIC,     8, -3.407895722626e-01, 1.797693134862e+308, 1.7865e+01, 2.1700e-01, 
 2DIAGNOSTIC,     9, -3.416040666392e-01, 1.797693134862e+308, 1.8184e+01, 3.1901e-01, 
 2DIAGNOSTIC,    10, -3.424804170153e-01, 7.459231165528e-03, 1.8490e+01, 3.0655e-01, 
 2DIAGNOSTIC,    11, -3.427395572329e-01, 6.798817018341e-03, 1.8712e+01, 2.2192e-01, 
 2DIAGNOSTIC,    12, -3.429717482694e-01, 5.672113177457e-03, 1.9091e+01, 3.7868e-01, 
 2DIAGNOSTIC,    13, -3.429370437880e-01, 4.256071733836e-03, 1.9438e+01, 3.4668e-01, 
 2DIAGNOSTIC,    14, -3.429284633090e-01, 2.773595448741e-03, 1.9729e+01, 2.9142e-01, 
 2DIAGNOSTIC,    15, -3.429348087228e-01, 1.376422450968e-03, 1.9992e+01, 2.6331e-01, 
 2DIAGNOSTIC,    16, -3.429197272678e-01, 3.391671115919e-04, 2.0256e+01, 2.6342e-01, 
 2DIAGNOSTIC,    17, -3.428883200669e-01, 1.851188469315e-04, 2.0476e+01, 2.2025e-01, 
 2DIAGNOSTIC,    18, -3.428679195804e-01, 8.360467076727e-05, 2.0692e+01, 2.1571e-01, 
 2DIAGNOSTIC,    19, -3.428671396428e-01, 2.111536032491e-05, 2.0949e+01, 2.5740e-01, 
DIAGNOSTIC,Iteration,metricValue,convergenceValue,ITERATION_TIME_INDEX,SINCE_LAST
 2DIAGNOSTIC,     1, -2.232745996331e-01, 1.797693134862e+308, 2.3072e+01, 2.1227e+00, 
  Elapsed time (stage 0): 2.4175e+01


Stage 1
  iterations = 10
  convergence threshold = 1.0000e-06
  convergence window size = 10
  number of levels = 1
  using the CC metric (radius = 4, weight = 1.0000e+00)
  preprocessing:  winsorizing the image intensities
  Shrink factors (level 1 out of 1): [1, 1, 1]
  smoothing sigmas per level: [0]
  Using default NONE metricSamplingStrategy 

*** Running SyN registration (varianceForUpdateField = 3.0000e+00, varianceForTotalField = 0.0000e+00) ***

XXDIAGNOSTIC,Iteration,metricValue,convergenceValue,ITERATION_TIME_INDEX,SINCE_LAST
 1DIAGNOSTIC,     1, -1.758736462875e-01, 1.797693134862e+308, 3.4663e+01, 3.4663e+01, 
 1DIAGNOSTIC,     2, -1.768129966181e-01, 1.797693134862e+308, 6.4676e+01, 3.0013e+01, 
 1DIAGNOSTIC,     3, -1.777513536402e-01, 1.797693134862e+308, 9.3604e+01, 2.8927e+01, 
 1DIAGNOSTIC,     4, -1.785836564324e-01, 1.797693134862e+308, 1.2303e+02, 2.9423e+01, 
 1DIAGNOSTIC,     5, -1.793808753794e-01, 1.797693134862e+308, 1.5320e+02, 3.0171e+01, 
 1DIAGNOSTIC,     6, -1.801501333524e-01, 1.797693134862e+308, 1.8309e+02, 2.9894e+01, 
 1DIAGNOSTIC,     7, -1.808987701011e-01, 1.797693134862e+308, 2.1311e+02, 3.0022e+01, 
 1DIAGNOSTIC,     8, -1.815784282958e-01, 1.797693134862e+308, 2.4323e+02, 3.0119e+01, 
 1DIAGNOSTIC,     9, -1.822339324412e-01, 1.797693134862e+308, 2.7315e+02, 2.9917e+01, 
 1DIAGNOSTIC,    10, -1.828724302254e-01, 2.476295604807e-03, 3.0276e+02, 2.9609e+01, 
  Elapsed time (stage 1): 304.4


Total elapsed time: 328.6
>> EPI_REG OK: subject 29358/run 
mkdir: cannot create directory ‘/lustre/scratch/wbic-beta/ccn30/ENCRYPT/gridcellpilot/preprocessed_data/segmentation/29358/epimasks’: File exists
Making EPI Mask directory
EXECUTING T2 mask to EPI space transformation for subject 29358
Using double precision for computations.
Input scalar image: /lustre/scratch/wbic-beta/ccn30/ENCRYPT/gridcellpilot/preprocessed_data/segmentation/29358/ASHS_corinputs/final/29358_3_left_lfseg_corr_nogray.nii.gz
Reference image: /lustre/scratch/wbic-beta/ccn30/ENCRYPT/gridcellpilot/preprocessed_data/images/29358/topup_Run_1_split0000.nii
=============================================================================
The composite transform comprises the following transforms (in order): 
  1. inverse of T1toT2_ANTS_0GenericAffine.mat (type = AffineTransform)
  2. T1toT2_ANTS_1InverseWarp.nii.gz (type = DisplacementFieldTransform)
  3. T1toEPI_ANTS_0GenericAffine.mat (type = AffineTransform)
  4. T1toEPI_ANTS_1Warp.nii.gz (type = DisplacementFieldTransform)
=============================================================================
Default pixel value: 0
Interpolation type: LabelImageGaussianInterpolateImageFunction
Output warped image: /lustre/scratch/wbic-beta/ccn30/ENCRYPT/gridcellpilot/preprocessed_data/segmentation/29358/epimasks/LeftMTLmaskWarped_SyN.nii.gz
Using double precision for computations.
Input scalar image: /lustre/scratch/wbic-beta/ccn30/ENCRYPT/gridcellpilot/preprocessed_data/segmentation/29358/ASHS_corinputs/final/29358_3_right_lfseg_corr_nogray.nii.gz
Reference image: /lustre/scratch/wbic-beta/ccn30/ENCRYPT/gridcellpilot/preprocessed_data/images/29358/topup_Run_1_split0000.nii
=============================================================================
The composite transform comprises the following transforms (in order): 
  1. inverse of T1toT2_ANTS_0GenericAffine.mat (type = AffineTransform)
  2. T1toT2_ANTS_1InverseWarp.nii.gz (type = DisplacementFieldTransform)
  3. T1toEPI_ANTS_0GenericAffine.mat (type = AffineTransform)
  4. T1toEPI_ANTS_1Warp.nii.gz (type = DisplacementFieldTransform)
=============================================================================
Default pixel value: 0
Interpolation type: LabelImageGaussianInterpolateImageFunction
Output warped image: /lustre/scratch/wbic-beta/ccn30/ENCRYPT/gridcellpilot/preprocessed_data/segmentation/29358/epimasks/RightMTLmaskWarped_SyN.nii.gz
Using double precision for computations.
Input scalar image: /lustre/scratch/wbic-beta/ccn30/ENCRYPT/gridcellpilot/preprocessed_data/segmentation/29358/ASHS_corinputs/final/29358_3_left_lfseg_corr_nogray.nii.gz
Reference image: /lustre/scratch/wbic-beta/ccn30/ENCRYPT/gridcellpilot/preprocessed_data/images/29358/topup_Run_1_split0000.nii
=============================================================================
The composite transform comprises the following transforms (in order): 
  1. inverse of T1toT2_ANTS_0GenericAffine.mat (type = AffineTransform)
  2. T1toEPI_ANTS_0GenericAffine.mat (type = AffineTransform)
=============================================================================
Default pixel value: 0
Interpolation type: LabelImageGaussianInterpolateImageFunction
Output warped image: /lustre/scratch/wbic-beta/ccn30/ENCRYPT/gridcellpilot/preprocessed_data/segmentation/29358/epimasks/LeftMTLmaskWarped_affine.nii.gz
Using double precision for computations.
Input scalar image: /lustre/scratch/wbic-beta/ccn30/ENCRYPT/gridcellpilot/preprocessed_data/segmentation/29358/ASHS_corinputs/final/29358_3_right_lfseg_corr_nogray.nii.gz
Reference image: /lustre/scratch/wbic-beta/ccn30/ENCRYPT/gridcellpilot/preprocessed_data/images/29358/topup_Run_1_split0000.nii
=============================================================================
The composite transform comprises the following transforms (in order): 
  1. inverse of T1toT2_ANTS_0GenericAffine.mat (type = AffineTransform)
  2. T1toEPI_ANTS_0GenericAffine.mat (type = AffineTransform)
=============================================================================
Default pixel value: 0
Interpolation type: LabelImageGaussianInterpolateImageFunction
Output warped image: /lustre/scratch/wbic-beta/ccn30/ENCRYPT/gridcellpilot/preprocessed_data/segmentation/29358/epimasks/RightMTLmaskWarped_affine.nii.gz
>> EC MASKS FAILED TRANSFORMATION: subject 29358
