Changed directory to /lustre/scratch/wbic-beta/ccn30/ENCRYPT/gridcellpilot/scripts/coregistration/slurmoutputs.

JobID: 4089899
======
Time: Sun Oct 20 16:29:14 BST 2019
Running on master node: wbic-csm-1
Current directory: /lustre/scratch/wbic-beta/ccn30/ENCRYPT/gridcellpilot/scripts/coregistration/slurmoutputs

Nodes allocated:
================
wbic-csm-1

numtasks=, numnodes=1, mpi_tasks_per_node=2 (OMP_NUM_THREADS=1)

Executing command:
==================
/lustre/scratch/wbic-beta/ccn30/ENCRYPT/gridcellpilot/scripts/coregistration/coreg_all.sh /lustre/scratch/wbic-beta/ccn30/ENCRYPT/gridcellpilot 29317/20190902_U-ID46030

29317
/lustre/scratch/wbic-beta/ccn30/ENCRYPT/gridcellpilot/preprocessed_data/segmentation/29317
mkdir: cannot create directory ‘/lustre/scratch/wbic-beta/ccn30/ENCRYPT/gridcellpilot/preprocessed_data/segmentation/29317/coregistration’: File exists
Making coregistration directory...
/lustre/scratch/wbic-beta/ccn30/ENCRYPT/gridcellpilot/preprocessed_data/segmentation/29317/coregistration
EXECUTING t2 to t1 coreg:  29317

--------------------------------------------------------------------------------------
 Mapping parameters
--------------------------------------------------------------------------------------
 ANTSPATH is /applications/ANTS/2.2.0/bin/

 Dimensionality:           3
 Output name prefix:       /lustre/scratch/wbic-beta/ccn30/ENCRYPT/gridcellpilot/preprocessed_data/segmentation/29317/coregistration/T1toT2_ANTS_
 Fixed images:             /lustre/scratch/wbic-beta/ccn30/ENCRYPT/gridcellpilot/raw_data/images/29317/20190902_U-ID46030/Series_033_Highresolution_TSE_PAT2_100/N4Series_033_Highresolution_TSE_PAT2_100_c32.nii
 Moving images:            /lustre/scratch/wbic-beta/ccn30/ENCRYPT/gridcellpilot/raw_data/images/29317/20190902_U-ID46030/mp2rage/reorientn4mag0000_PSIR_skulled_std.nii
 Number of threads:        1
 Spline distance:          26
 Transform type:           s
 MI histogram bins:        32
 Precision:                d
 Use histogram matching    0
======================================================================================
 antsRegistration call:
--------------------------------------------------------------------------------------
/applications/ANTS/2.2.0/bin//antsRegistration --verbose 1 --dimensionality 3 --float 0 --output [/lustre/scratch/wbic-beta/ccn30/ENCRYPT/gridcellpilot/preprocessed_data/segmentation/29317/coregistration/T1toT2_ANTS_,/lustre/scratch/wbic-beta/ccn30/ENCRYPT/gridcellpilot/preprocessed_data/segmentation/29317/coregistration/T1toT2_ANTS_Warped.nii.gz,/lustre/scratch/wbic-beta/ccn30/ENCRYPT/gridcellpilot/preprocessed_data/segmentation/29317/coregistration/T1toT2_ANTS_InverseWarped.nii.gz] --interpolation Linear --use-histogram-matching 0 --winsorize-image-intensities [0.005,0.995] --initial-moving-transform [/lustre/scratch/wbic-beta/ccn30/ENCRYPT/gridcellpilot/raw_data/images/29317/20190902_U-ID46030/Series_033_Highresolution_TSE_PAT2_100/N4Series_033_Highresolution_TSE_PAT2_100_c32.nii,/lustre/scratch/wbic-beta/ccn30/ENCRYPT/gridcellpilot/raw_data/images/29317/20190902_U-ID46030/mp2rage/reorientn4mag0000_PSIR_skulled_std.nii,1] --transform Rigid[0.1] --metric MI[/lustre/scratch/wbic-beta/ccn30/ENCRYPT/gridcellpilot/raw_data/images/29317/20190902_U-ID46030/Series_033_Highresolution_TSE_PAT2_100/N4Series_033_Highresolution_TSE_PAT2_100_c32.nii,/lustre/scratch/wbic-beta/ccn30/ENCRYPT/gridcellpilot/raw_data/images/29317/20190902_U-ID46030/mp2rage/reorientn4mag0000_PSIR_skulled_std.nii,1,32,Regular,0.25] --convergence [1000x500x250x0,1e-6,10] --shrink-factors 12x8x4x2 --smoothing-sigmas 4x3x2x1vox --transform Affine[0.1] --metric MI[/lustre/scratch/wbic-beta/ccn30/ENCRYPT/gridcellpilot/raw_data/images/29317/20190902_U-ID46030/Series_033_Highresolution_TSE_PAT2_100/N4Series_033_Highresolution_TSE_PAT2_100_c32.nii,/lustre/scratch/wbic-beta/ccn30/ENCRYPT/gridcellpilot/raw_data/images/29317/20190902_U-ID46030/mp2rage/reorientn4mag0000_PSIR_skulled_std.nii,1,32,Regular,0.25] --convergence [1000x500x250x0,1e-6,10] --shrink-factors 12x8x4x2 --smoothing-sigmas 4x3x2x1vox --transform SyN[0.1,3,0] --metric MI[/lustre/scratch/wbic-beta/ccn30/ENCRYPT/gridcellpilot/raw_data/images/29317/20190902_U-ID46030/Series_033_Highresolution_TSE_PAT2_100/N4Series_033_Highresolution_TSE_PAT2_100_c32.nii,/lustre/scratch/wbic-beta/ccn30/ENCRYPT/gridcellpilot/raw_data/images/29317/20190902_U-ID46030/mp2rage/reorientn4mag0000_PSIR_skulled_std.nii,1,32] --convergence [100x100x70x50x0,1e-6,10] --shrink-factors 10x6x4x2x1 --smoothing-sigmas 5x3x2x1x0vox
--------------------------------------------------------------------------------------
All_Command_lines_OK
Using double precision for computations.
=============================================================================
The composite transform comprises the following transforms (in order): 
  1. Center of mass alignment using fixed image: /lustre/scratch/wbic-beta/ccn30/ENCRYPT/gridcellpilot/raw_data/images/29317/20190902_U-ID46030/Series_033_Highresolution_TSE_PAT2_100/N4Series_033_Highresolution_TSE_PAT2_100_c32.nii and moving image: /lustre/scratch/wbic-beta/ccn30/ENCRYPT/gridcellpilot/raw_data/images/29317/20190902_U-ID46030/mp2rage/reorientn4mag0000_PSIR_skulled_std.nii (type = Euler3DTransform)
=============================================================================
  number of levels = 4
  number of levels = 4
  number of levels = 5
  fixed image: /lustre/scratch/wbic-beta/ccn30/ENCRYPT/gridcellpilot/raw_data/images/29317/20190902_U-ID46030/Series_033_Highresolution_TSE_PAT2_100/N4Series_033_Highresolution_TSE_PAT2_100_c32.nii
  moving image: /lustre/scratch/wbic-beta/ccn30/ENCRYPT/gridcellpilot/raw_data/images/29317/20190902_U-ID46030/mp2rage/reorientn4mag0000_PSIR_skulled_std.nii
  fixed image: /lustre/scratch/wbic-beta/ccn30/ENCRYPT/gridcellpilot/raw_data/images/29317/20190902_U-ID46030/Series_033_Highresolution_TSE_PAT2_100/N4Series_033_Highresolution_TSE_PAT2_100_c32.nii
  moving image: /lustre/scratch/wbic-beta/ccn30/ENCRYPT/gridcellpilot/raw_data/images/29317/20190902_U-ID46030/mp2rage/reorientn4mag0000_PSIR_skulled_std.nii
  fixed image: /lustre/scratch/wbic-beta/ccn30/ENCRYPT/gridcellpilot/raw_data/images/29317/20190902_U-ID46030/Series_033_Highresolution_TSE_PAT2_100/N4Series_033_Highresolution_TSE_PAT2_100_c32.nii
  moving image: /lustre/scratch/wbic-beta/ccn30/ENCRYPT/gridcellpilot/raw_data/images/29317/20190902_U-ID46030/mp2rage/reorientn4mag0000_PSIR_skulled_std.nii
Dimension = 3
Number of stages = 3
Use Histogram Matching false
Winsorize image intensities true
Lower quantile = 0.005
Upper quantile = 0.995
Stage 1 State
   Image metric = Mattes
     Fixed image = Image (0x4008610)
  RTTI typeinfo:   itk::Image<double, 3u>
  Reference Count: 2
  Modified Time: 1713
  Debug: Off
  Object Name: 
  Observers: 
    none
  Source: (none)
  Source output name: (none)
  Release Data: Off
  Data Released: False
  Global Release Data: Off
  PipelineMTime: 0
  UpdateMTime: 1535
  RealTimeStamp: 0 seconds 
  LargestPossibleRegion: 
    Dimension: 3
    Index: [0, 0, 0]
    Size: [512, 512, 54]
  BufferedRegion: 
    Dimension: 3
    Index: [0, 0, 0]
    Size: [512, 512, 54]
  RequestedRegion: 
    Dimension: 3
    Index: [0, 0, 0]
    Size: [512, 512, 54]
  Spacing: [0.4375, 0.4375, 1.1]
  Origin: [-112, -1.78218, -113.01]
  Direction: 
1 1.20559e-11 -7.38789e-12
1.20559e-11 -0.453991 0.891007
-7.38789e-12 0.891007 0.453991

  IndexToPointMatrix: 
0.4375 5.27447e-12 -8.12668e-12
5.27447e-12 -0.198621 0.980107
-3.2322e-12 0.389815 0.49939

  PointToIndexMatrix: 
2.28571 2.75564e-11 -1.68866e-11
2.75564e-11 -1.03769 2.03659
-6.71626e-12 0.810006 0.412719

  Inverse Direction: 
1 1.20559e-11 -7.38789e-12
1.20559e-11 -0.453991 0.891007
-7.38789e-12 0.891007 0.453991

  PixelContainer: 
    ImportImageContainer (0x40025e0)
      RTTI typeinfo:   itk::ImportImageContainer<unsigned long, double>
      Reference Count: 1
      Modified Time: 1532
      Debug: Off
      Object Name: 
      Observers: 
        none
      Pointer: 0x2ae61fe67010
      Container manages memory: true
      Size: 14155776
      Capacity: 14155776

     Moving image = Image (0x40092f0)
  RTTI typeinfo:   itk::Image<double, 3u>
  Reference Count: 2
  Modified Time: 1714
  Debug: Off
  Object Name: 
  Observers: 
    none
  Source: (none)
  Source output name: (none)
  Release Data: Off
  Data Released: False
  Global Release Data: Off
  PipelineMTime: 0
  UpdateMTime: 1711
  RealTimeStamp: 0 seconds 
  LargestPossibleRegion: 
    Dimension: 3
    Index: [0, 0, 0]
    Size: [224, 320, 320]
  BufferedRegion: 
    Dimension: 3
    Index: [0, 0, 0]
    Size: [224, 320, 320]
  RequestedRegion: 
    Dimension: 3
    Index: [0, 0, 0]
    Size: [224, 320, 320]
  Spacing: [0.699997, 0.7, 0.7]
  Origin: [-76.1904, 72.2492, -103.242]
  Direction: 
1 0 0
0 -1 0
0 0 1

  IndexToPointMatrix: 
0.699997 0 0
0 -0.7 0
0 0 0.7

  PointToIndexMatrix: 
1.42858 0 0
0 -1.42857 0
0 0 1.42857

  Inverse Direction: 
1 0 0
0 -1 0
0 0 1

  PixelContainer: 
    ImportImageContainer (0x4006c90)
      RTTI typeinfo:   itk::ImportImageContainer<unsigned long, double>
      Reference Count: 1
      Modified Time: 1708
      Debug: Off
      Object Name: 
      Observers: 
        none
      Pointer: 0x2ae626a68010
      Container manages memory: true
      Size: 22937600
      Capacity: 22937600

     Weighting = 1
     Sampling strategy = regular
     Number of bins = 32
     Radius = 4
     Sampling percentage  = 0.25
   Transform = Rigid
     Gradient step = 0.1
     Update field sigma (voxel space) = 0
     Total field sigma (voxel space) = 0
     Update field time sigma = 0
     Total field time sigma  = 0
     Number of time indices = 0
     Number of time point samples = 0
Stage 2 State
   Image metric = Mattes
     Fixed image = Image (0x400a010)
  RTTI typeinfo:   itk::Image<double, 3u>
  Reference Count: 2
  Modified Time: 2067
  Debug: Off
  Object Name: 
  Observers: 
    none
  Source: (none)
  Source output name: (none)
  Release Data: Off
  Data Released: False
  Global Release Data: Off
  PipelineMTime: 0
  UpdateMTime: 1889
  RealTimeStamp: 0 seconds 
  LargestPossibleRegion: 
    Dimension: 3
    Index: [0, 0, 0]
    Size: [512, 512, 54]
  BufferedRegion: 
    Dimension: 3
    Index: [0, 0, 0]
    Size: [512, 512, 54]
  RequestedRegion: 
    Dimension: 3
    Index: [0, 0, 0]
    Size: [512, 512, 54]
  Spacing: [0.4375, 0.4375, 1.1]
  Origin: [-112, -1.78218, -113.01]
  Direction: 
1 1.20559e-11 -7.38789e-12
1.20559e-11 -0.453991 0.891007
-7.38789e-12 0.891007 0.453991

  IndexToPointMatrix: 
0.4375 5.27447e-12 -8.12668e-12
5.27447e-12 -0.198621 0.980107
-3.2322e-12 0.389815 0.49939

  PointToIndexMatrix: 
2.28571 2.75564e-11 -1.68866e-11
2.75564e-11 -1.03769 2.03659
-6.71626e-12 0.810006 0.412719

  Inverse Direction: 
1 1.20559e-11 -7.38789e-12
1.20559e-11 -0.453991 0.891007
-7.38789e-12 0.891007 0.453991

  PixelContainer: 
    ImportImageContainer (0x4003210)
      RTTI typeinfo:   itk::ImportImageContainer<unsigned long, double>
      Reference Count: 1
      Modified Time: 1886
      Debug: Off
      Object Name: 
      Observers: 
        none
      Pointer: 0x2ae631969010
      Container manages memory: true
      Size: 14155776
      Capacity: 14155776

     Moving image = Image (0x4015cd0)
  RTTI typeinfo:   itk::Image<double, 3u>
  Reference Count: 2
  Modified Time: 2068
  Debug: Off
  Object Name: 
  Observers: 
    none
  Source: (none)
  Source output name: (none)
  Release Data: Off
  Data Released: False
  Global Release Data: Off
  PipelineMTime: 0
  UpdateMTime: 2065
  RealTimeStamp: 0 seconds 
  LargestPossibleRegion: 
    Dimension: 3
    Index: [0, 0, 0]
    Size: [224, 320, 320]
  BufferedRegion: 
    Dimension: 3
    Index: [0, 0, 0]
    Size: [224, 320, 320]
  RequestedRegion: 
    Dimension: 3
    Index: [0, 0, 0]
    Size: [224, 320, 320]
  Spacing: [0.699997, 0.7, 0.7]
  Origin: [-76.1904, 72.2492, -103.242]
  Direction: 
1 0 0
0 -1 0
0 0 1

  IndexToPointMatrix: 
0.699997 0 0
0 -0.7 0
0 0 0.7

  PointToIndexMatrix: 
1.42858 0 0
0 -1.42857 0
0 0 1.42857

  Inverse Direction: 
1 0 0
0 -1 0
0 0 1

  PixelContainer: 
    ImportImageContainer (0x4015f60)
      RTTI typeinfo:   itk::ImportImageContainer<unsigned long, double>
      Reference Count: 1
      Modified Time: 2062
      Debug: Off
      Object Name: 
      Observers: 
        none
      Pointer: 0x2ae63856a010
      Container manages memory: true
      Size: 22937600
      Capacity: 22937600

     Weighting = 1
     Sampling strategy = regular
     Number of bins = 32
     Radius = 4
     Sampling percentage  = 0.25
   Transform = Affine
     Gradient step = 0.1
     Update field sigma (voxel space) = 0
     Total field sigma (voxel space) = 0
     Update field time sigma = 0
     Total field time sigma  = 0
     Number of time indices = 0
     Number of time point samples = 0
Stage 3 State
   Image metric = Mattes
     Fixed image = Image (0x4015fc0)
  RTTI typeinfo:   itk::Image<double, 3u>
  Reference Count: 2
  Modified Time: 2421
  Debug: Off
  Object Name: 
  Observers: 
    none
  Source: (none)
  Source output name: (none)
  Release Data: Off
  Data Released: False
  Global Release Data: Off
  PipelineMTime: 0
  UpdateMTime: 2243
  RealTimeStamp: 0 seconds 
  LargestPossibleRegion: 
    Dimension: 3
    Index: [0, 0, 0]
    Size: [512, 512, 54]
  BufferedRegion: 
    Dimension: 3
    Index: [0, 0, 0]
    Size: [512, 512, 54]
  RequestedRegion: 
    Dimension: 3
    Index: [0, 0, 0]
    Size: [512, 512, 54]
  Spacing: [0.4375, 0.4375, 1.1]
  Origin: [-112, -1.78218, -113.01]
  Direction: 
1 1.20559e-11 -7.38789e-12
1.20559e-11 -0.453991 0.891007
-7.38789e-12 0.891007 0.453991

  IndexToPointMatrix: 
0.4375 5.27447e-12 -8.12668e-12
5.27447e-12 -0.198621 0.980107
-3.2322e-12 0.389815 0.49939

  PointToIndexMatrix: 
2.28571 2.75564e-11 -1.68866e-11
2.75564e-11 -1.03769 2.03659
-6.71626e-12 0.810006 0.412719

  Inverse Direction: 
1 1.20559e-11 -7.38789e-12
1.20559e-11 -0.453991 0.891007
-7.38789e-12 0.891007 0.453991

  PixelContainer: 
    ImportImageContainer (0x4017dd0)
      RTTI typeinfo:   itk::ImportImageContainer<unsigned long, double>
      Reference Count: 1
      Modified Time: 2240
      Debug: Off
      Object Name: 
      Observers: 
        none
      Pointer: 0x2ae64346b010
      Container manages memory: true
      Size: 14155776
      Capacity: 14155776

     Moving image = Image (0x401e6f0)
  RTTI typeinfo:   itk::Image<double, 3u>
  Reference Count: 2
  Modified Time: 2422
  Debug: Off
  Object Name: 
  Observers: 
    none
  Source: (none)
  Source output name: (none)
  Release Data: Off
  Data Released: False
  Global Release Data: Off
  PipelineMTime: 0
  UpdateMTime: 2419
  RealTimeStamp: 0 seconds 
  LargestPossibleRegion: 
    Dimension: 3
    Index: [0, 0, 0]
    Size: [224, 320, 320]
  BufferedRegion: 
    Dimension: 3
    Index: [0, 0, 0]
    Size: [224, 320, 320]
  RequestedRegion: 
    Dimension: 3
    Index: [0, 0, 0]
    Size: [224, 320, 320]
  Spacing: [0.699997, 0.7, 0.7]
  Origin: [-76.1904, 72.2492, -103.242]
  Direction: 
1 0 0
0 -1 0
0 0 1

  IndexToPointMatrix: 
0.699997 0 0
0 -0.7 0
0 0 0.7

  PointToIndexMatrix: 
1.42858 0 0
0 -1.42857 0
0 0 1.42857

  Inverse Direction: 
1 0 0
0 -1 0
0 0 1

  PixelContainer: 
    ImportImageContainer (0x401e980)
      RTTI typeinfo:   itk::ImportImageContainer<unsigned long, double>
      Reference Count: 1
      Modified Time: 2416
      Debug: Off
      Object Name: 
      Observers: 
        none
      Pointer: 0x2ae64a06c010
      Container manages memory: true
      Size: 22937600
      Capacity: 22937600

     Weighting = 1
     Sampling strategy = none
     Number of bins = 32
     Radius = 4
     Sampling percentage  = 1
   Transform = SyN
     Gradient step = 0.1
     Update field sigma (voxel space) = 3
     Total field sigma (voxel space) = 0
     Update field time sigma = 0
     Total field time sigma  = 0
     Number of time indices = 0
     Number of time point samples = 0
Registration using 3 total stages.

Stage 0
  iterations = 1000x500x250x0
  convergence threshold = 1e-06
  convergence window size = 10
  number of levels = 4
  using the Mattes MI metric (number of bins = 32, weight = 1)
  preprocessing:  winsorizing the image intensities
  Shrink factors (level 1 out of 4): [12, 12, 5]
  Shrink factors (level 2 out of 4): [8, 8, 3]
  Shrink factors (level 3 out of 4): [4, 4, 2]
  Shrink factors (level 4 out of 4): [2, 2, 1]
  smoothing sigmas per level: [4, 3, 2, 1]
  regular sampling (percentage = 0.25)

*** Running Euler3DTransform registration ***

DIAGNOSTIC,Iteration,metricValue,convergenceValue,ITERATION_TIME_INDEX,SINCE_LAST
 2DIAGNOSTIC,     1, -4.351118964560e-01, 1.797693134862e+308, 1.8475e+01, 1.8475e+01, 
 2DIAGNOSTIC,     2, -4.391589302773e-01, 1.797693134862e+308, 1.8494e+01, 1.8806e-02, 
 2DIAGNOSTIC,     3, -4.448055328262e-01, 1.797693134862e+308, 1.8512e+01, 1.8147e-02, 
 2DIAGNOSTIC,     4, -4.518949761237e-01, 1.797693134862e+308, 1.8530e+01, 1.8274e-02, 
 2DIAGNOSTIC,     5, -4.579207784201e-01, 1.797693134862e+308, 1.8550e+01, 1.9566e-02, 
 2DIAGNOSTIC,     6, -4.689399573099e-01, 1.797693134862e+308, 1.8568e+01, 1.8106e-02, 
 2DIAGNOSTIC,     7, -4.801737580393e-01, 1.797693134862e+308, 1.8589e+01, 2.1437e-02, 
 2DIAGNOSTIC,     8, -4.814863223068e-01, 1.797693134862e+308, 1.8607e+01, 1.7610e-02, 
 2DIAGNOSTIC,     9, -4.825627793679e-01, 1.797693134862e+308, 1.8629e+01, 2.1432e-02, 
 2DIAGNOSTIC,    10, -4.829986219547e-01, 7.781618336360e-03, 1.8652e+01, 2.3815e-02, 
 2DIAGNOSTIC,    11, -4.824831132568e-01, 6.183988538219e-03, 1.8675e+01, 2.2495e-02, 
 2DIAGNOSTIC,    12, -4.829206659814e-01, 4.528415532769e-03, 1.8697e+01, 2.2055e-02, 
 2DIAGNOSTIC,    13, -4.833104228476e-01, 3.009480143100e-03, 1.8715e+01, 1.8311e-02, 
 2DIAGNOSTIC,    14, -4.833488248297e-01, 1.755473800553e-03, 1.8733e+01, 1.8281e-02, 
 2DIAGNOSTIC,    15, -4.832623098012e-01, 7.473333669730e-04, 1.8752e+01, 1.8232e-02, 
 2DIAGNOSTIC,    16, -4.834913800583e-01, 2.150467672820e-04, 1.8781e+01, 2.9409e-02, 
 2DIAGNOSTIC,    17, -4.835430910892e-01, 1.269106421040e-04, 1.8800e+01, 1.8780e-02, 
 2DIAGNOSTIC,    18, -4.835775025398e-01, 8.094575303204e-05, 1.8822e+01, 2.2445e-02, 
 2DIAGNOSTIC,    19, -4.840397733367e-01, 8.101864910128e-05, 1.8844e+01, 2.1949e-02, 
 2DIAGNOSTIC,    20, -4.841554868645e-01, 9.074279541818e-05, 1.8866e+01, 2.1644e-02, 
 2DIAGNOSTIC,    21, -4.841697641159e-01, 7.666818156449e-05, 1.8885e+01, 1.8595e-02, 
 2DIAGNOSTIC,    22, -4.840969573181e-01, 6.668682396122e-05, 1.8914e+01, 2.9545e-02, 
 2DIAGNOSTIC,    23, -4.843530888113e-01, 6.840072030984e-05, 1.8936e+01, 2.2009e-02, 
 2DIAGNOSTIC,    24, -4.843734609799e-01, 6.490506234420e-05, 1.8955e+01, 1.8460e-02, 
 2DIAGNOSTIC,    25, -4.842106012578e-01, 4.957972335468e-05, 1.8984e+01, 2.9465e-02, 
 2DIAGNOSTIC,    26, -4.842256792932e-01, 3.687689271296e-05, 1.9003e+01, 1.9395e-02, 
 2DIAGNOSTIC,    27, -4.843076202624e-01, 2.483593765948e-05, 1.9037e+01, 3.3627e-02, 
 2DIAGNOSTIC,    28, -4.843744593530e-01, 1.316133052585e-05, 1.9061e+01, 2.4168e-02, 
 2DIAGNOSTIC,    29, -4.843809262190e-01, 1.069594737596e-05, 1.9083e+01, 2.1502e-02, 
 2DIAGNOSTIC,    30, -4.843856116015e-01, 1.003292083945e-05, 1.9103e+01, 2.0290e-02, 
 2DIAGNOSTIC,    31, -4.843968780287e-01, 9.183692400591e-06, 1.9138e+01, 3.5020e-02, 
 2DIAGNOSTIC,    32, -4.843976077037e-01, 6.059743953776e-06, 1.9157e+01, 1.8742e-02, 
 2DIAGNOSTIC,    33, -4.843989281526e-01, 7.228825334431e-06, 1.9176e+01, 1.8943e-02, 
 2DIAGNOSTIC,    34, -4.844010851228e-01, 8.233663610371e-06, 1.9198e+01, 2.2674e-02, 
 2DIAGNOSTIC,    35, -4.844027006724e-01, 5.773077244614e-06, 1.9221e+01, 2.2652e-02, 
DIAGNOSTIC,Iteration,metricValue,convergenceValue,ITERATION_TIME_INDEX,SINCE_LAST
 2DIAGNOSTIC,     1, -4.521118868868e-01, 1.797693134862e+308, 3.3373e+01, 1.4152e+01, 
 2DIAGNOSTIC,     2, -4.532043270700e-01, 1.797693134862e+308, 3.3465e+01, 9.2202e-02, 
 2DIAGNOSTIC,     3, -4.541236929101e-01, 1.797693134862e+308, 3.3555e+01, 9.0303e-02, 
 2DIAGNOSTIC,     4, -4.549254893770e-01, 1.797693134862e+308, 3.3648e+01, 9.2406e-02, 
 2DIAGNOSTIC,     5, -4.559022023664e-01, 1.797693134862e+308, 3.3737e+01, 8.8830e-02, 
 2DIAGNOSTIC,     6, -4.568202791428e-01, 1.797693134862e+308, 3.3826e+01, 8.9023e-02, 
 2DIAGNOSTIC,     7, -4.585476856997e-01, 1.797693134862e+308, 3.3977e+01, 1.5100e-01, 
 2DIAGNOSTIC,     8, -4.589544368567e-01, 1.797693134862e+308, 3.4089e+01, 1.1224e-01, 
 2DIAGNOSTIC,     9, -4.592718538004e-01, 1.797693134862e+308, 3.4198e+01, 1.0943e-01, 
 2DIAGNOSTIC,    10, -4.597338768278e-01, 1.133955651972e-03, 3.4306e+01, 1.0799e-01, 
 2DIAGNOSTIC,    11, -4.601456978335e-01, 9.422668688964e-04, 3.4410e+01, 1.0349e-01, 
 2DIAGNOSTIC,    12, -4.607528424824e-01, 7.847067421496e-04, 3.4534e+01, 1.2406e-01, 
 2DIAGNOSTIC,    13, -4.607900396967e-01, 6.259765607034e-04, 3.4619e+01, 8.5502e-02, 
 2DIAGNOSTIC,    14, -4.608197686623e-01, 4.710590997180e-04, 3.4696e+01, 7.6941e-02, 
 2DIAGNOSTIC,    15, -4.608273240019e-01, 3.348984000676e-04, 3.4849e+01, 1.5310e-01, 
 2DIAGNOSTIC,    16, -4.608277736219e-01, 2.190594852760e-04, 3.4935e+01, 8.5505e-02, 
 2DIAGNOSTIC,    17, -4.608290240775e-01, 1.596068282763e-04, 3.5014e+01, 7.8623e-02, 
 2DIAGNOSTIC,    18, -4.608308109755e-01, 1.063141986255e-04, 3.5105e+01, 9.1306e-02, 
 2DIAGNOSTIC,    19, -4.608156023042e-01, 5.886731201698e-05, 3.5195e+01, 9.0300e-02, 
 2DIAGNOSTIC,    20, -4.608179164176e-01, 2.515282882718e-05, 3.5288e+01, 9.2461e-02, 
 2DIAGNOSTIC,    21, -4.608214578764e-01, 4.232842579825e-06, 3.5459e+01, 1.7171e-01, 
 2DIAGNOSTIC,    22, -4.608215709737e-01, 2.044195201660e-06, 3.5564e+01, 1.0458e-01, 
DIAGNOSTIC,Iteration,metricValue,convergenceValue,ITERATION_TIME_INDEX,SINCE_LAST
 2DIAGNOSTIC,     1, -4.241094144654e-01, 1.797693134862e+308, 4.3621e+01, 8.0569e+00, 
 2DIAGNOSTIC,     2, -4.247913913898e-01, 1.797693134862e+308, 4.4054e+01, 4.3302e-01, 
 2DIAGNOSTIC,     3, -4.251214234670e-01, 1.797693134862e+308, 4.4480e+01, 4.2589e-01, 
 2DIAGNOSTIC,     4, -4.255429821907e-01, 1.797693134862e+308, 4.4918e+01, 4.3843e-01, 
 2DIAGNOSTIC,     5, -4.258044754251e-01, 1.797693134862e+308, 4.5537e+01, 6.1883e-01, 
 2DIAGNOSTIC,     6, -4.263112819676e-01, 1.797693134862e+308, 4.6315e+01, 7.7788e-01, 
 2DIAGNOSTIC,     7, -4.263607197911e-01, 1.797693134862e+308, 4.6736e+01, 4.2143e-01, 
 2DIAGNOSTIC,     8, -4.264937223938e-01, 1.797693134862e+308, 4.7158e+01, 4.2225e-01, 
 2DIAGNOSTIC,     9, -4.265801252424e-01, 1.797693134862e+308, 4.7582e+01, 4.2309e-01, 
 2DIAGNOSTIC,    10, -4.265937871656e-01, 3.687192895490e-04, 4.8087e+01, 5.0569e-01, 
 2DIAGNOSTIC,    11, -4.266710715005e-01, 2.591746405182e-04, 4.8587e+01, 5.0023e-01, 
 2DIAGNOSTIC,    12, -4.266957630425e-01, 1.840170348215e-04, 4.9173e+01, 5.8574e-01, 
 2DIAGNOSTIC,    13, -4.267006185184e-01, 1.211026666223e-04, 4.9675e+01, 5.0171e-01, 
 2DIAGNOSTIC,    14, -4.266411619674e-01, 7.361380532114e-05, 5.0262e+01, 5.8732e-01, 
 2DIAGNOSTIC,    15, -4.266344585055e-01, 3.681872995449e-05, 5.0767e+01, 5.0492e-01, 
 2DIAGNOSTIC,    16, -4.266319390735e-01, 2.245734169369e-05, 5.1187e+01, 4.1995e-01, 
 2DIAGNOSTIC,    17, -4.266280586083e-01, 9.523910985396e-06, 5.1609e+01, 4.2232e-01, 
 2DIAGNOSTIC,    18, -4.266320925927e-01, 2.361372440141e-06, 5.2116e+01, 5.0652e-01, 
DIAGNOSTIC,Iteration,metricValue,convergenceValue,ITERATION_TIME_INDEX,SINCE_LAST
 2DIAGNOSTIC,     1, -3.391653878274e-01, 1.797693134862e+308, 6.0197e+01, 8.0815e+00, 
  Elapsed time (stage 0): 6.2502e+01


Stage 1
  iterations = 1000x500x250x0
  convergence threshold = 1.0000e-06
  convergence window size = 10
  number of levels = 4
  using the Mattes MI metric (number of bins = 32, weight = 1.0000e+00)
  preprocessing:  winsorizing the image intensities
  Shrink factors (level 1 out of 4): [12, 12, 5]
  Shrink factors (level 2 out of 4): [8, 8, 3]
  Shrink factors (level 3 out of 4): [4, 4, 2]
  Shrink factors (level 4 out of 4): [2, 2, 1]
  smoothing sigmas per level: [4, 3, 2, 1]
  regular sampling (percentage = 2.5000e-01)

*** Running AffineTransform registration ***

DIAGNOSTIC,Iteration,metricValue,convergenceValue,ITERATION_TIME_INDEX,SINCE_LAST
 2DIAGNOSTIC,     1, -4.768497253482e-01, 1.797693134862e+308, 1.7902e+01, 1.7902e+01, 
 2DIAGNOSTIC,     2, -4.786936228565e-01, 1.797693134862e+308, 1.7923e+01, 2.1293e-02, 
 2DIAGNOSTIC,     3, -4.804976014665e-01, 1.797693134862e+308, 1.7945e+01, 2.1445e-02, 
 2DIAGNOSTIC,     4, -4.825239782171e-01, 1.797693134862e+308, 1.7966e+01, 2.1504e-02, 
 2DIAGNOSTIC,     5, -4.853175522296e-01, 1.797693134862e+308, 1.7987e+01, 2.1140e-02, 
 2DIAGNOSTIC,     6, -4.874430684274e-01, 1.797693134862e+308, 1.8012e+01, 2.5118e-02, 
 2DIAGNOSTIC,     7, -4.882760768251e-01, 1.797693134862e+308, 1.8039e+01, 2.6203e-02, 
 2DIAGNOSTIC,     8, -4.877576424149e-01, 1.797693134862e+308, 1.8070e+01, 3.1153e-02, 
 2DIAGNOSTIC,     9, -4.888746251254e-01, 1.797693134862e+308, 1.8100e+01, 2.9716e-02, 
 2DIAGNOSTIC,    10, -4.884741278179e-01, 1.684046377004e-03, 1.8122e+01, 2.2796e-02, 
 2DIAGNOSTIC,    11, -4.886872454345e-01, 1.212443519185e-03, 1.8145e+01, 2.3114e-02, 
 2DIAGNOSTIC,    12, -4.889657073562e-01, 8.154625761638e-04, 1.8168e+01, 2.2617e-02, 
 2DIAGNOSTIC,    13, -4.895358473400e-01, 5.134998004257e-04, 1.8199e+01, 3.0585e-02, 
 2DIAGNOSTIC,    14, -4.896027538601e-01, 2.933365438737e-04, 1.8222e+01, 2.3561e-02, 
 2DIAGNOSTIC,    15, -4.899854436803e-01, 1.981093391909e-04, 1.8248e+01, 2.6143e-02, 
 2DIAGNOSTIC,    16, -4.910745184328e-01, 2.137097881340e-04, 1.8343e+01, 9.4592e-02, 
 2DIAGNOSTIC,    17, -4.910744461108e-01, 2.362042300978e-04, 1.8368e+01, 2.4909e-02, 
 2DIAGNOSTIC,    18, -4.910745537409e-01, 2.169257464563e-04, 1.8391e+01, 2.2964e-02, 
 2DIAGNOSTIC,    19, -4.910747357175e-01, 2.150403001066e-04, 1.8414e+01, 2.3151e-02, 
 2DIAGNOSTIC,    20, -4.910750433961e-01, 1.817334382637e-04, 1.8436e+01, 2.2427e-02, 
 2DIAGNOSTIC,    21, -4.910755635030e-01, 1.402275986635e-04, 1.8459e+01, 2.2478e-02, 
 2DIAGNOSTIC,    22, -4.910764419460e-01, 9.661966446677e-05, 1.8480e+01, 2.1049e-02, 
 2DIAGNOSTIC,    23, -4.910779243141e-01, 6.292522956534e-05, 1.8501e+01, 2.1057e-02, 
 2DIAGNOSTIC,    24, -4.910804242340e-01, 2.802609761833e-05, 1.8522e+01, 2.0644e-02, 
 2DIAGNOSTIC,    25, -4.910846291438e-01, 1.712984585588e-06, 1.8543e+01, 2.0926e-02, 
 2DIAGNOSTIC,    26, -4.910916730392e-01, 1.936234232523e-06, 1.8563e+01, 2.0631e-02, 
 2DIAGNOSTIC,    27, -4.911033149492e-01, 2.323031121021e-06, 1.8584e+01, 2.0637e-02, 
 2DIAGNOSTIC,    28, -4.911223643979e-01, 2.968452456398e-06, 1.8605e+01, 2.0860e-02, 
 2DIAGNOSTIC,    29, -4.911530617200e-01, 4.009303528556e-06, 1.8626e+01, 2.0874e-02, 
 2DIAGNOSTIC,    30, -4.911738139508e-01, 5.103363674756e-06, 1.8658e+01, 3.2639e-02, 
 2DIAGNOSTIC,    31, -4.911845677432e-01, 5.954757887533e-06, 1.8680e+01, 2.1427e-02, 
 2DIAGNOSTIC,    32, -4.911652280533e-01, 5.954478879681e-06, 1.8705e+01, 2.5206e-02, 
 2DIAGNOSTIC,    33, -4.909916231075e-01, 2.463045663904e-06, 1.8727e+01, 2.1676e-02, 
DIAGNOSTIC,Iteration,metricValue,convergenceValue,ITERATION_TIME_INDEX,SINCE_LAST
 2DIAGNOSTIC,     1, -4.630022872524e-01, 1.797693134862e+308, 3.2773e+01, 1.4046e+01, 
 2DIAGNOSTIC,     2, -4.637163007131e-01, 1.797693134862e+308, 3.2856e+01, 8.3620e-02, 
 2DIAGNOSTIC,     3, -4.642054051793e-01, 1.797693134862e+308, 3.2936e+01, 8.0004e-02, 
 2DIAGNOSTIC,     4, -4.646740933914e-01, 1.797693134862e+308, 3.3033e+01, 9.6351e-02, 
 2DIAGNOSTIC,     5, -4.652453648519e-01, 1.797693134862e+308, 3.3130e+01, 9.7168e-02, 
 2DIAGNOSTIC,     6, -4.657151674891e-01, 1.797693134862e+308, 3.3252e+01, 1.2232e-01, 
 2DIAGNOSTIC,     7, -4.657255047461e-01, 1.797693134862e+308, 3.3359e+01, 1.0729e-01, 
 2DIAGNOSTIC,     8, -4.657591683658e-01, 1.797693134862e+308, 3.3455e+01, 9.5168e-02, 
 2DIAGNOSTIC,     9, -4.658017524852e-01, 1.797693134862e+308, 3.3607e+01, 1.5278e-01, 
 2DIAGNOSTIC,    10, -4.658102825709e-01, 3.876126195375e-04, 3.3703e+01, 9.5460e-02, 
 2DIAGNOSTIC,    11, -4.658156719833e-01, 2.548387263467e-04, 3.3798e+01, 9.5377e-02, 
 2DIAGNOSTIC,    12, -4.658222022589e-01, 1.583072513423e-04, 3.3935e+01, 1.3728e-01, 
 2DIAGNOSTIC,    13, -4.658163206436e-01, 8.532362760763e-05, 3.4045e+01, 1.0976e-01, 
 2DIAGNOSTIC,    14, -4.658172568757e-01, 3.526270687940e-05, 3.4141e+01, 9.5356e-02, 
 2DIAGNOSTIC,    15, -4.658032509231e-01, 1.103403432763e-05, 3.4238e+01, 9.7090e-02, 
 2DIAGNOSTIC,    16, -4.658051946765e-01, 7.067271186711e-06, 3.4336e+01, 9.7964e-02, 
 2DIAGNOSTIC,    17, -4.658039180945e-01, 3.403226758784e-06, 3.4452e+01, 1.1652e-01, 
 2DIAGNOSTIC,    18, -4.658054272529e-01, 1.160536195186e-06, 3.4625e+01, 1.7272e-01, 
DIAGNOSTIC,Iteration,metricValue,convergenceValue,ITERATION_TIME_INDEX,SINCE_LAST
 2DIAGNOSTIC,     1, -4.254868071268e-01, 1.797693134862e+308, 4.2541e+01, 7.9160e+00, 
 2DIAGNOSTIC,     2, -4.262027830399e-01, 1.797693134862e+308, 4.3040e+01, 4.9885e-01, 
 2DIAGNOSTIC,     3, -4.266841084573e-01, 1.797693134862e+308, 4.3543e+01, 5.0370e-01, 
 2DIAGNOSTIC,     4, -4.271092483043e-01, 1.797693134862e+308, 4.4038e+01, 4.9439e-01, 
 2DIAGNOSTIC,     5, -4.276493098457e-01, 1.797693134862e+308, 4.4541e+01, 5.0283e-01, 
 2DIAGNOSTIC,     6, -4.282748852921e-01, 1.797693134862e+308, 4.5321e+01, 7.8068e-01, 
 2DIAGNOSTIC,     7, -4.286892497578e-01, 1.797693134862e+308, 4.5827e+01, 5.0554e-01, 
 2DIAGNOSTIC,     8, -4.289432037493e-01, 1.797693134862e+308, 4.6515e+01, 6.8795e-01, 
 2DIAGNOSTIC,     9, -4.293564574260e-01, 1.797693134862e+308, 4.7117e+01, 6.0226e-01, 
 2DIAGNOSTIC,    10, -4.293881219232e-01, 6.066756464691e-04, 4.8000e+01, 8.8305e-01, 
 2DIAGNOSTIC,    11, -4.294016623052e-01, 4.745350571690e-04, 4.8788e+01, 7.8819e-01, 
 2DIAGNOSTIC,    12, -4.293992789976e-01, 3.615046020482e-04, 4.9376e+01, 5.8782e-01, 
 2DIAGNOSTIC,    13, -4.293921959556e-01, 2.576288789619e-04, 4.9968e+01, 5.9233e-01, 
 2DIAGNOSTIC,    14, -4.293864248306e-01, 1.649215822932e-04, 5.0566e+01, 5.9706e-01, 
 2DIAGNOSTIC,    15, -4.293783189527e-01, 9.281030151675e-05, 5.1071e+01, 5.0498e-01, 
 2DIAGNOSTIC,    16, -4.293864016207e-01, 4.759583172338e-05, 5.1673e+01, 6.0220e-01, 
 2DIAGNOSTIC,    17, -4.293888222672e-01, 1.969263522808e-05, 5.2258e+01, 5.8522e-01, 
 2DIAGNOSTIC,    18, -4.293761767678e-01, 1.729571204312e-06, 5.2746e+01, 4.8762e-01, 
DIAGNOSTIC,Iteration,metricValue,convergenceValue,ITERATION_TIME_INDEX,SINCE_LAST
 2DIAGNOSTIC,     1, -3.384738282806e-01, 1.797693134862e+308, 6.1360e+01, 8.6147e+00, 
  Elapsed time (stage 1): 6.3659e+01


Stage 2
  iterations = 100x100x70x50x0
  convergence threshold = 1.0000e-06
  convergence window size = 10
  number of levels = 5
  using the Mattes MI metric (number of bins = 32, weight = 1.0000e+00)
  preprocessing:  winsorizing the image intensities
  Shrink factors (level 1 out of 5): [10, 10, 4]
  Shrink factors (level 2 out of 5): [6, 6, 2]
  Shrink factors (level 3 out of 5): [4, 4, 2]
  Shrink factors (level 4 out of 5): [2, 2, 1]
  Shrink factors (level 5 out of 5): [1, 1, 1]
  smoothing sigmas per level: [5, 3, 2, 1, 0]
  Using default NONE metricSamplingStrategy 

*** Running SyN registration (varianceForUpdateField = 3.0000e+00, varianceForTotalField = 0.0000e+00) ***

XXDIAGNOSTIC,Iteration,metricValue,convergenceValue,ITERATION_TIME_INDEX,SINCE_LAST
 1DIAGNOSTIC,     1, -5.191689186454e-01, 1.797693134862e+308, 2.5262e+01, 2.5262e+01, 
 1DIAGNOSTIC,     2, -5.242092160922e-01, 1.797693134862e+308, 2.5528e+01, 2.6521e-01, 
 1DIAGNOSTIC,     3, -5.291108452298e-01, 1.797693134862e+308, 2.5790e+01, 2.6275e-01, 
 1DIAGNOSTIC,     4, -5.335230312122e-01, 1.797693134862e+308, 2.6049e+01, 2.5833e-01, 
 1DIAGNOSTIC,     5, -5.371608555432e-01, 1.797693134862e+308, 2.6301e+01, 2.5242e-01, 
 1DIAGNOSTIC,     6, -5.405463389678e-01, 1.797693134862e+308, 2.6554e+01, 2.5303e-01, 
 1DIAGNOSTIC,     7, -5.433449117061e-01, 1.797693134862e+308, 2.6811e+01, 2.5634e-01, 
 1DIAGNOSTIC,     8, -5.464892260927e-01, 1.797693134862e+308, 2.7065e+01, 2.5456e-01, 
 1DIAGNOSTIC,     9, -5.501574070406e-01, 1.797693134862e+308, 2.7318e+01, 2.5308e-01, 
 1DIAGNOSTIC,    10, -5.523571384521e-01, 3.873109785040e-03, 2.7581e+01, 2.6292e-01, 
 1DIAGNOSTIC,    11, -5.553709287166e-01, 3.259569030146e-03, 2.7842e+01, 2.6079e-01, 
 1DIAGNOSTIC,    12, -5.587039419761e-01, 2.820852100964e-03, 2.8105e+01, 2.6279e-01, 
 1DIAGNOSTIC,    13, -5.610359336975e-01, 2.483549294444e-03, 2.8364e+01, 2.5920e-01, 
 1DIAGNOSTIC,    14, -5.625895908844e-01, 2.190576985299e-03, 2.8628e+01, 2.6405e-01, 
 1DIAGNOSTIC,    15, -5.646774164707e-01, 1.935869953126e-03, 2.8893e+01, 2.6539e-01, 
 1DIAGNOSTIC,    16, -5.648065286888e-01, 1.649501427953e-03, 2.9160e+01, 2.6626e-01, 
 1DIAGNOSTIC,    17, -5.671546052837e-01, 1.402098862052e-03, 2.9428e+01, 2.6822e-01, 
 1DIAGNOSTIC,    18, -5.661929375844e-01, 1.113506847103e-03, 2.9692e+01, 2.6393e-01, 
 1DIAGNOSTIC,    19, -5.698055954186e-01, 9.523472754878e-04, 2.9958e+01, 2.6584e-01, 
 1DIAGNOSTIC,    20, -5.696647131600e-01, 7.695506891355e-04, 3.0219e+01, 2.6124e-01, 
 1DIAGNOSTIC,    21, -5.726651535350e-01, 6.799515532321e-04, 3.0484e+01, 2.6559e-01, 
 1DIAGNOSTIC,    22, -5.705647333492e-01, 5.626134999507e-04, 3.0752e+01, 2.6806e-01, 
 1DIAGNOSTIC,    23, -5.743581139243e-01, 5.415312633109e-04, 3.1021e+01, 2.6817e-01, 
 1DIAGNOSTIC,    24, -5.707623234313e-01, 4.247716789160e-04, 3.1285e+01, 2.6431e-01, 
 1DIAGNOSTIC,    25, -5.754117156776e-01, 4.178254505868e-04, 3.1554e+01, 2.6942e-01, 
 1DIAGNOSTIC,    26, -5.726807575293e-01, 3.177469718348e-04, 3.1823e+01, 2.6851e-01, 
 1DIAGNOSTIC,    27, -5.763479469495e-01, 3.121396530607e-04, 3.2092e+01, 2.6879e-01, 
 1DIAGNOSTIC,    28, -5.735375311241e-01, 2.060669136755e-04, 3.2355e+01, 2.6299e-01, 
 1DIAGNOSTIC,    29, -5.771870237424e-01, 2.177461236927e-04, 3.2623e+01, 2.6875e-01, 
 1DIAGNOSTIC,    30, -5.727437887054e-01, 1.273524554424e-04, 3.2887e+01, 2.6339e-01, 
 1DIAGNOSTIC,    31, -5.785013822025e-01, 1.776744611487e-04, 3.3155e+01, 2.6808e-01, 
 1DIAGNOSTIC,    32, -5.730206377338e-01, 8.336878003844e-05, 3.3417e+01, 2.6225e-01, 
 1DIAGNOSTIC,    33, -5.788987529470e-01, 1.402578111991e-04, 3.3688e+01, 2.7078e-01, 
 1DIAGNOSTIC,    34, -5.738665336805e-01, 4.766542095092e-05, 3.3954e+01, 2.6571e-01, 
 1DIAGNOSTIC,    35, -5.795440123005e-01, 1.090268831325e-04, 3.4222e+01, 2.6828e-01, 
 1DIAGNOSTIC,    36, -5.733339496962e-01, 2.716578212267e-05, 3.4486e+01, 2.6441e-01, 
 1DIAGNOSTIC,    37, -5.802753229627e-01, 9.598206777142e-05, 3.4757e+01, 2.7109e-01, 
 1DIAGNOSTIC,    38, -5.738899862502e-01, 2.567268370429e-05, 3.5022e+01, 2.6438e-01, 
 1DIAGNOSTIC,    39, -5.800069747871e-01, 8.724488722867e-05, 3.5291e+01, 2.6907e-01, 
 1DIAGNOSTIC,    40, -5.741572096064e-01, 3.403731797240e-06, 3.5556e+01, 2.6487e-01, 
 1DIAGNOSTIC,    41, -5.806131747879e-01, 7.796678697664e-05, 3.5829e+01, 2.7298e-01, 
 1DIAGNOSTIC,    42, -5.731741748461e-01, -1.790362814531e-05, 3.6095e+01, 2.6622e-01, 
XXDIAGNOSTIC,Iteration,metricValue,convergenceValue,ITERATION_TIME_INDEX,SINCE_LAST
 1DIAGNOSTIC,     1, -5.060934452200e-01, 1.797693134862e+308, 5.1279e+01, 1.5184e+01, 
 1DIAGNOSTIC,     2, -5.093409734719e-01, 1.797693134862e+308, 5.2541e+01, 1.2623e+00, 
 1DIAGNOSTIC,     3, -5.127515749259e-01, 1.797693134862e+308, 5.3744e+01, 1.2036e+00, 
 1DIAGNOSTIC,     4, -5.153592161920e-01, 1.797693134862e+308, 5.5008e+01, 1.2633e+00, 
 1DIAGNOSTIC,     5, -5.174836474787e-01, 1.797693134862e+308, 5.6181e+01, 1.1731e+00, 
 1DIAGNOSTIC,     6, -5.190752357046e-01, 1.797693134862e+308, 5.7353e+01, 1.1718e+00, 
 1DIAGNOSTIC,     7, -5.209319070257e-01, 1.797693134862e+308, 5.8525e+01, 1.1718e+00, 
 1DIAGNOSTIC,     8, -5.226332640445e-01, 1.797693134862e+308, 5.9692e+01, 1.1675e+00, 
 1DIAGNOSTIC,     9, -5.241584112381e-01, 1.797693134862e+308, 6.0861e+01, 1.1687e+00, 
 1DIAGNOSTIC,    10, -5.254081626718e-01, 2.314000182663e-03, 6.2062e+01, 1.2010e+00, 
 1DIAGNOSTIC,    11, -5.263983425976e-01, 1.848045645186e-03, 6.3268e+01, 1.2058e+00, 
 1DIAGNOSTIC,    12, -5.274947831078e-01, 1.490778976284e-03, 6.4479e+01, 1.2112e+00, 
 1DIAGNOSTIC,    13, -5.281911872351e-01, 1.225122928175e-03, 6.5703e+01, 1.2242e+00, 
 1DIAGNOSTIC,    14, -5.289945379396e-01, 1.018547710512e-03, 6.6911e+01, 1.2085e+00, 
 1DIAGNOSTIC,    15, -5.298468571023e-01, 8.546278574116e-04, 6.8154e+01, 1.2425e+00, 
 1DIAGNOSTIC,    16, -5.305366956357e-01, 7.098340186303e-04, 6.9362e+01, 1.2081e+00, 
 1DIAGNOSTIC,    17, -5.310241380924e-01, 5.912866640731e-04, 7.0595e+01, 1.2331e+00, 
 1DIAGNOSTIC,    18, -5.315913103049e-01, 4.995368920145e-04, 7.1805e+01, 1.2103e+00, 
 1DIAGNOSTIC,    19, -5.317483728440e-01, 4.189156788920e-04, 7.3041e+01, 1.2351e+00, 
 1DIAGNOSTIC,    20, -5.321917277744e-01, 3.533189957692e-04, 7.4287e+01, 1.2460e+00, 
 1DIAGNOSTIC,    21, -5.323498065621e-01, 2.902563657063e-04, 7.5529e+01, 1.2429e+00, 
 1DIAGNOSTIC,    22, -5.327896364108e-01, 2.437687116952e-04, 7.6771e+01, 1.2417e+00, 
 1DIAGNOSTIC,    23, -5.326776331589e-01, 1.920955040549e-04, 7.8017e+01, 1.2458e+00, 
 1DIAGNOSTIC,    24, -5.330728009844e-01, 1.538718243680e-04, 7.9223e+01, 1.2062e+00, 
 1DIAGNOSTIC,    25, -5.330627530495e-01, 1.222544693898e-04, 8.0463e+01, 1.2396e+00, 
 1DIAGNOSTIC,    26, -5.335990716421e-01, 1.070711700766e-04, 8.1671e+01, 1.2077e+00, 
 1DIAGNOSTIC,    27, -5.336674909093e-01, 9.371374562247e-05, 8.2907e+01, 1.2367e+00, 
 1DIAGNOSTIC,    28, -5.337963812380e-01, 8.615105425717e-05, 8.4138e+01, 1.2305e+00, 
 1DIAGNOSTIC,    29, -5.340553038161e-01, 7.876069051613e-05, 8.5372e+01, 1.2337e+00, 
 1DIAGNOSTIC,    30, -5.341170788751e-01, 7.345043997098e-05, 8.6604e+01, 1.2326e+00, 
 1DIAGNOSTIC,    31, -5.341638203532e-01, 6.497010898482e-05, 8.7831e+01, 1.2273e+00, 
 1DIAGNOSTIC,    32, -5.345035355199e-01, 6.423183603385e-05, 8.9061e+01, 1.2299e+00, 
 1DIAGNOSTIC,    33, -5.343974519585e-01, 5.375141243642e-05, 9.0286e+01, 1.2251e+00, 
 1DIAGNOSTIC,    34, -5.345668150797e-01, 4.799788874249e-05, 9.1510e+01, 1.2231e+00, 
 1DIAGNOSTIC,    35, -5.346962530971e-01, 3.971004004600e-05, 9.2732e+01, 1.2229e+00, 
 1DIAGNOSTIC,    36, -5.346638706471e-01, 3.570645742812e-05, 9.3960e+01, 1.2272e+00, 
 1DIAGNOSTIC,    37, -5.348327684338e-01, 3.206276513507e-05, 9.5188e+01, 1.2285e+00, 
 1DIAGNOSTIC,    38, -5.349717202157e-01, 2.930425281557e-05, 9.6415e+01, 1.2265e+00, 
 1DIAGNOSTIC,    39, -5.348021466593e-01, 2.519477775939e-05, 9.7640e+01, 1.2253e+00, 
 1DIAGNOSTIC,    40, -5.351190610177e-01, 2.415987011184e-05, 9.8875e+01, 1.2352e+00, 
 1DIAGNOSTIC,    41, -5.349814299195e-01, 1.952527513425e-05, 1.0011e+02, 1.2308e+00, 
 1DIAGNOSTIC,    42, -5.350960164596e-01, 1.924954016605e-05, 1.0134e+02, 1.2352e+00, 
 1DIAGNOSTIC,    43, -5.350598593418e-01, 1.537076112656e-05, 1.0257e+02, 1.2320e+00, 
 1DIAGNOSTIC,    44, -5.350639701991e-01, 1.238909016911e-05, 1.0381e+02, 1.2350e+00, 
 1DIAGNOSTIC,    45, -5.353525055342e-01, 1.344014647258e-05, 1.0504e+02, 1.2290e+00, 
 1DIAGNOSTIC,    46, -5.349227849673e-01, 7.673355248018e-06, 1.0628e+02, 1.2393e+00, 
 1DIAGNOSTIC,    47, -5.354045461548e-01, 9.070379400653e-06, 1.0751e+02, 1.2356e+00, 
 1DIAGNOSTIC,    48, -5.352322656818e-01, 9.147770353317e-06, 1.0874e+02, 1.2239e+00, 
 1DIAGNOSTIC,    49, -5.353416174381e-01, 7.682959754420e-06, 1.0996e+02, 1.2277e+00, 
 1DIAGNOSTIC,    50, -5.352280770433e-01, 7.829114718916e-06, 1.1119e+02, 1.2256e+00, 
 1DIAGNOSTIC,    51, -5.357091117283e-01, 1.091542355083e-05, 1.1243e+02, 1.2396e+00, 
 1DIAGNOSTIC,    52, -5.353929087920e-01, 1.067927688363e-05, 1.1365e+02, 1.2256e+00, 
 1DIAGNOSTIC,    53, -5.353347612414e-01, 8.634530613588e-06, 1.1489e+02, 1.2321e+00, 
 1DIAGNOSTIC,    54, -5.354913777326e-01, 7.483514954162e-06, 1.1612e+02, 1.2380e+00, 
 1DIAGNOSTIC,    55, -5.354248470851e-01, 7.921202681532e-06, 1.1736e+02, 1.2365e+00, 
 1DIAGNOSTIC,    56, -5.354278712161e-01, 3.387358728246e-06, 1.1859e+02, 1.2338e+00, 
 1DIAGNOSTIC,    57, -5.352075569903e-01, 1.292231708618e-06, 1.1984e+02, 1.2403e+00, 
 1DIAGNOSTIC,    58, -5.355364277977e-01, 7.392371124612e-07, 1.2107e+02, 1.2386e+00, 
XXDIAGNOSTIC,Iteration,metricValue,convergenceValue,ITERATION_TIME_INDEX,SINCE_LAST
 1DIAGNOSTIC,     1, -4.532721232805e-01, 1.797693134862e+308, 1.3141e+02, 1.0333e+01, 
 1DIAGNOSTIC,     2, -4.545400312137e-01, 1.797693134862e+308, 1.3414e+02, 2.7311e+00, 
 1DIAGNOSTIC,     3, -4.556299739295e-01, 1.797693134862e+308, 1.3686e+02, 2.7253e+00, 
 1DIAGNOSTIC,     4, -4.566854730380e-01, 1.797693134862e+308, 1.3955e+02, 2.6847e+00, 
 1DIAGNOSTIC,     5, -4.574797300402e-01, 1.797693134862e+308, 1.4222e+02, 2.6692e+00, 
 1DIAGNOSTIC,     6, -4.581983775891e-01, 1.797693134862e+308, 1.4488e+02, 2.6675e+00, 
 1DIAGNOSTIC,     7, -4.588256463823e-01, 1.797693134862e+308, 1.4756e+02, 2.6719e+00, 
 1DIAGNOSTIC,     8, -4.593857674233e-01, 1.797693134862e+308, 1.5024e+02, 2.6807e+00, 
 1DIAGNOSTIC,     9, -4.597339139155e-01, 1.797693134862e+308, 1.5290e+02, 2.6596e+00, 
 1DIAGNOSTIC,    10, -4.601043813322e-01, 9.429906058470e-04, 1.5570e+02, 2.8006e+00, 
 1DIAGNOSTIC,    11, -4.603102461005e-01, 7.262621753755e-04, 1.5843e+02, 2.7338e+00, 
 1DIAGNOSTIC,    12, -4.605537035394e-01, 5.583075208699e-04, 1.6118e+02, 2.7469e+00, 
 1DIAGNOSTIC,    13, -4.607364367300e-01, 4.259274194824e-04, 1.6385e+02, 2.6721e+00, 
 1DIAGNOSTIC,    14, -4.609680903293e-01, 3.305750993070e-04, 1.6651e+02, 2.6603e+00, 
 1DIAGNOSTIC,    15, -4.612002388513e-01, 2.599281014667e-04, 1.6917e+02, 2.6594e+00, 
 1DIAGNOSTIC,    16, -4.614769670841e-01, 2.125954249963e-04, 1.7186e+02, 2.6896e+00, 
 1DIAGNOSTIC,    17, -4.618078062354e-01, 1.859180631287e-04, 1.7453e+02, 2.6697e+00, 
 1DIAGNOSTIC,    18, -4.618999391351e-01, 1.673382523868e-04, 1.7720e+02, 2.6740e+00, 
 1DIAGNOSTIC,    19, -4.620337372718e-01, 1.509625867032e-04, 1.7985e+02, 2.6481e+00, 
 1DIAGNOSTIC,    20, -4.620930330191e-01, 1.355639805650e-04, 1.8252e+02, 2.6677e+00, 
 1DIAGNOSTIC,    21, -4.622003277745e-01, 1.181990393393e-04, 1.8517e+02, 2.6488e+00, 
 1DIAGNOSTIC,    22, -4.623047804483e-01, 1.011455233347e-04, 1.8785e+02, 2.6834e+00, 
 1DIAGNOSTIC,    23, -4.623083777281e-01, 8.117620939148e-05, 1.9052e+02, 2.6716e+00, 
 1DIAGNOSTIC,    24, -4.623374044122e-01, 6.217114949205e-05, 1.9323e+02, 2.7101e+00, 
 1DIAGNOSTIC,    25, -4.623996627167e-01, 4.617446622577e-05, 1.9593e+02, 2.7007e+00, 
 1DIAGNOSTIC,    26, -4.622762896428e-01, 3.059989535800e-05, 1.9859e+02, 2.6583e+00, 
 1DIAGNOSTIC,    27, -4.626186186934e-01, 2.887529857664e-05, 2.0125e+02, 2.6608e+00, 
 1DIAGNOSTIC,    28, -4.624165877294e-01, 2.197081788312e-05, 2.0393e+02, 2.6810e+00, 
 1DIAGNOSTIC,    29, -4.625712075153e-01, 1.989839690508e-05, 2.0659e+02, 2.6552e+00, 
 1DIAGNOSTIC,    30, -4.627416115939e-01, 2.083759960852e-05, 2.0925e+02, 2.6599e+00, 
 1DIAGNOSTIC,    31, -4.626408459796e-01, 1.981102709054e-05, 2.1191e+02, 2.6595e+00, 
 1DIAGNOSTIC,    32, -4.628314532583e-01, 2.284016853218e-05, 2.1458e+02, 2.6712e+00, 
 1DIAGNOSTIC,    33, -4.627724094325e-01, 2.249372341692e-05, 2.1737e+02, 2.7904e+00, 
 1DIAGNOSTIC,    34, -4.629529197866e-01, 2.396561901094e-05, 2.2005e+02, 2.6792e+00, 
 1DIAGNOSTIC,    35, -4.631163410293e-01, 2.711672643030e-05, 2.2271e+02, 2.6618e+00, 
 1DIAGNOSTIC,    36, -4.632766831484e-01, 2.801312402828e-05, 2.2541e+02, 2.7025e+00, 
 1DIAGNOSTIC,    37, -4.632173226148e-01, 3.113197193739e-05, 2.2811e+02, 2.6920e+00, 
 1DIAGNOSTIC,    38, -4.633215827806e-01, 2.964705489788e-05, 2.3088e+02, 2.7725e+00, 
 1DIAGNOSTIC,    39, -4.630099217565e-01, 2.289291360642e-05, 2.3366e+02, 2.7851e+00, 
 1DIAGNOSTIC,    40, -4.630901512104e-01, 1.838023623626e-05, 2.3633e+02, 2.6672e+00, 
 1DIAGNOSTIC,    41, -4.630577927544e-01, 1.024916130771e-05, 2.3899e+02, 2.6546e+00, 
 1DIAGNOSTIC,    42, -4.628541517771e-01, 1.460821073301e-06, 2.4166e+02, 2.6712e+00, 
 1DIAGNOSTIC,    43, -4.629607368422e-01, -6.219852560295e-06, 2.4433e+02, 2.6737e+00, 
XXDIAGNOSTIC,Iteration,metricValue,convergenceValue,ITERATION_TIME_INDEX,SINCE_LAST
 1DIAGNOSTIC,     1, -3.434590834954e-01, 1.797693134862e+308, 2.7108e+02, 2.6746e+01, 
 1DIAGNOSTIC,     2, -3.440473886052e-01, 1.797693134862e+308, 2.9077e+02, 1.9692e+01, 
 1DIAGNOSTIC,     3, -3.448248656645e-01, 1.797693134862e+308, 3.1052e+02, 1.9750e+01, 
 1DIAGNOSTIC,     4, -3.455490629541e-01, 1.797693134862e+308, 3.2963e+02, 1.9117e+01, 
 1DIAGNOSTIC,     5, -3.462466398445e-01, 1.797693134862e+308, 3.5003e+02, 2.0396e+01, 
 1DIAGNOSTIC,     6, -3.469514026976e-01, 1.797693134862e+308, 3.6989e+02, 1.9859e+01, 
 1DIAGNOSTIC,     7, -3.476045135734e-01, 1.797693134862e+308, 3.8972e+02, 1.9831e+01, 
 1DIAGNOSTIC,     8, -3.482336571743e-01, 1.797693134862e+308, 4.0999e+02, 2.0270e+01, 
 1DIAGNOSTIC,     9, -3.488618212644e-01, 1.797693134862e+308, 4.2953e+02, 1.9536e+01, 
 1DIAGNOSTIC,    10, -3.494343176096e-01, 1.122769386140e-03, 4.4980e+02, 2.0278e+01, 
 1DIAGNOSTIC,    11, -3.500175357433e-01, 9.980129437520e-04, 4.7021e+02, 2.0407e+01, 
slurmstepd: error: *** JOB 4089899 ON wbic-csm-1 CANCELLED AT 2019-10-20T16:39:37 DUE TO TIME LIMIT ***
