Changed directory to /lustre/scratch/wbic-beta/ccn30/ENCRYPT/gridcellpilot/scripts/coregistration/slurmoutputs.

JobID: 4089902
======
Time: Sun Oct 20 16:29:14 BST 2019
Running on master node: wbic-csm-2
Current directory: /lustre/scratch/wbic-beta/ccn30/ENCRYPT/gridcellpilot/scripts/coregistration/slurmoutputs

Nodes allocated:
================
wbic-csm-2

numtasks=, numnodes=1, mpi_tasks_per_node=2 (OMP_NUM_THREADS=1)

Executing command:
==================
/lustre/scratch/wbic-beta/ccn30/ENCRYPT/gridcellpilot/scripts/coregistration/coreg_all.sh /lustre/scratch/wbic-beta/ccn30/ENCRYPT/gridcellpilot 29336/20190903_U-ID46066

29336
/lustre/scratch/wbic-beta/ccn30/ENCRYPT/gridcellpilot/preprocessed_data/segmentation/29336
mkdir: cannot create directory ‘/lustre/scratch/wbic-beta/ccn30/ENCRYPT/gridcellpilot/preprocessed_data/segmentation/29336/coregistration’: File exists
Making coregistration directory...
/lustre/scratch/wbic-beta/ccn30/ENCRYPT/gridcellpilot/preprocessed_data/segmentation/29336/coregistration
EXECUTING t2 to t1 coreg:  29336

--------------------------------------------------------------------------------------
 Mapping parameters
--------------------------------------------------------------------------------------
 ANTSPATH is /applications/ANTS/2.2.0/bin/

 Dimensionality:           3
 Output name prefix:       /lustre/scratch/wbic-beta/ccn30/ENCRYPT/gridcellpilot/preprocessed_data/segmentation/29336/coregistration/T1toT2_ANTS_
 Fixed images:             /lustre/scratch/wbic-beta/ccn30/ENCRYPT/gridcellpilot/raw_data/images/29336/20190903_U-ID46066/Series_033_Highresolution_TSE_PAT2_100/N4Series_033_Highresolution_TSE_PAT2_100_c32.nii
 Moving images:            /lustre/scratch/wbic-beta/ccn30/ENCRYPT/gridcellpilot/raw_data/images/29336/20190903_U-ID46066/mp2rage/reorientn4mag0000_PSIR_skulled_std.nii
 Number of threads:        1
 Spline distance:          26
 Transform type:           s
 MI histogram bins:        32
 Precision:                d
 Use histogram matching    0
======================================================================================
 antsRegistration call:
--------------------------------------------------------------------------------------
/applications/ANTS/2.2.0/bin//antsRegistration --verbose 1 --dimensionality 3 --float 0 --output [/lustre/scratch/wbic-beta/ccn30/ENCRYPT/gridcellpilot/preprocessed_data/segmentation/29336/coregistration/T1toT2_ANTS_,/lustre/scratch/wbic-beta/ccn30/ENCRYPT/gridcellpilot/preprocessed_data/segmentation/29336/coregistration/T1toT2_ANTS_Warped.nii.gz,/lustre/scratch/wbic-beta/ccn30/ENCRYPT/gridcellpilot/preprocessed_data/segmentation/29336/coregistration/T1toT2_ANTS_InverseWarped.nii.gz] --interpolation Linear --use-histogram-matching 0 --winsorize-image-intensities [0.005,0.995] --initial-moving-transform [/lustre/scratch/wbic-beta/ccn30/ENCRYPT/gridcellpilot/raw_data/images/29336/20190903_U-ID46066/Series_033_Highresolution_TSE_PAT2_100/N4Series_033_Highresolution_TSE_PAT2_100_c32.nii,/lustre/scratch/wbic-beta/ccn30/ENCRYPT/gridcellpilot/raw_data/images/29336/20190903_U-ID46066/mp2rage/reorientn4mag0000_PSIR_skulled_std.nii,1] --transform Rigid[0.1] --metric MI[/lustre/scratch/wbic-beta/ccn30/ENCRYPT/gridcellpilot/raw_data/images/29336/20190903_U-ID46066/Series_033_Highresolution_TSE_PAT2_100/N4Series_033_Highresolution_TSE_PAT2_100_c32.nii,/lustre/scratch/wbic-beta/ccn30/ENCRYPT/gridcellpilot/raw_data/images/29336/20190903_U-ID46066/mp2rage/reorientn4mag0000_PSIR_skulled_std.nii,1,32,Regular,0.25] --convergence [1000x500x250x0,1e-6,10] --shrink-factors 12x8x4x2 --smoothing-sigmas 4x3x2x1vox --transform Affine[0.1] --metric MI[/lustre/scratch/wbic-beta/ccn30/ENCRYPT/gridcellpilot/raw_data/images/29336/20190903_U-ID46066/Series_033_Highresolution_TSE_PAT2_100/N4Series_033_Highresolution_TSE_PAT2_100_c32.nii,/lustre/scratch/wbic-beta/ccn30/ENCRYPT/gridcellpilot/raw_data/images/29336/20190903_U-ID46066/mp2rage/reorientn4mag0000_PSIR_skulled_std.nii,1,32,Regular,0.25] --convergence [1000x500x250x0,1e-6,10] --shrink-factors 12x8x4x2 --smoothing-sigmas 4x3x2x1vox --transform SyN[0.1,3,0] --metric MI[/lustre/scratch/wbic-beta/ccn30/ENCRYPT/gridcellpilot/raw_data/images/29336/20190903_U-ID46066/Series_033_Highresolution_TSE_PAT2_100/N4Series_033_Highresolution_TSE_PAT2_100_c32.nii,/lustre/scratch/wbic-beta/ccn30/ENCRYPT/gridcellpilot/raw_data/images/29336/20190903_U-ID46066/mp2rage/reorientn4mag0000_PSIR_skulled_std.nii,1,32] --convergence [100x100x70x50x0,1e-6,10] --shrink-factors 10x6x4x2x1 --smoothing-sigmas 5x3x2x1x0vox
--------------------------------------------------------------------------------------
All_Command_lines_OK
Using double precision for computations.
=============================================================================
The composite transform comprises the following transforms (in order): 
  1. Center of mass alignment using fixed image: /lustre/scratch/wbic-beta/ccn30/ENCRYPT/gridcellpilot/raw_data/images/29336/20190903_U-ID46066/Series_033_Highresolution_TSE_PAT2_100/N4Series_033_Highresolution_TSE_PAT2_100_c32.nii and moving image: /lustre/scratch/wbic-beta/ccn30/ENCRYPT/gridcellpilot/raw_data/images/29336/20190903_U-ID46066/mp2rage/reorientn4mag0000_PSIR_skulled_std.nii (type = Euler3DTransform)
=============================================================================
  number of levels = 4
  number of levels = 4
  number of levels = 5
  fixed image: /lustre/scratch/wbic-beta/ccn30/ENCRYPT/gridcellpilot/raw_data/images/29336/20190903_U-ID46066/Series_033_Highresolution_TSE_PAT2_100/N4Series_033_Highresolution_TSE_PAT2_100_c32.nii
  moving image: /lustre/scratch/wbic-beta/ccn30/ENCRYPT/gridcellpilot/raw_data/images/29336/20190903_U-ID46066/mp2rage/reorientn4mag0000_PSIR_skulled_std.nii
  fixed image: /lustre/scratch/wbic-beta/ccn30/ENCRYPT/gridcellpilot/raw_data/images/29336/20190903_U-ID46066/Series_033_Highresolution_TSE_PAT2_100/N4Series_033_Highresolution_TSE_PAT2_100_c32.nii
  moving image: /lustre/scratch/wbic-beta/ccn30/ENCRYPT/gridcellpilot/raw_data/images/29336/20190903_U-ID46066/mp2rage/reorientn4mag0000_PSIR_skulled_std.nii
  fixed image: /lustre/scratch/wbic-beta/ccn30/ENCRYPT/gridcellpilot/raw_data/images/29336/20190903_U-ID46066/Series_033_Highresolution_TSE_PAT2_100/N4Series_033_Highresolution_TSE_PAT2_100_c32.nii
  moving image: /lustre/scratch/wbic-beta/ccn30/ENCRYPT/gridcellpilot/raw_data/images/29336/20190903_U-ID46066/mp2rage/reorientn4mag0000_PSIR_skulled_std.nii
Dimension = 3
Number of stages = 3
Use Histogram Matching false
Winsorize image intensities true
Lower quantile = 0.005
Upper quantile = 0.995
Stage 1 State
   Image metric = Mattes
     Fixed image = Image (0x53bf610)
  RTTI typeinfo:   itk::Image<double, 3u>
  Reference Count: 2
  Modified Time: 1713
  Debug: Off
  Object Name: 
  Observers: 
    none
  Source: (none)
  Source output name: (none)
  Release Data: Off
  Data Released: False
  Global Release Data: Off
  PipelineMTime: 0
  UpdateMTime: 1535
  RealTimeStamp: 0 seconds 
  LargestPossibleRegion: 
    Dimension: 3
    Index: [0, 0, 0]
    Size: [512, 512, 54]
  BufferedRegion: 
    Dimension: 3
    Index: [0, 0, 0]
    Size: [512, 512, 54]
  RequestedRegion: 
    Dimension: 3
    Index: [0, 0, 0]
    Size: [512, 512, 54]
  Spacing: [0.4375, 0.4375, 1.1]
  Origin: [-112, -8.60976, -121.459]
  Direction: 
1 1.07699e-11 -7.38815e-12
1.07699e-11 -0.359997 0.932954
-7.38815e-12 0.932954 0.359997

  IndexToPointMatrix: 
0.4375 4.71185e-12 -8.12693e-12
4.71185e-12 -0.157499 1.02625
-3.23231e-12 0.408167 0.395995

  PointToIndexMatrix: 
2.28571 2.4617e-11 -1.68872e-11
2.4617e-11 -0.82285 2.13247
-6.71652e-12 0.848142 0.327271

  Inverse Direction: 
1 1.07699e-11 -7.38815e-12
1.07699e-11 -0.359997 0.932954
-7.38815e-12 0.932954 0.359997

  PixelContainer: 
    ImportImageContainer (0x53b95e0)
      RTTI typeinfo:   itk::ImportImageContainer<unsigned long, double>
      Reference Count: 1
      Modified Time: 1532
      Debug: Off
      Object Name: 
      Observers: 
        none
      Pointer: 0x2acc7336a010
      Container manages memory: true
      Size: 14155776
      Capacity: 14155776

     Moving image = Image (0x53c02f0)
  RTTI typeinfo:   itk::Image<double, 3u>
  Reference Count: 2
  Modified Time: 1714
  Debug: Off
  Object Name: 
  Observers: 
    none
  Source: (none)
  Source output name: (none)
  Release Data: Off
  Data Released: False
  Global Release Data: Off
  PipelineMTime: 0
  UpdateMTime: 1711
  RealTimeStamp: 0 seconds 
  LargestPossibleRegion: 
    Dimension: 3
    Index: [0, 0, 0]
    Size: [224, 320, 320]
  BufferedRegion: 
    Dimension: 3
    Index: [0, 0, 0]
    Size: [224, 320, 320]
  RequestedRegion: 
    Dimension: 3
    Index: [0, 0, 0]
    Size: [224, 320, 320]
  Spacing: [0.699997, 0.7, 0.7]
  Origin: [-80.5294, 72.2492, -124.937]
  Direction: 
1 0 0
0 -1 0
0 0 1

  IndexToPointMatrix: 
0.699997 0 0
0 -0.7 0
0 0 0.7

  PointToIndexMatrix: 
1.42858 0 0
0 -1.42857 0
0 0 1.42857

  Inverse Direction: 
1 0 0
0 -1 0
0 0 1

  PixelContainer: 
    ImportImageContainer (0x53bdc90)
      RTTI typeinfo:   itk::ImportImageContainer<unsigned long, double>
      Reference Count: 1
      Modified Time: 1708
      Debug: Off
      Object Name: 
      Observers: 
        none
      Pointer: 0x2acc79f6b010
      Container manages memory: true
      Size: 22937600
      Capacity: 22937600

     Weighting = 1
     Sampling strategy = regular
     Number of bins = 32
     Radius = 4
     Sampling percentage  = 0.25
   Transform = Rigid
     Gradient step = 0.1
     Update field sigma (voxel space) = 0
     Total field sigma (voxel space) = 0
     Update field time sigma = 0
     Total field time sigma  = 0
     Number of time indices = 0
     Number of time point samples = 0
Stage 2 State
   Image metric = Mattes
     Fixed image = Image (0x53c1010)
  RTTI typeinfo:   itk::Image<double, 3u>
  Reference Count: 2
  Modified Time: 2067
  Debug: Off
  Object Name: 
  Observers: 
    none
  Source: (none)
  Source output name: (none)
  Release Data: Off
  Data Released: False
  Global Release Data: Off
  PipelineMTime: 0
  UpdateMTime: 1889
  RealTimeStamp: 0 seconds 
  LargestPossibleRegion: 
    Dimension: 3
    Index: [0, 0, 0]
    Size: [512, 512, 54]
  BufferedRegion: 
    Dimension: 3
    Index: [0, 0, 0]
    Size: [512, 512, 54]
  RequestedRegion: 
    Dimension: 3
    Index: [0, 0, 0]
    Size: [512, 512, 54]
  Spacing: [0.4375, 0.4375, 1.1]
  Origin: [-112, -8.60976, -121.459]
  Direction: 
1 1.07699e-11 -7.38815e-12
1.07699e-11 -0.359997 0.932954
-7.38815e-12 0.932954 0.359997

  IndexToPointMatrix: 
0.4375 4.71185e-12 -8.12693e-12
4.71185e-12 -0.157499 1.02625
-3.23231e-12 0.408167 0.395995

  PointToIndexMatrix: 
2.28571 2.4617e-11 -1.68872e-11
2.4617e-11 -0.82285 2.13247
-6.71652e-12 0.848142 0.327271

  Inverse Direction: 
1 1.07699e-11 -7.38815e-12
1.07699e-11 -0.359997 0.932954
-7.38815e-12 0.932954 0.359997

  PixelContainer: 
    ImportImageContainer (0x53ba210)
      RTTI typeinfo:   itk::ImportImageContainer<unsigned long, double>
      Reference Count: 1
      Modified Time: 1886
      Debug: Off
      Object Name: 
      Observers: 
        none
      Pointer: 0x2acc84e6c010
      Container manages memory: true
      Size: 14155776
      Capacity: 14155776

     Moving image = Image (0x53cccd0)
  RTTI typeinfo:   itk::Image<double, 3u>
  Reference Count: 2
  Modified Time: 2068
  Debug: Off
  Object Name: 
  Observers: 
    none
  Source: (none)
  Source output name: (none)
  Release Data: Off
  Data Released: False
  Global Release Data: Off
  PipelineMTime: 0
  UpdateMTime: 2065
  RealTimeStamp: 0 seconds 
  LargestPossibleRegion: 
    Dimension: 3
    Index: [0, 0, 0]
    Size: [224, 320, 320]
  BufferedRegion: 
    Dimension: 3
    Index: [0, 0, 0]
    Size: [224, 320, 320]
  RequestedRegion: 
    Dimension: 3
    Index: [0, 0, 0]
    Size: [224, 320, 320]
  Spacing: [0.699997, 0.7, 0.7]
  Origin: [-80.5294, 72.2492, -124.937]
  Direction: 
1 0 0
0 -1 0
0 0 1

  IndexToPointMatrix: 
0.699997 0 0
0 -0.7 0
0 0 0.7

  PointToIndexMatrix: 
1.42858 0 0
0 -1.42857 0
0 0 1.42857

  Inverse Direction: 
1 0 0
0 -1 0
0 0 1

  PixelContainer: 
    ImportImageContainer (0x53ccf60)
      RTTI typeinfo:   itk::ImportImageContainer<unsigned long, double>
      Reference Count: 1
      Modified Time: 2062
      Debug: Off
      Object Name: 
      Observers: 
        none
      Pointer: 0x2acc8ba6d010
      Container manages memory: true
      Size: 22937600
      Capacity: 22937600

     Weighting = 1
     Sampling strategy = regular
     Number of bins = 32
     Radius = 4
     Sampling percentage  = 0.25
   Transform = Affine
     Gradient step = 0.1
     Update field sigma (voxel space) = 0
     Total field sigma (voxel space) = 0
     Update field time sigma = 0
     Total field time sigma  = 0
     Number of time indices = 0
     Number of time point samples = 0
Stage 3 State
   Image metric = Mattes
     Fixed image = Image (0x53ccfc0)
  RTTI typeinfo:   itk::Image<double, 3u>
  Reference Count: 2
  Modified Time: 2421
  Debug: Off
  Object Name: 
  Observers: 
    none
  Source: (none)
  Source output name: (none)
  Release Data: Off
  Data Released: False
  Global Release Data: Off
  PipelineMTime: 0
  UpdateMTime: 2243
  RealTimeStamp: 0 seconds 
  LargestPossibleRegion: 
    Dimension: 3
    Index: [0, 0, 0]
    Size: [512, 512, 54]
  BufferedRegion: 
    Dimension: 3
    Index: [0, 0, 0]
    Size: [512, 512, 54]
  RequestedRegion: 
    Dimension: 3
    Index: [0, 0, 0]
    Size: [512, 512, 54]
  Spacing: [0.4375, 0.4375, 1.1]
  Origin: [-112, -8.60976, -121.459]
  Direction: 
1 1.07699e-11 -7.38815e-12
1.07699e-11 -0.359997 0.932954
-7.38815e-12 0.932954 0.359997

  IndexToPointMatrix: 
0.4375 4.71185e-12 -8.12693e-12
4.71185e-12 -0.157499 1.02625
-3.23231e-12 0.408167 0.395995

  PointToIndexMatrix: 
2.28571 2.4617e-11 -1.68872e-11
2.4617e-11 -0.82285 2.13247
-6.71652e-12 0.848142 0.327271

  Inverse Direction: 
1 1.07699e-11 -7.38815e-12
1.07699e-11 -0.359997 0.932954
-7.38815e-12 0.932954 0.359997

  PixelContainer: 
    ImportImageContainer (0x53cedd0)
      RTTI typeinfo:   itk::ImportImageContainer<unsigned long, double>
      Reference Count: 1
      Modified Time: 2240
      Debug: Off
      Object Name: 
      Observers: 
        none
      Pointer: 0x2acc9696e010
      Container manages memory: true
      Size: 14155776
      Capacity: 14155776

     Moving image = Image (0x53d56f0)
  RTTI typeinfo:   itk::Image<double, 3u>
  Reference Count: 2
  Modified Time: 2422
  Debug: Off
  Object Name: 
  Observers: 
    none
  Source: (none)
  Source output name: (none)
  Release Data: Off
  Data Released: False
  Global Release Data: Off
  PipelineMTime: 0
  UpdateMTime: 2419
  RealTimeStamp: 0 seconds 
  LargestPossibleRegion: 
    Dimension: 3
    Index: [0, 0, 0]
    Size: [224, 320, 320]
  BufferedRegion: 
    Dimension: 3
    Index: [0, 0, 0]
    Size: [224, 320, 320]
  RequestedRegion: 
    Dimension: 3
    Index: [0, 0, 0]
    Size: [224, 320, 320]
  Spacing: [0.699997, 0.7, 0.7]
  Origin: [-80.5294, 72.2492, -124.937]
  Direction: 
1 0 0
0 -1 0
0 0 1

  IndexToPointMatrix: 
0.699997 0 0
0 -0.7 0
0 0 0.7

  PointToIndexMatrix: 
1.42858 0 0
0 -1.42857 0
0 0 1.42857

  Inverse Direction: 
1 0 0
0 -1 0
0 0 1

  PixelContainer: 
    ImportImageContainer (0x53d5980)
      RTTI typeinfo:   itk::ImportImageContainer<unsigned long, double>
      Reference Count: 1
      Modified Time: 2416
      Debug: Off
      Object Name: 
      Observers: 
        none
      Pointer: 0x2acc9d56f010
      Container manages memory: true
      Size: 22937600
      Capacity: 22937600

     Weighting = 1
     Sampling strategy = none
     Number of bins = 32
     Radius = 4
     Sampling percentage  = 1
   Transform = SyN
     Gradient step = 0.1
     Update field sigma (voxel space) = 3
     Total field sigma (voxel space) = 0
     Update field time sigma = 0
     Total field time sigma  = 0
     Number of time indices = 0
     Number of time point samples = 0
Registration using 3 total stages.

Stage 0
  iterations = 1000x500x250x0
  convergence threshold = 1e-06
  convergence window size = 10
  number of levels = 4
  using the Mattes MI metric (number of bins = 32, weight = 1)
  preprocessing:  winsorizing the image intensities
  Shrink factors (level 1 out of 4): [12, 12, 5]
  Shrink factors (level 2 out of 4): [8, 8, 3]
  Shrink factors (level 3 out of 4): [4, 4, 2]
  Shrink factors (level 4 out of 4): [2, 2, 1]
  smoothing sigmas per level: [4, 3, 2, 1]
  regular sampling (percentage = 0.25)

*** Running Euler3DTransform registration ***

DIAGNOSTIC,Iteration,metricValue,convergenceValue,ITERATION_TIME_INDEX,SINCE_LAST
 2DIAGNOSTIC,     1, -3.848841151569e-01, 1.797693134862e+308, 1.8186e+01, 1.8186e+01, 
 2DIAGNOSTIC,     2, -3.869044456399e-01, 1.797693134862e+308, 1.8206e+01, 1.9758e-02, 
 2DIAGNOSTIC,     3, -3.915990583886e-01, 1.797693134862e+308, 1.8225e+01, 1.9664e-02, 
 2DIAGNOSTIC,     4, -3.977222752658e-01, 1.797693134862e+308, 1.8245e+01, 1.9518e-02, 
 2DIAGNOSTIC,     5, -4.073648314774e-01, 1.797693134862e+308, 1.8263e+01, 1.8451e-02, 
 2DIAGNOSTIC,     6, -4.314457556432e-01, 1.797693134862e+308, 1.8282e+01, 1.8843e-02, 
 2DIAGNOSTIC,     7, -4.679503644955e-01, 1.797693134862e+308, 1.8301e+01, 1.9264e-02, 
 2DIAGNOSTIC,     8, -4.824601396551e-01, 1.797693134862e+308, 1.8328e+01, 2.6954e-02, 
 2DIAGNOSTIC,     9, -4.896865368062e-01, 1.797693134862e+308, 1.8352e+01, 2.3411e-02, 
 2DIAGNOSTIC,    10, -4.991666111980e-01, 1.995614312819e-02, 1.8375e+01, 2.3433e-02, 
 2DIAGNOSTIC,    11, -5.003341191475e-01, 1.838800641202e-02, 1.8395e+01, 1.9570e-02, 
 2DIAGNOSTIC,    12, -5.006784285650e-01, 1.558398065773e-02, 1.8415e+01, 1.9723e-02, 
 2DIAGNOSTIC,    13, -5.008406926564e-01, 1.210728791125e-02, 1.8445e+01, 3.0527e-02, 
 2DIAGNOSTIC,    14, -5.009818158223e-01, 8.388398437582e-03, 1.8464e+01, 1.8730e-02, 
 2DIAGNOSTIC,    15, -5.010610513548e-01, 4.849161083264e-03, 1.8482e+01, 1.8268e-02, 
 2DIAGNOSTIC,    16, -5.011601034119e-01, 2.255524031924e-03, 1.8508e+01, 2.6153e-02, 
 2DIAGNOSTIC,    17, -5.012192823589e-01, 1.104786939302e-03, 1.8535e+01, 2.6960e-02, 
 2DIAGNOSTIC,    18, -5.012720531993e-01, 4.840822887340e-04, 1.8554e+01, 1.8680e-02, 
 2DIAGNOSTIC,    19, -5.013323863835e-01, 1.150952230263e-04, 1.8572e+01, 1.7855e-02, 
 2DIAGNOSTIC,    20, -5.015723749228e-01, 6.978527340479e-05, 1.8604e+01, 3.2462e-02, 
 2DIAGNOSTIC,    21, -5.016106838436e-01, 5.717952731993e-05, 1.8626e+01, 2.1554e-02, 
 2DIAGNOSTIC,    22, -5.016031413207e-01, 4.985671622749e-05, 1.8644e+01, 1.7968e-02, 
 2DIAGNOSTIC,    23, -5.016323803267e-01, 4.376362496133e-05, 1.8662e+01, 1.7908e-02, 
 2DIAGNOSTIC,    24, -5.017051765393e-01, 3.954459865173e-05, 1.8687e+01, 2.5067e-02, 
 2DIAGNOSTIC,    25, -5.017094378061e-01, 3.393039288663e-05, 1.8712e+01, 2.5191e-02, 
 2DIAGNOSTIC,    26, -5.017131553942e-01, 2.806886917620e-05, 1.8733e+01, 2.1614e-02, 
 2DIAGNOSTIC,    27, -5.017202919528e-01, 2.170432448288e-05, 1.8752e+01, 1.8659e-02, 
 2DIAGNOSTIC,    28, -5.016663200311e-01, 1.388617955027e-05, 1.8771e+01, 1.9224e-02, 
 2DIAGNOSTIC,    29, -5.016697081197e-01, 6.616219926474e-06, 1.8791e+01, 1.9464e-02, 
 2DIAGNOSTIC,    30, -5.016709592196e-01, 4.076853269461e-06, 1.8810e+01, 1.8779e-02, 
 2DIAGNOSTIC,    31, -5.016725670850e-01, 2.206381262353e-06, 1.8859e+01, 4.9804e-02, 
DIAGNOSTIC,Iteration,metricValue,convergenceValue,ITERATION_TIME_INDEX,SINCE_LAST
 2DIAGNOSTIC,     1, -4.652336306597e-01, 1.797693134862e+308, 3.2753e+01, 1.3894e+01, 
 2DIAGNOSTIC,     2, -4.678252204078e-01, 1.797693134862e+308, 3.2825e+01, 7.1556e-02, 
 2DIAGNOSTIC,     3, -4.704037500013e-01, 1.797693134862e+308, 3.2902e+01, 7.7562e-02, 
 2DIAGNOSTIC,     4, -4.716423920547e-01, 1.797693134862e+308, 3.2979e+01, 7.6899e-02, 
 2DIAGNOSTIC,     5, -4.719665330439e-01, 1.797693134862e+308, 3.3058e+01, 7.9308e-02, 
 2DIAGNOSTIC,     6, -4.724087000468e-01, 1.797693134862e+308, 3.3135e+01, 7.6369e-02, 
 2DIAGNOSTIC,     7, -4.730010065561e-01, 1.797693134862e+308, 3.3227e+01, 9.2680e-02, 
 2DIAGNOSTIC,     8, -4.741008647707e-01, 1.797693134862e+308, 3.3356e+01, 1.2892e-01, 
 2DIAGNOSTIC,     9, -4.742348944840e-01, 1.797693134862e+308, 3.3451e+01, 9.4672e-02, 
 2DIAGNOSTIC,    10, -4.742954003329e-01, 1.086015796086e-03, 3.3543e+01, 9.1819e-02, 
 2DIAGNOSTIC,    11, -4.742786467339e-01, 7.021474780012e-04, 3.3621e+01, 7.7745e-02, 
 2DIAGNOSTIC,    12, -4.743314332612e-01, 4.492763083205e-04, 3.3711e+01, 9.0918e-02, 
 2DIAGNOSTIC,    13, -4.744377803487e-01, 3.173411896320e-04, 3.3817e+01, 1.0541e-01, 
 2DIAGNOSTIC,    14, -4.742026404492e-01, 2.187315025016e-04, 3.3895e+01, 7.8425e-02, 
 2DIAGNOSTIC,    15, -4.742013920959e-01, 1.273076203181e-04, 3.3990e+01, 9.5138e-02, 
 2DIAGNOSTIC,    16, -4.742157167679e-01, 5.293153166847e-05, 3.4087e+01, 9.6347e-02, 
 2DIAGNOSTIC,    17, -4.742309946084e-01, 2.919791512637e-06, 3.4182e+01, 9.5649e-02, 
DIAGNOSTIC,Iteration,metricValue,convergenceValue,ITERATION_TIME_INDEX,SINCE_LAST
 2DIAGNOSTIC,     1, -4.303744916810e-01, 1.797693134862e+308, 4.2708e+01, 8.5254e+00, 
 2DIAGNOSTIC,     2, -4.323488979581e-01, 1.797693134862e+308, 4.3110e+01, 4.0231e-01, 
 2DIAGNOSTIC,     3, -4.334378898135e-01, 1.797693134862e+308, 4.3512e+01, 4.0233e-01, 
 2DIAGNOSTIC,     4, -4.336619818009e-01, 1.797693134862e+308, 4.3915e+01, 4.0222e-01, 
 2DIAGNOSTIC,     5, -4.337891725358e-01, 1.797693134862e+308, 4.4320e+01, 4.0488e-01, 
 2DIAGNOSTIC,     6, -4.339031793623e-01, 1.797693134862e+308, 4.4806e+01, 4.8678e-01, 
 2DIAGNOSTIC,     7, -4.339545685336e-01, 1.797693134862e+308, 4.5295e+01, 4.8910e-01, 
 2DIAGNOSTIC,     8, -4.340056078846e-01, 1.797693134862e+308, 4.5958e+01, 6.6299e-01, 
 2DIAGNOSTIC,     9, -4.340792659147e-01, 1.797693134862e+308, 4.6364e+01, 4.0565e-01, 
 2DIAGNOSTIC,    10, -4.342975843598e-01, 3.959169261825e-04, 4.6771e+01, 4.0719e-01, 
 2DIAGNOSTIC,    11, -4.343334386648e-01, 1.899405295627e-04, 4.7261e+01, 4.9012e-01, 
 2DIAGNOSTIC,    12, -4.343467284159e-01, 1.088007928638e-04, 4.7672e+01, 4.1083e-01, 
 2DIAGNOSTIC,    13, -4.343505466050e-01, 8.564396043192e-05, 4.8186e+01, 5.1334e-01, 
 2DIAGNOSTIC,    14, -4.343726606230e-01, 6.962733129398e-05, 4.9015e+01, 8.2918e-01, 
 2DIAGNOSTIC,    15, -4.343734794563e-01, 5.491931064455e-05, 4.9507e+01, 4.9214e-01, 
 2DIAGNOSTIC,    16, -4.343710164089e-01, 4.174558642767e-05, 4.9916e+01, 4.0941e-01, 
 2DIAGNOSTIC,    17, -4.343690137390e-01, 2.848527627242e-05, 5.0322e+01, 4.0610e-01, 
 2DIAGNOSTIC,    18, -4.343699366342e-01, 1.616772444676e-05, 5.0728e+01, 4.0559e-01, 
 2DIAGNOSTIC,    19, -4.343707846040e-01, 6.172927461877e-06, 5.1386e+01, 6.5843e-01, 
 2DIAGNOSTIC,    20, -4.343709727794e-01, 3.886833793341e-06, 5.1881e+01, 4.9458e-01, 
 2DIAGNOSTIC,    21, -4.343709927098e-01, 2.726778077777e-06, 5.2458e+01, 5.7741e-01, 
 2DIAGNOSTIC,    22, -4.343710149994e-01, 1.962328907555e-06, 5.3294e+01, 8.3564e-01, 
 2DIAGNOSTIC,    23, -4.343710153350e-01, 1.305815034873e-06, 5.5503e+01, 2.2095e+00, 
 2DIAGNOSTIC,    24, -4.343710153350e-01, 1.312061711785e-06, 5.6467e+01, 9.6403e-01, 
 2DIAGNOSTIC,    25, -4.343710153350e-01, 1.342084194236e-06, 5.7248e+01, 7.8084e-01, 
 2DIAGNOSTIC,    26, -4.343710153350e-01, 1.303359430882e-06, 5.7712e+01, 4.6383e-01, 
 2DIAGNOSTIC,    27, -4.343710153350e-01, 1.211177986245e-06, 5.8287e+01, 5.7467e-01, 
 2DIAGNOSTIC,    28, -4.343710153350e-01, 1.143638596102e-06, 5.8937e+01, 6.4998e-01, 
 2DIAGNOSTIC,    29, -4.343710153350e-01, 1.099172532312e-06, 5.9457e+01, 5.2001e-01, 
 2DIAGNOSTIC,    30, -4.343710153350e-01, 1.061640351262e-06, 5.9951e+01, 4.9391e-01, 
 2DIAGNOSTIC,    31, -4.343710153350e-01, 1.026891594938e-06, 6.0442e+01, 4.9133e-01, 
DIAGNOSTIC,Iteration,metricValue,convergenceValue,ITERATION_TIME_INDEX,SINCE_LAST
 2DIAGNOSTIC,     1, -3.654484671273e-01, 1.797693134862e+308, 6.8331e+01, 7.8885e+00, 
  Elapsed time (stage 0): 7.0626e+01


Stage 1
  iterations = 1000x500x250x0
  convergence threshold = 1.0000e-06
  convergence window size = 10
  number of levels = 4
  using the Mattes MI metric (number of bins = 32, weight = 1.0000e+00)
  preprocessing:  winsorizing the image intensities
  Shrink factors (level 1 out of 4): [12, 12, 5]
  Shrink factors (level 2 out of 4): [8, 8, 3]
  Shrink factors (level 3 out of 4): [4, 4, 2]
  Shrink factors (level 4 out of 4): [2, 2, 1]
  smoothing sigmas per level: [4, 3, 2, 1]
  regular sampling (percentage = 2.5000e-01)

*** Running AffineTransform registration ***

DIAGNOSTIC,Iteration,metricValue,convergenceValue,ITERATION_TIME_INDEX,SINCE_LAST
 2DIAGNOSTIC,     1, -4.921277215743e-01, 1.797693134862e+308, 1.8059e+01, 1.8059e+01, 
 2DIAGNOSTIC,     2, -4.942627387539e-01, 1.797693134862e+308, 1.8080e+01, 2.0451e-02, 
 2DIAGNOSTIC,     3, -4.973333727864e-01, 1.797693134862e+308, 1.8101e+01, 2.0864e-02, 
 2DIAGNOSTIC,     4, -5.016624145561e-01, 1.797693134862e+308, 1.8121e+01, 2.0355e-02, 
 2DIAGNOSTIC,     5, -5.062437742358e-01, 1.797693134862e+308, 1.8142e+01, 2.0734e-02, 
 2DIAGNOSTIC,     6, -5.094543991937e-01, 1.797693134862e+308, 1.8166e+01, 2.3897e-02, 
 2DIAGNOSTIC,     7, -5.128167221436e-01, 1.797693134862e+308, 1.8189e+01, 2.3674e-02, 
 2DIAGNOSTIC,     8, -5.140233427916e-01, 1.797693134862e+308, 1.8209e+01, 1.9915e-02, 
 2DIAGNOSTIC,     9, -5.144039972839e-01, 1.797693134862e+308, 1.8229e+01, 1.9956e-02, 
 2DIAGNOSTIC,    10, -5.147483254278e-01, 3.244396164496e-03, 1.8265e+01, 3.5694e-02, 
 2DIAGNOSTIC,    11, -5.148440531074e-01, 2.498638530518e-03, 1.8285e+01, 2.0547e-02, 
 2DIAGNOSTIC,    12, -5.150909838186e-01, 1.765465391732e-03, 1.8306e+01, 2.0259e-02, 
 2DIAGNOSTIC,    13, -5.152755555185e-01, 1.125614495379e-03, 1.8326e+01, 2.0596e-02, 
 2DIAGNOSTIC,    14, -5.153519334327e-01, 6.503764815058e-04, 1.8355e+01, 2.8173e-02, 
 2DIAGNOSTIC,    15, -5.153935701628e-01, 3.510147121423e-04, 1.8375e+01, 2.0523e-02, 
 2DIAGNOSTIC,    16, -5.154221582898e-01, 1.678590704830e-04, 1.8396e+01, 2.0730e-02, 
 2DIAGNOSTIC,    17, -5.155118775145e-01, 1.035370223921e-04, 1.8424e+01, 2.8363e-02, 
 2DIAGNOSTIC,    18, -5.154981765357e-01, 7.364729068768e-05, 1.8461e+01, 3.6821e-02, 
 2DIAGNOSTIC,    19, -5.155029633514e-01, 5.143659501303e-05, 1.8483e+01, 2.1687e-02, 
 2DIAGNOSTIC,    20, -5.155119035525e-01, 3.677372849938e-05, 1.8504e+01, 2.1659e-02, 
 2DIAGNOSTIC,    21, -5.155793869839e-01, 2.443741842669e-05, 1.8526e+01, 2.2029e-02, 
 2DIAGNOSTIC,    22, -5.155880522778e-01, 1.737945234566e-05, 1.8548e+01, 2.1871e-02, 
 2DIAGNOSTIC,    23, -5.155943779441e-01, 1.405074551170e-05, 1.8570e+01, 2.1921e-02, 
 2DIAGNOSTIC,    24, -5.155988732297e-01, 1.172508646755e-05, 1.8592e+01, 2.1735e-02, 
 2DIAGNOSTIC,    25, -5.156079540886e-01, 9.732311498020e-06, 1.8625e+01, 3.2869e-02, 
 2DIAGNOSTIC,    26, -5.156105997495e-01, 7.681998165643e-06, 1.8657e+01, 3.2258e-02, 
 2DIAGNOSTIC,    27, -5.156114146343e-01, 7.045030533316e-06, 1.8678e+01, 2.0963e-02, 
 2DIAGNOSTIC,    28, -5.156168771622e-01, 5.759375593370e-06, 1.8699e+01, 2.0890e-02, 
 2DIAGNOSTIC,    29, -5.156236190966e-01, 4.356687375841e-06, 1.8728e+01, 2.8802e-02, 
 2DIAGNOSTIC,    30, -5.156243340674e-01, 2.881874094425e-06, 1.8749e+01, 2.1052e-02, 
 2DIAGNOSTIC,    31, -5.156278998129e-01, 2.601962939573e-06, 1.8774e+01, 2.5307e-02, 
 2DIAGNOSTIC,    32, -5.156280060868e-01, 2.342899208370e-06, 1.8796e+01, 2.2325e-02, 
 2DIAGNOSTIC,    33, -5.156285603352e-01, 2.087151659620e-06, 1.8818e+01, 2.1811e-02, 
 2DIAGNOSTIC,    34, -5.156301555814e-01, 1.834755123428e-06, 1.8840e+01, 2.2181e-02, 
 2DIAGNOSTIC,    35, -5.156323390389e-01, 1.689334758241e-06, 1.8862e+01, 2.1227e-02, 
 2DIAGNOSTIC,    36, -5.156387189813e-01, 1.618119525652e-06, 1.8885e+01, 2.3659e-02, 
 2DIAGNOSTIC,    37, -5.156419391163e-01, 1.538616774394e-06, 1.8928e+01, 4.3247e-02, 
 2DIAGNOSTIC,    38, -5.156422797960e-01, 1.481952740318e-06, 1.8952e+01, 2.3114e-02, 
 2DIAGNOSTIC,    39, -5.156425434394e-01, 1.468401246586e-06, 1.8975e+01, 2.3283e-02, 
 2DIAGNOSTIC,    40, -5.156432688928e-01, 1.412111580779e-06, 1.8997e+01, 2.2534e-02, 
 2DIAGNOSTIC,    41, -5.156444190336e-01, 1.362317895451e-06, 1.9019e+01, 2.1586e-02, 
 2DIAGNOSTIC,    42, -5.156495748323e-01, 1.327860028343e-06, 1.9039e+01, 2.0445e-02, 
 2DIAGNOSTIC,    43, -5.156504161676e-01, 1.258110695485e-06, 1.9082e+01, 4.2739e-02, 
 2DIAGNOSTIC,    44, -5.156512184347e-01, 1.173950212641e-06, 1.9103e+01, 2.0470e-02, 
 2DIAGNOSTIC,    45, -5.156514871221e-01, 1.079856189915e-06, 1.9123e+01, 2.0426e-02, 
 2DIAGNOSTIC,    46, -5.156518031541e-01, 1.033747010618e-06, 1.9143e+01, 2.0420e-02, 
DIAGNOSTIC,Iteration,metricValue,convergenceValue,ITERATION_TIME_INDEX,SINCE_LAST
 2DIAGNOSTIC,     1, -4.650476909153e-01, 1.797693134862e+308, 3.2946e+01, 1.3803e+01, 
 2DIAGNOSTIC,     2, -4.669608632772e-01, 1.797693134862e+308, 3.3038e+01, 9.1913e-02, 
 2DIAGNOSTIC,     3, -4.689447065895e-01, 1.797693134862e+308, 3.3133e+01, 9.5175e-02, 
 2DIAGNOSTIC,     4, -4.715362242182e-01, 1.797693134862e+308, 3.3219e+01, 8.5865e-02, 
 2DIAGNOSTIC,     5, -4.737843736496e-01, 1.797693134862e+308, 3.3310e+01, 9.0507e-02, 
 2DIAGNOSTIC,     6, -4.773596552157e-01, 1.797693134862e+308, 3.3419e+01, 1.0953e-01, 
 2DIAGNOSTIC,     7, -4.778939358386e-01, 1.797693134862e+308, 3.3544e+01, 1.2467e-01, 
 2DIAGNOSTIC,     8, -4.779966475623e-01, 1.797693134862e+308, 3.3653e+01, 1.0866e-01, 
 2DIAGNOSTIC,     9, -4.783510497691e-01, 1.797693134862e+308, 3.3763e+01, 1.1077e-01, 
 2DIAGNOSTIC,    10, -4.785975665938e-01, 2.008227846940e-03, 3.3849e+01, 8.5747e-02, 
 2DIAGNOSTIC,    11, -4.787516262135e-01, 1.477733173876e-03, 3.3942e+01, 9.3195e-02, 
 2DIAGNOSTIC,    12, -4.793572621792e-01, 1.029557083683e-03, 3.4087e+01, 1.4434e-01, 
 2DIAGNOSTIC,    13, -4.795041377567e-01, 6.561493888018e-04, 3.4192e+01, 1.0560e-01, 
 2DIAGNOSTIC,    14, -4.796015489881e-01, 3.914706531039e-04, 3.4296e+01, 1.0404e-01, 
 2DIAGNOSTIC,    15, -4.797365423477e-01, 2.181703811281e-04, 3.4405e+01, 1.0899e-01, 
 2DIAGNOSTIC,    16, -4.798550365152e-01, 1.842644911628e-04, 3.4807e+01, 4.0196e-01, 
 2DIAGNOSTIC,    17, -4.798550010570e-01, 1.561530804874e-04, 3.4895e+01, 8.7662e-02, 
 2DIAGNOSTIC,    18, -4.798550398962e-01, 1.201452972888e-04, 3.4984e+01, 8.9270e-02, 
 2DIAGNOSTIC,    19, -4.798551055692e-01, 8.824114666695e-05, 3.5076e+01, 9.1510e-02, 
 2DIAGNOSTIC,    20, -4.798552166857e-01, 5.892703226028e-05, 3.5165e+01, 8.9237e-02, 
 2DIAGNOSTIC,    21, -4.798554044749e-01, 3.099361153549e-05, 3.5257e+01, 9.2308e-02, 
 2DIAGNOSTIC,    22, -4.798557216526e-01, 1.924330108204e-05, 3.5346e+01, 8.8943e-02, 
 2DIAGNOSTIC,    23, -4.798562564344e-01, 1.069488846250e-05, 3.5433e+01, 8.6580e-02, 
 2DIAGNOSTIC,    24, -4.798571581590e-01, 4.369905912474e-06, 3.5524e+01, 9.1480e-02, 
 2DIAGNOSTIC,    25, -4.798586758939e-01, 1.438770910411e-06, 3.5615e+01, 9.0391e-02, 
 2DIAGNOSTIC,    26, -4.798612227453e-01, 1.490319660361e-06, 3.5701e+01, 8.6123e-02, 
 2DIAGNOSTIC,    27, -4.798654850932e-01, 1.605655816160e-06, 3.5804e+01, 1.0286e-01, 
 2DIAGNOSTIC,    28, -4.798714704803e-01, 1.799342831448e-06, 3.5898e+01, 9.4684e-02, 
 2DIAGNOSTIC,    29, -4.798784154643e-01, 2.059348189254e-06, 3.5994e+01, 9.5642e-02, 
 2DIAGNOSTIC,    30, -4.798942889565e-01, 2.526662555596e-06, 3.6084e+01, 9.0337e-02, 
 2DIAGNOSTIC,    31, -4.799192241427e-01, 3.301178345426e-06, 3.6175e+01, 9.1134e-02, 
 2DIAGNOSTIC,    32, -4.799515440753e-01, 4.409381204058e-06, 3.6268e+01, 9.2261e-02, 
 2DIAGNOSTIC,    33, -4.799952458564e-01, 5.915221848118e-06, 3.6360e+01, 9.2048e-02, 
 2DIAGNOSTIC,    34, -4.800391290974e-01, 7.635227831163e-06, 3.6452e+01, 9.2361e-02, 
 2DIAGNOSTIC,    35, -4.799954462596e-01, 7.895465875336e-06, 3.6543e+01, 9.0504e-02, 
 2DIAGNOSTIC,    36, -4.799027261617e-01, 6.020487028999e-06, 3.6650e+01, 1.0766e-01, 
 2DIAGNOSTIC,    37, -4.799495893675e-01, 4.615499425615e-06, 3.6744e+01, 9.4228e-02, 
 2DIAGNOSTIC,    38, -4.799581960735e-01, 3.096262750434e-06, 3.6840e+01, 9.5228e-02, 
 2DIAGNOSTIC,    39, -4.799946996262e-01, 2.078499582749e-06, 3.6949e+01, 1.0947e-01, 
 2DIAGNOSTIC,    40, -4.800037451065e-01, 1.378668196765e-06, 3.7058e+01, 1.0889e-01, 
 2DIAGNOSTIC,    41, -4.800058287342e-01, 1.080974149126e-06, 3.7223e+01, 1.6467e-01, 
 2DIAGNOSTIC,    42, -4.800077531907e-01, 1.235140294667e-06, 3.7315e+01, 9.2248e-02, 
 2DIAGNOSTIC,    43, -4.800084030340e-01, 1.899202742663e-06, 3.7407e+01, 9.2439e-02, 
 2DIAGNOSTIC,    44, -4.800108798073e-01, 3.051750869124e-06, 3.7498e+01, 9.0965e-02, 
 2DIAGNOSTIC,    45, -4.800180457184e-01, 3.488462720427e-06, 3.7609e+01, 1.1035e-01, 
 2DIAGNOSTIC,    46, -4.800189787993e-01, 2.443594692418e-06, 3.7733e+01, 1.2416e-01, 
 2DIAGNOSTIC,    47, -4.800197937894e-01, 1.883332508858e-06, 3.7837e+01, 1.0419e-01, 
 2DIAGNOSTIC,    48, -4.800040533248e-01, 1.132654572460e-06, 3.7963e+01, 1.2553e-01, 
DIAGNOSTIC,Iteration,metricValue,convergenceValue,ITERATION_TIME_INDEX,SINCE_LAST
 2DIAGNOSTIC,     1, -4.290484156263e-01, 1.797693134862e+308, 4.5784e+01, 7.8219e+00, 
 2DIAGNOSTIC,     2, -4.310719411039e-01, 1.797693134862e+308, 4.6264e+01, 4.7960e-01, 
 2DIAGNOSTIC,     3, -4.324807573216e-01, 1.797693134862e+308, 4.6735e+01, 4.7115e-01, 
 2DIAGNOSTIC,     4, -4.332028095598e-01, 1.797693134862e+308, 4.7209e+01, 4.7368e-01, 
 2DIAGNOSTIC,     5, -4.340306270238e-01, 1.797693134862e+308, 4.7769e+01, 5.6026e-01, 
 2DIAGNOSTIC,     6, -4.353082149062e-01, 1.797693134862e+308, 4.8331e+01, 5.6134e-01, 
 2DIAGNOSTIC,     7, -4.357086661772e-01, 1.797693134862e+308, 4.8803e+01, 4.7280e-01, 
 2DIAGNOSTIC,     8, -4.360541809309e-01, 1.797693134862e+308, 4.9277e+01, 4.7411e-01, 
 2DIAGNOSTIC,     9, -4.362629213887e-01, 1.797693134862e+308, 4.9837e+01, 5.5912e-01, 
 2DIAGNOSTIC,    10, -4.363544023907e-01, 1.033442198132e-03, 5.0401e+01, 5.6429e-01, 
 2DIAGNOSTIC,    11, -4.364376383237e-01, 7.115908161131e-04, 5.0962e+01, 5.6097e-01, 
 2DIAGNOSTIC,    12, -4.367894927076e-01, 5.080281125506e-04, 5.1529e+01, 5.6736e-01, 
 2DIAGNOSTIC,    13, -4.370159149373e-01, 3.722992584074e-04, 5.2009e+01, 4.8010e-01, 
 2DIAGNOSTIC,    14, -4.370373110681e-01, 2.568281423619e-04, 5.2571e+01, 5.6177e-01, 
 2DIAGNOSTIC,    15, -4.370495721511e-01, 1.692817144074e-04, 5.3401e+01, 8.3028e-01, 
 2DIAGNOSTIC,    16, -4.370513143560e-01, 1.295013813615e-04, 5.3967e+01, 5.6558e-01, 
 2DIAGNOSTIC,    17, -4.370558785232e-01, 9.776353815832e-05, 5.4440e+01, 4.7297e-01, 
 2DIAGNOSTIC,    18, -4.370597504305e-01, 7.307044470972e-05, 5.4915e+01, 4.7554e-01, 
 2DIAGNOSTIC,    19, -4.370615204294e-01, 5.171133150798e-05, 5.5388e+01, 4.7254e-01, 
 2DIAGNOSTIC,    20, -4.370637924508e-01, 3.108109794327e-05, 5.5858e+01, 4.7002e-01, 
 2DIAGNOSTIC,    21, -4.370646466429e-01, 1.206916603391e-05, 5.6422e+01, 5.6383e-01, 
 2DIAGNOSTIC,    22, -4.370698820176e-01, 4.215791959784e-06, 5.6895e+01, 4.7276e-01, 
 2DIAGNOSTIC,    23, -4.370705203858e-01, 3.211210048037e-06, 5.7462e+01, 5.6730e-01, 
 2DIAGNOSTIC,    24, -4.370741780035e-01, 2.793765251828e-06, 5.8290e+01, 8.2839e-01, 
 2DIAGNOSTIC,    25, -4.370744401554e-01, 2.599254838247e-06, 5.8760e+01, 4.7017e-01, 
 2DIAGNOSTIC,    26, -4.370751790165e-01, 2.356270292915e-06, 5.9229e+01, 4.6845e-01, 
 2DIAGNOSTIC,    27, -4.370759676448e-01, 2.151706541519e-06, 5.9705e+01, 4.7571e-01, 
 2DIAGNOSTIC,    28, -4.370770520424e-01, 1.984218091264e-06, 6.0183e+01, 4.7834e-01, 
 2DIAGNOSTIC,    29, -4.370786366281e-01, 1.822921239347e-06, 6.0659e+01, 4.7591e-01, 
 2DIAGNOSTIC,    30, -4.370826025187e-01, 1.739753746698e-06, 6.1227e+01, 5.6832e-01, 
 2DIAGNOSTIC,    31, -4.370832677283e-01, 1.626154026026e-06, 6.3290e+01, 2.0626e+00, 
 2DIAGNOSTIC,    32, -4.370832677113e-01, 1.570996427801e-06, 6.5362e+01, 2.0722e+00, 
 2DIAGNOSTIC,    33, -4.370832677113e-01, 1.476423225566e-06, 6.5921e+01, 5.5854e-01, 
 2DIAGNOSTIC,    34, -4.370832677113e-01, 1.408690647360e-06, 6.6570e+01, 6.4908e-01, 
 2DIAGNOSTIC,    35, -4.370832677113e-01, 1.303670225987e-06, 6.7131e+01, 5.6154e-01, 
 2DIAGNOSTIC,    36, -4.370832677113e-01, 1.180332396544e-06, 6.7692e+01, 5.6056e-01, 
 2DIAGNOSTIC,    37, -4.370832677113e-01, 1.050382868455e-06, 6.8249e+01, 5.5765e-01, 
DIAGNOSTIC,Iteration,metricValue,convergenceValue,ITERATION_TIME_INDEX,SINCE_LAST
 2DIAGNOSTIC,     1, -3.650359220004e-01, 1.797693134862e+308, 7.6530e+01, 8.2805e+00, 
  Elapsed time (stage 1): 7.8803e+01


Stage 2
  iterations = 100x100x70x50x0
  convergence threshold = 1.0000e-06
  convergence window size = 10
  number of levels = 5
  using the Mattes MI metric (number of bins = 32, weight = 1.0000e+00)
  preprocessing:  winsorizing the image intensities
  Shrink factors (level 1 out of 5): [10, 10, 4]
  Shrink factors (level 2 out of 5): [6, 6, 2]
  Shrink factors (level 3 out of 5): [4, 4, 2]
  Shrink factors (level 4 out of 5): [2, 2, 1]
  Shrink factors (level 5 out of 5): [1, 1, 1]
  smoothing sigmas per level: [5, 3, 2, 1, 0]
  Using default NONE metricSamplingStrategy 

*** Running SyN registration (varianceForUpdateField = 3.0000e+00, varianceForTotalField = 0.0000e+00) ***

XXDIAGNOSTIC,Iteration,metricValue,convergenceValue,ITERATION_TIME_INDEX,SINCE_LAST
 1DIAGNOSTIC,     1, -4.955226452528e-01, 1.797693134862e+308, 2.5676e+01, 2.5676e+01, 
 1DIAGNOSTIC,     2, -5.024664394231e-01, 1.797693134862e+308, 2.5938e+01, 2.6264e-01, 
 1DIAGNOSTIC,     3, -5.080024822437e-01, 1.797693134862e+308, 2.6201e+01, 2.6265e-01, 
 1DIAGNOSTIC,     4, -5.142450959750e-01, 1.797693134862e+308, 2.6459e+01, 2.5812e-01, 
 1DIAGNOSTIC,     5, -5.191386382012e-01, 1.797693134862e+308, 2.6712e+01, 2.5251e-01, 
 1DIAGNOSTIC,     6, -5.228891423687e-01, 1.797693134862e+308, 2.6966e+01, 2.5382e-01, 
 1DIAGNOSTIC,     7, -5.264373010658e-01, 1.797693134862e+308, 2.7220e+01, 2.5409e-01, 
 1DIAGNOSTIC,     8, -5.300129810343e-01, 1.797693134862e+308, 2.7474e+01, 2.5395e-01, 
 1DIAGNOSTIC,     9, -5.329509801438e-01, 1.797693134862e+308, 2.7728e+01, 2.5476e-01, 
 1DIAGNOSTIC,    10, -5.358483740314e-01, 4.864065260050e-03, 2.7983e+01, 2.5507e-01, 
 1DIAGNOSTIC,    11, -5.381741731871e-01, 3.915872090061e-03, 2.8238e+01, 2.5491e-01, 
 1DIAGNOSTIC,    12, -5.401522849066e-01, 3.181164843630e-03, 2.8494e+01, 2.5604e-01, 
 1DIAGNOSTIC,    13, -5.419474584447e-01, 2.577095793696e-03, 2.8749e+01, 2.5511e-01, 
 1DIAGNOSTIC,    14, -5.434720385173e-01, 2.124861616249e-03, 2.9012e+01, 2.6214e-01, 
 1DIAGNOSTIC,    15, -5.450215129224e-01, 1.770831914634e-03, 2.9273e+01, 2.6171e-01, 
 1DIAGNOSTIC,    16, -5.467589966679e-01, 1.482967957491e-03, 2.9535e+01, 2.6186e-01, 
 1DIAGNOSTIC,    17, -5.480239733403e-01, 1.243695003482e-03, 2.9797e+01, 2.6202e-01, 
 1DIAGNOSTIC,    18, -5.494530872070e-01, 1.065046517511e-03, 3.0058e+01, 2.6132e-01, 
 1DIAGNOSTIC,    19, -5.502056781424e-01, 9.097603115999e-04, 3.0326e+01, 2.6719e-01, 
 1DIAGNOSTIC,    20, -5.512112917481e-01, 7.895236744228e-04, 3.0589e+01, 2.6336e-01, 
 1DIAGNOSTIC,    21, -5.521946082451e-01, 6.906383588324e-04, 3.0850e+01, 2.6130e-01, 
 1DIAGNOSTIC,    22, -5.532352525895e-01, 6.087184103281e-04, 3.1114e+01, 2.6393e-01, 
 1DIAGNOSTIC,    23, -5.541817730384e-01, 5.400572313931e-04, 3.1377e+01, 2.6243e-01, 
 1DIAGNOSTIC,    24, -5.551757307888e-01, 4.820285078153e-04, 3.1638e+01, 2.6159e-01, 
 1DIAGNOSTIC,    25, -5.565360961145e-01, 4.446123173625e-04, 3.1906e+01, 2.6752e-01, 
 1DIAGNOSTIC,    26, -5.574245888191e-01, 4.210748274551e-04, 3.2168e+01, 2.6205e-01, 
 1DIAGNOSTIC,    27, -5.588441648863e-01, 4.116829502638e-04, 3.2430e+01, 2.6235e-01, 
 1DIAGNOSTIC,    28, -5.607992208778e-01, 4.275465025933e-04, 3.2698e+01, 2.6773e-01, 
 1DIAGNOSTIC,    29, -5.615037020940e-01, 4.275975242913e-04, 3.2969e+01, 2.7073e-01, 
 1DIAGNOSTIC,    30, -5.624195651749e-01, 4.209684676213e-04, 3.3238e+01, 2.6960e-01, 
 1DIAGNOSTIC,    31, -5.631626575943e-01, 4.040907381953e-04, 3.3507e+01, 2.6868e-01, 
 1DIAGNOSTIC,    32, -5.645308202856e-01, 3.891840688976e-04, 3.3778e+01, 2.7064e-01, 
 1DIAGNOSTIC,    33, -5.650625619854e-01, 3.610447785988e-04, 3.4046e+01, 2.6875e-01, 
 1DIAGNOSTIC,    34, -5.658066891699e-01, 3.269928532552e-04, 3.4315e+01, 2.6818e-01, 
 1DIAGNOSTIC,    35, -5.670901047035e-01, 3.036183359038e-04, 3.4582e+01, 2.6746e-01, 
 1DIAGNOSTIC,    36, -5.672341223803e-01, 2.671461296107e-04, 3.4853e+01, 2.7082e-01, 
 1DIAGNOSTIC,    37, -5.689955854580e-01, 2.516846525485e-04, 3.5122e+01, 2.6957e-01, 
 1DIAGNOSTIC,    38, -5.698746900687e-01, 2.514592894972e-04, 3.5392e+01, 2.6938e-01, 
 1DIAGNOSTIC,    39, -5.703551021530e-01, 2.429700703367e-04, 3.5662e+01, 2.7005e-01, 
 1DIAGNOSTIC,    40, -5.701674950688e-01, 2.213737844665e-04, 3.5931e+01, 2.6887e-01, 
 1DIAGNOSTIC,    41, -5.719736928144e-01, 2.119795540474e-04, 3.6199e+01, 2.6870e-01, 
 1DIAGNOSTIC,    42, -5.718940057197e-01, 1.980085946449e-04, 3.6469e+01, 2.6980e-01, 
 1DIAGNOSTIC,    43, -5.720007056807e-01, 1.735082218361e-04, 3.6737e+01, 2.6818e-01, 
 1DIAGNOSTIC,    44, -5.728328908151e-01, 1.522958054716e-04, 3.7008e+01, 2.7106e-01, 
 1DIAGNOSTIC,    45, -5.723030890864e-01, 1.262679982543e-04, 3.7276e+01, 2.6807e-01, 
 1DIAGNOSTIC,    46, -5.734180047605e-01, 1.031529255349e-04, 3.7550e+01, 2.7340e-01, 
 1DIAGNOSTIC,    47, -5.727799557516e-01, 8.301455829116e-05, 3.7819e+01, 2.6954e-01, 
 1DIAGNOSTIC,    48, -5.739851444624e-01, 7.859060238318e-05, 3.8089e+01, 2.6956e-01, 
 1DIAGNOSTIC,    49, -5.736773406922e-01, 6.860035487662e-05, 3.8358e+01, 2.6887e-01, 
 1DIAGNOSTIC,    50, -5.739083225811e-01, 5.258922638019e-05, 3.8626e+01, 2.6832e-01, 
 1DIAGNOSTIC,    51, -5.745099734464e-01, 5.665083237993e-05, 3.8897e+01, 2.7118e-01, 
 1DIAGNOSTIC,    52, -5.740707682573e-01, 4.986706484404e-05, 3.9167e+01, 2.7008e-01, 
 1DIAGNOSTIC,    53, -5.752636666688e-01, 5.116359349485e-05, 3.9436e+01, 2.6811e-01, 
 1DIAGNOSTIC,    54, -5.748323057156e-01, 5.126076366127e-05, 3.9703e+01, 2.6791e-01, 
 1DIAGNOSTIC,    55, -5.751453005284e-01, 4.442073765434e-05, 3.9972e+01, 2.6882e-01, 
 1DIAGNOSTIC,    56, -5.746460465705e-01, 3.947787764104e-05, 4.0241e+01, 2.6912e-01, 
 1DIAGNOSTIC,    57, -5.757871109046e-01, 3.529139776408e-05, 4.0510e+01, 2.6897e-01, 
 1DIAGNOSTIC,    58, -5.756674428618e-01, 3.724122564608e-05, 4.0780e+01, 2.6919e-01, 
 1DIAGNOSTIC,    59, -5.754478144643e-01, 3.106278623236e-05, 4.1048e+01, 2.6893e-01, 
 1DIAGNOSTIC,    60, -5.761937013451e-01, 3.064322270581e-05, 4.1319e+01, 2.7051e-01, 
 1DIAGNOSTIC,    61, -5.756220124568e-01, 2.757030417791e-05, 4.1592e+01, 2.7275e-01, 
 1DIAGNOSTIC,    62, -5.768774816610e-01, 2.847665018151e-05, 4.1863e+01, 2.7139e-01, 
 1DIAGNOSTIC,    63, -5.764068975075e-01, 3.231960034438e-05, 4.2134e+01, 2.7082e-01, 
 1DIAGNOSTIC,    64, -5.773207934125e-01, 3.701453987965e-05, 4.2403e+01, 2.6859e-01, 
 1DIAGNOSTIC,    65, -5.766158580421e-01, 3.501523050017e-05, 4.2673e+01, 2.7042e-01, 
 1DIAGNOSTIC,    66, -5.780214765578e-01, 3.665516566833e-05, 4.2942e+01, 2.6947e-01, 
 1DIAGNOSTIC,    67, -5.781927651659e-01, 4.444406731258e-05, 4.3212e+01, 2.6934e-01, 
 1DIAGNOSTIC,    68, -5.774372050327e-01, 4.126131999388e-05, 4.3482e+01, 2.6980e-01, 
 1DIAGNOSTIC,    69, -5.784324981510e-01, 4.016539473259e-05, 4.3751e+01, 2.6967e-01, 
 1DIAGNOSTIC,    70, -5.776258827646e-01, 3.478076552843e-05, 4.4024e+01, 2.7326e-01, 
 1DIAGNOSTIC,    71, -5.786328803049e-01, 2.917522808724e-05, 4.4295e+01, 2.7052e-01, 
 1DIAGNOSTIC,    72, -5.783910449047e-01, 2.800890787526e-05, 4.4566e+01, 2.7057e-01, 
 1DIAGNOSTIC,    73, -5.779287062702e-01, 1.774933155229e-05, 4.4835e+01, 2.6970e-01, 
 1DIAGNOSTIC,    74, -5.790892310597e-01, 2.071170768770e-05, 4.5104e+01, 2.6894e-01, 
 1DIAGNOSTIC,    75, -5.793262983514e-01, 1.788388671566e-05, 4.5377e+01, 2.7250e-01, 
 1DIAGNOSTIC,    76, -5.783255365454e-01, 1.607617390548e-05, 4.5646e+01, 2.6967e-01, 
 1DIAGNOSTIC,    77, -5.801243516784e-01, 2.624986223806e-05, 4.5915e+01, 2.6874e-01, 
 1DIAGNOSTIC,    78, -5.798649360368e-01, 2.657048223290e-05, 4.6184e+01, 2.6869e-01, 
 1DIAGNOSTIC,    79, -5.792889853560e-01, 2.720873907701e-05, 4.6455e+01, 2.7115e-01, 
 1DIAGNOSTIC,    80, -5.802329514446e-01, 2.610357915692e-05, 4.6728e+01, 2.7342e-01, 
 1DIAGNOSTIC,    81, -5.798489647349e-01, 2.638233766285e-05, 4.6998e+01, 2.6933e-01, 
 1DIAGNOSTIC,    82, -5.802712751594e-01, 2.537164477787e-05, 4.7268e+01, 2.7048e-01, 
 1DIAGNOSTIC,    83, -5.804296309400e-01, 1.982857900842e-05, 4.7539e+01, 2.7081e-01, 
 1DIAGNOSTIC,    84, -5.817970816965e-01, 2.781998037544e-05, 4.7816e+01, 2.7668e-01, 
 1DIAGNOSTIC,    85, -5.812551266805e-01, 3.117669993041e-05, 4.8088e+01, 2.7225e-01, 
 1DIAGNOSTIC,    86, -5.829428632465e-01, 3.534254177065e-05, 4.8359e+01, 2.7142e-01, 
 1DIAGNOSTIC,    87, -5.823689788216e-01, 4.300306219794e-05, 4.8632e+01, 2.7222e-01, 
 1DIAGNOSTIC,    88, -5.843301507860e-01, 5.634524194861e-05, 4.8906e+01, 2.7430e-01, 
 1DIAGNOSTIC,    89, -5.838444721231e-01, 5.748787849939e-05, 4.9179e+01, 2.7286e-01, 
 1DIAGNOSTIC,    90, -5.861085024621e-01, 7.129175088478e-05, 4.9452e+01, 2.7314e-01, 
 1DIAGNOSTIC,    91, -5.861238534148e-01, 7.560018520335e-05, 4.9722e+01, 2.7026e-01, 
 1DIAGNOSTIC,    92, -5.860576581924e-01, 7.458261332183e-05, 4.9997e+01, 2.7446e-01, 
 1DIAGNOSTIC,    93, -5.878327223715e-01, 7.682469567903e-05, 5.0270e+01, 2.7391e-01, 
 1DIAGNOSTIC,    94, -5.881795916054e-01, 8.062095554650e-05, 5.0544e+01, 2.7393e-01, 
 1DIAGNOSTIC,    95, -5.877267559658e-01, 7.104193417096e-05, 5.0822e+01, 2.7715e-01, 
 1DIAGNOSTIC,    96, -5.887806864915e-01, 6.954985238673e-05, 5.1130e+01, 3.0885e-01, 
 1DIAGNOSTIC,    97, -5.887481137261e-01, 5.793707913692e-05, 5.1439e+01, 3.0858e-01, 
 1DIAGNOSTIC,    98, -5.899692179725e-01, 5.739022537620e-05, 5.1746e+01, 3.0657e-01, 
 1DIAGNOSTIC,    99, -5.893680720794e-01, 4.534184357010e-05, 5.2052e+01, 3.0680e-01, 
 1DIAGNOSTIC,   100, -5.901209474351e-01, 4.463461928359e-05, 5.2364e+01, 3.1143e-01, 
XXDIAGNOSTIC,Iteration,metricValue,convergenceValue,ITERATION_TIME_INDEX,SINCE_LAST
 1DIAGNOSTIC,     1, -5.261468048548e-01, 1.797693134862e+308, 6.8348e+01, 1.5984e+01, 
 1DIAGNOSTIC,     2, -5.294097703868e-01, 1.797693134862e+308, 6.9602e+01, 1.2544e+00, 
 1DIAGNOSTIC,     3, -5.322474477858e-01, 1.797693134862e+308, 7.0859e+01, 1.2573e+00, 
 1DIAGNOSTIC,     4, -5.352101304679e-01, 1.797693134862e+308, 7.2086e+01, 1.2266e+00, 
 1DIAGNOSTIC,     5, -5.379414045583e-01, 1.797693134862e+308, 7.3311e+01, 1.2254e+00, 
 1DIAGNOSTIC,     6, -5.402032761983e-01, 1.797693134862e+308, 7.4505e+01, 1.1933e+00, 
 1DIAGNOSTIC,     7, -5.420316922681e-01, 1.797693134862e+308, 7.5701e+01, 1.1966e+00, 
 1DIAGNOSTIC,     8, -5.437336903935e-01, 1.797693134862e+308, 7.6921e+01, 1.2203e+00, 
 1DIAGNOSTIC,     9, -5.450483190968e-01, 1.797693134862e+308, 7.8118e+01, 1.1967e+00, 
 1DIAGNOSTIC,    10, -5.462252847420e-01, 2.400406263675e-03, 7.9316e+01, 1.1976e+00, 
 1DIAGNOSTIC,    11, -5.475893846965e-01, 1.935963806825e-03, 8.0539e+01, 1.2228e+00, 
 1DIAGNOSTIC,    12, -5.486165674396e-01, 1.562910936445e-03, 8.1736e+01, 1.1976e+00, 
 1DIAGNOSTIC,    13, -5.493936421547e-01, 1.251592558821e-03, 8.2931e+01, 1.1950e+00, 
 1DIAGNOSTIC,    14, -5.503569466130e-01, 1.017759269805e-03, 8.4156e+01, 1.2252e+00, 
 1DIAGNOSTIC,    15, -5.510949301835e-01, 8.426664040050e-04, 8.5355e+01, 1.1991e+00, 
 1DIAGNOSTIC,    16, -5.517194985060e-01, 7.060578416946e-04, 8.6550e+01, 1.1950e+00, 
 1DIAGNOSTIC,    17, -5.523421773042e-01, 5.954800045880e-04, 8.7776e+01, 1.2253e+00, 
 1DIAGNOSTIC,    18, -5.528838052327e-01, 5.071840696444e-04, 8.8976e+01, 1.2006e+00, 
 1DIAGNOSTIC,    19, -5.535158930021e-01, 4.344930045488e-04, 9.0202e+01, 1.2252e+00, 
 1DIAGNOSTIC,    20, -5.541656363049e-01, 3.757799905192e-04, 9.1399e+01, 1.1977e+00, 
 1DIAGNOSTIC,    21, -5.545989163809e-01, 3.320005156272e-04, 9.2625e+01, 1.2255e+00, 
 1DIAGNOSTIC,    22, -5.550252134085e-01, 2.956697572196e-04, 9.3836e+01, 1.2115e+00, 
 1DIAGNOSTIC,    23, -5.553724516145e-01, 2.600658866724e-04, 9.5083e+01, 1.2465e+00, 
 1DIAGNOSTIC,    24, -5.556662878168e-01, 2.301423267174e-04, 9.6280e+01, 1.1976e+00, 
 1DIAGNOSTIC,    25, -5.561495835717e-01, 2.062859896191e-04, 9.7509e+01, 1.2288e+00, 
 1DIAGNOSTIC,    26, -5.563510099841e-01, 1.811912256814e-04, 9.8836e+01, 1.3263e+00, 
 1DIAGNOSTIC,    27, -5.567093081739e-01, 1.598571135475e-04, 1.0022e+02, 1.3868e+00, 
 1DIAGNOSTIC,    28, -5.567305348893e-01, 1.353288187034e-04, 1.0161e+02, 1.3852e+00, 
 1DIAGNOSTIC,    29, -5.570542529500e-01, 1.168089815562e-04, 1.0300e+02, 1.3939e+00, 
 1DIAGNOSTIC,    30, -5.572293803929e-01, 1.026039948008e-04, 1.0438e+02, 1.3773e+00, 
 1DIAGNOSTIC,    31, -5.575317739766e-01, 9.183913333734e-05, 1.0566e+02, 1.2806e+00, 
 1DIAGNOSTIC,    32, -5.576185156898e-01, 8.135056169652e-05, 1.0689e+02, 1.2262e+00, 
 1DIAGNOSTIC,    33, -5.577803334258e-01, 7.190065492116e-05, 1.0812e+02, 1.2296e+00, 
 1DIAGNOSTIC,    34, -5.579369871009e-01, 6.297897645546e-05, 1.0934e+02, 1.2234e+00, 
 1DIAGNOSTIC,    35, -5.579285979024e-01, 5.558738325308e-05, 1.1057e+02, 1.2294e+00, 
 1DIAGNOSTIC,    36, -5.579717199581e-01, 4.683959238250e-05, 1.1180e+02, 1.2277e+00, 
 1DIAGNOSTIC,    37, -5.583190881242e-01, 4.411050837438e-05, 1.1302e+02, 1.2282e+00, 
 1DIAGNOSTIC,    38, -5.580927075057e-01, 3.441348652939e-05, 1.1426e+02, 1.2312e+00, 
 1DIAGNOSTIC,    39, -5.584498161933e-01, 3.114193249624e-05, 1.1549e+02, 1.2334e+00, 
 1DIAGNOSTIC,    40, -5.580962239487e-01, 2.267831793967e-05, 1.1673e+02, 1.2460e+00, 
 1DIAGNOSTIC,    41, -5.583943462328e-01, 2.023671179104e-05, 1.1803e+02, 1.2917e+00, 
 1DIAGNOSTIC,    42, -5.582077462189e-01, 1.464595608159e-05, 1.1925e+02, 1.2271e+00, 
 1DIAGNOSTIC,    43, -5.586161655878e-01, 1.483445753163e-05, 1.2048e+02, 1.2285e+00, 
 1DIAGNOSTIC,    44, -5.582461850880e-01, 1.109399887534e-05, 1.2171e+02, 1.2241e+00, 
 1DIAGNOSTIC,    45, -5.587023004847e-01, 1.183116400728e-05, 1.2293e+02, 1.2256e+00, 
 1DIAGNOSTIC,    46, -5.583714581680e-01, 8.019192686604e-06, 1.2416e+02, 1.2307e+00, 
 1DIAGNOSTIC,    47, -5.587358959166e-01, 1.162775997553e-05, 1.2539e+02, 1.2296e+00, 
 1DIAGNOSTIC,    48, -5.585393400231e-01, 9.270692289107e-06, 1.2662e+02, 1.2233e+00, 
 1DIAGNOSTIC,    49, -5.586391364215e-01, 1.117858386617e-05, 1.2784e+02, 1.2215e+00, 
 1DIAGNOSTIC,    50, -5.586292464488e-01, 8.172868776322e-06, 1.2906e+02, 1.2250e+00, 
 1DIAGNOSTIC,    51, -5.585195011279e-01, 6.515381047678e-06, 1.3028e+02, 1.2217e+00, 
 1DIAGNOSTIC,    52, -5.587657620705e-01, 4.866289099657e-06, 1.3151e+02, 1.2233e+00, 
 1DIAGNOSTIC,    53, -5.589233080060e-01, 8.400333168193e-06, 1.3273e+02, 1.2243e+00, 
 1DIAGNOSTIC,    54, -5.586953405345e-01, 5.214757669951e-06, 1.3395e+02, 1.2234e+00, 
 1DIAGNOSTIC,    55, -5.591088410468e-01, 1.004789068274e-05, 1.3518e+02, 1.2219e+00, 
 1DIAGNOSTIC,    56, -5.585909048051e-01, 5.804258189902e-06, 1.3640e+02, 1.2248e+00, 
 1DIAGNOSTIC,    57, -5.588977613324e-01, 7.425986820696e-06, 1.3762e+02, 1.2230e+00, 
 1DIAGNOSTIC,    58, -5.587265273763e-01, 4.934303418878e-06, 1.3886e+02, 1.2343e+00, 
 1DIAGNOSTIC,    59, -5.588340955096e-01, 3.954067541442e-06, 1.4008e+02, 1.2215e+00, 
 1DIAGNOSTIC,    60, -5.585989671921e-01, 6.192923043893e-07, 1.4130e+02, 1.2197e+00, 
XXDIAGNOSTIC,Iteration,metricValue,convergenceValue,ITERATION_TIME_INDEX,SINCE_LAST
 1DIAGNOSTIC,     1, -5.011178836055e-01, 1.797693134862e+308, 1.5153e+02, 1.0229e+01, 
 1DIAGNOSTIC,     2, -5.024686933398e-01, 1.797693134862e+308, 1.5419e+02, 2.6633e+00, 
 1DIAGNOSTIC,     3, -5.035940488007e-01, 1.797693134862e+308, 1.5685e+02, 2.6622e+00, 
 1DIAGNOSTIC,     4, -5.045324310595e-01, 1.797693134862e+308, 1.5953e+02, 2.6766e+00, 
 1DIAGNOSTIC,     5, -5.052800682528e-01, 1.797693134862e+308, 1.6221e+02, 2.6763e+00, 
 1DIAGNOSTIC,     6, -5.060122765935e-01, 1.797693134862e+308, 1.6487e+02, 2.6617e+00, 
 1DIAGNOSTIC,     7, -5.066376182352e-01, 1.797693134862e+308, 1.6753e+02, 2.6570e+00, 
 1DIAGNOSTIC,     8, -5.071256647489e-01, 1.797693134862e+308, 1.7021e+02, 2.6804e+00, 
 1DIAGNOSTIC,     9, -5.075385584815e-01, 1.797693134862e+308, 1.7289e+02, 2.6855e+00, 
 1DIAGNOSTIC,    10, -5.079455792899e-01, 8.379999432817e-04, 1.7557e+02, 2.6828e+00, 
 1DIAGNOSTIC,    11, -5.081922710894e-01, 6.469501839267e-04, 1.7838e+02, 2.8071e+00, 
 1DIAGNOSTIC,    12, -5.084697650480e-01, 5.055047712371e-04, 1.8113e+02, 2.7522e+00, 
 1DIAGNOSTIC,    13, -5.086400106166e-01, 3.958082773837e-04, 1.8381e+02, 2.6721e+00, 
 1DIAGNOSTIC,    14, -5.088536613605e-01, 3.119301398090e-04, 1.8648e+02, 2.6780e+00, 
 1DIAGNOSTIC,    15, -5.090329766075e-01, 2.451738452258e-04, 1.8917e+02, 2.6825e+00, 
 1DIAGNOSTIC,    16, -5.092556888340e-01, 1.975900008081e-04, 1.9183e+02, 2.6672e+00, 
 1DIAGNOSTIC,    17, -5.093533390873e-01, 1.611755397976e-04, 1.9450e+02, 2.6694e+00, 
 1DIAGNOSTIC,    18, -5.094996074252e-01, 1.337231128881e-04, 1.9718e+02, 2.6800e+00, 
 1DIAGNOSTIC,    19, -5.096405908534e-01, 1.130405666214e-04, 1.9985e+02, 2.6696e+00, 
 1DIAGNOSTIC,    20, -5.097074684027e-01, 9.719309451191e-05, 2.0252e+02, 2.6723e+00, 
 1DIAGNOSTIC,    21, -5.097661391994e-01, 8.197074364275e-05, 2.0519e+02, 2.6648e+00, 
 1DIAGNOSTIC,    22, -5.098004193119e-01, 6.854168446208e-05, 2.0786e+02, 2.6716e+00, 
 1DIAGNOSTIC,    23, -5.098307110282e-01, 5.482256171177e-05, 2.1057e+02, 2.7039e+00, 
 1DIAGNOSTIC,    24, -5.098575515520e-01, 4.277185077085e-05, 2.1326e+02, 2.6922e+00, 
 1DIAGNOSTIC,    25, -5.098508945628e-01, 3.156315371929e-05, 2.1595e+02, 2.6926e+00, 
 1DIAGNOSTIC,    26, -5.099349040772e-01, 2.499451082414e-05, 2.1863e+02, 2.6781e+00, 
 1DIAGNOSTIC,    27, -5.099606930072e-01, 1.914430451645e-05, 2.2131e+02, 2.6836e+00, 
 1DIAGNOSTIC,    28, -5.099177526585e-01, 1.402768388999e-05, 2.2400e+02, 2.6848e+00, 
 1DIAGNOSTIC,    29, -5.099085732249e-01, 1.062425890778e-05, 2.2668e+02, 2.6828e+00, 
 1DIAGNOSTIC,    30, -5.099696850074e-01, 8.917678026160e-06, 2.2936e+02, 2.6798e+00, 
 1DIAGNOSTIC,    31, -5.099166097264e-01, 6.603043947687e-06, 2.3204e+02, 2.6787e+00, 
 1DIAGNOSTIC,    32, -5.099078731493e-01, 4.367016974184e-06, 2.3471e+02, 2.6766e+00, 
 1DIAGNOSTIC,    33, -5.098939847437e-01, 2.255678672874e-06, 2.3740e+02, 2.6888e+00, 
 1DIAGNOSTIC,    34, -5.098798890486e-01, 3.749322180918e-07, 2.4010e+02, 2.6949e+00, 
XXDIAGNOSTIC,Iteration,metricValue,convergenceValue,ITERATION_TIME_INDEX,SINCE_LAST
 1DIAGNOSTIC,     1, -3.700874501067e-01, 1.797693134862e+308, 2.6793e+02, 2.7828e+01, 
 1DIAGNOSTIC,     2, -3.710139860429e-01, 1.797693134862e+308, 2.8752e+02, 1.9594e+01, 
 1DIAGNOSTIC,     3, -3.720127129490e-01, 1.797693134862e+308, 3.0919e+02, 2.1671e+01, 
 1DIAGNOSTIC,     4, -3.730804345942e-01, 1.797693134862e+308, 3.3475e+02, 2.5558e+01, 
 1DIAGNOSTIC,     5, -3.740338533106e-01, 1.797693134862e+308, 3.5637e+02, 2.1623e+01, 
 1DIAGNOSTIC,     6, -3.748979726623e-01, 1.797693134862e+308, 3.7693e+02, 2.0557e+01, 
 1DIAGNOSTIC,     7, -3.757064165585e-01, 1.797693134862e+308, 3.9742e+02, 2.0488e+01, 
 1DIAGNOSTIC,     8, -3.764222895602e-01, 1.797693134862e+308, 4.1778e+02, 2.0361e+01, 
 1DIAGNOSTIC,     9, -3.770916335270e-01, 1.797693134862e+308, 4.3805e+02, 2.0275e+01, 
 1DIAGNOSTIC,    10, -3.776722869429e-01, 1.321616726619e-03, 4.5856e+02, 2.0507e+01, 
slurmstepd: error: *** JOB 4089902 ON wbic-csm-2 CANCELLED AT 2019-10-20T16:39:37 DUE TO TIME LIMIT ***
