Changed directory to /lustre/scratch/wbic-beta/ccn30/ENCRYPT/fMRI/gridcellpilot/scripts/coregistration/slurmoutputs.

JobID: 6244920
======
Time: Fri Feb  5 15:33:22 GMT 2021
Running on master node: wbic-csm-2
Current directory: /lustre/scratch/wbic-beta/ccn30/ENCRYPT/fMRI/gridcellpilot/scripts/coregistration/slurmoutputs

Nodes allocated:
================
wbic-csm-2

numtasks=1, numnodes=1, mpi_tasks_per_node=1 (OMP_NUM_THREADS=1)

Executing command:
==================
/lustre/scratch/wbic-beta/ccn30/ENCRYPT/fMRI/gridcellpilot/scripts/coregistration/coreg_MasksxEPI.sh 29317/20190902_U-ID46030

******** starting 29317 ********

--------------------------------------------------------------------------------------
 Mapping parameters
--------------------------------------------------------------------------------------
 ANTSPATH is /applications/ANTS/ANTs-2.3.4/install/bin/

 Dimensionality:           3
 Output name prefix:       /T1xStudyTemplate_
 Fixed images:             /home/ccn30/ENCRYPT/atlases/templates/ECtemplatemasks2015/Study_template_wholeBrain.nii
 Moving images:            /lustre/scratch/wbic-beta/ccn30/ENCRYPT/fMRI/gridcellpilot/raw_data/images/29317/20190902_U-ID46030/mp2rage/denoiseRn4mag0000_PSIR_skulled_std.nii
 Mask images:              
 Initial transforms:       
 Number of threads:        1
 Spline distance:          26
 Transform type:           s
 CC radius:                4
 Precision:                d
 Use histogram matching    0
======================================================================================
 antsRegistration call:
--------------------------------------------------------------------------------------
/applications/ANTS/ANTs-2.3.4/install/bin//antsRegistration --verbose 1 --dimensionality 3 --float 0 --collapse-output-transforms 1 --output [ /T1xStudyTemplate_,/T1xStudyTemplate_Warped.nii.gz,/T1xStudyTemplate_InverseWarped.nii.gz ] --interpolation Linear --use-histogram-matching 0 --winsorize-image-intensities [ 0.005,0.995 ] --initial-moving-transform [ /home/ccn30/ENCRYPT/atlases/templates/ECtemplatemasks2015/Study_template_wholeBrain.nii,/lustre/scratch/wbic-beta/ccn30/ENCRYPT/fMRI/gridcellpilot/raw_data/images/29317/20190902_U-ID46030/mp2rage/denoiseRn4mag0000_PSIR_skulled_std.nii,1 ] --transform Rigid[ 0.1 ] --metric MI[ /home/ccn30/ENCRYPT/atlases/templates/ECtemplatemasks2015/Study_template_wholeBrain.nii,/lustre/scratch/wbic-beta/ccn30/ENCRYPT/fMRI/gridcellpilot/raw_data/images/29317/20190902_U-ID46030/mp2rage/denoiseRn4mag0000_PSIR_skulled_std.nii,1,32,Regular,0.25 ] --convergence [ 1000x500x250x100,1e-6,10 ] --shrink-factors 12x8x4x2 --smoothing-sigmas 4x3x2x1vox --transform Affine[ 0.1 ] --metric MI[ /home/ccn30/ENCRYPT/atlases/templates/ECtemplatemasks2015/Study_template_wholeBrain.nii,/lustre/scratch/wbic-beta/ccn30/ENCRYPT/fMRI/gridcellpilot/raw_data/images/29317/20190902_U-ID46030/mp2rage/denoiseRn4mag0000_PSIR_skulled_std.nii,1,32,Regular,0.25 ] --convergence [ 1000x500x250x100,1e-6,10 ] --shrink-factors 12x8x4x2 --smoothing-sigmas 4x3x2x1vox --transform SyN[ 0.1,3,0 ] --metric CC[ /home/ccn30/ENCRYPT/atlases/templates/ECtemplatemasks2015/Study_template_wholeBrain.nii,/lustre/scratch/wbic-beta/ccn30/ENCRYPT/fMRI/gridcellpilot/raw_data/images/29317/20190902_U-ID46030/mp2rage/denoiseRn4mag0000_PSIR_skulled_std.nii,1,4 ] --convergence [ 100x100x70x50x20,1e-6,10 ] --shrink-factors 10x6x4x2x1 --smoothing-sigmas 5x3x2x1x0vox
--------------------------------------------------------------------------------------
All_Command_lines_OK
Using double precision for computations.
=============================================================================
The composite transform comprises the following transforms (in order): 
  1. Center of mass alignment using fixed image: /home/ccn30/ENCRYPT/atlases/templates/ECtemplatemasks2015/Study_template_wholeBrain.nii and moving image: /lustre/scratch/wbic-beta/ccn30/ENCRYPT/fMRI/gridcellpilot/raw_data/images/29317/20190902_U-ID46030/mp2rage/denoiseRn4mag0000_PSIR_skulled_std.nii (type = Euler3DTransform)
=============================================================================
  number of levels = 4
  number of levels = 4
  number of levels = 5
  fixed image: /home/ccn30/ENCRYPT/atlases/templates/ECtemplatemasks2015/Study_template_wholeBrain.nii
  moving image: /lustre/scratch/wbic-beta/ccn30/ENCRYPT/fMRI/gridcellpilot/raw_data/images/29317/20190902_U-ID46030/mp2rage/denoiseRn4mag0000_PSIR_skulled_std.nii
  fixed image: /home/ccn30/ENCRYPT/atlases/templates/ECtemplatemasks2015/Study_template_wholeBrain.nii
  moving image: /lustre/scratch/wbic-beta/ccn30/ENCRYPT/fMRI/gridcellpilot/raw_data/images/29317/20190902_U-ID46030/mp2rage/denoiseRn4mag0000_PSIR_skulled_std.nii
  fixed image: /home/ccn30/ENCRYPT/atlases/templates/ECtemplatemasks2015/Study_template_wholeBrain.nii
  moving image: /lustre/scratch/wbic-beta/ccn30/ENCRYPT/fMRI/gridcellpilot/raw_data/images/29317/20190902_U-ID46030/mp2rage/denoiseRn4mag0000_PSIR_skulled_std.nii
Dimension = 3
Number of stages = 3
Use Histogram Matching false
Winsorize image intensities true
Lower quantile = 0.005
Upper quantile = 0.995
Stage 1 State
   Image metric = Mattes
     Fixed image = Image (0x322ac70)
  RTTI typeinfo:   itk::Image<double, 3u>
  Reference Count: 2
  Modified Time: 1735
  Debug: Off
  Object Name: 
  Observers: 
    none
  Source: (none)
  Source output name: (none)
  Release Data: Off
  Data Released: False
  Global Release Data: Off
  PipelineMTime: 0
  UpdateMTime: 1518
  RealTimeStamp: 0 seconds 
  LargestPossibleRegion: 
    Dimension: 3
    Index: [0, 0, 0]
    Size: [384, 384, 288]
  BufferedRegion: 
    Dimension: 3
    Index: [0, 0, 0]
    Size: [384, 384, 288]
  RequestedRegion: 
    Dimension: 3
    Index: [0, 0, 0]
    Size: [384, 384, 288]
  Spacing: [0.598958, 0.598958, 0.599937]
  Origin: [85.9044, -155.274, 91.0901]
  Direction: 
-0 0 -1
1 -0 0
0 -1 0

  IndexToPointMatrix: 
0 0 -0.599937
0.598958 0 0
0 -0.598958 0

  PointToIndexMatrix: 
0 1.66957 0
0 0 -1.66957
-1.66684 0 0

  Inverse Direction: 
0 1 0
0 0 -1
-1 0 0

  PixelContainer: 
    ImportImageContainer (0x322d4a0)
      RTTI typeinfo:   itk::ImportImageContainer<unsigned long, double>
      Reference Count: 1
      Modified Time: 1515
      Debug: Off
      Object Name: 
      Observers: 
        none
      Pointer: 0x2b1d1714f010
      Container manages memory: true
      Size: 42467328
      Capacity: 42467328

     Moving image = Image (0x3228250)
  RTTI typeinfo:   itk::Image<double, 3u>
  Reference Count: 2
  Modified Time: 1736
  Debug: Off
  Object Name: 
  Observers: 
    none
  Source: (none)
  Source output name: (none)
  Release Data: Off
  Data Released: False
  Global Release Data: Off
  PipelineMTime: 0
  UpdateMTime: 1733
  RealTimeStamp: 0 seconds 
  LargestPossibleRegion: 
    Dimension: 3
    Index: [0, 0, 0]
    Size: [224, 320, 320]
  BufferedRegion: 
    Dimension: 3
    Index: [0, 0, 0]
    Size: [224, 320, 320]
  RequestedRegion: 
    Dimension: 3
    Index: [0, 0, 0]
    Size: [224, 320, 320]
  Spacing: [0.699997, 0.7, 0.7]
  Origin: [-76.1904, 72.2492, -103.242]
  Direction: 
1 0 0
0 -1 0
0 0 1

  IndexToPointMatrix: 
0.699997 0 0
0 -0.7 0
0 0 0.7

  PointToIndexMatrix: 
1.42858 0 0
0 -1.42857 0
0 0 1.42857

  Inverse Direction: 
1 0 0
0 -1 0
0 0 1

  PixelContainer: 
    ImportImageContainer (0x3229110)
      RTTI typeinfo:   itk::ImportImageContainer<unsigned long, double>
      Reference Count: 1
      Modified Time: 1730
      Debug: Off
      Object Name: 
      Observers: 
        none
      Pointer: 0x2b1d2b550010
      Container manages memory: true
      Size: 22937600
      Capacity: 22937600

     Weighting = 1
     Sampling strategy = regular
     Number of bins = 32
     Radius = 4
     Sampling percentage  = 0.25
   Transform = Rigid
     Gradient step = 0.1
     Update field sigma (voxel space) = 0
     Total field sigma (voxel space) = 0
     Update field time sigma = 0
     Total field time sigma  = 0
     Number of time indices = 0
     Number of time point samples = 0
Stage 2 State
   Image metric = Mattes
     Fixed image = Image (0x3238b40)
  RTTI typeinfo:   itk::Image<double, 3u>
  Reference Count: 2
  Modified Time: 2167
  Debug: Off
  Object Name: 
  Observers: 
    none
  Source: (none)
  Source output name: (none)
  Release Data: Off
  Data Released: False
  Global Release Data: Off
  PipelineMTime: 0
  UpdateMTime: 1950
  RealTimeStamp: 0 seconds 
  LargestPossibleRegion: 
    Dimension: 3
    Index: [0, 0, 0]
    Size: [384, 384, 288]
  BufferedRegion: 
    Dimension: 3
    Index: [0, 0, 0]
    Size: [384, 384, 288]
  RequestedRegion: 
    Dimension: 3
    Index: [0, 0, 0]
    Size: [384, 384, 288]
  Spacing: [0.598958, 0.598958, 0.599937]
  Origin: [85.9044, -155.274, 91.0901]
  Direction: 
-0 0 -1
1 -0 0
0 -1 0

  IndexToPointMatrix: 
0 0 -0.599937
0.598958 0 0
0 -0.598958 0

  PointToIndexMatrix: 
0 1.66957 0
0 0 -1.66957
-1.66684 0 0

  Inverse Direction: 
0 1 0
0 0 -1
-1 0 0

  PixelContainer: 
    ImportImageContainer (0x3225780)
      RTTI typeinfo:   itk::ImportImageContainer<unsigned long, double>
      Reference Count: 1
      Modified Time: 1947
      Debug: Off
      Object Name: 
      Observers: 
        none
      Pointer: 0x2b1d36451010
      Container manages memory: true
      Size: 42467328
      Capacity: 42467328

     Moving image = Image (0x3238f30)
  RTTI typeinfo:   itk::Image<double, 3u>
  Reference Count: 2
  Modified Time: 2168
  Debug: Off
  Object Name: 
  Observers: 
    none
  Source: (none)
  Source output name: (none)
  Release Data: Off
  Data Released: False
  Global Release Data: Off
  PipelineMTime: 0
  UpdateMTime: 2165
  RealTimeStamp: 0 seconds 
  LargestPossibleRegion: 
    Dimension: 3
    Index: [0, 0, 0]
    Size: [224, 320, 320]
  BufferedRegion: 
    Dimension: 3
    Index: [0, 0, 0]
    Size: [224, 320, 320]
  RequestedRegion: 
    Dimension: 3
    Index: [0, 0, 0]
    Size: [224, 320, 320]
  Spacing: [0.699997, 0.7, 0.7]
  Origin: [-76.1904, 72.2492, -103.242]
  Direction: 
1 0 0
0 -1 0
0 0 1

  IndexToPointMatrix: 
0.699997 0 0
0 -0.7 0
0 0 0.7

  PointToIndexMatrix: 
1.42858 0 0
0 -1.42857 0
0 0 1.42857

  Inverse Direction: 
1 0 0
0 -1 0
0 0 1

  PixelContainer: 
    ImportImageContainer (0x3237f60)
      RTTI typeinfo:   itk::ImportImageContainer<unsigned long, double>
      Reference Count: 1
      Modified Time: 2162
      Debug: Off
      Object Name: 
      Observers: 
        none
      Pointer: 0x2b1d4a852010
      Container manages memory: true
      Size: 22937600
      Capacity: 22937600

     Weighting = 1
     Sampling strategy = regular
     Number of bins = 32
     Radius = 4
     Sampling percentage  = 0.25
   Transform = Affine
     Gradient step = 0.1
     Update field sigma (voxel space) = 0
     Total field sigma (voxel space) = 0
     Update field time sigma = 0
     Total field time sigma  = 0
     Number of time indices = 0
     Number of time point samples = 0
Stage 3 State
   Image metric = CC
     Fixed image = Image (0x323ce00)
  RTTI typeinfo:   itk::Image<double, 3u>
  Reference Count: 2
  Modified Time: 2599
  Debug: Off
  Object Name: 
  Observers: 
    none
  Source: (none)
  Source output name: (none)
  Release Data: Off
  Data Released: False
  Global Release Data: Off
  PipelineMTime: 0
  UpdateMTime: 2382
  RealTimeStamp: 0 seconds 
  LargestPossibleRegion: 
    Dimension: 3
    Index: [0, 0, 0]
    Size: [384, 384, 288]
  BufferedRegion: 
    Dimension: 3
    Index: [0, 0, 0]
    Size: [384, 384, 288]
  RequestedRegion: 
    Dimension: 3
    Index: [0, 0, 0]
    Size: [384, 384, 288]
  Spacing: [0.598958, 0.598958, 0.599937]
  Origin: [85.9044, -155.274, 91.0901]
  Direction: 
-0 0 -1
1 -0 0
0 -1 0

  IndexToPointMatrix: 
0 0 -0.599937
0.598958 0 0
0 -0.598958 0

  PointToIndexMatrix: 
0 1.66957 0
0 0 -1.66957
-1.66684 0 0

  Inverse Direction: 
0 1 0
0 0 -1
-1 0 0

  PixelContainer: 
    ImportImageContainer (0x323a000)
      RTTI typeinfo:   itk::ImportImageContainer<unsigned long, double>
      Reference Count: 1
      Modified Time: 2379
      Debug: Off
      Object Name: 
      Observers: 
        none
      Pointer: 0x2b1d55753010
      Container manages memory: true
      Size: 42467328
      Capacity: 42467328

     Moving image = Image (0x323f510)
  RTTI typeinfo:   itk::Image<double, 3u>
  Reference Count: 2
  Modified Time: 2600
  Debug: Off
  Object Name: 
  Observers: 
    none
  Source: (none)
  Source output name: (none)
  Release Data: Off
  Data Released: False
  Global Release Data: Off
  PipelineMTime: 0
  UpdateMTime: 2597
  RealTimeStamp: 0 seconds 
  LargestPossibleRegion: 
    Dimension: 3
    Index: [0, 0, 0]
    Size: [224, 320, 320]
  BufferedRegion: 
    Dimension: 3
    Index: [0, 0, 0]
    Size: [224, 320, 320]
  RequestedRegion: 
    Dimension: 3
    Index: [0, 0, 0]
    Size: [224, 320, 320]
  Spacing: [0.699997, 0.7, 0.7]
  Origin: [-76.1904, 72.2492, -103.242]
  Direction: 
1 0 0
0 -1 0
0 0 1

  IndexToPointMatrix: 
0.699997 0 0
0 -0.7 0
0 0 0.7

  PointToIndexMatrix: 
1.42858 0 0
0 -1.42857 0
0 0 1.42857

  Inverse Direction: 
1 0 0
0 -1 0
0 0 1

  PixelContainer: 
    ImportImageContainer (0x323f7f0)
      RTTI typeinfo:   itk::ImportImageContainer<unsigned long, double>
      Reference Count: 1
      Modified Time: 2594
      Debug: Off
      Object Name: 
      Observers: 
        none
      Pointer: 0x2b1d69b54010
      Container manages memory: true
      Size: 22937600
      Capacity: 22937600

     Weighting = 1
     Sampling strategy = none
     Number of bins = 32
     Radius = 4
     Sampling percentage  = 1
   Transform = SyN
     Gradient step = 0.1
     Update field sigma (voxel space) = 3
     Total field sigma (voxel space) = 0
     Update field time sigma = 0
     Total field time sigma  = 0
     Number of time indices = 0
     Number of time point samples = 0
Registration using 3 total stages.

Stage 0
  iterations = 1000x500x250x100
  convergence threshold = 1e-06
  convergence window size = 10
  number of levels = 4
  using the Mattes MI metric (number of bins = 32, weight = 1)
  preprocessing:  winsorizing the image intensities
  Shrink factors (level 1 out of 4): [12, 12, 12]
  Shrink factors (level 2 out of 4): [8, 8, 8]
  Shrink factors (level 3 out of 4): [4, 4, 4]
  Shrink factors (level 4 out of 4): [2, 2, 2]
  smoothing sigmas per level: [4, 3, 2, 1]
  regular sampling (percentage = 0.25)

*** Running Euler3DTransform registration ***

DIAGNOSTIC,Iteration,metricValue,convergenceValue,ITERATION_TIME_INDEX,SINCE_LAST
 2DIAGNOSTIC,     1, -5.669690638430e-01, 1.797693134862e+308, 8.4465e+00, 8.4465e+00, 
 2DIAGNOSTIC,     2, -5.688633804338e-01, 1.797693134862e+308, 8.4740e+00, 2.7511e-02, 
 2DIAGNOSTIC,     3, -5.722938186487e-01, 1.797693134862e+308, 8.5011e+00, 2.7119e-02, 
 2DIAGNOSTIC,     4, -5.778621188140e-01, 1.797693134862e+308, 8.5285e+00, 2.7421e-02, 
 2DIAGNOSTIC,     5, -5.883188058377e-01, 1.797693134862e+308, 8.5557e+00, 2.7132e-02, 
 2DIAGNOSTIC,     6, -5.975213223653e-01, 1.797693134862e+308, 8.5825e+00, 2.6805e-02, 
 2DIAGNOSTIC,     7, -6.063666896062e-01, 1.797693134862e+308, 8.6136e+00, 3.1136e-02, 
 2DIAGNOSTIC,     8, -6.128375867025e-01, 1.797693134862e+308, 8.6447e+00, 3.1149e-02, 
 2DIAGNOSTIC,     9, -6.160747762615e-01, 1.797693134862e+308, 8.6758e+00, 3.1059e-02, 
 2DIAGNOSTIC,    10, -6.287948185890e-01, 7.011047925961e-03, 8.7125e+00, 3.6707e-02, 
 2DIAGNOSTIC,    11, -6.494073401308e-01, 7.324245632145e-03, 8.7447e+00, 3.2184e-02, 
 2DIAGNOSTIC,    12, -6.633204060022e-01, 7.518103982386e-03, 8.7773e+00, 3.2568e-02, 
 2DIAGNOSTIC,    13, -6.714431986776e-01, 7.414070762977e-03, 8.8050e+00, 2.7692e-02, 
 2DIAGNOSTIC,    14, -6.731076401486e-01, 6.899225761789e-03, 8.8377e+00, 3.2720e-02, 
 2DIAGNOSTIC,    15, -6.735814394100e-01, 6.166086053895e-03, 8.8710e+00, 3.3304e-02, 
 2DIAGNOSTIC,    16, -6.772848731969e-01, 5.324914366987e-03, 8.9080e+00, 3.7024e-02, 
 2DIAGNOSTIC,    17, -6.790336033661e-01, 4.376835360412e-03, 8.9361e+00, 2.8129e-02, 
 2DIAGNOSTIC,    18, -6.815859635455e-01, 3.371722399064e-03, 8.9686e+00, 3.2502e-02, 
 2DIAGNOSTIC,    19, -6.824242024712e-01, 2.267909803723e-03, 9.0008e+00, 3.2191e-02, 
 2DIAGNOSTIC,    20, -6.824416822503e-01, 1.352654095873e-03, 9.0313e+00, 3.0435e-02, 
 2DIAGNOSTIC,    21, -6.826394626443e-01, 8.422773091876e-04, 9.1078e+00, 7.6569e-02, 
 2DIAGNOSTIC,    22, -6.826393804632e-01, 5.800010703657e-04, 9.1292e+00, 2.1412e-02, 
 2DIAGNOSTIC,    23, -6.826395782649e-01, 4.443493631995e-04, 9.1500e+00, 2.0764e-02, 
 2DIAGNOSTIC,    24, -6.826399126286e-01, 3.107676628044e-04, 9.1704e+00, 2.0372e-02, 
 2DIAGNOSTIC,    25, -6.826404776493e-01, 1.670902791267e-04, 9.1915e+00, 2.1149e-02, 
 2DIAGNOSTIC,    26, -6.826414319962e-01, 8.220454070329e-05, 9.2139e+00, 2.2340e-02, 
 2DIAGNOSTIC,    27, -6.826430429162e-01, 2.383228238268e-05, 9.2357e+00, 2.1818e-02, 
 2DIAGNOSTIC,    28, -6.826457566568e-01, 7.458452751005e-06, 9.2572e+00, 2.1511e-02, 
 2DIAGNOSTIC,    29, -6.826503209585e-01, 4.442494740714e-06, 9.2786e+00, 2.1447e-02, 
 2DIAGNOSTIC,    30, -6.826579720101e-01, 1.609800662467e-06, 9.2996e+00, 2.0941e-02, 
 2DIAGNOSTIC,    31, -6.826706453769e-01, 1.884190781523e-06, 9.3200e+00, 2.0391e-02, 
 2DIAGNOSTIC,    32, -6.826463389917e-01, 1.728798272586e-06, 9.3433e+00, 2.3326e-02, 
 2DIAGNOSTIC,    33, -6.826700901500e-01, 1.846110395706e-06, 9.3641e+00, 2.0829e-02, 
 2DIAGNOSTIC,    34, -6.827097510305e-01, 2.377146748396e-06, 9.3879e+00, 2.3759e-02, 
 2DIAGNOSTIC,    35, -6.827606431757e-01, 3.364604978705e-06, 9.4110e+00, 2.3140e-02, 
 2DIAGNOSTIC,    36, -6.827457990033e-01, 3.889849250909e-06, 9.4346e+00, 2.3576e-02, 
 2DIAGNOSTIC,    37, -6.827439851081e-01, 4.124999976790e-06, 9.4553e+00, 2.0726e-02, 
 2DIAGNOSTIC,    38, -6.827516493626e-01, 4.162822037874e-06, 9.4758e+00, 2.0466e-02, 
 2DIAGNOSTIC,    39, -6.827949689135e-01, 4.394860572337e-06, 9.4991e+00, 2.3286e-02, 
 2DIAGNOSTIC,    40, -6.828712209684e-01, 5.156802709974e-06, 9.5192e+00, 2.0107e-02, 
 2DIAGNOSTIC,    41, -6.830140323610e-01, 7.105133643912e-06, 9.5421e+00, 2.2939e-02, 
 2DIAGNOSTIC,    42, -6.830518328014e-01, 8.476497955285e-06, 9.5654e+00, 2.3308e-02, 
 2DIAGNOSTIC,    43, -6.830577887403e-01, 9.353452937892e-06, 9.5852e+00, 1.9733e-02, 
 2DIAGNOSTIC,    44, -6.830087603208e-01, 9.276322676346e-06, 9.6075e+00, 2.2349e-02, 
 2DIAGNOSTIC,    45, -6.829864600462e-01, 8.666979170895e-06, 9.6267e+00, 1.9173e-02, 
 2DIAGNOSTIC,    46, -6.830038016397e-01, 7.332235050880e-06, 9.6458e+00, 1.9156e-02, 
 2DIAGNOSTIC,    47, -6.830194694052e-01, 5.538459452691e-06, 9.6710e+00, 2.5159e-02, 
 2DIAGNOSTIC,    48, -6.830249861362e-01, 3.488402207794e-06, 9.6936e+00, 2.2622e-02, 
 2DIAGNOSTIC,    49, -6.829801713911e-01, 1.254780669098e-06, 9.7130e+00, 1.9371e-02, 
DIAGNOSTIC,Iteration,metricValue,convergenceValue,ITERATION_TIME_INDEX,SINCE_LAST
 2DIAGNOSTIC,     1, -6.148682088772e-01, 1.797693134862e+308, 1.8321e+01, 8.6084e+00, 
 2DIAGNOSTIC,     2, -6.152924241507e-01, 1.797693134862e+308, 1.8405e+01, 8.3990e-02, 
 2DIAGNOSTIC,     3, -6.156497138427e-01, 1.797693134862e+308, 1.8489e+01, 8.3527e-02, 
 2DIAGNOSTIC,     4, -6.159994792796e-01, 1.797693134862e+308, 1.8586e+01, 9.6866e-02, 
 2DIAGNOSTIC,     5, -6.158743174674e-01, 1.797693134862e+308, 1.8670e+01, 8.3813e-02, 
 2DIAGNOSTIC,     6, -6.162103773478e-01, 1.797693134862e+308, 1.8753e+01, 8.3813e-02, 
 2DIAGNOSTIC,     7, -6.164530264657e-01, 1.797693134862e+308, 1.8863e+01, 1.0966e-01, 
 2DIAGNOSTIC,     8, -6.165136000174e-01, 1.797693134862e+308, 1.8960e+01, 9.6540e-02, 
 2DIAGNOSTIC,     9, -6.162474566789e-01, 1.797693134862e+308, 1.9056e+01, 9.6868e-02, 
 2DIAGNOSTIC,    10, -6.167266814748e-01, 1.677432964017e-04, 1.9140e+01, 8.3435e-02, 
 2DIAGNOSTIC,    11, -6.167761033779e-01, 1.260713721804e-04, 1.9223e+01, 8.3297e-02, 
 2DIAGNOSTIC,    12, -6.168294435432e-01, 9.814162223890e-05, 1.9305e+01, 8.2196e-02, 
 2DIAGNOSTIC,    13, -6.168857501029e-01, 8.056252978182e-05, 1.9401e+01, 9.5656e-02, 
 2DIAGNOSTIC,    14, -6.177602133781e-01, 9.917983135971e-05, 1.9523e+01, 1.2169e-01, 
 2DIAGNOSTIC,    15, -6.177278245677e-01, 1.005008648841e-04, 1.9618e+01, 9.5101e-02, 
 2DIAGNOSTIC,    16, -6.175707276166e-01, 9.776507803524e-05, 1.9713e+01, 9.4968e-02, 
 2DIAGNOSTIC,    17, -6.175820558106e-01, 9.396290986556e-05, 1.9808e+01, 9.4926e-02, 
 2DIAGNOSTIC,    18, -6.175826010991e-01, 8.382257233767e-05, 1.9902e+01, 9.4533e-02, 
 2DIAGNOSTIC,    19, -6.175867144564e-01, 6.007506452368e-05, 1.9983e+01, 8.1119e-02, 
 2DIAGNOSTIC,    20, -6.176259523307e-01, 4.518196991893e-05, 2.0077e+01, 9.3812e-02, 
 2DIAGNOSTIC,    21, -6.177697772418e-01, 3.222001820477e-05, 2.0196e+01, 1.1869e-01, 
 2DIAGNOSTIC,    22, -6.176222223135e-01, 1.570823384429e-05, 2.0289e+01, 9.3126e-02, 
DIAGNOSTIC,Iteration,metricValue,convergenceValue,ITERATION_TIME_INDEX,SINCE_LAST
 2DIAGNOSTIC,     1, -5.557523872327e-01, 1.797693134862e+308, 2.9522e+01, 9.2333e+00, 
 2DIAGNOSTIC,     2, -5.560101072157e-01, 1.797693134862e+308, 3.0097e+01, 5.7499e-01, 
 2DIAGNOSTIC,     3, -5.562693642658e-01, 1.797693134862e+308, 3.0759e+01, 6.6127e-01, 
 2DIAGNOSTIC,     4, -5.563220908627e-01, 1.797693134862e+308, 3.1322e+01, 5.6298e-01, 
 2DIAGNOSTIC,     5, -5.563614973495e-01, 1.797693134862e+308, 3.1890e+01, 5.6849e-01, 
 2DIAGNOSTIC,     6, -5.564680128376e-01, 1.797693134862e+308, 3.2470e+01, 5.7977e-01, 
 2DIAGNOSTIC,     7, -5.568692894128e-01, 1.797693134862e+308, 3.3637e+01, 1.1668e+00, 
 2DIAGNOSTIC,     8, -5.568673940632e-01, 1.797693134862e+308, 3.4491e+01, 8.5465e-01, 
 2DIAGNOSTIC,     9, -5.568647165854e-01, 1.797693134862e+308, 3.5172e+01, 6.8090e-01, 
 2DIAGNOSTIC,    10, -5.568651476723e-01, 1.335359835055e-04, 3.5942e+01, 7.6968e-01, 
 2DIAGNOSTIC,    11, -5.568641779205e-01, 9.844254110956e-05, 3.6614e+01, 6.7216e-01, 
 2DIAGNOSTIC,    12, -5.568626403815e-01, 7.096980046174e-05, 3.7182e+01, 5.6847e-01, 
 2DIAGNOSTIC,    13, -5.568628625838e-01, 5.172193419331e-05, 3.7839e+01, 6.5609e-01, 
 2DIAGNOSTIC,    14, -5.568630571530e-01, 3.292486602013e-05, 3.8405e+01, 5.6623e-01, 
 2DIAGNOSTIC,    15, -5.568607995248e-01, 1.516059770967e-05, 3.9143e+01, 7.3778e-01, 
 2DIAGNOSTIC,    16, -5.568664650945e-01, 1.635704141092e-06, 3.9805e+01, 6.6201e-01, 
 2DIAGNOSTIC,    17, -5.568613292673e-01, 1.629357425516e-06, 4.0458e+01, 6.5319e-01, 
 2DIAGNOSTIC,    18, -5.568613147282e-01, 1.598923879097e-06, 4.1017e+01, 5.5884e-01, 
 2DIAGNOSTIC,    19, -5.568621318824e-01, 1.536991083843e-06, 4.1648e+01, 6.3189e-01, 
 2DIAGNOSTIC,    20, -5.568617678976e-01, 1.493775536369e-06, 4.2198e+01, 5.4911e-01, 
 2DIAGNOSTIC,    21, -5.568591944432e-01, 1.377655640684e-06, 4.2839e+01, 6.4092e-01, 
 2DIAGNOSTIC,    22, -5.568595967215e-01, 1.261081989813e-06, 4.3473e+01, 6.3436e-01, 
 2DIAGNOSTIC,    23, -5.568549410505e-01, 1.074191901498e-06, 4.4109e+01, 6.3590e-01, 
DIAGNOSTIC,Iteration,metricValue,convergenceValue,ITERATION_TIME_INDEX,SINCE_LAST
 2DIAGNOSTIC,     1, -4.776734014884e-01, 1.797693134862e+308, 5.7718e+01, 1.3609e+01, 
 2DIAGNOSTIC,     2, -4.779182348346e-01, 1.797693134862e+308, 6.2422e+01, 4.7036e+00, 
 2DIAGNOSTIC,     3, -4.779565363127e-01, 1.797693134862e+308, 6.7216e+01, 4.7948e+00, 
 2DIAGNOSTIC,     4, -4.779542178876e-01, 1.797693134862e+308, 7.1965e+01, 4.7481e+00, 
 2DIAGNOSTIC,     5, -4.779558882466e-01, 1.797693134862e+308, 7.7354e+01, 5.3897e+00, 
 2DIAGNOSTIC,     6, -4.779540543960e-01, 1.797693134862e+308, 8.2110e+01, 4.7559e+00, 
 2DIAGNOSTIC,     7, -4.779530101621e-01, 1.797693134862e+308, 8.6233e+01, 4.1225e+00, 
 2DIAGNOSTIC,     8, -4.779584717531e-01, 1.797693134862e+308, 9.0943e+01, 4.7104e+00, 
 2DIAGNOSTIC,     9, -4.779590777230e-01, 1.797693134862e+308, 9.5782e+01, 4.8385e+00, 
 2DIAGNOSTIC,    10, -4.779597441273e-01, 2.236022060037e-05, 1.0054e+02, 4.7634e+00, 
 2DIAGNOSTIC,    11, -4.779603997553e-01, 5.563317691262e-06, 1.0524e+02, 4.6955e+00, 
 2DIAGNOSTIC,    12, -4.779645135858e-01, 3.608997345958e-06, 1.0939e+02, 4.1507e+00, 
 2DIAGNOSTIC,    13, -4.779675199038e-01, 3.752353095576e-06, 1.1351e+02, 4.1192e+00, 
 2DIAGNOSTIC,    14, -4.779847983776e-01, 4.385866629056e-06, 1.1763e+02, 4.1199e+00, 
 2DIAGNOSTIC,    15, -4.780599167439e-01, 7.774925296050e-06, 1.2174e+02, 4.1112e+00, 
 2DIAGNOSTIC,    16, -4.780794021345e-01, 1.081031498526e-05, 1.2584e+02, 4.0974e+00, 
 2DIAGNOSTIC,    17, -4.781835727023e-01, 1.629744401613e-05, 1.3250e+02, 6.6622e+00, 
 2DIAGNOSTIC,    18, -4.781940839751e-01, 2.031510544709e-05, 1.3722e+02, 4.7166e+00, 
 2DIAGNOSTIC,    19, -4.781917882709e-01, 2.216133673560e-05, 1.4385e+02, 6.6308e+00, 
 2DIAGNOSTIC,    20, -4.781915267732e-01, 2.194804293059e-05, 1.5042e+02, 6.5703e+00, 
 2DIAGNOSTIC,    21, -4.781915812589e-01, 1.986034237116e-05, 1.5661e+02, 6.1885e+00, 
 2DIAGNOSTIC,    22, -4.781891775258e-01, 1.628064560329e-05, 1.6137e+02, 4.7672e+00, 
 2DIAGNOSTIC,    23, -4.781891888429e-01, 1.170845442517e-05, 1.6552e+02, 4.1406e+00, 
 2DIAGNOSTIC,    24, -4.781891359585e-01, 6.970127107084e-06, 1.7034e+02, 4.8238e+00, 
 2DIAGNOSTIC,    25, -4.781889330081e-01, 3.882643984224e-06, 1.7509e+02, 4.7550e+00, 
 2DIAGNOSTIC,    26, -4.781887794785e-01, 1.163376605995e-06, 1.8054e+02, 5.4494e+00, 
  Elapsed time (stage 0): 1.8517e+02


Stage 1
  iterations = 1000x500x250x100
  convergence threshold = 1.0000e-06
  convergence window size = 10
  number of levels = 4
  using the Mattes MI metric (number of bins = 32, weight = 1.0000e+00)
  preprocessing:  winsorizing the image intensities
  Shrink factors (level 1 out of 4): [12, 12, 12]
  Shrink factors (level 2 out of 4): [8, 8, 8]
  Shrink factors (level 3 out of 4): [4, 4, 4]
  Shrink factors (level 4 out of 4): [2, 2, 2]
  smoothing sigmas per level: [4, 3, 2, 1]
  regular sampling (percentage = 2.5000e-01)

*** Running AffineTransform registration ***

DIAGNOSTIC,Iteration,metricValue,convergenceValue,ITERATION_TIME_INDEX,SINCE_LAST
 2DIAGNOSTIC,     1, -6.840498987833e-01, 1.797693134862e+308, 8.7348e+00, 8.7348e+00, 
 2DIAGNOSTIC,     2, -6.858773765355e-01, 1.797693134862e+308, 8.7672e+00, 3.2386e-02, 
 2DIAGNOSTIC,     3, -6.888671798080e-01, 1.797693134862e+308, 8.7995e+00, 3.2267e-02, 
 2DIAGNOSTIC,     4, -6.931952440885e-01, 1.797693134862e+308, 8.8321e+00, 3.2623e-02, 
 2DIAGNOSTIC,     5, -6.983494847179e-01, 1.797693134862e+308, 8.8638e+00, 3.1674e-02, 
 2DIAGNOSTIC,     6, -7.049822497838e-01, 1.797693134862e+308, 8.8951e+00, 3.1324e-02, 
 2DIAGNOSTIC,     7, -7.099149079974e-01, 1.797693134862e+308, 8.9356e+00, 4.0489e-02, 
 2DIAGNOSTIC,     8, -7.130511349588e-01, 1.797693134862e+308, 8.9970e+00, 6.1372e-02, 
 2DIAGNOSTIC,     9, -7.129463907455e-01, 1.797693134862e+308, 9.0381e+00, 4.1149e-02, 
 2DIAGNOSTIC,    10, -7.131667904477e-01, 3.194329614497e-03, 9.0697e+00, 3.1593e-02, 
 2DIAGNOSTIC,    11, -7.132318364295e-01, 2.585466955328e-03, 9.1014e+00, 3.1715e-02, 
 2DIAGNOSTIC,    12, -7.140693717191e-01, 1.935655280057e-03, 9.1330e+00, 3.1561e-02, 
 2DIAGNOSTIC,    13, -7.146798483228e-01, 1.323414126034e-03, 9.1645e+00, 3.1450e-02, 
 2DIAGNOSTIC,    14, -7.154929125444e-01, 8.280486814914e-04, 9.2009e+00, 3.6430e-02, 
 2DIAGNOSTIC,    15, -7.161982944810e-01, 4.795117196756e-04, 9.2324e+00, 3.1539e-02, 
 2DIAGNOSTIC,    16, -7.167036582868e-01, 3.082662252487e-04, 9.2643e+00, 3.1893e-02, 
 2DIAGNOSTIC,    17, -7.172643045518e-01, 2.569608173401e-04, 9.2960e+00, 3.1701e-02, 
 2DIAGNOSTIC,    18, -7.181619946516e-01, 2.777560401797e-04, 9.3277e+00, 3.1709e-02, 
 2DIAGNOSTIC,    19, -7.196259036291e-01, 2.990197879310e-04, 9.3697e+00, 4.1998e-02, 
 2DIAGNOSTIC,    20, -7.202059206499e-01, 3.061471205166e-04, 9.4167e+00, 4.7022e-02, 
 2DIAGNOSTIC,    21, -7.204510514236e-01, 2.901339359304e-04, 9.4744e+00, 5.7662e-02, 
 2DIAGNOSTIC,    22, -7.205219588076e-01, 2.654450149665e-04, 9.5072e+00, 3.2812e-02, 
 2DIAGNOSTIC,    23, -7.206760294639e-01, 2.312256523794e-04, 9.5392e+00, 3.1968e-02, 
 2DIAGNOSTIC,    24, -7.208769560459e-01, 1.946863411064e-04, 9.5709e+00, 3.1682e-02, 
 2DIAGNOSTIC,    25, -7.210659668253e-01, 1.570740356088e-04, 9.6071e+00, 3.6226e-02, 
 2DIAGNOSTIC,    26, -7.211126588509e-01, 1.164115621258e-04, 9.6386e+00, 3.1482e-02, 
 2DIAGNOSTIC,    27, -7.211493671792e-01, 7.683581688436e-05, 9.6754e+00, 3.6849e-02, 
 2DIAGNOSTIC,    28, -7.212060983425e-01, 4.614076773024e-05, 9.7073e+00, 3.1873e-02, 
 2DIAGNOSTIC,    29, -7.211182631385e-01, 3.203117986508e-05, 9.7440e+00, 3.6653e-02, 
 2DIAGNOSTIC,    30, -7.211771456191e-01, 2.439113573423e-05, 9.7809e+00, 3.6969e-02, 
 2DIAGNOSTIC,    31, -7.211942788541e-01, 1.841139556724e-05, 9.8177e+00, 3.6751e-02, 
 2DIAGNOSTIC,    32, -7.213207506056e-01, 1.360770154322e-05, 9.8497e+00, 3.2076e-02, 
 2DIAGNOSTIC,    33, -7.213536659094e-01, 1.008899455777e-05, 9.8869e+00, 3.7200e-02, 
 2DIAGNOSTIC,    34, -7.217119515631e-01, 1.243659170060e-05, 9.9245e+00, 3.7600e-02, 
 2DIAGNOSTIC,    35, -7.216468728154e-01, 1.487027045531e-05, 9.9670e+00, 4.2418e-02, 
 2DIAGNOSTIC,    36, -7.215682675251e-01, 1.553160025516e-05, 1.0010e+01, 4.2663e-02, 
 2DIAGNOSTIC,    37, -7.214806435743e-01, 1.425160931787e-05, 1.0057e+01, 4.7582e-02, 
 2DIAGNOSTIC,    38, -7.214817731216e-01, 1.238804236789e-05, 1.0089e+01, 3.2240e-02, 
 2DIAGNOSTIC,    39, -7.215076061406e-01, 8.810280053371e-06, 1.0127e+01, 3.7453e-02, 
 2DIAGNOSTIC,    40, -7.214736662301e-01, 4.894151002157e-06, 1.0159e+01, 3.2013e-02, 
DIAGNOSTIC,Iteration,metricValue,convergenceValue,ITERATION_TIME_INDEX,SINCE_LAST
 2DIAGNOSTIC,     1, -6.391880126663e-01, 1.797693134862e+308, 1.9269e+01, 9.1105e+00, 
 2DIAGNOSTIC,     2, -6.403129381238e-01, 1.797693134862e+308, 1.9368e+01, 9.8729e-02, 
 2DIAGNOSTIC,     3, -6.417128579835e-01, 1.797693134862e+308, 1.9451e+01, 8.2394e-02, 
 2DIAGNOSTIC,     4, -6.424082995452e-01, 1.797693134862e+308, 1.9534e+01, 8.3912e-02, 
 2DIAGNOSTIC,     5, -6.430130209229e-01, 1.797693134862e+308, 1.9618e+01, 8.3209e-02, 
 2DIAGNOSTIC,     6, -6.434715828508e-01, 1.797693134862e+308, 1.9712e+01, 9.4420e-02, 
 2DIAGNOSTIC,     7, -6.440545672016e-01, 1.797693134862e+308, 1.9818e+01, 1.0632e-01, 
 2DIAGNOSTIC,     8, -6.442895605597e-01, 1.797693134862e+308, 1.9989e+01, 1.7077e-01, 
 2DIAGNOSTIC,     9, -6.442952871782e-01, 1.797693134862e+308, 2.0082e+01, 9.3239e-02, 
 2DIAGNOSTIC,    10, -6.443025516002e-01, 5.005331547233e-04, 2.0163e+01, 8.1035e-02, 
 2DIAGNOSTIC,    11, -6.443042850512e-01, 3.353156371822e-04, 2.0246e+01, 8.2118e-02, 
 2DIAGNOSTIC,    12, -6.443350103061e-01, 2.091991807655e-04, 2.0327e+01, 8.1447e-02, 
 2DIAGNOSTIC,    13, -6.441374572076e-01, 1.243455579930e-04, 2.0408e+01, 8.1267e-02, 
 2DIAGNOSTIC,    14, -6.442042408463e-01, 6.470796657573e-05, 2.0489e+01, 8.0928e-02, 
 2DIAGNOSTIC,    15, -6.442714680041e-01, 2.694525335434e-05, 2.0584e+01, 9.4355e-02, 
 2DIAGNOSTIC,    16, -6.441891796917e-01, 1.518987615523e-06, 2.0678e+01, 9.4657e-02, 
DIAGNOSTIC,Iteration,metricValue,convergenceValue,ITERATION_TIME_INDEX,SINCE_LAST
 2DIAGNOSTIC,     1, -5.908334903168e-01, 1.797693134862e+308, 3.0219e+01, 9.5405e+00, 
 2DIAGNOSTIC,     2, -5.911734208837e-01, 1.797693134862e+308, 3.0739e+01, 5.2015e-01, 
 2DIAGNOSTIC,     3, -5.914426260341e-01, 1.797693134862e+308, 3.1271e+01, 5.3190e-01, 
 2DIAGNOSTIC,     4, -5.917400645109e-01, 1.797693134862e+308, 3.1793e+01, 5.2236e-01, 
 2DIAGNOSTIC,     5, -5.924662970553e-01, 1.797693134862e+308, 3.2318e+01, 5.2441e-01, 
 2DIAGNOSTIC,     6, -5.932449148635e-01, 1.797693134862e+308, 3.3195e+01, 8.7742e-01, 
 2DIAGNOSTIC,     7, -5.933278977819e-01, 1.797693134862e+308, 3.3729e+01, 5.3423e-01, 
 2DIAGNOSTIC,     8, -5.933292833113e-01, 1.797693134862e+308, 3.4354e+01, 6.2476e-01, 
 2DIAGNOSTIC,     9, -5.933672089216e-01, 1.797693134862e+308, 3.5126e+01, 7.7242e-01, 
 2DIAGNOSTIC,    10, -5.933670138545e-01, 3.219475802246e-04, 3.6131e+01, 1.0045e+00, 
 2DIAGNOSTIC,    11, -5.933675400109e-01, 2.398639787881e-04, 3.6727e+01, 5.9606e-01, 
 2DIAGNOSTIC,    12, -5.933664595568e-01, 1.639361648168e-04, 3.7326e+01, 5.9958e-01, 
 2DIAGNOSTIC,    13, -5.933628727322e-01, 9.540195212260e-05, 3.7851e+01, 5.2460e-01, 
 2DIAGNOSTIC,    14, -5.933614025096e-01, 3.800058174408e-05, 3.8456e+01, 6.0511e-01, 
 2DIAGNOSTIC,    15, -5.933556274539e-01, 7.343110013797e-06, 3.8981e+01, 5.2441e-01, 
 2DIAGNOSTIC,    16, -5.933566225819e-01, 3.354950513151e-06, 3.9582e+01, 6.0141e-01, 
 2DIAGNOSTIC,    17, -5.933516120602e-01, 1.918809100186e-06, 4.0185e+01, 6.0264e-01, 
DIAGNOSTIC,Iteration,metricValue,convergenceValue,ITERATION_TIME_INDEX,SINCE_LAST
 2DIAGNOSTIC,     1, -5.196641681376e-01, 1.797693134862e+308, 5.4173e+01, 1.3989e+01, 
 2DIAGNOSTIC,     2, -5.198087560754e-01, 1.797693134862e+308, 5.8612e+01, 4.4390e+00, 
 2DIAGNOSTIC,     3, -5.198809287496e-01, 1.797693134862e+308, 6.3009e+01, 4.3971e+00, 
 2DIAGNOSTIC,     4, -5.199640069430e-01, 1.797693134862e+308, 6.7962e+01, 4.9531e+00, 
 2DIAGNOSTIC,     5, -5.199755056727e-01, 1.797693134862e+308, 7.3495e+01, 5.5324e+00, 
 2DIAGNOSTIC,     6, -5.199757040425e-01, 1.797693134862e+308, 7.7860e+01, 4.3652e+00, 
 2DIAGNOSTIC,     7, -5.199845995098e-01, 1.797693134862e+308, 8.2310e+01, 4.4503e+00, 
 2DIAGNOSTIC,     8, -5.200036025812e-01, 1.797693134862e+308, 8.6756e+01, 4.4453e+00, 
 2DIAGNOSTIC,     9, -5.200312674085e-01, 1.797693134862e+308, 9.1531e+01, 4.7751e+00, 
 2DIAGNOSTIC,    10, -5.200611088922e-01, 4.074014876723e-05, 9.7448e+01, 5.9172e+00, 
 2DIAGNOSTIC,    11, -5.200618432916e-01, 2.636158224649e-05, 1.0263e+02, 5.1864e+00, 
 2DIAGNOSTIC,    12, -5.200693658806e-01, 1.918999649994e-05, 1.0848e+02, 5.8507e+00, 
 2DIAGNOSTIC,    13, -5.200638400409e-01, 1.432922145800e-05, 1.1371e+02, 5.2291e+00, 
 2DIAGNOSTIC,    14, -5.200660904175e-01, 1.239282356691e-05, 1.1957e+02, 5.8559e+00, 
 2DIAGNOSTIC,    15, -5.200742074750e-01, 1.049795917542e-05, 1.2680e+02, 7.2320e+00, 
 2DIAGNOSTIC,    16, -5.200772934736e-01, 8.183234050774e-06, 1.3200e+02, 5.1943e+00, 
 2DIAGNOSTIC,    17, -5.200733668692e-01, 5.737181971520e-06, 1.3715e+02, 5.1510e+00, 
 2DIAGNOSTIC,    18, -5.200728216950e-01, 3.763773708809e-06, 1.4302e+02, 5.8706e+00, 
 2DIAGNOSTIC,    19, -5.200726055117e-01, 2.581055096054e-06, 1.4904e+02, 6.0243e+00, 
 2DIAGNOSTIC,    20, -5.200712143657e-01, 2.203256532406e-06, 1.5440e+02, 5.3622e+00, 
 2DIAGNOSTIC,    21, -5.200710463185e-01, 1.811699073803e-06, 1.5968e+02, 5.2744e+00, 
 2DIAGNOSTIC,    22, -5.200709754603e-01, 1.622083469661e-06, 1.6427e+02, 4.5887e+00, 
 2DIAGNOSTIC,    23, -5.200708428328e-01, 1.300067617352e-06, 1.6949e+02, 5.2228e+00, 
  Elapsed time (stage 1): 1.7429e+02


Stage 2
  iterations = 100x100x70x50x20
  convergence threshold = 1.0000e-06
  convergence window size = 10
  number of levels = 5
  using the CC metric (radius = 4, weight = 1.0000e+00)
  preprocessing:  winsorizing the image intensities
  Shrink factors (level 1 out of 5): [10, 10, 10]
  Shrink factors (level 2 out of 5): [6, 6, 6]
  Shrink factors (level 3 out of 5): [4, 4, 4]
  Shrink factors (level 4 out of 5): [2, 2, 2]
  Shrink factors (level 5 out of 5): [1, 1, 1]
  smoothing sigmas per level: [5, 3, 2, 1, 0]
  Using default NONE metricSamplingStrategy 

*** Running SyN registration (varianceForUpdateField = 3.0000e+00, varianceForTotalField = 0.0000e+00) ***

XXDIAGNOSTIC,Iteration,metricValue,convergenceValue,ITERATION_TIME_INDEX,SINCE_LAST
 1DIAGNOSTIC,     1, -4.646232598556e-01, 1.797693134862e+308, 1.0441e+01, 1.0441e+01, 
 1DIAGNOSTIC,     2, -4.715378121665e-01, 1.797693134862e+308, 1.2058e+01, 1.6170e+00, 
 1DIAGNOSTIC,     3, -4.776680593367e-01, 1.797693134862e+308, 1.3671e+01, 1.6129e+00, 
 1DIAGNOSTIC,     4, -4.827436251395e-01, 1.797693134862e+308, 1.5276e+01, 1.6052e+00, 
 1DIAGNOSTIC,     5, -4.869285805272e-01, 1.797693134862e+308, 1.6891e+01, 1.6152e+00, 
 1DIAGNOSTIC,     6, -4.905944088343e-01, 1.797693134862e+308, 1.8503e+01, 1.6118e+00, 
 1DIAGNOSTIC,     7, -4.937144319184e-01, 1.797693134862e+308, 2.0123e+01, 1.6204e+00, 
 1DIAGNOSTIC,     8, -4.963849820537e-01, 1.797693134862e+308, 2.1749e+01, 1.6257e+00, 
 1DIAGNOSTIC,     9, -4.987707717458e-01, 1.797693134862e+308, 2.3428e+01, 1.6787e+00, 
 1DIAGNOSTIC,    10, -5.009407752102e-01, 4.618011090160e-03, 2.5095e+01, 1.6672e+00, 
 1DIAGNOSTIC,    11, -5.028949635542e-01, 3.597174717438e-03, 2.6751e+01, 1.6561e+00, 
 1DIAGNOSTIC,    12, -5.046969024650e-01, 2.845484942363e-03, 2.8436e+01, 1.6850e+00, 
 1DIAGNOSTIC,    13, -5.065253517545e-01, 2.306643960369e-03, 3.0114e+01, 1.6782e+00, 
 1DIAGNOSTIC,    14, -5.080371131745e-01, 1.906424886337e-03, 3.1790e+01, 1.6753e+00, 
 1DIAGNOSTIC,    15, -5.096096469572e-01, 1.606068378565e-03, 3.3485e+01, 1.6950e+00, 
 1DIAGNOSTIC,    16, -5.109143746410e-01, 1.373864898590e-03, 3.5173e+01, 1.6883e+00, 
 1DIAGNOSTIC,    17, -5.122131989025e-01, 1.191108017004e-03, 3.6859e+01, 1.6861e+00, 
 1DIAGNOSTIC,    18, -5.133848984697e-01, 1.040224062260e-03, 3.8528e+01, 1.6688e+00, 
 1DIAGNOSTIC,    19, -5.144739608382e-01, 9.128109627522e-04, 4.0196e+01, 1.6677e+00, 
 1DIAGNOSTIC,    20, -5.155741821287e-01, 8.061903205780e-04, 4.1848e+01, 1.6521e+00, 
 1DIAGNOSTIC,    21, -5.166348263683e-01, 7.159369242607e-04, 4.3527e+01, 1.6796e+00, 
 1DIAGNOSTIC,    22, -5.175231681008e-01, 6.360461746024e-04, 4.5206e+01, 1.6786e+00, 
 1DIAGNOSTIC,    23, -5.183848970874e-01, 5.697636633027e-04, 4.6876e+01, 1.6699e+00, 
 1DIAGNOSTIC,    24, -5.191693886902e-01, 5.094461104396e-04, 4.8551e+01, 1.6755e+00, 
 1DIAGNOSTIC,    25, -5.199356168734e-01, 4.587895207341e-04, 5.0256e+01, 1.7042e+00, 
 1DIAGNOSTIC,    26, -5.207108939875e-01, 4.137518443387e-04, 5.1961e+01, 1.7057e+00, 
 1DIAGNOSTIC,    27, -5.214410837241e-01, 3.752372599816e-04, 5.3642e+01, 1.6810e+00, 
 1DIAGNOSTIC,    28, -5.220510077742e-01, 3.397727096544e-04, 5.5342e+01, 1.6999e+00, 
 1DIAGNOSTIC,    29, -5.227623717536e-01, 3.094532606341e-04, 5.7047e+01, 1.7048e+00, 
 1DIAGNOSTIC,    30, -5.232864826707e-01, 2.820615891526e-04, 5.8731e+01, 1.6839e+00, 
 1DIAGNOSTIC,    31, -5.238455891394e-01, 2.589502612893e-04, 6.0411e+01, 1.6801e+00, 
 1DIAGNOSTIC,    32, -5.243781652748e-01, 2.375021077440e-04, 6.2086e+01, 1.6751e+00, 
 1DIAGNOSTIC,    33, -5.248757912381e-01, 2.177920761890e-04, 6.3781e+01, 1.6950e+00, 
 1DIAGNOSTIC,    34, -5.253245843938e-01, 1.987611129126e-04, 6.5466e+01, 1.6845e+00, 
 1DIAGNOSTIC,    35, -5.257219236452e-01, 1.804213588713e-04, 6.7175e+01, 1.7090e+00, 
 1DIAGNOSTIC,    36, -5.261965407058e-01, 1.652691803641e-04, 6.8876e+01, 1.7012e+00, 
 1DIAGNOSTIC,    37, -5.266502150751e-01, 1.529671602503e-04, 7.0562e+01, 1.6859e+00, 
 1DIAGNOSTIC,    38, -5.270980181766e-01, 1.421193478482e-04, 7.2247e+01, 1.6848e+00, 
 1DIAGNOSTIC,    39, -5.275876735379e-01, 1.354038894142e-04, 7.3925e+01, 1.6782e+00, 
 1DIAGNOSTIC,    40, -5.279518611393e-01, 1.283928948795e-04, 7.5591e+01, 1.6666e+00, 
 1DIAGNOSTIC,    41, -5.283363016942e-01, 1.222272174064e-04, 7.7286e+01, 1.6950e+00, 
 1DIAGNOSTIC,    42, -5.286222776345e-01, 1.154478813303e-04, 7.8997e+01, 1.7107e+00, 
 1DIAGNOSTIC,    43, -5.289195292752e-01, 1.081933962740e-04, 8.0671e+01, 1.6735e+00, 
 1DIAGNOSTIC,    44, -5.293807921384e-01, 1.023855579838e-04, 8.2403e+01, 1.7329e+00, 
 1DIAGNOSTIC,    45, -5.295621461162e-01, 9.407194340762e-05, 8.4104e+01, 1.7006e+00, 
 1DIAGNOSTIC,    46, -5.299125061817e-01, 8.710017705330e-05, 8.5803e+01, 1.6994e+00, 
 1DIAGNOSTIC,    47, -5.303758569481e-01, 8.286768342751e-05, 8.7613e+01, 1.8096e+00, 
 1DIAGNOSTIC,    48, -5.305709356423e-01, 7.816237925455e-05, 8.9375e+01, 1.7621e+00, 
 1DIAGNOSTIC,    49, -5.309220943749e-01, 7.566519394250e-05, 9.1089e+01, 1.7143e+00, 
 1DIAGNOSTIC,    50, -5.312689328825e-01, 7.384299802131e-05, 9.2812e+01, 1.7223e+00, 
 1DIAGNOSTIC,    51, -5.314020670553e-01, 7.059749269097e-05, 9.4505e+01, 1.6929e+00, 
 1DIAGNOSTIC,    52, -5.318014663651e-01, 6.800521643025e-05, 9.6201e+01, 1.6968e+00, 
 1DIAGNOSTIC,    53, -5.319988805862e-01, 6.403317457115e-05, 9.7960e+01, 1.7590e+00, 
 1DIAGNOSTIC,    54, -5.322130493875e-01, 6.102058857280e-05, 9.9688e+01, 1.7271e+00, 
 1DIAGNOSTIC,    55, -5.324054615297e-01, 5.600296585678e-05, 1.0140e+02, 1.7167e+00, 
 1DIAGNOSTIC,    56, -5.326332827012e-01, 5.143509559810e-05, 1.0310e+02, 1.6990e+00, 
 1DIAGNOSTIC,    57, -5.327532565731e-01, 4.773604669111e-05, 1.0481e+02, 1.7094e+00, 
 1DIAGNOSTIC,    58, -5.330665205543e-01, 4.439049017858e-05, 1.0653e+02, 1.7150e+00, 
 1DIAGNOSTIC,    59, -5.333066797205e-01, 4.235757346201e-05, 1.0827e+02, 1.7420e+00, 
 1DIAGNOSTIC,    60, -5.334906494339e-01, 4.121800199655e-05, 1.0999e+02, 1.7181e+00, 
 1DIAGNOSTIC,    61, -5.337892533210e-01, 4.002007678998e-05, 1.1169e+02, 1.7037e+00, 
 1DIAGNOSTIC,    62, -5.340501903550e-01, 4.085095223406e-05, 1.1340e+02, 1.7123e+00, 
 1DIAGNOSTIC,    63, -5.342598099025e-01, 4.125170568665e-05, 1.1511e+02, 1.7084e+00, 
 1DIAGNOSTIC,    64, -5.344362579887e-01, 4.102443674551e-05, 1.1684e+02, 1.7327e+00, 
 1DIAGNOSTIC,    65, -5.345627679231e-01, 3.956403595316e-05, 1.1857e+02, 1.7237e+00, 
 1DIAGNOSTIC,    66, -5.347576844060e-01, 3.789117022682e-05, 1.2029e+02, 1.7243e+00, 
 1DIAGNOSTIC,    67, -5.348846593605e-01, 3.459917574618e-05, 1.2199e+02, 1.7017e+00, 
 1DIAGNOSTIC,    68, -5.350491396480e-01, 3.193091906899e-05, 1.2372e+02, 1.7218e+00, 
 1DIAGNOSTIC,    69, -5.351314295590e-01, 2.885451062817e-05, 1.2541e+02, 1.6974e+00, 
 1DIAGNOSTIC,    70, -5.352970034443e-01, 2.583307500839e-05, 1.2713e+02, 1.7133e+00, 
 1DIAGNOSTIC,    71, -5.354273860556e-01, 2.369874867127e-05, 1.2881e+02, 1.6870e+00, 
 1DIAGNOSTIC,    72, -5.357016900059e-01, 2.340183840965e-05, 1.3052e+02, 1.7017e+00, 
 1DIAGNOSTIC,    73, -5.358226008358e-01, 2.331633472868e-05, 1.3223e+02, 1.7161e+00, 
 1DIAGNOSTIC,    74, -5.360200612098e-01, 2.378594966879e-05, 1.3395e+02, 1.7139e+00, 
 1DIAGNOSTIC,    75, -5.362106206250e-01, 2.426272780561e-05, 1.3565e+02, 1.7015e+00, 
 1DIAGNOSTIC,    76, -5.363413103156e-01, 2.472601466579e-05, 1.3736e+02, 1.7135e+00, 
 1DIAGNOSTIC,    77, -5.364345069223e-01, 2.435673628901e-05, 1.3907e+02, 1.7053e+00, 
 1DIAGNOSTIC,    78, -5.364853821209e-01, 2.319140062533e-05, 1.4077e+02, 1.7074e+00, 
 1DIAGNOSTIC,    79, -5.366249540067e-01, 2.137793721294e-05, 1.4246e+02, 1.6910e+00, 
 1DIAGNOSTIC,    80, -5.367380454385e-01, 1.945110118050e-05, 1.4416e+02, 1.6970e+00, 
 1DIAGNOSTIC,    81, -5.367623803632e-01, 1.672563632999e-05, 1.4587e+02, 1.7069e+00, 
 1DIAGNOSTIC,    82, -5.368741040030e-01, 1.507155586588e-05, 1.4757e+02, 1.7020e+00, 
 1DIAGNOSTIC,    83, -5.369636532108e-01, 1.339385526852e-05, 1.4927e+02, 1.7016e+00, 
 1DIAGNOSTIC,    84, -5.370360012602e-01, 1.220789215112e-05, 1.5099e+02, 1.7179e+00, 
 1DIAGNOSTIC,    85, -5.371121212695e-01, 1.159169213671e-05, 1.5270e+02, 1.7074e+00, 
 1DIAGNOSTIC,    86, -5.371710510635e-01, 1.109965146351e-05, 1.5441e+02, 1.7150e+00, 
 1DIAGNOSTIC,    87, -5.373056120345e-01, 1.100624105272e-05, 1.5611e+02, 1.6966e+00, 
 1DIAGNOSTIC,    88, -5.373315551885e-01, 1.032222393595e-05, 1.5781e+02, 1.6977e+00, 
 1DIAGNOSTIC,    89, -5.373983075865e-01, 9.943568759057e-06, 1.5951e+02, 1.6999e+00, 
 1DIAGNOSTIC,    90, -5.374562112393e-01, 9.684306495662e-06, 1.6120e+02, 1.6986e+00, 
 1DIAGNOSTIC,    91, -5.375532729896e-01, 9.234360365545e-06, 1.6292e+02, 1.7199e+00, 
 1DIAGNOSTIC,    92, -5.376171937052e-01, 8.947805276648e-06, 1.6465e+02, 1.7269e+00, 
 1DIAGNOSTIC,    93, -5.376930542274e-01, 8.794378833943e-06, 1.6636e+02, 1.7071e+00, 
 1DIAGNOSTIC,    94, -5.377509407666e-01, 8.575436390627e-06, 1.6807e+02, 1.7107e+00, 
 1DIAGNOSTIC,    95, -5.378218584631e-01, 8.398578894063e-06, 1.6978e+02, 1.7055e+00, 
 1DIAGNOSTIC,    96, -5.378529882187e-01, 7.928084681414e-06, 1.7148e+02, 1.7050e+00, 
 1DIAGNOSTIC,    97, -5.379717558483e-01, 8.148887227607e-06, 1.7318e+02, 1.6988e+00, 
 1DIAGNOSTIC,    98, -5.379408820809e-01, 7.563743443703e-06, 1.7486e+02, 1.6783e+00, 
 1DIAGNOSTIC,    99, -5.380538521513e-01, 7.283701116309e-06, 1.7655e+02, 1.6956e+00, 
 1DIAGNOSTIC,   100, -5.380276393071e-01, 6.486171008633e-06, 1.7826e+02, 1.7037e+00, 
XXDIAGNOSTIC,Iteration,metricValue,convergenceValue,ITERATION_TIME_INDEX,SINCE_LAST
 1DIAGNOSTIC,     1, -4.482300408920e-01, 1.797693134862e+308, 1.9612e+02, 1.7861e+01, 
 1DIAGNOSTIC,     2, -4.553516111766e-01, 1.797693134862e+308, 2.0484e+02, 8.7192e+00, 
 1DIAGNOSTIC,     3, -4.604626892864e-01, 1.797693134862e+308, 2.1349e+02, 8.6495e+00, 
 1DIAGNOSTIC,     4, -4.649405857648e-01, 1.797693134862e+308, 2.2228e+02, 8.7968e+00, 
 1DIAGNOSTIC,     5, -4.685528902551e-01, 1.797693134862e+308, 2.3088e+02, 8.5982e+00, 
 1DIAGNOSTIC,     6, -4.718961656569e-01, 1.797693134862e+308, 2.3958e+02, 8.7031e+00, 
 1DIAGNOSTIC,     7, -4.748669547953e-01, 1.797693134862e+308, 2.4856e+02, 8.9783e+00, 
 1DIAGNOSTIC,     8, -4.774089888049e-01, 1.797693134862e+308, 2.5748e+02, 8.9185e+00, 
 1DIAGNOSTIC,     9, -4.795000594042e-01, 1.797693134862e+308, 2.6586e+02, 8.3820e+00, 
 1DIAGNOSTIC,    10, -4.811892186926e-01, 4.321213923463e-03, 2.7451e+02, 8.6434e+00, 
 1DIAGNOSTIC,    11, -4.826564160648e-01, 3.318707228836e-03, 2.8309e+02, 8.5883e+00, 
 1DIAGNOSTIC,    12, -4.839787683962e-01, 2.610544558310e-03, 2.9174e+02, 8.6499e+00, 
 1DIAGNOSTIC,    13, -4.854093103624e-01, 2.077918995593e-03, 3.0042e+02, 8.6806e+00, 
 1DIAGNOSTIC,    14, -4.865928899080e-01, 1.675165777214e-03, 3.0912e+02, 8.6924e+00, 
 1DIAGNOSTIC,    15, -4.877745705888e-01, 1.364377108630e-03, 3.1781e+02, 8.6958e+00, 
 1DIAGNOSTIC,    16, -4.887373872424e-01, 1.127797090345e-03, 3.2654e+02, 8.7281e+00, 
 1DIAGNOSTIC,    17, -4.897430971652e-01, 9.543325318477e-04, 3.3526e+02, 8.7184e+00, 
 1DIAGNOSTIC,    18, -4.903804896445e-01, 8.165672452508e-04, 3.4396e+02, 8.7042e+00, 
 1DIAGNOSTIC,    19, -4.912983129624e-01, 7.116265460159e-04, 3.5230e+02, 8.3404e+00, 
 1DIAGNOSTIC,    20, -4.919778403036e-01, 6.209917570931e-04, 3.6025e+02, 7.9413e+00, 
 1DIAGNOSTIC,    21, -4.928269885730e-01, 5.463757771596e-04, 3.6818e+02, 7.9390e+00, 
 1DIAGNOSTIC,    22, -4.933328500917e-01, 4.763235097228e-04, 3.7614e+02, 7.9519e+00, 
 1DIAGNOSTIC,    23, -4.938617051468e-01, 4.181903691638e-04, 3.8416e+02, 8.0251e+00, 
 1DIAGNOSTIC,    24, -4.943859116702e-01, 3.675457711240e-04, 3.9218e+02, 8.0167e+00, 
 1DIAGNOSTIC,    25, -4.948850576927e-01, 3.258570640093e-04, 4.0038e+02, 8.2064e+00, 
 1DIAGNOSTIC,    26, -4.954283981692e-01, 2.905828998965e-04, 4.0832e+02, 7.9348e+00, 
 1DIAGNOSTIC,    27, -4.959116292925e-01, 2.630216689038e-04, 4.1625e+02, 7.9320e+00, 
 1DIAGNOSTIC,    28, -4.963027953345e-01, 2.340908365095e-04, 4.2420e+02, 7.9489e+00, 
 1DIAGNOSTIC,    29, -4.967167140261e-01, 2.120266001563e-04, 4.3213e+02, 7.9320e+00, 
 1DIAGNOSTIC,    30, -4.970304443414e-01, 1.905813018096e-04, 4.4012e+02, 7.9873e+00, 
 1DIAGNOSTIC,    31, -4.974564239185e-01, 1.765855780273e-04, 4.4805e+02, 7.9351e+00, 
 1DIAGNOSTIC,    32, -4.978020240277e-01, 1.622138648736e-04, 4.5609e+02, 8.0360e+00, 
 1DIAGNOSTIC,    33, -4.981882876742e-01, 1.495327077431e-04, 4.6423e+02, 8.1371e+00, 
 1DIAGNOSTIC,    34, -4.985758526150e-01, 1.390616226097e-04, 4.7225e+02, 8.0213e+00, 
 1DIAGNOSTIC,    35, -4.988147609682e-01, 1.282166744372e-04, 4.8026e+02, 8.0153e+00, 
 1DIAGNOSTIC,    36, -4.990447009463e-01, 1.183216533769e-04, 4.8834e+02, 8.0742e+00, 
 1DIAGNOSTIC,    37, -4.993743844413e-01, 1.105250731404e-04, 4.9638e+02, 8.0434e+00, 
 1DIAGNOSTIC,    38, -4.995968484743e-01, 1.019371833109e-04, 5.0445e+02, 8.0684e+00, 
 1DIAGNOSTIC,    39, -4.999048532069e-01, 9.488482872583e-05, 5.1246e+02, 8.0105e+00, 
 1DIAGNOSTIC,    40, -5.000655940842e-01, 8.601588095143e-05, 5.2053e+02, 8.0654e+00, 
 1DIAGNOSTIC,    41, -5.003134816589e-01, 7.900807240283e-05, 5.2853e+02, 8.0080e+00, 
 1DIAGNOSTIC,    42, -5.005246523547e-01, 7.245906399106e-05, 5.3655e+02, 8.0185e+00, 
 1DIAGNOSTIC,    43, -5.007009856081e-01, 6.684061476711e-05, 5.4464e+02, 8.0848e+00, 
 1DIAGNOSTIC,    44, -5.008168221809e-01, 6.177354333526e-05, 5.5266e+02, 8.0193e+00, 
 1DIAGNOSTIC,    45, -5.010691735188e-01, 5.742773100066e-05, 5.6071e+02, 8.0496e+00, 
 1DIAGNOSTIC,    46, -5.012993169965e-01, 5.353228897843e-05, 5.6871e+02, 8.0046e+00, 
 1DIAGNOSTIC,    47, -5.014561504926e-01, 5.067725121777e-05, 5.7674e+02, 8.0262e+00, 
 1DIAGNOSTIC,    48, -5.016132404764e-01, 4.769116482426e-05, 5.8475e+02, 8.0134e+00, 
 1DIAGNOSTIC,    49, -5.018158541128e-01, 4.636412436786e-05, 5.9277e+02, 8.0149e+00, 
 1DIAGNOSTIC,    50, -5.020206331032e-01, 4.485085975155e-05, 6.0078e+02, 8.0111e+00, 
 1DIAGNOSTIC,    51, -5.021163761248e-01, 4.297132691363e-05, 6.0893e+02, 8.1581e+00, 
 1DIAGNOSTIC,    52, -5.023315953245e-01, 4.184841383310e-05, 6.1697e+02, 8.0306e+00, 
 1DIAGNOSTIC,    53, -5.023886287994e-01, 3.933959459164e-05, 6.2499e+02, 8.0269e+00, 
 1DIAGNOSTIC,    54, -5.025742352776e-01, 3.639504402044e-05, 6.3306e+02, 8.0644e+00, 
 1DIAGNOSTIC,    55, -5.027433153678e-01, 3.447354071160e-05, 6.4102e+02, 7.9667e+00, 
 1DIAGNOSTIC,    56, -5.027549252657e-01, 3.182161498121e-05, 6.4905e+02, 8.0238e+00, 
 1DIAGNOSTIC,    57, -5.029646524006e-01, 2.999855646817e-05, 6.5699e+02, 7.9425e+00, 
 1DIAGNOSTIC,    58, -5.030747643516e-01, 2.800015994103e-05, 6.6498e+02, 7.9932e+00, 
 1DIAGNOSTIC,    59, -5.032169244265e-01, 2.675298550801e-05, 6.7306e+02, 8.0752e+00, 
 1DIAGNOSTIC,    60, -5.032134479048e-01, 2.494529906195e-05, 6.8115e+02, 8.0963e+00, 
 1DIAGNOSTIC,    61, -5.034084623453e-01, 2.359704211280e-05, 6.8919e+02, 8.0322e+00, 
 1DIAGNOSTIC,    62, -5.034509336409e-01, 2.243531969058e-05, 6.9724e+02, 8.0543e+00, 
 1DIAGNOSTIC,    63, -5.036022137401e-01, 2.106180194461e-05, 7.0529e+02, 8.0527e+00, 
 1DIAGNOSTIC,    64, -5.036406180635e-01, 1.972963302209e-05, 7.1331e+02, 8.0121e+00, 
 1DIAGNOSTIC,    65, -5.038204953975e-01, 1.971945161159e-05, 7.2137e+02, 8.0647e+00, 
 1DIAGNOSTIC,    66, -5.038675847835e-01, 1.830101005950e-05, 7.2944e+02, 8.0702e+00, 
 1DIAGNOSTIC,    67, -5.040175416432e-01, 1.828405144746e-05, 7.3750e+02, 8.0592e+00, 
 1DIAGNOSTIC,    68, -5.040405154525e-01, 1.764063217374e-05, 7.4560e+02, 8.0974e+00, 
 1DIAGNOSTIC,    69, -5.041360804086e-01, 1.737149563599e-05, 7.5372e+02, 8.1218e+00, 
 1DIAGNOSTIC,    70, -5.041922513084e-01, 1.586505850946e-05, 7.6178e+02, 8.0619e+00, 
 1DIAGNOSTIC,    71, -5.043344488806e-01, 1.564169250187e-05, 7.6975e+02, 7.9703e+00, 
 1DIAGNOSTIC,    72, -5.044166400514e-01, 1.491153053574e-05, 7.7770e+02, 7.9451e+00, 
 1DIAGNOSTIC,    73, -5.045717298467e-01, 1.522588750999e-05, 7.8565e+02, 7.9522e+00, 
 1DIAGNOSTIC,    74, -5.044369190748e-01, 1.331680427618e-05, 7.9365e+02, 8.0016e+00, 
 1DIAGNOSTIC,    75, -5.047040078204e-01, 1.368731713153e-05, 8.0161e+02, 7.9635e+00, 
 1DIAGNOSTIC,    76, -5.046779807208e-01, 1.283639367890e-05, 8.0961e+02, 7.9976e+00, 
 1DIAGNOSTIC,    77, -5.047202070546e-01, 1.224844884879e-05, 8.1759e+02, 7.9768e+00, 
 1DIAGNOSTIC,    78, -5.048097377434e-01, 1.136706506794e-05, 8.2558e+02, 7.9930e+00, 
 1DIAGNOSTIC,    79, -5.049237448384e-01, 1.097105022160e-05, 8.3353e+02, 7.9489e+00, 
 1DIAGNOSTIC,    80, -5.048709522274e-01, 9.546889426842e-06, 8.4151e+02, 7.9851e+00, 
 1DIAGNOSTIC,    81, -5.050576779064e-01, 9.611694441785e-06, 8.4946e+02, 7.9413e+00, 
 1DIAGNOSTIC,    82, -5.051372500292e-01, 9.868993112731e-06, 8.5742e+02, 7.9628e+00, 
 1DIAGNOSTIC,    83, -5.051780352390e-01, 1.058326323002e-05, 8.6541e+02, 7.9935e+00, 
 1DIAGNOSTIC,    84, -5.051276840934e-01, 8.987225137903e-06, 8.7340e+02, 7.9872e+00, 
 1DIAGNOSTIC,    85, -5.053164248548e-01, 9.710128456302e-06, 8.8135e+02, 7.9536e+00, 
 1DIAGNOSTIC,    86, -5.053835158455e-01, 9.742067907206e-06, 8.8937e+02, 8.0155e+00, 
 1DIAGNOSTIC,    87, -5.054716928703e-01, 9.695506625947e-06, 8.9738e+02, 8.0076e+00, 
 1DIAGNOSTIC,    88, -5.055152833759e-01, 9.613146327681e-06, 9.0533e+02, 7.9513e+00, 
 1DIAGNOSTIC,    89, -5.056569342705e-01, 1.032193655298e-05, 9.1327e+02, 7.9408e+00, 
 1DIAGNOSTIC,    90, -5.056544456538e-01, 9.642343079921e-06, 9.2129e+02, 8.0203e+00, 
 1DIAGNOSTIC,    91, -5.056280016966e-01, 9.073925651890e-06, 9.2928e+02, 7.9911e+00, 
 1DIAGNOSTIC,    92, -5.057523902781e-01, 8.958605391315e-06, 9.3726e+02, 7.9821e+00, 
 1DIAGNOSTIC,    93, -5.058122985810e-01, 8.628340089136e-06, 9.4520e+02, 7.9348e+00, 
 1DIAGNOSTIC,    94, -5.058093277369e-01, 7.140899711433e-06, 9.5316e+02, 7.9611e+00, 
 1DIAGNOSTIC,    95, -5.057254117380e-01, 5.672609960455e-06, 9.6109e+02, 7.9299e+00, 
 1DIAGNOSTIC,    96, -5.059121971873e-01, 5.253309180071e-06, 9.6904e+02, 7.9518e+00, 
 1DIAGNOSTIC,    97, -5.059526117034e-01, 5.076548708526e-06, 9.7702e+02, 7.9782e+00, 
 1DIAGNOSTIC,    98, -5.059488334188e-01, 4.640042601272e-06, 9.8498e+02, 7.9647e+00, 
 1DIAGNOSTIC,    99, -5.060472881442e-01, 5.213509289512e-06, 9.9301e+02, 8.0309e+00, 
 1DIAGNOSTIC,   100, -5.060539372128e-01, 5.335992921181e-06, 1.0010e+03, 7.9644e+00, 
XXDIAGNOSTIC,Iteration,metricValue,convergenceValue,ITERATION_TIME_INDEX,SINCE_LAST
 1DIAGNOSTIC,     1, -4.755545040981e-01, 1.797693134862e+308, 1.0369e+03, 3.5916e+01, 
 1DIAGNOSTIC,     2, -4.777471155313e-01, 1.797693134862e+308, 1.0638e+03, 2.6914e+01, 
 1DIAGNOSTIC,     3, -4.797450123104e-01, 1.797693134862e+308, 1.0908e+03, 2.6974e+01, 
 1DIAGNOSTIC,     4, -4.816337700933e-01, 1.797693134862e+308, 1.1179e+03, 2.7147e+01, 
 1DIAGNOSTIC,     5, -4.833796400241e-01, 1.797693134862e+308, 1.1451e+03, 2.7222e+01, 
 1DIAGNOSTIC,     6, -4.847807809312e-01, 1.797693134862e+308, 1.1725e+03, 2.7370e+01, 
 1DIAGNOSTIC,     7, -4.860712418628e-01, 1.797693134862e+308, 1.1995e+03, 2.6969e+01, 
 1DIAGNOSTIC,     8, -4.872642049055e-01, 1.797693134862e+308, 1.2267e+03, 2.7208e+01, 
 1DIAGNOSTIC,     9, -4.882794880908e-01, 1.797693134862e+308, 1.2539e+03, 2.7181e+01, 
 1DIAGNOSTIC,    10, -4.891946013832e-01, 1.792040067297e-03, 1.2809e+03, 2.7054e+01, 
 1DIAGNOSTIC,    11, -4.899077266744e-01, 1.450149946137e-03, 1.3081e+03, 2.7135e+01, 
 1DIAGNOSTIC,    12, -4.906589303487e-01, 1.178529473227e-03, 1.3353e+03, 2.7226e+01, 
 1DIAGNOSTIC,    13, -4.912868886682e-01, 9.597215117082e-04, 1.3644e+03, 2.9147e+01, 
 1DIAGNOSTIC,    14, -4.919322728533e-01, 7.901285911858e-04, 1.3923e+03, 2.7908e+01, 
 1DIAGNOSTIC,    15, -4.924396108473e-01, 6.583660931234e-04, 1.4201e+03, 2.7772e+01, 
 1DIAGNOSTIC,    16, -4.931294967875e-01, 5.587037260410e-04, 1.4480e+03, 2.7879e+01, 
 1DIAGNOSTIC,    17, -4.936026284257e-01, 4.792883076061e-04, 1.4765e+03, 2.8495e+01, 
slurmstepd: error: *** JOB 6244920 ON wbic-csm-2 CANCELLED AT 2021-02-05T16:04:36 ***
