Changed directory to /lustre/scratch/wbic-beta/ccn30/ENCRYPT/gridcellpilot/scripts/coregistration/slurmoutputs.

JobID: 4188724
======
Time: Wed Nov 27 11:39:54 GMT 2019
Running on master node: wbic-cs-30
Current directory: /lustre/scratch/wbic-beta/ccn30/ENCRYPT/gridcellpilot/scripts/coregistration/slurmoutputs

Nodes allocated:
================
wbic-cs-30

numtasks=1, numnodes=1, mpi_tasks_per_node=1 (OMP_NUM_THREADS=1)

Executing command:
==================
/lustre/scratch/wbic-beta/ccn30/ENCRYPT/gridcellpilot/scripts/coregistration/coreg_all.sh /lustre/scratch/wbic-beta/ccn30/ENCRYPT/gridcellpilot 29780/20191125_U-ID47173

29780
/lustre/scratch/wbic-beta/ccn30/ENCRYPT/gridcellpilot/preprocessed_data/segmentation/29780
mkdir: cannot create directory ‘/lustre/scratch/wbic-beta/ccn30/ENCRYPT/gridcellpilot/preprocessed_data/segmentation/29780/coregistration’: File exists
Making coregistration directory...
/lustre/scratch/wbic-beta/ccn30/ENCRYPT/gridcellpilot/preprocessed_data/segmentation/29780/coregistration
EXECUTING t2 to t1 coreg:  29780

--------------------------------------------------------------------------------------
 Mapping parameters
--------------------------------------------------------------------------------------
 ANTSPATH is /applications/ANTS/2.2.0/bin/

 Dimensionality:           3
 Output name prefix:       /lustre/scratch/wbic-beta/ccn30/ENCRYPT/gridcellpilot/preprocessed_data/segmentation/29780/coregistration/T1toT2_ANTS_
 Fixed images:             /lustre/scratch/wbic-beta/ccn30/ENCRYPT/gridcellpilot/raw_data/images/29780/20191125_U-ID47173/Series_039_Highresolution_TSE_PAT2_100_PatSpec/N4Series_039_Highresolution_TSE_PAT2_100_PatSpec.nii
 Moving images:            /lustre/scratch/wbic-beta/ccn30/ENCRYPT/gridcellpilot/preprocessed_data/images/29780/denoise_structural.nii
 Number of threads:        1
 Spline distance:          26
 Transform type:           s
 MI histogram bins:        32
 Precision:                d
 Use histogram matching    0
======================================================================================
 antsRegistration call:
--------------------------------------------------------------------------------------
/applications/ANTS/2.2.0/bin//antsRegistration --verbose 1 --dimensionality 3 --float 0 --output [/lustre/scratch/wbic-beta/ccn30/ENCRYPT/gridcellpilot/preprocessed_data/segmentation/29780/coregistration/T1toT2_ANTS_,/lustre/scratch/wbic-beta/ccn30/ENCRYPT/gridcellpilot/preprocessed_data/segmentation/29780/coregistration/T1toT2_ANTS_Warped.nii.gz,/lustre/scratch/wbic-beta/ccn30/ENCRYPT/gridcellpilot/preprocessed_data/segmentation/29780/coregistration/T1toT2_ANTS_InverseWarped.nii.gz] --interpolation Linear --use-histogram-matching 0 --winsorize-image-intensities [0.005,0.995] --initial-moving-transform [/lustre/scratch/wbic-beta/ccn30/ENCRYPT/gridcellpilot/raw_data/images/29780/20191125_U-ID47173/Series_039_Highresolution_TSE_PAT2_100_PatSpec/N4Series_039_Highresolution_TSE_PAT2_100_PatSpec.nii,/lustre/scratch/wbic-beta/ccn30/ENCRYPT/gridcellpilot/preprocessed_data/images/29780/denoise_structural.nii,1] --transform Rigid[0.1] --metric MI[/lustre/scratch/wbic-beta/ccn30/ENCRYPT/gridcellpilot/raw_data/images/29780/20191125_U-ID47173/Series_039_Highresolution_TSE_PAT2_100_PatSpec/N4Series_039_Highresolution_TSE_PAT2_100_PatSpec.nii,/lustre/scratch/wbic-beta/ccn30/ENCRYPT/gridcellpilot/preprocessed_data/images/29780/denoise_structural.nii,1,32,Regular,0.25] --convergence [1000x500x250x0,1e-6,10] --shrink-factors 12x8x4x2 --smoothing-sigmas 4x3x2x1vox --transform Affine[0.1] --metric MI[/lustre/scratch/wbic-beta/ccn30/ENCRYPT/gridcellpilot/raw_data/images/29780/20191125_U-ID47173/Series_039_Highresolution_TSE_PAT2_100_PatSpec/N4Series_039_Highresolution_TSE_PAT2_100_PatSpec.nii,/lustre/scratch/wbic-beta/ccn30/ENCRYPT/gridcellpilot/preprocessed_data/images/29780/denoise_structural.nii,1,32,Regular,0.25] --convergence [1000x500x250x0,1e-6,10] --shrink-factors 12x8x4x2 --smoothing-sigmas 4x3x2x1vox --transform SyN[0.1,3,0] --metric MI[/lustre/scratch/wbic-beta/ccn30/ENCRYPT/gridcellpilot/raw_data/images/29780/20191125_U-ID47173/Series_039_Highresolution_TSE_PAT2_100_PatSpec/N4Series_039_Highresolution_TSE_PAT2_100_PatSpec.nii,/lustre/scratch/wbic-beta/ccn30/ENCRYPT/gridcellpilot/preprocessed_data/images/29780/denoise_structural.nii,1,32] --convergence [100x100x70x50x0,1e-6,10] --shrink-factors 10x6x4x2x1 --smoothing-sigmas 5x3x2x1x0vox
--------------------------------------------------------------------------------------
All_Command_lines_OK
Using double precision for computations.
=============================================================================
The composite transform comprises the following transforms (in order): 
  1. Center of mass alignment using fixed image: /lustre/scratch/wbic-beta/ccn30/ENCRYPT/gridcellpilot/raw_data/images/29780/20191125_U-ID47173/Series_039_Highresolution_TSE_PAT2_100_PatSpec/N4Series_039_Highresolution_TSE_PAT2_100_PatSpec.nii and moving image: /lustre/scratch/wbic-beta/ccn30/ENCRYPT/gridcellpilot/preprocessed_data/images/29780/denoise_structural.nii (type = Euler3DTransform)
=============================================================================
  number of levels = 4
  number of levels = 4
  number of levels = 5
  fixed image: /lustre/scratch/wbic-beta/ccn30/ENCRYPT/gridcellpilot/raw_data/images/29780/20191125_U-ID47173/Series_039_Highresolution_TSE_PAT2_100_PatSpec/N4Series_039_Highresolution_TSE_PAT2_100_PatSpec.nii
  moving image: /lustre/scratch/wbic-beta/ccn30/ENCRYPT/gridcellpilot/preprocessed_data/images/29780/denoise_structural.nii
  fixed image: /lustre/scratch/wbic-beta/ccn30/ENCRYPT/gridcellpilot/raw_data/images/29780/20191125_U-ID47173/Series_039_Highresolution_TSE_PAT2_100_PatSpec/N4Series_039_Highresolution_TSE_PAT2_100_PatSpec.nii
  moving image: /lustre/scratch/wbic-beta/ccn30/ENCRYPT/gridcellpilot/preprocessed_data/images/29780/denoise_structural.nii
  fixed image: /lustre/scratch/wbic-beta/ccn30/ENCRYPT/gridcellpilot/raw_data/images/29780/20191125_U-ID47173/Series_039_Highresolution_TSE_PAT2_100_PatSpec/N4Series_039_Highresolution_TSE_PAT2_100_PatSpec.nii
  moving image: /lustre/scratch/wbic-beta/ccn30/ENCRYPT/gridcellpilot/preprocessed_data/images/29780/denoise_structural.nii
Dimension = 3
Number of stages = 3
Use Histogram Matching false
Winsorize image intensities true
Lower quantile = 0.005
Upper quantile = 0.995
Stage 1 State
   Image metric = Mattes
     Fixed image = Image (0x5327f90)
  RTTI typeinfo:   itk::Image<double, 3u>
  Reference Count: 2
  Modified Time: 1713
  Debug: Off
  Object Name: 
  Observers: 
    none
  Source: (none)
  Source output name: (none)
  Release Data: Off
  Data Released: False
  Global Release Data: Off
  PipelineMTime: 0
  UpdateMTime: 1535
  RealTimeStamp: 0 seconds 
  LargestPossibleRegion: 
    Dimension: 3
    Index: [0, 0, 0]
    Size: [512, 512, 54]
  BufferedRegion: 
    Dimension: 3
    Index: [0, 0, 0]
    Size: [512, 512, 54]
  RequestedRegion: 
    Dimension: 3
    Index: [0, 0, 0]
    Size: [512, 512, 54]
  Spacing: [0.4375, 0.4375, 1.1]
  Origin: [-112, 19.451, -143.932]
  Direction: 
1 1.07095e-11 -7.38797e-12
1.07095e-11 -0.355107 0.934826
-7.38797e-12 0.934826 0.355107

  IndexToPointMatrix: 
0.4375 4.68539e-12 -8.12677e-12
4.68539e-12 -0.155359 1.02831
-3.23224e-12 0.408986 0.390618

  PointToIndexMatrix: 
2.28571 2.44788e-11 -1.68868e-11
2.44788e-11 -0.811673 2.13674
-6.71633e-12 0.849841 0.322824

  Inverse Direction: 
1 1.07095e-11 -7.38797e-12
1.07095e-11 -0.355107 0.934826
-7.38797e-12 0.934826 0.355107

  PixelContainer: 
    ImportImageContainer (0x5322540)
      RTTI typeinfo:   itk::ImportImageContainer<unsigned long, double>
      Reference Count: 1
      Modified Time: 1532
      Debug: Off
      Object Name: 
      Observers: 
        none
      Pointer: 0x2b3f3ad46010
      Container manages memory: true
      Size: 14155776
      Capacity: 14155776

     Moving image = Image (0x5328c70)
  RTTI typeinfo:   itk::Image<double, 3u>
  Reference Count: 2
  Modified Time: 1714
  Debug: Off
  Object Name: 
  Observers: 
    none
  Source: (none)
  Source output name: (none)
  Release Data: Off
  Data Released: False
  Global Release Data: Off
  PipelineMTime: 0
  UpdateMTime: 1711
  RealTimeStamp: 0 seconds 
  LargestPossibleRegion: 
    Dimension: 3
    Index: [0, 0, 0]
    Size: [224, 300, 320]
  BufferedRegion: 
    Dimension: 3
    Index: [0, 0, 0]
    Size: [224, 300, 320]
  RequestedRegion: 
    Dimension: 3
    Index: [0, 0, 0]
    Size: [224, 300, 320]
  Spacing: [0.75, 0.75, 0.75]
  Origin: [84.2274, 109.34, -136.72]
  Direction: 
-1 0 0
0 -1 0
0 0 1

  IndexToPointMatrix: 
-0.75 0 0
0 -0.75 0
0 0 0.75

  PointToIndexMatrix: 
-1.33333 0 0
0 -1.33333 0
0 0 1.33333

  Inverse Direction: 
-1 0 0
0 -1 0
0 0 1

  PixelContainer: 
    ImportImageContainer (0x53231d0)
      RTTI typeinfo:   itk::ImportImageContainer<unsigned long, double>
      Reference Count: 1
      Modified Time: 1708
      Debug: Off
      Object Name: 
      Observers: 
        none
      Pointer: 0x2b3f41947010
      Container manages memory: true
      Size: 21504000
      Capacity: 21504000

     Weighting = 1
     Sampling strategy = regular
     Number of bins = 32
     Radius = 4
     Sampling percentage  = 0.25
   Transform = Rigid
     Gradient step = 0.1
     Update field sigma (voxel space) = 0
     Total field sigma (voxel space) = 0
     Update field time sigma = 0
     Total field time sigma  = 0
     Number of time indices = 0
     Number of time point samples = 0
Stage 2 State
   Image metric = Mattes
     Fixed image = Image (0x5324ed0)
  RTTI typeinfo:   itk::Image<double, 3u>
  Reference Count: 2
  Modified Time: 2067
  Debug: Off
  Object Name: 
  Observers: 
    none
  Source: (none)
  Source output name: (none)
  Release Data: Off
  Data Released: False
  Global Release Data: Off
  PipelineMTime: 0
  UpdateMTime: 1889
  RealTimeStamp: 0 seconds 
  LargestPossibleRegion: 
    Dimension: 3
    Index: [0, 0, 0]
    Size: [512, 512, 54]
  BufferedRegion: 
    Dimension: 3
    Index: [0, 0, 0]
    Size: [512, 512, 54]
  RequestedRegion: 
    Dimension: 3
    Index: [0, 0, 0]
    Size: [512, 512, 54]
  Spacing: [0.4375, 0.4375, 1.1]
  Origin: [-112, 19.451, -143.932]
  Direction: 
1 1.07095e-11 -7.38797e-12
1.07095e-11 -0.355107 0.934826
-7.38797e-12 0.934826 0.355107

  IndexToPointMatrix: 
0.4375 4.68539e-12 -8.12677e-12
4.68539e-12 -0.155359 1.02831
-3.23224e-12 0.408986 0.390618

  PointToIndexMatrix: 
2.28571 2.44788e-11 -1.68868e-11
2.44788e-11 -0.811673 2.13674
-6.71633e-12 0.849841 0.322824

  Inverse Direction: 
1 1.07095e-11 -7.38797e-12
1.07095e-11 -0.355107 0.934826
-7.38797e-12 0.934826 0.355107

  PixelContainer: 
    ImportImageContainer (0x5326160)
      RTTI typeinfo:   itk::ImportImageContainer<unsigned long, double>
      Reference Count: 1
      Modified Time: 1886
      Debug: Off
      Object Name: 
      Observers: 
        none
      Pointer: 0x2b3f4bd58010
      Container manages memory: true
      Size: 14155776
      Capacity: 14155776

     Moving image = Image (0x5338290)
  RTTI typeinfo:   itk::Image<double, 3u>
  Reference Count: 2
  Modified Time: 2068
  Debug: Off
  Object Name: 
  Observers: 
    none
  Source: (none)
  Source output name: (none)
  Release Data: Off
  Data Released: False
  Global Release Data: Off
  PipelineMTime: 0
  UpdateMTime: 2065
  RealTimeStamp: 0 seconds 
  LargestPossibleRegion: 
    Dimension: 3
    Index: [0, 0, 0]
    Size: [224, 300, 320]
  BufferedRegion: 
    Dimension: 3
    Index: [0, 0, 0]
    Size: [224, 300, 320]
  RequestedRegion: 
    Dimension: 3
    Index: [0, 0, 0]
    Size: [224, 300, 320]
  Spacing: [0.75, 0.75, 0.75]
  Origin: [84.2274, 109.34, -136.72]
  Direction: 
-1 0 0
0 -1 0
0 0 1

  IndexToPointMatrix: 
-0.75 0 0
0 -0.75 0
0 0 0.75

  PointToIndexMatrix: 
-1.33333 0 0
0 -1.33333 0
0 0 1.33333

  Inverse Direction: 
-1 0 0
0 -1 0
0 0 1

  PixelContainer: 
    ImportImageContainer (0x5338520)
      RTTI typeinfo:   itk::ImportImageContainer<unsigned long, double>
      Reference Count: 1
      Modified Time: 2062
      Debug: Off
      Object Name: 
      Observers: 
        none
      Pointer: 0x2b3f52959010
      Container manages memory: true
      Size: 21504000
      Capacity: 21504000

     Weighting = 1
     Sampling strategy = regular
     Number of bins = 32
     Radius = 4
     Sampling percentage  = 0.25
   Transform = Affine
     Gradient step = 0.1
     Update field sigma (voxel space) = 0
     Total field sigma (voxel space) = 0
     Update field time sigma = 0
     Total field time sigma  = 0
     Number of time indices = 0
     Number of time point samples = 0
Stage 3 State
   Image metric = Mattes
     Fixed image = Image (0x533be90)
  RTTI typeinfo:   itk::Image<double, 3u>
  Reference Count: 2
  Modified Time: 2421
  Debug: Off
  Object Name: 
  Observers: 
    none
  Source: (none)
  Source output name: (none)
  Release Data: Off
  Data Released: False
  Global Release Data: Off
  PipelineMTime: 0
  UpdateMTime: 2243
  RealTimeStamp: 0 seconds 
  LargestPossibleRegion: 
    Dimension: 3
    Index: [0, 0, 0]
    Size: [512, 512, 54]
  BufferedRegion: 
    Dimension: 3
    Index: [0, 0, 0]
    Size: [512, 512, 54]
  RequestedRegion: 
    Dimension: 3
    Index: [0, 0, 0]
    Size: [512, 512, 54]
  Spacing: [0.4375, 0.4375, 1.1]
  Origin: [-112, 19.451, -143.932]
  Direction: 
1 1.07095e-11 -7.38797e-12
1.07095e-11 -0.355107 0.934826
-7.38797e-12 0.934826 0.355107

  IndexToPointMatrix: 
0.4375 4.68539e-12 -8.12677e-12
4.68539e-12 -0.155359 1.02831
-3.23224e-12 0.408986 0.390618

  PointToIndexMatrix: 
2.28571 2.44788e-11 -1.68868e-11
2.44788e-11 -0.811673 2.13674
-6.71633e-12 0.849841 0.322824

  Inverse Direction: 
1 1.07095e-11 -7.38797e-12
1.07095e-11 -0.355107 0.934826
-7.38797e-12 0.934826 0.355107

  PixelContainer: 
    ImportImageContainer (0x5338010)
      RTTI typeinfo:   itk::ImportImageContainer<unsigned long, double>
      Reference Count: 1
      Modified Time: 2240
      Debug: Off
      Object Name: 
      Observers: 
        none
      Pointer: 0x2b3f5cd6a010
      Container manages memory: true
      Size: 14155776
      Capacity: 14155776

     Moving image = Image (0x533e770)
  RTTI typeinfo:   itk::Image<double, 3u>
  Reference Count: 2
  Modified Time: 2422
  Debug: Off
  Object Name: 
  Observers: 
    none
  Source: (none)
  Source output name: (none)
  Release Data: Off
  Data Released: False
  Global Release Data: Off
  PipelineMTime: 0
  UpdateMTime: 2419
  RealTimeStamp: 0 seconds 
  LargestPossibleRegion: 
    Dimension: 3
    Index: [0, 0, 0]
    Size: [224, 300, 320]
  BufferedRegion: 
    Dimension: 3
    Index: [0, 0, 0]
    Size: [224, 300, 320]
  RequestedRegion: 
    Dimension: 3
    Index: [0, 0, 0]
    Size: [224, 300, 320]
  Spacing: [0.75, 0.75, 0.75]
  Origin: [84.2274, 109.34, -136.72]
  Direction: 
-1 0 0
0 -1 0
0 0 1

  IndexToPointMatrix: 
-0.75 0 0
0 -0.75 0
0 0 0.75

  PointToIndexMatrix: 
-1.33333 0 0
0 -1.33333 0
0 0 1.33333

  Inverse Direction: 
-1 0 0
0 -1 0
0 0 1

  PixelContainer: 
    ImportImageContainer (0x533ea00)
      RTTI typeinfo:   itk::ImportImageContainer<unsigned long, double>
      Reference Count: 1
      Modified Time: 2416
      Debug: Off
      Object Name: 
      Observers: 
        none
      Pointer: 0x2b3f6396b010
      Container manages memory: true
      Size: 21504000
      Capacity: 21504000

     Weighting = 1
     Sampling strategy = none
     Number of bins = 32
     Radius = 4
     Sampling percentage  = 1
   Transform = SyN
     Gradient step = 0.1
     Update field sigma (voxel space) = 3
     Total field sigma (voxel space) = 0
     Update field time sigma = 0
     Total field time sigma  = 0
     Number of time indices = 0
     Number of time point samples = 0
Registration using 3 total stages.

Stage 0
  iterations = 1000x500x250x0
  convergence threshold = 1e-06
  convergence window size = 10
  number of levels = 4
  using the Mattes MI metric (number of bins = 32, weight = 1)
  preprocessing:  winsorizing the image intensities
  Shrink factors (level 1 out of 4): [12, 12, 5]
  Shrink factors (level 2 out of 4): [8, 8, 3]
  Shrink factors (level 3 out of 4): [4, 4, 2]
  Shrink factors (level 4 out of 4): [2, 2, 1]
  smoothing sigmas per level: [4, 3, 2, 1]
  regular sampling (percentage = 0.25)

*** Running Euler3DTransform registration ***

DIAGNOSTIC,Iteration,metricValue,convergenceValue,ITERATION_TIME_INDEX,SINCE_LAST
 2DIAGNOSTIC,     1, -9.571313118783e-02, 1.797693134862e+308, 1.7612e+01, 1.7612e+01, 
 2DIAGNOSTIC,     2, -9.589882285748e-02, 1.797693134862e+308, 1.7629e+01, 1.6185e-02, 
 2DIAGNOSTIC,     3, -9.617549809019e-02, 1.797693134862e+308, 1.7645e+01, 1.5908e-02, 
 2DIAGNOSTIC,     4, -9.675853968829e-02, 1.797693134862e+308, 1.7661e+01, 1.6139e-02, 
 2DIAGNOSTIC,     5, -9.837735304680e-02, 1.797693134862e+308, 1.7680e+01, 1.9404e-02, 
 2DIAGNOSTIC,     6, -9.865127642035e-02, 1.797693134862e+308, 1.7696e+01, 1.6285e-02, 
 2DIAGNOSTIC,     7, -9.854949982860e-02, 1.797693134862e+308, 1.7717e+01, 2.0459e-02, 
 2DIAGNOSTIC,     8, -1.009253896062e-01, 1.797693134862e+308, 1.7737e+01, 2.0173e-02, 
 2DIAGNOSTIC,     9, -1.314980981213e-01, 1.797693134862e+308, 1.7760e+01, 2.2983e-02, 
 2DIAGNOSTIC,    10, -1.353636303018e-01, 2.033436307026e-02, 1.7780e+01, 1.9863e-02, 
 2DIAGNOSTIC,    11, -1.366147089527e-01, 2.412067701892e-02, 1.7800e+01, 1.9920e-02, 
 2DIAGNOSTIC,    12, -1.374827747576e-01, 2.533210142599e-02, 1.7833e+01, 3.3367e-02, 
 2DIAGNOSTIC,    13, -1.377232751507e-01, 2.414948120540e-02, 1.7850e+01, 1.6546e-02, 
 2DIAGNOSTIC,    14, -1.381918782563e-01, 2.109381125634e-02, 1.7866e+01, 1.6445e-02, 
 2DIAGNOSTIC,    15, -1.385074890492e-01, 1.691456473009e-02, 1.7883e+01, 1.6355e-02, 
 2DIAGNOSTIC,    16, -1.392055741462e-01, 1.203814969265e-02, 1.7909e+01, 2.6291e-02, 
 2DIAGNOSTIC,    17, -1.394096407287e-01, 6.800575972583e-03, 1.7934e+01, 2.4868e-02, 
 2DIAGNOSTIC,    18, -1.395416115613e-01, 1.842574202689e-03, 1.7962e+01, 2.8602e-02, 
 2DIAGNOSTIC,    19, -1.398169245944e-01, 1.130035074031e-03, 1.7989e+01, 2.7204e-02, 
 2DIAGNOSTIC,    20, -1.407562672572e-01, 9.519802403964e-04, 1.8013e+01, 2.3123e-02, 
 2DIAGNOSTIC,    21, -1.407249193319e-01, 8.346524671676e-04, 1.8029e+01, 1.6211e-02, 
 2DIAGNOSTIC,    22, -1.407142261976e-01, 7.433975448407e-04, 1.8048e+01, 1.9313e-02, 
 2DIAGNOSTIC,    23, -1.408842977036e-01, 6.342384914603e-04, 1.8067e+01, 1.9300e-02, 
 2DIAGNOSTIC,    24, -1.409500281007e-01, 5.259083190077e-04, 1.8084e+01, 1.6115e-02, 
 2DIAGNOSTIC,    25, -1.410851732537e-01, 4.161892192940e-04, 1.8106e+01, 2.2318e-02, 
 2DIAGNOSTIC,    26, -1.411323315949e-01, 3.413770748877e-04, 1.8125e+01, 1.9349e-02, 
 2DIAGNOSTIC,    27, -1.410813469208e-01, 2.548863445522e-04, 1.8145e+01, 1.9402e-02, 
 2DIAGNOSTIC,    28, -1.410553676676e-01, 1.602052911076e-04, 1.8164e+01, 1.9409e-02, 
 2DIAGNOSTIC,    29, -1.410313220326e-01, 7.484787820781e-05, 1.8180e+01, 1.6349e-02, 
 2DIAGNOSTIC,    30, -1.410731914394e-01, 6.137236552634e-05, 1.8200e+01, 1.9183e-02, 
 2DIAGNOSTIC,    31, -1.411465267777e-01, 4.619197047418e-05, 1.8216e+01, 1.6433e-02, 
 2DIAGNOSTIC,    32, -1.411663474974e-01, 2.820840398287e-05, 1.8232e+01, 1.6119e-02, 
 2DIAGNOSTIC,    33, -1.415750381990e-01, 4.752924566781e-05, 1.8249e+01, 1.6549e-02, 
 2DIAGNOSTIC,    34, -1.424239569347e-01, 1.192204959229e-04, 1.8278e+01, 2.9564e-02, 
 2DIAGNOSTIC,    35, -1.426917624331e-01, 1.989718772976e-04, 1.8295e+01, 1.6407e-02, 
 2DIAGNOSTIC,    36, -1.427039583464e-01, 2.592066217765e-04, 1.8311e+01, 1.6220e-02, 
 2DIAGNOSTIC,    37, -1.427613444270e-01, 2.926682492143e-04, 1.8330e+01, 1.9480e-02, 
 2DIAGNOSTIC,    38, -1.428877878080e-01, 3.019375430250e-04, 1.8350e+01, 1.9436e-02, 
 2DIAGNOSTIC,    39, -1.429564959482e-01, 2.834528803147e-04, 1.8373e+01, 2.3208e-02, 
 2DIAGNOSTIC,    40, -1.429050219808e-01, 2.384337622932e-04, 1.8389e+01, 1.6185e-02, 
 2DIAGNOSTIC,    41, -1.429158252994e-01, 1.786974055831e-04, 1.8405e+01, 1.6332e-02, 
 2DIAGNOSTIC,    42, -1.430331028682e-01, 1.121800062808e-04, 1.8428e+01, 2.2922e-02, 
 2DIAGNOSTIC,    43, -1.431415282878e-01, 6.280286302414e-05, 1.8448e+01, 1.9546e-02, 
 2DIAGNOSTIC,    44, -1.430324862402e-01, 4.547098855943e-05, 1.8467e+01, 1.9395e-02, 
 2DIAGNOSTIC,    45, -1.430868697727e-01, 4.044669789139e-05, 1.8484e+01, 1.6280e-02, 
 2DIAGNOSTIC,    46, -1.431849258138e-01, 3.695508630663e-05, 1.8504e+01, 2.0325e-02, 
 2DIAGNOSTIC,    47, -1.431533829146e-01, 3.088058308296e-05, 1.8526e+01, 2.2403e-02, 
 2DIAGNOSTIC,    48, -1.431564367981e-01, 2.787495426653e-05, 1.8546e+01, 1.9251e-02, 
 2DIAGNOSTIC,    49, -1.431184675650e-01, 2.398901276181e-05, 1.8565e+01, 1.9354e-02, 
 2DIAGNOSTIC,    50, -1.431270907427e-01, 1.633173931304e-05, 1.8584e+01, 1.9427e-02, 
 2DIAGNOSTIC,    51, -1.430947669634e-01, 6.343305235842e-06, 1.8604e+01, 1.9523e-02, 
DIAGNOSTIC,Iteration,metricValue,convergenceValue,ITERATION_TIME_INDEX,SINCE_LAST
 2DIAGNOSTIC,     1, -1.245016315769e-01, 1.797693134862e+308, 3.2002e+01, 1.3399e+01, 
 2DIAGNOSTIC,     2, -1.251163878289e-01, 1.797693134862e+308, 3.2068e+01, 6.5775e-02, 
 2DIAGNOSTIC,     3, -1.262029955903e-01, 1.797693134862e+308, 3.2131e+01, 6.2834e-02, 
 2DIAGNOSTIC,     4, -1.275212577308e-01, 1.797693134862e+308, 3.2194e+01, 6.3110e-02, 
 2DIAGNOSTIC,     5, -1.278560332431e-01, 1.797693134862e+308, 3.2259e+01, 6.4627e-02, 
 2DIAGNOSTIC,     6, -1.279850632255e-01, 1.797693134862e+308, 3.2334e+01, 7.4895e-02, 
 2DIAGNOSTIC,     7, -1.281674811017e-01, 1.797693134862e+308, 3.2406e+01, 7.2054e-02, 
 2DIAGNOSTIC,     8, -1.280648554363e-01, 1.797693134862e+308, 3.2466e+01, 6.0342e-02, 
 2DIAGNOSTIC,     9, -1.282056465443e-01, 1.797693134862e+308, 3.2551e+01, 8.4889e-02, 
 2DIAGNOSTIC,    10, -1.287789641884e-01, 1.925549342413e-03, 3.2641e+01, 9.0312e-02, 
 2DIAGNOSTIC,    11, -1.288610762884e-01, 1.342173666354e-03, 3.2714e+01, 7.3186e-02, 
 2DIAGNOSTIC,    12, -1.288959005226e-01, 8.565869568118e-04, 3.2786e+01, 7.1600e-02, 
 2DIAGNOSTIC,    13, -1.289817550867e-01, 5.665029970083e-04, 3.2849e+01, 6.2702e-02, 
 2DIAGNOSTIC,    14, -1.291454760462e-01, 5.010054721151e-04, 3.2911e+01, 6.2525e-02, 
 2DIAGNOSTIC,    15, -1.292575937613e-01, 4.625632900600e-04, 3.3009e+01, 9.7254e-02, 
 2DIAGNOSTIC,    16, -1.292388730146e-01, 4.010387798080e-04, 3.3085e+01, 7.6712e-02, 
 2DIAGNOSTIC,    17, -1.292514933565e-01, 3.378443171513e-04, 3.3149e+01, 6.3353e-02, 
 2DIAGNOSTIC,    18, -1.292405558383e-01, 2.371193543551e-04, 3.3216e+01, 6.7175e-02, 
 2DIAGNOSTIC,    19, -1.292660538753e-01, 1.425742533438e-04, 3.3281e+01, 6.4957e-02, 
 2DIAGNOSTIC,    20, -1.292817467313e-01, 1.093691424877e-04, 3.3361e+01, 8.0092e-02, 
 2DIAGNOSTIC,    21, -1.293376763138e-01, 8.411859334803e-05, 3.3452e+01, 9.1020e-02, 
 2DIAGNOSTIC,    22, -1.293233209294e-01, 5.555977586448e-05, 3.3535e+01, 8.2880e-02, 
 2DIAGNOSTIC,    23, -1.293242176523e-01, 3.257750590992e-05, 3.3601e+01, 6.6726e-02, 
 2DIAGNOSTIC,    24, -1.293233739348e-01, 2.335245347799e-05, 3.3668e+01, 6.6213e-02, 
 2DIAGNOSTIC,    25, -1.293158912199e-01, 2.204380990008e-05, 3.3735e+01, 6.7836e-02, 
 2DIAGNOSTIC,    26, -1.293209922254e-01, 1.765645846698e-05, 3.3804e+01, 6.8480e-02, 
 2DIAGNOSTIC,    27, -1.293358112092e-01, 1.435113311727e-05, 3.3894e+01, 8.9989e-02, 
 2DIAGNOSTIC,    28, -1.293436478634e-01, 9.791279673814e-06, 3.3995e+01, 1.0152e-01, 
 2DIAGNOSTIC,    29, -1.293435094952e-01, 6.669837487816e-06, 3.4061e+01, 6.5767e-02, 
 2DIAGNOSTIC,    30, -1.293343980720e-01, 3.619814476642e-06, 3.4141e+01, 8.0132e-02, 
 2DIAGNOSTIC,    31, -1.294157697323e-01, 1.036295365394e-05, 3.4207e+01, 6.5310e-02, 
 2DIAGNOSTIC,    32, -1.295497395819e-01, 2.385644579263e-05, 3.4320e+01, 1.1327e-01, 
 2DIAGNOSTIC,    33, -1.295791759772e-01, 3.617704357284e-05, 3.4383e+01, 6.3144e-02, 
 2DIAGNOSTIC,    34, -1.296029868497e-01, 4.608807910158e-05, 3.4468e+01, 8.4623e-02, 
 2DIAGNOSTIC,    35, -1.296604055999e-01, 5.440715675955e-05, 3.4542e+01, 7.3984e-02, 
 2DIAGNOSTIC,    36, -1.296796987821e-01, 5.848335769473e-05, 3.4605e+01, 6.3642e-02, 
 2DIAGNOSTIC,    37, -1.297299827991e-01, 6.058985159921e-05, 3.4702e+01, 9.6540e-02, 
 2DIAGNOSTIC,    38, -1.297498040682e-01, 5.849545065311e-05, 3.4762e+01, 6.0485e-02, 
 2DIAGNOSTIC,    39, -1.297591559519e-01, 5.170938899895e-05, 3.4834e+01, 7.1969e-02, 
 2DIAGNOSTIC,    40, -1.297675866002e-01, 4.034326672149e-05, 3.4906e+01, 7.1499e-02, 
 2DIAGNOSTIC,    41, -1.298018855300e-01, 3.178909850709e-05, 3.4966e+01, 6.0285e-02, 
 2DIAGNOSTIC,    42, -1.297860303233e-01, 2.681585995691e-05, 3.5039e+01, 7.2975e-02, 
 2DIAGNOSTIC,    43, -1.298210210261e-01, 2.292943590283e-05, 3.5111e+01, 7.2017e-02, 
 2DIAGNOSTIC,    44, -1.297998602569e-01, 1.715876796768e-05, 3.5207e+01, 9.5515e-02, 
 2DIAGNOSTIC,    45, -1.298415091039e-01, 1.496816316006e-05, 3.5267e+01, 6.0366e-02, 
 2DIAGNOSTIC,    46, -1.298412781008e-01, 1.230403954726e-05, 3.5340e+01, 7.2856e-02, 
 2DIAGNOSTIC,    47, -1.298490166678e-01, 1.135610842206e-05, 3.5412e+01, 7.2451e-02, 
 2DIAGNOSTIC,    48, -1.298279254844e-01, 9.385673924674e-06, 3.5497e+01, 8.4897e-02, 
 2DIAGNOSTIC,    49, -1.298346873991e-01, 7.415549341520e-06, 3.5592e+01, 9.4427e-02, 
 2DIAGNOSTIC,    50, -1.298413216476e-01, 5.472019523823e-06, 3.5676e+01, 8.4697e-02, 
 2DIAGNOSTIC,    51, -1.298375285252e-01, 4.454750941241e-06, 3.5749e+01, 7.2913e-02, 
 2DIAGNOSTIC,    52, -1.298341098173e-01, 2.279530131679e-06, 3.5824e+01, 7.4504e-02, 
 2DIAGNOSTIC,    53, -1.298519355384e-01, 2.286374792299e-06, 3.5886e+01, 6.2585e-02, 
 2DIAGNOSTIC,    54, -1.298492770989e-01, 1.089278301152e-06, 3.5948e+01, 6.1995e-02, 
 2DIAGNOSTIC,    55, -1.298546505512e-01, 1.764957437471e-06, 3.6023e+01, 7.4226e-02, 
 2DIAGNOSTIC,    56, -1.298557786333e-01, 2.329737902058e-06, 3.6084e+01, 6.1193e-02, 
 2DIAGNOSTIC,    57, -1.298538242363e-01, 2.959402663899e-06, 3.6156e+01, 7.2176e-02, 
 2DIAGNOSTIC,    58, -1.298561738037e-01, 2.614370413524e-06, 3.6228e+01, 7.2202e-02, 
 2DIAGNOSTIC,    59, -1.298511276686e-01, 2.131587043777e-06, 3.6290e+01, 6.1551e-02, 
 2DIAGNOSTIC,    60, -1.298378907889e-01, 1.285193439820e-06, 3.6354e+01, 6.3871e-02, 
DIAGNOSTIC,Iteration,metricValue,convergenceValue,ITERATION_TIME_INDEX,SINCE_LAST
 2DIAGNOSTIC,     1, -1.365961654040e-01, 1.797693134862e+308, 4.4058e+01, 7.7046e+00, 
 2DIAGNOSTIC,     2, -1.371853422096e-01, 1.797693134862e+308, 4.4495e+01, 4.3731e-01, 
 2DIAGNOSTIC,     3, -1.375434802907e-01, 1.797693134862e+308, 4.4945e+01, 4.4908e-01, 
 2DIAGNOSTIC,     4, -1.376944877840e-01, 1.797693134862e+308, 4.5387e+01, 4.4205e-01, 
 2DIAGNOSTIC,     5, -1.378380661980e-01, 1.797693134862e+308, 4.5822e+01, 4.3543e-01, 
 2DIAGNOSTIC,     6, -1.380331503844e-01, 1.797693134862e+308, 4.6339e+01, 5.1745e-01, 
 2DIAGNOSTIC,     7, -1.385924707132e-01, 1.797693134862e+308, 4.7126e+01, 7.8662e-01, 
 2DIAGNOSTIC,     8, -1.386236281793e-01, 1.797693134862e+308, 4.7739e+01, 6.1279e-01, 
 2DIAGNOSTIC,     9, -1.386253008145e-01, 1.797693134862e+308, 4.8305e+01, 5.6635e-01, 
 2DIAGNOSTIC,    10, -1.386256744588e-01, 9.298243149831e-04, 4.8744e+01, 4.3857e-01, 
 2DIAGNOSTIC,    11, -1.386274807331e-01, 6.582436232461e-04, 4.9261e+01, 5.1741e-01, 
 2DIAGNOSTIC,    12, -1.386329662654e-01, 4.725811539661e-04, 4.9689e+01, 4.2776e-01, 
 2DIAGNOSTIC,    13, -1.386379868630e-01, 3.303235711780e-04, 5.0197e+01, 5.0787e-01, 
 2DIAGNOSTIC,    14, -1.386315955316e-01, 2.009976799856e-04, 5.0623e+01, 4.2654e-01, 
 2DIAGNOSTIC,    15, -1.386371412636e-01, 9.155550648403e-05, 5.1048e+01, 4.2465e-01, 
 2DIAGNOSTIC,    16, -1.386465371779e-01, 1.188419304675e-05, 5.1469e+01, 4.2083e-01, 
 2DIAGNOSTIC,    17, -1.386711319082e-01, 1.117236850017e-05, 5.1910e+01, 4.4106e-01, 
 2DIAGNOSTIC,    18, -1.386913895438e-01, 1.548519539070e-05, 5.2330e+01, 4.2053e-01, 
 2DIAGNOSTIC,    19, -1.387148822653e-01, 2.079841843487e-05, 5.3010e+01, 6.7945e-01, 
 2DIAGNOSTIC,    20, -1.387202229318e-01, 2.438578866674e-05, 5.3875e+01, 8.6465e-01, 
 2DIAGNOSTIC,    21, -1.387178897515e-01, 2.545494580476e-05, 5.4383e+01, 5.0814e-01, 
 2DIAGNOSTIC,    22, -1.387205540245e-01, 2.493974247707e-05, 5.4890e+01, 5.0734e-01, 
 2DIAGNOSTIC,    23, -1.387160117715e-01, 2.230254231760e-05, 5.5394e+01, 5.0427e-01, 
 2DIAGNOSTIC,    24, -1.387147760555e-01, 1.727136620047e-05, 5.5816e+01, 4.2186e-01, 
 2DIAGNOSTIC,    25, -1.387177100850e-01, 1.186077224637e-05, 5.6321e+01, 5.0498e-01, 
 2DIAGNOSTIC,    26, -1.387229930274e-01, 7.012168209544e-06, 5.6834e+01, 5.1316e-01, 
 2DIAGNOSTIC,    27, -1.387253587642e-01, 4.001220779072e-06, 5.7256e+01, 4.2151e-01, 
 2DIAGNOSTIC,    28, -1.387247561514e-01, 2.342093178245e-06, 5.7675e+01, 4.1962e-01, 
 2DIAGNOSTIC,    29, -1.387290340622e-01, 2.651509235285e-06, 5.8204e+01, 5.2900e-01, 
 2DIAGNOSTIC,    30, -1.387316846067e-01, 3.331382899166e-06, 5.8711e+01, 5.0621e-01, 
 2DIAGNOSTIC,    31, -1.387323202775e-01, 3.620639445950e-06, 5.9216e+01, 5.0546e-01, 
 2DIAGNOSTIC,    32, -1.387373800367e-01, 4.153729856071e-06, 6.0083e+01, 8.6650e-01, 
 2DIAGNOSTIC,    33, -1.387334920520e-01, 3.833624399090e-06, 6.0504e+01, 4.2125e-01, 
 2DIAGNOSTIC,    34, -1.387321777399e-01, 3.113491933406e-06, 6.1015e+01, 5.1082e-01, 
 2DIAGNOSTIC,    35, -1.387388023695e-01, 2.781097805774e-06, 6.1437e+01, 4.2275e-01, 
 2DIAGNOSTIC,    36, -1.387370546914e-01, 2.472976701366e-06, 6.1956e+01, 5.1820e-01, 
 2DIAGNOSTIC,    37, -1.387371659709e-01, 2.175990632368e-06, 6.2386e+01, 4.3033e-01, 
 2DIAGNOSTIC,    38, -1.387372974746e-01, 1.746970208549e-06, 6.2816e+01, 4.3000e-01, 
 2DIAGNOSTIC,    39, -1.387375536749e-01, 1.491708141288e-06, 6.3326e+01, 5.1059e-01, 
 2DIAGNOSTIC,    40, -1.387382777953e-01, 1.351591865519e-06, 6.3760e+01, 4.3337e-01, 
 2DIAGNOSTIC,    41, -1.387362111802e-01, 1.082501640635e-06, 6.4197e+01, 4.3743e-01, 
 2DIAGNOSTIC,    42, -1.387374702241e-01, 1.119425939711e-06, 6.4717e+01, 5.1998e-01, 
DIAGNOSTIC,Iteration,metricValue,convergenceValue,ITERATION_TIME_INDEX,SINCE_LAST
 2DIAGNOSTIC,     1, -1.597259066128e-01, 1.797693134862e+308, 7.2549e+01, 7.8320e+00, 
  Elapsed time (stage 0): 7.5211e+01


Stage 1
  iterations = 1000x500x250x0
  convergence threshold = 1.0000e-06
  convergence window size = 10
  number of levels = 4
  using the Mattes MI metric (number of bins = 32, weight = 1.0000e+00)
  preprocessing:  winsorizing the image intensities
  Shrink factors (level 1 out of 4): [12, 12, 5]
  Shrink factors (level 2 out of 4): [8, 8, 3]
  Shrink factors (level 3 out of 4): [4, 4, 2]
  Shrink factors (level 4 out of 4): [2, 2, 1]
  smoothing sigmas per level: [4, 3, 2, 1]
  regular sampling (percentage = 2.5000e-01)

*** Running AffineTransform registration ***

DIAGNOSTIC,Iteration,metricValue,convergenceValue,ITERATION_TIME_INDEX,SINCE_LAST
 2DIAGNOSTIC,     1, -1.347671539761e-01, 1.797693134862e+308, 1.7317e+01, 1.7317e+01, 
 2DIAGNOSTIC,     2, -1.353486074974e-01, 1.797693134862e+308, 1.7336e+01, 1.8930e-02, 
 2DIAGNOSTIC,     3, -1.364364788562e-01, 1.797693134862e+308, 1.7355e+01, 1.9190e-02, 
 2DIAGNOSTIC,     4, -1.380896033037e-01, 1.797693134862e+308, 1.7375e+01, 1.9105e-02, 
 2DIAGNOSTIC,     5, -1.399308659579e-01, 1.797693134862e+308, 1.7394e+01, 1.9278e-02, 
 2DIAGNOSTIC,     6, -1.422806420711e-01, 1.797693134862e+308, 1.7417e+01, 2.2751e-02, 
 2DIAGNOSTIC,     7, -1.447423766876e-01, 1.797693134862e+308, 1.7450e+01, 3.3603e-02, 
 2DIAGNOSTIC,     8, -1.449420556556e-01, 1.797693134862e+308, 1.7470e+01, 1.9565e-02, 
 2DIAGNOSTIC,     9, -1.451845076495e-01, 1.797693134862e+308, 1.7490e+01, 1.9912e-02, 
 2DIAGNOSTIC,    10, -1.460637469325e-01, 5.929542752028e-03, 1.7509e+01, 1.9611e-02, 
 2DIAGNOSTIC,    11, -1.466429778229e-01, 5.018623251460e-03, 1.7532e+01, 2.3246e-02, 
 2DIAGNOSTIC,    12, -1.474012245536e-01, 4.032734826584e-03, 1.7556e+01, 2.3634e-02, 
 2DIAGNOSTIC,    13, -1.480708127778e-01, 3.110094585529e-03, 1.7590e+01, 3.4300e-02, 
 2DIAGNOSTIC,    14, -1.484287669292e-01, 2.329413630056e-03, 1.7610e+01, 1.9616e-02, 
 2DIAGNOSTIC,    15, -1.497305243322e-01, 1.854191863323e-03, 1.7631e+01, 2.0541e-02, 
 2DIAGNOSTIC,    16, -1.512702981625e-01, 1.738837048878e-03, 1.7650e+01, 1.9637e-02, 
 2DIAGNOSTIC,    17, -1.527059098322e-01, 1.925888695051e-03, 1.7670e+01, 2.0142e-02, 
 2DIAGNOSTIC,    18, -1.540615848008e-01, 2.082067980030e-03, 1.7701e+01, 3.0644e-02, 
 2DIAGNOSTIC,    19, -1.544339359785e-01, 2.090098735526e-03, 1.7724e+01, 2.3224e-02, 
 2DIAGNOSTIC,    20, -1.545196373427e-01, 1.998187646985e-03, 1.7751e+01, 2.7025e-02, 
 2DIAGNOSTIC,    21, -1.545662869061e-01, 1.786145068573e-03, 1.7778e+01, 2.7186e-02, 
 2DIAGNOSTIC,    22, -1.545399682682e-01, 1.490749691076e-03, 1.7802e+01, 2.3558e-02, 
 2DIAGNOSTIC,    23, -1.545102212154e-01, 1.137505468078e-03, 1.7822e+01, 1.9866e-02, 
 2DIAGNOSTIC,    24, -1.545185266921e-01, 7.378904591777e-04, 1.7842e+01, 1.9703e-02, 
 2DIAGNOSTIC,    25, -1.546043713117e-01, 4.089970536426e-04, 1.7861e+01, 1.9622e-02, 
 2DIAGNOSTIC,    26, -1.546398528050e-01, 1.831426240495e-04, 1.7884e+01, 2.3179e-02, 
 2DIAGNOSTIC,    27, -1.548409207156e-01, 7.172673519060e-05, 1.7908e+01, 2.3347e-02, 
 2DIAGNOSTIC,    28, -1.549325062966e-01, 6.020738942233e-05, 1.7928e+01, 2.0084e-02, 
 2DIAGNOSTIC,    29, -1.550413832287e-01, 7.555184521556e-05, 1.7951e+01, 2.3642e-02, 
 2DIAGNOSTIC,    30, -1.551987882722e-01, 9.812628570978e-05, 1.7975e+01, 2.3595e-02, 
 2DIAGNOSTIC,    31, -1.552462652750e-01, 1.156290921732e-04, 1.7995e+01, 1.9980e-02, 
 2DIAGNOSTIC,    32, -1.555237680525e-01, 1.361479240411e-04, 1.8022e+01, 2.6940e-02, 
 2DIAGNOSTIC,    33, -1.556812360081e-01, 1.495788051741e-04, 1.8045e+01, 2.3299e-02, 
 2DIAGNOSTIC,    34, -1.557943536308e-01, 1.547756264586e-04, 1.8069e+01, 2.3537e-02, 
 2DIAGNOSTIC,    35, -1.559061731997e-01, 1.559371521954e-04, 1.8089e+01, 2.0012e-02, 
 2DIAGNOSTIC,    36, -1.560096020057e-01, 1.493797968771e-04, 1.8109e+01, 2.0110e-02, 
 2DIAGNOSTIC,    37, -1.566283182950e-01, 1.708144636671e-04, 1.8134e+01, 2.4682e-02, 
 2DIAGNOSTIC,    38, -1.575137186584e-01, 2.225460870422e-04, 1.8162e+01, 2.8118e-02, 
 2DIAGNOSTIC,    39, -1.576491361000e-01, 2.613280261891e-04, 1.8196e+01, 3.4658e-02, 
 2DIAGNOSTIC,    40, -1.577846771629e-01, 2.879617411740e-04, 1.8217e+01, 2.0354e-02, 
 2DIAGNOSTIC,    41, -1.581203079694e-01, 3.036171168427e-04, 1.8237e+01, 2.0387e-02, 
 2DIAGNOSTIC,    42, -1.583508557717e-01, 3.114137968883e-04, 1.8262e+01, 2.4525e-02, 
 2DIAGNOSTIC,    43, -1.584523837829e-01, 2.997043147313e-04, 1.8286e+01, 2.4249e-02, 
 2DIAGNOSTIC,    44, -1.584051004149e-01, 2.631331635853e-04, 1.8306e+01, 2.0558e-02, 
 2DIAGNOSTIC,    45, -1.585970359128e-01, 2.167331512373e-04, 1.8331e+01, 2.4234e-02, 
 2DIAGNOSTIC,    46, -1.592750182624e-01, 1.829448466923e-04, 1.8359e+01, 2.8019e-02, 
 2DIAGNOSTIC,    47, -1.596646476934e-01, 1.715956124246e-04, 1.8405e+01, 4.5941e-02, 
 2DIAGNOSTIC,    48, -1.596450582218e-01, 1.781558302256e-04, 1.8425e+01, 2.0429e-02, 
 2DIAGNOSTIC,    49, -1.596545636206e-01, 1.737312574501e-04, 1.8446e+01, 2.0508e-02, 
 2DIAGNOSTIC,    50, -1.596667512346e-01, 1.582475189817e-04, 1.8466e+01, 2.0482e-02, 
 2DIAGNOSTIC,    51, -1.596806829581e-01, 1.403357410875e-04, 1.8487e+01, 2.0800e-02, 
 2DIAGNOSTIC,    52, -1.596941070653e-01, 1.181544188565e-04, 1.8507e+01, 2.0528e-02, 
 2DIAGNOSTIC,    53, -1.597250339269e-01, 9.070569482595e-05, 1.8528e+01, 2.0450e-02, 
 2DIAGNOSTIC,    54, -1.596029258273e-01, 5.013663730750e-05, 1.8548e+01, 2.0472e-02, 
 2DIAGNOSTIC,    55, -1.596122404120e-01, 1.277124344156e-05, 1.8572e+01, 2.4140e-02, 
DIAGNOSTIC,Iteration,metricValue,convergenceValue,ITERATION_TIME_INDEX,SINCE_LAST
 2DIAGNOSTIC,     1, -1.200940521478e-01, 1.797693134862e+308, 3.2045e+01, 1.3472e+01, 
 2DIAGNOSTIC,     2, -1.207354515578e-01, 1.797693134862e+308, 3.2131e+01, 8.6533e-02, 
 2DIAGNOSTIC,     3, -1.215518090354e-01, 1.797693134862e+308, 3.2213e+01, 8.1591e-02, 
 2DIAGNOSTIC,     4, -1.223176014057e-01, 1.797693134862e+308, 3.2295e+01, 8.2029e-02, 
 2DIAGNOSTIC,     5, -1.228916761041e-01, 1.797693134862e+308, 3.2378e+01, 8.3209e-02, 
 2DIAGNOSTIC,     6, -1.236227332668e-01, 1.797693134862e+308, 3.2460e+01, 8.2415e-02, 
 2DIAGNOSTIC,     7, -1.246859039648e-01, 1.797693134862e+308, 3.2549e+01, 8.8965e-02, 
 2DIAGNOSTIC,     8, -1.269715930925e-01, 1.797693134862e+308, 3.2703e+01, 1.5385e-01, 
 2DIAGNOSTIC,     9, -1.292610841089e-01, 1.797693134862e+308, 3.2794e+01, 9.1051e-02, 
 2DIAGNOSTIC,    10, -1.305238951319e-01, 5.242861305294e-03, 3.2887e+01, 9.2802e-02, 
 2DIAGNOSTIC,    11, -1.336656806851e-01, 5.727826817335e-03, 3.3001e+01, 1.1438e-01, 
 2DIAGNOSTIC,    12, -1.361614343447e-01, 6.183322146858e-03, 3.3144e+01, 1.4304e-01, 
 2DIAGNOSTIC,    13, -1.366071042644e-01, 6.213247362546e-03, 3.3239e+01, 9.4788e-02, 
 2DIAGNOSTIC,    14, -1.376578236906e-01, 5.967346529613e-03, 3.3335e+01, 9.6074e-02, 
 2DIAGNOSTIC,    15, -1.394454954913e-01, 5.559027328641e-03, 3.3446e+01, 1.1042e-01, 
 2DIAGNOSTIC,    16, -1.399808985274e-01, 4.863187404230e-03, 3.3559e+01, 1.1305e-01, 
 2DIAGNOSTIC,    17, -1.409917040031e-01, 4.069258914411e-03, 3.3652e+01, 9.3462e-02, 
 2DIAGNOSTIC,    18, -1.418875396019e-01, 3.378885621650e-03, 3.3793e+01, 1.4106e-01, 
 2DIAGNOSTIC,    19, -1.422273686138e-01, 2.756593751359e-03, 3.3901e+01, 1.0732e-01, 
 2DIAGNOSTIC,    20, -1.423413949781e-01, 2.087412800486e-03, 3.4062e+01, 1.6183e-01, 
 2DIAGNOSTIC,    21, -1.423634728633e-01, 1.611771801845e-03, 3.4152e+01, 8.9968e-02, 
 2DIAGNOSTIC,    22, -1.424246558628e-01, 1.282964876902e-03, 3.4241e+01, 8.8526e-02, 
 2DIAGNOSTIC,    23, -1.425381459909e-01, 9.153084252259e-04, 3.4333e+01, 9.1897e-02, 
 2DIAGNOSTIC,    24, -1.426877521576e-01, 5.978744044677e-04, 3.4420e+01, 8.7367e-02, 
 2DIAGNOSTIC,    25, -1.428893405282e-01, 4.211128155125e-04, 3.4511e+01, 9.0961e-02, 
 2DIAGNOSTIC,    26, -1.431735902525e-01, 2.849003995173e-04, 3.4602e+01, 9.0718e-02, 
 2DIAGNOSTIC,    27, -1.436185078094e-01, 2.447117379112e-04, 3.4696e+01, 9.4416e-02, 
 2DIAGNOSTIC,    28, -1.441577691593e-01, 2.913581384611e-04, 3.4787e+01, 9.0875e-02, 
 2DIAGNOSTIC,    29, -1.449537485564e-01, 3.886632331516e-04, 3.4920e+01, 1.3274e-01, 
 2DIAGNOSTIC,    30, -1.451530038949e-01, 4.635031851328e-04, 3.5009e+01, 8.9029e-02, 
 2DIAGNOSTIC,    31, -1.455440176279e-01, 5.178432122457e-04, 3.5149e+01, 1.3985e-01, 
 2DIAGNOSTIC,    32, -1.459158888267e-01, 5.475877850638e-04, 3.5295e+01, 1.4659e-01, 
 2DIAGNOSTIC,    33, -1.459943054839e-01, 5.349137610359e-04, 3.5382e+01, 8.6206e-02, 
 2DIAGNOSTIC,    34, -1.463824411838e-01, 5.051048419143e-04, 3.5467e+01, 8.5577e-02, 
 2DIAGNOSTIC,    35, -1.467468101822e-01, 4.624497700042e-04, 3.5559e+01, 9.1746e-02, 
 2DIAGNOSTIC,    36, -1.470203465840e-01, 4.101890342859e-04, 3.5649e+01, 8.9635e-02, 
 2DIAGNOSTIC,    37, -1.473220398794e-01, 3.632862569220e-04, 3.5737e+01, 8.8220e-02, 
 2DIAGNOSTIC,    38, -1.476204839039e-01, 3.290343238303e-04, 3.5842e+01, 1.0552e-01, 
 2DIAGNOSTIC,    39, -1.484942535240e-01, 3.532743625053e-04, 3.6033e+01, 1.9122e-01, 
 2DIAGNOSTIC,    40, -1.485437548848e-01, 3.538647397671e-04, 3.6122e+01, 8.8910e-02, 
 2DIAGNOSTIC,    41, -1.486433369424e-01, 3.454864502928e-04, 3.6223e+01, 1.0017e-01, 
 2DIAGNOSTIC,    42, -1.487168624477e-01, 3.270127019161e-04, 3.6322e+01, 9.9858e-02, 
 2DIAGNOSTIC,    43, -1.487233331154e-01, 2.818126387398e-04, 3.6408e+01, 8.5371e-02, 
 2DIAGNOSTIC,    44, -1.488019786985e-01, 2.328759077714e-04, 3.6509e+01, 1.0153e-01, 
 2DIAGNOSTIC,    45, -1.488985774441e-01, 1.847307961358e-04, 3.6600e+01, 9.0940e-02, 
 2DIAGNOSTIC,    46, -1.489995712012e-01, 1.380252982527e-04, 3.6686e+01, 8.5841e-02, 
 2DIAGNOSTIC,    47, -1.490802897830e-01, 9.685977000896e-05, 3.6789e+01, 1.0286e-01, 
 2DIAGNOSTIC,    48, -1.491204602714e-01, 6.165318578587e-05, 3.6876e+01, 8.7258e-02, 
 2DIAGNOSTIC,    49, -1.492448137596e-01, 6.341846395204e-05, 3.6971e+01, 9.5079e-02, 
 2DIAGNOSTIC,    50, -1.493667611937e-01, 6.579690378999e-05, 3.7109e+01, 1.3793e-01, 
 2DIAGNOSTIC,    51, -1.494040302203e-01, 6.708226119193e-05, 3.7239e+01, 1.3007e-01, 
 2DIAGNOSTIC,    52, -1.494247930159e-01, 6.572022577157e-05, 3.7327e+01, 8.7226e-02, 
 2DIAGNOSTIC,    53, -1.494472740942e-01, 5.931156443224e-05, 3.7413e+01, 8.6790e-02, 
 2DIAGNOSTIC,    54, -1.495016620683e-01, 5.238402209949e-05, 3.7531e+01, 1.1760e-01, 
 2DIAGNOSTIC,    55, -1.495641596828e-01, 4.639488441107e-05, 3.7648e+01, 1.1742e-01, 
 2DIAGNOSTIC,    56, -1.496032077598e-01, 4.119874383304e-05, 3.7736e+01, 8.8020e-02, 
 2DIAGNOSTIC,    57, -1.496104630953e-01, 3.547499671029e-05, 3.7841e+01, 1.0441e-01, 
 2DIAGNOSTIC,    58, -1.496242736734e-01, 2.844492625079e-05, 3.7941e+01, 1.0001e-01, 
 2DIAGNOSTIC,    59, -1.496365828153e-01, 2.350530816831e-05, 3.8030e+01, 8.9464e-02, 
 2DIAGNOSTIC,    60, -1.497135073898e-01, 2.310271755019e-05, 3.8148e+01, 1.1742e-01, 
 2DIAGNOSTIC,    61, -1.497848369213e-01, 2.403418348621e-05, 3.8487e+01, 3.3919e-01, 
 2DIAGNOSTIC,    62, -1.497848363124e-01, 2.333816215453e-05, 3.8578e+01, 9.0681e-02, 
 2DIAGNOSTIC,    63, -1.497848394049e-01, 2.123672797134e-05, 3.8667e+01, 8.9350e-02, 
 2DIAGNOSTIC,    64, -1.497848446335e-01, 1.888865948553e-05, 3.8755e+01, 8.8199e-02, 
 2DIAGNOSTIC,    65, -1.497848534730e-01, 1.669095145831e-05, 3.8843e+01, 8.7601e-02, 
 2DIAGNOSTIC,    66, -1.497848684045e-01, 1.414415106380e-05, 3.8929e+01, 8.6661e-02, 
 2DIAGNOSTIC,    67, -1.497848935514e-01, 1.060203128662e-05, 3.9017e+01, 8.7548e-02, 
 2DIAGNOSTIC,    68, -1.497849360254e-01, 6.651796022800e-06, 3.9129e+01, 1.1188e-01, 
 2DIAGNOSTIC,    69, -1.497850075726e-01, 2.545606109784e-06, 3.9216e+01, 8.7213e-02, 
DIAGNOSTIC,Iteration,metricValue,convergenceValue,ITERATION_TIME_INDEX,SINCE_LAST
 2DIAGNOSTIC,     1, -1.250179303823e-01, 1.797693134862e+308, 4.6993e+01, 7.7767e+00, 
 2DIAGNOSTIC,     2, -1.256704278322e-01, 1.797693134862e+308, 4.7544e+01, 5.5179e-01, 
 2DIAGNOSTIC,     3, -1.267412491332e-01, 1.797693134862e+308, 4.8111e+01, 5.6641e-01, 
 2DIAGNOSTIC,     4, -1.281243603893e-01, 1.797693134862e+308, 4.8680e+01, 5.6938e-01, 
 2DIAGNOSTIC,     5, -1.293931648058e-01, 1.797693134862e+308, 4.9241e+01, 5.6111e-01, 
 2DIAGNOSTIC,     6, -1.299774673422e-01, 1.797693134862e+308, 4.9808e+01, 5.6678e-01, 
 2DIAGNOSTIC,     7, -1.304279227877e-01, 1.797693134862e+308, 5.0367e+01, 5.5846e-01, 
 2DIAGNOSTIC,     8, -1.310239807425e-01, 1.797693134862e+308, 5.1226e+01, 8.5898e-01, 
 2DIAGNOSTIC,     9, -1.311636676305e-01, 1.797693134862e+308, 5.1789e+01, 5.6358e-01, 
 2DIAGNOSTIC,    10, -1.312608866840e-01, 3.359735455303e-03, 5.2439e+01, 6.4973e-01, 
 2DIAGNOSTIC,    11, -1.312984262286e-01, 2.513805614273e-03, 5.3003e+01, 5.6374e-01, 
 2DIAGNOSTIC,    12, -1.313791757837e-01, 1.719934267417e-03, 5.3583e+01, 5.8047e-01, 
 2DIAGNOSTIC,    13, -1.316841340169e-01, 1.122676704708e-03, 5.4524e+01, 9.4059e-01, 
 2DIAGNOSTIC,    14, -1.317754351720e-01, 7.359911338991e-04, 5.5194e+01, 6.7011e-01, 
 2DIAGNOSTIC,    15, -1.317942384431e-01, 5.225038265849e-04, 5.5847e+01, 6.5283e-01, 
 2DIAGNOSTIC,    16, -1.318614696185e-01, 3.776008771534e-04, 5.6398e+01, 5.5175e-01, 
 2DIAGNOSTIC,    17, -1.318939474994e-01, 2.753834521064e-04, 5.6952e+01, 5.5384e-01, 
 2DIAGNOSTIC,    18, -1.319564634019e-01, 2.383837473870e-04, 5.7834e+01, 8.8148e-01, 
 2DIAGNOSTIC,    19, -1.320055321546e-01, 2.046301047798e-04, 5.8389e+01, 5.5561e-01, 
 2DIAGNOSTIC,    20, -1.320270850484e-01, 1.688185529279e-04, 5.9048e+01, 6.5856e-01, 
 2DIAGNOSTIC,    21, -1.320731499330e-01, 1.298286904056e-04, 5.9805e+01, 7.5746e-01, 
 2DIAGNOSTIC,    22, -1.321013068258e-01, 9.238143777137e-05, 6.0459e+01, 6.5354e-01, 
 2DIAGNOSTIC,    23, -1.321424048489e-01, 8.223816069205e-05, 6.1039e+01, 5.8017e-01, 
 2DIAGNOSTIC,    24, -1.321661039133e-01, 7.576238528972e-05, 6.1612e+01, 5.7259e-01, 
 2DIAGNOSTIC,    25, -1.321832035504e-01, 6.586456265317e-05, 6.2166e+01, 5.5418e-01, 
 2DIAGNOSTIC,    26, -1.322069631880e-01, 5.828293507500e-05, 6.2824e+01, 6.5823e-01, 
 2DIAGNOSTIC,    27, -1.322230191197e-01, 4.966344712985e-05, 6.5197e+01, 2.3726e+00, 
 2DIAGNOSTIC,    28, -1.322230173608e-01, 4.185380673875e-05, 6.5773e+01, 5.7591e-01, 
 2DIAGNOSTIC,    29, -1.322230190607e-01, 3.444603657618e-05, 6.6362e+01, 5.8965e-01, 
 2DIAGNOSTIC,    30, -1.322230219347e-01, 2.590793269050e-05, 6.6917e+01, 5.5437e-01, 
 2DIAGNOSTIC,    31, -1.322230267958e-01, 1.876860662545e-05, 6.7526e+01, 6.0920e-01, 
 2DIAGNOSTIC,    32, -1.322230350275e-01, 1.224294195499e-05, 6.8081e+01, 5.5541e-01, 
 2DIAGNOSTIC,    33, -1.322230489577e-01, 7.742517587825e-06, 6.8638e+01, 5.5656e-01, 
 2DIAGNOSTIC,    34, -1.322230725285e-01, 4.382903041888e-06, 6.9209e+01, 5.7168e-01, 
 2DIAGNOSTIC,    35, -1.322241236671e-01, 1.983957635933e-06, 6.9764e+01, 5.5417e-01, 
 2DIAGNOSTIC,    36, -1.322241902027e-01, 1.022566909099e-06, 7.0318e+01, 5.5464e-01, 
 2DIAGNOSTIC,    37, -1.322243022880e-01, 1.048369638615e-06, 7.0876e+01, 5.5770e-01, 
 2DIAGNOSTIC,    38, -1.322244917648e-01, 1.067012879472e-06, 7.1459e+01, 5.8321e-01, 
 2DIAGNOSTIC,    39, -1.322263924729e-01, 1.168629865881e-06, 7.2018e+01, 5.5833e-01, 
 2DIAGNOSTIC,    40, -1.322273147148e-01, 1.278442683668e-06, 7.2765e+01, 7.4750e-01, 
 2DIAGNOSTIC,    41, -1.322275109099e-01, 1.347635908696e-06, 7.3466e+01, 7.0080e-01, 
 2DIAGNOSTIC,    42, -1.322244881660e-01, 1.206719736805e-06, 7.4022e+01, 5.5621e-01, 
DIAGNOSTIC,Iteration,metricValue,convergenceValue,ITERATION_TIME_INDEX,SINCE_LAST
 2DIAGNOSTIC,     1, -1.257321211387e-01, 1.797693134862e+308, 8.2882e+01, 8.8596e+00, 
  Elapsed time (stage 1): 8.5170e+01


Stage 2
  iterations = 100x100x70x50x0
  convergence threshold = 1.0000e-06
  convergence window size = 10
  number of levels = 5
  using the Mattes MI metric (number of bins = 32, weight = 1.0000e+00)
  preprocessing:  winsorizing the image intensities
  Shrink factors (level 1 out of 5): [10, 10, 4]
  Shrink factors (level 2 out of 5): [6, 6, 2]
  Shrink factors (level 3 out of 5): [4, 4, 2]
  Shrink factors (level 4 out of 5): [2, 2, 1]
  Shrink factors (level 5 out of 5): [1, 1, 1]
  smoothing sigmas per level: [5, 3, 2, 1, 0]
  Using default NONE metricSamplingStrategy 

*** Running SyN registration (varianceForUpdateField = 3.0000e+00, varianceForTotalField = 0.0000e+00) ***

XXDIAGNOSTIC,Iteration,metricValue,convergenceValue,ITERATION_TIME_INDEX,SINCE_LAST
 1DIAGNOSTIC,     1, -1.784321157795e-01, 1.797693134862e+308, 2.5346e+01, 2.5346e+01, 
 1DIAGNOSTIC,     2, -1.799044023786e-01, 1.797693134862e+308, 2.5636e+01, 2.8948e-01, 
 1DIAGNOSTIC,     3, -1.811376083761e-01, 1.797693134862e+308, 2.5932e+01, 2.9581e-01, 
 1DIAGNOSTIC,     4, -1.824069686845e-01, 1.797693134862e+308, 2.6210e+01, 2.7814e-01, 
 1DIAGNOSTIC,     5, -1.831637975626e-01, 1.797693134862e+308, 2.6475e+01, 2.6511e-01, 
 1DIAGNOSTIC,     6, -1.838756504049e-01, 1.797693134862e+308, 2.6727e+01, 2.5168e-01, 
 1DIAGNOSTIC,     7, -1.845377704778e-01, 1.797693134862e+308, 2.6981e+01, 2.5433e-01, 
 1DIAGNOSTIC,     8, -1.855995825304e-01, 1.797693134862e+308, 2.7237e+01, 2.5612e-01, 
 1DIAGNOSTIC,     9, -1.865280377452e-01, 1.797693134862e+308, 2.7510e+01, 2.7336e-01, 
 1DIAGNOSTIC,    10, -1.869605738795e-01, 2.881675775560e-03, 2.7801e+01, 2.9090e-01, 
 1DIAGNOSTIC,    11, -1.876852126324e-01, 2.395583654307e-03, 2.8092e+01, 2.9075e-01, 
 1DIAGNOSTIC,    12, -1.883571292897e-01, 2.050032458959e-03, 2.8357e+01, 2.6444e-01, 
 1DIAGNOSTIC,    13, -1.888724498310e-01, 1.776109324268e-03, 2.8619e+01, 2.6257e-01, 
 1DIAGNOSTIC,    14, -1.894343048304e-01, 1.580235888711e-03, 2.8875e+01, 2.5620e-01, 
 1DIAGNOSTIC,    15, -1.901132033111e-01, 1.413133112226e-03, 2.9134e+01, 2.5842e-01, 
 1DIAGNOSTIC,    16, -1.905924315326e-01, 1.251041068963e-03, 2.9389e+01, 2.5482e-01, 
 1DIAGNOSTIC,    17, -1.909990753592e-01, 1.087541125057e-03, 2.9669e+01, 2.8023e-01, 
 1DIAGNOSTIC,    18, -1.915670679942e-01, 9.791677579055e-04, 2.9925e+01, 2.5604e-01, 
 1DIAGNOSTIC,    19, -1.921433246274e-01, 9.118660115427e-04, 3.0182e+01, 2.5732e-01, 
 1DIAGNOSTIC,    20, -1.924790432756e-01, 8.237130193202e-04, 3.0439e+01, 2.5713e-01, 
 1DIAGNOSTIC,    21, -1.929768556997e-01, 7.554151341979e-04, 3.0700e+01, 2.6026e-01, 
 1DIAGNOSTIC,    22, -1.934676223838e-01, 7.027461949614e-04, 3.0955e+01, 2.5509e-01, 
 1DIAGNOSTIC,    23, -1.940706878712e-01, 6.618056266747e-04, 3.1211e+01, 2.5638e-01, 
 1DIAGNOSTIC,    24, -1.945330055000e-01, 6.255836966113e-04, 3.1492e+01, 2.8055e-01, 
 1DIAGNOSTIC,    25, -1.947186667257e-01, 5.855951302449e-04, 3.1754e+01, 2.6202e-01, 
 1DIAGNOSTIC,    26, -1.950027948362e-01, 5.383396968547e-04, 3.2015e+01, 2.6146e-01, 
 1DIAGNOSTIC,    27, -1.952091511667e-01, 4.775393445344e-04, 3.2277e+01, 2.6168e-01, 
 1DIAGNOSTIC,    28, -1.952388451105e-01, 4.075191167778e-04, 3.2541e+01, 2.6457e-01, 
 1DIAGNOSTIC,    29, -1.955195706375e-01, 3.485301026751e-04, 3.2805e+01, 2.6380e-01, 
 1DIAGNOSTIC,    30, -1.956583242276e-01, 2.840809795093e-04, 3.3068e+01, 2.6264e-01, 
 1DIAGNOSTIC,    31, -1.958885329473e-01, 2.320903591123e-04, 3.3330e+01, 2.6252e-01, 
 1DIAGNOSTIC,    32, -1.960547580875e-01, 1.916847923248e-04, 3.3597e+01, 2.6629e-01, 
 1DIAGNOSTIC,    33, -1.962225390892e-01, 1.702987198290e-04, 3.3858e+01, 2.6111e-01, 
 1DIAGNOSTIC,    34, -1.965570106621e-01, 1.690388256170e-04, 3.4119e+01, 2.6143e-01, 
 1DIAGNOSTIC,    35, -1.967089793986e-01, 1.656879688447e-04, 3.4381e+01, 2.6165e-01, 
 1DIAGNOSTIC,    36, -1.969977376664e-01, 1.704568304593e-04, 3.4642e+01, 2.6097e-01, 
 1DIAGNOSTIC,    37, -1.971249392497e-01, 1.722499949262e-04, 3.4902e+01, 2.6026e-01, 
 1DIAGNOSTIC,    38, -1.973532769868e-01, 1.675467944492e-04, 3.5164e+01, 2.6217e-01, 
 1DIAGNOSTIC,    39, -1.973380296635e-01, 1.571319457074e-04, 3.5428e+01, 2.6400e-01, 
 1DIAGNOSTIC,    40, -1.974255541433e-01, 1.407114584263e-04, 3.5696e+01, 2.6739e-01, 
 1DIAGNOSTIC,    41, -1.975704689208e-01, 1.252847106160e-04, 3.5956e+01, 2.6087e-01, 
 1DIAGNOSTIC,    42, -1.975755131784e-01, 1.045871386364e-04, 3.6220e+01, 2.6370e-01, 
 1DIAGNOSTIC,    43, -1.976844887135e-01, 8.436610514505e-05, 3.6487e+01, 2.6658e-01, 
 1DIAGNOSTIC,    44, -1.977176400279e-01, 6.947189609642e-05, 3.6751e+01, 2.6455e-01, 
 1DIAGNOSTIC,    45, -1.979240155838e-01, 6.033133482447e-05, 3.7014e+01, 2.6298e-01, 
 1DIAGNOSTIC,    46, -1.979652002804e-01, 5.626758308343e-05, 3.7276e+01, 2.6205e-01, 
 1DIAGNOSTIC,    47, -1.979054786742e-01, 4.904888679984e-05, 3.7547e+01, 2.7116e-01, 
 1DIAGNOSTIC,    48, -1.979314767518e-01, 4.557110105357e-05, 3.7812e+01, 2.6494e-01, 
 1DIAGNOSTIC,    49, -1.981037080516e-01, 4.257445003092e-05, 3.8078e+01, 2.6527e-01, 
 1DIAGNOSTIC,    50, -1.982289918667e-01, 4.162371295919e-05, 3.8343e+01, 2.6517e-01, 
 1DIAGNOSTIC,    51, -1.982674007788e-01, 4.206930696168e-05, 3.8608e+01, 2.6486e-01, 
 1DIAGNOSTIC,    52, -1.981543402786e-01, 3.559389139676e-05, 3.8873e+01, 2.6518e-01, 
 1DIAGNOSTIC,    53, -1.982673318184e-01, 3.238370201787e-05, 3.9139e+01, 2.6608e-01, 
 1DIAGNOSTIC,    54, -1.984353346634e-01, 3.135575305328e-05, 3.9408e+01, 2.6898e-01, 
 1DIAGNOSTIC,    55, -1.983464095770e-01, 3.029963254312e-05, 3.9676e+01, 2.6842e-01, 
 1DIAGNOSTIC,    56, -1.984382459689e-01, 3.020167671298e-05, 3.9942e+01, 2.6554e-01, 
 1DIAGNOSTIC,    57, -1.984479805524e-01, 2.606941270174e-05, 4.0203e+01, 2.6107e-01, 
 1DIAGNOSTIC,    58, -1.986589858044e-01, 2.549906728820e-05, 4.0477e+01, 2.7454e-01, 
 1DIAGNOSTIC,    59, -1.986058842289e-01, 2.521194395332e-05, 4.0742e+01, 2.6430e-01, 
 1DIAGNOSTIC,    60, -1.987750831387e-01, 2.987193218132e-05, 4.1006e+01, 2.6453e-01, 
 1DIAGNOSTIC,    61, -1.988291923658e-01, 3.387838117264e-05, 4.1269e+01, 2.6321e-01, 
 1DIAGNOSTIC,    62, -1.989291067123e-01, 3.413037918684e-05, 4.1537e+01, 2.6753e-01, 
 1DIAGNOSTIC,    63, -1.988845169956e-01, 3.256486245464e-05, 4.1803e+01, 2.6574e-01, 
 1DIAGNOSTIC,    64, -1.991234307567e-01, 3.743735486488e-05, 4.2071e+01, 2.6831e-01, 
 1DIAGNOSTIC,    65, -1.991925844311e-01, 3.798194317576e-05, 4.2339e+01, 2.6788e-01, 
 1DIAGNOSTIC,    66, -1.992435524696e-01, 3.806182985576e-05, 4.2602e+01, 2.6269e-01, 
 1DIAGNOSTIC,    67, -1.992471059832e-01, 3.475922199199e-05, 4.2863e+01, 2.6144e-01, 
 1DIAGNOSTIC,    68, -1.991971064845e-01, 3.183984036694e-05, 4.3127e+01, 2.6401e-01, 
 1DIAGNOSTIC,    69, -1.991958079805e-01, 2.473878346687e-05, 4.3390e+01, 2.6252e-01, 
 1DIAGNOSTIC,    70, -1.993385488989e-01, 2.194379323104e-05, 4.3674e+01, 2.8455e-01, 
 1DIAGNOSTIC,    71, -1.994597507741e-01, 2.065431342155e-05, 4.3979e+01, 3.0517e-01, 
 1DIAGNOSTIC,    72, -1.995369718317e-01, 2.111979683500e-05, 4.4259e+01, 2.7945e-01, 
 1DIAGNOSTIC,    73, -1.994746033098e-01, 1.738317818658e-05, 4.4532e+01, 2.7275e-01, 
 1DIAGNOSTIC,    74, -1.995480305988e-01, 1.834062762961e-05, 4.4795e+01, 2.6304e-01, 
 1DIAGNOSTIC,    75, -1.995124966736e-01, 1.806931080975e-05, 4.5061e+01, 2.6597e-01, 
 1DIAGNOSTIC,    76, -1.994620843653e-01, 1.606228091604e-05, 4.5327e+01, 2.6599e-01, 
 1DIAGNOSTIC,    77, -1.995822523713e-01, 1.502784263197e-05, 4.5620e+01, 2.9346e-01, 
 1DIAGNOSTIC,    78, -1.996456633217e-01, 1.285391541143e-05, 4.5883e+01, 2.6313e-01, 
 1DIAGNOSTIC,    79, -1.996191306343e-01, 8.958732692204e-06, 4.6147e+01, 2.6395e-01, 
 1DIAGNOSTIC,    80, -1.996044380054e-01, 6.678947481950e-06, 4.6411e+01, 2.6426e-01, 
 1DIAGNOSTIC,    81, -1.996693412893e-01, 7.197149614811e-06, 4.6675e+01, 2.6371e-01, 
 1DIAGNOSTIC,    82, -1.996290540536e-01, 7.658774896875e-06, 4.6937e+01, 2.6231e-01, 
 1DIAGNOSTIC,    83, -1.996702925415e-01, 6.982539610767e-06, 4.7204e+01, 2.6656e-01, 
 1DIAGNOSTIC,    84, -1.996017626116e-01, 5.806107100098e-06, 4.7492e+01, 2.8760e-01, 
 1DIAGNOSTIC,    85, -1.998145305584e-01, 7.268975403244e-06, 4.7773e+01, 2.8123e-01, 
 1DIAGNOSTIC,    86, -1.997879280856e-01, 6.555105202460e-06, 4.8037e+01, 2.6447e-01, 
 1DIAGNOSTIC,    87, -1.999088700263e-01, 9.294365573963e-06, 4.8301e+01, 2.6422e-01, 
 1DIAGNOSTIC,    88, -1.998561125286e-01, 1.130095883556e-05, 4.8567e+01, 2.6562e-01, 
 1DIAGNOSTIC,    89, -1.999008954596e-01, 1.255612563826e-05, 4.8830e+01, 2.6326e-01, 
 1DIAGNOSTIC,    90, -1.998994631379e-01, 1.226511671333e-05, 4.9095e+01, 2.6421e-01, 
 1DIAGNOSTIC,    91, -1.998372031810e-01, 1.086283605321e-05, 4.9357e+01, 2.6222e-01, 
 1DIAGNOSTIC,    92, -1.998535386444e-01, 8.132175979489e-06, 4.9643e+01, 2.8660e-01, 
 1DIAGNOSTIC,    93, -1.999635401898e-01, 7.119933431469e-06, 4.9905e+01, 2.6176e-01, 
 1DIAGNOSTIC,    94, -1.999869116404e-01, 4.638420173375e-06, 5.0168e+01, 2.6319e-01, 
 1DIAGNOSTIC,    95, -2.000891011808e-01, 6.644749977148e-06, 5.0438e+01, 2.6949e-01, 
 1DIAGNOSTIC,    96, -2.000616514436e-01, 7.132333998256e-06, 5.0701e+01, 2.6285e-01, 
 1DIAGNOSTIC,    97, -2.000801513475e-01, 9.097758178776e-06, 5.0962e+01, 2.6122e-01, 
 1DIAGNOSTIC,    98, -1.999953558634e-01, 8.085500539825e-06, 5.1227e+01, 2.6480e-01, 
 1DIAGNOSTIC,    99, -2.000747361673e-01, 8.171021738352e-06, 5.1529e+01, 3.0247e-01, 
 1DIAGNOSTIC,   100, -1.999709330159e-01, 5.955952604419e-06, 5.1794e+01, 2.6509e-01, 
XXDIAGNOSTIC,Iteration,metricValue,convergenceValue,ITERATION_TIME_INDEX,SINCE_LAST
 1DIAGNOSTIC,     1, -1.766992042522e-01, 1.797693134862e+308, 6.6676e+01, 1.4882e+01, 
 1DIAGNOSTIC,     2, -1.771479931123e-01, 1.797693134862e+308, 6.7982e+01, 1.3056e+00, 
 1DIAGNOSTIC,     3, -1.776029538120e-01, 1.797693134862e+308, 6.9227e+01, 1.2447e+00, 
 1DIAGNOSTIC,     4, -1.779826632287e-01, 1.797693134862e+308, 7.0491e+01, 1.2647e+00, 
 1DIAGNOSTIC,     5, -1.784310514803e-01, 1.797693134862e+308, 7.1710e+01, 1.2183e+00, 
slurmstepd: error: Job 4188724 exceeded memory limit (2085920 > 2048000), being killed
slurmstepd: error: *** JOB 4188724 ON wbic-cs-30 CANCELLED AT 2019-11-27T11:43:53 ***
