Changed directory to /lustre/scratch/wbic-beta/ccn30/ENCRYPT/gridcellpilot/scripts/coregistration/slurmoutputs.

JobID: 4032446
======
Time: Tue Oct  8 18:08:59 BST 2019
Running on master node: wbic-cs-18
Current directory: /lustre/scratch/wbic-beta/ccn30/ENCRYPT/gridcellpilot/scripts/coregistration/slurmoutputs

Nodes allocated:
================
wbic-cs-18

numtasks=1, numnodes=1, mpi_tasks_per_node=1 (OMP_NUM_THREADS=1)

Executing command:
==================
/lustre/scratch/wbic-beta/ccn30/ENCRYPT/gridcellpilot/scripts/coregistration/coreg_all.sh /lustre/scratch/wbic-beta/ccn30/ENCRYPT/gridcellpilot 27734/20190902_U-ID46027

27734
/lustre/scratch/wbic-beta/ccn30/ENCRYPT/gridcellpilot/preprocessed_data/segmentation/27734
mkdir: cannot create directory ‘/lustre/scratch/wbic-beta/ccn30/ENCRYPT/gridcellpilot/preprocessed_data/segmentation/27734/coregistration’: File exists
EXECUTING t2 to t1 coreg in /lustre/scratch/wbic-beta/ccn30/ENCRYPT/gridcellpilot/preprocessed_data/segmentation/27734/coregistration
>> CORR_RATIO COREG OK: subject 27734/run 1
1.000348 0.994875 -0.071643 -0.071358 0.000000 0.071364 0.997430 -0.006450 0.000000 0.071636 0.001325 0.997430 0.000000 -21.502110 15.412673 20.677619 1.000000 
>> BBR COREG OK: subject 27734/run 1
EXECUTING matrix calcs for subject 27734 run 1}
FLIRT pre-alignment
Running BBR
0.979547 0.996920 -0.077567 -0.011566 0.000000 0.077444 0.996939 -0.010732 0.000000 0.012363 0.009803 0.999876 0.000000 -19.196659 15.158750 104.938834 1.000000 
>> EPI_REG OK: subject 27734/run 1
>> MATRIX INVERSION OK: subject 27734/run 1
>> MATRIX CONCATENATION OK: subject 27734/run 1
EXECUTING mask to epi coreg for subject 27734 run 1
>> EC MASKS SUCCESSFULLY TRANSFORMED TO EPI SPACE: subject 27734/run 1
