Changed directory to /lustre/scratch/wbic-beta/ccn30/ENCRYPT/fMRI/gridcellpilot/scripts/coregistration/slurmoutputs.

JobID: 6248628
======
Time: Tue Feb  9 15:21:36 GMT 2021
Running on master node: wbic-csm-2
Current directory: /lustre/scratch/wbic-beta/ccn30/ENCRYPT/fMRI/gridcellpilot/scripts/coregistration/slurmoutputs

Nodes allocated:
================
wbic-csm-2

numtasks=1, numnodes=1, mpi_tasks_per_node=1 (OMP_NUM_THREADS=1)

Executing command:
==================
/lustre/scratch/wbic-beta/ccn30/ENCRYPT/fMRI/gridcellpilot/scripts/coregistration/coreg_MasksxEPI.sh 29317/20190902_U-ID46030

******** starting 29317 ********

--------------------------------------------------------------------------------------
 Mapping parameters
--------------------------------------------------------------------------------------
 ANTSPATH is /applications/ANTS/ANTs-2.3.4/install/bin/

 Dimensionality:           3
 Output name prefix:       /lustre/scratch/wbic-beta/ccn30/ENCRYPT/fMRI/gridcellpilot/preprocessed_data/segmentation/29317/coregistration/T1xStudyTemplate_
 Fixed images:             /home/ccn30/ENCRYPT/atlases/templates/ECtemplatemasks2015/Study_template_wholeBrain.nii
 Moving images:            /lustre/scratch/wbic-beta/ccn30/ENCRYPT/fMRI/gridcellpilot/raw_data/images/29317/20190902_U-ID46030/mp2rage/denoiseRn4mag0000_PSIR_skulled_std.nii
 Mask images:              
 Initial transforms:       
 Number of threads:        1
 Spline distance:          26
 Transform type:           s
 CC radius:                4
 Precision:                d
 Use histogram matching    0
======================================================================================
 antsRegistration call:
--------------------------------------------------------------------------------------
/applications/ANTS/ANTs-2.3.4/install/bin//antsRegistration --verbose 1 --dimensionality 3 --float 0 --collapse-output-transforms 1 --output [ /lustre/scratch/wbic-beta/ccn30/ENCRYPT/fMRI/gridcellpilot/preprocessed_data/segmentation/29317/coregistration/T1xStudyTemplate_,/lustre/scratch/wbic-beta/ccn30/ENCRYPT/fMRI/gridcellpilot/preprocessed_data/segmentation/29317/coregistration/T1xStudyTemplate_Warped.nii.gz,/lustre/scratch/wbic-beta/ccn30/ENCRYPT/fMRI/gridcellpilot/preprocessed_data/segmentation/29317/coregistration/T1xStudyTemplate_InverseWarped.nii.gz ] --interpolation Linear --use-histogram-matching 0 --winsorize-image-intensities [ 0.005,0.995 ] --initial-moving-transform [ /home/ccn30/ENCRYPT/atlases/templates/ECtemplatemasks2015/Study_template_wholeBrain.nii,/lustre/scratch/wbic-beta/ccn30/ENCRYPT/fMRI/gridcellpilot/raw_data/images/29317/20190902_U-ID46030/mp2rage/denoiseRn4mag0000_PSIR_skulled_std.nii,1 ] --transform Rigid[ 0.1 ] --metric MI[ /home/ccn30/ENCRYPT/atlases/templates/ECtemplatemasks2015/Study_template_wholeBrain.nii,/lustre/scratch/wbic-beta/ccn30/ENCRYPT/fMRI/gridcellpilot/raw_data/images/29317/20190902_U-ID46030/mp2rage/denoiseRn4mag0000_PSIR_skulled_std.nii,1,32,Regular,0.25 ] --convergence [ 1000x500x250x100,1e-6,10 ] --shrink-factors 12x8x4x2 --smoothing-sigmas 4x3x2x1vox --transform Affine[ 0.1 ] --metric MI[ /home/ccn30/ENCRYPT/atlases/templates/ECtemplatemasks2015/Study_template_wholeBrain.nii,/lustre/scratch/wbic-beta/ccn30/ENCRYPT/fMRI/gridcellpilot/raw_data/images/29317/20190902_U-ID46030/mp2rage/denoiseRn4mag0000_PSIR_skulled_std.nii,1,32,Regular,0.25 ] --convergence [ 1000x500x250x100,1e-6,10 ] --shrink-factors 12x8x4x2 --smoothing-sigmas 4x3x2x1vox --transform SyN[ 0.1,3,0 ] --metric CC[ /home/ccn30/ENCRYPT/atlases/templates/ECtemplatemasks2015/Study_template_wholeBrain.nii,/lustre/scratch/wbic-beta/ccn30/ENCRYPT/fMRI/gridcellpilot/raw_data/images/29317/20190902_U-ID46030/mp2rage/denoiseRn4mag0000_PSIR_skulled_std.nii,1,4 ] --convergence [ 100x100x70x50x20,1e-6,10 ] --shrink-factors 10x6x4x2x1 --smoothing-sigmas 5x3x2x1x0vox
--------------------------------------------------------------------------------------
All_Command_lines_OK
Using double precision for computations.
=============================================================================
The composite transform comprises the following transforms (in order): 
  1. Center of mass alignment using fixed image: /home/ccn30/ENCRYPT/atlases/templates/ECtemplatemasks2015/Study_template_wholeBrain.nii and moving image: /lustre/scratch/wbic-beta/ccn30/ENCRYPT/fMRI/gridcellpilot/raw_data/images/29317/20190902_U-ID46030/mp2rage/denoiseRn4mag0000_PSIR_skulled_std.nii (type = Euler3DTransform)
=============================================================================
  number of levels = 4
  number of levels = 4
  number of levels = 5
  fixed image: /home/ccn30/ENCRYPT/atlases/templates/ECtemplatemasks2015/Study_template_wholeBrain.nii
  moving image: /lustre/scratch/wbic-beta/ccn30/ENCRYPT/fMRI/gridcellpilot/raw_data/images/29317/20190902_U-ID46030/mp2rage/denoiseRn4mag0000_PSIR_skulled_std.nii
  fixed image: /home/ccn30/ENCRYPT/atlases/templates/ECtemplatemasks2015/Study_template_wholeBrain.nii
  moving image: /lustre/scratch/wbic-beta/ccn30/ENCRYPT/fMRI/gridcellpilot/raw_data/images/29317/20190902_U-ID46030/mp2rage/denoiseRn4mag0000_PSIR_skulled_std.nii
  fixed image: /home/ccn30/ENCRYPT/atlases/templates/ECtemplatemasks2015/Study_template_wholeBrain.nii
  moving image: /lustre/scratch/wbic-beta/ccn30/ENCRYPT/fMRI/gridcellpilot/raw_data/images/29317/20190902_U-ID46030/mp2rage/denoiseRn4mag0000_PSIR_skulled_std.nii
Dimension = 3
Number of stages = 3
Use Histogram Matching false
Winsorize image intensities true
Lower quantile = 0.005
Upper quantile = 0.995
Stage 1 State
   Image metric = Mattes
     Fixed image = Image (0x2f5b550)
  RTTI typeinfo:   itk::Image<double, 3u>
  Reference Count: 2
  Modified Time: 1735
  Debug: Off
  Object Name: 
  Observers: 
    none
  Source: (none)
  Source output name: (none)
  Release Data: Off
  Data Released: False
  Global Release Data: Off
  PipelineMTime: 0
  UpdateMTime: 1518
  RealTimeStamp: 0 seconds 
  LargestPossibleRegion: 
    Dimension: 3
    Index: [0, 0, 0]
    Size: [384, 384, 288]
  BufferedRegion: 
    Dimension: 3
    Index: [0, 0, 0]
    Size: [384, 384, 288]
  RequestedRegion: 
    Dimension: 3
    Index: [0, 0, 0]
    Size: [384, 384, 288]
  Spacing: [0.598958, 0.598958, 0.599937]
  Origin: [85.9044, -155.274, 91.0901]
  Direction: 
-0 0 -1
1 -0 0
0 -1 0

  IndexToPointMatrix: 
0 0 -0.599937
0.598958 0 0
0 -0.598958 0

  PointToIndexMatrix: 
0 1.66957 0
0 0 -1.66957
-1.66684 0 0

  Inverse Direction: 
0 1 0
0 0 -1
-1 0 0

  PixelContainer: 
    ImportImageContainer (0x2f60880)
      RTTI typeinfo:   itk::ImportImageContainer<unsigned long, double>
      Reference Count: 1
      Modified Time: 1515
      Debug: Off
      Object Name: 
      Observers: 
        none
      Pointer: 0x2b23b7cf0010
      Container manages memory: true
      Size: 42467328
      Capacity: 42467328

     Moving image = Image (0x2f592f0)
  RTTI typeinfo:   itk::Image<double, 3u>
  Reference Count: 2
  Modified Time: 1736
  Debug: Off
  Object Name: 
  Observers: 
    none
  Source: (none)
  Source output name: (none)
  Release Data: Off
  Data Released: False
  Global Release Data: Off
  PipelineMTime: 0
  UpdateMTime: 1733
  RealTimeStamp: 0 seconds 
  LargestPossibleRegion: 
    Dimension: 3
    Index: [0, 0, 0]
    Size: [224, 320, 320]
  BufferedRegion: 
    Dimension: 3
    Index: [0, 0, 0]
    Size: [224, 320, 320]
  RequestedRegion: 
    Dimension: 3
    Index: [0, 0, 0]
    Size: [224, 320, 320]
  Spacing: [0.699997, 0.7, 0.7]
  Origin: [-76.1904, 72.2492, -103.242]
  Direction: 
1 0 0
0 -1 0
0 0 1

  IndexToPointMatrix: 
0.699997 0 0
0 -0.7 0
0 0 0.7

  PointToIndexMatrix: 
1.42858 0 0
0 -1.42857 0
0 0 1.42857

  Inverse Direction: 
1 0 0
0 -1 0
0 0 1

  PixelContainer: 
    ImportImageContainer (0x2f673f0)
      RTTI typeinfo:   itk::ImportImageContainer<unsigned long, double>
      Reference Count: 1
      Modified Time: 1730
      Debug: Off
      Object Name: 
      Observers: 
        none
      Pointer: 0x2b23cc0f1010
      Container manages memory: true
      Size: 22937600
      Capacity: 22937600

     Weighting = 1
     Sampling strategy = regular
     Number of bins = 32
     Radius = 4
     Sampling percentage  = 0.25
   Transform = Rigid
     Gradient step = 0.1
     Update field sigma (voxel space) = 0
     Total field sigma (voxel space) = 0
     Update field time sigma = 0
     Total field time sigma  = 0
     Number of time indices = 0
     Number of time point samples = 0
Stage 2 State
   Image metric = Mattes
     Fixed image = Image (0x2f5b860)
  RTTI typeinfo:   itk::Image<double, 3u>
  Reference Count: 2
  Modified Time: 2167
  Debug: Off
  Object Name: 
  Observers: 
    none
  Source: (none)
  Source output name: (none)
  Release Data: Off
  Data Released: False
  Global Release Data: Off
  PipelineMTime: 0
  UpdateMTime: 1950
  RealTimeStamp: 0 seconds 
  LargestPossibleRegion: 
    Dimension: 3
    Index: [0, 0, 0]
    Size: [384, 384, 288]
  BufferedRegion: 
    Dimension: 3
    Index: [0, 0, 0]
    Size: [384, 384, 288]
  RequestedRegion: 
    Dimension: 3
    Index: [0, 0, 0]
    Size: [384, 384, 288]
  Spacing: [0.598958, 0.598958, 0.599937]
  Origin: [85.9044, -155.274, 91.0901]
  Direction: 
-0 0 -1
1 -0 0
0 -1 0

  IndexToPointMatrix: 
0 0 -0.599937
0.598958 0 0
0 -0.598958 0

  PointToIndexMatrix: 
0 1.66957 0
0 0 -1.66957
-1.66684 0 0

  Inverse Direction: 
0 1 0
0 0 -1
-1 0 0

  PixelContainer: 
    ImportImageContainer (0x2f63be0)
      RTTI typeinfo:   itk::ImportImageContainer<unsigned long, double>
      Reference Count: 1
      Modified Time: 1947
      Debug: Off
      Object Name: 
      Observers: 
        none
      Pointer: 0x2b23d6ff2010
      Container manages memory: true
      Size: 42467328
      Capacity: 42467328

     Moving image = Image (0x2f5baf0)
  RTTI typeinfo:   itk::Image<double, 3u>
  Reference Count: 2
  Modified Time: 2168
  Debug: Off
  Object Name: 
  Observers: 
    none
  Source: (none)
  Source output name: (none)
  Release Data: Off
  Data Released: False
  Global Release Data: Off
  PipelineMTime: 0
  UpdateMTime: 2165
  RealTimeStamp: 0 seconds 
  LargestPossibleRegion: 
    Dimension: 3
    Index: [0, 0, 0]
    Size: [224, 320, 320]
  BufferedRegion: 
    Dimension: 3
    Index: [0, 0, 0]
    Size: [224, 320, 320]
  RequestedRegion: 
    Dimension: 3
    Index: [0, 0, 0]
    Size: [224, 320, 320]
  Spacing: [0.699997, 0.7, 0.7]
  Origin: [-76.1904, 72.2492, -103.242]
  Direction: 
1 0 0
0 -1 0
0 0 1

  IndexToPointMatrix: 
0.699997 0 0
0 -0.7 0
0 0 0.7

  PointToIndexMatrix: 
1.42858 0 0
0 -1.42857 0
0 0 1.42857

  Inverse Direction: 
1 0 0
0 -1 0
0 0 1

  PixelContainer: 
    ImportImageContainer (0x2f70f10)
      RTTI typeinfo:   itk::ImportImageContainer<unsigned long, double>
      Reference Count: 1
      Modified Time: 2162
      Debug: Off
      Object Name: 
      Observers: 
        none
      Pointer: 0x2b23eb3f3010
      Container manages memory: true
      Size: 22937600
      Capacity: 22937600

     Weighting = 1
     Sampling strategy = regular
     Number of bins = 32
     Radius = 4
     Sampling percentage  = 0.25
   Transform = Affine
     Gradient step = 0.1
     Update field sigma (voxel space) = 0
     Total field sigma (voxel space) = 0
     Update field time sigma = 0
     Total field time sigma  = 0
     Number of time indices = 0
     Number of time point samples = 0
Stage 3 State
   Image metric = CC
     Fixed image = Image (0x2f6edf0)
  RTTI typeinfo:   itk::Image<double, 3u>
  Reference Count: 2
  Modified Time: 2599
  Debug: Off
  Object Name: 
  Observers: 
    none
  Source: (none)
  Source output name: (none)
  Release Data: Off
  Data Released: False
  Global Release Data: Off
  PipelineMTime: 0
  UpdateMTime: 2382
  RealTimeStamp: 0 seconds 
  LargestPossibleRegion: 
    Dimension: 3
    Index: [0, 0, 0]
    Size: [384, 384, 288]
  BufferedRegion: 
    Dimension: 3
    Index: [0, 0, 0]
    Size: [384, 384, 288]
  RequestedRegion: 
    Dimension: 3
    Index: [0, 0, 0]
    Size: [384, 384, 288]
  Spacing: [0.598958, 0.598958, 0.599937]
  Origin: [85.9044, -155.274, 91.0901]
  Direction: 
-0 0 -1
1 -0 0
0 -1 0

  IndexToPointMatrix: 
0 0 -0.599937
0.598958 0 0
0 -0.598958 0

  PointToIndexMatrix: 
0 1.66957 0
0 0 -1.66957
-1.66684 0 0

  Inverse Direction: 
0 1 0
0 0 -1
-1 0 0

  PixelContainer: 
    ImportImageContainer (0x2f71ae0)
      RTTI typeinfo:   itk::ImportImageContainer<unsigned long, double>
      Reference Count: 1
      Modified Time: 2379
      Debug: Off
      Object Name: 
      Observers: 
        none
      Pointer: 0x2b23f62f4010
      Container manages memory: true
      Size: 42467328
      Capacity: 42467328

     Moving image = Image (0x2f69700)
  RTTI typeinfo:   itk::Image<double, 3u>
  Reference Count: 2
  Modified Time: 2600
  Debug: Off
  Object Name: 
  Observers: 
    none
  Source: (none)
  Source output name: (none)
  Release Data: Off
  Data Released: False
  Global Release Data: Off
  PipelineMTime: 0
  UpdateMTime: 2597
  RealTimeStamp: 0 seconds 
  LargestPossibleRegion: 
    Dimension: 3
    Index: [0, 0, 0]
    Size: [224, 320, 320]
  BufferedRegion: 
    Dimension: 3
    Index: [0, 0, 0]
    Size: [224, 320, 320]
  RequestedRegion: 
    Dimension: 3
    Index: [0, 0, 0]
    Size: [224, 320, 320]
  Spacing: [0.699997, 0.7, 0.7]
  Origin: [-76.1904, 72.2492, -103.242]
  Direction: 
1 0 0
0 -1 0
0 0 1

  IndexToPointMatrix: 
0.699997 0 0
0 -0.7 0
0 0 0.7

  PointToIndexMatrix: 
1.42858 0 0
0 -1.42857 0
0 0 1.42857

  Inverse Direction: 
1 0 0
0 -1 0
0 0 1

  PixelContainer: 
    ImportImageContainer (0x2f70350)
      RTTI typeinfo:   itk::ImportImageContainer<unsigned long, double>
      Reference Count: 1
      Modified Time: 2594
      Debug: Off
      Object Name: 
      Observers: 
        none
      Pointer: 0x2b240a6f5010
      Container manages memory: true
      Size: 22937600
      Capacity: 22937600

     Weighting = 1
     Sampling strategy = none
     Number of bins = 32
     Radius = 4
     Sampling percentage  = 1
   Transform = SyN
     Gradient step = 0.1
     Update field sigma (voxel space) = 3
     Total field sigma (voxel space) = 0
     Update field time sigma = 0
     Total field time sigma  = 0
     Number of time indices = 0
     Number of time point samples = 0
Registration using 3 total stages.

Stage 0
  iterations = 1000x500x250x100
  convergence threshold = 1e-06
  convergence window size = 10
  number of levels = 4
  using the Mattes MI metric (number of bins = 32, weight = 1)
  preprocessing:  winsorizing the image intensities
  Shrink factors (level 1 out of 4): [12, 12, 12]
  Shrink factors (level 2 out of 4): [8, 8, 8]
  Shrink factors (level 3 out of 4): [4, 4, 4]
  Shrink factors (level 4 out of 4): [2, 2, 2]
  smoothing sigmas per level: [4, 3, 2, 1]
  regular sampling (percentage = 0.25)

*** Running Euler3DTransform registration ***

DIAGNOSTIC,Iteration,metricValue,convergenceValue,ITERATION_TIME_INDEX,SINCE_LAST
 2DIAGNOSTIC,     1, -5.600780022697e-01, 1.797693134862e+308, 8.8222e+00, 8.8222e+00, 
 2DIAGNOSTIC,     2, -5.622082760107e-01, 1.797693134862e+308, 8.8391e+00, 1.6876e-02, 
 2DIAGNOSTIC,     3, -5.655862750356e-01, 1.797693134862e+308, 8.8565e+00, 1.7338e-02, 
 2DIAGNOSTIC,     4, -5.703425871445e-01, 1.797693134862e+308, 8.8742e+00, 1.7745e-02, 
 2DIAGNOSTIC,     5, -5.767562870334e-01, 1.797693134862e+308, 8.8919e+00, 1.7722e-02, 
 2DIAGNOSTIC,     6, -5.884538901505e-01, 1.797693134862e+308, 8.9090e+00, 1.7079e-02, 
 2DIAGNOSTIC,     7, -5.968877012726e-01, 1.797693134862e+308, 8.9263e+00, 1.7288e-02, 
 2DIAGNOSTIC,     8, -6.049720960019e-01, 1.797693134862e+308, 8.9437e+00, 1.7384e-02, 
 2DIAGNOSTIC,     9, -6.141867732703e-01, 1.797693134862e+308, 8.9669e+00, 2.3231e-02, 
 2DIAGNOSTIC,    10, -6.198671206844e-01, 7.142028870179e-03, 8.9841e+00, 1.7203e-02, 
 2DIAGNOSTIC,    11, -6.268685676522e-01, 6.901103542710e-03, 9.0055e+00, 2.1398e-02, 
 2DIAGNOSTIC,    12, -6.565167152787e-01, 7.321222165843e-03, 9.0353e+00, 2.9754e-02, 
 2DIAGNOSTIC,    13, -6.662645397841e-01, 7.456962055143e-03, 9.0553e+00, 2.0024e-02, 
 2DIAGNOSTIC,    14, -6.710232828650e-01, 7.217234181872e-03, 9.0728e+00, 1.7549e-02, 
 2DIAGNOSTIC,    15, -6.725360062377e-01, 6.610171995125e-03, 9.0905e+00, 1.7703e-02, 
 2DIAGNOSTIC,    16, -6.749260086602e-01, 5.888097385347e-03, 9.1110e+00, 2.0418e-02, 
 2DIAGNOSTIC,    17, -6.783985522202e-01, 5.025378798985e-03, 9.1339e+00, 2.2988e-02, 
 2DIAGNOSTIC,    18, -6.805096918167e-01, 4.053377247815e-03, 9.1540e+00, 2.0017e-02, 
 2DIAGNOSTIC,    19, -6.808699233616e-01, 3.055765998785e-03, 9.1764e+00, 2.2410e-02, 
 2DIAGNOSTIC,    20, -6.811954335424e-01, 2.027468866049e-03, 9.1962e+00, 1.9792e-02, 
 2DIAGNOSTIC,    21, -6.818441702501e-01, 1.066703349218e-03, 9.2165e+00, 2.0305e-02, 
 2DIAGNOSTIC,    22, -6.827874243647e-01, 7.201843053589e-04, 9.2365e+00, 2.0073e-02, 
 2DIAGNOSTIC,    23, -6.837185396153e-01, 5.441985994539e-04, 9.2572e+00, 2.0694e-02, 
 2DIAGNOSTIC,    24, -6.835929490385e-01, 4.198414108990e-04, 9.2777e+00, 2.0466e-02, 
 2DIAGNOSTIC,    25, -6.836823390323e-01, 2.959903666556e-04, 9.2953e+00, 1.7567e-02, 
 2DIAGNOSTIC,    26, -6.839465596243e-01, 1.987416751103e-04, 9.3161e+00, 2.0841e-02, 
 2DIAGNOSTIC,    27, -6.839975929984e-01, 1.470646258527e-04, 9.3405e+00, 2.4431e-02, 
 2DIAGNOSTIC,    28, -6.839970096018e-01, 1.187053998149e-04, 9.3628e+00, 2.2272e-02, 
 2DIAGNOSTIC,    29, -6.840093768069e-01, 8.727067121265e-05, 9.3820e+00, 1.9160e-02, 
 2DIAGNOSTIC,    30, -6.841099600517e-01, 5.626988920552e-05, 9.4015e+00, 1.9480e-02, 
 2DIAGNOSTIC,    31, -6.841643884397e-01, 3.176808928714e-05, 9.4183e+00, 1.6842e-02, 
 2DIAGNOSTIC,    32, -6.841577602557e-01, 1.841296376074e-05, 9.4378e+00, 1.9463e-02, 
 2DIAGNOSTIC,    33, -6.841630963526e-01, 1.683074813848e-05, 9.4549e+00, 1.7138e-02, 
 2DIAGNOSTIC,    34, -6.841272790133e-01, 1.179308061355e-05, 9.4722e+00, 1.7261e-02, 
 2DIAGNOSTIC,    35, -6.841415090729e-01, 7.224498979053e-06, 9.4893e+00, 1.7182e-02, 
 2DIAGNOSTIC,    36, -6.841630698494e-01, 5.744618995381e-06, 9.5060e+00, 1.6658e-02, 
 2DIAGNOSTIC,    37, -6.842470275824e-01, 5.485436676930e-06, 9.5281e+00, 2.2150e-02, 
 2DIAGNOSTIC,    38, -6.843482894367e-01, 5.954347834052e-06, 9.5484e+00, 2.0214e-02, 
 2DIAGNOSTIC,    39, -6.842752945111e-01, 5.202942027015e-06, 9.5655e+00, 1.7135e-02, 
 2DIAGNOSTIC,    40, -6.843438929378e-01, 5.941442145906e-06, 9.5849e+00, 1.9395e-02, 
 2DIAGNOSTIC,    41, -6.843883846761e-01, 7.176009846819e-06, 9.6022e+00, 1.7300e-02, 
 2DIAGNOSTIC,    42, -6.845897778603e-01, 9.707949109358e-06, 9.6217e+00, 1.9470e-02, 
 2DIAGNOSTIC,    43, -6.847890192051e-01, 1.327857783253e-05, 9.6446e+00, 2.2909e-02, 
 2DIAGNOSTIC,    44, -6.848167575339e-01, 1.539927218230e-05, 9.6702e+00, 2.5670e-02, 
 2DIAGNOSTIC,    45, -6.848618810180e-01, 1.664766848998e-05, 9.6907e+00, 2.0423e-02, 
 2DIAGNOSTIC,    46, -6.849020774560e-01, 1.687951379237e-05, 9.7082e+00, 1.7549e-02, 
 2DIAGNOSTIC,    47, -6.848700485589e-01, 1.596565359752e-05, 9.7257e+00, 1.7522e-02, 
 2DIAGNOSTIC,    48, -6.848804293626e-01, 1.464532542277e-05, 9.7428e+00, 1.7051e-02, 
 2DIAGNOSTIC,    49, -6.849273363542e-01, 1.181928676490e-05, 9.7601e+00, 1.7275e-02, 
 2DIAGNOSTIC,    50, -6.850483281275e-01, 9.685807482670e-06, 9.7770e+00, 1.6968e-02, 
 2DIAGNOSTIC,    51, -6.852395871323e-01, 8.704789507801e-06, 9.7993e+00, 2.2248e-02, 
 2DIAGNOSTIC,    52, -6.854642092108e-01, 1.044292166701e-05, 9.8639e+00, 6.4654e-02, 
 2DIAGNOSTIC,    53, -6.854642084017e-01, 1.276827584851e-05, 9.8811e+00, 1.7175e-02, 
 2DIAGNOSTIC,    54, -6.854642085891e-01, 1.408467683765e-05, 9.8979e+00, 1.6774e-02, 
 2DIAGNOSTIC,    55, -6.854642089060e-01, 1.440455496498e-05, 9.9143e+00, 1.6432e-02, 
 2DIAGNOSTIC,    56, -6.854642094417e-01, 1.367342380528e-05, 9.9311e+00, 1.6762e-02, 
 2DIAGNOSTIC,    57, -6.854642103472e-01, 1.145445686158e-05, 9.9479e+00, 1.6832e-02, 
 2DIAGNOSTIC,    58, -6.854642118769e-01, 8.363332360352e-06, 9.9646e+00, 1.6691e-02, 
 2DIAGNOSTIC,    59, -6.854642144598e-01, 4.988606732106e-06, 9.9813e+00, 1.6656e-02, 
 2DIAGNOSTIC,    60, -6.854642188129e-01, 2.145058226936e-06, 9.9978e+00, 1.6498e-02, 
DIAGNOSTIC,Iteration,metricValue,convergenceValue,ITERATION_TIME_INDEX,SINCE_LAST
 2DIAGNOSTIC,     1, -6.138473318469e-01, 1.797693134862e+308, 1.8792e+01, 8.7945e+00, 
 2DIAGNOSTIC,     2, -6.149237668596e-01, 1.797693134862e+308, 1.8859e+01, 6.6223e-02, 
 2DIAGNOSTIC,     3, -6.159223748197e-01, 1.797693134862e+308, 1.8936e+01, 7.7204e-02, 
 2DIAGNOSTIC,     4, -6.162794943635e-01, 1.797693134862e+308, 1.9001e+01, 6.5177e-02, 
 2DIAGNOSTIC,     5, -6.167010628022e-01, 1.797693134862e+308, 1.9066e+01, 6.4940e-02, 
 2DIAGNOSTIC,     6, -6.171361298330e-01, 1.797693134862e+308, 1.9150e+01, 8.4214e-02, 
 2DIAGNOSTIC,     7, -6.171676650822e-01, 1.797693134862e+308, 1.9223e+01, 7.3207e-02, 
 2DIAGNOSTIC,     8, -6.170542680690e-01, 1.797693134862e+308, 1.9288e+01, 6.4945e-02, 
 2DIAGNOSTIC,     9, -6.170306260411e-01, 1.797693134862e+308, 1.9352e+01, 6.4225e-02, 
 2DIAGNOSTIC,    10, -6.171171732419e-01, 2.979251626131e-04, 1.9426e+01, 7.3565e-02, 
 2DIAGNOSTIC,    11, -6.171208007543e-01, 1.679754459642e-04, 1.9502e+01, 7.5662e-02, 
 2DIAGNOSTIC,    12, -6.174126644356e-01, 9.675688552542e-05, 1.9596e+01, 9.4479e-02, 
 2DIAGNOSTIC,    13, -6.173126827125e-01, 5.977135339308e-05, 1.9681e+01, 8.4468e-02, 
 2DIAGNOSTIC,    14, -6.173004366128e-01, 3.424413048675e-05, 1.9756e+01, 7.5663e-02, 
 2DIAGNOSTIC,    15, -6.172883716120e-01, 2.143734760265e-05, 1.9821e+01, 6.4475e-02, 
 2DIAGNOSTIC,    16, -6.172828081761e-01, 2.067295013589e-05, 1.9897e+01, 7.6620e-02, 
 2DIAGNOSTIC,    17, -6.172767391457e-01, 1.895914965350e-05, 1.9962e+01, 6.4141e-02, 
 2DIAGNOSTIC,    18, -6.172819499911e-01, 1.314739133244e-05, 2.0045e+01, 8.3458e-02, 
 2DIAGNOSTIC,    19, -6.172860245059e-01, 6.482912761202e-06, 2.0110e+01, 6.4762e-02, 
 2DIAGNOSTIC,    20, -6.172952792881e-01, 2.289710636413e-06, 2.0174e+01, 6.3856e-02, 
DIAGNOSTIC,Iteration,metricValue,convergenceValue,ITERATION_TIME_INDEX,SINCE_LAST
 2DIAGNOSTIC,     1, -5.535966575230e-01, 1.797693134862e+308, 2.8997e+01, 8.8230e+00, 
 2DIAGNOSTIC,     2, -5.539340315283e-01, 1.797693134862e+308, 2.9491e+01, 4.9432e-01, 
 2DIAGNOSTIC,     3, -5.541532909908e-01, 1.797693134862e+308, 2.9984e+01, 4.9361e-01, 
 2DIAGNOSTIC,     4, -5.542746628640e-01, 1.797693134862e+308, 3.0474e+01, 4.8928e-01, 
 2DIAGNOSTIC,     5, -5.543655093652e-01, 1.797693134862e+308, 3.1277e+01, 8.0366e-01, 
 2DIAGNOSTIC,     6, -5.543561119544e-01, 1.797693134862e+308, 3.1846e+01, 5.6884e-01, 
 2DIAGNOSTIC,     7, -5.543574002911e-01, 1.797693134862e+308, 3.2345e+01, 4.9856e-01, 
 2DIAGNOSTIC,     8, -5.543683473979e-01, 1.797693134862e+308, 3.2853e+01, 5.0858e-01, 
 2DIAGNOSTIC,     9, -5.543997283095e-01, 1.797693134862e+308, 3.3428e+01, 5.7500e-01, 
 2DIAGNOSTIC,    10, -5.544325270538e-01, 7.655175380898e-05, 3.4076e+01, 6.4798e-01, 
 2DIAGNOSTIC,    11, -5.544230000314e-01, 4.122389786088e-05, 3.4569e+01, 4.9271e-01, 
 2DIAGNOSTIC,    12, -5.544277206632e-01, 2.287346357856e-05, 3.5064e+01, 4.9508e-01, 
 2DIAGNOSTIC,    13, -5.544472516692e-01, 1.483877325399e-05, 3.5560e+01, 4.9596e-01, 
 2DIAGNOSTIC,    14, -5.545162086344e-01, 1.364909610149e-05, 3.6053e+01, 4.9305e-01, 
 2DIAGNOSTIC,    15, -5.545790682299e-01, 1.677074642550e-05, 3.6548e+01, 4.9448e-01, 
 2DIAGNOSTIC,    16, -5.546249348107e-01, 1.932644976232e-05, 3.7276e+01, 7.2825e-01, 
 2DIAGNOSTIC,    17, -5.546357007655e-01, 2.038047954806e-05, 3.7846e+01, 5.7029e-01, 
 2DIAGNOSTIC,    18, -5.546648081268e-01, 2.074836255377e-05, 3.8416e+01, 5.7009e-01, 
 2DIAGNOSTIC,    19, -5.546845510036e-01, 2.063313637407e-05, 3.8990e+01, 5.7349e-01, 
 2DIAGNOSTIC,    20, -5.547180658746e-01, 2.044488864469e-05, 3.9793e+01, 8.0324e-01, 
 2DIAGNOSTIC,    21, -5.547355792026e-01, 1.871143462138e-05, 4.0589e+01, 7.9583e-01, 
 2DIAGNOSTIC,    22, -5.547360570990e-01, 1.567590449234e-05, 4.1162e+01, 5.7316e-01, 
 2DIAGNOSTIC,    23, -5.547356600393e-01, 1.199218766641e-05, 4.1734e+01, 5.7218e-01, 
 2DIAGNOSTIC,    24, -5.547348554079e-01, 9.048176397922e-06, 4.2223e+01, 4.8906e-01, 
 2DIAGNOSTIC,    25, -5.547302099828e-01, 6.779778609599e-06, 4.2715e+01, 4.9140e-01, 
 2DIAGNOSTIC,    26, -5.547307136599e-01, 5.083335434398e-06, 4.3283e+01, 5.6789e-01, 
 2DIAGNOSTIC,    27, -5.547304865929e-01, 3.345258303998e-06, 4.3926e+01, 6.4303e-01, 
 2DIAGNOSTIC,    28, -5.547282684201e-01, 2.020506390761e-06, 4.4492e+01, 5.6608e-01, 
DIAGNOSTIC,Iteration,metricValue,convergenceValue,ITERATION_TIME_INDEX,SINCE_LAST
 2DIAGNOSTIC,     1, -4.774222920187e-01, 1.797693134862e+308, 5.6680e+01, 1.2188e+01, 
 2DIAGNOSTIC,     2, -4.775670863080e-01, 1.797693134862e+308, 6.0871e+01, 4.1910e+00, 
 2DIAGNOSTIC,     3, -4.775754968334e-01, 1.797693134862e+308, 6.5086e+01, 4.2158e+00, 
 2DIAGNOSTIC,     4, -4.775716277818e-01, 1.797693134862e+308, 6.8804e+01, 3.7175e+00, 
 2DIAGNOSTIC,     5, -4.775675445058e-01, 1.797693134862e+308, 7.3027e+01, 4.2229e+00, 
 2DIAGNOSTIC,     6, -4.775687569141e-01, 1.797693134862e+308, 7.6755e+01, 3.7285e+00, 
 2DIAGNOSTIC,     7, -4.775637949297e-01, 1.797693134862e+308, 8.0971e+01, 4.2157e+00, 
 2DIAGNOSTIC,     8, -4.775636168707e-01, 1.797693134862e+308, 8.5184e+01, 4.2125e+00, 
 2DIAGNOSTIC,     9, -4.775635777738e-01, 1.797693134862e+308, 8.8890e+01, 3.7066e+00, 
 2DIAGNOSTIC,    10, -4.775625172186e-01, 1.064188173480e-05, 9.2600e+01, 3.7094e+00, 
 2DIAGNOSTIC,    11, -4.775618627102e-01, 1.546426957766e-06, 9.6368e+01, 3.7686e+00, 
 2DIAGNOSTIC,    12, -4.775623629949e-01, 1.280039580276e-06, 1.0011e+02, 3.7388e+00, 
 2DIAGNOSTIC,    13, -4.775616765897e-01, 1.534941796388e-06, 1.0385e+02, 3.7407e+00, 
 2DIAGNOSTIC,    14, -4.775617903365e-01, 1.679650978498e-06, 1.0857e+02, 4.7192e+00, 
 2DIAGNOSTIC,    15, -4.775615678654e-01, 1.685136550328e-06, 1.1230e+02, 3.7334e+00, 
 2DIAGNOSTIC,    16, -4.775614927210e-01, 1.777729134622e-06, 1.1603e+02, 3.7272e+00, 
 2DIAGNOSTIC,    17, -4.775611572587e-01, 1.692831622081e-06, 1.1927e+02, 3.2459e+00, 
 2DIAGNOSTIC,    18, -4.775612270642e-01, 1.630000014269e-06, 1.2397e+02, 4.6973e+00, 
 2DIAGNOSTIC,    19, -4.775612741837e-01, 1.587531465577e-06, 1.2770e+02, 3.7279e+00, 
 2DIAGNOSTIC,    20, -4.775612446456e-01, 1.525262415362e-06, 1.3191e+02, 4.2164e+00, 
 2DIAGNOSTIC,    21, -4.775611804770e-01, 1.454214179318e-06, 1.3565e+02, 3.7330e+00, 
 2DIAGNOSTIC,    22, -4.775611194834e-01, 1.407848446974e-06, 1.3891e+02, 3.2578e+00, 
 2DIAGNOSTIC,    23, -4.775608379759e-01, 1.343856291178e-06, 1.4265e+02, 3.7453e+00, 
 2DIAGNOSTIC,    24, -4.775608984923e-01, 1.293324108746e-06, 1.4590e+02, 3.2485e+00, 
 2DIAGNOSTIC,    25, -4.775605961184e-01, 1.237204814868e-06, 1.4964e+02, 3.7422e+00, 
 2DIAGNOSTIC,    26, -4.775605516332e-01, 1.186374072759e-06, 1.5338e+02, 3.7420e+00, 
 2DIAGNOSTIC,    27, -4.775602748446e-01, 1.129286060927e-06, 1.5714e+02, 3.7579e+00, 
 2DIAGNOSTIC,    28, -4.775601239324e-01, 1.079255579246e-06, 1.6089e+02, 3.7490e+00, 
 2DIAGNOSTIC,    29, -4.775592604130e-01, 1.021298887328e-06, 1.6462e+02, 3.7324e+00, 
  Elapsed time (stage 0): 1.6937e+02


Stage 1
  iterations = 1000x500x250x100
  convergence threshold = 1.0000e-06
  convergence window size = 10
  number of levels = 4
  using the Mattes MI metric (number of bins = 32, weight = 1.0000e+00)
  preprocessing:  winsorizing the image intensities
  Shrink factors (level 1 out of 4): [12, 12, 12]
  Shrink factors (level 2 out of 4): [8, 8, 8]
  Shrink factors (level 3 out of 4): [4, 4, 4]
  Shrink factors (level 4 out of 4): [2, 2, 2]
  smoothing sigmas per level: [4, 3, 2, 1]
  regular sampling (percentage = 2.5000e-01)

*** Running AffineTransform registration ***

DIAGNOSTIC,Iteration,metricValue,convergenceValue,ITERATION_TIME_INDEX,SINCE_LAST
 2DIAGNOSTIC,     1, -6.726653064246e-01, 1.797693134862e+308, 8.2025e+00, 8.2025e+00, 
 2DIAGNOSTIC,     2, -6.744494798122e-01, 1.797693134862e+308, 8.2204e+00, 1.7892e-02, 
 2DIAGNOSTIC,     3, -6.769063536186e-01, 1.797693134862e+308, 8.2382e+00, 1.7735e-02, 
 2DIAGNOSTIC,     4, -6.814715749963e-01, 1.797693134862e+308, 8.2555e+00, 1.7316e-02, 
 2DIAGNOSTIC,     5, -6.864665370963e-01, 1.797693134862e+308, 8.2731e+00, 1.7643e-02, 
 2DIAGNOSTIC,     6, -6.936564122260e-01, 1.797693134862e+308, 8.2912e+00, 1.8084e-02, 
 2DIAGNOSTIC,     7, -6.977529332579e-01, 1.797693134862e+308, 8.3120e+00, 2.0761e-02, 
 2DIAGNOSTIC,     8, -6.997873001126e-01, 1.797693134862e+308, 8.3381e+00, 2.6097e-02, 
 2DIAGNOSTIC,     9, -6.998489411131e-01, 1.797693134862e+308, 8.3553e+00, 1.7213e-02, 
 2DIAGNOSTIC,    10, -7.002734906404e-01, 3.085543062353e-03, 8.3727e+00, 1.7415e-02, 
 2DIAGNOSTIC,    11, -7.008611056423e-01, 2.499580740299e-03, 8.3907e+00, 1.8028e-02, 
 2DIAGNOSTIC,    12, -7.010554661948e-01, 1.855372426856e-03, 8.4120e+00, 2.1329e-02, 
 2DIAGNOSTIC,    13, -7.017789402992e-01, 1.245240833073e-03, 8.4326e+00, 2.0581e-02, 
 2DIAGNOSTIC,    14, -7.020110728727e-01, 7.511892933423e-04, 8.4526e+00, 1.9952e-02, 
 2DIAGNOSTIC,    15, -7.021603680655e-01, 3.927871231294e-04, 8.4740e+00, 2.1423e-02, 
 2DIAGNOSTIC,    16, -7.023621236134e-01, 2.309279866488e-04, 8.5013e+00, 2.7332e-02, 
 2DIAGNOSTIC,    17, -7.024959704834e-01, 1.677871896087e-04, 8.5226e+00, 2.1299e-02, 
 2DIAGNOSTIC,    18, -7.026117264023e-01, 1.453245733798e-04, 8.5410e+00, 1.8331e-02, 
 2DIAGNOSTIC,    19, -7.026646147434e-01, 1.142633280933e-04, 8.5588e+00, 1.7802e-02, 
 2DIAGNOSTIC,    20, -7.028487583469e-01, 8.822985631999e-05, 8.5791e+00, 2.0345e-02, 
 2DIAGNOSTIC,    21, -7.029361340442e-01, 6.976401120400e-05, 8.5994e+00, 2.0289e-02, 
 2DIAGNOSTIC,    22, -7.029973606451e-01, 5.102907001873e-05, 8.6171e+00, 1.7726e-02, 
 2DIAGNOSTIC,    23, -7.027950837804e-01, 3.852055227025e-05, 8.6404e+00, 2.3308e-02, 
 2DIAGNOSTIC,    24, -7.028982767483e-01, 2.939279569838e-05, 8.6586e+00, 1.8204e-02, 
 2DIAGNOSTIC,    25, -7.029748324655e-01, 2.188497924019e-05, 8.6826e+00, 2.3991e-02, 
 2DIAGNOSTIC,    26, -7.030110338235e-01, 1.662569635410e-05, 8.7063e+00, 2.3645e-02, 
 2DIAGNOSTIC,    27, -7.028282312417e-01, 9.590493067861e-06, 8.7268e+00, 2.0487e-02, 
 2DIAGNOSTIC,    28, -7.028059713705e-01, 3.802389717311e-06, 8.7477e+00, 2.0960e-02, 
DIAGNOSTIC,Iteration,metricValue,convergenceValue,ITERATION_TIME_INDEX,SINCE_LAST
 2DIAGNOSTIC,     1, -6.436444991222e-01, 1.797693134862e+308, 1.7091e+01, 8.3431e+00, 
 2DIAGNOSTIC,     2, -6.444075868101e-01, 1.797693134862e+308, 1.7152e+01, 6.1568e-02, 
 2DIAGNOSTIC,     3, -6.456065973338e-01, 1.797693134862e+308, 1.7216e+01, 6.3847e-02, 
 2DIAGNOSTIC,     4, -6.470109373589e-01, 1.797693134862e+308, 1.7279e+01, 6.3205e-02, 
 2DIAGNOSTIC,     5, -6.486436301831e-01, 1.797693134862e+308, 1.7342e+01, 6.2261e-02, 
 2DIAGNOSTIC,     6, -6.498831452144e-01, 1.797693134862e+308, 1.7422e+01, 8.0131e-02, 
 2DIAGNOSTIC,     7, -6.506636630803e-01, 1.797693134862e+308, 1.7494e+01, 7.2056e-02, 
 2DIAGNOSTIC,     8, -6.504598537567e-01, 1.797693134862e+308, 1.7574e+01, 7.9998e-02, 
 2DIAGNOSTIC,     9, -6.505845137153e-01, 1.797693134862e+308, 1.7636e+01, 6.1647e-02, 
 2DIAGNOSTIC,    10, -6.505972615833e-01, 7.778495287631e-04, 1.7700e+01, 6.4448e-02, 
 2DIAGNOSTIC,    11, -6.507026742621e-01, 5.663959639620e-04, 1.7772e+01, 7.2213e-02, 
 2DIAGNOSTIC,    12, -6.506894369214e-01, 3.668553053204e-04, 1.7834e+01, 6.2159e-02, 
 2DIAGNOSTIC,    13, -6.507289441381e-01, 2.070181401042e-04, 1.7895e+01, 6.0946e-02, 
 2DIAGNOSTIC,    14, -6.508343216540e-01, 9.810605136651e-05, 1.7957e+01, 6.1757e-02, 
 2DIAGNOSTIC,    15, -6.511209849090e-01, 5.006891391834e-05, 1.8028e+01, 7.0717e-02, 
 2DIAGNOSTIC,    16, -6.512523100064e-01, 4.032382131829e-05, 1.8098e+01, 7.0183e-02, 
 2DIAGNOSTIC,    17, -6.512883852746e-01, 4.944889639900e-05, 1.8210e+01, 1.1154e-01, 
 2DIAGNOSTIC,    18, -6.512819837895e-01, 4.811312223231e-05, 1.8275e+01, 6.5890e-02, 
 2DIAGNOSTIC,    19, -6.512327466518e-01, 4.437212710699e-05, 1.8339e+01, 6.3240e-02, 
 2DIAGNOSTIC,    20, -6.512250632908e-01, 3.701145605531e-05, 1.8409e+01, 7.0686e-02, 
 2DIAGNOSTIC,    21, -6.512066879437e-01, 2.883999436826e-05, 1.8480e+01, 7.0906e-02, 
 2DIAGNOSTIC,    22, -6.510151418001e-01, 1.485795847728e-05, 1.8552e+01, 7.1816e-02, 
 2DIAGNOSTIC,    23, -6.509987139908e-01, 1.428075111186e-06, 1.8621e+01, 6.9070e-02, 
DIAGNOSTIC,Iteration,metricValue,convergenceValue,ITERATION_TIME_INDEX,SINCE_LAST
 2DIAGNOSTIC,     1, -5.879754228445e-01, 1.797693134862e+308, 2.7416e+01, 8.7952e+00, 
 2DIAGNOSTIC,     2, -5.885023588242e-01, 1.797693134862e+308, 2.7936e+01, 5.1953e-01, 
 2DIAGNOSTIC,     3, -5.889231359890e-01, 1.797693134862e+308, 2.8455e+01, 5.1907e-01, 
 2DIAGNOSTIC,     4, -5.894016441685e-01, 1.797693134862e+308, 2.8975e+01, 5.2043e-01, 
 2DIAGNOSTIC,     5, -5.901481437269e-01, 1.797693134862e+308, 2.9491e+01, 5.1542e-01, 
 2DIAGNOSTIC,     6, -5.909073806820e-01, 1.797693134862e+308, 3.0008e+01, 5.1705e-01, 
 2DIAGNOSTIC,     7, -5.914579152187e-01, 1.797693134862e+308, 3.0852e+01, 8.4424e-01, 
 2DIAGNOSTIC,     8, -5.915158424640e-01, 1.797693134862e+308, 3.1450e+01, 5.9747e-01, 
 2DIAGNOSTIC,     9, -5.915389102874e-01, 1.797693134862e+308, 3.1965e+01, 5.1537e-01, 
 2DIAGNOSTIC,    10, -5.915336282361e-01, 4.422040245907e-04, 3.2486e+01, 5.2152e-01, 
 2DIAGNOSTIC,    11, -5.916250312209e-01, 3.369902748120e-04, 3.3004e+01, 5.1711e-01, 
 2DIAGNOSTIC,    12, -5.917180248305e-01, 2.439090834723e-04, 3.3516e+01, 5.1246e-01, 
 2DIAGNOSTIC,    13, -5.918238708678e-01, 1.629979483360e-04, 3.4113e+01, 5.9735e-01, 
 2DIAGNOSTIC,    14, -5.918723847718e-01, 9.705548043357e-05, 3.4956e+01, 8.4271e-01, 
 2DIAGNOSTIC,    15, -5.918823444803e-01, 5.511308244927e-05, 3.5549e+01, 5.9248e-01, 
 2DIAGNOSTIC,    16, -5.918801816364e-01, 3.588940364872e-05, 3.6146e+01, 5.9776e-01, 
 2DIAGNOSTIC,    17, -5.918798662078e-01, 3.129986758086e-05, 3.6747e+01, 6.0044e-01, 
 2DIAGNOSTIC,    18, -5.918800771175e-01, 2.601890640806e-05, 3.7341e+01, 5.9412e-01, 
 2DIAGNOSTIC,    19, -5.918817208830e-01, 1.971056676330e-05, 3.7861e+01, 5.2037e-01, 
 2DIAGNOSTIC,    20, -5.918855468084e-01, 1.231934097452e-05, 3.8383e+01, 5.2132e-01, 
 2DIAGNOSTIC,    21, -5.918880251745e-01, 6.767830126687e-06, 3.8900e+01, 5.1791e-01, 
 2DIAGNOSTIC,    22, -5.919257375035e-01, 4.038357262731e-06, 3.9501e+01, 6.0063e-01, 
 2DIAGNOSTIC,    23, -5.919378744547e-01, 3.722390434821e-06, 4.0018e+01, 5.1699e-01, 
 2DIAGNOSTIC,    24, -5.919554844421e-01, 4.533995496298e-06, 4.0780e+01, 7.6153e-01, 
 2DIAGNOSTIC,    25, -5.919570859703e-01, 5.206381926755e-06, 4.1457e+01, 6.7779e-01, 
 2DIAGNOSTIC,    26, -5.919571777122e-01, 5.422632077590e-06, 4.1971e+01, 5.1351e-01, 
 2DIAGNOSTIC,    27, -5.919593645813e-01, 5.255250156280e-06, 4.2489e+01, 5.1786e-01, 
 2DIAGNOSTIC,    28, -5.919523015294e-01, 4.590786822370e-06, 4.3086e+01, 5.9718e-01, 
 2DIAGNOSTIC,    29, -5.919597186715e-01, 3.803136415140e-06, 4.3600e+01, 5.1409e-01, 
 2DIAGNOSTIC,    30, -5.919661082008e-01, 2.979576464078e-06, 4.4115e+01, 5.1463e-01, 
 2DIAGNOSTIC,    31, -5.920129756427e-01, 2.779129205689e-06, 4.4712e+01, 5.9698e-01, 
 2DIAGNOSTIC,    32, -5.920176424439e-01, 3.042736904865e-06, 4.5469e+01, 7.5778e-01, 
 2DIAGNOSTIC,    33, -5.920123728424e-01, 3.198102402645e-06, 4.6079e+01, 6.0972e-01, 
 2DIAGNOSTIC,    34, -5.920158059136e-01, 3.441601155341e-06, 4.6753e+01, 6.7436e-01, 
 2DIAGNOSTIC,    35, -5.920202643152e-01, 3.509629479211e-06, 4.7346e+01, 5.9212e-01, 
 2DIAGNOSTIC,    36, -5.920205229556e-01, 3.317555600391e-06, 4.7861e+01, 5.1493e-01, 
 2DIAGNOSTIC,    37, -5.920207119089e-01, 2.938596003959e-06, 4.8375e+01, 5.1416e-01, 
 2DIAGNOSTIC,    38, -5.920214765425e-01, 2.311623720608e-06, 4.9132e+01, 7.5777e-01, 
 2DIAGNOSTIC,    39, -5.920214773886e-01, 1.672550160616e-06, 4.9647e+01, 5.1486e-01, 
 2DIAGNOSTIC,    40, -5.920214855080e-01, 1.043232491151e-06, 5.0242e+01, 5.9464e-01, 
DIAGNOSTIC,Iteration,metricValue,convergenceValue,ITERATION_TIME_INDEX,SINCE_LAST
 2DIAGNOSTIC,     1, -5.197156517641e-01, 1.797693134862e+308, 6.2690e+01, 1.2448e+01, 
 2DIAGNOSTIC,     2, -5.200112236519e-01, 1.797693134862e+308, 6.6103e+01, 3.4131e+00, 
 2DIAGNOSTIC,     3, -5.201471616541e-01, 1.797693134862e+308, 7.0027e+01, 3.9232e+00, 
 2DIAGNOSTIC,     4, -5.204657306542e-01, 1.797693134862e+308, 7.3957e+01, 3.9306e+00, 
 2DIAGNOSTIC,     5, -5.205936633530e-01, 1.797693134862e+308, 7.7384e+01, 3.4267e+00, 
 2DIAGNOSTIC,     6, -5.206168183542e-01, 1.797693134862e+308, 8.1340e+01, 3.9566e+00, 
 2DIAGNOSTIC,     7, -5.206678940522e-01, 1.797693134862e+308, 8.4771e+01, 3.4301e+00, 
 2DIAGNOSTIC,     8, -5.206982569124e-01, 1.797693134862e+308, 8.8727e+01, 3.9568e+00, 
 2DIAGNOSTIC,     9, -5.207154292431e-01, 1.797693134862e+308, 9.3190e+01, 4.4626e+00, 
 2DIAGNOSTIC,    10, -5.207528477130e-01, 1.199124079307e-04, 9.7126e+01, 3.9356e+00, 
 2DIAGNOSTIC,    11, -5.207465870502e-01, 7.721061830782e-05, 1.0157e+02, 4.4436e+00, 
 2DIAGNOSTIC,    12, -5.207445756992e-01, 4.840949494139e-05, 1.0551e+02, 3.9370e+00, 
 2DIAGNOSTIC,    13, -5.207436619164e-01, 2.527073420534e-05, 1.0945e+02, 3.9465e+00, 
 2DIAGNOSTIC,    14, -5.207414835803e-01, 1.558052777770e-05, 1.1391e+02, 4.4531e+00, 
 2DIAGNOSTIC,    15, -5.207384188759e-01, 1.050560823718e-05, 1.1837e+02, 4.4636e+00, 
 2DIAGNOSTIC,    16, -5.207389847819e-01, 6.078613326257e-06, 1.2180e+02, 3.4261e+00, 
 2DIAGNOSTIC,    17, -5.207375435180e-01, 3.387557415059e-06, 1.2521e+02, 3.4129e+00, 
 2DIAGNOSTIC,    18, -5.207376796225e-01, 1.777177508329e-06, 1.2913e+02, 3.9200e+00, 
  Elapsed time (stage 1): 1.3343e+02


Stage 2
  iterations = 100x100x70x50x20
  convergence threshold = 1.0000e-06
  convergence window size = 10
  number of levels = 5
  using the CC metric (radius = 4, weight = 1.0000e+00)
  preprocessing:  winsorizing the image intensities
  Shrink factors (level 1 out of 5): [10, 10, 10]
  Shrink factors (level 2 out of 5): [6, 6, 6]
  Shrink factors (level 3 out of 5): [4, 4, 4]
  Shrink factors (level 4 out of 5): [2, 2, 2]
  Shrink factors (level 5 out of 5): [1, 1, 1]
  smoothing sigmas per level: [5, 3, 2, 1, 0]
  Using default NONE metricSamplingStrategy 

*** Running SyN registration (varianceForUpdateField = 3.0000e+00, varianceForTotalField = 0.0000e+00) ***

XXDIAGNOSTIC,Iteration,metricValue,convergenceValue,ITERATION_TIME_INDEX,SINCE_LAST
 1DIAGNOSTIC,     1, -4.647958217753e-01, 1.797693134862e+308, 1.0281e+01, 1.0281e+01, 
 1DIAGNOSTIC,     2, -4.717268364642e-01, 1.797693134862e+308, 1.1779e+01, 1.4982e+00, 
 1DIAGNOSTIC,     3, -4.776775121257e-01, 1.797693134862e+308, 1.3295e+01, 1.5164e+00, 
 1DIAGNOSTIC,     4, -4.828627790663e-01, 1.797693134862e+308, 1.4776e+01, 1.4812e+00, 
 1DIAGNOSTIC,     5, -4.871144242068e-01, 1.797693134862e+308, 1.6284e+01, 1.5077e+00, 
 1DIAGNOSTIC,     6, -4.907150012828e-01, 1.797693134862e+308, 1.7815e+01, 1.5308e+00, 
 1DIAGNOSTIC,     7, -4.938659863499e-01, 1.797693134862e+308, 1.9316e+01, 1.5012e+00, 
 1DIAGNOSTIC,     8, -4.965895640780e-01, 1.797693134862e+308, 2.0815e+01, 1.4987e+00, 
 1DIAGNOSTIC,     9, -4.988999477307e-01, 1.797693134862e+308, 2.2349e+01, 1.5344e+00, 
 1DIAGNOSTIC,    10, -5.011348442097e-01, 4.623071909243e-03, 2.3882e+01, 1.5333e+00, 
 1DIAGNOSTIC,    11, -5.030579717297e-01, 3.604344137647e-03, 2.5416e+01, 1.5334e+00, 
 1DIAGNOSTIC,    12, -5.048796331251e-01, 2.855739393495e-03, 2.6952e+01, 1.5363e+00, 
 1DIAGNOSTIC,    13, -5.066172659533e-01, 2.306274045196e-03, 2.8457e+01, 1.5049e+00, 
 1DIAGNOSTIC,    14, -5.082632275800e-01, 1.907006736531e-03, 2.9962e+01, 1.5050e+00, 
 1DIAGNOSTIC,    15, -5.098861185791e-01, 1.611757823779e-03, 3.1464e+01, 1.5020e+00, 
 1DIAGNOSTIC,    16, -5.112487985268e-01, 1.383065850324e-03, 3.2995e+01, 1.5314e+00, 
 1DIAGNOSTIC,    17, -5.125003694373e-01, 1.201956865442e-03, 3.4519e+01, 1.5240e+00, 
 1DIAGNOSTIC,    18, -5.136743372257e-01, 1.053447965444e-03, 3.6043e+01, 1.5235e+00, 
 1DIAGNOSTIC,    19, -5.147507431093e-01, 9.241325341312e-04, 3.7569e+01, 1.5258e+00, 
 1DIAGNOSTIC,    20, -5.157995074258e-01, 8.150433903450e-04, 3.9078e+01, 1.5088e+00, 
 1DIAGNOSTIC,    21, -5.167962130779e-01, 7.191631613712e-04, 4.0623e+01, 1.5454e+00, 
 1DIAGNOSTIC,    22, -5.177508992876e-01, 6.362378066611e-04, 4.2234e+01, 1.6107e+00, 
 1DIAGNOSTIC,    23, -5.186112219331e-01, 5.647371136208e-04, 4.4036e+01, 1.8022e+00, 
 1DIAGNOSTIC,    24, -5.194478244207e-01, 5.044668225764e-04, 4.5607e+01, 1.5713e+00, 
 1DIAGNOSTIC,    25, -5.202188048507e-01, 4.555147312513e-04, 4.7129e+01, 1.5223e+00, 
 1DIAGNOSTIC,    26, -5.209527321592e-01, 4.127564735297e-04, 4.8649e+01, 1.5192e+00, 
 1DIAGNOSTIC,    27, -5.216477986083e-01, 3.747066906515e-04, 5.0252e+01, 1.6031e+00, 
 1DIAGNOSTIC,    28, -5.222645907058e-01, 3.398691334396e-04, 5.1795e+01, 1.5432e+00, 
 1DIAGNOSTIC,    29, -5.229131339892e-01, 3.086380572972e-04, 5.3381e+01, 1.5861e+00, 
 1DIAGNOSTIC,    30, -5.234355592466e-01, 2.795380830742e-04, 5.4888e+01, 1.5070e+00, 
 1DIAGNOSTIC,    31, -5.239830040001e-01, 2.536751934216e-04, 5.6394e+01, 1.5060e+00, 
 1DIAGNOSTIC,    32, -5.244954195136e-01, 2.309659634373e-04, 5.7948e+01, 1.5543e+00, 
 1DIAGNOSTIC,    33, -5.250064816398e-01, 2.108638192911e-04, 5.9461e+01, 1.5128e+00, 
 1DIAGNOSTIC,    34, -5.255674812489e-01, 1.948008197529e-04, 6.0964e+01, 1.5027e+00, 
 1DIAGNOSTIC,    35, -5.260215411875e-01, 1.805689131094e-04, 6.2463e+01, 1.4987e+00, 
 1DIAGNOSTIC,    36, -5.264428874207e-01, 1.678046080162e-04, 6.3974e+01, 1.5114e+00, 
 1DIAGNOSTIC,    37, -5.268485824811e-01, 1.563074937778e-04, 6.5478e+01, 1.5045e+00, 
 1DIAGNOSTIC,    38, -5.273438011809e-01, 1.467319938351e-04, 6.6977e+01, 1.4988e+00, 
 1DIAGNOSTIC,    39, -5.276702144235e-01, 1.374718291733e-04, 6.8491e+01, 1.5140e+00, 
 1DIAGNOSTIC,    40, -5.281159364526e-01, 1.290058520720e-04, 7.0010e+01, 1.5189e+00, 
 1DIAGNOSTIC,    41, -5.285041038950e-01, 1.212863838700e-04, 7.1520e+01, 1.5102e+00, 
 1DIAGNOSTIC,    42, -5.288540145337e-01, 1.137063719844e-04, 7.3024e+01, 1.5034e+00, 
 1DIAGNOSTIC,    43, -5.291780158866e-01, 1.063208211311e-04, 7.4526e+01, 1.5022e+00, 
 1DIAGNOSTIC,    44, -5.295083393735e-01, 1.003180939741e-04, 7.6038e+01, 1.5120e+00, 
 1DIAGNOSTIC,    45, -5.299134351573e-01, 9.554103461262e-05, 7.7552e+01, 1.5140e+00, 
 1DIAGNOSTIC,    46, -5.301095859752e-01, 8.919889378035e-05, 7.9062e+01, 1.5104e+00, 
 1DIAGNOSTIC,    47, -5.303594978498e-01, 8.230715795241e-05, 8.0572e+01, 1.5100e+00, 
 1DIAGNOSTIC,    48, -5.309053070199e-01, 7.984822559690e-05, 8.2089e+01, 1.5168e+00, 
 1DIAGNOSTIC,    49, -5.311136457986e-01, 7.571609185731e-05, 8.3604e+01, 1.5148e+00, 
 1DIAGNOSTIC,    50, -5.314781248294e-01, 7.344963460632e-05, 8.5105e+01, 1.5009e+00, 
 1DIAGNOSTIC,    51, -5.316784585682e-01, 7.060682577820e-05, 8.6605e+01, 1.5005e+00, 
 1DIAGNOSTIC,    52, -5.319833317803e-01, 6.807470883902e-05, 8.8130e+01, 1.5253e+00, 
 1DIAGNOSTIC,    53, -5.322612852973e-01, 6.530040061873e-05, 8.9650e+01, 1.5199e+00, 
 1DIAGNOSTIC,    54, -5.325132572762e-01, 6.223185232766e-05, 9.1168e+01, 1.5177e+00, 
 1DIAGNOSTIC,    55, -5.327429824587e-01, 5.971486141917e-05, 9.2721e+01, 1.5529e+00, 
 1DIAGNOSTIC,    56, -5.328862132524e-01, 5.492818498748e-05, 9.4273e+01, 1.5522e+00, 
 1DIAGNOSTIC,    57, -5.331601382068e-01, 5.003902628906e-05, 9.5785e+01, 1.5117e+00, 
 1DIAGNOSTIC,    58, -5.333675410084e-01, 4.763792317438e-05, 9.7325e+01, 1.5398e+00, 
 1DIAGNOSTIC,    59, -5.336078544836e-01, 4.488488473084e-05, 9.8834e+01, 1.5097e+00, 
 1DIAGNOSTIC,    60, -5.338098341770e-01, 4.312225309013e-05, 1.0034e+02, 1.5027e+00, 
 1DIAGNOSTIC,    61, -5.340599686322e-01, 4.133109644795e-05, 1.0186e+02, 1.5200e+00, 
 1DIAGNOSTIC,    62, -5.341797723132e-01, 3.936205446218e-05, 1.0336e+02, 1.5013e+00, 
 1DIAGNOSTIC,    63, -5.343435780356e-01, 3.752412182376e-05, 1.0486e+02, 1.4977e+00, 
 1DIAGNOSTIC,    64, -5.346660931517e-01, 3.705794382521e-05, 1.0636e+02, 1.5033e+00, 
 1DIAGNOSTIC,    65, -5.347774421315e-01, 3.589492060542e-05, 1.0788e+02, 1.5174e+00, 
 1DIAGNOSTIC,    66, -5.350104545372e-01, 3.445178179910e-05, 1.0940e+02, 1.5198e+00, 
 1DIAGNOSTIC,    67, -5.351475169745e-01, 3.311114748367e-05, 1.1090e+02, 1.5083e+00, 
 1DIAGNOSTIC,    68, -5.352932294420e-01, 3.147538081539e-05, 1.1241e+02, 1.5052e+00, 
 1DIAGNOSTIC,    69, -5.354803078198e-01, 3.024029601896e-05, 1.1392e+02, 1.5080e+00, 
 1DIAGNOSTIC,    70, -5.355745931844e-01, 2.841998040068e-05, 1.1542e+02, 1.5066e+00, 
 1DIAGNOSTIC,    71, -5.357194394495e-01, 2.700306687729e-05, 1.1693e+02, 1.5066e+00, 
 1DIAGNOSTIC,    72, -5.358422987013e-01, 2.488720187761e-05, 1.1844e+02, 1.5088e+00, 
 1DIAGNOSTIC,    73, -5.359904003608e-01, 2.274660422168e-05, 1.1995e+02, 1.5073e+00, 
 1DIAGNOSTIC,    74, -5.360223685228e-01, 2.110886831405e-05, 1.2146e+02, 1.5176e+00, 
 1DIAGNOSTIC,    75, -5.362714340282e-01, 2.012360648548e-05, 1.2299e+02, 1.5296e+00, 
 1DIAGNOSTIC,    76, -5.363271100009e-01, 1.928787092990e-05, 1.2451e+02, 1.5114e+00, 
 1DIAGNOSTIC,    77, -5.364929297102e-01, 1.878632698698e-05, 1.2605e+02, 1.5441e+00, 
 1DIAGNOSTIC,    78, -5.366836288180e-01, 1.884022020927e-05, 1.2756e+02, 1.5144e+00, 
 1DIAGNOSTIC,    79, -5.367604913366e-01, 1.890912372845e-05, 1.2909e+02, 1.5219e+00, 
 1DIAGNOSTIC,    80, -5.368435850228e-01, 1.838371493973e-05, 1.3060e+02, 1.5118e+00, 
 1DIAGNOSTIC,    81, -5.369315843071e-01, 1.768600987474e-05, 1.3212e+02, 1.5223e+00, 
 1DIAGNOSTIC,    82, -5.370720363985e-01, 1.705794990223e-05, 1.3363e+02, 1.5092e+00, 
 1DIAGNOSTIC,    83, -5.371446680341e-01, 1.626420077814e-05, 1.3513e+02, 1.5001e+00, 
 1DIAGNOSTIC,    84, -5.372201035094e-01, 1.461882149330e-05, 1.3664e+02, 1.5124e+00, 
 1DIAGNOSTIC,    85, -5.373187435603e-01, 1.387692671466e-05, 1.3816e+02, 1.5203e+00, 
 1DIAGNOSTIC,    86, -5.374243889060e-01, 1.284079632672e-05, 1.3967e+02, 1.5067e+00, 
 1DIAGNOSTIC,    87, -5.375158819218e-01, 1.218853440696e-05, 1.4118e+02, 1.5067e+00, 
 1DIAGNOSTIC,    88, -5.375667196691e-01, 1.189003642009e-05, 1.4269e+02, 1.5141e+00, 
 1DIAGNOSTIC,    89, -5.376159619798e-01, 1.125623658524e-05, 1.4420e+02, 1.5079e+00, 
 1DIAGNOSTIC,    90, -5.376833552581e-01, 1.048326355365e-05, 1.4571e+02, 1.5130e+00, 
 1DIAGNOSTIC,    91, -5.377359624290e-01, 9.557653843154e-06, 1.4726e+02, 1.5528e+00, 
 1DIAGNOSTIC,    92, -5.377970733418e-01, 8.941567127826e-06, 1.4877e+02, 1.5073e+00, 
 1DIAGNOSTIC,    93, -5.378333227636e-01, 8.139258415300e-06, 1.5028e+02, 1.5118e+00, 
 1DIAGNOSTIC,    94, -5.379320043317e-01, 7.600255990078e-06, 1.5181e+02, 1.5231e+00, 
 1DIAGNOSTIC,    95, -5.379812940159e-01, 7.191874907062e-06, 1.5334e+02, 1.5306e+00, 
 1DIAGNOSTIC,    96, -5.380013244128e-01, 6.826106378519e-06, 1.5488e+02, 1.5387e+00, 
 1DIAGNOSTIC,    97, -5.380671195928e-01, 6.721150224457e-06, 1.5640e+02, 1.5253e+00, 
 1DIAGNOSTIC,    98, -5.381112185089e-01, 6.514912427301e-06, 1.5792e+02, 1.5235e+00, 
 1DIAGNOSTIC,    99, -5.381245504135e-01, 6.043292972664e-06, 1.5945e+02, 1.5255e+00, 
 1DIAGNOSTIC,   100, -5.381915647358e-01, 5.754127013039e-06, 1.6098e+02, 1.5308e+00, 
XXDIAGNOSTIC,Iteration,metricValue,convergenceValue,ITERATION_TIME_INDEX,SINCE_LAST
 1DIAGNOSTIC,     1, -4.484147117541e-01, 1.797693134862e+308, 1.7684e+02, 1.5857e+01, 
 1DIAGNOSTIC,     2, -4.556167692268e-01, 1.797693134862e+308, 1.8443e+02, 7.5965e+00, 
 1DIAGNOSTIC,     3, -4.608639608544e-01, 1.797693134862e+308, 1.9236e+02, 7.9298e+00, 
 1DIAGNOSTIC,     4, -4.652242048239e-01, 1.797693134862e+308, 2.0000e+02, 7.6318e+00, 
 1DIAGNOSTIC,     5, -4.690094349214e-01, 1.797693134862e+308, 2.0776e+02, 7.7618e+00, 
 1DIAGNOSTIC,     6, -4.725017163684e-01, 1.797693134862e+308, 2.1545e+02, 7.6938e+00, 
 1DIAGNOSTIC,     7, -4.754890401032e-01, 1.797693134862e+308, 2.2334e+02, 7.8905e+00, 
 1DIAGNOSTIC,     8, -4.778714105416e-01, 1.797693134862e+308, 2.3104e+02, 7.6975e+00, 
 1DIAGNOSTIC,     9, -4.800225637069e-01, 1.797693134862e+308, 2.3893e+02, 7.8935e+00, 
 1DIAGNOSTIC,    10, -4.818992392705e-01, 4.376219314185e-03, 2.4670e+02, 7.7671e+00, 
 1DIAGNOSTIC,    11, -4.833560345056e-01, 3.363594975484e-03, 2.5459e+02, 7.8892e+00, 
 1DIAGNOSTIC,    12, -4.848691331002e-01, 2.656244935345e-03, 2.6250e+02, 7.9142e+00, 
 1DIAGNOSTIC,    13, -4.860351325924e-01, 2.114436463926e-03, 2.7011e+02, 7.6072e+00, 
 1DIAGNOSTIC,    14, -4.870974910269e-01, 1.690315504185e-03, 2.7780e+02, 7.6876e+00, 
 1DIAGNOSTIC,    15, -4.883414404235e-01, 1.368611475879e-03, 2.8546e+02, 7.6589e+00, 
 1DIAGNOSTIC,    16, -4.891887449143e-01, 1.122846002003e-03, 2.9309e+02, 7.6341e+00, 
 1DIAGNOSTIC,    17, -4.902008065498e-01, 9.427016381935e-04, 3.0097e+02, 7.8812e+00, 
 1DIAGNOSTIC,    18, -4.909326170654e-01, 7.979434090340e-04, 3.0884e+02, 7.8668e+00, 
 1DIAGNOSTIC,    19, -4.917976722809e-01, 6.884964910006e-04, 3.1663e+02, 7.7952e+00, 
 1DIAGNOSTIC,    20, -4.925109999013e-01, 6.024870053648e-04, 3.2426e+02, 7.6303e+00, 
 1DIAGNOSTIC,    21, -4.934017248960e-01, 5.343201429179e-04, 3.3189e+02, 7.6293e+00, 
 1DIAGNOSTIC,    22, -4.939273084352e-01, 4.769985473602e-04, 3.3964e+02, 7.7435e+00, 
 1DIAGNOSTIC,    23, -4.946412739095e-01, 4.283274463996e-04, 3.4727e+02, 7.6326e+00, 
 1DIAGNOSTIC,    24, -4.950066536900e-01, 3.782804754820e-04, 3.5490e+02, 7.6311e+00, 
 1DIAGNOSTIC,    25, -4.957100216171e-01, 3.426438680015e-04, 3.6254e+02, 7.6385e+00, 
 1DIAGNOSTIC,    26, -4.961360897864e-01, 3.059302922477e-04, 3.7029e+02, 7.7478e+00, 
 1DIAGNOSTIC,    27, -4.965225113969e-01, 2.735719562776e-04, 3.7791e+02, 7.6217e+00, 
 1DIAGNOSTIC,    28, -4.969824806393e-01, 2.427023083622e-04, 3.8579e+02, 7.8764e+00, 
 1DIAGNOSTIC,    29, -4.974177487692e-01, 2.172759235115e-04, 3.9354e+02, 7.7554e+00, 
 1DIAGNOSTIC,    30, -4.976271439288e-01, 1.907693404624e-04, 4.0125e+02, 7.7065e+00, 
 1DIAGNOSTIC,    31, -4.981110315783e-01, 1.739776725000e-04, 4.0895e+02, 7.7014e+00, 
 1DIAGNOSTIC,    32, -4.984485255204e-01, 1.573463053781e-04, 4.1664e+02, 7.6878e+00, 
 1DIAGNOSTIC,    33, -4.988147868744e-01, 1.459786858291e-04, 4.2431e+02, 7.6704e+00, 
 1DIAGNOSTIC,    34, -4.991866101895e-01, 1.339264647599e-04, 4.3196e+02, 7.6578e+00, 
 1DIAGNOSTIC,    35, -4.993337188276e-01, 1.240253019471e-04, 4.3960e+02, 7.6388e+00, 
 1DIAGNOSTIC,    36, -4.996272215563e-01, 1.146216362926e-04, 4.4740e+02, 7.7973e+00, 
 1DIAGNOSTIC,    37, -4.998848374758e-01, 1.048592528704e-04, 4.5509e+02, 7.6877e+00, 
 1DIAGNOSTIC,    38, -5.001654781321e-01, 9.690094984508e-05, 4.6286e+02, 7.7697e+00, 
 1DIAGNOSTIC,    39, -5.005073841278e-01, 9.177860860538e-05, 4.7056e+02, 7.7022e+00, 
 1DIAGNOSTIC,    40, -5.006328612799e-01, 8.296534047571e-05, 4.7848e+02, 7.9200e+00, 
 1DIAGNOSTIC,    41, -5.009211936003e-01, 7.770930423408e-05, 4.8614e+02, 7.6641e+00, 
 1DIAGNOSTIC,    42, -5.011261080756e-01, 7.272359471842e-05, 4.9378e+02, 7.6324e+00, 
 1DIAGNOSTIC,    43, -5.014782686667e-01, 7.066051182641e-05, 5.0140e+02, 7.6251e+00, 
 1DIAGNOSTIC,    44, -5.015785413093e-01, 6.815926967480e-05, 5.0908e+02, 7.6799e+00, 
 1DIAGNOSTIC,    45, -5.017781148731e-01, 6.379283340285e-05, 5.1674e+02, 7.6608e+00, 
 1DIAGNOSTIC,    46, -5.020413219333e-01, 6.056892948873e-05, 5.2441e+02, 7.6633e+00, 
 1DIAGNOSTIC,    47, -5.021481195586e-01, 5.611530591061e-05, 5.3204e+02, 7.6365e+00, 
 1DIAGNOSTIC,    48, -5.023094859890e-01, 5.179491935610e-05, 5.3966e+02, 7.6192e+00, 
 1DIAGNOSTIC,    49, -5.025038485275e-01, 4.910425923007e-05, 5.4731e+02, 7.6454e+00, 
 1DIAGNOSTIC,    50, -5.026622163266e-01, 4.509226521915e-05, 5.5506e+02, 7.7497e+00, 
 1DIAGNOSTIC,    51, -5.027953771680e-01, 4.170608332089e-05, 5.6270e+02, 7.6411e+00, 
 1DIAGNOSTIC,    52, -5.028660571439e-01, 3.749458585583e-05, 5.7036e+02, 7.6642e+00, 
 1DIAGNOSTIC,    53, -5.030429062367e-01, 3.570343211771e-05, 5.7806e+02, 7.6946e+00, 
 1DIAGNOSTIC,    54, -5.032046722602e-01, 3.333888170975e-05, 5.8599e+02, 7.9368e+00, 
 1DIAGNOSTIC,    55, -5.033676624841e-01, 3.163464697603e-05, 5.9363e+02, 7.6415e+00, 
 1DIAGNOSTIC,    56, -5.033773053149e-01, 2.981619195227e-05, 6.0143e+02, 7.7912e+00, 
 1DIAGNOSTIC,    57, -5.034909284029e-01, 2.750962576665e-05, 6.0904e+02, 7.6135e+00, 
 1DIAGNOSTIC,    58, -5.034504656143e-01, 2.384067428167e-05, 6.1672e+02, 7.6816e+00, 
 1DIAGNOSTIC,    59, -5.036457187631e-01, 2.183953185273e-05, 6.2442e+02, 7.7010e+00, 
 1DIAGNOSTIC,    60, -5.037135137765e-01, 1.995904681583e-05, 6.3204e+02, 7.6206e+00, 
 1DIAGNOSTIC,    61, -5.039157016305e-01, 1.945473797223e-05, 6.4015e+02, 8.1053e+00, 
 1DIAGNOSTIC,    62, -5.039337328305e-01, 1.793347918434e-05, 6.4790e+02, 7.7479e+00, 
 1DIAGNOSTIC,    63, -5.041298953960e-01, 1.819656589051e-05, 6.5552e+02, 7.6279e+00, 
 1DIAGNOSTIC,    64, -5.041449552000e-01, 1.826645627838e-05, 6.6314e+02, 7.6193e+00, 
 1DIAGNOSTIC,    65, -5.043120333760e-01, 1.954719780282e-05, 6.7078e+02, 7.6374e+00, 
 1DIAGNOSTIC,    66, -5.043996543089e-01, 1.975224282592e-05, 6.7839e+02, 7.6062e+00, 
 1DIAGNOSTIC,    67, -5.044193665675e-01, 1.926257652557e-05, 6.8616e+02, 7.7727e+00, 
 1DIAGNOSTIC,    68, -5.045478045812e-01, 1.770785933710e-05, 6.9380e+02, 7.6382e+00, 
 1DIAGNOSTIC,    69, -5.046529190482e-01, 1.701738676227e-05, 7.0141e+02, 7.6104e+00, 
 1DIAGNOSTIC,    70, -5.046900942487e-01, 1.555866404469e-05, 7.0908e+02, 7.6682e+00, 
 1DIAGNOSTIC,    71, -5.048362669294e-01, 1.552324007335e-05, 7.1668e+02, 7.6085e+00, 
 1DIAGNOSTIC,    72, -5.048120479044e-01, 1.393972106776e-05, 7.2430e+02, 7.6188e+00, 
 1DIAGNOSTIC,    73, -5.049453377891e-01, 1.371777734442e-05, 7.3195e+02, 7.6471e+00, 
 1DIAGNOSTIC,    74, -5.050209467009e-01, 1.286639448304e-05, 7.3958e+02, 7.6284e+00, 
 1DIAGNOSTIC,    75, -5.051125118907e-01, 1.279739101510e-05, 7.4721e+02, 7.6261e+00, 
 1DIAGNOSTIC,    76, -5.051866459657e-01, 1.276296181314e-05, 7.5485e+02, 7.6444e+00, 
 1DIAGNOSTIC,    77, -5.052404724752e-01, 1.206985330728e-05, 7.6254e+02, 7.6885e+00, 
 1DIAGNOSTIC,    78, -5.053605613436e-01, 1.208432169432e-05, 7.7018e+02, 7.6468e+00, 
 1DIAGNOSTIC,    79, -5.054320848297e-01, 1.222893436337e-05, 7.7781e+02, 7.6253e+00, 
 1DIAGNOSTIC,    80, -5.055136587387e-01, 1.204962989912e-05, 7.8564e+02, 7.8329e+00, 
 1DIAGNOSTIC,    81, -5.056414451753e-01, 1.270390220277e-05, 7.9341e+02, 7.7683e+00, 
 1DIAGNOSTIC,    82, -5.055952137036e-01, 1.162934288719e-05, 8.0103e+02, 7.6219e+00, 
 1DIAGNOSTIC,    83, -5.058083153959e-01, 1.189867182708e-05, 8.0879e+02, 7.7604e+00, 
 1DIAGNOSTIC,    84, -5.057228657651e-01, 1.093205912249e-05, 8.1638e+02, 7.5904e+00, 
 1DIAGNOSTIC,    85, -5.058582290344e-01, 1.051531963502e-05, 8.2408e+02, 7.6935e+00, 
 1DIAGNOSTIC,    86, -5.058529964817e-01, 9.569906597793e-06, 8.3169e+02, 7.6153e+00, 
 1DIAGNOSTIC,    87, -5.059460115188e-01, 8.714729590837e-06, 8.3932e+02, 7.6282e+00, 
 1DIAGNOSTIC,    88, -5.059050620523e-01, 7.570425734481e-06, 8.4702e+02, 7.7007e+00, 
 1DIAGNOSTIC,    89, -5.060257458006e-01, 6.996151881010e-06, 8.5465e+02, 7.6234e+00, 
 1DIAGNOSTIC,    90, -5.059788625937e-01, 5.981421147751e-06, 8.6227e+02, 7.6275e+00, 
 1DIAGNOSTIC,    91, -5.060929940491e-01, 5.989862447308e-06, 8.6994e+02, 7.6669e+00, 
 1DIAGNOSTIC,    92, -5.059797429097e-01, 4.411308755798e-06, 8.7772e+02, 7.7800e+00, 
 1DIAGNOSTIC,    93, -5.061100061571e-01, 4.632244340361e-06, 8.8545e+02, 7.7256e+00, 
 1DIAGNOSTIC,    94, -5.060690325815e-01, 3.620600107238e-06, 8.9308e+02, 7.6300e+00, 
 1DIAGNOSTIC,    95, -5.062320560608e-01, 4.116478398439e-06, 9.0070e+02, 7.6254e+00, 
 1DIAGNOSTIC,    96, -5.061736072972e-01, 3.824524738709e-06, 9.0834e+02, 7.6395e+00, 
 1DIAGNOSTIC,    97, -5.063117829413e-01, 4.596593879240e-06, 9.1600e+02, 7.6572e+00, 
 1DIAGNOSTIC,    98, -5.063180741479e-01, 4.704354771942e-06, 9.2364e+02, 7.6465e+00, 
 1DIAGNOSTIC,    99, -5.063775898757e-01, 5.431319670608e-06, 9.3139e+02, 7.7416e+00, 
 1DIAGNOSTIC,   100, -5.063406144757e-01, 5.146272197377e-06, 9.3899e+02, 7.6012e+00, 
XXDIAGNOSTIC,Iteration,metricValue,convergenceValue,ITERATION_TIME_INDEX,SINCE_LAST
 1DIAGNOSTIC,     1, -4.757378194558e-01, 1.797693134862e+308, 9.7377e+02, 3.4788e+01, 
 1DIAGNOSTIC,     2, -4.779172754650e-01, 1.797693134862e+308, 9.9944e+02, 2.5662e+01, 
 1DIAGNOSTIC,     3, -4.798735622923e-01, 1.797693134862e+308, 1.0251e+03, 2.5622e+01, 
 1DIAGNOSTIC,     4, -4.816999752347e-01, 1.797693134862e+308, 1.0506e+03, 2.5497e+01, 
 1DIAGNOSTIC,     5, -4.834844155498e-01, 1.797693134862e+308, 1.0762e+03, 2.5642e+01, 
 1DIAGNOSTIC,     6, -4.849347273687e-01, 1.797693134862e+308, 1.1018e+03, 2.5629e+01, 
 1DIAGNOSTIC,     7, -4.864199900502e-01, 1.797693134862e+308, 1.1274e+03, 2.5550e+01, 
 1DIAGNOSTIC,     8, -4.875957585925e-01, 1.797693134862e+308, 1.1529e+03, 2.5544e+01, 
 1DIAGNOSTIC,     9, -4.886463153265e-01, 1.797693134862e+308, 1.1786e+03, 2.5725e+01, 
 1DIAGNOSTIC,    10, -4.894666285267e-01, 1.823170873249e-03, 1.2051e+03, 2.6416e+01, 
 1DIAGNOSTIC,    11, -4.902338848382e-01, 1.483128579444e-03, 1.2309e+03, 2.5816e+01, 
 1DIAGNOSTIC,    12, -4.909697629805e-01, 1.208425885637e-03, 1.2565e+03, 2.5580e+01, 
 1DIAGNOSTIC,    13, -4.915608523124e-01, 9.808284676068e-04, 1.2826e+03, 2.6170e+01, 
 1DIAGNOSTIC,    14, -4.922382366100e-01, 8.006576196720e-04, 1.3086e+03, 2.5939e+01, 
 1DIAGNOSTIC,    15, -4.927294860812e-01, 6.596343648777e-04, 1.3344e+03, 2.5823e+01, 
 1DIAGNOSTIC,    16, -4.933177283732e-01, 5.496238479112e-04, 1.3602e+03, 2.5772e+01, 
 1DIAGNOSTIC,    17, -4.937964558600e-01, 4.688730791534e-04, 1.3860e+03, 2.5823e+01, 
 1DIAGNOSTIC,    18, -4.943227015503e-01, 4.085084817230e-04, 1.4116e+03, 2.5627e+01, 
 1DIAGNOSTIC,    19, -4.947546562012e-01, 3.618238291487e-04, 1.4375e+03, 2.5869e+01, 
 1DIAGNOSTIC,    20, -4.952564245128e-01, 3.244636833909e-04, 1.4635e+03, 2.5991e+01, 
 1DIAGNOSTIC,    21, -4.957215620905e-01, 2.943056409344e-04, 1.4893e+03, 2.5784e+01, 
 1DIAGNOSTIC,    22, -4.962449019155e-01, 2.725171836009e-04, 1.5151e+03, 2.5823e+01, 
 1DIAGNOSTIC,    23, -4.964199269573e-01, 2.462122263027e-04, 1.5410e+03, 2.5926e+01, 
 1DIAGNOSTIC,    24, -4.967591878172e-01, 2.237446054430e-04, 1.5668e+03, 2.5754e+01, 
 1DIAGNOSTIC,    25, -4.971404159575e-01, 2.021572327270e-04, 1.5930e+03, 2.6196e+01, 
 1DIAGNOSTIC,    26, -4.973419959286e-01, 1.806263539426e-04, 1.6187e+03, 2.5718e+01, 
 1DIAGNOSTIC,    27, -4.977514345467e-01, 1.626982829815e-04, 1.6449e+03, 2.6243e+01, 
 1DIAGNOSTIC,    28, -4.980833440606e-01, 1.484249599924e-04, 1.6707e+03, 2.5833e+01, 
 1DIAGNOSTIC,    29, -4.982742179745e-01, 1.334924205823e-04, 1.6966e+03, 2.5828e+01, 
 1DIAGNOSTIC,    30, -4.986032134893e-01, 1.229341825055e-04, 1.7226e+03, 2.6005e+01, 
 1DIAGNOSTIC,    31, -4.988489622709e-01, 1.145082304853e-04, 1.7490e+03, 2.6460e+01, 
 1DIAGNOSTIC,    32, -4.990687656834e-01, 1.092261297503e-04, 1.7749e+03, 2.5905e+01, 
 1DIAGNOSTIC,    33, -4.993595013024e-01, 1.020265987787e-04, 1.8010e+03, 2.6101e+01, 
 1DIAGNOSTIC,    34, -4.996485918587e-01, 9.618156509055e-05, 1.8270e+03, 2.5956e+01, 
 1DIAGNOSTIC,    35, -4.996777216462e-01, 8.833479064543e-05, 1.8528e+03, 2.5811e+01, 
 1DIAGNOSTIC,    36, -4.999356965367e-01, 7.992934201641e-05, 1.8795e+03, 2.6654e+01, 
 1DIAGNOSTIC,    37, -5.000764176861e-01, 7.288665780927e-05, 1.9055e+03, 2.6016e+01, 
 1DIAGNOSTIC,    38, -5.003012810287e-01, 6.773741400768e-05, 1.9314e+03, 2.5900e+01, 
 1DIAGNOSTIC,    39, -5.003811552258e-01, 6.034349797846e-05, 1.9581e+03, 2.6746e+01, 
 1DIAGNOSTIC,    40, -5.006359371185e-01, 5.606421459392e-05, 1.9843e+03, 2.6157e+01, 
 1DIAGNOSTIC,    41, -5.006851452551e-01, 5.078733231650e-05, 2.0107e+03, 2.6429e+01, 
 1DIAGNOSTIC,    42, -5.009183199457e-01, 4.712346476819e-05, 2.0367e+03, 2.6009e+01, 
 1DIAGNOSTIC,    43, -5.009644119844e-01, 4.357500103288e-05, 2.0626e+03, 2.5828e+01, 
 1DIAGNOSTIC,    44, -5.010732096932e-01, 4.134788532629e-05, 2.0883e+03, 2.5762e+01, 
 1DIAGNOSTIC,    45, -5.011398210986e-01, 3.649002927388e-05, 2.1143e+03, 2.6003e+01, 
 1DIAGNOSTIC,    46, -5.014276575367e-01, 3.521331267603e-05, 2.1402e+03, 2.5895e+01, 
 1DIAGNOSTIC,    47, -5.015046970268e-01, 3.321339349194e-05, 2.1662e+03, 2.5955e+01, 
 1DIAGNOSTIC,    48, -5.015525498723e-01, 3.147006889455e-05, 2.1919e+03, 2.5718e+01, 
 1DIAGNOSTIC,    49, -5.017025043376e-01, 2.953165092020e-05, 2.2181e+03, 2.6180e+01, 
 1DIAGNOSTIC,    50, -5.018603746203e-01, 2.960998016309e-05, 2.2441e+03, 2.6012e+01, 
 1DIAGNOSTIC,    51, -5.018527346704e-01, 2.724470303443e-05, 2.2705e+03, 2.6409e+01, 
 1DIAGNOSTIC,    52, -5.019386301323e-01, 2.597451070241e-05, 2.2965e+03, 2.5990e+01, 
 1DIAGNOSTIC,    53, -5.021183095758e-01, 2.477209362980e-05, 2.3224e+03, 2.5918e+01, 
 1DIAGNOSTIC,    54, -5.020204720748e-01, 2.136202959674e-05, 2.3484e+03, 2.5990e+01, 
 1DIAGNOSTIC,    55, -5.022599687417e-01, 1.923998606371e-05, 2.3741e+03, 2.5685e+01, 
 1DIAGNOSTIC,    56, -5.023438395205e-01, 1.915657345244e-05, 2.4004e+03, 2.6371e+01, 
 1DIAGNOSTIC,    57, -5.024136800877e-01, 1.876589902534e-05, 2.4265e+03, 2.6013e+01, 
 1DIAGNOSTIC,    58, -5.025135988515e-01, 1.807400802890e-05, 2.4525e+03, 2.6016e+01, 
 1DIAGNOSTIC,    59, -5.026182370410e-01, 1.815700389315e-05, 2.4783e+03, 2.5790e+01, 
 1DIAGNOSTIC,    60, -5.027463630181e-01, 1.926952253276e-05, 2.5041e+03, 2.5867e+01, 
 1DIAGNOSTIC,    61, -5.028262461019e-01, 1.917208628881e-05, 2.5301e+03, 2.6012e+01, 
 1DIAGNOSTIC,    62, -5.028976954310e-01, 1.870615608390e-05, 2.5560e+03, 2.5886e+01, 
 1DIAGNOSTIC,    63, -5.030296026442e-01, 1.938792497764e-05, 2.5820e+03, 2.5938e+01, 
 1DIAGNOSTIC,    64, -5.031156676281e-01, 1.804552886586e-05, 2.6078e+03, 2.5876e+01, 
 1DIAGNOSTIC,    65, -5.031865524108e-01, 1.776604978440e-05, 2.6335e+03, 2.5668e+01, 
 1DIAGNOSTIC,    66, -5.031135778447e-01, 1.592601411807e-05, 2.6594e+03, 2.5861e+01, 
 1DIAGNOSTIC,    67, -5.033947282301e-01, 1.567460386821e-05, 2.6853e+03, 2.5886e+01, 
 1DIAGNOSTIC,    68, -5.033355742192e-01, 1.421923148827e-05, 2.7112e+03, 2.5914e+01, 
 1DIAGNOSTIC,    69, -5.035201218161e-01, 1.387896119316e-05, 2.7373e+03, 2.6107e+01, 
 1DIAGNOSTIC,    70, -5.034652141231e-01, 1.283781522294e-05, 2.7640e+03, 2.6755e+01, 
XXDIAGNOSTIC,Iteration,metricValue,convergenceValue,ITERATION_TIME_INDEX,SINCE_LAST
 1DIAGNOSTIC,     1, -4.576885552304e-01, 1.797693134862e+308, 2.9883e+03, 2.2427e+02, 
 1DIAGNOSTIC,     2, -4.600837020664e-01, 1.797693134862e+308, 3.1977e+03, 2.0935e+02, 
 1DIAGNOSTIC,     3, -4.626081020798e-01, 1.797693134862e+308, 3.4093e+03, 2.1163e+02, 
 1DIAGNOSTIC,     4, -4.654068688783e-01, 1.797693134862e+308, 3.6219e+03, 2.1261e+02, 
 1DIAGNOSTIC,     5, -4.678565802261e-01, 1.797693134862e+308, 3.8332e+03, 2.1126e+02, 
 1DIAGNOSTIC,     6, -4.704065842964e-01, 1.797693134862e+308, 4.0433e+03, 2.1014e+02, 
 1DIAGNOSTIC,     7, -4.726346546934e-01, 1.797693134862e+308, 4.2540e+03, 2.1067e+02, 
 1DIAGNOSTIC,     8, -4.747239713194e-01, 1.797693134862e+308, 4.4653e+03, 2.1136e+02, 
 1DIAGNOSTIC,     9, -4.766993211783e-01, 1.797693134862e+308, 4.6816e+03, 2.1631e+02, 
 1DIAGNOSTIC,    10, -4.785655653764e-01, 2.895497748889e-03, 4.8942e+03, 2.1255e+02, 
 1DIAGNOSTIC,    11, -4.801585433994e-01, 2.506693417978e-03, 5.1075e+03, 2.1333e+02, 
 1DIAGNOSTIC,    12, -4.817799552861e-01, 2.159210396855e-03, 5.3190e+03, 2.1147e+02, 
 1DIAGNOSTIC,    13, -4.832635623572e-01, 1.854704432485e-03, 5.5312e+03, 2.1225e+02, 
 1DIAGNOSTIC,    14, -4.845388096654e-01, 1.599399323370e-03, 5.7438e+03, 2.1258e+02, 
 1DIAGNOSTIC,    15, -4.857144200142e-01, 1.376276442931e-03, 5.9538e+03, 2.0996e+02, 
 1DIAGNOSTIC,    16, -4.867698100499e-01, 1.189271342143e-03, 6.1648e+03, 2.1106e+02, 
 1DIAGNOSTIC,    17, -4.878765648946e-01, 1.031499527284e-03, 6.3755e+03, 2.1070e+02, 
 1DIAGNOSTIC,    18, -4.888799148605e-01, 8.977953569896e-04, 6.5877e+03, 2.1217e+02, 
 1DIAGNOSTIC,    19, -4.898131343403e-01, 7.856559954073e-04, 6.7993e+03, 2.1163e+02, 
 1DIAGNOSTIC,    20, -4.907967503358e-01, 6.962537334104e-04, 7.0100e+03, 2.1069e+02, 
 1DIAGNOSTIC,    21, -4.916595464650e-01, 6.194725473844e-04, 7.2211e+03, 2.1110e+02, 
 1DIAGNOSTIC,    22, -4.925549084688e-01, 5.592608348777e-04, 7.4320e+03, 2.1086e+02, 
 1DIAGNOSTIC,    23, -4.933415677855e-01, 5.100600167665e-04, 7.6431e+03, 2.1108e+02, 
 1DIAGNOSTIC,    24, -4.941477157712e-01, 4.681945549977e-04, 7.8537e+03, 2.1062e+02, 
 1DIAGNOSTIC,    25, -4.948723923491e-01, 4.303817958416e-04, 8.0670e+03, 2.1326e+02, 
 1DIAGNOSTIC,    26, -4.956134839944e-01, 3.954980306229e-04, 8.2780e+03, 2.1100e+02, 
 1DIAGNOSTIC,    27, -4.962847887296e-01, 3.645379503112e-04, 8.4904e+03, 2.1244e+02, 
 1DIAGNOSTIC,    28, -4.969761611964e-01, 3.368801547711e-04, 8.7052e+03, 2.1480e+02, 
 1DIAGNOSTIC,    29, -4.975874210245e-01, 3.104086598180e-04, 8.9181e+03, 2.1290e+02, 
 1DIAGNOSTIC,    30, -4.982426389194e-01, 2.883154853653e-04, 9.1297e+03, 2.1156e+02, 
 1DIAGNOSTIC,    31, -4.988055002747e-01, 2.671423978825e-04, 9.3410e+03, 2.1134e+02, 
 1DIAGNOSTIC,    32, -4.994364144080e-01, 2.498341802979e-04, 9.5548e+03, 2.1378e+02, 
 1DIAGNOSTIC,    33, -4.999690888308e-01, 2.331195708358e-04, 9.7665e+03, 2.1170e+02, 
 1DIAGNOSTIC,    34, -5.005359345382e-01, 2.187947907364e-04, 9.9785e+03, 2.1197e+02, 
 1DIAGNOSTIC,    35, -5.010652804561e-01, 2.053142371971e-04, 1.0192e+04, 2.1318e+02, 
 1DIAGNOSTIC,    36, -5.015896181287e-01, 1.934917872190e-04, 1.0404e+04, 2.1234e+02, 
 1DIAGNOSTIC,    37, -5.020757743688e-01, 1.820343859966e-04, 1.0617e+04, 2.1343e+02, 
 1DIAGNOSTIC,    38, -5.025882729730e-01, 1.722489010199e-04, 1.0829e+04, 2.1195e+02, 
 1DIAGNOSTIC,    39, -5.030499921333e-01, 1.624685492011e-04, 1.1041e+04, 2.1170e+02, 
 1DIAGNOSTIC,    40, -5.035432841723e-01, 1.543427952967e-04, 1.1253e+04, 2.1155e+02, 
 1DIAGNOSTIC,    41, -5.040005899245e-01, 1.462533853119e-04, 1.1469e+04, 2.1590e+02, 
 1DIAGNOSTIC,    42, -5.044712756843e-01, 1.397792139049e-04, 1.1680e+04, 2.1193e+02, 
 1DIAGNOSTIC,    43, -5.048860711535e-01, 1.329700402606e-04, 1.1893e+04, 2.1232e+02, 
 1DIAGNOSTIC,    44, -5.053119128376e-01, 1.268056081024e-04, 1.2104e+04, 2.1077e+02, 
 1DIAGNOSTIC,    45, -5.056690381638e-01, 1.201520978062e-04, 1.2320e+04, 2.1624e+02, 
 1DIAGNOSTIC,    46, -5.060377470523e-01, 1.135114424477e-04, 1.2532e+04, 2.1264e+02, 
 1DIAGNOSTIC,    47, -5.063526967513e-01, 1.061057793486e-04, 1.2743e+04, 2.1084e+02, 
 1DIAGNOSTIC,    48, -5.066754554683e-01, 9.889901963072e-05, 1.2957e+04, 2.1373e+02, 
 1DIAGNOSTIC,    49, -5.069761724570e-01, 9.147240169580e-05, 1.3168e+04, 2.1124e+02, 
 1DIAGNOSTIC,    50, -5.072621569390e-01, 8.456045723039e-05, 1.3394e+04, 2.2552e+02, 
XXDIAGNOSTIC,Iteration,metricValue,convergenceValue,ITERATION_TIME_INDEX,SINCE_LAST
 1DIAGNOSTIC,     1, -4.608903901150e-01, 1.797693134862e+308, 1.5192e+04, 1.7981e+03, 
 1DIAGNOSTIC,     2, -4.620593165624e-01, 1.797693134862e+308, 1.6917e+04, 1.7254e+03, 
 1DIAGNOSTIC,     3, -4.636093881209e-01, 1.797693134862e+308, 1.8655e+04, 1.7376e+03, 
 1DIAGNOSTIC,     4, -4.653889040451e-01, 1.797693134862e+308, 2.0391e+04, 1.7366e+03, 
 1DIAGNOSTIC,     5, -4.669573297764e-01, 1.797693134862e+308, 2.2121e+04, 1.7293e+03, 
 1DIAGNOSTIC,     6, -4.685743872617e-01, 1.797693134862e+308, 2.3870e+04, 1.7496e+03, 
 1DIAGNOSTIC,     7, -4.699713955045e-01, 1.797693134862e+308, 2.5620e+04, 1.7501e+03, 
 1DIAGNOSTIC,     8, -4.713326186437e-01, 1.797693134862e+308, 2.7384e+04, 1.7639e+03, 
slurmstepd: error: *** JOB 6248628 ON wbic-csm-2 CANCELLED AT 2021-02-09T23:22:03 DUE TO TIME LIMIT ***
