Changed directory to /lustre/scratch/wbic-beta/ccn30/ENCRYPT/fMRI/gridcellpilot/scripts/coregistration/slurmoutputs.

JobID: 6244932
======
Time: Fri Feb  5 16:04:04 GMT 2021
Running on master node: wbic-csm-2
Current directory: /lustre/scratch/wbic-beta/ccn30/ENCRYPT/fMRI/gridcellpilot/scripts/coregistration/slurmoutputs

Nodes allocated:
================
wbic-csm-2

numtasks=1, numnodes=1, mpi_tasks_per_node=1 (OMP_NUM_THREADS=1)

Executing command:
==================
/lustre/scratch/wbic-beta/ccn30/ENCRYPT/fMRI/gridcellpilot/scripts/coregistration/coreg_MasksxEPI.sh 29332/20190903_U-ID46058

******** starting 29332 ********

--------------------------------------------------------------------------------------
 Mapping parameters
--------------------------------------------------------------------------------------
 ANTSPATH is /applications/ANTS/ANTs-2.3.4/install/bin/

 Dimensionality:           3
 Output name prefix:       /lustre/scratch/wbic-beta/ccn30/ENCRYPT/fMRI/gridcellpilot/preprocessed_data/segmentation/29332/coregistration/T1xStudyTemplate_
 Fixed images:             /home/ccn30/ENCRYPT/atlases/templates/ECtemplatemasks2015/Study_template_wholeBrain.nii
 Moving images:            /lustre/scratch/wbic-beta/ccn30/ENCRYPT/fMRI/gridcellpilot/raw_data/images/29332/20190903_U-ID46058/mp2rage/denoiseRn4mag0000_PSIR_skulled_std.nii
 Mask images:              
 Initial transforms:       
 Number of threads:        1
 Spline distance:          26
 Transform type:           s
 CC radius:                4
 Precision:                d
 Use histogram matching    0
======================================================================================
 antsRegistration call:
--------------------------------------------------------------------------------------
/applications/ANTS/ANTs-2.3.4/install/bin//antsRegistration --verbose 1 --dimensionality 3 --float 0 --collapse-output-transforms 1 --output [ /lustre/scratch/wbic-beta/ccn30/ENCRYPT/fMRI/gridcellpilot/preprocessed_data/segmentation/29332/coregistration/T1xStudyTemplate_,/lustre/scratch/wbic-beta/ccn30/ENCRYPT/fMRI/gridcellpilot/preprocessed_data/segmentation/29332/coregistration/T1xStudyTemplate_Warped.nii.gz,/lustre/scratch/wbic-beta/ccn30/ENCRYPT/fMRI/gridcellpilot/preprocessed_data/segmentation/29332/coregistration/T1xStudyTemplate_InverseWarped.nii.gz ] --interpolation Linear --use-histogram-matching 0 --winsorize-image-intensities [ 0.005,0.995 ] --initial-moving-transform [ /home/ccn30/ENCRYPT/atlases/templates/ECtemplatemasks2015/Study_template_wholeBrain.nii,/lustre/scratch/wbic-beta/ccn30/ENCRYPT/fMRI/gridcellpilot/raw_data/images/29332/20190903_U-ID46058/mp2rage/denoiseRn4mag0000_PSIR_skulled_std.nii,1 ] --transform Rigid[ 0.1 ] --metric MI[ /home/ccn30/ENCRYPT/atlases/templates/ECtemplatemasks2015/Study_template_wholeBrain.nii,/lustre/scratch/wbic-beta/ccn30/ENCRYPT/fMRI/gridcellpilot/raw_data/images/29332/20190903_U-ID46058/mp2rage/denoiseRn4mag0000_PSIR_skulled_std.nii,1,32,Regular,0.25 ] --convergence [ 1000x500x250x100,1e-6,10 ] --shrink-factors 12x8x4x2 --smoothing-sigmas 4x3x2x1vox --transform Affine[ 0.1 ] --metric MI[ /home/ccn30/ENCRYPT/atlases/templates/ECtemplatemasks2015/Study_template_wholeBrain.nii,/lustre/scratch/wbic-beta/ccn30/ENCRYPT/fMRI/gridcellpilot/raw_data/images/29332/20190903_U-ID46058/mp2rage/denoiseRn4mag0000_PSIR_skulled_std.nii,1,32,Regular,0.25 ] --convergence [ 1000x500x250x100,1e-6,10 ] --shrink-factors 12x8x4x2 --smoothing-sigmas 4x3x2x1vox --transform SyN[ 0.1,3,0 ] --metric CC[ /home/ccn30/ENCRYPT/atlases/templates/ECtemplatemasks2015/Study_template_wholeBrain.nii,/lustre/scratch/wbic-beta/ccn30/ENCRYPT/fMRI/gridcellpilot/raw_data/images/29332/20190903_U-ID46058/mp2rage/denoiseRn4mag0000_PSIR_skulled_std.nii,1,4 ] --convergence [ 100x100x70x50x20,1e-6,10 ] --shrink-factors 10x6x4x2x1 --smoothing-sigmas 5x3x2x1x0vox
--------------------------------------------------------------------------------------
All_Command_lines_OK
Using double precision for computations.
=============================================================================
The composite transform comprises the following transforms (in order): 
  1. Center of mass alignment using fixed image: /home/ccn30/ENCRYPT/atlases/templates/ECtemplatemasks2015/Study_template_wholeBrain.nii and moving image: /lustre/scratch/wbic-beta/ccn30/ENCRYPT/fMRI/gridcellpilot/raw_data/images/29332/20190903_U-ID46058/mp2rage/denoiseRn4mag0000_PSIR_skulled_std.nii (type = Euler3DTransform)
=============================================================================
  number of levels = 4
  number of levels = 4
  number of levels = 5
  fixed image: /home/ccn30/ENCRYPT/atlases/templates/ECtemplatemasks2015/Study_template_wholeBrain.nii
  moving image: /lustre/scratch/wbic-beta/ccn30/ENCRYPT/fMRI/gridcellpilot/raw_data/images/29332/20190903_U-ID46058/mp2rage/denoiseRn4mag0000_PSIR_skulled_std.nii
  fixed image: /home/ccn30/ENCRYPT/atlases/templates/ECtemplatemasks2015/Study_template_wholeBrain.nii
  moving image: /lustre/scratch/wbic-beta/ccn30/ENCRYPT/fMRI/gridcellpilot/raw_data/images/29332/20190903_U-ID46058/mp2rage/denoiseRn4mag0000_PSIR_skulled_std.nii
  fixed image: /home/ccn30/ENCRYPT/atlases/templates/ECtemplatemasks2015/Study_template_wholeBrain.nii
  moving image: /lustre/scratch/wbic-beta/ccn30/ENCRYPT/fMRI/gridcellpilot/raw_data/images/29332/20190903_U-ID46058/mp2rage/denoiseRn4mag0000_PSIR_skulled_std.nii
Dimension = 3
Number of stages = 3
Use Histogram Matching false
Winsorize image intensities true
Lower quantile = 0.005
Upper quantile = 0.995
Stage 1 State
   Image metric = Mattes
     Fixed image = Image (0x423a550)
  RTTI typeinfo:   itk::Image<double, 3u>
  Reference Count: 2
  Modified Time: 1735
  Debug: Off
  Object Name: 
  Observers: 
    none
  Source: (none)
  Source output name: (none)
  Release Data: Off
  Data Released: False
  Global Release Data: Off
  PipelineMTime: 0
  UpdateMTime: 1518
  RealTimeStamp: 0 seconds 
  LargestPossibleRegion: 
    Dimension: 3
    Index: [0, 0, 0]
    Size: [384, 384, 288]
  BufferedRegion: 
    Dimension: 3
    Index: [0, 0, 0]
    Size: [384, 384, 288]
  RequestedRegion: 
    Dimension: 3
    Index: [0, 0, 0]
    Size: [384, 384, 288]
  Spacing: [0.598958, 0.598958, 0.599937]
  Origin: [85.9044, -155.274, 91.0901]
  Direction: 
-0 0 -1
1 -0 0
0 -1 0

  IndexToPointMatrix: 
0 0 -0.599937
0.598958 0 0
0 -0.598958 0

  PointToIndexMatrix: 
0 1.66957 0
0 0 -1.66957
-1.66684 0 0

  Inverse Direction: 
0 1 0
0 0 -1
-1 0 0

  PixelContainer: 
    ImportImageContainer (0x423f880)
      RTTI typeinfo:   itk::ImportImageContainer<unsigned long, double>
      Reference Count: 1
      Modified Time: 1515
      Debug: Off
      Object Name: 
      Observers: 
        none
      Pointer: 0x2b5cd9128010
      Container manages memory: true
      Size: 42467328
      Capacity: 42467328

     Moving image = Image (0x42382f0)
  RTTI typeinfo:   itk::Image<double, 3u>
  Reference Count: 2
  Modified Time: 1736
  Debug: Off
  Object Name: 
  Observers: 
    none
  Source: (none)
  Source output name: (none)
  Release Data: Off
  Data Released: False
  Global Release Data: Off
  PipelineMTime: 0
  UpdateMTime: 1733
  RealTimeStamp: 0 seconds 
  LargestPossibleRegion: 
    Dimension: 3
    Index: [0, 0, 0]
    Size: [224, 320, 320]
  BufferedRegion: 
    Dimension: 3
    Index: [0, 0, 0]
    Size: [224, 320, 320]
  RequestedRegion: 
    Dimension: 3
    Index: [0, 0, 0]
    Size: [224, 320, 320]
  Spacing: [0.699997, 0.7, 0.7]
  Origin: [-80.5294, 73.4889, -115.639]
  Direction: 
1 0 0
0 -1 0
0 0 1

  IndexToPointMatrix: 
0.699997 0 0
0 -0.7 0
0 0 0.7

  PointToIndexMatrix: 
1.42858 0 0
0 -1.42857 0
0 0 1.42857

  Inverse Direction: 
1 0 0
0 -1 0
0 0 1

  PixelContainer: 
    ImportImageContainer (0x42463f0)
      RTTI typeinfo:   itk::ImportImageContainer<unsigned long, double>
      Reference Count: 1
      Modified Time: 1730
      Debug: Off
      Object Name: 
      Observers: 
        none
      Pointer: 0x2b5ced529010
      Container manages memory: true
      Size: 22937600
      Capacity: 22937600

     Weighting = 1
     Sampling strategy = regular
     Number of bins = 32
     Radius = 4
     Sampling percentage  = 0.25
   Transform = Rigid
     Gradient step = 0.1
     Update field sigma (voxel space) = 0
     Total field sigma (voxel space) = 0
     Update field time sigma = 0
     Total field time sigma  = 0
     Number of time indices = 0
     Number of time point samples = 0
Stage 2 State
   Image metric = Mattes
     Fixed image = Image (0x423a860)
  RTTI typeinfo:   itk::Image<double, 3u>
  Reference Count: 2
  Modified Time: 2167
  Debug: Off
  Object Name: 
  Observers: 
    none
  Source: (none)
  Source output name: (none)
  Release Data: Off
  Data Released: False
  Global Release Data: Off
  PipelineMTime: 0
  UpdateMTime: 1950
  RealTimeStamp: 0 seconds 
  LargestPossibleRegion: 
    Dimension: 3
    Index: [0, 0, 0]
    Size: [384, 384, 288]
  BufferedRegion: 
    Dimension: 3
    Index: [0, 0, 0]
    Size: [384, 384, 288]
  RequestedRegion: 
    Dimension: 3
    Index: [0, 0, 0]
    Size: [384, 384, 288]
  Spacing: [0.598958, 0.598958, 0.599937]
  Origin: [85.9044, -155.274, 91.0901]
  Direction: 
-0 0 -1
1 -0 0
0 -1 0

  IndexToPointMatrix: 
0 0 -0.599937
0.598958 0 0
0 -0.598958 0

  PointToIndexMatrix: 
0 1.66957 0
0 0 -1.66957
-1.66684 0 0

  Inverse Direction: 
0 1 0
0 0 -1
-1 0 0

  PixelContainer: 
    ImportImageContainer (0x4242be0)
      RTTI typeinfo:   itk::ImportImageContainer<unsigned long, double>
      Reference Count: 1
      Modified Time: 1947
      Debug: Off
      Object Name: 
      Observers: 
        none
      Pointer: 0x2b5cf842a010
      Container manages memory: true
      Size: 42467328
      Capacity: 42467328

     Moving image = Image (0x423aaf0)
  RTTI typeinfo:   itk::Image<double, 3u>
  Reference Count: 2
  Modified Time: 2168
  Debug: Off
  Object Name: 
  Observers: 
    none
  Source: (none)
  Source output name: (none)
  Release Data: Off
  Data Released: False
  Global Release Data: Off
  PipelineMTime: 0
  UpdateMTime: 2165
  RealTimeStamp: 0 seconds 
  LargestPossibleRegion: 
    Dimension: 3
    Index: [0, 0, 0]
    Size: [224, 320, 320]
  BufferedRegion: 
    Dimension: 3
    Index: [0, 0, 0]
    Size: [224, 320, 320]
  RequestedRegion: 
    Dimension: 3
    Index: [0, 0, 0]
    Size: [224, 320, 320]
  Spacing: [0.699997, 0.7, 0.7]
  Origin: [-80.5294, 73.4889, -115.639]
  Direction: 
1 0 0
0 -1 0
0 0 1

  IndexToPointMatrix: 
0.699997 0 0
0 -0.7 0
0 0 0.7

  PointToIndexMatrix: 
1.42858 0 0
0 -1.42857 0
0 0 1.42857

  Inverse Direction: 
1 0 0
0 -1 0
0 0 1

  PixelContainer: 
    ImportImageContainer (0x424ff10)
      RTTI typeinfo:   itk::ImportImageContainer<unsigned long, double>
      Reference Count: 1
      Modified Time: 2162
      Debug: Off
      Object Name: 
      Observers: 
        none
      Pointer: 0x2b5d0c82b010
      Container manages memory: true
      Size: 22937600
      Capacity: 22937600

     Weighting = 1
     Sampling strategy = regular
     Number of bins = 32
     Radius = 4
     Sampling percentage  = 0.25
   Transform = Affine
     Gradient step = 0.1
     Update field sigma (voxel space) = 0
     Total field sigma (voxel space) = 0
     Update field time sigma = 0
     Total field time sigma  = 0
     Number of time indices = 0
     Number of time point samples = 0
Stage 3 State
   Image metric = CC
     Fixed image = Image (0x424ddf0)
  RTTI typeinfo:   itk::Image<double, 3u>
  Reference Count: 2
  Modified Time: 2599
  Debug: Off
  Object Name: 
  Observers: 
    none
  Source: (none)
  Source output name: (none)
  Release Data: Off
  Data Released: False
  Global Release Data: Off
  PipelineMTime: 0
  UpdateMTime: 2382
  RealTimeStamp: 0 seconds 
  LargestPossibleRegion: 
    Dimension: 3
    Index: [0, 0, 0]
    Size: [384, 384, 288]
  BufferedRegion: 
    Dimension: 3
    Index: [0, 0, 0]
    Size: [384, 384, 288]
  RequestedRegion: 
    Dimension: 3
    Index: [0, 0, 0]
    Size: [384, 384, 288]
  Spacing: [0.598958, 0.598958, 0.599937]
  Origin: [85.9044, -155.274, 91.0901]
  Direction: 
-0 0 -1
1 -0 0
0 -1 0

  IndexToPointMatrix: 
0 0 -0.599937
0.598958 0 0
0 -0.598958 0

  PointToIndexMatrix: 
0 1.66957 0
0 0 -1.66957
-1.66684 0 0

  Inverse Direction: 
0 1 0
0 0 -1
-1 0 0

  PixelContainer: 
    ImportImageContainer (0x4250ae0)
      RTTI typeinfo:   itk::ImportImageContainer<unsigned long, double>
      Reference Count: 1
      Modified Time: 2379
      Debug: Off
      Object Name: 
      Observers: 
        none
      Pointer: 0x2b5d1772c010
      Container manages memory: true
      Size: 42467328
      Capacity: 42467328

     Moving image = Image (0x4248700)
  RTTI typeinfo:   itk::Image<double, 3u>
  Reference Count: 2
  Modified Time: 2600
  Debug: Off
  Object Name: 
  Observers: 
    none
  Source: (none)
  Source output name: (none)
  Release Data: Off
  Data Released: False
  Global Release Data: Off
  PipelineMTime: 0
  UpdateMTime: 2597
  RealTimeStamp: 0 seconds 
  LargestPossibleRegion: 
    Dimension: 3
    Index: [0, 0, 0]
    Size: [224, 320, 320]
  BufferedRegion: 
    Dimension: 3
    Index: [0, 0, 0]
    Size: [224, 320, 320]
  RequestedRegion: 
    Dimension: 3
    Index: [0, 0, 0]
    Size: [224, 320, 320]
  Spacing: [0.699997, 0.7, 0.7]
  Origin: [-80.5294, 73.4889, -115.639]
  Direction: 
1 0 0
0 -1 0
0 0 1

  IndexToPointMatrix: 
0.699997 0 0
0 -0.7 0
0 0 0.7

  PointToIndexMatrix: 
1.42858 0 0
0 -1.42857 0
0 0 1.42857

  Inverse Direction: 
1 0 0
0 -1 0
0 0 1

  PixelContainer: 
    ImportImageContainer (0x424f350)
      RTTI typeinfo:   itk::ImportImageContainer<unsigned long, double>
      Reference Count: 1
      Modified Time: 2594
      Debug: Off
      Object Name: 
      Observers: 
        none
      Pointer: 0x2b5d2bb2d010
      Container manages memory: true
      Size: 22937600
      Capacity: 22937600

     Weighting = 1
     Sampling strategy = none
     Number of bins = 32
     Radius = 4
     Sampling percentage  = 1
   Transform = SyN
     Gradient step = 0.1
     Update field sigma (voxel space) = 3
     Total field sigma (voxel space) = 0
     Update field time sigma = 0
     Total field time sigma  = 0
     Number of time indices = 0
     Number of time point samples = 0
Registration using 3 total stages.

Stage 0
  iterations = 1000x500x250x100
  convergence threshold = 1e-06
  convergence window size = 10
  number of levels = 4
  using the Mattes MI metric (number of bins = 32, weight = 1)
  preprocessing:  winsorizing the image intensities
  Shrink factors (level 1 out of 4): [12, 12, 12]
  Shrink factors (level 2 out of 4): [8, 8, 8]
  Shrink factors (level 3 out of 4): [4, 4, 4]
  Shrink factors (level 4 out of 4): [2, 2, 2]
  smoothing sigmas per level: [4, 3, 2, 1]
  regular sampling (percentage = 0.25)

*** Running Euler3DTransform registration ***

DIAGNOSTIC,Iteration,metricValue,convergenceValue,ITERATION_TIME_INDEX,SINCE_LAST
 2DIAGNOSTIC,     1, -5.189792057748e-01, 1.797693134862e+308, 1.1810e+01, 1.1810e+01, 
 2DIAGNOSTIC,     2, -5.216796190784e-01, 1.797693134862e+308, 1.1842e+01, 3.1903e-02, 
 2DIAGNOSTIC,     3, -5.254872581252e-01, 1.797693134862e+308, 1.1874e+01, 3.2632e-02, 
 2DIAGNOSTIC,     4, -5.324766553520e-01, 1.797693134862e+308, 1.1905e+01, 3.0642e-02, 
 2DIAGNOSTIC,     5, -5.468755778498e-01, 1.797693134862e+308, 1.1933e+01, 2.8558e-02, 
 2DIAGNOSTIC,     6, -5.679096533922e-01, 1.797693134862e+308, 1.1962e+01, 2.8334e-02, 
 2DIAGNOSTIC,     7, -5.831878075049e-01, 1.797693134862e+308, 1.1992e+01, 2.9939e-02, 
 2DIAGNOSTIC,     8, -5.938370876187e-01, 1.797693134862e+308, 1.2019e+01, 2.6936e-02, 
 2DIAGNOSTIC,     9, -6.002983170769e-01, 1.797693134862e+308, 1.2048e+01, 2.9613e-02, 
 2DIAGNOSTIC,    10, -6.033999550331e-01, 1.159902261603e-02, 1.2081e+01, 3.3035e-02, 
 2DIAGNOSTIC,    11, -6.054186324863e-01, 1.026600281362e-02, 1.2108e+01, 2.6245e-02, 
 2DIAGNOSTIC,    12, -6.130931397121e-01, 8.675701901262e-03, 1.2141e+01, 3.3552e-02, 
 2DIAGNOSTIC,    13, -6.250905282445e-01, 7.159600407140e-03, 1.2172e+01, 3.0551e-02, 
 2DIAGNOSTIC,    14, -6.333531213774e-01, 5.754334514775e-03, 1.2202e+01, 3.0234e-02, 
 2DIAGNOSTIC,    15, -6.332937530706e-01, 4.490446443916e-03, 1.2232e+01, 2.9957e-02, 
 2DIAGNOSTIC,    16, -6.337299193373e-01, 3.642618783779e-03, 1.2265e+01, 3.3458e-02, 
 2DIAGNOSTIC,    17, -6.357190269235e-01, 3.053844890486e-03, 1.2298e+01, 3.2705e-02, 
 2DIAGNOSTIC,    18, -6.370979809637e-01, 2.565364526405e-03, 1.2339e+01, 4.0933e-02, 
 2DIAGNOSTIC,    19, -6.371163491294e-01, 2.056061328988e-03, 1.2368e+01, 2.8943e-02, 
 2DIAGNOSTIC,    20, -6.369891518770e-01, 1.488248405831e-03, 1.2399e+01, 3.1379e-02, 
 2DIAGNOSTIC,    21, -6.371005908808e-01, 8.901455189522e-04, 1.2429e+01, 2.9780e-02, 
 2DIAGNOSTIC,    22, -6.371902910533e-01, 4.286714214963e-04, 1.2461e+01, 3.1839e-02, 
 2DIAGNOSTIC,    23, -6.374450803805e-01, 2.169135321776e-04, 1.2491e+01, 2.9709e-02, 
 2DIAGNOSTIC,    24, -6.375758368471e-01, 1.695705354289e-04, 1.2519e+01, 2.8769e-02, 
 2DIAGNOSTIC,    25, -6.380545064736e-01, 1.190688759344e-04, 1.2560e+01, 4.0491e-02, 
 2DIAGNOSTIC,    26, -6.381146672537e-01, 6.969908290004e-05, 1.2597e+01, 3.7144e-02, 
 2DIAGNOSTIC,    27, -6.381203876258e-01, 5.176926708233e-05, 1.2630e+01, 3.3044e-02, 
 2DIAGNOSTIC,    28, -6.380903582667e-01, 5.304927670868e-05, 1.2661e+01, 3.1164e-02, 
 2DIAGNOSTIC,    29, -6.375638452435e-01, 4.121031253658e-05, 1.2748e+01, 8.7018e-02, 
 2DIAGNOSTIC,    30, -6.375638452293e-01, 2.456194456147e-05, 1.2769e+01, 2.0687e-02, 
 2DIAGNOSTIC,    31, -6.375638453998e-01, 8.390383953297e-06, 1.2790e+01, 2.0914e-02, 
DIAGNOSTIC,Iteration,metricValue,convergenceValue,ITERATION_TIME_INDEX,SINCE_LAST
 2DIAGNOSTIC,     1, -5.549983130562e-01, 1.797693134862e+308, 2.2452e+01, 9.6617e+00, 
 2DIAGNOSTIC,     2, -5.558883056899e-01, 1.797693134862e+308, 2.2550e+01, 9.8328e-02, 
 2DIAGNOSTIC,     3, -5.567844260125e-01, 1.797693134862e+308, 2.2652e+01, 1.0219e-01, 
 2DIAGNOSTIC,     4, -5.577406416988e-01, 1.797693134862e+308, 2.2760e+01, 1.0776e-01, 
 2DIAGNOSTIC,     5, -5.582699713046e-01, 1.797693134862e+308, 2.2888e+01, 1.2805e-01, 
 2DIAGNOSTIC,     6, -5.584043433097e-01, 1.797693134862e+308, 2.2990e+01, 1.0220e-01, 
 2DIAGNOSTIC,     7, -5.585095788959e-01, 1.797693134862e+308, 2.3107e+01, 1.1662e-01, 
 2DIAGNOSTIC,     8, -5.585808527632e-01, 1.797693134862e+308, 2.3204e+01, 9.7083e-02, 
 2DIAGNOSTIC,     9, -5.588111542873e-01, 1.797693134862e+308, 2.3316e+01, 1.1229e-01, 
 2DIAGNOSTIC,    10, -5.590918521216e-01, 4.256139133293e-04, 2.3443e+01, 1.2733e-01, 
 2DIAGNOSTIC,    11, -5.597782797411e-01, 3.187343924453e-04, 2.3593e+01, 1.4979e-01, 
 2DIAGNOSTIC,    12, -5.598170767146e-01, 2.399557284704e-04, 2.3713e+01, 1.1943e-01, 
 2DIAGNOSTIC,    13, -5.597941111804e-01, 1.857350834779e-04, 2.3821e+01, 1.0803e-01, 
 2DIAGNOSTIC,    14, -5.597669371817e-01, 1.562465826368e-04, 2.3947e+01, 1.2584e-01, 
 2DIAGNOSTIC,    15, -5.597350691638e-01, 1.332381085300e-04, 2.4079e+01, 1.3205e-01, 
 2DIAGNOSTIC,    16, -5.596364728539e-01, 1.018809486796e-04, 2.4213e+01, 1.3459e-01, 
 2DIAGNOSTIC,    17, -5.597952275993e-01, 7.305000392795e-05, 2.4408e+01, 1.9450e-01, 
 2DIAGNOSTIC,    18, -5.597762277399e-01, 4.239105105136e-05, 2.4544e+01, 1.3658e-01, 
 2DIAGNOSTIC,    19, -5.597781850070e-01, 1.748406365042e-05, 2.4671e+01, 1.2709e-01, 
DIAGNOSTIC,Iteration,metricValue,convergenceValue,ITERATION_TIME_INDEX,SINCE_LAST
 2DIAGNOSTIC,     1, -4.941012609158e-01, 1.797693134862e+308, 3.5216e+01, 1.0545e+01, 
 2DIAGNOSTIC,     2, -4.942086875041e-01, 1.797693134862e+308, 3.5828e+01, 6.1189e-01, 
 2DIAGNOSTIC,     3, -4.942547649957e-01, 1.797693134862e+308, 3.6439e+01, 6.1058e-01, 
 2DIAGNOSTIC,     4, -4.942880899352e-01, 1.797693134862e+308, 3.7030e+01, 5.9115e-01, 
 2DIAGNOSTIC,     5, -4.944497169616e-01, 1.797693134862e+308, 3.7699e+01, 6.6923e-01, 
 2DIAGNOSTIC,     6, -4.945383639718e-01, 1.797693134862e+308, 3.8460e+01, 7.6035e-01, 
 2DIAGNOSTIC,     7, -4.945387030603e-01, 1.797693134862e+308, 3.9140e+01, 6.8080e-01, 
 2DIAGNOSTIC,     8, -4.945296489700e-01, 1.797693134862e+308, 3.9856e+01, 7.1573e-01, 
 2DIAGNOSTIC,     9, -4.945428344110e-01, 1.797693134862e+308, 4.0666e+01, 8.1005e-01, 
 2DIAGNOSTIC,    10, -4.945316093856e-01, 6.336327677951e-05, 4.1490e+01, 8.2377e-01, 
 2DIAGNOSTIC,    11, -4.945305983379e-01, 4.365452862619e-05, 4.2199e+01, 7.0940e-01, 
 2DIAGNOSTIC,    12, -4.945297226990e-01, 2.875343425698e-05, 4.2926e+01, 7.2637e-01, 
 2DIAGNOSTIC,    13, -4.945277175790e-01, 1.584214874654e-05, 4.3545e+01, 6.1931e-01, 
 2DIAGNOSTIC,    14, -4.945280574438e-01, 4.790331042490e-06, 4.4353e+01, 8.0752e-01, 
 2DIAGNOSTIC,    15, -4.945282255421e-01, 1.083320929032e-06, 4.4960e+01, 6.0761e-01, 
 2DIAGNOSTIC,    16, -4.945267046231e-01, 1.069456706179e-06, 4.5636e+01, 6.7553e-01, 
 2DIAGNOSTIC,    17, -4.945278927433e-01, 1.204036841541e-06, 4.6274e+01, 6.3866e-01, 
 2DIAGNOSTIC,    18, -4.945293334394e-01, 1.124834052013e-06, 4.6872e+01, 5.9806e-01, 
 2DIAGNOSTIC,    19, -4.945289244072e-01, 1.507445107712e-06, 4.7662e+01, 7.9001e-01, 
 2DIAGNOSTIC,    20, -4.945303416686e-01, 1.586465407488e-06, 4.8363e+01, 7.0081e-01, 
 2DIAGNOSTIC,    21, -4.945288424657e-01, 1.589787313523e-06, 4.9143e+01, 7.7990e-01, 
 2DIAGNOSTIC,    22, -4.945276322094e-01, 1.533881692301e-06, 4.9829e+01, 6.8568e-01, 
 2DIAGNOSTIC,    23, -4.945251548076e-01, 1.362104328169e-06, 5.0434e+01, 6.0524e-01, 
 2DIAGNOSTIC,    24, -4.945252920041e-01, 1.218624511440e-06, 5.1118e+01, 6.8423e-01, 
 2DIAGNOSTIC,    25, -4.945253869181e-01, 1.102970456891e-06, 5.1758e+01, 6.3992e-01, 
DIAGNOSTIC,Iteration,metricValue,convergenceValue,ITERATION_TIME_INDEX,SINCE_LAST
 2DIAGNOSTIC,     1, -4.341166838005e-01, 1.797693134862e+308, 6.6995e+01, 1.5236e+01, 
 2DIAGNOSTIC,     2, -4.344711522167e-01, 1.797693134862e+308, 7.1730e+01, 4.7354e+00, 
 2DIAGNOSTIC,     3, -4.346811634805e-01, 1.797693134862e+308, 7.7171e+01, 5.4405e+00, 
 2DIAGNOSTIC,     4, -4.347347368762e-01, 1.797693134862e+308, 8.2709e+01, 5.5382e+00, 
 2DIAGNOSTIC,     5, -4.347387718909e-01, 1.797693134862e+308, 8.7442e+01, 4.7331e+00, 
 2DIAGNOSTIC,     6, -4.347399196907e-01, 1.797693134862e+308, 9.2088e+01, 4.6464e+00, 
 2DIAGNOSTIC,     7, -4.347558009295e-01, 1.797693134862e+308, 9.6965e+01, 4.8763e+00, 
 2DIAGNOSTIC,     8, -4.347688523540e-01, 1.797693134862e+308, 1.0183e+02, 4.8641e+00, 
 2DIAGNOSTIC,     9, -4.347892814008e-01, 1.797693134862e+308, 1.0737e+02, 5.5456e+00, 
 2DIAGNOSTIC,    10, -4.347917485075e-01, 7.017438503486e-05, 1.1297e+02, 5.5983e+00, 
 2DIAGNOSTIC,    11, -4.348183212274e-01, 3.253761545874e-05, 1.1814e+02, 5.1643e+00, 
 2DIAGNOSTIC,    12, -4.349088313513e-01, 2.243344026534e-05, 1.3018e+02, 1.2039e+01, 
 2DIAGNOSTIC,    13, -4.349062911180e-01, 2.232866405479e-05, 1.3584e+02, 5.6608e+00, 
 2DIAGNOSTIC,    14, -4.349041803213e-01, 2.289943981598e-05, 1.4164e+02, 5.8008e+00, 
 2DIAGNOSTIC,    15, -4.349034616693e-01, 2.172786085733e-05, 1.4716e+02, 5.5222e+00, 
 2DIAGNOSTIC,    16, -4.349042173365e-01, 1.894957455270e-05, 1.5294e+02, 5.7812e+00, 
 2DIAGNOSTIC,    17, -4.349050694733e-01, 1.551230200388e-05, 1.5945e+02, 6.5077e+00, 
 2DIAGNOSTIC,    18, -4.349036724776e-01, 1.160428223473e-05, 1.6731e+02, 7.8629e+00, 
 2DIAGNOSTIC,    19, -4.349030406059e-01, 7.940566277259e-06, 1.7198e+02, 4.6647e+00, 
 2DIAGNOSTIC,    20, -4.349022852958e-01, 4.127501916723e-06, 1.7995e+02, 7.9698e+00, 
 2DIAGNOSTIC,    21, -4.349023211140e-01, 1.186140562895e-06, 1.8595e+02, 6.0032e+00, 
 2DIAGNOSTIC,    22, -4.349022304649e-01, 1.229654027726e-06, 1.9186e+02, 5.9143e+00, 
 2DIAGNOSTIC,    23, -4.349024306222e-01, 1.225351665149e-06, 1.9781e+02, 5.9483e+00, 
 2DIAGNOSTIC,    24, -4.349018736087e-01, 1.165091624483e-06, 2.0373e+02, 5.9230e+00, 
 2DIAGNOSTIC,    25, -4.349017678025e-01, 1.103120162466e-06, 2.0973e+02, 5.9985e+00, 
 2DIAGNOSTIC,    26, -4.349017657632e-01, 1.079568763405e-06, 2.1570e+02, 5.9721e+00, 
 2DIAGNOSTIC,    27, -4.349013169958e-01, 1.081360093913e-06, 2.2087e+02, 5.1645e+00, 
 2DIAGNOSTIC,    28, -4.349012012499e-01, 1.057323153433e-06, 2.2680e+02, 5.9283e+00, 
 2DIAGNOSTIC,    29, -4.349010699576e-01, 1.025822490466e-06, 2.3270e+02, 5.9057e+00, 
  Elapsed time (stage 0): 2.3877e+02


Stage 1
  iterations = 1000x500x250x100
  convergence threshold = 1.0000e-06
  convergence window size = 10
  number of levels = 4
  using the Mattes MI metric (number of bins = 32, weight = 1.0000e+00)
  preprocessing:  winsorizing the image intensities
  Shrink factors (level 1 out of 4): [12, 12, 12]
  Shrink factors (level 2 out of 4): [8, 8, 8]
  Shrink factors (level 3 out of 4): [4, 4, 4]
  Shrink factors (level 4 out of 4): [2, 2, 2]
  smoothing sigmas per level: [4, 3, 2, 1]
  regular sampling (percentage = 2.5000e-01)

*** Running AffineTransform registration ***

DIAGNOSTIC,Iteration,metricValue,convergenceValue,ITERATION_TIME_INDEX,SINCE_LAST
 2DIAGNOSTIC,     1, -6.235811590337e-01, 1.797693134862e+308, 9.7944e+00, 9.7944e+00, 
 2DIAGNOSTIC,     2, -6.251377755260e-01, 1.797693134862e+308, 9.8298e+00, 3.5358e-02, 
 2DIAGNOSTIC,     3, -6.284876220423e-01, 1.797693134862e+308, 9.8672e+00, 3.7410e-02, 
 2DIAGNOSTIC,     4, -6.341708292468e-01, 1.797693134862e+308, 9.9047e+00, 3.7508e-02, 
 2DIAGNOSTIC,     5, -6.467661390083e-01, 1.797693134862e+308, 9.9493e+00, 4.4552e-02, 
 2DIAGNOSTIC,     6, -6.713646723422e-01, 1.797693134862e+308, 1.0014e+01, 6.4319e-02, 
 2DIAGNOSTIC,     7, -6.722272163171e-01, 1.797693134862e+308, 1.0045e+01, 3.1250e-02, 
 2DIAGNOSTIC,     8, -6.727162531325e-01, 1.797693134862e+308, 1.0076e+01, 3.1616e-02, 
 2DIAGNOSTIC,     9, -6.734820914968e-01, 1.797693134862e+308, 1.0105e+01, 2.8878e-02, 
 2DIAGNOSTIC,    10, -6.747019361979e-01, 6.375273170700e-03, 1.0135e+01, 2.9450e-02, 
 2DIAGNOSTIC,    11, -6.769748483650e-01, 5.216403255120e-03, 1.0169e+01, 3.4454e-02, 
 2DIAGNOSTIC,    12, -6.788157858969e-01, 3.913416315529e-03, 1.0203e+01, 3.4098e-02, 
 2DIAGNOSTIC,    13, -6.808882930164e-01, 2.656717510170e-03, 1.0238e+01, 3.4982e-02, 
 2DIAGNOSTIC,    14, -6.838082867655e-01, 1.606689309995e-03, 1.0267e+01, 2.9051e-02, 
 2DIAGNOSTIC,    15, -6.861037716846e-01, 9.598985192196e-04, 1.0306e+01, 3.8777e-02, 
 2DIAGNOSTIC,    16, -6.884026663524e-01, 1.027591636006e-03, 1.0340e+01, 3.3875e-02, 
 2DIAGNOSTIC,    17, -6.887248994089e-01, 1.022016351469e-03, 1.0371e+01, 3.1128e-02, 
 2DIAGNOSTIC,    18, -6.888084149841e-01, 9.373679577891e-04, 1.0398e+01, 2.7352e-02, 
 2DIAGNOSTIC,    19, -6.889313857088e-01, 7.951844345927e-04, 1.0433e+01, 3.4674e-02, 
 2DIAGNOSTIC,    20, -6.889632558836e-01, 6.192600595766e-04, 1.0462e+01, 2.9167e-02, 
 2DIAGNOSTIC,    21, -6.890821469554e-01, 4.509158633794e-04, 1.0491e+01, 2.8219e-02, 
 2DIAGNOSTIC,    22, -6.891894850237e-01, 2.938915761196e-04, 1.0522e+01, 3.1218e-02, 
 2DIAGNOSTIC,    23, -6.892384807170e-01, 1.621901635466e-04, 1.0566e+01, 4.4695e-02, 
 2DIAGNOSTIC,    24, -6.892376600543e-01, 7.753582776802e-05, 1.0610e+01, 4.3996e-02, 
 2DIAGNOSTIC,    25, -6.892664369865e-01, 3.093941953868e-05, 1.0641e+01, 3.0315e-02, 
 2DIAGNOSTIC,    26, -6.893323018411e-01, 2.347106483697e-05, 1.0670e+01, 2.8823e-02, 
 2DIAGNOSTIC,    27, -6.894159549762e-01, 2.074796754394e-05, 1.0698e+01, 2.8391e-02, 
 2DIAGNOSTIC,    28, -6.894197770430e-01, 1.764249818621e-05, 1.0727e+01, 2.8925e-02, 
 2DIAGNOSTIC,    29, -6.894126697444e-01, 1.494002498596e-05, 1.0755e+01, 2.7806e-02, 
 2DIAGNOSTIC,    30, -6.894156323087e-01, 1.159801583511e-05, 1.0780e+01, 2.5066e-02, 
 2DIAGNOSTIC,    31, -6.894270746621e-01, 9.192582052217e-06, 1.0816e+01, 3.6304e-02, 
 2DIAGNOSTIC,    32, -6.894372795957e-01, 7.672620638680e-06, 1.0863e+01, 4.6461e-02, 
 2DIAGNOSTIC,    33, -6.894429776756e-01, 6.323758597937e-06, 1.0909e+01, 4.6002e-02, 
 2DIAGNOSTIC,    34, -6.894243910743e-01, 4.328691340788e-06, 1.0948e+01, 3.9696e-02, 
 2DIAGNOSTIC,    35, -6.894267812953e-01, 2.501125676138e-06, 1.1022e+01, 7.4166e-02, 
 2DIAGNOSTIC,    36, -6.894308904046e-01, 1.408056625869e-06, 1.1067e+01, 4.4623e-02, 
 2DIAGNOSTIC,    37, -6.894236715767e-01, 1.183571473849e-06, 1.1106e+01, 3.8511e-02, 
DIAGNOSTIC,Iteration,metricValue,convergenceValue,ITERATION_TIME_INDEX,SINCE_LAST
 2DIAGNOSTIC,     1, -6.251566356741e-01, 1.797693134862e+308, 2.1491e+01, 1.0386e+01, 
 2DIAGNOSTIC,     2, -6.258854292977e-01, 1.797693134862e+308, 2.1598e+01, 1.0707e-01, 
 2DIAGNOSTIC,     3, -6.270193029584e-01, 1.797693134862e+308, 2.1701e+01, 1.0293e-01, 
 2DIAGNOSTIC,     4, -6.279123942678e-01, 1.797693134862e+308, 2.1807e+01, 1.0570e-01, 
 2DIAGNOSTIC,     5, -6.289075775302e-01, 1.797693134862e+308, 2.1937e+01, 1.3026e-01, 
 2DIAGNOSTIC,     6, -6.297480623678e-01, 1.797693134862e+308, 2.2098e+01, 1.6038e-01, 
 2DIAGNOSTIC,     7, -6.299951266300e-01, 1.797693134862e+308, 2.2263e+01, 1.6544e-01, 
 2DIAGNOSTIC,     8, -6.303945860204e-01, 1.797693134862e+308, 2.2414e+01, 1.5048e-01, 
 2DIAGNOSTIC,     9, -6.304436744264e-01, 1.797693134862e+308, 2.2548e+01, 1.3473e-01, 
 2DIAGNOSTIC,    10, -6.305319943864e-01, 5.836525955654e-04, 2.2757e+01, 2.0832e-01, 
 2DIAGNOSTIC,    11, -6.306030455283e-01, 4.260740789597e-04, 2.2862e+01, 1.0551e-01, 
 2DIAGNOSTIC,    12, -6.305380283479e-01, 2.813461276929e-04, 2.2992e+01, 1.3041e-01, 
 2DIAGNOSTIC,    13, -6.305752239770e-01, 1.743523758759e-04, 2.3103e+01, 1.1071e-01, 
 2DIAGNOSTIC,    14, -6.304872265478e-01, 9.247343302654e-05, 2.3208e+01, 1.0463e-01, 
 2DIAGNOSTIC,    15, -6.304812090481e-01, 4.264395543782e-05, 2.3307e+01, 9.9410e-02, 
 2DIAGNOSTIC,    16, -6.305550754798e-01, 2.106183502161e-05, 2.3437e+01, 1.2940e-01, 
 2DIAGNOSTIC,    17, -6.306116627788e-01, 8.005454158910e-06, 2.3572e+01, 1.3555e-01, 
 2DIAGNOSTIC,    18, -6.305766194743e-01, 4.975531003149e-06, 2.3711e+01, 1.3867e-01, 
 2DIAGNOSTIC,    19, -6.305722360310e-01, 3.066405812352e-06, 2.3823e+01, 1.1248e-01, 
 2DIAGNOSTIC,    20, -6.305855156620e-01, 3.480233918392e-06, 2.3927e+01, 1.0407e-01, 
 2DIAGNOSTIC,    21, -6.305962150247e-01, 5.402433229176e-06, 2.4034e+01, 1.0632e-01, 
 2DIAGNOSTIC,    22, -6.306066765106e-01, 5.594876331921e-06, 2.4139e+01, 1.0560e-01, 
 2DIAGNOSTIC,    23, -6.306203567559e-01, 6.461321454931e-06, 2.4238e+01, 9.8817e-02, 
 2DIAGNOSTIC,    24, -6.306536517920e-01, 5.789523006734e-06, 2.4339e+01, 1.0105e-01, 
 2DIAGNOSTIC,    25, -6.306839564294e-01, 5.139075288839e-06, 2.4456e+01, 1.1666e-01, 
 2DIAGNOSTIC,    26, -6.306823090528e-01, 5.383034288181e-06, 2.4636e+01, 1.8033e-01, 
 2DIAGNOSTIC,    27, -6.306827389171e-01, 6.201164667131e-06, 2.4753e+01, 1.1714e-01, 
 2DIAGNOSTIC,    28, -6.306817806901e-01, 5.915505966916e-06, 2.4863e+01, 1.1001e-01, 
 2DIAGNOSTIC,    29, -6.306816699903e-01, 5.115937854246e-06, 2.4986e+01, 1.2244e-01, 
 2DIAGNOSTIC,    30, -6.306789797520e-01, 4.140258559195e-06, 2.5119e+01, 1.3365e-01, 
 2DIAGNOSTIC,    31, -6.306758804411e-01, 3.052323195106e-06, 2.5279e+01, 1.5949e-01, 
 2DIAGNOSTIC,    32, -6.306919735975e-01, 2.222835321447e-06, 2.5714e+01, 4.3535e-01, 
 2DIAGNOSTIC,    33, -6.306919735910e-01, 1.498624000312e-06, 2.6080e+01, 3.6564e-01, 
 2DIAGNOSTIC,    34, -6.306919735910e-01, 1.198558095321e-06, 2.6233e+01, 1.5323e-01, 
 2DIAGNOSTIC,    35, -6.306919735910e-01, 1.285937909757e-06, 2.6357e+01, 1.2351e-01, 
 2DIAGNOSTIC,    36, -6.306919735910e-01, 1.311746334300e-06, 2.6479e+01, 1.2265e-01, 
 2DIAGNOSTIC,    37, -6.306919735910e-01, 1.297354721496e-06, 2.6614e+01, 1.3450e-01, 
 2DIAGNOSTIC,    38, -6.306919735910e-01, 1.229081752731e-06, 2.6740e+01, 1.2654e-01, 
 2DIAGNOSTIC,    39, -6.306919735910e-01, 1.129246812507e-06, 2.6881e+01, 1.4091e-01, 
DIAGNOSTIC,Iteration,metricValue,convergenceValue,ITERATION_TIME_INDEX,SINCE_LAST
 2DIAGNOSTIC,     1, -5.552762117526e-01, 1.797693134862e+308, 3.7865e+01, 1.0984e+01, 
 2DIAGNOSTIC,     2, -5.556637741373e-01, 1.797693134862e+308, 3.8519e+01, 6.5372e-01, 
 2DIAGNOSTIC,     3, -5.560495197071e-01, 1.797693134862e+308, 3.9193e+01, 6.7460e-01, 
 2DIAGNOSTIC,     4, -5.566104268930e-01, 1.797693134862e+308, 3.9848e+01, 6.5445e-01, 
 2DIAGNOSTIC,     5, -5.572424420854e-01, 1.797693134862e+308, 4.0669e+01, 8.2158e-01, 
 2DIAGNOSTIC,     6, -5.576991557018e-01, 1.797693134862e+308, 4.1671e+01, 1.0019e+00, 
 2DIAGNOSTIC,     7, -5.577275959004e-01, 1.797693134862e+308, 4.2394e+01, 7.2295e-01, 
 2DIAGNOSTIC,     8, -5.577471817104e-01, 1.797693134862e+308, 4.3142e+01, 7.4771e-01, 
 2DIAGNOSTIC,     9, -5.577419190956e-01, 1.797693134862e+308, 4.3832e+01, 6.8989e-01, 
 2DIAGNOSTIC,    10, -5.577477463433e-01, 3.132379622161e-04, 4.4584e+01, 7.5257e-01, 
 2DIAGNOSTIC,    11, -5.577634233002e-01, 2.170971601614e-04, 4.5336e+01, 7.5211e-01, 
 2DIAGNOSTIC,    12, -5.577619169692e-01, 1.343474584283e-04, 4.6101e+01, 7.6497e-01, 
 2DIAGNOSTIC,    13, -5.577620206176e-01, 6.755056765109e-05, 4.6757e+01, 6.5583e-01, 
 2DIAGNOSTIC,    14, -5.577646968723e-01, 2.449283684576e-05, 4.7661e+01, 9.0345e-01, 
 2DIAGNOSTIC,    15, -5.577672066725e-01, 6.298454415021e-06, 4.8305e+01, 6.4446e-01, 
 2DIAGNOSTIC,    16, -5.577838281772e-01, 5.054259103826e-06, 4.8947e+01, 6.4230e-01, 
 2DIAGNOSTIC,    17, -5.577983044337e-01, 4.932955162587e-06, 4.9674e+01, 7.2710e-01, 
 2DIAGNOSTIC,    18, -5.578322603277e-01, 6.067737152261e-06, 5.0306e+01, 6.3112e-01, 
 2DIAGNOSTIC,    19, -5.578982323617e-01, 8.298187050511e-06, 5.1048e+01, 7.4251e-01, 
 2DIAGNOSTIC,    20, -5.579030657625e-01, 9.915337219064e-06, 5.1768e+01, 7.1987e-01, 
 2DIAGNOSTIC,    21, -5.579139931514e-01, 1.127207096355e-05, 5.2538e+01, 7.6955e-01, 
 2DIAGNOSTIC,    22, -5.579315542944e-01, 1.197711631382e-05, 5.3228e+01, 6.9070e-01, 
 2DIAGNOSTIC,    23, -5.579355904116e-01, 1.170649067883e-05, 5.3998e+01, 7.6996e-01, 
 2DIAGNOSTIC,    24, -5.579525001956e-01, 1.089373164565e-05, 5.4855e+01, 8.5688e-01, 
 2DIAGNOSTIC,    25, -5.579488745177e-01, 9.219481904181e-06, 5.5632e+01, 7.7664e-01, 
 2DIAGNOSTIC,    26, -5.579484049340e-01, 7.266526548942e-06, 5.6484e+01, 8.5246e-01, 
 2DIAGNOSTIC,    27, -5.579387883241e-01, 4.977104113013e-06, 5.7235e+01, 7.5075e-01, 
 2DIAGNOSTIC,    28, -5.579386622351e-01, 3.079079572157e-06, 5.7880e+01, 6.4504e-01, 
 2DIAGNOSTIC,    29, -5.579450391877e-01, 2.398101701773e-06, 5.8517e+01, 6.3686e-01, 
 2DIAGNOSTIC,    30, -5.579525653629e-01, 1.843183591407e-06, 5.9168e+01, 6.5113e-01, 
 2DIAGNOSTIC,    31, -5.579602623611e-01, 1.551979765230e-06, 5.9870e+01, 7.0177e-01, 
 2DIAGNOSTIC,    32, -5.579822444692e-01, 1.861748082269e-06, 6.0546e+01, 6.7600e-01, 
 2DIAGNOSTIC,    33, -5.579850015074e-01, 2.160968451820e-06, 6.1328e+01, 7.8245e-01, 
 2DIAGNOSTIC,    34, -5.579948719421e-01, 2.732207052988e-06, 6.1996e+01, 6.6835e-01, 
 2DIAGNOSTIC,    35, -5.580135269077e-01, 3.316422856968e-06, 6.2651e+01, 6.5432e-01, 
 2DIAGNOSTIC,    36, -5.580584716127e-01, 4.265598540169e-06, 6.3421e+01, 7.7058e-01, 
 2DIAGNOSTIC,    37, -5.580905348385e-01, 5.135549516075e-06, 6.4153e+01, 7.3142e-01, 
 2DIAGNOSTIC,    38, -5.581066376410e-01, 5.764031680337e-06, 6.4886e+01, 7.3284e-01, 
 2DIAGNOSTIC,    39, -5.580879727537e-01, 5.738647979227e-06, 6.5826e+01, 9.4057e-01, 
 2DIAGNOSTIC,    40, -5.580910725576e-01, 5.390902116844e-06, 6.6553e+01, 7.2712e-01, 
 2DIAGNOSTIC,    41, -5.581035392042e-01, 4.854402661594e-06, 6.7295e+01, 7.4163e-01, 
 2DIAGNOSTIC,    42, -5.581083384159e-01, 4.266298070054e-06, 6.8109e+01, 8.1408e-01, 
 2DIAGNOSTIC,    43, -5.581123788835e-01, 3.455872907395e-06, 6.8872e+01, 7.6319e-01, 
 2DIAGNOSTIC,    44, -5.581179718362e-01, 2.612445048154e-06, 6.9637e+01, 7.6522e-01, 
 2DIAGNOSTIC,    45, -5.581265211173e-01, 1.925976477343e-06, 7.0395e+01, 7.5803e-01, 
 2DIAGNOSTIC,    46, -5.580939137360e-01, 1.274158073578e-06, 7.1041e+01, 6.4569e-01, 
DIAGNOSTIC,Iteration,metricValue,convergenceValue,ITERATION_TIME_INDEX,SINCE_LAST
 2DIAGNOSTIC,     1, -4.777397604128e-01, 1.797693134862e+308, 8.7461e+01, 1.6419e+01, 
 2DIAGNOSTIC,     2, -4.781077701108e-01, 1.797693134862e+308, 9.2743e+01, 5.2821e+00, 
 2DIAGNOSTIC,     3, -4.784768768766e-01, 1.797693134862e+308, 9.8009e+01, 5.2662e+00, 
 2DIAGNOSTIC,     4, -4.788376564724e-01, 1.797693134862e+308, 1.0314e+02, 5.1351e+00, 
 2DIAGNOSTIC,     5, -4.791276854677e-01, 1.797693134862e+308, 1.0872e+02, 5.5720e+00, 
 2DIAGNOSTIC,     6, -4.793672022434e-01, 1.797693134862e+308, 1.2052e+02, 1.1806e+01, 
 2DIAGNOSTIC,     7, -4.793784793794e-01, 1.797693134862e+308, 1.2598e+02, 5.4556e+00, 
 2DIAGNOSTIC,     8, -4.793860763593e-01, 1.797693134862e+308, 1.3211e+02, 6.1363e+00, 
 2DIAGNOSTIC,     9, -4.793988980357e-01, 1.797693134862e+308, 1.3816e+02, 6.0487e+00, 
 2DIAGNOSTIC,    10, -4.793948713298e-01, 2.235531203900e-04, 1.4350e+02, 5.3324e+00, 
 2DIAGNOSTIC,    11, -4.794025860699e-01, 1.438661174244e-04, 1.4881e+02, 5.3106e+00, 
 2DIAGNOSTIC,    12, -4.794059535579e-01, 8.306219107934e-05, 1.5550e+02, 6.6941e+00, 
 2DIAGNOSTIC,    13, -4.794106801448e-01, 4.127392914342e-05, 1.6141e+02, 5.9104e+00, 
 2DIAGNOSTIC,    14, -4.794109547153e-01, 1.700293614035e-05, 1.6757e+02, 6.1592e+00, 
 2DIAGNOSTIC,    15, -4.794092517724e-01, 5.771064483157e-06, 1.7389e+02, 6.3188e+00, 
 2DIAGNOSTIC,    16, -4.794024536723e-01, 4.236922579670e-06, 1.8015e+02, 6.2668e+00, 
 2DIAGNOSTIC,    17, -4.794046545270e-01, 3.144869641633e-06, 1.8797e+02, 7.8193e+00, 
 2DIAGNOSTIC,    18, -4.793995248898e-01, 2.119645572625e-06, 1.9531e+02, 7.3318e+00, 
 2DIAGNOSTIC,    19, -4.793989676983e-01, 1.562384271479e-06, 2.0057e+02, 5.2676e+00, 
  Elapsed time (stage 1): 2.0621e+02


Stage 2
  iterations = 100x100x70x50x20
  convergence threshold = 1.0000e-06
  convergence window size = 10
  number of levels = 5
  using the CC metric (radius = 4, weight = 1.0000e+00)
  preprocessing:  winsorizing the image intensities
  Shrink factors (level 1 out of 5): [10, 10, 10]
  Shrink factors (level 2 out of 5): [6, 6, 6]
  Shrink factors (level 3 out of 5): [4, 4, 4]
  Shrink factors (level 4 out of 5): [2, 2, 2]
  Shrink factors (level 5 out of 5): [1, 1, 1]
  smoothing sigmas per level: [5, 3, 2, 1, 0]
  Using default NONE metricSamplingStrategy 

*** Running SyN registration (varianceForUpdateField = 3.0000e+00, varianceForTotalField = 0.0000e+00) ***

XXDIAGNOSTIC,Iteration,metricValue,convergenceValue,ITERATION_TIME_INDEX,SINCE_LAST
 1DIAGNOSTIC,     1, -4.823347333374e-01, 1.797693134862e+308, 1.1921e+01, 1.1921e+01, 
 1DIAGNOSTIC,     2, -4.900023706473e-01, 1.797693134862e+308, 1.3660e+01, 1.7391e+00, 
 1DIAGNOSTIC,     3, -4.971582553778e-01, 1.797693134862e+308, 1.5473e+01, 1.8129e+00, 
 1DIAGNOSTIC,     4, -5.026427009401e-01, 1.797693134862e+308, 1.7189e+01, 1.7160e+00, 
 1DIAGNOSTIC,     5, -5.077562661745e-01, 1.797693134862e+308, 1.8945e+01, 1.7553e+00, 
 1DIAGNOSTIC,     6, -5.123678416195e-01, 1.797693134862e+308, 2.0662e+01, 1.7175e+00, 
 1DIAGNOSTIC,     7, -5.164397495461e-01, 1.797693134862e+308, 2.2386e+01, 1.7234e+00, 
 1DIAGNOSTIC,     8, -5.201500385449e-01, 1.797693134862e+308, 2.4102e+01, 1.7168e+00, 
 1DIAGNOSTIC,     9, -5.232996367212e-01, 1.797693134862e+308, 2.5870e+01, 1.7681e+00, 
 1DIAGNOSTIC,    10, -5.261575682306e-01, 5.390270097729e-03, 2.7878e+01, 2.0078e+00, 
 1DIAGNOSTIC,    11, -5.287166295267e-01, 4.311937512787e-03, 2.9828e+01, 1.9493e+00, 
 1DIAGNOSTIC,    12, -5.310618384072e-01, 3.490114352741e-03, 3.1764e+01, 1.9367e+00, 
 1DIAGNOSTIC,    13, -5.331733323147e-01, 2.874986100802e-03, 3.3505e+01, 1.7407e+00, 
 1DIAGNOSTIC,    14, -5.350989943868e-01, 2.378748459994e-03, 3.5231e+01, 1.7260e+00, 
 1DIAGNOSTIC,    15, -5.368609288146e-01, 1.983621348382e-03, 3.6961e+01, 1.7300e+00, 
 1DIAGNOSTIC,    16, -5.384754605383e-01, 1.669250931269e-03, 3.8704e+01, 1.7431e+00, 
 1DIAGNOSTIC,    17, -5.399601685162e-01, 1.416617333894e-03, 4.0486e+01, 1.7818e+00, 
 1DIAGNOSTIC,    18, -5.413281469912e-01, 1.214898587315e-03, 4.2427e+01, 1.9407e+00, 
 1DIAGNOSTIC,    19, -5.425924095510e-01, 1.048008759395e-03, 4.4150e+01, 1.7230e+00, 
 1DIAGNOSTIC,    20, -5.437636017950e-01, 9.095847431268e-04, 4.5893e+01, 1.7432e+00, 
 1DIAGNOSTIC,    21, -5.448509414633e-01, 7.934462283208e-04, 4.7638e+01, 1.7454e+00, 
 1DIAGNOSTIC,    22, -5.458620016406e-01, 6.960635258559e-04, 4.9411e+01, 1.7724e+00, 
 1DIAGNOSTIC,    23, -5.467989231942e-01, 6.133559545409e-04, 5.1116e+01, 1.7053e+00, 
 1DIAGNOSTIC,    24, -5.476783628646e-01, 5.428302470275e-04, 5.3051e+01, 1.9351e+00, 
 1DIAGNOSTIC,    25, -5.485005038344e-01, 4.823933659946e-04, 5.4772e+01, 1.7214e+00, 
 1DIAGNOSTIC,    26, -5.492850051254e-01, 4.306232648143e-04, 5.6694e+01, 1.9218e+00, 
 1DIAGNOSTIC,    27, -5.499924476205e-01, 3.855062000883e-04, 5.8420e+01, 1.7262e+00, 
 1DIAGNOSTIC,    28, -5.506853856340e-01, 3.465405464446e-04, 6.0148e+01, 1.7279e+00, 
 1DIAGNOSTIC,    29, -5.513229715095e-01, 3.124726316488e-04, 6.1856e+01, 1.7082e+00, 
 1DIAGNOSTIC,    30, -5.518994145599e-01, 2.821247386182e-04, 6.3603e+01, 1.7470e+00, 
 1DIAGNOSTIC,    31, -5.524658617769e-01, 2.553955093122e-04, 6.5315e+01, 1.7111e+00, 
 1DIAGNOSTIC,    32, -5.529855281744e-01, 2.315298925802e-04, 6.7113e+01, 1.7988e+00, 
 1DIAGNOSTIC,    33, -5.535054376961e-01, 2.105634669695e-04, 6.8954e+01, 1.8411e+00, 
 1DIAGNOSTIC,    34, -5.539882487621e-01, 1.920562837906e-04, 7.0686e+01, 1.7312e+00, 
 1DIAGNOSTIC,    35, -5.544359628473e-01, 1.755569369197e-04, 7.2415e+01, 1.7298e+00, 
 1DIAGNOSTIC,    36, -5.548646543121e-01, 1.611172328750e-04, 7.4122e+01, 1.7062e+00, 
 1DIAGNOSTIC,    37, -5.552712195152e-01, 1.480215506194e-04, 7.5846e+01, 1.7244e+00, 
 1DIAGNOSTIC,    38, -5.556621996259e-01, 1.365690946258e-04, 7.7541e+01, 1.6949e+00, 
 1DIAGNOSTIC,    39, -5.560240545756e-01, 1.262087843744e-04, 7.9236e+01, 1.6953e+00, 
 1DIAGNOSTIC,    40, -5.563727795984e-01, 1.165259775685e-04, 8.0918e+01, 1.6821e+00, 
 1DIAGNOSTIC,    41, -5.567095973767e-01, 1.078125106088e-04, 8.2618e+01, 1.6995e+00, 
 1DIAGNOSTIC,    42, -5.570203587675e-01, 9.962135769432e-05, 8.4315e+01, 1.6968e+00, 
 1DIAGNOSTIC,    43, -5.573210606088e-01, 9.233737176210e-05, 8.6214e+01, 1.8997e+00, 
 1DIAGNOSTIC,    44, -5.576126423518e-01, 8.581914654901e-05, 8.7898e+01, 1.6839e+00, 
 1DIAGNOSTIC,    45, -5.578808262904e-01, 7.974596627569e-05, 8.9576e+01, 1.6777e+00, 
 1DIAGNOSTIC,    46, -5.581415887962e-01, 7.418560907462e-05, 9.1332e+01, 1.7557e+00, 
 1DIAGNOSTIC,    47, -5.583956043544e-01, 6.914370141071e-05, 9.3033e+01, 1.7014e+00, 
 1DIAGNOSTIC,    48, -5.586278731718e-01, 6.450996649762e-05, 9.4725e+01, 1.6914e+00, 
 1DIAGNOSTIC,    49, -5.588600609043e-01, 6.025211199098e-05, 9.6439e+01, 1.7140e+00, 
 1DIAGNOSTIC,    50, -5.590716409879e-01, 5.626976041086e-05, 9.8121e+01, 1.6823e+00, 
 1DIAGNOSTIC,    51, -5.592789814617e-01, 5.265228953714e-05, 9.9838e+01, 1.7166e+00, 
 1DIAGNOSTIC,    52, -5.594827406691e-01, 4.931567254013e-05, 1.0157e+02, 1.7368e+00, 
 1DIAGNOSTIC,    53, -5.596673014679e-01, 4.617372914506e-05, 1.0328e+02, 1.7031e+00, 
 1DIAGNOSTIC,    54, -5.598297048025e-01, 4.313171606327e-05, 1.0499e+02, 1.7132e+00, 
 1DIAGNOSTIC,    55, -5.599985018086e-01, 4.023413047086e-05, 1.0672e+02, 1.7338e+00, 
 1DIAGNOSTIC,    56, -5.601707726919e-01, 3.763045608912e-05, 1.0845e+02, 1.7243e+00, 
 1DIAGNOSTIC,    57, -5.603215196846e-01, 3.522487620847e-05, 1.1014e+02, 1.6943e+00, 
 1DIAGNOSTIC,    58, -5.604800972780e-01, 3.305501820553e-05, 1.1186e+02, 1.7205e+00, 
 1DIAGNOSTIC,    59, -5.606215841785e-01, 3.110917589511e-05, 1.1360e+02, 1.7365e+00, 
 1DIAGNOSTIC,    60, -5.607679900450e-01, 2.937055095317e-05, 1.1531e+02, 1.7095e+00, 
 1DIAGNOSTIC,    61, -5.608977886673e-01, 2.776012239620e-05, 1.1699e+02, 1.6806e+00, 
 1DIAGNOSTIC,    62, -5.610335150991e-01, 2.640658910203e-05, 1.1870e+02, 1.7126e+00, 
 1DIAGNOSTIC,    63, -5.611557744984e-01, 2.511705258423e-05, 1.2042e+02, 1.7130e+00, 
 1DIAGNOSTIC,    64, -5.612775329084e-01, 2.378600813463e-05, 1.2214e+02, 1.7213e+00, 
 1DIAGNOSTIC,    65, -5.613871229353e-01, 2.245653197537e-05, 1.2386e+02, 1.7225e+00, 
 1DIAGNOSTIC,    66, -5.615032520379e-01, 2.130558493281e-05, 1.2559e+02, 1.7266e+00, 
 1DIAGNOSTIC,    67, -5.616073539707e-01, 2.013625194298e-05, 1.2732e+02, 1.7291e+00, 
 1DIAGNOSTIC,    68, -5.617116222765e-01, 1.909713676574e-05, 1.2906e+02, 1.7483e+00, 
 1DIAGNOSTIC,    69, -5.618046052510e-01, 1.803802496153e-05, 1.3079e+02, 1.7241e+00, 
 1DIAGNOSTIC,    70, -5.619082798301e-01, 1.715512235071e-05, 1.3251e+02, 1.7204e+00, 
 1DIAGNOSTIC,    71, -5.619969469843e-01, 1.626319769581e-05, 1.3424e+02, 1.7338e+00, 
 1DIAGNOSTIC,    72, -5.620904290876e-01, 1.550749278601e-05, 1.3597e+02, 1.7320e+00, 
 1DIAGNOSTIC,    73, -5.621730376134e-01, 1.475907194859e-05, 1.3784e+02, 1.8672e+00, 
 1DIAGNOSTIC,    74, -5.622500808677e-01, 1.402979621850e-05, 1.3956e+02, 1.7218e+00, 
 1DIAGNOSTIC,    75, -5.623335200673e-01, 1.332745283796e-05, 1.4128e+02, 1.7127e+00, 
 1DIAGNOSTIC,    76, -5.624112978605e-01, 1.270572289695e-05, 1.4298e+02, 1.6998e+00, 
 1DIAGNOSTIC,    77, -5.624789267236e-01, 1.205605793759e-05, 1.4467e+02, 1.6979e+00, 
 1DIAGNOSTIC,    78, -5.625518261953e-01, 1.146684562326e-05, 1.4640e+02, 1.7262e+00, 
 1DIAGNOSTIC,    79, -5.626173049215e-01, 1.085029307759e-05, 1.4829e+02, 1.8874e+00, 
 1DIAGNOSTIC,    80, -5.626917284632e-01, 1.038204576745e-05, 1.5001e+02, 1.7228e+00, 
 1DIAGNOSTIC,    81, -5.627446500866e-01, 9.851652643547e-06, 1.5175e+02, 1.7380e+00, 
 1DIAGNOSTIC,    82, -5.628101184898e-01, 9.416665311273e-06, 1.5348e+02, 1.7277e+00, 
 1DIAGNOSTIC,    83, -5.628640568395e-01, 8.961833911898e-06, 1.5522e+02, 1.7464e+00, 
 1DIAGNOSTIC,    84, -5.629251943699e-01, 8.529336293708e-06, 1.5695e+02, 1.7325e+00, 
 1DIAGNOSTIC,    85, -5.629749456613e-01, 8.118904444595e-06, 1.5867e+02, 1.7197e+00, 
 1DIAGNOSTIC,    86, -5.630319977261e-01, 7.773787185601e-06, 1.6040e+02, 1.7265e+00, 
 1DIAGNOSTIC,    87, -5.630778213541e-01, 7.386263904664e-06, 1.6202e+02, 1.6226e+00, 
 1DIAGNOSTIC,    88, -5.631367426793e-01, 7.096126787396e-06, 1.6364e+02, 1.6186e+00, 
 1DIAGNOSTIC,    89, -5.631678982814e-01, 6.711269598513e-06, 1.6525e+02, 1.6111e+00, 
 1DIAGNOSTIC,    90, -5.632429146939e-01, 6.575769476122e-06, 1.6687e+02, 1.6143e+00, 
 1DIAGNOSTIC,    91, -5.632708853354e-01, 6.287864128204e-06, 1.6849e+02, 1.6190e+00, 
 1DIAGNOSTIC,    92, -5.633224190436e-01, 6.085828974513e-06, 1.7011e+02, 1.6223e+00, 
 1DIAGNOSTIC,    93, -5.633539779133e-01, 5.800232737137e-06, 1.7174e+02, 1.6349e+00, 
 1DIAGNOSTIC,    94, -5.634088334423e-01, 5.625475234246e-06, 1.7338e+02, 1.6330e+00, 
 1DIAGNOSTIC,    95, -5.634365704523e-01, 5.353699928204e-06, 1.7499e+02, 1.6137e+00, 
 1DIAGNOSTIC,    96, -5.634713189660e-01, 5.092294997493e-06, 1.7661e+02, 1.6157e+00, 
 1DIAGNOSTIC,    97, -5.635084380962e-01, 4.812108742641e-06, 1.7822e+02, 1.6172e+00, 
 1DIAGNOSTIC,    98, -5.635405697507e-01, 4.579856118618e-06, 1.7984e+02, 1.6198e+00, 
 1DIAGNOSTIC,    99, -5.635787785373e-01, 4.291647827732e-06, 1.8146e+02, 1.6130e+00, 
 1DIAGNOSTIC,   100, -5.636066689336e-01, 4.152843410800e-06, 1.8307e+02, 1.6097e+00, 
XXDIAGNOSTIC,Iteration,metricValue,convergenceValue,ITERATION_TIME_INDEX,SINCE_LAST
 1DIAGNOSTIC,     1, -4.329714172002e-01, 1.797693134862e+308, 2.0031e+02, 1.7242e+01, 
 1DIAGNOSTIC,     2, -4.380837349786e-01, 1.797693134862e+308, 2.0945e+02, 9.1414e+00, 
 1DIAGNOSTIC,     3, -4.433611373955e-01, 1.797693134862e+308, 2.1897e+02, 9.5214e+00, 
 1DIAGNOSTIC,     4, -4.473369641565e-01, 1.797693134862e+308, 2.2799e+02, 9.0166e+00, 
 1DIAGNOSTIC,     5, -4.510719350491e-01, 1.797693134862e+308, 2.3641e+02, 8.4244e+00, 
 1DIAGNOSTIC,     6, -4.543394177164e-01, 1.797693134862e+308, 2.4493e+02, 8.5233e+00, 
 1DIAGNOSTIC,     7, -4.571631626054e-01, 1.797693134862e+308, 2.5338e+02, 8.4465e+00, 
 1DIAGNOSTIC,     8, -4.594921618482e-01, 1.797693134862e+308, 2.6196e+02, 8.5788e+00, 
 1DIAGNOSTIC,     9, -4.615325625355e-01, 1.797693134862e+308, 2.7013e+02, 8.1671e+00, 
 1DIAGNOSTIC,    10, -4.633498521853e-01, 4.246530757802e-03, 2.7886e+02, 8.7340e+00, 
 1DIAGNOSTIC,    11, -4.649992537371e-01, 3.359586278326e-03, 2.8751e+02, 8.6543e+00, 
 1DIAGNOSTIC,    12, -4.665103174279e-01, 2.664030411257e-03, 2.9614e+02, 8.6299e+00, 
 1DIAGNOSTIC,    13, -4.678999351264e-01, 2.155645933116e-03, 3.0468e+02, 8.5352e+00, 
 1DIAGNOSTIC,    14, -4.690206027333e-01, 1.750631820111e-03, 3.1340e+02, 8.7153e+00, 
 1DIAGNOSTIC,    15, -4.702047942691e-01, 1.443416989944e-03, 3.2183e+02, 8.4317e+00, 
 1DIAGNOSTIC,    16, -4.711921388970e-01, 1.206618256289e-03, 3.3007e+02, 8.2434e+00, 
 1DIAGNOSTIC,    17, -4.721022307531e-01, 1.022229249504e-03, 3.3829e+02, 8.2151e+00, 
 1DIAGNOSTIC,    18, -4.729831984603e-01, 8.738265616605e-04, 3.4631e+02, 8.0246e+00, 
 1DIAGNOSTIC,    19, -4.738030231944e-01, 7.526724035093e-04, 3.5443e+02, 8.1196e+00, 
 1DIAGNOSTIC,    20, -4.745904668768e-01, 6.536201590719e-04, 3.6258e+02, 8.1530e+00, 
 1DIAGNOSTIC,    21, -4.752893586668e-01, 5.715695848019e-04, 3.7090e+02, 8.3204e+00, 
 1DIAGNOSTIC,    22, -4.760111194579e-01, 5.057103416871e-04, 3.7924e+02, 8.3382e+00, 
 1DIAGNOSTIC,    23, -4.765811688058e-01, 4.503530490457e-04, 3.8753e+02, 8.2914e+00, 
 1DIAGNOSTIC,    24, -4.771766414207e-01, 4.009646436861e-04, 3.9567e+02, 8.1376e+00, 
 1DIAGNOSTIC,    25, -4.777180311922e-01, 3.599457378362e-04, 4.0380e+02, 8.1343e+00, 
 1DIAGNOSTIC,    26, -4.782538335544e-01, 3.238863798209e-04, 4.1194e+02, 8.1322e+00, 
 1DIAGNOSTIC,    27, -4.786697226724e-01, 2.898142421920e-04, 4.2007e+02, 8.1317e+00, 
 1DIAGNOSTIC,    28, -4.791846650655e-01, 2.611874762276e-04, 4.2821e+02, 8.1380e+00, 
 1DIAGNOSTIC,    29, -4.795992945171e-01, 2.356510925579e-04, 4.3641e+02, 8.1988e+00, 
 1DIAGNOSTIC,    30, -4.800413655119e-01, 2.143919487188e-04, 4.4457e+02, 8.1664e+00, 
 1DIAGNOSTIC,    31, -4.804319051550e-01, 1.954483425829e-04, 4.5301e+02, 8.4417e+00, 
 1DIAGNOSTIC,    32, -4.808441571640e-01, 1.806720560116e-04, 4.6176e+02, 8.7500e+00, 
 1DIAGNOSTIC,    33, -4.812274850053e-01, 1.670960315531e-04, 4.6996e+02, 8.2015e+00, 
 1DIAGNOSTIC,    34, -4.815612566377e-01, 1.549530877080e-04, 4.7807e+02, 8.1050e+00, 
 1DIAGNOSTIC,    35, -4.819203161495e-01, 1.443234902917e-04, 4.8617e+02, 8.1045e+00, 
 1DIAGNOSTIC,    36, -4.822370591980e-01, 1.348812055400e-04, 4.9430e+02, 8.1234e+00, 
 1DIAGNOSTIC,    37, -4.825351304309e-01, 1.247166966013e-04, 5.0241e+02, 8.1146e+00, 
 1DIAGNOSTIC,    38, -4.828535772971e-01, 1.164558340776e-04, 5.1057e+02, 8.1570e+00, 
 1DIAGNOSTIC,    39, -4.830872795830e-01, 1.075183543770e-04, 5.1865e+02, 8.0819e+00, 
 1DIAGNOSTIC,    40, -4.833712228356e-01, 9.974306052235e-05, 5.2676e+02, 8.1134e+00, 
 1DIAGNOSTIC,    41, -4.835597847462e-01, 9.131006095208e-05, 5.3487e+02, 8.1094e+00, 
 1DIAGNOSTIC,    42, -4.838340257865e-01, 8.441985640607e-05, 5.4296e+02, 8.0883e+00, 
 1DIAGNOSTIC,    43, -4.840102689023e-01, 7.760315470039e-05, 5.5107e+02, 8.1064e+00, 
 1DIAGNOSTIC,    44, -4.842542955158e-01, 7.158907934138e-05, 5.5919e+02, 8.1221e+00, 
 1DIAGNOSTIC,    45, -4.844041131865e-01, 6.579473732332e-05, 5.6734e+02, 8.1508e+00, 
 1DIAGNOSTIC,    46, -4.846014473853e-01, 6.070291878429e-05, 5.7588e+02, 8.5383e+00, 
 1DIAGNOSTIC,    47, -4.847880957452e-01, 5.620163930360e-05, 5.8406e+02, 8.1793e+00, 
 1DIAGNOSTIC,    48, -4.849492481724e-01, 5.251686681422e-05, 5.9216e+02, 8.1054e+00, 
 1DIAGNOSTIC,    49, -4.850877061266e-01, 4.851451693667e-05, 6.0031e+02, 8.1485e+00, 
 1DIAGNOSTIC,    50, -4.852784133099e-01, 4.576555862135e-05, 6.0859e+02, 8.2740e+00, 
 1DIAGNOSTIC,    51, -4.853832948045e-01, 4.216910685494e-05, 6.1709e+02, 8.5066e+00, 
 1DIAGNOSTIC,    52, -4.855319120561e-01, 3.958201826899e-05, 6.2563e+02, 8.5389e+00, 
 1DIAGNOSTIC,    53, -4.856983017975e-01, 3.717020147124e-05, 6.3426e+02, 8.6266e+00, 
 1DIAGNOSTIC,    54, -4.857857328593e-01, 3.498001358043e-05, 6.4281e+02, 8.5516e+00, 
 1DIAGNOSTIC,    55, -4.859252180943e-01, 3.269099536496e-05, 6.5142e+02, 8.6090e+00, 
 1DIAGNOSTIC,    56, -4.860262788901e-01, 3.054781810088e-05, 6.6000e+02, 8.5754e+00, 
 1DIAGNOSTIC,    57, -4.861465899912e-01, 2.879433071233e-05, 6.6848e+02, 8.4854e+00, 
 1DIAGNOSTIC,    58, -4.862632017515e-01, 2.721976930407e-05, 6.7691e+02, 8.4297e+00, 
 1DIAGNOSTIC,    59, -4.863458053141e-01, 2.533186398017e-05, 6.8548e+02, 8.5648e+00, 
 1DIAGNOSTIC,    60, -4.864669345902e-01, 2.422820199654e-05, 6.9442e+02, 8.9404e+00, 
 1DIAGNOSTIC,    61, -4.865302026503e-01, 2.249139128981e-05, 7.0305e+02, 8.6391e+00, 
 1DIAGNOSTIC,    62, -4.866467550943e-01, 2.122337761794e-05, 7.1169e+02, 8.6347e+00, 
 1DIAGNOSTIC,    63, -4.867246658134e-01, 2.029732047982e-05, 7.2033e+02, 8.6443e+00, 
 1DIAGNOSTIC,    64, -4.868079065282e-01, 1.906214162716e-05, 7.2898e+02, 8.6509e+00, 
 1DIAGNOSTIC,    65, -4.869011556614e-01, 1.820127765150e-05, 7.3766e+02, 8.6730e+00, 
 1DIAGNOSTIC,    66, -4.869781225670e-01, 1.724436728786e-05, 7.4633e+02, 8.6735e+00, 
 1DIAGNOSTIC,    67, -4.870702984250e-01, 1.657172913889e-05, 7.5504e+02, 8.7104e+00, 
 1DIAGNOSTIC,    68, -4.871317747561e-01, 1.591241855059e-05, 7.6370e+02, 8.6568e+00, 
 1DIAGNOSTIC,    69, -4.872038975700e-01, 1.510250852376e-05, 7.7239e+02, 8.6890e+00, 
 1DIAGNOSTIC,    70, -4.872716816146e-01, 1.450452047745e-05, 7.8102e+02, 8.6310e+00, 
 1DIAGNOSTIC,    71, -4.873586633452e-01, 1.380470593183e-05, 7.8966e+02, 8.6459e+00, 
 1DIAGNOSTIC,    72, -4.873872141573e-01, 1.301909264550e-05, 7.9837e+02, 8.7024e+00, 
 1DIAGNOSTIC,    73, -4.874473238052e-01, 1.216631774207e-05, 8.0710e+02, 8.7365e+00, 
 1DIAGNOSTIC,    74, -4.875352714848e-01, 1.156795676734e-05, 8.1598e+02, 8.8767e+00, 
 1DIAGNOSTIC,    75, -4.875728196646e-01, 1.092475456899e-05, 8.2480e+02, 8.8180e+00, 
 1DIAGNOSTIC,    76, -4.876346493088e-01, 1.036029531541e-05, 8.3348e+02, 8.6836e+00, 
 1DIAGNOSTIC,    77, -4.876741289587e-01, 9.863466865047e-06, 8.4161e+02, 8.1255e+00, 
 1DIAGNOSTIC,    78, -4.877592165393e-01, 9.577262692949e-06, 8.4966e+02, 8.0510e+00, 
 1DIAGNOSTIC,    79, -4.877756124737e-01, 9.055645816628e-06, 8.5769e+02, 8.0278e+00, 
 1DIAGNOSTIC,    80, -4.878767759985e-01, 8.958782669492e-06, 8.6575e+02, 8.0605e+00, 
 1DIAGNOSTIC,    81, -4.878815677306e-01, 8.701855744220e-06, 8.7383e+02, 8.0865e+00, 
 1DIAGNOSTIC,    82, -4.879882605770e-01, 8.629580797056e-06, 8.8186e+02, 8.0260e+00, 
 1DIAGNOSTIC,    83, -4.879797698219e-01, 8.103899311386e-06, 8.8991e+02, 8.0505e+00, 
 1DIAGNOSTIC,    84, -4.880706470550e-01, 8.116167168559e-06, 8.9801e+02, 8.0997e+00, 
 1DIAGNOSTIC,    85, -4.880783151403e-01, 7.678271098486e-06, 9.0607e+02, 8.0603e+00, 
 1DIAGNOSTIC,    86, -4.881651117030e-01, 7.571227791667e-06, 9.1411e+02, 8.0390e+00, 
 1DIAGNOSTIC,    87, -4.881609631464e-01, 6.989754652137e-06, 9.2217e+02, 8.0619e+00, 
 1DIAGNOSTIC,    88, -4.882495520116e-01, 6.962820123291e-06, 9.3068e+02, 8.5140e+00, 
 1DIAGNOSTIC,    89, -4.882381314527e-01, 6.306668247386e-06, 9.3879e+02, 8.1090e+00, 
 1DIAGNOSTIC,    90, -4.883450194838e-01, 6.471383996039e-06, 9.4686e+02, 8.0653e+00, 
 1DIAGNOSTIC,    91, -4.883191369204e-01, 5.871974564748e-06, 9.5500e+02, 8.1421e+00, 
 1DIAGNOSTIC,    92, -4.884005279012e-01, 5.981365708783e-06, 9.6303e+02, 8.0332e+00, 
 1DIAGNOSTIC,    93, -4.883965790568e-01, 5.442647668703e-06, 9.7107e+02, 8.0329e+00, 
 1DIAGNOSTIC,    94, -4.884896450575e-01, 5.587542902696e-06, 9.7914e+02, 8.0761e+00, 
 1DIAGNOSTIC,    95, -4.884871896031e-01, 5.228678596942e-06, 9.8722e+02, 8.0747e+00, 
 1DIAGNOSTIC,    96, -4.885559035221e-01, 5.375129000982e-06, 9.9554e+02, 8.3255e+00, 
 1DIAGNOSTIC,    97, -4.885698849474e-01, 5.074597482037e-06, 1.0040e+03, 8.4329e+00, 
 1DIAGNOSTIC,    98, -4.885620697625e-01, 4.815321749339e-06, 1.0121e+03, 8.1491e+00, 
 1DIAGNOSTIC,    99, -4.886671341325e-01, 4.674548474262e-06, 1.0203e+03, 8.1673e+00, 
 1DIAGNOSTIC,   100, -4.886383303287e-01, 4.567274234949e-06, 1.0283e+03, 8.0434e+00, 
XXDIAGNOSTIC,Iteration,metricValue,convergenceValue,ITERATION_TIME_INDEX,SINCE_LAST
 1DIAGNOSTIC,     1, -4.304933689481e-01, 1.797693134862e+308, 1.0654e+03, 3.7050e+01, 
 1DIAGNOSTIC,     2, -4.322725569409e-01, 1.797693134862e+308, 1.0928e+03, 2.7399e+01, 
 1DIAGNOSTIC,     3, -4.339938727996e-01, 1.797693134862e+308, 1.1208e+03, 2.8057e+01, 
 1DIAGNOSTIC,     4, -4.355577567277e-01, 1.797693134862e+308, 1.1490e+03, 2.8121e+01, 
 1DIAGNOSTIC,     5, -4.369409343421e-01, 1.797693134862e+308, 1.1768e+03, 2.7799e+01, 
 1DIAGNOSTIC,     6, -4.381280046185e-01, 1.797693134862e+308, 1.2043e+03, 2.7550e+01, 
 1DIAGNOSTIC,     7, -4.391870491326e-01, 1.797693134862e+308, 1.2323e+03, 2.8015e+01, 
 1DIAGNOSTIC,     8, -4.400097263079e-01, 1.797693134862e+308, 1.2602e+03, 2.7846e+01, 
 1DIAGNOSTIC,     9, -4.408367523149e-01, 1.797693134862e+308, 1.2881e+03, 2.7904e+01, 
 1DIAGNOSTIC,    10, -4.414865770935e-01, 1.602779774904e-03, 1.3156e+03, 2.7530e+01, 
 1DIAGNOSTIC,    11, -4.421793964382e-01, 1.288737051479e-03, 1.3431e+03, 2.7541e+01, 
 1DIAGNOSTIC,    12, -4.426709502923e-01, 1.033404021433e-03, 1.3706e+03, 2.7497e+01, 
 1DIAGNOSTIC,    13, -4.432600653143e-01, 8.387120785573e-04, 1.3982e+03, 2.7527e+01, 
 1DIAGNOSTIC,    14, -4.436472325723e-01, 6.852407547339e-04, 1.4271e+03, 2.8891e+01, 
 1DIAGNOSTIC,    15, -4.441424862245e-01, 5.703030879779e-04, 1.4558e+03, 2.8701e+01, 
 1DIAGNOSTIC,    16, -4.444438908741e-01, 4.770684648898e-04, 1.4838e+03, 2.8073e+01, 
 1DIAGNOSTIC,    17, -4.448601463805e-01, 4.068229527493e-04, 1.5115e+03, 2.7690e+01, 
 1DIAGNOSTIC,    18, -4.451116982399e-01, 3.449819053521e-04, 1.5396e+03, 2.8028e+01, 
 1DIAGNOSTIC,    19, -4.454753515064e-01, 2.980390957701e-04, 1.5671e+03, 2.7512e+01, 
 1DIAGNOSTIC,    20, -4.456448049868e-01, 2.542345407053e-04, 1.5960e+03, 2.8951e+01, 
 1DIAGNOSTIC,    21, -4.459442300928e-01, 2.214162765842e-04, 1.6238e+03, 2.7733e+01, 
 1DIAGNOSTIC,    22, -4.460883178194e-01, 1.893068531189e-04, 1.6512e+03, 2.7490e+01, 
 1DIAGNOSTIC,    23, -4.463593489399e-01, 1.663935332908e-04, 1.6788e+03, 2.7543e+01, 
 1DIAGNOSTIC,    24, -4.464433683602e-01, 1.422510798801e-04, 1.7073e+03, 2.8469e+01, 
 1DIAGNOSTIC,    25, -4.467168466130e-01, 1.265757399650e-04, 1.7359e+03, 2.8618e+01, 
 1DIAGNOSTIC,    26, -4.467472610335e-01, 1.082622724208e-04, 1.7640e+03, 2.8175e+01, 
 1DIAGNOSTIC,    27, -4.470069527984e-01, 9.731620344008e-05, 1.7918e+03, 2.7730e+01, 
 1DIAGNOSTIC,    28, -4.470241944033e-01, 8.400188333883e-05, 1.8192e+03, 2.7454e+01, 
 1DIAGNOSTIC,    29, -4.472503209052e-01, 7.687388512764e-05, 1.8465e+03, 2.7274e+01, 
 1DIAGNOSTIC,    30, -4.472727344222e-01, 6.696838945414e-05, 1.8739e+03, 2.7391e+01, 
 1DIAGNOSTIC,    31, -4.474527996269e-01, 6.140855600680e-05, 1.9011e+03, 2.7156e+01, 
 1DIAGNOSTIC,    32, -4.474673237746e-01, 5.350026001047e-05, 1.9290e+03, 2.7926e+01, 
 1DIAGNOSTIC,    33, -4.476361847034e-01, 4.967616835160e-05, 1.9572e+03, 2.8226e+01, 
 1DIAGNOSTIC,    34, -4.476219275023e-01, 4.260462733970e-05, 1.9845e+03, 2.7324e+01, 
 1DIAGNOSTIC,    35, -4.477348788565e-01, 3.912281242080e-05, 2.0117e+03, 2.7125e+01, 
 1DIAGNOSTIC,    36, -4.477800159174e-01, 3.341778778778e-05, 2.0391e+03, 2.7446e+01, 
 1DIAGNOSTIC,    37, -4.478618062430e-01, 3.085837862445e-05, 2.0666e+03, 2.7513e+01, 
 1DIAGNOSTIC,    38, -4.478641836242e-01, 2.580759146389e-05, 2.0939e+03, 2.7259e+01, 
 1DIAGNOSTIC,    39, -4.479948785239e-01, 2.454185954042e-05, 2.1213e+03, 2.7392e+01, 
 1DIAGNOSTIC,    40, -4.479269034701e-01, 2.024313048234e-05, 2.1488e+03, 2.7530e+01, 
 1DIAGNOSTIC,    41, -4.480611077101e-01, 1.926175745355e-05, 2.1759e+03, 2.7086e+01, 
 1DIAGNOSTIC,    42, -4.480117560360e-01, 1.592221114706e-05, 2.2029e+03, 2.7065e+01, 
 1DIAGNOSTIC,    43, -4.480945583375e-01, 1.508973488949e-05, 2.2303e+03, 2.7403e+01, 
 1DIAGNOSTIC,    44, -4.480444756175e-01, 1.192962747272e-05, 2.2573e+03, 2.6978e+01, 
 1DIAGNOSTIC,    45, -4.481638972710e-01, 1.116436479590e-05, 2.2845e+03, 2.7183e+01, 
 1DIAGNOSTIC,    46, -4.480981123776e-01, 9.080762243978e-06, 2.3119e+03, 2.7344e+01, 
 1DIAGNOSTIC,    47, -4.481593774850e-01, 8.269911457748e-06, 2.3388e+03, 2.6941e+01, 
 1DIAGNOSTIC,    48, -4.481286701565e-01, 6.335977149753e-06, 2.3657e+03, 2.6923e+01, 
 1DIAGNOSTIC,    49, -4.482027842643e-01, 6.654415463641e-06, 2.3932e+03, 2.7534e+01, 
 1DIAGNOSTIC,    50, -4.481183393154e-01, 4.358059949569e-06, 2.4202e+03, 2.6936e+01, 
 1DIAGNOSTIC,    51, -4.481791134401e-01, 4.299490309979e-06, 2.4472e+03, 2.6971e+01, 
 1DIAGNOSTIC,    52, -4.481339546302e-01, 2.689988895965e-06, 2.4744e+03, 2.7202e+01, 
 1DIAGNOSTIC,    53, -4.481732049857e-01, 2.443386545200e-06, 2.5013e+03, 2.6897e+01, 
 1DIAGNOSTIC,    54, -4.481098028019e-01, 6.314682642374e-07, 2.5281e+03, 2.6856e+01, 
XXDIAGNOSTIC,Iteration,metricValue,convergenceValue,ITERATION_TIME_INDEX,SINCE_LAST
 1DIAGNOSTIC,     1, -3.636062732561e-01, 1.797693134862e+308, 2.7657e+03, 2.3757e+02, 
 1DIAGNOSTIC,     2, -3.654643687508e-01, 1.797693134862e+308, 2.9902e+03, 2.2454e+02, 
 1DIAGNOSTIC,     3, -3.676507267306e-01, 1.797693134862e+308, 3.2160e+03, 2.2575e+02, 
 1DIAGNOSTIC,     4, -3.698281738350e-01, 1.797693134862e+308, 3.4471e+03, 2.3115e+02, 
 1DIAGNOSTIC,     5, -3.719056279798e-01, 1.797693134862e+308, 3.6762e+03, 2.2908e+02, 
 1DIAGNOSTIC,     6, -3.738738900781e-01, 1.797693134862e+308, 3.9043e+03, 2.2808e+02, 
 1DIAGNOSTIC,     7, -3.757806148979e-01, 1.797693134862e+308, 4.1337e+03, 2.2943e+02, 
 1DIAGNOSTIC,     8, -3.775399388519e-01, 1.797693134862e+308, 4.3649e+03, 2.3122e+02, 
 1DIAGNOSTIC,     9, -3.793289864341e-01, 1.797693134862e+308, 4.5971e+03, 2.3213e+02, 
 1DIAGNOSTIC,    10, -3.810020792552e-01, 3.020383461970e-03, 4.8244e+03, 2.2738e+02, 
slurmstepd: error: *** JOB 6244932 ON wbic-csm-2 CANCELLED AT 2021-02-05T17:34:10 DUE TO TIME LIMIT ***
