Changed directory to /lustre/scratch/wbic-beta/ccn30/ENCRYPT/gridcellpilot/scripts/coregistration/slurmoutputs.

JobID: 4102770
======
Time: Thu Oct 24 15:19:55 BST 2019
Running on master node: wbic-csm-6
Current directory: /lustre/scratch/wbic-beta/ccn30/ENCRYPT/gridcellpilot/scripts/coregistration/slurmoutputs

Nodes allocated:
================
wbic-csm-6

numtasks=1, numnodes=1, mpi_tasks_per_node=1 (OMP_NUM_THREADS=1)

Executing command:
==================
/lustre/scratch/wbic-beta/ccn30/ENCRYPT/gridcellpilot/scripts/coregistration/coreg_all.sh /lustre/scratch/wbic-beta/ccn30/ENCRYPT/gridcellpilot 29336/20190903_U-ID46066

29336
/lustre/scratch/wbic-beta/ccn30/ENCRYPT/gridcellpilot/preprocessed_data/segmentation/29336
mkdir: cannot create directory ‘/lustre/scratch/wbic-beta/ccn30/ENCRYPT/gridcellpilot/preprocessed_data/segmentation/29336/coregistration’: File exists
Making coregistration directory...
/lustre/scratch/wbic-beta/ccn30/ENCRYPT/gridcellpilot/preprocessed_data/segmentation/29336/coregistration
EXECUTING t2 to t1 coreg:  29336

--------------------------------------------------------------------------------------
 Mapping parameters
--------------------------------------------------------------------------------------
 ANTSPATH is /applications/ANTS/2.2.0/bin/

 Dimensionality:           3
 Output name prefix:       /lustre/scratch/wbic-beta/ccn30/ENCRYPT/gridcellpilot/preprocessed_data/segmentation/29336/coregistration/T1toT2_ANTS_
 Fixed images:             /lustre/scratch/wbic-beta/ccn30/ENCRYPT/gridcellpilot/raw_data/images/29336/20190903_U-ID46066/Series_033_Highresolution_TSE_PAT2_100/N4Series_033_Highresolution_TSE_PAT2_100_c32.nii
 Moving images:            /lustre/scratch/wbic-beta/ccn30/ENCRYPT/gridcellpilot/raw_data/images/29336/20190903_U-ID46066/mp2rage/denoiseRn4mag0000_PSIR_skulled_std.nii
 Number of threads:        1
 Spline distance:          26
 Transform type:           s
 MI histogram bins:        32
 Precision:                d
 Use histogram matching    0
======================================================================================
 antsRegistration call:
--------------------------------------------------------------------------------------
/applications/ANTS/2.2.0/bin//antsRegistration --verbose 1 --dimensionality 3 --float 0 --output [/lustre/scratch/wbic-beta/ccn30/ENCRYPT/gridcellpilot/preprocessed_data/segmentation/29336/coregistration/T1toT2_ANTS_,/lustre/scratch/wbic-beta/ccn30/ENCRYPT/gridcellpilot/preprocessed_data/segmentation/29336/coregistration/T1toT2_ANTS_Warped.nii.gz,/lustre/scratch/wbic-beta/ccn30/ENCRYPT/gridcellpilot/preprocessed_data/segmentation/29336/coregistration/T1toT2_ANTS_InverseWarped.nii.gz] --interpolation Linear --use-histogram-matching 0 --winsorize-image-intensities [0.005,0.995] --initial-moving-transform [/lustre/scratch/wbic-beta/ccn30/ENCRYPT/gridcellpilot/raw_data/images/29336/20190903_U-ID46066/Series_033_Highresolution_TSE_PAT2_100/N4Series_033_Highresolution_TSE_PAT2_100_c32.nii,/lustre/scratch/wbic-beta/ccn30/ENCRYPT/gridcellpilot/raw_data/images/29336/20190903_U-ID46066/mp2rage/denoiseRn4mag0000_PSIR_skulled_std.nii,1] --transform Rigid[0.1] --metric MI[/lustre/scratch/wbic-beta/ccn30/ENCRYPT/gridcellpilot/raw_data/images/29336/20190903_U-ID46066/Series_033_Highresolution_TSE_PAT2_100/N4Series_033_Highresolution_TSE_PAT2_100_c32.nii,/lustre/scratch/wbic-beta/ccn30/ENCRYPT/gridcellpilot/raw_data/images/29336/20190903_U-ID46066/mp2rage/denoiseRn4mag0000_PSIR_skulled_std.nii,1,32,Regular,0.25] --convergence [1000x500x250x0,1e-6,10] --shrink-factors 12x8x4x2 --smoothing-sigmas 4x3x2x1vox --transform Affine[0.1] --metric MI[/lustre/scratch/wbic-beta/ccn30/ENCRYPT/gridcellpilot/raw_data/images/29336/20190903_U-ID46066/Series_033_Highresolution_TSE_PAT2_100/N4Series_033_Highresolution_TSE_PAT2_100_c32.nii,/lustre/scratch/wbic-beta/ccn30/ENCRYPT/gridcellpilot/raw_data/images/29336/20190903_U-ID46066/mp2rage/denoiseRn4mag0000_PSIR_skulled_std.nii,1,32,Regular,0.25] --convergence [1000x500x250x0,1e-6,10] --shrink-factors 12x8x4x2 --smoothing-sigmas 4x3x2x1vox --transform SyN[0.1,3,0] --metric MI[/lustre/scratch/wbic-beta/ccn30/ENCRYPT/gridcellpilot/raw_data/images/29336/20190903_U-ID46066/Series_033_Highresolution_TSE_PAT2_100/N4Series_033_Highresolution_TSE_PAT2_100_c32.nii,/lustre/scratch/wbic-beta/ccn30/ENCRYPT/gridcellpilot/raw_data/images/29336/20190903_U-ID46066/mp2rage/denoiseRn4mag0000_PSIR_skulled_std.nii,1,32] --convergence [100x100x70x50x0,1e-6,10] --shrink-factors 10x6x4x2x1 --smoothing-sigmas 5x3x2x1x0vox
--------------------------------------------------------------------------------------
All_Command_lines_OK
Using double precision for computations.
=============================================================================
The composite transform comprises the following transforms (in order): 
  1. Center of mass alignment using fixed image: /lustre/scratch/wbic-beta/ccn30/ENCRYPT/gridcellpilot/raw_data/images/29336/20190903_U-ID46066/Series_033_Highresolution_TSE_PAT2_100/N4Series_033_Highresolution_TSE_PAT2_100_c32.nii and moving image: /lustre/scratch/wbic-beta/ccn30/ENCRYPT/gridcellpilot/raw_data/images/29336/20190903_U-ID46066/mp2rage/denoiseRn4mag0000_PSIR_skulled_std.nii (type = Euler3DTransform)
=============================================================================
  number of levels = 4
  number of levels = 4
  number of levels = 5
  fixed image: /lustre/scratch/wbic-beta/ccn30/ENCRYPT/gridcellpilot/raw_data/images/29336/20190903_U-ID46066/Series_033_Highresolution_TSE_PAT2_100/N4Series_033_Highresolution_TSE_PAT2_100_c32.nii
  moving image: /lustre/scratch/wbic-beta/ccn30/ENCRYPT/gridcellpilot/raw_data/images/29336/20190903_U-ID46066/mp2rage/denoiseRn4mag0000_PSIR_skulled_std.nii
  fixed image: /lustre/scratch/wbic-beta/ccn30/ENCRYPT/gridcellpilot/raw_data/images/29336/20190903_U-ID46066/Series_033_Highresolution_TSE_PAT2_100/N4Series_033_Highresolution_TSE_PAT2_100_c32.nii
  moving image: /lustre/scratch/wbic-beta/ccn30/ENCRYPT/gridcellpilot/raw_data/images/29336/20190903_U-ID46066/mp2rage/denoiseRn4mag0000_PSIR_skulled_std.nii
  fixed image: /lustre/scratch/wbic-beta/ccn30/ENCRYPT/gridcellpilot/raw_data/images/29336/20190903_U-ID46066/Series_033_Highresolution_TSE_PAT2_100/N4Series_033_Highresolution_TSE_PAT2_100_c32.nii
  moving image: /lustre/scratch/wbic-beta/ccn30/ENCRYPT/gridcellpilot/raw_data/images/29336/20190903_U-ID46066/mp2rage/denoiseRn4mag0000_PSIR_skulled_std.nii
Dimension = 3
Number of stages = 3
Use Histogram Matching false
Winsorize image intensities true
Lower quantile = 0.005
Upper quantile = 0.995
Stage 1 State
   Image metric = Mattes
     Fixed image = Image (0x4bc0610)
  RTTI typeinfo:   itk::Image<double, 3u>
  Reference Count: 2
  Modified Time: 1713
  Debug: Off
  Object Name: 
  Observers: 
    none
  Source: (none)
  Source output name: (none)
  Release Data: Off
  Data Released: False
  Global Release Data: Off
  PipelineMTime: 0
  UpdateMTime: 1535
  RealTimeStamp: 0 seconds 
  LargestPossibleRegion: 
    Dimension: 3
    Index: [0, 0, 0]
    Size: [512, 512, 54]
  BufferedRegion: 
    Dimension: 3
    Index: [0, 0, 0]
    Size: [512, 512, 54]
  RequestedRegion: 
    Dimension: 3
    Index: [0, 0, 0]
    Size: [512, 512, 54]
  Spacing: [0.4375, 0.4375, 1.1]
  Origin: [-112, -8.60976, -121.459]
  Direction: 
1 1.07699e-11 -7.38815e-12
1.07699e-11 -0.359997 0.932954
-7.38815e-12 0.932954 0.359997

  IndexToPointMatrix: 
0.4375 4.71185e-12 -8.12693e-12
4.71185e-12 -0.157499 1.02625
-3.23231e-12 0.408167 0.395995

  PointToIndexMatrix: 
2.28571 2.4617e-11 -1.68872e-11
2.4617e-11 -0.82285 2.13247
-6.71652e-12 0.848142 0.327271

  Inverse Direction: 
1 1.07699e-11 -7.38815e-12
1.07699e-11 -0.359997 0.932954
-7.38815e-12 0.932954 0.359997

  PixelContainer: 
    ImportImageContainer (0x4bba5e0)
      RTTI typeinfo:   itk::ImportImageContainer<unsigned long, double>
      Reference Count: 1
      Modified Time: 1532
      Debug: Off
      Object Name: 
      Observers: 
        none
      Pointer: 0x2ac87b660010
      Container manages memory: true
      Size: 14155776
      Capacity: 14155776

     Moving image = Image (0x4bc12f0)
  RTTI typeinfo:   itk::Image<double, 3u>
  Reference Count: 2
  Modified Time: 1714
  Debug: Off
  Object Name: 
  Observers: 
    none
  Source: (none)
  Source output name: (none)
  Release Data: Off
  Data Released: False
  Global Release Data: Off
  PipelineMTime: 0
  UpdateMTime: 1711
  RealTimeStamp: 0 seconds 
  LargestPossibleRegion: 
    Dimension: 3
    Index: [0, 0, 0]
    Size: [224, 320, 320]
  BufferedRegion: 
    Dimension: 3
    Index: [0, 0, 0]
    Size: [224, 320, 320]
  RequestedRegion: 
    Dimension: 3
    Index: [0, 0, 0]
    Size: [224, 320, 320]
  Spacing: [0.699997, 0.7, 0.7]
  Origin: [-80.5294, 72.2492, -124.937]
  Direction: 
1 0 0
0 -1 0
0 0 1

  IndexToPointMatrix: 
0.699997 0 0
0 -0.7 0
0 0 0.7

  PointToIndexMatrix: 
1.42858 0 0
0 -1.42857 0
0 0 1.42857

  Inverse Direction: 
1 0 0
0 -1 0
0 0 1

  PixelContainer: 
    ImportImageContainer (0x4bbec90)
      RTTI typeinfo:   itk::ImportImageContainer<unsigned long, double>
      Reference Count: 1
      Modified Time: 1708
      Debug: Off
      Object Name: 
      Observers: 
        none
      Pointer: 0x2ac882261010
      Container manages memory: true
      Size: 22937600
      Capacity: 22937600

     Weighting = 1
     Sampling strategy = regular
     Number of bins = 32
     Radius = 4
     Sampling percentage  = 0.25
   Transform = Rigid
     Gradient step = 0.1
     Update field sigma (voxel space) = 0
     Total field sigma (voxel space) = 0
     Update field time sigma = 0
     Total field time sigma  = 0
     Number of time indices = 0
     Number of time point samples = 0
Stage 2 State
   Image metric = Mattes
     Fixed image = Image (0x4bc2010)
  RTTI typeinfo:   itk::Image<double, 3u>
  Reference Count: 2
  Modified Time: 2067
  Debug: Off
  Object Name: 
  Observers: 
    none
  Source: (none)
  Source output name: (none)
  Release Data: Off
  Data Released: False
  Global Release Data: Off
  PipelineMTime: 0
  UpdateMTime: 1889
  RealTimeStamp: 0 seconds 
  LargestPossibleRegion: 
    Dimension: 3
    Index: [0, 0, 0]
    Size: [512, 512, 54]
  BufferedRegion: 
    Dimension: 3
    Index: [0, 0, 0]
    Size: [512, 512, 54]
  RequestedRegion: 
    Dimension: 3
    Index: [0, 0, 0]
    Size: [512, 512, 54]
  Spacing: [0.4375, 0.4375, 1.1]
  Origin: [-112, -8.60976, -121.459]
  Direction: 
1 1.07699e-11 -7.38815e-12
1.07699e-11 -0.359997 0.932954
-7.38815e-12 0.932954 0.359997

  IndexToPointMatrix: 
0.4375 4.71185e-12 -8.12693e-12
4.71185e-12 -0.157499 1.02625
-3.23231e-12 0.408167 0.395995

  PointToIndexMatrix: 
2.28571 2.4617e-11 -1.68872e-11
2.4617e-11 -0.82285 2.13247
-6.71652e-12 0.848142 0.327271

  Inverse Direction: 
1 1.07699e-11 -7.38815e-12
1.07699e-11 -0.359997 0.932954
-7.38815e-12 0.932954 0.359997

  PixelContainer: 
    ImportImageContainer (0x4bbb210)
      RTTI typeinfo:   itk::ImportImageContainer<unsigned long, double>
      Reference Count: 1
      Modified Time: 1886
      Debug: Off
      Object Name: 
      Observers: 
        none
      Pointer: 0x2ac88d162010
      Container manages memory: true
      Size: 14155776
      Capacity: 14155776

     Moving image = Image (0x4bcdcd0)
  RTTI typeinfo:   itk::Image<double, 3u>
  Reference Count: 2
  Modified Time: 2068
  Debug: Off
  Object Name: 
  Observers: 
    none
  Source: (none)
  Source output name: (none)
  Release Data: Off
  Data Released: False
  Global Release Data: Off
  PipelineMTime: 0
  UpdateMTime: 2065
  RealTimeStamp: 0 seconds 
  LargestPossibleRegion: 
    Dimension: 3
    Index: [0, 0, 0]
    Size: [224, 320, 320]
  BufferedRegion: 
    Dimension: 3
    Index: [0, 0, 0]
    Size: [224, 320, 320]
  RequestedRegion: 
    Dimension: 3
    Index: [0, 0, 0]
    Size: [224, 320, 320]
  Spacing: [0.699997, 0.7, 0.7]
  Origin: [-80.5294, 72.2492, -124.937]
  Direction: 
1 0 0
0 -1 0
0 0 1

  IndexToPointMatrix: 
0.699997 0 0
0 -0.7 0
0 0 0.7

  PointToIndexMatrix: 
1.42858 0 0
0 -1.42857 0
0 0 1.42857

  Inverse Direction: 
1 0 0
0 -1 0
0 0 1

  PixelContainer: 
    ImportImageContainer (0x4bcdf60)
      RTTI typeinfo:   itk::ImportImageContainer<unsigned long, double>
      Reference Count: 1
      Modified Time: 2062
      Debug: Off
      Object Name: 
      Observers: 
        none
      Pointer: 0x2ac893d63010
      Container manages memory: true
      Size: 22937600
      Capacity: 22937600

     Weighting = 1
     Sampling strategy = regular
     Number of bins = 32
     Radius = 4
     Sampling percentage  = 0.25
   Transform = Affine
     Gradient step = 0.1
     Update field sigma (voxel space) = 0
     Total field sigma (voxel space) = 0
     Update field time sigma = 0
     Total field time sigma  = 0
     Number of time indices = 0
     Number of time point samples = 0
Stage 3 State
   Image metric = Mattes
     Fixed image = Image (0x4bcdfc0)
  RTTI typeinfo:   itk::Image<double, 3u>
  Reference Count: 2
  Modified Time: 2421
  Debug: Off
  Object Name: 
  Observers: 
    none
  Source: (none)
  Source output name: (none)
  Release Data: Off
  Data Released: False
  Global Release Data: Off
  PipelineMTime: 0
  UpdateMTime: 2243
  RealTimeStamp: 0 seconds 
  LargestPossibleRegion: 
    Dimension: 3
    Index: [0, 0, 0]
    Size: [512, 512, 54]
  BufferedRegion: 
    Dimension: 3
    Index: [0, 0, 0]
    Size: [512, 512, 54]
  RequestedRegion: 
    Dimension: 3
    Index: [0, 0, 0]
    Size: [512, 512, 54]
  Spacing: [0.4375, 0.4375, 1.1]
  Origin: [-112, -8.60976, -121.459]
  Direction: 
1 1.07699e-11 -7.38815e-12
1.07699e-11 -0.359997 0.932954
-7.38815e-12 0.932954 0.359997

  IndexToPointMatrix: 
0.4375 4.71185e-12 -8.12693e-12
4.71185e-12 -0.157499 1.02625
-3.23231e-12 0.408167 0.395995

  PointToIndexMatrix: 
2.28571 2.4617e-11 -1.68872e-11
2.4617e-11 -0.82285 2.13247
-6.71652e-12 0.848142 0.327271

  Inverse Direction: 
1 1.07699e-11 -7.38815e-12
1.07699e-11 -0.359997 0.932954
-7.38815e-12 0.932954 0.359997

  PixelContainer: 
    ImportImageContainer (0x4bcfdd0)
      RTTI typeinfo:   itk::ImportImageContainer<unsigned long, double>
      Reference Count: 1
      Modified Time: 2240
      Debug: Off
      Object Name: 
      Observers: 
        none
      Pointer: 0x2ac89ec64010
      Container manages memory: true
      Size: 14155776
      Capacity: 14155776

     Moving image = Image (0x4bd66f0)
  RTTI typeinfo:   itk::Image<double, 3u>
  Reference Count: 2
  Modified Time: 2422
  Debug: Off
  Object Name: 
  Observers: 
    none
  Source: (none)
  Source output name: (none)
  Release Data: Off
  Data Released: False
  Global Release Data: Off
  PipelineMTime: 0
  UpdateMTime: 2419
  RealTimeStamp: 0 seconds 
  LargestPossibleRegion: 
    Dimension: 3
    Index: [0, 0, 0]
    Size: [224, 320, 320]
  BufferedRegion: 
    Dimension: 3
    Index: [0, 0, 0]
    Size: [224, 320, 320]
  RequestedRegion: 
    Dimension: 3
    Index: [0, 0, 0]
    Size: [224, 320, 320]
  Spacing: [0.699997, 0.7, 0.7]
  Origin: [-80.5294, 72.2492, -124.937]
  Direction: 
1 0 0
0 -1 0
0 0 1

  IndexToPointMatrix: 
0.699997 0 0
0 -0.7 0
0 0 0.7

  PointToIndexMatrix: 
1.42858 0 0
0 -1.42857 0
0 0 1.42857

  Inverse Direction: 
1 0 0
0 -1 0
0 0 1

  PixelContainer: 
    ImportImageContainer (0x4bd6980)
      RTTI typeinfo:   itk::ImportImageContainer<unsigned long, double>
      Reference Count: 1
      Modified Time: 2416
      Debug: Off
      Object Name: 
      Observers: 
        none
      Pointer: 0x2ac8a5865010
      Container manages memory: true
      Size: 22937600
      Capacity: 22937600

     Weighting = 1
     Sampling strategy = none
     Number of bins = 32
     Radius = 4
     Sampling percentage  = 1
   Transform = SyN
     Gradient step = 0.1
     Update field sigma (voxel space) = 3
     Total field sigma (voxel space) = 0
     Update field time sigma = 0
     Total field time sigma  = 0
     Number of time indices = 0
     Number of time point samples = 0
Registration using 3 total stages.

Stage 0
  iterations = 1000x500x250x0
  convergence threshold = 1e-06
  convergence window size = 10
  number of levels = 4
  using the Mattes MI metric (number of bins = 32, weight = 1)
  preprocessing:  winsorizing the image intensities
  Shrink factors (level 1 out of 4): [12, 12, 5]
  Shrink factors (level 2 out of 4): [8, 8, 3]
  Shrink factors (level 3 out of 4): [4, 4, 2]
  Shrink factors (level 4 out of 4): [2, 2, 1]
  smoothing sigmas per level: [4, 3, 2, 1]
  regular sampling (percentage = 0.25)

*** Running Euler3DTransform registration ***

DIAGNOSTIC,Iteration,metricValue,convergenceValue,ITERATION_TIME_INDEX,SINCE_LAST
 2DIAGNOSTIC,     1, -3.909090558270e-01, 1.797693134862e+308, 2.0644e+01, 2.0644e+01, 
 2DIAGNOSTIC,     2, -3.927233205883e-01, 1.797693134862e+308, 2.0678e+01, 3.4204e-02, 
 2DIAGNOSTIC,     3, -3.973845979960e-01, 1.797693134862e+308, 2.0711e+01, 3.2155e-02, 
 2DIAGNOSTIC,     4, -4.039747369324e-01, 1.797693134862e+308, 2.0742e+01, 3.1385e-02, 
 2DIAGNOSTIC,     5, -4.140791763631e-01, 1.797693134862e+308, 2.0775e+01, 3.3251e-02, 
 2DIAGNOSTIC,     6, -4.392046247782e-01, 1.797693134862e+308, 2.0809e+01, 3.3679e-02, 
 2DIAGNOSTIC,     7, -4.771472589186e-01, 1.797693134862e+308, 2.0841e+01, 3.1826e-02, 
 2DIAGNOSTIC,     8, -4.932093249797e-01, 1.797693134862e+308, 2.0893e+01, 5.2156e-02, 
 2DIAGNOSTIC,     9, -5.003911589867e-01, 1.797693134862e+308, 2.0929e+01, 3.6051e-02, 
 2DIAGNOSTIC,    10, -5.044680350123e-01, 2.017255550483e-02, 2.0969e+01, 4.0137e-02, 
 2DIAGNOSTIC,    11, -5.046121220110e-01, 1.828401360569e-02, 2.1005e+01, 3.5526e-02, 
 2DIAGNOSTIC,    12, -5.048257606763e-01, 1.520352072606e-02, 2.1052e+01, 4.7356e-02, 
 2DIAGNOSTIC,    13, -5.056020929221e-01, 1.154496932411e-02, 2.1127e+01, 7.4861e-02, 
 2DIAGNOSTIC,    14, -5.056726781857e-01, 7.733708566847e-03, 2.1166e+01, 3.9497e-02, 
 2DIAGNOSTIC,    15, -5.060094666828e-01, 4.200585263217e-03, 2.1205e+01, 3.8603e-02, 
 2DIAGNOSTIC,    16, -5.061120343297e-01, 1.697558756299e-03, 2.1243e+01, 3.8044e-02, 
 2DIAGNOSTIC,    17, -5.061500912711e-01, 7.040648892108e-04, 2.1278e+01, 3.5459e-02, 
 2DIAGNOSTIC,    18, -5.061853147179e-01, 3.003002713124e-04, 2.1332e+01, 5.3960e-02, 
 2DIAGNOSTIC,    19, -5.062082081524e-01, 1.393249335735e-04, 2.1388e+01, 5.5829e-02, 
 2DIAGNOSTIC,    20, -5.062166902645e-01, 1.055730921037e-04, 2.1422e+01, 3.3495e-02, 
 2DIAGNOSTIC,    21, -5.062216435180e-01, 6.989957631115e-05, 2.1454e+01, 3.2490e-02, 
 2DIAGNOSTIC,    22, -5.062350325940e-01, 3.701503778385e-05, 2.1486e+01, 3.1783e-02, 
 2DIAGNOSTIC,    23, -5.062659041091e-01, 2.479470678617e-05, 2.1526e+01, 3.9580e-02, 
 2DIAGNOSTIC,    24, -5.062670597386e-01, 1.302049514815e-05, 2.1557e+01, 3.1655e-02, 
 2DIAGNOSTIC,    25, -5.062725036589e-01, 9.216979798034e-06, 2.1589e+01, 3.1676e-02, 
 2DIAGNOSTIC,    26, -5.062850055482e-01, 7.594483766679e-06, 2.1651e+01, 6.2121e-02, 
 2DIAGNOSTIC,    27, -5.062875005085e-01, 6.363983158175e-06, 2.1691e+01, 3.9816e-02, 
 2DIAGNOSTIC,    28, -5.062877530029e-01, 5.470125705807e-06, 2.1722e+01, 3.1320e-02, 
 2DIAGNOSTIC,    29, -5.062888204399e-01, 4.724945684938e-06, 2.1755e+01, 3.2489e-02, 
 2DIAGNOSTIC,    30, -5.062904019501e-01, 3.898476804973e-06, 2.1788e+01, 3.3557e-02, 
 2DIAGNOSTIC,    31, -5.062935531280e-01, 3.012094734453e-06, 2.1830e+01, 4.1489e-02, 
 2DIAGNOSTIC,    32, -5.062939296737e-01, 2.234462110097e-06, 2.1871e+01, 4.0900e-02, 
 2DIAGNOSTIC,    33, -5.062964246189e-01, 1.987903239561e-06, 2.1949e+01, 7.8863e-02, 
 2DIAGNOSTIC,    34, -5.062965803996e-01, 1.685476030952e-06, 2.2014e+01, 6.4785e-02, 
 2DIAGNOSTIC,    35, -5.062965826350e-01, 1.418452007226e-06, 2.2087e+01, 7.2519e-02, 
 2DIAGNOSTIC,    36, -5.062965826768e-01, 1.322813799935e-06, 2.2143e+01, 5.6050e-02, 
 2DIAGNOSTIC,    37, -5.062965826774e-01, 1.233231805717e-06, 2.2208e+01, 6.5658e-02, 
 2DIAGNOSTIC,    38, -5.062965826775e-01, 1.119753647492e-06, 2.2278e+01, 6.9163e-02, 
 2DIAGNOSTIC,    39, -5.062965826775e-01, 1.003884668699e-06, 2.2326e+01, 4.8111e-02, 
DIAGNOSTIC,Iteration,metricValue,convergenceValue,ITERATION_TIME_INDEX,SINCE_LAST
 2DIAGNOSTIC,     1, -4.676262634575e-01, 1.797693134862e+308, 3.7637e+01, 1.5311e+01, 
 2DIAGNOSTIC,     2, -4.701080880396e-01, 1.797693134862e+308, 3.7737e+01, 9.9885e-02, 
 2DIAGNOSTIC,     3, -4.723750234353e-01, 1.797693134862e+308, 3.7836e+01, 9.8778e-02, 
 2DIAGNOSTIC,     4, -4.739541979548e-01, 1.797693134862e+308, 3.7939e+01, 1.0328e-01, 
 2DIAGNOSTIC,     5, -4.744684138999e-01, 1.797693134862e+308, 3.8043e+01, 1.0380e-01, 
 2DIAGNOSTIC,     6, -4.753360860529e-01, 1.797693134862e+308, 3.8144e+01, 1.0109e-01, 
 2DIAGNOSTIC,     7, -4.763712352456e-01, 1.797693134862e+308, 3.8248e+01, 1.0397e-01, 
 2DIAGNOSTIC,     8, -4.771394815010e-01, 1.797693134862e+308, 3.8441e+01, 1.9351e-01, 
 2DIAGNOSTIC,     9, -4.775581928875e-01, 1.797693134862e+308, 3.8544e+01, 1.0254e-01, 
 2DIAGNOSTIC,    10, -4.777749729880e-01, 1.278048158540e-03, 3.8671e+01, 1.2705e-01, 
 2DIAGNOSTIC,    11, -4.781559388903e-01, 9.127422665546e-04, 3.8773e+01, 1.0242e-01, 
 2DIAGNOSTIC,    12, -4.784401395069e-01, 6.619904284364e-04, 3.9008e+01, 2.3422e-01, 
 2DIAGNOSTIC,    13, -4.784545379166e-01, 4.935382719554e-04, 3.9113e+01, 1.0569e-01, 
 2DIAGNOSTIC,    14, -4.785393419120e-01, 3.762375458676e-04, 3.9216e+01, 1.0251e-01, 
 2DIAGNOSTIC,    15, -4.786164757574e-01, 2.639342404867e-04, 3.9339e+01, 1.2273e-01, 
 2DIAGNOSTIC,    16, -4.786101704306e-01, 1.730537714369e-04, 3.9439e+01, 1.0088e-01, 
 2DIAGNOSTIC,    17, -4.786319912901e-01, 1.136984145526e-04, 3.9542e+01, 1.0281e-01, 
 2DIAGNOSTIC,    18, -4.786745352082e-01, 7.739033976301e-05, 3.9647e+01, 1.0442e-01, 
 2DIAGNOSTIC,    19, -4.785097305090e-01, 4.589929961896e-05, 3.9757e+01, 1.1073e-01, 
 2DIAGNOSTIC,    20, -4.786891992860e-01, 2.518482589093e-05, 3.9904e+01, 1.4695e-01, 
 2DIAGNOSTIC,    21, -4.787210028071e-01, 1.560147602653e-05, 4.0109e+01, 2.0477e-01, 
 2DIAGNOSTIC,    22, -4.787099032087e-01, 1.297939679561e-05, 4.0641e+01, 5.3152e-01, 
 2DIAGNOSTIC,    23, -4.787099026325e-01, 9.928946067682e-06, 4.0745e+01, 1.0477e-01, 
 2DIAGNOSTIC,    24, -4.787099044901e-01, 8.449485772506e-06, 4.0850e+01, 1.0488e-01, 
 2DIAGNOSTIC,    25, -4.787099076307e-01, 8.222005193438e-06, 4.0958e+01, 1.0799e-01, 
 2DIAGNOSTIC,    26, -4.787099129397e-01, 7.123620838607e-06, 4.1070e+01, 1.1127e-01, 
 2DIAGNOSTIC,    27, -4.787099219129e-01, 6.028686690154e-06, 4.1182e+01, 1.1273e-01, 
 2DIAGNOSTIC,    28, -4.787099370712e-01, 5.619237600708e-06, 4.1290e+01, 1.0749e-01, 
 2DIAGNOSTIC,    29, -4.787099626029e-01, 1.328879721645e-06, 4.1393e+01, 1.0373e-01, 
DIAGNOSTIC,Iteration,metricValue,convergenceValue,ITERATION_TIME_INDEX,SINCE_LAST
 2DIAGNOSTIC,     1, -4.366838054638e-01, 1.797693134862e+308, 5.0517e+01, 9.1238e+00, 
 2DIAGNOSTIC,     2, -4.384646395296e-01, 1.797693134862e+308, 5.1077e+01, 5.5939e-01, 
 2DIAGNOSTIC,     3, -4.392785817562e-01, 1.797693134862e+308, 5.1592e+01, 5.1499e-01, 
 2DIAGNOSTIC,     4, -4.394478269319e-01, 1.797693134862e+308, 5.2164e+01, 5.7185e-01, 
 2DIAGNOSTIC,     5, -4.396529748949e-01, 1.797693134862e+308, 5.2667e+01, 5.0305e-01, 
 2DIAGNOSTIC,     6, -4.399219283221e-01, 1.797693134862e+308, 5.3379e+01, 7.1235e-01, 
 2DIAGNOSTIC,     7, -4.400080404130e-01, 1.797693134862e+308, 5.3976e+01, 5.9667e-01, 
 2DIAGNOSTIC,     8, -4.400958689167e-01, 1.797693134862e+308, 5.4709e+01, 7.3365e-01, 
 2DIAGNOSTIC,     9, -4.403831143330e-01, 1.797693134862e+308, 5.5448e+01, 7.3825e-01, 
 2DIAGNOSTIC,    10, -4.404830798112e-01, 4.141931429410e-04, 5.6048e+01, 6.0052e-01, 
 2DIAGNOSTIC,    11, -4.405292831046e-01, 2.377058889725e-04, 5.6545e+01, 4.9684e-01, 
 2DIAGNOSTIC,    12, -4.405338725742e-01, 1.649593739429e-04, 5.7151e+01, 6.0640e-01, 
 2DIAGNOSTIC,    13, -4.405412888118e-01, 1.296714036043e-04, 5.8480e+01, 1.3292e+00, 
 2DIAGNOSTIC,    14, -4.405412796773e-01, 9.540678605818e-05, 5.8960e+01, 4.7953e-01, 
 2DIAGNOSTIC,    15, -4.405416657320e-01, 6.572631263772e-05, 5.9489e+01, 5.2923e-01, 
 2DIAGNOSTIC,    16, -4.405421881213e-01, 4.490180170991e-05, 6.0027e+01, 5.3804e-01, 
 2DIAGNOSTIC,    17, -4.405428380204e-01, 2.596507874528e-05, 6.0537e+01, 5.0995e-01, 
 2DIAGNOSTIC,    18, -4.405434769723e-01, 9.854466797826e-06, 6.1132e+01, 5.9485e-01, 
 2DIAGNOSTIC,    19, -4.405437001987e-01, 4.389524759306e-06, 6.1759e+01, 6.2721e-01, 
 2DIAGNOSTIC,    20, -4.405436944382e-01, 2.411102529840e-06, 6.2258e+01, 4.9843e-01, 
 2DIAGNOSTIC,    21, -4.405436847230e-01, 1.964585109558e-06, 6.2749e+01, 4.9103e-01, 
 2DIAGNOSTIC,    22, -4.405438614390e-01, 1.650402578976e-06, 6.3251e+01, 5.0182e-01, 
 2DIAGNOSTIC,    23, -4.405439714078e-01, 1.555762748427e-06, 6.3775e+01, 5.2411e-01, 
 2DIAGNOSTIC,    24, -4.405439957212e-01, 1.453337432504e-06, 6.4258e+01, 4.8369e-01, 
 2DIAGNOSTIC,    25, -4.405440277298e-01, 1.358188900048e-06, 6.4868e+01, 6.0991e-01, 
 2DIAGNOSTIC,    26, -4.405440680872e-01, 1.276230914705e-06, 6.5881e+01, 1.0131e+00, 
 2DIAGNOSTIC,    27, -4.405440714009e-01, 1.210647286053e-06, 6.6722e+01, 8.4033e-01, 
 2DIAGNOSTIC,    28, -4.405440715523e-01, 1.161336716397e-06, 6.7346e+01, 6.2468e-01, 
 2DIAGNOSTIC,    29, -4.405440715827e-01, 1.118170345010e-06, 6.8184e+01, 8.3746e-01, 
 2DIAGNOSTIC,    30, -4.405440715881e-01, 1.075913188486e-06, 6.8909e+01, 7.2545e-01, 
 2DIAGNOSTIC,    31, -4.405440715890e-01, 1.034704679277e-06, 6.9669e+01, 7.5984e-01, 
DIAGNOSTIC,Iteration,metricValue,convergenceValue,ITERATION_TIME_INDEX,SINCE_LAST
 2DIAGNOSTIC,     1, -3.763468361633e-01, 1.797693134862e+308, 7.8837e+01, 9.1682e+00, 
  Elapsed time (stage 0): 8.1143e+01


Stage 1
  iterations = 1000x500x250x0
  convergence threshold = 1.0000e-06
  convergence window size = 10
  number of levels = 4
  using the Mattes MI metric (number of bins = 32, weight = 1.0000e+00)
  preprocessing:  winsorizing the image intensities
  Shrink factors (level 1 out of 4): [12, 12, 5]
  Shrink factors (level 2 out of 4): [8, 8, 3]
  Shrink factors (level 3 out of 4): [4, 4, 2]
  Shrink factors (level 4 out of 4): [2, 2, 1]
  smoothing sigmas per level: [4, 3, 2, 1]
  regular sampling (percentage = 2.5000e-01)

*** Running AffineTransform registration ***

DIAGNOSTIC,Iteration,metricValue,convergenceValue,ITERATION_TIME_INDEX,SINCE_LAST
 2DIAGNOSTIC,     1, -4.961325468679e-01, 1.797693134862e+308, 1.9696e+01, 1.9696e+01, 
 2DIAGNOSTIC,     2, -4.983166373984e-01, 1.797693134862e+308, 1.9733e+01, 3.6938e-02, 
 2DIAGNOSTIC,     3, -5.015487862763e-01, 1.797693134862e+308, 1.9770e+01, 3.7330e-02, 
 2DIAGNOSTIC,     4, -5.058185761927e-01, 1.797693134862e+308, 1.9807e+01, 3.6365e-02, 
 2DIAGNOSTIC,     5, -5.102583183138e-01, 1.797693134862e+308, 1.9846e+01, 3.9497e-02, 
 2DIAGNOSTIC,     6, -5.133748669849e-01, 1.797693134862e+308, 1.9893e+01, 4.7089e-02, 
 2DIAGNOSTIC,     7, -5.173156946749e-01, 1.797693134862e+308, 1.9947e+01, 5.3711e-02, 
 2DIAGNOSTIC,     8, -5.182163577520e-01, 1.797693134862e+308, 1.9984e+01, 3.6814e-02, 
 2DIAGNOSTIC,     9, -5.184929916042e-01, 1.797693134862e+308, 2.0021e+01, 3.6774e-02, 
 2DIAGNOSTIC,    10, -5.187729406535e-01, 3.228209014878e-03, 2.0089e+01, 6.8783e-02, 
 2DIAGNOSTIC,    11, -5.188381066441e-01, 2.473776915273e-03, 2.0126e+01, 3.6162e-02, 
 2DIAGNOSTIC,    12, -5.190666403659e-01, 1.735312266109e-03, 2.0169e+01, 4.3773e-02, 
 2DIAGNOSTIC,    13, -5.192775336165e-01, 1.100630633294e-03, 2.0207e+01, 3.7661e-02, 
 2DIAGNOSTIC,    14, -5.193105739151e-01, 6.271658171569e-04, 2.0244e+01, 3.7017e-02, 
 2DIAGNOSTIC,    15, -5.193508885106e-01, 3.250761263497e-04, 2.0289e+01, 4.4964e-02, 
 2DIAGNOSTIC,    16, -5.193751418449e-01, 1.368902330056e-04, 2.0334e+01, 4.4833e-02, 
 2DIAGNOSTIC,    17, -5.193422790836e-01, 8.513317751191e-05, 2.0379e+01, 4.5304e-02, 
 2DIAGNOSTIC,    18, -5.193532754722e-01, 5.931708567447e-05, 2.0418e+01, 3.9053e-02, 
 2DIAGNOSTIC,    19, -5.193089635222e-01, 3.751921195213e-05, 2.0466e+01, 4.7495e-02, 
 2DIAGNOSTIC,    20, -5.193418431245e-01, 2.335180770500e-05, 2.0519e+01, 5.3210e-02, 
 2DIAGNOSTIC,    21, -5.194107271027e-01, 1.190806373522e-05, 2.0700e+01, 1.8146e-01, 
 2DIAGNOSTIC,    22, -5.194107260661e-01, 6.105460677426e-06, 2.0739e+01, 3.8327e-02, 
 2DIAGNOSTIC,    23, -5.194107286612e-01, 5.469169803506e-06, 2.0776e+01, 3.7153e-02, 
 2DIAGNOSTIC,    24, -5.194107330485e-01, 5.270809349367e-06, 2.0814e+01, 3.8079e-02, 
 2DIAGNOSTIC,    25, -5.194107404646e-01, 5.573851831725e-06, 2.0852e+01, 3.8008e-02, 
 2DIAGNOSTIC,    26, -5.194107529967e-01, 5.944484846088e-06, 2.0891e+01, 3.8869e-02, 
 2DIAGNOSTIC,    27, -5.194107741648e-01, 5.161837836457e-06, 2.0931e+01, 3.9853e-02, 
 2DIAGNOSTIC,    28, -5.194108098923e-01, 4.332537672076e-06, 2.0970e+01, 3.9468e-02, 
 2DIAGNOSTIC,    29, -5.194108695804e-01, 2.417170658194e-06, 2.1012e+01, 4.1572e-02, 
 2DIAGNOSTIC,    30, -5.194109696148e-01, 1.075189554216e-06, 2.1050e+01, 3.8715e-02, 
 2DIAGNOSTIC,    31, -5.194111372231e-01, 1.045750954602e-06, 2.1089e+01, 3.8538e-02, 
 2DIAGNOSTIC,    32, -5.194114162788e-01, 1.021624782618e-06, 2.1126e+01, 3.6750e-02, 
 2DIAGNOSTIC,    33, -5.194118751874e-01, 1.004521953098e-06, 2.1163e+01, 3.7462e-02, 
DIAGNOSTIC,Iteration,metricValue,convergenceValue,ITERATION_TIME_INDEX,SINCE_LAST
 2DIAGNOSTIC,     1, -4.685827780071e-01, 1.797693134862e+308, 3.6334e+01, 1.5171e+01, 
 2DIAGNOSTIC,     2, -4.707726126701e-01, 1.797693134862e+308, 3.6454e+01, 1.1984e-01, 
 2DIAGNOSTIC,     3, -4.728049797202e-01, 1.797693134862e+308, 3.6578e+01, 1.2431e-01, 
 2DIAGNOSTIC,     4, -4.757750683562e-01, 1.797693134862e+308, 3.6704e+01, 1.2573e-01, 
 2DIAGNOSTIC,     5, -4.780533503110e-01, 1.797693134862e+308, 3.6824e+01, 1.2030e-01, 
 2DIAGNOSTIC,     6, -4.813768553957e-01, 1.797693134862e+308, 3.6941e+01, 1.1720e-01, 
 2DIAGNOSTIC,     7, -4.829450130790e-01, 1.797693134862e+308, 3.7180e+01, 2.3848e-01, 
 2DIAGNOSTIC,     8, -4.830034416460e-01, 1.797693134862e+308, 3.7326e+01, 1.4642e-01, 
 2DIAGNOSTIC,     9, -4.830699132482e-01, 1.797693134862e+308, 3.7455e+01, 1.2825e-01, 
 2DIAGNOSTIC,    10, -4.832223309465e-01, 2.169993006939e-03, 3.7605e+01, 1.5046e-01, 
 2DIAGNOSTIC,    11, -4.832463158754e-01, 1.583361835929e-03, 3.7752e+01, 1.4700e-01, 
 2DIAGNOSTIC,    12, -4.832595284868e-01, 1.061674978427e-03, 3.7896e+01, 1.4405e-01, 
 2DIAGNOSTIC,    13, -4.833007014588e-01, 6.196037870167e-04, 3.8040e+01, 1.4368e-01, 
 2DIAGNOSTIC,    14, -4.831368812288e-01, 3.038980310100e-04, 3.8199e+01, 1.5941e-01, 
 2DIAGNOSTIC,    15, -4.832340467963e-01, 9.400604357561e-05, 3.8322e+01, 1.2237e-01, 
 2DIAGNOSTIC,    16, -4.832477609426e-01, 2.383727175696e-05, 3.8440e+01, 1.1799e-01, 
 2DIAGNOSTIC,    17, -4.833275511842e-01, 1.732298362889e-05, 3.8559e+01, 1.1924e-01, 
 2DIAGNOSTIC,    18, -4.833977399041e-01, 1.432800077662e-05, 3.8678e+01, 1.1882e-01, 
 2DIAGNOSTIC,    19, -4.837265693720e-01, 2.271676063357e-05, 3.8840e+01, 1.6238e-01, 
 2DIAGNOSTIC,    20, -4.839846376486e-01, 4.019989540822e-05, 3.9150e+01, 3.0969e-01, 
 2DIAGNOSTIC,    21, -4.840239181371e-01, 5.403166486276e-05, 3.9277e+01, 1.2772e-01, 
 2DIAGNOSTIC,    22, -4.840100836300e-01, 6.179077128937e-05, 3.9437e+01, 1.5974e-01, 
 2DIAGNOSTIC,    23, -4.840356732468e-01, 6.515897967389e-05, 3.9579e+01, 1.4184e-01, 
 2DIAGNOSTIC,    24, -4.839934093133e-01, 5.699207416453e-05, 3.9693e+01, 1.1386e-01, 
 2DIAGNOSTIC,    25, -4.840299768787e-01, 4.735063513402e-05, 3.9833e+01, 1.4013e-01, 
 2DIAGNOSTIC,    26, -4.840396543694e-01, 3.468100263240e-05, 3.9965e+01, 1.3185e-01, 
 2DIAGNOSTIC,    27, -4.840254217098e-01, 2.136059375667e-05, 4.0081e+01, 1.1626e-01, 
 2DIAGNOSTIC,    28, -4.840605028090e-01, 9.211440743132e-06, 4.0226e+01, 1.4464e-01, 
 2DIAGNOSTIC,    29, -4.841011731132e-01, 4.503084874159e-06, 4.0372e+01, 1.4675e-01, 
 2DIAGNOSTIC,    30, -4.841663819851e-01, 6.099142368023e-06, 4.0515e+01, 1.4233e-01, 
 2DIAGNOSTIC,    31, -4.844433561822e-01, 1.311219060483e-05, 4.0665e+01, 1.5027e-01, 
 2DIAGNOSTIC,    32, -4.844245149958e-01, 1.780809328676e-05, 4.0836e+01, 1.7083e-01, 
 2DIAGNOSTIC,    33, -4.846476152717e-01, 2.517483620551e-05, 4.1036e+01, 1.9972e-01, 
 2DIAGNOSTIC,    34, -4.845600432234e-01, 2.748243615983e-05, 4.1157e+01, 1.2179e-01, 
 2DIAGNOSTIC,    35, -4.845665312835e-01, 2.790655293355e-05, 4.1277e+01, 1.1959e-01, 
 2DIAGNOSTIC,    36, -4.845999511972e-01, 2.643016700628e-05, 4.1397e+01, 1.2021e-01, 
 2DIAGNOSTIC,    37, -4.847266546028e-01, 2.434142142153e-05, 4.1546e+01, 1.4865e-01, 
 2DIAGNOSTIC,    38, -4.849162490702e-01, 2.357429197291e-05, 4.1755e+01, 2.0883e-01, 
 2DIAGNOSTIC,    39, -4.848725420680e-01, 2.061077924740e-05, 4.1874e+01, 1.1931e-01, 
 2DIAGNOSTIC,    40, -4.848823037880e-01, 1.702997452632e-05, 4.2022e+01, 1.4768e-01, 
 2DIAGNOSTIC,    41, -4.848905083521e-01, 1.621583038533e-05, 4.2136e+01, 1.1437e-01, 
 2DIAGNOSTIC,    42, -4.848545678902e-01, 1.304240113346e-05, 4.2255e+01, 1.1898e-01, 
 2DIAGNOSTIC,    43, -4.848395863823e-01, 1.170635181258e-05, 4.2382e+01, 1.2738e-01, 
 2DIAGNOSTIC,    44, -4.848495921198e-01, 8.377602886196e-06, 4.2552e+01, 1.6941e-01, 
 2DIAGNOSTIC,    45, -4.848571864389e-01, 4.683660506963e-06, 4.2667e+01, 1.1543e-01, 
 2DIAGNOSTIC,    46, -4.849854645855e-01, 2.808665616791e-06, 4.2835e+01, 1.6747e-01, 
DIAGNOSTIC,Iteration,metricValue,convergenceValue,ITERATION_TIME_INDEX,SINCE_LAST
 2DIAGNOSTIC,     1, -4.342397103787e-01, 1.797693134862e+308, 5.1742e+01, 8.9074e+00, 
 2DIAGNOSTIC,     2, -4.361442806520e-01, 1.797693134862e+308, 5.2319e+01, 5.7677e-01, 
 2DIAGNOSTIC,     3, -4.373491477775e-01, 1.797693134862e+308, 5.2873e+01, 5.5416e-01, 
 2DIAGNOSTIC,     4, -4.382399984465e-01, 1.797693134862e+308, 5.3419e+01, 5.4633e-01, 
 2DIAGNOSTIC,     5, -4.393832120895e-01, 1.797693134862e+308, 5.4031e+01, 6.1121e-01, 
 2DIAGNOSTIC,     6, -4.404703070935e-01, 1.797693134862e+308, 5.4705e+01, 6.7446e-01, 
 2DIAGNOSTIC,     7, -4.418430369027e-01, 1.797693134862e+308, 5.5378e+01, 6.7337e-01, 
 2DIAGNOSTIC,     8, -4.421059015326e-01, 1.797693134862e+308, 5.6378e+01, 9.9935e-01, 
 2DIAGNOSTIC,     9, -4.421471345414e-01, 1.797693134862e+308, 5.6935e+01, 5.5738e-01, 
 2DIAGNOSTIC,    10, -4.423095561239e-01, 1.200721375803e-03, 5.7481e+01, 5.4558e-01, 
 2DIAGNOSTIC,    11, -4.425531325866e-01, 8.833276249851e-04, 5.8041e+01, 5.6077e-01, 
 2DIAGNOSTIC,    12, -4.426294253209e-01, 6.448451317033e-04, 5.8629e+01, 5.8782e-01, 
 2DIAGNOSTIC,    13, -4.427577778416e-01, 4.514931789401e-04, 5.9326e+01, 6.9638e-01, 
 2DIAGNOSTIC,    14, -4.428127670834e-01, 2.888229846747e-04, 6.0121e+01, 7.9498e-01, 
 2DIAGNOSTIC,    15, -4.428559732033e-01, 1.722775099730e-04, 6.0738e+01, 6.1774e-01, 
 2DIAGNOSTIC,    16, -4.429048452936e-01, 9.899187415156e-05, 6.1414e+01, 6.7517e-01, 
 2DIAGNOSTIC,    17, -4.432071231497e-01, 8.869837436958e-05, 6.2332e+01, 9.1802e-01, 
 2DIAGNOSTIC,    18, -4.432578391641e-01, 8.257609854047e-05, 6.2894e+01, 5.6223e-01, 
 2DIAGNOSTIC,    19, -4.432643934231e-01, 7.126834252938e-05, 6.3473e+01, 5.7953e-01, 
 2DIAGNOSTIC,    20, -4.432734139088e-01, 6.016238693799e-05, 6.4150e+01, 6.7690e-01, 
 2DIAGNOSTIC,    21, -4.432870057039e-01, 5.251395797722e-05, 6.5441e+01, 1.2905e+00, 
 2DIAGNOSTIC,    22, -4.432883244686e-01, 4.284235897144e-05, 6.6258e+01, 8.1716e-01, 
 2DIAGNOSTIC,    23, -4.432916467450e-01, 3.377305466998e-05, 6.6873e+01, 6.1480e-01, 
 2DIAGNOSTIC,    24, -4.432927384898e-01, 2.404109067932e-05, 6.7474e+01, 6.0113e-01, 
 2DIAGNOSTIC,    25, -4.432967507206e-01, 1.424792380343e-05, 6.8065e+01, 5.9098e-01, 
 2DIAGNOSTIC,    26, -4.433008245732e-01, 5.096878000974e-06, 6.8654e+01, 5.8907e-01, 
 2DIAGNOSTIC,    27, -4.433052003113e-01, 3.536613331336e-06, 6.9230e+01, 5.7589e-01, 
 2DIAGNOSTIC,    28, -4.433093809377e-01, 3.128955215967e-06, 6.9824e+01, 5.9406e-01, 
 2DIAGNOSTIC,    29, -4.433134022077e-01, 2.793592873085e-06, 7.0657e+01, 8.3334e-01, 
 2DIAGNOSTIC,    30, -4.433161472813e-01, 2.564249715030e-06, 7.1712e+01, 1.0544e+00, 
 2DIAGNOSTIC,    31, -4.433165457482e-01, 2.497081286454e-06, 7.2553e+01, 8.4137e-01, 
 2DIAGNOSTIC,    32, -4.433165744906e-01, 2.321442712824e-06, 7.3332e+01, 7.7908e-01, 
 2DIAGNOSTIC,    33, -4.433165835813e-01, 2.096368731309e-06, 7.3913e+01, 5.8115e-01, 
 2DIAGNOSTIC,    34, -4.433166001207e-01, 1.796747161248e-06, 7.4491e+01, 5.7784e-01, 
 2DIAGNOSTIC,    35, -4.433166672717e-01, 1.506576516843e-06, 7.5066e+01, 5.7531e-01, 
 2DIAGNOSTIC,    36, -4.433169110720e-01, 1.252563321608e-06, 7.5655e+01, 5.8922e-01, 
 2DIAGNOSTIC,    37, -4.433174779252e-01, 1.062694495808e-06, 7.6246e+01, 5.9048e-01, 
DIAGNOSTIC,Iteration,metricValue,convergenceValue,ITERATION_TIME_INDEX,SINCE_LAST
 2DIAGNOSTIC,     1, -3.758364059946e-01, 1.797693134862e+308, 8.6350e+01, 1.0104e+01, 
  Elapsed time (stage 1): 8.8699e+01


Stage 2
  iterations = 100x100x70x50x0
  convergence threshold = 1.0000e-06
  convergence window size = 10
  number of levels = 5
  using the Mattes MI metric (number of bins = 32, weight = 1.0000e+00)
  preprocessing:  winsorizing the image intensities
  Shrink factors (level 1 out of 5): [10, 10, 4]
  Shrink factors (level 2 out of 5): [6, 6, 2]
  Shrink factors (level 3 out of 5): [4, 4, 2]
  Shrink factors (level 4 out of 5): [2, 2, 1]
  Shrink factors (level 5 out of 5): [1, 1, 1]
  smoothing sigmas per level: [5, 3, 2, 1, 0]
  Using default NONE metricSamplingStrategy 

*** Running SyN registration (varianceForUpdateField = 3.0000e+00, varianceForTotalField = 0.0000e+00) ***

XXDIAGNOSTIC,Iteration,metricValue,convergenceValue,ITERATION_TIME_INDEX,SINCE_LAST
 1DIAGNOSTIC,     1, -4.968259552736e-01, 1.797693134862e+308, 2.7776e+01, 2.7776e+01, 
 1DIAGNOSTIC,     2, -5.034653059110e-01, 1.797693134862e+308, 2.8174e+01, 3.9844e-01, 
 1DIAGNOSTIC,     3, -5.092592329440e-01, 1.797693134862e+308, 2.8551e+01, 3.7700e-01, 
 1DIAGNOSTIC,     4, -5.151399741266e-01, 1.797693134862e+308, 2.8840e+01, 2.8916e-01, 
 1DIAGNOSTIC,     5, -5.205401639433e-01, 1.797693134862e+308, 2.9129e+01, 2.8912e-01, 
 1DIAGNOSTIC,     6, -5.242702954888e-01, 1.797693134862e+308, 2.9407e+01, 2.7798e-01, 
 1DIAGNOSTIC,     7, -5.277313111593e-01, 1.797693134862e+308, 2.9682e+01, 2.7449e-01, 
 1DIAGNOSTIC,     8, -5.307141841822e-01, 1.797693134862e+308, 2.9958e+01, 2.7588e-01, 
 1DIAGNOSTIC,     9, -5.338110251343e-01, 1.797693134862e+308, 3.0236e+01, 2.7793e-01, 
 1DIAGNOSTIC,    10, -5.365821618945e-01, 4.804843046052e-03, 3.0513e+01, 2.7700e-01, 
 1DIAGNOSTIC,    11, -5.389342809971e-01, 3.855397728688e-03, 3.0793e+01, 2.8023e-01, 
 1DIAGNOSTIC,    12, -5.413660600814e-01, 3.130737092564e-03, 3.1073e+01, 2.8013e-01, 
 1DIAGNOSTIC,    13, -5.434757778354e-01, 2.563275362190e-03, 3.1375e+01, 3.0231e-01, 
 1DIAGNOSTIC,    14, -5.449305788870e-01, 2.125552989846e-03, 3.1662e+01, 2.8631e-01, 
 1DIAGNOSTIC,    15, -5.465573961116e-01, 1.804625869028e-03, 3.1951e+01, 2.8906e-01, 
 1DIAGNOSTIC,    16, -5.482720867372e-01, 1.540608720028e-03, 3.2240e+01, 2.8952e-01, 
 1DIAGNOSTIC,    17, -5.495107191124e-01, 1.313347878545e-03, 3.2536e+01, 2.9539e-01, 
 1DIAGNOSTIC,    18, -5.508108915483e-01, 1.116822983402e-03, 3.2831e+01, 2.9542e-01, 
 1DIAGNOSTIC,    19, -5.520453564268e-01, 9.589417863083e-04, 3.3131e+01, 2.9998e-01, 
 1DIAGNOSTIC,    20, -5.530059993227e-01, 8.268459658191e-04, 3.3424e+01, 2.9340e-01, 
 1DIAGNOSTIC,    21, -5.542060564996e-01, 7.196217802382e-04, 3.3718e+01, 2.9373e-01, 
 1DIAGNOSTIC,    22, -5.549239903997e-01, 6.303017454838e-04, 3.4010e+01, 2.9201e-01, 
 1DIAGNOSTIC,    23, -5.554199446077e-01, 5.499504391806e-04, 3.4304e+01, 2.9372e-01, 
 1DIAGNOSTIC,    24, -5.565816894000e-01, 4.823789049147e-04, 3.4603e+01, 2.9909e-01, 
 1DIAGNOSTIC,    25, -5.574231524204e-01, 4.263084244793e-04, 3.4891e+01, 2.8835e-01, 
 1DIAGNOSTIC,    26, -5.580978369677e-01, 3.826884608589e-04, 3.5186e+01, 2.9464e-01, 
 1DIAGNOSTIC,    27, -5.592548398482e-01, 3.529587002057e-04, 3.5482e+01, 2.9594e-01, 
 1DIAGNOSTIC,    28, -5.608476756284e-01, 3.460468246637e-04, 3.5777e+01, 2.9513e-01, 
 1DIAGNOSTIC,    29, -5.622386063482e-01, 3.537970853297e-04, 3.6073e+01, 2.9647e-01, 
 1DIAGNOSTIC,    30, -5.629950617549e-01, 3.570180102729e-04, 3.6370e+01, 2.9709e-01, 
 1DIAGNOSTIC,    31, -5.639600932706e-01, 3.630642558518e-04, 3.6669e+01, 2.9853e-01, 
 1DIAGNOSTIC,    32, -5.646278282908e-01, 3.569377745939e-04, 3.6968e+01, 2.9875e-01, 
 1DIAGNOSTIC,    33, -5.659921773667e-01, 3.462263077307e-04, 3.7271e+01, 3.0330e-01, 
 1DIAGNOSTIC,    34, -5.673232060830e-01, 3.409984577193e-04, 3.7570e+01, 2.9937e-01, 
 1DIAGNOSTIC,    35, -5.679287121245e-01, 3.251798808876e-04, 3.7867e+01, 2.9606e-01, 
 1DIAGNOSTIC,    36, -5.689439597881e-01, 3.040236056741e-04, 3.8162e+01, 2.9598e-01, 
 1DIAGNOSTIC,    37, -5.700974007111e-01, 2.871922137093e-04, 3.8461e+01, 2.9843e-01, 
 1DIAGNOSTIC,    38, -5.703872163272e-01, 2.690111103051e-04, 3.8760e+01, 2.9865e-01, 
 1DIAGNOSTIC,    39, -5.719364860728e-01, 2.652853131459e-04, 3.9060e+01, 3.0032e-01, 
 1DIAGNOSTIC,    40, -5.720947584509e-01, 2.479161831714e-04, 3.9355e+01, 2.9467e-01, 
 1DIAGNOSTIC,    41, -5.734337621297e-01, 2.371367690671e-04, 3.9650e+01, 2.9564e-01, 
 1DIAGNOSTIC,    42, -5.738888659272e-01, 2.175738376269e-04, 3.9947e+01, 2.9653e-01, 
 1DIAGNOSTIC,    43, -5.736432589793e-01, 1.914296030503e-04, 4.0254e+01, 3.0691e-01, 
 1DIAGNOSTIC,    44, -5.744173626251e-01, 1.732422975206e-04, 4.0550e+01, 2.9632e-01, 
 1DIAGNOSTIC,    45, -5.735627843564e-01, 1.360892861882e-04, 4.0845e+01, 2.9527e-01, 
 1DIAGNOSTIC,    46, -5.751912801774e-01, 1.172843196497e-04, 4.1140e+01, 2.9440e-01, 
 1DIAGNOSTIC,    47, -5.748151274283e-01, 9.620611402116e-05, 4.1437e+01, 2.9696e-01, 
 1DIAGNOSTIC,    48, -5.745618092371e-01, 6.724343284323e-05, 4.1732e+01, 2.9513e-01, 
 1DIAGNOSTIC,    49, -5.756280585018e-01, 6.097645916059e-05, 4.2029e+01, 2.9769e-01, 
 1DIAGNOSTIC,    50, -5.761410535054e-01, 5.535479145683e-05, 4.2323e+01, 2.9371e-01, 
 1DIAGNOSTIC,    51, -5.762537270127e-01, 5.900032240944e-05, 4.2618e+01, 2.9463e-01, 
 1DIAGNOSTIC,    52, -5.769504143956e-01, 6.849502771846e-05, 4.2915e+01, 2.9772e-01, 
 1DIAGNOSTIC,    53, -5.764426922169e-01, 6.369064428615e-05, 4.3208e+01, 2.9299e-01, 
 1DIAGNOSTIC,    54, -5.782056032912e-01, 7.747830256746e-05, 4.3504e+01, 2.9534e-01, 
 1DIAGNOSTIC,    55, -5.782162611303e-01, 7.446365261655e-05, 4.3799e+01, 2.9537e-01, 
 1DIAGNOSTIC,    56, -5.778188550970e-01, 7.599243531204e-05, 4.4095e+01, 2.9584e-01, 
 1DIAGNOSTIC,    57, -5.788000667110e-01, 7.616682909709e-05, 4.4396e+01, 3.0114e-01, 
 1DIAGNOSTIC,    58, -5.781467177165e-01, 6.060522815925e-05, 4.4695e+01, 2.9885e-01, 
 1DIAGNOSTIC,    59, -5.787163254780e-01, 5.391179455193e-05, 4.4992e+01, 2.9722e-01, 
 1DIAGNOSTIC,    60, -5.784044138367e-01, 4.388935625387e-05, 4.5293e+01, 3.0076e-01, 
 1DIAGNOSTIC,    61, -5.790292385284e-01, 3.628787465332e-05, 4.5581e+01, 2.8834e-01, 
 1DIAGNOSTIC,    62, -5.783273030320e-01, 2.555111364380e-05, 4.5867e+01, 2.8550e-01, 
 1DIAGNOSTIC,    63, -5.794165011074e-01, 1.721935983619e-05, 4.6199e+01, 3.3186e-01, 
 1DIAGNOSTIC,    64, -5.791117869903e-01, 1.894204914267e-05, 4.6511e+01, 3.1251e-01, 
 1DIAGNOSTIC,    65, -5.793560575219e-01, 2.101456576411e-05, 4.6799e+01, 2.8773e-01, 
 1DIAGNOSTIC,    66, -5.784756584681e-01, 1.101152746799e-05, 4.7133e+01, 3.3390e-01, 
 1DIAGNOSTIC,    67, -5.798174625244e-01, 1.827746072904e-05, 4.7522e+01, 3.8911e-01, 
 1DIAGNOSTIC,    68, -5.800120067726e-01, 1.966683624875e-05, 4.7827e+01, 3.0471e-01, 
 1DIAGNOSTIC,    69, -5.788493973851e-01, 1.481898735923e-05, 4.8118e+01, 2.9180e-01, 
 1DIAGNOSTIC,    70, -5.806736158621e-01, 2.003809355107e-05, 4.8414e+01, 2.9608e-01, 
 1DIAGNOSTIC,    71, -5.806070395578e-01, 2.701810166358e-05, 4.8706e+01, 2.9155e-01, 
 1DIAGNOSTIC,    72, -5.796267607928e-01, 1.908296397019e-05, 4.9001e+01, 2.9477e-01, 
 1DIAGNOSTIC,    73, -5.807654252159e-01, 2.537181079174e-05, 4.9290e+01, 2.8904e-01, 
 1DIAGNOSTIC,    74, -5.805807536744e-01, 2.553607201567e-05, 4.9579e+01, 2.8914e-01, 
 1DIAGNOSTIC,    75, -5.809942966578e-01, 2.785511147661e-05, 4.9868e+01, 2.8909e-01, 
 1DIAGNOSTIC,    76, -5.801836936040e-01, 1.586947072624e-05, 5.0156e+01, 2.8751e-01, 
 1DIAGNOSTIC,    77, -5.814635546511e-01, 2.023112791336e-05, 5.0445e+01, 2.8952e-01, 
 1DIAGNOSTIC,    78, -5.804983820166e-01, 1.757545818465e-05, 5.0740e+01, 2.9504e-01, 
 1DIAGNOSTIC,    79, -5.820498843478e-01, 1.554865151471e-05, 5.1032e+01, 2.9156e-01, 
 1DIAGNOSTIC,    80, -5.817517793190e-01, 2.155230215974e-05, 5.1325e+01, 2.9341e-01, 
 1DIAGNOSTIC,    81, -5.811892637922e-01, 2.180283828930e-05, 5.1619e+01, 2.9387e-01, 
 1DIAGNOSTIC,    82, -5.831982336042e-01, 2.627194400386e-05, 5.1917e+01, 2.9775e-01, 
 1DIAGNOSTIC,    83, -5.836295313706e-01, 3.726009978461e-05, 5.2212e+01, 2.9539e-01, 
 1DIAGNOSTIC,    84, -5.832290404869e-01, 4.079033639127e-05, 5.2508e+01, 2.9612e-01, 
 1DIAGNOSTIC,    85, -5.839409304790e-01, 4.743420780017e-05, 5.2804e+01, 2.9559e-01, 
 1DIAGNOSTIC,    86, -5.840516129734e-01, 4.505146126010e-05, 5.3100e+01, 2.9656e-01, 
 1DIAGNOSTIC,    87, -5.844229341259e-01, 4.799792293010e-05, 5.3397e+01, 2.9642e-01, 
 1DIAGNOSTIC,    88, -5.840789095383e-01, 3.839923146835e-05, 5.3694e+01, 2.9688e-01, 
 1DIAGNOSTIC,    89, -5.863467467952e-01, 4.722091533906e-05, 5.3994e+01, 3.0001e-01, 
 1DIAGNOSTIC,    90, -5.870585012232e-01, 5.347048960549e-05, 5.4294e+01, 3.0049e-01, 
 1DIAGNOSTIC,    91, -5.877190465702e-01, 5.463188929871e-05, 5.4596e+01, 3.0167e-01, 
 1DIAGNOSTIC,    92, -5.871395496121e-01, 5.840677682765e-05, 5.4896e+01, 3.0009e-01, 
 1DIAGNOSTIC,    93, -5.894136590522e-01, 7.137106154215e-05, 5.5192e+01, 2.9569e-01, 
 1DIAGNOSTIC,    94, -5.902629188691e-01, 7.896456582540e-05, 5.5486e+01, 2.9441e-01, 
 1DIAGNOSTIC,    95, -5.893047756472e-01, 7.731037766810e-05, 5.5779e+01, 2.9342e-01, 
 1DIAGNOSTIC,    96, -5.905459548653e-01, 7.574720496732e-05, 5.6074e+01, 2.9454e-01, 
 1DIAGNOSTIC,    97, -5.913508781870e-01, 7.306972268755e-05, 5.6367e+01, 2.9307e-01, 
 1DIAGNOSTIC,    98, -5.914151566732e-01, 6.142551434157e-05, 5.6664e+01, 2.9731e-01, 
 1DIAGNOSTIC,    99, -5.911679353790e-01, 5.426532038500e-05, 5.6958e+01, 2.9349e-01, 
 1DIAGNOSTIC,   100, -5.919925828429e-01, 4.992311187340e-05, 5.7255e+01, 2.9749e-01, 
XXDIAGNOSTIC,Iteration,metricValue,convergenceValue,ITERATION_TIME_INDEX,SINCE_LAST
 1DIAGNOSTIC,     1, -5.290322057264e-01, 1.797693134862e+308, 7.3637e+01, 1.6382e+01, 
 1DIAGNOSTIC,     2, -5.322389118114e-01, 1.797693134862e+308, 7.5151e+01, 1.5145e+00, 
 1DIAGNOSTIC,     3, -5.352189433701e-01, 1.797693134862e+308, 7.6537e+01, 1.3858e+00, 
 1DIAGNOSTIC,     4, -5.385740114953e-01, 1.797693134862e+308, 7.8059e+01, 1.5220e+00, 
 1DIAGNOSTIC,     5, -5.412309707363e-01, 1.797693134862e+308, 7.9594e+01, 1.5352e+00, 
 1DIAGNOSTIC,     6, -5.436655895598e-01, 1.797693134862e+308, 8.0938e+01, 1.3432e+00, 
 1DIAGNOSTIC,     7, -5.453642885799e-01, 1.797693134862e+308, 8.2397e+01, 1.4590e+00, 
 1DIAGNOSTIC,     8, -5.471550656883e-01, 1.797693134862e+308, 8.3735e+01, 1.3385e+00, 
 1DIAGNOSTIC,     9, -5.485665551221e-01, 1.797693134862e+308, 8.5061e+01, 1.3255e+00, 
 1DIAGNOSTIC,    10, -5.499375504214e-01, 2.478256613220e-03, 8.6392e+01, 1.3311e+00, 
 1DIAGNOSTIC,    11, -5.512750510511e-01, 2.002890698418e-03, 8.7720e+01, 1.3284e+00, 
 1DIAGNOSTIC,    12, -5.522311560402e-01, 1.608360801596e-03, 8.9026e+01, 1.3062e+00, 
 1DIAGNOSTIC,    13, -5.532775511417e-01, 1.290226385445e-03, 9.0366e+01, 1.3396e+00, 
 1DIAGNOSTIC,    14, -5.540660752941e-01, 1.053965370478e-03, 9.1697e+01, 1.3316e+00, 
 1DIAGNOSTIC,    15, -5.549546605918e-01, 8.753157621177e-04, 9.3021e+01, 1.3232e+00, 
 1DIAGNOSTIC,    16, -5.555315208267e-01, 7.362503480258e-04, 9.4387e+01, 1.3664e+00, 
 1DIAGNOSTIC,    17, -5.563784248238e-01, 6.232171314909e-04, 9.5716e+01, 1.3286e+00, 
 1DIAGNOSTIC,    18, -5.567505448452e-01, 5.271978447373e-04, 9.7174e+01, 1.4587e+00, 
 1DIAGNOSTIC,    19, -5.575256516285e-01, 4.519981699133e-04, 9.8508e+01, 1.3341e+00, 
 1DIAGNOSTIC,    20, -5.579343342515e-01, 3.879008159727e-04, 9.9905e+01, 1.3970e+00, 
 1DIAGNOSTIC,    21, -5.586018282087e-01, 3.431507180122e-04, 1.0131e+02, 1.4009e+00, 
 1DIAGNOSTIC,    22, -5.588751291534e-01, 2.989952311636e-04, 1.0266e+02, 1.3525e+00, 
 1DIAGNOSTIC,    23, -5.593564730900e-01, 2.650983023569e-04, 1.0404e+02, 1.3811e+00, 
 1DIAGNOSTIC,    24, -5.596138368129e-01, 2.314566911584e-04, 1.0537e+02, 1.3331e+00, 
 1DIAGNOSTIC,    25, -5.600547253168e-01, 2.062183760438e-04, 1.0694e+02, 1.5658e+00, 
 1DIAGNOSTIC,    26, -5.602514585097e-01, 1.785980566911e-04, 1.0829e+02, 1.3507e+00, 
 1DIAGNOSTIC,    27, -5.606278873995e-01, 1.597334938792e-04, 1.0968e+02, 1.3889e+00, 
 1DIAGNOSTIC,    28, -5.606788998768e-01, 1.347571651509e-04, 1.1098e+02, 1.3045e+00, 
 1DIAGNOSTIC,    29, -5.611859421860e-01, 1.216789844843e-04, 1.1231e+02, 1.3254e+00, 
 1DIAGNOSTIC,    30, -5.610467187895e-01, 1.022917396014e-04, 1.1368e+02, 1.3732e+00, 
 1DIAGNOSTIC,    31, -5.615865441468e-01, 9.474695113559e-05, 1.1511e+02, 1.4327e+00, 
 1DIAGNOSTIC,    32, -5.614401962392e-01, 8.053212937664e-05, 1.1643e+02, 1.3135e+00, 
 1DIAGNOSTIC,    33, -5.615911975761e-01, 6.958597808328e-05, 1.1774e+02, 1.3117e+00, 
 1DIAGNOSTIC,    34, -5.615451104771e-01, 5.583043412214e-05, 1.1916e+02, 1.4198e+00, 
 1DIAGNOSTIC,    35, -5.618630071872e-01, 4.877668838551e-05, 1.2058e+02, 1.4234e+00, 
 1DIAGNOSTIC,    36, -5.616370021319e-01, 3.691068994541e-05, 1.2192e+02, 1.3415e+00, 
 1DIAGNOSTIC,    37, -5.621216110784e-01, 3.437305405073e-05, 1.2325e+02, 1.3271e+00, 
 1DIAGNOSTIC,    38, -5.617166835782e-01, 2.372633739576e-05, 1.2456e+02, 1.3125e+00, 
 1DIAGNOSTIC,    39, -5.621932249074e-01, 2.465881922809e-05, 1.2586e+02, 1.2926e+00, 
 1DIAGNOSTIC,    40, -5.618815706006e-01, 1.711379441715e-05, 1.2720e+02, 1.3423e+00, 
 1DIAGNOSTIC,    41, -5.622582637873e-01, 2.001621749007e-05, 1.2857e+02, 1.3716e+00, 
 1DIAGNOSTIC,    42, -5.617781508958e-01, 1.315361562638e-05, 1.2987e+02, 1.2953e+00, 
 1DIAGNOSTIC,    43, -5.622823485709e-01, 1.344622472936e-05, 1.3119e+02, 1.3202e+00, 
 1DIAGNOSTIC,    44, -5.620164092351e-01, 8.610280644743e-06, 1.3249e+02, 1.3083e+00, 
 1DIAGNOSTIC,    45, -5.621732736829e-01, 8.792939201564e-06, 1.3380e+02, 1.3069e+00, 
 1DIAGNOSTIC,    46, -5.621473987395e-01, 5.239128953016e-06, 1.3512e+02, 1.3177e+00, 
 1DIAGNOSTIC,    47, -5.622167903464e-01, 7.600426254178e-06, 1.3644e+02, 1.3228e+00, 
 1DIAGNOSTIC,    48, -5.621920839713e-01, 4.444506490404e-06, 1.3775e+02, 1.3115e+00, 
 1DIAGNOSTIC,    49, -5.622875468498e-01, 7.117208961290e-06, 1.3905e+02, 1.2987e+00, 
 1DIAGNOSTIC,    50, -5.622920346022e-01, 5.801619054814e-06, 1.4049e+02, 1.4434e+00, 
 1DIAGNOSTIC,    51, -5.623967011231e-01, 9.024536431028e-06, 1.4182e+02, 1.3249e+00, 
 1DIAGNOSTIC,    52, -5.622803262222e-01, 5.284529418711e-06, 1.4313e+02, 1.3121e+00, 
 1DIAGNOSTIC,    53, -5.622934369171e-01, 6.356086073540e-06, 1.4444e+02, 1.3089e+00, 
 1DIAGNOSTIC,    54, -5.623280824566e-01, 4.598103974122e-06, 1.4586e+02, 1.4223e+00, 
 1DIAGNOSTIC,    55, -5.624088984791e-01, 4.704882978983e-06, 1.4718e+02, 1.3213e+00, 
 1DIAGNOSTIC,    56, -5.622977672200e-01, 3.128804673892e-06, 1.4864e+02, 1.4527e+00, 
 1DIAGNOSTIC,    57, -5.624943115882e-01, 3.817658739625e-06, 1.4995e+02, 1.3081e+00, 
 1DIAGNOSTIC,    58, -5.620887569070e-01, 3.264819235065e-07, 1.5125e+02, 1.3094e+00, 
XXDIAGNOSTIC,Iteration,metricValue,convergenceValue,ITERATION_TIME_INDEX,SINCE_LAST
 1DIAGNOSTIC,     1, -5.054187956895e-01, 1.797693134862e+308, 1.6274e+02, 1.1486e+01, 
 1DIAGNOSTIC,     2, -5.069859766143e-01, 1.797693134862e+308, 1.6574e+02, 3.0043e+00, 
 1DIAGNOSTIC,     3, -5.080834234041e-01, 1.797693134862e+308, 1.6877e+02, 3.0239e+00, 
 1DIAGNOSTIC,     4, -5.090049704289e-01, 1.797693134862e+308, 1.7168e+02, 2.9131e+00, 
 1DIAGNOSTIC,     5, -5.098341918459e-01, 1.797693134862e+308, 1.7465e+02, 2.9644e+00, 
 1DIAGNOSTIC,     6, -5.104917121089e-01, 1.797693134862e+308, 1.7749e+02, 2.8446e+00, 
 1DIAGNOSTIC,     7, -5.110364825077e-01, 1.797693134862e+308, 1.8047e+02, 2.9812e+00, 
 1DIAGNOSTIC,     8, -5.115258729609e-01, 1.797693134862e+308, 1.8350e+02, 3.0275e+00, 
 1DIAGNOSTIC,     9, -5.120239553206e-01, 1.797693134862e+308, 1.8652e+02, 3.0224e+00, 
 1DIAGNOSTIC,    10, -5.123880346460e-01, 8.309464873474e-04, 1.8933e+02, 2.8102e+00, 
 1DIAGNOSTIC,    11, -5.127557759322e-01, 6.377208189836e-04, 1.9218e+02, 2.8532e+00, 
 1DIAGNOSTIC,    12, -5.130867583990e-01, 5.072038458462e-04, 1.9504e+02, 2.8580e+00, 
 1DIAGNOSTIC,    13, -5.133309455837e-01, 4.080544282523e-04, 1.9797e+02, 2.9247e+00, 
 1DIAGNOSTIC,    14, -5.135204698707e-01, 3.298589583488e-04, 2.0092e+02, 2.9551e+00, 
 1DIAGNOSTIC,    15, -5.137521564601e-01, 2.711879593010e-04, 2.0382e+02, 2.8939e+00, 
 1DIAGNOSTIC,    16, -5.139080668159e-01, 2.231186718343e-04, 2.0691e+02, 3.0970e+00, 
 1DIAGNOSTIC,    17, -5.140560914522e-01, 1.827564620430e-04, 2.0988e+02, 2.9688e+00, 
 1DIAGNOSTIC,    18, -5.141287521211e-01, 1.472857089806e-04, 2.1295e+02, 3.0636e+00, 
 1DIAGNOSTIC,    19, -5.142383069538e-01, 1.197560677367e-04, 2.1598e+02, 3.0380e+00, 
 1DIAGNOSTIC,    20, -5.143875640890e-01, 9.806691473952e-05, 2.1899e+02, 3.0024e+00, 
 1DIAGNOSTIC,    21, -5.144718732093e-01, 8.117635260729e-05, 2.2202e+02, 3.0333e+00, 
 1DIAGNOSTIC,    22, -5.146506457344e-01, 7.117650459511e-05, 2.2518e+02, 3.1564e+00, 
 1DIAGNOSTIC,    23, -5.147092137782e-01, 6.273853962653e-05, 2.2809e+02, 2.9092e+00, 
 1DIAGNOSTIC,    24, -5.147859851907e-01, 5.534058190496e-05, 2.3097e+02, 2.8802e+00, 
 1DIAGNOSTIC,    25, -5.148463157953e-01, 4.987294895195e-05, 2.3403e+02, 3.0650e+00, 
 1DIAGNOSTIC,    26, -5.148922013874e-01, 4.447600161038e-05, 2.3727e+02, 3.2409e+00, 
 1DIAGNOSTIC,    27, -5.149167468573e-01, 3.892739058516e-05, 2.4024e+02, 2.9694e+00, 
 1DIAGNOSTIC,    28, -5.150221239832e-01, 3.372130679532e-05, 2.4318e+02, 2.9385e+00, 
 1DIAGNOSTIC,    29, -5.149369407286e-01, 2.618798944792e-05, 2.4616e+02, 2.9843e+00, 
 1DIAGNOSTIC,    30, -5.150564352992e-01, 2.181407615128e-05, 2.4919e+02, 3.0302e+00, 
 1DIAGNOSTIC,    31, -5.150448905175e-01, 1.693573658328e-05, 2.5211e+02, 2.9167e+00, 
 1DIAGNOSTIC,    32, -5.150898950256e-01, 1.472522204405e-05, 2.5496e+02, 2.8543e+00, 
 1DIAGNOSTIC,    33, -5.151687401904e-01, 1.362499347177e-05, 2.5824e+02, 3.2710e+00, 
 1DIAGNOSTIC,    34, -5.151880182104e-01, 1.291925202235e-05, 2.6112e+02, 2.8815e+00, 
 1DIAGNOSTIC,    35, -5.152567690471e-01, 1.316145880909e-05, 2.6407e+02, 2.9491e+00, 
 1DIAGNOSTIC,    36, -5.152428128523e-01, 1.269060911209e-05, 2.6723e+02, 3.1674e+00, 
 1DIAGNOSTIC,    37, -5.152552169563e-01, 1.165158906651e-05, 2.7012e+02, 2.8881e+00, 
 1DIAGNOSTIC,    38, -5.152726220439e-01, 1.146890910996e-05, 2.7314e+02, 3.0133e+00, 
 1DIAGNOSTIC,    39, -5.152720669059e-01, 9.004642318101e-06, 2.7632e+02, 3.1831e+00, 
 1DIAGNOSTIC,    40, -5.153620325528e-01, 8.801922996373e-06, 2.7918e+02, 2.8637e+00, 
 1DIAGNOSTIC,    41, -5.153557788328e-01, 7.572825071907e-06, 2.8228e+02, 3.1004e+00, 
 1DIAGNOSTIC,    42, -5.152974870952e-01, 5.580351702394e-06, 2.8525e+02, 2.9712e+00, 
 1DIAGNOSTIC,    43, -5.153347947382e-01, 4.751071702794e-06, 2.8823e+02, 2.9770e+00, 
 1DIAGNOSTIC,    44, -5.154080067575e-01, 4.686868420086e-06, 2.9114e+02, 2.9082e+00, 
 1DIAGNOSTIC,    45, -5.154708194964e-01, 5.824553148820e-06, 2.9412e+02, 2.9793e+00, 
 1DIAGNOSTIC,    46, -5.154342142534e-01, 5.809277568557e-06, 2.9722e+02, 3.1010e+00, 
 1DIAGNOSTIC,    47, -5.155578351819e-01, 6.963010048423e-06, 3.0016e+02, 2.9443e+00, 
 1DIAGNOSTIC,    48, -5.155669961969e-01, 7.742474380290e-06, 3.0331e+02, 3.1478e+00, 
 1DIAGNOSTIC,    49, -5.155626238266e-01, 7.704483516186e-06, 3.0648e+02, 3.1686e+00, 
 1DIAGNOSTIC,    50, -5.156040578052e-01, 8.458277411257e-06, 3.0933e+02, 2.8470e+00, 
 1DIAGNOSTIC,    51, -5.155965310087e-01, 8.306343288477e-06, 3.1229e+02, 2.9643e+00, 
 1DIAGNOSTIC,    52, -5.156602634673e-01, 7.475994412101e-06, 3.1535e+02, 3.0592e+00, 
 1DIAGNOSTIC,    53, -5.156348739477e-01, 6.103510023715e-06, 3.1834e+02, 2.9929e+00, 
 1DIAGNOSTIC,    54, -5.156861136492e-01, 5.538950025752e-06, 3.2135e+02, 3.0024e+00, 
 1DIAGNOSTIC,    55, -5.156413501232e-01, 4.714448851924e-06, 3.2430e+02, 2.9526e+00, 
 1DIAGNOSTIC,    56, -5.156989712809e-01, 3.707201881094e-06, 3.2732e+02, 3.0192e+00, 
 1DIAGNOSTIC,    57, -5.157599408460e-01, 4.205681200357e-06, 3.3037e+02, 3.0508e+00, 
 1DIAGNOSTIC,    58, -5.157347980273e-01, 4.171920370187e-06, 3.3355e+02, 3.1827e+00, 
 1DIAGNOSTIC,    59, -5.157548461167e-01, 3.952507581843e-06, 3.3671e+02, 3.1609e+00, 
 1DIAGNOSTIC,    60, -5.157581558630e-01, 3.834083502362e-06, 3.3957e+02, 2.8574e+00, 
 1DIAGNOSTIC,    61, -5.158331848597e-01, 3.990038260477e-06, 3.4238e+02, 2.8138e+00, 
 1DIAGNOSTIC,    62, -5.158268117472e-01, 4.298097389631e-06, 3.4522e+02, 2.8334e+00, 
 1DIAGNOSTIC,    63, -5.158362262769e-01, 4.093663170952e-06, 3.4804e+02, 2.8281e+00, 
 1DIAGNOSTIC,    64, -5.157962103703e-01, 3.678250302872e-06, 3.5088e+02, 2.8332e+00, 
 1DIAGNOSTIC,    65, -5.158772245428e-01, 3.272640320722e-06, 3.5371e+02, 2.8273e+00, 
 1DIAGNOSTIC,    66, -5.158740800726e-01, 3.020481094941e-06, 3.5673e+02, 3.0245e+00, 
 1DIAGNOSTIC,    67, -5.158845802463e-01, 3.130992111737e-06, 3.5955e+02, 2.8172e+00, 
 1DIAGNOSTIC,    68, -5.159353594523e-01, 3.204422907689e-06, 3.6243e+02, 2.8854e+00, 
 1DIAGNOSTIC,    69, -5.159452356444e-01, 3.249011163511e-06, 3.6532e+02, 2.8897e+00, 
 1DIAGNOSTIC,    70, -5.159263760426e-01, 2.878985607371e-06, 3.6823e+02, 2.9110e+00, 
XXDIAGNOSTIC,Iteration,metricValue,convergenceValue,ITERATION_TIME_INDEX,SINCE_LAST
 1DIAGNOSTIC,     1, -3.816023290703e-01, 1.797693134862e+308, 3.9853e+02, 3.0297e+01, 
 1DIAGNOSTIC,     2, -3.824559314260e-01, 1.797693134862e+308, 4.2013e+02, 2.1604e+01, 
 1DIAGNOSTIC,     3, -3.833975674393e-01, 1.797693134862e+308, 4.4324e+02, 2.3103e+01, 
 1DIAGNOSTIC,     4, -3.843143761523e-01, 1.797693134862e+308, 4.6511e+02, 2.1876e+01, 
 1DIAGNOSTIC,     5, -3.851427470326e-01, 1.797693134862e+308, 4.8770e+02, 2.2582e+01, 
 1DIAGNOSTIC,     6, -3.858892053300e-01, 1.797693134862e+308, 5.1113e+02, 2.3430e+01, 
 1DIAGNOSTIC,     7, -3.865670359796e-01, 1.797693134862e+308, 5.3394e+02, 2.2815e+01, 
 1DIAGNOSTIC,     8, -3.872441458790e-01, 1.797693134862e+308, 5.5735e+02, 2.3408e+01, 
 1DIAGNOSTIC,     9, -3.878407953114e-01, 1.797693134862e+308, 5.8075e+02, 2.3404e+01, 
 1DIAGNOSTIC,    10, -3.884071362315e-01, 1.138053175331e-03, 6.0415e+02, 2.3396e+01, 
 1DIAGNOSTIC,    11, -3.889308070949e-01, 9.690835436640e-04, 6.2742e+02, 2.3268e+01, 
 1DIAGNOSTIC,    12, -3.894437226482e-01, 8.246218720323e-04, 6.5134e+02, 2.3928e+01, 
 1DIAGNOSTIC,    13, -3.899361572620e-01, 7.084151042039e-04, 6.7489e+02, 2.3541e+01, 
 1DIAGNOSTIC,    14, -3.903937015657e-01, 6.160772939536e-04, 6.9892e+02, 2.4033e+01, 
 1DIAGNOSTIC,    15, -3.908196028269e-01, 5.408454067274e-04, 7.2371e+02, 2.4787e+01, 
 1DIAGNOSTIC,    16, -3.912178587578e-01, 4.776400471255e-04, 7.4814e+02, 2.4437e+01, 
 1DIAGNOSTIC,    17, -3.916103235394e-01, 4.237388037186e-04, 7.7238e+02, 2.4236e+01, 
 1DIAGNOSTIC,    18, -3.919852812132e-01, 3.792406793324e-04, 7.9624e+02, 2.3858e+01, 
 1DIAGNOSTIC,    19, -3.923326207747e-01, 3.404380613120e-04, 8.1984e+02, 2.3604e+01, 
 1DIAGNOSTIC,    20, -3.926635071679e-01, 3.065634543375e-04, 8.4278e+02, 2.2937e+01, 
 1DIAGNOSTIC,    21, -3.929753499331e-01, 2.763079613935e-04, 8.6734e+02, 2.4560e+01, 
 1DIAGNOSTIC,    22, -3.932684312257e-01, 2.496337612958e-04, 8.9054e+02, 2.3198e+01, 
 1DIAGNOSTIC,    23, -3.935620984685e-01, 2.267643432227e-04, 9.1521e+02, 2.4676e+01, 
 1DIAGNOSTIC,    24, -3.938301667767e-01, 2.065089934315e-04, 9.3825e+02, 2.3037e+01, 
 1DIAGNOSTIC,    25, -3.940954308959e-01, 1.885878132215e-04, 9.5987e+02, 2.1618e+01, 
 1DIAGNOSTIC,    26, -3.943507860260e-01, 1.725667541205e-04, 9.8192e+02, 2.2056e+01, 
 1DIAGNOSTIC,    27, -3.945873922071e-01, 1.583905712081e-04, 1.0052e+03, 2.3297e+01, 
 1DIAGNOSTIC,    28, -3.948215146477e-01, 1.460869155171e-04, 1.0284e+03, 2.3140e+01, 
 1DIAGNOSTIC,    29, -3.950365235693e-01, 1.349083286475e-04, 1.0513e+03, 2.2914e+01, 
 1DIAGNOSTIC,    30, -3.952484182554e-01, 1.248581681573e-04, 1.0739e+03, 2.2647e+01, 
 1DIAGNOSTIC,    31, -3.954699905659e-01, 1.161307463902e-04, 1.0972e+03, 2.3269e+01, 
 1DIAGNOSTIC,    32, -3.956662849139e-01, 1.080251983186e-04, 1.1198e+03, 2.2583e+01, 
 1DIAGNOSTIC,    33, -3.958526622876e-01, 1.007322206563e-04, 1.1412e+03, 2.1405e+01, 
 1DIAGNOSTIC,    34, -3.960535970711e-01, 9.432344051529e-05, 1.1624e+03, 2.1229e+01, 
 1DIAGNOSTIC,    35, -3.962608477954e-01, 8.910133909101e-05, 1.1843e+03, 2.1920e+01, 
 1DIAGNOSTIC,    36, -3.964427905787e-01, 8.449149579838e-05, 1.2073e+03, 2.2999e+01, 
 1DIAGNOSTIC,    37, -3.966159427324e-01, 8.012770842984e-05, 1.2285e+03, 2.1152e+01, 
 1DIAGNOSTIC,    38, -3.967849513511e-01, 7.607662178720e-05, 1.2501e+03, 2.1669e+01, 
 1DIAGNOSTIC,    39, -3.969390208132e-01, 7.184701370617e-05, 1.2716e+03, 2.1499e+01, 
 1DIAGNOSTIC,    40, -3.971115830802e-01, 6.793574243275e-05, 1.2938e+03, 2.2142e+01, 
 1DIAGNOSTIC,    41, -3.972573737655e-01, 6.422535158853e-05, 1.3154e+03, 2.1597e+01, 
 1DIAGNOSTIC,    42, -3.974174186332e-01, 6.073190079712e-05, 1.3372e+03, 2.1802e+01, 
 1DIAGNOSTIC,    43, -3.975765800775e-01, 5.742642413554e-05, 1.3604e+03, 2.3253e+01, 
 1DIAGNOSTIC,    44, -3.977317796274e-01, 5.463852324745e-05, 1.3834e+03, 2.2913e+01, 
 1DIAGNOSTIC,    45, -3.978861259882e-01, 5.257306289764e-05, 1.4058e+03, 2.2452e+01, 
 1DIAGNOSTIC,    46, -3.980393801631e-01, 5.085044822081e-05, 1.4282e+03, 2.2411e+01, 
 1DIAGNOSTIC,    47, -3.981505426332e-01, 4.871979916871e-05, 1.4504e+03, 2.2223e+01, 
 1DIAGNOSTIC,    48, -3.982852545980e-01, 4.661912404811e-05, 1.4736e+03, 2.3165e+01, 
 1DIAGNOSTIC,    49, -3.984007815531e-01, 4.411965531258e-05, 1.4955e+03, 2.1944e+01, 
 1DIAGNOSTIC,    50, -3.985272293566e-01, 4.183423270617e-05, 1.5182e+03, 2.2660e+01, 
  Elapsed time (stage 2): 1538


Total elapsed time: 1708
EXECUTING epi to T1 coregistration for subject 29336 using:
EPI:  /lustre/scratch/wbic-beta/ccn30/ENCRYPT/gridcellpilot/preprocessed_data/images/29336/topup_Run_1_split0000.nii
T1:  /lustre/scratch/wbic-beta/ccn30/ENCRYPT/gridcellpilot/raw_data/images/29336/20190903_U-ID46066/mp2rage/denoiseRn4mag0000_PSIR_skulled_std_struc_brain.nii
All_Command_lines_OK
Using double precision for computations.
=============================================================================
The composite transform comprises the following transforms (in order): 
  1. Center of mass alignment using fixed image: /lustre/scratch/wbic-beta/ccn30/ENCRYPT/gridcellpilot/preprocessed_data/images/29336/topup_Run_1_split0000.nii and moving image: /lustre/scratch/wbic-beta/ccn30/ENCRYPT/gridcellpilot/raw_data/images/29336/20190903_U-ID46066/mp2rage/denoiseRn4mag0000_PSIR_skulled_std_struc_brain.nii (type = Euler3DTransform)
=============================================================================
  number of levels = 4
  number of levels = 1
  fixed image: /lustre/scratch/wbic-beta/ccn30/ENCRYPT/gridcellpilot/preprocessed_data/images/29336/topup_Run_1_split0000.nii
  moving image: /lustre/scratch/wbic-beta/ccn30/ENCRYPT/gridcellpilot/raw_data/images/29336/20190903_U-ID46066/mp2rage/denoiseRn4mag0000_PSIR_skulled_std_struc_brain.nii
  fixed image: /lustre/scratch/wbic-beta/ccn30/ENCRYPT/gridcellpilot/preprocessed_data/images/29336/topup_Run_1_split0000.nii
  moving image: /lustre/scratch/wbic-beta/ccn30/ENCRYPT/gridcellpilot/raw_data/images/29336/20190903_U-ID46066/mp2rage/denoiseRn4mag0000_PSIR_skulled_std_struc_brain.nii
Dimension = 3
Number of stages = 2
Use Histogram Matching false
Winsorize image intensities true
Lower quantile = 0.005
Upper quantile = 0.995
Stage 1 State
   Image metric = Mattes
     Fixed image = Image (0x475b370)
  RTTI typeinfo:   itk::Image<double, 3u>
  Reference Count: 2
  Modified Time: 1689
  Debug: Off
  Object Name: 
  Observers: 
    none
  Source: (none)
  Source output name: (none)
  Release Data: Off
  Data Released: False
  Global Release Data: Off
  PipelineMTime: 0
  UpdateMTime: 1511
  RealTimeStamp: 0 seconds 
  LargestPossibleRegion: 
    Dimension: 3
    Index: [0, 0, 0]
    Size: [128, 128, 42]
  BufferedRegion: 
    Dimension: 3
    Index: [0, 0, 0]
    Size: [128, 128, 42]
  RequestedRegion: 
    Dimension: 3
    Index: [0, 0, 0]
    Size: [128, 128, 42]
  Spacing: [1.5, 1.5, 1]
  Origin: [-95.2449, 71.7234, 19.2675]
  Direction: 
1 0 0
0 -0.907044 -0.421036
0 -0.421036 0.907044

  IndexToPointMatrix: 
1.5 0 0
0 -1.36057 -0.421036
0 -0.631554 0.907044

  PointToIndexMatrix: 
0.666667 0 0
0 -0.604696 -0.280691
0 -0.421036 0.907044

  Inverse Direction: 
1 0 0
0 -0.907044 -0.421036
0 -0.421036 0.907044

  PixelContainer: 
    ImportImageContainer (0x4754300)
      RTTI typeinfo:   itk::ImportImageContainer<unsigned long, double>
      Reference Count: 1
      Modified Time: 1508
      Debug: Off
      Object Name: 
      Observers: 
        none
      Pointer: 0x4767e00
      Container manages memory: true
      Size: 688128
      Capacity: 688128

     Moving image = Image (0x475b080)
  RTTI typeinfo:   itk::Image<double, 3u>
  Reference Count: 2
  Modified Time: 1690
  Debug: Off
  Object Name: 
  Observers: 
    none
  Source: (none)
  Source output name: (none)
  Release Data: Off
  Data Released: False
  Global Release Data: Off
  PipelineMTime: 0
  UpdateMTime: 1687
  RealTimeStamp: 0 seconds 
  LargestPossibleRegion: 
    Dimension: 3
    Index: [0, 0, 0]
    Size: [224, 320, 320]
  BufferedRegion: 
    Dimension: 3
    Index: [0, 0, 0]
    Size: [224, 320, 320]
  RequestedRegion: 
    Dimension: 3
    Index: [0, 0, 0]
    Size: [224, 320, 320]
  Spacing: [0.699997, 0.7, 0.7]
  Origin: [-80.5294, 72.2492, -124.937]
  Direction: 
1 0 0
0 -1 0
0 0 1

  IndexToPointMatrix: 
0.699997 0 0
0 -0.7 0
0 0 0.7

  PointToIndexMatrix: 
1.42858 0 0
0 -1.42857 0
0 0 1.42857

  Inverse Direction: 
1 0 0
0 -1 0
0 0 1

  PixelContainer: 
    ImportImageContainer (0x47551a0)
      RTTI typeinfo:   itk::ImportImageContainer<unsigned long, double>
      Reference Count: 1
      Modified Time: 1684
      Debug: Off
      Object Name: 
      Observers: 
        none
      Pointer: 0x2adc46df1010
      Container manages memory: true
      Size: 22937600
      Capacity: 22937600

     Weighting = 1
     Sampling strategy = regular
     Number of bins = 32
     Radius = 4
     Sampling percentage  = 0.2
   Transform = Rigid
     Gradient step = 0.1
     Update field sigma (voxel space) = 0
     Total field sigma (voxel space) = 0
     Update field time sigma = 0
     Total field time sigma  = 0
     Number of time indices = 0
     Number of time point samples = 0
Stage 2 State
   Image metric = CC
     Fixed image = Image (0x475bfc0)
  RTTI typeinfo:   itk::Image<double, 3u>
  Reference Count: 2
  Modified Time: 2043
  Debug: Off
  Object Name: 
  Observers: 
    none
  Source: (none)
  Source output name: (none)
  Release Data: Off
  Data Released: False
  Global Release Data: Off
  PipelineMTime: 0
  UpdateMTime: 1865
  RealTimeStamp: 0 seconds 
  LargestPossibleRegion: 
    Dimension: 3
    Index: [0, 0, 0]
    Size: [128, 128, 42]
  BufferedRegion: 
    Dimension: 3
    Index: [0, 0, 0]
    Size: [128, 128, 42]
  RequestedRegion: 
    Dimension: 3
    Index: [0, 0, 0]
    Size: [128, 128, 42]
  Spacing: [1.5, 1.5, 1]
  Origin: [-95.2449, 71.7234, 19.2675]
  Direction: 
1 0 0
0 -0.907044 -0.421036
0 -0.421036 0.907044

  IndexToPointMatrix: 
1.5 0 0
0 -1.36057 -0.421036
0 -0.631554 0.907044

  PointToIndexMatrix: 
0.666667 0 0
0 -0.604696 -0.280691
0 -0.421036 0.907044

  Inverse Direction: 
1 0 0
0 -0.907044 -0.421036
0 -0.421036 0.907044

  PixelContainer: 
    ImportImageContainer (0x4cab0f0)
      RTTI typeinfo:   itk::ImportImageContainer<unsigned long, double>
      Reference Count: 1
      Modified Time: 1862
      Debug: Off
      Object Name: 
      Observers: 
        none
      Pointer: 0x4caca00
      Container manages memory: true
      Size: 688128
      Capacity: 688128

     Moving image = Image (0x4cab280)
  RTTI typeinfo:   itk::Image<double, 3u>
  Reference Count: 2
  Modified Time: 2044
  Debug: Off
  Object Name: 
  Observers: 
    none
  Source: (none)
  Source output name: (none)
  Release Data: Off
  Data Released: False
  Global Release Data: Off
  PipelineMTime: 0
  UpdateMTime: 2041
  RealTimeStamp: 0 seconds 
  LargestPossibleRegion: 
    Dimension: 3
    Index: [0, 0, 0]
    Size: [224, 320, 320]
  BufferedRegion: 
    Dimension: 3
    Index: [0, 0, 0]
    Size: [224, 320, 320]
  RequestedRegion: 
    Dimension: 3
    Index: [0, 0, 0]
    Size: [224, 320, 320]
  Spacing: [0.699997, 0.7, 0.7]
  Origin: [-80.5294, 72.2492, -124.937]
  Direction: 
1 0 0
0 -1 0
0 0 1

  IndexToPointMatrix: 
0.699997 0 0
0 -0.7 0
0 0 0.7

  PointToIndexMatrix: 
1.42858 0 0
0 -1.42857 0
0 0 1.42857

  Inverse Direction: 
1 0 0
0 -1 0
0 0 1

  PixelContainer: 
    ImportImageContainer (0x4759400)
      RTTI typeinfo:   itk::ImportImageContainer<unsigned long, double>
      Reference Count: 1
      Modified Time: 2038
      Debug: Off
      Object Name: 
      Observers: 
        none
      Pointer: 0x2adc51cf2010
      Container manages memory: true
      Size: 22937600
      Capacity: 22937600

     Weighting = 1
     Sampling strategy = none
     Number of bins = 32
     Radius = 4
     Sampling percentage  = 1
   Transform = SyN
     Gradient step = 0.1
     Update field sigma (voxel space) = 3
     Total field sigma (voxel space) = 0
     Update field time sigma = 0
     Total field time sigma  = 0
     Number of time indices = 0
     Number of time point samples = 0
Registration using 2 total stages.

Stage 0
  iterations = 1000x500x100x0
  convergence threshold = 1e-06
  convergence window size = 10
  number of levels = 4
  using the Mattes MI metric (number of bins = 32, weight = 1)
  preprocessing:  winsorizing the image intensities
  Shrink factors (level 1 out of 4): [5, 5, 8]
  Shrink factors (level 2 out of 4): [3, 3, 4]
  Shrink factors (level 3 out of 4): [1, 1, 2]
  Shrink factors (level 4 out of 4): [1, 1, 1]
  smoothing sigmas per level: [3, 2, 1, 0]
  regular sampling (percentage = 0.2)

*** Running Euler3DTransform registration ***

DIAGNOSTIC,Iteration,metricValue,convergenceValue,ITERATION_TIME_INDEX,SINCE_LAST
 2DIAGNOSTIC,     1, -6.624140310929e-01, 1.797693134862e+308, 6.5914e+00, 6.5914e+00, 
 2DIAGNOSTIC,     2, -6.678338327775e-01, 1.797693134862e+308, 6.6189e+00, 2.7465e-02, 
 2DIAGNOSTIC,     3, -6.761910371721e-01, 1.797693134862e+308, 6.6330e+00, 1.4093e-02, 
 2DIAGNOSTIC,     4, -6.823878373716e-01, 1.797693134862e+308, 6.6516e+00, 1.8618e-02, 
 2DIAGNOSTIC,     5, -6.861069976505e-01, 1.797693134862e+308, 6.6773e+00, 2.5700e-02, 
 2DIAGNOSTIC,     6, -6.945025754771e-01, 1.797693134862e+308, 6.6971e+00, 1.9794e-02, 
 2DIAGNOSTIC,     7, -6.952542196103e-01, 1.797693134862e+308, 6.7159e+00, 1.8845e-02, 
 2DIAGNOSTIC,     8, -6.958431841589e-01, 1.797693134862e+308, 6.7282e+00, 1.2328e-02, 
 2DIAGNOSTIC,     9, -6.961543233844e-01, 1.797693134862e+308, 6.7452e+00, 1.6965e-02, 
 2DIAGNOSTIC,    10, -6.969293908070e-01, 3.339269892007e-03, 6.7701e+00, 2.4894e-02, 
 2DIAGNOSTIC,    11, -6.972856883134e-01, 2.332912559210e-03, 6.7927e+00, 2.2594e-02, 
 2DIAGNOSTIC,    12, -6.975653536863e-01, 1.479353637969e-03, 6.8113e+00, 1.8578e-02, 
 2DIAGNOSTIC,    13, -6.976923349240e-01, 8.952242140714e-04, 6.8331e+00, 2.1864e-02, 
 2DIAGNOSTIC,    14, -6.981318721361e-01, 5.102189017106e-04, 6.8612e+00, 2.8072e-02, 
 2DIAGNOSTIC,    15, -6.983786093015e-01, 2.331292903401e-04, 6.8854e+00, 2.4203e-02, 
 2DIAGNOSTIC,    16, -6.984864466563e-01, 1.883249259651e-04, 6.9078e+00, 2.2364e-02, 
 2DIAGNOSTIC,    17, -6.984978055569e-01, 1.501843556431e-04, 6.9265e+00, 1.8682e-02, 
 2DIAGNOSTIC,    18, -6.985126534346e-01, 1.165796011553e-04, 6.9467e+00, 2.0250e-02, 
 2DIAGNOSTIC,    19, -6.985371251032e-01, 8.272950052358e-05, 6.9725e+00, 2.5813e-02, 
 2DIAGNOSTIC,    20, -6.985723200439e-01, 6.118287740669e-05, 6.9987e+00, 2.6206e-02, 
 2DIAGNOSTIC,    21, -6.985723633800e-01, 4.307795135663e-05, 7.0223e+00, 2.3583e-02, 
 2DIAGNOSTIC,    22, -6.985729504062e-01, 2.809408993801e-05, 7.0460e+00, 2.3720e-02, 
 2DIAGNOSTIC,    23, -6.985730579248e-01, 1.406312658479e-05, 7.0645e+00, 1.8505e-02, 
 2DIAGNOSTIC,    24, -6.985732627840e-01, 7.433630933626e-06, 7.0824e+00, 1.7850e-02, 
 2DIAGNOSTIC,    25, -6.985741383913e-01, 4.771881519705e-06, 7.1006e+00, 1.8204e-02, 
 2DIAGNOSTIC,    26, -6.985763962266e-01, 3.725616429105e-06, 7.1162e+00, 1.5614e-02, 
 2DIAGNOSTIC,    27, -6.985817549094e-01, 2.782202308232e-06, 7.1453e+00, 2.9131e-02, 
 2DIAGNOSTIC,    28, -6.985821191649e-01, 1.973027171032e-06, 7.1636e+00, 1.8272e-02, 
 2DIAGNOSTIC,    29, -6.985824694465e-01, 1.479418094218e-06, 7.1811e+00, 1.7495e-02, 
 2DIAGNOSTIC,    30, -6.985826026044e-01, 1.466598101789e-06, 7.2290e+00, 4.7885e-02, 
 2DIAGNOSTIC,    31, -6.985826026232e-01, 1.416501093109e-06, 7.3159e+00, 8.6929e-02, 
 2DIAGNOSTIC,    32, -6.985826026232e-01, 1.339682055602e-06, 7.3623e+00, 4.6398e-02, 
 2DIAGNOSTIC,    33, -6.985826026232e-01, 1.236881420986e-06, 7.3839e+00, 2.1561e-02, 
 2DIAGNOSTIC,    34, -6.985826026232e-01, 1.118248396402e-06, 7.4143e+00, 3.0464e-02, 
DIAGNOSTIC,Iteration,metricValue,convergenceValue,ITERATION_TIME_INDEX,SINCE_LAST
 2DIAGNOSTIC,     1, -4.482506686139e-01, 1.797693134862e+308, 1.2054e+01, 4.6394e+00, 
 2DIAGNOSTIC,     2, -4.490911484758e-01, 1.797693134862e+308, 1.2079e+01, 2.5165e-02, 
 2DIAGNOSTIC,     3, -4.501806692094e-01, 1.797693134862e+308, 1.2105e+01, 2.5720e-02, 
 2DIAGNOSTIC,     4, -4.519425445532e-01, 1.797693134862e+308, 1.2131e+01, 2.6698e-02, 
 2DIAGNOSTIC,     5, -4.571012441280e-01, 1.797693134862e+308, 1.2159e+01, 2.7577e-02, 
 2DIAGNOSTIC,     6, -4.874036959253e-01, 1.797693134862e+308, 1.2185e+01, 2.6582e-02, 
 2DIAGNOSTIC,     7, -5.393829835474e-01, 1.797693134862e+308, 1.2219e+01, 3.3915e-02, 
 2DIAGNOSTIC,     8, -6.115917008544e-01, 1.797693134862e+308, 1.2258e+01, 3.8694e-02, 
 2DIAGNOSTIC,     9, -6.162029567921e-01, 1.797693134862e+308, 1.2308e+01, 4.9985e-02, 
 2DIAGNOSTIC,    10, -6.170132807996e-01, 2.626824807835e-02, 1.2377e+01, 6.8853e-02, 
 2DIAGNOSTIC,    11, -6.175125110374e-01, 2.524033208487e-02, 1.2406e+01, 2.9460e-02, 
 2DIAGNOSTIC,    12, -6.183604214023e-01, 2.220544913854e-02, 1.2445e+01, 3.8158e-02, 
 2DIAGNOSTIC,    13, -6.185983038936e-01, 1.774428809125e-02, 1.2476e+01, 3.1064e-02, 
 2DIAGNOSTIC,    14, -6.190922542487e-01, 1.252569698783e-02, 1.2511e+01, 3.5771e-02, 
 2DIAGNOSTIC,    15, -6.199770395905e-01, 7.199858051465e-03, 1.2552e+01, 4.0289e-02, 
 2DIAGNOSTIC,    16, -6.222531928076e-01, 2.994220218410e-03, 1.2602e+01, 5.0185e-02, 
 2DIAGNOSTIC,    17, -6.234150319825e-01, 6.014663725950e-04, 1.2655e+01, 5.3022e-02, 
 2DIAGNOSTIC,    18, -6.235497082804e-01, 4.836956800823e-04, 1.2690e+01, 3.5102e-02, 
 2DIAGNOSTIC,    19, -6.236733732161e-01, 4.616766859288e-04, 1.2735e+01, 4.5420e-02, 
 2DIAGNOSTIC,    20, -6.237899600376e-01, 4.225917810352e-04, 1.2771e+01, 3.5354e-02, 
 2DIAGNOSTIC,    21, -6.241739657065e-01, 3.681327627823e-04, 1.2809e+01, 3.8000e-02, 
 2DIAGNOSTIC,    22, -6.244513650312e-01, 3.098968822996e-04, 1.2863e+01, 5.4627e-02, 
 2DIAGNOSTIC,    23, -6.244808747367e-01, 2.347252271423e-04, 1.2897e+01, 3.3471e-02, 
 2DIAGNOSTIC,    24, -6.247098269052e-01, 1.599522183908e-04, 1.2945e+01, 4.8021e-02, 
 2DIAGNOSTIC,    25, -6.247899942362e-01, 9.469483923781e-05, 1.2986e+01, 4.0663e-02, 
 2DIAGNOSTIC,    26, -6.248588508045e-01, 6.958012644375e-05, 1.3024e+01, 3.8104e-02, 
 2DIAGNOSTIC,    27, -6.251447026491e-01, 6.616735848678e-05, 1.3071e+01, 4.7089e-02, 
 2DIAGNOSTIC,    28, -6.251962856250e-01, 6.007541327568e-05, 1.3147e+01, 7.6323e-02, 
 2DIAGNOSTIC,    29, -6.252172298264e-01, 5.138811304559e-05, 1.3195e+01, 4.7929e-02, 
 2DIAGNOSTIC,    30, -6.253577170812e-01, 4.265483479245e-05, 1.3232e+01, 3.6776e-02, 
 2DIAGNOSTIC,    31, -6.256005287654e-01, 4.023465114036e-05, 1.3277e+01, 4.5247e-02, 
 2DIAGNOSTIC,    32, -6.256823688360e-01, 3.958827371488e-05, 1.3335e+01, 5.8106e-02, 
 2DIAGNOSTIC,    33, -6.256709472801e-01, 3.554679020765e-05, 1.3396e+01, 6.0744e-02, 
 2DIAGNOSTIC,    34, -6.256747100715e-01, 3.188199533133e-05, 1.3464e+01, 6.7759e-02, 
 2DIAGNOSTIC,    35, -6.256747418132e-01, 2.660907447993e-05, 1.3535e+01, 7.1770e-02, 
 2DIAGNOSTIC,    36, -6.256747418682e-01, 1.996320007041e-05, 1.3637e+01, 1.0134e-01, 
 2DIAGNOSTIC,    37, -6.256747418682e-01, 1.557138437034e-05, 1.3699e+01, 6.2057e-02, 
 2DIAGNOSTIC,    38, -6.256747418682e-01, 1.073893586316e-05, 1.3745e+01, 4.6499e-02, 
 2DIAGNOSTIC,    39, -6.256747418682e-01, 5.487648312243e-06, 1.3784e+01, 3.9039e-02, 
 2DIAGNOSTIC,    40, -6.256747418682e-01, 1.671863415452e-06, 1.3830e+01, 4.6104e-02, 
DIAGNOSTIC,Iteration,metricValue,convergenceValue,ITERATION_TIME_INDEX,SINCE_LAST
 2DIAGNOSTIC,     1, -5.019704410780e-01, 1.797693134862e+308, 1.7150e+01, 3.3194e+00, 
 2DIAGNOSTIC,     2, -5.031951907748e-01, 1.797693134862e+308, 1.7431e+01, 2.8133e-01, 
 2DIAGNOSTIC,     3, -5.049486076152e-01, 1.797693134862e+308, 1.7697e+01, 2.6583e-01, 
 2DIAGNOSTIC,     4, -5.077513297450e-01, 1.797693134862e+308, 1.7985e+01, 2.8760e-01, 
 2DIAGNOSTIC,     5, -5.092227427807e-01, 1.797693134862e+308, 1.8251e+01, 2.6667e-01, 
 2DIAGNOSTIC,     6, -5.104634154408e-01, 1.797693134862e+308, 1.8512e+01, 2.6075e-01, 
 2DIAGNOSTIC,     7, -5.139479167718e-01, 1.797693134862e+308, 1.9023e+01, 5.1126e-01, 
 2DIAGNOSTIC,     8, -5.141925941295e-01, 1.797693134862e+308, 1.9284e+01, 2.6059e-01, 
 2DIAGNOSTIC,     9, -5.147183309575e-01, 1.797693134862e+308, 1.9543e+01, 2.5926e-01, 
 2DIAGNOSTIC,    10, -5.149237368706e-01, 1.822015071884e-03, 1.9814e+01, 2.7073e-01, 
 2DIAGNOSTIC,    11, -5.149848093269e-01, 1.436103713514e-03, 2.0085e+01, 2.7140e-01, 
 2DIAGNOSTIC,    12, -5.151385950454e-01, 1.048412766334e-03, 2.0454e+01, 3.6846e-01, 
 2DIAGNOSTIC,    13, -5.151899154244e-01, 7.011020311825e-04, 2.0834e+01, 3.8021e-01, 
 2DIAGNOSTIC,    14, -5.152165987119e-01, 4.535693845876e-04, 2.1162e+01, 3.2857e-01, 
 2DIAGNOSTIC,    15, -5.152584531832e-01, 2.544379126899e-04, 2.1482e+01, 3.1939e-01, 
 2DIAGNOSTIC,    16, -5.152828496992e-01, 9.801406693520e-05, 2.1810e+01, 3.2792e-01, 
 2DIAGNOSTIC,    17, -5.153080236823e-01, 6.590844951483e-05, 2.2217e+01, 4.0761e-01, 
 2DIAGNOSTIC,    18, -5.153255152351e-01, 3.916670671412e-05, 2.2503e+01, 2.8576e-01, 
 2DIAGNOSTIC,    19, -5.154813071606e-01, 3.160031500401e-05, 2.2822e+01, 3.1903e-01, 
 2DIAGNOSTIC,    20, -5.155485668122e-01, 2.947253680623e-05, 2.3215e+01, 3.9305e-01, 
 2DIAGNOSTIC,    21, -5.155597946587e-01, 2.676197176565e-05, 2.3542e+01, 3.2708e-01, 
 2DIAGNOSTIC,    22, -5.155847349633e-01, 2.649660320467e-05, 2.3831e+01, 2.8853e-01, 
 2DIAGNOSTIC,    23, -5.156019072165e-01, 2.555458396938e-05, 2.4100e+01, 2.6964e-01, 
 2DIAGNOSTIC,    24, -5.156187056889e-01, 2.335102368015e-05, 2.4491e+01, 3.9091e-01, 
 2DIAGNOSTIC,    25, -5.156204949962e-01, 2.018597689946e-05, 2.4740e+01, 2.4844e-01, 
 2DIAGNOSTIC,    26, -5.156227382913e-01, 1.609612471602e-05, 2.5265e+01, 5.2532e-01, 
 2DIAGNOSTIC,    27, -5.156227440552e-01, 1.147164399985e-05, 2.6352e+01, 1.0869e+00, 
 2DIAGNOSTIC,    28, -5.156227440552e-01, 6.478200384977e-06, 2.6891e+01, 5.3906e-01, 
 2DIAGNOSTIC,    29, -5.156227440552e-01, 4.268061201185e-06, 2.7213e+01, 3.2169e-01, 
 2DIAGNOSTIC,    30, -5.156227440552e-01, 3.150380482903e-06, 2.7489e+01, 2.7658e-01, 
 2DIAGNOSTIC,    31, -5.156227440552e-01, 2.103172785275e-06, 2.7764e+01, 2.7502e-01, 
 2DIAGNOSTIC,    32, -5.156227440552e-01, 1.446645186434e-06, 2.8038e+01, 2.7357e-01, 
 2DIAGNOSTIC,    33, -5.156227440552e-01, 1.068322032151e-06, 2.8305e+01, 2.6670e-01, 
DIAGNOSTIC,Iteration,metricValue,convergenceValue,ITERATION_TIME_INDEX,SINCE_LAST
 2DIAGNOSTIC,     1, -4.622604869751e-01, 1.797693134862e+308, 3.0442e+01, 2.1373e+00, 
  Elapsed time (stage 0): 3.1413e+01


Stage 1
  iterations = 10
  convergence threshold = 1.0000e-06
  convergence window size = 10
  number of levels = 1
  using the CC metric (radius = 4, weight = 1.0000e+00)
  preprocessing:  winsorizing the image intensities
  Shrink factors (level 1 out of 1): [1, 1, 1]
  smoothing sigmas per level: [0]
  Using default NONE metricSamplingStrategy 

*** Running SyN registration (varianceForUpdateField = 3.0000e+00, varianceForTotalField = 0.0000e+00) ***

XXDIAGNOSTIC,Iteration,metricValue,convergenceValue,ITERATION_TIME_INDEX,SINCE_LAST
 1DIAGNOSTIC,     1, -6.086821194723e-01, 1.797693134862e+308, 3.0301e+01, 3.0301e+01, 
 1DIAGNOSTIC,     2, -6.097702137231e-01, 1.797693134862e+308, 5.9379e+01, 2.9078e+01, 
 1DIAGNOSTIC,     3, -6.107341762281e-01, 1.797693134862e+308, 8.8551e+01, 2.9172e+01, 
 1DIAGNOSTIC,     4, -6.116741543826e-01, 1.797693134862e+308, 1.1771e+02, 2.9163e+01, 
 1DIAGNOSTIC,     5, -6.125709595455e-01, 1.797693134862e+308, 1.4677e+02, 2.9052e+01, 
 1DIAGNOSTIC,     6, -6.133219922047e-01, 1.797693134862e+308, 1.7569e+02, 2.8924e+01, 
 1DIAGNOSTIC,     7, -6.141898060690e-01, 1.797693134862e+308, 2.0430e+02, 2.8613e+01, 
 1DIAGNOSTIC,     8, -6.149574118726e-01, 1.797693134862e+308, 2.3290e+02, 2.8602e+01, 
 1DIAGNOSTIC,     9, -6.157560986698e-01, 1.797693134862e+308, 2.6166e+02, 2.8760e+01, 
 1DIAGNOSTIC,    10, -6.165017152021e-01, 8.060984911265e-04, 2.9077e+02, 2.9101e+01, 
  Elapsed time (stage 1): 292


Total elapsed time: 323.4
>> EPI_REG OK: subject 29336/run 
mkdir: cannot create directory ‘/lustre/scratch/wbic-beta/ccn30/ENCRYPT/gridcellpilot/preprocessed_data/segmentation/29336/epimasks’: File exists
Making EPI Mask directory
/lustre/scratch/wbic-beta/ccn30/ENCRYPT/gridcellpilot/scripts/coregistration/coreg_all.sh: line 97: -i: command not found
/lustre/scratch/wbic-beta/ccn30/ENCRYPT/gridcellpilot/scripts/coregistration/coreg_all.sh: line 109: -i: command not found
/lustre/scratch/wbic-beta/ccn30/ENCRYPT/gridcellpilot/scripts/coregistration/coreg_all.sh: line 122: -i: command not found
/lustre/scratch/wbic-beta/ccn30/ENCRYPT/gridcellpilot/scripts/coregistration/coreg_all.sh: line 132: -i: command not found
