Changed directory to /lustre/scratch/wbic-beta/ccn30/ENCRYPT/gridcellpilot/scripts/coregistration/slurmoutputs.

JobID: 4099811
======
Time: Tue Oct 22 18:35:23 BST 2019
Running on master node: wbic-cs-2
Current directory: /lustre/scratch/wbic-beta/ccn30/ENCRYPT/gridcellpilot/scripts/coregistration/slurmoutputs

Nodes allocated:
================
wbic-cs-2

numtasks=, numnodes=1, mpi_tasks_per_node=2 (OMP_NUM_THREADS=1)

Executing command:
==================
/lustre/scratch/wbic-beta/ccn30/ENCRYPT/gridcellpilot/scripts/coregistration/coreg_all.sh /lustre/scratch/wbic-beta/ccn30/ENCRYPT/gridcellpilot 28428/20190903_U-ID46074

28428
/lustre/scratch/wbic-beta/ccn30/ENCRYPT/gridcellpilot/preprocessed_data/segmentation/28428
mkdir: cannot create directory ‘/lustre/scratch/wbic-beta/ccn30/ENCRYPT/gridcellpilot/preprocessed_data/segmentation/28428/coregistration’: File exists
Making coregistration directory...
/lustre/scratch/wbic-beta/ccn30/ENCRYPT/gridcellpilot/preprocessed_data/segmentation/28428/coregistration
EXECUTING t2 to t1 coreg:  28428

--------------------------------------------------------------------------------------
 Mapping parameters
--------------------------------------------------------------------------------------
 ANTSPATH is /applications/ANTS/2.2.0/bin/

 Dimensionality:           3
 Output name prefix:       /lustre/scratch/wbic-beta/ccn30/ENCRYPT/gridcellpilot/preprocessed_data/segmentation/28428/coregistration/T1toT2_ANTS_
 Fixed images:             /lustre/scratch/wbic-beta/ccn30/ENCRYPT/gridcellpilot/raw_data/images/28428/20190903_U-ID46074/Series_033_Highresolution_TSE_PAT2_100/N4Series_033_Highresolution_TSE_PAT2_100_c32.nii
 Moving images:            /lustre/scratch/wbic-beta/ccn30/ENCRYPT/gridcellpilot/raw_data/images/28428/20190903_U-ID46074/mp2rage/reorientn4mag0000_PSIR_skulled_std.nii
 Number of threads:        1
 Spline distance:          26
 Transform type:           s
 MI histogram bins:        32
 Precision:                d
 Use histogram matching    0
======================================================================================
 antsRegistration call:
--------------------------------------------------------------------------------------
/applications/ANTS/2.2.0/bin//antsRegistration --verbose 1 --dimensionality 3 --float 0 --output [/lustre/scratch/wbic-beta/ccn30/ENCRYPT/gridcellpilot/preprocessed_data/segmentation/28428/coregistration/T1toT2_ANTS_,/lustre/scratch/wbic-beta/ccn30/ENCRYPT/gridcellpilot/preprocessed_data/segmentation/28428/coregistration/T1toT2_ANTS_Warped.nii.gz,/lustre/scratch/wbic-beta/ccn30/ENCRYPT/gridcellpilot/preprocessed_data/segmentation/28428/coregistration/T1toT2_ANTS_InverseWarped.nii.gz] --interpolation Linear --use-histogram-matching 0 --winsorize-image-intensities [0.005,0.995] --initial-moving-transform [/lustre/scratch/wbic-beta/ccn30/ENCRYPT/gridcellpilot/raw_data/images/28428/20190903_U-ID46074/Series_033_Highresolution_TSE_PAT2_100/N4Series_033_Highresolution_TSE_PAT2_100_c32.nii,/lustre/scratch/wbic-beta/ccn30/ENCRYPT/gridcellpilot/raw_data/images/28428/20190903_U-ID46074/mp2rage/reorientn4mag0000_PSIR_skulled_std.nii,1] --transform Rigid[0.1] --metric MI[/lustre/scratch/wbic-beta/ccn30/ENCRYPT/gridcellpilot/raw_data/images/28428/20190903_U-ID46074/Series_033_Highresolution_TSE_PAT2_100/N4Series_033_Highresolution_TSE_PAT2_100_c32.nii,/lustre/scratch/wbic-beta/ccn30/ENCRYPT/gridcellpilot/raw_data/images/28428/20190903_U-ID46074/mp2rage/reorientn4mag0000_PSIR_skulled_std.nii,1,32,Regular,0.25] --convergence [1000x500x250x0,1e-6,10] --shrink-factors 12x8x4x2 --smoothing-sigmas 4x3x2x1vox --transform Affine[0.1] --metric MI[/lustre/scratch/wbic-beta/ccn30/ENCRYPT/gridcellpilot/raw_data/images/28428/20190903_U-ID46074/Series_033_Highresolution_TSE_PAT2_100/N4Series_033_Highresolution_TSE_PAT2_100_c32.nii,/lustre/scratch/wbic-beta/ccn30/ENCRYPT/gridcellpilot/raw_data/images/28428/20190903_U-ID46074/mp2rage/reorientn4mag0000_PSIR_skulled_std.nii,1,32,Regular,0.25] --convergence [1000x500x250x0,1e-6,10] --shrink-factors 12x8x4x2 --smoothing-sigmas 4x3x2x1vox --transform SyN[0.1,3,0] --metric MI[/lustre/scratch/wbic-beta/ccn30/ENCRYPT/gridcellpilot/raw_data/images/28428/20190903_U-ID46074/Series_033_Highresolution_TSE_PAT2_100/N4Series_033_Highresolution_TSE_PAT2_100_c32.nii,/lustre/scratch/wbic-beta/ccn30/ENCRYPT/gridcellpilot/raw_data/images/28428/20190903_U-ID46074/mp2rage/reorientn4mag0000_PSIR_skulled_std.nii,1,32] --convergence [100x100x70x50x0,1e-6,10] --shrink-factors 10x6x4x2x1 --smoothing-sigmas 5x3x2x1x0vox
--------------------------------------------------------------------------------------
All_Command_lines_OK
Using double precision for computations.
=============================================================================
The composite transform comprises the following transforms (in order): 
  1. Center of mass alignment using fixed image: /lustre/scratch/wbic-beta/ccn30/ENCRYPT/gridcellpilot/raw_data/images/28428/20190903_U-ID46074/Series_033_Highresolution_TSE_PAT2_100/N4Series_033_Highresolution_TSE_PAT2_100_c32.nii and moving image: /lustre/scratch/wbic-beta/ccn30/ENCRYPT/gridcellpilot/raw_data/images/28428/20190903_U-ID46074/mp2rage/reorientn4mag0000_PSIR_skulled_std.nii (type = Euler3DTransform)
=============================================================================
  number of levels = 4
  number of levels = 4
  number of levels = 5
  fixed image: /lustre/scratch/wbic-beta/ccn30/ENCRYPT/gridcellpilot/raw_data/images/28428/20190903_U-ID46074/Series_033_Highresolution_TSE_PAT2_100/N4Series_033_Highresolution_TSE_PAT2_100_c32.nii
  moving image: /lustre/scratch/wbic-beta/ccn30/ENCRYPT/gridcellpilot/raw_data/images/28428/20190903_U-ID46074/mp2rage/reorientn4mag0000_PSIR_skulled_std.nii
  fixed image: /lustre/scratch/wbic-beta/ccn30/ENCRYPT/gridcellpilot/raw_data/images/28428/20190903_U-ID46074/Series_033_Highresolution_TSE_PAT2_100/N4Series_033_Highresolution_TSE_PAT2_100_c32.nii
  moving image: /lustre/scratch/wbic-beta/ccn30/ENCRYPT/gridcellpilot/raw_data/images/28428/20190903_U-ID46074/mp2rage/reorientn4mag0000_PSIR_skulled_std.nii
  fixed image: /lustre/scratch/wbic-beta/ccn30/ENCRYPT/gridcellpilot/raw_data/images/28428/20190903_U-ID46074/Series_033_Highresolution_TSE_PAT2_100/N4Series_033_Highresolution_TSE_PAT2_100_c32.nii
  moving image: /lustre/scratch/wbic-beta/ccn30/ENCRYPT/gridcellpilot/raw_data/images/28428/20190903_U-ID46074/mp2rage/reorientn4mag0000_PSIR_skulled_std.nii
Dimension = 3
Number of stages = 3
Use Histogram Matching false
Winsorize image intensities true
Lower quantile = 0.005
Upper quantile = 0.995
Stage 1 State
   Image metric = Mattes
     Fixed image = Image (0x5015610)
  RTTI typeinfo:   itk::Image<double, 3u>
  Reference Count: 2
  Modified Time: 1713
  Debug: Off
  Object Name: 
  Observers: 
    none
  Source: (none)
  Source output name: (none)
  Release Data: Off
  Data Released: False
  Global Release Data: Off
  PipelineMTime: 0
  UpdateMTime: 1535
  RealTimeStamp: 0 seconds 
  LargestPossibleRegion: 
    Dimension: 3
    Index: [0, 0, 0]
    Size: [512, 512, 54]
  BufferedRegion: 
    Dimension: 3
    Index: [0, 0, 0]
    Size: [512, 512, 54]
  RequestedRegion: 
    Dimension: 3
    Index: [0, 0, 0]
    Size: [512, 512, 54]
  Spacing: [0.4375, 0.4375, 1.1]
  Origin: [-112, 24.3399, -110.771]
  Direction: 
1 1.36635e-11 -7.38782e-12
1.36635e-11 -0.547563 0.836764
-7.38782e-12 0.836764 0.547563

  IndexToPointMatrix: 
0.4375 5.97777e-12 -8.12659e-12
5.97777e-12 -0.239559 0.92044
-3.23217e-12 0.366084 0.602319

  PointToIndexMatrix: 
2.28571 3.12308e-11 -1.68864e-11
3.12308e-11 -1.25157 1.9126
-6.71621e-12 0.760696 0.497785

  Inverse Direction: 
1 1.36635e-11 -7.38782e-12
1.36635e-11 -0.547563 0.836764
-7.38782e-12 0.836764 0.547563

  PixelContainer: 
    ImportImageContainer (0x500f5e0)
      RTTI typeinfo:   itk::ImportImageContainer<unsigned long, double>
      Reference Count: 1
      Modified Time: 1532
      Debug: Off
      Object Name: 
      Observers: 
        none
      Pointer: 0x2acba0f3a010
      Container manages memory: true
      Size: 14155776
      Capacity: 14155776

     Moving image = Image (0x50162f0)
  RTTI typeinfo:   itk::Image<double, 3u>
  Reference Count: 2
  Modified Time: 1714
  Debug: Off
  Object Name: 
  Observers: 
    none
  Source: (none)
  Source output name: (none)
  Release Data: Off
  Data Released: False
  Global Release Data: Off
  PipelineMTime: 0
  UpdateMTime: 1711
  RealTimeStamp: 0 seconds 
  LargestPossibleRegion: 
    Dimension: 3
    Index: [0, 0, 0]
    Size: [224, 320, 320]
  BufferedRegion: 
    Dimension: 3
    Index: [0, 0, 0]
    Size: [224, 320, 320]
  RequestedRegion: 
    Dimension: 3
    Index: [0, 0, 0]
    Size: [224, 320, 320]
  Spacing: [0.699997, 0.7, 0.7]
  Origin: [-80.5294, 75.3484, -113.779]
  Direction: 
1 0 0
0 -1 0
0 0 1

  IndexToPointMatrix: 
0.699997 0 0
0 -0.7 0
0 0 0.7

  PointToIndexMatrix: 
1.42858 0 0
0 -1.42857 0
0 0 1.42857

  Inverse Direction: 
1 0 0
0 -1 0
0 0 1

  PixelContainer: 
    ImportImageContainer (0x5013c90)
      RTTI typeinfo:   itk::ImportImageContainer<unsigned long, double>
      Reference Count: 1
      Modified Time: 1708
      Debug: Off
      Object Name: 
      Observers: 
        none
      Pointer: 0x2acba7b3b010
      Container manages memory: true
      Size: 22937600
      Capacity: 22937600

     Weighting = 1
     Sampling strategy = regular
     Number of bins = 32
     Radius = 4
     Sampling percentage  = 0.25
   Transform = Rigid
     Gradient step = 0.1
     Update field sigma (voxel space) = 0
     Total field sigma (voxel space) = 0
     Update field time sigma = 0
     Total field time sigma  = 0
     Number of time indices = 0
     Number of time point samples = 0
Stage 2 State
   Image metric = Mattes
     Fixed image = Image (0x5017010)
  RTTI typeinfo:   itk::Image<double, 3u>
  Reference Count: 2
  Modified Time: 2067
  Debug: Off
  Object Name: 
  Observers: 
    none
  Source: (none)
  Source output name: (none)
  Release Data: Off
  Data Released: False
  Global Release Data: Off
  PipelineMTime: 0
  UpdateMTime: 1889
  RealTimeStamp: 0 seconds 
  LargestPossibleRegion: 
    Dimension: 3
    Index: [0, 0, 0]
    Size: [512, 512, 54]
  BufferedRegion: 
    Dimension: 3
    Index: [0, 0, 0]
    Size: [512, 512, 54]
  RequestedRegion: 
    Dimension: 3
    Index: [0, 0, 0]
    Size: [512, 512, 54]
  Spacing: [0.4375, 0.4375, 1.1]
  Origin: [-112, 24.3399, -110.771]
  Direction: 
1 1.36635e-11 -7.38782e-12
1.36635e-11 -0.547563 0.836764
-7.38782e-12 0.836764 0.547563

  IndexToPointMatrix: 
0.4375 5.97777e-12 -8.12659e-12
5.97777e-12 -0.239559 0.92044
-3.23217e-12 0.366084 0.602319

  PointToIndexMatrix: 
2.28571 3.12308e-11 -1.68864e-11
3.12308e-11 -1.25157 1.9126
-6.71621e-12 0.760696 0.497785

  Inverse Direction: 
1 1.36635e-11 -7.38782e-12
1.36635e-11 -0.547563 0.836764
-7.38782e-12 0.836764 0.547563

  PixelContainer: 
    ImportImageContainer (0x5010210)
      RTTI typeinfo:   itk::ImportImageContainer<unsigned long, double>
      Reference Count: 1
      Modified Time: 1886
      Debug: Off
      Object Name: 
      Observers: 
        none
      Pointer: 0x2acbb2a3c010
      Container manages memory: true
      Size: 14155776
      Capacity: 14155776

     Moving image = Image (0x5022cd0)
  RTTI typeinfo:   itk::Image<double, 3u>
  Reference Count: 2
  Modified Time: 2068
  Debug: Off
  Object Name: 
  Observers: 
    none
  Source: (none)
  Source output name: (none)
  Release Data: Off
  Data Released: False
  Global Release Data: Off
  PipelineMTime: 0
  UpdateMTime: 2065
  RealTimeStamp: 0 seconds 
  LargestPossibleRegion: 
    Dimension: 3
    Index: [0, 0, 0]
    Size: [224, 320, 320]
  BufferedRegion: 
    Dimension: 3
    Index: [0, 0, 0]
    Size: [224, 320, 320]
  RequestedRegion: 
    Dimension: 3
    Index: [0, 0, 0]
    Size: [224, 320, 320]
  Spacing: [0.699997, 0.7, 0.7]
  Origin: [-80.5294, 75.3484, -113.779]
  Direction: 
1 0 0
0 -1 0
0 0 1

  IndexToPointMatrix: 
0.699997 0 0
0 -0.7 0
0 0 0.7

  PointToIndexMatrix: 
1.42858 0 0
0 -1.42857 0
0 0 1.42857

  Inverse Direction: 
1 0 0
0 -1 0
0 0 1

  PixelContainer: 
    ImportImageContainer (0x5022f60)
      RTTI typeinfo:   itk::ImportImageContainer<unsigned long, double>
      Reference Count: 1
      Modified Time: 2062
      Debug: Off
      Object Name: 
      Observers: 
        none
      Pointer: 0x2acbb963d010
      Container manages memory: true
      Size: 22937600
      Capacity: 22937600

     Weighting = 1
     Sampling strategy = regular
     Number of bins = 32
     Radius = 4
     Sampling percentage  = 0.25
   Transform = Affine
     Gradient step = 0.1
     Update field sigma (voxel space) = 0
     Total field sigma (voxel space) = 0
     Update field time sigma = 0
     Total field time sigma  = 0
     Number of time indices = 0
     Number of time point samples = 0
Stage 3 State
   Image metric = Mattes
     Fixed image = Image (0x5022fc0)
  RTTI typeinfo:   itk::Image<double, 3u>
  Reference Count: 2
  Modified Time: 2421
  Debug: Off
  Object Name: 
  Observers: 
    none
  Source: (none)
  Source output name: (none)
  Release Data: Off
  Data Released: False
  Global Release Data: Off
  PipelineMTime: 0
  UpdateMTime: 2243
  RealTimeStamp: 0 seconds 
  LargestPossibleRegion: 
    Dimension: 3
    Index: [0, 0, 0]
    Size: [512, 512, 54]
  BufferedRegion: 
    Dimension: 3
    Index: [0, 0, 0]
    Size: [512, 512, 54]
  RequestedRegion: 
    Dimension: 3
    Index: [0, 0, 0]
    Size: [512, 512, 54]
  Spacing: [0.4375, 0.4375, 1.1]
  Origin: [-112, 24.3399, -110.771]
  Direction: 
1 1.36635e-11 -7.38782e-12
1.36635e-11 -0.547563 0.836764
-7.38782e-12 0.836764 0.547563

  IndexToPointMatrix: 
0.4375 5.97777e-12 -8.12659e-12
5.97777e-12 -0.239559 0.92044
-3.23217e-12 0.366084 0.602319

  PointToIndexMatrix: 
2.28571 3.12308e-11 -1.68864e-11
3.12308e-11 -1.25157 1.9126
-6.71621e-12 0.760696 0.497785

  Inverse Direction: 
1 1.36635e-11 -7.38782e-12
1.36635e-11 -0.547563 0.836764
-7.38782e-12 0.836764 0.547563

  PixelContainer: 
    ImportImageContainer (0x5024dd0)
      RTTI typeinfo:   itk::ImportImageContainer<unsigned long, double>
      Reference Count: 1
      Modified Time: 2240
      Debug: Off
      Object Name: 
      Observers: 
        none
      Pointer: 0x2acbc453e010
      Container manages memory: true
      Size: 14155776
      Capacity: 14155776

     Moving image = Image (0x502b6f0)
  RTTI typeinfo:   itk::Image<double, 3u>
  Reference Count: 2
  Modified Time: 2422
  Debug: Off
  Object Name: 
  Observers: 
    none
  Source: (none)
  Source output name: (none)
  Release Data: Off
  Data Released: False
  Global Release Data: Off
  PipelineMTime: 0
  UpdateMTime: 2419
  RealTimeStamp: 0 seconds 
  LargestPossibleRegion: 
    Dimension: 3
    Index: [0, 0, 0]
    Size: [224, 320, 320]
  BufferedRegion: 
    Dimension: 3
    Index: [0, 0, 0]
    Size: [224, 320, 320]
  RequestedRegion: 
    Dimension: 3
    Index: [0, 0, 0]
    Size: [224, 320, 320]
  Spacing: [0.699997, 0.7, 0.7]
  Origin: [-80.5294, 75.3484, -113.779]
  Direction: 
1 0 0
0 -1 0
0 0 1

  IndexToPointMatrix: 
0.699997 0 0
0 -0.7 0
0 0 0.7

  PointToIndexMatrix: 
1.42858 0 0
0 -1.42857 0
0 0 1.42857

  Inverse Direction: 
1 0 0
0 -1 0
0 0 1

  PixelContainer: 
    ImportImageContainer (0x502b980)
      RTTI typeinfo:   itk::ImportImageContainer<unsigned long, double>
      Reference Count: 1
      Modified Time: 2416
      Debug: Off
      Object Name: 
      Observers: 
        none
      Pointer: 0x2acbcb13f010
      Container manages memory: true
      Size: 22937600
      Capacity: 22937600

     Weighting = 1
     Sampling strategy = none
     Number of bins = 32
     Radius = 4
     Sampling percentage  = 1
   Transform = SyN
     Gradient step = 0.1
     Update field sigma (voxel space) = 3
     Total field sigma (voxel space) = 0
     Update field time sigma = 0
     Total field time sigma  = 0
     Number of time indices = 0
     Number of time point samples = 0
Registration using 3 total stages.

Stage 0
  iterations = 1000x500x250x0
  convergence threshold = 1e-06
  convergence window size = 10
  number of levels = 4
  using the Mattes MI metric (number of bins = 32, weight = 1)
  preprocessing:  winsorizing the image intensities
  Shrink factors (level 1 out of 4): [12, 12, 5]
  Shrink factors (level 2 out of 4): [8, 8, 3]
  Shrink factors (level 3 out of 4): [4, 4, 2]
  Shrink factors (level 4 out of 4): [2, 2, 1]
  smoothing sigmas per level: [4, 3, 2, 1]
  regular sampling (percentage = 0.25)

*** Running Euler3DTransform registration ***

DIAGNOSTIC,Iteration,metricValue,convergenceValue,ITERATION_TIME_INDEX,SINCE_LAST
 2DIAGNOSTIC,     1, -2.763975953350e-01, 1.797693134862e+308, 1.9076e+01, 1.9076e+01, 
 2DIAGNOSTIC,     2, -2.778117556604e-01, 1.797693134862e+308, 1.9092e+01, 1.6251e-02, 
 2DIAGNOSTIC,     3, -2.789622426798e-01, 1.797693134862e+308, 1.9110e+01, 1.7112e-02, 
 2DIAGNOSTIC,     4, -2.813703245257e-01, 1.797693134862e+308, 1.9126e+01, 1.6784e-02, 
 2DIAGNOSTIC,     5, -2.857893705733e-01, 1.797693134862e+308, 1.9143e+01, 1.6959e-02, 
 2DIAGNOSTIC,     6, -2.883034081140e-01, 1.797693134862e+308, 1.9160e+01, 1.6974e-02, 
 2DIAGNOSTIC,     7, -2.947731021677e-01, 1.797693134862e+308, 1.9178e+01, 1.8164e-02, 
 2DIAGNOSTIC,     8, -3.118899590873e-01, 1.797693134862e+308, 1.9203e+01, 2.5059e-02, 
 2DIAGNOSTIC,     9, -3.263106540203e-01, 1.797693134862e+308, 1.9226e+01, 2.2479e-02, 
 2DIAGNOSTIC,    10, -3.467056531871e-01, 1.364414332002e-02, 1.9247e+01, 2.1015e-02, 
 2DIAGNOSTIC,    11, -3.741766103436e-01, 1.703860876297e-02, 1.9264e+01, 1.7362e-02, 
 2DIAGNOSTIC,    12, -3.928864096282e-01, 1.965877537573e-02, 1.9292e+01, 2.8012e-02, 
 2DIAGNOSTIC,    13, -4.071103095568e-01, 2.101186376455e-02, 1.9313e+01, 2.0189e-02, 
 2DIAGNOSTIC,    14, -4.111995091782e-01, 2.063221038162e-02, 1.9336e+01, 2.3664e-02, 
 2DIAGNOSTIC,    15, -4.140121169701e-01, 1.887613603006e-02, 1.9353e+01, 1.6532e-02, 
 2DIAGNOSTIC,    16, -4.154066640499e-01, 1.588032817338e-02, 1.9369e+01, 1.6645e-02, 
 2DIAGNOSTIC,    17, -4.165615852391e-01, 1.222378715058e-02, 1.9393e+01, 2.3737e-02, 
 2DIAGNOSTIC,    18, -4.211433899637e-01, 8.926745343960e-03, 1.9410e+01, 1.6885e-02, 
 2DIAGNOSTIC,    19, -4.219045109091e-01, 5.871630259849e-03, 1.9430e+01, 1.9856e-02, 
 2DIAGNOSTIC,    20, -4.220658650553e-01, 3.454554556133e-03, 1.9457e+01, 2.6894e-02, 
 2DIAGNOSTIC,    21, -4.222043723260e-01, 2.029591572176e-03, 1.9473e+01, 1.6447e-02, 
 2DIAGNOSTIC,    22, -4.223051805803e-01, 1.232554540921e-03, 1.9496e+01, 2.2438e-02, 
 2DIAGNOSTIC,    23, -4.223788158104e-01, 8.848363268111e-04, 1.9519e+01, 2.3140e-02, 
 2DIAGNOSTIC,    24, -4.224506661462e-01, 6.211234977659e-04, 1.9539e+01, 1.9898e-02, 
 2DIAGNOSTIC,    25, -4.223714151072e-01, 4.098680350497e-04, 1.9555e+01, 1.6462e-02, 
 2DIAGNOSTIC,    26, -4.225490528798e-01, 2.266122795317e-04, 1.9572e+01, 1.6631e-02, 
 2DIAGNOSTIC,    27, -4.226690108412e-01, 7.026348893502e-05, 1.9595e+01, 2.3351e-02, 
 2DIAGNOSTIC,    28, -4.227236154406e-01, 4.566377253448e-05, 1.9612e+01, 1.7097e-02, 
 2DIAGNOSTIC,    29, -4.227565285569e-01, 3.957956221756e-05, 1.9629e+01, 1.6930e-02, 
 2DIAGNOSTIC,    30, -4.227029713053e-01, 3.306775676178e-05, 1.9649e+01, 2.0179e-02, 
 2DIAGNOSTIC,    31, -4.227369967143e-01, 2.817869570445e-05, 1.9670e+01, 2.0324e-02, 
 2DIAGNOSTIC,    32, -4.228618580305e-01, 2.621052753834e-05, 1.9751e+01, 8.0924e-02, 
 2DIAGNOSTIC,    33, -4.228618560654e-01, 2.354076550865e-05, 1.9767e+01, 1.6742e-02, 
 2DIAGNOSTIC,    34, -4.228618629735e-01, 2.066422551980e-05, 1.9784e+01, 1.6426e-02, 
 2DIAGNOSTIC,    35, -4.228618746532e-01, 1.442817092440e-05, 1.9800e+01, 1.6551e-02, 
 2DIAGNOSTIC,    36, -4.228618943963e-01, 1.088880734935e-05, 1.9817e+01, 1.6617e-02, 
 2DIAGNOSTIC,    37, -4.228619277615e-01, 8.926267738102e-06, 1.9834e+01, 1.6622e-02, 
 2DIAGNOSTIC,    38, -4.228619841244e-01, 7.348195420677e-06, 1.9850e+01, 1.6523e-02, 
 2DIAGNOSTIC,    39, -4.228620792697e-01, 5.943494798002e-06, 1.9867e+01, 1.6623e-02, 
 2DIAGNOSTIC,    40, -4.228622389769e-01, 3.166332899630e-06, 1.9883e+01, 1.6504e-02, 
DIAGNOSTIC,Iteration,metricValue,convergenceValue,ITERATION_TIME_INDEX,SINCE_LAST
 2DIAGNOSTIC,     1, -3.958022281305e-01, 1.797693134862e+308, 3.4300e+01, 1.4417e+01, 
 2DIAGNOSTIC,     2, -3.968568269481e-01, 1.797693134862e+308, 3.4362e+01, 6.1911e-02, 
 2DIAGNOSTIC,     3, -3.981988232315e-01, 1.797693134862e+308, 3.4424e+01, 6.2018e-02, 
 2DIAGNOSTIC,     4, -3.996595545616e-01, 1.797693134862e+308, 3.4486e+01, 6.1530e-02, 
 2DIAGNOSTIC,     5, -4.010183616587e-01, 1.797693134862e+308, 3.4559e+01, 7.3633e-02, 
 2DIAGNOSTIC,     6, -4.013463462872e-01, 1.797693134862e+308, 3.4682e+01, 1.2331e-01, 
 2DIAGNOSTIC,     7, -4.014692868019e-01, 1.797693134862e+308, 3.4748e+01, 6.5715e-02, 
 2DIAGNOSTIC,     8, -4.018040045547e-01, 1.797693134862e+308, 3.4821e+01, 7.2502e-02, 
 2DIAGNOSTIC,     9, -4.019258960305e-01, 1.797693134862e+308, 3.4890e+01, 6.9463e-02, 
 2DIAGNOSTIC,    10, -4.020727649215e-01, 1.007062622965e-03, 3.4958e+01, 6.8262e-02, 
 2DIAGNOSTIC,    11, -4.023044197643e-01, 7.007733710866e-04, 3.5041e+01, 8.2111e-02, 
 2DIAGNOSTIC,    12, -4.031467927499e-01, 4.949857128094e-04, 3.5192e+01, 1.5129e-01, 
 2DIAGNOSTIC,    13, -4.030963937498e-01, 3.446122419446e-04, 3.5276e+01, 8.4062e-02, 
 2DIAGNOSTIC,    14, -4.031297792724e-01, 2.593562388166e-04, 3.5345e+01, 6.9255e-02, 
 2DIAGNOSTIC,    15, -4.031352710966e-01, 2.268101570486e-04, 3.5415e+01, 6.9601e-02, 
 2DIAGNOSTIC,    16, -4.032003046854e-01, 1.949049828734e-04, 3.5497e+01, 8.2007e-02, 
 2DIAGNOSTIC,    17, -4.032198277482e-01, 1.540416340166e-04, 3.5564e+01, 6.7265e-02, 
 2DIAGNOSTIC,    18, -4.032452122470e-01, 1.178493041488e-04, 3.5646e+01, 8.2412e-02, 
 2DIAGNOSTIC,    19, -4.032671889890e-01, 8.055575693379e-05, 3.5716e+01, 6.9682e-02, 
 2DIAGNOSTIC,    20, -4.033300632004e-01, 4.718044962348e-05, 3.5790e+01, 7.3796e-02, 
 2DIAGNOSTIC,    21, -4.035920307771e-01, 2.848930247687e-05, 3.5903e+01, 1.1286e-01, 
 2DIAGNOSTIC,    22, -4.036163603547e-01, 3.669329211699e-05, 3.6042e+01, 1.3882e-01, 
 2DIAGNOSTIC,    23, -4.036180935278e-01, 3.948195490063e-05, 3.6113e+01, 7.1605e-02, 
 2DIAGNOSTIC,    24, -4.036066091172e-01, 3.925257961028e-05, 3.6184e+01, 7.0734e-02, 
 2DIAGNOSTIC,    25, -4.036640475614e-01, 3.718725722075e-05, 3.6253e+01, 6.8899e-02, 
 2DIAGNOSTIC,    26, -4.036688433049e-01, 3.362933625775e-05, 3.6323e+01, 6.9730e-02, 
 2DIAGNOSTIC,    27, -4.036743304344e-01, 2.792687441026e-05, 3.6393e+01, 7.0181e-02, 
 2DIAGNOSTIC,    28, -4.036790677582e-01, 2.100157227314e-05, 3.6475e+01, 8.1896e-02, 
 2DIAGNOSTIC,    29, -4.036880386085e-01, 1.347639295376e-05, 3.6569e+01, 9.4019e-02, 
 2DIAGNOSTIC,    30, -4.036717274760e-01, 6.187117750925e-06, 3.6691e+01, 1.2255e-01, 
 2DIAGNOSTIC,    31, -4.036724444801e-01, 4.859070243154e-06, 3.6764e+01, 7.3166e-02, 
 2DIAGNOSTIC,    32, -4.036748122506e-01, 3.852924571134e-06, 3.6834e+01, 6.9591e-02, 
 2DIAGNOSTIC,    33, -4.036979757953e-01, 3.183692093990e-06, 3.6907e+01, 7.2692e-02, 
 2DIAGNOSTIC,    34, -4.036999180358e-01, 2.098996767830e-06, 3.6991e+01, 8.4020e-02, 
 2DIAGNOSTIC,    35, -4.036793465604e-01, 1.720306798601e-06, 3.7061e+01, 7.0205e-02, 
 2DIAGNOSTIC,    36, -4.036796340124e-01, 1.406620792229e-06, 3.7133e+01, 7.1693e-02, 
 2DIAGNOSTIC,    37, -4.036798001978e-01, 1.155932136364e-06, 3.7214e+01, 8.1576e-02, 
DIAGNOSTIC,Iteration,metricValue,convergenceValue,ITERATION_TIME_INDEX,SINCE_LAST
 2DIAGNOSTIC,     1, -3.758564363139e-01, 1.797693134862e+308, 4.5563e+01, 8.3491e+00, 
 2DIAGNOSTIC,     2, -3.782226393916e-01, 1.797693134862e+308, 4.5983e+01, 4.1992e-01, 
 2DIAGNOSTIC,     3, -3.796363738070e-01, 1.797693134862e+308, 4.6395e+01, 4.1197e-01, 
 2DIAGNOSTIC,     4, -3.799441615546e-01, 1.797693134862e+308, 4.6810e+01, 4.1523e-01, 
 2DIAGNOSTIC,     5, -3.799708380061e-01, 1.797693134862e+308, 4.7327e+01, 5.1669e-01, 
 2DIAGNOSTIC,     6, -3.799787442527e-01, 1.797693134862e+308, 4.7758e+01, 4.3115e-01, 
 2DIAGNOSTIC,     7, -3.799831522699e-01, 1.797693134862e+308, 4.8340e+01, 5.8171e-01, 
 2DIAGNOSTIC,     8, -3.799817137203e-01, 1.797693134862e+308, 4.8842e+01, 5.0202e-01, 
 2DIAGNOSTIC,     9, -3.799851037726e-01, 1.797693134862e+308, 4.9260e+01, 4.1782e-01, 
 2DIAGNOSTIC,    10, -3.799860061725e-01, 4.475433045682e-04, 4.9758e+01, 4.9799e-01, 
 2DIAGNOSTIC,    11, -3.799885563596e-01, 1.463030094869e-04, 5.0167e+01, 4.0963e-01, 
 2DIAGNOSTIC,    12, -3.799884536812e-01, 2.788544589041e-05, 5.0831e+01, 6.6387e-01, 
 2DIAGNOSTIC,    13, -3.799872049100e-01, 6.322131908307e-06, 5.1256e+01, 4.2466e-01, 
 2DIAGNOSTIC,    14, -3.799863347083e-01, 3.876970538538e-06, 5.1766e+01, 5.1016e-01, 
 2DIAGNOSTIC,    15, -3.799846309452e-01, 2.847239132145e-06, 5.2188e+01, 4.2199e-01, 
 2DIAGNOSTIC,    16, -3.799829405352e-01, 2.165369637902e-06, 5.2613e+01, 4.2445e-01, 
 2DIAGNOSTIC,    17, -3.799836025224e-01, 1.775680070225e-06, 5.3134e+01, 5.2098e-01, 
 2DIAGNOSTIC,    18, -3.799859789071e-01, 1.473697445728e-06, 5.3826e+01, 6.9204e-01, 
 2DIAGNOSTIC,    19, -3.799819709025e-01, 1.204232597092e-06, 5.4251e+01, 4.2537e-01, 
 2DIAGNOSTIC,    20, -3.799840445831e-01, 1.120583758167e-06, 5.4670e+01, 4.1900e-01, 
 2DIAGNOSTIC,    21, -3.799842070239e-01, 1.183259550334e-06, 5.5187e+01, 5.1660e-01, 
 2DIAGNOSTIC,    22, -3.799866407987e-01, 1.348520179911e-06, 5.5721e+01, 5.3464e-01, 
 2DIAGNOSTIC,    23, -3.799838408396e-01, 1.374110717996e-06, 5.6517e+01, 7.9612e-01, 
 2DIAGNOSTIC,    24, -3.799838587493e-01, 1.378221996098e-06, 5.7044e+01, 5.2623e-01, 
 2DIAGNOSTIC,    25, -3.799838630013e-01, 1.328650976559e-06, 5.7477e+01, 4.3342e-01, 
 2DIAGNOSTIC,    26, -3.799838729521e-01, 1.225828873186e-06, 5.7905e+01, 4.2767e-01, 
 2DIAGNOSTIC,    27, -3.799838857606e-01, 1.146030723112e-06, 5.8325e+01, 4.2038e-01, 
 2DIAGNOSTIC,    28, -3.799839128394e-01, 1.144096110316e-06, 5.8741e+01, 4.1551e-01, 
 2DIAGNOSTIC,    29, -3.799839498661e-01, 1.038916118891e-06, 5.9513e+01, 7.7242e-01, 
DIAGNOSTIC,Iteration,metricValue,convergenceValue,ITERATION_TIME_INDEX,SINCE_LAST
 2DIAGNOSTIC,     1, -3.427321454021e-01, 1.797693134862e+308, 6.7450e+01, 7.9375e+00, 
  Elapsed time (stage 0): 7.0001e+01


Stage 1
  iterations = 1000x500x250x0
  convergence threshold = 1.0000e-06
  convergence window size = 10
  number of levels = 4
  using the Mattes MI metric (number of bins = 32, weight = 1.0000e+00)
  preprocessing:  winsorizing the image intensities
  Shrink factors (level 1 out of 4): [12, 12, 5]
  Shrink factors (level 2 out of 4): [8, 8, 3]
  Shrink factors (level 3 out of 4): [4, 4, 2]
  Shrink factors (level 4 out of 4): [2, 2, 1]
  smoothing sigmas per level: [4, 3, 2, 1]
  regular sampling (percentage = 2.5000e-01)

*** Running AffineTransform registration ***

DIAGNOSTIC,Iteration,metricValue,convergenceValue,ITERATION_TIME_INDEX,SINCE_LAST
 2DIAGNOSTIC,     1, -4.160948140065e-01, 1.797693134862e+308, 1.8757e+01, 1.8757e+01, 
 2DIAGNOSTIC,     2, -4.174296645798e-01, 1.797693134862e+308, 1.8777e+01, 1.9447e-02, 
 2DIAGNOSTIC,     3, -4.194733923501e-01, 1.797693134862e+308, 1.8796e+01, 1.9330e-02, 
 2DIAGNOSTIC,     4, -4.222453751724e-01, 1.797693134862e+308, 1.8815e+01, 1.9438e-02, 
 2DIAGNOSTIC,     5, -4.254898854062e-01, 1.797693134862e+308, 1.8835e+01, 1.9325e-02, 
 2DIAGNOSTIC,     6, -4.298178649980e-01, 1.797693134862e+308, 1.8858e+01, 2.3574e-02, 
 2DIAGNOSTIC,     7, -4.337754097648e-01, 1.797693134862e+308, 1.8890e+01, 3.1893e-02, 
 2DIAGNOSTIC,     8, -4.347587032951e-01, 1.797693134862e+308, 1.8910e+01, 1.9746e-02, 
 2DIAGNOSTIC,     9, -4.353395839620e-01, 1.797693134862e+308, 1.8929e+01, 1.9486e-02, 
 2DIAGNOSTIC,    10, -4.359920474546e-01, 3.488799402322e-03, 1.8949e+01, 2.0042e-02, 
 2DIAGNOSTIC,    11, -4.368045449247e-01, 2.899834912655e-03, 1.8969e+01, 2.0106e-02, 
 2DIAGNOSTIC,    12, -4.374008831235e-01, 2.254446699529e-03, 1.9005e+01, 3.5060e-02, 
 2DIAGNOSTIC,    13, -4.376094815493e-01, 1.621819180407e-03, 1.9026e+01, 2.1924e-02, 
 2DIAGNOSTIC,    14, -4.378189991679e-01, 1.076061602802e-03, 1.9050e+01, 2.3099e-02, 
 2DIAGNOSTIC,    15, -4.379496244476e-01, 6.518248620100e-04, 1.9076e+01, 2.6630e-02, 
 2DIAGNOSTIC,    16, -4.380449476839e-01, 3.997912127545e-04, 1.9096e+01, 1.9768e-02, 
 2DIAGNOSTIC,    17, -4.381698408906e-01, 2.986172333376e-04, 1.9118e+01, 2.1609e-02, 
 2DIAGNOSTIC,    18, -4.382935387094e-01, 2.218515097788e-04, 1.9145e+01, 2.7635e-02, 
 2DIAGNOSTIC,    19, -4.383660531246e-01, 1.553655375260e-04, 1.9165e+01, 2.0061e-02, 
 2DIAGNOSTIC,    20, -4.384842249483e-01, 1.061908383910e-04, 1.9185e+01, 2.0057e-02, 
 2DIAGNOSTIC,    21, -4.386986494057e-01, 8.369400318500e-05, 1.9216e+01, 3.0300e-02, 
 2DIAGNOSTIC,    22, -4.387703182166e-01, 7.529846285182e-05, 1.9235e+01, 1.9899e-02, 
 2DIAGNOSTIC,    23, -4.387973600512e-01, 6.736549557639e-05, 1.9259e+01, 2.3450e-02, 
 2DIAGNOSTIC,    24, -4.388514968909e-01, 6.114743104223e-05, 1.9279e+01, 1.9683e-02, 
 2DIAGNOSTIC,    25, -4.389059139823e-01, 5.460797016672e-05, 1.9298e+01, 1.9429e-02, 
 2DIAGNOSTIC,    26, -4.389506146668e-01, 4.694810345012e-05, 1.9325e+01, 2.6535e-02, 
 2DIAGNOSTIC,    27, -4.389845073760e-01, 3.934506143967e-05, 1.9344e+01, 1.9587e-02, 
 2DIAGNOSTIC,    28, -4.390346110833e-01, 3.281092960165e-05, 1.9368e+01, 2.3880e-02, 
 2DIAGNOSTIC,    29, -4.390075702750e-01, 2.474290603301e-05, 1.9392e+01, 2.4153e-02, 
 2DIAGNOSTIC,    30, -4.390682949840e-01, 1.879199184600e-05, 1.9427e+01, 3.4422e-02, 
 2DIAGNOSTIC,    31, -4.391084680022e-01, 1.685370148807e-05, 1.9447e+01, 2.0148e-02, 
 2DIAGNOSTIC,    32, -4.392071822025e-01, 1.699790692108e-05, 1.9466e+01, 1.9568e-02, 
 2DIAGNOSTIC,    33, -4.392287300601e-01, 1.653132450231e-05, 1.9486e+01, 1.9470e-02, 
 2DIAGNOSTIC,    34, -4.392498939325e-01, 1.607757050904e-05, 1.9505e+01, 1.9589e-02, 
 2DIAGNOSTIC,    35, -4.393017404111e-01, 1.619721760774e-05, 1.9525e+01, 1.9379e-02, 
 2DIAGNOSTIC,    36, -4.394081296711e-01, 1.754317780098e-05, 1.9552e+01, 2.6863e-02, 
 2DIAGNOSTIC,    37, -4.394522213918e-01, 1.852314022500e-05, 1.9571e+01, 1.9797e-02, 
 2DIAGNOSTIC,    38, -4.395053844645e-01, 1.958091304251e-05, 1.9605e+01, 3.3633e-02, 
 2DIAGNOSTIC,    39, -4.395185363429e-01, 1.857410237774e-05, 1.9624e+01, 1.9283e-02, 
 2DIAGNOSTIC,    40, -4.395411139853e-01, 1.728389740679e-05, 1.9644e+01, 1.9362e-02, 
 2DIAGNOSTIC,    41, -4.395516885054e-01, 1.522800554294e-05, 1.9663e+01, 1.9379e-02, 
 2DIAGNOSTIC,    42, -4.395640153844e-01, 1.360469610657e-05, 1.9693e+01, 2.9832e-02, 
 2DIAGNOSTIC,    43, -4.395679586219e-01, 1.122914818764e-05, 1.9712e+01, 1.9341e-02, 
 2DIAGNOSTIC,    44, -4.395789879958e-01, 8.440455573747e-06, 1.9732e+01, 1.9646e-02, 
 2DIAGNOSTIC,    45, -4.395905544743e-01, 5.925632859890e-06, 1.9751e+01, 1.9415e-02, 
 2DIAGNOSTIC,    46, -4.395976665971e-01, 4.617467707191e-06, 1.9786e+01, 3.4314e-02, 
 2DIAGNOSTIC,    47, -4.395991618248e-01, 3.605968274208e-06, 1.9805e+01, 1.9739e-02, 
 2DIAGNOSTIC,    48, -4.396006427075e-01, 3.100213219608e-06, 1.9825e+01, 1.9427e-02, 
 2DIAGNOSTIC,    49, -4.396044561231e-01, 2.601350385750e-06, 1.9844e+01, 1.9514e-02, 
 2DIAGNOSTIC,    50, -4.395783445681e-01, 1.884446431798e-06, 1.9867e+01, 2.2787e-02, 
 2DIAGNOSTIC,    51, -4.396025721648e-01, 1.527424983983e-06, 1.9899e+01, 3.1734e-02, 
 2DIAGNOSTIC,    52, -4.396057740632e-01, 1.282374749060e-06, 1.9919e+01, 1.9663e-02, 
 2DIAGNOSTIC,    53, -4.396076531115e-01, 1.050095221972e-06, 2.0002e+01, 8.3073e-02, 
DIAGNOSTIC,Iteration,metricValue,convergenceValue,ITERATION_TIME_INDEX,SINCE_LAST
 2DIAGNOSTIC,     1, -4.141681354507e-01, 1.797693134862e+308, 3.4519e+01, 1.4518e+01, 
 2DIAGNOSTIC,     2, -4.156819955848e-01, 1.797693134862e+308, 3.4616e+01, 9.6672e-02, 
 2DIAGNOSTIC,     3, -4.177354363460e-01, 1.797693134862e+308, 3.4697e+01, 8.1219e-02, 
 2DIAGNOSTIC,     4, -4.192865269910e-01, 1.797693134862e+308, 3.4778e+01, 8.1076e-02, 
 2DIAGNOSTIC,     5, -4.203008323600e-01, 1.797693134862e+308, 3.4865e+01, 8.7337e-02, 
 2DIAGNOSTIC,     6, -4.208550432940e-01, 1.797693134862e+308, 3.4991e+01, 1.2599e-01, 
 2DIAGNOSTIC,     7, -4.210342411383e-01, 1.797693134862e+308, 3.5152e+01, 1.6050e-01, 
 2DIAGNOSTIC,     8, -4.209757117049e-01, 1.797693134862e+308, 3.5262e+01, 1.0971e-01, 
 2DIAGNOSTIC,     9, -4.209889758404e-01, 1.797693134862e+308, 3.5397e+01, 1.3543e-01, 
 2DIAGNOSTIC,    10, -4.209620404821e-01, 9.938959987955e-04, 3.5496e+01, 9.9152e-02, 
 2DIAGNOSTIC,    11, -4.209697459324e-01, 5.972308752419e-04, 3.5599e+01, 1.0304e-01, 
 2DIAGNOSTIC,    12, -4.209561668107e-01, 2.967121816191e-04, 3.5722e+01, 1.2301e-01, 
 2DIAGNOSTIC,    13, -4.209443574581e-01, 1.212128292074e-04, 3.5805e+01, 8.2355e-02, 
 2DIAGNOSTIC,    14, -4.209356702429e-01, 3.375730489125e-05, 3.5892e+01, 8.7721e-02, 
 2DIAGNOSTIC,    15, -4.209524463699e-01, 1.009141912978e-06, 3.5996e+01, 1.0365e-01, 
DIAGNOSTIC,Iteration,metricValue,convergenceValue,ITERATION_TIME_INDEX,SINCE_LAST
 2DIAGNOSTIC,     1, -3.757313846622e-01, 1.797693134862e+308, 4.4406e+01, 8.4103e+00, 
 2DIAGNOSTIC,     2, -3.767196139693e-01, 1.797693134862e+308, 4.4914e+01, 5.0723e-01, 
 2DIAGNOSTIC,     3, -3.780530746264e-01, 1.797693134862e+308, 4.5415e+01, 5.0182e-01, 
 2DIAGNOSTIC,     4, -3.794050206343e-01, 1.797693134862e+308, 4.5914e+01, 4.9835e-01, 
 2DIAGNOSTIC,     5, -3.810120661006e-01, 1.797693134862e+308, 4.6411e+01, 4.9715e-01, 
 2DIAGNOSTIC,     6, -3.824686681609e-01, 1.797693134862e+308, 4.7098e+01, 6.8669e-01, 
 2DIAGNOSTIC,     7, -3.833970829577e-01, 1.797693134862e+308, 4.7792e+01, 6.9471e-01, 
 2DIAGNOSTIC,     8, -3.836261907137e-01, 1.797693134862e+308, 4.8291e+01, 4.9912e-01, 
 2DIAGNOSTIC,     9, -3.839167194177e-01, 1.797693134862e+308, 4.8811e+01, 5.1946e-01, 
 2DIAGNOSTIC,    10, -3.842048479665e-01, 1.553745034583e-03, 4.9317e+01, 5.0662e-01, 
 2DIAGNOSTIC,    11, -3.848724130873e-01, 1.227502845762e-03, 4.9818e+01, 5.0086e-01, 
 2DIAGNOSTIC,    12, -3.851929600371e-01, 9.258023001079e-04, 5.0507e+01, 6.8865e-01, 
 2DIAGNOSTIC,    13, -3.853679365975e-01, 6.739512209151e-04, 5.1201e+01, 6.9415e-01, 
 2DIAGNOSTIC,    14, -3.854490742931e-01, 4.730123454653e-04, 5.1800e+01, 5.9920e-01, 
 2DIAGNOSTIC,    15, -3.856745727332e-01, 3.454374286206e-04, 5.2293e+01, 4.9292e-01, 
 2DIAGNOSTIC,    16, -3.857119444180e-01, 2.702060254406e-04, 5.2788e+01, 4.9469e-01, 
 2DIAGNOSTIC,    17, -3.858084069011e-01, 2.238056170407e-04, 5.3307e+01, 5.1929e-01, 
 2DIAGNOSTIC,    18, -3.861461352503e-01, 1.855926873394e-04, 5.3992e+01, 6.8523e-01, 
 2DIAGNOSTIC,    19, -3.864272103425e-01, 1.564961241087e-04, 5.6155e+01, 2.1628e+00, 
 2DIAGNOSTIC,    20, -3.864271933967e-01, 1.259286642298e-04, 5.6648e+01, 4.9292e-01, 
 2DIAGNOSTIC,    21, -3.864272020956e-01, 1.103264470843e-04, 5.7164e+01, 5.1533e-01, 
 2DIAGNOSTIC,    22, -3.864272168010e-01, 9.683456883812e-05, 5.7665e+01, 5.0148e-01, 
 2DIAGNOSTIC,    23, -3.864272416535e-01, 8.104240678375e-05, 5.8170e+01, 5.0452e-01, 
 2DIAGNOSTIC,    24, -3.864272836427e-01, 6.129336461173e-05, 5.8664e+01, 4.9453e-01, 
 2DIAGNOSTIC,    25, -3.864273545526e-01, 4.431996658816e-05, 5.9163e+01, 4.9847e-01, 
 2DIAGNOSTIC,    26, -3.864274740264e-01, 2.584836037076e-05, 5.9659e+01, 4.9676e-01, 
 2DIAGNOSTIC,    27, -3.864276754287e-01, 8.911584801270e-06, 6.0154e+01, 4.9430e-01, 
 2DIAGNOSTIC,    28, -3.864280133176e-01, 1.181982661427e-06, 6.0650e+01, 4.9610e-01, 
 2DIAGNOSTIC,    29, -3.864285802543e-01, 1.167812343744e-06, 6.1146e+01, 4.9659e-01, 
 2DIAGNOSTIC,    30, -3.864295202358e-01, 1.170970267840e-06, 6.1736e+01, 5.8939e-01, 
 2DIAGNOSTIC,    31, -3.864308225751e-01, 1.194861676164e-06, 6.2228e+01, 4.9208e-01, 
 2DIAGNOSTIC,    32, -3.864276827491e-01, 1.129106902288e-06, 6.2727e+01, 4.9973e-01, 
 2DIAGNOSTIC,    33, -3.864310983318e-01, 1.134635958848e-06, 6.3331e+01, 6.0375e-01, 
 2DIAGNOSTIC,    34, -3.864336017224e-01, 1.176675188154e-06, 6.3832e+01, 5.0082e-01, 
 2DIAGNOSTIC,    35, -3.864346502818e-01, 1.215346150836e-06, 6.4424e+01, 5.9232e-01, 
 2DIAGNOSTIC,    36, -3.864391629670e-01, 1.319202087884e-06, 6.5050e+01, 6.2604e-01, 
 2DIAGNOSTIC,    37, -3.864398012499e-01, 1.392558074978e-06, 6.5642e+01, 5.9205e-01, 
 2DIAGNOSTIC,    38, -3.864383353864e-01, 1.390012252595e-06, 6.6140e+01, 4.9710e-01, 
 2DIAGNOSTIC,    39, -3.864409299221e-01, 1.395152300465e-06, 6.6725e+01, 5.8565e-01, 
 2DIAGNOSTIC,    40, -3.864417081400e-01, 1.374143298167e-06, 6.7222e+01, 4.9627e-01, 
 2DIAGNOSTIC,    41, -3.864438015384e-01, 1.361738770970e-06, 6.7727e+01, 5.0512e-01, 
 2DIAGNOSTIC,    42, -3.864487507921e-01, 1.324665449564e-06, 6.8220e+01, 4.9311e-01, 
 2DIAGNOSTIC,    43, -3.864549530911e-01, 1.399223244505e-06, 6.8712e+01, 4.9244e-01, 
 2DIAGNOSTIC,    44, -3.864667910869e-01, 1.646709004773e-06, 6.9212e+01, 4.9962e-01, 
 2DIAGNOSTIC,    45, -3.864821495895e-01, 2.058291417837e-06, 6.9706e+01, 4.9430e-01, 
 2DIAGNOSTIC,    46, -3.865004574914e-01, 2.685060246477e-06, 7.0197e+01, 4.9141e-01, 
 2DIAGNOSTIC,    47, -3.865189425756e-01, 3.392003903282e-06, 7.0971e+01, 7.7382e-01, 
 2DIAGNOSTIC,    48, -3.865289325310e-01, 3.936686410886e-06, 7.3153e+01, 2.1815e+00, 
 2DIAGNOSTIC,    49, -3.865289319777e-01, 4.185238731573e-06, 7.3652e+01, 4.9949e-01, 
 2DIAGNOSTIC,    50, -3.865289327716e-01, 4.098804821908e-06, 7.4162e+01, 5.1017e-01, 
 2DIAGNOSTIC,    51, -3.865289341137e-01, 3.712124471835e-06, 7.4657e+01, 4.9443e-01, 
 2DIAGNOSTIC,    52, -3.865289363814e-01, 3.111679728936e-06, 7.5154e+01, 4.9702e-01, 
 2DIAGNOSTIC,    53, -3.865289402112e-01, 2.379340171717e-06, 7.5650e+01, 4.9575e-01, 
 2DIAGNOSTIC,    54, -3.865289466737e-01, 1.666011362294e-06, 7.6146e+01, 4.9595e-01, 
 2DIAGNOSTIC,    55, -3.865289575622e-01, 1.079722788365e-06, 7.6641e+01, 4.9503e-01, 
DIAGNOSTIC,Iteration,metricValue,convergenceValue,ITERATION_TIME_INDEX,SINCE_LAST
 2DIAGNOSTIC,     1, -3.467186652513e-01, 1.797693134862e+308, 8.5275e+01, 8.6346e+00, 
  Elapsed time (stage 1): 8.7641e+01


Stage 2
  iterations = 100x100x70x50x0
  convergence threshold = 1.0000e-06
  convergence window size = 10
  number of levels = 5
  using the Mattes MI metric (number of bins = 32, weight = 1.0000e+00)
  preprocessing:  winsorizing the image intensities
  Shrink factors (level 1 out of 5): [10, 10, 4]
  Shrink factors (level 2 out of 5): [6, 6, 2]
  Shrink factors (level 3 out of 5): [4, 4, 2]
  Shrink factors (level 4 out of 5): [2, 2, 1]
  Shrink factors (level 5 out of 5): [1, 1, 1]
  smoothing sigmas per level: [5, 3, 2, 1, 0]
  Using default NONE metricSamplingStrategy 

*** Running SyN registration (varianceForUpdateField = 3.0000e+00, varianceForTotalField = 0.0000e+00) ***

XXDIAGNOSTIC,Iteration,metricValue,convergenceValue,ITERATION_TIME_INDEX,SINCE_LAST
 1DIAGNOSTIC,     1, -4.945969849520e-01, 1.797693134862e+308, 2.6537e+01, 2.6537e+01, 
 1DIAGNOSTIC,     2, -5.013265616649e-01, 1.797693134862e+308, 2.6809e+01, 2.7123e-01, 
 1DIAGNOSTIC,     3, -5.081002042059e-01, 1.797693134862e+308, 2.7085e+01, 2.7620e-01, 
 1DIAGNOSTIC,     4, -5.142365546922e-01, 1.797693134862e+308, 2.7356e+01, 2.7140e-01, 
 1DIAGNOSTIC,     5, -5.196299376039e-01, 1.797693134862e+308, 2.7622e+01, 2.6618e-01, 
 1DIAGNOSTIC,     6, -5.240771171831e-01, 1.797693134862e+308, 2.7885e+01, 2.6261e-01, 
 1DIAGNOSTIC,     7, -5.280372176573e-01, 1.797693134862e+308, 2.8151e+01, 2.6566e-01, 
 1DIAGNOSTIC,     8, -5.312799520247e-01, 1.797693134862e+308, 2.8416e+01, 2.6518e-01, 
 1DIAGNOSTIC,     9, -5.343139736805e-01, 1.797693134862e+308, 2.8679e+01, 2.6359e-01, 
 1DIAGNOSTIC,    10, -5.384077003935e-01, 5.260623607965e-03, 2.8944e+01, 2.6451e-01, 
 1DIAGNOSTIC,    11, -5.423924585856e-01, 4.349600755464e-03, 2.9215e+01, 2.7119e-01, 
 1DIAGNOSTIC,    12, -5.452351227675e-01, 3.632693163421e-03, 2.9486e+01, 2.7126e-01, 
 1DIAGNOSTIC,    13, -5.476706981580e-01, 3.082297700632e-03, 2.9765e+01, 2.7912e-01, 
 1DIAGNOSTIC,    14, -5.489760635112e-01, 2.617679697762e-03, 3.0037e+01, 2.7135e-01, 
 1DIAGNOSTIC,    15, -5.506517397720e-01, 2.229266105302e-03, 3.0310e+01, 2.7290e-01, 
 1DIAGNOSTIC,    16, -5.514112652555e-01, 1.858236262228e-03, 3.0583e+01, 2.7351e-01, 
 1DIAGNOSTIC,    17, -5.522190065805e-01, 1.510609759581e-03, 3.0859e+01, 2.7590e-01, 
 1DIAGNOSTIC,    18, -5.533449103621e-01, 1.192895653780e-03, 3.1134e+01, 2.7487e-01, 
 1DIAGNOSTIC,    19, -5.542732114972e-01, 9.087180550586e-04, 3.1410e+01, 2.7607e-01, 
 1DIAGNOSTIC,    20, -5.551243709034e-01, 6.992115274927e-04, 3.1684e+01, 2.7402e-01, 
 1DIAGNOSTIC,    21, -5.557872175002e-01, 5.616811164041e-04, 3.1960e+01, 2.7606e-01, 
 1DIAGNOSTIC,    22, -5.560716948681e-01, 4.591654026998e-04, 3.2233e+01, 2.7325e-01, 
 1DIAGNOSTIC,    23, -5.566022775422e-01, 3.909052504764e-04, 3.2506e+01, 2.7251e-01, 
 1DIAGNOSTIC,    24, -5.569175459103e-01, 3.266172204582e-04, 3.2779e+01, 2.7316e-01, 
 1DIAGNOSTIC,    25, -5.571532338540e-01, 2.771904452703e-04, 3.3053e+01, 2.7373e-01, 
 1DIAGNOSTIC,    26, -5.576350068234e-01, 2.308174175905e-04, 3.3331e+01, 2.7839e-01, 
 1DIAGNOSTIC,    27, -5.582216520668e-01, 1.931064719624e-04, 3.3610e+01, 2.7911e-01, 
 1DIAGNOSTIC,    28, -5.578589780285e-01, 1.539679834979e-04, 3.3887e+01, 2.7687e-01, 
 1DIAGNOSTIC,    29, -5.582672843412e-01, 1.274680579337e-04, 3.4162e+01, 2.7512e-01, 
 1DIAGNOSTIC,    30, -5.584724375733e-01, 1.089497892248e-04, 3.4441e+01, 2.7851e-01, 
 1DIAGNOSTIC,    31, -5.573740078460e-01, 7.386088092011e-05, 3.4716e+01, 2.7516e-01, 
 1DIAGNOSTIC,    32, -5.588599084325e-01, 6.343790493801e-05, 3.4990e+01, 2.7431e-01, 
 1DIAGNOSTIC,    33, -5.586232911384e-01, 5.164033579372e-05, 3.5267e+01, 2.7628e-01, 
 1DIAGNOSTIC,    34, -5.582045012411e-01, 3.430073787446e-05, 3.5542e+01, 2.7514e-01, 
 1DIAGNOSTIC,    35, -5.591172094926e-01, 3.222918904783e-05, 3.5815e+01, 2.7318e-01, 
 1DIAGNOSTIC,    36, -5.579694448125e-01, 1.711418953408e-05, 3.6089e+01, 2.7379e-01, 
 1DIAGNOSTIC,    37, -5.594110244229e-01, 3.036248015227e-05, 3.6365e+01, 2.7658e-01, 
 1DIAGNOSTIC,    38, -5.583488539131e-01, 1.964078363389e-05, 3.6640e+01, 2.7448e-01, 
 1DIAGNOSTIC,    39, -5.595104720247e-01, 2.915894725592e-05, 3.6915e+01, 2.7523e-01, 
 1DIAGNOSTIC,    40, -5.592398264611e-01, 3.481536871241e-05, 3.7191e+01, 2.7618e-01, 
 1DIAGNOSTIC,    41, -5.589080880272e-01, 1.833851725467e-05, 3.7467e+01, 2.7591e-01, 
 1DIAGNOSTIC,    42, -5.584744441499e-01, 1.432670086418e-05, 3.7742e+01, 2.7546e-01, 
 1DIAGNOSTIC,    43, -5.595271473564e-01, 1.926468380737e-05, 3.8049e+01, 3.0648e-01, 
 1DIAGNOSTIC,    44, -5.594233659424e-01, 1.519297098671e-05, 3.8327e+01, 2.7800e-01, 
 1DIAGNOSTIC,    45, -5.579028781693e-01, 3.413613395203e-06, 3.8602e+01, 2.7545e-01, 
 1DIAGNOSTIC,    46, -5.600751328352e-01, 3.813518806555e-06, 3.8877e+01, 2.7440e-01, 
 1DIAGNOSTIC,    47, -5.593784632291e-01, 1.170164984696e-05, 3.9156e+01, 2.7893e-01, 
 1DIAGNOSTIC,    48, -5.584645738785e-01, -3.523965872592e-06, 3.9430e+01, 2.7449e-01, 
XXDIAGNOSTIC,Iteration,metricValue,convergenceValue,ITERATION_TIME_INDEX,SINCE_LAST
 1DIAGNOSTIC,     1, -4.863412545139e-01, 1.797693134862e+308, 5.4959e+01, 1.5529e+01, 
 1DIAGNOSTIC,     2, -4.881950716075e-01, 1.797693134862e+308, 5.6184e+01, 1.2246e+00, 
 1DIAGNOSTIC,     3, -4.906576723446e-01, 1.797693134862e+308, 5.7399e+01, 1.2154e+00, 
 1DIAGNOSTIC,     4, -4.930214562771e-01, 1.797693134862e+308, 5.8616e+01, 1.2171e+00, 
 1DIAGNOSTIC,     5, -4.946430119953e-01, 1.797693134862e+308, 5.9808e+01, 1.1914e+00, 
 1DIAGNOSTIC,     6, -4.966437837361e-01, 1.797693134862e+308, 6.0996e+01, 1.1885e+00, 
 1DIAGNOSTIC,     7, -4.984444783404e-01, 1.797693134862e+308, 6.2210e+01, 1.2135e+00, 
 1DIAGNOSTIC,     8, -4.999250870651e-01, 1.797693134862e+308, 6.3438e+01, 1.2283e+00, 
 1DIAGNOSTIC,     9, -5.015595399153e-01, 1.797693134862e+308, 6.4690e+01, 1.2526e+00, 
 1DIAGNOSTIC,    10, -5.028860451901e-01, 2.160394058755e-03, 6.5964e+01, 1.2734e+00, 
 1DIAGNOSTIC,    11, -5.042774350852e-01, 1.853145642432e-03, 6.7219e+01, 1.2548e+00, 
 1DIAGNOSTIC,    12, -5.049932220887e-01, 1.551857583854e-03, 6.8487e+01, 1.2680e+00, 
 1DIAGNOSTIC,    13, -5.060582326946e-01, 1.311185942678e-03, 6.9752e+01, 1.2650e+00, 
 1DIAGNOSTIC,    14, -5.071700064856e-01, 1.126950657172e-03, 7.1101e+01, 1.3494e+00, 
 1DIAGNOSTIC,    15, -5.079729829400e-01, 9.551391197765e-04, 7.2462e+01, 1.3608e+00, 
 1DIAGNOSTIC,    16, -5.089210488379e-01, 8.215799777440e-04, 7.3744e+01, 1.2819e+00, 
 1DIAGNOSTIC,    17, -5.096576272952e-01, 7.126880276097e-04, 7.4997e+01, 1.2533e+00, 
 1DIAGNOSTIC,    18, -5.100190867681e-01, 6.076619456761e-04, 7.6252e+01, 1.2549e+00, 
 1DIAGNOSTIC,    19, -5.105779918260e-01, 5.226003612286e-04, 7.7502e+01, 1.2503e+00, 
 1DIAGNOSTIC,    20, -5.109904533436e-01, 4.460957573344e-04, 7.8750e+01, 1.2479e+00, 
 1DIAGNOSTIC,    21, -5.117023490621e-01, 3.920199905101e-04, 8.0016e+01, 1.2661e+00, 
 1DIAGNOSTIC,    22, -5.118737521098e-01, 3.286117594346e-04, 8.1303e+01, 1.2865e+00, 
 1DIAGNOSTIC,    23, -5.123747075817e-01, 2.785114615426e-04, 8.2558e+01, 1.2556e+00, 
 1DIAGNOSTIC,    24, -5.125644484050e-01, 2.370233766209e-04, 8.3848e+01, 1.2892e+00, 
 1DIAGNOSTIC,    25, -5.130173394389e-01, 2.046631080321e-04, 8.5133e+01, 1.2852e+00, 
 1DIAGNOSTIC,    26, -5.128726122562e-01, 1.726147995630e-04, 8.6388e+01, 1.2555e+00, 
 1DIAGNOSTIC,    27, -5.131450766903e-01, 1.480747312028e-04, 8.7651e+01, 1.2629e+00, 
 1DIAGNOSTIC,    28, -5.134126829248e-01, 1.238892515769e-04, 8.8913e+01, 1.2618e+00, 
 1DIAGNOSTIC,    29, -5.136320683342e-01, 1.046435675620e-04, 9.0183e+01, 1.2698e+00, 
 1DIAGNOSTIC,    30, -5.136201002506e-01, 8.411489854561e-05, 9.1439e+01, 1.2566e+00, 
 1DIAGNOSTIC,    31, -5.138251651212e-01, 7.390476191617e-05, 9.2689e+01, 1.2496e+00, 
 1DIAGNOSTIC,    32, -5.140450978578e-01, 6.409725529841e-05, 9.3963e+01, 1.2741e+00, 
 1DIAGNOSTIC,    33, -5.139262143437e-01, 5.519755946379e-05, 9.5218e+01, 1.2554e+00, 
 1DIAGNOSTIC,    34, -5.141979326781e-01, 4.920890225191e-05, 9.6468e+01, 1.2500e+00, 
 1DIAGNOSTIC,    35, -5.143147597475e-01, 4.819216854633e-05, 9.7721e+01, 1.2527e+00, 
 1DIAGNOSTIC,    36, -5.145456294309e-01, 4.396745245132e-05, 9.9003e+01, 1.2818e+00, 
 1DIAGNOSTIC,    37, -5.142381665077e-01, 3.519577773421e-05, 1.0026e+02, 1.2604e+00, 
 1DIAGNOSTIC,    38, -5.145096727737e-01, 3.172856848690e-05, 1.0151e+02, 1.2512e+00, 
 1DIAGNOSTIC,    39, -5.145512402138e-01, 2.916296849380e-05, 1.0276e+02, 1.2486e+00, 
 1DIAGNOSTIC,    40, -5.147570270355e-01, 2.657118591035e-05, 1.0401e+02, 1.2493e+00, 
 1DIAGNOSTIC,    41, -5.146611306667e-01, 2.303856407749e-05, 1.0529e+02, 1.2777e+00, 
 1DIAGNOSTIC,    42, -5.149065556305e-01, 2.398843731950e-05, 1.0654e+02, 1.2522e+00, 
 1DIAGNOSTIC,    43, -5.149150348225e-01, 2.109622938291e-05, 1.0779e+02, 1.2491e+00, 
 1DIAGNOSTIC,    44, -5.149207484928e-01, 1.983054765949e-05, 1.0904e+02, 1.2529e+00, 
 1DIAGNOSTIC,    45, -5.152533638996e-01, 2.231362582699e-05, 1.1030e+02, 1.2566e+00, 
 1DIAGNOSTIC,    46, -5.153355063568e-01, 2.646500561851e-05, 1.1155e+02, 1.2443e+00, 
 1DIAGNOSTIC,    47, -5.154813162038e-01, 2.597859620043e-05, 1.1281e+02, 1.2658e+00, 
 1DIAGNOSTIC,    48, -5.151296759547e-01, 2.216916683365e-05, 1.1407e+02, 1.2543e+00, 
 1DIAGNOSTIC,    49, -5.152615108454e-01, 1.853289952971e-05, 1.1532e+02, 1.2543e+00, 
 1DIAGNOSTIC,    50, -5.152012454784e-01, 1.489167953823e-05, 1.1657e+02, 1.2494e+00, 
 1DIAGNOSTIC,    51, -5.152754842750e-01, 9.655607224473e-06, 1.1783e+02, 1.2565e+00, 
 1DIAGNOSTIC,    52, -5.156296180326e-01, 1.022445618015e-05, 1.1908e+02, 1.2535e+00, 
 1DIAGNOSTIC,    53, -5.156888173020e-01, 1.056076088158e-05, 1.2034e+02, 1.2620e+00, 
 1DIAGNOSTIC,    54, -5.157917885076e-01, 1.101993172258e-05, 1.2160e+02, 1.2590e+00, 
 1DIAGNOSTIC,    55, -5.156128541380e-01, 1.199370143410e-05, 1.2286e+02, 1.2624e+00, 
 1DIAGNOSTIC,    56, -5.156124707104e-01, 1.263741541666e-05, 1.2415e+02, 1.2860e+00, 
 1DIAGNOSTIC,    57, -5.156010088803e-01, 1.344973357381e-05, 1.2542e+02, 1.2676e+00, 
 1DIAGNOSTIC,    58, -5.154486794484e-01, 8.070461350974e-06, 1.2667e+02, 1.2505e+00, 
 1DIAGNOSTIC,    59, -5.157706202019e-01, 6.544947768149e-06, 1.2792e+02, 1.2554e+00, 
 1DIAGNOSTIC,    60, -5.157934624279e-01, 4.095410647182e-06, 1.2922e+02, 1.3006e+00, 
 1DIAGNOSTIC,    61, -5.156305623858e-01, 5.176639581682e-07, 1.3049e+02, 1.2636e+00, 
XXDIAGNOSTIC,Iteration,metricValue,convergenceValue,ITERATION_TIME_INDEX,SINCE_LAST
 1DIAGNOSTIC,     1, -4.218092712937e-01, 1.797693134862e+308, 1.4108e+02, 1.0595e+01, 
 1DIAGNOSTIC,     2, -4.235497463652e-01, 1.797693134862e+308, 1.4384e+02, 2.7582e+00, 
 1DIAGNOSTIC,     3, -4.250547534998e-01, 1.797693134862e+308, 1.4665e+02, 2.8070e+00, 
 1DIAGNOSTIC,     4, -4.262548929514e-01, 1.797693134862e+308, 1.4941e+02, 2.7675e+00, 
 1DIAGNOSTIC,     5, -4.273154232918e-01, 1.797693134862e+308, 1.5213e+02, 2.7196e+00, 
 1DIAGNOSTIC,     6, -4.282414445963e-01, 1.797693134862e+308, 1.5481e+02, 2.6781e+00, 
 1DIAGNOSTIC,     7, -4.291170753743e-01, 1.797693134862e+308, 1.5757e+02, 2.7622e+00, 
 1DIAGNOSTIC,     8, -4.298878194063e-01, 1.797693134862e+308, 1.6032e+02, 2.7442e+00, 
 1DIAGNOSTIC,     9, -4.305674153647e-01, 1.797693134862e+308, 1.6311e+02, 2.7917e+00, 
 1DIAGNOSTIC,    10, -4.312001995221e-01, 1.360323043714e-03, 1.6587e+02, 2.7563e+00, 
 1DIAGNOSTIC,    11, -4.317583188514e-01, 1.087283455110e-03, 1.6863e+02, 2.7647e+00, 
 1DIAGNOSTIC,    12, -4.322481863599e-01, 8.846663576131e-04, 1.7137e+02, 2.7416e+00, 
 1DIAGNOSTIC,    13, -4.326777550448e-01, 7.314516701199e-04, 1.7412e+02, 2.7487e+00, 
 1DIAGNOSTIC,    14, -4.331194318470e-01, 6.109543673887e-04, 1.7687e+02, 2.7490e+00, 
 1DIAGNOSTIC,    15, -4.335782528919e-01, 5.173973237605e-04, 1.7967e+02, 2.8009e+00, 
 1DIAGNOSTIC,    16, -4.338045161267e-01, 4.352925086359e-04, 1.8249e+02, 2.8158e+00, 
 1DIAGNOSTIC,    17, -4.339796216124e-01, 3.635903136448e-04, 1.8527e+02, 2.7824e+00, 
 1DIAGNOSTIC,    18, -4.342584513730e-01, 3.047675587499e-04, 1.8803e+02, 2.7585e+00, 
 1DIAGNOSTIC,    19, -4.345243178127e-01, 2.564343746920e-04, 1.9085e+02, 2.8249e+00, 
 1DIAGNOSTIC,    20, -4.348680308807e-01, 2.210683115310e-04, 1.9369e+02, 2.8406e+00, 
 1DIAGNOSTIC,    21, -4.350796375315e-01, 1.925442849657e-04, 1.9650e+02, 2.8025e+00, 
 1DIAGNOSTIC,    22, -4.350889286755e-01, 1.637220614938e-04, 1.9925e+02, 2.7553e+00, 
 1DIAGNOSTIC,    23, -4.353684068439e-01, 1.425238731186e-04, 2.0211e+02, 2.8582e+00, 
 1DIAGNOSTIC,    24, -4.354103786545e-01, 1.226504546412e-04, 2.0486e+02, 2.7521e+00, 
 1DIAGNOSTIC,    25, -4.356016205515e-01, 1.099899852191e-04, 2.0768e+02, 2.8201e+00, 
 1DIAGNOSTIC,    26, -4.356753884137e-01, 9.562507474041e-05, 2.1044e+02, 2.7611e+00, 
 1DIAGNOSTIC,    27, -4.358997293145e-01, 8.317691141557e-05, 2.1325e+02, 2.8080e+00, 
 1DIAGNOSTIC,    28, -4.359294390204e-01, 7.097484753835e-05, 2.1602e+02, 2.7681e+00, 
 1DIAGNOSTIC,    29, -4.360183547204e-01, 6.092830940219e-05, 2.1879e+02, 2.7724e+00, 
 1DIAGNOSTIC,    30, -4.359254582668e-01, 5.132343144926e-05, 2.2161e+02, 2.8221e+00, 
 1DIAGNOSTIC,    31, -4.361590214982e-01, 4.713901792092e-05, 2.2436e+02, 2.7468e+00, 
 1DIAGNOSTIC,    32, -4.360277610959e-01, 3.603967800658e-05, 2.2714e+02, 2.7831e+00, 
 1DIAGNOSTIC,    33, -4.362104345581e-01, 3.161178181162e-05, 2.2993e+02, 2.7886e+00, 
 1DIAGNOSTIC,    34, -4.361281593754e-01, 2.365940530440e-05, 2.3270e+02, 2.7649e+00, 
 1DIAGNOSTIC,    35, -4.363610384511e-01, 2.203789774904e-05, 2.3554e+02, 2.8408e+00, 
 1DIAGNOSTIC,    36, -4.364136393763e-01, 2.057794348151e-05, 2.3831e+02, 2.7697e+00, 
 1DIAGNOSTIC,    37, -4.363956784647e-01, 2.097406994864e-05, 2.4112e+02, 2.8153e+00, 
 1DIAGNOSTIC,    38, -4.365477985430e-01, 2.262343319737e-05, 2.4387e+02, 2.7454e+00, 
 1DIAGNOSTIC,    39, -4.364104807232e-01, 2.128885418311e-05, 2.4667e+02, 2.8004e+00, 
 1DIAGNOSTIC,    40, -4.365032132452e-01, 1.800720060803e-05, 2.4944e+02, 2.7761e+00, 
 1DIAGNOSTIC,    41, -4.363656480940e-01, 1.479900015960e-05, 2.5229e+02, 2.8429e+00, 
 1DIAGNOSTIC,    42, -4.365554507835e-01, 1.131897929459e-05, 2.5509e+02, 2.7994e+00, 
 1DIAGNOSTIC,    43, -4.365774323457e-01, 1.009135642695e-05, 2.5807e+02, 2.9847e+00, 
 1DIAGNOSTIC,    44, -4.367432838423e-01, 9.189467928043e-06, 2.6083e+02, 2.7604e+00, 
 1DIAGNOSTIC,    45, -4.365448614511e-01, 8.004134533654e-06, 2.6361e+02, 2.7781e+00, 
 1DIAGNOSTIC,    46, -4.366105279082e-01, 7.991972993612e-06, 2.6628e+02, 2.6692e+00, 
 1DIAGNOSTIC,    47, -4.365268568271e-01, 5.741740636254e-06, 2.6906e+02, 2.7794e+00, 
 1DIAGNOSTIC,    48, -4.366925413034e-01, 7.453898970330e-06, 2.7177e+02, 2.7160e+00, 
 1DIAGNOSTIC,    49, -4.365731464630e-01, 4.905809204238e-06, 2.7458e+02, 2.8040e+00, 
 1DIAGNOSTIC,    50, -4.366443086383e-01, 4.371745022245e-06, 2.7735e+02, 2.7728e+00, 
 1DIAGNOSTIC,    51, -4.365060530411e-01, -8.362924293001e-08, 2.8017e+02, 2.8215e+00, 
XXDIAGNOSTIC,Iteration,metricValue,convergenceValue,ITERATION_TIME_INDEX,SINCE_LAST
 1DIAGNOSTIC,     1, -3.802071049455e-01, 1.797693134862e+308, 3.0783e+02, 2.7663e+01, 
 1DIAGNOSTIC,     2, -3.818564122533e-01, 1.797693134862e+308, 3.2761e+02, 1.9776e+01, 
 1DIAGNOSTIC,     3, -3.832710165582e-01, 1.797693134862e+308, 3.4716e+02, 1.9546e+01, 
 1DIAGNOSTIC,     4, -3.846552401230e-01, 1.797693134862e+308, 3.6661e+02, 1.9453e+01, 
 1DIAGNOSTIC,     5, -3.859601733571e-01, 1.797693134862e+308, 3.8686e+02, 2.0250e+01, 
 1DIAGNOSTIC,     6, -3.873362559369e-01, 1.797693134862e+308, 4.0636e+02, 1.9502e+01, 
 1DIAGNOSTIC,     7, -3.884708069315e-01, 1.797693134862e+308, 4.2577e+02, 1.9412e+01, 
 1DIAGNOSTIC,     8, -3.895265010509e-01, 1.797693134862e+308, 4.4610e+02, 2.0323e+01, 
slurmstepd: error: *** JOB 4099811 ON wbic-cs-2 CANCELLED AT 2019-10-22T18:45:42 DUE TO TIME LIMIT ***
