Changed directory to /lustre/scratch/wbic-beta/ccn30/ENCRYPT/fMRI/gridcellpilot/scripts/coregistration/slurmoutputs.

JobID: 6244929
======
Time: Fri Feb  5 16:04:04 GMT 2021
Running on master node: wbic-csm-2
Current directory: /lustre/scratch/wbic-beta/ccn30/ENCRYPT/fMRI/gridcellpilot/scripts/coregistration/slurmoutputs

Nodes allocated:
================
wbic-csm-2

numtasks=1, numnodes=1, mpi_tasks_per_node=1 (OMP_NUM_THREADS=1)

Executing command:
==================
/lustre/scratch/wbic-beta/ccn30/ENCRYPT/fMRI/gridcellpilot/scripts/coregistration/coreg_MasksxEPI.sh 28428/20190903_U-ID46074

******** starting 28428 ********

--------------------------------------------------------------------------------------
 Mapping parameters
--------------------------------------------------------------------------------------
 ANTSPATH is /applications/ANTS/ANTs-2.3.4/install/bin/

 Dimensionality:           3
 Output name prefix:       /lustre/scratch/wbic-beta/ccn30/ENCRYPT/fMRI/gridcellpilot/preprocessed_data/segmentation/28428/coregistration/T1xStudyTemplate_
 Fixed images:             /home/ccn30/ENCRYPT/atlases/templates/ECtemplatemasks2015/Study_template_wholeBrain.nii
 Moving images:            /lustre/scratch/wbic-beta/ccn30/ENCRYPT/fMRI/gridcellpilot/raw_data/images/28428/20190903_U-ID46074/mp2rage/denoiseRn4mag0000_PSIR_skulled_std.nii
 Mask images:              
 Initial transforms:       
 Number of threads:        1
 Spline distance:          26
 Transform type:           s
 CC radius:                4
 Precision:                d
 Use histogram matching    0
======================================================================================
 antsRegistration call:
--------------------------------------------------------------------------------------
/applications/ANTS/ANTs-2.3.4/install/bin//antsRegistration --verbose 1 --dimensionality 3 --float 0 --collapse-output-transforms 1 --output [ /lustre/scratch/wbic-beta/ccn30/ENCRYPT/fMRI/gridcellpilot/preprocessed_data/segmentation/28428/coregistration/T1xStudyTemplate_,/lustre/scratch/wbic-beta/ccn30/ENCRYPT/fMRI/gridcellpilot/preprocessed_data/segmentation/28428/coregistration/T1xStudyTemplate_Warped.nii.gz,/lustre/scratch/wbic-beta/ccn30/ENCRYPT/fMRI/gridcellpilot/preprocessed_data/segmentation/28428/coregistration/T1xStudyTemplate_InverseWarped.nii.gz ] --interpolation Linear --use-histogram-matching 0 --winsorize-image-intensities [ 0.005,0.995 ] --initial-moving-transform [ /home/ccn30/ENCRYPT/atlases/templates/ECtemplatemasks2015/Study_template_wholeBrain.nii,/lustre/scratch/wbic-beta/ccn30/ENCRYPT/fMRI/gridcellpilot/raw_data/images/28428/20190903_U-ID46074/mp2rage/denoiseRn4mag0000_PSIR_skulled_std.nii,1 ] --transform Rigid[ 0.1 ] --metric MI[ /home/ccn30/ENCRYPT/atlases/templates/ECtemplatemasks2015/Study_template_wholeBrain.nii,/lustre/scratch/wbic-beta/ccn30/ENCRYPT/fMRI/gridcellpilot/raw_data/images/28428/20190903_U-ID46074/mp2rage/denoiseRn4mag0000_PSIR_skulled_std.nii,1,32,Regular,0.25 ] --convergence [ 1000x500x250x100,1e-6,10 ] --shrink-factors 12x8x4x2 --smoothing-sigmas 4x3x2x1vox --transform Affine[ 0.1 ] --metric MI[ /home/ccn30/ENCRYPT/atlases/templates/ECtemplatemasks2015/Study_template_wholeBrain.nii,/lustre/scratch/wbic-beta/ccn30/ENCRYPT/fMRI/gridcellpilot/raw_data/images/28428/20190903_U-ID46074/mp2rage/denoiseRn4mag0000_PSIR_skulled_std.nii,1,32,Regular,0.25 ] --convergence [ 1000x500x250x100,1e-6,10 ] --shrink-factors 12x8x4x2 --smoothing-sigmas 4x3x2x1vox --transform SyN[ 0.1,3,0 ] --metric CC[ /home/ccn30/ENCRYPT/atlases/templates/ECtemplatemasks2015/Study_template_wholeBrain.nii,/lustre/scratch/wbic-beta/ccn30/ENCRYPT/fMRI/gridcellpilot/raw_data/images/28428/20190903_U-ID46074/mp2rage/denoiseRn4mag0000_PSIR_skulled_std.nii,1,4 ] --convergence [ 100x100x70x50x20,1e-6,10 ] --shrink-factors 10x6x4x2x1 --smoothing-sigmas 5x3x2x1x0vox
--------------------------------------------------------------------------------------
All_Command_lines_OK
Using double precision for computations.
=============================================================================
The composite transform comprises the following transforms (in order): 
  1. Center of mass alignment using fixed image: /home/ccn30/ENCRYPT/atlases/templates/ECtemplatemasks2015/Study_template_wholeBrain.nii and moving image: /lustre/scratch/wbic-beta/ccn30/ENCRYPT/fMRI/gridcellpilot/raw_data/images/28428/20190903_U-ID46074/mp2rage/denoiseRn4mag0000_PSIR_skulled_std.nii (type = Euler3DTransform)
=============================================================================
  number of levels = 4
  number of levels = 4
  number of levels = 5
  fixed image: /home/ccn30/ENCRYPT/atlases/templates/ECtemplatemasks2015/Study_template_wholeBrain.nii
  moving image: /lustre/scratch/wbic-beta/ccn30/ENCRYPT/fMRI/gridcellpilot/raw_data/images/28428/20190903_U-ID46074/mp2rage/denoiseRn4mag0000_PSIR_skulled_std.nii
  fixed image: /home/ccn30/ENCRYPT/atlases/templates/ECtemplatemasks2015/Study_template_wholeBrain.nii
  moving image: /lustre/scratch/wbic-beta/ccn30/ENCRYPT/fMRI/gridcellpilot/raw_data/images/28428/20190903_U-ID46074/mp2rage/denoiseRn4mag0000_PSIR_skulled_std.nii
  fixed image: /home/ccn30/ENCRYPT/atlases/templates/ECtemplatemasks2015/Study_template_wholeBrain.nii
  moving image: /lustre/scratch/wbic-beta/ccn30/ENCRYPT/fMRI/gridcellpilot/raw_data/images/28428/20190903_U-ID46074/mp2rage/denoiseRn4mag0000_PSIR_skulled_std.nii
Dimension = 3
Number of stages = 3
Use Histogram Matching false
Winsorize image intensities true
Lower quantile = 0.005
Upper quantile = 0.995
Stage 1 State
   Image metric = Mattes
     Fixed image = Image (0x38fd550)
  RTTI typeinfo:   itk::Image<double, 3u>
  Reference Count: 2
  Modified Time: 1735
  Debug: Off
  Object Name: 
  Observers: 
    none
  Source: (none)
  Source output name: (none)
  Release Data: Off
  Data Released: False
  Global Release Data: Off
  PipelineMTime: 0
  UpdateMTime: 1518
  RealTimeStamp: 0 seconds 
  LargestPossibleRegion: 
    Dimension: 3
    Index: [0, 0, 0]
    Size: [384, 384, 288]
  BufferedRegion: 
    Dimension: 3
    Index: [0, 0, 0]
    Size: [384, 384, 288]
  RequestedRegion: 
    Dimension: 3
    Index: [0, 0, 0]
    Size: [384, 384, 288]
  Spacing: [0.598958, 0.598958, 0.599937]
  Origin: [85.9044, -155.274, 91.0901]
  Direction: 
-0 0 -1
1 -0 0
0 -1 0

  IndexToPointMatrix: 
0 0 -0.599937
0.598958 0 0
0 -0.598958 0

  PointToIndexMatrix: 
0 1.66957 0
0 0 -1.66957
-1.66684 0 0

  Inverse Direction: 
0 1 0
0 0 -1
-1 0 0

  PixelContainer: 
    ImportImageContainer (0x3902880)
      RTTI typeinfo:   itk::ImportImageContainer<unsigned long, double>
      Reference Count: 1
      Modified Time: 1515
      Debug: Off
      Object Name: 
      Observers: 
        none
      Pointer: 0x2b0ea146e010
      Container manages memory: true
      Size: 42467328
      Capacity: 42467328

     Moving image = Image (0x38fb2f0)
  RTTI typeinfo:   itk::Image<double, 3u>
  Reference Count: 2
  Modified Time: 1736
  Debug: Off
  Object Name: 
  Observers: 
    none
  Source: (none)
  Source output name: (none)
  Release Data: Off
  Data Released: False
  Global Release Data: Off
  PipelineMTime: 0
  UpdateMTime: 1733
  RealTimeStamp: 0 seconds 
  LargestPossibleRegion: 
    Dimension: 3
    Index: [0, 0, 0]
    Size: [224, 320, 320]
  BufferedRegion: 
    Dimension: 3
    Index: [0, 0, 0]
    Size: [224, 320, 320]
  RequestedRegion: 
    Dimension: 3
    Index: [0, 0, 0]
    Size: [224, 320, 320]
  Spacing: [0.699997, 0.7, 0.7]
  Origin: [-80.5294, 75.3484, -113.779]
  Direction: 
1 0 0
0 -1 0
0 0 1

  IndexToPointMatrix: 
0.699997 0 0
0 -0.7 0
0 0 0.7

  PointToIndexMatrix: 
1.42858 0 0
0 -1.42857 0
0 0 1.42857

  Inverse Direction: 
1 0 0
0 -1 0
0 0 1

  PixelContainer: 
    ImportImageContainer (0x39093f0)
      RTTI typeinfo:   itk::ImportImageContainer<unsigned long, double>
      Reference Count: 1
      Modified Time: 1730
      Debug: Off
      Object Name: 
      Observers: 
        none
      Pointer: 0x2b0eb586f010
      Container manages memory: true
      Size: 22937600
      Capacity: 22937600

     Weighting = 1
     Sampling strategy = regular
     Number of bins = 32
     Radius = 4
     Sampling percentage  = 0.25
   Transform = Rigid
     Gradient step = 0.1
     Update field sigma (voxel space) = 0
     Total field sigma (voxel space) = 0
     Update field time sigma = 0
     Total field time sigma  = 0
     Number of time indices = 0
     Number of time point samples = 0
Stage 2 State
   Image metric = Mattes
     Fixed image = Image (0x38fd860)
  RTTI typeinfo:   itk::Image<double, 3u>
  Reference Count: 2
  Modified Time: 2167
  Debug: Off
  Object Name: 
  Observers: 
    none
  Source: (none)
  Source output name: (none)
  Release Data: Off
  Data Released: False
  Global Release Data: Off
  PipelineMTime: 0
  UpdateMTime: 1950
  RealTimeStamp: 0 seconds 
  LargestPossibleRegion: 
    Dimension: 3
    Index: [0, 0, 0]
    Size: [384, 384, 288]
  BufferedRegion: 
    Dimension: 3
    Index: [0, 0, 0]
    Size: [384, 384, 288]
  RequestedRegion: 
    Dimension: 3
    Index: [0, 0, 0]
    Size: [384, 384, 288]
  Spacing: [0.598958, 0.598958, 0.599937]
  Origin: [85.9044, -155.274, 91.0901]
  Direction: 
-0 0 -1
1 -0 0
0 -1 0

  IndexToPointMatrix: 
0 0 -0.599937
0.598958 0 0
0 -0.598958 0

  PointToIndexMatrix: 
0 1.66957 0
0 0 -1.66957
-1.66684 0 0

  Inverse Direction: 
0 1 0
0 0 -1
-1 0 0

  PixelContainer: 
    ImportImageContainer (0x3905be0)
      RTTI typeinfo:   itk::ImportImageContainer<unsigned long, double>
      Reference Count: 1
      Modified Time: 1947
      Debug: Off
      Object Name: 
      Observers: 
        none
      Pointer: 0x2b0ec0770010
      Container manages memory: true
      Size: 42467328
      Capacity: 42467328

     Moving image = Image (0x38fdaf0)
  RTTI typeinfo:   itk::Image<double, 3u>
  Reference Count: 2
  Modified Time: 2168
  Debug: Off
  Object Name: 
  Observers: 
    none
  Source: (none)
  Source output name: (none)
  Release Data: Off
  Data Released: False
  Global Release Data: Off
  PipelineMTime: 0
  UpdateMTime: 2165
  RealTimeStamp: 0 seconds 
  LargestPossibleRegion: 
    Dimension: 3
    Index: [0, 0, 0]
    Size: [224, 320, 320]
  BufferedRegion: 
    Dimension: 3
    Index: [0, 0, 0]
    Size: [224, 320, 320]
  RequestedRegion: 
    Dimension: 3
    Index: [0, 0, 0]
    Size: [224, 320, 320]
  Spacing: [0.699997, 0.7, 0.7]
  Origin: [-80.5294, 75.3484, -113.779]
  Direction: 
1 0 0
0 -1 0
0 0 1

  IndexToPointMatrix: 
0.699997 0 0
0 -0.7 0
0 0 0.7

  PointToIndexMatrix: 
1.42858 0 0
0 -1.42857 0
0 0 1.42857

  Inverse Direction: 
1 0 0
0 -1 0
0 0 1

  PixelContainer: 
    ImportImageContainer (0x3912f10)
      RTTI typeinfo:   itk::ImportImageContainer<unsigned long, double>
      Reference Count: 1
      Modified Time: 2162
      Debug: Off
      Object Name: 
      Observers: 
        none
      Pointer: 0x2b0ed4b71010
      Container manages memory: true
      Size: 22937600
      Capacity: 22937600

     Weighting = 1
     Sampling strategy = regular
     Number of bins = 32
     Radius = 4
     Sampling percentage  = 0.25
   Transform = Affine
     Gradient step = 0.1
     Update field sigma (voxel space) = 0
     Total field sigma (voxel space) = 0
     Update field time sigma = 0
     Total field time sigma  = 0
     Number of time indices = 0
     Number of time point samples = 0
Stage 3 State
   Image metric = CC
     Fixed image = Image (0x3910df0)
  RTTI typeinfo:   itk::Image<double, 3u>
  Reference Count: 2
  Modified Time: 2599
  Debug: Off
  Object Name: 
  Observers: 
    none
  Source: (none)
  Source output name: (none)
  Release Data: Off
  Data Released: False
  Global Release Data: Off
  PipelineMTime: 0
  UpdateMTime: 2382
  RealTimeStamp: 0 seconds 
  LargestPossibleRegion: 
    Dimension: 3
    Index: [0, 0, 0]
    Size: [384, 384, 288]
  BufferedRegion: 
    Dimension: 3
    Index: [0, 0, 0]
    Size: [384, 384, 288]
  RequestedRegion: 
    Dimension: 3
    Index: [0, 0, 0]
    Size: [384, 384, 288]
  Spacing: [0.598958, 0.598958, 0.599937]
  Origin: [85.9044, -155.274, 91.0901]
  Direction: 
-0 0 -1
1 -0 0
0 -1 0

  IndexToPointMatrix: 
0 0 -0.599937
0.598958 0 0
0 -0.598958 0

  PointToIndexMatrix: 
0 1.66957 0
0 0 -1.66957
-1.66684 0 0

  Inverse Direction: 
0 1 0
0 0 -1
-1 0 0

  PixelContainer: 
    ImportImageContainer (0x3913ae0)
      RTTI typeinfo:   itk::ImportImageContainer<unsigned long, double>
      Reference Count: 1
      Modified Time: 2379
      Debug: Off
      Object Name: 
      Observers: 
        none
      Pointer: 0x2b0edfa72010
      Container manages memory: true
      Size: 42467328
      Capacity: 42467328

     Moving image = Image (0x390b700)
  RTTI typeinfo:   itk::Image<double, 3u>
  Reference Count: 2
  Modified Time: 2600
  Debug: Off
  Object Name: 
  Observers: 
    none
  Source: (none)
  Source output name: (none)
  Release Data: Off
  Data Released: False
  Global Release Data: Off
  PipelineMTime: 0
  UpdateMTime: 2597
  RealTimeStamp: 0 seconds 
  LargestPossibleRegion: 
    Dimension: 3
    Index: [0, 0, 0]
    Size: [224, 320, 320]
  BufferedRegion: 
    Dimension: 3
    Index: [0, 0, 0]
    Size: [224, 320, 320]
  RequestedRegion: 
    Dimension: 3
    Index: [0, 0, 0]
    Size: [224, 320, 320]
  Spacing: [0.699997, 0.7, 0.7]
  Origin: [-80.5294, 75.3484, -113.779]
  Direction: 
1 0 0
0 -1 0
0 0 1

  IndexToPointMatrix: 
0.699997 0 0
0 -0.7 0
0 0 0.7

  PointToIndexMatrix: 
1.42858 0 0
0 -1.42857 0
0 0 1.42857

  Inverse Direction: 
1 0 0
0 -1 0
0 0 1

  PixelContainer: 
    ImportImageContainer (0x3912350)
      RTTI typeinfo:   itk::ImportImageContainer<unsigned long, double>
      Reference Count: 1
      Modified Time: 2594
      Debug: Off
      Object Name: 
      Observers: 
        none
      Pointer: 0x2b0ef3e73010
      Container manages memory: true
      Size: 22937600
      Capacity: 22937600

     Weighting = 1
     Sampling strategy = none
     Number of bins = 32
     Radius = 4
     Sampling percentage  = 1
   Transform = SyN
     Gradient step = 0.1
     Update field sigma (voxel space) = 3
     Total field sigma (voxel space) = 0
     Update field time sigma = 0
     Total field time sigma  = 0
     Number of time indices = 0
     Number of time point samples = 0
Registration using 3 total stages.

Stage 0
  iterations = 1000x500x250x100
  convergence threshold = 1e-06
  convergence window size = 10
  number of levels = 4
  using the Mattes MI metric (number of bins = 32, weight = 1)
  preprocessing:  winsorizing the image intensities
  Shrink factors (level 1 out of 4): [12, 12, 12]
  Shrink factors (level 2 out of 4): [8, 8, 8]
  Shrink factors (level 3 out of 4): [4, 4, 4]
  Shrink factors (level 4 out of 4): [2, 2, 2]
  smoothing sigmas per level: [4, 3, 2, 1]
  regular sampling (percentage = 0.25)

*** Running Euler3DTransform registration ***

DIAGNOSTIC,Iteration,metricValue,convergenceValue,ITERATION_TIME_INDEX,SINCE_LAST
 2DIAGNOSTIC,     1, -4.993986489474e-01, 1.797693134862e+308, 1.0480e+01, 1.0480e+01, 
 2DIAGNOSTIC,     2, -5.013477295676e-01, 1.797693134862e+308, 1.0502e+01, 2.2649e-02, 
 2DIAGNOSTIC,     3, -5.050480355925e-01, 1.797693134862e+308, 1.0523e+01, 2.0781e-02, 
 2DIAGNOSTIC,     4, -5.108951771036e-01, 1.797693134862e+308, 1.0544e+01, 2.0777e-02, 
 2DIAGNOSTIC,     5, -5.183234166451e-01, 1.797693134862e+308, 1.0564e+01, 2.0290e-02, 
 2DIAGNOSTIC,     6, -5.307595332477e-01, 1.797693134862e+308, 1.0588e+01, 2.3884e-02, 
 2DIAGNOSTIC,     7, -5.553062565089e-01, 1.797693134862e+308, 1.0611e+01, 2.3028e-02, 
 2DIAGNOSTIC,     8, -5.865917162840e-01, 1.797693134862e+308, 1.0633e+01, 2.2044e-02, 
 2DIAGNOSTIC,     9, -5.959684135437e-01, 1.797693134862e+308, 1.0659e+01, 2.6009e-02, 
 2DIAGNOSTIC,    10, -5.991399348360e-01, 1.380894634999e-02, 1.0682e+01, 2.2271e-02, 
 2DIAGNOSTIC,    11, -6.126174400677e-01, 1.366328464092e-02, 1.0708e+01, 2.6511e-02, 
 2DIAGNOSTIC,    12, -6.162920154037e-01, 1.253659120345e-02, 1.0738e+01, 2.9858e-02, 
 2DIAGNOSTIC,    13, -6.171176220444e-01, 1.063948984600e-02, 1.0773e+01, 3.5377e-02, 
 2DIAGNOSTIC,    14, -6.165773395321e-01, 8.284037585663e-03, 1.0799e+01, 2.5491e-02, 
 2DIAGNOSTIC,    15, -6.175294190430e-01, 5.813256640279e-03, 1.0822e+01, 2.3652e-02, 
 2DIAGNOSTIC,    16, -6.176066717488e-01, 3.524769556695e-03, 1.0847e+01, 2.4975e-02, 
 2DIAGNOSTIC,    17, -6.182914256802e-01, 1.917465729088e-03, 1.0874e+01, 2.6648e-02, 
 2DIAGNOSTIC,    18, -6.182760038410e-01, 1.184939259902e-03, 1.0898e+01, 2.3994e-02, 
 2DIAGNOSTIC,    19, -6.180968434578e-01, 6.682571155317e-04, 1.0927e+01, 2.8630e-02, 
 2DIAGNOSTIC,    20, -6.183336008656e-01, 2.207196018675e-04, 1.0951e+01, 2.4685e-02, 
 2DIAGNOSTIC,    21, -6.191616274930e-01, 1.288965192768e-04, 1.0979e+01, 2.7462e-02, 
 2DIAGNOSTIC,    22, -6.195161818075e-01, 1.223628277594e-04, 1.1004e+01, 2.4942e-02, 
 2DIAGNOSTIC,    23, -6.197110852158e-01, 1.273908622662e-04, 1.1031e+01, 2.7415e-02, 
 2DIAGNOSTIC,    24, -6.202553309786e-01, 1.202596461308e-04, 1.1072e+01, 4.0802e-02, 
 2DIAGNOSTIC,    25, -6.203320068353e-01, 1.223668910891e-04, 1.1099e+01, 2.6680e-02, 
 2DIAGNOSTIC,    26, -6.203033269186e-01, 1.132649219431e-04, 1.1127e+01, 2.8583e-02, 
 2DIAGNOSTIC,    27, -6.201893117068e-01, 1.045933148135e-04, 1.1155e+01, 2.7241e-02, 
 2DIAGNOSTIC,    28, -6.201767724626e-01, 8.668787426812e-05, 1.1179e+01, 2.4409e-02, 
 2DIAGNOSTIC,    29, -6.202270784215e-01, 5.983686370477e-05, 1.1202e+01, 2.3530e-02, 
 2DIAGNOSTIC,    30, -6.202573296100e-01, 3.322188618825e-05, 1.1229e+01, 2.6425e-02, 
 2DIAGNOSTIC,    31, -6.200857671455e-01, 1.552911726434e-05, 1.1255e+01, 2.6524e-02, 
 2DIAGNOSTIC,    32, -6.200289224863e-01, 2.227804611940e-06, 1.1281e+01, 2.5656e-02, 
DIAGNOSTIC,Iteration,metricValue,convergenceValue,ITERATION_TIME_INDEX,SINCE_LAST
 2DIAGNOSTIC,     1, -5.442694146108e-01, 1.797693134862e+308, 2.1239e+01, 9.9584e+00, 
 2DIAGNOSTIC,     2, -5.448242018222e-01, 1.797693134862e+308, 2.1325e+01, 8.5555e-02, 
 2DIAGNOSTIC,     3, -5.454923254126e-01, 1.797693134862e+308, 2.1414e+01, 8.9363e-02, 
 2DIAGNOSTIC,     4, -5.464080273391e-01, 1.797693134862e+308, 2.1513e+01, 9.8401e-02, 
 2DIAGNOSTIC,     5, -5.464996284697e-01, 1.797693134862e+308, 2.1615e+01, 1.0248e-01, 
 2DIAGNOSTIC,     6, -5.465975668928e-01, 1.797693134862e+308, 2.1703e+01, 8.8128e-02, 
 2DIAGNOSTIC,     7, -5.466767208118e-01, 1.797693134862e+308, 2.1796e+01, 9.2605e-02, 
 2DIAGNOSTIC,     8, -5.471019319183e-01, 1.797693134862e+308, 2.1894e+01, 9.7871e-02, 
 2DIAGNOSTIC,     9, -5.483682998478e-01, 1.797693134862e+308, 2.2023e+01, 1.2893e-01, 
 2DIAGNOSTIC,    10, -5.486709441680e-01, 4.592444094517e-04, 2.2098e+01, 7.5468e-02, 
 2DIAGNOSTIC,    11, -5.487339976520e-01, 3.978654855431e-04, 2.2175e+01, 7.7103e-02, 
 2DIAGNOSTIC,    12, -5.489007352828e-01, 3.431313458150e-04, 2.2253e+01, 7.7512e-02, 
 2DIAGNOSTIC,    13, -5.490466087902e-01, 2.972451448142e-04, 2.2342e+01, 8.9476e-02, 
 2DIAGNOSTIC,    14, -5.496471395055e-01, 2.864552267179e-04, 2.2489e+01, 1.4715e-01, 
 2DIAGNOSTIC,    15, -5.496814134563e-01, 2.549165142870e-04, 2.2586e+01, 9.6912e-02, 
 2DIAGNOSTIC,    16, -5.496183354166e-01, 2.062440019633e-04, 2.2700e+01, 1.1366e-01, 
 2DIAGNOSTIC,    17, -5.496095367735e-01, 1.471680342172e-04, 2.2823e+01, 1.2270e-01, 
 2DIAGNOSTIC,    18, -5.495849092609e-01, 9.174112027788e-05, 2.2920e+01, 9.7685e-02, 
 2DIAGNOSTIC,    19, -5.495770355930e-01, 6.774399770926e-05, 2.3026e+01, 1.0577e-01, 
 2DIAGNOSTIC,    20, -5.495705970734e-01, 4.769158538399e-05, 2.3128e+01, 1.0152e-01, 
 2DIAGNOSTIC,    21, -5.496164315724e-01, 2.813307457901e-05, 2.3241e+01, 1.1283e-01, 
 2DIAGNOSTIC,    22, -5.496328754832e-01, 1.225129157997e-05, 2.3381e+01, 1.4057e-01, 
DIAGNOSTIC,Iteration,metricValue,convergenceValue,ITERATION_TIME_INDEX,SINCE_LAST
 2DIAGNOSTIC,     1, -4.867021937107e-01, 1.797693134862e+308, 3.4026e+01, 1.0645e+01, 
 2DIAGNOSTIC,     2, -4.871567740001e-01, 1.797693134862e+308, 3.4639e+01, 6.1319e-01, 
 2DIAGNOSTIC,     3, -4.878650069687e-01, 1.797693134862e+308, 3.5243e+01, 6.0373e-01, 
 2DIAGNOSTIC,     4, -4.883100023398e-01, 1.797693134862e+308, 3.5852e+01, 6.0886e-01, 
 2DIAGNOSTIC,     5, -4.887004502662e-01, 1.797693134862e+308, 3.6467e+01, 6.1484e-01, 
 2DIAGNOSTIC,     6, -4.891369545367e-01, 1.797693134862e+308, 3.7090e+01, 6.2319e-01, 
 2DIAGNOSTIC,     7, -4.893940541284e-01, 1.797693134862e+308, 3.7704e+01, 6.1401e-01, 
 2DIAGNOSTIC,     8, -4.900226188079e-01, 1.797693134862e+308, 3.8590e+01, 8.8577e-01, 
 2DIAGNOSTIC,     9, -4.900304627629e-01, 1.797693134862e+308, 3.9196e+01, 6.0610e-01, 
 2DIAGNOSTIC,    10, -4.902934158164e-01, 4.797033287072e-04, 4.0095e+01, 8.9887e-01, 
 2DIAGNOSTIC,    11, -4.903184783846e-01, 3.807958736304e-04, 4.0792e+01, 6.9753e-01, 
 2DIAGNOSTIC,    12, -4.903154714759e-01, 2.857171373635e-04, 4.1587e+01, 7.9487e-01, 
 2DIAGNOSTIC,    13, -4.902831393088e-01, 2.096099880391e-04, 4.2298e+01, 7.1091e-01, 
 2DIAGNOSTIC,    14, -4.902772185853e-01, 1.436443928230e-04, 4.3103e+01, 8.0530e-01, 
 2DIAGNOSTIC,    15, -4.902856196995e-01, 8.887905482416e-05, 4.3899e+01, 7.9559e-01, 
 2DIAGNOSTIC,    16, -4.902660102612e-01, 4.808269587142e-05, 4.4593e+01, 6.9442e-01, 
 2DIAGNOSTIC,    17, -4.902649923038e-01, 1.615581819993e-05, 4.5291e+01, 6.9761e-01, 
 2DIAGNOSTIC,    18, -4.902599517107e-01, 6.702956798776e-06, 4.5997e+01, 7.0576e-01, 
DIAGNOSTIC,Iteration,metricValue,convergenceValue,ITERATION_TIME_INDEX,SINCE_LAST
 2DIAGNOSTIC,     1, -4.274307450085e-01, 1.797693134862e+308, 6.1954e+01, 1.5958e+01, 
 2DIAGNOSTIC,     2, -4.275931962936e-01, 1.797693134862e+308, 6.6061e+01, 4.1068e+00, 
 2DIAGNOSTIC,     3, -4.277573805541e-01, 1.797693134862e+308, 7.0783e+01, 4.7220e+00, 
 2DIAGNOSTIC,     4, -4.278138540500e-01, 1.797693134862e+308, 7.6095e+01, 5.3118e+00, 
 2DIAGNOSTIC,     5, -4.278175535100e-01, 1.797693134862e+308, 8.0803e+01, 4.7088e+00, 
 2DIAGNOSTIC,     6, -4.278180790370e-01, 1.797693134862e+308, 8.5532e+01, 4.7282e+00, 
 2DIAGNOSTIC,     7, -4.278188672493e-01, 1.797693134862e+308, 8.9646e+01, 4.1141e+00, 
 2DIAGNOSTIC,     8, -4.278200045949e-01, 1.797693134862e+308, 9.4442e+01, 4.7963e+00, 
 2DIAGNOSTIC,     9, -4.278244668343e-01, 1.797693134862e+308, 9.8682e+01, 4.2397e+00, 
 2DIAGNOSTIC,    10, -4.278361756005e-01, 4.662525149962e-05, 1.0283e+02, 4.1465e+00, 
 2DIAGNOSTIC,    11, -4.278824032269e-01, 2.504480183162e-05, 1.0700e+02, 4.1751e+00, 
 2DIAGNOSTIC,    12, -4.279917435609e-01, 1.984102209346e-05, 1.1124e+02, 4.2333e+00, 
 2DIAGNOSTIC,    13, -4.281441803373e-01, 2.986206223606e-05, 1.1647e+02, 5.2312e+00, 
 2DIAGNOSTIC,    14, -4.281671502660e-01, 3.961144962959e-05, 1.2278e+02, 6.3172e+00, 
 2DIAGNOSTIC,    15, -4.282263045395e-01, 4.754879310807e-05, 1.2889e+02, 6.1057e+00, 
 2DIAGNOSTIC,    16, -4.282207127074e-01, 5.011318116514e-05, 1.3368e+02, 4.7895e+00, 
 2DIAGNOSTIC,    17, -4.282283623346e-01, 4.823085628677e-05, 1.3861e+02, 4.9253e+00, 
 2DIAGNOSTIC,    18, -4.282343281824e-01, 4.247753653863e-05, 1.4360e+02, 4.9901e+00, 
 2DIAGNOSTIC,    19, -4.282349759539e-01, 3.375940146402e-05, 1.4794e+02, 4.3439e+00, 
 2DIAGNOSTIC,    20, -4.282411139291e-01, 2.357788167144e-05, 1.5290e+02, 4.9593e+00, 
 2DIAGNOSTIC,    21, -4.282429378656e-01, 1.380168568237e-05, 1.5919e+02, 6.2931e+00, 
 2DIAGNOSTIC,    22, -4.282426119386e-01, 6.960848751014e-06, 1.6414e+02, 4.9527e+00, 
 2DIAGNOSTIC,    23, -4.282422213205e-01, 4.588114910331e-06, 1.6919e+02, 5.0430e+00, 
 2DIAGNOSTIC,    24, -4.282413756356e-01, 2.679106021128e-06, 1.7419e+02, 5.0030e+00, 
 2DIAGNOSTIC,    25, -4.282397194183e-01, 2.329736354847e-06, 1.8037e+02, 6.1771e+00, 
 2DIAGNOSTIC,    26, -4.282394621348e-01, 1.754442537784e-06, 1.8554e+02, 5.1737e+00, 
 2DIAGNOSTIC,    27, -4.282399265352e-01, 1.369173507661e-06, 1.9053e+02, 4.9928e+00, 
 2DIAGNOSTIC,    28, -4.282396571941e-01, 1.129812111249e-06, 1.9619e+02, 5.6594e+00, 
  Elapsed time (stage 0): 2.0169e+02


Stage 1
  iterations = 1000x500x250x100
  convergence threshold = 1.0000e-06
  convergence window size = 10
  number of levels = 4
  using the Mattes MI metric (number of bins = 32, weight = 1.0000e+00)
  preprocessing:  winsorizing the image intensities
  Shrink factors (level 1 out of 4): [12, 12, 12]
  Shrink factors (level 2 out of 4): [8, 8, 8]
  Shrink factors (level 3 out of 4): [4, 4, 4]
  Shrink factors (level 4 out of 4): [2, 2, 2]
  smoothing sigmas per level: [4, 3, 2, 1]
  regular sampling (percentage = 2.5000e-01)

*** Running AffineTransform registration ***

DIAGNOSTIC,Iteration,metricValue,convergenceValue,ITERATION_TIME_INDEX,SINCE_LAST
 2DIAGNOSTIC,     1, -6.022785991803e-01, 1.797693134862e+308, 1.0058e+01, 1.0058e+01, 
 2DIAGNOSTIC,     2, -6.043700443184e-01, 1.797693134862e+308, 1.0081e+01, 2.3672e-02, 
 2DIAGNOSTIC,     3, -6.070623645475e-01, 1.797693134862e+308, 1.0105e+01, 2.3276e-02, 
 2DIAGNOSTIC,     4, -6.124048796642e-01, 1.797693134862e+308, 1.0129e+01, 2.4092e-02, 
 2DIAGNOSTIC,     5, -6.208612103339e-01, 1.797693134862e+308, 1.0151e+01, 2.2013e-02, 
 2DIAGNOSTIC,     6, -6.325802328228e-01, 1.797693134862e+308, 1.0174e+01, 2.3399e-02, 
 2DIAGNOSTIC,     7, -6.443913242695e-01, 1.797693134862e+308, 1.0203e+01, 2.8848e-02, 
 2DIAGNOSTIC,     8, -6.714250072524e-01, 1.797693134862e+308, 1.0231e+01, 2.8301e-02, 
 2DIAGNOSTIC,     9, -6.784508325763e-01, 1.797693134862e+308, 1.0256e+01, 2.4715e-02, 
 2DIAGNOSTIC,    10, -6.852549549105e-01, 9.377863027395e-03, 1.0290e+01, 3.3635e-02, 
 2DIAGNOSTIC,    11, -6.903811846937e-01, 9.124471926997e-03, 1.0318e+01, 2.8731e-02, 
 2DIAGNOSTIC,    12, -6.951452742324e-01, 8.344005758103e-03, 1.0352e+01, 3.4146e-02, 
 2DIAGNOSTIC,    13, -6.969368813245e-01, 7.081103091405e-03, 1.0382e+01, 2.9525e-02, 
 2DIAGNOSTIC,    14, -6.975221898823e-01, 5.553238374291e-03, 1.0411e+01, 2.8732e-02, 
 2DIAGNOSTIC,    15, -6.981045872906e-01, 4.003416110714e-03, 1.0436e+01, 2.5621e-02, 
 2DIAGNOSTIC,    16, -6.982819533720e-01, 2.614200671029e-03, 1.0461e+01, 2.4305e-02, 
 2DIAGNOSTIC,    17, -6.986626626908e-01, 1.449404553813e-03, 1.0496e+01, 3.5273e-02, 
 2DIAGNOSTIC,    18, -6.988023570516e-01, 9.328744425552e-04, 1.0521e+01, 2.5307e-02, 
 2DIAGNOSTIC,    19, -6.989683149298e-01, 5.476749390241e-04, 1.0547e+01, 2.5899e-02, 
 2DIAGNOSTIC,    20, -6.991182897868e-01, 2.990361179788e-04, 1.0571e+01, 2.3991e-02, 
 2DIAGNOSTIC,    21, -6.992033974215e-01, 1.508336124455e-04, 1.0601e+01, 2.9400e-02, 
 2DIAGNOSTIC,    22, -6.995473168685e-01, 1.005754792448e-04, 1.0639e+01, 3.8364e-02, 
 2DIAGNOSTIC,    23, -6.996947747623e-01, 8.101581177886e-05, 1.0664e+01, 2.5460e-02, 
 2DIAGNOSTIC,    24, -7.001311269479e-01, 7.351496716491e-05, 1.0690e+01, 2.5495e-02, 
 2DIAGNOSTIC,    25, -7.005098790551e-01, 7.599056370589e-05, 1.0720e+01, 2.9879e-02, 
 2DIAGNOSTIC,    26, -7.001735858993e-01, 6.847086270076e-05, 1.0748e+01, 2.8530e-02, 
 2DIAGNOSTIC,    27, -7.006941298749e-01, 6.949083990331e-05, 1.0789e+01, 4.1005e-02, 
 2DIAGNOSTIC,    28, -7.007102031339e-01, 6.604663816890e-05, 1.0818e+01, 2.8769e-02, 
 2DIAGNOSTIC,    29, -7.007638302267e-01, 5.981152427814e-05, 1.0843e+01, 2.5460e-02, 
 2DIAGNOSTIC,    30, -7.006814012804e-01, 4.947176635355e-05, 1.0870e+01, 2.6228e-02, 
 2DIAGNOSTIC,    31, -7.003787149156e-01, 3.236925599787e-05, 1.0896e+01, 2.6287e-02, 
 2DIAGNOSTIC,    32, -7.004390368647e-01, 1.879812868603e-05, 1.0926e+01, 2.9690e-02, 
 2DIAGNOSTIC,    33, -7.004575205709e-01, 6.206445475360e-06, 1.0952e+01, 2.6273e-02, 
DIAGNOSTIC,Iteration,metricValue,convergenceValue,ITERATION_TIME_INDEX,SINCE_LAST
 2DIAGNOSTIC,     1, -6.363075584672e-01, 1.797693134862e+308, 2.0998e+01, 1.0046e+01, 
 2DIAGNOSTIC,     2, -6.370554625894e-01, 1.797693134862e+308, 2.1090e+01, 9.2306e-02, 
 2DIAGNOSTIC,     3, -6.380847991768e-01, 1.797693134862e+308, 2.1184e+01, 9.3883e-02, 
 2DIAGNOSTIC,     4, -6.395779195339e-01, 1.797693134862e+308, 2.1277e+01, 9.3407e-02, 
 2DIAGNOSTIC,     5, -6.412786589802e-01, 1.797693134862e+308, 2.1371e+01, 9.3281e-02, 
 2DIAGNOSTIC,     6, -6.427926167532e-01, 1.797693134862e+308, 2.1462e+01, 9.0955e-02, 
 2DIAGNOSTIC,     7, -6.441870494348e-01, 1.797693134862e+308, 2.1625e+01, 1.6349e-01, 
 2DIAGNOSTIC,     8, -6.444622108210e-01, 1.797693134862e+308, 2.1750e+01, 1.2462e-01, 
 2DIAGNOSTIC,     9, -6.444906006175e-01, 1.797693134862e+308, 2.1842e+01, 9.1819e-02, 
 2DIAGNOSTIC,    10, -6.444471654474e-01, 9.567089403023e-04, 2.1947e+01, 1.0503e-01, 
 2DIAGNOSTIC,    11, -6.445105213659e-01, 7.350158407312e-04, 2.2037e+01, 9.0180e-02, 
 2DIAGNOSTIC,    12, -6.444979413110e-01, 5.113577262322e-04, 2.2127e+01, 8.9963e-02, 
 2DIAGNOSTIC,    13, -6.446296103708e-01, 3.156109249394e-04, 2.2216e+01, 8.9153e-02, 
 2DIAGNOSTIC,    14, -6.447494496478e-01, 1.701028820971e-04, 2.2310e+01, 9.3876e-02, 
 2DIAGNOSTIC,    15, -6.448979424663e-01, 8.259074811992e-05, 2.2417e+01, 1.0713e-01, 
 2DIAGNOSTIC,    16, -6.449775828123e-01, 4.169182054083e-05, 2.2521e+01, 1.0379e-01, 
 2DIAGNOSTIC,    17, -6.450301581101e-01, 3.941758521618e-05, 2.2623e+01, 1.0214e-01, 
 2DIAGNOSTIC,    18, -6.450421783707e-01, 4.095754195198e-05, 2.2715e+01, 9.1722e-02, 
 2DIAGNOSTIC,    19, -6.450002057190e-01, 3.839595071543e-05, 2.2802e+01, 8.7207e-02, 
 2DIAGNOSTIC,    20, -6.452211286865e-01, 3.658206531776e-05, 2.2958e+01, 1.5633e-01, 
 2DIAGNOSTIC,    21, -6.451155275856e-01, 3.069264066604e-05, 2.3048e+01, 9.0352e-02, 
 2DIAGNOSTIC,    22, -6.451257094437e-01, 2.264591274381e-05, 2.3151e+01, 1.0257e-01, 
 2DIAGNOSTIC,    23, -6.451312753849e-01, 1.598176292995e-05, 2.3242e+01, 9.0968e-02, 
 2DIAGNOSTIC,    24, -6.450750129825e-01, 9.596319980452e-06, 2.3347e+01, 1.0473e-01, 
 2DIAGNOSTIC,    25, -6.450822714638e-01, 5.649291431438e-06, 2.3437e+01, 8.9992e-02, 
 2DIAGNOSTIC,    26, -6.450145738215e-01, 1.765420541894e-06, 2.3541e+01, 1.0407e-01, 
DIAGNOSTIC,Iteration,metricValue,convergenceValue,ITERATION_TIME_INDEX,SINCE_LAST
 2DIAGNOSTIC,     1, -5.568835095765e-01, 1.797693134862e+308, 3.4319e+01, 1.0778e+01, 
 2DIAGNOSTIC,     2, -5.575085977231e-01, 1.797693134862e+308, 3.5111e+01, 7.9210e-01, 
 2DIAGNOSTIC,     3, -5.583389996347e-01, 1.797693134862e+308, 3.5860e+01, 7.4955e-01, 
 2DIAGNOSTIC,     4, -5.592102585450e-01, 1.797693134862e+308, 3.6545e+01, 6.8505e-01, 
 2DIAGNOSTIC,     5, -5.600821457514e-01, 1.797693134862e+308, 3.7255e+01, 7.0931e-01, 
 2DIAGNOSTIC,     6, -5.606518670848e-01, 1.797693134862e+308, 3.7943e+01, 6.8865e-01, 
 2DIAGNOSTIC,     7, -5.612072386357e-01, 1.797693134862e+308, 3.8819e+01, 8.7544e-01, 
 2DIAGNOSTIC,     8, -5.611352669550e-01, 1.797693134862e+308, 4.0957e+01, 2.1384e+00, 
 2DIAGNOSTIC,     9, -5.611352020959e-01, 1.797693134862e+308, 4.1637e+01, 6.8021e-01, 
 2DIAGNOSTIC,    10, -5.611353908095e-01, 5.317541833123e-04, 4.2314e+01, 6.7632e-01, 
 2DIAGNOSTIC,    11, -5.611373414189e-01, 3.724000640631e-04, 4.2985e+01, 6.7098e-01, 
 2DIAGNOSTIC,    12, -5.611456692359e-01, 2.328875497310e-04, 4.3655e+01, 6.7019e-01, 
 2DIAGNOSTIC,    13, -5.611465273787e-01, 1.263002796338e-04, 4.4333e+01, 6.7845e-01, 
 2DIAGNOSTIC,    14, -5.611453471705e-01, 5.493865169319e-05, 4.5014e+01, 6.8034e-01, 
 2DIAGNOSTIC,    15, -5.611477826038e-01, 1.751237919102e-05, 4.5809e+01, 7.9503e-01, 
DIAGNOSTIC,Iteration,metricValue,convergenceValue,ITERATION_TIME_INDEX,SINCE_LAST
 2DIAGNOSTIC,     1, -4.852524819056e-01, 1.797693134862e+308, 6.2345e+01, 1.6536e+01, 
 2DIAGNOSTIC,     2, -4.860338944939e-01, 1.797693134862e+308, 6.7494e+01, 5.1495e+00, 
 2DIAGNOSTIC,     3, -4.868806326208e-01, 1.797693134862e+308, 7.2268e+01, 4.7740e+00, 
 2DIAGNOSTIC,     4, -4.875684127783e-01, 1.797693134862e+308, 7.6941e+01, 4.6729e+00, 
 2DIAGNOSTIC,     5, -4.879751953146e-01, 1.797693134862e+308, 8.1561e+01, 4.6203e+00, 
 2DIAGNOSTIC,     6, -4.882460991315e-01, 1.797693134862e+308, 8.6190e+01, 4.6287e+00, 
 2DIAGNOSTIC,     7, -4.886401571271e-01, 1.797693134862e+308, 9.6245e+01, 1.0054e+01, 
 2DIAGNOSTIC,     8, -4.886480500637e-01, 1.797693134862e+308, 1.0120e+02, 4.9533e+00, 
 2DIAGNOSTIC,     9, -4.886568481209e-01, 1.797693134862e+308, 1.0606e+02, 4.8578e+00, 
 2DIAGNOSTIC,    10, -4.886835286691e-01, 4.407809730679e-04, 1.1228e+02, 6.2216e+00, 
 2DIAGNOSTIC,    11, -4.886910584406e-01, 2.876518614372e-04, 1.1763e+02, 5.3478e+00, 
 2DIAGNOSTIC,    12, -4.886881254655e-01, 1.715408007269e-04, 1.2223e+02, 4.6016e+00, 
 2DIAGNOSTIC,    13, -4.886954344612e-01, 9.583177010752e-05, 1.2673e+02, 4.4999e+00, 
 2DIAGNOSTIC,    14, -4.887060497047e-01, 5.143120594726e-05, 1.3258e+02, 5.8563e+00, 
 2DIAGNOSTIC,    15, -4.887106543818e-01, 2.430237868099e-05, 1.3822e+02, 5.6366e+00, 
 2DIAGNOSTIC,    16, -4.887110668033e-01, 8.004169530798e-06, 1.4262e+02, 4.4009e+00, 
 2DIAGNOSTIC,    17, -4.887109894279e-01, 6.585120662254e-06, 1.4783e+02, 5.2076e+00, 
 2DIAGNOSTIC,    18, -4.887190580224e-01, 5.408955338286e-06, 1.5238e+02, 4.5475e+00, 
 2DIAGNOSTIC,    19, -4.887275200165e-01, 4.512488441313e-06, 1.5834e+02, 5.9644e+00, 
 2DIAGNOSTIC,    20, -4.887342585602e-01, 4.403436716226e-06, 1.6367e+02, 5.3323e+00, 
 2DIAGNOSTIC,    21, -4.887362545712e-01, 4.317017700983e-06, 1.6909e+02, 5.4130e+00, 
 2DIAGNOSTIC,    22, -4.887372988236e-01, 3.930308212087e-06, 1.7347e+02, 4.3857e+00, 
 2DIAGNOSTIC,    23, -4.887432250073e-01, 3.672173253380e-06, 1.7861e+02, 5.1359e+00, 
 2DIAGNOSTIC,    24, -4.887607696354e-01, 3.893116284188e-06, 1.8315e+02, 4.5391e+00, 
 2DIAGNOSTIC,    25, -4.887763308387e-01, 4.314441682397e-06, 1.8762e+02, 4.4776e+00, 
 2DIAGNOSTIC,    26, -4.887986568782e-01, 4.927157478192e-06, 1.9211e+02, 4.4887e+00, 
 2DIAGNOSTIC,    27, -4.888360030999e-01, 5.944003034351e-06, 1.9665e+02, 4.5371e+00, 
 2DIAGNOSTIC,    28, -4.889078476263e-01, 8.082072747592e-06, 2.0572e+02, 9.0704e+00, 
 2DIAGNOSTIC,    29, -4.889117703108e-01, 9.629672053070e-06, 2.1093e+02, 5.2068e+00, 
 2DIAGNOSTIC,    30, -4.889116119897e-01, 1.041437387805e-05, 2.1698e+02, 6.0517e+00, 
 2DIAGNOSTIC,    31, -4.889117634879e-01, 1.032168623458e-05, 2.2217e+02, 5.1937e+00, 
 2DIAGNOSTIC,    32, -4.889108115583e-01, 9.344290356678e-06, 2.2741e+02, 5.2393e+00, 
 2DIAGNOSTIC,    33, -4.889108210182e-01, 7.716160494602e-06, 2.3191e+02, 4.4944e+00, 
 2DIAGNOSTIC,    34, -4.889108795129e-01, 5.845693841391e-06, 2.3705e+02, 5.1476e+00, 
 2DIAGNOSTIC,    35, -4.889111230219e-01, 3.894308959470e-06, 2.4217e+02, 5.1157e+00, 
 2DIAGNOSTIC,    36, -4.889112357790e-01, 2.127909090637e-06, 2.4754e+02, 5.3747e+00, 
  Elapsed time (stage 1): 2.5280e+02


Stage 2
  iterations = 100x100x70x50x20
  convergence threshold = 1.0000e-06
  convergence window size = 10
  number of levels = 5
  using the CC metric (radius = 4, weight = 1.0000e+00)
  preprocessing:  winsorizing the image intensities
  Shrink factors (level 1 out of 5): [10, 10, 10]
  Shrink factors (level 2 out of 5): [6, 6, 6]
  Shrink factors (level 3 out of 5): [4, 4, 4]
  Shrink factors (level 4 out of 5): [2, 2, 2]
  Shrink factors (level 5 out of 5): [1, 1, 1]
  smoothing sigmas per level: [5, 3, 2, 1, 0]
  Using default NONE metricSamplingStrategy 

*** Running SyN registration (varianceForUpdateField = 3.0000e+00, varianceForTotalField = 0.0000e+00) ***

XXDIAGNOSTIC,Iteration,metricValue,convergenceValue,ITERATION_TIME_INDEX,SINCE_LAST
 1DIAGNOSTIC,     1, -5.157300519485e-01, 1.797693134862e+308, 1.2232e+01, 1.2232e+01, 
 1DIAGNOSTIC,     2, -5.258495347448e-01, 1.797693134862e+308, 1.3904e+01, 1.6714e+00, 
 1DIAGNOSTIC,     3, -5.339173029502e-01, 1.797693134862e+308, 1.5583e+01, 1.6795e+00, 
 1DIAGNOSTIC,     4, -5.412516982822e-01, 1.797693134862e+308, 1.7288e+01, 1.7053e+00, 
 1DIAGNOSTIC,     5, -5.477018182960e-01, 1.797693134862e+308, 1.9126e+01, 1.8376e+00, 
 1DIAGNOSTIC,     6, -5.533088989573e-01, 1.797693134862e+308, 2.1118e+01, 1.9917e+00, 
 1DIAGNOSTIC,     7, -5.581565856236e-01, 1.797693134862e+308, 2.3066e+01, 1.9481e+00, 
 1DIAGNOSTIC,     8, -5.624533108023e-01, 1.797693134862e+308, 2.4966e+01, 1.8999e+00, 
 1DIAGNOSTIC,     9, -5.661519635306e-01, 1.797693134862e+308, 2.6696e+01, 1.7305e+00, 
 1DIAGNOSTIC,    10, -5.694622502316e-01, 6.119095581721e-03, 2.8369e+01, 1.6730e+00, 
 1DIAGNOSTIC,    11, -5.724020766297e-01, 4.833855967080e-03, 3.0056e+01, 1.6862e+00, 
 1DIAGNOSTIC,    12, -5.750464958816e-01, 3.879733776764e-03, 3.1778e+01, 1.7223e+00, 
 1DIAGNOSTIC,    13, -5.774467400466e-01, 3.136317187041e-03, 3.3551e+01, 1.7728e+00, 
 1DIAGNOSTIC,    14, -5.796032946365e-01, 2.561382761557e-03, 3.5286e+01, 1.7352e+00, 
 1DIAGNOSTIC,    15, -5.815268035174e-01, 2.113990248752e-03, 3.6993e+01, 1.7069e+00, 
 1DIAGNOSTIC,    16, -5.832602011055e-01, 1.761814753030e-03, 3.8708e+01, 1.7157e+00, 
 1DIAGNOSTIC,    17, -5.848636540719e-01, 1.480976607535e-03, 4.0454e+01, 1.7459e+00, 
 1DIAGNOSTIC,    18, -5.863037449447e-01, 1.255382868351e-03, 4.2203e+01, 1.7483e+00, 
 1DIAGNOSTIC,    19, -5.875987514858e-01, 1.069449622728e-03, 4.3890e+01, 1.6874e+00, 
 1DIAGNOSTIC,    20, -5.887763687044e-01, 9.153954402537e-04, 4.5627e+01, 1.7373e+00, 
 1DIAGNOSTIC,    21, -5.898489291785e-01, 7.864165951867e-04, 4.7335e+01, 1.7074e+00, 
 1DIAGNOSTIC,    22, -5.908330162982e-01, 6.780977251297e-04, 4.9044e+01, 1.7089e+00, 
 1DIAGNOSTIC,    23, -5.917273312879e-01, 5.871268585030e-04, 5.0766e+01, 1.7222e+00, 
 1DIAGNOSTIC,    24, -5.925602633910e-01, 5.106739105733e-04, 5.2469e+01, 1.7029e+00, 
 1DIAGNOSTIC,    25, -5.933072505009e-01, 4.454274125473e-04, 5.4171e+01, 1.7023e+00, 
 1DIAGNOSTIC,    26, -5.939907610908e-01, 3.893716786633e-04, 5.5898e+01, 1.7273e+00, 
 1DIAGNOSTIC,    27, -5.946329763972e-01, 3.419530244310e-04, 5.7592e+01, 1.6934e+00, 
 1DIAGNOSTIC,    28, -5.952117071933e-01, 3.012874860521e-04, 5.9293e+01, 1.7012e+00, 
 1DIAGNOSTIC,    29, -5.957226083354e-01, 2.656993756604e-04, 6.0977e+01, 1.6842e+00, 
 1DIAGNOSTIC,    30, -5.962511671937e-01, 2.354085629170e-04, 6.2688e+01, 1.7107e+00, 
 1DIAGNOSTIC,    31, -5.966747585394e-01, 2.085266307581e-04, 6.4381e+01, 1.6930e+00, 
 1DIAGNOSTIC,    32, -5.970683350562e-01, 1.847518156717e-04, 6.6083e+01, 1.7023e+00, 
 1DIAGNOSTIC,    33, -5.974624873424e-01, 1.640876512073e-04, 6.7783e+01, 1.7000e+00, 
 1DIAGNOSTIC,    34, -5.978319459951e-01, 1.464169706326e-04, 6.9499e+01, 1.7160e+00, 
 1DIAGNOSTIC,    35, -5.981408325689e-01, 1.306300967061e-04, 7.1152e+01, 1.6534e+00, 
 1DIAGNOSTIC,    36, -5.984316901826e-01, 1.165756328182e-04, 7.2834e+01, 1.6820e+00, 
 1DIAGNOSTIC,    37, -5.987052495693e-01, 1.043312023459e-04, 7.4483e+01, 1.6483e+00, 
 1DIAGNOSTIC,    38, -5.989808629049e-01, 9.381029535482e-05, 7.6169e+01, 1.6862e+00, 
 1DIAGNOSTIC,    39, -5.992215970174e-01, 8.428931648431e-05, 7.7929e+01, 1.7600e+00, 
 1DIAGNOSTIC,    40, -5.993925694244e-01, 7.577969908427e-05, 7.9737e+01, 1.8085e+00, 
 1DIAGNOSTIC,    41, -5.996367167046e-01, 6.846116327431e-05, 8.1397e+01, 1.6593e+00, 
 1DIAGNOSTIC,    42, -5.998362213163e-01, 6.184123427647e-05, 8.3063e+01, 1.6664e+00, 
 1DIAGNOSTIC,    43, -5.999942523912e-01, 5.588631891921e-05, 8.4711e+01, 1.6483e+00, 
 1DIAGNOSTIC,    44, -6.001357989851e-01, 5.056342482938e-05, 8.6395e+01, 1.6833e+00, 
 1DIAGNOSTIC,    45, -6.003180239632e-01, 4.600365514294e-05, 8.8070e+01, 1.6750e+00, 
 1DIAGNOSTIC,    46, -6.004671525241e-01, 4.190852529044e-05, 8.9711e+01, 1.6415e+00, 
 1DIAGNOSTIC,    47, -6.005545915615e-01, 3.772372817354e-05, 9.1413e+01, 1.7018e+00, 
 1DIAGNOSTIC,    48, -6.007032299002e-01, 3.445323810712e-05, 9.3120e+01, 1.7068e+00, 
 1DIAGNOSTIC,    49, -6.008252427220e-01, 3.165834827666e-05, 9.4817e+01, 1.6970e+00, 
 1DIAGNOSTIC,    50, -6.008978593091e-01, 2.831658061241e-05, 9.6510e+01, 1.6926e+00, 
 1DIAGNOSTIC,    51, -6.010022836316e-01, 2.575061333065e-05, 9.8206e+01, 1.6970e+00, 
 1DIAGNOSTIC,    52, -6.010921003714e-01, 2.355816562812e-05, 9.9909e+01, 1.7023e+00, 
 1DIAGNOSTIC,    53, -6.012084511780e-01, 2.173952010676e-05, 1.0162e+02, 1.7064e+00, 
 1DIAGNOSTIC,    54, -6.012286958292e-01, 1.936877489678e-05, 1.0328e+02, 1.6667e+00, 
 1DIAGNOSTIC,    55, -6.012935116735e-01, 1.745952514021e-05, 1.0499e+02, 1.7054e+00, 
 1DIAGNOSTIC,    56, -6.013922170034e-01, 1.613995475687e-05, 1.0673e+02, 1.7466e+00, 
 1DIAGNOSTIC,    57, -6.014335962170e-01, 1.442086358654e-05, 1.0841e+02, 1.6791e+00, 
 1DIAGNOSTIC,    58, -6.015036824381e-01, 1.324044956609e-05, 1.1009e+02, 1.6775e+00, 
 1DIAGNOSTIC,    59, -6.015485288511e-01, 1.224991224150e-05, 1.1180e+02, 1.7076e+00, 
 1DIAGNOSTIC,    60, -6.016333822461e-01, 1.142846777988e-05, 1.1349e+02, 1.6913e+00, 
 1DIAGNOSTIC,    61, -6.016488290165e-01, 1.050974968199e-05, 1.1518e+02, 1.6936e+00, 
 1DIAGNOSTIC,    62, -6.016944287451e-01, 9.702202412493e-06, 1.1688e+02, 1.6946e+00, 
 1DIAGNOSTIC,    63, -6.017696726812e-01, 9.512754819720e-06, 1.1859e+02, 1.7084e+00, 
 1DIAGNOSTIC,    64, -6.017762006646e-01, 8.645435425749e-06, 1.2029e+02, 1.7050e+00, 
 1DIAGNOSTIC,    65, -6.018240898870e-01, 7.849561779228e-06, 1.2201e+02, 1.7178e+00, 
 1DIAGNOSTIC,    66, -6.018480088691e-01, 7.264971587161e-06, 1.2372e+02, 1.7128e+00, 
 1DIAGNOSTIC,    67, -6.019026733974e-01, 6.729454006357e-06, 1.2543e+02, 1.7106e+00, 
 1DIAGNOSTIC,    68, -6.019209005898e-01, 6.221361731815e-06, 1.2714e+02, 1.7087e+00, 
 1DIAGNOSTIC,    69, -6.019381940917e-01, 5.598592473319e-06, 1.2884e+02, 1.6997e+00, 
 1DIAGNOSTIC,    70, -6.019972721828e-01, 5.498715348336e-06, 1.3054e+02, 1.6997e+00, 
 1DIAGNOSTIC,    71, -6.019884104308e-01, 4.945681549384e-06, 1.3226e+02, 1.7171e+00, 
 1DIAGNOSTIC,    72, -6.020218506374e-01, 4.497206931674e-06, 1.3396e+02, 1.7015e+00, 
 1DIAGNOSTIC,    73, -6.020323057022e-01, 4.237517079465e-06, 1.3565e+02, 1.6906e+00, 
 1DIAGNOSTIC,    74, -6.020828049515e-01, 3.985101360533e-06, 1.3734e+02, 1.6890e+00, 
 1DIAGNOSTIC,    75, -6.020892570717e-01, 3.736562600058e-06, 1.3906e+02, 1.7231e+00, 
 1DIAGNOSTIC,    76, -6.020955695133e-01, 3.363179245083e-06, 1.4078e+02, 1.7155e+00, 
 1DIAGNOSTIC,    77, -6.021443541453e-01, 3.368075618916e-06, 1.4249e+02, 1.7140e+00, 
 1DIAGNOSTIC,    78, -6.021258702921e-01, 3.076714838389e-06, 1.4422e+02, 1.7273e+00, 
 1DIAGNOSTIC,    79, -6.021503349431e-01, 2.784502351248e-06, 1.4595e+02, 1.7317e+00, 
 1DIAGNOSTIC,    80, -6.021523046037e-01, 2.639860218910e-06, 1.4766e+02, 1.7084e+00, 
 1DIAGNOSTIC,    81, -6.021864404397e-01, 2.430794433822e-06, 1.4938e+02, 1.7223e+00, 
 1DIAGNOSTIC,    82, -6.021855931901e-01, 2.216519696174e-06, 1.5110e+02, 1.7169e+00, 
 1DIAGNOSTIC,    83, -6.021851815947e-01, 1.885286020790e-06, 1.5280e+02, 1.7065e+00, 
 1DIAGNOSTIC,    84, -6.022276526841e-01, 1.954694144409e-06, 1.5445e+02, 1.6439e+00, 
 1DIAGNOSTIC,    85, -6.022033477340e-01, 1.762072368724e-06, 1.5607e+02, 1.6222e+00, 
 1DIAGNOSTIC,    86, -6.022225399946e-01, 1.579627151464e-06, 1.5768e+02, 1.6064e+00, 
 1DIAGNOSTIC,    87, -6.022197331937e-01, 1.542277449336e-06, 1.5929e+02, 1.6108e+00, 
 1DIAGNOSTIC,    88, -6.022494705559e-01, 1.452119389705e-06, 1.6090e+02, 1.6150e+00, 
 1DIAGNOSTIC,    89, -6.022443928293e-01, 1.359162130581e-06, 1.6252e+02, 1.6149e+00, 
 1DIAGNOSTIC,    90, -6.022400522067e-01, 1.157460599753e-06, 1.6413e+02, 1.6139e+00, 
 1DIAGNOSTIC,    91, -6.022788265101e-01, 1.273096055071e-06, 1.6576e+02, 1.6250e+00, 
 1DIAGNOSTIC,    92, -6.022509373772e-01, 1.140998456396e-06, 1.6737e+02, 1.6164e+00, 
 1DIAGNOSTIC,    93, -6.022666465282e-01, 1.011874332121e-06, 1.6898e+02, 1.6115e+00, 
 1DIAGNOSTIC,    94, -6.022358525821e-01, 8.845529719820e-07, 1.7060e+02, 1.6113e+00, 
XXDIAGNOSTIC,Iteration,metricValue,convergenceValue,ITERATION_TIME_INDEX,SINCE_LAST
 1DIAGNOSTIC,     1, -5.002218818948e-01, 1.797693134862e+308, 1.8761e+02, 1.7018e+01, 
 1DIAGNOSTIC,     2, -5.058072175165e-01, 1.797693134862e+308, 1.9625e+02, 8.6410e+00, 
 1DIAGNOSTIC,     3, -5.110006603013e-01, 1.797693134862e+308, 2.0605e+02, 9.7980e+00, 
 1DIAGNOSTIC,     4, -5.151411097159e-01, 1.797693134862e+308, 2.1599e+02, 9.9393e+00, 
 1DIAGNOSTIC,     5, -5.185458879631e-01, 1.797693134862e+308, 2.2469e+02, 8.7023e+00, 
 1DIAGNOSTIC,     6, -5.211222454951e-01, 1.797693134862e+308, 2.3310e+02, 8.4020e+00, 
 1DIAGNOSTIC,     7, -5.233728534020e-01, 1.797693134862e+308, 2.4153e+02, 8.4380e+00, 
 1DIAGNOSTIC,     8, -5.253027811041e-01, 1.797693134862e+308, 2.4999e+02, 8.4522e+00, 
 1DIAGNOSTIC,     9, -5.269022897241e-01, 1.797693134862e+308, 2.5838e+02, 8.3984e+00, 
 1DIAGNOSTIC,    10, -5.282223374492e-01, 3.338576831865e-03, 2.6668e+02, 8.2957e+00, 
 1DIAGNOSTIC,    11, -5.294080297405e-01, 2.515177607273e-03, 2.7526e+02, 8.5842e+00, 
 1DIAGNOSTIC,    12, -5.302679809056e-01, 1.896190931025e-03, 2.8388e+02, 8.6193e+00, 
 1DIAGNOSTIC,    13, -5.312921072825e-01, 1.461499839600e-03, 2.9236e+02, 8.4754e+00, 
 1DIAGNOSTIC,    14, -5.319747465447e-01, 1.142825018045e-03, 3.0096e+02, 8.6030e+00, 
 1DIAGNOSTIC,    15, -5.327915908594e-01, 9.151009374661e-04, 3.0972e+02, 8.7567e+00, 
 1DIAGNOSTIC,    16, -5.333357574001e-01, 7.373411777866e-04, 3.1791e+02, 8.1928e+00, 
 1DIAGNOSTIC,    17, -5.339942555077e-01, 6.051296488750e-04, 3.2623e+02, 8.3161e+00, 
 1DIAGNOSTIC,    18, -5.344625967439e-01, 5.034743243207e-04, 3.3426e+02, 8.0319e+00, 
 1DIAGNOSTIC,    19, -5.349685806529e-01, 4.255921651174e-04, 3.4225e+02, 7.9862e+00, 
 1DIAGNOSTIC,    20, -5.354365546957e-01, 3.640257840343e-04, 3.5026e+02, 8.0102e+00, 
 1DIAGNOSTIC,    21, -5.357847766042e-01, 3.137835945550e-04, 3.5853e+02, 8.2727e+00, 
 1DIAGNOSTIC,    22, -5.362472893599e-01, 2.710623777314e-04, 3.6679e+02, 8.2656e+00, 
 1DIAGNOSTIC,    23, -5.365461924304e-01, 2.376198024087e-04, 3.7494e+02, 8.1478e+00, 
 1DIAGNOSTIC,    24, -5.369404171623e-01, 2.087312649564e-04, 3.8327e+02, 8.3278e+00, 
 1DIAGNOSTIC,    25, -5.371241560848e-01, 1.840571756340e-04, 3.9135e+02, 8.0793e+00, 
 1DIAGNOSTIC,    26, -5.375501636268e-01, 1.640171586926e-04, 3.9946e+02, 8.1097e+00, 
 1DIAGNOSTIC,    27, -5.377802566352e-01, 1.476037797822e-04, 4.0756e+02, 8.1045e+00, 
 1DIAGNOSTIC,    28, -5.380157968160e-01, 1.319079627498e-04, 4.1569e+02, 8.1302e+00, 
 1DIAGNOSTIC,    29, -5.383005982033e-01, 1.194907081663e-04, 4.2379e+02, 8.0980e+00, 
 1DIAGNOSTIC,    30, -5.384472185000e-01, 1.076001132293e-04, 4.3196e+02, 8.1674e+00, 
 1DIAGNOSTIC,    31, -5.387387199587e-01, 9.733234030707e-05, 4.4007e+02, 8.1111e+00, 
 1DIAGNOSTIC,    32, -5.388837729840e-01, 8.862927957500e-05, 4.4867e+02, 8.5972e+00, 
 1DIAGNOSTIC,    33, -5.390503873941e-01, 7.961616614863e-05, 4.5730e+02, 8.6343e+00, 
 1DIAGNOSTIC,    34, -5.393432959179e-01, 7.449484643891e-05, 4.6537e+02, 8.0683e+00, 
 1DIAGNOSTIC,    35, -5.394293450683e-01, 6.659644898870e-05, 4.7338e+02, 8.0112e+00, 
 1DIAGNOSTIC,    36, -5.396487460716e-01, 6.247873263411e-05, 4.8139e+02, 8.0076e+00, 
 1DIAGNOSTIC,    37, -5.397267641789e-01, 5.710447263912e-05, 4.8944e+02, 8.0538e+00, 
 1DIAGNOSTIC,    38, -5.399539222140e-01, 5.311621015481e-05, 4.9749e+02, 8.0509e+00, 
 1DIAGNOSTIC,    39, -5.401143490354e-01, 5.037486966439e-05, 5.0599e+02, 8.4995e+00, 
 1DIAGNOSTIC,    40, -5.401598834167e-01, 4.551177351591e-05, 5.1410e+02, 8.1069e+00, 
 1DIAGNOSTIC,    41, -5.404173839565e-01, 4.381250141664e-05, 5.2213e+02, 8.0304e+00, 
 1DIAGNOSTIC,    42, -5.404614530459e-01, 4.040376635876e-05, 5.3009e+02, 7.9637e+00, 
 1DIAGNOSTIC,    43, -5.405666095226e-01, 3.667078372010e-05, 5.3811e+02, 8.0186e+00, 
 1DIAGNOSTIC,    44, -5.407702404182e-01, 3.569261380707e-05, 5.4618e+02, 8.0711e+00, 
 1DIAGNOSTIC,    45, -5.408114108708e-01, 3.283150246790e-05, 5.5423e+02, 8.0500e+00, 
 1DIAGNOSTIC,    46, -5.410094905434e-01, 3.188082182633e-05, 5.6245e+02, 8.2206e+00, 
 1DIAGNOSTIC,    47, -5.410159631143e-01, 2.885719143781e-05, 5.7088e+02, 8.4293e+00, 
 1DIAGNOSTIC,    48, -5.411875677344e-01, 2.769481870483e-05, 5.7913e+02, 8.2442e+00, 
 1DIAGNOSTIC,    49, -5.412633484790e-01, 2.652694686007e-05, 5.8726e+02, 8.1274e+00, 
 1DIAGNOSTIC,    50, -5.414055144336e-01, 2.484856538275e-05, 5.9544e+02, 8.1884e+00, 
 1DIAGNOSTIC,    51, -5.413971052516e-01, 2.351151968800e-05, 6.0377e+02, 8.3221e+00, 
 1DIAGNOSTIC,    52, -5.415704214450e-01, 2.227591716145e-05, 6.1226e+02, 8.4900e+00, 
 1DIAGNOSTIC,    53, -5.416247172759e-01, 2.052999144947e-05, 6.2078e+02, 8.5207e+00, 
 1DIAGNOSTIC,    54, -5.417264153364e-01, 1.993837493614e-05, 6.2928e+02, 8.4992e+00, 
 1DIAGNOSTIC,    55, -5.417665056264e-01, 1.825017401126e-05, 6.3778e+02, 8.5076e+00, 
 1DIAGNOSTIC,    56, -5.418901421555e-01, 1.801023937030e-05, 6.4636e+02, 8.5757e+00, 
 1DIAGNOSTIC,    57, -5.419468082371e-01, 1.663500654991e-05, 6.5470e+02, 8.3428e+00, 
 1DIAGNOSTIC,    58, -5.420650427704e-01, 1.640086642941e-05, 6.6301e+02, 8.3108e+00, 
 1DIAGNOSTIC,    59, -5.420085185794e-01, 1.478801560253e-05, 6.7140e+02, 8.3923e+00, 
 1DIAGNOSTIC,    60, -5.422284121327e-01, 1.511581415935e-05, 6.8003e+02, 8.6248e+00, 
 1DIAGNOSTIC,    61, -5.422207306208e-01, 1.380193882574e-05, 6.8889e+02, 8.8634e+00, 
 1DIAGNOSTIC,    62, -5.423148811900e-01, 1.354808464164e-05, 6.9743e+02, 8.5422e+00, 
 1DIAGNOSTIC,    63, -5.423674969342e-01, 1.293586762575e-05, 7.0594e+02, 8.5084e+00, 
 1DIAGNOSTIC,    64, -5.424736981584e-01, 1.287489955806e-05, 7.1443e+02, 8.4881e+00, 
 1DIAGNOSTIC,    65, -5.424448644521e-01, 1.167347706212e-05, 7.2300e+02, 8.5688e+00, 
 1DIAGNOSTIC,    66, -5.426277624171e-01, 1.190285965711e-05, 7.3160e+02, 8.5979e+00, 
 1DIAGNOSTIC,    67, -5.425833390672e-01, 1.107440020070e-05, 7.4020e+02, 8.5990e+00, 
 1DIAGNOSTIC,    68, -5.427605371330e-01, 1.159699984536e-05, 7.4891e+02, 8.7093e+00, 
 1DIAGNOSTIC,    69, -5.427569891801e-01, 1.049855852607e-05, 7.5749e+02, 8.5846e+00, 
 1DIAGNOSTIC,    70, -5.428214015720e-01, 1.064181699964e-05, 7.6606e+02, 8.5678e+00, 
 1DIAGNOSTIC,    71, -5.428133973823e-01, 9.666191328101e-06, 7.7459e+02, 8.5291e+00, 
 1DIAGNOSTIC,    72, -5.429838267950e-01, 9.774412972655e-06, 7.8310e+02, 8.5144e+00, 
 1DIAGNOSTIC,    73, -5.429396836917e-01, 8.989658417837e-06, 7.9175e+02, 8.6476e+00, 
 1DIAGNOSTIC,    74, -5.430669199874e-01, 9.106158429400e-06, 8.0044e+02, 8.6875e+00, 
 1DIAGNOSTIC,    75, -5.430258207964e-01, 7.851258920622e-06, 8.0924e+02, 8.7991e+00, 
 1DIAGNOSTIC,    76, -5.431232164569e-01, 7.898797265911e-06, 8.1780e+02, 8.5629e+00, 
 1DIAGNOSTIC,    77, -5.431397121175e-01, 6.976694994216e-06, 8.2636e+02, 8.5556e+00, 
 1DIAGNOSTIC,    78, -5.432326025279e-01, 7.281422906085e-06, 8.3441e+02, 8.0553e+00, 
 1DIAGNOSTIC,    79, -5.432351848482e-01, 6.896151776502e-06, 8.4241e+02, 8.0029e+00, 
 1DIAGNOSTIC,    80, -5.433218453746e-01, 6.911530142591e-06, 8.5044e+02, 8.0304e+00, 
 1DIAGNOSTIC,    81, -5.433244744931e-01, 6.224574883943e-06, 8.5847e+02, 8.0295e+00, 
 1DIAGNOSTIC,    82, -5.434425247524e-01, 6.867037025708e-06, 8.6656e+02, 8.0916e+00, 
 1DIAGNOSTIC,    83, -5.433544032634e-01, 5.986096795944e-06, 8.7457e+02, 8.0066e+00, 
 1DIAGNOSTIC,    84, -5.434976919008e-01, 6.326094742283e-06, 8.8259e+02, 8.0215e+00, 
 1DIAGNOSTIC,    85, -5.435192404047e-01, 5.925865495165e-06, 8.9061e+02, 8.0129e+00, 
 1DIAGNOSTIC,    86, -5.434917939134e-01, 5.426208596365e-06, 8.9858e+02, 7.9741e+00, 
 1DIAGNOSTIC,    87, -5.436714090920e-01, 5.644659976645e-06, 9.0657e+02, 7.9917e+00, 
 1DIAGNOSTIC,    88, -5.435916141816e-01, 5.405140429876e-06, 9.1474e+02, 8.1668e+00, 
 1DIAGNOSTIC,    89, -5.437446150808e-01, 5.615576250232e-06, 9.2337e+02, 8.6335e+00, 
 1DIAGNOSTIC,    90, -5.436368215454e-01, 5.169677784611e-06, 9.3142e+02, 8.0485e+00, 
 1DIAGNOSTIC,    91, -5.438528167582e-01, 5.544985601763e-06, 9.3948e+02, 8.0622e+00, 
 1DIAGNOSTIC,    92, -5.436965925571e-01, 5.173360544052e-06, 9.4756e+02, 8.0746e+00, 
 1DIAGNOSTIC,    93, -5.439366244228e-01, 5.212437724719e-06, 9.5560e+02, 8.0464e+00, 
 1DIAGNOSTIC,    94, -5.438804129883e-01, 5.240448442492e-06, 9.6366e+02, 8.0549e+00, 
 1DIAGNOSTIC,    95, -5.439283036496e-01, 5.202376161671e-06, 9.7167e+02, 8.0078e+00, 
 1DIAGNOSTIC,    96, -5.439361241581e-01, 4.562151533469e-06, 9.7977e+02, 8.1036e+00, 
 1DIAGNOSTIC,    97, -5.440027213386e-01, 4.881549315839e-06, 9.8794e+02, 8.1725e+00, 
 1DIAGNOSTIC,    98, -5.439914378495e-01, 4.228367268122e-06, 9.9598e+02, 8.0406e+00, 
 1DIAGNOSTIC,    99, -5.441252797041e-01, 4.763564893821e-06, 1.0041e+03, 8.1478e+00, 
 1DIAGNOSTIC,   100, -5.439915140447e-01, 3.542317892111e-06, 1.0122e+03, 8.0958e+00, 
XXDIAGNOSTIC,Iteration,metricValue,convergenceValue,ITERATION_TIME_INDEX,SINCE_LAST
 1DIAGNOSTIC,     1, -4.851942438399e-01, 1.797693134862e+308, 1.0493e+03, 3.7079e+01, 
 1DIAGNOSTIC,     2, -4.887868136873e-01, 1.797693134862e+308, 1.0768e+03, 2.7539e+01, 
 1DIAGNOSTIC,     3, -4.918740363780e-01, 1.797693134862e+308, 1.1044e+03, 2.7592e+01, 
 1DIAGNOSTIC,     4, -4.946815359383e-01, 1.797693134862e+308, 1.1322e+03, 2.7752e+01, 
 1DIAGNOSTIC,     5, -4.972393073607e-01, 1.797693134862e+308, 1.1600e+03, 2.7836e+01, 
 1DIAGNOSTIC,     6, -4.998245478328e-01, 1.797693134862e+308, 1.1876e+03, 2.7543e+01, 
 1DIAGNOSTIC,     7, -5.018809067681e-01, 1.797693134862e+308, 1.2151e+03, 2.7504e+01, 
 1DIAGNOSTIC,     8, -5.037898516643e-01, 1.797693134862e+308, 1.2431e+03, 2.8023e+01, 
 1DIAGNOSTIC,     9, -5.052679006883e-01, 1.797693134862e+308, 1.2711e+03, 2.7970e+01, 
 1DIAGNOSTIC,    10, -5.066739073059e-01, 2.747023014633e-03, 1.2986e+03, 2.7585e+01, 
 1DIAGNOSTIC,    11, -5.078555501514e-01, 2.222885256116e-03, 1.3262e+03, 2.7545e+01, 
 1DIAGNOSTIC,    12, -5.090922994602e-01, 1.814880340892e-03, 1.3540e+03, 2.7811e+01, 
 1DIAGNOSTIC,    13, -5.100176993526e-01, 1.480360902107e-03, 1.3811e+03, 2.7125e+01, 
 1DIAGNOSTIC,    14, -5.111012659347e-01, 1.216422358315e-03, 1.4097e+03, 2.8584e+01, 
 1DIAGNOSTIC,    15, -5.118286542966e-01, 9.996881099865e-04, 1.4383e+03, 2.8539e+01, 
 1DIAGNOSTIC,    16, -5.127342515710e-01, 8.413337314012e-04, 1.4666e+03, 2.8392e+01, 
 1DIAGNOSTIC,    17, -5.134025262432e-01, 7.138986726520e-04, 1.4947e+03, 2.8060e+01, 
 1DIAGNOSTIC,    18, -5.141851886362e-01, 6.186952816857e-04, 1.5223e+03, 2.7550e+01, 
 1DIAGNOSTIC,    19, -5.146325452317e-01, 5.328179609728e-04, 1.5498e+03, 2.7527e+01, 
 1DIAGNOSTIC,    20, -5.154238458518e-01, 4.677671897834e-04, 1.5773e+03, 2.7495e+01, 
 1DIAGNOSTIC,    21, -5.158235752070e-01, 4.071479607714e-04, 1.6056e+03, 2.8347e+01, 
 1DIAGNOSTIC,    22, -5.164816980855e-01, 3.623372732088e-04, 1.6327e+03, 2.7045e+01, 
 1DIAGNOSTIC,    23, -5.168068614047e-01, 3.176481221956e-04, 1.6603e+03, 2.7622e+01, 
 1DIAGNOSTIC,    24, -5.174606518192e-01, 2.875523064896e-04, 1.6879e+03, 2.7639e+01, 
 1DIAGNOSTIC,    25, -5.177069378551e-01, 2.543034916526e-04, 1.7159e+03, 2.8002e+01, 
 1DIAGNOSTIC,    26, -5.183118002682e-01, 2.322200789807e-04, 1.7439e+03, 2.7956e+01, 
 1DIAGNOSTIC,    27, -5.185161377986e-01, 2.076958982062e-04, 1.7718e+03, 2.7954e+01, 
 1DIAGNOSTIC,    28, -5.190653487274e-01, 1.920446819007e-04, 1.7993e+03, 2.7484e+01, 
 1DIAGNOSTIC,    29, -5.192407401757e-01, 1.710168207464e-04, 1.8268e+03, 2.7477e+01, 
 1DIAGNOSTIC,    30, -5.197774348619e-01, 1.600286153327e-04, 1.8544e+03, 2.7558e+01, 
 1DIAGNOSTIC,    31, -5.199056984396e-01, 1.438590795441e-04, 1.8816e+03, 2.7281e+01, 
 1DIAGNOSTIC,    32, -5.203614435886e-01, 1.346039925697e-04, 1.9090e+03, 2.7362e+01, 
 1DIAGNOSTIC,    33, -5.205211745434e-01, 1.211157896888e-04, 1.9366e+03, 2.7560e+01, 
 1DIAGNOSTIC,    34, -5.209598553814e-01, 1.149169097149e-04, 1.9638e+03, 2.7266e+01, 
 1DIAGNOSTIC,    35, -5.210816301685e-01, 1.038003848549e-04, 1.9910e+03, 2.7181e+01, 
 1DIAGNOSTIC,    36, -5.214154971790e-01, 9.806773367701e-05, 2.0182e+03, 2.7218e+01, 
 1DIAGNOSTIC,    37, -5.215280832841e-01, 8.794956920838e-05, 2.0454e+03, 2.7153e+01, 
 1DIAGNOSTIC,    38, -5.219864798131e-01, 8.481673269777e-05, 2.0724e+03, 2.7011e+01, 
 1DIAGNOSTIC,    39, -5.219931962431e-01, 7.614046621217e-05, 2.0995e+03, 2.7099e+01, 
 1DIAGNOSTIC,    40, -5.223722145504e-01, 7.352176969613e-05, 2.1265e+03, 2.7029e+01, 
 1DIAGNOSTIC,    41, -5.224537838166e-01, 6.674964478174e-05, 2.1537e+03, 2.7200e+01, 
 1DIAGNOSTIC,    42, -5.228548877686e-01, 6.532161291853e-05, 2.1811e+03, 2.7403e+01, 
 1DIAGNOSTIC,    43, -5.227960447049e-01, 5.886333624485e-05, 2.2082e+03, 2.7095e+01, 
 1DIAGNOSTIC,    44, -5.231565824238e-01, 5.729875807537e-05, 2.2353e+03, 2.7079e+01, 
 1DIAGNOSTIC,    45, -5.232205528231e-01, 5.253574409401e-05, 2.2625e+03, 2.7205e+01, 
 1DIAGNOSTIC,    46, -5.235655925786e-01, 5.118993574763e-05, 2.2896e+03, 2.7138e+01, 
 1DIAGNOSTIC,    47, -5.234638785112e-01, 4.499998624185e-05, 2.3168e+03, 2.7161e+01, 
 1DIAGNOSTIC,    48, -5.238464028218e-01, 4.465420374597e-05, 2.3441e+03, 2.7281e+01, 
 1DIAGNOSTIC,    49, -5.239005420647e-01, 4.061644475812e-05, 2.3713e+03, 2.7222e+01, 
 1DIAGNOSTIC,    50, -5.241705410075e-01, 4.007697228763e-05, 2.3985e+03, 2.7224e+01, 
 1DIAGNOSTIC,    51, -5.241029935547e-01, 3.579221464389e-05, 2.4256e+03, 2.7049e+01, 
 1DIAGNOSTIC,    52, -5.244885345868e-01, 3.678376137519e-05, 2.4527e+03, 2.7074e+01, 
 1DIAGNOSTIC,    53, -5.244361650096e-01, 3.292629579830e-05, 2.4796e+03, 2.6981e+01, 
 1DIAGNOSTIC,    54, -5.247351380629e-01, 3.287450356391e-05, 2.5066e+03, 2.6947e+01, 
 1DIAGNOSTIC,    55, -5.247078210789e-01, 2.997054948476e-05, 2.5337e+03, 2.7091e+01, 
 1DIAGNOSTIC,    56, -5.249659079084e-01, 3.039252473260e-05, 2.5609e+03, 2.7258e+01, 
 1DIAGNOSTIC,    57, -5.249754014938e-01, 2.690037377443e-05, 2.5880e+03, 2.7068e+01, 
 1DIAGNOSTIC,    58, -5.252042881013e-01, 2.682058091369e-05, 2.6149e+03, 2.6908e+01, 
 1DIAGNOSTIC,    59, -5.251516848702e-01, 2.414717839531e-05, 2.6418e+03, 2.6895e+01, 
 1DIAGNOSTIC,    60, -5.254838666274e-01, 2.489953052045e-05, 2.6688e+03, 2.6951e+01, 
 1DIAGNOSTIC,    61, -5.254103809661e-01, 2.185318782938e-05, 2.6958e+03, 2.7012e+01, 
 1DIAGNOSTIC,    62, -5.256776978978e-01, 2.272023193063e-05, 2.7228e+03, 2.6989e+01, 
 1DIAGNOSTIC,    63, -5.256082318211e-01, 2.025863623908e-05, 2.7499e+03, 2.7101e+01, 
 1DIAGNOSTIC,    64, -5.258594630768e-01, 2.076155745092e-05, 2.7772e+03, 2.7334e+01, 
 1DIAGNOSTIC,    65, -5.258237029456e-01, 1.866041372461e-05, 2.8042e+03, 2.7037e+01, 
 1DIAGNOSTIC,    66, -5.260552737917e-01, 1.898239625576e-05, 2.8313e+03, 2.7057e+01, 
 1DIAGNOSTIC,    67, -5.259816842434e-01, 1.691612884044e-05, 2.8582e+03, 2.6913e+01, 
 1DIAGNOSTIC,    68, -5.261945204239e-01, 1.696057073177e-05, 2.8851e+03, 2.6905e+01, 
 1DIAGNOSTIC,    69, -5.261832203010e-01, 1.480206444069e-05, 2.9122e+03, 2.7077e+01, 
 1DIAGNOSTIC,    70, -5.263460662521e-01, 1.524470297961e-05, 2.9400e+03, 2.7797e+01, 
XXDIAGNOSTIC,Iteration,metricValue,convergenceValue,ITERATION_TIME_INDEX,SINCE_LAST
 1DIAGNOSTIC,     1, -4.286195303336e-01, 1.797693134862e+308, 3.1860e+03, 2.4608e+02, 
 1DIAGNOSTIC,     2, -4.325488902198e-01, 1.797693134862e+308, 3.4160e+03, 2.2992e+02, 
 1DIAGNOSTIC,     3, -4.359254206330e-01, 1.797693134862e+308, 3.6454e+03, 2.2946e+02, 
 1DIAGNOSTIC,     4, -4.392267676634e-01, 1.797693134862e+308, 3.8754e+03, 2.3001e+02, 
 1DIAGNOSTIC,     5, -4.422400897773e-01, 1.797693134862e+308, 4.1038e+03, 2.2834e+02, 
 1DIAGNOSTIC,     6, -4.448432384460e-01, 1.797693134862e+308, 4.3376e+03, 2.3383e+02, 
 1DIAGNOSTIC,     7, -4.471888868951e-01, 1.797693134862e+308, 4.5719e+03, 2.3435e+02, 
 1DIAGNOSTIC,     8, -4.493087165976e-01, 1.797693134862e+308, 4.7991e+03, 2.2715e+02, 
slurmstepd: error: *** JOB 6244929 ON wbic-csm-2 CANCELLED AT 2021-02-05T17:34:10 DUE TO TIME LIMIT ***
