Changed directory to /lustre/scratch/wbic-beta/ccn30/ENCRYPT/gridcellpilot/scripts/coregistration/slurmoutputs.

JobID: 4032451
======
Time: Tue Oct  8 18:12:01 BST 2019
Running on master node: wbic-csm-2
Current directory: /lustre/scratch/wbic-beta/ccn30/ENCRYPT/gridcellpilot/scripts/coregistration/slurmoutputs

Nodes allocated:
================
wbic-csm-2

numtasks=1, numnodes=1, mpi_tasks_per_node=1 (OMP_NUM_THREADS=1)

Executing command:
==================
/lustre/scratch/wbic-beta/ccn30/ENCRYPT/gridcellpilot/scripts/coregistration/coreg_all.sh /lustre/scratch/wbic-beta/ccn30/ENCRYPT/gridcellpilot 29332/20190903_U-ID46058

29332
/lustre/scratch/wbic-beta/ccn30/ENCRYPT/gridcellpilot/preprocessed_data/segmentation/29332
EXECUTING t2 to t1 coreg in /lustre/scratch/wbic-beta/ccn30/ENCRYPT/gridcellpilot/preprocessed_data/segmentation/29332/coregistration
>> CORR_RATIO COREG OK: subject 29332/run 1
0.991071 1.000000 -0.000045 -0.000587 0.000000 0.000045 1.000000 -0.000269 0.000000 0.000587 0.000268 1.000000 0.000000 -0.144735 -0.087260 -3.783721 1.000000 
>> BBR COREG OK: subject 29332/run 1
EXECUTING matrix calcs for subject 29332 run 1}
FLIRT pre-alignment
Running BBR
Applying POWELL correction
finit, fend, fextrap = 0.861338 , 0.855571 , 0.849841
fval = 0.810753
Applying POWELL correction
finit, fend, fextrap = 0.810753 , 0.768665 , 0.769947
fval = 0.762104
0.736522 0.999813 -0.006515 -0.018189 0.000000 0.008565 0.993327 0.115016 0.000000 0.017319 -0.115150 0.993197 0.000000 -3.824069 25.840900 -2.444967 1.000000 
>> EPI_REG OK: subject 29332/run 1
>> MATRIX INVERSION OK: subject 29332/run 1
>> MATRIX CONCATENATION OK: subject 29332/run 1
EXECUTING mask to epi coreg for subject 29332 run 1
>> EC MASKS SUCCESSFULLY TRANSFORMED TO EPI SPACE: subject 29332/run 1
