Changed directory to /lustre/scratch/wbic-beta/ccn30/ENCRYPT/gridcellpilot/scripts/coregistration/slurmoutputs.

JobID: 4032454
======
Time: Tue Oct  8 18:12:32 BST 2019
Running on master node: wbic-cs-15
Current directory: /lustre/scratch/wbic-beta/ccn30/ENCRYPT/gridcellpilot/scripts/coregistration/slurmoutputs

Nodes allocated:
================
wbic-cs-15

numtasks=1, numnodes=1, mpi_tasks_per_node=1 (OMP_NUM_THREADS=1)

Executing command:
==================
/lustre/scratch/wbic-beta/ccn30/ENCRYPT/gridcellpilot/scripts/coregistration/coreg_all.sh /lustre/scratch/wbic-beta/ccn30/ENCRYPT/gridcellpilot 29382/20190911_U-ID46164

29382
/lustre/scratch/wbic-beta/ccn30/ENCRYPT/gridcellpilot/preprocessed_data/segmentation/29382
EXECUTING t2 to t1 coreg in /lustre/scratch/wbic-beta/ccn30/ENCRYPT/gridcellpilot/preprocessed_data/segmentation/29382/coregistration
>> CORR_RATIO COREG OK: subject 29382/run 1
0.993005 0.995172 -0.063790 0.074596 0.000000 0.068545 0.995655 -0.063026 0.000000 -0.070251 0.067835 0.995220 0.000000 -8.733086 13.069107 -5.663939 1.000000 
>> BBR COREG OK: subject 29382/run 1
EXECUTING matrix calcs for subject 29382 run 1}
FLIRT pre-alignment
Running BBR
Applying POWELL correction
finit, fend, fextrap = 0.789726 , 0.781584 , 0.773672
fval = 0.758879
Applying POWELL correction
finit, fend, fextrap = 0.745189 , 0.743694 , 0.743249
fval = 0.743202
0.742916 0.999876 -0.006480 -0.014355 0.000000 0.007905 0.994797 0.101569 0.000000 0.013622 -0.101670 0.994725 0.000000 -2.964531 18.845250 -2.268156 1.000000 
>> EPI_REG OK: subject 29382/run 1
>> MATRIX INVERSION OK: subject 29382/run 1
>> MATRIX CONCATENATION OK: subject 29382/run 1
EXECUTING mask to epi coreg for subject 29382 run 1
>> EC MASKS SUCCESSFULLY TRANSFORMED TO EPI SPACE: subject 29382/run 1
