Changed directory to /lustre/scratch/wbic-beta/ccn30/ENCRYPT/gridcellpilot/scripts/coregistration/slurmoutputs.

JobID: 4099952
======
Time: Wed Oct 23 09:36:42 BST 2019
Running on master node: wbic-csm-6
Current directory: /lustre/scratch/wbic-beta/ccn30/ENCRYPT/gridcellpilot/scripts/coregistration/slurmoutputs

Nodes allocated:
================
wbic-csm-6

numtasks=1, numnodes=1, mpi_tasks_per_node=1 (OMP_NUM_THREADS=1)

Executing command:
==================
/lustre/scratch/wbic-beta/ccn30/ENCRYPT/gridcellpilot/scripts/coregistration/coreg_all.sh /lustre/scratch/wbic-beta/ccn30/ENCRYPT/gridcellpilot 27734/20190902_U-ID46027

27734
/lustre/scratch/wbic-beta/ccn30/ENCRYPT/gridcellpilot/preprocessed_data/segmentation/27734
mkdir: cannot create directory ‘/lustre/scratch/wbic-beta/ccn30/ENCRYPT/gridcellpilot/preprocessed_data/segmentation/27734/coregistration’: File exists
Making coregistration directory...
/lustre/scratch/wbic-beta/ccn30/ENCRYPT/gridcellpilot/preprocessed_data/segmentation/27734/coregistration
EXECUTING t2 to t1 coreg:  27734

--------------------------------------------------------------------------------------
 Mapping parameters
--------------------------------------------------------------------------------------
 ANTSPATH is /applications/ANTS/2.2.0/bin/

 Dimensionality:           3
 Output name prefix:       /lustre/scratch/wbic-beta/ccn30/ENCRYPT/gridcellpilot/preprocessed_data/segmentation/27734/coregistration/T1toT2_ANTS_
 Fixed images:             /lustre/scratch/wbic-beta/ccn30/ENCRYPT/gridcellpilot/raw_data/images/27734/20190902_U-ID46027/Series_033_Highresolution_TSE_PAT2_100/N4Series_033_Highresolution_TSE_PAT2_100_c32.nii
 Moving images:            /lustre/scratch/wbic-beta/ccn30/ENCRYPT/gridcellpilot/raw_data/images/27734/20190902_U-ID46027/mp2rage/reorientn4mag0000_PSIR_skulled_std.nii
 Number of threads:        1
 Spline distance:          26
 Transform type:           s
 MI histogram bins:        32
 Precision:                d
 Use histogram matching    0
======================================================================================
 antsRegistration call:
--------------------------------------------------------------------------------------
/applications/ANTS/2.2.0/bin//antsRegistration --verbose 1 --dimensionality 3 --float 0 --output [/lustre/scratch/wbic-beta/ccn30/ENCRYPT/gridcellpilot/preprocessed_data/segmentation/27734/coregistration/T1toT2_ANTS_,/lustre/scratch/wbic-beta/ccn30/ENCRYPT/gridcellpilot/preprocessed_data/segmentation/27734/coregistration/T1toT2_ANTS_Warped.nii.gz,/lustre/scratch/wbic-beta/ccn30/ENCRYPT/gridcellpilot/preprocessed_data/segmentation/27734/coregistration/T1toT2_ANTS_InverseWarped.nii.gz] --interpolation Linear --use-histogram-matching 0 --winsorize-image-intensities [0.005,0.995] --initial-moving-transform [/lustre/scratch/wbic-beta/ccn30/ENCRYPT/gridcellpilot/raw_data/images/27734/20190902_U-ID46027/Series_033_Highresolution_TSE_PAT2_100/N4Series_033_Highresolution_TSE_PAT2_100_c32.nii,/lustre/scratch/wbic-beta/ccn30/ENCRYPT/gridcellpilot/raw_data/images/27734/20190902_U-ID46027/mp2rage/reorientn4mag0000_PSIR_skulled_std.nii,1] --transform Rigid[0.1] --metric MI[/lustre/scratch/wbic-beta/ccn30/ENCRYPT/gridcellpilot/raw_data/images/27734/20190902_U-ID46027/Series_033_Highresolution_TSE_PAT2_100/N4Series_033_Highresolution_TSE_PAT2_100_c32.nii,/lustre/scratch/wbic-beta/ccn30/ENCRYPT/gridcellpilot/raw_data/images/27734/20190902_U-ID46027/mp2rage/reorientn4mag0000_PSIR_skulled_std.nii,1,32,Regular,0.25] --convergence [1000x500x250x0,1e-6,10] --shrink-factors 12x8x4x2 --smoothing-sigmas 4x3x2x1vox --transform Affine[0.1] --metric MI[/lustre/scratch/wbic-beta/ccn30/ENCRYPT/gridcellpilot/raw_data/images/27734/20190902_U-ID46027/Series_033_Highresolution_TSE_PAT2_100/N4Series_033_Highresolution_TSE_PAT2_100_c32.nii,/lustre/scratch/wbic-beta/ccn30/ENCRYPT/gridcellpilot/raw_data/images/27734/20190902_U-ID46027/mp2rage/reorientn4mag0000_PSIR_skulled_std.nii,1,32,Regular,0.25] --convergence [1000x500x250x0,1e-6,10] --shrink-factors 12x8x4x2 --smoothing-sigmas 4x3x2x1vox --transform SyN[0.1,3,0] --metric MI[/lustre/scratch/wbic-beta/ccn30/ENCRYPT/gridcellpilot/raw_data/images/27734/20190902_U-ID46027/Series_033_Highresolution_TSE_PAT2_100/N4Series_033_Highresolution_TSE_PAT2_100_c32.nii,/lustre/scratch/wbic-beta/ccn30/ENCRYPT/gridcellpilot/raw_data/images/27734/20190902_U-ID46027/mp2rage/reorientn4mag0000_PSIR_skulled_std.nii,1,32] --convergence [100x100x70x50x0,1e-6,10] --shrink-factors 10x6x4x2x1 --smoothing-sigmas 5x3x2x1x0vox
--------------------------------------------------------------------------------------
All_Command_lines_OK
Using double precision for computations.
=============================================================================
The composite transform comprises the following transforms (in order): 
  1. Center of mass alignment using fixed image: /lustre/scratch/wbic-beta/ccn30/ENCRYPT/gridcellpilot/raw_data/images/27734/20190902_U-ID46027/Series_033_Highresolution_TSE_PAT2_100/N4Series_033_Highresolution_TSE_PAT2_100_c32.nii and moving image: /lustre/scratch/wbic-beta/ccn30/ENCRYPT/gridcellpilot/raw_data/images/27734/20190902_U-ID46027/mp2rage/reorientn4mag0000_PSIR_skulled_std.nii (type = Euler3DTransform)
=============================================================================
  number of levels = 4
  number of levels = 4
  number of levels = 5
  fixed image: /lustre/scratch/wbic-beta/ccn30/ENCRYPT/gridcellpilot/raw_data/images/27734/20190902_U-ID46027/Series_033_Highresolution_TSE_PAT2_100/N4Series_033_Highresolution_TSE_PAT2_100_c32.nii
  moving image: /lustre/scratch/wbic-beta/ccn30/ENCRYPT/gridcellpilot/raw_data/images/27734/20190902_U-ID46027/mp2rage/reorientn4mag0000_PSIR_skulled_std.nii
  fixed image: /lustre/scratch/wbic-beta/ccn30/ENCRYPT/gridcellpilot/raw_data/images/27734/20190902_U-ID46027/Series_033_Highresolution_TSE_PAT2_100/N4Series_033_Highresolution_TSE_PAT2_100_c32.nii
  moving image: /lustre/scratch/wbic-beta/ccn30/ENCRYPT/gridcellpilot/raw_data/images/27734/20190902_U-ID46027/mp2rage/reorientn4mag0000_PSIR_skulled_std.nii
  fixed image: /lustre/scratch/wbic-beta/ccn30/ENCRYPT/gridcellpilot/raw_data/images/27734/20190902_U-ID46027/Series_033_Highresolution_TSE_PAT2_100/N4Series_033_Highresolution_TSE_PAT2_100_c32.nii
  moving image: /lustre/scratch/wbic-beta/ccn30/ENCRYPT/gridcellpilot/raw_data/images/27734/20190902_U-ID46027/mp2rage/reorientn4mag0000_PSIR_skulled_std.nii
Dimension = 3
Number of stages = 3
Use Histogram Matching false
Winsorize image intensities true
Lower quantile = 0.005
Upper quantile = 0.995
Stage 1 State
   Image metric = Mattes
     Fixed image = Image (0x4a33610)
  RTTI typeinfo:   itk::Image<double, 3u>
  Reference Count: 2
  Modified Time: 1713
  Debug: Off
  Object Name: 
  Observers: 
    none
  Source: (none)
  Source output name: (none)
  Release Data: Off
  Data Released: False
  Global Release Data: Off
  PipelineMTime: 0
  UpdateMTime: 1535
  RealTimeStamp: 0 seconds 
  LargestPossibleRegion: 
    Dimension: 3
    Index: [0, 0, 0]
    Size: [512, 512, 54]
  BufferedRegion: 
    Dimension: 3
    Index: [0, 0, 0]
    Size: [512, 512, 54]
  RequestedRegion: 
    Dimension: 3
    Index: [0, 0, 0]
    Size: [512, 512, 54]
  Spacing: [0.4375, 0.4375, 1.1]
  Origin: [-111.921, 10.5144, -80.933]
  Direction: 
1 0.000451098 -0.000253147
0.000451098 -0.521001 0.853556
-0.000253147 0.853556 0.521001

  IndexToPointMatrix: 
0.4375 0.000197355 -0.000278462
0.000197355 -0.227938 0.938913
-0.000110752 0.373431 0.573103

  PointToIndexMatrix: 
2.28571 0.00103108 -0.000578622
0.00103108 -1.19086 1.95098
-0.000230133 0.775958 0.473637

  Inverse Direction: 
1 0.000451098 -0.000253147
0.000451098 -0.521001 0.853556
-0.000253147 0.853556 0.521001

  PixelContainer: 
    ImportImageContainer (0x4a2d5e0)
      RTTI typeinfo:   itk::ImportImageContainer<unsigned long, double>
      Reference Count: 1
      Modified Time: 1532
      Debug: Off
      Object Name: 
      Observers: 
        none
      Pointer: 0x2b59d6040010
      Container manages memory: true
      Size: 14155776
      Capacity: 14155776

     Moving image = Image (0x4a342f0)
  RTTI typeinfo:   itk::Image<double, 3u>
  Reference Count: 2
  Modified Time: 1714
  Debug: Off
  Object Name: 
  Observers: 
    none
  Source: (none)
  Source output name: (none)
  Release Data: Off
  Data Released: False
  Global Release Data: Off
  PipelineMTime: 0
  UpdateMTime: 1711
  RealTimeStamp: 0 seconds 
  LargestPossibleRegion: 
    Dimension: 3
    Index: [0, 0, 0]
    Size: [224, 320, 320]
  BufferedRegion: 
    Dimension: 3
    Index: [0, 0, 0]
    Size: [224, 320, 320]
  RequestedRegion: 
    Dimension: 3
    Index: [0, 0, 0]
    Size: [224, 320, 320]
  Spacing: [0.699997, 0.7, 0.7]
  Origin: [-75.5706, 75.9683, -76.5881]
  Direction: 
1 0 0
0 -1 0
0 0 1

  IndexToPointMatrix: 
0.699997 0 0
0 -0.7 0
0 0 0.7

  PointToIndexMatrix: 
1.42858 0 0
0 -1.42857 0
0 0 1.42857

  Inverse Direction: 
1 0 0
0 -1 0
0 0 1

  PixelContainer: 
    ImportImageContainer (0x4a31c90)
      RTTI typeinfo:   itk::ImportImageContainer<unsigned long, double>
      Reference Count: 1
      Modified Time: 1708
      Debug: Off
      Object Name: 
      Observers: 
        none
      Pointer: 0x2b59dcc41010
      Container manages memory: true
      Size: 22937600
      Capacity: 22937600

     Weighting = 1
     Sampling strategy = regular
     Number of bins = 32
     Radius = 4
     Sampling percentage  = 0.25
   Transform = Rigid
     Gradient step = 0.1
     Update field sigma (voxel space) = 0
     Total field sigma (voxel space) = 0
     Update field time sigma = 0
     Total field time sigma  = 0
     Number of time indices = 0
     Number of time point samples = 0
Stage 2 State
   Image metric = Mattes
     Fixed image = Image (0x4a35010)
  RTTI typeinfo:   itk::Image<double, 3u>
  Reference Count: 2
  Modified Time: 2067
  Debug: Off
  Object Name: 
  Observers: 
    none
  Source: (none)
  Source output name: (none)
  Release Data: Off
  Data Released: False
  Global Release Data: Off
  PipelineMTime: 0
  UpdateMTime: 1889
  RealTimeStamp: 0 seconds 
  LargestPossibleRegion: 
    Dimension: 3
    Index: [0, 0, 0]
    Size: [512, 512, 54]
  BufferedRegion: 
    Dimension: 3
    Index: [0, 0, 0]
    Size: [512, 512, 54]
  RequestedRegion: 
    Dimension: 3
    Index: [0, 0, 0]
    Size: [512, 512, 54]
  Spacing: [0.4375, 0.4375, 1.1]
  Origin: [-111.921, 10.5144, -80.933]
  Direction: 
1 0.000451098 -0.000253147
0.000451098 -0.521001 0.853556
-0.000253147 0.853556 0.521001

  IndexToPointMatrix: 
0.4375 0.000197355 -0.000278462
0.000197355 -0.227938 0.938913
-0.000110752 0.373431 0.573103

  PointToIndexMatrix: 
2.28571 0.00103108 -0.000578622
0.00103108 -1.19086 1.95098
-0.000230133 0.775958 0.473637

  Inverse Direction: 
1 0.000451098 -0.000253147
0.000451098 -0.521001 0.853556
-0.000253147 0.853556 0.521001

  PixelContainer: 
    ImportImageContainer (0x4a2e210)
      RTTI typeinfo:   itk::ImportImageContainer<unsigned long, double>
      Reference Count: 1
      Modified Time: 1886
      Debug: Off
      Object Name: 
      Observers: 
        none
      Pointer: 0x2b59e7b42010
      Container manages memory: true
      Size: 14155776
      Capacity: 14155776

     Moving image = Image (0x4a40cd0)
  RTTI typeinfo:   itk::Image<double, 3u>
  Reference Count: 2
  Modified Time: 2068
  Debug: Off
  Object Name: 
  Observers: 
    none
  Source: (none)
  Source output name: (none)
  Release Data: Off
  Data Released: False
  Global Release Data: Off
  PipelineMTime: 0
  UpdateMTime: 2065
  RealTimeStamp: 0 seconds 
  LargestPossibleRegion: 
    Dimension: 3
    Index: [0, 0, 0]
    Size: [224, 320, 320]
  BufferedRegion: 
    Dimension: 3
    Index: [0, 0, 0]
    Size: [224, 320, 320]
  RequestedRegion: 
    Dimension: 3
    Index: [0, 0, 0]
    Size: [224, 320, 320]
  Spacing: [0.699997, 0.7, 0.7]
  Origin: [-75.5706, 75.9683, -76.5881]
  Direction: 
1 0 0
0 -1 0
0 0 1

  IndexToPointMatrix: 
0.699997 0 0
0 -0.7 0
0 0 0.7

  PointToIndexMatrix: 
1.42858 0 0
0 -1.42857 0
0 0 1.42857

  Inverse Direction: 
1 0 0
0 -1 0
0 0 1

  PixelContainer: 
    ImportImageContainer (0x4a40f60)
      RTTI typeinfo:   itk::ImportImageContainer<unsigned long, double>
      Reference Count: 1
      Modified Time: 2062
      Debug: Off
      Object Name: 
      Observers: 
        none
      Pointer: 0x2b59ee743010
      Container manages memory: true
      Size: 22937600
      Capacity: 22937600

     Weighting = 1
     Sampling strategy = regular
     Number of bins = 32
     Radius = 4
     Sampling percentage  = 0.25
   Transform = Affine
     Gradient step = 0.1
     Update field sigma (voxel space) = 0
     Total field sigma (voxel space) = 0
     Update field time sigma = 0
     Total field time sigma  = 0
     Number of time indices = 0
     Number of time point samples = 0
Stage 3 State
   Image metric = Mattes
     Fixed image = Image (0x4a40fc0)
  RTTI typeinfo:   itk::Image<double, 3u>
  Reference Count: 2
  Modified Time: 2421
  Debug: Off
  Object Name: 
  Observers: 
    none
  Source: (none)
  Source output name: (none)
  Release Data: Off
  Data Released: False
  Global Release Data: Off
  PipelineMTime: 0
  UpdateMTime: 2243
  RealTimeStamp: 0 seconds 
  LargestPossibleRegion: 
    Dimension: 3
    Index: [0, 0, 0]
    Size: [512, 512, 54]
  BufferedRegion: 
    Dimension: 3
    Index: [0, 0, 0]
    Size: [512, 512, 54]
  RequestedRegion: 
    Dimension: 3
    Index: [0, 0, 0]
    Size: [512, 512, 54]
  Spacing: [0.4375, 0.4375, 1.1]
  Origin: [-111.921, 10.5144, -80.933]
  Direction: 
1 0.000451098 -0.000253147
0.000451098 -0.521001 0.853556
-0.000253147 0.853556 0.521001

  IndexToPointMatrix: 
0.4375 0.000197355 -0.000278462
0.000197355 -0.227938 0.938913
-0.000110752 0.373431 0.573103

  PointToIndexMatrix: 
2.28571 0.00103108 -0.000578622
0.00103108 -1.19086 1.95098
-0.000230133 0.775958 0.473637

  Inverse Direction: 
1 0.000451098 -0.000253147
0.000451098 -0.521001 0.853556
-0.000253147 0.853556 0.521001

  PixelContainer: 
    ImportImageContainer (0x4a42dd0)
      RTTI typeinfo:   itk::ImportImageContainer<unsigned long, double>
      Reference Count: 1
      Modified Time: 2240
      Debug: Off
      Object Name: 
      Observers: 
        none
      Pointer: 0x2b59f9644010
      Container manages memory: true
      Size: 14155776
      Capacity: 14155776

     Moving image = Image (0x4a496f0)
  RTTI typeinfo:   itk::Image<double, 3u>
  Reference Count: 2
  Modified Time: 2422
  Debug: Off
  Object Name: 
  Observers: 
    none
  Source: (none)
  Source output name: (none)
  Release Data: Off
  Data Released: False
  Global Release Data: Off
  PipelineMTime: 0
  UpdateMTime: 2419
  RealTimeStamp: 0 seconds 
  LargestPossibleRegion: 
    Dimension: 3
    Index: [0, 0, 0]
    Size: [224, 320, 320]
  BufferedRegion: 
    Dimension: 3
    Index: [0, 0, 0]
    Size: [224, 320, 320]
  RequestedRegion: 
    Dimension: 3
    Index: [0, 0, 0]
    Size: [224, 320, 320]
  Spacing: [0.699997, 0.7, 0.7]
  Origin: [-75.5706, 75.9683, -76.5881]
  Direction: 
1 0 0
0 -1 0
0 0 1

  IndexToPointMatrix: 
0.699997 0 0
0 -0.7 0
0 0 0.7

  PointToIndexMatrix: 
1.42858 0 0
0 -1.42857 0
0 0 1.42857

  Inverse Direction: 
1 0 0
0 -1 0
0 0 1

  PixelContainer: 
    ImportImageContainer (0x4a49980)
      RTTI typeinfo:   itk::ImportImageContainer<unsigned long, double>
      Reference Count: 1
      Modified Time: 2416
      Debug: Off
      Object Name: 
      Observers: 
        none
      Pointer: 0x2b5a00245010
      Container manages memory: true
      Size: 22937600
      Capacity: 22937600

     Weighting = 1
     Sampling strategy = none
     Number of bins = 32
     Radius = 4
     Sampling percentage  = 1
   Transform = SyN
     Gradient step = 0.1
     Update field sigma (voxel space) = 3
     Total field sigma (voxel space) = 0
     Update field time sigma = 0
     Total field time sigma  = 0
     Number of time indices = 0
     Number of time point samples = 0
Registration using 3 total stages.

Stage 0
  iterations = 1000x500x250x0
  convergence threshold = 1e-06
  convergence window size = 10
  number of levels = 4
  using the Mattes MI metric (number of bins = 32, weight = 1)
  preprocessing:  winsorizing the image intensities
  Shrink factors (level 1 out of 4): [12, 12, 5]
  Shrink factors (level 2 out of 4): [8, 8, 3]
  Shrink factors (level 3 out of 4): [4, 4, 2]
  Shrink factors (level 4 out of 4): [2, 2, 1]
  smoothing sigmas per level: [4, 3, 2, 1]
  regular sampling (percentage = 0.25)

*** Running Euler3DTransform registration ***

DIAGNOSTIC,Iteration,metricValue,convergenceValue,ITERATION_TIME_INDEX,SINCE_LAST
 2DIAGNOSTIC,     1, -1.759974183816e-01, 1.797693134862e+308, 1.8973e+01, 1.8973e+01, 
 2DIAGNOSTIC,     2, -1.777967326251e-01, 1.797693134862e+308, 1.9000e+01, 2.6832e-02, 
 2DIAGNOSTIC,     3, -1.802447645761e-01, 1.797693134862e+308, 1.9028e+01, 2.7506e-02, 
 2DIAGNOSTIC,     4, -1.847753392657e-01, 1.797693134862e+308, 1.9053e+01, 2.5212e-02, 
 2DIAGNOSTIC,     5, -1.898664747889e-01, 1.797693134862e+308, 1.9080e+01, 2.7019e-02, 
 2DIAGNOSTIC,     6, -1.916822748681e-01, 1.797693134862e+308, 1.9109e+01, 2.9152e-02, 
 2DIAGNOSTIC,     7, -1.909156328699e-01, 1.797693134862e+308, 1.9136e+01, 2.6477e-02, 
 2DIAGNOSTIC,     8, -1.920476315781e-01, 1.797693134862e+308, 1.9170e+01, 3.4136e-02, 
 2DIAGNOSTIC,     9, -1.928441267314e-01, 1.797693134862e+308, 1.9196e+01, 2.6064e-02, 
 2DIAGNOSTIC,    10, -1.962258826197e-01, 6.807548995679e-03, 1.9237e+01, 4.1041e-02, 
 2DIAGNOSTIC,    11, -1.959573495635e-01, 5.317677629765e-03, 1.9276e+01, 3.8929e-02, 
 2DIAGNOSTIC,    12, -1.962746529748e-01, 3.892339271803e-03, 1.9309e+01, 3.3245e-02, 
 2DIAGNOSTIC,    13, -1.961285023970e-01, 2.608476438274e-03, 1.9346e+01, 3.6445e-02, 
 2DIAGNOSTIC,    14, -1.959969732257e-01, 1.731251290754e-03, 1.9373e+01, 2.7069e-02, 
 2DIAGNOSTIC,    15, -1.957975589070e-01, 1.295074224443e-03, 1.9396e+01, 2.3113e-02, 
 2DIAGNOSTIC,    16, -1.954430360489e-01, 9.367599585004e-04, 1.9424e+01, 2.8187e-02, 
 2DIAGNOSTIC,    17, -1.954560345507e-01, 4.726551746430e-04, 1.9445e+01, 2.0943e-02, 
 2DIAGNOSTIC,    18, -1.950098262373e-01, 7.518149830109e-05, 1.9467e+01, 2.1999e-02, 
DIAGNOSTIC,Iteration,metricValue,convergenceValue,ITERATION_TIME_INDEX,SINCE_LAST
 2DIAGNOSTIC,     1, -1.423737709362e-01, 1.797693134862e+308, 3.4590e+01, 1.5123e+01, 
 2DIAGNOSTIC,     2, -1.432827690156e-01, 1.797693134862e+308, 3.4685e+01, 9.4563e-02, 
 2DIAGNOSTIC,     3, -1.446551759683e-01, 1.797693134862e+308, 3.4778e+01, 9.3262e-02, 
 2DIAGNOSTIC,     4, -1.468100908606e-01, 1.797693134862e+308, 3.4872e+01, 9.4003e-02, 
 2DIAGNOSTIC,     5, -1.491943572423e-01, 1.797693134862e+308, 3.4965e+01, 9.2775e-02, 
 2DIAGNOSTIC,     6, -1.522157276720e-01, 1.797693134862e+308, 3.5059e+01, 9.4009e-02, 
 2DIAGNOSTIC,     7, -1.571328212924e-01, 1.797693134862e+308, 3.5152e+01, 9.3313e-02, 
 2DIAGNOSTIC,     8, -1.641932765217e-01, 1.797693134862e+308, 3.5246e+01, 9.3759e-02, 
 2DIAGNOSTIC,     9, -2.241786068596e-01, 1.797693134862e+308, 3.5420e+01, 1.7376e-01, 
 2DIAGNOSTIC,    10, -3.070737801285e-01, 4.176952892829e-02, 3.5645e+01, 2.2526e-01, 
 2DIAGNOSTIC,    11, -3.107880180619e-01, 5.171561338894e-02, 3.5740e+01, 9.5306e-02, 
 2DIAGNOSTIC,    12, -3.207263948905e-01, 5.593240069673e-02, 3.5834e+01, 9.3965e-02, 
 2DIAGNOSTIC,    13, -3.358006346779e-01, 5.583358730809e-02, 3.5928e+01, 9.3809e-02, 
 2DIAGNOSTIC,    14, -3.538554407608e-01, 5.233605456342e-02, 3.6021e+01, 9.3354e-02, 
 2DIAGNOSTIC,    15, -3.635888061683e-01, 4.571480492476e-02, 3.6113e+01, 9.1514e-02, 
 2DIAGNOSTIC,    16, -3.699234798505e-01, 3.702015178358e-02, 3.6226e+01, 1.1366e-01, 
 2DIAGNOSTIC,    17, -3.759885293059e-01, 2.741347554215e-02, 3.6317e+01, 9.0908e-02, 
 2DIAGNOSTIC,    18, -3.794890530990e-01, 1.752764755365e-02, 3.6454e+01, 1.3680e-01, 
 2DIAGNOSTIC,    19, -3.867608091336e-01, 1.130851833907e-02, 3.6673e+01, 2.1866e-01, 
 2DIAGNOSTIC,    20, -3.872534495080e-01, 9.424017338118e-03, 3.6766e+01, 9.2983e-02, 
 2DIAGNOSTIC,    21, -3.889203483336e-01, 7.210291541317e-03, 3.6861e+01, 9.5378e-02, 
 2DIAGNOSTIC,    22, -3.908486329562e-01, 5.165459434997e-03, 3.6957e+01, 9.5501e-02, 
 2DIAGNOSTIC,    23, -3.926970994775e-01, 3.613972261573e-03, 3.7053e+01, 9.5917e-02, 
 2DIAGNOSTIC,    24, -3.942172462511e-01, 2.704340917361e-03, 3.7145e+01, 9.2601e-02, 
 2DIAGNOSTIC,    25, -3.953410223950e-01, 2.063764242740e-03, 3.7257e+01, 1.1162e-01, 
 2DIAGNOSTIC,    26, -3.956575805238e-01, 1.542943183054e-03, 3.7413e+01, 1.5623e-01, 
 2DIAGNOSTIC,    27, -3.959565566432e-01, 1.153208884102e-03, 3.7509e+01, 9.6089e-02, 
 2DIAGNOSTIC,    28, -3.961283296539e-01, 8.089207899810e-04, 3.7624e+01, 1.1439e-01, 
 2DIAGNOSTIC,    29, -3.964466365020e-01, 6.635256283123e-04, 3.7741e+01, 1.1731e-01, 
 2DIAGNOSTIC,    30, -3.965804161995e-01, 4.871271210057e-04, 3.7880e+01, 1.3872e-01, 
 2DIAGNOSTIC,    31, -3.969130099653e-01, 3.380310851878e-04, 3.7995e+01, 1.1503e-01, 
 2DIAGNOSTIC,    32, -3.969280035270e-01, 2.232842042928e-04, 3.8111e+01, 1.1648e-01, 
 2DIAGNOSTIC,    33, -3.969308154076e-01, 1.460552980956e-04, 3.8228e+01, 1.1717e-01, 
 2DIAGNOSTIC,    34, -3.969339557251e-01, 1.001038295233e-04, 3.8342e+01, 1.1339e-01, 
 2DIAGNOSTIC,    35, -3.969394851110e-01, 7.642744241595e-05, 3.8482e+01, 1.3992e-01, 
 2DIAGNOSTIC,    36, -3.969417394138e-01, 5.485127780235e-05, 3.8602e+01, 1.2073e-01, 
 2DIAGNOSTIC,    37, -3.969474047344e-01, 3.679699520218e-05, 3.8843e+01, 2.4048e-01, 
 2DIAGNOSTIC,    38, -3.969474062671e-01, 2.038544791347e-05, 3.9320e+01, 4.7755e-01, 
 2DIAGNOSTIC,    39, -3.969474062671e-01, 1.021390122612e-05, 3.9524e+01, 2.0405e-01, 
 2DIAGNOSTIC,    40, -3.969474062671e-01, 2.451019526513e-06, 3.9662e+01, 1.3728e-01, 
 2DIAGNOSTIC,    41, -3.969474062671e-01, 1.927546479208e-06, 3.9794e+01, 1.3210e-01, 
 2DIAGNOSTIC,    42, -3.969474062671e-01, 1.641363667586e-06, 3.9906e+01, 1.1181e-01, 
 2DIAGNOSTIC,    43, -3.969474062671e-01, 1.355740673805e-06, 4.0017e+01, 1.1110e-01, 
 2DIAGNOSTIC,    44, -3.969474062671e-01, 1.099225561463e-06, 4.0129e+01, 1.1206e-01, 
DIAGNOSTIC,Iteration,metricValue,convergenceValue,ITERATION_TIME_INDEX,SINCE_LAST
 2DIAGNOSTIC,     1, -3.631016018906e-01, 1.797693134862e+308, 4.8300e+01, 8.1708e+00, 
 2DIAGNOSTIC,     2, -3.641717801133e-01, 1.797693134862e+308, 4.8739e+01, 4.3979e-01, 
 2DIAGNOSTIC,     3, -3.644921982552e-01, 1.797693134862e+308, 4.9175e+01, 4.3557e-01, 
 2DIAGNOSTIC,     4, -3.646055656211e-01, 1.797693134862e+308, 4.9611e+01, 4.3566e-01, 
 2DIAGNOSTIC,     5, -3.648037924963e-01, 1.797693134862e+308, 5.0227e+01, 6.1689e-01, 
 2DIAGNOSTIC,     6, -3.649225749807e-01, 1.797693134862e+308, 5.0841e+01, 6.1385e-01, 
 2DIAGNOSTIC,     7, -3.649127320430e-01, 1.797693134862e+308, 5.1543e+01, 7.0161e-01, 
 2DIAGNOSTIC,     8, -3.649149081363e-01, 1.797693134862e+308, 5.2066e+01, 5.2266e-01, 
 2DIAGNOSTIC,     9, -3.648948352127e-01, 1.797693134862e+308, 5.2762e+01, 6.9620e-01, 
 2DIAGNOSTIC,    10, -3.648965309608e-01, 2.281978579245e-04, 5.3280e+01, 5.1819e-01, 
 2DIAGNOSTIC,    11, -3.648823286272e-01, 9.623158287342e-05, 5.3796e+01, 5.1627e-01, 
 2DIAGNOSTIC,    12, -3.648771432447e-01, 4.677337583057e-05, 5.4224e+01, 4.2795e-01, 
 2DIAGNOSTIC,    13, -3.648688788238e-01, 1.973031964637e-05, 5.4741e+01, 5.1720e-01, 
 2DIAGNOSTIC,    14, -3.648900894239e-01, 2.244285080749e-06, 5.5260e+01, 5.1896e-01, 
DIAGNOSTIC,Iteration,metricValue,convergenceValue,ITERATION_TIME_INDEX,SINCE_LAST
 2DIAGNOSTIC,     1, -3.104999882228e-01, 1.797693134862e+308, 6.3561e+01, 8.3003e+00, 
  Elapsed time (stage 0): 6.6700e+01


Stage 1
  iterations = 1000x500x250x0
  convergence threshold = 1.0000e-06
  convergence window size = 10
  number of levels = 4
  using the Mattes MI metric (number of bins = 32, weight = 1.0000e+00)
  preprocessing:  winsorizing the image intensities
  Shrink factors (level 1 out of 4): [12, 12, 5]
  Shrink factors (level 2 out of 4): [8, 8, 3]
  Shrink factors (level 3 out of 4): [4, 4, 2]
  Shrink factors (level 4 out of 4): [2, 2, 1]
  smoothing sigmas per level: [4, 3, 2, 1]
  regular sampling (percentage = 2.5000e-01)

*** Running AffineTransform registration ***

DIAGNOSTIC,Iteration,metricValue,convergenceValue,ITERATION_TIME_INDEX,SINCE_LAST
 2DIAGNOSTIC,     1, -4.134569118883e-01, 1.797693134862e+308, 1.8469e+01, 1.8469e+01, 
 2DIAGNOSTIC,     2, -4.139897921179e-01, 1.797693134862e+308, 1.8493e+01, 2.3900e-02, 
 2DIAGNOSTIC,     3, -4.165556699830e-01, 1.797693134862e+308, 1.8520e+01, 2.6610e-02, 
 2DIAGNOSTIC,     4, -4.182609352220e-01, 1.797693134862e+308, 1.8543e+01, 2.3308e-02, 
 2DIAGNOSTIC,     5, -4.220136987964e-01, 1.797693134862e+308, 1.8572e+01, 2.9649e-02, 
 2DIAGNOSTIC,     6, -4.243929887269e-01, 1.797693134862e+308, 1.8604e+01, 3.1642e-02, 
 2DIAGNOSTIC,     7, -4.242518253588e-01, 1.797693134862e+308, 1.8637e+01, 3.3338e-02, 
 2DIAGNOSTIC,     8, -4.244511721482e-01, 1.797693134862e+308, 1.8671e+01, 3.3142e-02, 
 2DIAGNOSTIC,     9, -4.237892678401e-01, 1.797693134862e+308, 1.8710e+01, 3.9194e-02, 
 2DIAGNOSTIC,    10, -4.229363021490e-01, 1.813177553372e-03, 1.8738e+01, 2.7898e-02, 
 2DIAGNOSTIC,    11, -4.232520524739e-01, 1.221020049455e-03, 1.8773e+01, 3.4884e-02, 
 2DIAGNOSTIC,    12, -4.238668905740e-01, 6.818021967015e-04, 1.8819e+01, 4.6370e-02, 
 2DIAGNOSTIC,    13, -4.241355906680e-01, 3.122839076391e-04, 1.8861e+01, 4.1952e-02, 
 2DIAGNOSTIC,    14, -4.240523443630e-01, 4.289035604894e-05, 1.8892e+01, 3.1577e-02, 
DIAGNOSTIC,Iteration,metricValue,convergenceValue,ITERATION_TIME_INDEX,SINCE_LAST
 2DIAGNOSTIC,     1, -3.943960295991e-01, 1.797693134862e+308, 3.3093e+01, 1.4200e+01, 
 2DIAGNOSTIC,     2, -3.956481159801e-01, 1.797693134862e+308, 3.3199e+01, 1.0672e-01, 
 2DIAGNOSTIC,     3, -3.969964514608e-01, 1.797693134862e+308, 3.3305e+01, 1.0544e-01, 
 2DIAGNOSTIC,     4, -3.981133496114e-01, 1.797693134862e+308, 3.3409e+01, 1.0447e-01, 
 2DIAGNOSTIC,     5, -3.988062920793e-01, 1.797693134862e+308, 3.3577e+01, 1.6814e-01, 
 2DIAGNOSTIC,     6, -3.990830595294e-01, 1.797693134862e+308, 3.3811e+01, 2.3401e-01, 
 2DIAGNOSTIC,     7, -3.990873317221e-01, 1.797693134862e+308, 3.3916e+01, 1.0431e-01, 
 2DIAGNOSTIC,     8, -3.991014837992e-01, 1.797693134862e+308, 3.4020e+01, 1.0410e-01, 
 2DIAGNOSTIC,     9, -3.991226892173e-01, 1.797693134862e+308, 3.4127e+01, 1.0718e-01, 
 2DIAGNOSTIC,    10, -3.991527422253e-01, 7.009784832287e-04, 3.4233e+01, 1.0597e-01, 
 2DIAGNOSTIC,    11, -3.991909760720e-01, 4.101106633913e-04, 3.4337e+01, 1.0427e-01, 
 2DIAGNOSTIC,    12, -3.992368832561e-01, 2.076323571593e-04, 3.4440e+01, 1.0264e-01, 
 2DIAGNOSTIC,    13, -3.992934477539e-01, 9.391187470162e-05, 3.4543e+01, 1.0341e-01, 
 2DIAGNOSTIC,    14, -3.993760159632e-01, 4.841335238200e-05, 3.4670e+01, 1.2726e-01, 
 2DIAGNOSTIC,    15, -3.994840241877e-01, 4.243312716169e-05, 3.4774e+01, 1.0368e-01, 
 2DIAGNOSTIC,    16, -4.003390604700e-01, 8.387121296308e-05, 3.4900e+01, 1.2631e-01, 
 2DIAGNOSTIC,    17, -4.004147256046e-01, 1.152811287133e-04, 3.5052e+01, 1.5134e-01, 
 2DIAGNOSTIC,    18, -4.004603518375e-01, 1.354286920615e-04, 3.5157e+01, 1.0492e-01, 
 2DIAGNOSTIC,    19, -4.005134830653e-01, 1.442966868872e-04, 3.5265e+01, 1.0846e-01, 
 2DIAGNOSTIC,    20, -4.006734076637e-01, 1.456211781945e-04, 3.5439e+01, 1.7389e-01, 
 2DIAGNOSTIC,    21, -4.007276647793e-01, 1.359445434668e-04, 3.5549e+01, 1.1022e-01, 
 2DIAGNOSTIC,    22, -4.007532749098e-01, 1.168432657349e-04, 3.5662e+01, 1.1253e-01, 
 2DIAGNOSTIC,    23, -4.007932691140e-01, 9.204215719351e-05, 3.5795e+01, 1.3301e-01, 
 2DIAGNOSTIC,    24, -4.008312254264e-01, 6.459668734828e-05, 3.5969e+01, 1.7457e-01, 
 2DIAGNOSTIC,    25, -4.008716370906e-01, 3.689623659380e-05, 3.6075e+01, 1.0570e-01, 
 2DIAGNOSTIC,    26, -4.009095648131e-01, 3.236090508826e-05, 3.6181e+01, 1.0543e-01, 
 2DIAGNOSTIC,    27, -4.011807005273e-01, 3.440014377082e-05, 3.6286e+01, 1.0540e-01, 
 2DIAGNOSTIC,    28, -4.014983557593e-01, 4.223017685546e-05, 3.6478e+01, 1.9240e-01, 
 2DIAGNOSTIC,    29, -4.015396759688e-01, 4.771725104669e-05, 3.6587e+01, 1.0854e-01, 
 2DIAGNOSTIC,    30, -4.015538270115e-01, 5.268670658524e-05, 3.6692e+01, 1.0498e-01, 
 2DIAGNOSTIC,    31, -4.015320933105e-01, 5.328216220295e-05, 3.6796e+01, 1.0443e-01, 
 2DIAGNOSTIC,    32, -4.016129054457e-01, 5.115425350511e-05, 3.6905e+01, 1.0870e-01, 
 2DIAGNOSTIC,    33, -4.017566236765e-01, 4.816514440943e-05, 3.7126e+01, 2.2101e-01, 
 2DIAGNOSTIC,    34, -4.017627976537e-01, 4.175918738540e-05, 3.7234e+01, 1.0810e-01, 
 2DIAGNOSTIC,    35, -4.017683230082e-01, 3.297697372283e-05, 3.7342e+01, 1.0797e-01, 
 2DIAGNOSTIC,    36, -4.017771148035e-01, 2.253829191927e-05, 3.7450e+01, 1.0766e-01, 
 2DIAGNOSTIC,    37, -4.017925921707e-01, 1.591198223719e-05, 3.7559e+01, 1.0924e-01, 
 2DIAGNOSTIC,    38, -4.018551920560e-01, 1.522976662872e-05, 3.7668e+01, 1.0900e-01, 
 2DIAGNOSTIC,    39, -4.019240183209e-01, 1.519056027451e-05, 3.7919e+01, 2.5131e-01, 
 2DIAGNOSTIC,    40, -4.019260442416e-01, 1.412036356830e-05, 3.8028e+01, 1.0919e-01, 
 2DIAGNOSTIC,    41, -4.019290890767e-01, 1.152644480895e-05, 3.8135e+01, 1.0686e-01, 
 2DIAGNOSTIC,    42, -4.019355990396e-01, 9.448792144949e-06, 3.8248e+01, 1.1274e-01, 
 2DIAGNOSTIC,    43, -4.019543730541e-01, 9.297121628466e-06, 3.8360e+01, 1.1230e-01, 
 2DIAGNOSTIC,    44, -4.019651833652e-01, 8.582733436468e-06, 3.8471e+01, 1.1057e-01, 
 2DIAGNOSTIC,    45, -4.020261304519e-01, 8.208011072281e-06, 3.8648e+01, 1.7722e-01, 
 2DIAGNOSTIC,    46, -4.020309819973e-01, 7.343399015824e-06, 3.8788e+01, 1.3980e-01, 
 2DIAGNOSTIC,    47, -4.020397324194e-01, 6.239757008038e-06, 3.8921e+01, 1.3338e-01, 
 2DIAGNOSTIC,    48, -4.020463973525e-01, 5.651971764199e-06, 3.9031e+01, 1.0969e-01, 
 2DIAGNOSTIC,    49, -4.020509209592e-01, 5.666902596492e-06, 3.9165e+01, 1.3440e-01, 
 2DIAGNOSTIC,    50, -4.020302587635e-01, 4.926184155180e-06, 3.9280e+01, 1.1444e-01, 
 2DIAGNOSTIC,    51, -4.020384418416e-01, 3.968387466306e-06, 3.9420e+01, 1.4001e-01, 
 2DIAGNOSTIC,    52, -4.020466387648e-01, 2.927395367277e-06, 3.9639e+01, 2.1955e-01, 
 2DIAGNOSTIC,    53, -4.020469405376e-01, 1.957401523055e-06, 3.9751e+01, 1.1157e-01, 
 2DIAGNOSTIC,    54, -4.020500651486e-01, 1.058736981339e-06, 3.9886e+01, 1.3496e-01, 
DIAGNOSTIC,Iteration,metricValue,convergenceValue,ITERATION_TIME_INDEX,SINCE_LAST
 2DIAGNOSTIC,     1, -3.652978480048e-01, 1.797693134862e+308, 4.8128e+01, 8.2423e+00, 
 2DIAGNOSTIC,     2, -3.670212346191e-01, 1.797693134862e+308, 4.8658e+01, 5.2982e-01, 
 2DIAGNOSTIC,     3, -3.682139858664e-01, 1.797693134862e+308, 4.9194e+01, 5.3598e-01, 
 2DIAGNOSTIC,     4, -3.688154731242e-01, 1.797693134862e+308, 4.9719e+01, 5.2550e-01, 
 2DIAGNOSTIC,     5, -3.692791018851e-01, 1.797693134862e+308, 5.0359e+01, 6.3939e-01, 
 2DIAGNOSTIC,     6, -3.693267046659e-01, 1.797693134862e+308, 5.0998e+01, 6.3917e-01, 
 2DIAGNOSTIC,     7, -3.693544144910e-01, 1.797693134862e+308, 5.1528e+01, 5.3005e-01, 
 2DIAGNOSTIC,     8, -3.692586861497e-01, 1.797693134862e+308, 5.2273e+01, 7.4481e-01, 
 2DIAGNOSTIC,     9, -3.691874812418e-01, 1.797693134862e+308, 5.2912e+01, 6.3913e-01, 
 2DIAGNOSTIC,    10, -3.692020685628e-01, 5.268445641914e-04, 5.3551e+01, 6.3878e-01, 
 2DIAGNOSTIC,    11, -3.691623301092e-01, 2.314723804721e-04, 5.4189e+01, 6.3823e-01, 
 2DIAGNOSTIC,    12, -3.691901149644e-01, 7.617420619388e-05, 5.4833e+01, 6.4426e-01, 
 2DIAGNOSTIC,    13, -3.691417185309e-01, 5.428182777364e-06, 5.5458e+01, 6.2469e-01, 
DIAGNOSTIC,Iteration,metricValue,convergenceValue,ITERATION_TIME_INDEX,SINCE_LAST
 2DIAGNOSTIC,     1, -3.130678700190e-01, 1.797693134862e+308, 6.4442e+01, 8.9837e+00, 
  Elapsed time (stage 1): 6.6649e+01


Stage 2
  iterations = 100x100x70x50x0
  convergence threshold = 1.0000e-06
  convergence window size = 10
  number of levels = 5
  using the Mattes MI metric (number of bins = 32, weight = 1.0000e+00)
  preprocessing:  winsorizing the image intensities
  Shrink factors (level 1 out of 5): [10, 10, 4]
  Shrink factors (level 2 out of 5): [6, 6, 2]
  Shrink factors (level 3 out of 5): [4, 4, 2]
  Shrink factors (level 4 out of 5): [2, 2, 1]
  Shrink factors (level 5 out of 5): [1, 1, 1]
  smoothing sigmas per level: [5, 3, 2, 1, 0]
  Using default NONE metricSamplingStrategy 

*** Running SyN registration (varianceForUpdateField = 3.0000e+00, varianceForTotalField = 0.0000e+00) ***

XXDIAGNOSTIC,Iteration,metricValue,convergenceValue,ITERATION_TIME_INDEX,SINCE_LAST
 1DIAGNOSTIC,     1, -4.498987699901e-01, 1.797693134862e+308, 2.6732e+01, 2.6732e+01, 
 1DIAGNOSTIC,     2, -4.562866404273e-01, 1.797693134862e+308, 2.7020e+01, 2.8881e-01, 
 1DIAGNOSTIC,     3, -4.612653603331e-01, 1.797693134862e+308, 2.7318e+01, 2.9712e-01, 
 1DIAGNOSTIC,     4, -4.655095003821e-01, 1.797693134862e+308, 2.7621e+01, 3.0386e-01, 
 1DIAGNOSTIC,     5, -4.692769815002e-01, 1.797693134862e+308, 2.7919e+01, 2.9789e-01, 
 1DIAGNOSTIC,     6, -4.718717417889e-01, 1.797693134862e+308, 2.8216e+01, 2.9650e-01, 
 1DIAGNOSTIC,     7, -4.745587463898e-01, 1.797693134862e+308, 2.8492e+01, 2.7611e-01, 
 1DIAGNOSTIC,     8, -4.767757757081e-01, 1.797693134862e+308, 2.8767e+01, 2.7498e-01, 
 1DIAGNOSTIC,     9, -4.787687320560e-01, 1.797693134862e+308, 2.9034e+01, 2.6701e-01, 
 1DIAGNOSTIC,    10, -4.811333837669e-01, 4.032081576426e-03, 2.9326e+01, 2.9236e-01, 
 1DIAGNOSTIC,    11, -4.830933409452e-01, 3.160277536058e-03, 2.9615e+01, 2.8871e-01, 
 1DIAGNOSTIC,    12, -4.851971738282e-01, 2.576699522547e-03, 2.9890e+01, 2.7497e-01, 
 1DIAGNOSTIC,    13, -4.869802058811e-01, 2.161886326564e-03, 3.0170e+01, 2.8011e-01, 
 1DIAGNOSTIC,    14, -4.894327802966e-01, 1.895477420971e-03, 3.0451e+01, 2.8058e-01, 
 1DIAGNOSTIC,    15, -4.914381956934e-01, 1.720222809018e-03, 3.0733e+01, 2.8238e-01, 
 1DIAGNOSTIC,    16, -4.930194265837e-01, 1.563485392666e-03, 3.1011e+01, 2.7836e-01, 
 1DIAGNOSTIC,    17, -4.949354570935e-01, 1.442273061044e-03, 3.1289e+01, 2.7809e-01, 
 1DIAGNOSTIC,    18, -4.966437660208e-01, 1.330062049590e-03, 3.1569e+01, 2.7958e-01, 
 1DIAGNOSTIC,    19, -4.983055838150e-01, 1.219104158025e-03, 3.1848e+01, 2.7916e-01, 
 1DIAGNOSTIC,    20, -5.005269268701e-01, 1.140852879559e-03, 3.2129e+01, 2.8122e-01, 
 1DIAGNOSTIC,    21, -5.017864257897e-01, 1.053280969399e-03, 3.2414e+01, 2.8489e-01, 
 1DIAGNOSTIC,    22, -5.045344573639e-01, 1.005287012926e-03, 3.2695e+01, 2.8110e-01, 
 1DIAGNOSTIC,    23, -5.065973829117e-01, 9.637769759188e-04, 3.2977e+01, 2.8164e-01, 
 1DIAGNOSTIC,    24, -5.083090927836e-01, 9.361767946949e-04, 3.3262e+01, 2.8462e-01, 
 1DIAGNOSTIC,    25, -5.108890734310e-01, 9.299612774151e-04, 3.3546e+01, 2.8451e-01, 
 1DIAGNOSTIC,    26, -5.119622144652e-01, 8.951524752972e-04, 3.3829e+01, 2.8278e-01, 
 1DIAGNOSTIC,    27, -5.133414018673e-01, 8.495857248977e-04, 3.4116e+01, 2.8677e-01, 
 1DIAGNOSTIC,    28, -5.141350142383e-01, 7.787668623232e-04, 3.4407e+01, 2.9153e-01, 
 1DIAGNOSTIC,    29, -5.154476489063e-01, 6.985096665336e-04, 3.4695e+01, 2.8820e-01, 
 1DIAGNOSTIC,    30, -5.157001745637e-01, 6.052947362083e-04, 3.4981e+01, 2.8603e-01, 
 1DIAGNOSTIC,    31, -5.167550688804e-01, 5.037717296539e-04, 3.5268e+01, 2.8623e-01, 
 1DIAGNOSTIC,    32, -5.157429915380e-01, 3.921405534358e-04, 3.5552e+01, 2.8433e-01, 
 1DIAGNOSTIC,    33, -5.181514161560e-01, 3.290562675422e-04, 3.5841e+01, 2.8912e-01, 
 1DIAGNOSTIC,    34, -5.180799267993e-01, 2.643834084924e-04, 3.6131e+01, 2.8964e-01, 
 1DIAGNOSTIC,    35, -5.186628164887e-01, 2.305646372563e-04, 3.6417e+01, 2.8668e-01, 
 1DIAGNOSTIC,    36, -5.182116325518e-01, 1.868093899264e-04, 3.6723e+01, 3.0601e-01, 
 1DIAGNOSTIC,    37, -5.201756467024e-01, 1.799816438336e-04, 3.7011e+01, 2.8755e-01, 
 1DIAGNOSTIC,    38, -5.175867449509e-01, 1.278546427950e-04, 3.7306e+01, 2.9467e-01, 
 1DIAGNOSTIC,    39, -5.205322274447e-01, 1.299023374324e-04, 3.7598e+01, 2.9278e-01, 
 1DIAGNOSTIC,    40, -5.201793523981e-01, 1.167694689407e-04, 3.7895e+01, 2.9666e-01, 
 1DIAGNOSTIC,    41, -5.205621713916e-01, 1.140820357565e-04, 3.8183e+01, 2.8788e-01, 
 1DIAGNOSTIC,    42, -5.196779356590e-01, 7.431185091084e-05, 3.8481e+01, 2.9836e-01, 
 1DIAGNOSTIC,    43, -5.210849774728e-01, 8.067212540798e-05, 3.8775e+01, 2.9338e-01, 
 1DIAGNOSTIC,    44, -5.197430747084e-01, 5.987535017372e-05, 3.9072e+01, 2.9675e-01, 
 1DIAGNOSTIC,    45, -5.213699105784e-01, 6.266953308419e-05, 3.9364e+01, 2.9254e-01, 
 1DIAGNOSTIC,    46, -5.211469664470e-01, 5.009152261079e-05, 3.9658e+01, 2.9431e-01, 
 1DIAGNOSTIC,    47, -5.208739343152e-01, 5.517224407661e-05, 3.9954e+01, 2.9577e-01, 
 1DIAGNOSTIC,    48, -5.214597527231e-01, 3.037291238207e-05, 4.0243e+01, 2.8907e-01, 
 1DIAGNOSTIC,    49, -5.215201455182e-01, 3.840053091705e-05, 4.0534e+01, 2.9078e-01, 
 1DIAGNOSTIC,    50, -5.208700547689e-01, 3.090656085367e-05, 4.0826e+01, 2.9153e-01, 
 1DIAGNOSTIC,    51, -5.226593167474e-01, 4.544180411375e-05, 4.1116e+01, 2.9013e-01, 
 1DIAGNOSTIC,    52, -5.221763494545e-01, 3.931929663352e-05, 4.1406e+01, 2.9047e-01, 
 1DIAGNOSTIC,    53, -5.226267620021e-01, 5.026964304794e-05, 4.1710e+01, 3.0362e-01, 
 1DIAGNOSTIC,    54, -5.229234145190e-01, 4.464881523383e-05, 4.2006e+01, 2.9602e-01, 
 1DIAGNOSTIC,    55, -5.238470757559e-01, 6.122637619814e-05, 4.2293e+01, 2.8684e-01, 
 1DIAGNOSTIC,    56, -5.230301094550e-01, 6.064743563531e-05, 4.2582e+01, 2.8910e-01, 
 1DIAGNOSTIC,    57, -5.247598394919e-01, 6.883423229592e-05, 4.2870e+01, 2.8862e-01, 
 1DIAGNOSTIC,    58, -5.238270463385e-01, 6.650023872316e-05, 4.3165e+01, 2.9423e-01, 
 1DIAGNOSTIC,    59, -5.246102729566e-01, 6.649097455200e-05, 4.3466e+01, 3.0111e-01, 
 1DIAGNOSTIC,    60, -5.257990240154e-01, 6.454314150733e-05, 4.3754e+01, 2.8866e-01, 
 1DIAGNOSTIC,    61, -5.248692473181e-01, 6.431701698323e-05, 4.4054e+01, 2.9994e-01, 
 1DIAGNOSTIC,    62, -5.254776090567e-01, 5.943197486217e-05, 4.4346e+01, 2.9215e-01, 
 1DIAGNOSTIC,    63, -5.256737840753e-01, 5.467802684071e-05, 4.4637e+01, 2.9046e-01, 
 1DIAGNOSTIC,    64, -5.255303994385e-01, 4.589683593068e-05, 4.4933e+01, 2.9618e-01, 
 1DIAGNOSTIC,    65, -5.252110794141e-01, 3.846239897313e-05, 4.5227e+01, 2.9397e-01, 
 1DIAGNOSTIC,    66, -5.258757716250e-01, 2.607125654840e-05, 4.5520e+01, 2.9336e-01, 
 1DIAGNOSTIC,    67, -5.254657573204e-01, 2.281919941943e-05, 4.5812e+01, 2.9135e-01, 
 1DIAGNOSTIC,    68, -5.254708291627e-01, 9.767824404913e-06, 4.6102e+01, 2.9014e-01, 
 1DIAGNOSTIC,    69, -5.256444645473e-01, 3.751773613312e-06, 4.6397e+01, 2.9483e-01, 
 1DIAGNOSTIC,    70, -5.260743385953e-01, 1.075480608228e-05, 4.6693e+01, 2.9614e-01, 
 1DIAGNOSTIC,    71, -5.255242556709e-01, 4.634360505422e-06, 4.6988e+01, 2.9548e-01, 
 1DIAGNOSTIC,    72, -5.255482309115e-01, 3.312636320743e-06, 4.7283e+01, 2.9426e-01, 
 1DIAGNOSTIC,    73, -5.260540983828e-01, 7.209541307658e-06, 4.7575e+01, 2.9240e-01, 
 1DIAGNOSTIC,    74, -5.256561905291e-01, 6.134813056568e-06, 4.7870e+01, 2.9504e-01, 
 1DIAGNOSTIC,    75, -5.256764346119e-01, 2.228199637116e-06, 4.8168e+01, 2.9770e-01, 
 1DIAGNOSTIC,    76, -5.261508421050e-01, 6.794283105674e-06, 4.8459e+01, 2.9082e-01, 
 1DIAGNOSTIC,    77, -5.258842642322e-01, 5.647428446767e-06, 4.8748e+01, 2.8970e-01, 
 1DIAGNOSTIC,    78, -5.252106427607e-01, -7.631306314058e-07, 4.9044e+01, 2.9562e-01, 
XXDIAGNOSTIC,Iteration,metricValue,convergenceValue,ITERATION_TIME_INDEX,SINCE_LAST
 1DIAGNOSTIC,     1, -4.460968323239e-01, 1.797693134862e+308, 6.4988e+01, 1.5944e+01, 
 1DIAGNOSTIC,     2, -4.477711978047e-01, 1.797693134862e+308, 6.6326e+01, 1.3388e+00, 
 1DIAGNOSTIC,     3, -4.497540153614e-01, 1.797693134862e+308, 6.7678e+01, 1.3513e+00, 
 1DIAGNOSTIC,     4, -4.515820860512e-01, 1.797693134862e+308, 6.8934e+01, 1.2562e+00, 
 1DIAGNOSTIC,     5, -4.532168639244e-01, 1.797693134862e+308, 7.0187e+01, 1.2536e+00, 
 1DIAGNOSTIC,     6, -4.547250652993e-01, 1.797693134862e+308, 7.1445e+01, 1.2575e+00, 
 1DIAGNOSTIC,     7, -4.562055283623e-01, 1.797693134862e+308, 7.2692e+01, 1.2476e+00, 
 1DIAGNOSTIC,     8, -4.575097966178e-01, 1.797693134862e+308, 7.3943e+01, 1.2502e+00, 
 1DIAGNOSTIC,     9, -4.587920556608e-01, 1.797693134862e+308, 7.5184e+01, 1.2412e+00, 
 1DIAGNOSTIC,    10, -4.599231489326e-01, 1.964966957252e-03, 7.6454e+01, 1.2700e+00, 
 1DIAGNOSTIC,    11, -4.610813706966e-01, 1.681138522866e-03, 7.7787e+01, 1.3333e+00, 
 1DIAGNOSTIC,    12, -4.618893828100e-01, 1.421833956451e-03, 7.9071e+01, 1.2841e+00, 
 1DIAGNOSTIC,    13, -4.630584790190e-01, 1.224568670743e-03, 8.0348e+01, 1.2767e+00, 
 1DIAGNOSTIC,    14, -4.638835492120e-01, 1.061225053181e-03, 8.1654e+01, 1.3055e+00, 
 1DIAGNOSTIC,    15, -4.647806556452e-01, 9.271869130403e-04, 8.2979e+01, 1.3255e+00, 
 1DIAGNOSTIC,    16, -4.655003560615e-01, 8.107888926368e-04, 8.4290e+01, 1.3107e+00, 
 1DIAGNOSTIC,    17, -4.660992546576e-01, 7.090219424579e-04, 8.5604e+01, 1.3141e+00, 
 1DIAGNOSTIC,    18, -4.670534991436e-01, 6.304233790800e-04, 8.6930e+01, 1.3263e+00, 
 1DIAGNOSTIC,    19, -4.676988434256e-01, 5.637147182411e-04, 8.8292e+01, 1.3617e+00, 
 1DIAGNOSTIC,    20, -4.685397739005e-01, 5.119051876667e-04, 8.9662e+01, 1.3705e+00, 
 1DIAGNOSTIC,    21, -4.688618846253e-01, 4.607843066815e-04, 9.1015e+01, 1.3526e+00, 
 1DIAGNOSTIC,    22, -4.695247385727e-01, 4.124363308837e-04, 9.2342e+01, 1.3273e+00, 
 1DIAGNOSTIC,    23, -4.699564741531e-01, 3.722681124194e-04, 9.3672e+01, 1.3298e+00, 
 1DIAGNOSTIC,    24, -4.707615822480e-01, 3.420123428534e-04, 9.4991e+01, 1.3188e+00, 
 1DIAGNOSTIC,    25, -4.710570419217e-01, 3.110802408915e-04, 9.6302e+01, 1.3113e+00, 
 1DIAGNOSTIC,    26, -4.718678674815e-01, 2.897208028032e-04, 9.7612e+01, 1.3097e+00, 
 1DIAGNOSTIC,    27, -4.718821136485e-01, 2.561896064797e-04, 9.8910e+01, 1.2981e+00, 
 1DIAGNOSTIC,    28, -4.724859961631e-01, 2.352124024053e-04, 1.0019e+02, 1.2838e+00, 
 1DIAGNOSTIC,    29, -4.727194078301e-01, 2.115975379894e-04, 1.0148e+02, 1.2831e+00, 
 1DIAGNOSTIC,    30, -4.731284374635e-01, 1.951678953134e-04, 1.0276e+02, 1.2859e+00, 
 1DIAGNOSTIC,    31, -4.734536188263e-01, 1.739702133523e-04, 1.0405e+02, 1.2843e+00, 
 1DIAGNOSTIC,    32, -4.735826428396e-01, 1.528332473958e-04, 1.0535e+02, 1.3025e+00, 
 1DIAGNOSTIC,    33, -4.740638340052e-01, 1.353506570741e-04, 1.0666e+02, 1.3099e+00, 
 1DIAGNOSTIC,    34, -4.740803192316e-01, 1.207185850912e-04, 1.0796e+02, 1.3013e+00, 
 1DIAGNOSTIC,    35, -4.742257324109e-01, 1.030092282341e-04, 1.0925e+02, 1.2890e+00, 
 1DIAGNOSTIC,    36, -4.747036990395e-01, 9.859711435795e-05, 1.1054e+02, 1.2941e+00, 
 1DIAGNOSTIC,    37, -4.746409587464e-01, 8.392780945978e-05, 1.1183e+02, 1.2903e+00, 
 1DIAGNOSTIC,    38, -4.749730708360e-01, 7.725255787848e-05, 1.1314e+02, 1.3040e+00, 
 1DIAGNOSTIC,    39, -4.751835544021e-01, 7.042357868328e-05, 1.1442e+02, 1.2843e+00, 
 1DIAGNOSTIC,    40, -4.749916393547e-01, 6.050904316179e-05, 1.1574e+02, 1.3159e+00, 
 1DIAGNOSTIC,    41, -4.754112563832e-01, 5.657517527754e-05, 1.1704e+02, 1.2974e+00, 
 1DIAGNOSTIC,    42, -4.751432917800e-01, 4.514369407078e-05, 1.1834e+02, 1.2999e+00, 
 1DIAGNOSTIC,    43, -4.754523635507e-01, 4.138492349894e-05, 1.1964e+02, 1.3010e+00, 
 1DIAGNOSTIC,    44, -4.755243587428e-01, 3.502090735703e-05, 1.2094e+02, 1.3001e+00, 
 1DIAGNOSTIC,    45, -4.751854431323e-01, 2.290394723251e-05, 1.2221e+02, 1.2743e+00, 
 1DIAGNOSTIC,    46, -4.755804091020e-01, 2.100087335489e-05, 1.2351e+02, 1.3027e+00, 
 1DIAGNOSTIC,    47, -4.756682684749e-01, 1.727098548744e-05, 1.2483e+02, 1.3146e+00, 
 1DIAGNOSTIC,    48, -4.755844042052e-01, 1.513782759332e-05, 1.2614e+02, 1.3102e+00, 
 1DIAGNOSTIC,    49, -4.758171605086e-01, 1.738942882344e-05, 1.2745e+02, 1.3150e+00, 
 1DIAGNOSTIC,    50, -4.758015826111e-01, 1.527395727687e-05, 1.2875e+02, 1.2931e+00, 
 1DIAGNOSTIC,    51, -4.759566410877e-01, 1.878633811907e-05, 1.3005e+02, 1.3065e+00, 
 1DIAGNOSTIC,    52, -4.759169912797e-01, 1.663143302141e-05, 1.3135e+02, 1.3002e+00, 
 1DIAGNOSTIC,    53, -4.760395010361e-01, 1.800131514734e-05, 1.3267e+02, 1.3130e+00, 
 1DIAGNOSTIC,    54, -4.758097741667e-01, 1.600147030035e-05, 1.3398e+02, 1.3104e+00, 
 1DIAGNOSTIC,    55, -4.759820275243e-01, 1.069888654141e-05, 1.3526e+02, 1.2854e+00, 
 1DIAGNOSTIC,    56, -4.762490321367e-01, 1.169897590015e-05, 1.3655e+02, 1.2899e+00, 
 1DIAGNOSTIC,    57, -4.757241219485e-01, 6.897813504842e-06, 1.3784e+02, 1.2918e+00, 
 1DIAGNOSTIC,    58, -4.761462802697e-01, 5.353606469229e-06, 1.3913e+02, 1.2905e+00, 
 1DIAGNOSTIC,    59, -4.760332968740e-01, 4.532569240254e-06, 1.4042e+02, 1.2889e+00, 
 1DIAGNOSTIC,    60, -4.760114692086e-01, 2.915753109591e-06, 1.4170e+02, 1.2744e+00, 
 1DIAGNOSTIC,    61, -4.763343169624e-01, 5.885805629404e-06, 1.4299e+02, 1.2932e+00, 
 1DIAGNOSTIC,    62, -4.760327992922e-01, 4.828868112629e-06, 1.4428e+02, 1.2847e+00, 
 1DIAGNOSTIC,    63, -4.762184981678e-01, 6.548534706455e-06, 1.4565e+02, 1.3733e+00, 
 1DIAGNOSTIC,    64, -4.763929356809e-01, 6.981540178998e-06, 1.4694e+02, 1.2913e+00, 
 1DIAGNOSTIC,    65, -4.758449018499e-01, 3.138867494340e-06, 1.4825e+02, 1.3122e+00, 
 1DIAGNOSTIC,    66, -4.762694882017e-01, 5.816823820542e-06, 1.4958e+02, 1.3321e+00, 
 1DIAGNOSTIC,    67, -4.763704585723e-01, 3.834468036746e-06, 1.5089e+02, 1.3081e+00, 
 1DIAGNOSTIC,    68, -4.760147313322e-01, 2.168930379048e-06, 1.5219e+02, 1.2980e+00, 
 1DIAGNOSTIC,    69, -4.765465123326e-01, 4.200654688331e-06, 1.5349e+02, 1.2963e+00, 
 1DIAGNOSTIC,    70, -4.763885958351e-01, 4.082925641974e-06, 1.5478e+02, 1.2984e+00, 
 1DIAGNOSTIC,    71, -4.762020731647e-01, 4.893387079676e-06, 1.5609e+02, 1.3012e+00, 
 1DIAGNOSTIC,    72, -4.766738430466e-01, 6.664246914423e-06, 1.5756e+02, 1.4766e+00, 
 1DIAGNOSTIC,    73, -4.766046774640e-01, 8.590207495052e-06, 1.5901e+02, 1.4520e+00, 
 1DIAGNOSTIC,    74, -4.764559735000e-01, 1.005117290745e-05, 1.6038e+02, 1.3669e+00, 
 1DIAGNOSTIC,    75, -4.767775504403e-01, 8.686893197801e-06, 1.6169e+02, 1.3055e+00, 
 1DIAGNOSTIC,    76, -4.764957447075e-01, 7.627571183701e-06, 1.6300e+02, 1.3094e+00, 
 1DIAGNOSTIC,    77, -4.764767440265e-01, 6.673073019990e-06, 1.6430e+02, 1.3077e+00, 
 1DIAGNOSTIC,    78, -4.765051387112e-01, 2.468497328373e-06, 1.6560e+02, 1.2924e+00, 
 1DIAGNOSTIC,    79, -4.765847226456e-01, 2.888047114579e-06, 1.6690e+02, 1.3024e+00, 
 1DIAGNOSTIC,    80, -4.766222288677e-01, 2.178419209064e-06, 1.6821e+02, 1.3066e+00, 
 1DIAGNOSTIC,    81, -4.766444358630e-01, -4.360091232503e-09, 1.6950e+02, 1.2933e+00, 
XXDIAGNOSTIC,Iteration,metricValue,convergenceValue,ITERATION_TIME_INDEX,SINCE_LAST
 1DIAGNOSTIC,     1, -4.227374250620e-01, 1.797693134862e+308, 1.8030e+02, 1.0803e+01, 
 1DIAGNOSTIC,     2, -4.232665705406e-01, 1.797693134862e+308, 1.8321e+02, 2.9082e+00, 
 1DIAGNOSTIC,     3, -4.238912124486e-01, 1.797693134862e+308, 1.8595e+02, 2.7433e+00, 
 1DIAGNOSTIC,     4, -4.244565596971e-01, 1.797693134862e+308, 1.8870e+02, 2.7512e+00, 
 1DIAGNOSTIC,     5, -4.250130124927e-01, 1.797693134862e+308, 1.9154e+02, 2.8321e+00, 
 1DIAGNOSTIC,     6, -4.255131987213e-01, 1.797693134862e+308, 1.9438e+02, 2.8462e+00, 
 1DIAGNOSTIC,     7, -4.259100439179e-01, 1.797693134862e+308, 1.9722e+02, 2.8372e+00, 
 1DIAGNOSTIC,     8, -4.262444356842e-01, 1.797693134862e+308, 2.0008e+02, 2.8575e+00, 
 1DIAGNOSTIC,     9, -4.265500836683e-01, 1.797693134862e+308, 2.0297e+02, 2.8900e+00, 
 1DIAGNOSTIC,    10, -4.268113718648e-01, 6.287775030496e-04, 2.0582e+02, 2.8501e+00, 
 1DIAGNOSTIC,    11, -4.270498812959e-01, 5.160108247278e-04, 2.0866e+02, 2.8438e+00, 
 1DIAGNOSTIC,    12, -4.272609725962e-01, 4.167320295737e-04, 2.1149e+02, 2.8336e+00, 
 1DIAGNOSTIC,    13, -4.274087896004e-01, 3.346526938199e-04, 2.1437e+02, 2.8731e+00, 
 1DIAGNOSTIC,    14, -4.275849794552e-01, 2.691263851215e-04, 2.1726e+02, 2.8879e+00, 
 1DIAGNOSTIC,    15, -4.277768610462e-01, 2.208482687258e-04, 2.2015e+02, 2.8952e+00, 
 1DIAGNOSTIC,    16, -4.279768872818e-01, 1.873937167734e-04, 2.2299e+02, 2.8368e+00, 
 1DIAGNOSTIC,    17, -4.280949318003e-01, 1.607469259325e-04, 2.2583e+02, 2.8432e+00, 
 1DIAGNOSTIC,    18, -4.282369168395e-01, 1.399167551641e-04, 2.2868e+02, 2.8533e+00, 
 1DIAGNOSTIC,    19, -4.283756852601e-01, 1.239137638739e-04, 2.3156e+02, 2.8759e+00, 
 1DIAGNOSTIC,    20, -4.284773742290e-01, 1.100284342250e-04, 2.3481e+02, 3.2535e+00, 
 1DIAGNOSTIC,    21, -4.285844164568e-01, 9.818160869934e-05, 2.3772e+02, 2.9084e+00, 
 1DIAGNOSTIC,    22, -4.287045178207e-01, 8.836549540863e-05, 2.4061e+02, 2.8918e+00, 
 1DIAGNOSTIC,    23, -4.288052959939e-01, 7.837838467857e-05, 2.4352e+02, 2.9102e+00, 
 1DIAGNOSTIC,    24, -4.289164689172e-01, 6.986990863631e-05, 2.4646e+02, 2.9401e+00, 
 1DIAGNOSTIC,    25, -4.290385743363e-01, 6.384755203868e-05, 2.4959e+02, 3.1296e+00, 
 1DIAGNOSTIC,    26, -4.291108443284e-01, 5.931190446916e-05, 2.5252e+02, 2.9222e+00, 
 1DIAGNOSTIC,    27, -4.292273180051e-01, 5.536606733235e-05, 2.5543e+02, 2.9136e+00, 
 1DIAGNOSTIC,    28, -4.292950939200e-01, 5.148176902060e-05, 2.5826e+02, 2.8258e+00, 
 1DIAGNOSTIC,    29, -4.293455852886e-01, 4.741461471124e-05, 2.6109e+02, 2.8364e+00, 
 1DIAGNOSTIC,    30, -4.293605131219e-01, 4.179471221538e-05, 2.6395e+02, 2.8586e+00, 
 1DIAGNOSTIC,    31, -4.294525066664e-01, 3.692695097274e-05, 2.6681e+02, 2.8551e+00, 
 1DIAGNOSTIC,    32, -4.294481994616e-01, 3.129358791686e-05, 2.6966e+02, 2.8546e+00, 
 1DIAGNOSTIC,    33, -4.295523979371e-01, 2.724251318142e-05, 2.7272e+02, 3.0640e+00, 
 1DIAGNOSTIC,    34, -4.296130446995e-01, 2.422886589019e-05, 2.7584e+02, 3.1161e+00, 
 1DIAGNOSTIC,    35, -4.296020340205e-01, 2.126816280580e-05, 2.7879e+02, 2.9512e+00, 
 1DIAGNOSTIC,    36, -4.297216441080e-01, 2.006888299333e-05, 2.8172e+02, 2.9248e+00, 
 1DIAGNOSTIC,    37, -4.297473091934e-01, 1.958436162092e-05, 2.8463e+02, 2.9164e+00, 
 1DIAGNOSTIC,    38, -4.297417536949e-01, 1.840938584971e-05, 2.8753e+02, 2.8921e+00, 
 1DIAGNOSTIC,    39, -4.298349145489e-01, 1.809561268076e-05, 2.9037e+02, 2.8450e+00, 
 1DIAGNOSTIC,    40, -4.298150143828e-01, 1.600457659319e-05, 2.9320e+02, 2.8273e+00, 
 1DIAGNOSTIC,    41, -4.298670362827e-01, 1.492857209253e-05, 2.9602e+02, 2.8253e+00, 
 1DIAGNOSTIC,    42, -4.297661481223e-01, 1.083452444009e-05, 2.9886e+02, 2.8328e+00, 
 1DIAGNOSTIC,    43, -4.298793414456e-01, 9.371115258623e-06, 3.0174e+02, 2.8796e+00, 
 1DIAGNOSTIC,    44, -4.299448224068e-01, 9.009134720940e-06, 3.0469e+02, 2.9522e+00, 
 1DIAGNOSTIC,    45, -4.299396621777e-01, 7.550356396602e-06, 3.0778e+02, 3.0898e+00, 
 1DIAGNOSTIC,    46, -4.299478095079e-01, 7.388765948284e-06, 3.1076e+02, 2.9797e+00, 
 1DIAGNOSTIC,    47, -4.299741416822e-01, 7.367232002724e-06, 3.1378e+02, 3.0249e+00, 
 1DIAGNOSTIC,    48, -4.299856331000e-01, 6.724888255004e-06, 3.1665e+02, 2.8718e+00, 
 1DIAGNOSTIC,    49, -4.300301107661e-01, 7.367507855415e-06, 3.1953e+02, 2.8760e+00, 
 1DIAGNOSTIC,    50, -4.300087025962e-01, 6.769091057110e-06, 3.2243e+02, 2.8955e+00, 
 1DIAGNOSTIC,    51, -4.300597644724e-01, 7.031353422501e-06, 3.2533e+02, 2.9032e+00, 
 1DIAGNOSTIC,    52, -4.300448690237e-01, 5.140071428270e-06, 3.2820e+02, 2.8741e+00, 
 1DIAGNOSTIC,    53, -4.300091222317e-01, 3.835848614294e-06, 3.3110e+02, 2.8935e+00, 
 1DIAGNOSTIC,    54, -4.301353951506e-01, 4.645416931549e-06, 3.3396e+02, 2.8667e+00, 
 1DIAGNOSTIC,    55, -4.301415079009e-01, 4.999219504830e-06, 3.3681e+02, 2.8505e+00, 
 1DIAGNOSTIC,    56, -4.301498813046e-01, 5.113296057502e-06, 3.3966e+02, 2.8457e+00, 
 1DIAGNOSTIC,    57, -4.301785688612e-01, 5.449589303715e-06, 3.4249e+02, 2.8264e+00, 
 1DIAGNOSTIC,    58, -4.301712390044e-01, 5.338842130612e-06, 3.4525e+02, 2.7619e+00, 
 1DIAGNOSTIC,    59, -4.302227153930e-01, 5.846114694476e-06, 3.4810e+02, 2.8577e+00, 
 1DIAGNOSTIC,    60, -4.302921955679e-01, 6.313996634463e-06, 3.5099e+02, 2.8829e+00, 
 1DIAGNOSTIC,    61, -4.303133742347e-01, 6.998696819350e-06, 3.5383e+02, 2.8443e+00, 
 1DIAGNOSTIC,    62, -4.303612428056e-01, 7.425221089086e-06, 3.5667e+02, 2.8337e+00, 
 1DIAGNOSTIC,    63, -4.303551030223e-01, 6.694636539874e-06, 3.5947e+02, 2.8078e+00, 
 1DIAGNOSTIC,    64, -4.304239084155e-01, 7.415878879848e-06, 3.6231e+02, 2.8356e+00, 
 1DIAGNOSTIC,    65, -4.304037818537e-01, 7.278065695764e-06, 3.6518e+02, 2.8690e+00, 
 1DIAGNOSTIC,    66, -4.304457950271e-01, 7.001063782229e-06, 3.6800e+02, 2.8239e+00, 
 1DIAGNOSTIC,    67, -4.304506440851e-01, 6.443893821564e-06, 3.7084e+02, 2.8385e+00, 
 1DIAGNOSTIC,    68, -4.304465201790e-01, 5.210716010774e-06, 3.7372e+02, 2.8752e+00, 
 1DIAGNOSTIC,    69, -4.305002675381e-01, 4.555934659905e-06, 3.7663e+02, 2.9143e+00, 
 1DIAGNOSTIC,    70, -4.305150575425e-01, 4.306852960394e-06, 3.7963e+02, 3.0035e+00, 
XXDIAGNOSTIC,Iteration,metricValue,convergenceValue,ITERATION_TIME_INDEX,SINCE_LAST
 1DIAGNOSTIC,     1, -3.515040846086e-01, 1.797693134862e+308, 4.1048e+02, 3.0846e+01, 
 1DIAGNOSTIC,     2, -3.520260232068e-01, 1.797693134862e+308, 4.3154e+02, 2.1063e+01, 
 1DIAGNOSTIC,     3, -3.526663231321e-01, 1.797693134862e+308, 4.5341e+02, 2.1873e+01, 
 1DIAGNOSTIC,     4, -3.534111843835e-01, 1.797693134862e+308, 4.7431e+02, 2.0891e+01, 
 1DIAGNOSTIC,     5, -3.539730940155e-01, 1.797693134862e+308, 4.9475e+02, 2.0440e+01, 
 1DIAGNOSTIC,     6, -3.544490150169e-01, 1.797693134862e+308, 5.1597e+02, 2.1223e+01, 
 1DIAGNOSTIC,     7, -3.549432053258e-01, 1.797693134862e+308, 5.3616e+02, 2.0195e+01, 
 1DIAGNOSTIC,     8, -3.553400715912e-01, 1.797693134862e+308, 5.5708e+02, 2.0918e+01, 
 1DIAGNOSTIC,     9, -3.557568178206e-01, 1.797693134862e+308, 5.7688e+02, 1.9794e+01, 
 1DIAGNOSTIC,    10, -3.560751355526e-01, 8.462569109297e-04, 5.9730e+02, 2.0429e+01, 
 1DIAGNOSTIC,    11, -3.563765860562e-01, 7.100593992442e-04, 6.1768e+02, 2.0373e+01, 
 1DIAGNOSTIC,    12, -3.566527940602e-01, 5.859557542981e-04, 6.3814e+02, 2.0459e+01, 
 1DIAGNOSTIC,    13, -3.569447237822e-01, 4.848702672782e-04, 6.5774e+02, 1.9600e+01, 
 1DIAGNOSTIC,    14, -3.571857211343e-01, 4.102116836397e-04, 6.7803e+02, 2.0290e+01, 
 1DIAGNOSTIC,    15, -3.574209789065e-01, 3.504446176407e-04, 6.9818e+02, 2.0155e+01, 
 1DIAGNOSTIC,    16, -3.576228551449e-01, 2.997114844436e-04, 7.1874e+02, 2.0556e+01, 
 1DIAGNOSTIC,    17, -3.577997393901e-01, 2.588265004791e-04, 7.4042e+02, 2.1680e+01, 
 1DIAGNOSTIC,    18, -3.579605985861e-01, 2.231628749139e-04, 7.6217e+02, 2.1750e+01, 
 1DIAGNOSTIC,    19, -3.580853725102e-01, 1.932860532604e-04, 7.8398e+02, 2.1813e+01, 
 1DIAGNOSTIC,    20, -3.582152252050e-01, 1.663223314519e-04, 8.0597e+02, 2.1987e+01, 
 1DIAGNOSTIC,    21, -3.583496655185e-01, 1.429887870738e-04, 8.2800e+02, 2.2034e+01, 
 1DIAGNOSTIC,    22, -3.584984116303e-01, 1.237807319971e-04, 8.4984e+02, 2.1844e+01, 
 1DIAGNOSTIC,    23, -3.586411423960e-01, 1.097161114343e-04, 8.7170e+02, 2.1858e+01, 
 1DIAGNOSTIC,    24, -3.587740292438e-01, 9.895200422620e-05, 8.9377e+02, 2.2067e+01, 
 1DIAGNOSTIC,    25, -3.588926322720e-01, 9.105738413417e-05, 9.1593e+02, 2.2163e+01, 
 1DIAGNOSTIC,    26, -3.590353630502e-01, 8.578182894768e-05, 9.3814e+02, 2.2208e+01, 
 1DIAGNOSTIC,    27, -3.591838563747e-01, 8.239529743304e-05, 9.6012e+02, 2.1974e+01, 
 1DIAGNOSTIC,    28, -3.593307861218e-01, 8.024370936355e-05, 9.8243e+02, 2.2317e+01, 
 1DIAGNOSTIC,    29, -3.595104782144e-01, 7.905464183205e-05, 1.0045e+03, 2.2082e+01, 
 1DIAGNOSTIC,    30, -3.596858532011e-01, 7.858083048971e-05, 1.0269e+03, 2.2410e+01, 
 1DIAGNOSTIC,    31, -3.598552411747e-01, 7.849663963859e-05, 1.0494e+03, 2.2435e+01, 
 1DIAGNOSTIC,    32, -3.600242051256e-01, 7.888377762100e-05, 1.0719e+03, 2.2540e+01, 
 1DIAGNOSTIC,    33, -3.601817699906e-01, 7.901402172714e-05, 1.0942e+03, 2.2345e+01, 
 1DIAGNOSTIC,    34, -3.603462941118e-01, 7.861291606286e-05, 1.1163e+03, 2.2022e+01, 
 1DIAGNOSTIC,    35, -3.605344685776e-01, 7.773138967124e-05, 1.1381e+03, 2.1871e+01, 
 1DIAGNOSTIC,    36, -3.606859702816e-01, 7.599454132290e-05, 1.1595e+03, 2.1332e+01, 
 1DIAGNOSTIC,    37, -3.608989360117e-01, 7.491507772807e-05, 1.1807e+03, 2.1183e+01, 
 1DIAGNOSTIC,    38, -3.611092887083e-01, 7.420149812197e-05, 1.2021e+03, 2.1428e+01, 
 1DIAGNOSTIC,    39, -3.613147415115e-01, 7.427347612937e-05, 1.2239e+03, 2.1844e+01, 
 1DIAGNOSTIC,    40, -3.615207671570e-01, 7.482304935345e-05, 1.2456e+03, 2.1712e+01, 
 1DIAGNOSTIC,    41, -3.617226510823e-01, 7.539058216320e-05, 1.2679e+03, 2.2274e+01, 
 1DIAGNOSTIC,    42, -3.619114469507e-01, 7.548829473899e-05, 1.2895e+03, 2.1636e+01, 
 1DIAGNOSTIC,    43, -3.620828975503e-01, 7.442975932899e-05, 1.3110e+03, 2.1500e+01, 
 1DIAGNOSTIC,    44, -3.622667014572e-01, 7.257887425802e-05, 1.3328e+03, 2.1786e+01, 
 1DIAGNOSTIC,    45, -3.624270998013e-01, 7.002457906471e-05, 1.3542e+03, 2.1321e+01, 
 1DIAGNOSTIC,    46, -3.625968781690e-01, 6.640995100258e-05, 1.3756e+03, 2.1454e+01, 
 1DIAGNOSTIC,    47, -3.627479641553e-01, 6.272341884352e-05, 1.3990e+03, 2.3353e+01, 
 1DIAGNOSTIC,    48, -3.629098402102e-01, 5.933131186046e-05, 1.4217e+03, 2.2745e+01, 
 1DIAGNOSTIC,    49, -3.630414865566e-01, 5.583412108055e-05, 1.4452e+03, 2.3470e+01, 
 1DIAGNOSTIC,    50, -3.632007306795e-01, 5.291309244525e-05, 1.4700e+03, 2.4811e+01, 
  Elapsed time (stage 2): 1490


Total elapsed time: 1623
EXECUTING epi to T1 coregistration for subject 27734 using:
EPI:  /lustre/scratch/wbic-beta/ccn30/ENCRYPT/gridcellpilot/preprocessed_data/images/27734/topup_Run_1_split0000.nii
T1:  /lustre/scratch/wbic-beta/ccn30/ENCRYPT/gridcellpilot/raw_data/images/27734/20190902_U-ID46027/mp2rage/reorientn4mag0000_PSIR_skulled_std.nii
All_Command_lines_OK
Using double precision for computations.
=============================================================================
The composite transform comprises the following transforms (in order): 
  1. Center of mass alignment using fixed image: /lustre/scratch/wbic-beta/ccn30/ENCRYPT/gridcellpilot/preprocessed_data/images/27734/topup_Run_1_split0000.nii and moving image: /lustre/scratch/wbic-beta/ccn30/ENCRYPT/gridcellpilot/raw_data/images/27734/20190902_U-ID46027/mp2rage/reorientn4mag0000_PSIR_skulled_std.nii (type = Euler3DTransform)
=============================================================================
  number of levels = 4
  number of levels = 1
  fixed image: /lustre/scratch/wbic-beta/ccn30/ENCRYPT/gridcellpilot/preprocessed_data/images/27734/topup_Run_1_split0000.nii
  moving image: /lustre/scratch/wbic-beta/ccn30/ENCRYPT/gridcellpilot/raw_data/images/27734/20190902_U-ID46027/mp2rage/reorientn4mag0000_PSIR_skulled_std.nii
  fixed image: /lustre/scratch/wbic-beta/ccn30/ENCRYPT/gridcellpilot/preprocessed_data/images/27734/topup_Run_1_split0000.nii
  moving image: /lustre/scratch/wbic-beta/ccn30/ENCRYPT/gridcellpilot/raw_data/images/27734/20190902_U-ID46027/mp2rage/reorientn4mag0000_PSIR_skulled_std.nii
Dimension = 3
Number of stages = 2
Use Histogram Matching false
Winsorize image intensities true
Lower quantile = 0.005
Upper quantile = 0.995
Stage 1 State
   Image metric = Mattes
     Fixed image = Image (0x4b7f300)
  RTTI typeinfo:   itk::Image<double, 3u>
  Reference Count: 2
  Modified Time: 1689
  Debug: Off
  Object Name: 
  Observers: 
    none
  Source: (none)
  Source output name: (none)
  Release Data: Off
  Data Released: False
  Global Release Data: Off
  PipelineMTime: 0
  UpdateMTime: 1511
  RealTimeStamp: 0 seconds 
  LargestPossibleRegion: 
    Dimension: 3
    Index: [0, 0, 0]
    Size: [128, 128, 42]
  BufferedRegion: 
    Dimension: 3
    Index: [0, 0, 0]
    Size: [128, 128, 42]
  RequestedRegion: 
    Dimension: 3
    Index: [0, 0, 0]
    Size: [128, 128, 42]
  Spacing: [1.5, 1.5, 1]
  Origin: [-95.2449, 75.9328, 61.213]
  Direction: 
1 0 0
0 -0.87462 -0.48481
0 -0.48481 0.87462

  IndexToPointMatrix: 
1.5 0 0
0 -1.31193 -0.48481
0 -0.727214 0.87462

  PointToIndexMatrix: 
0.666667 0 0
0 -0.58308 -0.323206
0 -0.48481 0.87462

  Inverse Direction: 
1 0 0
0 -0.87462 -0.48481
0 -0.48481 0.87462

  PixelContainer: 
    ImportImageContainer (0x4b7b480)
      RTTI typeinfo:   itk::ImportImageContainer<unsigned long, double>
      Reference Count: 1
      Modified Time: 1508
      Debug: Off
      Object Name: 
      Observers: 
        none
      Pointer: 0x4b8ba70
      Container manages memory: true
      Size: 688128
      Capacity: 688128

     Moving image = Image (0x4b7ea30)
  RTTI typeinfo:   itk::Image<double, 3u>
  Reference Count: 2
  Modified Time: 1690
  Debug: Off
  Object Name: 
  Observers: 
    none
  Source: (none)
  Source output name: (none)
  Release Data: Off
  Data Released: False
  Global Release Data: Off
  PipelineMTime: 0
  UpdateMTime: 1687
  RealTimeStamp: 0 seconds 
  LargestPossibleRegion: 
    Dimension: 3
    Index: [0, 0, 0]
    Size: [224, 320, 320]
  BufferedRegion: 
    Dimension: 3
    Index: [0, 0, 0]
    Size: [224, 320, 320]
  RequestedRegion: 
    Dimension: 3
    Index: [0, 0, 0]
    Size: [224, 320, 320]
  Spacing: [0.699997, 0.7, 0.7]
  Origin: [-75.5706, 75.9683, -76.5881]
  Direction: 
1 0 0
0 -1 0
0 0 1

  IndexToPointMatrix: 
0.699997 0 0
0 -0.7 0
0 0 0.7

  PointToIndexMatrix: 
1.42858 0 0
0 -1.42857 0
0 0 1.42857

  Inverse Direction: 
1 0 0
0 -1 0
0 0 1

  PixelContainer: 
    ImportImageContainer (0x4b78320)
      RTTI typeinfo:   itk::ImportImageContainer<unsigned long, double>
      Reference Count: 1
      Modified Time: 1684
      Debug: Off
      Object Name: 
      Observers: 
        none
      Pointer: 0x2b4be689b010
      Container manages memory: true
      Size: 22937600
      Capacity: 22937600

     Weighting = 1
     Sampling strategy = regular
     Number of bins = 32
     Radius = 4
     Sampling percentage  = 0.2
   Transform = Rigid
     Gradient step = 0.1
     Update field sigma (voxel space) = 0
     Total field sigma (voxel space) = 0
     Update field time sigma = 0
     Total field time sigma  = 0
     Number of time indices = 0
     Number of time point samples = 0
Stage 2 State
   Image metric = CC
     Fixed image = Image (0x4b7ff10)
  RTTI typeinfo:   itk::Image<double, 3u>
  Reference Count: 2
  Modified Time: 2043
  Debug: Off
  Object Name: 
  Observers: 
    none
  Source: (none)
  Source output name: (none)
  Release Data: Off
  Data Released: False
  Global Release Data: Off
  PipelineMTime: 0
  UpdateMTime: 1865
  RealTimeStamp: 0 seconds 
  LargestPossibleRegion: 
    Dimension: 3
    Index: [0, 0, 0]
    Size: [128, 128, 42]
  BufferedRegion: 
    Dimension: 3
    Index: [0, 0, 0]
    Size: [128, 128, 42]
  RequestedRegion: 
    Dimension: 3
    Index: [0, 0, 0]
    Size: [128, 128, 42]
  Spacing: [1.5, 1.5, 1]
  Origin: [-95.2449, 75.9328, 61.213]
  Direction: 
1 0 0
0 -0.87462 -0.48481
0 -0.48481 0.87462

  IndexToPointMatrix: 
1.5 0 0
0 -1.31193 -0.48481
0 -0.727214 0.87462

  PointToIndexMatrix: 
0.666667 0 0
0 -0.58308 -0.323206
0 -0.48481 0.87462

  Inverse Direction: 
1 0 0
0 -0.87462 -0.48481
0 -0.48481 0.87462

  PixelContainer: 
    ImportImageContainer (0x50cf0a0)
      RTTI typeinfo:   itk::ImportImageContainer<unsigned long, double>
      Reference Count: 1
      Modified Time: 1862
      Debug: Off
      Object Name: 
      Observers: 
        none
      Pointer: 0x50d1e70
      Container manages memory: true
      Size: 688128
      Capacity: 688128

     Moving image = Image (0x50cba80)
  RTTI typeinfo:   itk::Image<double, 3u>
  Reference Count: 2
  Modified Time: 2044
  Debug: Off
  Object Name: 
  Observers: 
    none
  Source: (none)
  Source output name: (none)
  Release Data: Off
  Data Released: False
  Global Release Data: Off
  PipelineMTime: 0
  UpdateMTime: 2041
  RealTimeStamp: 0 seconds 
  LargestPossibleRegion: 
    Dimension: 3
    Index: [0, 0, 0]
    Size: [224, 320, 320]
  BufferedRegion: 
    Dimension: 3
    Index: [0, 0, 0]
    Size: [224, 320, 320]
  RequestedRegion: 
    Dimension: 3
    Index: [0, 0, 0]
    Size: [224, 320, 320]
  Spacing: [0.699997, 0.7, 0.7]
  Origin: [-75.5706, 75.9683, -76.5881]
  Direction: 
1 0 0
0 -1 0
0 0 1

  IndexToPointMatrix: 
0.699997 0 0
0 -0.7 0
0 0 0.7

  PointToIndexMatrix: 
1.42858 0 0
0 -1.42857 0
0 0 1.42857

  Inverse Direction: 
1 0 0
0 -1 0
0 0 1

  PixelContainer: 
    ImportImageContainer (0x50cbd10)
      RTTI typeinfo:   itk::ImportImageContainer<unsigned long, double>
      Reference Count: 1
      Modified Time: 2038
      Debug: Off
      Object Name: 
      Observers: 
        none
      Pointer: 0x2b4bf179c010
      Container manages memory: true
      Size: 22937600
      Capacity: 22937600

     Weighting = 1
     Sampling strategy = none
     Number of bins = 32
     Radius = 4
     Sampling percentage  = 1
   Transform = SyN
     Gradient step = 0.1
     Update field sigma (voxel space) = 3
     Total field sigma (voxel space) = 0
     Update field time sigma = 0
     Total field time sigma  = 0
     Number of time indices = 0
     Number of time point samples = 0
Registration using 2 total stages.

Stage 0
  iterations = 1000x500x100x0
  convergence threshold = 1e-06
  convergence window size = 10
  number of levels = 4
  using the Mattes MI metric (number of bins = 32, weight = 1)
  preprocessing:  winsorizing the image intensities
  Shrink factors (level 1 out of 4): [5, 5, 8]
  Shrink factors (level 2 out of 4): [3, 3, 4]
  Shrink factors (level 3 out of 4): [1, 1, 2]
  Shrink factors (level 4 out of 4): [1, 1, 1]
  smoothing sigmas per level: [3, 2, 1, 0]
  regular sampling (percentage = 0.2)

*** Running Euler3DTransform registration ***

DIAGNOSTIC,Iteration,metricValue,convergenceValue,ITERATION_TIME_INDEX,SINCE_LAST
 2DIAGNOSTIC,     1, -3.640668070699e-01, 1.797693134862e+308, 6.2745e+00, 6.2745e+00, 
 2DIAGNOSTIC,     2, -3.680587452759e-01, 1.797693134862e+308, 6.2912e+00, 1.6719e-02, 
 2DIAGNOSTIC,     3, -3.747831513939e-01, 1.797693134862e+308, 6.3053e+00, 1.4026e-02, 
 2DIAGNOSTIC,     4, -3.817502514972e-01, 1.797693134862e+308, 6.3159e+00, 1.0688e-02, 
 2DIAGNOSTIC,     5, -3.846580908697e-01, 1.797693134862e+308, 6.3297e+00, 1.3713e-02, 
 2DIAGNOSTIC,     6, -3.869888441665e-01, 1.797693134862e+308, 6.3444e+00, 1.4768e-02, 
 2DIAGNOSTIC,     7, -3.901221855463e-01, 1.797693134862e+308, 6.3663e+00, 2.1910e-02, 
 2DIAGNOSTIC,     8, -3.919713632437e-01, 1.797693134862e+308, 6.3839e+00, 1.7545e-02, 
 2DIAGNOSTIC,     9, -3.922052336540e-01, 1.797693134862e+308, 6.4005e+00, 1.6636e-02, 
 2DIAGNOSTIC,    10, -3.924525331773e-01, 4.892845212539e-03, 6.4152e+00, 1.4703e-02, 
 2DIAGNOSTIC,    11, -3.934611775498e-01, 3.512051463970e-03, 6.4449e+00, 2.9725e-02, 
 2DIAGNOSTIC,    12, -3.937625016994e-01, 2.307720110356e-03, 6.4630e+00, 1.8071e-02, 
 2DIAGNOSTIC,    13, -3.938052961487e-01, 1.459814297186e-03, 6.4802e+00, 1.7191e-02, 
 2DIAGNOSTIC,    14, -3.939040554016e-01, 9.752677157232e-04, 6.5045e+00, 2.4331e-02, 
 2DIAGNOSTIC,    15, -3.939279891734e-01, 6.113907352905e-04, 6.5253e+00, 2.0795e-02, 
 2DIAGNOSTIC,    16, -3.939701247396e-01, 3.432316443488e-04, 6.5418e+00, 1.6512e-02, 
 2DIAGNOSTIC,    17, -3.940665275583e-01, 2.128509193206e-04, 6.5580e+00, 1.6133e-02, 
 2DIAGNOSTIC,    18, -3.940874091007e-01, 1.542452077699e-04, 6.5726e+00, 1.4606e-02, 
 2DIAGNOSTIC,    19, -3.941265289343e-01, 9.867349277315e-05, 6.6496e+00, 7.7001e-02, 
 2DIAGNOSTIC,    20, -3.941265287045e-01, 4.787951268034e-05, 6.7341e+00, 8.4531e-02, 
 2DIAGNOSTIC,    21, -3.941265287045e-01, 3.257487767391e-05, 6.7862e+00, 5.2091e-02, 
 2DIAGNOSTIC,    22, -3.941265287045e-01, 2.576634994939e-05, 6.8268e+00, 4.0598e-02, 
 2DIAGNOSTIC,    23, -3.941265287045e-01, 1.855806738027e-05, 6.8623e+00, 3.5509e-02, 
 2DIAGNOSTIC,    24, -3.941265287045e-01, 1.337475577380e-05, 6.8910e+00, 2.8714e-02, 
 2DIAGNOSTIC,    25, -3.941265287045e-01, 8.184610201661e-06, 6.9331e+00, 4.2088e-02, 
 2DIAGNOSTIC,    26, -3.941265287045e-01, 3.879343797815e-06, 6.9732e+00, 4.0120e-02, 
 2DIAGNOSTIC,    27, -3.941265287045e-01, 2.247493962888e-06, 6.9924e+00, 1.9158e-02, 
 2DIAGNOSTIC,    28, -3.941265287045e-01, 1.148156061892e-06, 7.0115e+00, 1.9118e-02, 
 2DIAGNOSTIC,    29, -3.941265287045e-01, 1.108163479133e-06, 7.0335e+00, 2.1975e-02, 
 2DIAGNOSTIC,    30, -3.941265287045e-01, 1.070857960361e-06, 7.0523e+00, 1.8843e-02, 
 2DIAGNOSTIC,    31, -3.941265287045e-01, 1.035982366171e-06, 7.0702e+00, 1.7888e-02, 
 2DIAGNOSTIC,    32, -3.941265287045e-01, 1.003306772267e-06, 7.0890e+00, 1.8774e-02, 
DIAGNOSTIC,Iteration,metricValue,convergenceValue,ITERATION_TIME_INDEX,SINCE_LAST
 2DIAGNOSTIC,     1, -1.556378663691e-01, 1.797693134862e+308, 1.1271e+01, 4.1824e+00, 
 2DIAGNOSTIC,     2, -1.560610327822e-01, 1.797693134862e+308, 1.1299e+01, 2.7215e-02, 
 2DIAGNOSTIC,     3, -1.559436213892e-01, 1.797693134862e+308, 1.1325e+01, 2.6351e-02, 
 2DIAGNOSTIC,     4, -1.563912422395e-01, 1.797693134862e+308, 1.1365e+01, 3.9852e-02, 
 2DIAGNOSTIC,     5, -1.569445697416e-01, 1.797693134862e+308, 1.1414e+01, 4.9049e-02, 
 2DIAGNOSTIC,     6, -1.582741066340e-01, 1.797693134862e+308, 1.1456e+01, 4.2571e-02, 
 2DIAGNOSTIC,     7, -1.587506290835e-01, 1.797693134862e+308, 1.1491e+01, 3.4203e-02, 
 2DIAGNOSTIC,     8, -1.614486615422e-01, 1.797693134862e+308, 1.1517e+01, 2.6455e-02, 
 2DIAGNOSTIC,     9, -1.663797857992e-01, 1.797693134862e+308, 1.1556e+01, 3.8653e-02, 
 2DIAGNOSTIC,    10, -1.756208014980e-01, 6.069661126277e-03, 1.1596e+01, 4.0408e-02, 
 2DIAGNOSTIC,    11, -2.221839846434e-01, 1.441954817624e-02, 1.1630e+01, 3.4144e-02, 
 2DIAGNOSTIC,    12, -3.833083811322e-01, 3.891635140213e-02, 1.1696e+01, 6.5520e-02, 
 2DIAGNOSTIC,    13, -3.868228194294e-01, 5.278811979990e-02, 1.1725e+01, 2.8891e-02, 
 2DIAGNOSTIC,    14, -3.952678560776e-01, 5.948202970700e-02, 1.1763e+01, 3.8210e-02, 
 2DIAGNOSTIC,    15, -3.963396555992e-01, 5.976689614642e-02, 1.1793e+01, 2.9705e-02, 
 2DIAGNOSTIC,    16, -3.984032719933e-01, 5.489385335948e-02, 1.1830e+01, 3.7056e-02, 
 2DIAGNOSTIC,    17, -4.010919044295e-01, 4.609483736634e-02, 1.1864e+01, 3.3970e-02, 
 2DIAGNOSTIC,    18, -4.070699111108e-01, 3.521243474218e-02, 1.1920e+01, 5.6788e-02, 
 2DIAGNOSTIC,    19, -4.078936592242e-01, 2.341330034346e-02, 1.1948e+01, 2.7930e-02, 
 2DIAGNOSTIC,    20, -4.082334817250e-01, 1.181648186739e-02, 1.1977e+01, 2.8445e-02, 
 2DIAGNOSTIC,    21, -4.093701061415e-01, 2.888715295161e-03, 1.2010e+01, 3.3178e-02, 
 2DIAGNOSTIC,    22, -4.098467964028e-01, 2.243552684778e-03, 1.2038e+01, 2.7758e-02, 
 2DIAGNOSTIC,    23, -4.102433080808e-01, 1.626711950436e-03, 1.2070e+01, 3.2138e-02, 
 2DIAGNOSTIC,    24, -4.108281451691e-01, 1.296576227940e-03, 1.2097e+01, 2.6870e-02, 
 2DIAGNOSTIC,    25, -4.099420440810e-01, 8.923570279096e-04, 1.2123e+01, 2.6197e-02, 
 2DIAGNOSTIC,    26, -4.124839784792e-01, 6.147410398419e-04, 1.2155e+01, 3.2228e-02, 
 2DIAGNOSTIC,    27, -4.137909468361e-01, 4.364570225513e-04, 1.2198e+01, 4.2530e-02, 
 2DIAGNOSTIC,    28, -4.135928310704e-01, 4.224096426011e-04, 1.2244e+01, 4.6358e-02, 
 2DIAGNOSTIC,    29, -4.139952905270e-01, 4.106406345200e-04, 1.2374e+01, 1.2953e-01, 
 2DIAGNOSTIC,    30, -4.139952891838e-01, 3.714540764059e-04, 1.2403e+01, 2.8914e-02, 
 2DIAGNOSTIC,    31, -4.139952902508e-01, 3.321328240114e-04, 1.2433e+01, 3.0328e-02, 
 2DIAGNOSTIC,    32, -4.139952920550e-01, 2.767942459770e-04, 1.2464e+01, 3.1323e-02, 
 2DIAGNOSTIC,    33, -4.139952951058e-01, 2.105501255319e-04, 1.2495e+01, 3.0643e-02, 
 2DIAGNOSTIC,    34, -4.139953002643e-01, 1.461716514475e-04, 1.2521e+01, 2.6466e-02, 
 2DIAGNOSTIC,    35, -4.139953089864e-01, 4.947950521581e-05, 1.2550e+01, 2.8383e-02, 
 2DIAGNOSTIC,    36, -4.139953237330e-01, 1.425270758399e-05, 1.2578e+01, 2.7894e-02, 
 2DIAGNOSTIC,    37, -4.139953486340e-01, 1.026893855226e-05, 1.2606e+01, 2.8504e-02, 
 2DIAGNOSTIC,    38, -4.139953907126e-01, 1.029867613023e-06, 1.2633e+01, 2.6940e-02, 
 2DIAGNOSTIC,    39, -4.139954618119e-01, 1.000494106430e-06, 1.2660e+01, 2.7351e-02, 
DIAGNOSTIC,Iteration,metricValue,convergenceValue,ITERATION_TIME_INDEX,SINCE_LAST
 2DIAGNOSTIC,     1, -3.068470132521e-01, 1.797693134862e+308, 1.5908e+01, 3.2479e+00, 
 2DIAGNOSTIC,     2, -3.080106455558e-01, 1.797693134862e+308, 1.6212e+01, 3.0399e-01, 
 2DIAGNOSTIC,     3, -3.102527506385e-01, 1.797693134862e+308, 1.6443e+01, 2.3053e-01, 
 2DIAGNOSTIC,     4, -3.142251150831e-01, 1.797693134862e+308, 1.6679e+01, 2.3595e-01, 
 2DIAGNOSTIC,     5, -3.182595102865e-01, 1.797693134862e+308, 1.6916e+01, 2.3699e-01, 
 2DIAGNOSTIC,     6, -3.199389363328e-01, 1.797693134862e+308, 1.7251e+01, 3.3571e-01, 
 2DIAGNOSTIC,     7, -3.211207872640e-01, 1.797693134862e+308, 1.7525e+01, 2.7334e-01, 
 2DIAGNOSTIC,     8, -3.215466099717e-01, 1.797693134862e+308, 1.7869e+01, 3.4415e-01, 
 2DIAGNOSTIC,     9, -3.219362960779e-01, 1.797693134862e+308, 1.8173e+01, 3.0400e-01, 
 2DIAGNOSTIC,    10, -3.221590300416e-01, 3.497451500555e-03, 1.8566e+01, 3.9282e-01, 
 2DIAGNOSTIC,    11, -3.221717111588e-01, 2.587564365022e-03, 1.8829e+01, 2.6365e-01, 
 2DIAGNOSTIC,    12, -3.221732104535e-01, 1.689380722086e-03, 1.9126e+01, 2.9619e-01, 
 2DIAGNOSTIC,    13, -3.221935132054e-01, 9.315883915562e-04, 1.9459e+01, 3.3347e-01, 
 2DIAGNOSTIC,    14, -3.221736105205e-01, 4.459533418284e-04, 1.9848e+01, 3.8905e-01, 
 2DIAGNOSTIC,    15, -3.221531748641e-01, 2.224161222291e-04, 2.0162e+01, 3.1367e-01, 
 2DIAGNOSTIC,    16, -3.221536982288e-01, 9.934845014122e-05, 2.0418e+01, 2.5658e-01, 
 2DIAGNOSTIC,    17, -3.221489597093e-01, 4.344552766908e-05, 2.0670e+01, 2.5153e-01, 
 2DIAGNOSTIC,    18, -3.221328204598e-01, 9.825573250820e-06, 2.0924e+01, 2.5448e-01, 
DIAGNOSTIC,Iteration,metricValue,convergenceValue,ITERATION_TIME_INDEX,SINCE_LAST
 2DIAGNOSTIC,     1, -2.769241245007e-01, 1.797693134862e+308, 2.3216e+01, 2.2915e+00, 
  Elapsed time (stage 0): 2.4337e+01


Stage 1
  iterations = 10
  convergence threshold = 1.0000e-06
  convergence window size = 10
  number of levels = 1
  using the CC metric (radius = 4, weight = 1.0000e+00)
  preprocessing:  winsorizing the image intensities
  Shrink factors (level 1 out of 1): [1, 1, 1]
  smoothing sigmas per level: [0]
  Using default NONE metricSamplingStrategy 

*** Running SyN registration (varianceForUpdateField = 3.0000e+00, varianceForTotalField = 0.0000e+00) ***

XXDIAGNOSTIC,Iteration,metricValue,convergenceValue,ITERATION_TIME_INDEX,SINCE_LAST
 1DIAGNOSTIC,     1, -2.741679991532e-01, 1.797693134862e+308, 3.1967e+01, 3.1967e+01, 
 1DIAGNOSTIC,     2, -2.762131734901e-01, 1.797693134862e+308, 6.1993e+01, 3.0026e+01, 
 1DIAGNOSTIC,     3, -2.782391979141e-01, 1.797693134862e+308, 9.2683e+01, 3.0690e+01, 
 1DIAGNOSTIC,     4, -2.801411960278e-01, 1.797693134862e+308, 1.2300e+02, 3.0318e+01, 
 1DIAGNOSTIC,     5, -2.818058168262e-01, 1.797693134862e+308, 1.5319e+02, 3.0193e+01, 
 1DIAGNOSTIC,     6, -2.834497430015e-01, 1.797693134862e+308, 1.8349e+02, 3.0294e+01, 
 1DIAGNOSTIC,     7, -2.850518605129e-01, 1.797693134862e+308, 2.1424e+02, 3.0748e+01, 
 1DIAGNOSTIC,     8, -2.865859571120e-01, 1.797693134862e+308, 2.4479e+02, 3.0554e+01, 
 1DIAGNOSTIC,     9, -2.879951535068e-01, 1.797693134862e+308, 2.7564e+02, 3.0854e+01, 
 1DIAGNOSTIC,    10, -2.893652175392e-01, 3.417560265104e-03, 3.0690e+02, 3.1254e+01, 
  Elapsed time (stage 1): 308.2


Total elapsed time: 332.7
>> EPI_REG OK: subject 27734/run 
mkdir: cannot create directory ‘/lustre/scratch/wbic-beta/ccn30/ENCRYPT/gridcellpilot/preprocessed_data/segmentation/27734/epimasks’: File exists
Making EPI Mask directory
EXECUTING T2 mask to EPI space transformation for subject 27734
Using double precision for computations.
Input scalar image: /lustre/scratch/wbic-beta/ccn30/ENCRYPT/gridcellpilot/preprocessed_data/segmentation/27734/ASHS_corinputs/final/27734_3_left_lfseg_corr_nogray.nii.gz
Reference image: /lustre/scratch/wbic-beta/ccn30/ENCRYPT/gridcellpilot/preprocessed_data/images/27734/topup_Run_1_split0000.nii
=============================================================================
The composite transform comprises the following transforms (in order): 
  1. inverse of T1toT2_ANTS_0GenericAffine.mat (type = AffineTransform)
  2. T1toT2_ANTS_1InverseWarp.nii.gz (type = DisplacementFieldTransform)
  3. T1toEPI_ANTS_0GenericAffine.mat (type = AffineTransform)
  4. T1toEPI_ANTS_1Warp.nii.gz (type = DisplacementFieldTransform)
=============================================================================
Default pixel value: 0
Interpolation type: LabelImageGaussianInterpolateImageFunction
Output warped image: /lustre/scratch/wbic-beta/ccn30/ENCRYPT/gridcellpilot/preprocessed_data/segmentation/27734/epimasks/LeftMTLmaskWarped_SyN.nii.gz
Using double precision for computations.
Input scalar image: /lustre/scratch/wbic-beta/ccn30/ENCRYPT/gridcellpilot/preprocessed_data/segmentation/27734/ASHS_corinputs/final/27734_3_right_lfseg_corr_nogray.nii.gz
Reference image: /lustre/scratch/wbic-beta/ccn30/ENCRYPT/gridcellpilot/preprocessed_data/images/27734/topup_Run_1_split0000.nii
=============================================================================
The composite transform comprises the following transforms (in order): 
  1. inverse of T1toT2_ANTS_0GenericAffine.mat (type = AffineTransform)
  2. T1toT2_ANTS_1InverseWarp.nii.gz (type = DisplacementFieldTransform)
  3. T1toEPI_ANTS_0GenericAffine.mat (type = AffineTransform)
  4. T1toEPI_ANTS_1Warp.nii.gz (type = DisplacementFieldTransform)
=============================================================================
Default pixel value: 0
Interpolation type: LabelImageGaussianInterpolateImageFunction
Output warped image: /lustre/scratch/wbic-beta/ccn30/ENCRYPT/gridcellpilot/preprocessed_data/segmentation/27734/epimasks/RightMTLmaskWarped_SyN.nii.gz
Using double precision for computations.
Input scalar image: /lustre/scratch/wbic-beta/ccn30/ENCRYPT/gridcellpilot/preprocessed_data/segmentation/27734/ASHS_corinputs/final/27734_3_left_lfseg_corr_nogray.nii.gz
Reference image: /lustre/scratch/wbic-beta/ccn30/ENCRYPT/gridcellpilot/preprocessed_data/images/27734/topup_Run_1_split0000.nii
=============================================================================
The composite transform comprises the following transforms (in order): 
  1. inverse of T1toT2_ANTS_0GenericAffine.mat (type = AffineTransform)
  2. T1toEPI_ANTS_0GenericAffine.mat (type = AffineTransform)
=============================================================================
Default pixel value: 0
Interpolation type: LabelImageGaussianInterpolateImageFunction
Output warped image: /lustre/scratch/wbic-beta/ccn30/ENCRYPT/gridcellpilot/preprocessed_data/segmentation/27734/epimasks/LeftMTLmaskWarped_affine.nii.gz
Using double precision for computations.
Input scalar image: /lustre/scratch/wbic-beta/ccn30/ENCRYPT/gridcellpilot/preprocessed_data/segmentation/27734/ASHS_corinputs/final/27734_3_right_lfseg_corr_nogray.nii.gz
Reference image: /lustre/scratch/wbic-beta/ccn30/ENCRYPT/gridcellpilot/preprocessed_data/images/27734/topup_Run_1_split0000.nii
=============================================================================
The composite transform comprises the following transforms (in order): 
  1. inverse of T1toT2_ANTS_0GenericAffine.mat (type = AffineTransform)
  2. T1toEPI_ANTS_0GenericAffine.mat (type = AffineTransform)
=============================================================================
Default pixel value: 0
Interpolation type: LabelImageGaussianInterpolateImageFunction
Output warped image: /lustre/scratch/wbic-beta/ccn30/ENCRYPT/gridcellpilot/preprocessed_data/segmentation/27734/epimasks/RightMTLmaskWarped_affine.nii.gz
>> EC MASKS FAILED TRANSFORMATION: subject 27734
