Changed directory to /lustre/scratch/wbic-beta/ccn30/ENCRYPT/fMRI/gridcellpilot/scripts/coregistration/slurmoutputs.

JobID: 6244934
======
Time: Fri Feb  5 16:04:04 GMT 2021
Running on master node: wbic-csm-2
Current directory: /lustre/scratch/wbic-beta/ccn30/ENCRYPT/fMRI/gridcellpilot/scripts/coregistration/slurmoutputs

Nodes allocated:
================
wbic-csm-2

numtasks=1, numnodes=1, mpi_tasks_per_node=1 (OMP_NUM_THREADS=1)

Executing command:
==================
/lustre/scratch/wbic-beta/ccn30/ENCRYPT/fMRI/gridcellpilot/scripts/coregistration/coreg_MasksxEPI.sh 29358/20190905_U-ID46106

******** starting 29358 ********

--------------------------------------------------------------------------------------
 Mapping parameters
--------------------------------------------------------------------------------------
 ANTSPATH is /applications/ANTS/ANTs-2.3.4/install/bin/

 Dimensionality:           3
 Output name prefix:       /lustre/scratch/wbic-beta/ccn30/ENCRYPT/fMRI/gridcellpilot/preprocessed_data/segmentation/29358/coregistration/T1xStudyTemplate_
 Fixed images:             /home/ccn30/ENCRYPT/atlases/templates/ECtemplatemasks2015/Study_template_wholeBrain.nii
 Moving images:            /lustre/scratch/wbic-beta/ccn30/ENCRYPT/fMRI/gridcellpilot/raw_data/images/29358/20190905_U-ID46106/mp2rage/denoiseRn4mag0000_PSIR_skulled_std.nii
 Mask images:              
 Initial transforms:       
 Number of threads:        1
 Spline distance:          26
 Transform type:           s
 CC radius:                4
 Precision:                d
 Use histogram matching    0
======================================================================================
 antsRegistration call:
--------------------------------------------------------------------------------------
/applications/ANTS/ANTs-2.3.4/install/bin//antsRegistration --verbose 1 --dimensionality 3 --float 0 --collapse-output-transforms 1 --output [ /lustre/scratch/wbic-beta/ccn30/ENCRYPT/fMRI/gridcellpilot/preprocessed_data/segmentation/29358/coregistration/T1xStudyTemplate_,/lustre/scratch/wbic-beta/ccn30/ENCRYPT/fMRI/gridcellpilot/preprocessed_data/segmentation/29358/coregistration/T1xStudyTemplate_Warped.nii.gz,/lustre/scratch/wbic-beta/ccn30/ENCRYPT/fMRI/gridcellpilot/preprocessed_data/segmentation/29358/coregistration/T1xStudyTemplate_InverseWarped.nii.gz ] --interpolation Linear --use-histogram-matching 0 --winsorize-image-intensities [ 0.005,0.995 ] --initial-moving-transform [ /home/ccn30/ENCRYPT/atlases/templates/ECtemplatemasks2015/Study_template_wholeBrain.nii,/lustre/scratch/wbic-beta/ccn30/ENCRYPT/fMRI/gridcellpilot/raw_data/images/29358/20190905_U-ID46106/mp2rage/denoiseRn4mag0000_PSIR_skulled_std.nii,1 ] --transform Rigid[ 0.1 ] --metric MI[ /home/ccn30/ENCRYPT/atlases/templates/ECtemplatemasks2015/Study_template_wholeBrain.nii,/lustre/scratch/wbic-beta/ccn30/ENCRYPT/fMRI/gridcellpilot/raw_data/images/29358/20190905_U-ID46106/mp2rage/denoiseRn4mag0000_PSIR_skulled_std.nii,1,32,Regular,0.25 ] --convergence [ 1000x500x250x100,1e-6,10 ] --shrink-factors 12x8x4x2 --smoothing-sigmas 4x3x2x1vox --transform Affine[ 0.1 ] --metric MI[ /home/ccn30/ENCRYPT/atlases/templates/ECtemplatemasks2015/Study_template_wholeBrain.nii,/lustre/scratch/wbic-beta/ccn30/ENCRYPT/fMRI/gridcellpilot/raw_data/images/29358/20190905_U-ID46106/mp2rage/denoiseRn4mag0000_PSIR_skulled_std.nii,1,32,Regular,0.25 ] --convergence [ 1000x500x250x100,1e-6,10 ] --shrink-factors 12x8x4x2 --smoothing-sigmas 4x3x2x1vox --transform SyN[ 0.1,3,0 ] --metric CC[ /home/ccn30/ENCRYPT/atlases/templates/ECtemplatemasks2015/Study_template_wholeBrain.nii,/lustre/scratch/wbic-beta/ccn30/ENCRYPT/fMRI/gridcellpilot/raw_data/images/29358/20190905_U-ID46106/mp2rage/denoiseRn4mag0000_PSIR_skulled_std.nii,1,4 ] --convergence [ 100x100x70x50x20,1e-6,10 ] --shrink-factors 10x6x4x2x1 --smoothing-sigmas 5x3x2x1x0vox
--------------------------------------------------------------------------------------
All_Command_lines_OK
Using double precision for computations.
=============================================================================
The composite transform comprises the following transforms (in order): 
  1. Center of mass alignment using fixed image: /home/ccn30/ENCRYPT/atlases/templates/ECtemplatemasks2015/Study_template_wholeBrain.nii and moving image: /lustre/scratch/wbic-beta/ccn30/ENCRYPT/fMRI/gridcellpilot/raw_data/images/29358/20190905_U-ID46106/mp2rage/denoiseRn4mag0000_PSIR_skulled_std.nii (type = Euler3DTransform)
=============================================================================
  number of levels = 4
  number of levels = 4
  number of levels = 5
  fixed image: /home/ccn30/ENCRYPT/atlases/templates/ECtemplatemasks2015/Study_template_wholeBrain.nii
  moving image: /lustre/scratch/wbic-beta/ccn30/ENCRYPT/fMRI/gridcellpilot/raw_data/images/29358/20190905_U-ID46106/mp2rage/denoiseRn4mag0000_PSIR_skulled_std.nii
  fixed image: /home/ccn30/ENCRYPT/atlases/templates/ECtemplatemasks2015/Study_template_wholeBrain.nii
  moving image: /lustre/scratch/wbic-beta/ccn30/ENCRYPT/fMRI/gridcellpilot/raw_data/images/29358/20190905_U-ID46106/mp2rage/denoiseRn4mag0000_PSIR_skulled_std.nii
  fixed image: /home/ccn30/ENCRYPT/atlases/templates/ECtemplatemasks2015/Study_template_wholeBrain.nii
  moving image: /lustre/scratch/wbic-beta/ccn30/ENCRYPT/fMRI/gridcellpilot/raw_data/images/29358/20190905_U-ID46106/mp2rage/denoiseRn4mag0000_PSIR_skulled_std.nii
Dimension = 3
Number of stages = 3
Use Histogram Matching false
Winsorize image intensities true
Lower quantile = 0.005
Upper quantile = 0.995
Stage 1 State
   Image metric = Mattes
     Fixed image = Image (0x4285550)
  RTTI typeinfo:   itk::Image<double, 3u>
  Reference Count: 2
  Modified Time: 1735
  Debug: Off
  Object Name: 
  Observers: 
    none
  Source: (none)
  Source output name: (none)
  Release Data: Off
  Data Released: False
  Global Release Data: Off
  PipelineMTime: 0
  UpdateMTime: 1518
  RealTimeStamp: 0 seconds 
  LargestPossibleRegion: 
    Dimension: 3
    Index: [0, 0, 0]
    Size: [384, 384, 288]
  BufferedRegion: 
    Dimension: 3
    Index: [0, 0, 0]
    Size: [384, 384, 288]
  RequestedRegion: 
    Dimension: 3
    Index: [0, 0, 0]
    Size: [384, 384, 288]
  Spacing: [0.598958, 0.598958, 0.599937]
  Origin: [85.9044, -155.274, 91.0901]
  Direction: 
-0 0 -1
1 -0 0
0 -1 0

  IndexToPointMatrix: 
0 0 -0.599937
0.598958 0 0
0 -0.598958 0

  PointToIndexMatrix: 
0 1.66957 0
0 0 -1.66957
-1.66684 0 0

  Inverse Direction: 
0 1 0
0 0 -1
-1 0 0

  PixelContainer: 
    ImportImageContainer (0x428a880)
      RTTI typeinfo:   itk::ImportImageContainer<unsigned long, double>
      Reference Count: 1
      Modified Time: 1515
      Debug: Off
      Object Name: 
      Observers: 
        none
      Pointer: 0x2b4a5d736010
      Container manages memory: true
      Size: 42467328
      Capacity: 42467328

     Moving image = Image (0x42832f0)
  RTTI typeinfo:   itk::Image<double, 3u>
  Reference Count: 2
  Modified Time: 1736
  Debug: Off
  Object Name: 
  Observers: 
    none
  Source: (none)
  Source output name: (none)
  Release Data: Off
  Data Released: False
  Global Release Data: Off
  PipelineMTime: 0
  UpdateMTime: 1733
  RealTimeStamp: 0 seconds 
  LargestPossibleRegion: 
    Dimension: 3
    Index: [0, 0, 0]
    Size: [224, 320, 320]
  BufferedRegion: 
    Dimension: 3
    Index: [0, 0, 0]
    Size: [224, 320, 320]
  RequestedRegion: 
    Dimension: 3
    Index: [0, 0, 0]
    Size: [224, 320, 320]
  Spacing: [0.700005, 0.7, 0.7]
  Origin: [-81.1493, 72.2492, -103.242]
  Direction: 
1 0 0
0 -1 0
0 0 1

  IndexToPointMatrix: 
0.700005 0 0
0 -0.7 0
0 0 0.7

  PointToIndexMatrix: 
1.42856 0 0
0 -1.42857 0
0 0 1.42857

  Inverse Direction: 
1 0 0
0 -1 0
0 0 1

  PixelContainer: 
    ImportImageContainer (0x42913f0)
      RTTI typeinfo:   itk::ImportImageContainer<unsigned long, double>
      Reference Count: 1
      Modified Time: 1730
      Debug: Off
      Object Name: 
      Observers: 
        none
      Pointer: 0x2b4a71b37010
      Container manages memory: true
      Size: 22937600
      Capacity: 22937600

     Weighting = 1
     Sampling strategy = regular
     Number of bins = 32
     Radius = 4
     Sampling percentage  = 0.25
   Transform = Rigid
     Gradient step = 0.1
     Update field sigma (voxel space) = 0
     Total field sigma (voxel space) = 0
     Update field time sigma = 0
     Total field time sigma  = 0
     Number of time indices = 0
     Number of time point samples = 0
Stage 2 State
   Image metric = Mattes
     Fixed image = Image (0x4285860)
  RTTI typeinfo:   itk::Image<double, 3u>
  Reference Count: 2
  Modified Time: 2167
  Debug: Off
  Object Name: 
  Observers: 
    none
  Source: (none)
  Source output name: (none)
  Release Data: Off
  Data Released: False
  Global Release Data: Off
  PipelineMTime: 0
  UpdateMTime: 1950
  RealTimeStamp: 0 seconds 
  LargestPossibleRegion: 
    Dimension: 3
    Index: [0, 0, 0]
    Size: [384, 384, 288]
  BufferedRegion: 
    Dimension: 3
    Index: [0, 0, 0]
    Size: [384, 384, 288]
  RequestedRegion: 
    Dimension: 3
    Index: [0, 0, 0]
    Size: [384, 384, 288]
  Spacing: [0.598958, 0.598958, 0.599937]
  Origin: [85.9044, -155.274, 91.0901]
  Direction: 
-0 0 -1
1 -0 0
0 -1 0

  IndexToPointMatrix: 
0 0 -0.599937
0.598958 0 0
0 -0.598958 0

  PointToIndexMatrix: 
0 1.66957 0
0 0 -1.66957
-1.66684 0 0

  Inverse Direction: 
0 1 0
0 0 -1
-1 0 0

  PixelContainer: 
    ImportImageContainer (0x428dbe0)
      RTTI typeinfo:   itk::ImportImageContainer<unsigned long, double>
      Reference Count: 1
      Modified Time: 1947
      Debug: Off
      Object Name: 
      Observers: 
        none
      Pointer: 0x2b4a7ca38010
      Container manages memory: true
      Size: 42467328
      Capacity: 42467328

     Moving image = Image (0x4285af0)
  RTTI typeinfo:   itk::Image<double, 3u>
  Reference Count: 2
  Modified Time: 2168
  Debug: Off
  Object Name: 
  Observers: 
    none
  Source: (none)
  Source output name: (none)
  Release Data: Off
  Data Released: False
  Global Release Data: Off
  PipelineMTime: 0
  UpdateMTime: 2165
  RealTimeStamp: 0 seconds 
  LargestPossibleRegion: 
    Dimension: 3
    Index: [0, 0, 0]
    Size: [224, 320, 320]
  BufferedRegion: 
    Dimension: 3
    Index: [0, 0, 0]
    Size: [224, 320, 320]
  RequestedRegion: 
    Dimension: 3
    Index: [0, 0, 0]
    Size: [224, 320, 320]
  Spacing: [0.700005, 0.7, 0.7]
  Origin: [-81.1493, 72.2492, -103.242]
  Direction: 
1 0 0
0 -1 0
0 0 1

  IndexToPointMatrix: 
0.700005 0 0
0 -0.7 0
0 0 0.7

  PointToIndexMatrix: 
1.42856 0 0
0 -1.42857 0
0 0 1.42857

  Inverse Direction: 
1 0 0
0 -1 0
0 0 1

  PixelContainer: 
    ImportImageContainer (0x429af10)
      RTTI typeinfo:   itk::ImportImageContainer<unsigned long, double>
      Reference Count: 1
      Modified Time: 2162
      Debug: Off
      Object Name: 
      Observers: 
        none
      Pointer: 0x2b4a90e39010
      Container manages memory: true
      Size: 22937600
      Capacity: 22937600

     Weighting = 1
     Sampling strategy = regular
     Number of bins = 32
     Radius = 4
     Sampling percentage  = 0.25
   Transform = Affine
     Gradient step = 0.1
     Update field sigma (voxel space) = 0
     Total field sigma (voxel space) = 0
     Update field time sigma = 0
     Total field time sigma  = 0
     Number of time indices = 0
     Number of time point samples = 0
Stage 3 State
   Image metric = CC
     Fixed image = Image (0x4298df0)
  RTTI typeinfo:   itk::Image<double, 3u>
  Reference Count: 2
  Modified Time: 2599
  Debug: Off
  Object Name: 
  Observers: 
    none
  Source: (none)
  Source output name: (none)
  Release Data: Off
  Data Released: False
  Global Release Data: Off
  PipelineMTime: 0
  UpdateMTime: 2382
  RealTimeStamp: 0 seconds 
  LargestPossibleRegion: 
    Dimension: 3
    Index: [0, 0, 0]
    Size: [384, 384, 288]
  BufferedRegion: 
    Dimension: 3
    Index: [0, 0, 0]
    Size: [384, 384, 288]
  RequestedRegion: 
    Dimension: 3
    Index: [0, 0, 0]
    Size: [384, 384, 288]
  Spacing: [0.598958, 0.598958, 0.599937]
  Origin: [85.9044, -155.274, 91.0901]
  Direction: 
-0 0 -1
1 -0 0
0 -1 0

  IndexToPointMatrix: 
0 0 -0.599937
0.598958 0 0
0 -0.598958 0

  PointToIndexMatrix: 
0 1.66957 0
0 0 -1.66957
-1.66684 0 0

  Inverse Direction: 
0 1 0
0 0 -1
-1 0 0

  PixelContainer: 
    ImportImageContainer (0x429bae0)
      RTTI typeinfo:   itk::ImportImageContainer<unsigned long, double>
      Reference Count: 1
      Modified Time: 2379
      Debug: Off
      Object Name: 
      Observers: 
        none
      Pointer: 0x2b4a9bd3a010
      Container manages memory: true
      Size: 42467328
      Capacity: 42467328

     Moving image = Image (0x4293700)
  RTTI typeinfo:   itk::Image<double, 3u>
  Reference Count: 2
  Modified Time: 2600
  Debug: Off
  Object Name: 
  Observers: 
    none
  Source: (none)
  Source output name: (none)
  Release Data: Off
  Data Released: False
  Global Release Data: Off
  PipelineMTime: 0
  UpdateMTime: 2597
  RealTimeStamp: 0 seconds 
  LargestPossibleRegion: 
    Dimension: 3
    Index: [0, 0, 0]
    Size: [224, 320, 320]
  BufferedRegion: 
    Dimension: 3
    Index: [0, 0, 0]
    Size: [224, 320, 320]
  RequestedRegion: 
    Dimension: 3
    Index: [0, 0, 0]
    Size: [224, 320, 320]
  Spacing: [0.700005, 0.7, 0.7]
  Origin: [-81.1493, 72.2492, -103.242]
  Direction: 
1 0 0
0 -1 0
0 0 1

  IndexToPointMatrix: 
0.700005 0 0
0 -0.7 0
0 0 0.7

  PointToIndexMatrix: 
1.42856 0 0
0 -1.42857 0
0 0 1.42857

  Inverse Direction: 
1 0 0
0 -1 0
0 0 1

  PixelContainer: 
    ImportImageContainer (0x429a350)
      RTTI typeinfo:   itk::ImportImageContainer<unsigned long, double>
      Reference Count: 1
      Modified Time: 2594
      Debug: Off
      Object Name: 
      Observers: 
        none
      Pointer: 0x2b4ab013b010
      Container manages memory: true
      Size: 22937600
      Capacity: 22937600

     Weighting = 1
     Sampling strategy = none
     Number of bins = 32
     Radius = 4
     Sampling percentage  = 1
   Transform = SyN
     Gradient step = 0.1
     Update field sigma (voxel space) = 3
     Total field sigma (voxel space) = 0
     Update field time sigma = 0
     Total field time sigma  = 0
     Number of time indices = 0
     Number of time point samples = 0
Registration using 3 total stages.

Stage 0
  iterations = 1000x500x250x100
  convergence threshold = 1e-06
  convergence window size = 10
  number of levels = 4
  using the Mattes MI metric (number of bins = 32, weight = 1)
  preprocessing:  winsorizing the image intensities
  Shrink factors (level 1 out of 4): [12, 12, 12]
  Shrink factors (level 2 out of 4): [8, 8, 8]
  Shrink factors (level 3 out of 4): [4, 4, 4]
  Shrink factors (level 4 out of 4): [2, 2, 2]
  smoothing sigmas per level: [4, 3, 2, 1]
  regular sampling (percentage = 0.25)

*** Running Euler3DTransform registration ***

DIAGNOSTIC,Iteration,metricValue,convergenceValue,ITERATION_TIME_INDEX,SINCE_LAST
 2DIAGNOSTIC,     1, -5.204537733801e-01, 1.797693134862e+308, 1.1569e+01, 1.1569e+01, 
 2DIAGNOSTIC,     2, -5.222920063037e-01, 1.797693134862e+308, 1.1608e+01, 3.8921e-02, 
 2DIAGNOSTIC,     3, -5.255883346029e-01, 1.797693134862e+308, 1.1642e+01, 3.3359e-02, 
 2DIAGNOSTIC,     4, -5.309855685042e-01, 1.797693134862e+308, 1.1673e+01, 3.1236e-02, 
 2DIAGNOSTIC,     5, -5.437691312966e-01, 1.797693134862e+308, 1.1703e+01, 3.0151e-02, 
 2DIAGNOSTIC,     6, -5.690703447453e-01, 1.797693134862e+308, 1.1734e+01, 3.1012e-02, 
 2DIAGNOSTIC,     7, -5.893369752820e-01, 1.797693134862e+308, 1.1769e+01, 3.5468e-02, 
 2DIAGNOSTIC,     8, -5.916716370666e-01, 1.797693134862e+308, 1.1802e+01, 3.3025e-02, 
 2DIAGNOSTIC,     9, -5.914904788250e-01, 1.797693134862e+308, 1.1832e+01, 2.9149e-02, 
 2DIAGNOSTIC,    10, -5.922060990518e-01, 1.070650970711e-02, 1.1858e+01, 2.6653e-02, 
 2DIAGNOSTIC,    11, -5.923429407319e-01, 9.052845470456e-03, 1.1886e+01, 2.7794e-02, 
 2DIAGNOSTIC,    12, -6.033476545888e-01, 7.397895409195e-03, 1.1917e+01, 3.0927e-02, 
 2DIAGNOSTIC,    13, -6.077965322419e-01, 5.644377068643e-03, 1.1946e+01, 2.9381e-02, 
 2DIAGNOSTIC,    14, -6.092677130223e-01, 3.901027088314e-03, 1.1976e+01, 3.0016e-02, 
 2DIAGNOSTIC,    15, -6.102314148577e-01, 2.495761006674e-03, 1.2009e+01, 3.2589e-02, 
 2DIAGNOSTIC,    16, -6.120114323408e-01, 1.867636012600e-03, 1.2049e+01, 4.0429e-02, 
 2DIAGNOSTIC,    17, -6.121671949578e-01, 1.729494028575e-03, 1.2075e+01, 2.5873e-02, 
 2DIAGNOSTIC,    18, -6.125140810579e-01, 1.519475390184e-03, 1.2125e+01, 4.9907e-02, 
 2DIAGNOSTIC,    19, -6.119986613799e-01, 1.178172476724e-03, 1.2155e+01, 3.0340e-02, 
 2DIAGNOSTIC,    20, -6.119809528742e-01, 7.854122198442e-04, 1.2185e+01, 2.9759e-02, 
 2DIAGNOSTIC,    21, -6.111825070622e-01, 3.373797551819e-04, 1.2217e+01, 3.1359e-02, 
 2DIAGNOSTIC,    22, -6.105394356924e-01, 1.271688601633e-04, 1.2246e+01, 2.8897e-02, 
 2DIAGNOSTIC,    23, -6.106758397403e-01, 2.088169593346e-05, 1.2273e+01, 2.7758e-02, 
DIAGNOSTIC,Iteration,metricValue,convergenceValue,ITERATION_TIME_INDEX,SINCE_LAST
 2DIAGNOSTIC,     1, -5.704789953730e-01, 1.797693134862e+308, 2.2151e+01, 9.8774e+00, 
 2DIAGNOSTIC,     2, -5.706413377536e-01, 1.797693134862e+308, 2.2255e+01, 1.0459e-01, 
 2DIAGNOSTIC,     3, -5.707713521415e-01, 1.797693134862e+308, 2.2373e+01, 1.1821e-01, 
 2DIAGNOSTIC,     4, -5.709086953413e-01, 1.797693134862e+308, 2.2493e+01, 1.1938e-01, 
 2DIAGNOSTIC,     5, -5.708157202611e-01, 1.797693134862e+308, 2.2627e+01, 1.3463e-01, 
 2DIAGNOSTIC,     6, -5.708882933421e-01, 1.797693134862e+308, 2.2727e+01, 9.9741e-02, 
 2DIAGNOSTIC,     7, -5.709273791263e-01, 1.797693134862e+308, 2.2827e+01, 9.9713e-02, 
 2DIAGNOSTIC,     8, -5.708877428116e-01, 1.797693134862e+308, 2.2945e+01, 1.1772e-01, 
 2DIAGNOSTIC,     9, -5.709342724137e-01, 1.797693134862e+308, 2.3057e+01, 1.1239e-01, 
 2DIAGNOSTIC,    10, -5.709393082830e-01, 4.394196395900e-05, 2.3162e+01, 1.0540e-01, 
 2DIAGNOSTIC,    11, -5.708222198700e-01, 2.034737134082e-05, 2.3284e+01, 1.2136e-01, 
 2DIAGNOSTIC,    12, -5.707997207471e-01, 4.914004397685e-06, 2.3391e+01, 1.0689e-01, 
DIAGNOSTIC,Iteration,metricValue,convergenceValue,ITERATION_TIME_INDEX,SINCE_LAST
 2DIAGNOSTIC,     1, -4.958722617076e-01, 1.797693134862e+308, 3.3804e+01, 1.0413e+01, 
 2DIAGNOSTIC,     2, -4.960861870141e-01, 1.797693134862e+308, 3.4444e+01, 6.4034e-01, 
 2DIAGNOSTIC,     3, -4.963895677766e-01, 1.797693134862e+308, 3.5212e+01, 7.6792e-01, 
 2DIAGNOSTIC,     4, -4.967467155425e-01, 1.797693134862e+308, 3.5935e+01, 7.2295e-01, 
 2DIAGNOSTIC,     5, -4.968991567178e-01, 1.797693134862e+308, 3.6653e+01, 7.1787e-01, 
 2DIAGNOSTIC,     6, -4.970192124253e-01, 1.797693134862e+308, 3.7733e+01, 1.0801e+00, 
 2DIAGNOSTIC,     7, -4.970598927017e-01, 1.797693134862e+308, 3.8437e+01, 7.0453e-01, 
 2DIAGNOSTIC,     8, -4.970333482960e-01, 1.797693134862e+308, 3.9186e+01, 7.4906e-01, 
 2DIAGNOSTIC,     9, -4.970089302897e-01, 1.797693134862e+308, 3.9826e+01, 6.3994e-01, 
 2DIAGNOSTIC,    10, -4.970057762741e-01, 1.495281152999e-04, 4.0581e+01, 7.5494e-01, 
 2DIAGNOSTIC,    11, -4.969949169165e-01, 9.134293211431e-05, 4.1372e+01, 7.9078e-01, 
 2DIAGNOSTIC,    12, -4.969927506223e-01, 4.487921569989e-05, 4.2338e+01, 9.6610e-01, 
 2DIAGNOSTIC,    13, -4.969857868071e-01, 1.452714549888e-05, 4.3083e+01, 7.4463e-01, 
 2DIAGNOSTIC,    14, -4.969751313703e-01, 1.503515027410e-06, 4.3740e+01, 6.5712e-01, 
DIAGNOSTIC,Iteration,metricValue,convergenceValue,ITERATION_TIME_INDEX,SINCE_LAST
 2DIAGNOSTIC,     1, -4.396420110948e-01, 1.797693134862e+308, 5.9475e+01, 1.5735e+01, 
 2DIAGNOSTIC,     2, -4.396760303600e-01, 1.797693134862e+308, 6.4841e+01, 5.3658e+00, 
 2DIAGNOSTIC,     3, -4.396963500339e-01, 1.797693134862e+308, 7.1085e+01, 6.2432e+00, 
 2DIAGNOSTIC,     4, -4.397010433717e-01, 1.797693134862e+308, 7.6076e+01, 4.9913e+00, 
 2DIAGNOSTIC,     5, -4.396910266095e-01, 1.797693134862e+308, 8.3725e+01, 7.6487e+00, 
 2DIAGNOSTIC,     6, -4.396884494557e-01, 1.797693134862e+308, 9.1769e+01, 8.0442e+00, 
 2DIAGNOSTIC,     7, -4.396885182846e-01, 1.797693134862e+308, 9.6939e+01, 5.1701e+00, 
 2DIAGNOSTIC,     8, -4.396882792891e-01, 1.797693134862e+308, 1.0204e+02, 5.1057e+00, 
 2DIAGNOSTIC,     9, -4.396880955219e-01, 1.797693134862e+308, 1.0646e+02, 4.4155e+00, 
 2DIAGNOSTIC,    10, -4.396878653907e-01, 6.054517474721e-06, 1.1229e+02, 5.8256e+00, 
 2DIAGNOSTIC,    11, -4.396879396930e-01, 2.547122362473e-06, 1.1785e+02, 5.5636e+00, 
 2DIAGNOSTIC,    12, -4.396879147869e-01, 1.449292655539e-06, 1.2254e+02, 4.6869e+00, 
 2DIAGNOSTIC,    13, -4.396878738442e-01, 1.622489598160e-06, 1.2774e+02, 5.2017e+00, 
 2DIAGNOSTIC,    14, -4.396878785648e-01, 2.074943055888e-06, 1.3221e+02, 4.4768e+00, 
 2DIAGNOSTIC,    15, -4.396828628483e-01, 1.840482732898e-06, 1.3740e+02, 5.1893e+00, 
 2DIAGNOSTIC,    16, -4.396828667542e-01, 1.562505139788e-06, 1.4196e+02, 4.5584e+00, 
 2DIAGNOSTIC,    17, -4.396824098135e-01, 1.339403230931e-06, 1.4705e+02, 5.0858e+00, 
 2DIAGNOSTIC,    18, -4.396797379741e-01, 1.083384712129e-06, 1.5230e+02, 5.2532e+00, 
  Elapsed time (stage 0): 1.5842e+02


Stage 1
  iterations = 1000x500x250x100
  convergence threshold = 1.0000e-06
  convergence window size = 10
  number of levels = 4
  using the Mattes MI metric (number of bins = 32, weight = 1.0000e+00)
  preprocessing:  winsorizing the image intensities
  Shrink factors (level 1 out of 4): [12, 12, 12]
  Shrink factors (level 2 out of 4): [8, 8, 8]
  Shrink factors (level 3 out of 4): [4, 4, 4]
  Shrink factors (level 4 out of 4): [2, 2, 2]
  smoothing sigmas per level: [4, 3, 2, 1]
  regular sampling (percentage = 2.5000e-01)

*** Running AffineTransform registration ***

DIAGNOSTIC,Iteration,metricValue,convergenceValue,ITERATION_TIME_INDEX,SINCE_LAST
 2DIAGNOSTIC,     1, -5.949722126655e-01, 1.797693134862e+308, 9.6953e+00, 9.6953e+00, 
 2DIAGNOSTIC,     2, -5.966374082347e-01, 1.797693134862e+308, 9.7276e+00, 3.2268e-02, 
 2DIAGNOSTIC,     3, -6.013245623336e-01, 1.797693134862e+308, 9.7599e+00, 3.2273e-02, 
 2DIAGNOSTIC,     4, -6.090967405450e-01, 1.797693134862e+308, 9.7909e+00, 3.1010e-02, 
 2DIAGNOSTIC,     5, -6.205753491702e-01, 1.797693134862e+308, 9.8232e+00, 3.2329e-02, 
 2DIAGNOSTIC,     6, -6.307880367305e-01, 1.797693134862e+308, 9.8597e+00, 3.6521e-02, 
 2DIAGNOSTIC,     7, -6.506901768100e-01, 1.797693134862e+308, 9.8973e+00, 3.7526e-02, 
 2DIAGNOSTIC,     8, -7.166529525860e-01, 1.797693134862e+308, 9.9631e+00, 6.5847e-02, 
 2DIAGNOSTIC,     9, -7.337333957535e-01, 1.797693134862e+308, 9.9984e+00, 3.5272e-02, 
 2DIAGNOSTIC,    10, -7.363606564184e-01, 1.590813863096e-02, 1.0036e+01, 3.7691e-02, 
 2DIAGNOSTIC,    11, -7.404450277000e-01, 1.562291831082e-02, 1.0067e+01, 3.0931e-02, 
 2DIAGNOSTIC,    12, -7.436173200205e-01, 1.416149369962e-02, 1.0101e+01, 3.3847e-02, 
 2DIAGNOSTIC,    13, -7.497587902997e-01, 1.198902635546e-02, 1.0147e+01, 4.6470e-02, 
 2DIAGNOSTIC,    14, -7.517769756460e-01, 9.357478157674e-03, 1.0183e+01, 3.5458e-02, 
 2DIAGNOSTIC,    15, -7.534683934359e-01, 6.656690674813e-03, 1.0218e+01, 3.5112e-02, 
 2DIAGNOSTIC,    16, -7.549240026316e-01, 4.034249450777e-03, 1.0254e+01, 3.5628e-02, 
 2DIAGNOSTIC,    17, -7.576558077416e-01, 1.885831343945e-03, 1.0294e+01, 4.0493e-02, 
 2DIAGNOSTIC,    18, -7.589387025923e-01, 1.341104015503e-03, 1.0330e+01, 3.6432e-02, 
 2DIAGNOSTIC,    19, -7.619166905853e-01, 1.164501285276e-03, 1.0368e+01, 3.7125e-02, 
 2DIAGNOSTIC,    20, -7.633083534447e-01, 9.799565326457e-04, 1.0403e+01, 3.5607e-02, 
 2DIAGNOSTIC,    21, -7.637477035535e-01, 8.104602692537e-04, 1.0438e+01, 3.4602e-02, 
 2DIAGNOSTIC,    22, -7.641484899630e-01, 6.453144988011e-04, 1.0469e+01, 3.1282e-02, 
 2DIAGNOSTIC,    23, -7.644682211193e-01, 5.474309635459e-04, 1.0504e+01, 3.5410e-02, 
 2DIAGNOSTIC,    24, -7.646560952441e-01, 4.432628995073e-04, 1.0545e+01, 4.0276e-02, 
 2DIAGNOSTIC,    25, -7.647913426833e-01, 3.354321827845e-04, 1.0581e+01, 3.6300e-02, 
 2DIAGNOSTIC,    26, -7.648278897364e-01, 2.275324146138e-04, 1.0612e+01, 3.1251e-02, 
 2DIAGNOSTIC,    27, -7.648347547496e-01, 1.472942818308e-04, 1.0645e+01, 3.2855e-02, 
 2DIAGNOSTIC,    28, -7.648315644309e-01, 7.652328004331e-05, 1.0680e+01, 3.4883e-02, 
 2DIAGNOSTIC,    29, -7.648207572377e-01, 4.372947058750e-05, 1.0719e+01, 3.8909e-02, 
 2DIAGNOSTIC,    30, -7.648404340465e-01, 2.767215954182e-05, 1.0763e+01, 4.3630e-02, 
 2DIAGNOSTIC,    31, -7.648454861625e-01, 1.574831471498e-05, 1.0809e+01, 4.6312e-02, 
 2DIAGNOSTIC,    32, -7.648476766997e-01, 8.098136703598e-06, 1.0852e+01, 4.2821e-02, 
 2DIAGNOSTIC,    33, -7.648613769910e-01, 4.189721336527e-06, 1.0894e+01, 4.2333e-02, 
 2DIAGNOSTIC,    34, -7.648270734850e-01, 1.946823634649e-06, 1.0929e+01, 3.5390e-02, 
 2DIAGNOSTIC,    35, -7.648435577619e-01, 1.436808891073e-06, 1.0975e+01, 4.5119e-02, 
 2DIAGNOSTIC,    36, -7.648756570123e-01, 1.640139371314e-06, 1.1020e+01, 4.5852e-02, 
 2DIAGNOSTIC,    37, -7.648616344798e-01, 1.677256545547e-06, 1.1061e+01, 4.0370e-02, 
 2DIAGNOSTIC,    38, -7.648469444171e-01, 1.471685653308e-06, 1.1129e+01, 6.8471e-02, 
DIAGNOSTIC,Iteration,metricValue,convergenceValue,ITERATION_TIME_INDEX,SINCE_LAST
 2DIAGNOSTIC,     1, -7.050223228585e-01, 1.797693134862e+308, 2.1188e+01, 1.0059e+01, 
 2DIAGNOSTIC,     2, -7.058151176534e-01, 1.797693134862e+308, 2.1294e+01, 1.0619e-01, 
 2DIAGNOSTIC,     3, -7.068713782850e-01, 1.797693134862e+308, 2.1403e+01, 1.0897e-01, 
 2DIAGNOSTIC,     4, -7.080590067607e-01, 1.797693134862e+308, 2.1516e+01, 1.1247e-01, 
 2DIAGNOSTIC,     5, -7.091702145960e-01, 1.797693134862e+308, 2.1623e+01, 1.0747e-01, 
 2DIAGNOSTIC,     6, -7.100120935785e-01, 1.797693134862e+308, 2.1727e+01, 1.0410e-01, 
 2DIAGNOSTIC,     7, -7.105866953877e-01, 1.797693134862e+308, 2.1866e+01, 1.3839e-01, 
 2DIAGNOSTIC,     8, -7.110462937105e-01, 1.797693134862e+308, 2.2151e+01, 2.8484e-01, 
 2DIAGNOSTIC,     9, -7.110450736116e-01, 1.797693134862e+308, 2.2278e+01, 1.2784e-01, 
 2DIAGNOSTIC,    10, -7.110506083494e-01, 5.984776329263e-04, 2.2392e+01, 1.1343e-01, 
 2DIAGNOSTIC,    11, -7.110560437687e-01, 4.386712673145e-04, 2.2501e+01, 1.0942e-01, 
 2DIAGNOSTIC,    12, -7.110663090274e-01, 2.929021079155e-04, 2.2611e+01, 1.0965e-01, 
 2DIAGNOSTIC,    13, -7.110831069310e-01, 1.759584955836e-04, 2.2721e+01, 1.1005e-01, 
 2DIAGNOSTIC,    14, -7.111067497467e-01, 9.424917815568e-05, 2.2825e+01, 1.0375e-01, 
 2DIAGNOSTIC,    15, -7.111448582895e-01, 4.547954020891e-05, 2.2935e+01, 1.1021e-01, 
 2DIAGNOSTIC,    16, -7.111892987053e-01, 2.073549230423e-05, 2.3053e+01, 1.1803e-01, 
 2DIAGNOSTIC,    17, -7.112553096063e-01, 1.194675030534e-05, 2.3169e+01, 1.1567e-01, 
 2DIAGNOSTIC,    18, -7.113264114497e-01, 1.498883507599e-05, 2.3277e+01, 1.0827e-01, 
 2DIAGNOSTIC,    19, -7.114155846422e-01, 1.831622166412e-05, 2.3384e+01, 1.0716e-01, 
 2DIAGNOSTIC,    20, -7.114986364764e-01, 2.151146834378e-05, 2.3513e+01, 1.2872e-01, 
 2DIAGNOSTIC,    21, -7.115325954992e-01, 2.327835545809e-05, 2.3665e+01, 1.5190e-01, 
 2DIAGNOSTIC,    22, -7.115524577427e-01, 2.340724898599e-05, 2.3768e+01, 1.0330e-01, 
 2DIAGNOSTIC,    23, -7.115627594520e-01, 2.194061968503e-05, 2.3894e+01, 1.2637e-01, 
 2DIAGNOSTIC,    24, -7.115772911072e-01, 1.928839996595e-05, 2.4013e+01, 1.1839e-01, 
 2DIAGNOSTIC,    25, -7.115969395129e-01, 1.606820143251e-05, 2.4139e+01, 1.2588e-01, 
 2DIAGNOSTIC,    26, -7.116106868031e-01, 1.258848713193e-05, 2.4272e+01, 1.3382e-01, 
 2DIAGNOSTIC,    27, -7.116090926405e-01, 9.250706611882e-06, 2.4405e+01, 1.3230e-01, 
 2DIAGNOSTIC,    28, -7.116092581458e-01, 6.397637676715e-06, 2.4512e+01, 1.0763e-01, 
 2DIAGNOSTIC,    29, -7.116053780825e-01, 4.396473117840e-06, 2.4624e+01, 1.1194e-01, 
 2DIAGNOSTIC,    30, -7.116056087030e-01, 3.315256714605e-06, 2.4732e+01, 1.0780e-01, 
 2DIAGNOSTIC,    31, -7.116059622578e-01, 2.526097337932e-06, 2.4855e+01, 1.2259e-01, 
 2DIAGNOSTIC,    32, -7.116062336973e-01, 1.897279033172e-06, 2.4965e+01, 1.0999e-01, 
 2DIAGNOSTIC,    33, -7.116063247637e-01, 1.347792738762e-06, 2.5087e+01, 1.2198e-01, 
DIAGNOSTIC,Iteration,metricValue,convergenceValue,ITERATION_TIME_INDEX,SINCE_LAST
 2DIAGNOSTIC,     1, -6.345478543791e-01, 1.797693134862e+308, 3.5948e+01, 1.0861e+01, 
 2DIAGNOSTIC,     2, -6.352634247484e-01, 1.797693134862e+308, 3.6720e+01, 7.7141e-01, 
 2DIAGNOSTIC,     3, -6.360117939271e-01, 1.797693134862e+308, 3.7495e+01, 7.7547e-01, 
 2DIAGNOSTIC,     4, -6.366494544472e-01, 1.797693134862e+308, 3.8237e+01, 7.4192e-01, 
 2DIAGNOSTIC,     5, -6.370642846029e-01, 1.797693134862e+308, 3.8980e+01, 7.4261e-01, 
 2DIAGNOSTIC,     6, -6.372711932850e-01, 1.797693134862e+308, 3.9939e+01, 9.5977e-01, 
 2DIAGNOSTIC,     7, -6.373692055374e-01, 1.797693134862e+308, 4.2018e+01, 2.0786e+00, 
 2DIAGNOSTIC,     8, -6.373693721753e-01, 1.797693134862e+308, 4.2849e+01, 8.3090e-01, 
 2DIAGNOSTIC,     9, -6.373694646005e-01, 1.797693134862e+308, 4.3669e+01, 8.2059e-01, 
 2DIAGNOSTIC,    10, -6.373692486663e-01, 2.703531106473e-04, 4.4431e+01, 7.6162e-01, 
 2DIAGNOSTIC,    11, -6.373691119236e-01, 1.634172652053e-04, 4.5191e+01, 7.5996e-01, 
 2DIAGNOSTIC,    12, -6.373693063384e-01, 8.620163030834e-05, 4.5940e+01, 7.4872e-01, 
 2DIAGNOSTIC,    13, -6.373696339710e-01, 3.868341890240e-05, 4.6719e+01, 7.7921e-01, 
 2DIAGNOSTIC,    14, -6.373701836795e-01, 1.476358721317e-05, 4.7596e+01, 8.7763e-01, 
 2DIAGNOSTIC,    15, -6.373705841707e-01, 5.107253452624e-06, 4.8330e+01, 7.3330e-01, 
 2DIAGNOSTIC,    16, -6.373702762611e-01, 2.068951074588e-06, 4.9210e+01, 8.7981e-01, 
 2DIAGNOSTIC,    17, -6.373708603169e-01, 1.969291913574e-06, 4.9992e+01, 7.8241e-01, 
 2DIAGNOSTIC,    18, -6.373715719276e-01, 1.892801399027e-06, 5.0884e+01, 8.9223e-01, 
 2DIAGNOSTIC,    19, -6.373725457023e-01, 1.837341979026e-06, 5.1855e+01, 9.7064e-01, 
 2DIAGNOSTIC,    20, -6.373723951146e-01, 1.764062648534e-06, 5.2729e+01, 8.7371e-01, 
 2DIAGNOSTIC,    21, -6.373721684391e-01, 1.674738051939e-06, 5.3503e+01, 7.7461e-01, 
 2DIAGNOSTIC,    22, -6.373723906542e-01, 1.587391203130e-06, 5.4356e+01, 8.5267e-01, 
 2DIAGNOSTIC,    23, -6.373728656637e-01, 1.509166784701e-06, 5.5126e+01, 7.7051e-01, 
 2DIAGNOSTIC,    24, -6.373734092039e-01, 1.445307625372e-06, 5.5917e+01, 7.9034e-01, 
 2DIAGNOSTIC,    25, -6.373742259396e-01, 1.397457562703e-06, 5.6778e+01, 8.6128e-01, 
 2DIAGNOSTIC,    26, -6.373758468678e-01, 1.364149269184e-06, 5.7644e+01, 8.6569e-01, 
 2DIAGNOSTIC,    27, -6.373763409812e-01, 1.337205091011e-06, 5.8523e+01, 8.7895e-01, 
 2DIAGNOSTIC,    28, -6.373772753777e-01, 1.323047441347e-06, 5.9300e+01, 7.7687e-01, 
 2DIAGNOSTIC,    29, -6.373788669050e-01, 1.331664068197e-06, 6.0034e+01, 7.3429e-01, 
 2DIAGNOSTIC,    30, -6.373820053488e-01, 1.361511795424e-06, 6.0799e+01, 7.6509e-01, 
 2DIAGNOSTIC,    31, -6.373852468144e-01, 1.403200634430e-06, 6.1582e+01, 7.8264e-01, 
 2DIAGNOSTIC,    32, -6.373897300823e-01, 1.471613816161e-06, 6.2334e+01, 7.5285e-01, 
 2DIAGNOSTIC,    33, -6.374001682297e-01, 1.637574046538e-06, 6.3097e+01, 7.6221e-01, 
 2DIAGNOSTIC,    34, -6.374098694845e-01, 1.861236341251e-06, 6.3846e+01, 7.4940e-01, 
 2DIAGNOSTIC,    35, -6.374274608542e-01, 2.216550830294e-06, 6.4597e+01, 7.5124e-01, 
 2DIAGNOSTIC,    36, -6.374519951709e-01, 2.748423482742e-06, 6.5405e+01, 8.0732e-01, 
 2DIAGNOSTIC,    37, -6.375047070150e-01, 3.710463348881e-06, 6.6370e+01, 9.6592e-01, 
 2DIAGNOSTIC,    38, -6.375176433305e-01, 4.500156392803e-06, 6.7552e+01, 1.1818e+00, 
 2DIAGNOSTIC,    39, -6.375312438689e-01, 5.078775157749e-06, 6.8277e+01, 7.2463e-01, 
 2DIAGNOSTIC,    40, -6.375334837350e-01, 5.285586343610e-06, 6.9166e+01, 8.8913e-01, 
 2DIAGNOSTIC,    41, -6.375348142864e-01, 5.101261547884e-06, 6.9988e+01, 8.2207e-01, 
 2DIAGNOSTIC,    42, -6.375373675052e-01, 4.579873536102e-06, 7.1009e+01, 1.0212e+00, 
 2DIAGNOSTIC,    43, -6.375352325002e-01, 3.802110476708e-06, 7.1715e+01, 7.0549e-01, 
 2DIAGNOSTIC,    44, -6.375358959561e-01, 2.876925385274e-06, 7.2432e+01, 7.1705e-01, 
 2DIAGNOSTIC,    45, -6.375406454104e-01, 2.008778952383e-06, 7.3289e+01, 8.5713e-01, 
 2DIAGNOSTIC,    46, -6.375422376968e-01, 1.294198258808e-06, 7.4049e+01, 7.6017e-01, 
 2DIAGNOSTIC,    47, -6.375423293225e-01, 1.051649119892e-06, 7.4932e+01, 8.8295e-01, 
DIAGNOSTIC,Iteration,metricValue,convergenceValue,ITERATION_TIME_INDEX,SINCE_LAST
 2DIAGNOSTIC,     1, -5.536141102140e-01, 1.797693134862e+308, 9.0865e+01, 1.5933e+01, 
 2DIAGNOSTIC,     2, -5.539716175345e-01, 1.797693134862e+308, 9.5746e+01, 4.8812e+00, 
 2DIAGNOSTIC,     3, -5.542215535526e-01, 1.797693134862e+308, 1.0073e+02, 4.9819e+00, 
 2DIAGNOSTIC,     4, -5.543677629245e-01, 1.797693134862e+308, 1.0600e+02, 5.2729e+00, 
 2DIAGNOSTIC,     5, -5.544509601298e-01, 1.797693134862e+308, 1.1198e+02, 5.9761e+00, 
 2DIAGNOSTIC,     6, -5.544911454263e-01, 1.797693134862e+308, 1.2117e+02, 9.1904e+00, 
 2DIAGNOSTIC,     7, -5.544937008573e-01, 1.797693134862e+308, 1.2612e+02, 4.9559e+00, 
 2DIAGNOSTIC,     8, -5.544984602669e-01, 1.797693134862e+308, 1.3162e+02, 5.4950e+00, 
 2DIAGNOSTIC,     9, -5.545021001607e-01, 1.797693134862e+308, 1.3739e+02, 5.7717e+00, 
 2DIAGNOSTIC,    10, -5.545005865402e-01, 8.571790183134e-05, 1.4246e+02, 5.0719e+00, 
 2DIAGNOSTIC,    11, -5.545012067567e-01, 4.438784956537e-05, 1.4804e+02, 5.5768e+00, 
 2DIAGNOSTIC,    12, -5.545017793219e-01, 2.134546085251e-05, 1.5290e+02, 4.8600e+00, 
 2DIAGNOSTIC,    13, -5.545027016738e-01, 9.948979892455e-06, 1.5778e+02, 4.8816e+00, 
 2DIAGNOSTIC,    14, -5.545053869223e-01, 4.880976966853e-06, 1.6261e+02, 4.8314e+00, 
 2DIAGNOSTIC,    15, -5.545123110707e-01, 3.293607444416e-06, 1.7088e+02, 8.2660e+00, 
 2DIAGNOSTIC,    16, -5.545124934777e-01, 3.086966986046e-06, 1.7577e+02, 4.8932e+00, 
 2DIAGNOSTIC,    17, -5.545129370111e-01, 2.893633719130e-06, 1.8041e+02, 4.6424e+00, 
 2DIAGNOSTIC,    18, -5.545136906082e-01, 2.783298148588e-06, 1.8511e+02, 4.7009e+00, 
 2DIAGNOSTIC,    19, -5.545152554465e-01, 2.730132480401e-06, 1.9006e+02, 4.9507e+00, 
 2DIAGNOSTIC,    20, -5.545136482770e-01, 2.500313554102e-06, 1.9630e+02, 6.2331e+00, 
 2DIAGNOSTIC,    21, -5.545168699909e-01, 2.303509769395e-06, 2.0383e+02, 7.5312e+00, 
 2DIAGNOSTIC,    22, -5.545170436939e-01, 2.068880059977e-06, 2.0929e+02, 5.4625e+00, 
 2DIAGNOSTIC,    23, -5.545170443284e-01, 1.816893873595e-06, 2.1411e+02, 4.8140e+00, 
 2DIAGNOSTIC,    24, -5.545170756723e-01, 1.599917453278e-06, 2.1946e+02, 5.3547e+00, 
 2DIAGNOSTIC,    25, -5.545169107096e-01, 1.513620554117e-06, 2.2484e+02, 5.3787e+00, 
 2DIAGNOSTIC,    26, -5.545168807270e-01, 1.413866157554e-06, 2.3029e+02, 5.4541e+00, 
 2DIAGNOSTIC,    27, -5.545168794842e-01, 1.311134146129e-06, 2.3507e+02, 4.7798e+00, 
 2DIAGNOSTIC,    28, -5.545168584714e-01, 1.216341147400e-06, 2.3980e+02, 4.7259e+00, 
 2DIAGNOSTIC,    29, -5.545172040244e-01, 1.155842854851e-06, 2.4466e+02, 4.8654e+00, 
 2DIAGNOSTIC,    30, -5.545172652315e-01, 1.065733737336e-06, 2.4929e+02, 4.6213e+00, 
 2DIAGNOSTIC,    31, -5.545174657476e-01, 1.037507578711e-06, 2.5425e+02, 4.9676e+00, 
 2DIAGNOSTIC,    32, -5.545180402638e-01, 1.021940780596e-06, 2.5921e+02, 4.9567e+00, 
 2DIAGNOSTIC,    33, -5.545187109485e-01, 1.014842461497e-06, 2.6416e+02, 4.9496e+00, 
 2DIAGNOSTIC,    34, -5.545207638859e-01, 1.034601457197e-06, 2.6912e+02, 4.9639e+00, 
 2DIAGNOSTIC,    35, -5.545256818012e-01, 1.112797035765e-06, 2.7776e+02, 8.6377e+00, 
 2DIAGNOSTIC,    36, -5.545259254920e-01, 1.168806573203e-06, 2.8404e+02, 6.2813e+00, 
 2DIAGNOSTIC,    37, -5.545259230919e-01, 1.195692842654e-06, 2.8980e+02, 5.7621e+00, 
 2DIAGNOSTIC,    38, -5.545259214942e-01, 1.189626932716e-06, 2.9479e+02, 4.9833e+00, 
 2DIAGNOSTIC,    39, -5.545259304766e-01, 1.154395666749e-06, 2.9959e+02, 4.8055e+00, 
 2DIAGNOSTIC,    40, -5.545261610751e-01, 1.091344822676e-06, 3.0477e+02, 5.1732e+00, 
 2DIAGNOSTIC,    41, -5.545261905613e-01, 1.005947326653e-06, 3.1025e+02, 5.4884e+00, 
  Elapsed time (stage 1): 3.1563e+02


Stage 2
  iterations = 100x100x70x50x20
  convergence threshold = 1.0000e-06
  convergence window size = 10
  number of levels = 5
  using the CC metric (radius = 4, weight = 1.0000e+00)
  preprocessing:  winsorizing the image intensities
  Shrink factors (level 1 out of 5): [10, 10, 10]
  Shrink factors (level 2 out of 5): [6, 6, 6]
  Shrink factors (level 3 out of 5): [4, 4, 4]
  Shrink factors (level 4 out of 5): [2, 2, 2]
  Shrink factors (level 5 out of 5): [1, 1, 1]
  smoothing sigmas per level: [5, 3, 2, 1, 0]
  Using default NONE metricSamplingStrategy 

*** Running SyN registration (varianceForUpdateField = 3.0000e+00, varianceForTotalField = 0.0000e+00) ***

XXDIAGNOSTIC,Iteration,metricValue,convergenceValue,ITERATION_TIME_INDEX,SINCE_LAST
 1DIAGNOSTIC,     1, -5.724587853142e-01, 1.797693134862e+308, 1.1981e+01, 1.1981e+01, 
 1DIAGNOSTIC,     2, -5.803229045190e-01, 1.797693134862e+308, 1.3772e+01, 1.7903e+00, 
 1DIAGNOSTIC,     3, -5.873514871424e-01, 1.797693134862e+308, 1.5536e+01, 1.7646e+00, 
 1DIAGNOSTIC,     4, -5.931282402279e-01, 1.797693134862e+308, 1.7348e+01, 1.8121e+00, 
 1DIAGNOSTIC,     5, -5.984074396017e-01, 1.797693134862e+308, 1.9090e+01, 1.7419e+00, 
 1DIAGNOSTIC,     6, -6.031434189745e-01, 1.797693134862e+308, 2.0872e+01, 1.7817e+00, 
 1DIAGNOSTIC,     7, -6.073146808510e-01, 1.797693134862e+308, 2.2629e+01, 1.7567e+00, 
 1DIAGNOSTIC,     8, -6.111213091745e-01, 1.797693134862e+308, 2.4391e+01, 1.7624e+00, 
 1DIAGNOSTIC,     9, -6.143133964217e-01, 1.797693134862e+308, 2.6157e+01, 1.7659e+00, 
 1DIAGNOSTIC,    10, -6.171580359377e-01, 4.680306754468e-03, 2.7922e+01, 1.7651e+00, 
 1DIAGNOSTIC,    11, -6.196981324981e-01, 3.743078311860e-03, 2.9665e+01, 1.7432e+00, 
 1DIAGNOSTIC,    12, -6.219802211367e-01, 3.025100788417e-03, 3.1449e+01, 1.7840e+00, 
 1DIAGNOSTIC,    13, -6.240370012677e-01, 2.473268358124e-03, 3.3203e+01, 1.7535e+00, 
 1DIAGNOSTIC,    14, -6.258984128660e-01, 2.031352331329e-03, 3.4952e+01, 1.7492e+00, 
 1DIAGNOSTIC,    15, -6.275910819510e-01, 1.680136467904e-03, 3.6693e+01, 1.7412e+00, 
 1DIAGNOSTIC,    16, -6.291081336659e-01, 1.400849733916e-03, 3.8467e+01, 1.7740e+00, 
 1DIAGNOSTIC,    17, -6.305168845203e-01, 1.177848882218e-03, 4.0244e+01, 1.7774e+00, 
 1DIAGNOSTIC,    18, -6.318089849114e-01, 1.002125098690e-03, 4.1997e+01, 1.7522e+00, 
 1DIAGNOSTIC,    19, -6.330009823064e-01, 8.587124259188e-04, 4.3760e+01, 1.7632e+00, 
 1DIAGNOSTIC,    20, -6.340946553262e-01, 7.407023681226e-04, 4.5503e+01, 1.7431e+00, 
 1DIAGNOSTIC,    21, -6.351035243455e-01, 6.427631992231e-04, 4.7224e+01, 1.7208e+00, 
 1DIAGNOSTIC,    22, -6.360369307076e-01, 5.609030098326e-04, 4.8934e+01, 1.7098e+00, 
 1DIAGNOSTIC,    23, -6.368996419468e-01, 4.919241055351e-04, 5.0651e+01, 1.7176e+00, 
 1DIAGNOSTIC,    24, -6.376987048140e-01, 4.333653304864e-04, 5.2378e+01, 1.7265e+00, 
 1DIAGNOSTIC,    25, -6.384398437814e-01, 3.833531833927e-04, 5.4300e+01, 1.9224e+00, 
 1DIAGNOSTIC,    26, -6.391331740732e-01, 3.399790647031e-04, 5.6021e+01, 1.7215e+00, 
 1DIAGNOSTIC,    27, -6.397748229650e-01, 3.024518573808e-04, 5.7729e+01, 1.7072e+00, 
 1DIAGNOSTIC,    28, -6.403730711437e-01, 2.698535065666e-04, 5.9466e+01, 1.7373e+00, 
 1DIAGNOSTIC,    29, -6.409320739671e-01, 2.415166845656e-04, 6.1201e+01, 1.7355e+00, 
 1DIAGNOSTIC,    30, -6.414555109753e-01, 2.167569474500e-04, 6.2929e+01, 1.7280e+00, 
 1DIAGNOSTIC,    31, -6.419452622719e-01, 1.950494728580e-04, 6.4667e+01, 1.7377e+00, 
 1DIAGNOSTIC,    32, -6.424060327209e-01, 1.760044899201e-04, 6.6393e+01, 1.7262e+00, 
 1DIAGNOSTIC,    33, -6.428356917247e-01, 1.591944485785e-04, 6.8151e+01, 1.7581e+00, 
 1DIAGNOSTIC,    34, -6.432387090213e-01, 1.442969702233e-04, 6.9910e+01, 1.7583e+00, 
 1DIAGNOSTIC,    35, -6.436170341849e-01, 1.310372068557e-04, 7.1648e+01, 1.7383e+00, 
 1DIAGNOSTIC,    36, -6.439726319753e-01, 1.192537740643e-04, 7.3399e+01, 1.7512e+00, 
 1DIAGNOSTIC,    37, -6.443072164010e-01, 1.087060578804e-04, 7.5160e+01, 1.7609e+00, 
 1DIAGNOSTIC,    38, -6.446221730655e-01, 9.923900533758e-05, 7.6924e+01, 1.7643e+00, 
 1DIAGNOSTIC,    39, -6.449188549287e-01, 9.072841884418e-05, 7.8656e+01, 1.7316e+00, 
 1DIAGNOSTIC,    40, -6.452040620871e-01, 8.313687503171e-05, 8.0423e+01, 1.7675e+00, 
 1DIAGNOSTIC,    41, -6.454679910229e-01, 7.629393509319e-05, 8.2174e+01, 1.7509e+00, 
 1DIAGNOSTIC,    42, -6.457115702688e-01, 7.007656468017e-05, 8.3918e+01, 1.7432e+00, 
 1DIAGNOSTIC,    43, -6.459525011467e-01, 6.450784787886e-05, 8.5634e+01, 1.7166e+00, 
 1DIAGNOSTIC,    44, -6.461748347612e-01, 5.944984791977e-05, 8.7404e+01, 1.7695e+00, 
 1DIAGNOSTIC,    45, -6.463850857755e-01, 5.484402022319e-05, 8.9137e+01, 1.7331e+00, 
 1DIAGNOSTIC,    46, -6.465840044120e-01, 5.064280797286e-05, 9.0886e+01, 1.7497e+00, 
 1DIAGNOSTIC,    47, -6.467722992472e-01, 4.680541619610e-05, 9.2637e+01, 1.7506e+00, 
 1DIAGNOSTIC,    48, -6.469505675698e-01, 4.329337610571e-05, 9.4400e+01, 1.7627e+00, 
 1DIAGNOSTIC,    49, -6.471195627380e-01, 4.007425087766e-05, 9.6174e+01, 1.7747e+00, 
 1DIAGNOSTIC,    50, -6.472798049700e-01, 3.717493193760e-05, 9.7935e+01, 1.7607e+00, 
 1DIAGNOSTIC,    51, -6.474318263133e-01, 3.451931540762e-05, 9.9704e+01, 1.7693e+00, 
 1DIAGNOSTIC,    52, -6.475761297938e-01, 3.203221200048e-05, 1.0147e+02, 1.7634e+00, 
 1DIAGNOSTIC,    53, -6.477145115042e-01, 2.980807724911e-05, 1.0322e+02, 1.7542e+00, 
 1DIAGNOSTIC,    54, -6.478447709435e-01, 2.776525707755e-05, 1.0497e+02, 1.7452e+00, 
 1DIAGNOSTIC,    55, -6.479684868610e-01, 2.588559786482e-05, 1.0672e+02, 1.7554e+00, 
 1DIAGNOSTIC,    56, -6.480859793072e-01, 2.415203196904e-05, 1.0848e+02, 1.7617e+00, 
 1DIAGNOSTIC,    57, -6.481977520056e-01, 2.255048573791e-05, 1.1022e+02, 1.7323e+00, 
 1DIAGNOSTIC,    58, -6.483041457752e-01, 2.106830520779e-05, 1.1195e+02, 1.7339e+00, 
 1DIAGNOSTIC,    59, -6.484053509203e-01, 1.969503400381e-05, 1.1371e+02, 1.7562e+00, 
 1DIAGNOSTIC,    60, -6.485017995392e-01, 1.842256455708e-05, 1.1546e+02, 1.7569e+00, 
 1DIAGNOSTIC,    61, -6.485937019874e-01, 1.724324913832e-05, 1.1723e+02, 1.7676e+00, 
 1DIAGNOSTIC,    62, -6.486811994335e-01, 1.614929627236e-05, 1.1902e+02, 1.7884e+00, 
 1DIAGNOSTIC,    63, -6.487645891654e-01, 1.514442760274e-05, 1.2078e+02, 1.7580e+00, 
 1DIAGNOSTIC,    64, -6.488440743214e-01, 1.421269241016e-05, 1.2256e+02, 1.7826e+00, 
 1DIAGNOSTIC,    65, -6.489197803733e-01, 1.334687969923e-05, 1.2434e+02, 1.7762e+00, 
 1DIAGNOSTIC,    66, -6.489923203079e-01, 1.254295644349e-05, 1.2610e+02, 1.7652e+00, 
 1DIAGNOSTIC,    67, -6.490610963761e-01, 1.179300896706e-05, 1.2787e+02, 1.7696e+00, 
 1DIAGNOSTIC,    68, -6.491266688439e-01, 1.109283613370e-05, 1.2955e+02, 1.6791e+00, 
 1DIAGNOSTIC,    69, -6.491892264729e-01, 1.043814541283e-05, 1.3120e+02, 1.6534e+00, 
 1DIAGNOSTIC,    70, -6.492489645425e-01, 9.826427340881e-06, 1.3286e+02, 1.6592e+00, 
 1DIAGNOSTIC,    71, -6.493059816839e-01, 9.254957487293e-06, 1.3452e+02, 1.6571e+00, 
 1DIAGNOSTIC,    72, -6.493603952081e-01, 8.720608374351e-06, 1.3617e+02, 1.6451e+00, 
 1DIAGNOSTIC,    73, -6.494123422362e-01, 8.221057265485e-06, 1.3786e+02, 1.6920e+00, 
 1DIAGNOSTIC,    74, -6.494619672998e-01, 7.754211305534e-06, 1.3950e+02, 1.6415e+00, 
 1DIAGNOSTIC,    75, -6.495094341593e-01, 7.317861651679e-06, 1.4115e+02, 1.6529e+00, 
 1DIAGNOSTIC,    76, -6.495547517596e-01, 6.911987415457e-06, 1.4280e+02, 1.6442e+00, 
 1DIAGNOSTIC,    77, -6.495980311274e-01, 6.531882490142e-06, 1.4444e+02, 1.6462e+00, 
 1DIAGNOSTIC,    78, -6.496393604503e-01, 6.175313189635e-06, 1.4610e+02, 1.6547e+00, 
 1DIAGNOSTIC,    79, -6.496788596490e-01, 5.840548679250e-06, 1.4775e+02, 1.6491e+00, 
 1DIAGNOSTIC,    80, -6.497166229265e-01, 5.526323801745e-06, 1.4939e+02, 1.6406e+00, 
 1DIAGNOSTIC,    81, -6.497534811630e-01, 5.235387250663e-06, 1.5103e+02, 1.6437e+00, 
 1DIAGNOSTIC,    82, -6.497879425495e-01, 4.961275695709e-06, 1.5271e+02, 1.6804e+00, 
 1DIAGNOSTIC,    83, -6.498209147459e-01, 4.702788612086e-06, 1.5435e+02, 1.6389e+00, 
 1DIAGNOSTIC,    84, -6.498523946318e-01, 4.458482845460e-06, 1.5600e+02, 1.6459e+00, 
 1DIAGNOSTIC,    85, -6.498824744387e-01, 4.227476225490e-06, 1.5764e+02, 1.6450e+00, 
 1DIAGNOSTIC,    86, -6.499112179184e-01, 4.008600935735e-06, 1.5930e+02, 1.6630e+00, 
 1DIAGNOSTIC,    87, -6.499387544329e-01, 3.801422465718e-06, 1.6096e+02, 1.6528e+00, 
 1DIAGNOSTIC,    88, -6.499650972830e-01, 3.605404047173e-06, 1.6262e+02, 1.6677e+00, 
 1DIAGNOSTIC,    89, -6.499903375708e-01, 3.420379476784e-06, 1.6435e+02, 1.7298e+00, 
 1DIAGNOSTIC,    90, -6.500145101883e-01, 3.246053924206e-06, 1.6609e+02, 1.7325e+00, 
 1DIAGNOSTIC,    91, -6.500376633829e-01, 3.086065465487e-06, 1.6787e+02, 1.7794e+00, 
 1DIAGNOSTIC,    92, -6.500597997512e-01, 2.935556556683e-06, 1.6963e+02, 1.7633e+00, 
 1DIAGNOSTIC,    93, -6.500809698288e-01, 2.793897479798e-06, 1.7138e+02, 1.7555e+00, 
 1DIAGNOSTIC,    94, -6.501011998995e-01, 2.660047219927e-06, 1.7315e+02, 1.7684e+00, 
 1DIAGNOSTIC,    95, -6.501205422086e-01, 2.533219819325e-06, 1.7492e+02, 1.7719e+00, 
 1DIAGNOSTIC,    96, -6.501390354018e-01, 2.412718227939e-06, 1.7698e+02, 2.0546e+00, 
 1DIAGNOSTIC,    97, -6.501566986675e-01, 2.298206110658e-06, 1.7902e+02, 2.0424e+00, 
 1DIAGNOSTIC,    98, -6.501735834647e-01, 2.189311778943e-06, 1.8101e+02, 1.9877e+00, 
 1DIAGNOSTIC,    99, -6.501897462683e-01, 2.086018446614e-06, 1.8306e+02, 2.0479e+00, 
 1DIAGNOSTIC,   100, -6.502052188848e-01, 1.988269723535e-06, 1.8483e+02, 1.7698e+00, 
XXDIAGNOSTIC,Iteration,metricValue,convergenceValue,ITERATION_TIME_INDEX,SINCE_LAST
 1DIAGNOSTIC,     1, -4.992877944429e-01, 1.797693134862e+308, 2.0337e+02, 1.8538e+01, 
 1DIAGNOSTIC,     2, -5.043288452740e-01, 1.797693134862e+308, 2.1198e+02, 8.6107e+00, 
 1DIAGNOSTIC,     3, -5.082797148188e-01, 1.797693134862e+308, 2.2065e+02, 8.6735e+00, 
 1DIAGNOSTIC,     4, -5.117943557959e-01, 1.797693134862e+308, 2.2926e+02, 8.6082e+00, 
 1DIAGNOSTIC,     5, -5.148258848335e-01, 1.797693134862e+308, 2.3759e+02, 8.3359e+00, 
 1DIAGNOSTIC,     6, -5.174373013693e-01, 1.797693134862e+308, 2.4633e+02, 8.7350e+00, 
 1DIAGNOSTIC,     7, -5.196763439525e-01, 1.797693134862e+308, 2.5515e+02, 8.8231e+00, 
 1DIAGNOSTIC,     8, -5.216107408170e-01, 1.797693134862e+308, 2.6398e+02, 8.8280e+00, 
 1DIAGNOSTIC,     9, -5.232328947863e-01, 1.797693134862e+308, 2.7272e+02, 8.7419e+00, 
 1DIAGNOSTIC,    10, -5.245833267664e-01, 3.056888943255e-03, 2.8161e+02, 8.8862e+00, 
 1DIAGNOSTIC,    11, -5.257993372157e-01, 2.372565334533e-03, 2.9015e+02, 8.5436e+00, 
 1DIAGNOSTIC,    12, -5.268586112426e-01, 1.868588928416e-03, 2.9854e+02, 8.3936e+00, 
 1DIAGNOSTIC,    13, -5.278255559077e-01, 1.480365877351e-03, 3.0682e+02, 8.2726e+00, 
 1DIAGNOSTIC,    14, -5.286772788020e-01, 1.183448103731e-03, 3.1498e+02, 8.1664e+00, 
 1DIAGNOSTIC,    15, -5.294559128089e-01, 9.565711582980e-04, 3.2322e+02, 8.2410e+00, 
 1DIAGNOSTIC,    16, -5.301732628754e-01, 7.835425697502e-04, 3.3159e+02, 8.3610e+00, 
 1DIAGNOSTIC,    17, -5.308133075625e-01, 6.506751851723e-04, 3.4003e+02, 8.4411e+00, 
 1DIAGNOSTIC,    18, -5.314231623280e-01, 5.491409174312e-04, 3.4836e+02, 8.3313e+00, 
 1DIAGNOSTIC,    19, -5.319825797298e-01, 4.696475289910e-04, 3.5664e+02, 8.2787e+00, 
 1DIAGNOSTIC,    20, -5.325687526512e-01, 4.068706927913e-04, 3.6492e+02, 8.2844e+00, 
 1DIAGNOSTIC,    21, -5.330603095506e-01, 3.561029516643e-04, 3.7323e+02, 8.3066e+00, 
 1DIAGNOSTIC,    22, -5.334980550183e-01, 3.134721930921e-04, 3.8151e+02, 8.2789e+00, 
 1DIAGNOSTIC,    23, -5.339170115373e-01, 2.777977563485e-04, 3.8978e+02, 8.2776e+00, 
 1DIAGNOSTIC,    24, -5.343291887390e-01, 2.474638766860e-04, 3.9810e+02, 8.3195e+00, 
 1DIAGNOSTIC,    25, -5.346789465413e-01, 2.206121804112e-04, 4.0648e+02, 8.3713e+00, 
 1DIAGNOSTIC,    26, -5.350362978087e-01, 1.973780118046e-04, 4.1481e+02, 8.3324e+00, 
 1DIAGNOSTIC,    27, -5.353416686539e-01, 1.761549222588e-04, 4.2336e+02, 8.5519e+00, 
 1DIAGNOSTIC,    28, -5.356431991704e-01, 1.573914109080e-04, 4.3216e+02, 8.7958e+00, 
 1DIAGNOSTIC,    29, -5.359402915801e-01, 1.409213420242e-04, 4.4045e+02, 8.2928e+00, 
 1DIAGNOSTIC,    30, -5.362116192509e-01, 1.276006677677e-04, 4.4874e+02, 8.2901e+00, 
 1DIAGNOSTIC,    31, -5.364742402721e-01, 1.161654679682e-04, 4.5703e+02, 8.2888e+00, 
 1DIAGNOSTIC,    32, -5.367166573871e-01, 1.058775794270e-04, 4.6530e+02, 8.2702e+00, 
 1DIAGNOSTIC,    33, -5.369568854548e-01, 9.691165437182e-05, 4.7358e+02, 8.2791e+00, 
 1DIAGNOSTIC,    34, -5.371789773113e-01, 8.930956390853e-05, 4.8187e+02, 8.2913e+00, 
 1DIAGNOSTIC,    35, -5.373915525161e-01, 8.228825549247e-05, 4.9013e+02, 8.2594e+00, 
 1DIAGNOSTIC,    36, -5.375945221301e-01, 7.621470188074e-05, 4.9838e+02, 8.2486e+00, 
 1DIAGNOSTIC,    37, -5.377866873254e-01, 7.045284376014e-05, 5.0661e+02, 8.2294e+00, 
 1DIAGNOSTIC,    38, -5.379566956332e-01, 6.495748778075e-05, 5.1487e+02, 8.2615e+00, 
 1DIAGNOSTIC,    39, -5.381305065717e-01, 6.005672613479e-05, 5.2314e+02, 8.2771e+00, 
 1DIAGNOSTIC,    40, -5.383135665425e-01, 5.578487669265e-05, 5.3144e+02, 8.2993e+00, 
 1DIAGNOSTIC,    41, -5.384629074976e-01, 5.180040685231e-05, 5.3996e+02, 8.5142e+00, 
 1DIAGNOSTIC,    42, -5.386126615087e-01, 4.809224004090e-05, 5.4844e+02, 8.4835e+00, 
 1DIAGNOSTIC,    43, -5.387949994828e-01, 4.525911595006e-05, 5.5674e+02, 8.3012e+00, 
 1DIAGNOSTIC,    44, -5.389112783632e-01, 4.235799342373e-05, 5.6501e+02, 8.2635e+00, 
 1DIAGNOSTIC,    45, -5.390661892747e-01, 3.994184448939e-05, 5.7339e+02, 8.3812e+00, 
 1DIAGNOSTIC,    46, -5.391857974049e-01, 3.758650731549e-05, 5.8201e+02, 8.6193e+00, 
 1DIAGNOSTIC,    47, -5.393055832524e-01, 3.532187730963e-05, 5.9073e+02, 8.7198e+00, 
 1DIAGNOSTIC,    48, -5.394362731811e-01, 3.314841501722e-05, 5.9953e+02, 8.8060e+00, 
 1DIAGNOSTIC,    49, -5.395522612171e-01, 3.107029374169e-05, 6.0818e+02, 8.6457e+00, 
 1DIAGNOSTIC,    50, -5.396681671087e-01, 2.933225481746e-05, 6.1695e+02, 8.7717e+00, 
 1DIAGNOSTIC,    51, -5.397575992726e-01, 2.738615531520e-05, 6.2567e+02, 8.7171e+00, 
 1DIAGNOSTIC,    52, -5.398754565185e-01, 2.566627771905e-05, 6.3435e+02, 8.6833e+00, 
 1DIAGNOSTIC,    53, -5.399746757054e-01, 2.441930374802e-05, 6.4291e+02, 8.5563e+00, 
 1DIAGNOSTIC,    54, -5.400888938979e-01, 2.317691717188e-05, 6.5165e+02, 8.7428e+00, 
 1DIAGNOSTIC,    55, -5.401853067342e-01, 2.222769029576e-05, 6.6077e+02, 9.1178e+00, 
 1DIAGNOSTIC,    56, -5.402671585676e-01, 2.113595541279e-05, 6.6957e+02, 8.8014e+00, 
 1DIAGNOSTIC,    57, -5.403696145207e-01, 2.016687549945e-05, 6.7842e+02, 8.8532e+00, 
 1DIAGNOSTIC,    58, -5.404335260101e-01, 1.910815641352e-05, 6.8723e+02, 8.8056e+00, 
 1DIAGNOSTIC,    59, -5.405336385629e-01, 1.823709714435e-05, 6.9605e+02, 8.8220e+00, 
 1DIAGNOSTIC,    60, -5.406059850989e-01, 1.734809220226e-05, 7.0487e+02, 8.8261e+00, 
 1DIAGNOSTIC,    61, -5.406700394466e-01, 1.619419673646e-05, 7.1369e+02, 8.8138e+00, 
 1DIAGNOSTIC,    62, -5.407684080214e-01, 1.541800679370e-05, 7.2257e+02, 8.8778e+00, 
 1DIAGNOSTIC,    63, -5.408354253376e-01, 1.461062773191e-05, 7.3143e+02, 8.8684e+00, 
 1DIAGNOSTIC,    64, -5.408967853376e-01, 1.391756016722e-05, 7.4035e+02, 8.9181e+00, 
 1DIAGNOSTIC,    65, -5.409758494071e-01, 1.338315260836e-05, 7.4919e+02, 8.8363e+00, 
 1DIAGNOSTIC,    66, -5.410371592706e-01, 1.275815931513e-05, 7.5803e+02, 8.8418e+00, 
 1DIAGNOSTIC,    67, -5.411295693582e-01, 1.250845659304e-05, 7.6691e+02, 8.8747e+00, 
 1DIAGNOSTIC,    68, -5.411597157279e-01, 1.181821584410e-05, 7.7582e+02, 8.9116e+00, 
 1DIAGNOSTIC,    69, -5.412603865586e-01, 1.160429220727e-05, 7.8489e+02, 9.0694e+00, 
 1DIAGNOSTIC,    70, -5.412851969528e-01, 1.104400108731e-05, 7.9376e+02, 8.8691e+00, 
 1DIAGNOSTIC,    71, -5.413786993545e-01, 1.064779410983e-05, 8.0254e+02, 8.7835e+00, 
 1DIAGNOSTIC,    72, -5.414227991199e-01, 1.031409477909e-05, 8.1079e+02, 8.2545e+00, 
 1DIAGNOSTIC,    73, -5.414995895129e-01, 1.008058161014e-05, 8.1901e+02, 8.2189e+00, 
 1DIAGNOSTIC,    74, -5.415535500186e-01, 9.737755700808e-06, 8.2720e+02, 8.1832e+00, 
 1DIAGNOSTIC,    75, -5.415862906826e-01, 9.291022882815e-06, 8.3538e+02, 8.1849e+00, 
 1DIAGNOSTIC,    76, -5.416672385029e-01, 8.985830592705e-06, 8.4357e+02, 8.1883e+00, 
 1DIAGNOSTIC,    77, -5.416996925373e-01, 8.712931894474e-06, 8.5172e+02, 8.1471e+00, 
 1DIAGNOSTIC,    78, -5.417367910796e-01, 8.090037096811e-06, 8.5987e+02, 8.1549e+00, 
 1DIAGNOSTIC,    79, -5.418090333396e-01, 7.908353980854e-06, 8.6805e+02, 8.1774e+00, 
 1DIAGNOSTIC,    80, -5.418199619681e-01, 7.224083642081e-06, 8.7624e+02, 8.1881e+00, 
 1DIAGNOSTIC,    81, -5.418847060003e-01, 6.936750091226e-06, 8.8444e+02, 8.2040e+00, 
 1DIAGNOSTIC,    82, -5.419156890255e-01, 6.494733524959e-06, 8.9261e+02, 8.1707e+00, 
 1DIAGNOSTIC,    83, -5.419687066155e-01, 6.299696180852e-06, 9.0127e+02, 8.6599e+00, 
 1DIAGNOSTIC,    84, -5.420181085953e-01, 6.185803576537e-06, 9.0950e+02, 8.2320e+00, 
 1DIAGNOSTIC,    85, -5.420534405278e-01, 5.924772367183e-06, 9.1772e+02, 8.2188e+00, 
 1DIAGNOSTIC,    86, -5.420910386268e-01, 5.865039239926e-06, 9.2594e+02, 8.2229e+00, 
 1DIAGNOSTIC,    87, -5.421168641522e-01, 5.626477394884e-06, 9.3414e+02, 8.1946e+00, 
 1DIAGNOSTIC,    88, -5.421707605242e-01, 5.423225669527e-06, 9.4235e+02, 8.2104e+00, 
 1DIAGNOSTIC,    89, -5.421875093328e-01, 5.261386807537e-06, 9.5058e+02, 8.2292e+00, 
 1DIAGNOSTIC,    90, -5.422288696030e-01, 4.932012969821e-06, 9.5878e+02, 8.2055e+00, 
 1DIAGNOSTIC,    91, -5.422636919132e-01, 4.745639850711e-06, 9.6695e+02, 8.1615e+00, 
 1DIAGNOSTIC,    92, -5.422900666071e-01, 4.461445402211e-06, 9.7518e+02, 8.2382e+00, 
 1DIAGNOSTIC,    93, -5.423429357669e-01, 4.383256024889e-06, 9.8347e+02, 8.2821e+00, 
 1DIAGNOSTIC,    94, -5.423359431515e-01, 4.147466086809e-06, 9.9163e+02, 8.1652e+00, 
 1DIAGNOSTIC,    95, -5.424049952314e-01, 4.133860231645e-06, 9.9985e+02, 8.2168e+00, 
 1DIAGNOSTIC,    96, -5.423980925517e-01, 3.912529951884e-06, 1.0081e+03, 8.2612e+00, 
 1DIAGNOSTIC,    97, -5.424525473330e-01, 3.785436022901e-06, 1.0163e+03, 8.2240e+00, 
 1DIAGNOSTIC,    98, -5.424700966946e-01, 3.708269270068e-06, 1.0248e+03, 8.4493e+00, 
 1DIAGNOSTIC,    99, -5.424837808558e-01, 3.464984937272e-06, 1.0330e+03, 8.1681e+00, 
 1DIAGNOSTIC,   100, -5.425412966671e-01, 3.445422771423e-06, 1.0414e+03, 8.4104e+00, 
XXDIAGNOSTIC,Iteration,metricValue,convergenceValue,ITERATION_TIME_INDEX,SINCE_LAST
 1DIAGNOSTIC,     1, -4.635843040803e-01, 1.797693134862e+308, 1.0792e+03, 3.7809e+01, 
 1DIAGNOSTIC,     2, -4.660274496113e-01, 1.797693134862e+308, 1.1076e+03, 2.8414e+01, 
 1DIAGNOSTIC,     3, -4.681322317946e-01, 1.797693134862e+308, 1.1358e+03, 2.8184e+01, 
 1DIAGNOSTIC,     4, -4.702101182630e-01, 1.797693134862e+308, 1.1635e+03, 2.7767e+01, 
 1DIAGNOSTIC,     5, -4.721889551439e-01, 1.797693134862e+308, 1.1916e+03, 2.8113e+01, 
 1DIAGNOSTIC,     6, -4.739892001593e-01, 1.797693134862e+308, 1.2202e+03, 2.8538e+01, 
 1DIAGNOSTIC,     7, -4.755608027777e-01, 1.797693134862e+308, 1.2487e+03, 2.8495e+01, 
 1DIAGNOSTIC,     8, -4.769833831389e-01, 1.797693134862e+308, 1.2769e+03, 2.8191e+01, 
 1DIAGNOSTIC,     9, -4.781477928439e-01, 1.797693134862e+308, 1.3051e+03, 2.8236e+01, 
 1DIAGNOSTIC,    10, -4.792079865760e-01, 2.122228619723e-03, 1.3331e+03, 2.8010e+01, 
 1DIAGNOSTIC,    11, -4.801360791508e-01, 1.742593059519e-03, 1.3607e+03, 2.7613e+01, 
 1DIAGNOSTIC,    12, -4.810794515229e-01, 1.438557781536e-03, 1.3899e+03, 2.9193e+01, 
 1DIAGNOSTIC,    13, -4.818241166820e-01, 1.181852998213e-03, 1.4190e+03, 2.9072e+01, 
 1DIAGNOSTIC,    14, -4.826188778121e-01, 9.766080480599e-04, 1.4476e+03, 2.8647e+01, 
 1DIAGNOSTIC,    15, -4.832560067052e-01, 8.131151119150e-04, 1.4760e+03, 2.8394e+01, 
 1DIAGNOSTIC,    16, -4.839574700711e-01, 6.883006178414e-04, 1.5041e+03, 2.8048e+01, 
 1DIAGNOSTIC,    17, -4.844899092555e-01, 5.879682635623e-04, 1.5320e+03, 2.7949e+01, 
 1DIAGNOSTIC,    18, -4.851042734867e-01, 5.115631004705e-04, 1.5611e+03, 2.9031e+01, 
 1DIAGNOSTIC,    19, -4.854839829994e-01, 4.437963542283e-04, 1.5891e+03, 2.8063e+01, 
 1DIAGNOSTIC,    20, -4.859552111635e-01, 3.869634690066e-04, 1.6170e+03, 2.7898e+01, 
 1DIAGNOSTIC,    21, -4.863854372591e-01, 3.376094833609e-04, 1.6447e+03, 2.7722e+01, 
 1DIAGNOSTIC,    22, -4.867891807544e-01, 2.973799750796e-04, 1.6737e+03, 2.8940e+01, 
 1DIAGNOSTIC,    23, -4.871173039869e-01, 2.602877966398e-04, 1.7024e+03, 2.8709e+01, 
 1DIAGNOSTIC,    24, -4.874944521603e-01, 2.308015164162e-04, 1.7311e+03, 2.8711e+01, 
 1DIAGNOSTIC,    25, -4.877663763262e-01, 2.033642262288e-04, 1.7590e+03, 2.7943e+01, 
 1DIAGNOSTIC,    26, -4.881471989397e-01, 1.834868785108e-04, 1.7869e+03, 2.7840e+01, 
 1DIAGNOSTIC,    27, -4.883786065378e-01, 1.643244605732e-04, 1.8147e+03, 2.7789e+01, 
 1DIAGNOSTIC,    28, -4.887299528971e-01, 1.514747595784e-04, 1.8424e+03, 2.7755e+01, 
 1DIAGNOSTIC,    29, -4.889144303932e-01, 1.365991782976e-04, 1.8701e+03, 2.7624e+01, 
 1DIAGNOSTIC,    30, -4.892397079702e-01, 1.254706172517e-04, 1.8977e+03, 2.7632e+01, 
 1DIAGNOSTIC,    31, -4.893942125031e-01, 1.142233182756e-04, 1.9253e+03, 2.7652e+01, 
 1DIAGNOSTIC,    32, -4.896976807829e-01, 1.059224939667e-04, 1.9529e+03, 2.7595e+01, 
 1DIAGNOSTIC,    33, -4.898485284673e-01, 9.655951220032e-05, 1.9804e+03, 2.7504e+01, 
 1DIAGNOSTIC,    34, -4.902056384280e-01, 9.135581937457e-05, 2.0081e+03, 2.7704e+01, 
 1DIAGNOSTIC,    35, -4.902877149514e-01, 8.361335534812e-05, 2.0357e+03, 2.7532e+01, 
 1DIAGNOSTIC,    36, -4.905950865455e-01, 7.970288053946e-05, 2.0631e+03, 2.7433e+01, 
 1DIAGNOSTIC,    37, -4.906801311900e-01, 7.337199045715e-05, 2.0905e+03, 2.7441e+01, 
 1DIAGNOSTIC,    38, -4.909793219489e-01, 7.052771919286e-05, 2.1181e+03, 2.7589e+01, 
 1DIAGNOSTIC,    39, -4.910017217325e-01, 6.413281846376e-05, 2.1458e+03, 2.7705e+01, 
 1DIAGNOSTIC,    40, -4.913465464393e-01, 6.190514725437e-05, 2.1737e+03, 2.7811e+01, 
 1DIAGNOSTIC,    41, -4.913604522393e-01, 5.620699934157e-05, 2.2012e+03, 2.7520e+01, 
 1DIAGNOSTIC,    42, -4.916831987389e-01, 5.427474264710e-05, 2.2285e+03, 2.7304e+01, 
 1DIAGNOSTIC,    43, -4.916989815113e-01, 4.941952902348e-05, 2.2559e+03, 2.7458e+01, 
 1DIAGNOSTIC,    44, -4.919244331199e-01, 4.795567852939e-05, 2.2833e+03, 2.7316e+01, 
 1DIAGNOSTIC,    45, -4.920152352448e-01, 4.416827344507e-05, 2.3107e+03, 2.7469e+01, 
 1DIAGNOSTIC,    46, -4.922430896064e-01, 4.320443719701e-05, 2.3380e+03, 2.7290e+01, 
 1DIAGNOSTIC,    47, -4.922705772395e-01, 3.949376935277e-05, 2.3654e+03, 2.7425e+01, 
 1DIAGNOSTIC,    48, -4.924698299004e-01, 3.836936511887e-05, 2.3927e+03, 2.7291e+01, 
 1DIAGNOSTIC,    49, -4.925407005279e-01, 3.467242995131e-05, 2.4201e+03, 2.7323e+01, 
 1DIAGNOSTIC,    50, -4.927180139224e-01, 3.399791831595e-05, 2.4473e+03, 2.7297e+01, 
 1DIAGNOSTIC,    51, -4.927450459923e-01, 3.050058662431e-05, 2.4748e+03, 2.7408e+01, 
 1DIAGNOSTIC,    52, -4.929243702926e-01, 2.997402318973e-05, 2.5020e+03, 2.7285e+01, 
 1DIAGNOSTIC,    53, -4.929916130244e-01, 2.748746065219e-05, 2.5294e+03, 2.7339e+01, 
 1DIAGNOSTIC,    54, -4.931616884385e-01, 2.678492863792e-05, 2.5566e+03, 2.7180e+01, 
 1DIAGNOSTIC,    55, -4.932014703456e-01, 2.490350159673e-05, 2.5840e+03, 2.7465e+01, 
 1DIAGNOSTIC,    56, -4.933326442901e-01, 2.453442506239e-05, 2.6113e+03, 2.7248e+01, 
 1DIAGNOSTIC,    57, -4.934385182649e-01, 2.318430648231e-05, 2.6386e+03, 2.7282e+01, 
 1DIAGNOSTIC,    58, -4.935187612307e-01, 2.249656500054e-05, 2.6658e+03, 2.7251e+01, 
 1DIAGNOSTIC,    59, -4.936037468508e-01, 2.122709534725e-05, 2.6931e+03, 2.7266e+01, 
 1DIAGNOSTIC,    60, -4.937105077267e-01, 2.078645452672e-05, 2.7204e+03, 2.7326e+01, 
 1DIAGNOSTIC,    61, -4.938237344053e-01, 1.970712983775e-05, 2.7483e+03, 2.7947e+01, 
 1DIAGNOSTIC,    62, -4.938966535975e-01, 1.917069843808e-05, 2.7756e+03, 2.7250e+01, 
 1DIAGNOSTIC,    63, -4.940420602705e-01, 1.879597360747e-05, 2.8027e+03, 2.7109e+01, 
 1DIAGNOSTIC,    64, -4.940642356563e-01, 1.841315649037e-05, 2.8298e+03, 2.7136e+01, 
 1DIAGNOSTIC,    65, -4.942181804875e-01, 1.804380660211e-05, 2.8570e+03, 2.7165e+01, 
 1DIAGNOSTIC,    66, -4.942627251622e-01, 1.750420693316e-05, 2.8841e+03, 2.7070e+01, 
 1DIAGNOSTIC,    67, -4.943680888958e-01, 1.717334110182e-05, 2.9118e+03, 2.7758e+01, 
 1DIAGNOSTIC,    68, -4.944251115235e-01, 1.640302086413e-05, 2.9402e+03, 2.8385e+01, 
 1DIAGNOSTIC,    69, -4.945527285424e-01, 1.590226948397e-05, 2.9676e+03, 2.7399e+01, 
 1DIAGNOSTIC,    70, -4.945811804650e-01, 1.501981446005e-05, 2.9947e+03, 2.7101e+01, 
slurmstepd: error: Job 6244934 exceeded memory limit (6157536 > 6144000), being killed
slurmstepd: error: Exceeded job memory limit
slurmstepd: error: *** JOB 6244934 ON wbic-csm-2 CANCELLED AT 2021-02-05T17:06:04 ***
