Changed directory to /lustre/scratch/wbic-beta/ccn30/ENCRYPT/fMRI/gridcellpilot/scripts/coregistration/slurmoutputs.

JobID: 6250749
======
Time: Wed Feb 10 14:43:21 GMT 2021
Running on master node: wbic-cs-16
Current directory: /lustre/scratch/wbic-beta/ccn30/ENCRYPT/fMRI/gridcellpilot/scripts/coregistration/slurmoutputs

Nodes allocated:
================
wbic-cs-16

numtasks=1, numnodes=1, mpi_tasks_per_node=1 (OMP_NUM_THREADS=1)

Executing command:
==================
/lustre/scratch/wbic-beta/ccn30/ENCRYPT/fMRI/gridcellpilot/scripts/coregistration/coreg_MasksxEPI.sh 29332/20190903_U-ID46058

******** starting 29332 ********

--------------------------------------------------------------------------------------
 Mapping parameters
--------------------------------------------------------------------------------------
 ANTSPATH is /applications/ANTS/ANTs-2.3.4/install/bin/

 Dimensionality:           3
 Output name prefix:       /lustre/scratch/wbic-beta/ccn30/ENCRYPT/fMRI/gridcellpilot/preprocessed_data/segmentation/29332/coregistration/T1xStudyTemplate_
 Fixed images:             /home/ccn30/ENCRYPT/atlases/templates/ECtemplatemasks2015/Study_template_wholeBrain.nii
 Moving images:            /lustre/scratch/wbic-beta/ccn30/ENCRYPT/fMRI/gridcellpilot/raw_data/images/29332/20190903_U-ID46058/mp2rage/denoiseRn4mag0000_PSIR_skulled_std.nii
 Mask images:              
 Initial transforms:       
 Number of threads:        1
 Spline distance:          26
 Transform type:           s
 MI histogram bins:        32
 Precision:                d
 Use histogram matching    0
======================================================================================
 antsRegistration call:
--------------------------------------------------------------------------------------
/applications/ANTS/ANTs-2.3.4/install/bin//antsRegistration --verbose 1 --dimensionality 3 --float 0 --collapse-output-transforms 1 --output [ /lustre/scratch/wbic-beta/ccn30/ENCRYPT/fMRI/gridcellpilot/preprocessed_data/segmentation/29332/coregistration/T1xStudyTemplate_,/lustre/scratch/wbic-beta/ccn30/ENCRYPT/fMRI/gridcellpilot/preprocessed_data/segmentation/29332/coregistration/T1xStudyTemplate_Warped.nii.gz,/lustre/scratch/wbic-beta/ccn30/ENCRYPT/fMRI/gridcellpilot/preprocessed_data/segmentation/29332/coregistration/T1xStudyTemplate_InverseWarped.nii.gz ] --interpolation Linear --use-histogram-matching 0 --winsorize-image-intensities [ 0.005,0.995 ] --initial-moving-transform [ /home/ccn30/ENCRYPT/atlases/templates/ECtemplatemasks2015/Study_template_wholeBrain.nii,/lustre/scratch/wbic-beta/ccn30/ENCRYPT/fMRI/gridcellpilot/raw_data/images/29332/20190903_U-ID46058/mp2rage/denoiseRn4mag0000_PSIR_skulled_std.nii,1 ] --transform Rigid[ 0.1 ] --metric MI[ /home/ccn30/ENCRYPT/atlases/templates/ECtemplatemasks2015/Study_template_wholeBrain.nii,/lustre/scratch/wbic-beta/ccn30/ENCRYPT/fMRI/gridcellpilot/raw_data/images/29332/20190903_U-ID46058/mp2rage/denoiseRn4mag0000_PSIR_skulled_std.nii,1,32,Regular,0.25 ] --convergence [ 1000x500x250x0,1e-6,10 ] --shrink-factors 12x8x4x2 --smoothing-sigmas 4x3x2x1vox --transform Affine[ 0.1 ] --metric MI[ /home/ccn30/ENCRYPT/atlases/templates/ECtemplatemasks2015/Study_template_wholeBrain.nii,/lustre/scratch/wbic-beta/ccn30/ENCRYPT/fMRI/gridcellpilot/raw_data/images/29332/20190903_U-ID46058/mp2rage/denoiseRn4mag0000_PSIR_skulled_std.nii,1,32,Regular,0.25 ] --convergence [ 1000x500x250x0,1e-6,10 ] --shrink-factors 12x8x4x2 --smoothing-sigmas 4x3x2x1vox --transform SyN[ 0.1,3,0 ] --metric MI[ /home/ccn30/ENCRYPT/atlases/templates/ECtemplatemasks2015/Study_template_wholeBrain.nii,/lustre/scratch/wbic-beta/ccn30/ENCRYPT/fMRI/gridcellpilot/raw_data/images/29332/20190903_U-ID46058/mp2rage/denoiseRn4mag0000_PSIR_skulled_std.nii,1,32] --convergence [ 100x100x70x50x0,1e-6,10 ] --shrink-factors 10x6x4x2x1 --smoothing-sigmas 5x3x2x1x0vox
--------------------------------------------------------------------------------------
All_Command_lines_OK
Using double precision for computations.
=============================================================================
The composite transform comprises the following transforms (in order): 
  1. Center of mass alignment using fixed image: /home/ccn30/ENCRYPT/atlases/templates/ECtemplatemasks2015/Study_template_wholeBrain.nii and moving image: /lustre/scratch/wbic-beta/ccn30/ENCRYPT/fMRI/gridcellpilot/raw_data/images/29332/20190903_U-ID46058/mp2rage/denoiseRn4mag0000_PSIR_skulled_std.nii (type = Euler3DTransform)
=============================================================================
  number of levels = 4
  number of levels = 4
  number of levels = 5
  fixed image: /home/ccn30/ENCRYPT/atlases/templates/ECtemplatemasks2015/Study_template_wholeBrain.nii
  moving image: /lustre/scratch/wbic-beta/ccn30/ENCRYPT/fMRI/gridcellpilot/raw_data/images/29332/20190903_U-ID46058/mp2rage/denoiseRn4mag0000_PSIR_skulled_std.nii
  fixed image: /home/ccn30/ENCRYPT/atlases/templates/ECtemplatemasks2015/Study_template_wholeBrain.nii
  moving image: /lustre/scratch/wbic-beta/ccn30/ENCRYPT/fMRI/gridcellpilot/raw_data/images/29332/20190903_U-ID46058/mp2rage/denoiseRn4mag0000_PSIR_skulled_std.nii
  fixed image: /home/ccn30/ENCRYPT/atlases/templates/ECtemplatemasks2015/Study_template_wholeBrain.nii
  moving image: /lustre/scratch/wbic-beta/ccn30/ENCRYPT/fMRI/gridcellpilot/raw_data/images/29332/20190903_U-ID46058/mp2rage/denoiseRn4mag0000_PSIR_skulled_std.nii
Dimension = 3
Number of stages = 3
Use Histogram Matching false
Winsorize image intensities true
Lower quantile = 0.005
Upper quantile = 0.995
Stage 1 State
   Image metric = Mattes
     Fixed image = Image (0x3a5cf20)
  RTTI typeinfo:   itk::Image<double, 3u>
  Reference Count: 2
  Modified Time: 1735
  Debug: Off
  Object Name: 
  Observers: 
    none
  Source: (none)
  Source output name: (none)
  Release Data: Off
  Data Released: False
  Global Release Data: Off
  PipelineMTime: 0
  UpdateMTime: 1518
  RealTimeStamp: 0 seconds 
  LargestPossibleRegion: 
    Dimension: 3
    Index: [0, 0, 0]
    Size: [384, 384, 288]
  BufferedRegion: 
    Dimension: 3
    Index: [0, 0, 0]
    Size: [384, 384, 288]
  RequestedRegion: 
    Dimension: 3
    Index: [0, 0, 0]
    Size: [384, 384, 288]
  Spacing: [0.598958, 0.598958, 0.599937]
  Origin: [85.9044, -155.274, 91.0901]
  Direction: 
-0 0 -1
1 -0 0
0 -1 0

  IndexToPointMatrix: 
0 0 -0.599937
0.598958 0 0
0 -0.598958 0

  PointToIndexMatrix: 
0 1.66957 0
0 0 -1.66957
-1.66684 0 0

  Inverse Direction: 
0 1 0
0 0 -1
-1 0 0

  PixelContainer: 
    ImportImageContainer (0x3a63590)
      RTTI typeinfo:   itk::ImportImageContainer<unsigned long, double>
      Reference Count: 1
      Modified Time: 1515
      Debug: Off
      Object Name: 
      Observers: 
        none
      Pointer: 0x2b8a39198010
      Container manages memory: true
      Size: 42467328
      Capacity: 42467328

     Moving image = Image (0x3a58470)
  RTTI typeinfo:   itk::Image<double, 3u>
  Reference Count: 2
  Modified Time: 1736
  Debug: Off
  Object Name: 
  Observers: 
    none
  Source: (none)
  Source output name: (none)
  Release Data: Off
  Data Released: False
  Global Release Data: Off
  PipelineMTime: 0
  UpdateMTime: 1733
  RealTimeStamp: 0 seconds 
  LargestPossibleRegion: 
    Dimension: 3
    Index: [0, 0, 0]
    Size: [224, 320, 320]
  BufferedRegion: 
    Dimension: 3
    Index: [0, 0, 0]
    Size: [224, 320, 320]
  RequestedRegion: 
    Dimension: 3
    Index: [0, 0, 0]
    Size: [224, 320, 320]
  Spacing: [0.699997, 0.7, 0.7]
  Origin: [-80.5294, 73.4889, -115.639]
  Direction: 
1 0 0
0 -1 0
0 0 1

  IndexToPointMatrix: 
0.699997 0 0
0 -0.7 0
0 0 0.7

  PointToIndexMatrix: 
1.42858 0 0
0 -1.42857 0
0 0 1.42857

  Inverse Direction: 
1 0 0
0 -1 0
0 0 1

  PixelContainer: 
    ImportImageContainer (0x3a69460)
      RTTI typeinfo:   itk::ImportImageContainer<unsigned long, double>
      Reference Count: 1
      Modified Time: 1730
      Debug: Off
      Object Name: 
      Observers: 
        none
      Pointer: 0x2b8a4d599010
      Container manages memory: true
      Size: 22937600
      Capacity: 22937600

     Weighting = 1
     Sampling strategy = regular
     Number of bins = 32
     Radius = 4
     Sampling percentage  = 0.25
   Transform = Rigid
     Gradient step = 0.1
     Update field sigma (voxel space) = 0
     Total field sigma (voxel space) = 0
     Update field time sigma = 0
     Total field time sigma  = 0
     Number of time indices = 0
     Number of time point samples = 0
Stage 2 State
   Image metric = Mattes
     Fixed image = Image (0x3a5c270)
  RTTI typeinfo:   itk::Image<double, 3u>
  Reference Count: 2
  Modified Time: 2167
  Debug: Off
  Object Name: 
  Observers: 
    none
  Source: (none)
  Source output name: (none)
  Release Data: Off
  Data Released: False
  Global Release Data: Off
  PipelineMTime: 0
  UpdateMTime: 1950
  RealTimeStamp: 0 seconds 
  LargestPossibleRegion: 
    Dimension: 3
    Index: [0, 0, 0]
    Size: [384, 384, 288]
  BufferedRegion: 
    Dimension: 3
    Index: [0, 0, 0]
    Size: [384, 384, 288]
  RequestedRegion: 
    Dimension: 3
    Index: [0, 0, 0]
    Size: [384, 384, 288]
  Spacing: [0.598958, 0.598958, 0.599937]
  Origin: [85.9044, -155.274, 91.0901]
  Direction: 
-0 0 -1
1 -0 0
0 -1 0

  IndexToPointMatrix: 
0 0 -0.599937
0.598958 0 0
0 -0.598958 0

  PointToIndexMatrix: 
0 1.66957 0
0 0 -1.66957
-1.66684 0 0

  Inverse Direction: 
0 1 0
0 0 -1
-1 0 0

  PixelContainer: 
    ImportImageContainer (0x3a61b50)
      RTTI typeinfo:   itk::ImportImageContainer<unsigned long, double>
      Reference Count: 1
      Modified Time: 1947
      Debug: Off
      Object Name: 
      Observers: 
        none
      Pointer: 0x2b8a5849a010
      Container manages memory: true
      Size: 42467328
      Capacity: 42467328

     Moving image = Image (0x3a62650)
  RTTI typeinfo:   itk::Image<double, 3u>
  Reference Count: 2
  Modified Time: 2168
  Debug: Off
  Object Name: 
  Observers: 
    none
  Source: (none)
  Source output name: (none)
  Release Data: Off
  Data Released: False
  Global Release Data: Off
  PipelineMTime: 0
  UpdateMTime: 2165
  RealTimeStamp: 0 seconds 
  LargestPossibleRegion: 
    Dimension: 3
    Index: [0, 0, 0]
    Size: [224, 320, 320]
  BufferedRegion: 
    Dimension: 3
    Index: [0, 0, 0]
    Size: [224, 320, 320]
  RequestedRegion: 
    Dimension: 3
    Index: [0, 0, 0]
    Size: [224, 320, 320]
  Spacing: [0.699997, 0.7, 0.7]
  Origin: [-80.5294, 73.4889, -115.639]
  Direction: 
1 0 0
0 -1 0
0 0 1

  IndexToPointMatrix: 
0.699997 0 0
0 -0.7 0
0 0 0.7

  PointToIndexMatrix: 
1.42858 0 0
0 -1.42857 0
0 0 1.42857

  Inverse Direction: 
1 0 0
0 -1 0
0 0 1

  PixelContainer: 
    ImportImageContainer (0x3a5c500)
      RTTI typeinfo:   itk::ImportImageContainer<unsigned long, double>
      Reference Count: 1
      Modified Time: 2162
      Debug: Off
      Object Name: 
      Observers: 
        none
      Pointer: 0x2b8a6c89b010
      Container manages memory: true
      Size: 22937600
      Capacity: 22937600

     Weighting = 1
     Sampling strategy = regular
     Number of bins = 32
     Radius = 4
     Sampling percentage  = 0.25
   Transform = Affine
     Gradient step = 0.1
     Update field sigma (voxel space) = 0
     Total field sigma (voxel space) = 0
     Update field time sigma = 0
     Total field time sigma  = 0
     Number of time indices = 0
     Number of time point samples = 0
Stage 3 State
   Image metric = Mattes
     Fixed image = Image (0x3a5e180)
  RTTI typeinfo:   itk::Image<double, 3u>
  Reference Count: 2
  Modified Time: 2599
  Debug: Off
  Object Name: 
  Observers: 
    none
  Source: (none)
  Source output name: (none)
  Release Data: Off
  Data Released: False
  Global Release Data: Off
  PipelineMTime: 0
  UpdateMTime: 2382
  RealTimeStamp: 0 seconds 
  LargestPossibleRegion: 
    Dimension: 3
    Index: [0, 0, 0]
    Size: [384, 384, 288]
  BufferedRegion: 
    Dimension: 3
    Index: [0, 0, 0]
    Size: [384, 384, 288]
  RequestedRegion: 
    Dimension: 3
    Index: [0, 0, 0]
    Size: [384, 384, 288]
  Spacing: [0.598958, 0.598958, 0.599937]
  Origin: [85.9044, -155.274, 91.0901]
  Direction: 
-0 0 -1
1 -0 0
0 -1 0

  IndexToPointMatrix: 
0 0 -0.599937
0.598958 0 0
0 -0.598958 0

  PointToIndexMatrix: 
0 1.66957 0
0 0 -1.66957
-1.66684 0 0

  Inverse Direction: 
0 1 0
0 0 -1
-1 0 0

  PixelContainer: 
    ImportImageContainer (0x3a6cef0)
      RTTI typeinfo:   itk::ImportImageContainer<unsigned long, double>
      Reference Count: 1
      Modified Time: 2379
      Debug: Off
      Object Name: 
      Observers: 
        none
      Pointer: 0x2b8a7779c010
      Container manages memory: true
      Size: 42467328
      Capacity: 42467328

     Moving image = Image (0x3a6fa00)
  RTTI typeinfo:   itk::Image<double, 3u>
  Reference Count: 2
  Modified Time: 2600
  Debug: Off
  Object Name: 
  Observers: 
    none
  Source: (none)
  Source output name: (none)
  Release Data: Off
  Data Released: False
  Global Release Data: Off
  PipelineMTime: 0
  UpdateMTime: 2597
  RealTimeStamp: 0 seconds 
  LargestPossibleRegion: 
    Dimension: 3
    Index: [0, 0, 0]
    Size: [224, 320, 320]
  BufferedRegion: 
    Dimension: 3
    Index: [0, 0, 0]
    Size: [224, 320, 320]
  RequestedRegion: 
    Dimension: 3
    Index: [0, 0, 0]
    Size: [224, 320, 320]
  Spacing: [0.699997, 0.7, 0.7]
  Origin: [-80.5294, 73.4889, -115.639]
  Direction: 
1 0 0
0 -1 0
0 0 1

  IndexToPointMatrix: 
0.699997 0 0
0 -0.7 0
0 0 0.7

  PointToIndexMatrix: 
1.42858 0 0
0 -1.42857 0
0 0 1.42857

  Inverse Direction: 
1 0 0
0 -1 0
0 0 1

  PixelContainer: 
    ImportImageContainer (0x3a74b20)
      RTTI typeinfo:   itk::ImportImageContainer<unsigned long, double>
      Reference Count: 1
      Modified Time: 2594
      Debug: Off
      Object Name: 
      Observers: 
        none
      Pointer: 0x2b8a8bb9d010
      Container manages memory: true
      Size: 22937600
      Capacity: 22937600

     Weighting = 1
     Sampling strategy = none
     Number of bins = 32
     Radius = 4
     Sampling percentage  = 1
   Transform = SyN
     Gradient step = 0.1
     Update field sigma (voxel space) = 3
     Total field sigma (voxel space) = 0
     Update field time sigma = 0
     Total field time sigma  = 0
     Number of time indices = 0
     Number of time point samples = 0
Registration using 3 total stages.

Stage 0
  iterations = 1000x500x250x0
  convergence threshold = 1e-06
  convergence window size = 10
  number of levels = 4
  using the Mattes MI metric (number of bins = 32, weight = 1)
  preprocessing:  winsorizing the image intensities
  Shrink factors (level 1 out of 4): [12, 12, 12]
  Shrink factors (level 2 out of 4): [8, 8, 8]
  Shrink factors (level 3 out of 4): [4, 4, 4]
  Shrink factors (level 4 out of 4): [2, 2, 2]
  smoothing sigmas per level: [4, 3, 2, 1]
  regular sampling (percentage = 0.25)

*** Running Euler3DTransform registration ***

DIAGNOSTIC,Iteration,metricValue,convergenceValue,ITERATION_TIME_INDEX,SINCE_LAST
 2DIAGNOSTIC,     1, -5.252425312988e-01, 1.797693134862e+308, 8.9384e+00, 8.9384e+00, 
 2DIAGNOSTIC,     2, -5.281294515885e-01, 1.797693134862e+308, 8.9555e+00, 1.7087e-02, 
 2DIAGNOSTIC,     3, -5.326902067613e-01, 1.797693134862e+308, 8.9728e+00, 1.7356e-02, 
 2DIAGNOSTIC,     4, -5.395434895013e-01, 1.797693134862e+308, 8.9909e+00, 1.8130e-02, 
 2DIAGNOSTIC,     5, -5.530579995788e-01, 1.797693134862e+308, 9.0093e+00, 1.8329e-02, 
 2DIAGNOSTIC,     6, -5.715853661338e-01, 1.797693134862e+308, 9.0280e+00, 1.8749e-02, 
 2DIAGNOSTIC,     7, -5.905190062278e-01, 1.797693134862e+308, 9.0474e+00, 1.9338e-02, 
 2DIAGNOSTIC,     8, -6.010274456581e-01, 1.797693134862e+308, 9.0700e+00, 2.2675e-02, 
 2DIAGNOSTIC,     9, -6.061144608250e-01, 1.797693134862e+308, 9.0935e+00, 2.3454e-02, 
 2DIAGNOSTIC,    10, -6.100605951423e-01, 1.144527461994e-02, 9.1158e+00, 2.2304e-02, 
 2DIAGNOSTIC,    11, -6.141484405529e-01, 1.023799475227e-02, 9.1379e+00, 2.2126e-02, 
 2DIAGNOSTIC,    12, -6.240854267790e-01, 8.840686995089e-03, 9.1599e+00, 2.1958e-02, 
 2DIAGNOSTIC,    13, -6.405436945921e-01, 7.653734821855e-03, 9.1811e+00, 2.1209e-02, 
 2DIAGNOSTIC,    14, -6.413697568965e-01, 6.219511923574e-03, 9.2021e+00, 2.1044e-02, 
 2DIAGNOSTIC,    15, -6.399125140017e-01, 4.822682715853e-03, 9.2203e+00, 1.8206e-02, 
 2DIAGNOSTIC,    16, -6.410646362443e-01, 3.762123661694e-03, 9.2382e+00, 1.7886e-02, 
 2DIAGNOSTIC,    17, -6.422229999380e-01, 3.043898320197e-03, 9.2590e+00, 2.0792e-02, 
 2DIAGNOSTIC,    18, -6.433928445736e-01, 2.430069463546e-03, 9.2800e+00, 2.0975e-02, 
 2DIAGNOSTIC,    19, -6.434842495852e-01, 1.791405886798e-03, 9.3011e+00, 2.1112e-02, 
 2DIAGNOSTIC,    20, -6.442472400424e-01, 1.174054842860e-03, 9.3247e+00, 2.3637e-02, 
 2DIAGNOSTIC,    21, -6.439320346144e-01, 5.931186047700e-04, 9.3453e+00, 2.0577e-02, 
 2DIAGNOSTIC,    22, -6.441104367423e-01, 2.185646624720e-04, 9.3684e+00, 2.3116e-02, 
 2DIAGNOSTIC,    23, -6.441214159507e-01, 1.926166818947e-04, 9.3861e+00, 1.7667e-02, 
 2DIAGNOSTIC,    24, -6.441203505487e-01, 1.683493235045e-04, 9.4065e+00, 2.0376e-02, 
 2DIAGNOSTIC,    25, -6.440695352533e-01, 1.022248341050e-04, 9.4240e+00, 1.7492e-02, 
 2DIAGNOSTIC,    26, -6.440301352831e-01, 5.162992370258e-05, 9.4449e+00, 2.0919e-02, 
 2DIAGNOSTIC,    27, -6.440039133473e-01, 1.932818067659e-05, 9.4653e+00, 2.0377e-02, 
 2DIAGNOSTIC,    28, -6.440012982591e-01, 7.049041030507e-06, 9.4830e+00, 1.7767e-02, 
DIAGNOSTIC,Iteration,metricValue,convergenceValue,ITERATION_TIME_INDEX,SINCE_LAST
 2DIAGNOSTIC,     1, -5.560899912582e-01, 1.797693134862e+308, 1.8424e+01, 8.9414e+00, 
 2DIAGNOSTIC,     2, -5.563596850445e-01, 1.797693134862e+308, 1.8489e+01, 6.4680e-02, 
 2DIAGNOSTIC,     3, -5.564926153587e-01, 1.797693134862e+308, 1.8553e+01, 6.4197e-02, 
 2DIAGNOSTIC,     4, -5.570112412869e-01, 1.797693134862e+308, 1.8621e+01, 6.7969e-02, 
 2DIAGNOSTIC,     5, -5.579128311935e-01, 1.797693134862e+308, 1.8705e+01, 8.3282e-02, 
 2DIAGNOSTIC,     6, -5.578261800360e-01, 1.797693134862e+308, 1.8777e+01, 7.2781e-02, 
 2DIAGNOSTIC,     7, -5.578373916488e-01, 1.797693134862e+308, 1.8869e+01, 9.1761e-02, 
 2DIAGNOSTIC,     8, -5.578604065861e-01, 1.797693134862e+308, 1.8944e+01, 7.5218e-02, 
 2DIAGNOSTIC,     9, -5.576204199001e-01, 1.797693134862e+308, 1.9016e+01, 7.1804e-02, 
 2DIAGNOSTIC,    10, -5.575894101586e-01, 2.037470482073e-04, 1.9078e+01, 6.2272e-02, 
 2DIAGNOSTIC,    11, -5.574535843195e-01, 1.168175399928e-04, 1.9149e+01, 7.0459e-02, 
 2DIAGNOSTIC,    12, -5.574739012753e-01, 4.720457719776e-05, 1.9223e+01, 7.4457e-02, 
DIAGNOSTIC,Iteration,metricValue,convergenceValue,ITERATION_TIME_INDEX,SINCE_LAST
 2DIAGNOSTIC,     1, -4.910757679384e-01, 1.797693134862e+308, 2.8851e+01, 9.6280e+00, 
 2DIAGNOSTIC,     2, -4.913330486915e-01, 1.797693134862e+308, 2.9408e+01, 5.5627e-01, 
 2DIAGNOSTIC,     3, -4.916987426719e-01, 1.797693134862e+308, 2.9964e+01, 5.5656e-01, 
 2DIAGNOSTIC,     4, -4.918394198009e-01, 1.797693134862e+308, 3.0522e+01, 5.5783e-01, 
 2DIAGNOSTIC,     5, -4.920347450902e-01, 1.797693134862e+308, 3.1087e+01, 5.6463e-01, 
 2DIAGNOSTIC,     6, -4.923072193763e-01, 1.797693134862e+308, 3.1744e+01, 6.5710e-01, 
 2DIAGNOSTIC,     7, -4.928177814272e-01, 1.797693134862e+308, 3.2579e+01, 8.3538e-01, 
 2DIAGNOSTIC,     8, -4.928119736305e-01, 1.797693134862e+308, 3.3326e+01, 7.4703e-01, 
 2DIAGNOSTIC,     9, -4.928359910650e-01, 1.797693134862e+308, 3.4074e+01, 7.4806e-01, 
 2DIAGNOSTIC,    10, -4.928220014859e-01, 2.539541347195e-04, 3.4732e+01, 6.5777e-01, 
 2DIAGNOSTIC,    11, -4.928205353463e-01, 1.926870225473e-04, 3.5749e+01, 1.0166e+00, 
 2DIAGNOSTIC,    12, -4.928211370244e-01, 1.363146796368e-04, 3.6406e+01, 6.5706e-01, 
 2DIAGNOSTIC,    13, -4.928194204218e-01, 9.274623689665e-05, 3.6972e+01, 5.6597e-01, 
 2DIAGNOSTIC,    14, -4.928173160921e-01, 5.315623190391e-05, 3.7629e+01, 6.5707e-01, 
 2DIAGNOSTIC,    15, -4.928160713843e-01, 2.161341570062e-05, 3.8284e+01, 6.5553e-01, 
 2DIAGNOSTIC,    16, -4.928158369270e-01, 1.535771790087e-06, 3.8940e+01, 6.5560e-01, 
 2DIAGNOSTIC,    17, -4.928158048931e-01, 1.202995171298e-06, 3.9597e+01, 6.5681e-01, 
DIAGNOSTIC,Iteration,metricValue,convergenceValue,ITERATION_TIME_INDEX,SINCE_LAST
 2DIAGNOSTIC,     1, -4.334698957116e-01, 1.797693134862e+308, 5.2829e+01, 1.3232e+01, 
  Elapsed time (stage 0): 5.5961e+01


Stage 1
  iterations = 1000x500x250x0
  convergence threshold = 1.0000e-06
  convergence window size = 10
  number of levels = 4
  using the Mattes MI metric (number of bins = 32, weight = 1.0000e+00)
  preprocessing:  winsorizing the image intensities
  Shrink factors (level 1 out of 4): [12, 12, 12]
  Shrink factors (level 2 out of 4): [8, 8, 8]
  Shrink factors (level 3 out of 4): [4, 4, 4]
  Shrink factors (level 4 out of 4): [2, 2, 2]
  smoothing sigmas per level: [4, 3, 2, 1]
  regular sampling (percentage = 2.5000e-01)

*** Running AffineTransform registration ***

DIAGNOSTIC,Iteration,metricValue,convergenceValue,ITERATION_TIME_INDEX,SINCE_LAST
 2DIAGNOSTIC,     1, -6.209988320685e-01, 1.797693134862e+308, 8.9350e+00, 8.9350e+00, 
 2DIAGNOSTIC,     2, -6.228994906833e-01, 1.797693134862e+308, 8.9539e+00, 1.8843e-02, 
 2DIAGNOSTIC,     3, -6.263961926441e-01, 1.797693134862e+308, 8.9749e+00, 2.1015e-02, 
 2DIAGNOSTIC,     4, -6.305288713738e-01, 1.797693134862e+308, 8.9936e+00, 1.8712e-02, 
 2DIAGNOSTIC,     5, -6.374502741374e-01, 1.797693134862e+308, 9.0125e+00, 1.8964e-02, 
 2DIAGNOSTIC,     6, -6.474331027845e-01, 1.797693134862e+308, 9.0315e+00, 1.8946e-02, 
 2DIAGNOSTIC,     7, -6.641364895522e-01, 1.797693134862e+308, 9.0514e+00, 1.9917e-02, 
 2DIAGNOSTIC,     8, -6.794296458392e-01, 1.797693134862e+308, 9.0955e+00, 4.4111e-02, 
 2DIAGNOSTIC,     9, -6.794343259564e-01, 1.797693134862e+308, 9.1147e+00, 1.9189e-02, 
 2DIAGNOSTIC,    10, -6.794643832339e-01, 7.118340562700e-03, 9.1343e+00, 1.9596e-02, 
 2DIAGNOSTIC,    11, -6.796358569433e-01, 6.338806999866e-03, 9.1543e+00, 2.0004e-02, 
 2DIAGNOSTIC,    12, -6.799747878374e-01, 5.197571131168e-03, 9.1740e+00, 1.9665e-02, 
 2DIAGNOSTIC,    13, -6.803312453851e-01, 3.892301080574e-03, 9.1933e+00, 1.9370e-02, 
 2DIAGNOSTIC,    14, -6.811775476176e-01, 2.585079965246e-03, 9.2129e+00, 1.9524e-02, 
 2DIAGNOSTIC,    15, -6.855250752487e-01, 1.550106302541e-03, 9.2396e+00, 2.6765e-02, 
 2DIAGNOSTIC,    16, -6.871595286314e-01, 8.086506143787e-04, 9.3054e+00, 6.5806e-02, 
 2DIAGNOSTIC,    17, -6.871590257201e-01, 4.940306957792e-04, 9.3285e+00, 2.3013e-02, 
 2DIAGNOSTIC,    18, -6.871605812765e-01, 5.357497355847e-04, 9.3492e+00, 2.0792e-02, 
 2DIAGNOSTIC,    19, -6.871520296149e-01, 5.234898261788e-04, 9.3688e+00, 1.9525e-02, 
 2DIAGNOSTIC,    20, -6.871565754051e-01, 4.631754048730e-04, 9.3890e+00, 2.0268e-02, 
 2DIAGNOSTIC,    21, -6.871642427086e-01, 3.687493861685e-04, 9.4089e+00, 1.9871e-02, 
 2DIAGNOSTIC,    22, -6.871771255437e-01, 2.569551227226e-04, 9.4288e+00, 1.9918e-02, 
 2DIAGNOSTIC,    23, -6.871986630075e-01, 1.392576202542e-04, 9.4489e+00, 2.0114e-02, 
 2DIAGNOSTIC,    24, -6.872344066934e-01, 3.244502145398e-05, 9.4689e+00, 1.9915e-02, 
 2DIAGNOSTIC,    25, -6.872937651144e-01, 5.368621997050e-06, 9.4890e+00, 2.0157e-02, 
 2DIAGNOSTIC,    26, -6.873887328768e-01, 8.183671802928e-06, 9.5090e+00, 1.9939e-02, 
 2DIAGNOSTIC,    27, -6.875460025324e-01, 1.256037042557e-05, 9.5291e+00, 2.0141e-02, 
 2DIAGNOSTIC,    28, -6.877650417565e-01, 1.883878820245e-05, 9.5521e+00, 2.2961e-02, 
 2DIAGNOSTIC,    29, -6.879626326135e-01, 2.570717122451e-05, 9.5720e+00, 1.9931e-02, 
 2DIAGNOSTIC,    30, -6.878113648072e-01, 2.769800820508e-05, 9.5982e+00, 2.6164e-02, 
 2DIAGNOSTIC,    31, -6.879469938487e-01, 2.910244956422e-05, 9.6211e+00, 2.2899e-02, 
 2DIAGNOSTIC,    32, -6.874052145821e-01, 2.072329259045e-05, 9.6409e+00, 1.9822e-02, 
 2DIAGNOSTIC,    33, -6.873529584819e-01, 1.073980255126e-05, 9.6610e+00, 2.0172e-02, 
 2DIAGNOSTIC,    34, -6.875242057924e-01, 2.936532827222e-06, 9.6808e+00, 1.9734e-02, 
DIAGNOSTIC,Iteration,metricValue,convergenceValue,ITERATION_TIME_INDEX,SINCE_LAST
 2DIAGNOSTIC,     1, -6.279187015503e-01, 1.797693134862e+308, 1.8618e+01, 8.9370e+00, 
 2DIAGNOSTIC,     2, -6.286420295835e-01, 1.797693134862e+308, 1.8684e+01, 6.6165e-02, 
 2DIAGNOSTIC,     3, -6.294895793078e-01, 1.797693134862e+308, 1.8751e+01, 6.7356e-02, 
 2DIAGNOSTIC,     4, -6.305143643840e-01, 1.797693134862e+308, 1.8820e+01, 6.8304e-02, 
 2DIAGNOSTIC,     5, -6.314697757416e-01, 1.797693134862e+308, 1.8886e+01, 6.6551e-02, 
 2DIAGNOSTIC,     6, -6.323547870981e-01, 1.797693134862e+308, 1.8955e+01, 6.8649e-02, 
 2DIAGNOSTIC,     7, -6.332464347421e-01, 1.797693134862e+308, 1.9030e+01, 7.5446e-02, 
 2DIAGNOSTIC,     8, -6.339467300242e-01, 1.797693134862e+308, 1.9105e+01, 7.4666e-02, 
 2DIAGNOSTIC,     9, -6.342287938664e-01, 1.797693134862e+308, 1.9216e+01, 1.1130e-01, 
 2DIAGNOSTIC,    10, -6.342894016945e-01, 7.142576784426e-04, 1.9291e+01, 7.4741e-02, 
 2DIAGNOSTIC,    11, -6.344397911016e-01, 5.713751155850e-04, 1.9357e+01, 6.5901e-02, 
 2DIAGNOSTIC,    12, -6.344361174558e-01, 4.277943160880e-04, 1.9423e+01, 6.5884e-02, 
 2DIAGNOSTIC,    13, -6.345226873831e-01, 2.997212896554e-04, 1.9490e+01, 6.7513e-02, 
 2DIAGNOSTIC,    14, -6.345897155339e-01, 1.977398512343e-04, 1.9565e+01, 7.5069e-02, 
 2DIAGNOSTIC,    15, -6.345552938304e-01, 1.189418970455e-04, 1.9632e+01, 6.6624e-02, 
 2DIAGNOSTIC,    16, -6.347209882311e-01, 6.847095044590e-05, 1.9697e+01, 6.5262e-02, 
 2DIAGNOSTIC,    17, -6.348320074192e-01, 4.378107620212e-05, 1.9762e+01, 6.4878e-02, 
 2DIAGNOSTIC,    18, -6.350191307301e-01, 3.990072580989e-05, 1.9827e+01, 6.4630e-02, 
 2DIAGNOSTIC,    19, -6.354980776968e-01, 5.081457987989e-05, 1.9912e+01, 8.5547e-02, 
 2DIAGNOSTIC,    20, -6.355217558378e-01, 5.767061937533e-05, 2.0000e+01, 8.8136e-02, 
 2DIAGNOSTIC,    21, -6.355856298182e-01, 6.338292526902e-05, 2.0159e+01, 1.5893e-01, 
 2DIAGNOSTIC,    22, -6.355837931981e-01, 6.270352373436e-05, 2.0225e+01, 6.5753e-02, 
 2DIAGNOSTIC,    23, -6.355903181955e-01, 5.809487079487e-05, 2.0291e+01, 6.5802e-02, 
 2DIAGNOSTIC,    24, -6.355519859977e-01, 4.903237348427e-05, 2.0367e+01, 7.5953e-02, 
 2DIAGNOSTIC,    25, -6.355552236191e-01, 3.562894125132e-05, 2.0433e+01, 6.5908e-02, 
 2DIAGNOSTIC,    26, -6.355384495667e-01, 2.268852272513e-05, 2.0498e+01, 6.5332e-02, 
 2DIAGNOSTIC,    27, -6.355459880383e-01, 1.066445291228e-05, 2.0562e+01, 6.4062e-02, 
 2DIAGNOSTIC,    28, -6.356008709153e-01, 2.278435142104e-06, 2.0630e+01, 6.8006e-02, 
 2DIAGNOSTIC,    29, -6.356195352525e-01, 2.040694831576e-06, 2.0697e+01, 6.7316e-02, 
 2DIAGNOSTIC,    30, -6.356498012024e-01, 2.515832753139e-06, 2.0773e+01, 7.5274e-02, 
 2DIAGNOSTIC,    31, -6.356577877253e-01, 3.861817430367e-06, 2.0838e+01, 6.5067e-02, 
 2DIAGNOSTIC,    32, -6.356660914356e-01, 4.939622385972e-06, 2.0904e+01, 6.6349e-02, 
 2DIAGNOSTIC,    33, -6.356805773833e-01, 5.865920660673e-06, 2.0971e+01, 6.6428e-02, 
 2DIAGNOSTIC,    34, -6.356915657936e-01, 5.898983419825e-06, 2.1045e+01, 7.4399e-02, 
 2DIAGNOSTIC,    35, -6.357686661408e-01, 6.498192139399e-06, 2.1110e+01, 6.5325e-02, 
 2DIAGNOSTIC,    36, -6.358443572260e-01, 7.248986030054e-06, 2.1184e+01, 7.4144e-02, 
 2DIAGNOSTIC,    37, -6.358299321136e-01, 7.244276649259e-06, 2.1248e+01, 6.3883e-02, 
 2DIAGNOSTIC,    38, -6.358594045781e-01, 7.652716433888e-06, 2.1333e+01, 8.4394e-02, 
 2DIAGNOSTIC,    39, -6.358392114748e-01, 7.362357412197e-06, 2.1418e+01, 8.5503e-02, 
 2DIAGNOSTIC,    40, -6.358782669275e-01, 7.229507440854e-06, 2.1501e+01, 8.2587e-02, 
 2DIAGNOSTIC,    41, -6.358671388449e-01, 6.430156415535e-06, 2.1580e+01, 7.8785e-02, 
 2DIAGNOSTIC,    42, -6.358676753385e-01, 5.237178519180e-06, 2.1665e+01, 8.5164e-02, 
 2DIAGNOSTIC,    43, -6.358804593660e-01, 3.976536225997e-06, 2.1740e+01, 7.4773e-02, 
 2DIAGNOSTIC,    44, -6.358594534727e-01, 2.341834949807e-06, 2.1806e+01, 6.6047e-02, 
 2DIAGNOSTIC,    45, -6.358595092967e-01, 1.376796224403e-06, 2.1873e+01, 6.7048e-02, 
DIAGNOSTIC,Iteration,metricValue,convergenceValue,ITERATION_TIME_INDEX,SINCE_LAST
 2DIAGNOSTIC,     1, -5.584434025004e-01, 1.797693134862e+308, 3.1549e+01, 9.6760e+00, 
 2DIAGNOSTIC,     2, -5.589826653106e-01, 1.797693134862e+308, 3.2166e+01, 6.1750e-01, 
 2DIAGNOSTIC,     3, -5.595999860998e-01, 1.797693134862e+308, 3.2781e+01, 6.1468e-01, 
 2DIAGNOSTIC,     4, -5.600064192612e-01, 1.797693134862e+308, 3.3394e+01, 6.1316e-01, 
 2DIAGNOSTIC,     5, -5.603652097875e-01, 1.797693134862e+308, 3.4011e+01, 6.1714e-01, 
 2DIAGNOSTIC,     6, -5.606845905841e-01, 1.797693134862e+308, 3.4718e+01, 7.0708e-01, 
 2DIAGNOSTIC,     7, -5.607770754513e-01, 1.797693134862e+308, 3.5619e+01, 9.0085e-01, 
 2DIAGNOSTIC,     8, -5.607799748346e-01, 1.797693134862e+308, 3.6330e+01, 7.1047e-01, 
 2DIAGNOSTIC,     9, -5.607982278706e-01, 1.797693134862e+308, 3.7037e+01, 7.0731e-01, 
 2DIAGNOSTIC,    10, -5.608739628697e-01, 2.699552295244e-04, 3.7935e+01, 8.9800e-01, 
 2DIAGNOSTIC,    11, -5.608755018397e-01, 1.768011236016e-04, 3.8544e+01, 6.0874e-01, 
 2DIAGNOSTIC,    12, -5.608721370522e-01, 1.058911731982e-04, 3.9248e+01, 7.0458e-01, 
 2DIAGNOSTIC,    13, -5.608683376041e-01, 6.047156516815e-05, 3.9866e+01, 6.1791e-01, 
 2DIAGNOSTIC,    14, -5.608650989572e-01, 3.068716100786e-05, 4.0478e+01, 6.1159e-01, 
 2DIAGNOSTIC,    15, -5.608520351244e-01, 1.365700259053e-05, 4.1184e+01, 7.0631e-01, 
 2DIAGNOSTIC,    16, -5.608572017122e-01, 7.912439547703e-06, 4.1892e+01, 7.0756e-01, 
 2DIAGNOSTIC,    17, -5.608590302045e-01, 5.144656361158e-06, 4.2977e+01, 1.0851e+00, 
 2DIAGNOSTIC,    18, -5.608597126745e-01, 2.491743704175e-06, 4.3779e+01, 8.0237e-01, 
DIAGNOSTIC,Iteration,metricValue,convergenceValue,ITERATION_TIME_INDEX,SINCE_LAST
 2DIAGNOSTIC,     1, -4.776659583528e-01, 1.797693134862e+308, 5.7394e+01, 1.3615e+01, 
  Elapsed time (stage 1): 6.0225e+01


Stage 2
  iterations = 100x100x70x50x0
  convergence threshold = 1.0000e-06
  convergence window size = 10
  number of levels = 5
  using the Mattes MI metric (number of bins = 32, weight = 1.0000e+00)
  preprocessing:  winsorizing the image intensities
  Shrink factors (level 1 out of 5): [10, 10, 10]
  Shrink factors (level 2 out of 5): [6, 6, 6]
  Shrink factors (level 3 out of 5): [4, 4, 4]
  Shrink factors (level 4 out of 5): [2, 2, 2]
  Shrink factors (level 5 out of 5): [1, 1, 1]
  smoothing sigmas per level: [5, 3, 2, 1, 0]
  Using default NONE metricSamplingStrategy 

*** Running SyN registration (varianceForUpdateField = 3.0000e+00, varianceForTotalField = 0.0000e+00) ***

XXDIAGNOSTIC,Iteration,metricValue,convergenceValue,ITERATION_TIME_INDEX,SINCE_LAST
 1DIAGNOSTIC,     1, -6.668648703622e-01, 1.797693134862e+308, 8.9365e+00, 8.9365e+00, 
 1DIAGNOSTIC,     2, -6.775855983679e-01, 1.797693134862e+308, 9.1661e+00, 2.2964e-01, 
 1DIAGNOSTIC,     3, -6.860803638227e-01, 1.797693134862e+308, 9.3967e+00, 2.3057e-01, 
 1DIAGNOSTIC,     4, -6.949686745511e-01, 1.797693134862e+308, 9.6318e+00, 2.3515e-01, 
 1DIAGNOSTIC,     5, -7.030626658358e-01, 1.797693134862e+308, 9.8669e+00, 2.3502e-01, 
 1DIAGNOSTIC,     6, -7.101955777921e-01, 1.797693134862e+308, 1.0108e+01, 2.4138e-01, 
 1DIAGNOSTIC,     7, -7.164738452551e-01, 1.797693134862e+308, 1.0352e+01, 2.4373e-01, 
 1DIAGNOSTIC,     8, -7.223793884529e-01, 1.797693134862e+308, 1.0599e+01, 2.4661e-01, 
 1DIAGNOSTIC,     9, -7.279408441089e-01, 1.797693134862e+308, 1.0840e+01, 2.4157e-01, 
 1DIAGNOSTIC,    10, -7.325359571507e-01, 5.913689082957e-03, 1.1089e+01, 2.4865e-01, 
 1DIAGNOSTIC,    11, -7.370442715413e-01, 4.873619540962e-03, 1.1335e+01, 2.4667e-01, 
 1DIAGNOSTIC,    12, -7.406891259682e-01, 4.051649653582e-03, 1.1587e+01, 2.5126e-01, 
 1DIAGNOSTIC,    13, -7.440119789090e-01, 3.353591689083e-03, 1.1832e+01, 2.4517e-01, 
 1DIAGNOSTIC,    14, -7.469752272855e-01, 2.787441429003e-03, 1.2081e+01, 2.4877e-01, 
 1DIAGNOSTIC,    15, -7.499971833175e-01, 2.336042951175e-03, 1.2330e+01, 2.4947e-01, 
 1DIAGNOSTIC,    16, -7.527313935743e-01, 1.970315297223e-03, 1.2578e+01, 2.4745e-01, 
 1DIAGNOSTIC,    17, -7.548926814032e-01, 1.661505583367e-03, 1.2823e+01, 2.4589e-01, 
 1DIAGNOSTIC,    18, -7.566776951444e-01, 1.401291292312e-03, 1.3073e+01, 2.4985e-01, 
 1DIAGNOSTIC,    19, -7.585985280208e-01, 1.192976348024e-03, 1.3318e+01, 2.4482e-01, 
 1DIAGNOSTIC,    20, -7.601621746328e-01, 1.014258658255e-03, 1.3567e+01, 2.4903e-01, 
 1DIAGNOSTIC,    21, -7.615789820119e-01, 8.677764468086e-04, 1.3823e+01, 2.5588e-01, 
 1DIAGNOSTIC,    22, -7.628103203704e-01, 7.397357485550e-04, 1.4073e+01, 2.5045e-01, 
 1DIAGNOSTIC,    23, -7.639545333032e-01, 6.290620307862e-04, 1.4330e+01, 2.5616e-01, 
 1DIAGNOSTIC,    24, -7.649352773643e-01, 5.320215273685e-04, 1.4585e+01, 2.5559e-01, 
 1DIAGNOSTIC,    25, -7.658601315578e-01, 4.535322615197e-04, 1.4835e+01, 2.4955e-01, 
 1DIAGNOSTIC,    26, -7.669178897323e-01, 3.946094499660e-04, 1.5091e+01, 2.5574e-01, 
 1DIAGNOSTIC,    27, -7.676034093674e-01, 3.433840492757e-04, 1.5336e+01, 2.4517e-01, 
 1DIAGNOSTIC,    28, -7.683528180331e-01, 2.981442142965e-04, 1.5586e+01, 2.5061e-01, 
 1DIAGNOSTIC,    29, -7.690012898052e-01, 2.618380238161e-04, 1.5832e+01, 2.4606e-01, 
 1DIAGNOSTIC,    30, -7.695710358410e-01, 2.303684918671e-04, 1.6084e+01, 2.5137e-01, 
 1DIAGNOSTIC,    31, -7.702606892737e-01, 2.050722623375e-04, 1.6335e+01, 2.5156e-01, 
 1DIAGNOSTIC,    32, -7.708113259145e-01, 1.831200490832e-04, 1.6591e+01, 2.5606e-01, 
 1DIAGNOSTIC,    33, -7.712890913012e-01, 1.639201325465e-04, 1.6839e+01, 2.4782e-01, 
 1DIAGNOSTIC,    34, -7.717716797193e-01, 1.467269667808e-04, 1.7091e+01, 2.5185e-01, 
 1DIAGNOSTIC,    35, -7.722736283957e-01, 1.320204496437e-04, 1.7338e+01, 2.4736e-01, 
 1DIAGNOSTIC,    36, -7.726860476722e-01, 1.211038727416e-04, 1.7592e+01, 2.5388e-01, 
 1DIAGNOSTIC,    37, -7.730794900515e-01, 1.103151161423e-04, 1.7840e+01, 2.4752e-01, 
 1DIAGNOSTIC,    38, -7.733835136269e-01, 1.001469276755e-04, 1.8089e+01, 2.4888e-01, 
 1DIAGNOSTIC,    39, -7.737946201355e-01, 9.131537992665e-05, 1.8344e+01, 2.5534e-01, 
 1DIAGNOSTIC,    40, -7.742643523073e-01, 8.401210128116e-05, 1.8595e+01, 2.5100e-01, 
 1DIAGNOSTIC,    41, -7.744790302593e-01, 7.736884837158e-05, 1.8842e+01, 2.4713e-01, 
 1DIAGNOSTIC,    42, -7.747025642052e-01, 7.071248291953e-05, 1.9100e+01, 2.5804e-01, 
 1DIAGNOSTIC,    43, -7.749179721815e-01, 6.376138081294e-05, 1.9348e+01, 2.4799e-01, 
 1DIAGNOSTIC,    44, -7.751376829306e-01, 5.705249654354e-05, 1.9602e+01, 2.5430e-01, 
 1DIAGNOSTIC,    45, -7.753454789101e-01, 5.113323110177e-05, 1.9852e+01, 2.4999e-01, 
 1DIAGNOSTIC,    46, -7.754885758362e-01, 4.516912506046e-05, 2.0104e+01, 2.5168e-01, 
 1DIAGNOSTIC,    47, -7.755039818484e-01, 3.850478745668e-05, 2.0357e+01, 2.5263e-01, 
 1DIAGNOSTIC,    48, -7.756328381355e-01, 3.188771912568e-05, 2.0611e+01, 2.5417e-01, 
 1DIAGNOSTIC,    49, -7.760690209683e-01, 2.898046312512e-05, 2.0860e+01, 2.4907e-01, 
 1DIAGNOSTIC,    50, -7.761097160635e-01, 2.721410766392e-05, 2.1119e+01, 2.5896e-01, 
 1DIAGNOSTIC,    51, -7.763579040968e-01, 2.641441285643e-05, 2.1373e+01, 2.5429e-01, 
 1DIAGNOSTIC,    52, -7.763566537144e-01, 2.477903372614e-05, 2.1636e+01, 2.6263e-01, 
 1DIAGNOSTIC,    53, -7.764369349502e-01, 2.297959395386e-05, 2.1889e+01, 2.5287e-01, 
 1DIAGNOSTIC,    54, -7.765311377931e-01, 2.121910074071e-05, 2.2142e+01, 2.5375e-01, 
 1DIAGNOSTIC,    55, -7.766726162409e-01, 1.988752087428e-05, 2.2403e+01, 2.6094e-01, 
 1DIAGNOSTIC,    56, -7.767526000209e-01, 1.826514036530e-05, 2.2671e+01, 2.6729e-01, 
 1DIAGNOSTIC,    57, -7.768457469407e-01, 1.573134188902e-05, 2.2934e+01, 2.6300e-01, 
 1DIAGNOSTIC,    58, -7.766998942271e-01, 1.166206367096e-05, 2.3196e+01, 2.6177e-01, 
 1DIAGNOSTIC,    59, -7.768907483023e-01, 1.069523331269e-05, 2.3448e+01, 2.5227e-01, 
 1DIAGNOSTIC,    60, -7.769454107455e-01, 9.291656073041e-06, 2.3701e+01, 2.5323e-01, 
 1DIAGNOSTIC,    61, -7.769476094395e-01, 8.625394116259e-06, 2.3948e+01, 2.4700e-01, 
 1DIAGNOSTIC,    62, -7.771361965545e-01, 8.356967412845e-06, 2.4203e+01, 2.5516e-01, 
 1DIAGNOSTIC,    63, -7.770861441055e-01, 7.507068276697e-06, 2.4457e+01, 2.5392e-01, 
 1DIAGNOSTIC,    64, -7.770461159659e-01, 6.324593162646e-06, 2.4710e+01, 2.5299e-01, 
 1DIAGNOSTIC,    65, -7.770588127572e-01, 5.498650634914e-06, 2.4959e+01, 2.4907e-01, 
 1DIAGNOSTIC,    66, -7.770407523786e-01, 4.546014363713e-06, 2.5208e+01, 2.4931e-01, 
 1DIAGNOSTIC,    67, -7.770593445202e-01, 3.880766080152e-06, 2.5462e+01, 2.5358e-01, 
 1DIAGNOSTIC,    68, -7.770130232593e-01, 1.823506071769e-06, 2.5720e+01, 2.5829e-01, 
 1DIAGNOSTIC,    69, -7.769707467310e-01, 5.224350845753e-07, 2.5969e+01, 2.4833e-01, 
XXDIAGNOSTIC,Iteration,metricValue,convergenceValue,ITERATION_TIME_INDEX,SINCE_LAST
 1DIAGNOSTIC,     1, -6.649838721431e-01, 1.797693134862e+308, 3.5775e+01, 9.8067e+00, 
 1DIAGNOSTIC,     2, -6.686758334117e-01, 1.797693134862e+308, 3.6838e+01, 1.0623e+00, 
 1DIAGNOSTIC,     3, -6.725580030074e-01, 1.797693134862e+308, 3.7857e+01, 1.0199e+00, 
 1DIAGNOSTIC,     4, -6.757322390714e-01, 1.797693134862e+308, 3.8877e+01, 1.0197e+00, 
 1DIAGNOSTIC,     5, -6.787879565593e-01, 1.797693134862e+308, 3.9867e+01, 9.9008e-01, 
 1DIAGNOSTIC,     6, -6.814664418471e-01, 1.797693134862e+308, 4.0889e+01, 1.0221e+00, 
 1DIAGNOSTIC,     7, -6.837130977369e-01, 1.797693134862e+308, 4.1928e+01, 1.0390e+00, 
 1DIAGNOSTIC,     8, -6.857254784595e-01, 1.797693134862e+308, 4.2931e+01, 1.0024e+00, 
 1DIAGNOSTIC,     9, -6.875748164532e-01, 1.797693134862e+308, 4.3946e+01, 1.0149e+00, 
 1DIAGNOSTIC,    10, -6.893026613010e-01, 2.274110255036e-03, 4.4991e+01, 1.0450e+00, 
 1DIAGNOSTIC,    11, -6.907269315829e-01, 1.849846548063e-03, 4.6011e+01, 1.0207e+00, 
 1DIAGNOSTIC,    12, -6.922660283732e-01, 1.511240529798e-03, 4.7036e+01, 1.0245e+00, 
 1DIAGNOSTIC,    13, -6.935775727499e-01, 1.253957923703e-03, 4.8069e+01, 1.0333e+00, 
 1DIAGNOSTIC,    14, -6.946031201334e-01, 1.043465663612e-03, 4.9091e+01, 1.0215e+00, 
 1DIAGNOSTIC,    15, -6.957647658403e-01, 8.820379470229e-04, 5.0107e+01, 1.0166e+00, 
 1DIAGNOSTIC,    16, -6.966194443874e-01, 7.509697972224e-04, 5.1164e+01, 1.0571e+00, 
 1DIAGNOSTIC,    17, -6.970896423264e-01, 6.320533012501e-04, 5.2190e+01, 1.0254e+00, 
 1DIAGNOSTIC,    18, -6.975351147433e-01, 5.243926873742e-04, 5.3218e+01, 1.0281e+00, 
 1DIAGNOSTIC,    19, -6.978475568434e-01, 4.263637631281e-04, 5.4261e+01, 1.0432e+00, 
 1DIAGNOSTIC,    20, -6.979756407970e-01, 3.367559592610e-04, 5.5293e+01, 1.0317e+00, 
 1DIAGNOSTIC,    21, -6.983511059779e-01, 2.595395264195e-04, 5.6320e+01, 1.0273e+00, 
 1DIAGNOSTIC,    22, -6.986271604341e-01, 1.990106383119e-04, 5.7364e+01, 1.0442e+00, 
 1DIAGNOSTIC,    23, -6.991443049596e-01, 1.579239522532e-04, 5.8390e+01, 1.0254e+00, 
 1DIAGNOSTIC,    24, -6.995004629108e-01, 1.289074781630e-04, 5.9412e+01, 1.0227e+00, 
 1DIAGNOSTIC,    25, -6.999233541362e-01, 1.161368165266e-04, 6.0484e+01, 1.0713e+00, 
 1DIAGNOSTIC,    26, -7.005609924913e-01, 1.170447931674e-04, 6.1536e+01, 1.0525e+00, 
 1DIAGNOSTIC,    27, -7.006735924252e-01, 1.155290387785e-04, 6.2584e+01, 1.0474e+00, 
 1DIAGNOSTIC,    28, -7.009819658723e-01, 1.144055039670e-04, 6.3650e+01, 1.0668e+00, 
 1DIAGNOSTIC,    29, -7.011278822531e-01, 1.091515417960e-04, 6.4696e+01, 1.0456e+00, 
 1DIAGNOSTIC,    30, -7.013210133552e-01, 9.832581218146e-05, 6.5749e+01, 1.0525e+00, 
 1DIAGNOSTIC,    31, -7.014879783693e-01, 8.609727372196e-05, 6.6821e+01, 1.0728e+00, 
 1DIAGNOSTIC,    32, -7.018221841452e-01, 7.430000402676e-05, 6.7864e+01, 1.0425e+00, 
 1DIAGNOSTIC,    33, -7.019510506644e-01, 6.424829897397e-05, 6.8913e+01, 1.0491e+00, 
 1DIAGNOSTIC,    34, -7.020248414035e-01, 5.393302902405e-05, 6.9977e+01, 1.0646e+00, 
 1DIAGNOSTIC,    35, -7.022007988908e-01, 4.606560720523e-05, 7.1035e+01, 1.0576e+00, 
 1DIAGNOSTIC,    36, -7.022927746149e-01, 4.261359875914e-05, 7.2079e+01, 1.0435e+00, 
 1DIAGNOSTIC,    37, -7.024472892539e-01, 3.822950009057e-05, 7.3145e+01, 1.0668e+00, 
 1DIAGNOSTIC,    38, -7.026705061389e-01, 3.621804472501e-05, 7.4194e+01, 1.0482e+00, 
 1DIAGNOSTIC,    39, -7.028801366052e-01, 3.463808685459e-05, 7.5246e+01, 1.0520e+00, 
 1DIAGNOSTIC,    40, -7.030692973772e-01, 3.379630461214e-05, 7.6315e+01, 1.0693e+00, 
 1DIAGNOSTIC,    41, -7.032151876913e-01, 3.288331292351e-05, 7.7364e+01, 1.0489e+00, 
 1DIAGNOSTIC,    42, -7.032990968554e-01, 3.300226474299e-05, 7.8412e+01, 1.0486e+00, 
 1DIAGNOSTIC,    43, -7.033695163869e-01, 3.192115064667e-05, 7.9477e+01, 1.0644e+00, 
 1DIAGNOSTIC,    44, -7.034895917069e-01, 2.966479262806e-05, 8.0528e+01, 1.0508e+00, 
 1DIAGNOSTIC,    45, -7.035192155132e-01, 2.658503077079e-05, 8.1585e+01, 1.0575e+00, 
 1DIAGNOSTIC,    46, -7.035455532418e-01, 2.221664172277e-05, 8.2681e+01, 1.0956e+00, 
 1DIAGNOSTIC,    47, -7.034713284193e-01, 1.666234585285e-05, 8.3753e+01, 1.0719e+00, 
 1DIAGNOSTIC,    48, -7.036344355550e-01, 1.309676255366e-05, 8.4802e+01, 1.0494e+00, 
 1DIAGNOSTIC,    49, -7.036738724627e-01, 1.048205214524e-05, 8.5872e+01, 1.0699e+00, 
 1DIAGNOSTIC,    50, -7.038226961921e-01, 9.763441684459e-06, 8.6935e+01, 1.0633e+00, 
 1DIAGNOSTIC,    51, -7.039050420692e-01, 1.001789094752e-05, 8.7977e+01, 1.0420e+00, 
 1DIAGNOSTIC,    52, -7.040117746209e-01, 1.086256599519e-05, 8.9052e+01, 1.0750e+00, 
 1DIAGNOSTIC,    53, -7.040523597800e-01, 1.150893807838e-05, 9.0104e+01, 1.0519e+00, 
 1DIAGNOSTIC,    54, -7.041002721300e-01, 1.233787567815e-05, 9.1159e+01, 1.0548e+00, 
 1DIAGNOSTIC,    55, -7.041313039043e-01, 1.245053945082e-05, 9.2249e+01, 1.0899e+00, 
 1DIAGNOSTIC,    56, -7.042232397411e-01, 1.230065078982e-05, 9.3312e+01, 1.0631e+00, 
 1DIAGNOSTIC,    57, -7.041851987432e-01, 1.018683648356e-05, 9.4362e+01, 1.0501e+00, 
 1DIAGNOSTIC,    58, -7.043197757773e-01, 9.338332210215e-06, 9.5434e+01, 1.0716e+00, 
 1DIAGNOSTIC,    59, -7.042504508357e-01, 7.430454059109e-06, 9.6487e+01, 1.0535e+00, 
 1DIAGNOSTIC,    60, -7.042820568930e-01, 6.160467442673e-06, 9.7538e+01, 1.0505e+00, 
 1DIAGNOSTIC,    61, -7.043346185218e-01, 5.273480251294e-06, 9.8616e+01, 1.0784e+00, 
 1DIAGNOSTIC,    62, -7.043715318461e-01, 4.885822399006e-06, 9.9670e+01, 1.0538e+00, 
 1DIAGNOSTIC,    63, -7.043859128894e-01, 4.437367984625e-06, 1.0073e+02, 1.0614e+00, 
 1DIAGNOSTIC,    64, -7.043359566533e-01, 3.618515077033e-06, 1.0181e+02, 1.0794e+00, 
 1DIAGNOSTIC,    65, -7.043912044117e-01, 3.070701487241e-06, 1.0286e+02, 1.0477e+00, 
 1DIAGNOSTIC,    66, -7.043481992482e-01, 2.584022584764e-06, 1.0391e+02, 1.0474e+00, 
 1DIAGNOSTIC,    67, -7.045088503335e-01, 2.630743333339e-06, 1.0499e+02, 1.0842e+00, 
 1DIAGNOSTIC,    68, -7.043836612049e-01, 2.517920943954e-06, 1.0603e+02, 1.0444e+00, 
 1DIAGNOSTIC,    69, -7.044028803823e-01, 1.949390787856e-06, 1.0708e+02, 1.0490e+00, 
 1DIAGNOSTIC,    70, -7.043903773994e-01, 1.360277579139e-06, 1.0815e+02, 1.0676e+00, 
 1DIAGNOSTIC,    71, -7.044485271327e-01, 1.316854788979e-06, 1.0920e+02, 1.0487e+00, 
 1DIAGNOSTIC,    72, -7.043000723555e-01, 5.401031889906e-07, 1.1025e+02, 1.0466e+00, 
XXDIAGNOSTIC,Iteration,metricValue,convergenceValue,ITERATION_TIME_INDEX,SINCE_LAST
 1DIAGNOSTIC,     1, -6.341109461054e-01, 1.797693134862e+308, 1.2264e+02, 1.2395e+01, 
 1DIAGNOSTIC,     2, -6.360874425340e-01, 1.797693134862e+308, 1.2583e+02, 3.1892e+00, 
 1DIAGNOSTIC,     3, -6.377733438170e-01, 1.797693134862e+308, 1.2905e+02, 3.2242e+00, 
 1DIAGNOSTIC,     4, -6.392205048228e-01, 1.797693134862e+308, 1.3215e+02, 3.0981e+00, 
 1DIAGNOSTIC,     5, -6.404743145570e-01, 1.797693134862e+308, 1.3530e+02, 3.1511e+00, 
 1DIAGNOSTIC,     6, -6.417695679846e-01, 1.797693134862e+308, 1.3840e+02, 3.0971e+00, 
 1DIAGNOSTIC,     7, -6.427324694549e-01, 1.797693134862e+308, 1.4155e+02, 3.1492e+00, 
 1DIAGNOSTIC,     8, -6.436758941437e-01, 1.797693134862e+308, 1.4470e+02, 3.1549e+00, 
 1DIAGNOSTIC,     9, -6.445018611296e-01, 1.797693134862e+308, 1.4795e+02, 3.2479e+00, 
 1DIAGNOSTIC,    10, -6.452634866566e-01, 1.090275139151e-03, 1.5114e+02, 3.1900e+00, 
 1DIAGNOSTIC,    11, -6.458845341206e-01, 8.776071803802e-04, 1.5436e+02, 3.2205e+00, 
 1DIAGNOSTIC,    12, -6.464273538257e-01, 7.141025062338e-04, 1.5764e+02, 3.2766e+00, 
 1DIAGNOSTIC,    13, -6.469634213988e-01, 5.865735729305e-04, 1.6086e+02, 3.2164e+00, 
 1DIAGNOSTIC,    14, -6.474094201321e-01, 4.834380799789e-04, 1.6411e+02, 3.2579e+00, 
 1DIAGNOSTIC,    15, -6.479164588602e-01, 4.013835263597e-04, 1.6743e+02, 3.3167e+00, 
 1DIAGNOSTIC,    16, -6.483462887809e-01, 3.401996725288e-04, 1.7070e+02, 3.2734e+00, 
 1DIAGNOSTIC,    17, -6.487407544313e-01, 2.899678803669e-04, 1.7402e+02, 3.3119e+00, 
 1DIAGNOSTIC,    18, -6.490776044608e-01, 2.497910316892e-04, 1.7729e+02, 3.2774e+00, 
 1DIAGNOSTIC,    19, -6.494129885667e-01, 2.175303233435e-04, 1.8061e+02, 3.3136e+00, 
 1DIAGNOSTIC,    20, -6.497457377917e-01, 1.923090963041e-04, 1.8388e+02, 3.2753e+00, 
 1DIAGNOSTIC,    21, -6.500349944120e-01, 1.705996683313e-04, 1.8721e+02, 3.3299e+00, 
 1DIAGNOSTIC,    22, -6.502889528855e-01, 1.508588150152e-04, 1.9049e+02, 3.2734e+00, 
 1DIAGNOSTIC,    23, -6.505481662310e-01, 1.339841065834e-04, 1.9380e+02, 3.3094e+00, 
 1DIAGNOSTIC,    24, -6.507629448833e-01, 1.180299657410e-04, 1.9708e+02, 3.2823e+00, 
 1DIAGNOSTIC,    25, -6.510448699921e-01, 1.061439165464e-04, 2.0038e+02, 3.3070e+00, 
 1DIAGNOSTIC,    26, -6.512668025743e-01, 9.618080575691e-05, 2.0366e+02, 3.2716e+00, 
 1DIAGNOSTIC,    27, -6.514697472451e-01, 8.765781177176e-05, 2.0703e+02, 3.3765e+00, 
 1DIAGNOSTIC,    28, -6.516751965088e-01, 8.002556975590e-05, 2.1031e+02, 3.2764e+00, 
 1DIAGNOSTIC,    29, -6.518628941892e-01, 7.329496370761e-05, 2.1361e+02, 3.3031e+00, 
 1DIAGNOSTIC,    30, -6.520276038926e-01, 6.737893710854e-05, 2.1688e+02, 3.2709e+00, 
 1DIAGNOSTIC,    31, -6.521952269887e-01, 6.197323504586e-05, 2.2019e+02, 3.3076e+00, 
 1DIAGNOSTIC,    32, -6.524078176971e-01, 5.747089765481e-05, 2.2345e+02, 3.2619e+00, 
 1DIAGNOSTIC,    33, -6.526097371667e-01, 5.395331991074e-05, 2.2675e+02, 3.3025e+00, 
 1DIAGNOSTIC,    34, -6.527345669818e-01, 4.990912480862e-05, 2.3002e+02, 3.2658e+00, 
 1DIAGNOSTIC,    35, -6.528907931053e-01, 4.691200520164e-05, 2.3334e+02, 3.3234e+00, 
 1DIAGNOSTIC,    36, -6.530478620034e-01, 4.427866052695e-05, 2.3664e+02, 3.2941e+00, 
 1DIAGNOSTIC,    37, -6.532206331241e-01, 4.203876019496e-05, 2.3996e+02, 3.3216e+00, 
 1DIAGNOSTIC,    38, -6.533129597926e-01, 3.936736638637e-05, 2.4325e+02, 3.2941e+00, 
 1DIAGNOSTIC,    39, -6.533669476884e-01, 3.587347164492e-05, 2.4657e+02, 3.3185e+00, 
 1DIAGNOSTIC,    40, -6.535149068683e-01, 3.263804706620e-05, 2.4986e+02, 3.2867e+00, 
 1DIAGNOSTIC,    41, -6.536115786912e-01, 2.926898428644e-05, 2.5318e+02, 3.3180e+00, 
 1DIAGNOSTIC,    42, -6.537318037954e-01, 2.675583111062e-05, 2.5646e+02, 3.2846e+00, 
 1DIAGNOSTIC,    43, -6.538385936792e-01, 2.500940132948e-05, 2.5977e+02, 3.3075e+00, 
 1DIAGNOSTIC,    44, -6.539329176558e-01, 2.319014822294e-05, 2.6304e+02, 3.2747e+00, 
 1DIAGNOSTIC,    45, -6.540149645117e-01, 2.159062679852e-05, 2.6636e+02, 3.3122e+00, 
 1DIAGNOSTIC,    46, -6.540831324401e-01, 2.016000947283e-05, 2.6969e+02, 3.3338e+00, 
 1DIAGNOSTIC,    47, -6.541806090524e-01, 1.942891906252e-05, 2.7300e+02, 3.3063e+00, 
 1DIAGNOSTIC,    48, -6.542564835604e-01, 1.845452314943e-05, 2.7627e+02, 3.2711e+00, 
 1DIAGNOSTIC,    49, -6.543526170062e-01, 1.712778990722e-05, 2.7957e+02, 3.3060e+00, 
 1DIAGNOSTIC,    50, -6.544421756131e-01, 1.633885451029e-05, 2.8284e+02, 3.2702e+00, 
 1DIAGNOSTIC,    51, -6.545617060959e-01, 1.590866999059e-05, 2.8615e+02, 3.3038e+00, 
 1DIAGNOSTIC,    52, -6.546600469300e-01, 1.583874789374e-05, 2.8945e+02, 3.3029e+00, 
 1DIAGNOSTIC,    53, -6.546932629678e-01, 1.544565858512e-05, 2.9277e+02, 3.3160e+00, 
 1DIAGNOSTIC,    54, -6.547809283186e-01, 1.511681060953e-05, 2.9604e+02, 3.2765e+00, 
 1DIAGNOSTIC,    55, -6.548033263252e-01, 1.421716460749e-05, 2.9937e+02, 3.3294e+00, 
 1DIAGNOSTIC,    56, -6.548686276101e-01, 1.306623195217e-05, 3.0264e+02, 3.2724e+00, 
 1DIAGNOSTIC,    57, -6.549004548191e-01, 1.173235454406e-05, 3.0597e+02, 3.3211e+00, 
 1DIAGNOSTIC,    58, -6.549547494928e-01, 1.034672151897e-05, 3.0925e+02, 3.2803e+00, 
 1DIAGNOSTIC,    59, -6.549890587801e-01, 9.023440548827e-06, 3.1255e+02, 3.3059e+00, 
 1DIAGNOSTIC,    60, -6.550050064228e-01, 7.679651506737e-06, 3.1582e+02, 3.2689e+00, 
 1DIAGNOSTIC,    61, -6.550333602482e-01, 6.741913863673e-06, 3.1912e+02, 3.3037e+00, 
 1DIAGNOSTIC,    62, -6.550634988465e-01, 6.137887656976e-06, 3.2241e+02, 3.2887e+00, 
 1DIAGNOSTIC,    63, -6.550895772674e-01, 5.405285072452e-06, 3.2572e+02, 3.3094e+00, 
 1DIAGNOSTIC,    64, -6.551210716563e-01, 5.037017336080e-06, 3.2907e+02, 3.3489e+00, 
 1DIAGNOSTIC,    65, -6.551182981552e-01, 4.367092285101e-06, 3.3238e+02, 3.3096e+00, 
 1DIAGNOSTIC,    66, -6.551185559781e-01, 3.781819962863e-06, 3.3566e+02, 3.2818e+00, 
 1DIAGNOSTIC,    67, -6.550970762101e-01, 2.956657470531e-06, 3.3896e+02, 3.3017e+00, 
 1DIAGNOSTIC,    68, -6.551237240439e-01, 2.434114500963e-06, 3.4223e+02, 3.2672e+00, 
 1DIAGNOSTIC,    69, -6.551249064303e-01, 1.954220668078e-06, 3.4553e+02, 3.2990e+00, 
 1DIAGNOSTIC,    70, -6.550857509238e-01, 1.198714145988e-06, 3.4880e+02, 3.2731e+00, 
XXDIAGNOSTIC,Iteration,metricValue,convergenceValue,ITERATION_TIME_INDEX,SINCE_LAST
 1DIAGNOSTIC,     1, -5.640871805402e-01, 1.797693134862e+308, 3.8616e+02, 3.7355e+01, 
 1DIAGNOSTIC,     2, -5.656598789814e-01, 1.797693134862e+308, 4.0973e+02, 2.3569e+01, 
 1DIAGNOSTIC,     3, -5.671878443499e-01, 1.797693134862e+308, 4.3319e+02, 2.3461e+01, 
 1DIAGNOSTIC,     4, -5.686421384173e-01, 1.797693134862e+308, 4.5676e+02, 2.3571e+01, 
 1DIAGNOSTIC,     5, -5.699011478960e-01, 1.797693134862e+308, 4.8106e+02, 2.4296e+01, 
 1DIAGNOSTIC,     6, -5.710345474710e-01, 1.797693134862e+308, 5.0540e+02, 2.4347e+01, 
 1DIAGNOSTIC,     7, -5.719865697872e-01, 1.797693134862e+308, 5.2969e+02, 2.4282e+01, 
 1DIAGNOSTIC,     8, -5.728438550681e-01, 1.797693134862e+308, 5.5393e+02, 2.4248e+01, 
 1DIAGNOSTIC,     9, -5.736475148477e-01, 1.797693134862e+308, 5.7829e+02, 2.4353e+01, 
 1DIAGNOSTIC,    10, -5.743892206792e-01, 1.150110741346e-03, 6.0252e+02, 2.4237e+01, 
 1DIAGNOSTIC,    11, -5.750583124015e-01, 9.421186380363e-04, 6.2683e+02, 2.4302e+01, 
 1DIAGNOSTIC,    12, -5.756813891137e-01, 7.748388503920e-04, 6.5121e+02, 2.4386e+01, 
 1DIAGNOSTIC,    13, -5.762500932580e-01, 6.429927206780e-04, 6.7549e+02, 2.4274e+01, 
 1DIAGNOSTIC,    14, -5.767701768539e-01, 5.412116955751e-04, 6.9987e+02, 2.4382e+01, 
 1DIAGNOSTIC,    15, -5.772511413771e-01, 4.607933732025e-04, 7.2408e+02, 2.4212e+01, 
 1DIAGNOSTIC,    16, -5.777061009283e-01, 3.971786098932e-04, 7.4836e+02, 2.4277e+01, 
 1DIAGNOSTIC,    17, -5.780860480451e-01, 3.431347656153e-04, 7.7273e+02, 2.4369e+01, 
 1DIAGNOSTIC,    18, -5.784474468264e-01, 2.968074495380e-04, 7.9689e+02, 2.4165e+01, 
 1DIAGNOSTIC,    19, -5.787864478534e-01, 2.575114353963e-04, 8.2114e+02, 2.4248e+01, 
 1DIAGNOSTIC,    20, -5.791040336225e-01, 2.243255233894e-04, 8.4538e+02, 2.4236e+01, 
 1DIAGNOSTIC,    21, -5.794006062971e-01, 1.960621621514e-04, 8.6968e+02, 2.4302e+01, 
 1DIAGNOSTIC,    22, -5.796862197796e-01, 1.724347988865e-04, 8.9480e+02, 2.5123e+01, 
 1DIAGNOSTIC,    23, -5.799679643237e-01, 1.529692573854e-04, 9.1913e+02, 2.4327e+01, 
 1DIAGNOSTIC,    24, -5.802156343660e-01, 1.365474977192e-04, 9.4373e+02, 2.4601e+01, 
 1DIAGNOSTIC,    25, -5.804552382436e-01, 1.228222185247e-04, 9.6808e+02, 2.4355e+01, 
 1DIAGNOSTIC,    26, -5.806749925120e-01, 1.114147738054e-04, 9.9252e+02, 2.4436e+01, 
 1DIAGNOSTIC,    27, -5.808783711849e-01, 1.010207673897e-04, 1.0169e+03, 2.4337e+01, 
 1DIAGNOSTIC,    28, -5.810751117444e-01, 9.168068117954e-05, 1.0412e+03, 2.4323e+01, 
 1DIAGNOSTIC,    29, -5.812532943500e-01, 8.313369018660e-05, 1.0655e+03, 2.4320e+01, 
 1DIAGNOSTIC,    30, -5.814250978513e-01, 7.536437246072e-05, 1.0898e+03, 2.4338e+01, 
 1DIAGNOSTIC,    31, -5.815749758128e-01, 6.808410506912e-05, 1.1142e+03, 2.4325e+01, 
 1DIAGNOSTIC,    32, -5.817207271695e-01, 6.147446806955e-05, 1.1385e+03, 2.4375e+01, 
 1DIAGNOSTIC,    33, -5.818538429649e-01, 5.565887828813e-05, 1.1629e+03, 2.4362e+01, 
 1DIAGNOSTIC,    34, -5.819996630215e-01, 5.063102677393e-05, 1.1881e+03, 2.5156e+01, 
 1DIAGNOSTIC,    35, -5.821401829245e-01, 4.645456539594e-05, 1.2124e+03, 2.4295e+01, 
 1DIAGNOSTIC,    36, -5.822664859789e-01, 4.285826603898e-05, 1.2368e+03, 2.4414e+01, 
 1DIAGNOSTIC,    37, -5.823891452568e-01, 3.975468649876e-05, 1.2611e+03, 2.4371e+01, 
 1DIAGNOSTIC,    38, -5.825169595937e-01, 3.727124554622e-05, 1.2855e+03, 2.4359e+01, 
 1DIAGNOSTIC,    39, -5.826359466697e-01, 3.514119248789e-05, 1.3099e+03, 2.4441e+01, 
 1DIAGNOSTIC,    40, -5.827606890073e-01, 3.345018844256e-05, 1.3343e+03, 2.4366e+01, 
 1DIAGNOSTIC,    41, -5.828820988522e-01, 3.194261801384e-05, 1.3586e+03, 2.4288e+01, 
 1DIAGNOSTIC,    42, -5.829922928721e-01, 3.049733219418e-05, 1.3829e+03, 2.4307e+01, 
 1DIAGNOSTIC,    43, -5.831022974843e-01, 2.902431352194e-05, 1.4072e+03, 2.4258e+01, 
 1DIAGNOSTIC,    44, -5.832175548864e-01, 2.779682256742e-05, 1.4316e+03, 2.4444e+01, 
 1DIAGNOSTIC,    45, -5.833220641847e-01, 2.667746465088e-05, 1.4559e+03, 2.4266e+01, 
 1DIAGNOSTIC,    46, -5.834423263905e-01, 2.572799249480e-05, 1.4802e+03, 2.4331e+01, 
 1DIAGNOSTIC,    47, -5.835445753214e-01, 2.474121266857e-05, 1.5045e+03, 2.4293e+01, 
 1DIAGNOSTIC,    48, -5.836374812700e-01, 2.372667598872e-05, 1.5289e+03, 2.4385e+01, 
 1DIAGNOSTIC,    49, -5.837239253110e-01, 2.257892915059e-05, 1.5533e+03, 2.4382e+01, 
 1DIAGNOSTIC,    50, -5.838197818563e-01, 2.151662592590e-05, 1.5776e+03, 2.4329e+01, 
  Elapsed time (stage 2): 1605


Total elapsed time: 1721
