Changed directory to /lustre/scratch/wbic-beta/ccn30/ENCRYPT/fMRI/gridcellpilot/scripts/coregistration/slurmoutputs.

JobID: 6250745
======
Time: Wed Feb 10 14:43:21 GMT 2021
Running on master node: wbic-cs-12
Current directory: /lustre/scratch/wbic-beta/ccn30/ENCRYPT/fMRI/gridcellpilot/scripts/coregistration/slurmoutputs

Nodes allocated:
================
wbic-cs-12

numtasks=1, numnodes=1, mpi_tasks_per_node=1 (OMP_NUM_THREADS=1)

Executing command:
==================
/lustre/scratch/wbic-beta/ccn30/ENCRYPT/fMRI/gridcellpilot/scripts/coregistration/coreg_MasksxEPI.sh 28061/20190911_U-ID46160

******** starting 28061 ********

--------------------------------------------------------------------------------------
 Mapping parameters
--------------------------------------------------------------------------------------
 ANTSPATH is /applications/ANTS/ANTs-2.3.4/install/bin/

 Dimensionality:           3
 Output name prefix:       /lustre/scratch/wbic-beta/ccn30/ENCRYPT/fMRI/gridcellpilot/preprocessed_data/segmentation/28061/coregistration/T1xStudyTemplate_
 Fixed images:             /home/ccn30/ENCRYPT/atlases/templates/ECtemplatemasks2015/Study_template_wholeBrain.nii
 Moving images:            /lustre/scratch/wbic-beta/ccn30/ENCRYPT/fMRI/gridcellpilot/raw_data/images/28061/20190911_U-ID46160/mp2rage/denoiseRn4mag0000_PSIR_skulled_std.nii
 Mask images:              
 Initial transforms:       
 Number of threads:        1
 Spline distance:          26
 Transform type:           s
 MI histogram bins:        32
 Precision:                d
 Use histogram matching    0
======================================================================================
 antsRegistration call:
--------------------------------------------------------------------------------------
/applications/ANTS/ANTs-2.3.4/install/bin//antsRegistration --verbose 1 --dimensionality 3 --float 0 --collapse-output-transforms 1 --output [ /lustre/scratch/wbic-beta/ccn30/ENCRYPT/fMRI/gridcellpilot/preprocessed_data/segmentation/28061/coregistration/T1xStudyTemplate_,/lustre/scratch/wbic-beta/ccn30/ENCRYPT/fMRI/gridcellpilot/preprocessed_data/segmentation/28061/coregistration/T1xStudyTemplate_Warped.nii.gz,/lustre/scratch/wbic-beta/ccn30/ENCRYPT/fMRI/gridcellpilot/preprocessed_data/segmentation/28061/coregistration/T1xStudyTemplate_InverseWarped.nii.gz ] --interpolation Linear --use-histogram-matching 0 --winsorize-image-intensities [ 0.005,0.995 ] --initial-moving-transform [ /home/ccn30/ENCRYPT/atlases/templates/ECtemplatemasks2015/Study_template_wholeBrain.nii,/lustre/scratch/wbic-beta/ccn30/ENCRYPT/fMRI/gridcellpilot/raw_data/images/28061/20190911_U-ID46160/mp2rage/denoiseRn4mag0000_PSIR_skulled_std.nii,1 ] --transform Rigid[ 0.1 ] --metric MI[ /home/ccn30/ENCRYPT/atlases/templates/ECtemplatemasks2015/Study_template_wholeBrain.nii,/lustre/scratch/wbic-beta/ccn30/ENCRYPT/fMRI/gridcellpilot/raw_data/images/28061/20190911_U-ID46160/mp2rage/denoiseRn4mag0000_PSIR_skulled_std.nii,1,32,Regular,0.25 ] --convergence [ 1000x500x250x0,1e-6,10 ] --shrink-factors 12x8x4x2 --smoothing-sigmas 4x3x2x1vox --transform Affine[ 0.1 ] --metric MI[ /home/ccn30/ENCRYPT/atlases/templates/ECtemplatemasks2015/Study_template_wholeBrain.nii,/lustre/scratch/wbic-beta/ccn30/ENCRYPT/fMRI/gridcellpilot/raw_data/images/28061/20190911_U-ID46160/mp2rage/denoiseRn4mag0000_PSIR_skulled_std.nii,1,32,Regular,0.25 ] --convergence [ 1000x500x250x0,1e-6,10 ] --shrink-factors 12x8x4x2 --smoothing-sigmas 4x3x2x1vox --transform SyN[ 0.1,3,0 ] --metric MI[ /home/ccn30/ENCRYPT/atlases/templates/ECtemplatemasks2015/Study_template_wholeBrain.nii,/lustre/scratch/wbic-beta/ccn30/ENCRYPT/fMRI/gridcellpilot/raw_data/images/28061/20190911_U-ID46160/mp2rage/denoiseRn4mag0000_PSIR_skulled_std.nii,1,32] --convergence [ 100x100x70x50x0,1e-6,10 ] --shrink-factors 10x6x4x2x1 --smoothing-sigmas 5x3x2x1x0vox
--------------------------------------------------------------------------------------
All_Command_lines_OK
Using double precision for computations.
=============================================================================
The composite transform comprises the following transforms (in order): 
  1. Center of mass alignment using fixed image: /home/ccn30/ENCRYPT/atlases/templates/ECtemplatemasks2015/Study_template_wholeBrain.nii and moving image: /lustre/scratch/wbic-beta/ccn30/ENCRYPT/fMRI/gridcellpilot/raw_data/images/28061/20190911_U-ID46160/mp2rage/denoiseRn4mag0000_PSIR_skulled_std.nii (type = Euler3DTransform)
=============================================================================
  number of levels = 4
  number of levels = 4
  number of levels = 5
  fixed image: /home/ccn30/ENCRYPT/atlases/templates/ECtemplatemasks2015/Study_template_wholeBrain.nii
  moving image: /lustre/scratch/wbic-beta/ccn30/ENCRYPT/fMRI/gridcellpilot/raw_data/images/28061/20190911_U-ID46160/mp2rage/denoiseRn4mag0000_PSIR_skulled_std.nii
  fixed image: /home/ccn30/ENCRYPT/atlases/templates/ECtemplatemasks2015/Study_template_wholeBrain.nii
  moving image: /lustre/scratch/wbic-beta/ccn30/ENCRYPT/fMRI/gridcellpilot/raw_data/images/28061/20190911_U-ID46160/mp2rage/denoiseRn4mag0000_PSIR_skulled_std.nii
  fixed image: /home/ccn30/ENCRYPT/atlases/templates/ECtemplatemasks2015/Study_template_wholeBrain.nii
  moving image: /lustre/scratch/wbic-beta/ccn30/ENCRYPT/fMRI/gridcellpilot/raw_data/images/28061/20190911_U-ID46160/mp2rage/denoiseRn4mag0000_PSIR_skulled_std.nii
Dimension = 3
Number of stages = 3
Use Histogram Matching false
Winsorize image intensities true
Lower quantile = 0.005
Upper quantile = 0.995
Stage 1 State
   Image metric = Mattes
     Fixed image = Image (0x3edbf20)
  RTTI typeinfo:   itk::Image<double, 3u>
  Reference Count: 2
  Modified Time: 1735
  Debug: Off
  Object Name: 
  Observers: 
    none
  Source: (none)
  Source output name: (none)
  Release Data: Off
  Data Released: False
  Global Release Data: Off
  PipelineMTime: 0
  UpdateMTime: 1518
  RealTimeStamp: 0 seconds 
  LargestPossibleRegion: 
    Dimension: 3
    Index: [0, 0, 0]
    Size: [384, 384, 288]
  BufferedRegion: 
    Dimension: 3
    Index: [0, 0, 0]
    Size: [384, 384, 288]
  RequestedRegion: 
    Dimension: 3
    Index: [0, 0, 0]
    Size: [384, 384, 288]
  Spacing: [0.598958, 0.598958, 0.599937]
  Origin: [85.9044, -155.274, 91.0901]
  Direction: 
-0 0 -1
1 -0 0
0 -1 0

  IndexToPointMatrix: 
0 0 -0.599937
0.598958 0 0
0 -0.598958 0

  PointToIndexMatrix: 
0 1.66957 0
0 0 -1.66957
-1.66684 0 0

  Inverse Direction: 
0 1 0
0 0 -1
-1 0 0

  PixelContainer: 
    ImportImageContainer (0x3ee2590)
      RTTI typeinfo:   itk::ImportImageContainer<unsigned long, double>
      Reference Count: 1
      Modified Time: 1515
      Debug: Off
      Object Name: 
      Observers: 
        none
      Pointer: 0x2b53a662b010
      Container manages memory: true
      Size: 42467328
      Capacity: 42467328

     Moving image = Image (0x3ed7470)
  RTTI typeinfo:   itk::Image<double, 3u>
  Reference Count: 2
  Modified Time: 1736
  Debug: Off
  Object Name: 
  Observers: 
    none
  Source: (none)
  Source output name: (none)
  Release Data: Off
  Data Released: False
  Global Release Data: Off
  PipelineMTime: 0
  UpdateMTime: 1733
  RealTimeStamp: 0 seconds 
  LargestPossibleRegion: 
    Dimension: 3
    Index: [0, 0, 0]
    Size: [224, 320, 320]
  BufferedRegion: 
    Dimension: 3
    Index: [0, 0, 0]
    Size: [224, 320, 320]
  RequestedRegion: 
    Dimension: 3
    Index: [0, 0, 0]
    Size: [224, 320, 320]
  Spacing: [0.699997, 0.7, 0.7]
  Origin: [-77.4301, 74.7286, -97.6632]
  Direction: 
1 0 0
0 -1 0
0 0 1

  IndexToPointMatrix: 
0.699997 0 0
0 -0.7 0
0 0 0.7

  PointToIndexMatrix: 
1.42858 0 0
0 -1.42857 0
0 0 1.42857

  Inverse Direction: 
1 0 0
0 -1 0
0 0 1

  PixelContainer: 
    ImportImageContainer (0x3ee8460)
      RTTI typeinfo:   itk::ImportImageContainer<unsigned long, double>
      Reference Count: 1
      Modified Time: 1730
      Debug: Off
      Object Name: 
      Observers: 
        none
      Pointer: 0x2b53baa2c010
      Container manages memory: true
      Size: 22937600
      Capacity: 22937600

     Weighting = 1
     Sampling strategy = regular
     Number of bins = 32
     Radius = 4
     Sampling percentage  = 0.25
   Transform = Rigid
     Gradient step = 0.1
     Update field sigma (voxel space) = 0
     Total field sigma (voxel space) = 0
     Update field time sigma = 0
     Total field time sigma  = 0
     Number of time indices = 0
     Number of time point samples = 0
Stage 2 State
   Image metric = Mattes
     Fixed image = Image (0x3edb270)
  RTTI typeinfo:   itk::Image<double, 3u>
  Reference Count: 2
  Modified Time: 2167
  Debug: Off
  Object Name: 
  Observers: 
    none
  Source: (none)
  Source output name: (none)
  Release Data: Off
  Data Released: False
  Global Release Data: Off
  PipelineMTime: 0
  UpdateMTime: 1950
  RealTimeStamp: 0 seconds 
  LargestPossibleRegion: 
    Dimension: 3
    Index: [0, 0, 0]
    Size: [384, 384, 288]
  BufferedRegion: 
    Dimension: 3
    Index: [0, 0, 0]
    Size: [384, 384, 288]
  RequestedRegion: 
    Dimension: 3
    Index: [0, 0, 0]
    Size: [384, 384, 288]
  Spacing: [0.598958, 0.598958, 0.599937]
  Origin: [85.9044, -155.274, 91.0901]
  Direction: 
-0 0 -1
1 -0 0
0 -1 0

  IndexToPointMatrix: 
0 0 -0.599937
0.598958 0 0
0 -0.598958 0

  PointToIndexMatrix: 
0 1.66957 0
0 0 -1.66957
-1.66684 0 0

  Inverse Direction: 
0 1 0
0 0 -1
-1 0 0

  PixelContainer: 
    ImportImageContainer (0x3ee0b50)
      RTTI typeinfo:   itk::ImportImageContainer<unsigned long, double>
      Reference Count: 1
      Modified Time: 1947
      Debug: Off
      Object Name: 
      Observers: 
        none
      Pointer: 0x2b53c592d010
      Container manages memory: true
      Size: 42467328
      Capacity: 42467328

     Moving image = Image (0x3ee1650)
  RTTI typeinfo:   itk::Image<double, 3u>
  Reference Count: 2
  Modified Time: 2168
  Debug: Off
  Object Name: 
  Observers: 
    none
  Source: (none)
  Source output name: (none)
  Release Data: Off
  Data Released: False
  Global Release Data: Off
  PipelineMTime: 0
  UpdateMTime: 2165
  RealTimeStamp: 0 seconds 
  LargestPossibleRegion: 
    Dimension: 3
    Index: [0, 0, 0]
    Size: [224, 320, 320]
  BufferedRegion: 
    Dimension: 3
    Index: [0, 0, 0]
    Size: [224, 320, 320]
  RequestedRegion: 
    Dimension: 3
    Index: [0, 0, 0]
    Size: [224, 320, 320]
  Spacing: [0.699997, 0.7, 0.7]
  Origin: [-77.4301, 74.7286, -97.6632]
  Direction: 
1 0 0
0 -1 0
0 0 1

  IndexToPointMatrix: 
0.699997 0 0
0 -0.7 0
0 0 0.7

  PointToIndexMatrix: 
1.42858 0 0
0 -1.42857 0
0 0 1.42857

  Inverse Direction: 
1 0 0
0 -1 0
0 0 1

  PixelContainer: 
    ImportImageContainer (0x3edb500)
      RTTI typeinfo:   itk::ImportImageContainer<unsigned long, double>
      Reference Count: 1
      Modified Time: 2162
      Debug: Off
      Object Name: 
      Observers: 
        none
      Pointer: 0x2b53d9d2e010
      Container manages memory: true
      Size: 22937600
      Capacity: 22937600

     Weighting = 1
     Sampling strategy = regular
     Number of bins = 32
     Radius = 4
     Sampling percentage  = 0.25
   Transform = Affine
     Gradient step = 0.1
     Update field sigma (voxel space) = 0
     Total field sigma (voxel space) = 0
     Update field time sigma = 0
     Total field time sigma  = 0
     Number of time indices = 0
     Number of time point samples = 0
Stage 3 State
   Image metric = Mattes
     Fixed image = Image (0x3edd180)
  RTTI typeinfo:   itk::Image<double, 3u>
  Reference Count: 2
  Modified Time: 2599
  Debug: Off
  Object Name: 
  Observers: 
    none
  Source: (none)
  Source output name: (none)
  Release Data: Off
  Data Released: False
  Global Release Data: Off
  PipelineMTime: 0
  UpdateMTime: 2382
  RealTimeStamp: 0 seconds 
  LargestPossibleRegion: 
    Dimension: 3
    Index: [0, 0, 0]
    Size: [384, 384, 288]
  BufferedRegion: 
    Dimension: 3
    Index: [0, 0, 0]
    Size: [384, 384, 288]
  RequestedRegion: 
    Dimension: 3
    Index: [0, 0, 0]
    Size: [384, 384, 288]
  Spacing: [0.598958, 0.598958, 0.599937]
  Origin: [85.9044, -155.274, 91.0901]
  Direction: 
-0 0 -1
1 -0 0
0 -1 0

  IndexToPointMatrix: 
0 0 -0.599937
0.598958 0 0
0 -0.598958 0

  PointToIndexMatrix: 
0 1.66957 0
0 0 -1.66957
-1.66684 0 0

  Inverse Direction: 
0 1 0
0 0 -1
-1 0 0

  PixelContainer: 
    ImportImageContainer (0x3eebef0)
      RTTI typeinfo:   itk::ImportImageContainer<unsigned long, double>
      Reference Count: 1
      Modified Time: 2379
      Debug: Off
      Object Name: 
      Observers: 
        none
      Pointer: 0x2b53e4c2f010
      Container manages memory: true
      Size: 42467328
      Capacity: 42467328

     Moving image = Image (0x3eeea00)
  RTTI typeinfo:   itk::Image<double, 3u>
  Reference Count: 2
  Modified Time: 2600
  Debug: Off
  Object Name: 
  Observers: 
    none
  Source: (none)
  Source output name: (none)
  Release Data: Off
  Data Released: False
  Global Release Data: Off
  PipelineMTime: 0
  UpdateMTime: 2597
  RealTimeStamp: 0 seconds 
  LargestPossibleRegion: 
    Dimension: 3
    Index: [0, 0, 0]
    Size: [224, 320, 320]
  BufferedRegion: 
    Dimension: 3
    Index: [0, 0, 0]
    Size: [224, 320, 320]
  RequestedRegion: 
    Dimension: 3
    Index: [0, 0, 0]
    Size: [224, 320, 320]
  Spacing: [0.699997, 0.7, 0.7]
  Origin: [-77.4301, 74.7286, -97.6632]
  Direction: 
1 0 0
0 -1 0
0 0 1

  IndexToPointMatrix: 
0.699997 0 0
0 -0.7 0
0 0 0.7

  PointToIndexMatrix: 
1.42858 0 0
0 -1.42857 0
0 0 1.42857

  Inverse Direction: 
1 0 0
0 -1 0
0 0 1

  PixelContainer: 
    ImportImageContainer (0x3ef3b20)
      RTTI typeinfo:   itk::ImportImageContainer<unsigned long, double>
      Reference Count: 1
      Modified Time: 2594
      Debug: Off
      Object Name: 
      Observers: 
        none
      Pointer: 0x2b53f9030010
      Container manages memory: true
      Size: 22937600
      Capacity: 22937600

     Weighting = 1
     Sampling strategy = none
     Number of bins = 32
     Radius = 4
     Sampling percentage  = 1
   Transform = SyN
     Gradient step = 0.1
     Update field sigma (voxel space) = 3
     Total field sigma (voxel space) = 0
     Update field time sigma = 0
     Total field time sigma  = 0
     Number of time indices = 0
     Number of time point samples = 0
Registration using 3 total stages.

Stage 0
  iterations = 1000x500x250x0
  convergence threshold = 1e-06
  convergence window size = 10
  number of levels = 4
  using the Mattes MI metric (number of bins = 32, weight = 1)
  preprocessing:  winsorizing the image intensities
  Shrink factors (level 1 out of 4): [12, 12, 12]
  Shrink factors (level 2 out of 4): [8, 8, 8]
  Shrink factors (level 3 out of 4): [4, 4, 4]
  Shrink factors (level 4 out of 4): [2, 2, 2]
  smoothing sigmas per level: [4, 3, 2, 1]
  regular sampling (percentage = 0.25)

*** Running Euler3DTransform registration ***

DIAGNOSTIC,Iteration,metricValue,convergenceValue,ITERATION_TIME_INDEX,SINCE_LAST
 2DIAGNOSTIC,     1, -5.212980496309e-01, 1.797693134862e+308, 9.3167e+00, 9.3167e+00, 
 2DIAGNOSTIC,     2, -5.245816277989e-01, 1.797693134862e+308, 9.3342e+00, 1.7506e-02, 
 2DIAGNOSTIC,     3, -5.309197864785e-01, 1.797693134862e+308, 9.3514e+00, 1.7164e-02, 
 2DIAGNOSTIC,     4, -5.397530806762e-01, 1.797693134862e+308, 9.3686e+00, 1.7188e-02, 
 2DIAGNOSTIC,     5, -5.519047198562e-01, 1.797693134862e+308, 9.3863e+00, 1.7700e-02, 
 2DIAGNOSTIC,     6, -5.706592712504e-01, 1.797693134862e+308, 9.4047e+00, 1.8441e-02, 
 2DIAGNOSTIC,     7, -5.956633349748e-01, 1.797693134862e+308, 9.4234e+00, 1.8681e-02, 
 2DIAGNOSTIC,     8, -6.044743090589e-01, 1.797693134862e+308, 9.4415e+00, 1.8151e-02, 
 2DIAGNOSTIC,     9, -6.118368241442e-01, 1.797693134862e+308, 9.4602e+00, 1.8623e-02, 
 2DIAGNOSTIC,    10, -6.175004405476e-01, 1.270167509278e-02, 9.4877e+00, 2.7581e-02, 
 2DIAGNOSTIC,    11, -6.236088822275e-01, 1.147346612217e-02, 9.5086e+00, 2.0896e-02, 
 2DIAGNOSTIC,    12, -6.255006049109e-01, 9.640010901014e-03, 9.5381e+00, 2.9455e-02, 
 2DIAGNOSTIC,    13, -6.274864653442e-01, 7.559294775699e-03, 9.5694e+00, 3.1293e-02, 
 2DIAGNOSTIC,    14, -6.284229564680e-01, 5.460801399414e-03, 9.5968e+00, 2.7432e-02, 
 2DIAGNOSTIC,    15, -6.285354794270e-01, 3.555304334822e-03, 9.6394e+00, 4.2571e-02, 
 2DIAGNOSTIC,    16, -6.294948425970e-01, 2.155783953670e-03, 9.6716e+00, 3.2202e-02, 
 2DIAGNOSTIC,    17, -6.289437833188e-01, 1.420658000811e-03, 9.6948e+00, 2.3159e-02, 
 2DIAGNOSTIC,    18, -6.289707217785e-01, 8.748651134335e-04, 9.7157e+00, 2.0921e-02, 
 2DIAGNOSTIC,    19, -6.289965165484e-01, 4.927631518412e-04, 9.7341e+00, 1.8441e-02, 
 2DIAGNOSTIC,    20, -6.290259209866e-01, 2.375287209339e-04, 9.7525e+00, 1.8352e-02, 
 2DIAGNOSTIC,    21, -6.292948337100e-01, 1.293540532043e-04, 9.7706e+00, 1.8117e-02, 
 2DIAGNOSTIC,    22, -6.299517738311e-01, 7.346087052959e-05, 9.7921e+00, 2.1533e-02, 
 2DIAGNOSTIC,    23, -6.310084903976e-01, 7.794778984287e-05, 9.8104e+00, 1.8284e-02, 
 2DIAGNOSTIC,    24, -6.316858867887e-01, 1.062053402731e-04, 9.8294e+00, 1.8956e-02, 
 2DIAGNOSTIC,    25, -6.329197533942e-01, 1.470130486086e-04, 9.8530e+00, 2.3674e-02, 
 2DIAGNOSTIC,    26, -6.335397010614e-01, 1.993696550844e-04, 9.8743e+00, 2.1225e-02, 
 2DIAGNOSTIC,    27, -6.343086726778e-01, 2.326823125748e-04, 9.8934e+00, 1.9122e-02, 
 2DIAGNOSTIC,    28, -6.356101671869e-01, 2.636751555385e-04, 9.9149e+00, 2.1485e-02, 
 2DIAGNOSTIC,    29, -6.353651434569e-01, 2.637570912425e-04, 9.9363e+00, 2.1428e-02, 
 2DIAGNOSTIC,    30, -6.362050837741e-01, 2.529647740132e-04, 9.9656e+00, 2.9307e-02, 
 2DIAGNOSTIC,    31, -6.362320951144e-01, 2.232554971324e-04, 9.9867e+00, 2.1082e-02, 
 2DIAGNOSTIC,    32, -6.361796003861e-01, 1.829965893361e-04, 1.0005e+01, 1.8442e-02, 
 2DIAGNOSTIC,    33, -6.361871212456e-01, 1.429815492692e-04, 1.0029e+01, 2.3849e-02, 
 2DIAGNOSTIC,    34, -6.361432066092e-01, 1.003261907755e-04, 1.0050e+01, 2.0883e-02, 
 2DIAGNOSTIC,    35, -6.361338907680e-01, 6.698678720583e-05, 1.0071e+01, 2.1300e-02, 
 2DIAGNOSTIC,    36, -6.361107319844e-01, 3.679089845783e-05, 1.0092e+01, 2.1270e-02, 
 2DIAGNOSTIC,    37, -6.360908079886e-01, 1.391484978282e-05, 1.0113e+01, 2.1011e-02, 
 2DIAGNOSTIC,    38, -6.360756134344e-01, 6.908928769939e-06, 1.0132e+01, 1.8720e-02, 
DIAGNOSTIC,Iteration,metricValue,convergenceValue,ITERATION_TIME_INDEX,SINCE_LAST
 2DIAGNOSTIC,     1, -5.773839008701e-01, 1.797693134862e+308, 1.9704e+01, 9.5715e+00, 
 2DIAGNOSTIC,     2, -5.784664232404e-01, 1.797693134862e+308, 1.9784e+01, 8.0222e-02, 
 2DIAGNOSTIC,     3, -5.796276590191e-01, 1.797693134862e+308, 1.9864e+01, 8.0380e-02, 
 2DIAGNOSTIC,     4, -5.815921018176e-01, 1.797693134862e+308, 1.9944e+01, 7.9499e-02, 
 2DIAGNOSTIC,     5, -5.835450449465e-01, 1.797693134862e+308, 2.0022e+01, 7.7847e-02, 
 2DIAGNOSTIC,     6, -5.844513145487e-01, 1.797693134862e+308, 2.0099e+01, 7.7492e-02, 
 2DIAGNOSTIC,     7, -5.850056106992e-01, 1.797693134862e+308, 2.0179e+01, 7.9430e-02, 
 2DIAGNOSTIC,     8, -5.866986813763e-01, 1.797693134862e+308, 2.0283e+01, 1.0418e-01, 
 2DIAGNOSTIC,     9, -5.871758174406e-01, 1.797693134862e+308, 2.0385e+01, 1.0203e-01, 
 2DIAGNOSTIC,    10, -5.870574314692e-01, 1.172498250021e-03, 2.0463e+01, 7.8414e-02, 
 2DIAGNOSTIC,    11, -5.877910402242e-01, 9.459941102870e-04, 2.0601e+01, 1.3755e-01, 
 2DIAGNOSTIC,    12, -5.881299680148e-01, 7.301395349125e-04, 2.0692e+01, 9.0773e-02, 
 2DIAGNOSTIC,    13, -5.879996294401e-01, 5.186609773092e-04, 2.0770e+01, 7.8352e-02, 
 2DIAGNOSTIC,    14, -5.878528956559e-01, 3.527999604545e-04, 2.0857e+01, 8.7522e-02, 
 2DIAGNOSTIC,    15, -5.878829379587e-01, 2.418926505479e-04, 2.0968e+01, 1.1083e-01, 
 2DIAGNOSTIC,    16, -5.878817677722e-01, 1.502556279633e-04, 2.1054e+01, 8.5949e-02, 
 2DIAGNOSTIC,    17, -5.878802670839e-01, 7.003851067779e-05, 2.1141e+01, 8.6585e-02, 
 2DIAGNOSTIC,    18, -5.878749281635e-01, 3.798292836877e-05, 2.1230e+01, 8.9496e-02, 
 2DIAGNOSTIC,    19, -5.878719409808e-01, 1.860761359461e-05, 2.1309e+01, 7.8553e-02, 
DIAGNOSTIC,Iteration,metricValue,convergenceValue,ITERATION_TIME_INDEX,SINCE_LAST
 2DIAGNOSTIC,     1, -5.155230281276e-01, 1.797693134862e+308, 3.0832e+01, 9.5233e+00, 
 2DIAGNOSTIC,     2, -5.158455599175e-01, 1.797693134862e+308, 3.1373e+01, 5.4121e-01, 
 2DIAGNOSTIC,     3, -5.160046588513e-01, 1.797693134862e+308, 3.1917e+01, 5.4388e-01, 
 2DIAGNOSTIC,     4, -5.161093676283e-01, 1.797693134862e+308, 3.2545e+01, 6.2789e-01, 
 2DIAGNOSTIC,     5, -5.161411003769e-01, 1.797693134862e+308, 3.3179e+01, 6.3349e-01, 
 2DIAGNOSTIC,     6, -5.161252846342e-01, 1.797693134862e+308, 3.3844e+01, 6.6544e-01, 
 2DIAGNOSTIC,     7, -5.161340124987e-01, 1.797693134862e+308, 3.4813e+01, 9.6910e-01, 
 2DIAGNOSTIC,     8, -5.161385525079e-01, 1.797693134862e+308, 3.5441e+01, 6.2759e-01, 
 2DIAGNOSTIC,     9, -5.161378357853e-01, 1.797693134862e+308, 3.6105e+01, 6.6420e-01, 
 2DIAGNOSTIC,    10, -5.161375544444e-01, 5.675725884920e-05, 3.6744e+01, 6.3910e-01, 
 2DIAGNOSTIC,    11, -5.161373628894e-01, 2.432842907274e-05, 3.7288e+01, 5.4357e-01, 
 2DIAGNOSTIC,    12, -5.161346506490e-01, 9.928615423815e-06, 3.8437e+01, 1.1493e+00, 
 2DIAGNOSTIC,    13, -5.161347721692e-01, 3.709251843134e-06, 3.9161e+01, 7.2447e-01, 
 2DIAGNOSTIC,    14, -5.161323278783e-01, 2.247358076510e-06, 3.9709e+01, 5.4782e-01, 
 2DIAGNOSTIC,    15, -5.161268342147e-01, 1.970615884125e-06, 4.0257e+01, 5.4785e-01, 
 2DIAGNOSTIC,    16, -5.161271818930e-01, 1.207668289580e-06, 4.0891e+01, 6.3399e-01, 
DIAGNOSTIC,Iteration,metricValue,convergenceValue,ITERATION_TIME_INDEX,SINCE_LAST
 2DIAGNOSTIC,     1, -4.521269173574e-01, 1.797693134862e+308, 5.4435e+01, 1.3544e+01, 
  Elapsed time (stage 0): 5.7777e+01


Stage 1
  iterations = 1000x500x250x0
  convergence threshold = 1.0000e-06
  convergence window size = 10
  number of levels = 4
  using the Mattes MI metric (number of bins = 32, weight = 1.0000e+00)
  preprocessing:  winsorizing the image intensities
  Shrink factors (level 1 out of 4): [12, 12, 12]
  Shrink factors (level 2 out of 4): [8, 8, 8]
  Shrink factors (level 3 out of 4): [4, 4, 4]
  Shrink factors (level 4 out of 4): [2, 2, 2]
  smoothing sigmas per level: [4, 3, 2, 1]
  regular sampling (percentage = 2.5000e-01)

*** Running AffineTransform registration ***

DIAGNOSTIC,Iteration,metricValue,convergenceValue,ITERATION_TIME_INDEX,SINCE_LAST
 2DIAGNOSTIC,     1, -6.233467820692e-01, 1.797693134862e+308, 9.3220e+00, 9.3220e+00, 
 2DIAGNOSTIC,     2, -6.255862343656e-01, 1.797693134862e+308, 9.3563e+00, 3.4330e-02, 
 2DIAGNOSTIC,     3, -6.299277843695e-01, 1.797693134862e+308, 9.3856e+00, 2.9278e-02, 
 2DIAGNOSTIC,     4, -6.362180812067e-01, 1.797693134862e+308, 9.4153e+00, 2.9711e-02, 
 2DIAGNOSTIC,     5, -6.461968337039e-01, 1.797693134862e+308, 9.4445e+00, 2.9198e-02, 
 2DIAGNOSTIC,     6, -6.630283502344e-01, 1.797693134862e+308, 9.4750e+00, 3.0501e-02, 
 2DIAGNOSTIC,     7, -6.806580976721e-01, 1.797693134862e+308, 9.5099e+00, 3.4911e-02, 
 2DIAGNOSTIC,     8, -6.937107916285e-01, 1.797693134862e+308, 9.5449e+00, 3.4957e-02, 
 2DIAGNOSTIC,     9, -6.991581506783e-01, 1.797693134862e+308, 9.5757e+00, 3.0866e-02, 
 2DIAGNOSTIC,    10, -7.030890330819e-01, 9.145124478807e-03, 9.6188e+00, 4.3016e-02, 
 2DIAGNOSTIC,    11, -7.041165163924e-01, 8.240500479265e-03, 9.6534e+00, 3.4694e-02, 
 2DIAGNOSTIC,    12, -7.046867233334e-01, 6.852532275387e-03, 9.6884e+00, 3.4913e-02, 
 2DIAGNOSTIC,    13, -7.050497004953e-01, 5.225369432252e-03, 9.7235e+00, 3.5129e-02, 
 2DIAGNOSTIC,    14, -7.049718632210e-01, 3.558485860277e-03, 9.7616e+00, 3.8114e-02, 
 2DIAGNOSTIC,    15, -7.054467275117e-01, 2.089745830697e-03, 9.7926e+00, 3.0968e-02, 
 2DIAGNOSTIC,    16, -7.057740378379e-01, 1.063751174258e-03, 9.8242e+00, 3.1632e-02, 
 2DIAGNOSTIC,    17, -7.061800072891e-01, 5.035789887148e-04, 9.8461e+00, 2.1879e-02, 
 2DIAGNOSTIC,    18, -7.073576008708e-01, 2.897747605968e-04, 9.8755e+00, 2.9378e-02, 
 2DIAGNOSTIC,    19, -7.075375110732e-01, 1.936241858524e-04, 9.8995e+00, 2.4081e-02, 
 2DIAGNOSTIC,    20, -7.076573125471e-01, 1.737093664240e-04, 9.9275e+00, 2.7920e-02, 
 2DIAGNOSTIC,    21, -7.079807314718e-01, 1.663920608084e-04, 9.9550e+00, 2.7548e-02, 
 2DIAGNOSTIC,    22, -7.080519650158e-01, 1.560928201744e-04, 9.9809e+00, 2.5927e-02, 
 2DIAGNOSTIC,    23, -7.080802961044e-01, 1.392304197846e-04, 1.0006e+01, 2.5476e-02, 
 2DIAGNOSTIC,    24, -7.081110559261e-01, 1.100066140615e-04, 1.0036e+01, 2.9703e-02, 
 2DIAGNOSTIC,    25, -7.081232509190e-01, 8.123657180920e-05, 1.0058e+01, 2.2306e-02, 
 2DIAGNOSTIC,    26, -7.081133399319e-01, 5.226698700075e-05, 1.0093e+01, 3.4561e-02, 
 2DIAGNOSTIC,    27, -7.080845437105e-01, 2.598286029343e-05, 1.0127e+01, 3.4318e-02, 
 2DIAGNOSTIC,    28, -7.080876886570e-01, 1.667970180903e-05, 1.0151e+01, 2.3750e-02, 
 2DIAGNOSTIC,    29, -7.080824667328e-01, 9.053802344013e-06, 1.0172e+01, 2.0617e-02, 
 2DIAGNOSTIC,    30, -7.081029511146e-01, 3.005045453475e-06, 1.0195e+01, 2.3388e-02, 
DIAGNOSTIC,Iteration,metricValue,convergenceValue,ITERATION_TIME_INDEX,SINCE_LAST
 2DIAGNOSTIC,     1, -6.296858950904e-01, 1.797693134862e+308, 1.9911e+01, 9.7156e+00, 
 2DIAGNOSTIC,     2, -6.307727558954e-01, 1.797693134862e+308, 1.9999e+01, 8.8790e-02, 
 2DIAGNOSTIC,     3, -6.324062315779e-01, 1.797693134862e+308, 2.0088e+01, 8.8181e-02, 
 2DIAGNOSTIC,     4, -6.342982225358e-01, 1.797693134862e+308, 2.0175e+01, 8.7497e-02, 
 2DIAGNOSTIC,     5, -6.365990607670e-01, 1.797693134862e+308, 2.0261e+01, 8.6276e-02, 
 2DIAGNOSTIC,     6, -6.389094509333e-01, 1.797693134862e+308, 2.0364e+01, 1.0302e-01, 
 2DIAGNOSTIC,     7, -6.398483255838e-01, 1.797693134862e+308, 2.0519e+01, 1.5505e-01, 
 2DIAGNOSTIC,     8, -6.399892397518e-01, 1.797693134862e+308, 2.0670e+01, 1.5069e-01, 
 2DIAGNOSTIC,     9, -6.402415433994e-01, 1.797693134862e+308, 2.0774e+01, 1.0348e-01, 
 2DIAGNOSTIC,    10, -6.405425353667e-01, 1.228117585702e-03, 2.0875e+01, 1.0154e-01, 
 2DIAGNOSTIC,    11, -6.405745258011e-01, 9.289281422316e-04, 2.0981e+01, 1.0586e-01, 
 2DIAGNOSTIC,    12, -6.406113670251e-01, 6.384904262817e-04, 2.1088e+01, 1.0702e-01, 
 2DIAGNOSTIC,    13, -6.409295078933e-01, 4.028071992831e-04, 2.1189e+01, 1.0067e-01, 
 2DIAGNOSTIC,    14, -6.411947989275e-01, 2.321265250318e-04, 2.1303e+01, 1.1473e-01, 
 2DIAGNOSTIC,    15, -6.412072846623e-01, 1.302239114957e-04, 2.1392e+01, 8.8560e-02, 
 2DIAGNOSTIC,    16, -6.412785219854e-01, 9.526639040035e-05, 2.1495e+01, 1.0253e-01, 
 2DIAGNOSTIC,    17, -6.414376419553e-01, 8.473157420411e-05, 2.1650e+01, 1.5521e-01, 
 2DIAGNOSTIC,    18, -6.414048494118e-01, 7.007179441923e-05, 2.1738e+01, 8.8366e-02, 
 2DIAGNOSTIC,    19, -6.414304102505e-01, 5.692421257553e-05, 2.1842e+01, 1.0398e-01, 
 2DIAGNOSTIC,    20, -6.414102514554e-01, 4.631738806168e-05, 2.1951e+01, 1.0842e-01, 
 2DIAGNOSTIC,    21, -6.414072717754e-01, 3.329296465481e-05, 2.2055e+01, 1.0424e-01, 
 2DIAGNOSTIC,    22, -6.414038927494e-01, 1.899999187403e-05, 2.2176e+01, 1.2116e-01, 
 2DIAGNOSTIC,    23, -6.414029766047e-01, 1.031677966690e-05, 2.2289e+01, 1.1301e-01, 
 2DIAGNOSTIC,    24, -6.414045234166e-01, 6.518424176406e-06, 2.2410e+01, 1.2102e-01, 
 2DIAGNOSTIC,    25, -6.414095438097e-01, 2.839976396427e-06, 2.2551e+01, 1.4095e-01, 
DIAGNOSTIC,Iteration,metricValue,convergenceValue,ITERATION_TIME_INDEX,SINCE_LAST
 2DIAGNOSTIC,     1, -5.648584595217e-01, 1.797693134862e+308, 3.2558e+01, 1.0007e+01, 
 2DIAGNOSTIC,     2, -5.654623219212e-01, 1.797693134862e+308, 3.3146e+01, 5.8802e-01, 
 2DIAGNOSTIC,     3, -5.661064575999e-01, 1.797693134862e+308, 3.3760e+01, 6.1403e-01, 
 2DIAGNOSTIC,     4, -5.665535441048e-01, 1.797693134862e+308, 3.4364e+01, 6.0423e-01, 
 2DIAGNOSTIC,     5, -5.669394280531e-01, 1.797693134862e+308, 3.4958e+01, 5.9395e-01, 
 2DIAGNOSTIC,     6, -5.672661751710e-01, 1.797693134862e+308, 3.5643e+01, 6.8516e-01, 
 2DIAGNOSTIC,     7, -5.675300409282e-01, 1.797693134862e+308, 3.6322e+01, 6.7808e-01, 
 2DIAGNOSTIC,     8, -5.675579135597e-01, 1.797693134862e+308, 3.6909e+01, 5.8721e-01, 
 2DIAGNOSTIC,     9, -5.676190138938e-01, 1.797693134862e+308, 3.7972e+01, 1.0635e+00, 
 2DIAGNOSTIC,    10, -5.676374741778e-01, 3.136944688288e-04, 3.8560e+01, 5.8756e-01, 
 2DIAGNOSTIC,    11, -5.676337195467e-01, 2.120833477998e-04, 3.9235e+01, 6.7512e-01, 
 2DIAGNOSTIC,    12, -5.676439918840e-01, 1.338624701091e-04, 3.9914e+01, 6.7861e-01, 
 2DIAGNOSTIC,    13, -5.676416571882e-01, 8.041654761574e-05, 4.0499e+01, 5.8577e-01, 
 2DIAGNOSTIC,    14, -5.676323242205e-01, 4.306685350308e-05, 4.1175e+01, 6.7595e-01, 
 2DIAGNOSTIC,    15, -5.676093693917e-01, 1.890979805975e-05, 4.1876e+01, 7.0095e-01, 
 2DIAGNOSTIC,    16, -5.676192817237e-01, 6.600466243997e-06, 4.2558e+01, 6.8192e-01, 
 2DIAGNOSTIC,    17, -5.675989411297e-01, 2.476819444736e-06, 4.3156e+01, 5.9786e-01, 
DIAGNOSTIC,Iteration,metricValue,convergenceValue,ITERATION_TIME_INDEX,SINCE_LAST
 2DIAGNOSTIC,     1, -4.930940688110e-01, 1.797693134862e+308, 5.7424e+01, 1.4268e+01, 
  Elapsed time (stage 1): 6.0753e+01


Stage 2
  iterations = 100x100x70x50x0
  convergence threshold = 1.0000e-06
  convergence window size = 10
  number of levels = 5
  using the Mattes MI metric (number of bins = 32, weight = 1.0000e+00)
  preprocessing:  winsorizing the image intensities
  Shrink factors (level 1 out of 5): [10, 10, 10]
  Shrink factors (level 2 out of 5): [6, 6, 6]
  Shrink factors (level 3 out of 5): [4, 4, 4]
  Shrink factors (level 4 out of 5): [2, 2, 2]
  Shrink factors (level 5 out of 5): [1, 1, 1]
  smoothing sigmas per level: [5, 3, 2, 1, 0]
  Using default NONE metricSamplingStrategy 

*** Running SyN registration (varianceForUpdateField = 3.0000e+00, varianceForTotalField = 0.0000e+00) ***

XXDIAGNOSTIC,Iteration,metricValue,convergenceValue,ITERATION_TIME_INDEX,SINCE_LAST
 1DIAGNOSTIC,     1, -6.624949650824e-01, 1.797693134862e+308, 9.4257e+00, 9.4257e+00, 
 1DIAGNOSTIC,     2, -6.772106790392e-01, 1.797693134862e+308, 9.7077e+00, 2.8202e-01, 
 1DIAGNOSTIC,     3, -6.901097396482e-01, 1.797693134862e+308, 9.9653e+00, 2.5754e-01, 
 1DIAGNOSTIC,     4, -7.033264906910e-01, 1.797693134862e+308, 1.0242e+01, 2.7668e-01, 
 1DIAGNOSTIC,     5, -7.135211430269e-01, 1.797693134862e+308, 1.0507e+01, 2.6515e-01, 
 1DIAGNOSTIC,     6, -7.229261388081e-01, 1.797693134862e+308, 1.0767e+01, 2.5948e-01, 
 1DIAGNOSTIC,     7, -7.308562302653e-01, 1.797693134862e+308, 1.1027e+01, 2.6086e-01, 
 1DIAGNOSTIC,     8, -7.379410492416e-01, 1.797693134862e+308, 1.1293e+01, 2.6594e-01, 
 1DIAGNOSTIC,     9, -7.436062985536e-01, 1.797693134862e+308, 1.1555e+01, 2.6152e-01, 
 1DIAGNOSTIC,    10, -7.486149662410e-01, 7.660376824538e-03, 1.1821e+01, 2.6621e-01, 
 1DIAGNOSTIC,    11, -7.533884243879e-01, 6.069225646025e-03, 1.2090e+01, 2.6862e-01, 
 1DIAGNOSTIC,    12, -7.567357350588e-01, 4.799161528457e-03, 1.2358e+01, 2.6876e-01, 
 1DIAGNOSTIC,    13, -7.599215541213e-01, 3.780480698058e-03, 1.2627e+01, 2.6861e-01, 
 1DIAGNOSTIC,    14, -7.628321235310e-01, 3.017941780996e-03, 1.2898e+01, 2.7077e-01, 
 1DIAGNOSTIC,    15, -7.650841128667e-01, 2.406270950615e-03, 1.3168e+01, 2.6996e-01, 
 1DIAGNOSTIC,    16, -7.674636034207e-01, 1.937516301713e-03, 1.3438e+01, 2.7044e-01, 
 1DIAGNOSTIC,    17, -7.694907786046e-01, 1.572600358918e-03, 1.3708e+01, 2.6972e-01, 
 1DIAGNOSTIC,    18, -7.716340500591e-01, 1.301348222508e-03, 1.3977e+01, 2.6950e-01, 
 1DIAGNOSTIC,    19, -7.734301542672e-01, 1.089092581315e-03, 1.4247e+01, 2.6923e-01, 
 1DIAGNOSTIC,    20, -7.750364508885e-01, 9.234906767338e-04, 1.4518e+01, 2.7137e-01, 
 1DIAGNOSTIC,    21, -7.764050471673e-01, 7.998010622326e-04, 1.4804e+01, 2.8635e-01, 
 1DIAGNOSTIC,    22, -7.778308276408e-01, 6.954007539714e-04, 1.5125e+01, 3.2071e-01, 
 1DIAGNOSTIC,    23, -7.790768174724e-01, 6.081387784447e-04, 1.5425e+01, 2.9959e-01, 
 1DIAGNOSTIC,    24, -7.802198633648e-01, 5.353581054954e-04, 1.5695e+01, 2.7047e-01, 
 1DIAGNOSTIC,    25, -7.813388748503e-01, 4.692264921672e-04, 1.5969e+01, 2.7343e-01, 
 1DIAGNOSTIC,    26, -7.822761635480e-01, 4.123735899316e-04, 1.6251e+01, 2.8262e-01, 
 1DIAGNOSTIC,    27, -7.834104707617e-01, 3.650256249101e-04, 1.6524e+01, 2.7307e-01, 
 1DIAGNOSTIC,    28, -7.841538425740e-01, 3.253598572452e-04, 1.6811e+01, 2.8636e-01, 
 1DIAGNOSTIC,    29, -7.850309739575e-01, 2.924431009295e-04, 1.7091e+01, 2.7988e-01, 
 1DIAGNOSTIC,    30, -7.856765612886e-01, 2.622919410337e-04, 1.7361e+01, 2.7052e-01, 
 1DIAGNOSTIC,    31, -7.864265148550e-01, 2.348831935891e-04, 1.7633e+01, 2.7196e-01, 
 1DIAGNOSTIC,    32, -7.874027104995e-01, 2.150264012862e-04, 1.7923e+01, 2.9044e-01, 
 1DIAGNOSTIC,    33, -7.879103834372e-01, 1.957435318247e-04, 1.8214e+01, 2.9088e-01, 
 1DIAGNOSTIC,    34, -7.886460883517e-01, 1.797634358607e-04, 1.8487e+01, 2.7286e-01, 
 1DIAGNOSTIC,    35, -7.891961403322e-01, 1.654510172306e-04, 1.8805e+01, 3.1798e-01, 
 1DIAGNOSTIC,    36, -7.897988797730e-01, 1.520735017791e-04, 1.9092e+01, 2.8670e-01, 
 1DIAGNOSTIC,    37, -7.901230578852e-01, 1.396141352011e-04, 1.9364e+01, 2.7258e-01, 
 1DIAGNOSTIC,    38, -7.908302077908e-01, 1.287640569772e-04, 1.9636e+01, 2.7202e-01, 
 1DIAGNOSTIC,    39, -7.913673352657e-01, 1.196877410301e-04, 1.9916e+01, 2.7972e-01, 
 1DIAGNOSTIC,    40, -7.919265793793e-01, 1.108251929391e-04, 2.0205e+01, 2.8904e-01, 
 1DIAGNOSTIC,    41, -7.924209116382e-01, 1.030316415711e-04, 2.0479e+01, 2.7340e-01, 
 1DIAGNOSTIC,    42, -7.930136956753e-01, 9.971816519290e-05, 2.0816e+01, 3.3710e-01, 
 1DIAGNOSTIC,    43, -7.931364957784e-01, 9.238387177554e-05, 2.1114e+01, 2.9782e-01, 
 1DIAGNOSTIC,    44, -7.936405851717e-01, 8.706432611331e-05, 2.1434e+01, 3.2045e-01, 
 1DIAGNOSTIC,    45, -7.938580627750e-01, 7.991888162327e-05, 2.1706e+01, 2.7234e-01, 
 1DIAGNOSTIC,    46, -7.943759204235e-01, 7.453380276203e-05, 2.1978e+01, 2.7192e-01, 
 1DIAGNOSTIC,    47, -7.949605966394e-01, 6.932331632278e-05, 2.2250e+01, 2.7164e-01, 
 1DIAGNOSTIC,    48, -7.950750082837e-01, 6.400124276686e-05, 2.2567e+01, 3.1659e-01, 
 1DIAGNOSTIC,    49, -7.956564285542e-01, 6.130157685356e-05, 2.2890e+01, 3.2337e-01, 
 1DIAGNOSTIC,    50, -7.956968242324e-01, 5.720476395794e-05, 2.3168e+01, 2.7785e-01, 
 1DIAGNOSTIC,    51, -7.962006338780e-01, 5.500304504687e-05, 2.3465e+01, 2.9776e-01, 
 1DIAGNOSTIC,    52, -7.962809866695e-01, 5.238176976253e-05, 2.3788e+01, 3.2281e-01, 
 1DIAGNOSTIC,    53, -7.965372021081e-01, 4.750105866946e-05, 2.4112e+01, 3.2364e-01, 
 1DIAGNOSTIC,    54, -7.970254882528e-01, 4.509178897282e-05, 2.4385e+01, 2.7332e-01, 
 1DIAGNOSTIC,    55, -7.973856015679e-01, 4.223727408328e-05, 2.4658e+01, 2.7319e-01, 
 1DIAGNOSTIC,    56, -7.976265151318e-01, 4.038058660921e-05, 2.4969e+01, 3.1064e-01, 
 1DIAGNOSTIC,    57, -7.977088651240e-01, 3.911228021514e-05, 2.5289e+01, 3.1971e-01, 
 1DIAGNOSTIC,    58, -7.978218495311e-01, 3.557803519842e-05, 2.5609e+01, 3.2027e-01, 
 1DIAGNOSTIC,    59, -7.980495380088e-01, 3.382767942454e-05, 2.5930e+01, 3.2050e-01, 
 1DIAGNOSTIC,    60, -7.981865266331e-01, 2.989095084222e-05, 2.6254e+01, 3.2415e-01, 
 1DIAGNOSTIC,    61, -7.982979869949e-01, 2.699190571044e-05, 2.6574e+01, 3.2008e-01, 
 1DIAGNOSTIC,    62, -7.987006540373e-01, 2.452690879637e-05, 2.6858e+01, 2.8368e-01, 
 1DIAGNOSTIC,    63, -7.984966539898e-01, 2.004034090399e-05, 2.7167e+01, 3.0914e-01, 
 1DIAGNOSTIC,    64, -7.988938536381e-01, 1.890229016145e-05, 2.7439e+01, 2.7245e-01, 
 1DIAGNOSTIC,    65, -7.987432155249e-01, 1.712718353012e-05, 2.7710e+01, 2.7135e-01, 
 1DIAGNOSTIC,    66, -7.991330974881e-01, 1.733342330094e-05, 2.8027e+01, 3.1609e-01, 
 1DIAGNOSTIC,    67, -7.991780724328e-01, 1.654641655197e-05, 2.8344e+01, 3.1744e-01, 
 1DIAGNOSTIC,    68, -7.996078617099e-01, 1.714869125463e-05, 2.8665e+01, 3.2130e-01, 
 1DIAGNOSTIC,    69, -7.993441790495e-01, 1.590037598585e-05, 2.8972e+01, 3.0697e-01, 
 1DIAGNOSTIC,    70, -7.992701091407e-01, 1.359011960753e-05, 2.9246e+01, 2.7335e-01, 
 1DIAGNOSTIC,    71, -7.994020292701e-01, 1.129488374561e-05, 2.9559e+01, 3.1370e-01, 
 1DIAGNOSTIC,    72, -7.996545125863e-01, 1.132212769211e-05, 2.9850e+01, 2.9036e-01, 
 1DIAGNOSTIC,    73, -7.994896156396e-01, 8.354017493899e-06, 3.0153e+01, 3.0322e-01, 
 1DIAGNOSTIC,    74, -7.997189683955e-01, 7.909672359223e-06, 3.0445e+01, 2.9215e-01, 
 1DIAGNOSTIC,    75, -7.996039679410e-01, 5.433481061872e-06, 3.0719e+01, 2.7434e-01, 
 1DIAGNOSTIC,    76, -7.998474717654e-01, 5.583091444572e-06, 3.1011e+01, 2.9116e-01, 
 1DIAGNOSTIC,    77, -7.998459725935e-01, 5.316713515380e-06, 3.1290e+01, 2.7946e-01, 
 1DIAGNOSTIC,    78, -7.999406089240e-01, 7.087518044588e-06, 3.1565e+01, 2.7547e-01, 
 1DIAGNOSTIC,    79, -7.999018957459e-01, 6.802104516012e-06, 3.1864e+01, 2.9855e-01, 
 1DIAGNOSTIC,    80, -7.997952848829e-01, 5.079349157132e-06, 3.2143e+01, 2.7927e-01, 
 1DIAGNOSTIC,    81, -7.995792947296e-01, 2.548363765391e-06, 3.2468e+01, 3.2448e-01, 
 1DIAGNOSTIC,    82, -7.994780089415e-01, 5.832024259078e-07, 3.2771e+01, 3.0278e-01, 
XXDIAGNOSTIC,Iteration,metricValue,convergenceValue,ITERATION_TIME_INDEX,SINCE_LAST
 1DIAGNOSTIC,     1, -6.698056145149e-01, 1.797693134862e+308, 4.3503e+01, 1.0733e+01, 
 1DIAGNOSTIC,     2, -6.735182867341e-01, 1.797693134862e+308, 4.4785e+01, 1.2819e+00, 
 1DIAGNOSTIC,     3, -6.771359364091e-01, 1.797693134862e+308, 4.6063e+01, 1.2776e+00, 
 1DIAGNOSTIC,     4, -6.806608928269e-01, 1.797693134862e+308, 4.7404e+01, 1.3417e+00, 
 1DIAGNOSTIC,     5, -6.836448654227e-01, 1.797693134862e+308, 4.8601e+01, 1.1969e+00, 
 1DIAGNOSTIC,     6, -6.862659369101e-01, 1.797693134862e+308, 4.9741e+01, 1.1392e+00, 
 1DIAGNOSTIC,     7, -6.886036594707e-01, 1.797693134862e+308, 5.1000e+01, 1.2594e+00, 
 1DIAGNOSTIC,     8, -6.907496393085e-01, 1.797693134862e+308, 5.2077e+01, 1.0769e+00, 
 1DIAGNOSTIC,     9, -6.925729944463e-01, 1.797693134862e+308, 5.3249e+01, 1.1725e+00, 
 1DIAGNOSTIC,    10, -6.942495342101e-01, 2.280688940973e-03, 5.4386e+01, 1.1362e+00, 
 1DIAGNOSTIC,    11, -6.956716445048e-01, 1.858069439065e-03, 5.5478e+01, 1.0921e+00, 
 1DIAGNOSTIC,    12, -6.968355991287e-01, 1.506914999518e-03, 5.6640e+01, 1.1623e+00, 
 1DIAGNOSTIC,    13, -6.981582354995e-01, 1.230035962499e-03, 5.7735e+01, 1.0947e+00, 
 1DIAGNOSTIC,    14, -6.992360601738e-01, 1.015919165022e-03, 5.8882e+01, 1.1477e+00, 
 1DIAGNOSTIC,    15, -7.005215476281e-01, 8.544344601135e-04, 6.0109e+01, 1.2268e+00, 
 1DIAGNOSTIC,    16, -7.016402638641e-01, 7.304533050077e-04, 6.1287e+01, 1.1782e+00, 
 1DIAGNOSTIC,    17, -7.025736668166e-01, 6.325165215410e-04, 6.2436e+01, 1.1484e+00, 
 1DIAGNOSTIC,    18, -7.035896399239e-01, 5.589449712589e-04, 6.3657e+01, 1.2213e+00, 
 1DIAGNOSTIC,    19, -7.046238761605e-01, 5.025908117737e-04, 6.4890e+01, 1.2334e+00, 
 1DIAGNOSTIC,    20, -7.056212923670e-01, 4.595656407004e-04, 6.6013e+01, 1.1222e+00, 
 1DIAGNOSTIC,    21, -7.066492005841e-01, 4.253939800441e-04, 6.7130e+01, 1.1175e+00, 
 1DIAGNOSTIC,    22, -7.077455586820e-01, 3.963923310233e-04, 6.8349e+01, 1.2192e+00, 
 1DIAGNOSTIC,    23, -7.086592586332e-01, 3.723923859841e-04, 6.9543e+01, 1.1938e+00, 
 1DIAGNOSTIC,    24, -7.096127790501e-01, 3.497829418523e-04, 7.0834e+01, 1.2903e+00, 
 1DIAGNOSTIC,    25, -7.105001893701e-01, 3.313817437524e-04, 7.1961e+01, 1.1269e+00, 
 1DIAGNOSTIC,    26, -7.113681261585e-01, 3.142424537493e-04, 7.3159e+01, 1.1984e+00, 
 1DIAGNOSTIC,    27, -7.121640493429e-01, 2.946812366769e-04, 7.4322e+01, 1.1635e+00, 
 1DIAGNOSTIC,    28, -7.130696881655e-01, 2.765282496143e-04, 7.5680e+01, 1.3574e+00, 
 1DIAGNOSTIC,    29, -7.137949300500e-01, 2.580390398267e-04, 7.6898e+01, 1.2186e+00, 
 1DIAGNOSTIC,    30, -7.145185551109e-01, 2.395990990229e-04, 7.8089e+01, 1.1908e+00, 
 1DIAGNOSTIC,    31, -7.152711943774e-01, 2.228581501852e-04, 7.9236e+01, 1.1472e+00, 
 1DIAGNOSTIC,    32, -7.157298947041e-01, 2.056532573579e-04, 8.0470e+01, 1.2337e+00, 
 1DIAGNOSTIC,    33, -7.162939483563e-01, 1.881005507684e-04, 8.1655e+01, 1.1847e+00, 
 1DIAGNOSTIC,    34, -7.167481123437e-01, 1.704224588500e-04, 8.2772e+01, 1.1168e+00, 
 1DIAGNOSTIC,    35, -7.173743037251e-01, 1.550175722863e-04, 8.3891e+01, 1.1197e+00, 
 1DIAGNOSTIC,    36, -7.177613577366e-01, 1.397358518730e-04, 8.5171e+01, 1.2794e+00, 
 1DIAGNOSTIC,    37, -7.184531012314e-01, 1.282149063304e-04, 8.6356e+01, 1.1857e+00, 
 1DIAGNOSTIC,    38, -7.187727852698e-01, 1.180525213087e-04, 8.7477e+01, 1.1208e+00, 
 1DIAGNOSTIC,    39, -7.192427995973e-01, 1.095396053280e-04, 8.8596e+01, 1.1190e+00, 
 1DIAGNOSTIC,    40, -7.194963700249e-01, 1.007824502796e-04, 8.9795e+01, 1.1984e+00, 
 1DIAGNOSTIC,    41, -7.200201771667e-01, 9.543375838083e-05, 9.0919e+01, 1.1239e+00, 
 1DIAGNOSTIC,    42, -7.202596011721e-01, 8.783975314145e-05, 9.2046e+01, 1.1269e+00, 
 1DIAGNOSTIC,    43, -7.206202782037e-01, 8.091886758833e-05, 9.3433e+01, 1.3876e+00, 
 1DIAGNOSTIC,    44, -7.208781094428e-01, 7.308477311268e-05, 9.4554e+01, 1.1208e+00, 
 1DIAGNOSTIC,    45, -7.211457208694e-01, 6.665375148980e-05, 9.5676e+01, 1.1225e+00, 
 1DIAGNOSTIC,    46, -7.213243113919e-01, 5.900127663398e-05, 9.6826e+01, 1.1493e+00, 
 1DIAGNOSTIC,    47, -7.215769269724e-01, 5.415561922162e-05, 9.7947e+01, 1.1210e+00, 
 1DIAGNOSTIC,    48, -7.216943058279e-01, 4.797402586468e-05, 9.9103e+01, 1.1564e+00, 
 1DIAGNOSTIC,    49, -7.219457286020e-01, 4.343318022134e-05, 1.0023e+02, 1.1229e+00, 
 1DIAGNOSTIC,    50, -7.220107737354e-01, 3.742888016773e-05, 1.0135e+02, 1.1217e+00, 
 1DIAGNOSTIC,    51, -7.224030022745e-01, 3.535671969998e-05, 1.0250e+02, 1.1481e+00, 
 1DIAGNOSTIC,    52, -7.225002190364e-01, 3.252471839840e-05, 1.0369e+02, 1.1929e+00, 
 1DIAGNOSTIC,    53, -7.225823336828e-01, 3.008059163243e-05, 1.0481e+02, 1.1208e+00, 
 1DIAGNOSTIC,    54, -7.225769940141e-01, 2.676972073559e-05, 1.0611e+02, 1.2997e+00, 
 1DIAGNOSTIC,    55, -7.228754267225e-01, 2.519221573356e-05, 1.0745e+02, 1.3401e+00, 
 1DIAGNOSTIC,    56, -7.228175573491e-01, 2.205824044437e-05, 1.0863e+02, 1.1781e+00, 
 1DIAGNOSTIC,    57, -7.230003118762e-01, 2.005310986674e-05, 1.0976e+02, 1.1280e+00, 
 1DIAGNOSTIC,    58, -7.229875888986e-01, 1.695001690237e-05, 1.1092e+02, 1.1676e+00, 
 1DIAGNOSTIC,    59, -7.232218321841e-01, 1.570916688327e-05, 1.1213e+02, 1.2060e+00, 
 1DIAGNOSTIC,    60, -7.231530767827e-01, 1.291190362895e-05, 1.1346e+02, 1.3358e+00, 
 1DIAGNOSTIC,    61, -7.234021984917e-01, 1.324071911126e-05, 1.1480e+02, 1.3385e+00, 
 1DIAGNOSTIC,    62, -7.234434819073e-01, 1.320120742019e-05, 1.1635e+02, 1.5447e+00, 
 1DIAGNOSTIC,    63, -7.237214636608e-01, 1.424395639146e-05, 1.1763e+02, 1.2843e+00, 
 1DIAGNOSTIC,    64, -7.237556216942e-01, 1.402885153960e-05, 1.1876e+02, 1.1284e+00, 
 1DIAGNOSTIC,    65, -7.239224471380e-01, 1.541855086105e-05, 1.2014e+02, 1.3825e+00, 
 1DIAGNOSTIC,    66, -7.240949309942e-01, 1.598943680070e-05, 1.2148e+02, 1.3347e+00, 
 1DIAGNOSTIC,    67, -7.241173006693e-01, 1.625608834589e-05, 1.2299e+02, 1.5108e+00, 
 1DIAGNOSTIC,    68, -7.243235787043e-01, 1.610720911521e-05, 1.2414e+02, 1.1487e+00, 
 1DIAGNOSTIC,    69, -7.244458738421e-01, 1.652411941658e-05, 1.2547e+02, 1.3291e+00, 
 1DIAGNOSTIC,    70, -7.244791153922e-01, 1.514243184004e-05, 1.2692e+02, 1.4486e+00, 
 1DIAGNOSTIC,    71, -7.245460070603e-01, 1.417916799504e-05, 1.2825e+02, 1.3369e+00, 
 1DIAGNOSTIC,    72, -7.245075488787e-01, 1.190129618688e-05, 1.2938e+02, 1.1282e+00, 
 1DIAGNOSTIC,    73, -7.244814653571e-01, 9.972056059904e-06, 1.3071e+02, 1.3282e+00, 
 1DIAGNOSTIC,    74, -7.244897082650e-01, 7.384056611985e-06, 1.3197e+02, 1.2606e+00, 
 1DIAGNOSTIC,    75, -7.245034233671e-01, 5.136274428592e-06, 1.3309e+02, 1.1256e+00, 
 1DIAGNOSTIC,    76, -7.244717954307e-01, 3.244379025919e-06, 1.3441e+02, 1.3190e+00, 
 1DIAGNOSTIC,    77, -7.244785554775e-01, 1.269810893000e-06, 1.3567e+02, 1.2539e+00, 
 1DIAGNOSTIC,    78, -7.245550346948e-01, 7.006271765097e-07, 1.3684e+02, 1.1746e+00, 
XXDIAGNOSTIC,Iteration,metricValue,convergenceValue,ITERATION_TIME_INDEX,SINCE_LAST
 1DIAGNOSTIC,     1, -6.588903369460e-01, 1.797693134862e+308, 1.5041e+02, 1.3565e+01, 
 1DIAGNOSTIC,     2, -6.607913170213e-01, 1.797693134862e+308, 1.5412e+02, 3.7146e+00, 
 1DIAGNOSTIC,     3, -6.626925724905e-01, 1.797693134862e+308, 1.5819e+02, 4.0680e+00, 
 1DIAGNOSTIC,     4, -6.642110116361e-01, 1.797693134862e+308, 1.6170e+02, 3.5074e+00, 
 1DIAGNOSTIC,     5, -6.653258036718e-01, 1.797693134862e+308, 1.6503e+02, 3.3319e+00, 
 1DIAGNOSTIC,     6, -6.663700891020e-01, 1.797693134862e+308, 1.6859e+02, 3.5652e+00, 
 1DIAGNOSTIC,     7, -6.675226897095e-01, 1.797693134862e+308, 1.7203e+02, 3.4397e+00, 
 1DIAGNOSTIC,     8, -6.685509815768e-01, 1.797693134862e+308, 1.7571e+02, 3.6744e+00, 
 1DIAGNOSTIC,     9, -6.693562611911e-01, 1.797693134862e+308, 1.7919e+02, 3.4810e+00, 
 1DIAGNOSTIC,    10, -6.701398850685e-01, 1.052388995802e-03, 1.8261e+02, 3.4252e+00, 
 1DIAGNOSTIC,    11, -6.709380249597e-01, 8.550193982611e-04, 1.8619e+02, 3.5732e+00, 
 1DIAGNOSTIC,    12, -6.714659792485e-01, 6.990895305647e-04, 1.9001e+02, 3.8267e+00, 
 1DIAGNOSTIC,    13, -6.719162043179e-01, 5.805483320187e-04, 1.9368e+02, 3.6703e+00, 
 1DIAGNOSTIC,    14, -6.723664549557e-01, 4.860255146745e-04, 1.9759e+02, 3.9031e+00, 
 1DIAGNOSTIC,    15, -6.727900807774e-01, 4.032137797068e-04, 2.0145e+02, 3.8662e+00, 
 1DIAGNOSTIC,    16, -6.732618231544e-01, 3.337012351665e-04, 2.0521e+02, 3.7521e+00, 
 1DIAGNOSTIC,    17, -6.736902100656e-01, 2.809077609530e-04, 2.0895e+02, 3.7424e+00, 
 1DIAGNOSTIC,    18, -6.741036916367e-01, 2.420294800573e-04, 2.1247e+02, 3.5232e+00, 
 1DIAGNOSTIC,    19, -6.744543652113e-01, 2.105523337996e-04, 2.1611e+02, 3.6346e+00, 
 1DIAGNOSTIC,    20, -6.747401464207e-01, 1.851737474434e-04, 2.1971e+02, 3.6069e+00, 
 1DIAGNOSTIC,    21, -6.750472464970e-01, 1.672601242993e-04, 2.2337e+02, 3.6534e+00, 
 1DIAGNOSTIC,    22, -6.753042110823e-01, 1.504501529251e-04, 2.2723e+02, 3.8630e+00, 
 1DIAGNOSTIC,    23, -6.755759859559e-01, 1.343264452871e-04, 2.3119e+02, 3.9558e+00, 
 1DIAGNOSTIC,    24, -6.757649306062e-01, 1.182570726152e-04, 2.3524e+02, 4.0592e+00, 
 1DIAGNOSTIC,    25, -6.759742451203e-01, 1.031226987395e-04, 2.3885e+02, 3.6045e+00, 
 1DIAGNOSTIC,    26, -6.761269433641e-01, 8.963153497965e-05, 2.4264e+02, 3.7901e+00, 
 1DIAGNOSTIC,    27, -6.762452189087e-01, 7.727102149627e-05, 2.4638e+02, 3.7418e+00, 
 1DIAGNOSTIC,    28, -6.763418643071e-01, 6.625086620386e-05, 2.5001e+02, 3.6283e+00, 
 1DIAGNOSTIC,    29, -6.764257144646e-01, 5.613260671210e-05, 2.5352e+02, 3.5139e+00, 
 1DIAGNOSTIC,    30, -6.764732539167e-01, 4.611892536210e-05, 2.5704e+02, 3.5130e+00, 
 1DIAGNOSTIC,    31, -6.765285680761e-01, 3.739075271977e-05, 2.6056e+02, 3.5202e+00, 
 1DIAGNOSTIC,    32, -6.765147498281e-01, 2.892057595906e-05, 2.6413e+02, 3.5689e+00, 
 1DIAGNOSTIC,    33, -6.765595536617e-01, 2.236525945012e-05, 2.6783e+02, 3.7036e+00, 
 1DIAGNOSTIC,    34, -6.765502560283e-01, 1.634306077759e-05, 2.7152e+02, 3.6891e+00, 
 1DIAGNOSTIC,    35, -6.765459747892e-01, 1.165544658800e-05, 2.7543e+02, 3.9140e+00, 
 1DIAGNOSTIC,    36, -6.765532626138e-01, 8.073587727971e-06, 2.7898e+02, 3.5527e+00, 
 1DIAGNOSTIC,    37, -6.765318615971e-01, 5.092005704841e-06, 2.8285e+02, 3.8692e+00, 
 1DIAGNOSTIC,    38, -6.764909153907e-01, 2.474486000843e-06, 2.8646e+02, 3.6025e+00, 
 1DIAGNOSTIC,    39, -6.764761741018e-01, 5.864380535660e-07, 2.9021e+02, 3.7528e+00, 
XXDIAGNOSTIC,Iteration,metricValue,convergenceValue,ITERATION_TIME_INDEX,SINCE_LAST
 1DIAGNOSTIC,     1, -5.821603561631e-01, 1.797693134862e+308, 3.3705e+02, 4.6843e+01, 
 1DIAGNOSTIC,     2, -5.846224575070e-01, 1.797693134862e+308, 3.6379e+02, 2.6735e+01, 
 1DIAGNOSTIC,     3, -5.866795346645e-01, 1.797693134862e+308, 3.9408e+02, 3.0298e+01, 
 1DIAGNOSTIC,     4, -5.889086691578e-01, 1.797693134862e+308, 4.2448e+02, 3.0399e+01, 
 1DIAGNOSTIC,     5, -5.906895992026e-01, 1.797693134862e+308, 4.5420e+02, 2.9718e+01, 
 1DIAGNOSTIC,     6, -5.922608625949e-01, 1.797693134862e+308, 4.8115e+02, 2.6948e+01, 
 1DIAGNOSTIC,     7, -5.936473222303e-01, 1.797693134862e+308, 5.1076e+02, 2.9612e+01, 
 1DIAGNOSTIC,     8, -5.949280523785e-01, 1.797693134862e+308, 5.3862e+02, 2.7857e+01, 
 1DIAGNOSTIC,     9, -5.960250677710e-01, 1.797693134862e+308, 5.6445e+02, 2.5828e+01, 
 1DIAGNOSTIC,    10, -5.970668392794e-01, 1.597259537468e-03, 5.9227e+02, 2.7822e+01, 
 1DIAGNOSTIC,    11, -5.980217591917e-01, 1.299555271919e-03, 6.1896e+02, 2.6695e+01, 
 1DIAGNOSTIC,    12, -5.988435230861e-01, 1.065735376870e-03, 6.4637e+02, 2.7403e+01, 
 1DIAGNOSTIC,    13, -5.996250197572e-01, 8.754401267565e-04, 6.7565e+02, 2.9284e+01, 
 1DIAGNOSTIC,    14, -6.003387350132e-01, 7.329233305547e-04, 7.0516e+02, 2.9508e+01, 
 1DIAGNOSTIC,    15, -6.009206505403e-01, 6.173855274500e-04, 7.3422e+02, 2.9061e+01, 
 1DIAGNOSTIC,    16, -6.015854248613e-01, 5.261548269018e-04, 7.6194e+02, 2.7718e+01, 
 1DIAGNOSTIC,    17, -6.020808724872e-01, 4.496908628734e-04, 7.8942e+02, 2.7482e+01, 
 1DIAGNOSTIC,    18, -6.025740882146e-01, 3.870357946060e-04, 8.1663e+02, 2.7212e+01, 
 1DIAGNOSTIC,    19, -6.030420977426e-01, 3.341917681475e-04, 8.4430e+02, 2.7674e+01, 
 1DIAGNOSTIC,    20, -6.034536527820e-01, 2.900127756593e-04, 8.7377e+02, 2.9467e+01, 
 1DIAGNOSTIC,    21, -6.038648152977e-01, 2.538812813561e-04, 9.0082e+02, 2.7047e+01, 
 1DIAGNOSTIC,    22, -6.042556452400e-01, 2.234259804769e-04, 9.2934e+02, 2.8525e+01, 
 1DIAGNOSTIC,    23, -6.046269053467e-01, 1.984608945177e-04, 9.5729e+02, 2.7945e+01, 
 1DIAGNOSTIC,    24, -6.049813091612e-01, 1.780916033216e-04, 9.8425e+02, 2.6960e+01, 
 1DIAGNOSTIC,    25, -6.053239640492e-01, 1.600900114719e-04, 1.0133e+03, 2.9046e+01, 
 1DIAGNOSTIC,    26, -6.056627391190e-01, 1.467214344928e-04, 1.0415e+03, 2.8195e+01, 
 1DIAGNOSTIC,    27, -6.059762538768e-01, 1.346948947953e-04, 1.0701e+03, 2.8616e+01, 
 1DIAGNOSTIC,    28, -6.062713167916e-01, 1.241465793928e-04, 1.0986e+03, 2.8451e+01, 
 1DIAGNOSTIC,    29, -6.065409801977e-01, 1.146601344562e-04, 1.1278e+03, 2.9237e+01, 
 1DIAGNOSTIC,    30, -6.068124436794e-01, 1.057480269258e-04, 1.1558e+03, 2.7993e+01, 
 1DIAGNOSTIC,    31, -6.070519547732e-01, 9.733092139357e-05, 1.1837e+03, 2.7919e+01, 
 1DIAGNOSTIC,    32, -6.072840964272e-01, 8.943959738197e-05, 1.2118e+03, 2.8076e+01, 
 1DIAGNOSTIC,    33, -6.075101901897e-01, 8.212340214232e-05, 1.2402e+03, 2.8403e+01, 
 1DIAGNOSTIC,    34, -6.077374750960e-01, 7.554586450882e-05, 1.2679e+03, 2.7693e+01, 
 1DIAGNOSTIC,    35, -6.079503224893e-01, 6.967409122858e-05, 1.2967e+03, 2.8792e+01, 
 1DIAGNOSTIC,    36, -6.081412030130e-01, 6.447221609089e-05, 1.3259e+03, 2.9236e+01, 
 1DIAGNOSTIC,    37, -6.083428430196e-01, 6.002106999284e-05, 1.3562e+03, 3.0331e+01, 
 1DIAGNOSTIC,    38, -6.085397728672e-01, 5.622265512631e-05, 1.3848e+03, 2.8561e+01, 
 1DIAGNOSTIC,    39, -6.087189933116e-01, 5.270598021749e-05, 1.4113e+03, 2.6529e+01, 
 1DIAGNOSTIC,    40, -6.088933218902e-01, 4.962913077478e-05, 1.4395e+03, 2.8196e+01, 
 1DIAGNOSTIC,    41, -6.090503079824e-01, 4.656230569751e-05, 1.4675e+03, 2.8021e+01, 
 1DIAGNOSTIC,    42, -6.092141759005e-01, 4.367532970900e-05, 1.4959e+03, 2.8398e+01, 
 1DIAGNOSTIC,    43, -6.093724493308e-01, 4.098586592716e-05, 1.5238e+03, 2.7909e+01, 
 1DIAGNOSTIC,    44, -6.095401334085e-01, 3.875947006807e-05, 1.5518e+03, 2.7979e+01, 
 1DIAGNOSTIC,    45, -6.096875080772e-01, 3.673032678153e-05, 1.5788e+03, 2.6927e+01, 
 1DIAGNOSTIC,    46, -6.098361102667e-01, 3.478582542732e-05, 1.6056e+03, 2.6879e+01, 
 1DIAGNOSTIC,    47, -6.099697902193e-01, 3.298437152106e-05, 1.6341e+03, 2.8464e+01, 
 1DIAGNOSTIC,    48, -6.101087234599e-01, 3.142607520102e-05, 1.6608e+03, 2.6672e+01, 
 1DIAGNOSTIC,    49, -6.102428273684e-01, 2.995854132098e-05, 1.6874e+03, 2.6639e+01, 
 1DIAGNOSTIC,    50, -6.103763471935e-01, 2.861016278070e-05, 1.7147e+03, 2.7308e+01, 
  Elapsed time (stage 2): 1751


Total elapsed time: 1869
