Changed directory to /lustre/scratch/wbic-beta/ccn30/ENCRYPT/fMRI/gridcellpilot/scripts/coregistration/slurmoutputs.

JobID: 6246105
======
Time: Mon Feb  8 13:03:16 GMT 2021
Running on master node: wbic-cs-9
Current directory: /lustre/scratch/wbic-beta/ccn30/ENCRYPT/fMRI/gridcellpilot/scripts/coregistration/slurmoutputs

Nodes allocated:
================
wbic-cs-9

numtasks=1, numnodes=1, mpi_tasks_per_node=1 (OMP_NUM_THREADS=1)

Executing command:
==================
/lustre/scratch/wbic-beta/ccn30/ENCRYPT/fMRI/gridcellpilot/scripts/coregistration/coreg_MasksxEPI.sh 29382/20190911_U-ID46164

******** starting 29382 ********

--------------------------------------------------------------------------------------
 Mapping parameters
--------------------------------------------------------------------------------------
 ANTSPATH is /applications/ANTS/ANTs-2.3.4/install/bin/

 Dimensionality:           3
 Output name prefix:       /lustre/scratch/wbic-beta/ccn30/ENCRYPT/fMRI/gridcellpilot/preprocessed_data/segmentation/29382/coregistration/T1xStudyTemplate_
 Fixed images:             /home/ccn30/ENCRYPT/atlases/templates/ECtemplatemasks2015/Study_template_wholeBrain.nii
 Moving images:            /lustre/scratch/wbic-beta/ccn30/ENCRYPT/fMRI/gridcellpilot/raw_data/images/29382/20190911_U-ID46164/mp2rage/denoiseRn4mag0000_PSIR_skulled_std.nii
 Mask images:              
 Initial transforms:       
 Number of threads:        1
 Spline distance:          26
 Transform type:           s
 CC radius:                4
 Precision:                d
 Use histogram matching    0
======================================================================================
 antsRegistration call:
--------------------------------------------------------------------------------------
/applications/ANTS/ANTs-2.3.4/install/bin//antsRegistration --verbose 1 --dimensionality 3 --float 0 --collapse-output-transforms 1 --output [ /lustre/scratch/wbic-beta/ccn30/ENCRYPT/fMRI/gridcellpilot/preprocessed_data/segmentation/29382/coregistration/T1xStudyTemplate_,/lustre/scratch/wbic-beta/ccn30/ENCRYPT/fMRI/gridcellpilot/preprocessed_data/segmentation/29382/coregistration/T1xStudyTemplate_Warped.nii.gz,/lustre/scratch/wbic-beta/ccn30/ENCRYPT/fMRI/gridcellpilot/preprocessed_data/segmentation/29382/coregistration/T1xStudyTemplate_InverseWarped.nii.gz ] --interpolation Linear --use-histogram-matching 0 --winsorize-image-intensities [ 0.005,0.995 ] --initial-moving-transform [ /home/ccn30/ENCRYPT/atlases/templates/ECtemplatemasks2015/Study_template_wholeBrain.nii,/lustre/scratch/wbic-beta/ccn30/ENCRYPT/fMRI/gridcellpilot/raw_data/images/29382/20190911_U-ID46164/mp2rage/denoiseRn4mag0000_PSIR_skulled_std.nii,1 ] --transform Rigid[ 0.1 ] --metric MI[ /home/ccn30/ENCRYPT/atlases/templates/ECtemplatemasks2015/Study_template_wholeBrain.nii,/lustre/scratch/wbic-beta/ccn30/ENCRYPT/fMRI/gridcellpilot/raw_data/images/29382/20190911_U-ID46164/mp2rage/denoiseRn4mag0000_PSIR_skulled_std.nii,1,32,Regular,0.25 ] --convergence [ 1000x500x250x100,1e-6,10 ] --shrink-factors 12x8x4x2 --smoothing-sigmas 4x3x2x1vox --transform Affine[ 0.1 ] --metric MI[ /home/ccn30/ENCRYPT/atlases/templates/ECtemplatemasks2015/Study_template_wholeBrain.nii,/lustre/scratch/wbic-beta/ccn30/ENCRYPT/fMRI/gridcellpilot/raw_data/images/29382/20190911_U-ID46164/mp2rage/denoiseRn4mag0000_PSIR_skulled_std.nii,1,32,Regular,0.25 ] --convergence [ 1000x500x250x100,1e-6,10 ] --shrink-factors 12x8x4x2 --smoothing-sigmas 4x3x2x1vox --transform SyN[ 0.1,3,0 ] --metric CC[ /home/ccn30/ENCRYPT/atlases/templates/ECtemplatemasks2015/Study_template_wholeBrain.nii,/lustre/scratch/wbic-beta/ccn30/ENCRYPT/fMRI/gridcellpilot/raw_data/images/29382/20190911_U-ID46164/mp2rage/denoiseRn4mag0000_PSIR_skulled_std.nii,1,4 ] --convergence [ 100x100x70x50x20,1e-6,10 ] --shrink-factors 10x6x4x2x1 --smoothing-sigmas 5x3x2x1x0vox
--------------------------------------------------------------------------------------
All_Command_lines_OK
Using double precision for computations.
=============================================================================
The composite transform comprises the following transforms (in order): 
  1. Center of mass alignment using fixed image: /home/ccn30/ENCRYPT/atlases/templates/ECtemplatemasks2015/Study_template_wholeBrain.nii and moving image: /lustre/scratch/wbic-beta/ccn30/ENCRYPT/fMRI/gridcellpilot/raw_data/images/29382/20190911_U-ID46164/mp2rage/denoiseRn4mag0000_PSIR_skulled_std.nii (type = Euler3DTransform)
=============================================================================
  number of levels = 4
  number of levels = 4
  number of levels = 5
  fixed image: /home/ccn30/ENCRYPT/atlases/templates/ECtemplatemasks2015/Study_template_wholeBrain.nii
  moving image: /lustre/scratch/wbic-beta/ccn30/ENCRYPT/fMRI/gridcellpilot/raw_data/images/29382/20190911_U-ID46164/mp2rage/denoiseRn4mag0000_PSIR_skulled_std.nii
  fixed image: /home/ccn30/ENCRYPT/atlases/templates/ECtemplatemasks2015/Study_template_wholeBrain.nii
  moving image: /lustre/scratch/wbic-beta/ccn30/ENCRYPT/fMRI/gridcellpilot/raw_data/images/29382/20190911_U-ID46164/mp2rage/denoiseRn4mag0000_PSIR_skulled_std.nii
  fixed image: /home/ccn30/ENCRYPT/atlases/templates/ECtemplatemasks2015/Study_template_wholeBrain.nii
  moving image: /lustre/scratch/wbic-beta/ccn30/ENCRYPT/fMRI/gridcellpilot/raw_data/images/29382/20190911_U-ID46164/mp2rage/denoiseRn4mag0000_PSIR_skulled_std.nii
Dimension = 3
Number of stages = 3
Use Histogram Matching false
Winsorize image intensities true
Lower quantile = 0.005
Upper quantile = 0.995
Stage 1 State
   Image metric = Mattes
     Fixed image = Image (0x3261550)
  RTTI typeinfo:   itk::Image<double, 3u>
  Reference Count: 2
  Modified Time: 1735
  Debug: Off
  Object Name: 
  Observers: 
    none
  Source: (none)
  Source output name: (none)
  Release Data: Off
  Data Released: False
  Global Release Data: Off
  PipelineMTime: 0
  UpdateMTime: 1518
  RealTimeStamp: 0 seconds 
  LargestPossibleRegion: 
    Dimension: 3
    Index: [0, 0, 0]
    Size: [384, 384, 288]
  BufferedRegion: 
    Dimension: 3
    Index: [0, 0, 0]
    Size: [384, 384, 288]
  RequestedRegion: 
    Dimension: 3
    Index: [0, 0, 0]
    Size: [384, 384, 288]
  Spacing: [0.598958, 0.598958, 0.599937]
  Origin: [85.9044, -155.274, 91.0901]
  Direction: 
-0 0 -1
1 -0 0
0 -1 0

  IndexToPointMatrix: 
0 0 -0.599937
0.598958 0 0
0 -0.598958 0

  PointToIndexMatrix: 
0 1.66957 0
0 0 -1.66957
-1.66684 0 0

  Inverse Direction: 
0 1 0
0 0 -1
-1 0 0

  PixelContainer: 
    ImportImageContainer (0x3266880)
      RTTI typeinfo:   itk::ImportImageContainer<unsigned long, double>
      Reference Count: 1
      Modified Time: 1515
      Debug: Off
      Object Name: 
      Observers: 
        none
      Pointer: 0x2b4412fa8010
      Container manages memory: true
      Size: 42467328
      Capacity: 42467328

     Moving image = Image (0x325f2f0)
  RTTI typeinfo:   itk::Image<double, 3u>
  Reference Count: 2
  Modified Time: 1736
  Debug: Off
  Object Name: 
  Observers: 
    none
  Source: (none)
  Source output name: (none)
  Release Data: Off
  Data Released: False
  Global Release Data: Off
  PipelineMTime: 0
  UpdateMTime: 1733
  RealTimeStamp: 0 seconds 
  LargestPossibleRegion: 
    Dimension: 3
    Index: [0, 0, 0]
    Size: [224, 320, 320]
  BufferedRegion: 
    Dimension: 3
    Index: [0, 0, 0]
    Size: [224, 320, 320]
  RequestedRegion: 
    Dimension: 3
    Index: [0, 0, 0]
    Size: [224, 320, 320]
  Spacing: [0.699997, 0.7, 0.7]
  Origin: [-78.6699, 73.4889, -122.457]
  Direction: 
1 0 0
0 -1 0
0 0 1

  IndexToPointMatrix: 
0.699997 0 0
0 -0.7 0
0 0 0.7

  PointToIndexMatrix: 
1.42858 0 0
0 -1.42857 0
0 0 1.42857

  Inverse Direction: 
1 0 0
0 -1 0
0 0 1

  PixelContainer: 
    ImportImageContainer (0x326d3f0)
      RTTI typeinfo:   itk::ImportImageContainer<unsigned long, double>
      Reference Count: 1
      Modified Time: 1730
      Debug: Off
      Object Name: 
      Observers: 
        none
      Pointer: 0x2b44273a9010
      Container manages memory: true
      Size: 22937600
      Capacity: 22937600

     Weighting = 1
     Sampling strategy = regular
     Number of bins = 32
     Radius = 4
     Sampling percentage  = 0.25
   Transform = Rigid
     Gradient step = 0.1
     Update field sigma (voxel space) = 0
     Total field sigma (voxel space) = 0
     Update field time sigma = 0
     Total field time sigma  = 0
     Number of time indices = 0
     Number of time point samples = 0
Stage 2 State
   Image metric = Mattes
     Fixed image = Image (0x3261860)
  RTTI typeinfo:   itk::Image<double, 3u>
  Reference Count: 2
  Modified Time: 2167
  Debug: Off
  Object Name: 
  Observers: 
    none
  Source: (none)
  Source output name: (none)
  Release Data: Off
  Data Released: False
  Global Release Data: Off
  PipelineMTime: 0
  UpdateMTime: 1950
  RealTimeStamp: 0 seconds 
  LargestPossibleRegion: 
    Dimension: 3
    Index: [0, 0, 0]
    Size: [384, 384, 288]
  BufferedRegion: 
    Dimension: 3
    Index: [0, 0, 0]
    Size: [384, 384, 288]
  RequestedRegion: 
    Dimension: 3
    Index: [0, 0, 0]
    Size: [384, 384, 288]
  Spacing: [0.598958, 0.598958, 0.599937]
  Origin: [85.9044, -155.274, 91.0901]
  Direction: 
-0 0 -1
1 -0 0
0 -1 0

  IndexToPointMatrix: 
0 0 -0.599937
0.598958 0 0
0 -0.598958 0

  PointToIndexMatrix: 
0 1.66957 0
0 0 -1.66957
-1.66684 0 0

  Inverse Direction: 
0 1 0
0 0 -1
-1 0 0

  PixelContainer: 
    ImportImageContainer (0x3269be0)
      RTTI typeinfo:   itk::ImportImageContainer<unsigned long, double>
      Reference Count: 1
      Modified Time: 1947
      Debug: Off
      Object Name: 
      Observers: 
        none
      Pointer: 0x2b44322aa010
      Container manages memory: true
      Size: 42467328
      Capacity: 42467328

     Moving image = Image (0x3261af0)
  RTTI typeinfo:   itk::Image<double, 3u>
  Reference Count: 2
  Modified Time: 2168
  Debug: Off
  Object Name: 
  Observers: 
    none
  Source: (none)
  Source output name: (none)
  Release Data: Off
  Data Released: False
  Global Release Data: Off
  PipelineMTime: 0
  UpdateMTime: 2165
  RealTimeStamp: 0 seconds 
  LargestPossibleRegion: 
    Dimension: 3
    Index: [0, 0, 0]
    Size: [224, 320, 320]
  BufferedRegion: 
    Dimension: 3
    Index: [0, 0, 0]
    Size: [224, 320, 320]
  RequestedRegion: 
    Dimension: 3
    Index: [0, 0, 0]
    Size: [224, 320, 320]
  Spacing: [0.699997, 0.7, 0.7]
  Origin: [-78.6699, 73.4889, -122.457]
  Direction: 
1 0 0
0 -1 0
0 0 1

  IndexToPointMatrix: 
0.699997 0 0
0 -0.7 0
0 0 0.7

  PointToIndexMatrix: 
1.42858 0 0
0 -1.42857 0
0 0 1.42857

  Inverse Direction: 
1 0 0
0 -1 0
0 0 1

  PixelContainer: 
    ImportImageContainer (0x3276f10)
      RTTI typeinfo:   itk::ImportImageContainer<unsigned long, double>
      Reference Count: 1
      Modified Time: 2162
      Debug: Off
      Object Name: 
      Observers: 
        none
      Pointer: 0x2b44466ab010
      Container manages memory: true
      Size: 22937600
      Capacity: 22937600

     Weighting = 1
     Sampling strategy = regular
     Number of bins = 32
     Radius = 4
     Sampling percentage  = 0.25
   Transform = Affine
     Gradient step = 0.1
     Update field sigma (voxel space) = 0
     Total field sigma (voxel space) = 0
     Update field time sigma = 0
     Total field time sigma  = 0
     Number of time indices = 0
     Number of time point samples = 0
Stage 3 State
   Image metric = CC
     Fixed image = Image (0x3274df0)
  RTTI typeinfo:   itk::Image<double, 3u>
  Reference Count: 2
  Modified Time: 2599
  Debug: Off
  Object Name: 
  Observers: 
    none
  Source: (none)
  Source output name: (none)
  Release Data: Off
  Data Released: False
  Global Release Data: Off
  PipelineMTime: 0
  UpdateMTime: 2382
  RealTimeStamp: 0 seconds 
  LargestPossibleRegion: 
    Dimension: 3
    Index: [0, 0, 0]
    Size: [384, 384, 288]
  BufferedRegion: 
    Dimension: 3
    Index: [0, 0, 0]
    Size: [384, 384, 288]
  RequestedRegion: 
    Dimension: 3
    Index: [0, 0, 0]
    Size: [384, 384, 288]
  Spacing: [0.598958, 0.598958, 0.599937]
  Origin: [85.9044, -155.274, 91.0901]
  Direction: 
-0 0 -1
1 -0 0
0 -1 0

  IndexToPointMatrix: 
0 0 -0.599937
0.598958 0 0
0 -0.598958 0

  PointToIndexMatrix: 
0 1.66957 0
0 0 -1.66957
-1.66684 0 0

  Inverse Direction: 
0 1 0
0 0 -1
-1 0 0

  PixelContainer: 
    ImportImageContainer (0x3277ae0)
      RTTI typeinfo:   itk::ImportImageContainer<unsigned long, double>
      Reference Count: 1
      Modified Time: 2379
      Debug: Off
      Object Name: 
      Observers: 
        none
      Pointer: 0x2b44515ac010
      Container manages memory: true
      Size: 42467328
      Capacity: 42467328

     Moving image = Image (0x326f700)
  RTTI typeinfo:   itk::Image<double, 3u>
  Reference Count: 2
  Modified Time: 2600
  Debug: Off
  Object Name: 
  Observers: 
    none
  Source: (none)
  Source output name: (none)
  Release Data: Off
  Data Released: False
  Global Release Data: Off
  PipelineMTime: 0
  UpdateMTime: 2597
  RealTimeStamp: 0 seconds 
  LargestPossibleRegion: 
    Dimension: 3
    Index: [0, 0, 0]
    Size: [224, 320, 320]
  BufferedRegion: 
    Dimension: 3
    Index: [0, 0, 0]
    Size: [224, 320, 320]
  RequestedRegion: 
    Dimension: 3
    Index: [0, 0, 0]
    Size: [224, 320, 320]
  Spacing: [0.699997, 0.7, 0.7]
  Origin: [-78.6699, 73.4889, -122.457]
  Direction: 
1 0 0
0 -1 0
0 0 1

  IndexToPointMatrix: 
0.699997 0 0
0 -0.7 0
0 0 0.7

  PointToIndexMatrix: 
1.42858 0 0
0 -1.42857 0
0 0 1.42857

  Inverse Direction: 
1 0 0
0 -1 0
0 0 1

  PixelContainer: 
    ImportImageContainer (0x3276350)
      RTTI typeinfo:   itk::ImportImageContainer<unsigned long, double>
      Reference Count: 1
      Modified Time: 2594
      Debug: Off
      Object Name: 
      Observers: 
        none
      Pointer: 0x2b44659ad010
      Container manages memory: true
      Size: 22937600
      Capacity: 22937600

     Weighting = 1
     Sampling strategy = none
     Number of bins = 32
     Radius = 4
     Sampling percentage  = 1
   Transform = SyN
     Gradient step = 0.1
     Update field sigma (voxel space) = 3
     Total field sigma (voxel space) = 0
     Update field time sigma = 0
     Total field time sigma  = 0
     Number of time indices = 0
     Number of time point samples = 0
Registration using 3 total stages.

Stage 0
  iterations = 1000x500x250x100
  convergence threshold = 1e-06
  convergence window size = 10
  number of levels = 4
  using the Mattes MI metric (number of bins = 32, weight = 1)
  preprocessing:  winsorizing the image intensities
  Shrink factors (level 1 out of 4): [12, 12, 12]
  Shrink factors (level 2 out of 4): [8, 8, 8]
  Shrink factors (level 3 out of 4): [4, 4, 4]
  Shrink factors (level 4 out of 4): [2, 2, 2]
  smoothing sigmas per level: [4, 3, 2, 1]
  regular sampling (percentage = 0.25)

*** Running Euler3DTransform registration ***

DIAGNOSTIC,Iteration,metricValue,convergenceValue,ITERATION_TIME_INDEX,SINCE_LAST
 2DIAGNOSTIC,     1, -7.360692709421e-01, 1.797693134862e+308, 9.3391e+00, 9.3391e+00, 
 2DIAGNOSTIC,     2, -7.390254361883e-01, 1.797693134862e+308, 9.3565e+00, 1.7356e-02, 
 2DIAGNOSTIC,     3, -7.431935681726e-01, 1.797693134862e+308, 9.3740e+00, 1.7508e-02, 
 2DIAGNOSTIC,     4, -7.495424274236e-01, 1.797693134862e+308, 9.3916e+00, 1.7596e-02, 
 2DIAGNOSTIC,     5, -7.576561485043e-01, 1.797693134862e+308, 9.4092e+00, 1.7610e-02, 
 2DIAGNOSTIC,     6, -7.644537510592e-01, 1.797693134862e+308, 9.4272e+00, 1.8080e-02, 
 2DIAGNOSTIC,     7, -7.700038874335e-01, 1.797693134862e+308, 9.4452e+00, 1.7975e-02, 
 2DIAGNOSTIC,     8, -7.724026696012e-01, 1.797693134862e+308, 9.4668e+00, 2.1547e-02, 
 2DIAGNOSTIC,     9, -7.760387971066e-01, 1.797693134862e+308, 9.4911e+00, 2.4339e-02, 
 2DIAGNOSTIC,    10, -7.775307977758e-01, 3.936314506907e-03, 9.5104e+00, 1.9262e-02, 
 2DIAGNOSTIC,    11, -7.819968694371e-01, 3.378063148104e-03, 9.5313e+00, 2.0968e-02, 
 2DIAGNOSTIC,    12, -7.841425713746e-01, 2.768357472378e-03, 9.5520e+00, 2.0635e-02, 
 2DIAGNOSTIC,    13, -7.842470884427e-01, 2.126996912983e-03, 9.5730e+00, 2.1007e-02, 
 2DIAGNOSTIC,    14, -7.849678213300e-01, 1.573105973639e-03, 9.5967e+00, 2.3731e-02, 
 2DIAGNOSTIC,    15, -7.866699883486e-01, 1.190719577663e-03, 9.6145e+00, 1.7769e-02, 
 2DIAGNOSTIC,    16, -7.872003216491e-01, 9.132224209518e-04, 9.6382e+00, 2.3693e-02, 
 2DIAGNOSTIC,    17, -7.876732362823e-01, 7.153768637316e-04, 9.6652e+00, 2.6988e-02, 
 2DIAGNOSTIC,    18, -7.882949197170e-01, 5.359324154931e-04, 9.6830e+00, 1.7859e-02, 
 2DIAGNOSTIC,    19, -7.892118921391e-01, 4.150562606564e-04, 9.7008e+00, 1.7819e-02, 
 2DIAGNOSTIC,    20, -7.890822088974e-01, 2.905607333354e-04, 9.7215e+00, 2.0625e-02, 
 2DIAGNOSTIC,    21, -7.890171757600e-01, 2.275911361342e-04, 9.7420e+00, 2.0553e-02, 
 2DIAGNOSTIC,    22, -7.890466892126e-01, 1.862854196144e-04, 9.7625e+00, 2.0500e-02, 
 2DIAGNOSTIC,    23, -7.890461914820e-01, 1.328461618372e-04, 9.7805e+00, 1.7982e-02, 
 2DIAGNOSTIC,    24, -7.891706444552e-01, 8.373301339759e-05, 9.7983e+00, 1.7822e-02, 
 2DIAGNOSTIC,    25, -7.892408768878e-01, 5.680767620538e-05, 9.8190e+00, 2.0712e-02, 
 2DIAGNOSTIC,    26, -7.893180995181e-01, 3.546363973287e-05, 9.8368e+00, 1.7800e-02, 
 2DIAGNOSTIC,    27, -7.892454439237e-01, 1.781401990499e-05, 9.8575e+00, 2.0660e-02, 
 2DIAGNOSTIC,    28, -7.893221694548e-01, 8.667945721352e-06, 9.8861e+00, 2.8635e-02, 
 2DIAGNOSTIC,    29, -7.893485597672e-01, 1.133187711458e-05, 9.9040e+00, 1.7829e-02, 
 2DIAGNOSTIC,    30, -7.892779828559e-01, 1.040249542700e-05, 9.9218e+00, 1.7859e-02, 
 2DIAGNOSTIC,    31, -7.893186661362e-01, 8.405505972128e-06, 9.9451e+00, 2.3263e-02, 
 2DIAGNOSTIC,    32, -7.893164565062e-01, 6.168478498603e-06, 9.9684e+00, 2.3356e-02, 
 2DIAGNOSTIC,    33, -7.893175803128e-01, 3.551256056514e-06, 9.9892e+00, 2.0771e-02, 
 2DIAGNOSTIC,    34, -7.893296237956e-01, 2.286731812226e-06, 1.0008e+01, 1.8728e-02, 
 2DIAGNOSTIC,    35, -7.893266264825e-01, 1.655212204896e-06, 1.0026e+01, 1.7724e-02, 
 2DIAGNOSTIC,    36, -7.893372088763e-01, 1.911273810946e-06, 1.0043e+01, 1.7665e-02, 
 2DIAGNOSTIC,    37, -7.893502620504e-01, 1.437294259634e-06, 1.0064e+01, 2.0532e-02, 
 2DIAGNOSTIC,    38, -7.893852061847e-01, 1.992279786998e-06, 1.0093e+01, 2.8686e-02, 
 2DIAGNOSTIC,    39, -7.893590376184e-01, 2.426476172244e-06, 1.0110e+01, 1.7599e-02, 
 2DIAGNOSTIC,    40, -7.893561670921e-01, 2.019270149548e-06, 1.0128e+01, 1.7761e-02, 
 2DIAGNOSTIC,    41, -7.893572663041e-01, 1.890492020915e-06, 1.0146e+01, 1.7676e-02, 
 2DIAGNOSTIC,    42, -7.893585912366e-01, 1.647523172967e-06, 1.0163e+01, 1.7675e-02, 
 2DIAGNOSTIC,    43, -7.893739330475e-01, 1.464015377161e-06, 1.0184e+01, 2.0528e-02, 
 2DIAGNOSTIC,    44, -7.893892345205e-01, 1.449225159350e-06, 1.0202e+01, 1.7804e-02, 
 2DIAGNOSTIC,    45, -7.893824328185e-01, 1.289887529073e-06, 1.0244e+01, 4.2119e-02, 
 2DIAGNOSTIC,    46, -7.893824329900e-01, 1.167903075944e-06, 1.0310e+01, 6.6796e-02, 
 2DIAGNOSTIC,    47, -7.893824329898e-01, 1.097199643130e-06, 1.0355e+01, 4.4985e-02, 
 2DIAGNOSTIC,    48, -7.893824329898e-01, 1.256584087464e-06, 1.0379e+01, 2.3498e-02, 
 2DIAGNOSTIC,    49, -7.893824329898e-01, 1.157816183334e-06, 1.0400e+01, 2.0570e-02, 
DIAGNOSTIC,Iteration,metricValue,convergenceValue,ITERATION_TIME_INDEX,SINCE_LAST
 2DIAGNOSTIC,     1, -7.206533493107e-01, 1.797693134862e+308, 1.9441e+01, 9.0413e+00, 
 2DIAGNOSTIC,     2, -7.209634216928e-01, 1.797693134862e+308, 1.9541e+01, 1.0042e-01, 
 2DIAGNOSTIC,     3, -7.210031988100e-01, 1.797693134862e+308, 1.9629e+01, 8.7281e-02, 
 2DIAGNOSTIC,     4, -7.209384473640e-01, 1.797693134862e+308, 1.9718e+01, 8.9253e-02, 
 2DIAGNOSTIC,     5, -7.209186363208e-01, 1.797693134862e+308, 1.9793e+01, 7.5365e-02, 
 2DIAGNOSTIC,     6, -7.209330225465e-01, 1.797693134862e+308, 1.9880e+01, 8.6444e-02, 
 2DIAGNOSTIC,     7, -7.210437706230e-01, 1.797693134862e+308, 1.9954e+01, 7.4718e-02, 
 2DIAGNOSTIC,     8, -7.210967731033e-01, 1.797693134862e+308, 2.0042e+01, 8.7928e-02, 
 2DIAGNOSTIC,     9, -7.211592006536e-01, 1.797693134862e+308, 2.0118e+01, 7.5343e-02, 
 2DIAGNOSTIC,    10, -7.215616230934e-01, 5.034468385677e-05, 2.0252e+01, 1.3440e-01, 
 2DIAGNOSTIC,    11, -7.215374792836e-01, 5.012966432891e-05, 2.0339e+01, 8.6861e-02, 
 2DIAGNOSTIC,    12, -7.215251237904e-01, 5.556550045689e-05, 2.0413e+01, 7.4229e-02, 
 2DIAGNOSTIC,    13, -7.215264448140e-01, 5.684321446678e-05, 2.0501e+01, 8.7996e-02, 
 2DIAGNOSTIC,    14, -7.215440472910e-01, 5.164800229213e-05, 2.0589e+01, 8.7614e-02, 
 2DIAGNOSTIC,    15, -7.215851122251e-01, 4.304331399604e-05, 2.0664e+01, 7.5634e-02, 
 2DIAGNOSTIC,    16, -7.216066203814e-01, 3.255957818332e-05, 2.0751e+01, 8.7151e-02, 
 2DIAGNOSTIC,    17, -7.213074641860e-01, 1.627406151250e-05, 2.0826e+01, 7.4663e-02, 
 2DIAGNOSTIC,    18, -7.213167803799e-01, 2.097130153519e-06, 2.0913e+01, 8.6345e-02, 
DIAGNOSTIC,Iteration,metricValue,convergenceValue,ITERATION_TIME_INDEX,SINCE_LAST
 2DIAGNOSTIC,     1, -6.493322370356e-01, 1.797693134862e+308, 3.0679e+01, 9.7662e+00, 
 2DIAGNOSTIC,     2, -6.493823167236e-01, 1.797693134862e+308, 3.1357e+01, 6.7838e-01, 
 2DIAGNOSTIC,     3, -6.493688441828e-01, 1.797693134862e+308, 3.1938e+01, 5.8091e-01, 
 2DIAGNOSTIC,     4, -6.494088500902e-01, 1.797693134862e+308, 3.2527e+01, 5.8898e-01, 
 2DIAGNOSTIC,     5, -6.494708162982e-01, 1.797693134862e+308, 3.3111e+01, 5.8414e-01, 
 2DIAGNOSTIC,     6, -6.495339121535e-01, 1.797693134862e+308, 3.3783e+01, 6.7213e-01, 
 2DIAGNOSTIC,     7, -6.497027817444e-01, 1.797693134862e+308, 3.4369e+01, 5.8545e-01, 
 2DIAGNOSTIC,     8, -6.497722275301e-01, 1.797693134862e+308, 3.4943e+01, 5.7469e-01, 
 2DIAGNOSTIC,     9, -6.501671751292e-01, 1.797693134862e+308, 3.5980e+01, 1.0367e+00, 
 2DIAGNOSTIC,    10, -6.501656707183e-01, 8.848893527755e-05, 3.6638e+01, 6.5752e-01, 
 2DIAGNOSTIC,    11, -6.501666241096e-01, 8.964919446189e-05, 3.7565e+01, 9.2716e-01, 
 2DIAGNOSTIC,    12, -6.501664728420e-01, 8.483714552342e-05, 3.8151e+01, 5.8589e-01, 
 2DIAGNOSTIC,    13, -6.501612289344e-01, 7.262606711982e-05, 3.8718e+01, 5.6733e-01, 
 2DIAGNOSTIC,    14, -6.501612705009e-01, 5.688113386536e-05, 3.9373e+01, 6.5496e-01, 
 2DIAGNOSTIC,    15, -6.501615378602e-01, 4.006114036924e-05, 4.0029e+01, 6.5597e-01, 
 2DIAGNOSTIC,    16, -6.501604907518e-01, 2.362563332881e-05, 4.0594e+01, 5.6482e-01, 
 2DIAGNOSTIC,    17, -6.501605582943e-01, 1.155095108760e-05, 4.1249e+01, 6.5530e-01, 
 2DIAGNOSTIC,    18, -6.501609331950e-01, 1.347415098503e-06, 4.1904e+01, 6.5532e-01, 
 2DIAGNOSTIC,    19, -6.501604727266e-01, 1.338341229715e-06, 4.2477e+01, 5.7286e-01, 
 2DIAGNOSTIC,    20, -6.501601555712e-01, 1.319508394611e-06, 4.3043e+01, 5.6598e-01, 
 2DIAGNOSTIC,    21, -6.501638484126e-01, 1.423854311046e-06, 4.3612e+01, 5.6901e-01, 
 2DIAGNOSTIC,    22, -6.501643435236e-01, 1.534876903610e-06, 4.4183e+01, 5.7121e-01, 
DIAGNOSTIC,Iteration,metricValue,convergenceValue,ITERATION_TIME_INDEX,SINCE_LAST
 2DIAGNOSTIC,     1, -5.694268083589e-01, 1.797693134862e+308, 5.7548e+01, 1.3364e+01, 
 2DIAGNOSTIC,     2, -5.695114817592e-01, 1.797693134862e+308, 6.1146e+01, 3.5985e+00, 
 2DIAGNOSTIC,     3, -5.695684662592e-01, 1.797693134862e+308, 6.5252e+01, 4.1054e+00, 
 2DIAGNOSTIC,     4, -5.695856106738e-01, 1.797693134862e+308, 6.9923e+01, 4.6715e+00, 
 2DIAGNOSTIC,     5, -5.695909320982e-01, 1.797693134862e+308, 7.4064e+01, 4.1414e+00, 
 2DIAGNOSTIC,     6, -5.695938923514e-01, 1.797693134862e+308, 7.7668e+01, 3.6035e+00, 
 2DIAGNOSTIC,     7, -5.696025658300e-01, 1.797693134862e+308, 8.1282e+01, 3.6136e+00, 
 2DIAGNOSTIC,     8, -5.696303217321e-01, 1.797693134862e+308, 8.4865e+01, 3.5832e+00, 
 2DIAGNOSTIC,     9, -5.696914791007e-01, 1.797693134862e+308, 8.8464e+01, 3.5996e+00, 
 2DIAGNOSTIC,    10, -5.697946300700e-01, 3.196584119987e-05, 9.2121e+01, 3.6566e+00, 
 2DIAGNOSTIC,    11, -5.700168001538e-01, 3.904322724438e-05, 9.6911e+01, 4.7898e+00, 
 2DIAGNOSTIC,    12, -5.702320650585e-01, 5.392940241981e-05, 1.0497e+02, 8.0567e+00, 
 2DIAGNOSTIC,    13, -5.702322814413e-01, 6.397720436306e-05, 1.0858e+02, 3.6120e+00, 
 2DIAGNOSTIC,    14, -5.702331667612e-01, 6.781035919877e-05, 1.1336e+02, 4.7765e+00, 
 2DIAGNOSTIC,    15, -5.702335941758e-01, 6.537871097943e-05, 1.1752e+02, 4.1609e+00, 
 2DIAGNOSTIC,    16, -5.702333577963e-01, 5.741536207589e-05, 1.2164e+02, 4.1255e+00, 
 2DIAGNOSTIC,    17, -5.702338770356e-01, 4.547421956044e-05, 1.2550e+02, 3.8566e+00, 
 2DIAGNOSTIC,    18, -5.702341088259e-01, 3.167169984691e-05, 1.2973e+02, 4.2316e+00, 
 2DIAGNOSTIC,    19, -5.702341048577e-01, 1.824141254717e-05, 1.3451e+02, 4.7825e+00, 
 2DIAGNOSTIC,    20, -5.702341376539e-01, 7.094415008860e-06, 1.3869e+02, 4.1800e+00, 
 2DIAGNOSTIC,    21, -5.702340827518e-01, 1.625393277069e-06, 1.4338e+02, 4.6832e+00, 
 2DIAGNOSTIC,    22, -5.702338924809e-01, 1.518739191166e-06, 1.4699e+02, 3.6172e+00, 
 2DIAGNOSTIC,    23, -5.702340197291e-01, 1.421536721988e-06, 1.5114e+02, 4.1506e+00, 
 2DIAGNOSTIC,    24, -5.702342130674e-01, 1.351006823885e-06, 1.5530e+02, 4.1564e+00, 
 2DIAGNOSTIC,    25, -5.702352774850e-01, 1.313720258224e-06, 1.6003e+02, 4.7276e+00, 
 2DIAGNOSTIC,    26, -5.702355225286e-01, 1.274934421029e-06, 1.6362e+02, 3.5956e+00, 
 2DIAGNOSTIC,    27, -5.702350672807e-01, 1.235513652123e-06, 1.6778e+02, 4.1560e+00, 
 2DIAGNOSTIC,    28, -5.702354712810e-01, 1.205416023289e-06, 1.7193e+02, 4.1546e+00, 
 2DIAGNOSTIC,    29, -5.702350066182e-01, 1.162394671815e-06, 1.7606e+02, 4.1280e+00, 
 2DIAGNOSTIC,    30, -5.702351529677e-01, 1.118943023189e-06, 1.8017e+02, 4.1121e+00, 
 2DIAGNOSTIC,    31, -5.702349404051e-01, 1.068493128732e-06, 1.8366e+02, 3.4866e+00, 
 2DIAGNOSTIC,    32, -5.702349174466e-01, 1.014232595291e-06, 1.8771e+02, 4.0480e+00, 
  Elapsed time (stage 0): 1.9267e+02


Stage 1
  iterations = 1000x500x250x100
  convergence threshold = 1.0000e-06
  convergence window size = 10
  number of levels = 4
  using the Mattes MI metric (number of bins = 32, weight = 1.0000e+00)
  preprocessing:  winsorizing the image intensities
  Shrink factors (level 1 out of 4): [12, 12, 12]
  Shrink factors (level 2 out of 4): [8, 8, 8]
  Shrink factors (level 3 out of 4): [4, 4, 4]
  Shrink factors (level 4 out of 4): [2, 2, 2]
  smoothing sigmas per level: [4, 3, 2, 1]
  regular sampling (percentage = 2.5000e-01)

*** Running AffineTransform registration ***

DIAGNOSTIC,Iteration,metricValue,convergenceValue,ITERATION_TIME_INDEX,SINCE_LAST
 2DIAGNOSTIC,     1, -7.882112397825e-01, 1.797693134862e+308, 9.0317e+00, 9.0317e+00, 
 2DIAGNOSTIC,     2, -7.899037646914e-01, 1.797693134862e+308, 9.0507e+00, 1.8946e-02, 
 2DIAGNOSTIC,     3, -7.929569584930e-01, 1.797693134862e+308, 9.0698e+00, 1.9174e-02, 
 2DIAGNOSTIC,     4, -7.973035900788e-01, 1.797693134862e+308, 9.0894e+00, 1.9551e-02, 
 2DIAGNOSTIC,     5, -8.031134108686e-01, 1.797693134862e+308, 9.1082e+00, 1.8869e-02, 
 2DIAGNOSTIC,     6, -8.113057188150e-01, 1.797693134862e+308, 9.1285e+00, 2.0301e-02, 
 2DIAGNOSTIC,     7, -8.336227714560e-01, 1.797693134862e+308, 9.1495e+00, 2.0968e-02, 
 2DIAGNOSTIC,     8, -8.476312692136e-01, 1.797693134862e+308, 9.1725e+00, 2.3005e-02, 
 2DIAGNOSTIC,     9, -8.591891799925e-01, 1.797693134862e+308, 9.2085e+00, 3.5934e-02, 
 2DIAGNOSTIC,    10, -8.594512827872e-01, 6.549129304869e-03, 9.2282e+00, 1.9744e-02, 
 2DIAGNOSTIC,    11, -8.604535440901e-01, 6.180508185684e-03, 9.2505e+00, 2.2305e-02, 
 2DIAGNOSTIC,    12, -8.606497700639e-01, 5.371468862796e-03, 9.2700e+00, 1.9498e-02, 
 2DIAGNOSTIC,    13, -8.611001927888e-01, 4.293736352157e-03, 9.2925e+00, 2.2492e-02, 
 2DIAGNOSTIC,    14, -8.612944402382e-01, 3.099257825971e-03, 9.3147e+00, 2.2227e-02, 
 2DIAGNOSTIC,    15, -8.616236485306e-01, 1.932063531743e-03, 9.3427e+00, 2.7974e-02, 
 2DIAGNOSTIC,    16, -8.616642173526e-01, 9.078207198382e-04, 9.3657e+00, 2.3003e-02, 
 2DIAGNOSTIC,    17, -8.614877295645e-01, 3.621362419107e-04, 9.3881e+00, 2.2394e-02, 
 2DIAGNOSTIC,    18, -8.616537610646e-01, 1.070401563367e-04, 9.4084e+00, 2.0299e-02, 
 2DIAGNOSTIC,    19, -8.616889206284e-01, 7.649305287814e-05, 9.4307e+00, 2.2341e-02, 
 2DIAGNOSTIC,    20, -8.616604058787e-01, 4.563149678094e-05, 9.4499e+00, 1.9194e-02, 
 2DIAGNOSTIC,    21, -8.616626772775e-01, 2.994777549793e-05, 9.4695e+00, 1.9538e-02, 
 2DIAGNOSTIC,    22, -8.616810550768e-01, 1.632502759948e-05, 9.4886e+00, 1.9182e-02, 
 2DIAGNOSTIC,    23, -8.617048599733e-01, 9.419177889977e-06, 9.5109e+00, 2.2291e-02, 
 2DIAGNOSTIC,    24, -8.617225357680e-01, 5.139392322766e-06, 9.5368e+00, 2.5862e-02, 
 2DIAGNOSTIC,    25, -8.617183058490e-01, 5.228210551496e-06, 9.5589e+00, 2.2086e-02, 
 2DIAGNOSTIC,    26, -8.617178318617e-01, 5.567704866989e-06, 9.5836e+00, 2.4748e-02, 
 2DIAGNOSTIC,    27, -8.616997168653e-01, 2.990394732137e-06, 9.6057e+00, 2.2045e-02, 
 2DIAGNOSTIC,    28, -8.616893501869e-01, 2.282554194898e-06, 9.6251e+00, 1.9394e-02, 
 2DIAGNOSTIC,    29, -8.616971763433e-01, 2.025551730740e-06, 9.6456e+00, 2.0539e-02, 
 2DIAGNOSTIC,    30, -8.617101016804e-01, 1.524681638200e-06, 9.6661e+00, 2.0458e-02, 
 2DIAGNOSTIC,    31, -8.617302764678e-01, 1.253963751884e-06, 9.6853e+00, 1.9276e-02, 
 2DIAGNOSTIC,    32, -8.617725876548e-01, 1.610991158203e-06, 9.7098e+00, 2.4437e-02, 
 2DIAGNOSTIC,    33, -8.618105950684e-01, 2.505262365608e-06, 9.7312e+00, 2.1371e-02, 
 2DIAGNOSTIC,    34, -8.617943438916e-01, 3.209724228528e-06, 9.7508e+00, 1.9693e-02, 
 2DIAGNOSTIC,    35, -8.618625679996e-01, 4.279337972962e-06, 9.7713e+00, 2.0452e-02, 
 2DIAGNOSTIC,    36, -8.620058885322e-01, 6.282487172764e-06, 9.7967e+00, 2.5359e-02, 
 2DIAGNOSTIC,    37, -8.619054187426e-01, 6.556709899432e-06, 9.8294e+00, 3.2742e-02, 
 2DIAGNOSTIC,    38, -8.619926906913e-01, 6.997587746912e-06, 9.8517e+00, 2.2303e-02, 
 2DIAGNOSTIC,    39, -8.620010474580e-01, 6.960385095612e-06, 9.8746e+00, 2.2873e-02, 
 2DIAGNOSTIC,    40, -8.619287043748e-01, 5.828216373800e-06, 9.8940e+00, 1.9463e-02, 
 2DIAGNOSTIC,    41, -8.619470206873e-01, 4.588591556495e-06, 9.9150e+00, 2.0930e-02, 
 2DIAGNOSTIC,    42, -8.621232469130e-01, 4.777913776743e-06, 9.9430e+00, 2.8066e-02, 
 2DIAGNOSTIC,    43, -8.621273181087e-01, 4.874670115246e-06, 9.9624e+00, 1.9410e-02, 
 2DIAGNOSTIC,    44, -8.621424640392e-01, 4.566130029283e-06, 9.9818e+00, 1.9332e-02, 
 2DIAGNOSTIC,    45, -8.621223408119e-01, 4.259230386619e-06, 1.0007e+01, 2.4872e-02, 
 2DIAGNOSTIC,    46, -8.621264907449e-01, 4.726276189949e-06, 1.0027e+01, 2.0039e-02, 
 2DIAGNOSTIC,    47, -8.621163424616e-01, 3.955259508272e-06, 1.0052e+01, 2.5207e-02, 
 2DIAGNOSTIC,    48, -8.621448285238e-01, 3.696310956036e-06, 1.0074e+01, 2.2276e-02, 
 2DIAGNOSTIC,    49, -8.621510001438e-01, 3.284865981414e-06, 1.0093e+01, 1.9287e-02, 
 2DIAGNOSTIC,    50, -8.621874165703e-01, 2.411614507165e-06, 1.0116e+01, 2.2308e-02, 
 2DIAGNOSTIC,    51, -8.622283510902e-01, 1.756294570446e-06, 1.0141e+01, 2.5628e-02, 
 2DIAGNOSTIC,    52, -8.622343502691e-01, 2.180063197018e-06, 1.0164e+01, 2.2215e-02, 
 2DIAGNOSTIC,    53, -8.622349717106e-01, 2.466276825878e-06, 1.0183e+01, 1.9487e-02, 
 2DIAGNOSTIC,    54, -8.621837399588e-01, 2.345949988034e-06, 1.0203e+01, 1.9782e-02, 
 2DIAGNOSTIC,    55, -8.621844973666e-01, 1.950775926157e-06, 1.0222e+01, 1.9420e-02, 
 2DIAGNOSTIC,    56, -8.621936171791e-01, 1.513004754129e-06, 1.0242e+01, 1.9665e-02, 
DIAGNOSTIC,Iteration,metricValue,convergenceValue,ITERATION_TIME_INDEX,SINCE_LAST
 2DIAGNOSTIC,     1, -7.807405401035e-01, 1.797693134862e+308, 1.9959e+01, 9.7170e+00, 
 2DIAGNOSTIC,     2, -7.814850730175e-01, 1.797693134862e+308, 2.0045e+01, 8.6367e-02, 
 2DIAGNOSTIC,     3, -7.824028171788e-01, 1.797693134862e+308, 2.0128e+01, 8.2934e-02, 
 2DIAGNOSTIC,     4, -7.834481349609e-01, 1.797693134862e+308, 2.0210e+01, 8.1559e-02, 
 2DIAGNOSTIC,     5, -7.843568898458e-01, 1.797693134862e+308, 2.0291e+01, 8.1396e-02, 
 2DIAGNOSTIC,     6, -7.853064425231e-01, 1.797693134862e+308, 2.0373e+01, 8.1803e-02, 
 2DIAGNOSTIC,     7, -7.869280936308e-01, 1.797693134862e+308, 2.0478e+01, 1.0480e-01, 
 2DIAGNOSTIC,     8, -7.869513376602e-01, 1.797693134862e+308, 2.0572e+01, 9.4427e-02, 
 2DIAGNOSTIC,     9, -7.868977656893e-01, 1.797693134862e+308, 2.0714e+01, 1.4134e-01, 
 2DIAGNOSTIC,    10, -7.869165614581e-01, 5.784402272012e-04, 2.0795e+01, 8.1673e-02, 
 2DIAGNOSTIC,    11, -7.871577230603e-01, 4.479162368259e-04, 2.0875e+01, 7.9754e-02, 
 2DIAGNOSTIC,    12, -7.873577378633e-01, 3.266765389482e-04, 2.0956e+01, 8.0615e-02, 
 2DIAGNOSTIC,    13, -7.874562926717e-01, 2.228437462443e-04, 2.1038e+01, 8.2036e-02, 
 2DIAGNOSTIC,    14, -7.876296874719e-01, 1.457872335364e-04, 2.1132e+01, 9.4486e-02, 
 2DIAGNOSTIC,    15, -7.877531761108e-01, 9.061822315141e-05, 2.1214e+01, 8.2075e-02, 
 2DIAGNOSTIC,    16, -7.879123695310e-01, 5.814545375060e-05, 2.1331e+01, 1.1632e-01, 
 2DIAGNOSTIC,    17, -7.879931381713e-01, 6.042856896910e-05, 2.1409e+01, 7.8905e-02, 
 2DIAGNOSTIC,    18, -7.880111438321e-01, 5.796303217290e-05, 2.1487e+01, 7.7522e-02, 
 2DIAGNOSTIC,    19, -7.880622079394e-01, 5.059708343633e-05, 2.1576e+01, 8.9447e-02, 
 2DIAGNOSTIC,    20, -7.882680583883e-01, 4.337308703169e-05, 2.1668e+01, 9.1522e-02, 
 2DIAGNOSTIC,    21, -7.883348362318e-01, 3.807301760890e-05, 2.1757e+01, 8.9256e-02, 
 2DIAGNOSTIC,    22, -7.883490944920e-01, 3.337422383926e-05, 2.1844e+01, 8.6653e-02, 
 2DIAGNOSTIC,    23, -7.881880102990e-01, 2.514865801968e-05, 2.1931e+01, 8.6822e-02, 
 2DIAGNOSTIC,    24, -7.881943273463e-01, 1.814667651613e-05, 2.2019e+01, 8.8361e-02, 
 2DIAGNOSTIC,    25, -7.882034988823e-01, 1.191265625336e-05, 2.2097e+01, 7.7634e-02, 
 2DIAGNOSTIC,    26, -7.882195069282e-01, 7.509494947287e-06, 2.2184e+01, 8.7729e-02, 
 2DIAGNOSTIC,    27, -7.882146162162e-01, 3.901118584809e-06, 2.2272e+01, 8.8011e-02, 
DIAGNOSTIC,Iteration,metricValue,convergenceValue,ITERATION_TIME_INDEX,SINCE_LAST
 2DIAGNOSTIC,     1, -7.112177683192e-01, 1.797693134862e+308, 3.2136e+01, 9.8638e+00, 
 2DIAGNOSTIC,     2, -7.120024186602e-01, 1.797693134862e+308, 3.2741e+01, 6.0496e-01, 
 2DIAGNOSTIC,     3, -7.127248800806e-01, 1.797693134862e+308, 3.3358e+01, 6.1634e-01, 
 2DIAGNOSTIC,     4, -7.132180969700e-01, 1.797693134862e+308, 3.3962e+01, 6.0406e-01, 
 2DIAGNOSTIC,     5, -7.137959783484e-01, 1.797693134862e+308, 3.4559e+01, 5.9777e-01, 
 2DIAGNOSTIC,     6, -7.146252277466e-01, 1.797693134862e+308, 3.5450e+01, 8.9074e-01, 
 2DIAGNOSTIC,     7, -7.146425711960e-01, 1.797693134862e+308, 3.6179e+01, 7.2884e-01, 
 2DIAGNOSTIC,     8, -7.146346619984e-01, 1.797693134862e+308, 3.6788e+01, 6.0858e-01, 
 2DIAGNOSTIC,     9, -7.146437151521e-01, 1.797693134862e+308, 3.7492e+01, 7.0409e-01, 
 2DIAGNOSTIC,    10, -7.146409677310e-01, 3.167609236923e-04, 3.8292e+01, 8.0050e-01, 
 2DIAGNOSTIC,    11, -7.146504462948e-01, 2.098669641980e-04, 3.9195e+01, 9.0278e-01, 
 2DIAGNOSTIC,    12, -7.146504227765e-01, 1.279942936578e-04, 3.9824e+01, 6.2946e-01, 
 2DIAGNOSTIC,    13, -7.146485346895e-01, 6.968120509029e-05, 4.0451e+01, 6.2694e-01, 
 2DIAGNOSTIC,    14, -7.146512323462e-01, 2.752674131598e-05, 4.1073e+01, 6.2153e-01, 
 2DIAGNOSTIC,    15, -7.146628606794e-01, 3.705401613513e-06, 4.1782e+01, 7.0910e-01, 
 2DIAGNOSTIC,    16, -7.146679023433e-01, 3.451993418821e-06, 4.2501e+01, 7.1911e-01, 
 2DIAGNOSTIC,    17, -7.146575867021e-01, 3.265484028625e-06, 4.3117e+01, 6.1570e-01, 
 2DIAGNOSTIC,    18, -7.146916341674e-01, 3.558464218983e-06, 4.3734e+01, 6.1745e-01, 
 2DIAGNOSTIC,    19, -7.147222966755e-01, 4.467656187911e-06, 4.4366e+01, 6.3190e-01, 
 2DIAGNOSTIC,    20, -7.147594562428e-01, 5.687979415255e-06, 4.5080e+01, 7.1392e-01, 
 2DIAGNOSTIC,    21, -7.147828753536e-01, 7.029891133645e-06, 4.5690e+01, 6.1030e-01, 
 2DIAGNOSTIC,    22, -7.148575332162e-01, 9.095305716682e-06, 4.6684e+01, 9.9384e-01, 
 2DIAGNOSTIC,    23, -7.148837150762e-01, 1.065534702029e-05, 4.7405e+01, 7.2053e-01, 
 2DIAGNOSTIC,    24, -7.148916639602e-01, 1.138122899030e-05, 4.8242e+01, 8.3763e-01, 
 2DIAGNOSTIC,    25, -7.148928369528e-01, 1.132071478881e-05, 4.8956e+01, 7.1376e-01, 
 2DIAGNOSTIC,    26, -7.148944420887e-01, 1.043508692267e-05, 4.9766e+01, 8.1023e-01, 
 2DIAGNOSTIC,    27, -7.148955342893e-01, 8.591776937850e-06, 5.0488e+01, 7.2189e-01, 
 2DIAGNOSTIC,    28, -7.148944050556e-01, 6.637525773914e-06, 5.1208e+01, 7.1931e-01, 
 2DIAGNOSTIC,    29, -7.148974838243e-01, 4.765253547936e-06, 5.1836e+01, 6.2801e-01, 
 2DIAGNOSTIC,    30, -7.149021391115e-01, 3.232468266993e-06, 5.2646e+01, 8.1072e-01, 
 2DIAGNOSTIC,    31, -7.149036484156e-01, 1.889322890705e-06, 5.3256e+01, 6.0995e-01, 
 2DIAGNOSTIC,    32, -7.149020467471e-01, 1.449305521650e-06, 5.3984e+01, 7.2763e-01, 
 2DIAGNOSTIC,    33, -7.149024236793e-01, 1.312483412390e-06, 5.4703e+01, 7.1965e-01, 
 2DIAGNOSTIC,    34, -7.148966009446e-01, 1.174778259842e-06, 5.5422e+01, 7.1873e-01, 
DIAGNOSTIC,Iteration,metricValue,convergenceValue,ITERATION_TIME_INDEX,SINCE_LAST
 2DIAGNOSTIC,     1, -6.168401921224e-01, 1.797693134862e+308, 6.9424e+01, 1.4002e+01, 
 2DIAGNOSTIC,     2, -6.173391089168e-01, 1.797693134862e+308, 7.3318e+01, 3.8937e+00, 
 2DIAGNOSTIC,     3, -6.177410421661e-01, 1.797693134862e+308, 7.7189e+01, 3.8707e+00, 
 2DIAGNOSTIC,     4, -6.181505902209e-01, 1.797693134862e+308, 8.1048e+01, 3.8590e+00, 
 2DIAGNOSTIC,     5, -6.186833513671e-01, 1.797693134862e+308, 8.4891e+01, 3.8435e+00, 
 2DIAGNOSTIC,     6, -6.188689858022e-01, 1.797693134862e+308, 9.0443e+01, 5.5514e+00, 
 2DIAGNOSTIC,     7, -6.188922299213e-01, 1.797693134862e+308, 9.4316e+01, 3.8729e+00, 
 2DIAGNOSTIC,     8, -6.189191419758e-01, 1.797693134862e+308, 9.8189e+01, 3.8731e+00, 
 2DIAGNOSTIC,     9, -6.190329346888e-01, 1.797693134862e+308, 1.0206e+02, 3.8740e+00, 
 2DIAGNOSTIC,    10, -6.190849902931e-01, 2.297104322750e-04, 1.0821e+02, 6.1471e+00, 
 2DIAGNOSTIC,    11, -6.190924834101e-01, 1.558433793840e-04, 1.1204e+02, 3.8292e+00, 
 2DIAGNOSTIC,    12, -6.191051547843e-01, 1.002993675669e-04, 1.1586e+02, 3.8225e+00, 
 2DIAGNOSTIC,    13, -6.191280917811e-01, 5.941488532059e-05, 1.1973e+02, 3.8639e+00, 
 2DIAGNOSTIC,    14, -6.192067934269e-01, 3.472505536592e-05, 1.2644e+02, 6.7166e+00, 
 2DIAGNOSTIC,    15, -6.192071215325e-01, 2.645962115114e-05, 1.3088e+02, 4.4384e+00, 
 2DIAGNOSTIC,    16, -6.192066849296e-01, 2.238468802113e-05, 1.3647e+02, 5.5914e+00, 
 2DIAGNOSTIC,    17, -6.192066431840e-01, 1.760445842022e-05, 1.4035e+02, 3.8755e+00, 
 2DIAGNOSTIC,    18, -6.192045381435e-01, 1.245283904958e-05, 1.4476e+02, 4.4101e+00, 
 2DIAGNOSTIC,    19, -6.192036999416e-01, 9.522761485692e-06, 1.4920e+02, 4.4473e+00, 
 2DIAGNOSTIC,    20, -6.192017220455e-01, 7.307034752338e-06, 1.5307e+02, 3.8677e+00, 
 2DIAGNOSTIC,    21, -6.192018483454e-01, 4.963285160919e-06, 1.5694e+02, 3.8721e+00, 
 2DIAGNOSTIC,    22, -6.192023988319e-01, 2.792435368958e-06, 1.6138e+02, 4.4390e+00, 
 2DIAGNOSTIC,    23, -6.192034870851e-01, 1.119035598345e-06, 1.6524e+02, 3.8529e+00, 
 2DIAGNOSTIC,    24, -6.192051867806e-01, 1.148395992412e-06, 1.6967e+02, 4.4358e+00, 
 2DIAGNOSTIC,    25, -6.192052773631e-01, 1.199557572516e-06, 1.7468e+02, 5.0068e+00, 
 2DIAGNOSTIC,    26, -6.192051368656e-01, 1.243524236520e-06, 1.7912e+02, 4.4422e+00, 
 2DIAGNOSTIC,    27, -6.192034534699e-01, 1.253692944202e-06, 1.8298e+02, 3.8607e+00, 
 2DIAGNOSTIC,    28, -6.192049678306e-01, 1.246761686044e-06, 1.8684e+02, 3.8629e+00, 
 2DIAGNOSTIC,    29, -6.192057962585e-01, 1.229251182483e-06, 1.9072e+02, 3.8746e+00, 
 2DIAGNOSTIC,    30, -6.192069779567e-01, 1.187957667861e-06, 1.9517e+02, 4.4538e+00, 
 2DIAGNOSTIC,    31, -6.192069883171e-01, 1.139828557060e-06, 1.9928e+02, 4.1027e+00, 
 2DIAGNOSTIC,    32, -6.192081493319e-01, 1.109132814238e-06, 2.0387e+02, 4.5986e+00, 
 2DIAGNOSTIC,    33, -6.192100218689e-01, 1.109425525239e-06, 2.0781e+02, 3.9317e+00, 
 2DIAGNOSTIC,    34, -6.192126245653e-01, 1.152745942781e-06, 2.1223e+02, 4.4282e+00, 
 2DIAGNOSTIC,    35, -6.192168001357e-01, 1.228335453973e-06, 2.1734e+02, 5.1023e+00, 
 2DIAGNOSTIC,    36, -6.192166143895e-01, 1.265389646711e-06, 2.2177e+02, 4.4314e+00, 
 2DIAGNOSTIC,    37, -6.192168930096e-01, 1.247416437179e-06, 2.2562e+02, 3.8543e+00, 
 2DIAGNOSTIC,    38, -6.192182713579e-01, 1.228484543044e-06, 2.3063e+02, 5.0085e+00, 
 2DIAGNOSTIC,    39, -6.192194374830e-01, 1.195316101731e-06, 2.3449e+02, 3.8610e+00, 
 2DIAGNOSTIC,    40, -6.192247200562e-01, 1.201281707563e-06, 2.4296e+02, 8.4682e+00, 
 2DIAGNOSTIC,    41, -6.192207242422e-01, 1.122527509952e-06, 2.4739e+02, 4.4296e+00, 
 2DIAGNOSTIC,    42, -6.192206482991e-01, 1.028864157211e-06, 2.5124e+02, 3.8516e+00, 
  Elapsed time (stage 1): 2.5576e+02


Stage 2
  iterations = 100x100x70x50x20
  convergence threshold = 1.0000e-06
  convergence window size = 10
  number of levels = 5
  using the CC metric (radius = 4, weight = 1.0000e+00)
  preprocessing:  winsorizing the image intensities
  Shrink factors (level 1 out of 5): [10, 10, 10]
  Shrink factors (level 2 out of 5): [6, 6, 6]
  Shrink factors (level 3 out of 5): [4, 4, 4]
  Shrink factors (level 4 out of 5): [2, 2, 2]
  Shrink factors (level 5 out of 5): [1, 1, 1]
  smoothing sigmas per level: [5, 3, 2, 1, 0]
  Using default NONE metricSamplingStrategy 

*** Running SyN registration (varianceForUpdateField = 3.0000e+00, varianceForTotalField = 0.0000e+00) ***

XXDIAGNOSTIC,Iteration,metricValue,convergenceValue,ITERATION_TIME_INDEX,SINCE_LAST
 1DIAGNOSTIC,     1, -5.499552288311e-01, 1.797693134862e+308, 1.1244e+01, 1.1244e+01, 
 1DIAGNOSTIC,     2, -5.577783903881e-01, 1.797693134862e+308, 1.2837e+01, 1.5932e+00, 
 1DIAGNOSTIC,     3, -5.644075345865e-01, 1.797693134862e+308, 1.4419e+01, 1.5817e+00, 
 1DIAGNOSTIC,     4, -5.699155894937e-01, 1.797693134862e+308, 1.6002e+01, 1.5833e+00, 
 1DIAGNOSTIC,     5, -5.748625901283e-01, 1.797693134862e+308, 1.7604e+01, 1.6024e+00, 
 1DIAGNOSTIC,     6, -5.793657813899e-01, 1.797693134862e+308, 1.9189e+01, 1.5844e+00, 
 1DIAGNOSTIC,     7, -5.830978860169e-01, 1.797693134862e+308, 2.0781e+01, 1.5917e+00, 
 1DIAGNOSTIC,     8, -5.866238596300e-01, 1.797693134862e+308, 2.2364e+01, 1.5838e+00, 
 1DIAGNOSTIC,     9, -5.897248414875e-01, 1.797693134862e+308, 2.3956e+01, 1.5919e+00, 
 1DIAGNOSTIC,    10, -5.920244281688e-01, 4.575771977600e-03, 2.5556e+01, 1.6000e+00, 
 1DIAGNOSTIC,    11, -5.951589798073e-01, 3.655725721987e-03, 2.7164e+01, 1.6080e+00, 
 1DIAGNOSTIC,    12, -5.965413429799e-01, 2.937340652708e-03, 2.8768e+01, 1.6034e+00, 
 1DIAGNOSTIC,    13, -5.998287221142e-01, 2.438476966280e-03, 3.0380e+01, 1.6123e+00, 
 1DIAGNOSTIC,    14, -6.010672325841e-01, 2.023261725023e-03, 3.1993e+01, 1.6133e+00, 
 1DIAGNOSTIC,    15, -6.040257844183e-01, 1.735483586363e-03, 3.3604e+01, 1.6109e+00, 
 1DIAGNOSTIC,    16, -6.057702091578e-01, 1.513019299893e-03, 3.5207e+01, 1.6026e+00, 
 1DIAGNOSTIC,    17, -6.090734843417e-01, 1.377266201962e-03, 3.6817e+01, 1.6099e+00, 
 1DIAGNOSTIC,    18, -6.095998632951e-01, 1.236596335863e-03, 3.8438e+01, 1.6214e+00, 
 1DIAGNOSTIC,    19, -6.117582197367e-01, 1.130654306118e-03, 4.0040e+01, 1.6020e+00, 
 1DIAGNOSTIC,    20, -6.117450896879e-01, 9.841320763622e-04, 4.1651e+01, 1.6111e+00, 
 1DIAGNOSTIC,    21, -6.138885631408e-01, 8.815284385591e-04, 4.3256e+01, 1.6048e+00, 
 1DIAGNOSTIC,    22, -6.137081532077e-01, 7.301776359845e-04, 4.4860e+01, 1.6038e+00, 
 1DIAGNOSTIC,    23, -6.157008679812e-01, 6.349849273622e-04, 4.6471e+01, 1.6113e+00, 
 1DIAGNOSTIC,    24, -6.154674856882e-01, 5.073316854306e-04, 4.8066e+01, 1.5954e+00, 
 1DIAGNOSTIC,    25, -6.173360868111e-01, 4.352268920571e-04, 4.9688e+01, 1.6218e+00, 
 1DIAGNOSTIC,    26, -6.166148541108e-01, 3.448529749356e-04, 5.1289e+01, 1.6010e+00, 
 1DIAGNOSTIC,    27, -6.186286583490e-01, 3.235517868110e-04, 5.2889e+01, 1.6002e+00, 
 1DIAGNOSTIC,    28, -6.180368727716e-01, 2.707484178404e-04, 5.4496e+01, 1.6063e+00, 
 1DIAGNOSTIC,    29, -6.198161431137e-01, 2.614830816360e-04, 5.6106e+01, 1.6101e+00, 
 1DIAGNOSTIC,    30, -6.191551332728e-01, 2.162780455402e-04, 5.7714e+01, 1.6082e+00, 
 1DIAGNOSTIC,    31, -6.208156393903e-01, 2.127278364015e-04, 5.9333e+01, 1.6185e+00, 
 1DIAGNOSTIC,    32, -6.199594062485e-01, 1.727800330810e-04, 6.0947e+01, 1.6148e+00, 
 1DIAGNOSTIC,    33, -6.215958614151e-01, 1.717505152304e-04, 6.2566e+01, 1.6184e+00, 
 1DIAGNOSTIC,    34, -6.207927992269e-01, 1.390083706519e-04, 6.4164e+01, 1.5982e+00, 
 1DIAGNOSTIC,    35, -6.223570400145e-01, 1.422365222066e-04, 6.5775e+01, 1.6106e+00, 
 1DIAGNOSTIC,    36, -6.216181358439e-01, 1.115996971793e-04, 6.7389e+01, 1.6147e+00, 
 1DIAGNOSTIC,    37, -6.231744517106e-01, 1.183376893447e-04, 6.9005e+01, 1.6153e+00, 
 1DIAGNOSTIC,    38, -6.220119881969e-01, 9.079304458530e-05, 7.0619e+01, 1.6149e+00, 
 1DIAGNOSTIC,    39, -6.237469185186e-01, 9.933417170150e-05, 7.2237e+01, 1.6174e+00, 
 1DIAGNOSTIC,    40, -6.226968670774e-01, 7.688285881766e-05, 7.3839e+01, 1.6024e+00, 
 1DIAGNOSTIC,    41, -6.242641441821e-01, 8.601885624319e-05, 7.5453e+01, 1.6134e+00, 
 1DIAGNOSTIC,    42, -6.232044886793e-01, 6.427711846669e-05, 7.7057e+01, 1.6041e+00, 
 1DIAGNOSTIC,    43, -6.247225611235e-01, 7.267872345322e-05, 7.8659e+01, 1.6021e+00, 
 1DIAGNOSTIC,    44, -6.235216070301e-01, 5.161730362801e-05, 8.0264e+01, 1.6050e+00, 
 1DIAGNOSTIC,    45, -6.251481837950e-01, 6.051282799002e-05, 8.1865e+01, 1.6007e+00, 
 1DIAGNOSTIC,    46, -6.241801557421e-01, 4.505693301885e-05, 8.3464e+01, 1.5994e+00, 
 1DIAGNOSTIC,    47, -6.255052590612e-01, 5.542396134462e-05, 8.5064e+01, 1.6000e+00, 
 1DIAGNOSTIC,    48, -6.242794955208e-01, 3.609539561990e-05, 8.6673e+01, 1.6087e+00, 
 1DIAGNOSTIC,    49, -6.257815145156e-01, 4.577436653700e-05, 8.8306e+01, 1.6329e+00, 
 1DIAGNOSTIC,    50, -6.247657291087e-01, 3.061276072266e-05, 8.9922e+01, 1.6160e+00, 
 1DIAGNOSTIC,    51, -6.261644640985e-01, 4.089937532006e-05, 9.1531e+01, 1.6089e+00, 
 1DIAGNOSTIC,    52, -6.249800675149e-01, 2.612893272344e-05, 9.3260e+01, 1.7290e+00, 
 1DIAGNOSTIC,    53, -6.265084710009e-01, 3.701254290258e-05, 9.4879e+01, 1.6192e+00, 
 1DIAGNOSTIC,    54, -6.253953808110e-01, 2.325206329384e-05, 9.6497e+01, 1.6183e+00, 
 1DIAGNOSTIC,    55, -6.267134752196e-01, 3.328717202104e-05, 9.8103e+01, 1.6058e+00, 
 1DIAGNOSTIC,    56, -6.256506995608e-01, 2.235016574434e-05, 9.9723e+01, 1.6199e+00, 
 1DIAGNOSTIC,    57, -6.269956763087e-01, 3.211890973362e-05, 1.0134e+02, 1.6218e+00, 
 1DIAGNOSTIC,    58, -6.255379584154e-01, 1.635137477890e-05, 1.0287e+02, 1.5240e+00, 
 1DIAGNOSTIC,    59, -6.272000196003e-01, 2.514423093643e-05, 1.0441e+02, 1.5378e+00, 
 1DIAGNOSTIC,    60, -6.260653735596e-01, 1.394243585278e-05, 1.0595e+02, 1.5396e+00, 
 1DIAGNOSTIC,    61, -6.274440267643e-01, 2.352188500997e-05, 1.0747e+02, 1.5216e+00, 
 1DIAGNOSTIC,    62, -6.259620799495e-01, 1.003935330293e-05, 1.0899e+02, 1.5209e+00, 
 1DIAGNOSTIC,    63, -6.275279461737e-01, 1.950189667702e-05, 1.1053e+02, 1.5398e+00, 
 1DIAGNOSTIC,    64, -6.263514785589e-01, 9.600942708896e-06, 1.1205e+02, 1.5260e+00, 
 1DIAGNOSTIC,    65, -6.276860671149e-01, 1.848923653760e-05, 1.1361e+02, 1.5559e+00, 
 1DIAGNOSTIC,    66, -6.265423955611e-01, 9.379986888332e-06, 1.1525e+02, 1.6407e+00, 
 1DIAGNOSTIC,    67, -6.278921281331e-01, 1.893849251625e-05, 1.1678e+02, 1.5332e+00, 
 1DIAGNOSTIC,    68, -6.262693630908e-01, 4.853101755700e-06, 1.1833e+02, 1.5434e+00, 
 1DIAGNOSTIC,    69, -6.279266082935e-01, 1.357263474139e-05, 1.1988e+02, 1.5484e+00, 
 1DIAGNOSTIC,    70, -6.266906300146e-01, 4.491471237730e-06, 1.2141e+02, 1.5298e+00, 
 1DIAGNOSTIC,    71, -6.279556988599e-01, 1.304573712357e-05, 1.2293e+02, 1.5235e+00, 
 1DIAGNOSTIC,    72, -6.270810156531e-01, 4.520449706199e-06, 1.2446e+02, 1.5264e+00, 
 1DIAGNOSTIC,    73, -6.281355100113e-01, 1.287661603094e-05, 1.2599e+02, 1.5376e+00, 
 1DIAGNOSTIC,    74, -6.266826154800e-01, 2.946775462757e-06, 1.2752e+02, 1.5259e+00, 
 1DIAGNOSTIC,    75, -6.282989259938e-01, 1.168618159048e-05, 1.2905e+02, 1.5358e+00, 
 1DIAGNOSTIC,    76, -6.268431300567e-01, 2.738196507288e-06, 1.3060e+02, 1.5413e+00, 
 1DIAGNOSTIC,    77, -6.283604836205e-01, 1.155221764213e-05, 1.3213e+02, 1.5331e+00, 
 1DIAGNOSTIC,    78, -6.268653815136e-01, 8.589887422021e-08, 1.3366e+02, 1.5327e+00, 
XXDIAGNOSTIC,Iteration,metricValue,convergenceValue,ITERATION_TIME_INDEX,SINCE_LAST
 1DIAGNOSTIC,     1, -5.032100128835e-01, 1.797693134862e+308, 1.5070e+02, 1.7033e+01, 
 1DIAGNOSTIC,     2, -5.115648739402e-01, 1.797693134862e+308, 1.5842e+02, 7.7292e+00, 
 1DIAGNOSTIC,     3, -5.182280814445e-01, 1.797693134862e+308, 1.6612e+02, 7.6929e+00, 
 1DIAGNOSTIC,     4, -5.242100256332e-01, 1.797693134862e+308, 1.7378e+02, 7.6665e+00, 
 1DIAGNOSTIC,     5, -5.292372470564e-01, 1.797693134862e+308, 1.8144e+02, 7.6587e+00, 
 1DIAGNOSTIC,     6, -5.335909827665e-01, 1.797693134862e+308, 1.8913e+02, 7.6840e+00, 
 1DIAGNOSTIC,     7, -5.373156139728e-01, 1.797693134862e+308, 1.9683e+02, 7.7006e+00, 
 1DIAGNOSTIC,     8, -5.408321884996e-01, 1.797693134862e+308, 2.0451e+02, 7.6811e+00, 
 1DIAGNOSTIC,     9, -5.432285805507e-01, 1.797693134862e+308, 2.1224e+02, 7.7289e+00, 
 1DIAGNOSTIC,    10, -5.461330827641e-01, 5.017757724589e-03, 2.1998e+02, 7.7428e+00, 
 1DIAGNOSTIC,    11, -5.479186630838e-01, 3.904736614928e-03, 2.2778e+02, 7.8039e+00, 
 1DIAGNOSTIC,    12, -5.502673193375e-01, 3.104567381446e-03, 2.3553e+02, 7.7496e+00, 
 1DIAGNOSTIC,    13, -5.520493718744e-01, 2.492493666542e-03, 2.4328e+02, 7.7490e+00, 
 1DIAGNOSTIC,    14, -5.537455332743e-01, 2.032553153335e-03, 2.5097e+02, 7.6892e+00, 
 1DIAGNOSTIC,    15, -5.551387686797e-01, 1.674841413085e-03, 2.5870e+02, 7.7321e+00, 
 1DIAGNOSTIC,    16, -5.569643595901e-01, 1.411949801923e-03, 2.6639e+02, 7.6895e+00, 
 1DIAGNOSTIC,    17, -5.576230409599e-01, 1.184759192915e-03, 2.7408e+02, 7.6911e+00, 
 1DIAGNOSTIC,    18, -5.586917352032e-01, 1.007852133630e-03, 2.8178e+02, 7.6915e+00, 
 1DIAGNOSTIC,    19, -5.596347661001e-01, 8.478054814188e-04, 2.8945e+02, 7.6739e+00, 
 1DIAGNOSTIC,    20, -5.605713193071e-01, 7.255601556830e-04, 2.9718e+02, 7.7260e+00, 
 1DIAGNOSTIC,    21, -5.611698381145e-01, 6.060448672047e-04, 3.0494e+02, 7.7661e+00, 
 1DIAGNOSTIC,    22, -5.618624494169e-01, 5.131296850837e-04, 3.1264e+02, 7.6938e+00, 
 1DIAGNOSTIC,    23, -5.631801180112e-01, 4.505057185628e-04, 3.2031e+02, 7.6782e+00, 
 1DIAGNOSTIC,    24, -5.638571586488e-01, 4.016504446966e-04, 3.2810e+02, 7.7873e+00, 
 1DIAGNOSTIC,    25, -5.643337764413e-01, 3.573526606163e-04, 3.3590e+02, 7.8031e+00, 
 1DIAGNOSTIC,    26, -5.650452496922e-01, 3.340043009064e-04, 3.4361e+02, 7.7027e+00, 
 1DIAGNOSTIC,    27, -5.657995351076e-01, 3.077740777886e-04, 3.5129e+02, 7.6824e+00, 
 1DIAGNOSTIC,    28, -5.663173940040e-01, 2.832451578351e-04, 3.5904e+02, 7.7528e+00, 
 1DIAGNOSTIC,    29, -5.667150993632e-01, 2.574151437945e-04, 3.6677e+02, 7.7272e+00, 
 1DIAGNOSTIC,    30, -5.673383388737e-01, 2.361497375448e-04, 3.7455e+02, 7.7779e+00, 
 1DIAGNOSTIC,    31, -5.676451143910e-01, 2.089200111440e-04, 3.8226e+02, 7.7085e+00, 
 1DIAGNOSTIC,    32, -5.686116927100e-01, 1.899694094425e-04, 3.9001e+02, 7.7585e+00, 
 1DIAGNOSTIC,    33, -5.686374761201e-01, 1.748375526615e-04, 3.9778e+02, 7.7675e+00, 
 1DIAGNOSTIC,    34, -5.690205507227e-01, 1.603750678696e-04, 4.0552e+02, 7.7378e+00, 
 1DIAGNOSTIC,    35, -5.691213128868e-01, 1.399588779608e-04, 4.1321e+02, 7.6888e+00, 
 1DIAGNOSTIC,    36, -5.697678273710e-01, 1.266373843175e-04, 4.2093e+02, 7.7198e+00, 
 1DIAGNOSTIC,    37, -5.698117365209e-01, 1.127894292190e-04, 4.2873e+02, 7.8033e+00, 
 1DIAGNOSTIC,    38, -5.701846885224e-01, 1.011252728729e-04, 4.3647e+02, 7.7350e+00, 
 1DIAGNOSTIC,    39, -5.702279855414e-01, 8.626321205081e-05, 4.4429e+02, 7.8247e+00, 
 1DIAGNOSTIC,    40, -5.707390681576e-01, 7.857936614688e-05, 4.5209e+02, 7.7983e+00, 
 1DIAGNOSTIC,    41, -5.709476806882e-01, 6.979590889176e-05, 4.5985e+02, 7.7566e+00, 
 1DIAGNOSTIC,    42, -5.714875137187e-01, 7.323727849234e-05, 4.6766e+02, 7.8152e+00, 
 1DIAGNOSTIC,    43, -5.721222304947e-01, 7.732604629639e-05, 4.7547e+02, 7.8093e+00, 
 1DIAGNOSTIC,    44, -5.722722943088e-01, 8.002442344775e-05, 4.8327e+02, 7.7990e+00, 
 1DIAGNOSTIC,    45, -5.730043103633e-01, 8.436567214749e-05, 4.9101e+02, 7.7399e+00, 
 1DIAGNOSTIC,    46, -5.731350384866e-01, 8.900221705071e-05, 4.9880e+02, 7.7904e+00, 
 1DIAGNOSTIC,    47, -5.730963377204e-01, 8.497373059552e-05, 5.0685e+02, 8.0512e+00, 
 1DIAGNOSTIC,    48, -5.731118816501e-01, 7.727932043053e-05, 5.1508e+02, 8.2286e+00, 
 1DIAGNOSTIC,    49, -5.731368203659e-01, 6.317988536257e-05, 5.2334e+02, 8.2644e+00, 
 1DIAGNOSTIC,    50, -5.733798194788e-01, 5.131275021534e-05, 5.3154e+02, 8.1988e+00, 
 1DIAGNOSTIC,    51, -5.729119460256e-01, 3.231580466959e-05, 5.3945e+02, 7.9085e+00, 
 1DIAGNOSTIC,    52, -5.733546401763e-01, 2.076349034296e-05, 5.4739e+02, 7.9369e+00, 
 1DIAGNOSTIC,    53, -5.728616075425e-01, 9.010803189199e-06, 5.5513e+02, 7.7402e+00, 
 1DIAGNOSTIC,    54, -5.735955397153e-01, 5.127257302930e-06, 5.6282e+02, 7.6890e+00, 
 1DIAGNOSTIC,    55, -5.729016029141e-01, 1.065217206619e-06, 5.7054e+02, 7.7195e+00, 
 1DIAGNOSTIC,    56, -5.735474369114e-01, 4.398233731932e-06, 5.7827e+02, 7.7293e+00, 
 1DIAGNOSTIC,    57, -5.733304711314e-01, 4.835811691684e-06, 5.8600e+02, 7.7348e+00, 
 1DIAGNOSTIC,    58, -5.738001571378e-01, 9.102311826208e-06, 5.9373e+02, 7.7289e+00, 
 1DIAGNOSTIC,    59, -5.730929114003e-01, 6.373761100010e-06, 6.0150e+02, 7.7680e+00, 
 1DIAGNOSTIC,    60, -5.736201814668e-01, 1.002049127206e-05, 6.0936e+02, 7.8654e+00, 
 1DIAGNOSTIC,    61, -5.734255181560e-01, 6.879698920104e-06, 6.1712e+02, 7.7609e+00, 
 1DIAGNOSTIC,    62, -5.740381454216e-01, 1.194808253557e-05, 6.2613e+02, 9.0088e+00, 
 1DIAGNOSTIC,    63, -5.735630476839e-01, 7.693356339222e-06, 6.3391e+02, 7.7745e+00, 
 1DIAGNOSTIC,    64, -5.741749680920e-01, 1.392457421249e-05, 6.4162e+02, 7.7100e+00, 
 1DIAGNOSTIC,    65, -5.739248177723e-01, 1.106779483363e-05, 6.4928e+02, 7.6595e+00, 
 1DIAGNOSTIC,    66, -5.744954088529e-01, 1.665155125706e-05, 6.5695e+02, 7.6697e+00, 
 1DIAGNOSTIC,    67, -5.737111725423e-01, 1.272174529808e-05, 6.6469e+02, 7.7475e+00, 
 1DIAGNOSTIC,    68, -5.742880441981e-01, 1.589822440043e-05, 6.7250e+02, 7.8072e+00, 
 1DIAGNOSTIC,    69, -5.740881326322e-01, 1.061829559235e-05, 6.8018e+02, 7.6781e+00, 
 1DIAGNOSTIC,    70, -5.747281767916e-01, 1.297400701626e-05, 6.8787e+02, 7.6911e+00, 
 1DIAGNOSTIC,    71, -5.738196066284e-01, 5.992470416041e-06, 6.9557e+02, 7.6983e+00, 
 1DIAGNOSTIC,    72, -5.745868963932e-01, 8.746368299468e-06, 7.0328e+02, 7.7091e+00, 
 1DIAGNOSTIC,    73, -5.741638315612e-01, 4.137945126643e-06, 7.1102e+02, 7.7452e+00, 
 1DIAGNOSTIC,    74, -5.744278895618e-01, 5.318824257109e-06, 7.1871e+02, 7.6911e+00, 
 1DIAGNOSTIC,    75, -5.741674075942e-01, 2.405977142451e-06, 7.2643e+02, 7.7135e+00, 
 1DIAGNOSTIC,    76, -5.747835090847e-01, 7.521325607234e-06, 7.3412e+02, 7.6918e+00, 
 1DIAGNOSTIC,    77, -5.738389135149e-01, 2.796280308085e-07, 7.4182e+02, 7.7037e+00, 
XXDIAGNOSTIC,Iteration,metricValue,convergenceValue,ITERATION_TIME_INDEX,SINCE_LAST
 1DIAGNOSTIC,     1, -4.984082211430e-01, 1.797693134862e+308, 7.7749e+02, 3.5664e+01, 
 1DIAGNOSTIC,     2, -5.020841098616e-01, 1.797693134862e+308, 8.0379e+02, 2.6300e+01, 
 1DIAGNOSTIC,     3, -5.058218244829e-01, 1.797693134862e+308, 8.2983e+02, 2.6043e+01, 
 1DIAGNOSTIC,     4, -5.091424679684e-01, 1.797693134862e+308, 8.5606e+02, 2.6232e+01, 
 1DIAGNOSTIC,     5, -5.121808537070e-01, 1.797693134862e+308, 8.8180e+02, 2.5743e+01, 
 1DIAGNOSTIC,     6, -5.147806703849e-01, 1.797693134862e+308, 9.0778e+02, 2.5973e+01, 
 1DIAGNOSTIC,     7, -5.169243692677e-01, 1.797693134862e+308, 9.3366e+02, 2.5879e+01, 
 1DIAGNOSTIC,     8, -5.187140365644e-01, 1.797693134862e+308, 9.5962e+02, 2.5960e+01, 
 1DIAGNOSTIC,     9, -5.206921137337e-01, 1.797693134862e+308, 9.8580e+02, 2.6179e+01, 
 1DIAGNOSTIC,    10, -5.217169052008e-01, 2.927116110848e-03, 1.0118e+03, 2.6043e+01, 
 1DIAGNOSTIC,    11, -5.236521446239e-01, 2.367952319785e-03, 1.0379e+03, 2.6016e+01, 
 1DIAGNOSTIC,    12, -5.245110425568e-01, 1.897005535025e-03, 1.0638e+03, 2.5926e+01, 
 1DIAGNOSTIC,    13, -5.260902260202e-01, 1.552528974021e-03, 1.0898e+03, 2.6069e+01, 
 1DIAGNOSTIC,    14, -5.270347647563e-01, 1.282706516267e-03, 1.1159e+03, 2.6081e+01, 
 1DIAGNOSTIC,    15, -5.282061547151e-01, 1.085435215109e-03, 1.1420e+03, 2.6061e+01, 
 1DIAGNOSTIC,    16, -5.295091512986e-01, 9.464797256573e-04, 1.1683e+03, 2.6336e+01, 
 1DIAGNOSTIC,    17, -5.306419927496e-01, 8.415129319640e-04, 1.1944e+03, 2.6039e+01, 
 1DIAGNOSTIC,    18, -5.310468779879e-01, 7.364191526893e-04, 1.2207e+03, 2.6291e+01, 
 1DIAGNOSTIC,    19, -5.332064702577e-01, 6.937486860523e-04, 1.2468e+03, 2.6185e+01, 
 1DIAGNOSTIC,    20, -5.331225760752e-01, 6.145768411386e-04, 1.2730e+03, 2.6202e+01, 
 1DIAGNOSTIC,    21, -5.350679374132e-01, 5.871568908395e-04, 1.2992e+03, 2.6125e+01, 
 1DIAGNOSTIC,    22, -5.353335802862e-01, 5.339865848457e-04, 1.3256e+03, 2.6402e+01, 
 1DIAGNOSTIC,    23, -5.358999776979e-01, 4.866093890769e-04, 1.3519e+03, 2.6340e+01, 
 1DIAGNOSTIC,    24, -5.364947581107e-01, 4.322705089383e-04, 1.3782e+03, 2.6327e+01, 
 1DIAGNOSTIC,    25, -5.376055717503e-01, 3.906907370021e-04, 1.4048e+03, 2.6566e+01, 
 1DIAGNOSTIC,    26, -5.376180778668e-01, 3.423860395391e-04, 1.4313e+03, 2.6533e+01, 
 1DIAGNOSTIC,    27, -5.385720860412e-01, 3.079407079948e-04, 1.4578e+03, 2.6503e+01, 
 1DIAGNOSTIC,    28, -5.387813734771e-01, 2.579580312769e-04, 1.4843e+03, 2.6443e+01, 
 1DIAGNOSTIC,    29, -5.393207112746e-01, 2.379614165283e-04, 1.5105e+03, 2.6225e+01, 
 1DIAGNOSTIC,    30, -5.396887814701e-01, 2.009581854314e-04, 1.5369e+03, 2.6372e+01, 
 1DIAGNOSTIC,    31, -5.395927593994e-01, 1.797074902517e-04, 1.5633e+03, 2.6434e+01, 
 1DIAGNOSTIC,    32, -5.400554521260e-01, 1.553095351538e-04, 1.5897e+03, 2.6337e+01, 
 1DIAGNOSTIC,    33, -5.404372463925e-01, 1.329424577179e-04, 1.6159e+03, 2.6265e+01, 
 1DIAGNOSTIC,    34, -5.404335503952e-01, 1.082235011763e-04, 1.6424e+03, 2.6487e+01, 
 1DIAGNOSTIC,    35, -5.412717969837e-01, 1.050211587304e-04, 1.6685e+03, 2.6105e+01, 
 1DIAGNOSTIC,    36, -5.412528065394e-01, 9.148433049706e-05, 1.6946e+03, 2.6050e+01, 
 1DIAGNOSTIC,    37, -5.412291935914e-01, 8.371526300126e-05, 1.7209e+03, 2.6308e+01, 
 1DIAGNOSTIC,    38, -5.416863957268e-01, 7.780447486488e-05, 1.7473e+03, 2.6482e+01, 
 1DIAGNOSTIC,    39, -5.423151545810e-01, 8.064101140045e-05, 1.7738e+03, 2.6452e+01, 
 1DIAGNOSTIC,    40, -5.423486100956e-01, 8.094493428244e-05, 1.8000e+03, 2.6211e+01, 
 1DIAGNOSTIC,    41, -5.432288761915e-01, 8.387626512728e-05, 1.8264e+03, 2.6432e+01, 
 1DIAGNOSTIC,    42, -5.432961460551e-01, 8.532941186013e-05, 1.8529e+03, 2.6489e+01, 
 1DIAGNOSTIC,    43, -5.426330009092e-01, 7.525217798680e-05, 1.8796e+03, 2.6698e+01, 
 1DIAGNOSTIC,    44, -5.433063012793e-01, 6.663218553822e-05, 1.9060e+03, 2.6359e+01, 
 1DIAGNOSTIC,    45, -5.434284835068e-01, 6.322856790319e-05, 1.9322e+03, 2.6259e+01, 
 1DIAGNOSTIC,    46, -5.435800099458e-01, 5.548039906019e-05, 1.9589e+03, 2.6606e+01, 
 1DIAGNOSTIC,    47, -5.441599022216e-01, 4.916520928564e-05, 1.9859e+03, 2.7012e+01, 
 1DIAGNOSTIC,    48, -5.442431184155e-01, 4.440719434318e-05, 2.0122e+03, 2.6314e+01, 
 1DIAGNOSTIC,    49, -5.443310232132e-01, 4.356059207477e-05, 2.0384e+03, 2.6236e+01, 
 1DIAGNOSTIC,    50, -5.448754168494e-01, 4.445798329243e-05, 2.0646e+03, 2.6138e+01, 
 1DIAGNOSTIC,    51, -5.441634628778e-01, 4.270113561922e-05, 2.0914e+03, 2.6857e+01, 
 1DIAGNOSTIC,    52, -5.445857088354e-01, 4.247811050374e-05, 2.1177e+03, 2.6286e+01, 
 1DIAGNOSTIC,    53, -5.445728491015e-01, 3.113851193083e-05, 2.1443e+03, 2.6591e+01, 
 1DIAGNOSTIC,    54, -5.450357092165e-01, 2.848489216310e-05, 2.1707e+03, 2.6421e+01, 
 1DIAGNOSTIC,    55, -5.442224634365e-01, 1.647223808929e-05, 2.1974e+03, 2.6656e+01, 
 1DIAGNOSTIC,    56, -5.451605586579e-01, 1.394607861082e-05, 2.2237e+03, 2.6359e+01, 
 1DIAGNOSTIC,    57, -5.446129388265e-01, 1.028609912553e-05, 2.2501e+03, 2.6389e+01, 
 1DIAGNOSTIC,    58, -5.453669274829e-01, 1.352697108238e-05, 2.2766e+03, 2.6470e+01, 
 1DIAGNOSTIC,    59, -5.449901977615e-01, 1.249201781812e-05, 2.3031e+03, 2.6539e+01, 
 1DIAGNOSTIC,    60, -5.453557773355e-01, 1.880188838154e-05, 2.3298e+03, 2.6658e+01, 
 1DIAGNOSTIC,    61, -5.451254303865e-01, 1.477749868140e-05, 2.3563e+03, 2.6532e+01, 
 1DIAGNOSTIC,    62, -5.458168026825e-01, 1.906003020415e-05, 2.3826e+03, 2.6262e+01, 
 1DIAGNOSTIC,    63, -5.453258752445e-01, 1.689031859297e-05, 2.4089e+03, 2.6352e+01, 
 1DIAGNOSTIC,    64, -5.457943801545e-01, 2.132479938480e-05, 2.4350e+03, 2.6068e+01, 
 1DIAGNOSTIC,    65, -5.458838016064e-01, 1.743465877303e-05, 2.4617e+03, 2.6746e+01, 
 1DIAGNOSTIC,    66, -5.460386031365e-01, 2.092958957541e-05, 2.4883e+03, 2.6569e+01, 
 1DIAGNOSTIC,    67, -5.457686765367e-01, 1.568008447116e-05, 2.5149e+03, 2.6592e+01, 
 1DIAGNOSTIC,    68, -5.458640304227e-01, 1.595331963786e-05, 2.5424e+03, 2.7501e+01, 
 1DIAGNOSTIC,    69, -5.459150792201e-01, 1.213360572586e-05, 2.5704e+03, 2.8025e+01, 
 1DIAGNOSTIC,    70, -5.462970848234e-01, 1.294868796599e-05, 2.5971e+03, 2.6631e+01, 
XXDIAGNOSTIC,Iteration,metricValue,convergenceValue,ITERATION_TIME_INDEX,SINCE_LAST
 1DIAGNOSTIC,     1, -4.360519024725e-01, 1.797693134862e+308, 2.8379e+03, 2.4083e+02, 
 1DIAGNOSTIC,     2, -4.386464242835e-01, 1.797693134862e+308, 3.0543e+03, 2.1644e+02, 
 1DIAGNOSTIC,     3, -4.415111313011e-01, 1.797693134862e+308, 3.2716e+03, 2.1729e+02, 
 1DIAGNOSTIC,     4, -4.445643475497e-01, 1.797693134862e+308, 3.4892e+03, 2.1757e+02, 
 1DIAGNOSTIC,     5, -4.476049492989e-01, 1.797693134862e+308, 3.7063e+03, 2.1709e+02, 
 1DIAGNOSTIC,     6, -4.507333128610e-01, 1.797693134862e+308, 3.9245e+03, 2.1824e+02, 
 1DIAGNOSTIC,     7, -4.541354447011e-01, 1.797693134862e+308, 4.1424e+03, 2.1791e+02, 
 1DIAGNOSTIC,     8, -4.571509160856e-01, 1.797693134862e+308, 4.3598e+03, 2.1738e+02, 
 1DIAGNOSTIC,     9, -4.598136153140e-01, 1.797693134862e+308, 4.5817e+03, 2.2192e+02, 
 1DIAGNOSTIC,    10, -4.623489604177e-01, 3.846673153995e-03, 4.8012e+03, 2.1944e+02, 
 1DIAGNOSTIC,    11, -4.646612683185e-01, 3.439651261526e-03, 5.0204e+03, 2.1927e+02, 
 1DIAGNOSTIC,    12, -4.666855422031e-01, 3.032431762845e-03, 5.2444e+03, 2.2399e+02, 
 1DIAGNOSTIC,    13, -4.685533610565e-01, 2.641353465158e-03, 5.4631e+03, 2.1867e+02, 
 1DIAGNOSTIC,    14, -4.702588451977e-01, 2.278503791034e-03, 5.6796e+03, 2.1648e+02, 
 1DIAGNOSTIC,    15, -4.719222637649e-01, 1.951200594608e-03, 5.9001e+03, 2.2051e+02, 
 1DIAGNOSTIC,    16, -4.735224915143e-01, 1.668669117028e-03, 6.1179e+03, 2.1786e+02, 
 1DIAGNOSTIC,    17, -4.749863369093e-01, 1.442646584877e-03, 6.3358e+03, 2.1785e+02, 
 1DIAGNOSTIC,    18, -4.764764026640e-01, 1.262948462382e-03, 6.5552e+03, 2.1935e+02, 
 1DIAGNOSTIC,    19, -4.779058619144e-01, 1.117451613570e-03, 6.7731e+03, 2.1791e+02, 
 1DIAGNOSTIC,    20, -4.792233420365e-01, 1.000676682570e-03, 6.9919e+03, 2.1880e+02, 
 1DIAGNOSTIC,    21, -4.804445067034e-01, 9.047628804756e-04, 7.2123e+03, 2.2048e+02, 
 1DIAGNOSTIC,    22, -4.817047427587e-01, 8.242856268066e-04, 7.4296e+03, 2.1730e+02, 
 1DIAGNOSTIC,    23, -4.827919624305e-01, 7.519099558392e-04, 7.6501e+03, 2.2042e+02, 
 1DIAGNOSTIC,    24, -4.839130064879e-01, 6.866920599780e-04, 7.8695e+03, 2.1941e+02, 
 1DIAGNOSTIC,    25, -4.848763768624e-01, 6.259547334982e-04, 8.0875e+03, 2.1801e+02, 
 1DIAGNOSTIC,    26, -4.859658377861e-01, 5.738286443124e-04, 8.3074e+03, 2.1990e+02, 
 1DIAGNOSTIC,    27, -4.867757355074e-01, 5.223262687621e-04, 8.5288e+03, 2.2140e+02, 
 1DIAGNOSTIC,    28, -4.876904081190e-01, 4.771732811342e-04, 8.7496e+03, 2.2078e+02, 
 1DIAGNOSTIC,    29, -4.884087498965e-01, 4.347269160281e-04, 8.9735e+03, 2.2399e+02, 
 1DIAGNOSTIC,    30, -4.891482205032e-01, 3.953598788491e-04, 9.1947e+03, 2.2113e+02, 
 1DIAGNOSTIC,    31, -4.896984330324e-01, 3.554042866305e-04, 9.4152e+03, 2.2055e+02, 
 1DIAGNOSTIC,    32, -4.903733836777e-01, 3.207076815829e-04, 9.6344e+03, 2.1918e+02, 
 1DIAGNOSTIC,    33, -4.908870037918e-01, 2.867394431770e-04, 9.8575e+03, 2.2313e+02, 
 1DIAGNOSTIC,    34, -4.913942446176e-01, 2.563132109836e-04, 1.0077e+04, 2.1918e+02, 
 1DIAGNOSTIC,    35, -4.918973450983e-01, 2.283186667916e-04, 1.0298e+04, 2.2165e+02, 
 1DIAGNOSTIC,    36, -4.924440016104e-01, 2.074173048519e-04, 1.0520e+04, 2.2160e+02, 
 1DIAGNOSTIC,    37, -4.926603391320e-01, 1.843578261577e-04, 1.0750e+04, 2.2960e+02, 
 1DIAGNOSTIC,    38, -4.933513689303e-01, 1.703376385017e-04, 1.0968e+04, 2.1821e+02, 
 1DIAGNOSTIC,    39, -4.935630747842e-01, 1.548498085832e-04, 1.1185e+04, 2.1771e+02, 
 1DIAGNOSTIC,    40, -4.940419859570e-01, 1.436387402137e-04, 1.1409e+04, 2.2309e+02, 
 1DIAGNOSTIC,    41, -4.943565791098e-01, 1.317509292909e-04, 1.1637e+04, 2.2861e+02, 
 1DIAGNOSTIC,    42, -4.947353694089e-01, 1.228277217967e-04, 1.1863e+04, 2.2584e+02, 
 1DIAGNOSTIC,    43, -4.950696122620e-01, 1.142876777082e-04, 1.2093e+04, 2.2959e+02, 
 1DIAGNOSTIC,    44, -4.954923085023e-01, 1.077468733880e-04, 1.2319e+04, 2.2636e+02, 
 1DIAGNOSTIC,    45, -4.956489877451e-01, 9.983736737522e-05, 1.2551e+04, 2.3194e+02, 
 1DIAGNOSTIC,    46, -4.960553970660e-01, 9.518300920287e-05, 1.2779e+04, 2.2837e+02, 
 1DIAGNOSTIC,    47, -4.962804848543e-01, 8.701662266160e-05, 1.3007e+04, 2.2750e+02, 
 1DIAGNOSTIC,    48, -4.966623086276e-01, 8.419127132418e-05, 1.3229e+04, 2.2253e+02, 
 1DIAGNOSTIC,    49, -4.969338365530e-01, 7.917281433040e-05, 1.3452e+04, 2.2303e+02, 
 1DIAGNOSTIC,    50, -4.972321683256e-01, 7.601643249221e-05, 1.3673e+04, 2.2068e+02, 
slurmstepd: error: Job 6246105 exceeded memory limit (15365752 > 15360000), being killed
slurmstepd: error: Exceeded job memory limit
slurmstepd: error: *** JOB 6246105 ON wbic-cs-9 CANCELLED AT 2021-02-08T17:27:16 ***
