Changed directory to /lustre/scratch/wbic-beta/ccn30/ENCRYPT/gridcellpilot/scripts/coregistration/slurmoutputs.

JobID: 4099957
======
Time: Wed Oct 23 09:36:42 BST 2019
Running on master node: wbic-csm-6
Current directory: /lustre/scratch/wbic-beta/ccn30/ENCRYPT/gridcellpilot/scripts/coregistration/slurmoutputs

Nodes allocated:
================
wbic-csm-6

numtasks=1, numnodes=1, mpi_tasks_per_node=1 (OMP_NUM_THREADS=1)

Executing command:
==================
/lustre/scratch/wbic-beta/ccn30/ENCRYPT/gridcellpilot/scripts/coregistration/coreg_all.sh /lustre/scratch/wbic-beta/ccn30/ENCRYPT/gridcellpilot 29332/20190903_U-ID46058

29332
/lustre/scratch/wbic-beta/ccn30/ENCRYPT/gridcellpilot/preprocessed_data/segmentation/29332
mkdir: cannot create directory ‘/lustre/scratch/wbic-beta/ccn30/ENCRYPT/gridcellpilot/preprocessed_data/segmentation/29332/coregistration’: File exists
Making coregistration directory...
/lustre/scratch/wbic-beta/ccn30/ENCRYPT/gridcellpilot/preprocessed_data/segmentation/29332/coregistration
EXECUTING t2 to t1 coreg:  29332

--------------------------------------------------------------------------------------
 Mapping parameters
--------------------------------------------------------------------------------------
 ANTSPATH is /applications/ANTS/2.2.0/bin/

 Dimensionality:           3
 Output name prefix:       /lustre/scratch/wbic-beta/ccn30/ENCRYPT/gridcellpilot/preprocessed_data/segmentation/29332/coregistration/T1toT2_ANTS_
 Fixed images:             /lustre/scratch/wbic-beta/ccn30/ENCRYPT/gridcellpilot/raw_data/images/29332/20190903_U-ID46058/Series_033_Highresolution_TSE_PAT2_100/N4Series_033_Highresolution_TSE_PAT2_100_c32.nii
 Moving images:            /lustre/scratch/wbic-beta/ccn30/ENCRYPT/gridcellpilot/raw_data/images/29332/20190903_U-ID46058/mp2rage/reorientn4mag0000_PSIR_skulled_std.nii
 Number of threads:        1
 Spline distance:          26
 Transform type:           s
 MI histogram bins:        32
 Precision:                d
 Use histogram matching    0
======================================================================================
 antsRegistration call:
--------------------------------------------------------------------------------------
/applications/ANTS/2.2.0/bin//antsRegistration --verbose 1 --dimensionality 3 --float 0 --output [/lustre/scratch/wbic-beta/ccn30/ENCRYPT/gridcellpilot/preprocessed_data/segmentation/29332/coregistration/T1toT2_ANTS_,/lustre/scratch/wbic-beta/ccn30/ENCRYPT/gridcellpilot/preprocessed_data/segmentation/29332/coregistration/T1toT2_ANTS_Warped.nii.gz,/lustre/scratch/wbic-beta/ccn30/ENCRYPT/gridcellpilot/preprocessed_data/segmentation/29332/coregistration/T1toT2_ANTS_InverseWarped.nii.gz] --interpolation Linear --use-histogram-matching 0 --winsorize-image-intensities [0.005,0.995] --initial-moving-transform [/lustre/scratch/wbic-beta/ccn30/ENCRYPT/gridcellpilot/raw_data/images/29332/20190903_U-ID46058/Series_033_Highresolution_TSE_PAT2_100/N4Series_033_Highresolution_TSE_PAT2_100_c32.nii,/lustre/scratch/wbic-beta/ccn30/ENCRYPT/gridcellpilot/raw_data/images/29332/20190903_U-ID46058/mp2rage/reorientn4mag0000_PSIR_skulled_std.nii,1] --transform Rigid[0.1] --metric MI[/lustre/scratch/wbic-beta/ccn30/ENCRYPT/gridcellpilot/raw_data/images/29332/20190903_U-ID46058/Series_033_Highresolution_TSE_PAT2_100/N4Series_033_Highresolution_TSE_PAT2_100_c32.nii,/lustre/scratch/wbic-beta/ccn30/ENCRYPT/gridcellpilot/raw_data/images/29332/20190903_U-ID46058/mp2rage/reorientn4mag0000_PSIR_skulled_std.nii,1,32,Regular,0.25] --convergence [1000x500x250x0,1e-6,10] --shrink-factors 12x8x4x2 --smoothing-sigmas 4x3x2x1vox --transform Affine[0.1] --metric MI[/lustre/scratch/wbic-beta/ccn30/ENCRYPT/gridcellpilot/raw_data/images/29332/20190903_U-ID46058/Series_033_Highresolution_TSE_PAT2_100/N4Series_033_Highresolution_TSE_PAT2_100_c32.nii,/lustre/scratch/wbic-beta/ccn30/ENCRYPT/gridcellpilot/raw_data/images/29332/20190903_U-ID46058/mp2rage/reorientn4mag0000_PSIR_skulled_std.nii,1,32,Regular,0.25] --convergence [1000x500x250x0,1e-6,10] --shrink-factors 12x8x4x2 --smoothing-sigmas 4x3x2x1vox --transform SyN[0.1,3,0] --metric MI[/lustre/scratch/wbic-beta/ccn30/ENCRYPT/gridcellpilot/raw_data/images/29332/20190903_U-ID46058/Series_033_Highresolution_TSE_PAT2_100/N4Series_033_Highresolution_TSE_PAT2_100_c32.nii,/lustre/scratch/wbic-beta/ccn30/ENCRYPT/gridcellpilot/raw_data/images/29332/20190903_U-ID46058/mp2rage/reorientn4mag0000_PSIR_skulled_std.nii,1,32] --convergence [100x100x70x50x0,1e-6,10] --shrink-factors 10x6x4x2x1 --smoothing-sigmas 5x3x2x1x0vox
--------------------------------------------------------------------------------------
All_Command_lines_OK
Using double precision for computations.
=============================================================================
The composite transform comprises the following transforms (in order): 
  1. Center of mass alignment using fixed image: /lustre/scratch/wbic-beta/ccn30/ENCRYPT/gridcellpilot/raw_data/images/29332/20190903_U-ID46058/Series_033_Highresolution_TSE_PAT2_100/N4Series_033_Highresolution_TSE_PAT2_100_c32.nii and moving image: /lustre/scratch/wbic-beta/ccn30/ENCRYPT/gridcellpilot/raw_data/images/29332/20190903_U-ID46058/mp2rage/reorientn4mag0000_PSIR_skulled_std.nii (type = Euler3DTransform)
=============================================================================
  number of levels = 4
  number of levels = 4
  number of levels = 5
  fixed image: /lustre/scratch/wbic-beta/ccn30/ENCRYPT/gridcellpilot/raw_data/images/29332/20190903_U-ID46058/Series_033_Highresolution_TSE_PAT2_100/N4Series_033_Highresolution_TSE_PAT2_100_c32.nii
  moving image: /lustre/scratch/wbic-beta/ccn30/ENCRYPT/gridcellpilot/raw_data/images/29332/20190903_U-ID46058/mp2rage/reorientn4mag0000_PSIR_skulled_std.nii
  fixed image: /lustre/scratch/wbic-beta/ccn30/ENCRYPT/gridcellpilot/raw_data/images/29332/20190903_U-ID46058/Series_033_Highresolution_TSE_PAT2_100/N4Series_033_Highresolution_TSE_PAT2_100_c32.nii
  moving image: /lustre/scratch/wbic-beta/ccn30/ENCRYPT/gridcellpilot/raw_data/images/29332/20190903_U-ID46058/mp2rage/reorientn4mag0000_PSIR_skulled_std.nii
  fixed image: /lustre/scratch/wbic-beta/ccn30/ENCRYPT/gridcellpilot/raw_data/images/29332/20190903_U-ID46058/Series_033_Highresolution_TSE_PAT2_100/N4Series_033_Highresolution_TSE_PAT2_100_c32.nii
  moving image: /lustre/scratch/wbic-beta/ccn30/ENCRYPT/gridcellpilot/raw_data/images/29332/20190903_U-ID46058/mp2rage/reorientn4mag0000_PSIR_skulled_std.nii
Dimension = 3
Number of stages = 3
Use Histogram Matching false
Winsorize image intensities true
Lower quantile = 0.005
Upper quantile = 0.995
Stage 1 State
   Image metric = Mattes
     Fixed image = Image (0x38c1610)
  RTTI typeinfo:   itk::Image<double, 3u>
  Reference Count: 2
  Modified Time: 1713
  Debug: Off
  Object Name: 
  Observers: 
    none
  Source: (none)
  Source output name: (none)
  Release Data: Off
  Data Released: False
  Global Release Data: Off
  PipelineMTime: 0
  UpdateMTime: 1535
  RealTimeStamp: 0 seconds 
  LargestPossibleRegion: 
    Dimension: 3
    Index: [0, 0, 0]
    Size: [512, 512, 54]
  BufferedRegion: 
    Dimension: 3
    Index: [0, 0, 0]
    Size: [512, 512, 54]
  RequestedRegion: 
    Dimension: 3
    Index: [0, 0, 0]
    Size: [512, 512, 54]
  Spacing: [0.4375, 0.4375, 1.1]
  Origin: [-112, 13.4042, -106.502]
  Direction: 
1 1.20559e-11 -7.38789e-12
1.20559e-11 -0.453991 0.891007
-7.38789e-12 0.891007 0.453991

  IndexToPointMatrix: 
0.4375 5.27447e-12 -8.12668e-12
5.27447e-12 -0.198621 0.980107
-3.2322e-12 0.389815 0.49939

  PointToIndexMatrix: 
2.28571 2.75564e-11 -1.68866e-11
2.75564e-11 -1.03769 2.03659
-6.71626e-12 0.810006 0.412719

  Inverse Direction: 
1 1.20559e-11 -7.38789e-12
1.20559e-11 -0.453991 0.891007
-7.38789e-12 0.891007 0.453991

  PixelContainer: 
    ImportImageContainer (0x38bb5e0)
      RTTI typeinfo:   itk::ImportImageContainer<unsigned long, double>
      Reference Count: 1
      Modified Time: 1532
      Debug: Off
      Object Name: 
      Observers: 
        none
      Pointer: 0x2af048337010
      Container manages memory: true
      Size: 14155776
      Capacity: 14155776

     Moving image = Image (0x38c22f0)
  RTTI typeinfo:   itk::Image<double, 3u>
  Reference Count: 2
  Modified Time: 1714
  Debug: Off
  Object Name: 
  Observers: 
    none
  Source: (none)
  Source output name: (none)
  Release Data: Off
  Data Released: False
  Global Release Data: Off
  PipelineMTime: 0
  UpdateMTime: 1711
  RealTimeStamp: 0 seconds 
  LargestPossibleRegion: 
    Dimension: 3
    Index: [0, 0, 0]
    Size: [224, 320, 320]
  BufferedRegion: 
    Dimension: 3
    Index: [0, 0, 0]
    Size: [224, 320, 320]
  RequestedRegion: 
    Dimension: 3
    Index: [0, 0, 0]
    Size: [224, 320, 320]
  Spacing: [0.699997, 0.7, 0.7]
  Origin: [-80.5294, 73.4889, -115.639]
  Direction: 
1 0 0
0 -1 0
0 0 1

  IndexToPointMatrix: 
0.699997 0 0
0 -0.7 0
0 0 0.7

  PointToIndexMatrix: 
1.42858 0 0
0 -1.42857 0
0 0 1.42857

  Inverse Direction: 
1 0 0
0 -1 0
0 0 1

  PixelContainer: 
    ImportImageContainer (0x38bfc90)
      RTTI typeinfo:   itk::ImportImageContainer<unsigned long, double>
      Reference Count: 1
      Modified Time: 1708
      Debug: Off
      Object Name: 
      Observers: 
        none
      Pointer: 0x2af04ef38010
      Container manages memory: true
      Size: 22937600
      Capacity: 22937600

     Weighting = 1
     Sampling strategy = regular
     Number of bins = 32
     Radius = 4
     Sampling percentage  = 0.25
   Transform = Rigid
     Gradient step = 0.1
     Update field sigma (voxel space) = 0
     Total field sigma (voxel space) = 0
     Update field time sigma = 0
     Total field time sigma  = 0
     Number of time indices = 0
     Number of time point samples = 0
Stage 2 State
   Image metric = Mattes
     Fixed image = Image (0x38c3010)
  RTTI typeinfo:   itk::Image<double, 3u>
  Reference Count: 2
  Modified Time: 2067
  Debug: Off
  Object Name: 
  Observers: 
    none
  Source: (none)
  Source output name: (none)
  Release Data: Off
  Data Released: False
  Global Release Data: Off
  PipelineMTime: 0
  UpdateMTime: 1889
  RealTimeStamp: 0 seconds 
  LargestPossibleRegion: 
    Dimension: 3
    Index: [0, 0, 0]
    Size: [512, 512, 54]
  BufferedRegion: 
    Dimension: 3
    Index: [0, 0, 0]
    Size: [512, 512, 54]
  RequestedRegion: 
    Dimension: 3
    Index: [0, 0, 0]
    Size: [512, 512, 54]
  Spacing: [0.4375, 0.4375, 1.1]
  Origin: [-112, 13.4042, -106.502]
  Direction: 
1 1.20559e-11 -7.38789e-12
1.20559e-11 -0.453991 0.891007
-7.38789e-12 0.891007 0.453991

  IndexToPointMatrix: 
0.4375 5.27447e-12 -8.12668e-12
5.27447e-12 -0.198621 0.980107
-3.2322e-12 0.389815 0.49939

  PointToIndexMatrix: 
2.28571 2.75564e-11 -1.68866e-11
2.75564e-11 -1.03769 2.03659
-6.71626e-12 0.810006 0.412719

  Inverse Direction: 
1 1.20559e-11 -7.38789e-12
1.20559e-11 -0.453991 0.891007
-7.38789e-12 0.891007 0.453991

  PixelContainer: 
    ImportImageContainer (0x38bc210)
      RTTI typeinfo:   itk::ImportImageContainer<unsigned long, double>
      Reference Count: 1
      Modified Time: 1886
      Debug: Off
      Object Name: 
      Observers: 
        none
      Pointer: 0x2af059e39010
      Container manages memory: true
      Size: 14155776
      Capacity: 14155776

     Moving image = Image (0x38cecd0)
  RTTI typeinfo:   itk::Image<double, 3u>
  Reference Count: 2
  Modified Time: 2068
  Debug: Off
  Object Name: 
  Observers: 
    none
  Source: (none)
  Source output name: (none)
  Release Data: Off
  Data Released: False
  Global Release Data: Off
  PipelineMTime: 0
  UpdateMTime: 2065
  RealTimeStamp: 0 seconds 
  LargestPossibleRegion: 
    Dimension: 3
    Index: [0, 0, 0]
    Size: [224, 320, 320]
  BufferedRegion: 
    Dimension: 3
    Index: [0, 0, 0]
    Size: [224, 320, 320]
  RequestedRegion: 
    Dimension: 3
    Index: [0, 0, 0]
    Size: [224, 320, 320]
  Spacing: [0.699997, 0.7, 0.7]
  Origin: [-80.5294, 73.4889, -115.639]
  Direction: 
1 0 0
0 -1 0
0 0 1

  IndexToPointMatrix: 
0.699997 0 0
0 -0.7 0
0 0 0.7

  PointToIndexMatrix: 
1.42858 0 0
0 -1.42857 0
0 0 1.42857

  Inverse Direction: 
1 0 0
0 -1 0
0 0 1

  PixelContainer: 
    ImportImageContainer (0x38cef60)
      RTTI typeinfo:   itk::ImportImageContainer<unsigned long, double>
      Reference Count: 1
      Modified Time: 2062
      Debug: Off
      Object Name: 
      Observers: 
        none
      Pointer: 0x2af060a3a010
      Container manages memory: true
      Size: 22937600
      Capacity: 22937600

     Weighting = 1
     Sampling strategy = regular
     Number of bins = 32
     Radius = 4
     Sampling percentage  = 0.25
   Transform = Affine
     Gradient step = 0.1
     Update field sigma (voxel space) = 0
     Total field sigma (voxel space) = 0
     Update field time sigma = 0
     Total field time sigma  = 0
     Number of time indices = 0
     Number of time point samples = 0
Stage 3 State
   Image metric = Mattes
     Fixed image = Image (0x38cefc0)
  RTTI typeinfo:   itk::Image<double, 3u>
  Reference Count: 2
  Modified Time: 2421
  Debug: Off
  Object Name: 
  Observers: 
    none
  Source: (none)
  Source output name: (none)
  Release Data: Off
  Data Released: False
  Global Release Data: Off
  PipelineMTime: 0
  UpdateMTime: 2243
  RealTimeStamp: 0 seconds 
  LargestPossibleRegion: 
    Dimension: 3
    Index: [0, 0, 0]
    Size: [512, 512, 54]
  BufferedRegion: 
    Dimension: 3
    Index: [0, 0, 0]
    Size: [512, 512, 54]
  RequestedRegion: 
    Dimension: 3
    Index: [0, 0, 0]
    Size: [512, 512, 54]
  Spacing: [0.4375, 0.4375, 1.1]
  Origin: [-112, 13.4042, -106.502]
  Direction: 
1 1.20559e-11 -7.38789e-12
1.20559e-11 -0.453991 0.891007
-7.38789e-12 0.891007 0.453991

  IndexToPointMatrix: 
0.4375 5.27447e-12 -8.12668e-12
5.27447e-12 -0.198621 0.980107
-3.2322e-12 0.389815 0.49939

  PointToIndexMatrix: 
2.28571 2.75564e-11 -1.68866e-11
2.75564e-11 -1.03769 2.03659
-6.71626e-12 0.810006 0.412719

  Inverse Direction: 
1 1.20559e-11 -7.38789e-12
1.20559e-11 -0.453991 0.891007
-7.38789e-12 0.891007 0.453991

  PixelContainer: 
    ImportImageContainer (0x38d0dd0)
      RTTI typeinfo:   itk::ImportImageContainer<unsigned long, double>
      Reference Count: 1
      Modified Time: 2240
      Debug: Off
      Object Name: 
      Observers: 
        none
      Pointer: 0x2af06b93b010
      Container manages memory: true
      Size: 14155776
      Capacity: 14155776

     Moving image = Image (0x38d76f0)
  RTTI typeinfo:   itk::Image<double, 3u>
  Reference Count: 2
  Modified Time: 2422
  Debug: Off
  Object Name: 
  Observers: 
    none
  Source: (none)
  Source output name: (none)
  Release Data: Off
  Data Released: False
  Global Release Data: Off
  PipelineMTime: 0
  UpdateMTime: 2419
  RealTimeStamp: 0 seconds 
  LargestPossibleRegion: 
    Dimension: 3
    Index: [0, 0, 0]
    Size: [224, 320, 320]
  BufferedRegion: 
    Dimension: 3
    Index: [0, 0, 0]
    Size: [224, 320, 320]
  RequestedRegion: 
    Dimension: 3
    Index: [0, 0, 0]
    Size: [224, 320, 320]
  Spacing: [0.699997, 0.7, 0.7]
  Origin: [-80.5294, 73.4889, -115.639]
  Direction: 
1 0 0
0 -1 0
0 0 1

  IndexToPointMatrix: 
0.699997 0 0
0 -0.7 0
0 0 0.7

  PointToIndexMatrix: 
1.42858 0 0
0 -1.42857 0
0 0 1.42857

  Inverse Direction: 
1 0 0
0 -1 0
0 0 1

  PixelContainer: 
    ImportImageContainer (0x38d7980)
      RTTI typeinfo:   itk::ImportImageContainer<unsigned long, double>
      Reference Count: 1
      Modified Time: 2416
      Debug: Off
      Object Name: 
      Observers: 
        none
      Pointer: 0x2af07253c010
      Container manages memory: true
      Size: 22937600
      Capacity: 22937600

     Weighting = 1
     Sampling strategy = none
     Number of bins = 32
     Radius = 4
     Sampling percentage  = 1
   Transform = SyN
     Gradient step = 0.1
     Update field sigma (voxel space) = 3
     Total field sigma (voxel space) = 0
     Update field time sigma = 0
     Total field time sigma  = 0
     Number of time indices = 0
     Number of time point samples = 0
Registration using 3 total stages.

Stage 0
  iterations = 1000x500x250x0
  convergence threshold = 1e-06
  convergence window size = 10
  number of levels = 4
  using the Mattes MI metric (number of bins = 32, weight = 1)
  preprocessing:  winsorizing the image intensities
  Shrink factors (level 1 out of 4): [12, 12, 5]
  Shrink factors (level 2 out of 4): [8, 8, 3]
  Shrink factors (level 3 out of 4): [4, 4, 2]
  Shrink factors (level 4 out of 4): [2, 2, 1]
  smoothing sigmas per level: [4, 3, 2, 1]
  regular sampling (percentage = 0.25)

*** Running Euler3DTransform registration ***

DIAGNOSTIC,Iteration,metricValue,convergenceValue,ITERATION_TIME_INDEX,SINCE_LAST
 2DIAGNOSTIC,     1, -3.254612149932e-01, 1.797693134862e+308, 1.8884e+01, 1.8884e+01, 
 2DIAGNOSTIC,     2, -3.264090821839e-01, 1.797693134862e+308, 1.8912e+01, 2.7749e-02, 
 2DIAGNOSTIC,     3, -3.275862370152e-01, 1.797693134862e+308, 1.8940e+01, 2.8466e-02, 
 2DIAGNOSTIC,     4, -3.290897600167e-01, 1.797693134862e+308, 1.8969e+01, 2.9151e-02, 
 2DIAGNOSTIC,     5, -3.327513117164e-01, 1.797693134862e+308, 1.8997e+01, 2.7153e-02, 
 2DIAGNOSTIC,     6, -3.395114752115e-01, 1.797693134862e+308, 1.9025e+01, 2.8557e-02, 
 2DIAGNOSTIC,     7, -3.809767949837e-01, 1.797693134862e+308, 1.9064e+01, 3.9050e-02, 
 2DIAGNOSTIC,     8, -4.000340772160e-01, 1.797693134862e+308, 1.9100e+01, 3.5714e-02, 
 2DIAGNOSTIC,     9, -4.387068339907e-01, 1.797693134862e+308, 1.9135e+01, 3.5415e-02, 
 2DIAGNOSTIC,    10, -4.855959918175e-01, 2.578932953114e-02, 1.9169e+01, 3.3481e-02, 
 2DIAGNOSTIC,    11, -4.951692143946e-01, 2.868861847267e-02, 1.9194e+01, 2.4713e-02, 
 2DIAGNOSTIC,    12, -4.979417234127e-01, 2.868453807396e-02, 1.9222e+01, 2.8400e-02, 
 2DIAGNOSTIC,    13, -4.987782228073e-01, 2.626774450626e-02, 1.9250e+01, 2.8347e-02, 
 2DIAGNOSTIC,    14, -4.991994191951e-01, 2.202289356737e-02, 1.9282e+01, 3.1488e-02, 
 2DIAGNOSTIC,    15, -4.996942443310e-01, 1.665995705843e-02, 1.9307e+01, 2.5295e-02, 
 2DIAGNOSTIC,    16, -5.011652869237e-01, 1.091173177062e-02, 1.9338e+01, 3.1164e-02, 
 2DIAGNOSTIC,    17, -5.017743187734e-01, 6.661045980084e-03, 1.9383e+01, 4.4546e-02, 
 2DIAGNOSTIC,    18, -5.018507376574e-01, 3.049788479907e-03, 1.9406e+01, 2.3506e-02, 
 2DIAGNOSTIC,    19, -5.022134373246e-01, 9.167227842286e-04, 1.9429e+01, 2.2608e-02, 
 2DIAGNOSTIC,    20, -5.026717339895e-01, 4.872620859035e-04, 1.9450e+01, 2.1595e-02, 
 2DIAGNOSTIC,    21, -5.028306006261e-01, 3.578327087079e-04, 1.9472e+01, 2.1872e-02, 
 2DIAGNOSTIC,    22, -5.030664092224e-01, 2.964277005600e-04, 1.9495e+01, 2.2310e-02, 
 2DIAGNOSTIC,    23, -5.041546493471e-01, 2.677295485573e-04, 1.9526e+01, 3.0919e-02, 
 2DIAGNOSTIC,    24, -5.043366084461e-01, 2.324029807220e-04, 1.9649e+01, 1.2370e-01, 
 2DIAGNOSTIC,    25, -5.043365842013e-01, 1.904369251072e-04, 1.9677e+01, 2.8002e-02, 
 2DIAGNOSTIC,    26, -5.043366348882e-01, 1.701973690383e-04, 1.9704e+01, 2.7037e-02, 
 2DIAGNOSTIC,    27, -5.043367205682e-01, 1.500628027151e-04, 1.9726e+01, 2.1972e-02, 
 2DIAGNOSTIC,    28, -5.043368653444e-01, 1.187666859661e-04, 1.9747e+01, 2.0473e-02, 
 2DIAGNOSTIC,    29, -5.043371097873e-01, 8.629109344162e-05, 1.9770e+01, 2.3590e-02, 
 2DIAGNOSTIC,    30, -5.043375206663e-01, 5.800079984702e-05, 1.9791e+01, 2.0663e-02, 
 2DIAGNOSTIC,    31, -5.043382109240e-01, 2.972619058025e-05, 1.9811e+01, 2.0143e-02, 
 2DIAGNOSTIC,    32, -5.043393704842e-01, 4.695894636537e-06, 1.9835e+01, 2.3357e-02, 
 2DIAGNOSTIC,    33, -5.043413097225e-01, 1.214105311058e-06, 1.9859e+01, 2.4482e-02, 
 2DIAGNOSTIC,    34, -5.043445498367e-01, 1.282626090622e-06, 1.9886e+01, 2.6644e-02, 
 2DIAGNOSTIC,    35, -5.043499672090e-01, 1.415202172624e-06, 1.9911e+01, 2.4873e-02, 
 2DIAGNOSTIC,    36, -5.043587852794e-01, 1.647981804090e-06, 1.9934e+01, 2.3345e-02, 
 2DIAGNOSTIC,    37, -5.043726099774e-01, 2.028076307583e-06, 1.9961e+01, 2.7168e-02, 
 2DIAGNOSTIC,    38, -5.043882686376e-01, 2.531200268132e-06, 1.9990e+01, 2.9244e-02, 
 2DIAGNOSTIC,    39, -5.043136090632e-01, 1.690725254584e-06, 2.0019e+01, 2.8568e-02, 
 2DIAGNOSTIC,    40, -5.043446094534e-01, 1.330582846081e-06, 2.0049e+01, 3.0012e-02, 
 2DIAGNOSTIC,    41, -5.043819650173e-01, 1.479728602677e-06, 2.0080e+01, 3.0744e-02, 
 2DIAGNOSTIC,    42, -5.044151669508e-01, 2.022168461915e-06, 2.0101e+01, 2.1560e-02, 
 2DIAGNOSTIC,    43, -5.043303783524e-01, 1.262533367231e-06, 2.0121e+01, 2.0313e-02, 
DIAGNOSTIC,Iteration,metricValue,convergenceValue,ITERATION_TIME_INDEX,SINCE_LAST
 2DIAGNOSTIC,     1, -4.388638493858e-01, 1.797693134862e+308, 3.5564e+01, 1.5443e+01, 
 2DIAGNOSTIC,     2, -4.396799748545e-01, 1.797693134862e+308, 3.5657e+01, 9.3027e-02, 
 2DIAGNOSTIC,     3, -4.402237530321e-01, 1.797693134862e+308, 3.5751e+01, 9.3416e-02, 
 2DIAGNOSTIC,     4, -4.406686853103e-01, 1.797693134862e+308, 3.5843e+01, 9.2355e-02, 
 2DIAGNOSTIC,     5, -4.412608648662e-01, 1.797693134862e+308, 3.5936e+01, 9.2631e-02, 
 2DIAGNOSTIC,     6, -4.419227629842e-01, 1.797693134862e+308, 3.6025e+01, 8.9054e-02, 
 2DIAGNOSTIC,     7, -4.429312894148e-01, 1.797693134862e+308, 3.6177e+01, 1.5193e-01, 
 2DIAGNOSTIC,     8, -4.429598940781e-01, 1.797693134862e+308, 3.6288e+01, 1.1157e-01, 
 2DIAGNOSTIC,     9, -4.429900323305e-01, 1.797693134862e+308, 3.6405e+01, 1.1626e-01, 
 2DIAGNOSTIC,    10, -4.430419446928e-01, 6.570598256288e-04, 3.6498e+01, 9.3442e-02, 
 2DIAGNOSTIC,    11, -4.430547555357e-01, 4.959141427803e-04, 3.6610e+01, 1.1154e-01, 
 2DIAGNOSTIC,    12, -4.431142181962e-01, 3.634153002463e-04, 3.6872e+01, 2.6265e-01, 
 2DIAGNOSTIC,    13, -4.431145438541e-01, 2.457219579688e-04, 3.6990e+01, 1.1732e-01, 
 2DIAGNOSTIC,    14, -4.431196026110e-01, 1.438142309305e-04, 3.7081e+01, 9.1357e-02, 
 2DIAGNOSTIC,    15, -4.431011819217e-01, 6.692348739390e-05, 3.7192e+01, 1.1062e-01, 
 2DIAGNOSTIC,    16, -4.431055538939e-01, 1.936678258309e-05, 3.7285e+01, 9.3538e-02, 
 2DIAGNOSTIC,    17, -4.430858866794e-01, 1.317456217673e-05, 3.7378e+01, 9.3348e-02, 
 2DIAGNOSTIC,    18, -4.430932781475e-01, 7.914707126612e-06, 3.7471e+01, 9.2803e-02, 
 2DIAGNOSTIC,    19, -4.431002714612e-01, 3.870622742153e-06, 3.7563e+01, 9.2167e-02, 
 2DIAGNOSTIC,    20, -4.431045876848e-01, 1.840941897140e-06, 3.7658e+01, 9.5029e-02, 
DIAGNOSTIC,Iteration,metricValue,convergenceValue,ITERATION_TIME_INDEX,SINCE_LAST
 2DIAGNOSTIC,     1, -3.716299336652e-01, 1.797693134862e+308, 4.5771e+01, 8.1130e+00, 
 2DIAGNOSTIC,     2, -3.738787393752e-01, 1.797693134862e+308, 4.6220e+01, 4.4807e-01, 
 2DIAGNOSTIC,     3, -3.758775434656e-01, 1.797693134862e+308, 4.6674e+01, 4.5420e-01, 
 2DIAGNOSTIC,     4, -3.768851092660e-01, 1.797693134862e+308, 4.7135e+01, 4.6089e-01, 
 2DIAGNOSTIC,     5, -3.773100514765e-01, 1.797693134862e+308, 4.7598e+01, 4.6356e-01, 
 2DIAGNOSTIC,     6, -3.780363090020e-01, 1.797693134862e+308, 4.8055e+01, 4.5677e-01, 
 2DIAGNOSTIC,     7, -3.789022267826e-01, 1.797693134862e+308, 4.8601e+01, 5.4632e-01, 
 2DIAGNOSTIC,     8, -3.804656657497e-01, 1.797693134862e+308, 5.0232e+01, 1.6307e+00, 
 2DIAGNOSTIC,     9, -3.804707705990e-01, 1.797693134862e+308, 5.0665e+01, 4.3264e-01, 
 2DIAGNOSTIC,    10, -3.804729868368e-01, 1.425394944615e-03, 5.1102e+01, 4.3760e-01, 
 2DIAGNOSTIC,    11, -3.804765807511e-01, 1.011707890812e-03, 5.1541e+01, 4.3915e-01, 
 2DIAGNOSTIC,    12, -3.804787493930e-01, 7.142616576178e-04, 5.1979e+01, 4.3760e-01, 
 2DIAGNOSTIC,    13, -3.804875744718e-01, 5.123262564860e-04, 5.2500e+01, 5.2062e-01, 
 2DIAGNOSTIC,    14, -3.804949764289e-01, 3.478317379215e-04, 5.2934e+01, 4.3424e-01, 
 2DIAGNOSTIC,    15, -3.805103354144e-01, 1.966504111800e-04, 5.3369e+01, 4.3498e-01, 
 2DIAGNOSTIC,    16, -3.805283253470e-01, 8.126513935082e-05, 5.3801e+01, 4.3265e-01, 
 2DIAGNOSTIC,    17, -3.805491185168e-01, 9.385602741940e-06, 5.4236e+01, 4.3493e-01, 
 2DIAGNOSTIC,    18, -3.805734860297e-01, 1.100940312427e-05, 5.4673e+01, 4.3618e-01, 
 2DIAGNOSTIC,    19, -3.805944807487e-01, 1.262244264736e-05, 5.5198e+01, 5.2525e-01, 
 2DIAGNOSTIC,    20, -3.806011290591e-01, 1.337985169679e-05, 5.5723e+01, 5.2549e-01, 
 2DIAGNOSTIC,    21, -3.806038884613e-01, 1.320088378329e-05, 5.6349e+01, 6.2557e-01, 
 2DIAGNOSTIC,    22, -3.806065313143e-01, 1.210913216606e-05, 5.6881e+01, 5.3224e-01, 
 2DIAGNOSTIC,    23, -3.806051490908e-01, 1.035057211687e-05, 5.7331e+01, 4.4949e-01, 
 2DIAGNOSTIC,    24, -3.806049948092e-01, 8.117956214880e-06, 5.7867e+01, 5.3643e-01, 
 2DIAGNOSTIC,    25, -3.806070121387e-01, 5.946936494521e-06, 5.8329e+01, 4.6212e-01, 
 2DIAGNOSTIC,    26, -3.806068492573e-01, 4.014440208679e-06, 5.8878e+01, 5.4907e-01, 
 2DIAGNOSTIC,    27, -3.806110016975e-01, 2.645198618020e-06, 5.9332e+01, 4.5414e-01, 
 2DIAGNOSTIC,    28, -3.806097771438e-01, 1.840437939035e-06, 5.9779e+01, 4.4720e-01, 
 2DIAGNOSTIC,    29, -3.806170287193e-01, 1.753831276104e-06, 6.0318e+01, 5.3823e-01, 
 2DIAGNOSTIC,    30, -3.806208017950e-01, 1.864942512815e-06, 6.0858e+01, 5.3983e-01, 
 2DIAGNOSTIC,    31, -3.806216594030e-01, 1.976601264525e-06, 6.1387e+01, 5.2902e-01, 
 2DIAGNOSTIC,    32, -3.806251371155e-01, 2.138079590104e-06, 6.1929e+01, 5.4272e-01, 
 2DIAGNOSTIC,    33, -3.806260490414e-01, 2.170290089511e-06, 6.2555e+01, 6.2548e-01, 
 2DIAGNOSTIC,    34, -3.806248562669e-01, 2.054591684762e-06, 6.4673e+01, 2.1182e+00, 
 2DIAGNOSTIC,    35, -3.806248561532e-01, 1.883481731798e-06, 6.6234e+01, 1.5613e+00, 
 2DIAGNOSTIC,    36, -3.806248561532e-01, 1.624871437598e-06, 6.6866e+01, 6.3195e-01, 
 2DIAGNOSTIC,    37, -3.806248561532e-01, 1.395945922376e-06, 6.7628e+01, 7.6164e-01, 
 2DIAGNOSTIC,    38, -3.806248561532e-01, 1.100710323103e-06, 6.8198e+01, 5.7060e-01, 
DIAGNOSTIC,Iteration,metricValue,convergenceValue,ITERATION_TIME_INDEX,SINCE_LAST
 2DIAGNOSTIC,     1, -3.432296563624e-01, 1.797693134862e+308, 7.7335e+01, 9.1367e+00, 
  Elapsed time (stage 0): 8.0558e+01


Stage 1
  iterations = 1000x500x250x0
  convergence threshold = 1.0000e-06
  convergence window size = 10
  number of levels = 4
  using the Mattes MI metric (number of bins = 32, weight = 1.0000e+00)
  preprocessing:  winsorizing the image intensities
  Shrink factors (level 1 out of 4): [12, 12, 5]
  Shrink factors (level 2 out of 4): [8, 8, 3]
  Shrink factors (level 3 out of 4): [4, 4, 2]
  Shrink factors (level 4 out of 4): [2, 2, 1]
  smoothing sigmas per level: [4, 3, 2, 1]
  regular sampling (percentage = 2.5000e-01)

*** Running AffineTransform registration ***

DIAGNOSTIC,Iteration,metricValue,convergenceValue,ITERATION_TIME_INDEX,SINCE_LAST
 2DIAGNOSTIC,     1, -4.993356069498e-01, 1.797693134862e+308, 1.8337e+01, 1.8337e+01, 
 2DIAGNOSTIC,     2, -5.007959875817e-01, 1.797693134862e+308, 1.8368e+01, 3.1005e-02, 
 2DIAGNOSTIC,     3, -5.029332279868e-01, 1.797693134862e+308, 1.8395e+01, 2.7442e-02, 
 2DIAGNOSTIC,     4, -5.057152757563e-01, 1.797693134862e+308, 1.8421e+01, 2.5029e-02, 
 2DIAGNOSTIC,     5, -5.089724075602e-01, 1.797693134862e+308, 1.8445e+01, 2.4187e-02, 
 2DIAGNOSTIC,     6, -5.143314283308e-01, 1.797693134862e+308, 1.8477e+01, 3.2643e-02, 
 2DIAGNOSTIC,     7, -5.259497945168e-01, 1.797693134862e+308, 1.8546e+01, 6.8311e-02, 
 2DIAGNOSTIC,     8, -5.260721944576e-01, 1.797693134862e+308, 1.8569e+01, 2.2976e-02, 
 2DIAGNOSTIC,     9, -5.260959299547e-01, 1.797693134862e+308, 1.8593e+01, 2.4271e-02, 
 2DIAGNOSTIC,    10, -5.260450905085e-01, 4.174794129842e-03, 1.8618e+01, 2.4671e-02, 
 2DIAGNOSTIC,    11, -5.261151953759e-01, 3.502472591525e-03, 1.8648e+01, 3.0271e-02, 
 2DIAGNOSTIC,    12, -5.261215783277e-01, 2.689738951022e-03, 1.8680e+01, 3.1730e-02, 
 2DIAGNOSTIC,    13, -5.261852739634e-01, 1.855308836537e-03, 1.8711e+01, 3.1856e-02, 
 2DIAGNOSTIC,    14, -5.263782907247e-01, 1.097092191031e-03, 1.8738e+01, 2.6090e-02, 
 2DIAGNOSTIC,    15, -5.267331223397e-01, 4.733744958025e-04, 1.8777e+01, 3.9192e-02, 
 2DIAGNOSTIC,    16, -5.269063021859e-01, 6.364579179945e-05, 1.8812e+01, 3.4963e-02, 
 2DIAGNOSTIC,    17, -5.268694160429e-01, 7.025166291384e-05, 1.8839e+01, 2.7447e-02, 
 2DIAGNOSTIC,    18, -5.271755193913e-01, 8.303931659298e-05, 1.8869e+01, 2.9637e-02, 
 2DIAGNOSTIC,    19, -5.274860820939e-01, 9.630271015827e-05, 1.8904e+01, 3.5061e-02, 
 2DIAGNOSTIC,    20, -5.277959598285e-01, 1.061255980960e-04, 1.8934e+01, 2.9986e-02, 
 2DIAGNOSTIC,    21, -5.280188721239e-01, 1.128726667273e-04, 1.8963e+01, 2.9363e-02, 
 2DIAGNOSTIC,    22, -5.292542127173e-01, 1.395744381260e-04, 1.8995e+01, 3.2300e-02, 
 2DIAGNOSTIC,    23, -5.296726418755e-01, 1.616642856998e-04, 1.9028e+01, 3.2606e-02, 
 2DIAGNOSTIC,    24, -5.300249777175e-01, 1.790259240445e-04, 1.9057e+01, 2.9162e-02, 
 2DIAGNOSTIC,    25, -5.310151675586e-01, 2.077391888853e-04, 1.9090e+01, 3.2540e-02, 
 2DIAGNOSTIC,    26, -5.307728404735e-01, 2.130043182573e-04, 1.9125e+01, 3.5098e-02, 
 2DIAGNOSTIC,    27, -5.310801406085e-01, 2.034072165675e-04, 1.9186e+01, 6.1124e-02, 
 2DIAGNOSTIC,    28, -5.310732574021e-01, 1.810544972514e-04, 1.9222e+01, 3.6310e-02, 
 2DIAGNOSTIC,    29, -5.313667159823e-01, 1.546432519866e-04, 1.9248e+01, 2.5930e-02, 
 2DIAGNOSTIC,    30, -5.316088120961e-01, 1.253995629839e-04, 1.9271e+01, 2.2682e-02, 
 2DIAGNOSTIC,    31, -5.321684771474e-01, 9.949363421875e-05, 1.9308e+01, 3.7445e-02, 
 2DIAGNOSTIC,    32, -5.322512309322e-01, 8.817173490706e-05, 1.9346e+01, 3.7812e-02, 
 2DIAGNOSTIC,    33, -5.323238132490e-01, 7.741332307711e-05, 1.9378e+01, 3.1803e-02, 
 2DIAGNOSTIC,    34, -5.322789776864e-01, 6.455948333781e-05, 1.9416e+01, 3.8277e-02, 
 2DIAGNOSTIC,    35, -5.321064641196e-01, 5.916514929515e-05, 1.9447e+01, 3.0924e-02, 
 2DIAGNOSTIC,    36, -5.321189029353e-01, 4.494277727437e-05, 1.9473e+01, 2.5663e-02, 
 2DIAGNOSTIC,    37, -5.320415181073e-01, 3.068236016499e-05, 1.9500e+01, 2.6705e-02, 
 2DIAGNOSTIC,    38, -5.320726534868e-01, 1.471472611240e-05, 1.9526e+01, 2.6480e-02, 
 2DIAGNOSTIC,    39, -5.321159903387e-01, 2.934032635009e-06, 1.9554e+01, 2.7660e-02, 
DIAGNOSTIC,Iteration,metricValue,convergenceValue,ITERATION_TIME_INDEX,SINCE_LAST
 2DIAGNOSTIC,     1, -4.554410271512e-01, 1.797693134862e+308, 3.3953e+01, 1.4400e+01, 
 2DIAGNOSTIC,     2, -4.560476405705e-01, 1.797693134862e+308, 3.4064e+01, 1.1050e-01, 
 2DIAGNOSTIC,     3, -4.569255808361e-01, 1.797693134862e+308, 3.4172e+01, 1.0794e-01, 
 2DIAGNOSTIC,     4, -4.578205166213e-01, 1.797693134862e+308, 3.4301e+01, 1.2914e-01, 
 2DIAGNOSTIC,     5, -4.585514222617e-01, 1.797693134862e+308, 3.4411e+01, 1.1036e-01, 
 2DIAGNOSTIC,     6, -4.592350122617e-01, 1.797693134862e+308, 3.4519e+01, 1.0750e-01, 
 2DIAGNOSTIC,     7, -4.603619659156e-01, 1.797693134862e+308, 3.4646e+01, 1.2699e-01, 
 2DIAGNOSTIC,     8, -4.607326864426e-01, 1.797693134862e+308, 3.4750e+01, 1.0450e-01, 
 2DIAGNOSTIC,     9, -4.614943954346e-01, 1.797693134862e+308, 3.4878e+01, 1.2716e-01, 
 2DIAGNOSTIC,    10, -4.625705073398e-01, 9.854056928592e-04, 3.5072e+01, 1.9408e-01, 
 2DIAGNOSTIC,    11, -4.626347040946e-01, 8.637972324534e-04, 3.5201e+01, 1.2933e-01, 
 2DIAGNOSTIC,    12, -4.626665879266e-01, 7.182556926819e-04, 3.5310e+01, 1.0902e-01, 
 2DIAGNOSTIC,    13, -4.627820552389e-01, 5.778138961652e-04, 3.5415e+01, 1.0542e-01, 
 2DIAGNOSTIC,    14, -4.630333460863e-01, 4.552490408575e-04, 3.5606e+01, 1.9084e-01, 
 2DIAGNOSTIC,    15, -4.630718922248e-01, 3.383765752261e-04, 3.5736e+01, 1.2941e-01, 
 2DIAGNOSTIC,    16, -4.630400529788e-01, 2.298715236802e-04, 3.5865e+01, 1.2966e-01, 
 2DIAGNOSTIC,    17, -4.630086779419e-01, 1.537389617474e-04, 3.5974e+01, 1.0833e-01, 
 2DIAGNOSTIC,    18, -4.630321534935e-01, 8.526143292844e-05, 3.6105e+01, 1.3100e-01, 
 2DIAGNOSTIC,    19, -4.630593081154e-01, 4.073239576093e-05, 3.6211e+01, 1.0629e-01, 
 2DIAGNOSTIC,    20, -4.630828360879e-01, 3.088773942728e-05, 3.6316e+01, 1.0557e-01, 
 2DIAGNOSTIC,    21, -4.631816594118e-01, 2.419245208701e-05, 3.6425e+01, 1.0860e-01, 
 2DIAGNOSTIC,    22, -4.634707131041e-01, 2.494880237086e-05, 3.6534e+01, 1.0877e-01, 
 2DIAGNOSTIC,    23, -4.637332046810e-01, 3.318166855672e-05, 3.6641e+01, 1.0686e-01, 
 2DIAGNOSTIC,    24, -4.644574328016e-01, 6.265018518718e-05, 3.6793e+01, 1.5258e-01, 
 2DIAGNOSTIC,    25, -4.644770869194e-01, 8.510822745997e-05, 3.6924e+01, 1.3075e-01, 
 2DIAGNOSTIC,    26, -4.645165151709e-01, 9.839071642545e-05, 3.7053e+01, 1.2868e-01, 
 2DIAGNOSTIC,    27, -4.645249089601e-01, 1.011173024538e-04, 3.7203e+01, 1.5013e-01, 
 2DIAGNOSTIC,    28, -4.645531353399e-01, 9.521590996316e-05, 3.7330e+01, 1.2744e-01, 
 2DIAGNOSTIC,    29, -4.645364862422e-01, 8.089214521260e-05, 3.7437e+01, 1.0628e-01, 
 2DIAGNOSTIC,    30, -4.645264246673e-01, 6.031665567374e-05, 3.7545e+01, 1.0794e-01, 
 2DIAGNOSTIC,    31, -4.645785713574e-01, 3.859124262604e-05, 3.7717e+01, 1.7245e-01, 
 2DIAGNOSTIC,    32, -4.645862441840e-01, 2.035981306564e-05, 3.7846e+01, 1.2868e-01, 
 2DIAGNOSTIC,    33, -4.645352927607e-01, 4.969842075681e-06, 3.7953e+01, 1.0751e-01, 
 2DIAGNOSTIC,    34, -4.645471090141e-01, 3.466159294557e-06, 3.8060e+01, 1.0716e-01, 
 2DIAGNOSTIC,    35, -4.645619923369e-01, 2.391456999949e-06, 3.8235e+01, 1.7433e-01, 
 2DIAGNOSTIC,    36, -4.645631073946e-01, 1.891503654771e-06, 3.8342e+01, 1.0728e-01, 
 2DIAGNOSTIC,    37, -4.645412374185e-01, 1.083292256805e-06, 3.8450e+01, 1.0813e-01, 
DIAGNOSTIC,Iteration,metricValue,convergenceValue,ITERATION_TIME_INDEX,SINCE_LAST
 2DIAGNOSTIC,     1, -3.807389610054e-01, 1.797693134862e+308, 4.6666e+01, 8.2159e+00, 
 2DIAGNOSTIC,     2, -3.829295532694e-01, 1.797693134862e+308, 4.7190e+01, 5.2373e-01, 
 2DIAGNOSTIC,     3, -3.852480910005e-01, 1.797693134862e+308, 4.7709e+01, 5.1944e-01, 
 2DIAGNOSTIC,     4, -3.867127930524e-01, 1.797693134862e+308, 4.8326e+01, 6.1687e-01, 
 2DIAGNOSTIC,     5, -3.873267082898e-01, 1.797693134862e+308, 4.8843e+01, 5.1669e-01, 
 2DIAGNOSTIC,     6, -3.878831665355e-01, 1.797693134862e+308, 4.9455e+01, 6.1265e-01, 
 2DIAGNOSTIC,     7, -3.881294448100e-01, 1.797693134862e+308, 5.0079e+01, 6.2335e-01, 
 2DIAGNOSTIC,     8, -3.881568517524e-01, 1.797693134862e+308, 5.0720e+01, 6.4127e-01, 
 2DIAGNOSTIC,     9, -3.881232936908e-01, 1.797693134862e+308, 5.1244e+01, 5.2453e-01, 
 2DIAGNOSTIC,    10, -3.881796599365e-01, 1.089988364256e-03, 5.1887e+01, 6.4227e-01, 
 2DIAGNOSTIC,    11, -3.882394294179e-01, 6.238656026532e-04, 5.2522e+01, 6.3501e-01, 
 2DIAGNOSTIC,    12, -3.882837796686e-01, 3.141217857395e-04, 5.3161e+01, 6.3910e-01, 
 2DIAGNOSTIC,    13, -3.883063766267e-01, 1.549358589791e-04, 5.3696e+01, 5.3499e-01, 
 2DIAGNOSTIC,    14, -3.883009461779e-01, 8.099433027951e-05, 5.4328e+01, 6.3236e-01, 
 2DIAGNOSTIC,    15, -3.883171085617e-01, 4.000043256330e-05, 5.4852e+01, 5.2329e-01, 
 2DIAGNOSTIC,    16, -3.883745022921e-01, 2.843969614327e-05, 5.5418e+01, 5.6667e-01, 
 2DIAGNOSTIC,    17, -3.884972066090e-01, 3.161829657989e-05, 5.5945e+01, 5.2690e-01, 
 2DIAGNOSTIC,    18, -3.886424355887e-01, 3.871477306241e-05, 5.6468e+01, 5.2325e-01, 
 2DIAGNOSTIC,    19, -3.889133724914e-01, 5.072851237305e-05, 5.8182e+01, 1.7142e+00, 
 2DIAGNOSTIC,    20, -3.889120935313e-01, 5.880639960754e-05, 5.9071e+01, 8.8802e-01, 
 2DIAGNOSTIC,    21, -3.889096366703e-01, 6.289321315699e-05, 5.9725e+01, 6.5431e-01, 
 2DIAGNOSTIC,    22, -3.889070082476e-01, 6.230821998170e-05, 6.0368e+01, 6.4360e-01, 
 2DIAGNOSTIC,    23, -3.889041546016e-01, 5.662709975009e-05, 6.1032e+01, 6.6377e-01, 
 2DIAGNOSTIC,    24, -3.889012087626e-01, 4.589998284727e-05, 6.1581e+01, 5.4845e-01, 
 2DIAGNOSTIC,    25, -3.888985880661e-01, 3.228183081642e-05, 6.2243e+01, 6.6279e-01, 
 2DIAGNOSTIC,    26, -3.888956558291e-01, 1.840994893962e-05, 6.2794e+01, 5.5013e-01, 
 2DIAGNOSTIC,    27, -3.888964990323e-01, 7.280672159993e-06, 6.3443e+01, 6.4956e-01, 
DIAGNOSTIC,Iteration,metricValue,convergenceValue,ITERATION_TIME_INDEX,SINCE_LAST
 2DIAGNOSTIC,     1, -3.428211391541e-01, 1.797693134862e+308, 7.2505e+01, 9.0620e+00, 
  Elapsed time (stage 1): 7.4832e+01


Stage 2
  iterations = 100x100x70x50x0
  convergence threshold = 1.0000e-06
  convergence window size = 10
  number of levels = 5
  using the Mattes MI metric (number of bins = 32, weight = 1.0000e+00)
  preprocessing:  winsorizing the image intensities
  Shrink factors (level 1 out of 5): [10, 10, 4]
  Shrink factors (level 2 out of 5): [6, 6, 2]
  Shrink factors (level 3 out of 5): [4, 4, 2]
  Shrink factors (level 4 out of 5): [2, 2, 1]
  Shrink factors (level 5 out of 5): [1, 1, 1]
  smoothing sigmas per level: [5, 3, 2, 1, 0]
  Using default NONE metricSamplingStrategy 

*** Running SyN registration (varianceForUpdateField = 3.0000e+00, varianceForTotalField = 0.0000e+00) ***

XXDIAGNOSTIC,Iteration,metricValue,convergenceValue,ITERATION_TIME_INDEX,SINCE_LAST
 1DIAGNOSTIC,     1, -5.364416403417e-01, 1.797693134862e+308, 2.6735e+01, 2.6735e+01, 
 1DIAGNOSTIC,     2, -5.434801265214e-01, 1.797693134862e+308, 2.7020e+01, 2.8493e-01, 
 1DIAGNOSTIC,     3, -5.498371498597e-01, 1.797693134862e+308, 2.7302e+01, 2.8157e-01, 
 1DIAGNOSTIC,     4, -5.559892218459e-01, 1.797693134862e+308, 2.7587e+01, 2.8503e-01, 
 1DIAGNOSTIC,     5, -5.625595836759e-01, 1.797693134862e+308, 2.7881e+01, 2.9373e-01, 
 1DIAGNOSTIC,     6, -5.678553599019e-01, 1.797693134862e+308, 2.8154e+01, 2.7344e-01, 
 1DIAGNOSTIC,     7, -5.732501660908e-01, 1.797693134862e+308, 2.8428e+01, 2.7362e-01, 
 1DIAGNOSTIC,     8, -5.784170866148e-01, 1.797693134862e+308, 2.8710e+01, 2.8180e-01, 
 1DIAGNOSTIC,     9, -5.832392402784e-01, 1.797693134862e+308, 2.9079e+01, 3.6896e-01, 
 1DIAGNOSTIC,    10, -5.878509518782e-01, 5.806536311077e-03, 2.9463e+01, 3.8437e-01, 
 1DIAGNOSTIC,    11, -5.927017645044e-01, 5.013263393124e-03, 2.9750e+01, 2.8679e-01, 
 1DIAGNOSTIC,    12, -5.960560756372e-01, 4.335296429693e-03, 3.0049e+01, 2.9903e-01, 
 1DIAGNOSTIC,    13, -5.995996638878e-01, 3.749894421388e-03, 3.0335e+01, 2.8607e-01, 
 1DIAGNOSTIC,    14, -6.025241533950e-01, 3.228143781055e-03, 3.0629e+01, 2.9454e-01, 
 1DIAGNOSTIC,    15, -6.047104871799e-01, 2.769930720832e-03, 3.0921e+01, 2.9162e-01, 
 1DIAGNOSTIC,    16, -6.072438109047e-01, 2.355951164452e-03, 3.1221e+01, 2.9969e-01, 
 1DIAGNOSTIC,    17, -6.087010256283e-01, 1.971477984884e-03, 3.1511e+01, 2.8996e-01, 
 1DIAGNOSTIC,    18, -6.103082558770e-01, 1.632444297879e-03, 3.1798e+01, 2.8759e-01, 
 1DIAGNOSTIC,    19, -6.115429292306e-01, 1.333444618872e-03, 3.2092e+01, 2.9338e-01, 
 1DIAGNOSTIC,    20, -6.130633427240e-01, 1.089122719001e-03, 3.2381e+01, 2.8955e-01, 
 1DIAGNOSTIC,    21, -6.138714354402e-01, 8.973129175664e-04, 3.2671e+01, 2.8966e-01, 
 1DIAGNOSTIC,    22, -6.149780098616e-01, 7.371841518280e-04, 3.2963e+01, 2.9214e-01, 
 1DIAGNOSTIC,    23, -6.161265749697e-01, 6.203770800538e-04, 3.3253e+01, 2.9002e-01, 
 1DIAGNOSTIC,    24, -6.164592898000e-01, 5.203161424523e-04, 3.3542e+01, 2.8894e-01, 
 1DIAGNOSTIC,    25, -6.170881121003e-01, 4.333807383016e-04, 3.3831e+01, 2.8917e-01, 
 1DIAGNOSTIC,    26, -6.181579774276e-01, 3.790190806391e-04, 3.4120e+01, 2.8942e-01, 
 1DIAGNOSTIC,    27, -6.178686592164e-01, 3.131987647397e-04, 3.4410e+01, 2.8988e-01, 
 1DIAGNOSTIC,    28, -6.189145831879e-01, 2.682973901528e-04, 3.4698e+01, 2.8729e-01, 
 1DIAGNOSTIC,    29, -6.187866897681e-01, 2.189539808847e-04, 3.4988e+01, 2.9057e-01, 
 1DIAGNOSTIC,    30, -6.190696885269e-01, 1.812366270646e-04, 3.5277e+01, 2.8917e-01, 
 1DIAGNOSTIC,    31, -6.197928910258e-01, 1.521919179092e-04, 3.5566e+01, 2.8860e-01, 
 1DIAGNOSTIC,    32, -6.198355498867e-01, 1.272217827851e-04, 3.5859e+01, 2.9285e-01, 
 1DIAGNOSTIC,    33, -6.199661996593e-01, 1.104717736415e-04, 3.6148e+01, 2.8904e-01, 
 1DIAGNOSTIC,    34, -6.202694664461e-01, 9.319035052655e-05, 3.6439e+01, 2.9131e-01, 
 1DIAGNOSTIC,    35, -6.200607582437e-01, 7.346255202547e-05, 3.6732e+01, 2.9258e-01, 
 1DIAGNOSTIC,    36, -6.202946193433e-01, 6.537670849879e-05, 3.7022e+01, 2.9050e-01, 
 1DIAGNOSTIC,    37, -6.203222508181e-01, 4.781330139307e-05, 3.7310e+01, 2.8758e-01, 
 1DIAGNOSTIC,    38, -6.206076854144e-01, 4.349644685739e-05, 3.7598e+01, 2.8835e-01, 
 1DIAGNOSTIC,    39, -6.208523934810e-01, 3.667316489056e-05, 3.7888e+01, 2.8949e-01, 
 1DIAGNOSTIC,    40, -6.207171987837e-01, 2.830105803357e-05, 3.8180e+01, 2.9259e-01, 
 1DIAGNOSTIC,    41, -6.212507336447e-01, 3.235647479598e-05, 3.8467e+01, 2.8663e-01, 
 1DIAGNOSTIC,    42, -6.209916046986e-01, 3.055942045048e-05, 3.8760e+01, 2.9260e-01, 
 1DIAGNOSTIC,    43, -6.210691526747e-01, 2.827032538666e-05, 3.9047e+01, 2.8754e-01, 
 1DIAGNOSTIC,    44, -6.208009805498e-01, 2.392155205389e-05, 3.9333e+01, 2.8626e-01, 
 1DIAGNOSTIC,    45, -6.211330544215e-01, 1.886763512384e-05, 3.9617e+01, 2.8414e-01, 
 1DIAGNOSTIC,    46, -6.207606546130e-01, 1.076202162659e-05, 3.9904e+01, 2.8654e-01, 
 1DIAGNOSTIC,    47, -6.209703257907e-01, 4.472250206080e-06, 4.0189e+01, 2.8464e-01, 
 1DIAGNOSTIC,    48, -6.207844629276e-01, -9.774238966843e-07, 4.0473e+01, 2.8478e-01, 
XXDIAGNOSTIC,Iteration,metricValue,convergenceValue,ITERATION_TIME_INDEX,SINCE_LAST
 1DIAGNOSTIC,     1, -4.868583035500e-01, 1.797693134862e+308, 5.6337e+01, 1.5864e+01, 
 1DIAGNOSTIC,     2, -4.893182679870e-01, 1.797693134862e+308, 5.7681e+01, 1.3431e+00, 
 1DIAGNOSTIC,     3, -4.914958642902e-01, 1.797693134862e+308, 5.9046e+01, 1.3653e+00, 
 1DIAGNOSTIC,     4, -4.931614220308e-01, 1.797693134862e+308, 6.0367e+01, 1.3209e+00, 
 1DIAGNOSTIC,     5, -4.947693125077e-01, 1.797693134862e+308, 6.1646e+01, 1.2795e+00, 
 1DIAGNOSTIC,     6, -4.967701817792e-01, 1.797693134862e+308, 6.2921e+01, 1.2743e+00, 
 1DIAGNOSTIC,     7, -4.985390221271e-01, 1.797693134862e+308, 6.4213e+01, 1.2923e+00, 
 1DIAGNOSTIC,     8, -5.004322382193e-01, 1.797693134862e+308, 6.5532e+01, 1.3191e+00, 
 1DIAGNOSTIC,     9, -5.013137702873e-01, 1.797693134862e+308, 6.6911e+01, 1.3794e+00, 
 1DIAGNOSTIC,    10, -5.033857832270e-01, 2.074654819633e-03, 6.8263e+01, 1.3514e+00, 
 1DIAGNOSTIC,    11, -5.039664148083e-01, 1.756820224132e-03, 6.9597e+01, 1.3344e+00, 
 1DIAGNOSTIC,    12, -5.058241409665e-01, 1.539107864183e-03, 7.0891e+01, 1.2941e+00, 
 1DIAGNOSTIC,    13, -5.061786150006e-01, 1.325818822859e-03, 7.2230e+01, 1.3389e+00, 
 1DIAGNOSTIC,    14, -5.072529911991e-01, 1.134785959314e-03, 7.3564e+01, 1.3339e+00, 
 1DIAGNOSTIC,    15, -5.084789960871e-01, 9.722071387149e-04, 7.4887e+01, 1.3231e+00, 
 1DIAGNOSTIC,    16, -5.086661509803e-01, 8.172673468414e-04, 7.6204e+01, 1.3173e+00, 
 1DIAGNOSTIC,    17, -5.099687725060e-01, 7.078191273895e-04, 7.7505e+01, 1.3007e+00, 
 1DIAGNOSTIC,    18, -5.104568800249e-01, 6.199166331286e-04, 7.8799e+01, 1.2939e+00, 
 1DIAGNOSTIC,    19, -5.109865358223e-01, 5.250435955892e-04, 8.0098e+01, 1.2992e+00, 
 1DIAGNOSTIC,    20, -5.114680954851e-01, 4.634611553772e-04, 8.1397e+01, 1.2991e+00, 
 1DIAGNOSTIC,    21, -5.120112392070e-01, 3.939405119775e-04, 8.2711e+01, 1.3137e+00, 
 1DIAGNOSTIC,    22, -5.123961392203e-01, 3.517751387172e-04, 8.4028e+01, 1.3168e+00, 
 1DIAGNOSTIC,    23, -5.127335010579e-01, 2.969638827901e-04, 8.5399e+01, 1.3714e+00, 
 1DIAGNOSTIC,    24, -5.126996376178e-01, 2.431013337057e-04, 8.6726e+01, 1.3268e+00, 
 1DIAGNOSTIC,    25, -5.135089991280e-01, 2.172190816059e-04, 8.8067e+01, 1.3415e+00, 
 1DIAGNOSTIC,    26, -5.137281762754e-01, 1.807159880193e-04, 8.9373e+01, 1.3059e+00, 
 1DIAGNOSTIC,    27, -5.140200680841e-01, 1.631774010293e-04, 9.0686e+01, 1.3129e+00, 
 1DIAGNOSTIC,    28, -5.139830298918e-01, 1.407083120651e-04, 9.2002e+01, 1.3157e+00, 
 1DIAGNOSTIC,    29, -5.145323352299e-01, 1.276241324678e-04, 9.3351e+01, 1.3492e+00, 
 1DIAGNOSTIC,    30, -5.144299428855e-01, 1.099914398598e-04, 9.4672e+01, 1.3205e+00, 
 1DIAGNOSTIC,    31, -5.150319143207e-01, 1.038360132308e-04, 9.5989e+01, 1.3173e+00, 
 1DIAGNOSTIC,    32, -5.151739551915e-01, 9.736828393811e-05, 9.7313e+01, 1.3245e+00, 
 1DIAGNOSTIC,    33, -5.151608944592e-01, 8.790318467149e-05, 9.8633e+01, 1.3200e+00, 
 1DIAGNOSTIC,    34, -5.155695803387e-01, 7.672628718369e-05, 9.9940e+01, 1.3071e+00, 
 1DIAGNOSTIC,    35, -5.155388760237e-01, 7.122171607380e-05, 1.0125e+02, 1.3142e+00, 
 1DIAGNOSTIC,    36, -5.157382168867e-01, 6.578591245210e-05, 1.0259e+02, 1.3389e+00, 
 1DIAGNOSTIC,    37, -5.160785343593e-01, 6.407172949739e-05, 1.0392e+02, 1.3291e+00, 
 1DIAGNOSTIC,    38, -5.162589937385e-01, 5.829616446008e-05, 1.0525e+02, 1.3301e+00, 
 1DIAGNOSTIC,    39, -5.163246654928e-01, 5.628416291584e-05, 1.0659e+02, 1.3332e+00, 
 1DIAGNOSTIC,    40, -5.162098757155e-01, 4.588849058141e-05, 1.0791e+02, 1.3273e+00, 
 1DIAGNOSTIC,    41, -5.166076185021e-01, 4.540275848720e-05, 1.0923e+02, 1.3171e+00, 
 1DIAGNOSTIC,    42, -5.167389388646e-01, 4.413139276703e-05, 1.1065e+02, 1.4184e+00, 
 1DIAGNOSTIC,    43, -5.168492233819e-01, 3.985629971021e-05, 1.1204e+02, 1.3920e+00, 
 1DIAGNOSTIC,    44, -5.169879174770e-01, 3.914456089272e-05, 1.1335e+02, 1.3067e+00, 
 1DIAGNOSTIC,    45, -5.171097919914e-01, 3.593578007271e-05, 1.1466e+02, 1.3112e+00, 
 1DIAGNOSTIC,    46, -5.171997831221e-01, 3.284765563533e-05, 1.1597e+02, 1.3085e+00, 
 1DIAGNOSTIC,    47, -5.172812884620e-01, 3.171271161566e-05, 1.1731e+02, 1.3415e+00, 
 1DIAGNOSTIC,    48, -5.173527545887e-01, 3.059403199753e-05, 1.1861e+02, 1.3022e+00, 
 1DIAGNOSTIC,    49, -5.174074486257e-01, 2.810910260858e-05, 1.1991e+02, 1.2944e+00, 
 1DIAGNOSTIC,    50, -5.175015208410e-01, 2.274842178985e-05, 1.2120e+02, 1.2982e+00, 
 1DIAGNOSTIC,    51, -5.175374548568e-01, 2.018276216549e-05, 1.2250e+02, 1.2988e+00, 
 1DIAGNOSTIC,    52, -5.175767492021e-01, 1.766421279134e-05, 1.2380e+02, 1.2963e+00, 
 1DIAGNOSTIC,    53, -5.176764561599e-01, 1.579255849809e-05, 1.2511e+02, 1.3065e+00, 
 1DIAGNOSTIC,    54, -5.177663596914e-01, 1.484458812717e-05, 1.2649e+02, 1.3824e+00, 
 1DIAGNOSTIC,    55, -5.178274425443e-01, 1.438347677033e-05, 1.2778e+02, 1.2927e+00, 
 1DIAGNOSTIC,    56, -5.178894235069e-01, 1.411640761056e-05, 1.2911e+02, 1.3254e+00, 
 1DIAGNOSTIC,    57, -5.179324348097e-01, 1.376705164407e-05, 1.3042e+02, 1.3126e+00, 
 1DIAGNOSTIC,    58, -5.180330875648e-01, 1.379685781498e-05, 1.3173e+02, 1.3078e+00, 
 1DIAGNOSTIC,    59, -5.179981931465e-01, 1.269129506208e-05, 1.3303e+02, 1.3089e+00, 
 1DIAGNOSTIC,    60, -5.180925352437e-01, 1.222255019724e-05, 1.3435e+02, 1.3143e+00, 
 1DIAGNOSTIC,    61, -5.181500894686e-01, 1.148446274544e-05, 1.3570e+02, 1.3539e+00, 
 1DIAGNOSTIC,    62, -5.182041107016e-01, 1.052385175557e-05, 1.3700e+02, 1.2976e+00, 
 1DIAGNOSTIC,    63, -5.182150057340e-01, 9.589957833792e-06, 1.3840e+02, 1.3991e+00, 
 1DIAGNOSTIC,    64, -5.183536145333e-01, 9.801654029189e-06, 1.3972e+02, 1.3186e+00, 
 1DIAGNOSTIC,    65, -5.183572664305e-01, 9.628117283559e-06, 1.4103e+02, 1.3121e+00, 
 1DIAGNOSTIC,    66, -5.183379349897e-01, 8.935892598570e-06, 1.4235e+02, 1.3183e+00, 
 1DIAGNOSTIC,    67, -5.184346826549e-01, 8.607785371855e-06, 1.4366e+02, 1.3069e+00, 
 1DIAGNOSTIC,    68, -5.184511669022e-01, 8.455944483822e-06, 1.4498e+02, 1.3198e+00, 
 1DIAGNOSTIC,    69, -5.184957956480e-01, 7.592175207669e-06, 1.4630e+02, 1.3218e+00, 
 1DIAGNOSTIC,    70, -5.185649884622e-01, 7.355821256315e-06, 1.4760e+02, 1.3073e+00, 
 1DIAGNOSTIC,    71, -5.185895006946e-01, 7.099388180318e-06, 1.4893e+02, 1.3288e+00, 
 1DIAGNOSTIC,    72, -5.187340528089e-01, 7.743628401884e-06, 1.5024e+02, 1.3047e+00, 
 1DIAGNOSTIC,    73, -5.187306279312e-01, 7.663931774945e-06, 1.5154e+02, 1.3015e+00, 
 1DIAGNOSTIC,    74, -5.187338648666e-01, 7.970182720935e-06, 1.5285e+02, 1.3100e+00, 
 1DIAGNOSTIC,    75, -5.187719011792e-01, 7.869704760912e-06, 1.5417e+02, 1.3232e+00, 
 1DIAGNOSTIC,    76, -5.187643349320e-01, 6.827234135901e-06, 1.5548e+02, 1.3058e+00, 
 1DIAGNOSTIC,    77, -5.188285276493e-01, 6.347827132784e-06, 1.5678e+02, 1.3041e+00, 
 1DIAGNOSTIC,    78, -5.188297172828e-01, 5.420720607012e-06, 1.5810e+02, 1.3135e+00, 
 1DIAGNOSTIC,    79, -5.189352710894e-01, 5.094475238204e-06, 1.5942e+02, 1.3282e+00, 
 1DIAGNOSTIC,    80, -5.190023710708e-01, 5.256288418923e-06, 1.6077e+02, 1.3489e+00, 
 1DIAGNOSTIC,    81, -5.190874967972e-01, 5.660399711357e-06, 1.6213e+02, 1.3571e+00, 
 1DIAGNOSTIC,    82, -5.191585487829e-01, 7.000512502313e-06, 1.6347e+02, 1.3363e+00, 
 1DIAGNOSTIC,    83, -5.192568188460e-01, 8.299854322897e-06, 1.6477e+02, 1.3080e+00, 
 1DIAGNOSTIC,    84, -5.192448418971e-01, 8.727642864395e-06, 1.6609e+02, 1.3194e+00, 
 1DIAGNOSTIC,    85, -5.192188146999e-01, 8.428950800292e-06, 1.6741e+02, 1.3193e+00, 
 1DIAGNOSTIC,    86, -5.192803777041e-01, 7.707421125215e-06, 1.6873e+02, 1.3172e+00, 
 1DIAGNOSTIC,    87, -5.193032843938e-01, 6.836028713686e-06, 1.7004e+02, 1.3112e+00, 
 1DIAGNOSTIC,    88, -5.193520377278e-01, 5.654235259266e-06, 1.7136e+02, 1.3141e+00, 
 1DIAGNOSTIC,    89, -5.193922170817e-01, 4.894134006566e-06, 1.7269e+02, 1.3392e+00, 
 1DIAGNOSTIC,    90, -5.194077156842e-01, 4.220845630893e-06, 1.7402e+02, 1.3240e+00, 
 1DIAGNOSTIC,    91, -5.194330009052e-01, 3.852289386987e-06, 1.7536e+02, 1.3381e+00, 
 1DIAGNOSTIC,    92, -5.194615409189e-01, 3.727494704349e-06, 1.7671e+02, 1.3493e+00, 
 1DIAGNOSTIC,    93, -5.194954178490e-01, 4.062558306796e-06, 1.7803e+02, 1.3263e+00, 
 1DIAGNOSTIC,    94, -5.195395471803e-01, 4.224145934826e-06, 1.7938e+02, 1.3426e+00, 
 1DIAGNOSTIC,    95, -5.195642139257e-01, 3.989418906211e-06, 1.8071e+02, 1.3317e+00, 
 1DIAGNOSTIC,    96, -5.196245529429e-01, 4.110273424644e-06, 1.8204e+02, 1.3373e+00, 
 1DIAGNOSTIC,    97, -5.196526521851e-01, 4.141955541073e-06, 1.8337e+02, 1.3279e+00, 
 1DIAGNOSTIC,    98, -5.196885556786e-01, 4.275416874944e-06, 1.8470e+02, 1.3287e+00, 
 1DIAGNOSTIC,    99, -5.197602434908e-01, 4.646419958624e-06, 1.8601e+02, 1.3095e+00, 
 1DIAGNOSTIC,   100, -5.198140158135e-01, 4.964242240767e-06, 1.8733e+02, 1.3237e+00, 
XXDIAGNOSTIC,Iteration,metricValue,convergenceValue,ITERATION_TIME_INDEX,SINCE_LAST
 1DIAGNOSTIC,     1, -4.261074647528e-01, 1.797693134862e+308, 1.9847e+02, 1.1138e+01, 
 1DIAGNOSTIC,     2, -4.278596058463e-01, 1.797693134862e+308, 2.0132e+02, 2.8519e+00, 
 1DIAGNOSTIC,     3, -4.292607730766e-01, 1.797693134862e+308, 2.0421e+02, 2.8860e+00, 
 1DIAGNOSTIC,     4, -4.304858301788e-01, 1.797693134862e+308, 2.0709e+02, 2.8771e+00, 
 1DIAGNOSTIC,     5, -4.315266378210e-01, 1.797693134862e+308, 2.0998e+02, 2.8945e+00, 
 1DIAGNOSTIC,     6, -4.325804809740e-01, 1.797693134862e+308, 2.1332e+02, 3.3371e+00, 
 1DIAGNOSTIC,     7, -4.336007723120e-01, 1.797693134862e+308, 2.1622e+02, 2.9056e+00, 
 1DIAGNOSTIC,     8, -4.346561415017e-01, 1.797693134862e+308, 2.1910e+02, 2.8763e+00, 
 1DIAGNOSTIC,     9, -4.352176264612e-01, 1.797693134862e+308, 2.2202e+02, 2.9207e+00, 
 1DIAGNOSTIC,    10, -4.354636791338e-01, 1.399013168663e-03, 2.2497e+02, 2.9514e+00, 
 1DIAGNOSTIC,    11, -4.357044120693e-01, 1.092235060245e-03, 2.2805e+02, 3.0801e+00, 
 1DIAGNOSTIC,    12, -4.360307729803e-01, 8.516336371067e-04, 2.3105e+02, 3.0014e+00, 
 1DIAGNOSTIC,    13, -4.362509441217e-01, 6.520386986295e-04, 2.3392e+02, 2.8706e+00, 
 1DIAGNOSTIC,    14, -4.364371856926e-01, 4.877500903417e-04, 2.3689e+02, 2.9686e+00, 
 1DIAGNOSTIC,    15, -4.365697946148e-01, 3.523255264272e-04, 2.3979e+02, 2.8919e+00, 
 1DIAGNOSTIC,    16, -4.366484461223e-01, 2.477957467263e-04, 2.4265e+02, 2.8666e+00, 
 1DIAGNOSTIC,    17, -4.366995822395e-01, 1.734041737509e-04, 2.4552e+02, 2.8729e+00, 
 1DIAGNOSTIC,    18, -4.366882964551e-01, 1.290203460762e-04, 2.4848e+02, 2.9520e+00, 
 1DIAGNOSTIC,    19, -4.367906825774e-01, 1.003983408698e-04, 2.5154e+02, 3.0664e+00, 
 1DIAGNOSTIC,    20, -4.370263291142e-01, 8.109546342468e-05, 2.5462e+02, 3.0802e+00, 
 1DIAGNOSTIC,    21, -4.372802382492e-01, 7.129990147634e-05, 2.5757e+02, 2.9424e+00, 
 1DIAGNOSTIC,    22, -4.374917622388e-01, 7.171166353801e-05, 2.6057e+02, 3.0005e+00, 
 1DIAGNOSTIC,    23, -4.375500164174e-01, 7.337677071401e-05, 2.6350e+02, 2.9306e+00, 
 1DIAGNOSTIC,    24, -4.377059011965e-01, 7.748803731855e-05, 2.6637e+02, 2.8728e+00, 
 1DIAGNOSTIC,    25, -4.378678967802e-01, 8.162631091523e-05, 2.6925e+02, 2.8784e+00, 
 1DIAGNOSTIC,    26, -4.379498057088e-01, 8.173079298346e-05, 2.7210e+02, 2.8487e+00, 
 1DIAGNOSTIC,    27, -4.380846401184e-01, 7.881402916197e-05, 2.7494e+02, 2.8451e+00, 
 1DIAGNOSTIC,    28, -4.380587167633e-01, 6.795291178957e-05, 2.7778e+02, 2.8347e+00, 
 1DIAGNOSTIC,    29, -4.380761640384e-01, 5.423571947912e-05, 2.8064e+02, 2.8660e+00, 
 1DIAGNOSTIC,    30, -4.381328460593e-01, 4.264649225163e-05, 2.8354e+02, 2.8952e+00, 
 1DIAGNOSTIC,    31, -4.381066308524e-01, 3.251828813042e-05, 2.8670e+02, 3.1664e+00, 
 1DIAGNOSTIC,    32, -4.382261136399e-01, 2.683660923328e-05, 2.8965e+02, 2.9428e+00, 
 1DIAGNOSTIC,    33, -4.381880187768e-01, 1.936830368166e-05, 2.9258e+02, 2.9317e+00, 
 1DIAGNOSTIC,    34, -4.381601805943e-01, 1.305677413189e-05, 2.9548e+02, 2.9018e+00, 
 1DIAGNOSTIC,    35, -4.382041986545e-01, 9.800074716314e-06, 2.9840e+02, 2.9195e+00, 
 1DIAGNOSTIC,    36, -4.381160364713e-01, 5.652506212914e-06, 3.0132e+02, 2.9185e+00, 
 1DIAGNOSTIC,    37, -4.382354847553e-01, 5.805766827040e-06, 3.0422e+02, 2.9013e+00, 
 1DIAGNOSTIC,    38, -4.381671052604e-01, 3.798872359077e-06, 3.0718e+02, 2.9624e+00, 
 1DIAGNOSTIC,    39, -4.382126943234e-01, 2.707491053664e-06, 3.1012e+02, 2.9352e+00, 
 1DIAGNOSTIC,    40, -4.381396065143e-01, 1.241355803011e-06, 3.1299e+02, 2.8752e+00, 
 1DIAGNOSTIC,    41, -4.382178256012e-01, 6.005515959286e-07, 3.1585e+02, 2.8531e+00, 
XXDIAGNOSTIC,Iteration,metricValue,convergenceValue,ITERATION_TIME_INDEX,SINCE_LAST
 1DIAGNOSTIC,     1, -3.707081685608e-01, 1.797693134862e+308, 3.4577e+02, 2.9924e+01, 
 1DIAGNOSTIC,     2, -3.713911412581e-01, 1.797693134862e+308, 3.6857e+02, 2.2796e+01, 
 1DIAGNOSTIC,     3, -3.721843085158e-01, 1.797693134862e+308, 3.9026e+02, 2.1696e+01, 
 1DIAGNOSTIC,     4, -3.729562011405e-01, 1.797693134862e+308, 4.1171e+02, 2.1453e+01, 
 1DIAGNOSTIC,     5, -3.736934507837e-01, 1.797693134862e+308, 4.3358e+02, 2.1864e+01, 
 1DIAGNOSTIC,     6, -3.745161446972e-01, 1.797693134862e+308, 4.5459e+02, 2.1014e+01, 
 1DIAGNOSTIC,     7, -3.751598165898e-01, 1.797693134862e+308, 4.7521e+02, 2.0619e+01, 
 1DIAGNOSTIC,     8, -3.758022402475e-01, 1.797693134862e+308, 4.9588e+02, 2.0670e+01, 
 1DIAGNOSTIC,     9, -3.764011900256e-01, 1.797693134862e+308, 5.1611e+02, 2.0232e+01, 
 1DIAGNOSTIC,    10, -3.769099219259e-01, 1.088688107667e-03, 5.3617e+02, 2.0061e+01, 
 1DIAGNOSTIC,    11, -3.774081001965e-01, 9.455055535963e-04, 5.5606e+02, 1.9890e+01, 
 1DIAGNOSTIC,    12, -3.779042149059e-01, 8.153582762929e-04, 5.7597e+02, 1.9902e+01, 
 1DIAGNOSTIC,    13, -3.783771080639e-01, 7.049526090391e-04, 5.9569e+02, 1.9721e+01, 
 1DIAGNOSTIC,    14, -3.788240191053e-01, 6.118079162842e-04, 6.1558e+02, 1.9891e+01, 
 1DIAGNOSTIC,    15, -3.792552012152e-01, 5.336565458960e-04, 6.3587e+02, 2.0291e+01, 
 1DIAGNOSTIC,    16, -3.796702929795e-01, 4.745658726677e-04, 6.5569e+02, 1.9820e+01, 
 1DIAGNOSTIC,    17, -3.799877450245e-01, 4.211031400101e-04, 6.7602e+02, 2.0334e+01, 
 1DIAGNOSTIC,    18, -3.803445864832e-01, 3.763766704583e-04, 6.9663e+02, 2.0611e+01, 
 1DIAGNOSTIC,    19, -3.806147128535e-01, 3.357997664915e-04, 7.1899e+02, 2.2352e+01, 
 1DIAGNOSTIC,    20, -3.809125536296e-01, 2.983604129047e-04, 7.4133e+02, 2.2340e+01, 
 1DIAGNOSTIC,    21, -3.811259895488e-01, 2.620666353593e-04, 7.6332e+02, 2.1998e+01, 
 1DIAGNOSTIC,    22, -3.813460054456e-01, 2.290664420184e-04, 7.8562e+02, 2.2295e+01, 
 1DIAGNOSTIC,    23, -3.815524742163e-01, 1.996694826691e-04, 8.0792e+02, 2.2299e+01, 
 1DIAGNOSTIC,    24, -3.817141970304e-01, 1.729825284559e-04, 8.3005e+02, 2.2129e+01, 
 1DIAGNOSTIC,    25, -3.818804649087e-01, 1.500965882307e-04, 8.5209e+02, 2.2044e+01, 
 1DIAGNOSTIC,    26, -3.820304417134e-01, 1.311921316806e-04, 8.7407e+02, 2.1977e+01, 
 1DIAGNOSTIC,    27, -3.821494529985e-01, 1.134251741938e-04, 8.9584e+02, 2.1776e+01, 
 1DIAGNOSTIC,    28, -3.822457271488e-01, 9.840164115648e-05, 9.1817e+02, 2.2326e+01, 
 1DIAGNOSTIC,    29, -3.823816046223e-01, 8.562242123963e-05, 9.4048e+02, 2.2306e+01, 
 1DIAGNOSTIC,    30, -3.824789338801e-01, 7.548698738304e-05, 9.6302e+02, 2.2539e+01, 
 1DIAGNOSTIC,    31, -3.825650317328e-01, 6.611909200514e-05, 9.8543e+02, 2.2413e+01, 
 1DIAGNOSTIC,    32, -3.826796093268e-01, 5.894836814526e-05, 1.0078e+03, 2.2385e+01, 
 1DIAGNOSTIC,    33, -3.828069970353e-01, 5.423482503775e-05, 1.0302e+03, 2.2340e+01, 
 1DIAGNOSTIC,    34, -3.829659675054e-01, 5.171250884187e-05, 1.0531e+03, 2.2986e+01, 
 1DIAGNOSTIC,    35, -3.831164176498e-01, 5.119270665824e-05, 1.0766e+03, 2.3436e+01, 
 1DIAGNOSTIC,    36, -3.832812391349e-01, 5.242254545596e-05, 1.0990e+03, 2.2411e+01, 
 1DIAGNOSTIC,    37, -3.834610877051e-01, 5.468231342197e-05, 1.1213e+03, 2.2341e+01, 
 1DIAGNOSTIC,    38, -3.836478732639e-01, 5.717502357966e-05, 1.1422e+03, 2.0904e+01, 
 1DIAGNOSTIC,    39, -3.838348058860e-01, 6.029085936626e-05, 1.1639e+03, 2.1641e+01, 
 1DIAGNOSTIC,    40, -3.840796131254e-01, 6.392738759720e-05, 1.1857e+03, 2.1800e+01, 
 1DIAGNOSTIC,    41, -3.842695698716e-01, 6.631178514604e-05, 1.2076e+03, 2.1904e+01, 
 1DIAGNOSTIC,    42, -3.844423393766e-01, 6.738974839453e-05, 1.2296e+03, 2.2059e+01, 
 1DIAGNOSTIC,    43, -3.846385776757e-01, 6.762588286217e-05, 1.2521e+03, 2.2455e+01, 
 1DIAGNOSTIC,    44, -3.847940341032e-01, 6.672492317756e-05, 1.2741e+03, 2.1993e+01, 
 1DIAGNOSTIC,    45, -3.849780495889e-01, 6.503846243923e-05, 1.2956e+03, 2.1547e+01, 
 1DIAGNOSTIC,    46, -3.851474457112e-01, 6.262407574147e-05, 1.3178e+03, 2.2202e+01, 
 1DIAGNOSTIC,    47, -3.853313987847e-01, 6.011307563942e-05, 1.3390e+03, 2.1142e+01, 
 1DIAGNOSTIC,    48, -3.855374113993e-01, 5.806615851268e-05, 1.3622e+03, 2.3210e+01, 
 1DIAGNOSTIC,    49, -3.857591097487e-01, 5.672766772259e-05, 1.3848e+03, 2.2578e+01, 
 1DIAGNOSTIC,    50, -3.859932436963e-01, 5.714036238316e-05, 1.4081e+03, 2.3344e+01, 
  Elapsed time (stage 2): 1430


Total elapsed time: 1585
EXECUTING epi to T1 coregistration for subject 29332 using:
EPI:  /lustre/scratch/wbic-beta/ccn30/ENCRYPT/gridcellpilot/preprocessed_data/images/29332/topup_Run_1_split0000.nii
T1:  /lustre/scratch/wbic-beta/ccn30/ENCRYPT/gridcellpilot/raw_data/images/29332/20190903_U-ID46058/mp2rage/reorientn4mag0000_PSIR_skulled_std.nii
All_Command_lines_OK
Using double precision for computations.
=============================================================================
The composite transform comprises the following transforms (in order): 
  1. Center of mass alignment using fixed image: /lustre/scratch/wbic-beta/ccn30/ENCRYPT/gridcellpilot/preprocessed_data/images/29332/topup_Run_1_split0000.nii and moving image: /lustre/scratch/wbic-beta/ccn30/ENCRYPT/gridcellpilot/raw_data/images/29332/20190903_U-ID46058/mp2rage/reorientn4mag0000_PSIR_skulled_std.nii (type = Euler3DTransform)
=============================================================================
  number of levels = 4
  number of levels = 1
  fixed image: /lustre/scratch/wbic-beta/ccn30/ENCRYPT/gridcellpilot/preprocessed_data/images/29332/topup_Run_1_split0000.nii
  moving image: /lustre/scratch/wbic-beta/ccn30/ENCRYPT/gridcellpilot/raw_data/images/29332/20190903_U-ID46058/mp2rage/reorientn4mag0000_PSIR_skulled_std.nii
  fixed image: /lustre/scratch/wbic-beta/ccn30/ENCRYPT/gridcellpilot/preprocessed_data/images/29332/topup_Run_1_split0000.nii
  moving image: /lustre/scratch/wbic-beta/ccn30/ENCRYPT/gridcellpilot/raw_data/images/29332/20190903_U-ID46058/mp2rage/reorientn4mag0000_PSIR_skulled_std.nii
Dimension = 3
Number of stages = 2
Use Histogram Matching false
Winsorize image intensities true
Lower quantile = 0.005
Upper quantile = 0.995
Stage 1 State
   Image metric = Mattes
     Fixed image = Image (0x4ec8330)
  RTTI typeinfo:   itk::Image<double, 3u>
  Reference Count: 2
  Modified Time: 1689
  Debug: Off
  Object Name: 
  Observers: 
    none
  Source: (none)
  Source output name: (none)
  Release Data: Off
  Data Released: False
  Global Release Data: Off
  PipelineMTime: 0
  UpdateMTime: 1511
  RealTimeStamp: 0 seconds 
  LargestPossibleRegion: 
    Dimension: 3
    Index: [0, 0, 0]
    Size: [128, 128, 42]
  BufferedRegion: 
    Dimension: 3
    Index: [0, 0, 0]
    Size: [128, 128, 42]
  RequestedRegion: 
    Dimension: 3
    Index: [0, 0, 0]
    Size: [128, 128, 42]
  Spacing: [1.5, 1.5, 1]
  Origin: [-95.2449, 81.0036, 30.6575]
  Direction: 
1 0 0
0 -0.931691 -0.363251
0 -0.363251 0.931691

  IndexToPointMatrix: 
1.5 0 0
0 -1.39754 -0.363251
0 -0.544877 0.931691

  PointToIndexMatrix: 
0.666667 0 0
0 -0.621127 -0.242167
0 -0.363251 0.931691

  Inverse Direction: 
1 0 0
0 -0.931691 -0.363251
0 -0.363251 0.931691

  PixelContainer: 
    ImportImageContainer (0x4ec4480)
      RTTI typeinfo:   itk::ImportImageContainer<unsigned long, double>
      Reference Count: 1
      Modified Time: 1508
      Debug: Off
      Object Name: 
      Observers: 
        none
      Pointer: 0x4ed4aa0
      Container manages memory: true
      Size: 688128
      Capacity: 688128

     Moving image = Image (0x4ec7d50)
  RTTI typeinfo:   itk::Image<double, 3u>
  Reference Count: 2
  Modified Time: 1690
  Debug: Off
  Object Name: 
  Observers: 
    none
  Source: (none)
  Source output name: (none)
  Release Data: Off
  Data Released: False
  Global Release Data: Off
  PipelineMTime: 0
  UpdateMTime: 1687
  RealTimeStamp: 0 seconds 
  LargestPossibleRegion: 
    Dimension: 3
    Index: [0, 0, 0]
    Size: [224, 320, 320]
  BufferedRegion: 
    Dimension: 3
    Index: [0, 0, 0]
    Size: [224, 320, 320]
  RequestedRegion: 
    Dimension: 3
    Index: [0, 0, 0]
    Size: [224, 320, 320]
  Spacing: [0.699997, 0.7, 0.7]
  Origin: [-80.5294, 73.4889, -115.639]
  Direction: 
1 0 0
0 -1 0
0 0 1

  IndexToPointMatrix: 
0.699997 0 0
0 -0.7 0
0 0 0.7

  PointToIndexMatrix: 
1.42858 0 0
0 -1.42857 0
0 0 1.42857

  Inverse Direction: 
1 0 0
0 -1 0
0 0 1

  PixelContainer: 
    ImportImageContainer (0x4ec1b40)
      RTTI typeinfo:   itk::ImportImageContainer<unsigned long, double>
      Reference Count: 1
      Modified Time: 1684
      Debug: Off
      Object Name: 
      Observers: 
        none
      Pointer: 0x2b0e42209010
      Container manages memory: true
      Size: 22937600
      Capacity: 22937600

     Weighting = 1
     Sampling strategy = regular
     Number of bins = 32
     Radius = 4
     Sampling percentage  = 0.2
   Transform = Rigid
     Gradient step = 0.1
     Update field sigma (voxel space) = 0
     Total field sigma (voxel space) = 0
     Update field time sigma = 0
     Total field time sigma  = 0
     Number of time indices = 0
     Number of time point samples = 0
Stage 2 State
   Image metric = CC
     Fixed image = Image (0x4ec8f40)
  RTTI typeinfo:   itk::Image<double, 3u>
  Reference Count: 2
  Modified Time: 2043
  Debug: Off
  Object Name: 
  Observers: 
    none
  Source: (none)
  Source output name: (none)
  Release Data: Off
  Data Released: False
  Global Release Data: Off
  PipelineMTime: 0
  UpdateMTime: 1865
  RealTimeStamp: 0 seconds 
  LargestPossibleRegion: 
    Dimension: 3
    Index: [0, 0, 0]
    Size: [128, 128, 42]
  BufferedRegion: 
    Dimension: 3
    Index: [0, 0, 0]
    Size: [128, 128, 42]
  RequestedRegion: 
    Dimension: 3
    Index: [0, 0, 0]
    Size: [128, 128, 42]
  Spacing: [1.5, 1.5, 1]
  Origin: [-95.2449, 81.0036, 30.6575]
  Direction: 
1 0 0
0 -0.931691 -0.363251
0 -0.363251 0.931691

  IndexToPointMatrix: 
1.5 0 0
0 -1.39754 -0.363251
0 -0.544877 0.931691

  PointToIndexMatrix: 
0.666667 0 0
0 -0.621127 -0.242167
0 -0.363251 0.931691

  Inverse Direction: 
1 0 0
0 -0.931691 -0.363251
0 -0.363251 0.931691

  PixelContainer: 
    ImportImageContainer (0x4ec12e0)
      RTTI typeinfo:   itk::ImportImageContainer<unsigned long, double>
      Reference Count: 1
      Modified Time: 1862
      Debug: Off
      Object Name: 
      Observers: 
        none
      Pointer: 0x541ae50
      Container manages memory: true
      Size: 688128
      Capacity: 688128

     Moving image = Image (0x5414ab0)
  RTTI typeinfo:   itk::Image<double, 3u>
  Reference Count: 2
  Modified Time: 2044
  Debug: Off
  Object Name: 
  Observers: 
    none
  Source: (none)
  Source output name: (none)
  Release Data: Off
  Data Released: False
  Global Release Data: Off
  PipelineMTime: 0
  UpdateMTime: 2041
  RealTimeStamp: 0 seconds 
  LargestPossibleRegion: 
    Dimension: 3
    Index: [0, 0, 0]
    Size: [224, 320, 320]
  BufferedRegion: 
    Dimension: 3
    Index: [0, 0, 0]
    Size: [224, 320, 320]
  RequestedRegion: 
    Dimension: 3
    Index: [0, 0, 0]
    Size: [224, 320, 320]
  Spacing: [0.699997, 0.7, 0.7]
  Origin: [-80.5294, 73.4889, -115.639]
  Direction: 
1 0 0
0 -1 0
0 0 1

  IndexToPointMatrix: 
0.699997 0 0
0 -0.7 0
0 0 0.7

  PointToIndexMatrix: 
1.42858 0 0
0 -1.42857 0
0 0 1.42857

  Inverse Direction: 
1 0 0
0 -1 0
0 0 1

  PixelContainer: 
    ImportImageContainer (0x5414d40)
      RTTI typeinfo:   itk::ImportImageContainer<unsigned long, double>
      Reference Count: 1
      Modified Time: 2038
      Debug: Off
      Object Name: 
      Observers: 
        none
      Pointer: 0x2b0e4d10a010
      Container manages memory: true
      Size: 22937600
      Capacity: 22937600

     Weighting = 1
     Sampling strategy = none
     Number of bins = 32
     Radius = 4
     Sampling percentage  = 1
   Transform = SyN
     Gradient step = 0.1
     Update field sigma (voxel space) = 3
     Total field sigma (voxel space) = 0
     Update field time sigma = 0
     Total field time sigma  = 0
     Number of time indices = 0
     Number of time point samples = 0
Registration using 2 total stages.

Stage 0
  iterations = 1000x500x100x0
  convergence threshold = 1e-06
  convergence window size = 10
  number of levels = 4
  using the Mattes MI metric (number of bins = 32, weight = 1)
  preprocessing:  winsorizing the image intensities
  Shrink factors (level 1 out of 4): [5, 5, 8]
  Shrink factors (level 2 out of 4): [3, 3, 4]
  Shrink factors (level 3 out of 4): [1, 1, 2]
  Shrink factors (level 4 out of 4): [1, 1, 1]
  smoothing sigmas per level: [3, 2, 1, 0]
  regular sampling (percentage = 0.2)

*** Running Euler3DTransform registration ***

DIAGNOSTIC,Iteration,metricValue,convergenceValue,ITERATION_TIME_INDEX,SINCE_LAST
 2DIAGNOSTIC,     1, -3.742845483653e-01, 1.797693134862e+308, 6.6132e+00, 6.6132e+00, 
 2DIAGNOSTIC,     2, -3.765477747534e-01, 1.797693134862e+308, 6.6240e+00, 1.0814e-02, 
 2DIAGNOSTIC,     3, -3.831372541424e-01, 1.797693134862e+308, 6.6386e+00, 1.4617e-02, 
 2DIAGNOSTIC,     4, -3.849318286431e-01, 1.797693134862e+308, 6.6521e+00, 1.3527e-02, 
 2DIAGNOSTIC,     5, -3.856859221773e-01, 1.797693134862e+308, 6.6679e+00, 1.5814e-02, 
 2DIAGNOSTIC,     6, -3.860450773690e-01, 1.797693134862e+308, 6.6832e+00, 1.5223e-02, 
 2DIAGNOSTIC,     7, -3.862676067235e-01, 1.797693134862e+308, 6.6957e+00, 1.2569e-02, 
 2DIAGNOSTIC,     8, -3.863314845273e-01, 1.797693134862e+308, 6.7205e+00, 2.4804e-02, 
 2DIAGNOSTIC,     9, -3.863462310151e-01, 1.797693134862e+308, 6.7322e+00, 1.1648e-02, 
 2DIAGNOSTIC,    10, -3.864015240472e-01, 1.751893762797e-03, 6.7492e+00, 1.7014e-02, 
 2DIAGNOSTIC,    11, -3.865684388265e-01, 9.589101722855e-04, 6.7701e+00, 2.0926e-02, 
 2DIAGNOSTIC,    12, -3.866041036792e-01, 3.448981181039e-04, 6.7865e+00, 1.6353e-02, 
 2DIAGNOSTIC,    13, -3.866610247841e-01, 1.710660298555e-04, 6.8022e+00, 1.5770e-02, 
 2DIAGNOSTIC,    14, -3.870232128767e-01, 1.200981844699e-04, 6.8252e+00, 2.2957e-02, 
 2DIAGNOSTIC,    15, -3.873001008392e-01, 1.151434186541e-04, 6.8423e+00, 1.7071e-02, 
 2DIAGNOSTIC,    16, -3.878105899071e-01, 1.400659852674e-04, 6.8584e+00, 1.6125e-02, 
 2DIAGNOSTIC,    17, -3.944842439817e-01, 4.479590707529e-04, 6.8827e+00, 2.4283e-02, 
 2DIAGNOSTIC,    18, -3.972038482120e-01, 7.859441217368e-04, 6.9083e+00, 2.5601e-02, 
 2DIAGNOSTIC,    19, -3.975883117924e-01, 1.030394205394e-03, 6.9239e+00, 1.5627e-02, 
 2DIAGNOSTIC,    20, -4.006633092163e-01, 1.273024766219e-03, 6.9404e+00, 1.6460e-02, 
 2DIAGNOSTIC,    21, -4.075562861155e-01, 1.616031878161e-03, 6.9564e+00, 1.6060e-02, 
 2DIAGNOSTIC,    22, -4.103396670302e-01, 1.859938634516e-03, 6.9733e+00, 1.6866e-02, 
 2DIAGNOSTIC,    23, -4.242294349726e-01, 2.345460445786e-03, 6.9902e+00, 1.6913e-02, 
 2DIAGNOSTIC,    24, -4.455364617212e-01, 3.209956914324e-03, 7.0062e+00, 1.6019e-02, 
 2DIAGNOSTIC,    25, -5.221429647100e-01, 5.852220458582e-03, 7.0252e+00, 1.8977e-02, 
 2DIAGNOSTIC,    26, -5.781730148184e-01, 9.117772150643e-03, 7.0631e+00, 3.7864e-02, 
 2DIAGNOSTIC,    27, -5.897027778659e-01, 1.163936713651e-02, 7.0782e+00, 1.5167e-02, 
 2DIAGNOSTIC,    28, -5.924134290905e-01, 1.298892115820e-02, 7.0940e+00, 1.5807e-02, 
 2DIAGNOSTIC,    29, -5.897963660452e-01, 1.295783588044e-02, 7.1136e+00, 1.9568e-02, 
 2DIAGNOSTIC,    30, -5.897947330985e-01, 1.176094715634e-02, 7.1333e+00, 1.9706e-02, 
 2DIAGNOSTIC,    31, -5.900579743570e-01, 9.701929477485e-03, 7.1603e+00, 2.6987e-02, 
 2DIAGNOSTIC,    32, -5.901058253015e-01, 6.976534186086e-03, 7.1769e+00, 1.6597e-02, 
 2DIAGNOSTIC,    33, -5.904103918234e-01, 4.112814940923e-03, 7.1919e+00, 1.5009e-02, 
 2DIAGNOSTIC,    34, -5.906108967782e-01, 1.460412651194e-03, 7.2085e+00, 1.6615e-02, 
 2DIAGNOSTIC,    35, -5.907593938630e-01, 2.192498151163e-04, 7.2260e+00, 1.7502e-02, 
 2DIAGNOSTIC,    36, -5.926692693352e-01, 4.243489540284e-05, 7.2421e+00, 1.6033e-02, 
 2DIAGNOSTIC,    37, -5.914117062789e-01, 4.271104380980e-05, 7.2677e+00, 2.5679e-02, 
 2DIAGNOSTIC,    38, -5.918255919231e-01, 9.158868865596e-05, 7.3064e+00, 3.8661e-02, 
 2DIAGNOSTIC,    39, -5.918262812959e-01, 8.795315561853e-05, 7.3224e+00, 1.6033e-02, 
 2DIAGNOSTIC,    40, -5.918307123159e-01, 7.593113129636e-05, 7.3389e+00, 1.6454e-02, 
 2DIAGNOSTIC,    41, -5.918367022549e-01, 6.124899264403e-05, 7.3572e+00, 1.8329e-02, 
 2DIAGNOSTIC,    42, -5.918435126139e-01, 4.261181843142e-05, 7.3741e+00, 1.6915e-02, 
 2DIAGNOSTIC,    43, -5.918501996013e-01, 2.572864715688e-05, 7.3902e+00, 1.6082e-02, 
 2DIAGNOSTIC,    44, -5.918541994150e-01, 1.012970947625e-05, 7.4059e+00, 1.5643e-02, 
DIAGNOSTIC,Iteration,metricValue,convergenceValue,ITERATION_TIME_INDEX,SINCE_LAST
 2DIAGNOSTIC,     1, -2.429908093773e-01, 1.797693134862e+308, 1.1614e+01, 4.2085e+00, 
 2DIAGNOSTIC,     2, -2.450870984957e-01, 1.797693134862e+308, 1.1639e+01, 2.4763e-02, 
 2DIAGNOSTIC,     3, -2.481045660241e-01, 1.797693134862e+308, 1.1667e+01, 2.7968e-02, 
 2DIAGNOSTIC,     4, -2.502969456504e-01, 1.797693134862e+308, 1.1699e+01, 3.2167e-02, 
 2DIAGNOSTIC,     5, -2.522660466304e-01, 1.797693134862e+308, 1.1727e+01, 2.7281e-02, 
 2DIAGNOSTIC,     6, -2.646840424451e-01, 1.797693134862e+308, 1.1761e+01, 3.4245e-02, 
 2DIAGNOSTIC,     7, -2.876256415866e-01, 1.797693134862e+308, 1.1784e+01, 2.3334e-02, 
 2DIAGNOSTIC,     8, -3.202683836183e-01, 1.797693134862e+308, 1.1811e+01, 2.6537e-02, 
 2DIAGNOSTIC,     9, -3.798045187941e-01, 1.797693134862e+308, 1.1850e+01, 3.9083e-02, 
 2DIAGNOSTIC,    10, -3.888504421453e-01, 3.293340124097e-02, 1.1883e+01, 3.3092e-02, 
 2DIAGNOSTIC,    11, -3.920669031085e-01, 3.443485181610e-02, 1.1919e+01, 3.5766e-02, 
 2DIAGNOSTIC,    12, -4.110426470691e-01, 3.409653330347e-02, 1.1956e+01, 3.7658e-02, 
 2DIAGNOSTIC,    13, -4.121531691390e-01, 3.103109351769e-02, 1.1997e+01, 4.1049e-02, 
 2DIAGNOSTIC,    14, -4.125055191083e-01, 2.589919293303e-02, 1.2028e+01, 3.1129e-02, 
 2DIAGNOSTIC,    15, -4.146339940420e-01, 1.955710224298e-02, 1.2065e+01, 3.6169e-02, 
 2DIAGNOSTIC,    16, -4.154919549830e-01, 1.316826423997e-02, 1.2125e+01, 5.9882e-02, 
 2DIAGNOSTIC,    17, -4.155648111985e-01, 7.624406507319e-03, 1.2155e+01, 3.0284e-02, 
 2DIAGNOSTIC,    18, -4.160164916429e-01, 3.583082511884e-03, 1.2184e+01, 2.9478e-02, 
 2DIAGNOSTIC,    19, -4.164303234250e-01, 2.314474192159e-03, 1.2219e+01, 3.4515e-02, 
 2DIAGNOSTIC,    20, -4.164899432373e-01, 1.358002451586e-03, 1.2247e+01, 2.8555e-02, 
 2DIAGNOSTIC,    21, -4.165262064059e-01, 4.877473477628e-04, 1.2306e+01, 5.8396e-02, 
 2DIAGNOSTIC,    22, -4.164631757814e-01, 3.512912779831e-04, 1.2334e+01, 2.8267e-02, 
 2DIAGNOSTIC,    23, -4.164832740405e-01, 2.358818522312e-04, 1.2369e+01, 3.4683e-02, 
 2DIAGNOSTIC,    24, -4.164184670652e-01, 1.172368182981e-04, 1.2399e+01, 3.0399e-02, 
 2DIAGNOSTIC,    25, -4.164511527648e-01, 6.571715373657e-05, 1.2428e+01, 2.9420e-02, 
 2DIAGNOSTIC,    26, -4.164866343261e-01, 3.967234110748e-05, 1.2458e+01, 2.9930e-02, 
 2DIAGNOSTIC,    27, -4.166143348541e-01, 1.775096064263e-05, 1.2493e+01, 3.4771e-02, 
 2DIAGNOSTIC,    28, -4.165929240258e-01, 7.528652434904e-06, 1.2536e+01, 4.2975e-02, 
 2DIAGNOSTIC,    29, -4.167102150661e-01, 1.158653419332e-05, 1.2566e+01, 2.9423e-02, 
 2DIAGNOSTIC,    30, -4.167446756652e-01, 1.667313490474e-05, 1.2602e+01, 3.6500e-02, 
 2DIAGNOSTIC,    31, -4.161865340804e-01, 7.127696833559e-06, 1.2632e+01, 2.9826e-02, 
 2DIAGNOSTIC,    32, -4.181618718453e-01, 4.332209761808e-05, 1.2661e+01, 2.8711e-02, 
 2DIAGNOSTIC,    33, -4.251626369384e-01, 2.322252047933e-04, 1.2719e+01, 5.8023e-02, 
 2DIAGNOSTIC,    34, -4.271424849466e-01, 4.249367183753e-04, 1.2748e+01, 2.9216e-02, 
 2DIAGNOSTIC,    35, -4.272148092748e-01, 5.686759579971e-04, 1.2783e+01, 3.5039e-02, 
 2DIAGNOSTIC,    36, -4.284358589257e-01, 6.784634005802e-04, 1.2812e+01, 2.8754e-02, 
 2DIAGNOSTIC,    37, -4.307316532992e-01, 7.647869998759e-04, 1.2843e+01, 3.1001e-02, 
 2DIAGNOSTIC,    38, -4.322773083823e-01, 7.993467938993e-04, 1.2888e+01, 4.5632e-02, 
 2DIAGNOSTIC,    39, -4.319804272855e-01, 7.520737261359e-04, 1.2917e+01, 2.8936e-02, 
 2DIAGNOSTIC,    40, -4.321267669991e-01, 6.431292969233e-04, 1.2953e+01, 3.5606e-02, 
 2DIAGNOSTIC,    41, -4.321522167416e-01, 4.703260842825e-04, 1.2983e+01, 2.9700e-02, 
 2DIAGNOSTIC,    42, -4.320382343004e-01, 2.904490658580e-04, 1.3017e+01, 3.4076e-02, 
 2DIAGNOSTIC,    43, -4.328101625655e-01, 2.231878603038e-04, 1.3046e+01, 2.9700e-02, 
 2DIAGNOSTIC,    44, -4.335274369321e-01, 1.831855006911e-04, 1.3092e+01, 4.5726e-02, 
 2DIAGNOSTIC,    45, -4.343889293719e-01, 1.428782076034e-04, 1.3127e+01, 3.5250e-02, 
 2DIAGNOSTIC,    46, -4.344077712201e-01, 1.096028702605e-04, 1.3162e+01, 3.4342e-02, 
 2DIAGNOSTIC,    47, -4.349147895845e-01, 1.102342871095e-04, 1.3190e+01, 2.8390e-02, 
 2DIAGNOSTIC,    48, -4.348245275501e-01, 1.221798194025e-04, 1.3237e+01, 4.7465e-02, 
 2DIAGNOSTIC,    49, -4.348619367477e-01, 1.179422939125e-04, 1.3267e+01, 2.9562e-02, 
 2DIAGNOSTIC,    50, -4.349024791085e-01, 1.053520851753e-04, 1.3297e+01, 2.9761e-02, 
 2DIAGNOSTIC,    51, -4.353866834011e-01, 9.068556462000e-05, 1.3332e+01, 3.5574e-02, 
 2DIAGNOSTIC,    52, -4.359709495520e-01, 7.420919074509e-05, 1.3361e+01, 2.8953e-02, 
 2DIAGNOSTIC,    53, -4.366210378943e-01, 7.025849689697e-05, 1.3412e+01, 5.0847e-02, 
 2DIAGNOSTIC,    54, -4.383957023621e-01, 9.243074681532e-05, 1.3440e+01, 2.7973e-02, 
 2DIAGNOSTIC,    55, -4.389977428217e-01, 1.234424610492e-04, 1.3475e+01, 3.4754e-02, 
 2DIAGNOSTIC,    56, -4.387218247191e-01, 1.380648595596e-04, 1.3509e+01, 3.4330e-02, 
 2DIAGNOSTIC,    57, -4.398278225324e-01, 1.594227080639e-04, 1.3544e+01, 3.5087e-02, 
 2DIAGNOSTIC,    58, -4.399806321394e-01, 1.650353937939e-04, 1.3572e+01, 2.7946e-02, 
 2DIAGNOSTIC,    59, -4.406940304580e-01, 1.634532972983e-04, 1.3609e+01, 3.6749e-02, 
 2DIAGNOSTIC,    60, -4.412958105573e-01, 1.536927529802e-04, 1.3656e+01, 4.6623e-02, 
 2DIAGNOSTIC,    61, -4.413728872875e-01, 1.361975702820e-04, 1.3690e+01, 3.4576e-02, 
 2DIAGNOSTIC,    62, -4.413800693618e-01, 1.131236576195e-04, 1.3720e+01, 2.9851e-02, 
 2DIAGNOSTIC,    63, -4.414408088702e-01, 8.743135769244e-05, 1.3768e+01, 4.7646e-02, 
 2DIAGNOSTIC,    64, -4.421158512292e-01, 8.091551022959e-05, 1.3796e+01, 2.8361e-02, 
 2DIAGNOSTIC,    65, -4.420369770492e-01, 7.244249525195e-05, 1.3825e+01, 2.8440e-02, 
 2DIAGNOSTIC,    66, -4.420602563582e-01, 5.454211527983e-05, 1.3853e+01, 2.7983e-02, 
 2DIAGNOSTIC,    67, -4.421069945918e-01, 4.428259979860e-05, 1.3881e+01, 2.8763e-02, 
 2DIAGNOSTIC,    68, -4.423234368815e-01, 3.374313299718e-05, 1.3940e+01, 5.8342e-02, 
 2DIAGNOSTIC,    69, -4.425275956384e-01, 2.927134740214e-05, 1.3968e+01, 2.8625e-02, 
 2DIAGNOSTIC,    70, -4.427387359605e-01, 3.020175891992e-05, 1.4001e+01, 3.2510e-02, 
 2DIAGNOSTIC,    71, -4.425582650703e-01, 2.733971155706e-05, 1.4036e+01, 3.5054e-02, 
 2DIAGNOSTIC,    72, -4.427454022608e-01, 2.398964021445e-05, 1.4084e+01, 4.7784e-02, 
 2DIAGNOSTIC,    73, -4.425986814774e-01, 1.738425520838e-05, 1.4119e+01, 3.5475e-02, 
 2DIAGNOSTIC,    74, -4.424501732458e-01, 1.428812076608e-05, 1.4155e+01, 3.5800e-02, 
 2DIAGNOSTIC,    75, -4.423802736416e-01, 8.624135554127e-06, 1.4189e+01, 3.4451e-02, 
DIAGNOSTIC,Iteration,metricValue,convergenceValue,ITERATION_TIME_INDEX,SINCE_LAST
 2DIAGNOSTIC,     1, -3.525199750158e-01, 1.797693134862e+308, 1.7243e+01, 3.0536e+00, 
 2DIAGNOSTIC,     2, -3.532393965799e-01, 1.797693134862e+308, 1.7481e+01, 2.3783e-01, 
 2DIAGNOSTIC,     3, -3.548144741840e-01, 1.797693134862e+308, 1.7722e+01, 2.4123e-01, 
 2DIAGNOSTIC,     4, -3.568767130758e-01, 1.797693134862e+308, 1.7948e+01, 2.2639e-01, 
 2DIAGNOSTIC,     5, -3.601385453260e-01, 1.797693134862e+308, 1.8212e+01, 2.6317e-01, 
 2DIAGNOSTIC,     6, -3.670287514825e-01, 1.797693134862e+308, 1.8445e+01, 2.3350e-01, 
 2DIAGNOSTIC,     7, -3.702382401636e-01, 1.797693134862e+308, 1.8718e+01, 2.7314e-01, 
 2DIAGNOSTIC,     8, -3.753494453951e-01, 1.797693134862e+308, 1.8990e+01, 2.7172e-01, 
 2DIAGNOSTIC,     9, -3.797239617695e-01, 1.797693134862e+308, 1.9319e+01, 3.2878e-01, 
 2DIAGNOSTIC,    10, -3.805860525075e-01, 5.686377980477e-03, 1.9592e+01, 2.7299e-01, 
 2DIAGNOSTIC,    11, -3.817601934080e-01, 5.268604364340e-03, 1.9872e+01, 2.8025e-01, 
 2DIAGNOSTIC,    12, -3.834161492481e-01, 4.602621209648e-03, 2.0238e+01, 3.6629e-01, 
 2DIAGNOSTIC,    13, -3.834017020532e-01, 3.719048586012e-03, 2.0522e+01, 2.8337e-01, 
 2DIAGNOSTIC,    14, -3.834799497939e-01, 2.746100681460e-03, 2.0803e+01, 2.8093e-01, 
 2DIAGNOSTIC,    15, -3.835640237669e-01, 1.823735759003e-03, 2.1091e+01, 2.8824e-01, 
 2DIAGNOSTIC,    16, -3.835629067959e-01, 1.183167968685e-03, 2.1370e+01, 2.7875e-01, 
 2DIAGNOSTIC,    17, -3.835373305653e-01, 6.496139239787e-04, 2.1645e+01, 2.7552e-01, 
 2DIAGNOSTIC,    18, -3.834999383902e-01, 3.277141078481e-04, 2.1963e+01, 3.1781e-01, 
 2DIAGNOSTIC,    19, -3.834714879881e-01, 1.850224765673e-04, 2.2237e+01, 2.7431e-01, 
 2DIAGNOSTIC,    20, -3.834602832647e-01, 7.166110736188e-05, 2.2514e+01, 2.7639e-01, 
 2DIAGNOSTIC,    21, -3.834309263704e-01, 2.485316547569e-06, 2.2838e+01, 3.2460e-01, 
DIAGNOSTIC,Iteration,metricValue,convergenceValue,ITERATION_TIME_INDEX,SINCE_LAST
 2DIAGNOSTIC,     1, -3.267274601372e-01, 1.797693134862e+308, 2.5038e+01, 2.2000e+00, 
  Elapsed time (stage 0): 2.6299e+01


Stage 1
  iterations = 10
  convergence threshold = 1.0000e-06
  convergence window size = 10
  number of levels = 1
  using the CC metric (radius = 4, weight = 1.0000e+00)
  preprocessing:  winsorizing the image intensities
  Shrink factors (level 1 out of 1): [1, 1, 1]
  smoothing sigmas per level: [0]
  Using default NONE metricSamplingStrategy 

*** Running SyN registration (varianceForUpdateField = 3.0000e+00, varianceForTotalField = 0.0000e+00) ***

XXDIAGNOSTIC,Iteration,metricValue,convergenceValue,ITERATION_TIME_INDEX,SINCE_LAST
 1DIAGNOSTIC,     1, -2.895082318473e-01, 1.797693134862e+308, 3.4210e+01, 3.4210e+01, 
 1DIAGNOSTIC,     2, -2.916270992939e-01, 1.797693134862e+308, 6.6796e+01, 3.2587e+01, 
 1DIAGNOSTIC,     3, -2.936408721172e-01, 1.797693134862e+308, 9.9048e+01, 3.2251e+01, 
 1DIAGNOSTIC,     4, -2.956337120576e-01, 1.797693134862e+308, 1.3200e+02, 3.2955e+01, 
 1DIAGNOSTIC,     5, -2.976342010647e-01, 1.797693134862e+308, 1.6486e+02, 3.2857e+01, 
 1DIAGNOSTIC,     6, -2.996622038471e-01, 1.797693134862e+308, 1.9739e+02, 3.2526e+01, 
 1DIAGNOSTIC,     7, -3.015236157990e-01, 1.797693134862e+308, 2.3015e+02, 3.2765e+01, 
 1DIAGNOSTIC,     8, -3.032910649257e-01, 1.797693134862e+308, 2.6283e+02, 3.2681e+01, 
 1DIAGNOSTIC,     9, -3.049439541656e-01, 1.797693134862e+308, 2.9577e+02, 3.2936e+01, 
 1DIAGNOSTIC,    10, -3.064941458087e-01, 3.668230825217e-03, 3.2859e+02, 3.2822e+01, 
  Elapsed time (stage 1): 329.9


Total elapsed time: 356.3
>> EPI_REG OK: subject 29332/run 
mkdir: cannot create directory ‘/lustre/scratch/wbic-beta/ccn30/ENCRYPT/gridcellpilot/preprocessed_data/segmentation/29332/epimasks’: File exists
Making EPI Mask directory
EXECUTING T2 mask to EPI space transformation for subject 29332
Using double precision for computations.
Input scalar image: /lustre/scratch/wbic-beta/ccn30/ENCRYPT/gridcellpilot/preprocessed_data/segmentation/29332/ASHS_corinputs/final/29332_3_left_lfseg_corr_nogray.nii.gz
Reference image: /lustre/scratch/wbic-beta/ccn30/ENCRYPT/gridcellpilot/preprocessed_data/images/29332/topup_Run_1_split0000.nii
=============================================================================
The composite transform comprises the following transforms (in order): 
  1. inverse of T1toT2_ANTS_0GenericAffine.mat (type = AffineTransform)
  2. T1toT2_ANTS_1InverseWarp.nii.gz (type = DisplacementFieldTransform)
  3. T1toEPI_ANTS_0GenericAffine.mat (type = AffineTransform)
  4. T1toEPI_ANTS_1Warp.nii.gz (type = DisplacementFieldTransform)
=============================================================================
Default pixel value: 0
Interpolation type: LabelImageGaussianInterpolateImageFunction
Output warped image: /lustre/scratch/wbic-beta/ccn30/ENCRYPT/gridcellpilot/preprocessed_data/segmentation/29332/epimasks/LeftMTLmaskWarped_SyN.nii.gz
Using double precision for computations.
Input scalar image: /lustre/scratch/wbic-beta/ccn30/ENCRYPT/gridcellpilot/preprocessed_data/segmentation/29332/ASHS_corinputs/final/29332_3_right_lfseg_corr_nogray.nii.gz
Reference image: /lustre/scratch/wbic-beta/ccn30/ENCRYPT/gridcellpilot/preprocessed_data/images/29332/topup_Run_1_split0000.nii
=============================================================================
The composite transform comprises the following transforms (in order): 
  1. inverse of T1toT2_ANTS_0GenericAffine.mat (type = AffineTransform)
  2. T1toT2_ANTS_1InverseWarp.nii.gz (type = DisplacementFieldTransform)
  3. T1toEPI_ANTS_0GenericAffine.mat (type = AffineTransform)
  4. T1toEPI_ANTS_1Warp.nii.gz (type = DisplacementFieldTransform)
=============================================================================
Default pixel value: 0
Interpolation type: LabelImageGaussianInterpolateImageFunction
Output warped image: /lustre/scratch/wbic-beta/ccn30/ENCRYPT/gridcellpilot/preprocessed_data/segmentation/29332/epimasks/RightMTLmaskWarped_SyN.nii.gz
Using double precision for computations.
Input scalar image: /lustre/scratch/wbic-beta/ccn30/ENCRYPT/gridcellpilot/preprocessed_data/segmentation/29332/ASHS_corinputs/final/29332_3_left_lfseg_corr_nogray.nii.gz
Reference image: /lustre/scratch/wbic-beta/ccn30/ENCRYPT/gridcellpilot/preprocessed_data/images/29332/topup_Run_1_split0000.nii
=============================================================================
The composite transform comprises the following transforms (in order): 
  1. inverse of T1toT2_ANTS_0GenericAffine.mat (type = AffineTransform)
  2. T1toEPI_ANTS_0GenericAffine.mat (type = AffineTransform)
=============================================================================
Default pixel value: 0
Interpolation type: LabelImageGaussianInterpolateImageFunction
Output warped image: /lustre/scratch/wbic-beta/ccn30/ENCRYPT/gridcellpilot/preprocessed_data/segmentation/29332/epimasks/LeftMTLmaskWarped_affine.nii.gz
Using double precision for computations.
Input scalar image: /lustre/scratch/wbic-beta/ccn30/ENCRYPT/gridcellpilot/preprocessed_data/segmentation/29332/ASHS_corinputs/final/29332_3_right_lfseg_corr_nogray.nii.gz
Reference image: /lustre/scratch/wbic-beta/ccn30/ENCRYPT/gridcellpilot/preprocessed_data/images/29332/topup_Run_1_split0000.nii
=============================================================================
The composite transform comprises the following transforms (in order): 
  1. inverse of T1toT2_ANTS_0GenericAffine.mat (type = AffineTransform)
  2. T1toEPI_ANTS_0GenericAffine.mat (type = AffineTransform)
=============================================================================
Default pixel value: 0
Interpolation type: LabelImageGaussianInterpolateImageFunction
Output warped image: /lustre/scratch/wbic-beta/ccn30/ENCRYPT/gridcellpilot/preprocessed_data/segmentation/29332/epimasks/RightMTLmaskWarped_affine.nii.gz
>> EC MASKS FAILED TRANSFORMATION: subject 29332
