Changed directory to /lustre/scratch/wbic-beta/ccn30/ENCRYPT/gridcellpilot/scripts/coregistration/slurmoutputs.

JobID: 4036292
======
Time: Thu Oct 10 13:56:10 BST 2019
Running on master node: wbic-cs-1
Current directory: /lustre/scratch/wbic-beta/ccn30/ENCRYPT/gridcellpilot/scripts/coregistration/slurmoutputs

Nodes allocated:
================
wbic-cs-1

numtasks=1, numnodes=1, mpi_tasks_per_node=1 (OMP_NUM_THREADS=1)

Executing command:
==================
/lustre/scratch/wbic-beta/ccn30/ENCRYPT/gridcellpilot/scripts/coregistration/t2coreg.sh /lustre/scratch/wbic-beta/ccn30/ENCRYPT/gridcellpilot 28428/20190903_U-ID46074

28428
/lustre/scratch/wbic-beta/ccn30/ENCRYPT/gridcellpilot/preprocessed_data/segmentation/28428
/lustre/scratch/wbic-beta/ccn30/ENCRYPT/gridcellpilot/scripts/coregistration/t2coreg.sh: line 24: N4BiasFieldCorrection: command not found
Ran N4BiasFieldCorrection -- /lustre/scratch/wbic-beta/ccn30/ENCRYPT/gridcellpilot/raw_data/images/28428/20190903_U-ID46074/Series_033_Highresolution_TSE_PAT2_100/N4rSeries_033_Highresolution_TSE_PAT2_100_c32.nii
EXECUTING t2 to t1 coreg in /lustre/scratch/wbic-beta/ccn30/ENCRYPT/gridcellpilot/preprocessed_data/segmentation/28428/coregistration
Image Exception : #22 :: ERROR: Could not open image /lustre/scratch/wbic-beta/ccn30/ENCRYPT/gridcellpilot/raw_data/images/28428/20190903_U-ID46074/Series_033_Highresolution_TSE_PAT2_100/N4rSeries_033_Highresolution_TSE_PAT2_100_c32
terminate called after throwing an instance of 'RBD_COMMON::BaseException'
/lustre/scratch/wbic-beta/ccn30/ENCRYPT/gridcellpilot/scripts/coregistration/t2coreg.sh: line 38: 31381 Aborted                 (core dumped) flirt -in ${N4rT2} -ref ${T1path}/reorientn4mag0000_PSIR_skulled_std_struc_brain.nii -dof 6 -out ${coregdir}/t22t1_CorRatio_reorientN4_${this_run}.nii -omat ${coregdir}/t22t1_CorRatio_reorientN4_${this_run}.mat
>> CORR_RATIO T2REF FAIL: subject 28428/run 1
