Changed directory to /lustre/scratch/wbic-beta/ccn30/ENCRYPT/fMRI/gridcellpilot/scripts/coregistration/slurmoutputs.

JobID: 6248627
======
Time: Tue Feb  9 15:21:36 GMT 2021
Running on master node: wbic-csm-1
Current directory: /lustre/scratch/wbic-beta/ccn30/ENCRYPT/fMRI/gridcellpilot/scripts/coregistration/slurmoutputs

Nodes allocated:
================
wbic-csm-1

numtasks=1, numnodes=1, mpi_tasks_per_node=1 (OMP_NUM_THREADS=1)

Executing command:
==================
/lustre/scratch/wbic-beta/ccn30/ENCRYPT/fMRI/gridcellpilot/scripts/coregistration/coreg_MasksxEPI.sh 28428/20190903_U-ID46074

******** starting 28428 ********

--------------------------------------------------------------------------------------
 Mapping parameters
--------------------------------------------------------------------------------------
 ANTSPATH is /applications/ANTS/ANTs-2.3.4/install/bin/

 Dimensionality:           3
 Output name prefix:       /lustre/scratch/wbic-beta/ccn30/ENCRYPT/fMRI/gridcellpilot/preprocessed_data/segmentation/28428/coregistration/T1xStudyTemplate_
 Fixed images:             /home/ccn30/ENCRYPT/atlases/templates/ECtemplatemasks2015/Study_template_wholeBrain.nii
 Moving images:            /lustre/scratch/wbic-beta/ccn30/ENCRYPT/fMRI/gridcellpilot/raw_data/images/28428/20190903_U-ID46074/mp2rage/denoiseRn4mag0000_PSIR_skulled_std.nii
 Mask images:              
 Initial transforms:       
 Number of threads:        1
 Spline distance:          26
 Transform type:           s
 CC radius:                4
 Precision:                d
 Use histogram matching    0
======================================================================================
 antsRegistration call:
--------------------------------------------------------------------------------------
/applications/ANTS/ANTs-2.3.4/install/bin//antsRegistration --verbose 1 --dimensionality 3 --float 0 --collapse-output-transforms 1 --output [ /lustre/scratch/wbic-beta/ccn30/ENCRYPT/fMRI/gridcellpilot/preprocessed_data/segmentation/28428/coregistration/T1xStudyTemplate_,/lustre/scratch/wbic-beta/ccn30/ENCRYPT/fMRI/gridcellpilot/preprocessed_data/segmentation/28428/coregistration/T1xStudyTemplate_Warped.nii.gz,/lustre/scratch/wbic-beta/ccn30/ENCRYPT/fMRI/gridcellpilot/preprocessed_data/segmentation/28428/coregistration/T1xStudyTemplate_InverseWarped.nii.gz ] --interpolation Linear --use-histogram-matching 0 --winsorize-image-intensities [ 0.005,0.995 ] --initial-moving-transform [ /home/ccn30/ENCRYPT/atlases/templates/ECtemplatemasks2015/Study_template_wholeBrain.nii,/lustre/scratch/wbic-beta/ccn30/ENCRYPT/fMRI/gridcellpilot/raw_data/images/28428/20190903_U-ID46074/mp2rage/denoiseRn4mag0000_PSIR_skulled_std.nii,1 ] --transform Rigid[ 0.1 ] --metric MI[ /home/ccn30/ENCRYPT/atlases/templates/ECtemplatemasks2015/Study_template_wholeBrain.nii,/lustre/scratch/wbic-beta/ccn30/ENCRYPT/fMRI/gridcellpilot/raw_data/images/28428/20190903_U-ID46074/mp2rage/denoiseRn4mag0000_PSIR_skulled_std.nii,1,32,Regular,0.25 ] --convergence [ 1000x500x250x100,1e-6,10 ] --shrink-factors 12x8x4x2 --smoothing-sigmas 4x3x2x1vox --transform Affine[ 0.1 ] --metric MI[ /home/ccn30/ENCRYPT/atlases/templates/ECtemplatemasks2015/Study_template_wholeBrain.nii,/lustre/scratch/wbic-beta/ccn30/ENCRYPT/fMRI/gridcellpilot/raw_data/images/28428/20190903_U-ID46074/mp2rage/denoiseRn4mag0000_PSIR_skulled_std.nii,1,32,Regular,0.25 ] --convergence [ 1000x500x250x100,1e-6,10 ] --shrink-factors 12x8x4x2 --smoothing-sigmas 4x3x2x1vox --transform SyN[ 0.1,3,0 ] --metric CC[ /home/ccn30/ENCRYPT/atlases/templates/ECtemplatemasks2015/Study_template_wholeBrain.nii,/lustre/scratch/wbic-beta/ccn30/ENCRYPT/fMRI/gridcellpilot/raw_data/images/28428/20190903_U-ID46074/mp2rage/denoiseRn4mag0000_PSIR_skulled_std.nii,1,4 ] --convergence [ 100x100x70x50x20,1e-6,10 ] --shrink-factors 10x6x4x2x1 --smoothing-sigmas 5x3x2x1x0vox
--------------------------------------------------------------------------------------
All_Command_lines_OK
Using double precision for computations.
=============================================================================
The composite transform comprises the following transforms (in order): 
  1. Center of mass alignment using fixed image: /home/ccn30/ENCRYPT/atlases/templates/ECtemplatemasks2015/Study_template_wholeBrain.nii and moving image: /lustre/scratch/wbic-beta/ccn30/ENCRYPT/fMRI/gridcellpilot/raw_data/images/28428/20190903_U-ID46074/mp2rage/denoiseRn4mag0000_PSIR_skulled_std.nii (type = Euler3DTransform)
=============================================================================
  number of levels = 4
  number of levels = 4
  number of levels = 5
  fixed image: /home/ccn30/ENCRYPT/atlases/templates/ECtemplatemasks2015/Study_template_wholeBrain.nii
  moving image: /lustre/scratch/wbic-beta/ccn30/ENCRYPT/fMRI/gridcellpilot/raw_data/images/28428/20190903_U-ID46074/mp2rage/denoiseRn4mag0000_PSIR_skulled_std.nii
  fixed image: /home/ccn30/ENCRYPT/atlases/templates/ECtemplatemasks2015/Study_template_wholeBrain.nii
  moving image: /lustre/scratch/wbic-beta/ccn30/ENCRYPT/fMRI/gridcellpilot/raw_data/images/28428/20190903_U-ID46074/mp2rage/denoiseRn4mag0000_PSIR_skulled_std.nii
  fixed image: /home/ccn30/ENCRYPT/atlases/templates/ECtemplatemasks2015/Study_template_wholeBrain.nii
  moving image: /lustre/scratch/wbic-beta/ccn30/ENCRYPT/fMRI/gridcellpilot/raw_data/images/28428/20190903_U-ID46074/mp2rage/denoiseRn4mag0000_PSIR_skulled_std.nii
Dimension = 3
Number of stages = 3
Use Histogram Matching false
Winsorize image intensities true
Lower quantile = 0.005
Upper quantile = 0.995
Stage 1 State
   Image metric = Mattes
     Fixed image = Image (0x42d1550)
  RTTI typeinfo:   itk::Image<double, 3u>
  Reference Count: 2
  Modified Time: 1735
  Debug: Off
  Object Name: 
  Observers: 
    none
  Source: (none)
  Source output name: (none)
  Release Data: Off
  Data Released: False
  Global Release Data: Off
  PipelineMTime: 0
  UpdateMTime: 1518
  RealTimeStamp: 0 seconds 
  LargestPossibleRegion: 
    Dimension: 3
    Index: [0, 0, 0]
    Size: [384, 384, 288]
  BufferedRegion: 
    Dimension: 3
    Index: [0, 0, 0]
    Size: [384, 384, 288]
  RequestedRegion: 
    Dimension: 3
    Index: [0, 0, 0]
    Size: [384, 384, 288]
  Spacing: [0.598958, 0.598958, 0.599937]
  Origin: [85.9044, -155.274, 91.0901]
  Direction: 
-0 0 -1
1 -0 0
0 -1 0

  IndexToPointMatrix: 
0 0 -0.599937
0.598958 0 0
0 -0.598958 0

  PointToIndexMatrix: 
0 1.66957 0
0 0 -1.66957
-1.66684 0 0

  Inverse Direction: 
0 1 0
0 0 -1
-1 0 0

  PixelContainer: 
    ImportImageContainer (0x42d6880)
      RTTI typeinfo:   itk::ImportImageContainer<unsigned long, double>
      Reference Count: 1
      Modified Time: 1515
      Debug: Off
      Object Name: 
      Observers: 
        none
      Pointer: 0x2b25cb831010
      Container manages memory: true
      Size: 42467328
      Capacity: 42467328

     Moving image = Image (0x42cf2f0)
  RTTI typeinfo:   itk::Image<double, 3u>
  Reference Count: 2
  Modified Time: 1736
  Debug: Off
  Object Name: 
  Observers: 
    none
  Source: (none)
  Source output name: (none)
  Release Data: Off
  Data Released: False
  Global Release Data: Off
  PipelineMTime: 0
  UpdateMTime: 1733
  RealTimeStamp: 0 seconds 
  LargestPossibleRegion: 
    Dimension: 3
    Index: [0, 0, 0]
    Size: [224, 320, 320]
  BufferedRegion: 
    Dimension: 3
    Index: [0, 0, 0]
    Size: [224, 320, 320]
  RequestedRegion: 
    Dimension: 3
    Index: [0, 0, 0]
    Size: [224, 320, 320]
  Spacing: [0.699997, 0.7, 0.7]
  Origin: [-80.5294, 75.3484, -113.779]
  Direction: 
1 0 0
0 -1 0
0 0 1

  IndexToPointMatrix: 
0.699997 0 0
0 -0.7 0
0 0 0.7

  PointToIndexMatrix: 
1.42858 0 0
0 -1.42857 0
0 0 1.42857

  Inverse Direction: 
1 0 0
0 -1 0
0 0 1

  PixelContainer: 
    ImportImageContainer (0x42dd3f0)
      RTTI typeinfo:   itk::ImportImageContainer<unsigned long, double>
      Reference Count: 1
      Modified Time: 1730
      Debug: Off
      Object Name: 
      Observers: 
        none
      Pointer: 0x2b25dfc32010
      Container manages memory: true
      Size: 22937600
      Capacity: 22937600

     Weighting = 1
     Sampling strategy = regular
     Number of bins = 32
     Radius = 4
     Sampling percentage  = 0.25
   Transform = Rigid
     Gradient step = 0.1
     Update field sigma (voxel space) = 0
     Total field sigma (voxel space) = 0
     Update field time sigma = 0
     Total field time sigma  = 0
     Number of time indices = 0
     Number of time point samples = 0
Stage 2 State
   Image metric = Mattes
     Fixed image = Image (0x42d1860)
  RTTI typeinfo:   itk::Image<double, 3u>
  Reference Count: 2
  Modified Time: 2167
  Debug: Off
  Object Name: 
  Observers: 
    none
  Source: (none)
  Source output name: (none)
  Release Data: Off
  Data Released: False
  Global Release Data: Off
  PipelineMTime: 0
  UpdateMTime: 1950
  RealTimeStamp: 0 seconds 
  LargestPossibleRegion: 
    Dimension: 3
    Index: [0, 0, 0]
    Size: [384, 384, 288]
  BufferedRegion: 
    Dimension: 3
    Index: [0, 0, 0]
    Size: [384, 384, 288]
  RequestedRegion: 
    Dimension: 3
    Index: [0, 0, 0]
    Size: [384, 384, 288]
  Spacing: [0.598958, 0.598958, 0.599937]
  Origin: [85.9044, -155.274, 91.0901]
  Direction: 
-0 0 -1
1 -0 0
0 -1 0

  IndexToPointMatrix: 
0 0 -0.599937
0.598958 0 0
0 -0.598958 0

  PointToIndexMatrix: 
0 1.66957 0
0 0 -1.66957
-1.66684 0 0

  Inverse Direction: 
0 1 0
0 0 -1
-1 0 0

  PixelContainer: 
    ImportImageContainer (0x42d9be0)
      RTTI typeinfo:   itk::ImportImageContainer<unsigned long, double>
      Reference Count: 1
      Modified Time: 1947
      Debug: Off
      Object Name: 
      Observers: 
        none
      Pointer: 0x2b25eab33010
      Container manages memory: true
      Size: 42467328
      Capacity: 42467328

     Moving image = Image (0x42d1af0)
  RTTI typeinfo:   itk::Image<double, 3u>
  Reference Count: 2
  Modified Time: 2168
  Debug: Off
  Object Name: 
  Observers: 
    none
  Source: (none)
  Source output name: (none)
  Release Data: Off
  Data Released: False
  Global Release Data: Off
  PipelineMTime: 0
  UpdateMTime: 2165
  RealTimeStamp: 0 seconds 
  LargestPossibleRegion: 
    Dimension: 3
    Index: [0, 0, 0]
    Size: [224, 320, 320]
  BufferedRegion: 
    Dimension: 3
    Index: [0, 0, 0]
    Size: [224, 320, 320]
  RequestedRegion: 
    Dimension: 3
    Index: [0, 0, 0]
    Size: [224, 320, 320]
  Spacing: [0.699997, 0.7, 0.7]
  Origin: [-80.5294, 75.3484, -113.779]
  Direction: 
1 0 0
0 -1 0
0 0 1

  IndexToPointMatrix: 
0.699997 0 0
0 -0.7 0
0 0 0.7

  PointToIndexMatrix: 
1.42858 0 0
0 -1.42857 0
0 0 1.42857

  Inverse Direction: 
1 0 0
0 -1 0
0 0 1

  PixelContainer: 
    ImportImageContainer (0x42e6f10)
      RTTI typeinfo:   itk::ImportImageContainer<unsigned long, double>
      Reference Count: 1
      Modified Time: 2162
      Debug: Off
      Object Name: 
      Observers: 
        none
      Pointer: 0x2b25fef34010
      Container manages memory: true
      Size: 22937600
      Capacity: 22937600

     Weighting = 1
     Sampling strategy = regular
     Number of bins = 32
     Radius = 4
     Sampling percentage  = 0.25
   Transform = Affine
     Gradient step = 0.1
     Update field sigma (voxel space) = 0
     Total field sigma (voxel space) = 0
     Update field time sigma = 0
     Total field time sigma  = 0
     Number of time indices = 0
     Number of time point samples = 0
Stage 3 State
   Image metric = CC
     Fixed image = Image (0x42e4df0)
  RTTI typeinfo:   itk::Image<double, 3u>
  Reference Count: 2
  Modified Time: 2599
  Debug: Off
  Object Name: 
  Observers: 
    none
  Source: (none)
  Source output name: (none)
  Release Data: Off
  Data Released: False
  Global Release Data: Off
  PipelineMTime: 0
  UpdateMTime: 2382
  RealTimeStamp: 0 seconds 
  LargestPossibleRegion: 
    Dimension: 3
    Index: [0, 0, 0]
    Size: [384, 384, 288]
  BufferedRegion: 
    Dimension: 3
    Index: [0, 0, 0]
    Size: [384, 384, 288]
  RequestedRegion: 
    Dimension: 3
    Index: [0, 0, 0]
    Size: [384, 384, 288]
  Spacing: [0.598958, 0.598958, 0.599937]
  Origin: [85.9044, -155.274, 91.0901]
  Direction: 
-0 0 -1
1 -0 0
0 -1 0

  IndexToPointMatrix: 
0 0 -0.599937
0.598958 0 0
0 -0.598958 0

  PointToIndexMatrix: 
0 1.66957 0
0 0 -1.66957
-1.66684 0 0

  Inverse Direction: 
0 1 0
0 0 -1
-1 0 0

  PixelContainer: 
    ImportImageContainer (0x42e7ae0)
      RTTI typeinfo:   itk::ImportImageContainer<unsigned long, double>
      Reference Count: 1
      Modified Time: 2379
      Debug: Off
      Object Name: 
      Observers: 
        none
      Pointer: 0x2b2609e35010
      Container manages memory: true
      Size: 42467328
      Capacity: 42467328

     Moving image = Image (0x42df700)
  RTTI typeinfo:   itk::Image<double, 3u>
  Reference Count: 2
  Modified Time: 2600
  Debug: Off
  Object Name: 
  Observers: 
    none
  Source: (none)
  Source output name: (none)
  Release Data: Off
  Data Released: False
  Global Release Data: Off
  PipelineMTime: 0
  UpdateMTime: 2597
  RealTimeStamp: 0 seconds 
  LargestPossibleRegion: 
    Dimension: 3
    Index: [0, 0, 0]
    Size: [224, 320, 320]
  BufferedRegion: 
    Dimension: 3
    Index: [0, 0, 0]
    Size: [224, 320, 320]
  RequestedRegion: 
    Dimension: 3
    Index: [0, 0, 0]
    Size: [224, 320, 320]
  Spacing: [0.699997, 0.7, 0.7]
  Origin: [-80.5294, 75.3484, -113.779]
  Direction: 
1 0 0
0 -1 0
0 0 1

  IndexToPointMatrix: 
0.699997 0 0
0 -0.7 0
0 0 0.7

  PointToIndexMatrix: 
1.42858 0 0
0 -1.42857 0
0 0 1.42857

  Inverse Direction: 
1 0 0
0 -1 0
0 0 1

  PixelContainer: 
    ImportImageContainer (0x42e6350)
      RTTI typeinfo:   itk::ImportImageContainer<unsigned long, double>
      Reference Count: 1
      Modified Time: 2594
      Debug: Off
      Object Name: 
      Observers: 
        none
      Pointer: 0x2b261e236010
      Container manages memory: true
      Size: 22937600
      Capacity: 22937600

     Weighting = 1
     Sampling strategy = none
     Number of bins = 32
     Radius = 4
     Sampling percentage  = 1
   Transform = SyN
     Gradient step = 0.1
     Update field sigma (voxel space) = 3
     Total field sigma (voxel space) = 0
     Update field time sigma = 0
     Total field time sigma  = 0
     Number of time indices = 0
     Number of time point samples = 0
Registration using 3 total stages.

Stage 0
  iterations = 1000x500x250x100
  convergence threshold = 1e-06
  convergence window size = 10
  number of levels = 4
  using the Mattes MI metric (number of bins = 32, weight = 1)
  preprocessing:  winsorizing the image intensities
  Shrink factors (level 1 out of 4): [12, 12, 12]
  Shrink factors (level 2 out of 4): [8, 8, 8]
  Shrink factors (level 3 out of 4): [4, 4, 4]
  Shrink factors (level 4 out of 4): [2, 2, 2]
  smoothing sigmas per level: [4, 3, 2, 1]
  regular sampling (percentage = 0.25)

*** Running Euler3DTransform registration ***

DIAGNOSTIC,Iteration,metricValue,convergenceValue,ITERATION_TIME_INDEX,SINCE_LAST
 2DIAGNOSTIC,     1, -4.940162526931e-01, 1.797693134862e+308, 8.1348e+00, 8.1348e+00, 
 2DIAGNOSTIC,     2, -4.968548693266e-01, 1.797693134862e+308, 8.1524e+00, 1.7619e-02, 
 2DIAGNOSTIC,     3, -5.014945093663e-01, 1.797693134862e+308, 8.1691e+00, 1.6740e-02, 
 2DIAGNOSTIC,     4, -5.071947460467e-01, 1.797693134862e+308, 8.1863e+00, 1.7150e-02, 
 2DIAGNOSTIC,     5, -5.154301580926e-01, 1.797693134862e+308, 8.2037e+00, 1.7441e-02, 
 2DIAGNOSTIC,     6, -5.267378408711e-01, 1.797693134862e+308, 8.2221e+00, 1.8432e-02, 
 2DIAGNOSTIC,     7, -5.435378194145e-01, 1.797693134862e+308, 8.2421e+00, 2.0002e-02, 
 2DIAGNOSTIC,     8, -5.845958786625e-01, 1.797693134862e+308, 8.2639e+00, 2.1737e-02, 
 2DIAGNOSTIC,     9, -5.937012133043e-01, 1.797693134862e+308, 8.2845e+00, 2.0633e-02, 
 2DIAGNOSTIC,    10, -5.957512401363e-01, 1.397819308525e-02, 8.3061e+00, 2.1594e-02, 
 2DIAGNOSTIC,    11, -5.963724294614e-01, 1.325322698550e-02, 8.3245e+00, 1.8366e-02, 
 2DIAGNOSTIC,    12, -5.985491510243e-01, 1.168473918738e-02, 8.3438e+00, 1.9309e-02, 
 2DIAGNOSTIC,    13, -6.025995701791e-01, 9.644080956552e-03, 8.3656e+00, 2.1829e-02, 
 2DIAGNOSTIC,    14, -6.072184364553e-01, 7.415990023272e-03, 8.3870e+00, 2.1354e-02, 
 2DIAGNOSTIC,    15, -6.090978487720e-01, 5.195377768329e-03, 8.4080e+00, 2.1011e-02, 
 2DIAGNOSTIC,    16, -6.092369934887e-01, 3.170990214303e-03, 8.4281e+00, 2.0085e-02, 
 2DIAGNOSTIC,    17, -6.092262312432e-01, 1.581509099596e-03, 8.4493e+00, 2.1265e-02, 
 2DIAGNOSTIC,    18, -6.097064757656e-01, 1.185864393869e-03, 8.4676e+00, 1.8229e-02, 
 2DIAGNOSTIC,    19, -6.101230257322e-01, 9.724951905253e-04, 8.4855e+00, 1.7990e-02, 
 2DIAGNOSTIC,    20, -6.106471463367e-01, 7.565263305678e-04, 8.5178e+00, 3.2296e-02, 
 2DIAGNOSTIC,    21, -6.109394437373e-01, 5.151411657638e-04, 8.5385e+00, 2.0629e-02, 
 2DIAGNOSTIC,    22, -6.106772642264e-01, 2.917083897551e-04, 8.5566e+00, 1.8127e-02, 
 2DIAGNOSTIC,    23, -6.107413190151e-01, 1.479206908434e-04, 8.5741e+00, 1.7493e-02, 
 2DIAGNOSTIC,    24, -6.108701286213e-01, 9.912299018154e-05, 8.5916e+00, 1.7531e-02, 
 2DIAGNOSTIC,    25, -6.110350120366e-01, 8.512872764780e-05, 8.6096e+00, 1.7939e-02, 
 2DIAGNOSTIC,    26, -6.113735401352e-01, 7.349220993499e-05, 8.6276e+00, 1.8071e-02, 
 2DIAGNOSTIC,    27, -6.119654174809e-01, 6.644256418971e-05, 8.6481e+00, 2.0468e-02, 
 2DIAGNOSTIC,    28, -6.119072976947e-01, 6.093640512043e-05, 8.6713e+00, 2.3150e-02, 
 2DIAGNOSTIC,    29, -6.121909042645e-01, 6.187721181251e-05, 8.6970e+00, 2.5725e-02, 
 2DIAGNOSTIC,    30, -6.121516321500e-01, 6.464771593252e-05, 8.7173e+00, 2.0295e-02, 
 2DIAGNOSTIC,    31, -6.123220111056e-01, 6.855602304597e-05, 8.7377e+00, 2.0472e-02, 
 2DIAGNOSTIC,    32, -6.123664097111e-01, 6.238268702502e-05, 8.7585e+00, 2.0739e-02, 
 2DIAGNOSTIC,    33, -6.123578257580e-01, 5.162677856279e-05, 8.7792e+00, 2.0697e-02, 
 2DIAGNOSTIC,    34, -6.123891638969e-01, 3.912342410110e-05, 8.7970e+00, 1.7792e-02, 
 2DIAGNOSTIC,    35, -6.124626689773e-01, 2.696531017007e-05, 8.8143e+00, 1.7310e-02, 
 2DIAGNOSTIC,    36, -6.125446158275e-01, 1.843320878638e-05, 8.8321e+00, 1.7798e-02, 
 2DIAGNOSTIC,    37, -6.126550080352e-01, 1.788869985600e-05, 8.8503e+00, 1.8221e-02, 
 2DIAGNOSTIC,    38, -6.127626965205e-01, 1.629674064165e-05, 8.8681e+00, 1.7800e-02, 
 2DIAGNOSTIC,    39, -6.126103825148e-01, 1.497309407089e-05, 8.8885e+00, 2.0403e-02, 
 2DIAGNOSTIC,    40, -6.124828442966e-01, 1.038386138091e-05, 8.9095e+00, 2.0993e-02, 
 2DIAGNOSTIC,    41, -6.124761768406e-01, 7.038890565345e-06, 8.9300e+00, 2.0491e-02, 
 2DIAGNOSTIC,    42, -6.123436838566e-01, 2.205267121538e-06, 8.9563e+00, 2.6309e-02, 
DIAGNOSTIC,Iteration,metricValue,convergenceValue,ITERATION_TIME_INDEX,SINCE_LAST
 2DIAGNOSTIC,     1, -5.483385135599e-01, 1.797693134862e+308, 1.7249e+01, 8.2930e+00, 
 2DIAGNOSTIC,     2, -5.492677897599e-01, 1.797693134862e+308, 1.7309e+01, 6.0175e-02, 
 2DIAGNOSTIC,     3, -5.505439578773e-01, 1.797693134862e+308, 1.7369e+01, 5.9168e-02, 
 2DIAGNOSTIC,     4, -5.518389758954e-01, 1.797693134862e+308, 1.7428e+01, 5.9167e-02, 
 2DIAGNOSTIC,     5, -5.531325741245e-01, 1.797693134862e+308, 1.7490e+01, 6.2001e-02, 
 2DIAGNOSTIC,     6, -5.538810870682e-01, 1.797693134862e+308, 1.7558e+01, 6.8548e-02, 
 2DIAGNOSTIC,     7, -5.540466754851e-01, 1.797693134862e+308, 1.7637e+01, 7.8291e-02, 
 2DIAGNOSTIC,     8, -5.540464620233e-01, 1.797693134862e+308, 1.7704e+01, 6.7767e-02, 
 2DIAGNOSTIC,     9, -5.540630052733e-01, 1.797693134862e+308, 1.7772e+01, 6.7727e-02, 
 2DIAGNOSTIC,    10, -5.540767590394e-01, 6.999575845940e-04, 1.7830e+01, 5.7941e-02, 
 2DIAGNOSTIC,    11, -5.540911208679e-01, 4.670517991613e-04, 1.7898e+01, 6.7568e-02, 
 2DIAGNOSTIC,    12, -5.540717848951e-01, 2.702243860553e-04, 1.7968e+01, 7.0585e-02, 
 2DIAGNOSTIC,    13, -5.540484672733e-01, 1.287942512477e-04, 1.8048e+01, 7.9611e-02, 
 2DIAGNOSTIC,    14, -5.540702287610e-01, 4.357520585922e-05, 1.8116e+01, 6.7910e-02, 
 2DIAGNOSTIC,    15, -5.540616715187e-01, 9.288596290610e-06, 1.8191e+01, 7.5376e-02, 
 2DIAGNOSTIC,    16, -5.540178030254e-01, 1.127577862220e-06, 1.8258e+01, 6.6819e-02, 
DIAGNOSTIC,Iteration,metricValue,convergenceValue,ITERATION_TIME_INDEX,SINCE_LAST
 2DIAGNOSTIC,     1, -4.845816954469e-01, 1.797693134862e+308, 2.7084e+01, 8.8264e+00, 
 2DIAGNOSTIC,     2, -4.851437230649e-01, 1.797693134862e+308, 2.7592e+01, 5.0727e-01, 
 2DIAGNOSTIC,     3, -4.858327727116e-01, 1.797693134862e+308, 2.8105e+01, 5.1289e-01, 
 2DIAGNOSTIC,     4, -4.864484424955e-01, 1.797693134862e+308, 2.8612e+01, 5.0776e-01, 
 2DIAGNOSTIC,     5, -4.868620026272e-01, 1.797693134862e+308, 2.9123e+01, 5.1084e-01, 
 2DIAGNOSTIC,     6, -4.870742422395e-01, 1.797693134862e+308, 2.9634e+01, 5.1090e-01, 
 2DIAGNOSTIC,     7, -4.874509372141e-01, 1.797693134862e+308, 3.0324e+01, 6.9041e-01, 
 2DIAGNOSTIC,     8, -4.877009953668e-01, 1.797693134862e+308, 3.1380e+01, 1.0557e+00, 
 2DIAGNOSTIC,     9, -4.877002357874e-01, 1.797693134862e+308, 3.1891e+01, 5.1086e-01, 
 2DIAGNOSTIC,    10, -4.877198856681e-01, 4.228743941994e-04, 3.2405e+01, 5.1447e-01, 
 2DIAGNOSTIC,    11, -4.877216447172e-01, 2.979904827800e-04, 3.2994e+01, 5.8810e-01, 
 2DIAGNOSTIC,    12, -4.877382274031e-01, 1.949952630967e-04, 3.3583e+01, 5.8894e-01, 
 2DIAGNOSTIC,    13, -4.877257314334e-01, 1.202145912943e-04, 3.4172e+01, 5.8916e-01, 
 2DIAGNOSTIC,    14, -4.877696283071e-01, 7.278574957836e-05, 3.4761e+01, 5.8933e-01, 
 2DIAGNOSTIC,    15, -4.877561343558e-01, 4.086014488149e-05, 3.5272e+01, 5.1102e-01, 
 2DIAGNOSTIC,    16, -4.877538452168e-01, 1.677136852353e-05, 3.5782e+01, 5.1043e-01, 
 2DIAGNOSTIC,    17, -4.877784476021e-01, 7.710546798163e-06, 3.6370e+01, 5.8771e-01, 
 2DIAGNOSTIC,    18, -4.877818687557e-01, 7.312466577661e-06, 3.6957e+01, 5.8653e-01, 
 2DIAGNOSTIC,    19, -4.877591110258e-01, 5.697560407469e-06, 3.7465e+01, 5.0858e-01, 
 2DIAGNOSTIC,    20, -4.877494171254e-01, 4.193450622275e-06, 3.8058e+01, 5.9278e-01, 
 2DIAGNOSTIC,    21, -4.877751911099e-01, 3.359226268269e-06, 3.8570e+01, 5.1152e-01, 
 2DIAGNOSTIC,    22, -4.877983697550e-01, 3.457150595756e-06, 3.9076e+01, 5.0605e-01, 
 2DIAGNOSTIC,    23, -4.878380072610e-01, 3.995178351701e-06, 3.9582e+01, 5.0666e-01, 
 2DIAGNOSTIC,    24, -4.878868164434e-01, 6.514241783384e-06, 4.0172e+01, 5.8933e-01, 
 2DIAGNOSTIC,    25, -4.878924918529e-01, 8.162751363762e-06, 4.0757e+01, 5.8587e-01, 
 2DIAGNOSTIC,    26, -4.878936548450e-01, 9.001069534255e-06, 4.1344e+01, 5.8674e-01, 
 2DIAGNOSTIC,    27, -4.878921412204e-01, 9.536180893797e-06, 4.1932e+01, 5.8738e-01, 
 2DIAGNOSTIC,    28, -4.879059850321e-01, 9.607838379756e-06, 4.2601e+01, 6.6934e-01, 
 2DIAGNOSTIC,    29, -4.879067828269e-01, 8.424562988212e-06, 4.3262e+01, 6.6088e-01, 
 2DIAGNOSTIC,    30, -4.879060505766e-01, 6.425305168700e-06, 4.3856e+01, 5.9466e-01, 
 2DIAGNOSTIC,    31, -4.879046626058e-01, 4.521706449434e-06, 4.4447e+01, 5.9083e-01, 
 2DIAGNOSTIC,    32, -4.879050873328e-01, 2.828050764736e-06, 4.5110e+01, 6.6224e-01, 
 2DIAGNOSTIC,    33, -4.879050292292e-01, 1.734558987179e-06, 4.5616e+01, 5.0683e-01, 
 2DIAGNOSTIC,    34, -4.878849418297e-01, 1.120572413853e-06, 4.6286e+01, 6.6943e-01, 
DIAGNOSTIC,Iteration,metricValue,convergenceValue,ITERATION_TIME_INDEX,SINCE_LAST
 2DIAGNOSTIC,     1, -4.282212057024e-01, 1.797693134862e+308, 5.8650e+01, 1.2365e+01, 
 2DIAGNOSTIC,     2, -4.283597204772e-01, 1.797693134862e+308, 6.2005e+01, 3.3543e+00, 
 2DIAGNOSTIC,     3, -4.284122969129e-01, 1.797693134862e+308, 6.5892e+01, 3.8878e+00, 
 2DIAGNOSTIC,     4, -4.284224640992e-01, 1.797693134862e+308, 6.9773e+01, 3.8806e+00, 
 2DIAGNOSTIC,     5, -4.284265156420e-01, 1.797693134862e+308, 7.3146e+01, 3.3727e+00, 
 2DIAGNOSTIC,     6, -4.284362865554e-01, 1.797693134862e+308, 7.6533e+01, 3.3868e+00, 
 2DIAGNOSTIC,     7, -4.284453473500e-01, 1.797693134862e+308, 7.9891e+01, 3.3584e+00, 
 2DIAGNOSTIC,     8, -4.284739086170e-01, 1.797693134862e+308, 8.3307e+01, 3.4163e+00, 
 2DIAGNOSTIC,     9, -4.285466751367e-01, 1.797693134862e+308, 8.6673e+01, 3.3660e+00, 
 2DIAGNOSTIC,    10, -4.287281451534e-01, 5.132712998190e-05, 9.0036e+01, 3.3628e+00, 
 2DIAGNOSTIC,    11, -4.288456400659e-01, 5.551276493905e-05, 9.5462e+01, 5.4262e+00, 
 2DIAGNOSTIC,    12, -4.288830572557e-01, 6.391713212957e-05, 1.0194e+02, 6.4787e+00, 
 2DIAGNOSTIC,    13, -4.288884171098e-01, 6.857572356474e-05, 1.0686e+02, 4.9188e+00, 
 2DIAGNOSTIC,    14, -4.288883147820e-01, 6.705545972972e-05, 1.1074e+02, 3.8830e+00, 
 2DIAGNOSTIC,    15, -4.288861683346e-01, 5.978440161042e-05, 1.1462e+02, 3.8760e+00, 
 2DIAGNOSTIC,    16, -4.288869634232e-01, 4.851575494844e-05, 1.1849e+02, 3.8669e+00, 
 2DIAGNOSTIC,    17, -4.288840346455e-01, 3.460284594597e-05, 1.2183e+02, 3.3488e+00, 
 2DIAGNOSTIC,    18, -4.288846846988e-01, 2.035712154533e-05, 1.2726e+02, 5.4262e+00, 
 2DIAGNOSTIC,    19, -4.288846088689e-01, 8.313202364975e-06, 1.3269e+02, 5.4280e+00, 
 2DIAGNOSTIC,    20, -4.288846570287e-01, 2.780929529420e-06, 1.3658e+02, 3.8912e+00, 
 2DIAGNOSTIC,    21, -4.288839648509e-01, 1.321145920712e-06, 1.3993e+02, 3.3543e+00, 
 2DIAGNOSTIC,    22, -4.288834119259e-01, 1.119381579089e-06, 1.4386e+02, 3.9210e+00, 
 2DIAGNOSTIC,    23, -4.288834475354e-01, 1.121265651785e-06, 1.4721e+02, 3.3522e+00, 
 2DIAGNOSTIC,    24, -4.288833688558e-01, 1.142673420128e-06, 1.5108e+02, 3.8754e+00, 
 2DIAGNOSTIC,    25, -4.288831587397e-01, 1.115716817629e-06, 1.5496e+02, 3.8755e+00, 
 2DIAGNOSTIC,    26, -4.288831104821e-01, 1.127461974747e-06, 1.5832e+02, 3.3611e+00, 
 2DIAGNOSTIC,    27, -4.288831346833e-01, 1.075877354435e-06, 1.6167e+02, 3.3550e+00, 
 2DIAGNOSTIC,    28, -4.288834797864e-01, 1.060955946451e-06, 1.6554e+02, 3.8682e+00, 
 2DIAGNOSTIC,    29, -4.288812826822e-01, 1.001622252854e-06, 1.6943e+02, 3.8859e+00, 
  Elapsed time (stage 0): 1.7354e+02


Stage 1
  iterations = 1000x500x250x100
  convergence threshold = 1.0000e-06
  convergence window size = 10
  number of levels = 4
  using the Mattes MI metric (number of bins = 32, weight = 1.0000e+00)
  preprocessing:  winsorizing the image intensities
  Shrink factors (level 1 out of 4): [12, 12, 12]
  Shrink factors (level 2 out of 4): [8, 8, 8]
  Shrink factors (level 3 out of 4): [4, 4, 4]
  Shrink factors (level 4 out of 4): [2, 2, 2]
  smoothing sigmas per level: [4, 3, 2, 1]
  regular sampling (percentage = 2.5000e-01)

*** Running AffineTransform registration ***

DIAGNOSTIC,Iteration,metricValue,convergenceValue,ITERATION_TIME_INDEX,SINCE_LAST
 2DIAGNOSTIC,     1, -5.917814024783e-01, 1.797693134862e+308, 8.1847e+00, 8.1847e+00, 
 2DIAGNOSTIC,     2, -5.939902538896e-01, 1.797693134862e+308, 8.2034e+00, 1.8689e-02, 
 2DIAGNOSTIC,     3, -5.974123064627e-01, 1.797693134862e+308, 8.2216e+00, 1.8221e-02, 
 2DIAGNOSTIC,     4, -6.026673193798e-01, 1.797693134862e+308, 8.2404e+00, 1.8856e-02, 
 2DIAGNOSTIC,     5, -6.102801289649e-01, 1.797693134862e+308, 8.2594e+00, 1.8991e-02, 
 2DIAGNOSTIC,     6, -6.219437307639e-01, 1.797693134862e+308, 8.2787e+00, 1.9275e-02, 
 2DIAGNOSTIC,     7, -6.415374952267e-01, 1.797693134862e+308, 8.3060e+00, 2.7295e-02, 
 2DIAGNOSTIC,     8, -6.647722335068e-01, 1.797693134862e+308, 8.3266e+00, 2.0616e-02, 
 2DIAGNOSTIC,     9, -6.781038423041e-01, 1.797693134862e+308, 8.3472e+00, 2.0633e-02, 
 2DIAGNOSTIC,    10, -6.923968812317e-01, 1.090518648874e-02, 8.3744e+00, 2.7191e-02, 
 2DIAGNOSTIC,    11, -7.025295768696e-01, 1.109766990621e-02, 8.4029e+00, 2.8480e-02, 
 2DIAGNOSTIC,    12, -7.031020122844e-01, 1.036064754652e-02, 8.4266e+00, 2.3729e-02, 
 2DIAGNOSTIC,    13, -7.034262970512e-01, 8.943379061189e-03, 8.4477e+00, 2.1035e-02, 
 2DIAGNOSTIC,    14, -7.037119518869e-01, 7.111936475581e-03, 8.4685e+00, 2.0865e-02, 
 2DIAGNOSTIC,    15, -7.044266707150e-01, 5.137264284671e-03, 8.4991e+00, 3.0603e-02, 
 2DIAGNOSTIC,    16, -7.044203096684e-01, 3.265352247810e-03, 8.5214e+00, 2.2267e-02, 
 2DIAGNOSTIC,    17, -7.044472563182e-01, 1.818472130074e-03, 8.5412e+00, 1.9781e-02, 
 2DIAGNOSTIC,    18, -7.044638666960e-01, 9.284641254158e-04, 8.5604e+00, 1.9163e-02, 
 2DIAGNOSTIC,    19, -7.044647139488e-01, 3.457156478050e-04, 8.5800e+00, 1.9690e-02, 
 2DIAGNOSTIC,    20, -7.047315151894e-01, 9.680438841182e-05, 8.6033e+00, 2.3221e-02, 
 2DIAGNOSTIC,    21, -7.049539719422e-01, 7.330981386919e-05, 8.6259e+00, 2.2591e-02, 
 2DIAGNOSTIC,    22, -7.048120927284e-01, 5.372440061365e-05, 8.6533e+00, 2.7412e-02, 
 2DIAGNOSTIC,    23, -7.045277064204e-01, 3.199020674674e-05, 8.6884e+00, 3.5096e-02, 
 2DIAGNOSTIC,    24, -7.041887063625e-01, 8.160308934670e-06, 8.7082e+00, 1.9834e-02, 
DIAGNOSTIC,Iteration,metricValue,convergenceValue,ITERATION_TIME_INDEX,SINCE_LAST
 2DIAGNOSTIC,     1, -6.239287772078e-01, 1.797693134862e+308, 1.6945e+01, 8.2370e+00, 
 2DIAGNOSTIC,     2, -6.245636820707e-01, 1.797693134862e+308, 1.7011e+01, 6.5625e-02, 
 2DIAGNOSTIC,     3, -6.255325249612e-01, 1.797693134862e+308, 1.7076e+01, 6.5045e-02, 
 2DIAGNOSTIC,     4, -6.267246823127e-01, 1.797693134862e+308, 1.7142e+01, 6.5859e-02, 
 2DIAGNOSTIC,     5, -6.281796980694e-01, 1.797693134862e+308, 1.7206e+01, 6.4348e-02, 
 2DIAGNOSTIC,     6, -6.292685498426e-01, 1.797693134862e+308, 1.7271e+01, 6.4808e-02, 
 2DIAGNOSTIC,     7, -6.300060576574e-01, 1.797693134862e+308, 1.7354e+01, 8.3231e-02, 
 2DIAGNOSTIC,     8, -6.301975618049e-01, 1.797693134862e+308, 1.7429e+01, 7.4648e-02, 
 2DIAGNOSTIC,     9, -6.303747919659e-01, 1.797693134862e+308, 1.7505e+01, 7.6078e-02, 
 2DIAGNOSTIC,    10, -6.306169430848e-01, 7.613889672897e-04, 1.7580e+01, 7.5050e-02, 
 2DIAGNOSTIC,    11, -6.309556921057e-01, 5.976287417683e-04, 1.7675e+01, 9.5613e-02, 
 2DIAGNOSTIC,    12, -6.309920155770e-01, 4.328519677443e-04, 1.7750e+01, 7.4662e-02, 
 2DIAGNOSTIC,    13, -6.311959513579e-01, 2.955179686421e-04, 1.7814e+01, 6.4011e-02, 
 2DIAGNOSTIC,    14, -6.312918439867e-01, 1.921657569618e-04, 1.7879e+01, 6.4881e-02, 
 2DIAGNOSTIC,    15, -6.313900712794e-01, 1.313481489116e-04, 1.7954e+01, 7.5025e-02, 
 2DIAGNOSTIC,    16, -6.313734584022e-01, 9.599135885272e-05, 1.8029e+01, 7.4536e-02, 
 2DIAGNOSTIC,    17, -6.316022247347e-01, 8.185590811231e-05, 1.8108e+01, 7.9436e-02, 
 2DIAGNOSTIC,    18, -6.319323417255e-01, 7.484855262823e-05, 1.8184e+01, 7.5791e-02, 
 2DIAGNOSTIC,    19, -6.319932730433e-01, 6.718488258682e-05, 1.8268e+01, 8.3888e-02, 
 2DIAGNOSTIC,    20, -6.320831649340e-01, 6.165333675534e-05, 1.8344e+01, 7.5993e-02, 
 2DIAGNOSTIC,    21, -6.321044661651e-01, 5.891326022620e-05, 1.8419e+01, 7.4831e-02, 
 2DIAGNOSTIC,    22, -6.321115882328e-01, 5.181957933738e-05, 1.8494e+01, 7.5504e-02, 
 2DIAGNOSTIC,    23, -6.321058957805e-01, 4.438433307027e-05, 1.8568e+01, 7.3554e-02, 
 2DIAGNOSTIC,    24, -6.321094632473e-01, 3.538552918904e-05, 1.8632e+01, 6.4114e-02, 
 2DIAGNOSTIC,    25, -6.321141887127e-01, 2.589009404654e-05, 1.8705e+01, 7.3773e-02, 
 2DIAGNOSTIC,    26, -6.320865207723e-01, 1.400124802918e-05, 1.8770e+01, 6.4638e-02, 
 2DIAGNOSTIC,    27, -6.321013028900e-01, 5.750362145895e-06, 1.8835e+01, 6.5177e-02, 
 2DIAGNOSTIC,    28, -6.321341999871e-01, 3.489482322386e-06, 1.8910e+01, 7.4577e-02, 
 2DIAGNOSTIC,    29, -6.322321496952e-01, 3.578672552490e-06, 1.8983e+01, 7.3420e-02, 
 2DIAGNOSTIC,    30, -6.323093687397e-01, 5.896718263107e-06, 1.9057e+01, 7.3925e-02, 
 2DIAGNOSTIC,    31, -6.323102350454e-01, 7.925035715499e-06, 1.9159e+01, 1.0176e-01, 
 2DIAGNOSTIC,    32, -6.323169244584e-01, 9.402772921392e-06, 1.9223e+01, 6.3796e-02, 
 2DIAGNOSTIC,    33, -6.323145773491e-01, 9.878232225660e-06, 1.9298e+01, 7.5313e-02, 
 2DIAGNOSTIC,    34, -6.323241235606e-01, 9.625166882542e-06, 1.9374e+01, 7.5937e-02, 
 2DIAGNOSTIC,    35, -6.323281456658e-01, 8.669195785637e-06, 1.9461e+01, 8.6845e-02, 
 2DIAGNOSTIC,    36, -6.323202545460e-01, 6.598754296341e-06, 1.9545e+01, 8.4242e-02, 
 2DIAGNOSTIC,    37, -6.323234205600e-01, 4.337492842784e-06, 1.9619e+01, 7.3505e-02, 
 2DIAGNOSTIC,    38, -6.323190934967e-01, 2.179418193034e-06, 1.9684e+01, 6.5710e-02, 
 2DIAGNOSTIC,    39, -6.323193184080e-01, 1.112703112191e-06, 1.9751e+01, 6.6812e-02, 
DIAGNOSTIC,Iteration,metricValue,convergenceValue,ITERATION_TIME_INDEX,SINCE_LAST
 2DIAGNOSTIC,     1, -5.565042586277e-01, 1.797693134862e+308, 2.8576e+01, 8.8245e+00, 
 2DIAGNOSTIC,     2, -5.571896209421e-01, 1.797693134862e+308, 2.9157e+01, 5.8142e-01, 
 2DIAGNOSTIC,     3, -5.580275123120e-01, 1.797693134862e+308, 2.9737e+01, 5.7971e-01, 
 2DIAGNOSTIC,     4, -5.588698473677e-01, 1.797693134862e+308, 3.0320e+01, 5.8286e-01, 
 2DIAGNOSTIC,     5, -5.598136295823e-01, 1.797693134862e+308, 3.0902e+01, 5.8188e-01, 
 2DIAGNOSTIC,     6, -5.606220179921e-01, 1.797693134862e+308, 3.1481e+01, 5.7959e-01, 
 2DIAGNOSTIC,     7, -5.611746151472e-01, 1.797693134862e+308, 3.2153e+01, 6.7218e-01, 
 2DIAGNOSTIC,     8, -5.615983674186e-01, 1.797693134862e+308, 3.2992e+01, 8.3862e-01, 
 2DIAGNOSTIC,     9, -5.615979964716e-01, 1.797693134862e+308, 3.3655e+01, 6.6323e-01, 
 2DIAGNOSTIC,    10, -5.616042169198e-01, 6.464435608333e-04, 3.4498e+01, 8.4272e-01, 
 2DIAGNOSTIC,    11, -5.615855592315e-01, 4.810193663230e-04, 3.5078e+01, 5.8004e-01, 
 2DIAGNOSTIC,    12, -5.615840351358e-01, 3.288047285930e-04, 3.5654e+01, 5.7597e-01, 
 2DIAGNOSTIC,    13, -5.615870809296e-01, 2.031014877693e-04, 3.6328e+01, 6.7362e-01, 
 2DIAGNOSTIC,    14, -5.615776165546e-01, 1.069835950318e-04, 3.6992e+01, 6.6438e-01, 
 2DIAGNOSTIC,    15, -5.615754225539e-01, 4.567559293138e-05, 3.7656e+01, 6.6428e-01, 
 2DIAGNOSTIC,    16, -5.615732306094e-01, 1.327678675625e-05, 3.8327e+01, 6.7079e-01, 
DIAGNOSTIC,Iteration,metricValue,convergenceValue,ITERATION_TIME_INDEX,SINCE_LAST
 2DIAGNOSTIC,     1, -4.861570732672e-01, 1.797693134862e+308, 5.1209e+01, 1.2882e+01, 
 2DIAGNOSTIC,     2, -4.870294142454e-01, 1.797693134862e+308, 5.4975e+01, 3.7662e+00, 
 2DIAGNOSTIC,     3, -4.879098511727e-01, 1.797693134862e+308, 5.8716e+01, 3.7409e+00, 
 2DIAGNOSTIC,     4, -4.885354287451e-01, 1.797693134862e+308, 6.2455e+01, 3.7392e+00, 
 2DIAGNOSTIC,     5, -4.888551261516e-01, 1.797693134862e+308, 6.6185e+01, 3.7292e+00, 
 2DIAGNOSTIC,     6, -4.889995717422e-01, 1.797693134862e+308, 6.9916e+01, 3.7317e+00, 
 2DIAGNOSTIC,     7, -4.890864946364e-01, 1.797693134862e+308, 7.5320e+01, 5.4032e+00, 
 2DIAGNOSTIC,     8, -4.891232039047e-01, 1.797693134862e+308, 7.9051e+01, 3.7314e+00, 
 2DIAGNOSTIC,     9, -4.891372379239e-01, 1.797693134862e+308, 8.2779e+01, 3.7281e+00, 
 2DIAGNOSTIC,    10, -4.891911284363e-01, 3.528271218665e-04, 8.9290e+01, 6.5106e+00, 
 2DIAGNOSTIC,    11, -4.892083500174e-01, 2.070793503989e-04, 9.3027e+01, 3.7376e+00, 
 2DIAGNOSTIC,    12, -4.892278503090e-01, 1.098955175122e-04, 9.7313e+01, 4.2852e+00, 
 2DIAGNOSTIC,    13, -4.892305797891e-01, 5.697253635459e-05, 1.0105e+02, 3.7399e+00, 
 2DIAGNOSTIC,    14, -4.892344463929e-01, 3.256257288972e-05, 1.0533e+02, 4.2787e+00, 
 2DIAGNOSTIC,    15, -4.892346022854e-01, 2.092044915433e-05, 1.1187e+02, 6.5420e+00, 
 2DIAGNOSTIC,    16, -4.892345655853e-01, 1.417667808992e-05, 1.1620e+02, 4.3286e+00, 
 2DIAGNOSTIC,    17, -4.892344650345e-01, 1.006344565412e-05, 1.2053e+02, 4.3239e+00, 
 2DIAGNOSTIC,    18, -4.892343709452e-01, 6.846811292406e-06, 1.2484e+02, 4.3120e+00, 
 2DIAGNOSTIC,    19, -4.892341117635e-01, 3.886579020985e-06, 1.2915e+02, 4.3145e+00, 
 2DIAGNOSTIC,    20, -4.892340516478e-01, 2.575518124562e-06, 1.3402e+02, 4.8718e+00, 
 2DIAGNOSTIC,    21, -4.892338999152e-01, 1.757486103926e-06, 1.3833e+02, 4.3077e+00, 
 2DIAGNOSTIC,    22, -4.892338744762e-01, 1.505253309296e-06, 1.4210e+02, 3.7647e+00, 
 2DIAGNOSTIC,    23, -4.892338041589e-01, 1.333988216418e-06, 1.4641e+02, 4.3181e+00, 
 2DIAGNOSTIC,    24, -4.892337613162e-01, 1.274263697046e-06, 1.5075e+02, 4.3343e+00, 
 2DIAGNOSTIC,    25, -4.892338118456e-01, 1.229031038538e-06, 1.5508e+02, 4.3332e+00, 
 2DIAGNOSTIC,    26, -4.892339103057e-01, 1.192760651796e-06, 1.5997e+02, 4.8867e+00, 
 2DIAGNOSTIC,    27, -4.892338479164e-01, 1.158572169861e-06, 1.6427e+02, 4.2985e+00, 
 2DIAGNOSTIC,    28, -4.892337757257e-01, 1.125488263191e-06, 1.6800e+02, 3.7359e+00, 
 2DIAGNOSTIC,    29, -4.892335821070e-01, 1.086740297598e-06, 1.7173e+02, 3.7286e+00, 
 2DIAGNOSTIC,    30, -4.892335450675e-01, 1.049821988119e-06, 1.7658e+02, 4.8507e+00, 
 2DIAGNOSTIC,    31, -4.892329499783e-01, 1.002244706026e-06, 1.8146e+02, 4.8770e+00, 
  Elapsed time (stage 1): 1.8583e+02


Stage 2
  iterations = 100x100x70x50x20
  convergence threshold = 1.0000e-06
  convergence window size = 10
  number of levels = 5
  using the CC metric (radius = 4, weight = 1.0000e+00)
  preprocessing:  winsorizing the image intensities
  Shrink factors (level 1 out of 5): [10, 10, 10]
  Shrink factors (level 2 out of 5): [6, 6, 6]
  Shrink factors (level 3 out of 5): [4, 4, 4]
  Shrink factors (level 4 out of 5): [2, 2, 2]
  Shrink factors (level 5 out of 5): [1, 1, 1]
  smoothing sigmas per level: [5, 3, 2, 1, 0]
  Using default NONE metricSamplingStrategy 

*** Running SyN registration (varianceForUpdateField = 3.0000e+00, varianceForTotalField = 0.0000e+00) ***

XXDIAGNOSTIC,Iteration,metricValue,convergenceValue,ITERATION_TIME_INDEX,SINCE_LAST
 1DIAGNOSTIC,     1, -5.158425466044e-01, 1.797693134862e+308, 9.3858e+00, 9.3858e+00, 
 1DIAGNOSTIC,     2, -5.260331339292e-01, 1.797693134862e+308, 1.0807e+01, 1.4213e+00, 
 1DIAGNOSTIC,     3, -5.340895419363e-01, 1.797693134862e+308, 1.2230e+01, 1.4234e+00, 
 1DIAGNOSTIC,     4, -5.414169670173e-01, 1.797693134862e+308, 1.3654e+01, 1.4233e+00, 
 1DIAGNOSTIC,     5, -5.478190007409e-01, 1.797693134862e+308, 1.5083e+01, 1.4291e+00, 
 1DIAGNOSTIC,     6, -5.534723143937e-01, 1.797693134862e+308, 1.6505e+01, 1.4220e+00, 
 1DIAGNOSTIC,     7, -5.583028136314e-01, 1.797693134862e+308, 1.7948e+01, 1.4428e+00, 
 1DIAGNOSTIC,     8, -5.625728472372e-01, 1.797693134862e+308, 1.9378e+01, 1.4302e+00, 
 1DIAGNOSTIC,     9, -5.662970072345e-01, 1.797693134862e+308, 2.0808e+01, 1.4300e+00, 
 1DIAGNOSTIC,    10, -5.695777195020e-01, 6.113907160889e-03, 2.2252e+01, 1.4439e+00, 
 1DIAGNOSTIC,    11, -5.725394036807e-01, 4.827341429713e-03, 2.3692e+01, 1.4402e+00, 
 1DIAGNOSTIC,    12, -5.751742478640e-01, 3.875170080103e-03, 2.5121e+01, 1.4293e+00, 
 1DIAGNOSTIC,    13, -5.775547543530e-01, 3.132509174760e-03, 2.6568e+01, 1.4466e+00, 
 1DIAGNOSTIC,    14, -5.797305608013e-01, 2.558995605434e-03, 2.8013e+01, 1.4451e+00, 
 1DIAGNOSTIC,    15, -5.816536380556e-01, 2.111235237492e-03, 2.9448e+01, 1.4354e+00, 
 1DIAGNOSTIC,    16, -5.833716485799e-01, 1.759926042443e-03, 3.0875e+01, 1.4268e+00, 
 1DIAGNOSTIC,    17, -5.850159345080e-01, 1.480716714224e-03, 3.2317e+01, 1.4423e+00, 
 1DIAGNOSTIC,    18, -5.864471452670e-01, 1.255500096278e-03, 3.3755e+01, 1.4377e+00, 
 1DIAGNOSTIC,    19, -5.877435741521e-01, 1.070606497310e-03, 3.5191e+01, 1.4361e+00, 
 1DIAGNOSTIC,    20, -5.889228616303e-01, 9.166327070182e-04, 3.6622e+01, 1.4308e+00, 
 1DIAGNOSTIC,    21, -5.899815657253e-01, 7.877870530818e-04, 3.8063e+01, 1.4408e+00, 
 1DIAGNOSTIC,    22, -5.909836821364e-01, 6.796468854932e-04, 3.9493e+01, 1.4302e+00, 
 1DIAGNOSTIC,    23, -5.918795376309e-01, 5.882486593887e-04, 4.0938e+01, 1.4445e+00, 
 1DIAGNOSTIC,    24, -5.927035268259e-01, 5.115094809435e-04, 4.2385e+01, 1.4479e+00, 
 1DIAGNOSTIC,    25, -5.934600915159e-01, 4.461188085240e-04, 4.3839e+01, 1.4532e+00, 
 1DIAGNOSTIC,    26, -5.941534557377e-01, 3.897203394941e-04, 4.5279e+01, 1.4404e+00, 
 1DIAGNOSTIC,    27, -5.947807213609e-01, 3.424143354294e-04, 4.6729e+01, 1.4504e+00, 
 1DIAGNOSTIC,    28, -5.953386484908e-01, 3.012822685617e-04, 4.8178e+01, 1.4489e+00, 
 1DIAGNOSTIC,    29, -5.958894846232e-01, 2.659730373744e-04, 4.9636e+01, 1.4576e+00, 
 1DIAGNOSTIC,    30, -5.963754635234e-01, 2.352157843903e-04, 5.1084e+01, 1.4484e+00, 
 1DIAGNOSTIC,    31, -5.968225313920e-01, 2.080731851701e-04, 5.2541e+01, 1.4562e+00, 
 1DIAGNOSTIC,    32, -5.972439291997e-01, 1.847957687186e-04, 5.4005e+01, 1.4642e+00, 
 1DIAGNOSTIC,    33, -5.976122284076e-01, 1.642196806368e-04, 5.5449e+01, 1.4439e+00, 
 1DIAGNOSTIC,    34, -5.979614122300e-01, 1.462008559475e-04, 5.6905e+01, 1.4561e+00, 
 1DIAGNOSTIC,    35, -5.982872794875e-01, 1.304821659275e-04, 5.8367e+01, 1.4621e+00, 
 1DIAGNOSTIC,    36, -5.985794889707e-01, 1.166467281645e-04, 5.9817e+01, 1.4498e+00, 
 1DIAGNOSTIC,    37, -5.988538106764e-01, 1.044078624484e-04, 6.1278e+01, 1.4615e+00, 
 1DIAGNOSTIC,    38, -5.991092427585e-01, 9.334548755271e-05, 6.2727e+01, 1.4485e+00, 
 1DIAGNOSTIC,    39, -5.993217822009e-01, 8.353835457399e-05, 6.4183e+01, 1.4561e+00, 
 1DIAGNOSTIC,    40, -5.995657677830e-01, 7.519428642157e-05, 6.5636e+01, 1.4533e+00, 
 1DIAGNOSTIC,    41, -5.997180006801e-01, 6.721918207922e-05, 6.7091e+01, 1.4548e+00, 
 1DIAGNOSTIC,    42, -5.999441601210e-01, 6.077109309666e-05, 6.8539e+01, 1.4477e+00, 
 1DIAGNOSTIC,    43, -6.001114530040e-01, 5.489839915063e-05, 6.9991e+01, 1.4518e+00, 
 1DIAGNOSTIC,    44, -6.002776528950e-01, 4.977739451089e-05, 7.1443e+01, 1.4526e+00, 
 1DIAGNOSTIC,    45, -6.004374492541e-01, 4.541105360673e-05, 7.2905e+01, 1.4617e+00, 
 1DIAGNOSTIC,    46, -6.005492605956e-01, 4.119142953166e-05, 7.4354e+01, 1.4489e+00, 
 1DIAGNOSTIC,    47, -6.006829566205e-01, 3.746850545378e-05, 7.5797e+01, 1.4433e+00, 
 1DIAGNOSTIC,    48, -6.008146626860e-01, 3.426370530627e-05, 7.7258e+01, 1.4607e+00, 
 1DIAGNOSTIC,    49, -6.009209135928e-01, 3.108568094840e-05, 7.8711e+01, 1.4533e+00, 
 1DIAGNOSTIC,    50, -6.010306383778e-01, 2.854613911456e-05, 8.0174e+01, 1.4632e+00, 
 1DIAGNOSTIC,    51, -6.011546680210e-01, 2.602624306850e-05, 8.1620e+01, 1.4453e+00, 
 1DIAGNOSTIC,    52, -6.012175411552e-01, 2.383636183677e-05, 8.3067e+01, 1.4475e+00, 
 1DIAGNOSTIC,    53, -6.012737125792e-01, 2.152827462720e-05, 8.4500e+01, 1.4332e+00, 
 1DIAGNOSTIC,    54, -6.013963725513e-01, 1.987424033312e-05, 8.5938e+01, 1.4375e+00, 
 1DIAGNOSTIC,    55, -6.014631033644e-01, 1.839517484845e-05, 8.7376e+01, 1.4385e+00, 
 1DIAGNOSTIC,    56, -6.015202085909e-01, 1.669946734922e-05, 8.8806e+01, 1.4295e+00, 
 1DIAGNOSTIC,    57, -6.016107597251e-01, 1.541246346198e-05, 9.0255e+01, 1.4490e+00, 
 1DIAGNOSTIC,    58, -6.016084346874e-01, 1.380761744668e-05, 9.1688e+01, 1.4336e+00, 
 1DIAGNOSTIC,    59, -6.017135545390e-01, 1.271134113892e-05, 9.3131e+01, 1.4425e+00, 
 1DIAGNOSTIC,    60, -6.017710563295e-01, 1.179018603214e-05, 9.4563e+01, 1.4320e+00, 
 1DIAGNOSTIC,    61, -6.018132699110e-01, 1.112814485882e-05, 9.6001e+01, 1.4381e+00, 
 1DIAGNOSTIC,    62, -6.018642786002e-01, 1.036042588510e-05, 9.7449e+01, 1.4481e+00, 
 1DIAGNOSTIC,    63, -6.019004559155e-01, 9.360781137575e-06, 9.8879e+01, 1.4297e+00, 
 1DIAGNOSTIC,    64, -6.019286296396e-01, 8.669760887026e-06, 1.0031e+02, 1.4355e+00, 
 1DIAGNOSTIC,    65, -6.019823392452e-01, 8.097636220970e-06, 1.0175e+02, 1.4371e+00, 
 1DIAGNOSTIC,    66, -6.020228302563e-01, 7.506443796101e-06, 1.0318e+02, 1.4318e+00, 
 1DIAGNOSTIC,    67, -6.020490228433e-01, 7.106565610940e-06, 1.0462e+02, 1.4372e+00, 
 1DIAGNOSTIC,    68, -6.020853105362e-01, 6.308139820502e-06, 1.0606e+02, 1.4416e+00, 
 1DIAGNOSTIC,    69, -6.020850909247e-01, 5.696714360615e-06, 1.0750e+02, 1.4392e+00, 
 1DIAGNOSTIC,    70, -6.021402695174e-01, 5.373703085360e-06, 1.0893e+02, 1.4316e+00, 
 1DIAGNOSTIC,    71, -6.021772539392e-01, 5.107217110573e-06, 1.1038e+02, 1.4460e+00, 
 1DIAGNOSTIC,    72, -6.021715247396e-01, 4.696702110301e-06, 1.1181e+02, 1.4338e+00, 
 1DIAGNOSTIC,    73, -6.022033240803e-01, 4.345449449770e-06, 1.1325e+02, 1.4390e+00, 
 1DIAGNOSTIC,    74, -6.022253898888e-01, 3.945912474702e-06, 1.1469e+02, 1.4349e+00, 
 1DIAGNOSTIC,    75, -6.022419595657e-01, 3.659434445325e-06, 1.1613e+02, 1.4481e+00, 
 1DIAGNOSTIC,    76, -6.022656010505e-01, 3.470355658338e-06, 1.1757e+02, 1.4353e+00, 
 1DIAGNOSTIC,    77, -6.022757303947e-01, 3.216942725787e-06, 1.1901e+02, 1.4416e+00, 
 1DIAGNOSTIC,    78, -6.023157570222e-01, 3.176875429767e-06, 1.2045e+02, 1.4427e+00, 
 1DIAGNOSTIC,    79, -6.022825624060e-01, 2.653045639168e-06, 1.2189e+02, 1.4391e+00, 
 1DIAGNOSTIC,    80, -6.023248509981e-01, 2.515169441001e-06, 1.2333e+02, 1.4356e+00, 
 1DIAGNOSTIC,    81, -6.023666250431e-01, 2.641249544855e-06, 1.2477e+02, 1.4435e+00, 
 1DIAGNOSTIC,    82, -6.023367615321e-01, 2.327256681856e-06, 1.2622e+02, 1.4455e+00, 
 1DIAGNOSTIC,    83, -6.023754066724e-01, 2.250384832179e-06, 1.2766e+02, 1.4401e+00, 
 1DIAGNOSTIC,    84, -6.023762814347e-01, 2.123679221897e-06, 1.2909e+02, 1.4356e+00, 
 1DIAGNOSTIC,    85, -6.023719543309e-01, 1.897307874362e-06, 1.3053e+02, 1.4359e+00, 
 1DIAGNOSTIC,    86, -6.023757894225e-01, 1.681316202430e-06, 1.3197e+02, 1.4413e+00, 
 1DIAGNOSTIC,    87, -6.024302581813e-01, 1.696344649955e-06, 1.3341e+02, 1.4438e+00, 
 1DIAGNOSTIC,    88, -6.024078203781e-01, 1.679066450612e-06, 1.3486e+02, 1.4429e+00, 
 1DIAGNOSTIC,    89, -6.024270519798e-01, 1.460187150339e-06, 1.3630e+02, 1.4412e+00, 
 1DIAGNOSTIC,    90, -6.023983052365e-01, 1.208136308155e-06, 1.3774e+02, 1.4408e+00, 
 1DIAGNOSTIC,    91, -6.024208420824e-01, 1.228078554986e-06, 1.3918e+02, 1.4408e+00, 
 1DIAGNOSTIC,    92, -6.024513733812e-01, 1.152600407285e-06, 1.4063e+02, 1.4454e+00, 
 1DIAGNOSTIC,    93, -6.024479923905e-01, 1.178084044630e-06, 1.4207e+02, 1.4464e+00, 
 1DIAGNOSTIC,    94, -6.024434527813e-01, 1.112953930070e-06, 1.4351e+02, 1.4403e+00, 
 1DIAGNOSTIC,    95, -6.024566179058e-01, 1.024938589904e-06, 1.4494e+02, 1.4266e+00, 
 1DIAGNOSTIC,    96, -6.024288556854e-01, 7.411021969040e-07, 1.4638e+02, 1.4401e+00, 
XXDIAGNOSTIC,Iteration,metricValue,convergenceValue,ITERATION_TIME_INDEX,SINCE_LAST
 1DIAGNOSTIC,     1, -5.005954202442e-01, 1.797693134862e+308, 1.6167e+02, 1.5293e+01, 
 1DIAGNOSTIC,     2, -5.061285011601e-01, 1.797693134862e+308, 1.6893e+02, 7.2615e+00, 
 1DIAGNOSTIC,     3, -5.113172150730e-01, 1.797693134862e+308, 1.7620e+02, 7.2631e+00, 
 1DIAGNOSTIC,     4, -5.154597562085e-01, 1.797693134862e+308, 1.8345e+02, 7.2544e+00, 
 1DIAGNOSTIC,     5, -5.188686945467e-01, 1.797693134862e+308, 1.9072e+02, 7.2641e+00, 
 1DIAGNOSTIC,     6, -5.214557897280e-01, 1.797693134862e+308, 1.9798e+02, 7.2696e+00, 
 1DIAGNOSTIC,     7, -5.236720721578e-01, 1.797693134862e+308, 2.0528e+02, 7.2992e+00, 
 1DIAGNOSTIC,     8, -5.256369600505e-01, 1.797693134862e+308, 2.1251e+02, 7.2276e+00, 
 1DIAGNOSTIC,     9, -5.272628732743e-01, 1.797693134862e+308, 2.1978e+02, 7.2665e+00, 
 1DIAGNOSTIC,    10, -5.287461209797e-01, 3.346727387786e-03, 2.2710e+02, 7.3242e+00, 
 1DIAGNOSTIC,    11, -5.298827852738e-01, 2.531526310840e-03, 2.3446e+02, 7.3560e+00, 
 1DIAGNOSTIC,    12, -5.307578070595e-01, 1.916205231364e-03, 2.4175e+02, 7.2873e+00, 
 1DIAGNOSTIC,    13, -5.317359037430e-01, 1.480561943868e-03, 2.4901e+02, 7.2610e+00, 
 1DIAGNOSTIC,    14, -5.324768920767e-01, 1.161516937073e-03, 2.5628e+02, 7.2722e+00, 
 1DIAGNOSTIC,    15, -5.332422624727e-01, 9.297787496789e-04, 2.6355e+02, 7.2732e+00, 
 1DIAGNOSTIC,    16, -5.338616363555e-01, 7.501228649903e-04, 2.7087e+02, 7.3191e+00, 
 1DIAGNOSTIC,    17, -5.345301637763e-01, 6.142328336688e-04, 2.7817e+02, 7.3018e+00, 
 1DIAGNOSTIC,    18, -5.350138487241e-01, 5.099572569046e-04, 2.8551e+02, 7.3332e+00, 
 1DIAGNOSTIC,    19, -5.355772780970e-01, 4.313422994131e-04, 2.9277e+02, 7.2610e+00, 
 1DIAGNOSTIC,    20, -5.359534492727e-01, 3.704786089063e-04, 3.0003e+02, 7.2676e+00, 
 1DIAGNOSTIC,    21, -5.364905590627e-01, 3.238932337135e-04, 3.0732e+02, 7.2886e+00, 
 1DIAGNOSTIC,    22, -5.368209347194e-01, 2.805331156428e-04, 3.1462e+02, 7.2983e+00, 
 1DIAGNOSTIC,    23, -5.372281738107e-01, 2.471254696738e-04, 3.2188e+02, 7.2595e+00, 
 1DIAGNOSTIC,    24, -5.374997525294e-01, 2.159231533307e-04, 3.2916e+02, 7.2766e+00, 
 1DIAGNOSTIC,    25, -5.378863697279e-01, 1.917199472399e-04, 3.3645e+02, 7.2937e+00, 
 1DIAGNOSTIC,    26, -5.381675342474e-01, 1.697924411479e-04, 3.4369e+02, 7.2424e+00, 
 1DIAGNOSTIC,    27, -5.383959282343e-01, 1.513292170872e-04, 3.5096e+02, 7.2623e+00, 
 1DIAGNOSTIC,    28, -5.386777995339e-01, 1.345727872692e-04, 3.5822e+02, 7.2674e+00, 
 1DIAGNOSTIC,    29, -5.389929827879e-01, 1.225292612261e-04, 3.6548e+02, 7.2557e+00, 
 1DIAGNOSTIC,    30, -5.392089307901e-01, 1.101444404259e-04, 3.7274e+02, 7.2647e+00, 
 1DIAGNOSTIC,    31, -5.395044696809e-01, 1.025688779720e-04, 3.8002e+02, 7.2783e+00, 
 1DIAGNOSTIC,    32, -5.395639132772e-01, 9.224093393751e-05, 3.8733e+02, 7.3058e+00, 
 1DIAGNOSTIC,    33, -5.398999103345e-01, 8.596310986109e-05, 3.9469e+02, 7.3621e+00, 
 1DIAGNOSTIC,    34, -5.400262484584e-01, 7.802166043475e-05, 4.0195e+02, 7.2639e+00, 
 1DIAGNOSTIC,    35, -5.403061788484e-01, 7.333046606675e-05, 4.0925e+02, 7.2962e+00, 
 1DIAGNOSTIC,    36, -5.403659980221e-01, 6.701235782653e-05, 4.1651e+02, 7.2588e+00, 
 1DIAGNOSTIC,    37, -5.405868966074e-01, 6.123639527291e-05, 4.2378e+02, 7.2733e+00, 
 1DIAGNOSTIC,    38, -5.406665358038e-01, 5.497917804287e-05, 4.3106e+02, 7.2749e+00, 
 1DIAGNOSTIC,    39, -5.409109430440e-01, 5.148901035559e-05, 4.3835e+02, 7.2906e+00, 
 1DIAGNOSTIC,    40, -5.410630567017e-01, 4.812349833562e-05, 4.4563e+02, 7.2859e+00, 
 1DIAGNOSTIC,    41, -5.410153578004e-01, 4.365556848083e-05, 4.5299e+02, 7.3598e+00, 
 1DIAGNOSTIC,    42, -5.413422790138e-01, 4.021069867862e-05, 4.6026e+02, 7.2619e+00, 
 1DIAGNOSTIC,    43, -5.413621730332e-01, 3.745346013127e-05, 4.6752e+02, 7.2689e+00, 
 1DIAGNOSTIC,    44, -5.415280304752e-01, 3.478188931719e-05, 4.7482e+02, 7.2929e+00, 
 1DIAGNOSTIC,    45, -5.415725501508e-01, 3.281476124379e-05, 4.8213e+02, 7.3107e+00, 
 1DIAGNOSTIC,    46, -5.417963788085e-01, 3.113292559451e-05, 4.8940e+02, 7.2692e+00, 
 1DIAGNOSTIC,    47, -5.417947622686e-01, 2.903440937551e-05, 4.9668e+02, 7.2798e+00, 
 1DIAGNOSTIC,    48, -5.420410727946e-01, 2.787311265099e-05, 5.0398e+02, 7.3017e+00, 
 1DIAGNOSTIC,    49, -5.420244561153e-01, 2.656256367336e-05, 5.1127e+02, 7.2943e+00, 
 1DIAGNOSTIC,    50, -5.421669060026e-01, 2.602954561037e-05, 5.1865e+02, 7.3813e+00, 
 1DIAGNOSTIC,    51, -5.422522997151e-01, 2.336635997108e-05, 5.2596e+02, 7.3104e+00, 
 1DIAGNOSTIC,    52, -5.424046833362e-01, 2.352150825614e-05, 5.3331e+02, 7.3484e+00, 
 1DIAGNOSTIC,    53, -5.423538193714e-01, 2.110620601999e-05, 5.4064e+02, 7.3251e+00, 
 1DIAGNOSTIC,    54, -5.425669947135e-01, 2.059226742622e-05, 5.4798e+02, 7.3373e+00, 
 1DIAGNOSTIC,    55, -5.426053104750e-01, 1.888774076612e-05, 5.5535e+02, 7.3700e+00, 
 1DIAGNOSTIC,    56, -5.427458171477e-01, 1.895055142407e-05, 5.6266e+02, 7.3113e+00, 
 1DIAGNOSTIC,    57, -5.426605870357e-01, 1.636489356376e-05, 5.6997e+02, 7.3171e+00, 
 1DIAGNOSTIC,    58, -5.429668996868e-01, 1.748064961431e-05, 5.7732e+02, 7.3441e+00, 
 1DIAGNOSTIC,    59, -5.429390926809e-01, 1.642695731300e-05, 5.8469e+02, 7.3683e+00, 
 1DIAGNOSTIC,    60, -5.429637226500e-01, 1.535646677791e-05, 5.9201e+02, 7.3246e+00, 
 1DIAGNOSTIC,    61, -5.431599941988e-01, 1.534768388898e-05, 5.9930e+02, 7.2925e+00, 
 1DIAGNOSTIC,    62, -5.432221828904e-01, 1.573719999962e-05, 6.0657e+02, 7.2655e+00, 
 1DIAGNOSTIC,    63, -5.432396081474e-01, 1.430832259394e-05, 6.1388e+02, 7.3155e+00, 
 1DIAGNOSTIC,    64, -5.433408152799e-01, 1.421621539668e-05, 6.2122e+02, 7.3315e+00, 
 1DIAGNOSTIC,    65, -5.433777083743e-01, 1.339715719897e-05, 6.2849e+02, 7.2770e+00, 
 1DIAGNOSTIC,    66, -5.434505956061e-01, 1.309403507186e-05, 6.3577e+02, 7.2807e+00, 
 1DIAGNOSTIC,    67, -5.435390480335e-01, 1.152759530734e-05, 6.4306e+02, 7.2883e+00, 
 1DIAGNOSTIC,    68, -5.435747493256e-01, 1.162583797016e-05, 6.5033e+02, 7.2676e+00, 
 1DIAGNOSTIC,    69, -5.436671147317e-01, 1.115715899009e-05, 6.5764e+02, 7.3138e+00, 
 1DIAGNOSTIC,    70, -5.436835085222e-01, 9.931580884470e-06, 6.6496e+02, 7.3207e+00, 
 1DIAGNOSTIC,    71, -5.437565081023e-01, 9.832566484526e-06, 6.7231e+02, 7.3440e+00, 
 1DIAGNOSTIC,    72, -5.437948545032e-01, 9.563852523228e-06, 6.7961e+02, 7.3058e+00, 
 1DIAGNOSTIC,    73, -5.439118705680e-01, 9.379690104432e-06, 6.8689e+02, 7.2800e+00, 
 1DIAGNOSTIC,    74, -5.438376332832e-01, 8.515481491042e-06, 6.9416e+02, 7.2626e+00, 
 1DIAGNOSTIC,    75, -5.440026258967e-01, 8.338777636827e-06, 7.0144e+02, 7.2821e+00, 
 1DIAGNOSTIC,    76, -5.440535783241e-01, 8.225361425590e-06, 7.0879e+02, 7.3529e+00, 
 1DIAGNOSTIC,    77, -5.440630216198e-01, 8.022658232449e-06, 7.1612e+02, 7.3307e+00, 
 1DIAGNOSTIC,    78, -5.441043522413e-01, 7.612795928438e-06, 7.2344e+02, 7.3216e+00, 
 1DIAGNOSTIC,    79, -5.442013717456e-01, 7.792203821818e-06, 7.3078e+02, 7.3340e+00, 
 1DIAGNOSTIC,    80, -5.442510602799e-01, 7.660511078115e-06, 7.3803e+02, 7.2556e+00, 
 1DIAGNOSTIC,    81, -5.442107452863e-01, 7.031312875454e-06, 7.4531e+02, 7.2755e+00, 
 1DIAGNOSTIC,    82, -5.444083293869e-01, 7.305318908005e-06, 7.5263e+02, 7.3245e+00, 
 1DIAGNOSTIC,    83, -5.443620101051e-01, 7.345412989863e-06, 7.5996e+02, 7.3277e+00, 
 1DIAGNOSTIC,    84, -5.444029836163e-01, 6.484748016776e-06, 7.6727e+02, 7.3047e+00, 
 1DIAGNOSTIC,    85, -5.444217979282e-01, 6.195660586347e-06, 7.7452e+02, 7.2552e+00, 
 1DIAGNOSTIC,    86, -5.445754422045e-01, 6.612179966337e-06, 7.8177e+02, 7.2530e+00, 
 1DIAGNOSTIC,    87, -5.445004702801e-01, 5.983558137064e-06, 7.8904e+02, 7.2649e+00, 
 1DIAGNOSTIC,    88, -5.446510923487e-01, 5.986351448663e-06, 7.9632e+02, 7.2778e+00, 
 1DIAGNOSTIC,    89, -5.445360596523e-01, 5.326978166308e-06, 8.0361e+02, 7.2899e+00, 
 1DIAGNOSTIC,    90, -5.447200226873e-01, 5.605483862437e-06, 8.1090e+02, 7.2937e+00, 
 1DIAGNOSTIC,    91, -5.447177430201e-01, 5.052783559686e-06, 8.1823e+02, 7.3283e+00, 
 1DIAGNOSTIC,    92, -5.447279143392e-01, 5.264604238442e-06, 8.2553e+02, 7.3062e+00, 
 1DIAGNOSTIC,    93, -5.447854488652e-01, 5.073601755659e-06, 8.3287e+02, 7.3313e+00, 
 1DIAGNOSTIC,    94, -5.448838255154e-01, 5.206934575433e-06, 8.4021e+02, 7.3397e+00, 
 1DIAGNOSTIC,    95, -5.447967510406e-01, 4.446149082645e-06, 8.4750e+02, 7.2940e+00, 
 1DIAGNOSTIC,    96, -5.449247350679e-01, 4.884266795705e-06, 8.5478e+02, 7.2857e+00, 
 1DIAGNOSTIC,    97, -5.448322526375e-01, 3.928770007211e-06, 8.6206e+02, 7.2712e+00, 
 1DIAGNOSTIC,    98, -5.450123931084e-01, 4.461569883095e-06, 8.6933e+02, 7.2743e+00, 
 1DIAGNOSTIC,    99, -5.449984372258e-01, 3.838421057533e-06, 8.7661e+02, 7.2755e+00, 
 1DIAGNOSTIC,   100, -5.450516341824e-01, 4.152840011139e-06, 8.8391e+02, 7.3048e+00, 
XXDIAGNOSTIC,Iteration,metricValue,convergenceValue,ITERATION_TIME_INDEX,SINCE_LAST
 1DIAGNOSTIC,     1, -4.858503941204e-01, 1.797693134862e+308, 9.1714e+02, 3.3231e+01, 
 1DIAGNOSTIC,     2, -4.893384289775e-01, 1.797693134862e+308, 9.4176e+02, 2.4619e+01, 
 1DIAGNOSTIC,     3, -4.923980296719e-01, 1.797693134862e+308, 9.6630e+02, 2.4540e+01, 
 1DIAGNOSTIC,     4, -4.951816870266e-01, 1.797693134862e+308, 9.9083e+02, 2.4534e+01, 
 1DIAGNOSTIC,     5, -4.977414976076e-01, 1.797693134862e+308, 1.0154e+03, 2.4605e+01, 
 1DIAGNOSTIC,     6, -5.001077331219e-01, 1.797693134862e+308, 1.0398e+03, 2.4385e+01, 
 1DIAGNOSTIC,     7, -5.021915964142e-01, 1.797693134862e+308, 1.0646e+03, 2.4790e+01, 
 1DIAGNOSTIC,     8, -5.042268468933e-01, 1.797693134862e+308, 1.0892e+03, 2.4557e+01, 
 1DIAGNOSTIC,     9, -5.056185747021e-01, 1.797693134862e+308, 1.1138e+03, 2.4604e+01, 
 1DIAGNOSTIC,    10, -5.069908204533e-01, 2.704600855546e-03, 1.1383e+03, 2.4527e+01, 
 1DIAGNOSTIC,    11, -5.081347134195e-01, 2.190723711200e-03, 1.1628e+03, 2.4540e+01, 
 1DIAGNOSTIC,    12, -5.091873930961e-01, 1.780268339977e-03, 1.1873e+03, 2.4446e+01, 
 1DIAGNOSTIC,    13, -5.101421725800e-01, 1.446680697765e-03, 1.2119e+03, 2.4564e+01, 
 1DIAGNOSTIC,    14, -5.110830834889e-01, 1.179544203928e-03, 1.2363e+03, 2.4466e+01, 
 1DIAGNOSTIC,    15, -5.118328202174e-01, 9.646406207527e-04, 1.2609e+03, 2.4579e+01, 
 1DIAGNOSTIC,    16, -5.126571586210e-01, 8.003609742095e-04, 1.2855e+03, 2.4581e+01, 
 1DIAGNOSTIC,    17, -5.132061459660e-01, 6.683155688281e-04, 1.3102e+03, 2.4682e+01, 
 1DIAGNOSTIC,    18, -5.139819033083e-01, 5.770749602665e-04, 1.3350e+03, 2.4881e+01, 
 1DIAGNOSTIC,    19, -5.144795238076e-01, 4.973973113402e-04, 1.3598e+03, 2.4799e+01, 
 1DIAGNOSTIC,    20, -5.150705313339e-01, 4.344910017910e-04, 1.3847e+03, 2.4863e+01, 
 1DIAGNOSTIC,    21, -5.155937637664e-01, 3.814762893389e-04, 1.4096e+03, 2.4848e+01, 
 1DIAGNOSTIC,    22, -5.161068995237e-01, 3.374162973823e-04, 1.4343e+03, 2.4721e+01, 
 1DIAGNOSTIC,    23, -5.166132410559e-01, 3.010023952015e-04, 1.4591e+03, 2.4805e+01, 
 1DIAGNOSTIC,    24, -5.169914090551e-01, 2.700598512368e-04, 1.4839e+03, 2.4816e+01, 
 1DIAGNOSTIC,    25, -5.174022174881e-01, 2.421029261798e-04, 1.5086e+03, 2.4754e+01, 
 1DIAGNOSTIC,    26, -5.178762478346e-01, 2.214349197038e-04, 1.5333e+03, 2.4654e+01, 
 1DIAGNOSTIC,    27, -5.182515295161e-01, 2.002990455118e-04, 1.5581e+03, 2.4788e+01, 
 1DIAGNOSTIC,    28, -5.186152500511e-01, 1.845027071915e-04, 1.5828e+03, 2.4723e+01, 
 1DIAGNOSTIC,    29, -5.189355497955e-01, 1.680659515582e-04, 1.6075e+03, 2.4704e+01, 
 1DIAGNOSTIC,    30, -5.193323403117e-01, 1.551717940940e-04, 1.6322e+03, 2.4709e+01, 
 1DIAGNOSTIC,    31, -5.196460965757e-01, 1.433374974210e-04, 1.6568e+03, 2.4575e+01, 
 1DIAGNOSTIC,    32, -5.199701766375e-01, 1.331600936937e-04, 1.6815e+03, 2.4704e+01, 
 1DIAGNOSTIC,    33, -5.201834093316e-01, 1.231308787360e-04, 1.7062e+03, 2.4711e+01, 
 1DIAGNOSTIC,    34, -5.205264459101e-01, 1.138344462144e-04, 1.7309e+03, 2.4734e+01, 
 1DIAGNOSTIC,    35, -5.207683856382e-01, 1.045105416673e-04, 1.7559e+03, 2.4914e+01, 
 1DIAGNOSTIC,    36, -5.210126180666e-01, 9.683315239336e-05, 1.7805e+03, 2.4636e+01, 
 1DIAGNOSTIC,    37, -5.212441567085e-01, 8.947792422091e-05, 1.8052e+03, 2.4699e+01, 
 1DIAGNOSTIC,    38, -5.215404542673e-01, 8.365598116633e-05, 1.8298e+03, 2.4603e+01, 
 1DIAGNOSTIC,    39, -5.216711276973e-01, 7.650687561361e-05, 1.8547e+03, 2.4861e+01, 
 1DIAGNOSTIC,    40, -5.219755831521e-01, 7.217720880500e-05, 1.8794e+03, 2.4730e+01, 
 1DIAGNOSTIC,    41, -5.221313492942e-01, 6.748126918183e-05, 1.9042e+03, 2.4818e+01, 
 1DIAGNOSTIC,    42, -5.223457621546e-01, 6.372161200279e-05, 1.9290e+03, 2.4759e+01, 
 1DIAGNOSTIC,    43, -5.225034660562e-01, 5.879825485716e-05, 1.9538e+03, 2.4825e+01, 
 1DIAGNOSTIC,    44, -5.226738506288e-01, 5.496911144256e-05, 1.9785e+03, 2.4685e+01, 
 1DIAGNOSTIC,    45, -5.228768923421e-01, 5.154133948353e-05, 2.0032e+03, 2.4680e+01, 
 1DIAGNOSTIC,    46, -5.230996186690e-01, 4.894202691295e-05, 2.0279e+03, 2.4766e+01, 
 1DIAGNOSTIC,    47, -5.231531578785e-01, 4.510208646938e-05, 2.0528e+03, 2.4856e+01, 
 1DIAGNOSTIC,    48, -5.234055483169e-01, 4.352707762506e-05, 2.0775e+03, 2.4746e+01, 
 1DIAGNOSTIC,    49, -5.235087561113e-01, 4.043285896848e-05, 2.1023e+03, 2.4753e+01, 
 1DIAGNOSTIC,    50, -5.237137616439e-01, 3.924836362764e-05, 2.1270e+03, 2.4707e+01, 
 1DIAGNOSTIC,    51, -5.238090685276e-01, 3.705782624409e-05, 2.1517e+03, 2.4678e+01, 
 1DIAGNOSTIC,    52, -5.239595163902e-01, 3.533028806171e-05, 2.1766e+03, 2.4910e+01, 
 1DIAGNOSTIC,    53, -5.240148675834e-01, 3.252244538910e-05, 2.2015e+03, 2.4908e+01, 
 1DIAGNOSTIC,    54, -5.242635118278e-01, 3.099962923102e-05, 2.2265e+03, 2.5043e+01, 
 1DIAGNOSTIC,    55, -5.242955238248e-01, 2.887383286581e-05, 2.2513e+03, 2.4750e+01, 
 1DIAGNOSTIC,    56, -5.244547303580e-01, 2.790190965455e-05, 2.2759e+03, 2.4660e+01, 
 1DIAGNOSTIC,    57, -5.245348352273e-01, 2.557553232161e-05, 2.3008e+03, 2.4860e+01, 
 1DIAGNOSTIC,    58, -5.247535429245e-01, 2.539255833754e-05, 2.3255e+03, 2.4743e+01, 
 1DIAGNOSTIC,    59, -5.247153173364e-01, 2.334685057699e-05, 2.3502e+03, 2.4671e+01, 
 1DIAGNOSTIC,    60, -5.249924804251e-01, 2.363169733556e-05, 2.3748e+03, 2.4615e+01, 
 1DIAGNOSTIC,    61, -5.249080623297e-01, 2.171641968567e-05, 2.3995e+03, 2.4714e+01, 
 1DIAGNOSTIC,    62, -5.251765189853e-01, 2.158317534078e-05, 2.4243e+03, 2.4740e+01, 
 1DIAGNOSTIC,    63, -5.251344077347e-01, 1.943675282860e-05, 2.4489e+03, 2.4656e+01, 
 1DIAGNOSTIC,    64, -5.253714883076e-01, 1.974839874801e-05, 2.4736e+03, 2.4714e+01, 
 1DIAGNOSTIC,    65, -5.253024476437e-01, 1.782360670122e-05, 2.4984e+03, 2.4746e+01, 
 1DIAGNOSTIC,    66, -5.256128145451e-01, 1.822886835191e-05, 2.5230e+03, 2.4648e+01, 
 1DIAGNOSTIC,    67, -5.255090901508e-01, 1.661994637410e-05, 2.5479e+03, 2.4881e+01, 
 1DIAGNOSTIC,    68, -5.256990739988e-01, 1.686793194792e-05, 2.5725e+03, 2.4569e+01, 
 1DIAGNOSTIC,    69, -5.256754296379e-01, 1.495808521931e-05, 2.5972e+03, 2.4730e+01, 
 1DIAGNOSTIC,    70, -5.259615460963e-01, 1.616975616206e-05, 2.6220e+03, 2.4728e+01, 
XXDIAGNOSTIC,Iteration,metricValue,convergenceValue,ITERATION_TIME_INDEX,SINCE_LAST
 1DIAGNOSTIC,     1, -4.280960421610e-01, 1.797693134862e+308, 2.8376e+03, 2.1567e+02, 
 1DIAGNOSTIC,     2, -4.320303862439e-01, 1.797693134862e+308, 3.0384e+03, 2.0082e+02, 
 1DIAGNOSTIC,     3, -4.354501877298e-01, 1.797693134862e+308, 3.2382e+03, 1.9978e+02, 
 1DIAGNOSTIC,     4, -4.387973229456e-01, 1.797693134862e+308, 3.4382e+03, 1.9996e+02, 
 1DIAGNOSTIC,     5, -4.418615925063e-01, 1.797693134862e+308, 3.6383e+03, 2.0009e+02, 
 1DIAGNOSTIC,     6, -4.444487215388e-01, 1.797693134862e+308, 3.8371e+03, 1.9885e+02, 
 1DIAGNOSTIC,     7, -4.467729340112e-01, 1.797693134862e+308, 4.0378e+03, 2.0067e+02, 
 1DIAGNOSTIC,     8, -4.488409710419e-01, 1.797693134862e+308, 4.2373e+03, 1.9952e+02, 
 1DIAGNOSTIC,     9, -4.507156864848e-01, 1.797693134862e+308, 4.4362e+03, 1.9894e+02, 
 1DIAGNOSTIC,    10, -4.524420571482e-01, 3.490153849901e-03, 4.6353e+03, 1.9904e+02, 
 1DIAGNOSTIC,    11, -4.539782699402e-01, 2.848973146250e-03, 4.8344e+03, 1.9912e+02, 
 1DIAGNOSTIC,    12, -4.554160957785e-01, 2.345326884071e-03, 5.0345e+03, 2.0015e+02, 
 1DIAGNOSTIC,    13, -4.567279239229e-01, 1.938885833193e-03, 5.2347e+03, 2.0017e+02, 
 1DIAGNOSTIC,    14, -4.578105174807e-01, 1.615048983013e-03, 5.4347e+03, 2.0000e+02, 
 1DIAGNOSTIC,    15, -4.588215030563e-01, 1.359164215785e-03, 5.6345e+03, 1.9977e+02, 
 1DIAGNOSTIC,    16, -4.597509795063e-01, 1.149532993057e-03, 5.8347e+03, 2.0023e+02, 
 1DIAGNOSTIC,    17, -4.606372161800e-01, 9.778196199832e-04, 6.0356e+03, 2.0086e+02, 
 1DIAGNOSTIC,    18, -4.614264176625e-01, 8.347309738351e-04, 6.2385e+03, 2.0293e+02, 
 1DIAGNOSTIC,    19, -4.621876055648e-01, 7.165834049487e-04, 6.4394e+03, 2.0088e+02, 
 1DIAGNOSTIC,    20, -4.628814844321e-01, 6.196550389076e-04, 6.6392e+03, 1.9983e+02, 
 1DIAGNOSTIC,    21, -4.635534688450e-01, 5.400691096208e-04, 6.8398e+03, 2.0059e+02, 
 1DIAGNOSTIC,    22, -4.641490531990e-01, 4.750256224419e-04, 7.0408e+03, 2.0102e+02, 
 1DIAGNOSTIC,    23, -4.647004465064e-01, 4.218557375288e-04, 7.2431e+03, 2.0228e+02, 
 1DIAGNOSTIC,    24, -4.652652654640e-01, 3.764285809982e-04, 7.4454e+03, 2.0226e+02, 
 1DIAGNOSTIC,    25, -4.657920672033e-01, 3.376008775533e-04, 7.6465e+03, 2.0115e+02, 
 1DIAGNOSTIC,    26, -4.662804449660e-01, 3.039280611579e-04, 7.8484e+03, 2.0187e+02, 
 1DIAGNOSTIC,    27, -4.667498222258e-01, 2.753844211152e-04, 8.0509e+03, 2.0253e+02, 
 1DIAGNOSTIC,    28, -4.672065439748e-01, 2.505625204766e-04, 8.2533e+03, 2.0243e+02, 
 1DIAGNOSTIC,    29, -4.676227852662e-01, 2.289846952290e-04, 8.4534e+03, 2.0006e+02, 
 1DIAGNOSTIC,    30, -4.680401818569e-01, 2.101530379613e-04, 8.6545e+03, 2.0106e+02, 
 1DIAGNOSTIC,    31, -4.684272468734e-01, 1.938269384829e-04, 8.8539e+03, 1.9947e+02, 
 1DIAGNOSTIC,    32, -4.688130525983e-01, 1.791720091552e-04, 9.0546e+03, 2.0062e+02, 
 1DIAGNOSTIC,    33, -4.691242390877e-01, 1.645683822306e-04, 9.2552e+03, 2.0067e+02, 
 1DIAGNOSTIC,    34, -4.694785672702e-01, 1.519513422683e-04, 9.4557e+03, 2.0051e+02, 
 1DIAGNOSTIC,    35, -4.697817335501e-01, 1.402688770724e-04, 9.6561e+03, 2.0038e+02, 
 1DIAGNOSTIC,    36, -4.701023631707e-01, 1.297842198889e-04, 9.8572e+03, 2.0104e+02, 
 1DIAGNOSTIC,    37, -4.703684575131e-01, 1.197810943734e-04, 1.0057e+04, 1.9993e+02, 
 1DIAGNOSTIC,    38, -4.706882904159e-01, 1.115443739247e-04, 1.0257e+04, 1.9997e+02, 
 1DIAGNOSTIC,    39, -4.709058889482e-01, 1.031046897820e-04, 1.0459e+04, 2.0172e+02, 
 1DIAGNOSTIC,    40, -4.711878872638e-01, 9.606233597139e-05, 1.0658e+04, 1.9938e+02, 
 1DIAGNOSTIC,    41, -4.713987153025e-01, 8.916727170687e-05, 1.0859e+04, 2.0061e+02, 
 1DIAGNOSTIC,    42, -4.716514873875e-01, 8.348946328587e-05, 1.1060e+04, 2.0083e+02, 
 1DIAGNOSTIC,    43, -4.718552635594e-01, 7.745898065524e-05, 1.1260e+04, 2.0076e+02, 
 1DIAGNOSTIC,    44, -4.721076291733e-01, 7.281302474888e-05, 1.1462e+04, 2.0122e+02, 
 1DIAGNOSTIC,    45, -4.722866689105e-01, 6.799439422067e-05, 1.1663e+04, 2.0150e+02, 
 1DIAGNOSTIC,    46, -4.725226948883e-01, 6.435813628156e-05, 1.1864e+04, 2.0051e+02, 
 1DIAGNOSTIC,    47, -4.726898924497e-01, 6.036386781381e-05, 1.2066e+04, 2.0266e+02, 
 1DIAGNOSTIC,    48, -4.729177955237e-01, 5.780888744071e-05, 1.2268e+04, 2.0193e+02, 
 1DIAGNOSTIC,    49, -4.730672656506e-01, 5.440380046113e-05, 1.2469e+04, 2.0112e+02, 
 1DIAGNOSTIC,    50, -4.732890629893e-01, 5.214865032014e-05, 1.2670e+04, 2.0047e+02, 
XXDIAGNOSTIC,Iteration,metricValue,convergenceValue,ITERATION_TIME_INDEX,SINCE_LAST
 1DIAGNOSTIC,     1, -3.814836130392e-01, 1.797693134862e+308, 1.4391e+04, 1.7217e+03, 
 1DIAGNOSTIC,     2, -3.833427548766e-01, 1.797693134862e+308, 1.6105e+04, 1.7137e+03, 
 1DIAGNOSTIC,     3, -3.850970627460e-01, 1.797693134862e+308, 1.7775e+04, 1.6702e+03, 
 1DIAGNOSTIC,     4, -3.869619313763e-01, 1.797693134862e+308, 1.9443e+04, 1.6676e+03, 
 1DIAGNOSTIC,     5, -3.886820548389e-01, 1.797693134862e+308, 2.1088e+04, 1.6448e+03, 
 1DIAGNOSTIC,     6, -3.902462901183e-01, 1.797693134862e+308, 2.2744e+04, 1.6564e+03, 
 1DIAGNOSTIC,     7, -3.918512006364e-01, 1.797693134862e+308, 2.4400e+04, 1.6560e+03, 
 1DIAGNOSTIC,     8, -3.933599449982e-01, 1.797693134862e+308, 2.6045e+04, 1.6451e+03, 
 1DIAGNOSTIC,     9, -3.948201163917e-01, 1.797693134862e+308, 2.7712e+04, 1.6665e+03, 
slurmstepd: error: *** JOB 6248627 ON wbic-csm-1 CANCELLED AT 2021-02-09T23:22:03 DUE TO TIME LIMIT ***
