Changed directory to /lustre/scratch/wbic-beta/ccn30/ENCRYPT/gridcellpilot/scripts/coregistration/slurmoutputs.

JobID: 4083878
======
Time: Thu Oct 17 12:27:42 BST 2019
Running on master node: wbic-cs-19
Current directory: /lustre/scratch/wbic-beta/ccn30/ENCRYPT/gridcellpilot/scripts/coregistration/slurmoutputs

Nodes allocated:
================
wbic-cs-19

numtasks=1, numnodes=1, mpi_tasks_per_node=1 (OMP_NUM_THREADS=1)

Executing command:
==================
/lustre/scratch/wbic-beta/ccn30/ENCRYPT/gridcellpilot/scripts/coregistration/ants_test.sh /lustre/scratch/wbic-beta/ccn30/ENCRYPT/gridcellpilot 27734/20190902_U-ID46027

27734
/lustre/scratch/wbic-beta/ccn30/ENCRYPT/gridcellpilot
/lustre/scratch/wbic-beta/ccn30/ENCRYPT/gridcellpilot/preprocessed_data/segmentation/27734/coregistration

--------------------------------------------------------------------------------------
 Mapping parameters
--------------------------------------------------------------------------------------
 ANTSPATH is /applications/ANTS/2.2.0/bin/

 Dimensionality:           3
 Output name prefix:       /lustre/scratch/wbic-beta/ccn30/ENCRYPT/gridcellpilot/preprocessed_data/segmentation/27734/coregistration/t12t2_ANTSdenoise_
 Fixed images:             /lustre/scratch/wbic-beta/ccn30/ENCRYPT/gridcellpilot/raw_data/images/27734/20190902_U-ID46027/Series_033_Highresolution_TSE_PAT2_100/N4reorientSeries_033_Highresolution_TSE_PAT2_100_c32.nii
 Moving images:            /lustre/scratch/wbic-beta/ccn30/ENCRYPT/gridcellpilot/raw_data/images/27734/20190902_U-ID46027/mp2rage/manualtestfiles/denoisern4_PSIR_skulled_std.nii
 Number of threads:        1
 Spline distance:          26
 Transform type:           s
 MI histogram bins:        32
 Precision:                d
 Use histogram matching    0
======================================================================================
 antsRegistration call:
--------------------------------------------------------------------------------------
/applications/ANTS/2.2.0/bin//antsRegistration --verbose 1 --dimensionality 3 --float 0 --output [/lustre/scratch/wbic-beta/ccn30/ENCRYPT/gridcellpilot/preprocessed_data/segmentation/27734/coregistration/t12t2_ANTSdenoise_,/lustre/scratch/wbic-beta/ccn30/ENCRYPT/gridcellpilot/preprocessed_data/segmentation/27734/coregistration/t12t2_ANTSdenoise_Warped.nii.gz,/lustre/scratch/wbic-beta/ccn30/ENCRYPT/gridcellpilot/preprocessed_data/segmentation/27734/coregistration/t12t2_ANTSdenoise_InverseWarped.nii.gz] --interpolation Linear --use-histogram-matching 0 --winsorize-image-intensities [0.005,0.995] --initial-moving-transform [/lustre/scratch/wbic-beta/ccn30/ENCRYPT/gridcellpilot/raw_data/images/27734/20190902_U-ID46027/Series_033_Highresolution_TSE_PAT2_100/N4reorientSeries_033_Highresolution_TSE_PAT2_100_c32.nii,/lustre/scratch/wbic-beta/ccn30/ENCRYPT/gridcellpilot/raw_data/images/27734/20190902_U-ID46027/mp2rage/manualtestfiles/denoisern4_PSIR_skulled_std.nii,1] --transform Rigid[0.1] --metric MI[/lustre/scratch/wbic-beta/ccn30/ENCRYPT/gridcellpilot/raw_data/images/27734/20190902_U-ID46027/Series_033_Highresolution_TSE_PAT2_100/N4reorientSeries_033_Highresolution_TSE_PAT2_100_c32.nii,/lustre/scratch/wbic-beta/ccn30/ENCRYPT/gridcellpilot/raw_data/images/27734/20190902_U-ID46027/mp2rage/manualtestfiles/denoisern4_PSIR_skulled_std.nii,1,32,Regular,0.25] --convergence [1000x500x250x0,1e-6,10] --shrink-factors 12x8x4x2 --smoothing-sigmas 4x3x2x1vox --transform Affine[0.1] --metric MI[/lustre/scratch/wbic-beta/ccn30/ENCRYPT/gridcellpilot/raw_data/images/27734/20190902_U-ID46027/Series_033_Highresolution_TSE_PAT2_100/N4reorientSeries_033_Highresolution_TSE_PAT2_100_c32.nii,/lustre/scratch/wbic-beta/ccn30/ENCRYPT/gridcellpilot/raw_data/images/27734/20190902_U-ID46027/mp2rage/manualtestfiles/denoisern4_PSIR_skulled_std.nii,1,32,Regular,0.25] --convergence [1000x500x250x0,1e-6,10] --shrink-factors 12x8x4x2 --smoothing-sigmas 4x3x2x1vox --transform SyN[0.1,3,0] --metric MI[/lustre/scratch/wbic-beta/ccn30/ENCRYPT/gridcellpilot/raw_data/images/27734/20190902_U-ID46027/Series_033_Highresolution_TSE_PAT2_100/N4reorientSeries_033_Highresolution_TSE_PAT2_100_c32.nii,/lustre/scratch/wbic-beta/ccn30/ENCRYPT/gridcellpilot/raw_data/images/27734/20190902_U-ID46027/mp2rage/manualtestfiles/denoisern4_PSIR_skulled_std.nii,1,32] --convergence [100x100x70x50x0,1e-6,10] --shrink-factors 10x6x4x2x1 --smoothing-sigmas 5x3x2x1x0vox
--------------------------------------------------------------------------------------
All_Command_lines_OK
Using double precision for computations.
=============================================================================
The composite transform comprises the following transforms (in order): 
  1. Center of mass alignment using fixed image: /lustre/scratch/wbic-beta/ccn30/ENCRYPT/gridcellpilot/raw_data/images/27734/20190902_U-ID46027/Series_033_Highresolution_TSE_PAT2_100/N4reorientSeries_033_Highresolution_TSE_PAT2_100_c32.nii and moving image: /lustre/scratch/wbic-beta/ccn30/ENCRYPT/gridcellpilot/raw_data/images/27734/20190902_U-ID46027/mp2rage/manualtestfiles/denoisern4_PSIR_skulled_std.nii (type = Euler3DTransform)
=============================================================================
  number of levels = 4
  number of levels = 4
  number of levels = 5
  fixed image: /lustre/scratch/wbic-beta/ccn30/ENCRYPT/gridcellpilot/raw_data/images/27734/20190902_U-ID46027/Series_033_Highresolution_TSE_PAT2_100/N4reorientSeries_033_Highresolution_TSE_PAT2_100_c32.nii
  moving image: /lustre/scratch/wbic-beta/ccn30/ENCRYPT/gridcellpilot/raw_data/images/27734/20190902_U-ID46027/mp2rage/manualtestfiles/denoisern4_PSIR_skulled_std.nii
  fixed image: /lustre/scratch/wbic-beta/ccn30/ENCRYPT/gridcellpilot/raw_data/images/27734/20190902_U-ID46027/Series_033_Highresolution_TSE_PAT2_100/N4reorientSeries_033_Highresolution_TSE_PAT2_100_c32.nii
  moving image: /lustre/scratch/wbic-beta/ccn30/ENCRYPT/gridcellpilot/raw_data/images/27734/20190902_U-ID46027/mp2rage/manualtestfiles/denoisern4_PSIR_skulled_std.nii
  fixed image: /lustre/scratch/wbic-beta/ccn30/ENCRYPT/gridcellpilot/raw_data/images/27734/20190902_U-ID46027/Series_033_Highresolution_TSE_PAT2_100/N4reorientSeries_033_Highresolution_TSE_PAT2_100_c32.nii
  moving image: /lustre/scratch/wbic-beta/ccn30/ENCRYPT/gridcellpilot/raw_data/images/27734/20190902_U-ID46027/mp2rage/manualtestfiles/denoisern4_PSIR_skulled_std.nii
Dimension = 3
Number of stages = 3
Use Histogram Matching false
Winsorize image intensities true
Lower quantile = 0.005
Upper quantile = 0.995
Stage 1 State
   Image metric = Mattes
     Fixed image = Image (0x4ffd250)
  RTTI typeinfo:   itk::Image<double, 3u>
  Reference Count: 2
  Modified Time: 1713
  Debug: Off
  Object Name: 
  Observers: 
    none
  Source: (none)
  Source output name: (none)
  Release Data: Off
  Data Released: False
  Global Release Data: Off
  PipelineMTime: 0
  UpdateMTime: 1535
  RealTimeStamp: 0 seconds 
  LargestPossibleRegion: 
    Dimension: 3
    Index: [0, 0, 0]
    Size: [512, 54, 512]
  BufferedRegion: 
    Dimension: 3
    Index: [0, 0, 0]
    Size: [512, 54, 512]
  RequestedRegion: 
    Dimension: 3
    Index: [0, 0, 0]
    Size: [512, 54, 512]
  Spacing: [0.4375, 1.1, 0.4375]
  Origin: [-111.936, 60.2767, -50.5585]
  Direction: 
1 0.000352122 9.89753e-05
0.000352122 -0.853556 -0.521001
9.89753e-05 -0.521001 0.853556

  IndexToPointMatrix: 
0.4375 0.000387335 4.33017e-05
0.000154054 -0.938913 -0.227938
4.33017e-05 -0.573102 0.373431

  PointToIndexMatrix: 
2.28571 0.000804851 0.000226229
0.000320111 -0.775958 -0.473637
0.000226229 -1.19086 1.95098

  Inverse Direction: 
1 0.000352122 9.89753e-05
0.000352122 -0.853556 -0.521001
9.89753e-05 -0.521001 0.853556

  PixelContainer: 
    ImportImageContainer (0x4ffc9d0)
      RTTI typeinfo:   itk::ImportImageContainer<unsigned long, double>
      Reference Count: 1
      Modified Time: 1532
      Debug: Off
      Object Name: 
      Observers: 
        none
      Pointer: 0x2b0c65e18010
      Container manages memory: true
      Size: 14155776
      Capacity: 14155776

     Moving image = Image (0x4fff7d0)
  RTTI typeinfo:   itk::Image<double, 3u>
  Reference Count: 2
  Modified Time: 1714
  Debug: Off
  Object Name: 
  Observers: 
    none
  Source: (none)
  Source output name: (none)
  Release Data: Off
  Data Released: False
  Global Release Data: Off
  PipelineMTime: 0
  UpdateMTime: 1711
  RealTimeStamp: 0 seconds 
  LargestPossibleRegion: 
    Dimension: 3
    Index: [0, 0, 0]
    Size: [224, 320, 320]
  BufferedRegion: 
    Dimension: 3
    Index: [0, 0, 0]
    Size: [224, 320, 320]
  RequestedRegion: 
    Dimension: 3
    Index: [0, 0, 0]
    Size: [224, 320, 320]
  Spacing: [0.699997, 0.7, 0.7]
  Origin: [-75.5706, 75.9683, -76.5881]
  Direction: 
1 0 0
0 -1 0
0 0 1

  IndexToPointMatrix: 
0.699997 0 0
0 -0.7 0
0 0 0.7

  PointToIndexMatrix: 
1.42858 0 0
0 -1.42857 0
0 0 1.42857

  Inverse Direction: 
1 0 0
0 -1 0
0 0 1

  PixelContainer: 
    ImportImageContainer (0x5000400)
      RTTI typeinfo:   itk::ImportImageContainer<unsigned long, double>
      Reference Count: 1
      Modified Time: 1708
      Debug: Off
      Object Name: 
      Observers: 
        none
      Pointer: 0x2b0c6ca19010
      Container manages memory: true
      Size: 22937600
      Capacity: 22937600

     Weighting = 1
     Sampling strategy = regular
     Number of bins = 32
     Radius = 4
     Sampling percentage  = 0.25
   Transform = Rigid
     Gradient step = 0.1
     Update field sigma (voxel space) = 0
     Total field sigma (voxel space) = 0
     Update field time sigma = 0
     Total field time sigma  = 0
     Number of time indices = 0
     Number of time point samples = 0
Stage 2 State
   Image metric = Mattes
     Fixed image = Image (0x5002460)
  RTTI typeinfo:   itk::Image<double, 3u>
  Reference Count: 2
  Modified Time: 2067
  Debug: Off
  Object Name: 
  Observers: 
    none
  Source: (none)
  Source output name: (none)
  Release Data: Off
  Data Released: False
  Global Release Data: Off
  PipelineMTime: 0
  UpdateMTime: 1889
  RealTimeStamp: 0 seconds 
  LargestPossibleRegion: 
    Dimension: 3
    Index: [0, 0, 0]
    Size: [512, 54, 512]
  BufferedRegion: 
    Dimension: 3
    Index: [0, 0, 0]
    Size: [512, 54, 512]
  RequestedRegion: 
    Dimension: 3
    Index: [0, 0, 0]
    Size: [512, 54, 512]
  Spacing: [0.4375, 1.1, 0.4375]
  Origin: [-111.936, 60.2767, -50.5585]
  Direction: 
1 0.000352122 9.89753e-05
0.000352122 -0.853556 -0.521001
9.89753e-05 -0.521001 0.853556

  IndexToPointMatrix: 
0.4375 0.000387335 4.33017e-05
0.000154054 -0.938913 -0.227938
4.33017e-05 -0.573102 0.373431

  PointToIndexMatrix: 
2.28571 0.000804851 0.000226229
0.000320111 -0.775958 -0.473637
0.000226229 -1.19086 1.95098

  Inverse Direction: 
1 0.000352122 9.89753e-05
0.000352122 -0.853556 -0.521001
9.89753e-05 -0.521001 0.853556

  PixelContainer: 
    ImportImageContainer (0x50144a0)
      RTTI typeinfo:   itk::ImportImageContainer<unsigned long, double>
      Reference Count: 1
      Modified Time: 1886
      Debug: Off
      Object Name: 
      Observers: 
        none
      Pointer: 0x2b0c7791a010
      Container manages memory: true
      Size: 14155776
      Capacity: 14155776

     Moving image = Image (0x5014630)
  RTTI typeinfo:   itk::Image<double, 3u>
  Reference Count: 2
  Modified Time: 2068
  Debug: Off
  Object Name: 
  Observers: 
    none
  Source: (none)
  Source output name: (none)
  Release Data: Off
  Data Released: False
  Global Release Data: Off
  PipelineMTime: 0
  UpdateMTime: 2065
  RealTimeStamp: 0 seconds 
  LargestPossibleRegion: 
    Dimension: 3
    Index: [0, 0, 0]
    Size: [224, 320, 320]
  BufferedRegion: 
    Dimension: 3
    Index: [0, 0, 0]
    Size: [224, 320, 320]
  RequestedRegion: 
    Dimension: 3
    Index: [0, 0, 0]
    Size: [224, 320, 320]
  Spacing: [0.699997, 0.7, 0.7]
  Origin: [-75.5706, 75.9683, -76.5881]
  Direction: 
1 0 0
0 -1 0
0 0 1

  IndexToPointMatrix: 
0.699997 0 0
0 -0.7 0
0 0 0.7

  PointToIndexMatrix: 
1.42858 0 0
0 -1.42857 0
0 0 1.42857

  Inverse Direction: 
1 0 0
0 -1 0
0 0 1

  PixelContainer: 
    ImportImageContainer (0x50148c0)
      RTTI typeinfo:   itk::ImportImageContainer<unsigned long, double>
      Reference Count: 1
      Modified Time: 2062
      Debug: Off
      Object Name: 
      Observers: 
        none
      Pointer: 0x2b0c7e51b010
      Container manages memory: true
      Size: 22937600
      Capacity: 22937600

     Weighting = 1
     Sampling strategy = regular
     Number of bins = 32
     Radius = 4
     Sampling percentage  = 0.25
   Transform = Affine
     Gradient step = 0.1
     Update field sigma (voxel space) = 0
     Total field sigma (voxel space) = 0
     Update field time sigma = 0
     Total field time sigma  = 0
     Number of time indices = 0
     Number of time point samples = 0
Stage 3 State
   Image metric = Mattes
     Fixed image = Image (0x5010e20)
  RTTI typeinfo:   itk::Image<double, 3u>
  Reference Count: 2
  Modified Time: 2421
  Debug: Off
  Object Name: 
  Observers: 
    none
  Source: (none)
  Source output name: (none)
  Release Data: Off
  Data Released: False
  Global Release Data: Off
  PipelineMTime: 0
  UpdateMTime: 2243
  RealTimeStamp: 0 seconds 
  LargestPossibleRegion: 
    Dimension: 3
    Index: [0, 0, 0]
    Size: [512, 54, 512]
  BufferedRegion: 
    Dimension: 3
    Index: [0, 0, 0]
    Size: [512, 54, 512]
  RequestedRegion: 
    Dimension: 3
    Index: [0, 0, 0]
    Size: [512, 54, 512]
  Spacing: [0.4375, 1.1, 0.4375]
  Origin: [-111.936, 60.2767, -50.5585]
  Direction: 
1 0.000352122 9.89753e-05
0.000352122 -0.853556 -0.521001
9.89753e-05 -0.521001 0.853556

  IndexToPointMatrix: 
0.4375 0.000387335 4.33017e-05
0.000154054 -0.938913 -0.227938
4.33017e-05 -0.573102 0.373431

  PointToIndexMatrix: 
2.28571 0.000804851 0.000226229
0.000320111 -0.775958 -0.473637
0.000226229 -1.19086 1.95098

  Inverse Direction: 
1 0.000352122 9.89753e-05
0.000352122 -0.853556 -0.521001
9.89753e-05 -0.521001 0.853556

  PixelContainer: 
    ImportImageContainer (0x5013fa0)
      RTTI typeinfo:   itk::ImportImageContainer<unsigned long, double>
      Reference Count: 1
      Modified Time: 2240
      Debug: Off
      Object Name: 
      Observers: 
        none
      Pointer: 0x2b0c8941c010
      Container manages memory: true
      Size: 14155776
      Capacity: 14155776

     Moving image = Image (0x5011130)
  RTTI typeinfo:   itk::Image<double, 3u>
  Reference Count: 2
  Modified Time: 2422
  Debug: Off
  Object Name: 
  Observers: 
    none
  Source: (none)
  Source output name: (none)
  Release Data: Off
  Data Released: False
  Global Release Data: Off
  PipelineMTime: 0
  UpdateMTime: 2419
  RealTimeStamp: 0 seconds 
  LargestPossibleRegion: 
    Dimension: 3
    Index: [0, 0, 0]
    Size: [224, 320, 320]
  BufferedRegion: 
    Dimension: 3
    Index: [0, 0, 0]
    Size: [224, 320, 320]
  RequestedRegion: 
    Dimension: 3
    Index: [0, 0, 0]
    Size: [224, 320, 320]
  Spacing: [0.699997, 0.7, 0.7]
  Origin: [-75.5706, 75.9683, -76.5881]
  Direction: 
1 0 0
0 -1 0
0 0 1

  IndexToPointMatrix: 
0.699997 0 0
0 -0.7 0
0 0 0.7

  PointToIndexMatrix: 
1.42858 0 0
0 -1.42857 0
0 0 1.42857

  Inverse Direction: 
1 0 0
0 -1 0
0 0 1

  PixelContainer: 
    ImportImageContainer (0x501bdd0)
      RTTI typeinfo:   itk::ImportImageContainer<unsigned long, double>
      Reference Count: 1
      Modified Time: 2416
      Debug: Off
      Object Name: 
      Observers: 
        none
      Pointer: 0x2b0c9001d010
      Container manages memory: true
      Size: 22937600
      Capacity: 22937600

     Weighting = 1
     Sampling strategy = none
     Number of bins = 32
     Radius = 4
     Sampling percentage  = 1
   Transform = SyN
     Gradient step = 0.1
     Update field sigma (voxel space) = 3
     Total field sigma (voxel space) = 0
     Update field time sigma = 0
     Total field time sigma  = 0
     Number of time indices = 0
     Number of time point samples = 0
Registration using 3 total stages.

Stage 0
  iterations = 1000x500x250x0
  convergence threshold = 1e-06
  convergence window size = 10
  number of levels = 4
  using the Mattes MI metric (number of bins = 32, weight = 1)
  preprocessing:  winsorizing the image intensities
  Shrink factors (level 1 out of 4): [12, 5, 12]
  Shrink factors (level 2 out of 4): [8, 3, 8]
  Shrink factors (level 3 out of 4): [4, 2, 4]
  Shrink factors (level 4 out of 4): [2, 1, 2]
  smoothing sigmas per level: [4, 3, 2, 1]
  regular sampling (percentage = 0.25)

*** Running Euler3DTransform registration ***

DIAGNOSTIC,Iteration,metricValue,convergenceValue,ITERATION_TIME_INDEX,SINCE_LAST
 2DIAGNOSTIC,     1, -1.880531999721e-01, 1.797693134862e+308, 1.6744e+01, 1.6744e+01, 
 2DIAGNOSTIC,     2, -1.901620099689e-01, 1.797693134862e+308, 1.6779e+01, 3.5052e-02, 
 2DIAGNOSTIC,     3, -1.908629303573e-01, 1.797693134862e+308, 1.6807e+01, 2.7915e-02, 
 2DIAGNOSTIC,     4, -1.906513284396e-01, 1.797693134862e+308, 1.6830e+01, 2.2813e-02, 
 2DIAGNOSTIC,     5, -1.907420020363e-01, 1.797693134862e+308, 1.6862e+01, 3.1383e-02, 
 2DIAGNOSTIC,     6, -1.911062174127e-01, 1.797693134862e+308, 1.6890e+01, 2.8432e-02, 
 2DIAGNOSTIC,     7, -1.909797703912e-01, 1.797693134862e+308, 1.6918e+01, 2.7935e-02, 
 2DIAGNOSTIC,     8, -1.913056943492e-01, 1.797693134862e+308, 1.6941e+01, 2.3316e-02, 
 2DIAGNOSTIC,     9, -1.912219584182e-01, 1.797693134862e+308, 1.6967e+01, 2.6190e-02, 
 2DIAGNOSTIC,    10, -1.912999636345e-01, 7.034439248741e-04, 1.6996e+01, 2.8740e-02, 
 2DIAGNOSTIC,    11, -1.911705887546e-01, 2.783959106447e-04, 1.7023e+01, 2.7231e-02, 
 2DIAGNOSTIC,    12, -1.913348016003e-01, 1.796230770887e-04, 1.7046e+01, 2.3113e-02, 
 2DIAGNOSTIC,    13, -1.910555799272e-01, 1.288451662423e-04, 1.7071e+01, 2.4480e-02, 
 2DIAGNOSTIC,    14, -1.918412311169e-01, 1.356868094092e-04, 1.7101e+01, 3.0420e-02, 
 2DIAGNOSTIC,    15, -1.930322236115e-01, 2.535201918704e-04, 1.7125e+01, 2.4079e-02, 
 2DIAGNOSTIC,    16, -1.939833106061e-01, 4.535290822318e-04, 1.7154e+01, 2.8522e-02, 
 2DIAGNOSTIC,    17, -1.956406568482e-01, 7.206331185159e-04, 1.7186e+01, 3.2292e-02, 
 2DIAGNOSTIC,    18, -1.955506342972e-01, 9.094178676135e-04, 1.7212e+01, 2.5897e-02, 
 2DIAGNOSTIC,    19, -1.954398012065e-01, 9.803710082706e-04, 1.7239e+01, 2.6355e-02, 
 2DIAGNOSTIC,    20, -1.951302968629e-01, 9.364594407308e-04, 1.7266e+01, 2.7524e-02, 
 2DIAGNOSTIC,    21, -1.949898116472e-01, 7.896718458058e-04, 1.7290e+01, 2.4269e-02, 
 2DIAGNOSTIC,    22, -1.948538475215e-01, 5.850766438598e-04, 1.7318e+01, 2.7633e-02, 
 2DIAGNOSTIC,    23, -1.953219583727e-01, 3.560315886390e-04, 1.7348e+01, 3.0395e-02, 
 2DIAGNOSTIC,    24, -1.955342654573e-01, 1.739061651620e-04, 1.7376e+01, 2.7422e-02, 
 2DIAGNOSTIC,    25, -1.949302180697e-01, 2.470050848096e-05, 1.7407e+01, 3.1551e-02, 
DIAGNOSTIC,Iteration,metricValue,convergenceValue,ITERATION_TIME_INDEX,SINCE_LAST
 2DIAGNOSTIC,     1, -1.361861848858e-01, 1.797693134862e+308, 2.9627e+01, 1.2219e+01, 
 2DIAGNOSTIC,     2, -1.368600561499e-01, 1.797693134862e+308, 2.9706e+01, 7.9154e-02, 
 2DIAGNOSTIC,     3, -1.379618727196e-01, 1.797693134862e+308, 2.9785e+01, 7.9264e-02, 
 2DIAGNOSTIC,     4, -1.396539919215e-01, 1.797693134862e+308, 2.9865e+01, 7.9312e-02, 
 2DIAGNOSTIC,     5, -1.425843414520e-01, 1.797693134862e+308, 2.9944e+01, 7.9638e-02, 
 2DIAGNOSTIC,     6, -1.518523536504e-01, 1.797693134862e+308, 3.0025e+01, 8.1149e-02, 
 2DIAGNOSTIC,     7, -1.592988007375e-01, 1.797693134862e+308, 3.0106e+01, 8.0517e-02, 
 2DIAGNOSTIC,     8, -1.650178353024e-01, 1.797693134862e+308, 3.0186e+01, 7.9981e-02, 
 2DIAGNOSTIC,     9, -2.011068827029e-01, 1.797693134862e+308, 3.0286e+01, 9.9706e-02, 
 2DIAGNOSTIC,    10, -3.055683170153e-01, 4.327646107471e-02, 3.0442e+01, 1.5684e-01, 
 2DIAGNOSTIC,    11, -3.668323329383e-01, 5.999583463226e-02, 3.0543e+01, 1.0101e-01, 
 2DIAGNOSTIC,    12, -3.781010235968e-01, 6.773581397712e-02, 3.0680e+01, 1.3696e-01, 
 2DIAGNOSTIC,    13, -3.831717108247e-01, 6.836004470105e-02, 3.0764e+01, 8.3581e-02, 
 2DIAGNOSTIC,    14, -3.848628802954e-01, 6.323008194652e-02, 3.0847e+01, 8.3391e-02, 
 2DIAGNOSTIC,    15, -3.867166377045e-01, 5.387875571290e-02, 3.0986e+01, 1.3912e-01, 
 2DIAGNOSTIC,    16, -3.877347857536e-01, 4.225420478921e-02, 3.1069e+01, 8.2609e-02, 
 2DIAGNOSTIC,    17, -3.885777571335e-01, 2.957418238896e-02, 3.1152e+01, 8.2713e-02, 
 2DIAGNOSTIC,    18, -3.904963951756e-01, 1.683490375015e-02, 3.1272e+01, 1.2046e-01, 
 2DIAGNOSTIC,    19, -3.912139556115e-01, 6.430330532641e-03, 3.1356e+01, 8.3349e-02, 
 2DIAGNOSTIC,    20, -3.921990910718e-01, 2.258386654921e-03, 3.1437e+01, 8.1620e-02, 
 2DIAGNOSTIC,    21, -3.940183468179e-01, 1.450334082472e-03, 3.1574e+01, 1.3658e-01, 
 2DIAGNOSTIC,    22, -3.950130193260e-01, 1.155448441774e-03, 3.1656e+01, 8.2359e-02, 
 2DIAGNOSTIC,    23, -3.956678716282e-01, 1.029886610871e-03, 3.1739e+01, 8.3130e-02, 
 2DIAGNOSTIC,    24, -3.966550412381e-01, 9.292457362763e-04, 3.1840e+01, 1.0109e-01, 
 2DIAGNOSTIC,    25, -3.971306130842e-01, 8.408035886692e-04, 3.1942e+01, 1.0148e-01, 
 2DIAGNOSTIC,    26, -3.976197221033e-01, 7.367997397235e-04, 3.2044e+01, 1.0189e-01, 
 2DIAGNOSTIC,    27, -3.998111244771e-01, 6.763549068617e-04, 3.2146e+01, 1.0207e-01, 
 2DIAGNOSTIC,    28, -4.030122848465e-01, 7.239172064023e-04, 3.2247e+01, 1.0123e-01, 
 2DIAGNOSTIC,    29, -4.032702275587e-01, 7.280222801719e-04, 3.2349e+01, 1.0152e-01, 
 2DIAGNOSTIC,    30, -4.033380331531e-01, 6.958876356069e-04, 3.2451e+01, 1.0234e-01, 
 2DIAGNOSTIC,    31, -4.033647285342e-01, 6.549817911934e-04, 3.2534e+01, 8.3482e-02, 
 2DIAGNOSTIC,    32, -4.033134590604e-01, 5.805621353529e-04, 3.2617e+01, 8.2960e-02, 
 2DIAGNOSTIC,    33, -4.033252205784e-01, 4.728915633200e-04, 3.2701e+01, 8.3266e-02, 
 2DIAGNOSTIC,    34, -4.033576643863e-01, 3.548860866135e-04, 3.2820e+01, 1.1968e-01, 
 2DIAGNOSTIC,    35, -4.033677441050e-01, 2.252195280211e-04, 3.2940e+01, 1.1980e-01, 
 2DIAGNOSTIC,    36, -4.033722551984e-01, 9.441552273794e-05, 3.3024e+01, 8.3851e-02, 
 2DIAGNOSTIC,    37, -4.033978413846e-01, 1.242679196287e-05, 3.3126e+01, 1.0191e-01, 
 2DIAGNOSTIC,    38, -4.034219880275e-01, 6.361612312801e-06, 3.3209e+01, 8.2847e-02, 
 2DIAGNOSTIC,    39, -4.034230692872e-01, 5.689418701042e-06, 3.3310e+01, 1.0124e-01, 
 2DIAGNOSTIC,    40, -4.034234280426e-01, 6.022943562778e-06, 3.3411e+01, 1.0132e-01, 
 2DIAGNOSTIC,    41, -4.034239737424e-01, 6.457536308908e-06, 3.3531e+01, 1.1995e-01, 
 2DIAGNOSTIC,    42, -4.034245730449e-01, 5.331629125496e-06, 3.3614e+01, 8.2839e-02, 
 2DIAGNOSTIC,    43, -4.034247302281e-01, 4.050639568206e-06, 3.3697e+01, 8.3175e-02, 
 2DIAGNOSTIC,    44, -4.034248657545e-01, 3.147357767443e-06, 3.3799e+01, 1.0202e-01, 
 2DIAGNOSTIC,    45, -4.034249643271e-01, 2.267954356951e-06, 3.3939e+01, 1.3980e-01, 
 2DIAGNOSTIC,    46, -4.034251200661e-01, 1.370684058522e-06, 3.4134e+01, 1.9465e-01, 
DIAGNOSTIC,Iteration,metricValue,convergenceValue,ITERATION_TIME_INDEX,SINCE_LAST
 2DIAGNOSTIC,     1, -3.684910950271e-01, 1.797693134862e+308, 4.1783e+01, 7.6492e+00, 
 2DIAGNOSTIC,     2, -3.697921081821e-01, 1.797693134862e+308, 4.2211e+01, 4.2848e-01, 
 2DIAGNOSTIC,     3, -3.705667055196e-01, 1.797693134862e+308, 4.2638e+01, 4.2650e-01, 
 2DIAGNOSTIC,     4, -3.709917345093e-01, 1.797693134862e+308, 4.3069e+01, 4.3122e-01, 
 2DIAGNOSTIC,     5, -3.713558092405e-01, 1.797693134862e+308, 4.3496e+01, 4.2685e-01, 
 2DIAGNOSTIC,     6, -3.716963142216e-01, 1.797693134862e+308, 4.4009e+01, 5.1270e-01, 
 2DIAGNOSTIC,     7, -3.720015724718e-01, 1.797693134862e+308, 4.4876e+01, 8.6744e-01, 
 2DIAGNOSTIC,     8, -3.719762844844e-01, 1.797693134862e+308, 4.5486e+01, 6.0989e-01, 
 2DIAGNOSTIC,     9, -3.719936743311e-01, 1.797693134862e+308, 4.5913e+01, 4.2673e-01, 
 2DIAGNOSTIC,    10, -3.719954877079e-01, 5.350948559649e-04, 4.6428e+01, 5.1554e-01, 
 2DIAGNOSTIC,    11, -3.719803416012e-01, 3.147526764073e-04, 4.6853e+01, 4.2484e-01, 
 2DIAGNOSTIC,    12, -3.720022957605e-01, 1.865847054852e-04, 4.7367e+01, 5.1419e-01, 
 2DIAGNOSTIC,    13, -3.720268380960e-01, 1.083970929901e-04, 4.7794e+01, 4.2704e-01, 
 2DIAGNOSTIC,    14, -3.720305798416e-01, 5.509495796337e-05, 4.8303e+01, 5.0892e-01, 
 2DIAGNOSTIC,    15, -3.720495386940e-01, 2.332587196517e-05, 4.8903e+01, 5.9959e-01, 
 2DIAGNOSTIC,    16, -3.720486751157e-01, 9.416625977032e-06, 4.9413e+01, 5.1024e-01, 
 2DIAGNOSTIC,    17, -3.720329167789e-01, 9.531143008959e-06, 4.9837e+01, 4.2377e-01, 
 2DIAGNOSTIC,    18, -3.720432016479e-01, 8.267294354186e-06, 5.0435e+01, 5.9816e-01, 
 2DIAGNOSTIC,    19, -3.720473795804e-01, 7.378732423909e-06, 5.0947e+01, 5.1181e-01, 
 2DIAGNOSTIC,    20, -3.720304317260e-01, 5.490267779351e-06, 5.1365e+01, 4.1819e-01, 
 2DIAGNOSTIC,    21, -3.720321214169e-01, 2.944432535575e-06, 5.1784e+01, 4.1937e-01, 
 2DIAGNOSTIC,    22, -3.720371429722e-01, 1.424242383329e-06, 5.2290e+01, 5.0580e-01, 
 2DIAGNOSTIC,    23, -3.720473681851e-01, 1.180600164789e-06, 5.2798e+01, 5.0757e-01, 
 2DIAGNOSTIC,    24, -3.720467554581e-01, 1.042308180939e-06, 5.3304e+01, 5.0659e-01, 
 2DIAGNOSTIC,    25, -3.720370052953e-01, 1.238455811549e-06, 5.3811e+01, 5.0711e-01, 
 2DIAGNOSTIC,    26, -3.720270117528e-01, 1.135820666194e-06, 5.4316e+01, 5.0423e-01, 
DIAGNOSTIC,Iteration,metricValue,convergenceValue,ITERATION_TIME_INDEX,SINCE_LAST
 2DIAGNOSTIC,     1, -3.235603331214e-01, 1.797693134862e+308, 6.1952e+01, 7.6361e+00, 
  Elapsed time (stage 0): 6.4342e+01


Stage 1
  iterations = 1000x500x250x0
  convergence threshold = 1.0000e-06
  convergence window size = 10
  number of levels = 4
  using the Mattes MI metric (number of bins = 32, weight = 1.0000e+00)
  preprocessing:  winsorizing the image intensities
  Shrink factors (level 1 out of 4): [12, 5, 12]
  Shrink factors (level 2 out of 4): [8, 3, 8]
  Shrink factors (level 3 out of 4): [4, 2, 4]
  Shrink factors (level 4 out of 4): [2, 1, 2]
  smoothing sigmas per level: [4, 3, 2, 1]
  regular sampling (percentage = 2.5000e-01)

*** Running AffineTransform registration ***

DIAGNOSTIC,Iteration,metricValue,convergenceValue,ITERATION_TIME_INDEX,SINCE_LAST
 2DIAGNOSTIC,     1, -4.197476728208e-01, 1.797693134862e+308, 1.6005e+01, 1.6005e+01, 
 2DIAGNOSTIC,     2, -4.209201058617e-01, 1.797693134862e+308, 1.6033e+01, 2.8623e-02, 
 2DIAGNOSTIC,     3, -4.230569403969e-01, 1.797693134862e+308, 1.6062e+01, 2.9033e-02, 
 2DIAGNOSTIC,     4, -4.251329071809e-01, 1.797693134862e+308, 1.6092e+01, 2.9340e-02, 
 2DIAGNOSTIC,     5, -4.295222490392e-01, 1.797693134862e+308, 1.6127e+01, 3.5231e-02, 
 2DIAGNOSTIC,     6, -4.322194403004e-01, 1.797693134862e+308, 1.6162e+01, 3.4751e-02, 
 2DIAGNOSTIC,     7, -4.334567266226e-01, 1.797693134862e+308, 1.6209e+01, 4.7014e-02, 
 2DIAGNOSTIC,     8, -4.336849710920e-01, 1.797693134862e+308, 1.6243e+01, 3.4733e-02, 
 2DIAGNOSTIC,     9, -4.333308019482e-01, 1.797693134862e+308, 1.6273e+01, 2.9128e-02, 
 2DIAGNOSTIC,    10, -4.331988017672e-01, 2.397115651357e-03, 1.6302e+01, 2.9764e-02, 
 2DIAGNOSTIC,    11, -4.340880689246e-01, 1.805842648579e-03, 1.6339e+01, 3.6227e-02, 
 2DIAGNOSTIC,    12, -4.342075448720e-01, 1.222318649372e-03, 1.6380e+01, 4.1537e-02, 
 2DIAGNOSTIC,    13, -4.342264306183e-01, 7.309329866155e-04, 1.6410e+01, 2.9874e-02, 
 2DIAGNOSTIC,    14, -4.342161482784e-01, 3.393515695165e-04, 1.6439e+01, 2.8952e-02, 
 2DIAGNOSTIC,    15, -4.343742523593e-01, 1.674417745840e-04, 1.6474e+01, 3.5459e-02, 
 2DIAGNOSTIC,    16, -4.339658266159e-01, 9.409524291216e-05, 1.6510e+01, 3.6034e-02, 
 2DIAGNOSTIC,    17, -4.345288527314e-01, 9.063437286468e-05, 1.6540e+01, 2.9455e-02, 
 2DIAGNOSTIC,    18, -4.352059454179e-01, 1.126632448346e-04, 1.6588e+01, 4.8339e-02, 
 2DIAGNOSTIC,    19, -4.346628960419e-01, 9.085650445252e-05, 1.6624e+01, 3.5903e-02, 
 2DIAGNOSTIC,    20, -4.346861620675e-01, 5.964638785780e-05, 1.6653e+01, 2.8948e-02, 
 2DIAGNOSTIC,    21, -4.346936683679e-01, 5.429205402203e-05, 1.6687e+01, 3.4366e-02, 
 2DIAGNOSTIC,    22, -4.347137479089e-01, 4.815846196093e-05, 1.6723e+01, 3.5438e-02, 
 2DIAGNOSTIC,    23, -4.345738654059e-01, 3.427254967549e-05, 1.6753e+01, 2.9804e-02, 
 2DIAGNOSTIC,    24, -4.340885801054e-01, 5.175189719382e-06, 1.6783e+01, 3.0237e-02, 
DIAGNOSTIC,Iteration,metricValue,convergenceValue,ITERATION_TIME_INDEX,SINCE_LAST
 2DIAGNOSTIC,     1, -3.990336421292e-01, 1.797693134862e+308, 2.9034e+01, 1.2251e+01, 
 2DIAGNOSTIC,     2, -4.001320322284e-01, 1.797693134862e+308, 2.9128e+01, 9.4282e-02, 
 2DIAGNOSTIC,     3, -4.015484862978e-01, 1.797693134862e+308, 2.9222e+01, 9.4224e-02, 
 2DIAGNOSTIC,     4, -4.031862322539e-01, 1.797693134862e+308, 2.9317e+01, 9.4963e-02, 
 2DIAGNOSTIC,     5, -4.049144258945e-01, 1.797693134862e+308, 2.9412e+01, 9.4315e-02, 
 2DIAGNOSTIC,     6, -4.058058245459e-01, 1.797693134862e+308, 2.9523e+01, 1.1167e-01, 
 2DIAGNOSTIC,     7, -4.063197036742e-01, 1.797693134862e+308, 2.9674e+01, 1.5062e-01, 
 2DIAGNOSTIC,     8, -4.065770007809e-01, 1.797693134862e+308, 2.9767e+01, 9.2753e-02, 
 2DIAGNOSTIC,     9, -4.068391838503e-01, 1.797693134862e+308, 2.9880e+01, 1.1305e-01, 
 2DIAGNOSTIC,    10, -4.070049555360e-01, 1.337356672647e-03, 3.0010e+01, 1.3007e-01, 
 2DIAGNOSTIC,    11, -4.070720183270e-01, 9.697252276415e-04, 3.0103e+01, 9.3404e-02, 
 2DIAGNOSTIC,    12, -4.075206817956e-01, 6.675097441926e-04, 3.0216e+01, 1.1255e-01, 
 2DIAGNOSTIC,    13, -4.077937314486e-01, 4.417781148262e-04, 3.0311e+01, 9.5786e-02, 
 2DIAGNOSTIC,    14, -4.079129379584e-01, 2.947706250480e-04, 3.0424e+01, 1.1225e-01, 
 2DIAGNOSTIC,    15, -4.080203593254e-01, 2.260466758174e-04, 3.0537e+01, 1.1327e-01, 
 2DIAGNOSTIC,    16, -4.080640092028e-01, 1.860532418929e-04, 3.0649e+01, 1.1212e-01, 
 2DIAGNOSTIC,    17, -4.081822376862e-01, 1.595595124385e-04, 3.0743e+01, 9.3972e-02, 
 2DIAGNOSTIC,    18, -4.083632480241e-01, 1.380393638410e-04, 3.0858e+01, 1.1459e-01, 
 2DIAGNOSTIC,    19, -4.084445520466e-01, 1.187167820813e-04, 3.0970e+01, 1.1248e-01, 
 2DIAGNOSTIC,    20, -4.085175368673e-01, 9.907594552332e-05, 3.1065e+01, 9.4940e-02, 
 2DIAGNOSTIC,    21, -4.085940133460e-01, 7.677461192789e-05, 3.1177e+01, 1.1240e-01, 
 2DIAGNOSTIC,    22, -4.086316362723e-01, 6.471242037839e-05, 3.1288e+01, 1.1100e-01, 
 2DIAGNOSTIC,    23, -4.086469398636e-01, 5.642827281648e-05, 3.1382e+01, 9.3832e-02, 
 2DIAGNOSTIC,    24, -4.086877124069e-01, 4.829119210176e-05, 3.1494e+01, 1.1153e-01, 
 2DIAGNOSTIC,    25, -4.087284447516e-01, 4.056827119413e-05, 3.1605e+01, 1.1148e-01, 
 2DIAGNOSTIC,    26, -4.087580126795e-01, 3.166179584908e-05, 3.1718e+01, 1.1265e-01, 
 2DIAGNOSTIC,    27, -4.087922681659e-01, 2.440297832768e-05, 3.1868e+01, 1.4965e-01, 
 2DIAGNOSTIC,    28, -4.087995683154e-01, 2.015606294229e-05, 3.1961e+01, 9.3676e-02, 
 2DIAGNOSTIC,    29, -4.088173091425e-01, 1.677496601629e-05, 3.2055e+01, 9.3800e-02, 
 2DIAGNOSTIC,    30, -4.088360055216e-01, 1.421925392281e-05, 3.2149e+01, 9.3730e-02, 
 2DIAGNOSTIC,    31, -4.088632835874e-01, 1.289392975983e-05, 3.2261e+01, 1.1207e-01, 
 2DIAGNOSTIC,    32, -4.089019659228e-01, 1.218681686765e-05, 3.2392e+01, 1.3144e-01, 
 2DIAGNOSTIC,    33, -4.089372745625e-01, 1.151136422328e-05, 3.2543e+01, 1.5025e-01, 
 2DIAGNOSTIC,    34, -4.089420035888e-01, 1.079371201902e-05, 3.2636e+01, 9.3163e-02, 
 2DIAGNOSTIC,    35, -4.089555937712e-01, 1.026658190463e-05, 3.2729e+01, 9.3649e-02, 
 2DIAGNOSTIC,    36, -4.089623454798e-01, 9.563324279323e-06, 3.2824e+01, 9.4781e-02, 
 2DIAGNOSTIC,    37, -4.089715496950e-01, 8.882149713729e-06, 3.2953e+01, 1.2929e-01, 
 2DIAGNOSTIC,    38, -4.089925143084e-01, 7.981983756188e-06, 3.3065e+01, 1.1129e-01, 
 2DIAGNOSTIC,    39, -4.090063749002e-01, 7.008916186005e-06, 3.3158e+01, 9.2778e-02, 
 2DIAGNOSTIC,    40, -4.090674592832e-01, 6.885452902360e-06, 3.3305e+01, 1.4771e-01, 
 2DIAGNOSTIC,    41, -4.090789189022e-01, 6.811385202157e-06, 3.3398e+01, 9.2978e-02, 
 2DIAGNOSTIC,    42, -4.090896745910e-01, 6.979800478736e-06, 3.3509e+01, 1.1040e-01, 
 2DIAGNOSTIC,    43, -4.090916630869e-01, 7.159532169686e-06, 3.3619e+01, 1.1069e-01, 
 2DIAGNOSTIC,    44, -4.090936237081e-01, 6.816712477733e-06, 3.3711e+01, 9.2090e-02, 
 2DIAGNOSTIC,    45, -4.090981783649e-01, 6.176592309722e-06, 3.3806e+01, 9.5089e-02, 
 2DIAGNOSTIC,    46, -4.091003462383e-01, 5.171582208603e-06, 3.3935e+01, 1.2881e-01, 
 2DIAGNOSTIC,    47, -4.091037105014e-01, 3.972536080959e-06, 3.4028e+01, 9.2778e-02, 
 2DIAGNOSTIC,    48, -4.091056476408e-01, 2.847304463850e-06, 3.4120e+01, 9.2146e-02, 
 2DIAGNOSTIC,    49, -4.091089046010e-01, 1.781556391606e-06, 3.4232e+01, 1.1172e-01, 
 2DIAGNOSTIC,    50, -4.091109099650e-01, 1.525851335799e-06, 3.4360e+01, 1.2840e-01, 
 2DIAGNOSTIC,    51, -4.091117778181e-01, 1.359376518156e-06, 3.4452e+01, 9.1180e-02, 
 2DIAGNOSTIC,    52, -4.091182767596e-01, 1.360462870813e-06, 3.4563e+01, 1.1115e-01, 
 2DIAGNOSTIC,    53, -4.091272531248e-01, 1.431813887710e-06, 3.4655e+01, 9.2122e-02, 
 2DIAGNOSTIC,    54, -4.091310173726e-01, 1.491066736633e-06, 3.4786e+01, 1.3081e-01, 
 2DIAGNOSTIC,    55, -4.091349501165e-01, 1.570079044538e-06, 3.4876e+01, 9.0620e-02, 
 2DIAGNOSTIC,    56, -4.091379938037e-01, 1.616153334175e-06, 3.4986e+01, 1.0931e-01, 
 2DIAGNOSTIC,    57, -4.091382025817e-01, 1.602393987065e-06, 3.5134e+01, 1.4862e-01, 
 2DIAGNOSTIC,    58, -4.091383776267e-01, 1.512446679577e-06, 3.5244e+01, 1.1024e-01, 
 2DIAGNOSTIC,    59, -4.091389514821e-01, 1.378176556894e-06, 3.5336e+01, 9.2092e-02, 
 2DIAGNOSTIC,    60, -4.091412416102e-01, 1.218837610246e-06, 3.5428e+01, 9.1310e-02, 
 2DIAGNOSTIC,    61, -4.091432206952e-01, 1.029539497831e-06, 3.5539e+01, 1.1072e-01, 
DIAGNOSTIC,Iteration,metricValue,convergenceValue,ITERATION_TIME_INDEX,SINCE_LAST
 2DIAGNOSTIC,     1, -3.733518755252e-01, 1.797693134862e+308, 4.3095e+01, 7.5562e+00, 
 2DIAGNOSTIC,     2, -3.746841475802e-01, 1.797693134862e+308, 4.3590e+01, 4.9527e-01, 
 2DIAGNOSTIC,     3, -3.753828899145e-01, 1.797693134862e+308, 4.4177e+01, 5.8738e-01, 
 2DIAGNOSTIC,     4, -3.756847085605e-01, 1.797693134862e+308, 4.4674e+01, 4.9645e-01, 
 2DIAGNOSTIC,     5, -3.759108923579e-01, 1.797693134862e+308, 4.5261e+01, 5.8733e-01, 
 2DIAGNOSTIC,     6, -3.761360941115e-01, 1.797693134862e+308, 4.5757e+01, 4.9632e-01, 
 2DIAGNOSTIC,     7, -3.762289504896e-01, 1.797693134862e+308, 4.6347e+01, 5.8928e-01, 
 2DIAGNOSTIC,     8, -3.763043913767e-01, 1.797693134862e+308, 4.6937e+01, 5.9001e-01, 
 2DIAGNOSTIC,     9, -3.763503648557e-01, 1.797693134862e+308, 4.7617e+01, 6.8036e-01, 
 2DIAGNOSTIC,    10, -3.763028697798e-01, 4.075840642345e-04, 4.8302e+01, 6.8456e-01, 
 2DIAGNOSTIC,    11, -3.762935100467e-01, 2.146769277331e-04, 4.8887e+01, 5.8577e-01, 
 2DIAGNOSTIC,    12, -3.762768927412e-01, 1.169682695938e-04, 4.9468e+01, 5.8038e-01, 
 2DIAGNOSTIC,    13, -3.763035316021e-01, 6.593234955068e-05, 5.0050e+01, 5.8172e-01, 
 2DIAGNOSTIC,    14, -3.763328640817e-01, 3.408903345267e-05, 5.0537e+01, 4.8795e-01, 
 2DIAGNOSTIC,    15, -3.763709496755e-01, 1.670109826911e-05, 5.1116e+01, 5.7822e-01, 
 2DIAGNOSTIC,    16, -3.764020076186e-01, 1.221956091239e-05, 5.1699e+01, 5.8371e-01, 
 2DIAGNOSTIC,    17, -3.764235428561e-01, 1.231720478014e-05, 5.2374e+01, 6.7488e-01, 
 2DIAGNOSTIC,    18, -3.764073458749e-01, 1.383666225446e-05, 5.3143e+01, 7.6849e-01, 
 2DIAGNOSTIC,    19, -3.764088086571e-01, 1.602352669809e-05, 5.3636e+01, 4.9311e-01, 
 2DIAGNOSTIC,    20, -3.764097598911e-01, 1.488967131419e-05, 5.4212e+01, 5.7623e-01, 
 2DIAGNOSTIC,    21, -3.764124244144e-01, 1.239340123002e-05, 5.4796e+01, 5.8420e-01, 
 2DIAGNOSTIC,    22, -3.764201708215e-01, 8.795429000528e-06, 5.5382e+01, 5.8589e-01, 
 2DIAGNOSTIC,    23, -3.764216992267e-01, 5.753231738050e-06, 5.5964e+01, 5.8193e-01, 
 2DIAGNOSTIC,    24, -3.764237044149e-01, 3.534482088091e-06, 5.6455e+01, 4.9067e-01, 
 2DIAGNOSTIC,    25, -3.764133442388e-01, 2.098816634613e-06, 5.7035e+01, 5.8038e-01, 
 2DIAGNOSTIC,    26, -3.764393334944e-01, 2.338939888442e-06, 5.7617e+01, 5.8192e-01, 
 2DIAGNOSTIC,    27, -3.763724563796e-01, 1.173835633299e-06, 5.8195e+01, 5.7783e-01, 
DIAGNOSTIC,Iteration,metricValue,convergenceValue,ITERATION_TIME_INDEX,SINCE_LAST
 2DIAGNOSTIC,     1, -3.256893219042e-01, 1.797693134862e+308, 6.6348e+01, 8.1533e+00, 
  Elapsed time (stage 1): 6.8514e+01


Stage 2
  iterations = 100x100x70x50x0
  convergence threshold = 1.0000e-06
  convergence window size = 10
  number of levels = 5
  using the Mattes MI metric (number of bins = 32, weight = 1.0000e+00)
  preprocessing:  winsorizing the image intensities
  Shrink factors (level 1 out of 5): [10, 4, 10]
  Shrink factors (level 2 out of 5): [6, 2, 6]
  Shrink factors (level 3 out of 5): [4, 2, 4]
  Shrink factors (level 4 out of 5): [2, 1, 2]
  Shrink factors (level 5 out of 5): [1, 1, 1]
  smoothing sigmas per level: [5, 3, 2, 1, 0]
  Using default NONE metricSamplingStrategy 

*** Running SyN registration (varianceForUpdateField = 3.0000e+00, varianceForTotalField = 0.0000e+00) ***

XXDIAGNOSTIC,Iteration,metricValue,convergenceValue,ITERATION_TIME_INDEX,SINCE_LAST
 1DIAGNOSTIC,     1, -4.528054335558e-01, 1.797693134862e+308, 2.3196e+01, 2.3196e+01, 
 1DIAGNOSTIC,     2, -4.584239299148e-01, 1.797693134862e+308, 2.3464e+01, 2.6776e-01, 
 1DIAGNOSTIC,     3, -4.632897628916e-01, 1.797693134862e+308, 2.3732e+01, 2.6796e-01, 
 1DIAGNOSTIC,     4, -4.679848050322e-01, 1.797693134862e+308, 2.3992e+01, 2.5978e-01, 
 1DIAGNOSTIC,     5, -4.717542228010e-01, 1.797693134862e+308, 2.4253e+01, 2.6066e-01, 
 1DIAGNOSTIC,     6, -4.746650674754e-01, 1.797693134862e+308, 2.4509e+01, 2.5603e-01, 
 1DIAGNOSTIC,     7, -4.772313868518e-01, 1.797693134862e+308, 2.4765e+01, 2.5600e-01, 
 1DIAGNOSTIC,     8, -4.795538431525e-01, 1.797693134862e+308, 2.5021e+01, 2.5608e-01, 
 1DIAGNOSTIC,     9, -4.816345474512e-01, 1.797693134862e+308, 2.5276e+01, 2.5559e-01, 
 1DIAGNOSTIC,    10, -4.840042553148e-01, 4.086714271747e-03, 2.5537e+01, 2.6030e-01, 
 1DIAGNOSTIC,    11, -4.860687928851e-01, 3.250523505019e-03, 2.5801e+01, 2.6399e-01, 
 1DIAGNOSTIC,    12, -4.879474566564e-01, 2.636844750612e-03, 2.6063e+01, 2.6211e-01, 
 1DIAGNOSTIC,    13, -4.899434570460e-01, 2.194001960805e-03, 2.6331e+01, 2.6805e-01, 
 1DIAGNOSTIC,    14, -4.920987534623e-01, 1.905530154740e-03, 2.6601e+01, 2.7024e-01, 
 1DIAGNOSTIC,    15, -4.942434571012e-01, 1.714538780227e-03, 2.6869e+01, 2.6800e-01, 
 1DIAGNOSTIC,    16, -4.956850673528e-01, 1.550383805155e-03, 2.7139e+01, 2.7033e-01, 
 1DIAGNOSTIC,    17, -4.972094366060e-01, 1.405231862712e-03, 2.7409e+01, 2.6975e-01, 
 1DIAGNOSTIC,    18, -4.988300806145e-01, 1.275444290106e-03, 2.7679e+01, 2.6984e-01, 
 1DIAGNOSTIC,    19, -5.000719732611e-01, 1.142899817893e-03, 2.7948e+01, 2.6931e-01, 
 1DIAGNOSTIC,    20, -5.021033492494e-01, 1.046275779741e-03, 2.8217e+01, 2.6860e-01, 
 1DIAGNOSTIC,    21, -5.043711963970e-01, 9.816875928383e-04, 2.8486e+01, 2.6916e-01, 
 1DIAGNOSTIC,    22, -5.053346746756e-01, 9.061048891767e-04, 2.8755e+01, 2.6921e-01, 
 1DIAGNOSTIC,    23, -5.067511228118e-01, 8.391531555947e-04, 2.9025e+01, 2.7002e-01, 
 1DIAGNOSTIC,    24, -5.090222357039e-01, 8.060695111854e-04, 2.9296e+01, 2.7037e-01, 
 1DIAGNOSTIC,    25, -5.107396654699e-01, 7.884811220263e-04, 2.9568e+01, 2.7227e-01, 
 1DIAGNOSTIC,    26, -5.129218073967e-01, 7.781847591882e-04, 2.9838e+01, 2.6970e-01, 
 1DIAGNOSTIC,    27, -5.144619331996e-01, 7.607336095562e-04, 3.0107e+01, 2.6958e-01, 
 1DIAGNOSTIC,    28, -5.163099311832e-01, 7.447627644334e-04, 3.0377e+01, 2.6980e-01, 
 1DIAGNOSTIC,    29, -5.167204177097e-01, 6.915062100326e-04, 3.0647e+01, 2.6982e-01, 
 1DIAGNOSTIC,    30, -5.178210131912e-01, 6.362564019913e-04, 3.0917e+01, 2.7048e-01, 
 1DIAGNOSTIC,    31, -5.185540224870e-01, 5.801335933598e-04, 3.1189e+01, 2.7145e-01, 
 1DIAGNOSTIC,    32, -5.191663006535e-01, 5.007302867074e-04, 3.1462e+01, 2.7381e-01, 
 1DIAGNOSTIC,    33, -5.191102113873e-01, 4.020729444245e-04, 3.1733e+01, 2.7028e-01, 
 1DIAGNOSTIC,    34, -5.204880006884e-01, 3.330934648414e-04, 3.2003e+01, 2.7016e-01, 
 1DIAGNOSTIC,    35, -5.192409473005e-01, 2.433583299236e-04, 3.2277e+01, 2.7458e-01, 
 1DIAGNOSTIC,    36, -5.216680459047e-01, 2.092982816107e-04, 3.2553e+01, 2.7502e-01, 
 1DIAGNOSTIC,    37, -5.194579600965e-01, 1.454201176594e-04, 3.2826e+01, 2.7376e-01, 
 1DIAGNOSTIC,    38, -5.221933377025e-01, 1.412881589586e-04, 3.3098e+01, 2.7221e-01, 
 1DIAGNOSTIC,    39, -5.216354018234e-01, 1.204540342555e-04, 3.3371e+01, 2.7259e-01, 
 1DIAGNOSTIC,    40, -5.221985337558e-01, 1.130570155693e-04, 3.3642e+01, 2.7135e-01, 
 1DIAGNOSTIC,    41, -5.210079187431e-01, 8.897303291240e-05, 3.3914e+01, 2.7117e-01, 
 1DIAGNOSTIC,    42, -5.231142745245e-01, 9.507021625503e-05, 3.4187e+01, 2.7296e-01, 
 1DIAGNOSTIC,    43, -5.216606299279e-01, 7.042793986270e-05, 3.4461e+01, 2.7400e-01, 
 1DIAGNOSTIC,    44, -5.237453280180e-01, 8.584314887246e-05, 3.4734e+01, 2.7361e-01, 
 1DIAGNOSTIC,    45, -5.218187500144e-01, 5.126034588157e-05, 3.5010e+01, 2.7552e-01, 
 1DIAGNOSTIC,    46, -5.239739297878e-01, 7.165412955226e-05, 3.5284e+01, 2.7465e-01, 
 1DIAGNOSTIC,    47, -5.228973446389e-01, 4.300307694634e-05, 3.5559e+01, 2.7502e-01, 
 1DIAGNOSTIC,    48, -5.240750980795e-01, 5.802445379702e-05, 3.5834e+01, 2.7419e-01, 
 1DIAGNOSTIC,    49, -5.223983362618e-01, 4.084143032297e-05, 3.6109e+01, 2.7500e-01, 
 1DIAGNOSTIC,    50, -5.242960038360e-01, 4.936451616721e-05, 3.6384e+01, 2.7572e-01, 
 1DIAGNOSTIC,    51, -5.233015354738e-01, 2.736335385590e-05, 3.6660e+01, 2.7541e-01, 
 1DIAGNOSTIC,    52, -5.240984493674e-01, 3.581510367601e-05, 3.6935e+01, 2.7498e-01, 
 1DIAGNOSTIC,    53, -5.237372640901e-01, 2.064838719891e-05, 3.7211e+01, 2.7655e-01, 
 1DIAGNOSTIC,    54, -5.244488843886e-01, 3.413080035143e-05, 3.7489e+01, 2.7731e-01, 
 1DIAGNOSTIC,    55, -5.248068347417e-01, 2.695223920467e-05, 3.7765e+01, 2.7626e-01, 
 1DIAGNOSTIC,    56, -5.238870469004e-01, 3.006517516976e-05, 3.8042e+01, 2.7743e-01, 
 1DIAGNOSTIC,    57, -5.247199177259e-01, 2.794044137656e-05, 3.8319e+01, 2.7694e-01, 
 1DIAGNOSTIC,    58, -5.244760875323e-01, 3.254496435158e-05, 3.8595e+01, 2.7554e-01, 
 1DIAGNOSTIC,    59, -5.253002962324e-01, 2.521353085553e-05, 3.8872e+01, 2.7769e-01, 
 1DIAGNOSTIC,    60, -5.242162258061e-01, 2.349219202565e-05, 3.9149e+01, 2.7683e-01, 
 1DIAGNOSTIC,    61, -5.258545300637e-01, 2.582639556591e-05, 3.9425e+01, 2.7626e-01, 
 1DIAGNOSTIC,    62, -5.250253984973e-01, 2.507779161075e-05, 3.9705e+01, 2.7992e-01, 
 1DIAGNOSTIC,    63, -5.254238112992e-01, 2.225584962117e-05, 3.9984e+01, 2.7846e-01, 
 1DIAGNOSTIC,    64, -5.260416387784e-01, 2.894255975567e-05, 4.0260e+01, 2.7628e-01, 
 1DIAGNOSTIC,    65, -5.256192194186e-01, 3.225610060950e-05, 4.0538e+01, 2.7822e-01, 
 1DIAGNOSTIC,    66, -5.265275013592e-01, 3.224439089698e-05, 4.0815e+01, 2.7640e-01, 
 1DIAGNOSTIC,    67, -5.260324597711e-01, 3.186135006139e-05, 4.1091e+01, 2.7608e-01, 
 1DIAGNOSTIC,    68, -5.268293705273e-01, 3.302197673689e-05, 4.1365e+01, 2.7437e-01, 
 1DIAGNOSTIC,    69, -5.266934466822e-01, 3.667884452018e-05, 4.1640e+01, 2.7514e-01, 
 1DIAGNOSTIC,    70, -5.273332215750e-01, 3.285385717553e-05, 4.1916e+01, 2.7525e-01, 
 1DIAGNOSTIC,    71, -5.266178157437e-01, 3.341415384418e-05, 4.2192e+01, 2.7594e-01, 
 1DIAGNOSTIC,    72, -5.276059446489e-01, 3.214099760138e-05, 4.2468e+01, 2.7615e-01, 
 1DIAGNOSTIC,    73, -5.274175971229e-01, 2.910289819385e-05, 4.2743e+01, 2.7558e-01, 
 1DIAGNOSTIC,    74, -5.273013449692e-01, 2.728722894544e-05, 4.3020e+01, 2.7658e-01, 
 1DIAGNOSTIC,    75, -5.278821163583e-01, 2.403510053623e-05, 4.3294e+01, 2.7437e-01, 
 1DIAGNOSTIC,    76, -5.283061328240e-01, 2.838223548654e-05, 4.3569e+01, 2.7508e-01, 
 1DIAGNOSTIC,    77, -5.284253133994e-01, 2.695637979826e-05, 4.3845e+01, 2.7548e-01, 
 1DIAGNOSTIC,    78, -5.287941479155e-01, 3.138315348732e-05, 4.4121e+01, 2.7613e-01, 
 1DIAGNOSTIC,    79, -5.282203542723e-01, 2.763180661892e-05, 4.4395e+01, 2.7435e-01, 
 1DIAGNOSTIC,    80, -5.286691735099e-01, 2.918322598548e-05, 4.4670e+01, 2.7491e-01, 
 1DIAGNOSTIC,    81, -5.284755649858e-01, 2.131005650385e-05, 4.4946e+01, 2.7554e-01, 
 1DIAGNOSTIC,    82, -5.283263749518e-01, 1.735503676975e-05, 4.5222e+01, 2.7631e-01, 
 1DIAGNOSTIC,    83, -5.287128164330e-01, 1.332940183942e-05, 4.5499e+01, 2.7737e-01, 
 1DIAGNOSTIC,    84, -5.287507732233e-01, 7.511232889515e-06, 4.5775e+01, 2.7576e-01, 
 1DIAGNOSTIC,    85, -5.284722396079e-01, 3.061159709376e-06, 4.6052e+01, 2.7643e-01, 
 1DIAGNOSTIC,    86, -5.284048590670e-01, 8.093368504217e-07, 4.6332e+01, 2.7999e-01, 
XXDIAGNOSTIC,Iteration,metricValue,convergenceValue,ITERATION_TIME_INDEX,SINCE_LAST
 1DIAGNOSTIC,     1, -4.498468027751e-01, 1.797693134862e+308, 5.9993e+01, 1.3661e+01, 
 1DIAGNOSTIC,     2, -4.516252278196e-01, 1.797693134862e+308, 6.1334e+01, 1.3416e+00, 
 1DIAGNOSTIC,     3, -4.537392087002e-01, 1.797693134862e+308, 6.2627e+01, 1.2925e+00, 
 1DIAGNOSTIC,     4, -4.556529331000e-01, 1.797693134862e+308, 6.3851e+01, 1.2241e+00, 
 1DIAGNOSTIC,     5, -4.573762510892e-01, 1.797693134862e+308, 6.5072e+01, 1.2215e+00, 
 1DIAGNOSTIC,     6, -4.590451204669e-01, 1.797693134862e+308, 6.6293e+01, 1.2205e+00, 
 1DIAGNOSTIC,     7, -4.606552741756e-01, 1.797693134862e+308, 6.7515e+01, 1.2221e+00, 
 1DIAGNOSTIC,     8, -4.621200446124e-01, 1.797693134862e+308, 6.8710e+01, 1.1948e+00, 
 1DIAGNOSTIC,     9, -4.635335524124e-01, 1.797693134862e+308, 6.9904e+01, 1.1946e+00, 
 1DIAGNOSTIC,    10, -4.648659217240e-01, 2.108632781279e-03, 7.1128e+01, 1.2235e+00, 
 1DIAGNOSTIC,    11, -4.659915281944e-01, 1.811468699106e-03, 7.2353e+01, 1.2257e+00, 
 1DIAGNOSTIC,    12, -4.670934415759e-01, 1.548727155536e-03, 7.3616e+01, 1.2621e+00, 
 1DIAGNOSTIC,    13, -4.680756402483e-01, 1.332729138252e-03, 7.4870e+01, 1.2542e+00, 
 1DIAGNOSTIC,    14, -4.688982991888e-01, 1.146397058577e-03, 7.6125e+01, 1.2558e+00, 
 1DIAGNOSTIC,    15, -4.697939124976e-01, 9.872294292965e-04, 7.7379e+01, 1.2536e+00, 
 1DIAGNOSTIC,    16, -4.707477091350e-01, 8.575729121001e-04, 7.8637e+01, 1.2579e+00, 
 1DIAGNOSTIC,    17, -4.717637363444e-01, 7.584496058377e-04, 7.9888e+01, 1.2506e+00, 
 1DIAGNOSTIC,    18, -4.724299454623e-01, 6.722459770995e-04, 8.1143e+01, 1.2559e+00, 
 1DIAGNOSTIC,    19, -4.732214974546e-01, 6.037360629089e-04, 8.2399e+01, 1.2557e+00, 
 1DIAGNOSTIC,    20, -4.737581764090e-01, 5.428414471108e-04, 8.3652e+01, 1.2533e+00, 
 1DIAGNOSTIC,    21, -4.747680700941e-01, 4.989487938678e-04, 8.4909e+01, 1.2566e+00, 
 1DIAGNOSTIC,    22, -4.752504682647e-01, 4.557181005129e-04, 8.6173e+01, 1.2636e+00, 
 1DIAGNOSTIC,    23, -4.758470801169e-01, 4.155402015117e-04, 8.7434e+01, 1.2617e+00, 
 1DIAGNOSTIC,    24, -4.765498516495e-01, 3.784834616233e-04, 8.8696e+01, 1.2612e+00, 
 1DIAGNOSTIC,    25, -4.769714483574e-01, 3.405586110008e-04, 8.9958e+01, 1.2624e+00, 
 1DIAGNOSTIC,    26, -4.777198532960e-01, 3.130386727816e-04, 9.1228e+01, 1.2706e+00, 
 1DIAGNOSTIC,    27, -4.780840926607e-01, 2.889008294880e-04, 9.2493e+01, 1.2649e+00, 
 1DIAGNOSTIC,    28, -4.786389025400e-01, 2.657127037629e-04, 9.3760e+01, 1.2669e+00, 
 1DIAGNOSTIC,    29, -4.790754327646e-01, 2.446871349110e-04, 9.5032e+01, 1.2715e+00, 
 1DIAGNOSTIC,    30, -4.794516609586e-01, 2.200177255812e-04, 9.6296e+01, 1.2639e+00, 
 1DIAGNOSTIC,    31, -4.799801303338e-01, 2.062051236718e-04, 9.7562e+01, 1.2659e+00, 
 1DIAGNOSTIC,    32, -4.801573605583e-01, 1.860273324341e-04, 9.8823e+01, 1.2613e+00, 
 1DIAGNOSTIC,    33, -4.806520736976e-01, 1.694351202112e-04, 1.0008e+02, 1.2598e+00, 
 1DIAGNOSTIC,    34, -4.809315726640e-01, 1.551312936366e-04, 1.0135e+02, 1.2687e+00, 
 1DIAGNOSTIC,    35, -4.813693984281e-01, 1.415671940799e-04, 1.0261e+02, 1.2582e+00, 
 1DIAGNOSTIC,    36, -4.810639147847e-01, 1.226970673638e-04, 1.0388e+02, 1.2681e+00, 
 1DIAGNOSTIC,    37, -4.814604641417e-01, 1.058140159581e-04, 1.0515e+02, 1.2698e+00, 
 1DIAGNOSTIC,    38, -4.815706113513e-01, 9.013374272115e-05, 1.0642e+02, 1.2687e+00, 
 1DIAGNOSTIC,    39, -4.819460599132e-01, 7.912135329612e-05, 1.0768e+02, 1.2635e+00, 
 1DIAGNOSTIC,    40, -4.818091259673e-01, 6.458675641583e-05, 1.0895e+02, 1.2721e+00, 
 1DIAGNOSTIC,    41, -4.822167343894e-01, 5.870403484965e-05, 1.1022e+02, 1.2691e+00, 
 1DIAGNOSTIC,    42, -4.822224295357e-01, 4.996153947920e-05, 1.1149e+02, 1.2699e+00, 
 1DIAGNOSTIC,    43, -4.827590053902e-01, 5.122723410591e-05, 1.1275e+02, 1.2586e+00, 
 1DIAGNOSTIC,    44, -4.827088919398e-01, 5.041061443281e-05, 1.1401e+02, 1.2646e+00, 
 1DIAGNOSTIC,    45, -4.829711044844e-01, 5.453606157548e-05, 1.1528e+02, 1.2678e+00, 
 1DIAGNOSTIC,    46, -4.831317465145e-01, 5.131288437173e-05, 1.1654e+02, 1.2630e+00, 
 1DIAGNOSTIC,    47, -4.832526140774e-01, 4.991170176860e-05, 1.1781e+02, 1.2648e+00, 
 1DIAGNOSTIC,    48, -4.833720102414e-01, 4.657946741457e-05, 1.1907e+02, 1.2645e+00, 
 1DIAGNOSTIC,    49, -4.836059377745e-01, 4.654202542522e-05, 1.2033e+02, 1.2581e+00, 
 1DIAGNOSTIC,    50, -4.830253813977e-01, 3.337273374240e-05, 1.2160e+02, 1.2635e+00, 
 1DIAGNOSTIC,    51, -4.833714983041e-01, 2.671986561694e-05, 1.2286e+02, 1.2635e+00, 
 1DIAGNOSTIC,    52, -4.833217279703e-01, 1.699710048591e-05, 1.2412e+02, 1.2630e+00, 
 1DIAGNOSTIC,    53, -4.835424494510e-01, 1.463746198455e-05, 1.2539e+02, 1.2642e+00, 
 1DIAGNOSTIC,    54, -4.835150919251e-01, 1.008303850616e-05, 1.2665e+02, 1.2667e+00, 
 1DIAGNOSTIC,    55, -4.837075612202e-01, 9.834317947516e-06, 1.2792e+02, 1.2676e+00, 
 1DIAGNOSTIC,    56, -4.834614279251e-01, 7.751491914919e-06, 1.2915e+02, 1.2317e+00, 
 1DIAGNOSTIC,    57, -4.836643511088e-01, 8.426601134932e-06, 1.3042e+02, 1.2672e+00, 
 1DIAGNOSTIC,    58, -4.838125766510e-01, 1.090581978173e-05, 1.3169e+02, 1.2675e+00, 
 1DIAGNOSTIC,    59, -4.838711427493e-01, 1.540178596927e-05, 1.3296e+02, 1.2708e+00, 
 1DIAGNOSTIC,    60, -4.838193708588e-01, 1.196067304215e-05, 1.3423e+02, 1.2712e+00, 
 1DIAGNOSTIC,    61, -4.837621059487e-01, 1.047229074781e-05, 1.3550e+02, 1.2725e+00, 
 1DIAGNOSTIC,    62, -4.838106829753e-01, 8.020289905143e-06, 1.3678e+02, 1.2748e+00, 
 1DIAGNOSTIC,    63, -4.839843260037e-01, 8.594868048117e-06, 1.3805e+02, 1.2688e+00, 
 1DIAGNOSTIC,    64, -4.840304213894e-01, 8.437559313314e-06, 1.3931e+02, 1.2674e+00, 
 1DIAGNOSTIC,    65, -4.840119606250e-01, 9.251251609135e-06, 1.4058e+02, 1.2633e+00, 
 1DIAGNOSTIC,    66, -4.840563602097e-01, 7.389119369264e-06, 1.4185e+02, 1.2730e+00, 
 1DIAGNOSTIC,    67, -4.841393465360e-01, 7.407876124271e-06, 1.4311e+02, 1.2649e+00, 
 1DIAGNOSTIC,    68, -4.842447901442e-01, 8.907845712672e-06, 1.4438e+02, 1.2629e+00, 
 1DIAGNOSTIC,    69, -4.843255474230e-01, 1.074578851610e-05, 1.4564e+02, 1.2662e+00, 
 1DIAGNOSTIC,    70, -4.843198153655e-01, 1.109544131564e-05, 1.4691e+02, 1.2659e+00, 
 1DIAGNOSTIC,    71, -4.845729770354e-01, 1.208207014567e-05, 1.4817e+02, 1.2639e+00, 
 1DIAGNOSTIC,    72, -4.841410079430e-01, 8.641702320896e-06, 1.4945e+02, 1.2737e+00, 
 1DIAGNOSTIC,    73, -4.843123197169e-01, 7.420760526150e-06, 1.5071e+02, 1.2654e+00, 
 1DIAGNOSTIC,    74, -4.842360694104e-01, 5.274777794158e-06, 1.5198e+02, 1.2687e+00, 
 1DIAGNOSTIC,    75, -4.845086831413e-01, 4.718107495119e-06, 1.5324e+02, 1.2605e+00, 
 1DIAGNOSTIC,    76, -4.843181383934e-01, 2.552299884424e-06, 1.5448e+02, 1.2371e+00, 
 1DIAGNOSTIC,    77, -4.847929939519e-01, 4.636238912656e-06, 1.5571e+02, 1.2365e+00, 
 1DIAGNOSTIC,    78, -4.846500050604e-01, 5.891011721503e-06, 1.5695e+02, 1.2355e+00, 
 1DIAGNOSTIC,    79, -4.848658432057e-01, 8.837495690179e-06, 1.5819e+02, 1.2375e+00, 
 1DIAGNOSTIC,    80, -4.845574046639e-01, 8.459002083601e-06, 1.5942e+02, 1.2368e+00, 
 1DIAGNOSTIC,    81, -4.849628468608e-01, 1.231520479446e-05, 1.6066e+02, 1.2342e+00, 
 1DIAGNOSTIC,    82, -4.850379813003e-01, 1.219197377074e-05, 1.6190e+02, 1.2436e+00, 
 1DIAGNOSTIC,    83, -4.848661356050e-01, 1.092726521995e-05, 1.6315e+02, 1.2431e+00, 
 1DIAGNOSTIC,    84, -4.847046591974e-01, 7.049630744283e-06, 1.6438e+02, 1.2364e+00, 
 1DIAGNOSTIC,    85, -4.849693168745e-01, 6.485956123414e-06, 1.6562e+02, 1.2406e+00, 
 1DIAGNOSTIC,    86, -4.847875792014e-01, 2.564517957453e-06, 1.6688e+02, 1.2595e+00, 
 1DIAGNOSTIC,    87, -4.850519113497e-01, 3.607829396632e-06, 1.6813e+02, 1.2485e+00, 
 1DIAGNOSTIC,    88, -4.845856597636e-01, 1.635869250529e-07, 1.6938e+02, 1.2472e+00, 
XXDIAGNOSTIC,Iteration,metricValue,convergenceValue,ITERATION_TIME_INDEX,SINCE_LAST
 1DIAGNOSTIC,     1, -4.310506278677e-01, 1.797693134862e+308, 1.7985e+02, 1.0474e+01, 
 1DIAGNOSTIC,     2, -4.315068922061e-01, 1.797693134862e+308, 1.8248e+02, 2.6307e+00, 
 1DIAGNOSTIC,     3, -4.321052256422e-01, 1.797693134862e+308, 1.8510e+02, 2.6156e+00, 
 1DIAGNOSTIC,     4, -4.327710759154e-01, 1.797693134862e+308, 1.8771e+02, 2.6123e+00, 
 1DIAGNOSTIC,     5, -4.333855596350e-01, 1.797693134862e+308, 1.9038e+02, 2.6678e+00, 
 1DIAGNOSTIC,     6, -4.339401877727e-01, 1.797693134862e+308, 1.9306e+02, 2.6826e+00, 
 1DIAGNOSTIC,     7, -4.343356006805e-01, 1.797693134862e+308, 1.9573e+02, 2.6696e+00, 
 1DIAGNOSTIC,     8, -4.346974777802e-01, 1.797693134862e+308, 1.9839e+02, 2.6620e+00, 
 1DIAGNOSTIC,     9, -4.349511623076e-01, 1.797693134862e+308, 2.0112e+02, 2.7309e+00, 
 1DIAGNOSTIC,    10, -4.351803711930e-01, 6.445853322684e-04, 2.0382e+02, 2.6959e+00, 
 1DIAGNOSTIC,    11, -4.353609847487e-01, 5.242632088755e-04, 2.0651e+02, 2.6863e+00, 
 1DIAGNOSTIC,    12, -4.354679949884e-01, 4.076802123440e-04, 2.0920e+02, 2.6901e+00, 
 1DIAGNOSTIC,    13, -4.355868444611e-01, 3.082530834419e-04, 2.1189e+02, 2.6979e+00, 
 1DIAGNOSTIC,    14, -4.356709375228e-01, 2.299160280256e-04, 2.1457e+02, 2.6761e+00, 
 1DIAGNOSTIC,    15, -4.357140124282e-01, 1.695487264462e-04, 2.1725e+02, 2.6810e+00, 
 1DIAGNOSTIC,    16, -4.357512626891e-01, 1.253941536982e-04, 2.1993e+02, 2.6791e+00, 
 1DIAGNOSTIC,    17, -4.357867680238e-01, 9.146187570081e-05, 2.2260e+02, 2.6710e+00, 
 1DIAGNOSTIC,    18, -4.357928076460e-01, 6.625976333033e-05, 2.2526e+02, 2.6590e+00, 
 1DIAGNOSTIC,    19, -4.357941307672e-01, 4.639221109659e-05, 2.2793e+02, 2.6724e+00, 
 1DIAGNOSTIC,    20, -4.357943468749e-01, 3.178335702231e-05, 2.3063e+02, 2.6965e+00, 
 1DIAGNOSTIC,    21, -4.357898308729e-01, 2.120811436979e-05, 2.3330e+02, 2.6681e+00, 
 1DIAGNOSTIC,    22, -4.357438295982e-01, 1.150372099310e-05, 2.3598e+02, 2.6803e+00, 
 1DIAGNOSTIC,    23, -4.357775357059e-01, 6.033872061890e-06, 2.3865e+02, 2.6710e+00, 
 1DIAGNOSTIC,    24, -4.357535889080e-01, 2.173483330710e-06, 2.4133e+02, 2.6772e+00, 
 1DIAGNOSTIC,    25, -4.357753411260e-01, 2.333035443655e-07, 2.4402e+02, 2.6929e+00, 
XXDIAGNOSTIC,Iteration,metricValue,convergenceValue,ITERATION_TIME_INDEX,SINCE_LAST
 1DIAGNOSTIC,     1, -3.603255103531e-01, 1.797693134862e+308, 2.7614e+02, 3.2125e+01, 
 1DIAGNOSTIC,     2, -3.606329979670e-01, 1.797693134862e+308, 2.9537e+02, 1.9223e+01, 
 1DIAGNOSTIC,     3, -3.610517171460e-01, 1.797693134862e+308, 3.1475e+02, 1.9385e+01, 
 1DIAGNOSTIC,     4, -3.614868657808e-01, 1.797693134862e+308, 3.3390e+02, 1.9144e+01, 
 1DIAGNOSTIC,     5, -3.619109375896e-01, 1.797693134862e+308, 3.5278e+02, 1.8885e+01, 
 1DIAGNOSTIC,     6, -3.623246385965e-01, 1.797693134862e+308, 3.7174e+02, 1.8956e+01, 
 1DIAGNOSTIC,     7, -3.627241720266e-01, 1.797693134862e+308, 3.9114e+02, 1.9407e+01, 
 1DIAGNOSTIC,     8, -3.631344954887e-01, 1.797693134862e+308, 4.1065e+02, 1.9511e+01, 
 1DIAGNOSTIC,     9, -3.635924912520e-01, 1.797693134862e+308, 4.3028e+02, 1.9625e+01, 
 1DIAGNOSTIC,    10, -3.640518053786e-01, 6.640212629055e-04, 4.4958e+02, 1.9302e+01, 
 1DIAGNOSTIC,    11, -3.645079319414e-01, 6.169451683490e-04, 4.6875e+02, 1.9170e+01, 
 1DIAGNOSTIC,    12, -3.649534373764e-01, 5.712272445508e-04, 4.8803e+02, 1.9281e+01, 
 1DIAGNOSTIC,    13, -3.653964757832e-01, 5.325278956766e-04, 5.0749e+02, 1.9453e+01, 
 1DIAGNOSTIC,    14, -3.658192149475e-01, 4.985688656759e-04, 5.2742e+02, 1.9936e+01, 
 1DIAGNOSTIC,    15, -3.662201556047e-01, 4.663168124929e-04, 5.4757e+02, 2.0153e+01, 
 1DIAGNOSTIC,    16, -3.666321704928e-01, 4.354591523192e-04, 5.6729e+02, 1.9714e+01, 
 1DIAGNOSTIC,    17, -3.670157760236e-01, 4.039130703958e-04, 5.8753e+02, 2.0236e+01, 
 1DIAGNOSTIC,    18, -3.673931526226e-01, 3.724955099599e-04, 6.0786e+02, 2.0338e+01, 
 1DIAGNOSTIC,    19, -3.677022087298e-01, 3.411658430774e-04, 6.2805e+02, 2.0188e+01, 
 1DIAGNOSTIC,    20, -3.679965120094e-01, 3.105299737525e-04, 6.4832e+02, 2.0273e+01, 
 1DIAGNOSTIC,    21, -3.682772729613e-01, 2.810978743312e-04, 6.6833e+02, 2.0005e+01, 
 1DIAGNOSTIC,    22, -3.685283380167e-01, 2.525971760878e-04, 6.8846e+02, 2.0130e+01, 
 1DIAGNOSTIC,    23, -3.687955689369e-01, 2.268769017359e-04, 7.0867e+02, 2.0214e+01, 
 1DIAGNOSTIC,    24, -3.690483674495e-01, 2.038471191547e-04, 7.2871e+02, 2.0041e+01, 
 1DIAGNOSTIC,    25, -3.693044830539e-01, 1.838699099541e-04, 7.4867e+02, 1.9958e+01, 
 1DIAGNOSTIC,    26, -3.695729261911e-01, 1.683941729678e-04, 7.6873e+02, 2.0056e+01, 
 1DIAGNOSTIC,    27, -3.698444830270e-01, 1.569432359815e-04, 7.8872e+02, 1.9996e+01, 
 1DIAGNOSTIC,    28, -3.701118066907e-01, 1.493196622622e-04, 8.0863e+02, 1.9902e+01, 
 1DIAGNOSTIC,    29, -3.703714607664e-01, 1.432801116498e-04, 8.2856e+02, 1.9936e+01, 
 1DIAGNOSTIC,    30, -3.706336476296e-01, 1.384385748749e-04, 8.4841e+02, 1.9848e+01, 
 1DIAGNOSTIC,    31, -3.708907788968e-01, 1.342215722391e-04, 8.6833e+02, 1.9918e+01, 
 1DIAGNOSTIC,    32, -3.711123456612e-01, 1.289442153786e-04, 8.8824e+02, 1.9910e+01, 
 1DIAGNOSTIC,    33, -3.713453130490e-01, 1.234905980973e-04, 9.0812e+02, 1.9886e+01, 
 1DIAGNOSTIC,    34, -3.715682805443e-01, 1.174480089957e-04, 9.2823e+02, 2.0105e+01, 
 1DIAGNOSTIC,    35, -3.717920422480e-01, 1.111713918132e-04, 9.4855e+02, 2.0317e+01, 
 1DIAGNOSTIC,    36, -3.720087604622e-01, 1.050676426632e-04, 9.6907e+02, 2.0521e+01, 
 1DIAGNOSTIC,    37, -3.722336019613e-01, 9.965531939544e-05, 9.8970e+02, 2.0636e+01, 
 1DIAGNOSTIC,    38, -3.724691221955e-01, 9.524850759917e-05, 1.0105e+03, 2.0810e+01, 
 1DIAGNOSTIC,    39, -3.726619940811e-01, 9.091933956669e-05, 1.0312e+03, 2.0702e+01, 
 1DIAGNOSTIC,    40, -3.728700155967e-01, 8.720815144648e-05, 1.0520e+03, 2.0782e+01, 
 1DIAGNOSTIC,    41, -3.730573898186e-01, 8.372449666521e-05, 1.0727e+03, 2.0747e+01, 
 1DIAGNOSTIC,    42, -3.732302518092e-01, 7.964776729467e-05, 1.0928e+03, 2.0089e+01, 
 1DIAGNOSTIC,    43, -3.733839561053e-01, 7.508675327438e-05, 1.1130e+03, 2.0139e+01, 
 1DIAGNOSTIC,    44, -3.735465887070e-01, 7.032444524523e-05, 1.1330e+03, 2.0055e+01, 
 1DIAGNOSTIC,    45, -3.737060490496e-01, 6.561898383776e-05, 1.1531e+03, 2.0049e+01, 
 1DIAGNOSTIC,    46, -3.738359237544e-01, 6.064113916403e-05, 1.1732e+03, 2.0142e+01, 
 1DIAGNOSTIC,    47, -3.740069449583e-01, 5.656785456463e-05, 1.1934e+03, 2.0215e+01, 
 1DIAGNOSTIC,    48, -3.741463776826e-01, 5.326783482707e-05, 1.2132e+03, 1.9763e+01, 
 1DIAGNOSTIC,    49, -3.742875982184e-01, 5.025053119458e-05, 1.2332e+03, 1.9969e+01, 
 1DIAGNOSTIC,    50, -3.744281356047e-01, 4.791252518684e-05, 1.2535e+03, 2.0374e+01, 
  Elapsed time (stage 2): 1271


Total elapsed time: 1404
Using double precision for computations.
Input scalar image: /lustre/scratch/wbic-beta/ccn30/ENCRYPT/gridcellpilot/preprocessed_data/segmentation/27734/final/27734_left_lfseg_corr_nogray.nii.gz
Reference image: /lustre/scratch/wbic-beta/ccn30/ENCRYPT/gridcellpilot/preprocessed_data/images/27734/meantopup_Run_1.nii
=============================================================================
The composite transform comprises the following transforms (in order): 
  1. inverse of t12t1_ANTS_0GenericAffine.mat (type = AffineTransform)
  2. t12t1_ANTS_1InverseWarp.nii.gz (type = DisplacementFieldTransform)
  3. T12epi_ANTS_whole0GenericAffine.mat (type = AffineTransform)
  4. T12epi_ANTS_whole1Warp.nii.gz (type = DisplacementFieldTransform)
=============================================================================
Default pixel value: 0
Interpolation type: LabelImageGaussianInterpolateImageFunction
Output warped image: t12epimasks_syn_multilabel.nii.gz
Using double precision for computations.
Input scalar image: /lustre/scratch/wbic-beta/ccn30/ENCRYPT/gridcellpilot/preprocessed_data/segmentation/27734/final/27734_left_lfseg_corr_nogray.nii.gz
Reference image: /lustre/scratch/wbic-beta/ccn30/ENCRYPT/gridcellpilot/preprocessed_data/images/27734/meantopup_Run_1.nii
=============================================================================
The composite transform comprises the following transforms (in order): 
  1. inverse of t12t1_ANTS_0GenericAffine.mat (type = AffineTransform)
  2. t12t1_ANTS_1InverseWarp.nii.gz (type = DisplacementFieldTransform)
  3. T12EPI_fullANTS_0GenericAffine.mat (type = AffineTransform)
  4. T12EPI_fullANTS_1Warp.nii.gz (type = DisplacementFieldTransform)
=============================================================================
Default pixel value: 0
Interpolation type: LabelImageGaussianInterpolateImageFunction
Output warped image: t12epimasks_syn_multilab_fullEpireg.nii.gz
