ModuleCmd_Load.c(208):ERROR:105: Unable to locate a modulefile for 'rhel7/default-peta4'
/lustre/scratch/wbic-beta/ccn30/ENCRYPT/gridcellpilot/scripts/EPIs/slurmoutputs
wbic-cs-33
Fri Sep 27 17:31:12 BST 2019
-------- freesurfer-Linux-centos6_x86_64-stable-pub-v6.0.0-2beb96c --------
Setting up environment for FreeSurfer/FS-FAST (and FSL)
FREESURFER_HOME   /applications/freesurfer/freesurfer_6.0.0
FSFAST_HOME       /applications/freesurfer/freesurfer_6.0.0/fsfast
FSF_OUTPUT_FORMAT nii.gz
SUBJECTS_DIR      /applications/freesurfer/freesurfer_6.0.0/subjects
MNI_DIR           /applications/freesurfer/freesurfer_6.0.0/mni
-------- freesurfer-Linux-centos6_x86_64-stable-pub-v6.0.0-2beb96c --------
Setting up environment for FreeSurfer/FS-FAST (and FSL)
FREESURFER_HOME   /applications/freesurfer/freesurfer_6.0.0
FSFAST_HOME       /applications/freesurfer/freesurfer_6.0.0/fsfast
FSF_OUTPUT_FORMAT nii.gz
SUBJECTS_DIR      /applications/freesurfer/freesurfer_6.0.0/subjects
MNI_DIR           /applications/freesurfer/freesurfer_6.0.0/mni
FSL_DIR           /applications/fsl/fsl-5.0.9
Changed directory to /lustre/scratch/wbic-beta/ccn30/ENCRYPT/gridcellpilot/scripts/EPIs/slurmoutputs.

JobID: 3828650
======
Time: Fri Sep 27 17:31:12 BST 2019
Running on master node: wbic-cs-33
Current directory: /lustre/scratch/wbic-beta/ccn30/ENCRYPT/gridcellpilot/scripts/EPIs/slurmoutputs
/var/spool/slurm/slurmd/job3828650/slurm_script: line 150: generate_pbs_nodefile: command not found

Nodes allocated:
================


numtasks=1, numnodes=1, mpi_tasks_per_node=1 (OMP_NUM_THREADS=1)

Executing command:
==================
/lustre/scratch/wbic-beta/ccn30/ENCRYPT/gridcellpilot/scripts/EPIs/ENCRYPT_prepare.sh /lustre/scratch/wbic-beta/ccn30/ENCRYPT/gridcellpilot/scripts/EPIs/ENCRYPT_preprocess_mainfunc_7T.m /lustre/scratch/wbic-beta/ccn30/ENCRYPT/gridcellpilot/scripts/EPIs/ENCRYPT_subjects_parameters.m 6 HPHI topup realign  >output_6_realign_topup 2>error_6_realign_topup

