Changed directory to /lustre/scratch/wbic-beta/ccn30/ENCRYPT/gridcellpilot/scripts/gridcat/slurmoutputs.

JobID: 4130233
======
Time: Wed Oct 30 14:27:31 GMT 2019
Running on master node: wbic-csm-3
Current directory: /lustre/scratch/wbic-beta/ccn30/ENCRYPT/gridcellpilot/scripts/gridcat/slurmoutputs

Nodes allocated:
================
wbic-csm-3

numtasks=1, numnodes=1, mpi_tasks_per_node=1 (OMP_NUM_THREADS=1)

Executing command:
==================
/lustre/scratch/wbic-beta/ccn30/ENCRYPT/gridcellpilot/scripts/gridcat/gridcatprepare.sh 29336 /lustre/scratch/wbic-beta/ccn30/ENCRYPT/gridcellpilot/scripts/gridcat/GridCAT_mainfunc.m


                            < M A T L A B (R) >
                  Copyright 1984-2017 The MathWorks, Inc.
                   R2017b (9.3.0.713579) 64-bit (glnxa64)
                             September 14, 2017

 
For online documentation, see http://www.mathworks.com/support
For product information, visit www.mathworks.com.
 
>> >> >> Subject is 29336
>> >> >> >> >> >> >> >> Submitting the following command: GridCAT_mainfunc('29336',preprocesspathstem,taskpathstem)
>> 

------------------------------------------------------------------------
Running job #1
------------------------------------------------------------------------
Running 'fMRI model specification'
Failed  'fMRI model specification'
Error using figure
This functionality is no longer supported under the -nojvm startup option. For more information, see "Changes to -nojvm Startup Option" in the MATLAB Release Notes. To view the release note in your system browser, run  web('http://www.mathworks.com/help/matlab/release-notes.html#btsurqv-6', '-browser').
In file "/applications/spm/spm12_6906/spm.m" (v6894), function "spm" at line 579.
In file "/applications/spm/spm12_6906/spm_input.m" (v6510), function "spm_input" at line 1786.
In file "/applications/spm/spm12_6906/spm_input.m" (v6510), function "spm_input" at line 639.
In file "/applications/spm/spm12_6906/config/spm_run_fmri_spec.m" (v6562), function "spm_run_fmri_spec" at line 34.

The following modules did not run:
Failed: fMRI model specification

{Error using MATLABbatch system
Job execution failed. The full log of this run can be found in MATLAB command
window, starting with the lines (look for the line showing the exact #job as
displayed in this error message)
------------------
Running job #1
------------------
} 
>> 