Changed directory to /lustre/scratch/wbic-beta/ccn30/ENCRYPT/gridcellpilot/scripts/gridcat/slurmoutputs.

JobID: 4154040
======
Time: Fri Nov 15 16:46:17 GMT 2019
Running on master node: wbic-cs-39
Current directory: /lustre/scratch/wbic-beta/ccn30/ENCRYPT/gridcellpilot/scripts/gridcat/slurmoutputs

Nodes allocated:
================
wbic-cs-39

numtasks=1, numnodes=1, mpi_tasks_per_node=1 (OMP_NUM_THREADS=1)

Executing command:
==================
/lustre/scratch/wbic-beta/ccn30/ENCRYPT/gridcellpilot/scripts/gridcat/gridcatprepare.sh 29321 /lustre/scratch/wbic-beta/ccn30/ENCRYPT/gridcellpilot/scripts/gridcat/GridCAT_mainfunc.m

MATLAB is selecting SOFTWARE OPENGL rendering.

                            < M A T L A B (R) >
                  Copyright 1984-2017 The MathWorks, Inc.
                   R2017b (9.3.0.713579) 64-bit (glnxa64)
                             September 14, 2017

 
To get started, type one of these: helpwin, helpdesk, or demo.
For product information, visit www.mathworks.com.
 
>> >> >> Subject is 29321
>> >> >> >> >> >> >> >> >> >> 
mask_thresh =

    '0.7'

>> >> >> 
outdirname =

    'gridCAT_thresh01'

>> >> Submitting the following command: GridCAT_mainfunc('29321',preprocesspathstem,taskpathstem,outdirname,ROI_flag,warp_flag,xFold,mask_thresh)
>> {Error using GridCAT_mainfunc
Too many input arguments.
} 
>> 